# Original filename: 0011_VEF_2016-09-12.log
# Time unit: 100 us
# RARECAT=digit
#
# Time	HHGG	Event
29146	42	STIM=l
33450	42	RESP=1
47330	42	STIM=e
51484	42	RESP=1
63220	42	STIM=3
68019	42	RESP=2
78311	42	STIM=w
83567	42	RESP=1
96750	42	STIM=o
101473	42	RESP=1
112370	42	STIM=t
116186	42	RESP=1
129710	42	STIM=0
137525	42	RESP=2
145099	42	STIM=x
149240	42	RESP=1
164018	42	STIM=w
168018	42	RESP=1
179750	42	STIM=5
186362	42	RESP=2
196709	42	STIM=g
204240	42	RESP=1
212157	42	STIM=f
217219	42	RESP=1
229010	42	STIM=1
232562	42	RESP=2
245976	42	STIM=2
250263	42	RESP=2
261568	42	STIM=k
264451	42	RESP=1
280055	42	STIM=f
285196	42	RESP=1
298081	42	STIM=x
305813	42	RESP=1
315012	42	STIM=h
318362	42	RESP=1
332484	42	STIM=e
337050	42	RESP=1
348396	42	STIM=s
351925	42	RESP=1
363561	42	STIM=m
367042	42	RESP=1
382526	42	STIM=q
389550	42	RESP=1
401054	42	STIM=l
407447	42	RESP=1
416951	42	STIM=j
420364	42	RESP=1
432903	42	STIM=n
438346	42	RESP=1
450196	42	STIM=e
454773	42	RESP=1
466884	42	STIM=r
470903	42	RESP=1
484545	42	STIM=n
490979	42	RESP=1
503064	42	STIM=c
507701	42	RESP=1
520359	42	STIM=6
531087	42	RESP=2
536346	42	STIM=f
542658	42	RESP=1
554318	42	STIM=1
559173	42	RESP=2
572946	42	STIM=q
575512	42	RESP=1
590348	42	STIM=h
599943	42	RESP=1
608250	42	STIM=z
615139	42	RESP=1
626976	42	STIM=b
630110	42	RESP=1
644513	42	STIM=u
647975	42	RESP=1
660559	42	STIM=z
664555	42	RESP=1
675629	42	STIM=u
681082	42	RESP=1
691235	42	STIM=d
694836	42	RESP=1
707154	42	STIM=5
713730	42	RESP=2
724938	42	STIM=y
729164	42	RESP=1
743689	42	STIM=k
748612	42	RESP=1
760322	42	STIM=p
764798	42	RESP=1
777853	42	STIM=g
782318	42	RESP=2
795817	42	STIM=c
802198	42	RESP=1
811370	42	STIM=k
815029	42	RESP=1
830233	42	STIM=z
834407	42	RESP=1
848384	42	STIM=l
854748	42	RESP=1
866366	42	STIM=x
869451	42	RESP=1
883456	42	STIM=c
886694	42	RESP=1
899690	42	STIM=q
903338	42	RESP=1
915596	42	STIM=1
922178	42	RESP=2
931242	42	STIM=5
937410	42	RESP=2
948382	42	STIM=z
953391	42	RESP=1
964480	42	STIM=o
971803	42	RESP=1
980987	42	STIM=m
985906	42	RESP=1
997752	42	STIM=h
1002890	42	RESP=1
1016330	42	STIM=o
1021554	42	RESP=1
1032282	42	STIM=b
1038202	42	RESP=1
1048954	42	STIM=a
1052697	42	RESP=1
1065868	42	STIM=a
1071918	42	RESP=1
1082277	42	STIM=a
1089197	42	RESP=1
1098939	42	STIM=6
1105253	42	RESP=2
1116899	42	STIM=a
1120567	42	RESP=1
1133778	42	STIM=t
1138347	42	RESP=1
1149665	42	STIM=g
1156088	42	RESP=2
1166113	42	STIM=v
1168818	42	RESP=1
1182349	42	STIM=p
1186345	42	RESP=1
1200743	42	STIM=t
1204923	42	RESP=1
1219100	42	STIM=h
1225385	42	RESP=1
1235646	42	STIM=g
1239790	42	RESP=1
1251161	42	STIM=g
1256158	42	RESP=1
1266743	42	STIM=0
1272399	42	RESP=2
1282153	42	STIM=e
1286332	42	RESP=1
1299419	42	STIM=r
1304561	42	RESP=1
1314971	42	STIM=m
1317626	42	RESP=1
1330570	42	STIM=i
1336234	42	RESP=1
1347098	42	STIM=5
1350765	42	RESP=2
1362855	42	STIM=q
1365819	42	RESP=1
1381702	42	STIM=g
1385024	42	RESP=1
1398215	42	STIM=j
1402751	42	RESP=1
1414729	42	STIM=2
1419235	42	RESP=2
1431549	42	STIM=6
1438196	42	RESP=1
1447858	42	STIM=c
1451551	42	RESP=1
1464549	42	STIM=m
1468370	42	RESP=1
1482177	42	STIM=r
1486820	42	RESP=1
1497346	42	STIM=9
1502420	42	RESP=2
1514287	42	STIM=p
1518686	42	RESP=1
1532390	42	STIM=3
1536909	42	RESP=2
1548409	42	STIM=z
1553596	42	RESP=1
1563459	42	STIM=k
1566929	42	RESP=2
1579971	42	STIM=m
1584565	42	RESP=1
1596592	42	STIM=4
1601368	42	RESP=2
1614542	42	STIM=m
1620299	42	RESP=1
1630919	42	STIM=t
1636217	42	RESP=1
1646229	42	STIM=t
1649011	42	RESP=1
1664928	42	STIM=e
1669593	42	RESP=1
1683051	42	STIM=5
1686836	42	RESP=2
1699135	42	STIM=j
1703531	42	RESP=1
1716140	42	STIM=e
1719916	42	RESP=2
1733418	42	STIM=s
1738524	42	RESP=1
1751860	42	STIM=6
1756729	42	RESP=2
1768877	42	STIM=y
1773264	42	RESP=1
1787327	42	STIM=4
1792524	42	RESP=2
1805933	42	STIM=r
1811453	42	RESP=1
1823496	42	STIM=y
1827742	42	RESP=1
1840019	42	STIM=4
1846593	42	RESP=2
1857454	42	STIM=j
1860622	42	RESP=1
1876215	42	STIM=g
1879192	42	RESP=1
1893004	42	STIM=z
1898423	42	RESP=1
1908540	42	STIM=g
1912171	42	RESP=1
1924619	42	STIM=m
1928256	42	RESP=1
1941522	42	STIM=o
1944619	42	RESP=1
1958757	42	STIM=7
1962620	42	RESP=1
1974000	42	STIM=n
1982017	42	RESP=1
1990853	42	STIM=p
1996995	42	RESP=1
2008253	42	STIM=x
2012302	42	RESP=1
2026020	42	STIM=q
2033782	42	RESP=1
2043788	42	STIM=z
2048809	42	RESP=1
2059040	42	STIM=d
2066159	42	RESP=1
2076597	42	STIM=d
2081887	42	RESP=1
2095537	42	STIM=f
2103699	42	RESP=1
2113219	42	STIM=v
2116857	42	RESP=1
2131078	42	STIM=d
2135628	42	RESP=1
2147095	42	STIM=5
2152850	42	RESP=2
2162632	42	STIM=r
2166928	42	RESP=1
2180527	42	STIM=k
2184324	42	RESP=1
2195594	42	STIM=9
2201155	42	RESP=2
2212627	42	STIM=i
2217034	42	RESP=1
2227832	42	STIM=8
2233358	42	RESP=2
2243498	42	STIM=a
2247970	42	RESP=1
2260814	42	STIM=r
2268753	42	RESP=1
2279414	42	STIM=m
2285671	42	RESP=1
2296615	42	STIM=k
2305096	42	RESP=1
2312698	42	STIM=f
2317200	42	RESP=1
2328374	42	STIM=n
2333026	42	RESP=1
2343630	42	STIM=s
2347729	42	RESP=1
2362514	42	STIM=q
2366070	42	RESP=1
2379939	42	STIM=6
2384000	42	RESP=2
2395927	42	STIM=p
2399569	42	RESP=1
2412250	42	STIM=h
2422504	42	RESP=1
2429134	42	STIM=6
2434432	42	RESP=2
2447123	42	STIM=f
2451727	42	RESP=1
2463718	42	STIM=3
2467731	42	RESP=2
2481562	42	STIM=u
2489057	42	RESP=1
2500517	42	STIM=3
2505233	42	RESP=1
2517860	42	STIM=v
2521595	42	RESP=1
2532970	42	STIM=q
2538101	42	RESP=1
2549201	42	STIM=m
2554425	42	RESP=1
2565995	42	STIM=6
2571668	42	RESP=1
2581392	42	STIM=k
2588544	42	RESP=1
2598245	42	STIM=p
2602858	42	RESP=1
2614548	42	STIM=l
2617843	42	RESP=1
2633187	42	STIM=a
2637931	42	RESP=1
2651007	42	STIM=7
2658195	42	RESP=2
2668583	42	STIM=j
2675324	42	RESP=1
2685271	42	STIM=r
2688312	42	RESP=1
2701794	42	STIM=i
2706797	42	RESP=1
2718682	42	STIM=m
2723181	42	RESP=1
2733802	42	STIM=v
2738173	42	RESP=1
2750839	42	STIM=1
2754029	42	RESP=2
2767249	42	STIM=o
2771031	42	RESP=1
2783920	42	STIM=c
2787968	42	RESP=1
2800474	42	STIM=0
2804926	42	RESP=2
2817391	42	STIM=e
2820830	42	RESP=1
2835228	42	STIM=a
2843091	42	RESP=1
2852657	42	STIM=r
2858037	42	RESP=1
2867774	42	STIM=t
2875095	42	RESP=1
2886404	42	STIM=y
2889374	42	RESP=1
2904034	42	STIM=g
2907724	42	RESP=1
2921437	42	STIM=r
2925791	42	RESP=1
2939329	42	STIM=o
2945560	42	RESP=1
2956569	42	STIM=j
2959207	42	RESP=1
2972405	42	STIM=2
2979345	42	RESP=2
2989287	42	STIM=z
2992984	42	RESP=1
3005209	42	STIM=c
3009548	42	RESP=1
3023078	42	STIM=1
3026627	42	RESP=1
3039979	42	STIM=b
3044585	42	RESP=1
3058259	42	STIM=f
3061647	42	RESP=1
3073948	42	STIM=x
3078466	42	RESP=1
3089771	42	STIM=l
3093525	42	RESP=1
3108327	42	STIM=g
3115816	42	RESP=1
3124914	42	STIM=q
3130528	42	RESP=1
3143625	42	STIM=j
3147076	42	RESP=1
3161080	42	STIM=y
3164697	42	RESP=1
3178830	42	STIM=n
3182728	42	RESP=1
3195410	42	STIM=m
3201546	42	RESP=1
3212541	42	STIM=a
3220720	42	RESP=1
3229632	42	STIM=p
3234543	42	RESP=1
3247614	42	STIM=k
3253530	42	RESP=1
3265840	42	STIM=1
3272487	42	RESP=2
3283700	42	STIM=n
3291569	42	RESP=1
3300541	42	STIM=v
3303856	42	RESP=1
3318259	42	STIM=8
3323790	42	RESP=2
3335110	42	STIM=s
3340235	42	RESP=1
3350709	42	STIM=m
3354273	42	RESP=1
3367297	42	STIM=s
3370621	42	RESP=1
3384389	42	STIM=j
3388782	42	RESP=1
3402614	42	STIM=j
3406229	42	RESP=1
3419509	42	STIM=4
3424385	42	RESP=2
3437791	42	STIM=a
3442311	42	RESP=1
3453518	42	STIM=p
3456411	42	RESP=1
3472355	42	STIM=z
3476704	42	RESP=1
3488203	42	STIM=8
3495201	42	RESP=2
3503397	42	STIM=y
3507813	42	RESP=1
3520412	42	STIM=o
3523690	42	RESP=1
3538147	42	STIM=i
3541316	42	RESP=1
3556366	42	STIM=a
3559917	42	RESP=1
3573007	42	STIM=n
3578598	42	RESP=1
3590257	42	STIM=k
3599784	42	RESP=1
3605324	42	STIM=r
3613674	42	RESP=1
3623910	42	STIM=i
3629485	42	RESP=1
3642316	42	STIM=b
3646330	42	RESP=1
3659924	42	STIM=3
3664106	42	RESP=2
3675905	42	STIM=8
3680985	42	RESP=2
3691311	42	STIM=2
3695849	42	RESP=2
3707761	42	STIM=h
3711092	42	RESP=1
3723616	42	STIM=a
3727814	42	RESP=1
3740786	42	STIM=v
3743584	42	RESP=1
3756260	42	STIM=m
3760272	42	RESP=1
3774514	42	STIM=f
3779126	42	RESP=1
3791066	42	STIM=s
3796522	42	RESP=1
3807940	42	STIM=f
3813997	42	RESP=1
3826317	42	STIM=z
3829740	42	RESP=1
3843125	42	STIM=i
3852351	42	RESP=1
3858137	42	STIM=e
3864062	42	RESP=1
3874879	42	STIM=6
3879619	42	RESP=2
3890012	42	STIM=z
3896962	42	RESP=1
3906535	42	STIM=p
3910433	42	RESP=1
3924067	42	STIM=a
3929121	42	RESP=1
3942842	42	STIM=d
3947673	42	RESP=1
3959007	42	STIM=d
3963287	42	RESP=1
3974728	42	STIM=n
3979427	42	RESP=1
3991397	42	STIM=6
3998241	42	RESP=2
4007062	42	STIM=u
4014311	42	RESP=1
4025892	42	STIM=m
4029134	42	RESP=1
4041930	42	STIM=n
4046199	42	RESP=1
4057447	42	STIM=1
4061265	42	RESP=2
4074197	42	STIM=y
4079681	42	RESP=1
4091457	42	STIM=z
4094364	42	RESP=1
4107273	42	STIM=g
4112574	42	RESP=1
4124197	42	STIM=e
4126772	42	RESP=1
4140291	42	STIM=a
4145984	42	RESP=1
4155683	42	STIM=6
4161297	42	RESP=2
4173855	42	STIM=i
4179354	42	RESP=1
4189337	42	STIM=h
4193691	42	RESP=1
4205219	42	STIM=t
4209841	42	RESP=1
4224184	42	STIM=3
4230873	42	RESP=2
4242976	42	STIM=7
4247848	42	RESP=2
4260716	42	STIM=k
4264706	42	RESP=1
4277079	42	STIM=z
4281574	42	RESP=1
4292347	42	STIM=f
4296744	42	RESP=1
4309935	42	STIM=b
4313922	42	RESP=1
4327372	42	STIM=x
4331198	42	RESP=1
4342765	42	STIM=5
4349013	42	RESP=2
4360689	42	STIM=u
4368210	42	RESP=1
4378821	42	STIM=o
4385374	42	RESP=1
4395053	42	STIM=4
4399928	42	RESP=2
4412652	42	STIM=u
4419440	42	RESP=1
4431114	42	STIM=g
4434550	42	RESP=1
4447837	42	STIM=x
4453058	42	RESP=1
4463011	42	STIM=l
4468168	42	RESP=1
4480738	42	STIM=h
4485154	42	RESP=1
4497123	42	STIM=1
4503292	42	RESP=1
4515340	42	STIM=y
4518592	42	RESP=1
4532617	42	STIM=m
4537901	42	RESP=1
4550148	42	STIM=p
4555152	42	RESP=2
4568273	42	STIM=a
4572286	42	RESP=1
4586518	42	STIM=k
4589157	42	RESP=1
4602588	42	STIM=4
4607121	42	RESP=2
4620978	42	STIM=r
4624883	42	RESP=1
4637482	42	STIM=7
4641891	42	RESP=1
4655090	42	STIM=m
4662653	42	RESP=1
4673107	42	STIM=7
4676572	42	RESP=2
4690053	42	STIM=h
4693569	42	RESP=1
4708250	42	STIM=t
4715826	42	RESP=1
4726404	42	STIM=e
4729806	42	RESP=1
4743237	42	STIM=k
4745863	42	RESP=1
4759474	42	STIM=n
4762731	42	RESP=1
4774972	42	STIM=z
4778754	42	RESP=1
4790088	42	STIM=x
4795287	42	RESP=1
4809083	42	STIM=n
4813422	42	RESP=1
4827932	42	STIM=f
4831439	42	RESP=1
4843866	42	STIM=k
4847553	42	RESP=2
4861700	42	STIM=3
4866248	42	RESP=2
4878123	42	STIM=q
4882884	42	RESP=1
4893526	42	STIM=3
4897915	42	RESP=2
4909247	42	STIM=o
4916064	42	RESP=1
4928208	42	STIM=1
4933323	42	RESP=1
4946321	42	STIM=3
4951955	42	RESP=2
4961462	42	STIM=k
4969102	42	RESP=1
4976805	42	STIM=x
4983436	42	RESP=1
4993854	42	STIM=b
5000043	42	RESP=2
5012279	42	STIM=f
5015695	42	RESP=1
5029084	42	STIM=o
5032990	42	RESP=1
5044330	42	STIM=q
5049261	42	RESP=1
5063186	42	STIM=z
5072524	42	RESP=1
5080257	42	STIM=o
5082988	42	RESP=1
5097397	42	STIM=m
5103525	42	RESP=1
5114908	42	STIM=o
5123379	42	RESP=1
5130095	42	STIM=f
5139700	42	RESP=1
5146731	42	STIM=h
5151991	42	RESP=1
5162112	42	STIM=5
5171266	42	RESP=2
5179280	42	STIM=v
5183101	42	RESP=1
5197574	42	STIM=m
5203461	42	RESP=1
5216315	42	STIM=z
5220977	42	RESP=1
5233498	42	STIM=3
5237848	42	RESP=2
5249345	42	STIM=k
5254912	42	RESP=1
5264551	42	STIM=3
5269543	42	RESP=2
5282585	42	STIM=n
5285238	42	RESP=1
5299737	42	STIM=a
5303143	42	RESP=1
5316088	42	STIM=y
5322263	42	RESP=2
5331243	42	STIM=f
5336522	42	RESP=1
5346629	42	STIM=8
5351541	42	RESP=2
5362162	42	STIM=z
5369825	42	RESP=1
5381048	42	STIM=6
5388374	42	RESP=2
5396740	42	STIM=j
5402008	42	RESP=1
5414443	42	STIM=n
5421340	42	RESP=1
5433324	42	STIM=z
5436581	42	RESP=1
5449623	42	STIM=z
5452633	42	RESP=1
5466655	42	STIM=e
5475549	42	RESP=1
5483401	42	STIM=m
5486510	42	RESP=1
5500391	42	STIM=a
5507073	42	RESP=1
5516136	42	STIM=s
5519685	42	RESP=1
5532031	42	STIM=j
5535894	42	RESP=1
5548775	42	STIM=6
5554544	42	RESP=2
5566465	42	STIM=v
5572888	42	RESP=1
5583775	42	STIM=g
5588791	42	RESP=1
5601699	42	STIM=b
5605380	42	RESP=1
5620294	42	STIM=f
5624586	42	RESP=1
5638881	42	STIM=j
5644277	42	RESP=1
5657499	42	STIM=l
5663827	42	RESP=1
5674620	42	STIM=a
5678160	42	RESP=1
5689799	42	STIM=t
5693346	42	RESP=1
5705814	42	STIM=v
5709029	42	RESP=1
5724514	42	STIM=n
5728166	42	RESP=1
5743380	42	STIM=x
5747963	42	RESP=1
5760801	42	STIM=e
5764338	42	RESP=1
5775961	42	STIM=7
5780087	42	RESP=2
5792321	42	STIM=w
5796633	42	RESP=1
5810690	42	STIM=c
5814094	42	RESP=1
5829395	42	STIM=o
5832681	42	RESP=1
5844704	42	STIM=j
5849635	42	RESP=1
5860216	42	STIM=j
5863139	42	RESP=1
5875894	42	STIM=c
5880583	42	RESP=1
5892310	42	STIM=h
5898109	42	RESP=1
5908738	42	STIM=7
5914631	42	RESP=2
5926875	42	STIM=k
5932069	42	RESP=2
5943034	42	STIM=8
5947027	42	RESP=2
5959429	42	STIM=e
5963768	42	RESP=1
5977363	42	STIM=y
5982445	42	RESP=1
5996265	42	STIM=p
6001195	42	RESP=1
6013064	42	STIM=t
6017885	42	RESP=1
6030838	42	STIM=e
6038368	42	RESP=1
6046763	42	STIM=a
6050672	42	RESP=1
6065570	42	STIM=g
6068479	42	RESP=1
6082249	42	STIM=c
6086284	42	RESP=1
6101209	42	STIM=1
6107989	42	RESP=2
6119076	42	STIM=z
6123307	42	RESP=1
6137966	42	STIM=d
6141010	42	RESP=1
6154101	42	STIM=6
6159813	42	RESP=2
6170235	42	STIM=g
6175583	42	RESP=1
6185320	42	STIM=e
6187881	42	RESP=1
6204245	42	STIM=7
6208535	42	RESP=1
6220858	42	STIM=q
6228556	42	RESP=1
6238090	42	STIM=v
6242796	42	RESP=1
6256885	42	STIM=o
6260850	42	RESP=1
6272027	42	STIM=3
6276648	42	RESP=2
6287554	42	STIM=f
6291824	42	RESP=1
6303713	42	STIM=q
6307333	42	RESP=1
6319958	42	STIM=t
6324757	42	RESP=1
6336933	42	STIM=e
6341825	42	RESP=1
6352051	42	STIM=f
6357456	42	RESP=1
6370248	42	STIM=d
6373013	42	RESP=1
6386559	42	STIM=b
6390436	42	RESP=1
6404284	42	STIM=q
6408441	42	RESP=1
6422272	42	STIM=x
6426840	42	RESP=2
6440528	42	STIM=k
6444152	42	RESP=1
6456246	42	STIM=d
6461048	42	RESP=1
6475002	42	STIM=h
6479549	42	RESP=1
6491581	42	STIM=r
6497975	42	RESP=1
6509956	42	STIM=j
6515742	42	RESP=1
6528123	42	STIM=b
6532821	42	RESP=2
6545385	42	STIM=q
6551589	42	RESP=2
6562568	42	STIM=n
6565550	42	RESP=1
6581103	42	STIM=9
6586574	42	RESP=2
6599155	42	STIM=0
6604952	42	RESP=2
6618154	42	STIM=6
6625764	42	RESP=2
6635397	42	STIM=e
6640466	42	RESP=1
6651540	42	STIM=c
6658429	42	RESP=1
6668941	42	STIM=p
6672946	42	RESP=1
6685645	42	STIM=3
6695677	42	RESP=2
6703229	42	STIM=7
6710287	42	RESP=2
6720351	42	STIM=9
6724333	42	RESP=2
6738425	42	STIM=a
6742015	42	RESP=1
6754902	42	STIM=t
6762560	42	RESP=1
6772467	42	STIM=t
6775007	42	RESP=1
6788512	42	STIM=r
6796016	42	RESP=1
6803979	42	STIM=q
6809458	42	RESP=1
6819516	42	STIM=9
6823251	42	RESP=1
6836881	42	STIM=d
6843546	42	RESP=1
6852716	42	STIM=s
6856071	42	RESP=1
6868393	42	STIM=v
6875226	42	RESP=1
6886740	42	STIM=o
6889591	42	RESP=1
6904011	42	STIM=s
6908352	42	RESP=1
6920878	42	STIM=x
6925378	42	RESP=1
6937363	42	STIM=y
6943085	42	RESP=1
6953692	42	STIM=x
6960313	42	RESP=1
6971426	42	STIM=x
6976464	42	RESP=1
6988656	42	STIM=z
6993699	42	RESP=1
7005137	42	STIM=q
7008935	42	RESP=1
7021795	42	STIM=q
7025508	42	RESP=1
7036982	42	STIM=s
7040205	42	RESP=1
7052028	42	STIM=6
7055716	42	RESP=2
7069967	42	STIM=3
7076439	42	RESP=1
7087442	42	STIM=v
7091872	42	RESP=1
7103208	42	STIM=x
7114707	42	RESP=1
7121477	42	STIM=m
7125009	42	RESP=1
7139457	42	STIM=r
7142407	42	RESP=1
7155688	42	STIM=9
7161588	42	RESP=2
7171383	42	STIM=q
7174677	42	RESP=1
7186934	42	STIM=x
7191551	42	RESP=1
7203652	42	STIM=p
7207281	42	RESP=1
7221833	42	STIM=o
7225851	42	RESP=1
7239054	42	STIM=n
7243868	42	RESP=1
7257875	42	STIM=l
7261895	42	RESP=1
7275995	42	STIM=4
7282403	42	RESP=2
7291197	42	STIM=r
7295065	42	RESP=1
7310139	42	STIM=c
7313012	42	RESP=1
7326913	42	STIM=3
7334394	42	RESP=2
7342718	42	STIM=z
7346070	42	RESP=1
7361528	42	STIM=r
7367968	42	RESP=1
7379214	42	STIM=e
7385232	42	RESP=1
7395715	42	STIM=g
7399170	42	RESP=1
7412285	42	STIM=1
7417659	42	RESP=2
7429078	42	STIM=5
7433241	42	RESP=2
7445955	42	STIM=x
7450441	42	RESP=1
7463453	42	STIM=i
7467746	42	RESP=1
7479163	42	STIM=h
7485696	42	RESP=1
7497652	42	STIM=w
7501983	42	RESP=1
7514759	42	STIM=y
7518681	42	RESP=1
7532273	42	STIM=k
7537419	42	RESP=1
7551065	42	STIM=u
7558878	42	RESP=1
7568088	42	STIM=a
7574177	42	RESP=1
7584872	42	STIM=2
7589367	42	RESP=2
7601800	42	STIM=a
7611163	42	RESP=1
7620388	42	STIM=f
7624860	42	RESP=1
7636736	42	STIM=n
7641126	42	RESP=1
7653140	42	STIM=n
7658476	42	RESP=1
7669929	42	STIM=j
7674348	42	RESP=1
7685154	42	STIM=j
7688835	42	RESP=1
7703926	42	STIM=7
7707500	42	RESP=2
7722279	42	STIM=e
7725549	42	RESP=1
7739258	42	STIM=a
7744993	42	RESP=1
7754400	42	STIM=c
7757431	42	RESP=1
7773222	42	STIM=u
7777696	42	RESP=1
7790851	42	STIM=t
7797292	42	RESP=1
7806421	42	STIM=k
7809163	42	RESP=1
7821986	42	STIM=x
7825341	42	RESP=2
7837203	42	STIM=t
7844710	42	RESP=1
7855201	42	STIM=9
7861093	42	RESP=2
7873612	42	STIM=x
7878432	42	RESP=1
7889806	42	STIM=w
7895515	42	RESP=1
7908112	42	STIM=m
7913510	42	RESP=1
7925441	42	STIM=j
7933287	42	RESP=1
7943863	42	STIM=q
7950411	42	RESP=1
7959761	42	STIM=c
7970367	42	RESP=1
7975432	42	STIM=5
7983761	42	RESP=2
7991684	42	STIM=h
7998871	42	RESP=2
8008918	42	STIM=8
8014576	42	RESP=2
8026906	42	STIM=p
8032693	42	RESP=1
8045591	42	STIM=3
8050811	42	RESP=2
8063229	42	STIM=n
8065705	42	RESP=1
8078845	42	STIM=2
8087798	42	RESP=2
8094289	42	STIM=e
8099256	42	RESP=1
8109437	42	STIM=q
8112684	42	RESP=2
8125009	42	STIM=a
8130499	42	RESP=1
8141272	42	STIM=j
8146143	42	RESP=1
8157520	42	STIM=c
8161047	42	RESP=1
8176032	42	STIM=c
8179559	42	RESP=1
8192787	42	STIM=f
8196528	42	RESP=1
8210569	42	STIM=w
8214205	42	RESP=2
8227982	42	STIM=n
8233496	42	RESP=1
8246341	42	STIM=8
8253768	42	RESP=2
8262161	42	STIM=7
8266614	42	RESP=2
8278647	42	STIM=q
8282615	42	RESP=1
8294891	42	STIM=u
8298510	42	RESP=1
8310867	42	STIM=r
8314326	42	RESP=1
8328206	42	STIM=q
8331507	42	RESP=1
8346518	42	STIM=y
8349111	42	RESP=1
8363152	42	STIM=q
8367212	42	RESP=1
8378456	42	STIM=5
8390827	42	RESP=2
8396987	42	STIM=p
8402365	42	RESP=1
8413779	42	STIM=n
8418770	42	RESP=1
8430803	42	STIM=w
8437030	42	RESP=1
8449365	42	STIM=n
8452913	42	RESP=1
8468059	42	STIM=4
8471774	42	RESP=2
8483808	42	STIM=r
8488345	42	RESP=1
8500154	42	STIM=1
8504601	42	RESP=2
8516977	42	STIM=h
8524426	42	RESP=1
8533557	42	STIM=h
8544100	42	RESP=1
8550343	42	STIM=q
8553894	42	RESP=1
8568424	42	STIM=q
8570908	42	RESP=1
8587143	42	STIM=6
8592586	42	RESP=2
8603198	42	STIM=4
8606263	42	RESP=2
8620560	42	STIM=3
8624916	42	RESP=2
8636492	42	STIM=x
8642108	42	RESP=1
8653995	42	STIM=2
8661631	42	RESP=2
8670904	42	STIM=k
8674387	42	RESP=1
8686535	42	STIM=y
8691126	42	RESP=1
8703126	42	STIM=u
8706429	42	RESP=1
8721793	42	STIM=b
8726981	42	RESP=1
8739639	42	STIM=x
8744830	42	RESP=1
8755310	42	STIM=c
8761496	42	RESP=1
8770954	42	STIM=r
8776398	42	RESP=1
8788620	42	STIM=4
8796756	42	RESP=2
8804649	42	STIM=g
8807108	42	RESP=1
8822958	42	STIM=f
8828075	42	RESP=1
8840270	42	STIM=t
8845538	42	RESP=1
8858078	42	STIM=p
8861155	42	RESP=1
8875367	42	STIM=i
8878981	42	RESP=1
8894322	42	STIM=z
8899586	42	RESP=1
8912670	42	STIM=c
8915834	42	RESP=2
8928788	42	STIM=q
8931688	42	RESP=1
8945350	42	STIM=t
8948709	42	RESP=1
8964159	42	STIM=u
8968882	42	RESP=1
8980204	42	STIM=z
8984348	42	RESP=2
8996992	42	STIM=5
9003277	42	RESP=2
9014368	42	STIM=0
9018603	42	RESP=2
9031035	42	STIM=z
9035016	42	RESP=1
9048215	42	STIM=p
9051080	42	RESP=1
9063787	42	STIM=z
9068556	42	RESP=1
9080992	42	STIM=e
9085430	42	RESP=1
9099933	42	STIM=a
9105882	42	RESP=1
9114978	42	STIM=e
9119726	42	RESP=1
9131125	42	STIM=i
9137223	42	RESP=1
9147644	42	STIM=k
9152562	42	RESP=1
9164093	42	STIM=1
9168449	42	RESP=2
9181849	42	STIM=j
9187670	42	RESP=1
9197701	42	STIM=m
9203073	42	RESP=1
9212939	42	STIM=k
9217531	42	RESP=1
9231928	42	STIM=n
9235133	42	RESP=1
9249645	42	STIM=v
9253869	42	RESP=1
9265171	42	STIM=d
9271231	42	RESP=1
9281657	42	STIM=g
9286948	42	RESP=1
9296779	42	STIM=n
9301391	42	RESP=1
9315709	42	STIM=8
9321420	42	RESP=2
9333499	42	STIM=5
9341627	42	RESP=2
9350380	42	STIM=d
9353337	42	RESP=1
9369189	42	STIM=u
9372337	42	RESP=1
9385326	42	STIM=k
9387956	42	RESP=1
9400992	42	STIM=3
9409043	42	RESP=2
9417531	42	STIM=c
9421882	42	RESP=1
9435807	42	STIM=u
9441799	42	RESP=1
9451527	42	STIM=n
9458306	42	RESP=1
9469461	42	STIM=k
9473566	42	RESP=1
9487293	42	STIM=f
9490493	42	RESP=1
9505181	42	STIM=o
9510077	42	RESP=1
9523739	42	STIM=1
9529684	42	RESP=2
9542616	42	STIM=e
9547533	42	RESP=1
9560340	42	STIM=2
9564613	42	RESP=2
9578166	42	STIM=9
9586197	42	RESP=2
9595744	42	STIM=j
9600141	42	RESP=1
9613440	42	STIM=r
9617549	42	RESP=1
9631116	42	STIM=l
9635270	42	RESP=1
9649275	42	STIM=b
9655475	42	RESP=1
9664382	42	STIM=t
9668949	42	RESP=1
9681942	42	STIM=z
9685661	42	RESP=1
9699535	42	STIM=e
9703315	42	RESP=1
9718462	42	STIM=p
9722612	42	RESP=1
9734824	42	STIM=n
9739025	42	RESP=2
9752263	42	STIM=b
9757215	42	RESP=1
9769545	42	STIM=c
9773695	42	RESP=1
9788323	42	STIM=p
9796484	42	RESP=1
9805466	42	STIM=p
9808268	42	RESP=1
9821592	42	STIM=7
9826386	42	RESP=1
9839401	42	STIM=t
9844399	42	RESP=1
9855394	42	STIM=j
9864146	42	RESP=1
9871036	42	STIM=v
9873809	42	RESP=1
9888206	42	STIM=q
9893256	42	RESP=1
9905074	42	STIM=a
9909486	42	RESP=1
9920142	42	STIM=p
9923788	42	RESP=2
9939073	42	STIM=z
9943262	42	RESP=1
9955294	42	STIM=t
9958708	42	RESP=1
9972561	42	STIM=2
9977100	42	RESP=1
9989097	42	STIM=m
9992515	42	RESP=1
10005561	42	STIM=0
10013615	42	RESP=2
10020666	42	STIM=y
10025612	42	RESP=1
10035708	42	STIM=p
10040424	42	RESP=1
10054386	42	STIM=i
10059831	42	RESP=1
10071777	42	STIM=t
10078517	42	RESP=1
10090124	42	STIM=c
10095056	42	RESP=1
10106791	42	STIM=z
10112173	42	RESP=1
10124796	42	STIM=d
10132261	42	RESP=1
10140398	42	STIM=s
10147744	42	RESP=1
10155943	42	STIM=d
10159878	42	RESP=1
10172323	42	STIM=1
10178687	42	RESP=2
10190996	42	STIM=v
10194374	42	RESP=1
10209065	42	STIM=w
10215205	42	RESP=1
10224303	42	STIM=0
10228852	42	RESP=2
10242928	42	STIM=8
10247337	42	RESP=2
10258347	42	STIM=b
10262798	42	RESP=1
10276306	42	STIM=l
10281758	42	RESP=1
10293169	42	STIM=7
10299689	42	RESP=2
10309682	42	STIM=c
10314253	42	RESP=1
10327626	42	STIM=j
10333366	42	RESP=1
10344793	42	STIM=e
10347796	42	RESP=1
10360153	42	STIM=u
10363498	42	RESP=1
10376835	42	STIM=y
10383586	42	RESP=1
10394274	42	STIM=q
10401065	42	RESP=1
10411113	42	STIM=b
10417024	42	RESP=2
10426654	42	STIM=f
10433348	42	RESP=1
10445139	42	STIM=o
10451486	42	RESP=1
10462080	42	STIM=9
10469687	42	RESP=2
10478753	42	STIM=n
10486399	42	RESP=1
10497215	42	STIM=a
10500429	42	RESP=1
10516178	42	STIM=b
10520127	42	RESP=1
10531636	42	STIM=q
10536142	42	RESP=2
10550240	42	STIM=t
10556629	42	RESP=1
10566482	42	STIM=n
10571255	42	RESP=1
10582069	42	STIM=x
10586963	42	RESP=1
10599145	42	STIM=b
10605965	42	RESP=1
10614677	42	STIM=5
10621228	42	RESP=2
10630842	42	STIM=3
10636377	42	RESP=2
10648242	42	STIM=v
10653779	42	RESP=1
10664252	42	STIM=q
10672003	42	RESP=1
10680090	42	STIM=g
10689495	42	RESP=1
10695149	42	STIM=x
10700134	42	RESP=1
10710793	42	STIM=k
10718618	42	RESP=1
10728811	42	STIM=h
10734291	42	RESP=1
10747222	42	STIM=k
10753628	42	RESP=1
10764742	42	STIM=v
10768856	42	RESP=1
10779998	42	STIM=n
10784824	42	RESP=2
10795764	42	STIM=6
10800521	42	RESP=2
10812839	42	STIM=s
10816115	42	RESP=1
10828005	42	STIM=6
10832628	42	RESP=2
10846028	42	STIM=1
10849954	42	RESP=2
10863219	42	STIM=u
10869926	42	RESP=1
10879391	42	STIM=n
10883677	42	RESP=1
10894672	42	STIM=p
10900703	42	RESP=1
10912202	42	STIM=0
10919454	42	RESP=2
10930260	42	STIM=l
10934314	42	RESP=1
10947034	42	STIM=o
10957855	42	RESP=1
10964538	42	STIM=j
10967432	42	RESP=1
10982145	42	STIM=p
10986080	42	RESP=1
10999911	42	STIM=l
11004743	42	RESP=1
11015072	42	STIM=g
11019052	42	RESP=1
11033866	42	STIM=3
11037975	42	RESP=2
11051990	42	STIM=d
11055324	42	RESP=1
11068413	42	STIM=m
11071694	42	RESP=1
11086837	42	STIM=q
11092224	42	RESP=1
11104541	42	STIM=0
11111490	42	RESP=2
11122550	42	STIM=b
11129334	42	RESP=2
11140493	42	STIM=z
11148956	42	RESP=1
11158256	42	STIM=n
11164413	42	RESP=1
11176974	42	STIM=k
11182196	42	RESP=2
11194007	42	STIM=i
11201539	42	RESP=1
11209769	42	STIM=7
11220111	42	RESP=2
11228387	42	STIM=z
11232166	42	RESP=1
11247135	42	STIM=a
11252155	42	RESP=1
11263405	42	STIM=s
11266199	42	RESP=1
11280577	42	STIM=u
11283897	42	RESP=1
11296816	42	STIM=f
11300166	42	RESP=1
11314350	42	STIM=g
11319120	42	RESP=1
11330144	42	STIM=h
11336651	42	RESP=1
11346087	42	STIM=7
11355609	42	RESP=2
11362530	42	STIM=c
11367349	42	RESP=1
11379105	42	STIM=1
11382323	42	RESP=1
11394885	42	STIM=b
11397650	42	RESP=1
11413490	42	STIM=r
11417174	42	RESP=1
11429323	42	STIM=8
11432826	42	RESP=2
11445572	42	STIM=m
11449018	42	RESP=1
11461512	42	STIM=j
11469112	42	RESP=2
11477188	42	STIM=h
11481868	42	RESP=1
11493206	42	STIM=3
11496853	42	RESP=2
11510280	42	STIM=o
11513941	42	RESP=1
11528600	42	STIM=z
11532748	42	RESP=1
11545679	42	STIM=a
11553696	42	RESP=1
11563443	42	STIM=u
11568044	42	RESP=1
11581506	42	STIM=i
11584547	42	RESP=1
11599915	42	STIM=r
11603558	42	RESP=1
11617069	42	STIM=a
11620142	42	RESP=1
11634971	42	STIM=j
11638596	42	RESP=1
11651529	42	STIM=l
11658098	42	RESP=1
11667551	42	STIM=u
11672045	42	RESP=1
11686074	42	STIM=b
11689248	42	RESP=1
11701079	42	STIM=f
11704605	42	RESP=1
11718349	42	STIM=h
11722548	42	RESP=1
11734396	42	STIM=u
11739624	42	RESP=1
11752131	42	STIM=n
11757119	42	RESP=1
11769671	42	STIM=y
11776667	42	RESP=1
11787780	42	STIM=q
11791248	42	RESP=1
11804053	42	STIM=r
11808642	42	RESP=1
11821697	42	STIM=l
11825275	42	RESP=1
11836940	42	STIM=d
11840383	42	RESP=1
11855199	42	STIM=2
11859199	42	RESP=2
11872962	42	STIM=a
11880306	42	RESP=1
11888302	42	STIM=1
11893557	42	RESP=2
11904292	42	STIM=7
11909915	42	RESP=2
11922929	42	STIM=o
11928686	42	RESP=1
11938320	42	STIM=h
11947467	42	RESP=1
11953737	42	STIM=2
11958103	42	RESP=2
11970918	42	STIM=h
11973843	42	RESP=1
11986408	42	STIM=o
11990756	42	RESP=1
12002952	42	STIM=q
12012644	42	RESP=1
12019551	42	STIM=e
12024423	42	RESP=1
12035793	42	STIM=9
12043201	42	RESP=2
12053850	42	STIM=w
12059171	42	RESP=1
12072272	42	STIM=z
12075239	42	RESP=1
12088645	42	STIM=8
12098094	42	RESP=2
12105068	42	STIM=6
12109168	42	RESP=2
12122010	42	STIM=j
12130234	42	RESP=1
12137728	42	STIM=q
12141952	42	RESP=1
12153918	42	STIM=g
12161857	42	RESP=1
12170774	42	STIM=s
12174340	42	RESP=1
12186682	42	STIM=k
12189872	42	RESP=1
12202626	42	STIM=v
12208312	42	RESP=1
12220453	42	STIM=3
12226079	42	RESP=2
12239287	42	STIM=h
12244385	42	RESP=1
12256094	42	STIM=3
12259971	42	RESP=2
12272279	42	STIM=o
12278451	42	RESP=2
12289917	42	STIM=q
12298125	42	RESP=1
12308527	42	STIM=n
12315457	42	RESP=1
12326653	42	STIM=z
12329761	42	RESP=1
12344013	42	STIM=w
12358281	42	RESP=1
12359725	42	STIM=p
12368258	42	RESP=1
12376792	42	STIM=3
12382978	42	RESP=2
12395573	42	STIM=f
12404295	42	RESP=1
12412276	42	STIM=x
12415774	42	RESP=1
12430756	42	STIM=t
12433384	42	RESP=1
12446153	42	STIM=q
12452698	42	RESP=1
12461416	42	STIM=8
12469413	42	RESP=2
12477024	42	STIM=3
12483406	42	RESP=2
12494474	42	STIM=i
12499374	42	RESP=1
12510641	42	STIM=b
12514445	42	RESP=1
12525813	42	STIM=e
12531107	42	RESP=1
12544066	42	STIM=e
12550026	42	RESP=1
12561899	42	STIM=k
12567585	42	RESP=1
12577234	42	STIM=p
12583323	42	RESP=1
12594057	42	STIM=2
12597600	42	RESP=2
12610333	42	STIM=l
12616867	42	RESP=1
12625872	42	STIM=e
12630078	42	RESP=1
12644466	42	STIM=6
12648624	42	RESP=2
12660671	42	STIM=w
12664801	42	RESP=1
12679291	42	STIM=l
12683314	42	RESP=1
12695244	42	STIM=o
12700408	42	RESP=1
12713333	42	STIM=s
12717255	42	RESP=1
12729912	42	STIM=a
12734125	42	RESP=1
12746593	42	STIM=k
12749464	42	RESP=1
12763228	42	STIM=c
12767913	42	RESP=1
12781795	42	STIM=6
12784899	42	RESP=2
12797462	42	STIM=y
12801844	42	RESP=1
12816454	42	STIM=2
12823643	42	RESP=2
12834807	42	STIM=3
12840167	42	RESP=2
12850562	42	STIM=1
12854840	42	RESP=2
12868791	42	STIM=6
12875274	42	RESP=2
12884664	42	STIM=v
12888397	42	RESP=1
12901055	42	STIM=b
12903852	42	RESP=1
12919626	42	STIM=d
12923186	42	RESP=1
12938059	42	STIM=t
12942790	42	RESP=1
12953747	42	STIM=s
12959669	42	RESP=1
12970128	42	STIM=t
12973197	42	RESP=1
12987070	42	STIM=a
12993773	42	RESP=1
13003652	42	STIM=d
13006792	42	RESP=1
13022266	42	STIM=h
13028364	42	RESP=1
13037375	42	STIM=u
13040491	42	RESP=1
13052797	42	STIM=q
13057482	42	RESP=1
13069690	42	STIM=j
13075509	42	RESP=1
13086598	42	STIM=s
13090494	42	RESP=1
13101836	42	STIM=s
13105988	42	RESP=1
13120307	42	STIM=u
13123544	42	RESP=1
13135797	42	STIM=j
13139063	42	RESP=2
13153553	42	STIM=5
13157215	42	RESP=2
13172277	42	STIM=x
13175446	42	RESP=1
13188254	42	STIM=b
13191905	42	RESP=1
13206163	42	STIM=0
13209783	42	RESP=1
13224871	42	STIM=w
13231101	42	RESP=1
13241501	42	STIM=s
13245173	42	RESP=2
13256707	42	STIM=j
13264778	42	RESP=1
13272547	42	STIM=h
13275453	42	RESP=1
13287624	42	STIM=w
13292390	42	RESP=1
13304836	42	STIM=x
13309223	42	RESP=1
13320690	42	STIM=v
13324163	42	RESP=1
13338213	42	STIM=s
13342503	42	RESP=2
13353286	42	STIM=7
13357870	42	RESP=2
13369075	42	STIM=w
13374016	42	RESP=1
13385696	42	STIM=v
13392027	42	RESP=1
13400862	42	STIM=a
13405256	42	RESP=1
13417437	42	STIM=h
13422619	42	RESP=1
13435400	42	STIM=n
13445192	42	RESP=1
13453979	42	STIM=7
13458352	42	RESP=2
13469949	42	STIM=t
13474688	42	RESP=1
13488699	42	STIM=r
13496219	42	RESP=1
13504445	42	STIM=k
13509259	42	RESP=1
13520717	42	STIM=b
13524639	42	RESP=1
13539203	42	STIM=b
13543713	42	RESP=1
13556258	42	STIM=v
13563597	42	RESP=1
13573129	42	STIM=o
13578721	42	RESP=1
13590958	42	STIM=v
13594167	42	RESP=2
13606164	42	STIM=p
13612438	42	RESP=1
13622418	42	STIM=f
13626168	42	RESP=1
13641111	42	STIM=s
13644035	42	RESP=1
13659005	42	STIM=1
13662497	42	RESP=2
13675237	42	STIM=3
13679581	42	RESP=2
13693873	42	STIM=z
13699731	42	RESP=1
13709823	42	STIM=q
13713367	42	RESP=1
13726489	42	STIM=3
13731704	42	RESP=2
13744615	42	STIM=g
13749327	42	RESP=1
13762816	42	STIM=2
13767943	42	RESP=2
13779086	42	STIM=h
13783518	42	RESP=1
13794971	42	STIM=r
13799639	42	RESP=1
13813433	42	STIM=x
13817880	42	RESP=1
13828461	42	STIM=h
13835957	42	RESP=2
13847230	42	STIM=q
13850182	42	RESP=1
13865126	42	STIM=5
13870583	42	RESP=2
13880294	42	STIM=5
13883790	42	RESP=2
13897171	42	STIM=i
13900648	42	RESP=1
13913355	42	STIM=x
13918787	42	RESP=1
13930430	42	STIM=n
13935322	42	RESP=1
13948535	42	STIM=v
13952811	42	RESP=1
13963670	42	STIM=j
13967599	42	RESP=2
13979502	42	STIM=q
13982711	42	RESP=1
13998003	42	STIM=r
14001607	42	RESP=1
14014060	42	STIM=v
14019682	42	RESP=1
14029225	42	STIM=b
14033632	42	RESP=1
14044515	42	STIM=7
14050258	42	RESP=2
14062548	42	STIM=i
14066325	42	RESP=1
14080290	42	STIM=e
14084359	42	RESP=1
14096088	42	STIM=4
14100463	42	RESP=2
14113608	42	STIM=g
14116387	42	RESP=1
14132518	42	STIM=m
14136581	42	RESP=1
14148495	42	STIM=s
14156893	42	RESP=1
14166444	42	STIM=0
14175390	42	RESP=2
14185133	42	STIM=e
14191370	42	RESP=1
14203880	42	STIM=o
14209973	42	RESP=1
14222123	42	STIM=l
14231583	42	RESP=1
14238533	42	STIM=e
14242448	42	RESP=1
14255507	42	STIM=f
14258904	42	RESP=1
14272364	42	STIM=z
14275811	42	RESP=2
14288688	42	STIM=j
14294999	42	RESP=1
14303825	42	STIM=0
14309542	42	RESP=1
14321487	42	STIM=x
14326417	42	RESP=1
14337178	42	STIM=j
14344291	42	RESP=1
14352804	42	STIM=8
14358037	42	RESP=2
14368435	42	STIM=s
14372903	42	RESP=1
14384877	42	STIM=e
14390868	42	RESP=1
14401975	42	STIM=1
14407535	42	RESP=2
14419126	42	STIM=t
14425155	42	RESP=1
14435452	42	STIM=5
14440636	42	RESP=2
14451835	42	STIM=u
14457285	42	RESP=1
14470728	42	STIM=y
14473264	42	RESP=1
14488099	42	STIM=6
14492757	42	RESP=2
14503312	42	STIM=e
14507674	42	RESP=1
14518488	42	STIM=f
14524455	42	RESP=1
14537127	42	STIM=6
14543596	42	RESP=1
14552798	42	STIM=i
14558185	42	RESP=1
14568979	42	STIM=r
14575864	42	RESP=1
14587119	42	STIM=c
14591456	42	RESP=1
14604146	42	STIM=v
14607831	42	RESP=1
14622731	42	STIM=6
14626428	42	RESP=2
14638865	42	STIM=y
14642752	42	RESP=1
14656779	42	STIM=c
14659372	42	RESP=1
14673096	42	STIM=v
14676273	42	RESP=1
14688711	42	STIM=k
14703937	42	RESP=1
14707676	42	STIM=v
14712415	42	RESP=1
14724942	42	STIM=g
14730745	42	RESP=1
14743153	42	STIM=k
14746946	42	RESP=1
14760490	42	STIM=z
14765700	42	RESP=1
14775654	42	STIM=v
14779012	42	RESP=1
14794475	42	STIM=y
14800467	42	RESP=1
14811426	42	STIM=q
14816599	42	RESP=1
14827633	42	STIM=g
14830806	42	RESP=1
14845708	42	STIM=t
14850632	42	RESP=1
14864638	42	STIM=w
14869627	42	RESP=1
14882829	42	STIM=j
14885977	42	RESP=1
14899089	42	STIM=6
14904770	42	RESP=1
14917830	42	STIM=g
14925152	42	RESP=1
14934884	42	STIM=4
14942420	42	RESP=2
14952556	42	STIM=m
14958690	42	RESP=1
14968080	42	STIM=7
14972680	42	RESP=2
14983716	42	STIM=m
14987564	42	RESP=1
15001702	42	STIM=f
15005219	42	RESP=1
15019139	42	STIM=m
15022833	42	RESP=1
15035330	42	STIM=b
15044162	42	RESP=1
15053110	42	STIM=b
15057847	42	RESP=1
15071898	42	STIM=k
15075374	42	RESP=1
15088174	42	STIM=7
15092703	42	RESP=2
15106444	42	STIM=w
15112188	42	RESP=1
15122562	42	STIM=y
15126777	42	RESP=1
15139902	42	STIM=5
15144539	42	RESP=1
15158289	42	STIM=3
15165002	42	RESP=2
15176599	42	STIM=x
15184722	42	RESP=1
15192707	42	STIM=q
15197022	42	RESP=1
15211502	42	STIM=f
15214090	42	RESP=1
15226668	42	STIM=9
15231777	42	RESP=2
15243301	42	STIM=w
15246938	42	RESP=1
15258659	42	STIM=y
15263618	42	RESP=1
15275795	42	STIM=z
15279576	42	RESP=1
15294063	42	STIM=i
15298244	42	RESP=1
15310986	42	STIM=x
15315186	42	RESP=1
15326249	42	STIM=4
15332905	42	RESP=1
15344942	42	STIM=e
15348547	42	RESP=1
15361644	42	STIM=h
15366210	42	RESP=1
15378162	42	STIM=s
15380603	42	RESP=1
15396439	42	STIM=a
15399228	42	RESP=1
15411964	42	STIM=o
15419860	42	RESP=1
15427448	42	STIM=7
15435009	42	RESP=2
15443141	42	STIM=a
15448189	42	RESP=1
15461557	42	STIM=o
15464649	42	RESP=1
15479979	42	STIM=q
15485774	42	RESP=1
15497764	42	STIM=l
15501942	42	RESP=1
15515675	42	STIM=v
15519511	42	RESP=1
15532908	42	STIM=q
15537832	42	RESP=1
15549331	42	STIM=b
15553646	42	RESP=1
15566356	42	STIM=9
15574571	42	RESP=2
15581662	42	STIM=f
15584851	42	RESP=1
15597977	42	STIM=u
15601465	42	RESP=1
15614480	42	STIM=k
15618708	42	RESP=1
15629518	42	STIM=v
15633154	42	RESP=1
15648080	42	STIM=y
15650689	42	RESP=1
15663926	42	STIM=f
15670256	42	RESP=1
15681663	42	STIM=y
15685141	42	RESP=1
15697380	42	STIM=j
15701948	42	RESP=1
15713906	42	STIM=w
15717648	42	RESP=1
15729030	42	STIM=y
15734560	42	RESP=2
15747988	42	STIM=n
15754161	42	RESP=1
15766657	42	STIM=b
15772586	42	RESP=1
15785030	42	STIM=k
15791638	42	RESP=1
15800364	42	STIM=z
15805835	42	RESP=1
15816087	42	STIM=z
15825314	42	RESP=1
15833533	42	STIM=e
15838453	42	RESP=1
15848871	42	STIM=t
15852399	42	RESP=1
15863907	42	STIM=u
15868318	42	RESP=1
15880598	42	STIM=t
15885930	42	RESP=1
15897092	42	STIM=p
15902821	42	RESP=1
15916011	42	STIM=f
15921028	42	RESP=1
15932738	42	STIM=l
15942675	42	RESP=1
15950184	42	STIM=3
15957784	42	RESP=2
15967482	42	STIM=6
15971166	42	RESP=2
15985436	42	STIM=v
15991156	42	RESP=1
16001803	42	STIM=i
16005075	42	RESP=1
16020369	42	STIM=v
16023737	42	RESP=1
16035462	42	STIM=s
16043485	42	RESP=1
16054461	42	STIM=t
16058356	42	RESP=1
16071567	42	STIM=2
16078698	42	RESP=2
16089667	42	STIM=d
16092576	42	RESP=1
16105318	42	STIM=g
16109563	42	RESP=1
16121188	42	STIM=u
16124721	42	RESP=1
16136954	42	STIM=1
16143710	42	RESP=2
16154188	42	STIM=p
16160648	42	RESP=1
16171315	42	STIM=l
16175254	42	RESP=1
16188160	42	STIM=5
16193659	42	RESP=2
16205431	42	STIM=z
16211891	42	RESP=1
16221748	42	STIM=5
16226704	42	RESP=2
16238831	42	STIM=s
16242509	42	RESP=1
16255399	42	STIM=c
16258450	42	RESP=1
16272508	42	STIM=f
16277634	42	RESP=1
16289623	42	STIM=d
16292687	42	RESP=1
16304705	42	STIM=g
16314140	42	RESP=1
16321834	42	STIM=k
16325848	42	RESP=1
16336880	42	STIM=f
16342876	42	RESP=2
16354230	42	STIM=t
16358190	42	RESP=1
16371393	42	STIM=k
16376725	42	RESP=1
16388462	42	STIM=r
16391934	42	RESP=1
16407119	42	STIM=6
16411625	42	RESP=2
16425298	42	STIM=2
16430634	42	RESP=2
16442007	42	STIM=o
16445206	42	RESP=1
16458460	42	STIM=x
16464647	42	RESP=1
16474818	42	STIM=p
16478405	42	RESP=1
16491904	42	STIM=u
16498468	42	RESP=1
16508868	42	STIM=z
16515254	42	RESP=1
16527526	42	STIM=m
16531465	42	RESP=1
16543265	42	STIM=g
16547256	42	RESP=1
16560558	42	STIM=5
16567790	42	RESP=2
16577687	42	STIM=n
16580912	42	RESP=1
16594941	42	STIM=m
16600940	42	RESP=1
16613940	42	STIM=k
16617512	42	RESP=1
16632614	42	STIM=t
16635977	42	RESP=1
16649402	42	STIM=t
16652163	42	RESP=1
16666307	42	STIM=1
16672896	42	RESP=2
16681798	42	STIM=x
16685061	42	RESP=1
16698711	42	STIM=v
16702063	42	RESP=1
16715625	42	STIM=k
16720829	42	RESP=1
16730708	42	STIM=n
16734617	42	RESP=1
16748227	42	STIM=u
16755071	42	RESP=1
16764410	42	STIM=7
16773073	42	RESP=2
16783236	42	STIM=v
16789702	42	RESP=1
16799557	42	STIM=z
16804160	42	RESP=1
16816408	42	STIM=k
16820216	42	RESP=1
16834900	42	STIM=u
16842756	42	RESP=1
16853323	42	STIM=x
16857743	42	RESP=2
16870727	42	STIM=2
16876396	42	RESP=2
16888817	42	STIM=2
16894412	42	RESP=2
16907496	42	STIM=s
16912534	42	RESP=1
16926310	42	STIM=f
16931072	42	RESP=1
16941554	42	STIM=m
16945604	42	RESP=1
16960274	42	STIM=g
16964509	42	RESP=1
16976507	42	STIM=p
16983762	42	RESP=1
16995076	42	STIM=2
16999248	42	RESP=2
17013708	42	STIM=8
17019700	42	RESP=1
17031335	42	STIM=b
17041982	42	RESP=1
17047794	42	STIM=z
17052464	42	RESP=1
17066315	42	STIM=w
17072091	42	RESP=2
17083763	42	STIM=6
17090732	42	RESP=2
17099132	42	STIM=v
17106910	42	RESP=1
17115430	42	STIM=b
17120697	42	RESP=1
17132912	42	STIM=1
17146076	42	RESP=2
17151617	42	STIM=o
17156603	42	RESP=1
17169440	42	STIM=s
17173556	42	RESP=1
17186220	42	STIM=t
17191769	42	RESP=1
17205127	42	STIM=p
17210981	42	RESP=1
17222229	42	STIM=r
17228254	42	RESP=1
17240558	42	STIM=z
17246313	42	RESP=1
17256991	42	STIM=0
17266109	42	RESP=2
17275870	42	STIM=d
17278758	42	RESP=1
17292260	42	STIM=d
17297009	42	RESP=1
17307434	42	STIM=d
17312958	42	RESP=1
17324254	42	STIM=u
17329141	42	RESP=1
17341198	42	STIM=k
17346024	42	RESP=1
17356408	42	STIM=o
17359537	42	RESP=1
17375175	42	STIM=v
17379980	42	RESP=1
17393335	42	STIM=f
17397963	42	RESP=1
17411388	42	STIM=z
17419991	42	RESP=1
17429125	42	STIM=0
17433452	42	RESP=2
17444333	42	STIM=y
17448849	42	RESP=1
17463255	42	STIM=g
17466292	42	RESP=1
17479432	42	STIM=0
17484098	42	RESP=2
17495457	42	STIM=y
17501788	42	RESP=1
17511502	42	STIM=y
17514258	42	RESP=1
17529334	42	STIM=q
17534931	42	RESP=1
17548217	42	STIM=y
17552653	42	RESP=1
17566966	42	STIM=j
17571533	42	RESP=1
17584667	42	STIM=x
17590909	42	RESP=1
17601555	42	STIM=h
17605437	42	RESP=1
17619952	42	STIM=a
17627733	42	RESP=1
17635013	42	STIM=v
17642698	42	RESP=1
17651908	42	STIM=c
17660672	42	RESP=2
17667186	42	STIM=q
17673303	42	RESP=1
17683331	42	STIM=7
17690142	42	RESP=2
17701601	42	STIM=a
17706372	42	RESP=1
17717350	42	STIM=r
17721157	42	RESP=1
17732804	42	STIM=s
17736098	42	RESP=2
17749869	42	STIM=0
17753483	42	RESP=2
17768364	42	STIM=j
17772524	42	RESP=1
17784884	42	STIM=d
17791422	42	RESP=1
17802047	42	STIM=n
17808390	42	RESP=1
17817199	42	STIM=y
17821591	42	RESP=1
17835459	42	STIM=s
17839521	42	RESP=1
17850681	42	STIM=2
17855031	42	RESP=2
17867059	42	STIM=8
17871074	42	RESP=2
17882176	42	STIM=5
17886870	42	RESP=2
17897256	42	STIM=s
17903421	42	RESP=1
17915582	42	STIM=t
17919901	42	RESP=1
17934176	42	STIM=r
17946893	42	RESP=1
17951980	42	STIM=q
17955767	42	RESP=1
17968813	42	STIM=g
17974636	42	RESP=1
17984952	42	STIM=t
17989976	42	RESP=1
18003121	42	STIM=0
18011373	42	RESP=2
18022104	42	STIM=o
18026574	42	RESP=1
18039912	42	STIM=o
18043311	42	RESP=1
18055895	42	STIM=u
18062683	42	RESP=1
18073919	42	STIM=l
18079220	42	RESP=1
18089763	42	STIM=f
18096020	42	RESP=1
18107482	42	STIM=k
18111370	42	RESP=1
18123875	42	STIM=y
18128597	42	RESP=1
18142204	42	STIM=x
18146727	42	RESP=1
18160223	42	STIM=5
18169572	42	RESP=2
18178127	42	STIM=7
18186658	42	RESP=1
18195660	42	STIM=h
18201227	42	RESP=1
18212378	42	STIM=t
18216778	42	RESP=1
18229692	42	STIM=s
18233472	42	RESP=2
18246140	42	STIM=l
18250968	42	RESP=1
18261704	42	STIM=8
18265911	42	RESP=2
18280262	42	STIM=3
18287261	42	RESP=1
18297022	42	STIM=5
18302303	42	RESP=1
18314823	42	STIM=e
18318970	42	RESP=1
18331237	42	STIM=7
18336692	42	RESP=2
18347447	42	STIM=q
18351874	42	RESP=1
18364310	42	STIM=9
18371404	42	RESP=2
18381307	42	STIM=n
18388167	42	RESP=1
18398336	42	STIM=e
18404278	42	RESP=1
18414694	42	STIM=e
18418463	42	RESP=1
18430765	42	STIM=x
18434105	42	RESP=1
18446913	42	STIM=g
18451469	42	RESP=1
18463983	42	STIM=9
18469543	42	RESP=1
18481816	42	STIM=h
18484988	42	RESP=1
18500325	42	STIM=e
18511226	42	RESP=1
18515502	42	STIM=8
18521564	42	RESP=1
18530953	42	STIM=q
18534966	42	RESP=1
18546812	42	STIM=u
18553265	42	RESP=1
18564151	42	STIM=a
18567769	42	RESP=1
18582104	42	STIM=o
18590929	42	RESP=1
18598018	42	STIM=2
18602681	42	RESP=2
18615208	42	STIM=9
18622860	42	RESP=2
18633786	42	STIM=u
18636935	42	RESP=1
18648992	42	STIM=e
18651950	42	RESP=1
18667344	42	STIM=e
18672963	42	RESP=1
18684588	42	STIM=5
18690586	42	RESP=2
18701774	42	STIM=y
18704571	42	RESP=1
18717362	42	STIM=3
18723161	42	RESP=2
18733805	42	STIM=r
18744924	42	RESP=2
18751405	42	STIM=h
18755727	42	RESP=1
18769298	42	STIM=n
18777720	42	RESP=1
18787552	42	STIM=v
18791475	42	RESP=1
18806403	42	STIM=1
18811801	42	RESP=2
18822758	42	STIM=g
18830285	42	RESP=1
18840847	42	STIM=r
18843823	42	RESP=1
18859374	42	STIM=o
18862492	42	RESP=1
18877883	42	STIM=h
18885863	42	RESP=1
18893479	42	STIM=i
18899874	42	RESP=1
18910575	42	STIM=z
18913959	42	RESP=1
18926251	42	STIM=9
18932930	42	RESP=1
18942693	42	STIM=k
18947977	42	RESP=1
18961383	42	STIM=1
18966007	42	RESP=2
18977853	42	STIM=n
18983404	42	RESP=1
18993821	42	STIM=f
18996821	42	RESP=1
19011587	42	STIM=9
19017366	42	RESP=2
19027262	42	STIM=o
19031442	42	RESP=1
19043521	42	STIM=i
19048151	42	RESP=1
19062390	42	STIM=t
19065691	42	RESP=1
19079190	42	STIM=3
19089352	42	RESP=2
19095311	42	STIM=8
19101665	42	RESP=2
19112107	42	STIM=l
19115647	42	RESP=1
19127340	42	STIM=u
19130912	42	RESP=1
19145633	42	STIM=p
19150189	42	RESP=1
19162014	42	STIM=p
19166510	42	RESP=1
19177913	42	STIM=v
19184466	42	RESP=1
19193491	42	STIM=l
19200824	42	RESP=1
19212399	42	STIM=u
19216163	42	RESP=1
19229571	42	STIM=j
19233178	42	RESP=1
19246339	42	STIM=l
19249517	42	RESP=1
19264526	42	STIM=8
19268394	42	RESP=2
19280666	42	STIM=i
19288869	42	RESP=1
19295797	42	STIM=l
19300888	42	RESP=1
19311321	42	STIM=u
19316598	42	RESP=1
19326435	42	STIM=a
19336167	42	RESP=1
19344352	42	STIM=u
19350151	42	RESP=1
19362272	42	STIM=0
19365918	42	RESP=2
19377466	42	STIM=d
19380454	42	RESP=1
19393957	42	STIM=j
19399085	42	RESP=1
19412257	42	STIM=m
19415949	42	RESP=1
19428824	42	STIM=0
19434025	42	RESP=2
19446398	42	STIM=k
19449756	42	RESP=1
19463860	42	STIM=v
19468942	42	RESP=1
19480505	42	STIM=k
19484701	42	RESP=1
19496403	42	STIM=z
19503858	42	RESP=1
19514540	42	STIM=u
19518635	42	RESP=1
19531610	42	STIM=b
19535522	42	RESP=1
19548169	42	STIM=y
19552801	42	RESP=1
19564261	42	STIM=n
19569143	42	RESP=1
19580600	42	STIM=w
19585185	42	RESP=1
19595927	42	STIM=d
19600381	42	RESP=1
19611603	42	STIM=2
19616029	42	RESP=2
19628387	42	STIM=s
19636301	42	RESP=1
19645899	42	STIM=f
19649068	42	RESP=1
19663322	42	STIM=z
19667137	42	RESP=2
19678777	42	STIM=s
19683107	42	RESP=1
19695566	42	STIM=f
19701215	42	RESP=1
19713490	42	STIM=b
19718196	42	RESP=1
19729170	42	STIM=f
19733895	42	RESP=1
19748155	42	STIM=q
19754418	42	RESP=1
19766250	42	STIM=p
19771805	42	RESP=1
19784482	42	STIM=j
19787345	42	RESP=1
19802434	42	STIM=h
19806115	42	RESP=1
19821104	42	STIM=8
19825354	42	RESP=2
19836287	42	STIM=p
19841347	42	RESP=1
19854845	42	STIM=g
19858391	42	RESP=1
19871718	42	STIM=m
19877781	42	RESP=1
19890052	42	STIM=x
19895993	42	RESP=1
19906709	42	STIM=o
19909192	42	RESP=1
19923441	42	STIM=0
19929688	42	RESP=2
19941201	42	STIM=r
19948533	42	RESP=1
19958209	42	STIM=7
19965802	42	RESP=2
19974832	42	STIM=u
19979950	42	RESP=1
19993101	42	STIM=m
19996735	42	RESP=1
20009945	42	STIM=j
20012884	42	RESP=1
20025490	42	STIM=z
20031656	42	RESP=1
20041552	42	STIM=n
20046570	42	RESP=1
20060348	42	STIM=j
20064936	42	RESP=2
20078934	42	STIM=m
20085721	42	RESP=1
20096652	42	STIM=a
20105048	42	RESP=1
20113202	42	STIM=e
20122383	42	RESP=1
20129519	42	STIM=2
20133672	42	RESP=2
20145724	42	STIM=p
20151378	42	RESP=1
20163873	42	STIM=f
20168454	42	RESP=1
20179481	42	STIM=h
20186386	42	RESP=1
20196983	42	STIM=z
20200419	42	RESP=1
20212905	42	STIM=m
20216793	42	RESP=1
20229550	42	STIM=5
20236998	42	RESP=2
20247893	42	STIM=p
20253315	42	RESP=1
20263403	42	STIM=i
20267616	42	RESP=1
20279631	42	STIM=8
20283950	42	RESP=2
20296920	42	STIM=t
20304841	42	RESP=1
20314149	42	STIM=v
20322408	42	RESP=1
20329772	42	STIM=x
20335189	42	RESP=1
20348472	42	STIM=l
20352998	42	RESP=1
20364739	42	STIM=x
20372174	42	RESP=1
20381651	42	STIM=z
20386811	42	RESP=1
20399596	42	STIM=t
20403341	42	RESP=1
20416517	42	STIM=q
20420007	42	RESP=1
20432232	42	STIM=3
20440367	42	RESP=1
20449136	42	STIM=1
20455218	42	RESP=2
20466894	42	STIM=9
20470338	42	RESP=2
20483445	42	STIM=o
20486611	42	RESP=2
20500265	42	STIM=8
20505753	42	RESP=2
20518341	42	STIM=m
20523171	42	RESP=1
20536729	42	STIM=y
20544215	42	RESP=1
20553655	42	STIM=l
20558811	42	RESP=1
20569298	42	STIM=s
20572903	42	RESP=1
20585880	42	STIM=0
20591681	42	RESP=1
20603108	42	STIM=y
20607615	42	RESP=1
20620773	42	STIM=o
20623712	42	RESP=1
20636058	42	STIM=b
20640580	42	RESP=1
20653395	42	STIM=j
20660620	42	RESP=1
20668448	42	STIM=f
20672295	42	RESP=1
20687078	42	STIM=x
20690860	42	RESP=1
20703779	42	STIM=6
20708251	42	RESP=2
20719952	42	STIM=q
20727141	42	RESP=1
20736725	42	STIM=b
20741338	42	RESP=1
20754028	42	STIM=u
20758003	42	RESP=1
20772616	42	STIM=1
20778307	42	RESP=2
20791104	42	STIM=j
20797051	42	RESP=1
20809251	42	STIM=d
20814162	42	RESP=1
20825668	42	STIM=f
20830307	42	RESP=1
20844181	42	STIM=y
20850625	42	RESP=1
20862424	42	STIM=m
20866870	42	RESP=1
20879330	42	STIM=i
20882983	42	RESP=1
20894825	42	STIM=e
20905248	42	RESP=1
20910312	42	STIM=a
20914108	42	RESP=1
20925986	42	STIM=i
20930737	42	RESP=1
20942767	42	STIM=q
20947420	42	RESP=1
20959103	42	STIM=5
20963640	42	RESP=2
20977808	42	STIM=5
20982162	42	RESP=2
20992860	42	STIM=z
20998824	42	RESP=1
21010703	42	STIM=5
21016188	42	RESP=2
21029015	42	STIM=u
21037834	42	RESP=1
21045152	42	STIM=e
21051856	42	RESP=1
21060519	42	STIM=s
21067247	42	RESP=1
21075640	42	STIM=q
21078725	42	RESP=1
21092793	42	STIM=k
21095966	42	RESP=1
21110461	42	STIM=f
21113151	42	RESP=1
21127539	42	STIM=m
21132379	42	RESP=1
21144533	42	STIM=1
21149226	42	RESP=2
21162366	42	STIM=u
21170024	42	RESP=1
21179406	42	STIM=c
21183007	42	RESP=2
21194713	42	STIM=z
21201555	42	RESP=1
21212367	42	STIM=f
21216419	42	RESP=1
21227557	42	STIM=x
21232852	42	RESP=1
21244076	42	STIM=d
21248388	42	RESP=1
21262364	42	STIM=6
21267791	42	RESP=2
21279127	42	STIM=5
21283322	42	RESP=2
21296525	42	STIM=j
21305791	42	RESP=1
21312139	42	STIM=t
21315626	42	RESP=1
21327961	42	STIM=z
21334858	42	RESP=1
21344909	42	STIM=a
21353838	42	RESP=1
21361986	42	STIM=i
21365700	42	RESP=2
21378634	42	STIM=y
21385617	42	RESP=1
21397230	42	STIM=g
21401029	42	RESP=1
21415993	42	STIM=f
21419714	42	RESP=1
21433522	42	STIM=m
21436484	42	RESP=1
21452084	42	STIM=p
21458461	42	RESP=1
21468532	42	STIM=i
21476436	42	RESP=1
21485621	42	STIM=y
21492003	42	RESP=1
21504196	42	STIM=h
21513577	42	RESP=1
21522819	42	STIM=y
21526898	42	RESP=1
21540877	42	STIM=j
21548911	42	RESP=2
21558847	42	STIM=e
21561660	42	RESP=1
21573898	42	STIM=7
21578563	42	RESP=2
21592570	42	STIM=m
21598285	42	RESP=1
21609496	42	STIM=z
21616777	42	RESP=1
21625964	42	STIM=8
21630912	42	RESP=2
21642226	42	STIM=t
21647676	42	RESP=1
21661131	42	STIM=w
21665276	42	RESP=1
21676327	42	STIM=2
21684689	42	RESP=2
21694315	42	STIM=0
21698835	42	RESP=2
21711275	42	STIM=k
21714580	42	RESP=1
21728355	42	STIM=9
21732616	42	RESP=2
21744871	42	STIM=p
21753240	42	RESP=1
21759908	42	STIM=2
21764256	42	RESP=2
