# Original filename: 0011_XYJ_2017-07-27.log
# Time unit: 100 us
# RARECAT=digit
#
# Time	HHGG	Event
34393	42	STIM=w
40503	42	RESP=1
52296	42	STIM=u
56866	42	RESP=1
67297	42	STIM=p
72582	42	RESP=1
84623	42	STIM=s
87486	42	RESP=1
101865	42	STIM=6
105882	42	RESP=2
119469	42	STIM=t
122893	42	RESP=1
137573	42	STIM=s
141442	42	RESP=1
154720	42	STIM=x
161028	42	RESP=1
170572	42	STIM=s
175271	42	RESP=1
185765	42	STIM=c
189952	42	RESP=1
204360	42	STIM=a
210023	42	RESP=1
220855	42	STIM=2
225240	42	RESP=2
237751	42	STIM=u
241534	42	RESP=1
256414	42	STIM=q
259437	42	RESP=1
274792	42	STIM=a
278973	42	RESP=1
292131	42	STIM=j
295689	42	RESP=1
309457	42	STIM=z
317205	42	RESP=1
324931	42	STIM=o
327550	42	RESP=1
343636	42	STIM=0
353072	42	RESP=2
360308	42	STIM=g
364990	42	RESP=1
377536	42	STIM=r
384236	42	RESP=1
392570	42	STIM=g
401539	42	RESP=1
411272	42	STIM=l
415147	42	RESP=1
430031	42	STIM=c
435012	42	RESP=1
445089	42	STIM=i
448516	42	RESP=1
461762	42	STIM=2
468978	42	RESP=2
477936	42	STIM=z
482098	42	RESP=1
496131	42	STIM=9
504960	42	RESP=2
512352	42	STIM=9
518398	42	RESP=2
529624	42	STIM=i
533170	42	RESP=1
546618	42	STIM=n
551328	42	RESP=1
564973	42	STIM=n
571176	42	RESP=1
583628	42	STIM=k
589391	42	RESP=1
601036	42	STIM=n
607950	42	RESP=1
616914	42	STIM=n
623842	42	RESP=1
635130	42	STIM=v
641707	42	RESP=1
650653	42	STIM=4
657518	42	RESP=2
666961	42	STIM=a
671506	42	RESP=1
683090	42	STIM=a
694663	42	RESP=1
700010	42	STIM=r
705884	42	RESP=1
718931	42	STIM=3
723247	42	RESP=2
734850	42	STIM=m
738663	42	RESP=1
753320	42	STIM=b
763982	42	RESP=1
769128	42	STIM=c
774501	42	RESP=1
785217	42	STIM=6
791237	42	RESP=2
800455	42	STIM=l
804854	42	RESP=1
818225	42	STIM=a
823071	42	RESP=1
834883	42	STIM=h
839415	42	RESP=1
852368	42	STIM=b
856317	42	RESP=1
871065	42	STIM=u
874852	42	RESP=1
888401	42	STIM=w
893109	42	RESP=1
906288	42	STIM=k
910368	42	RESP=1
922055	42	STIM=e
930654	42	RESP=1
939181	42	STIM=8
944608	42	RESP=2
957196	42	STIM=s
963146	42	RESP=2
974473	42	STIM=c
979986	42	RESP=1
989574	42	STIM=p
994979	42	RESP=1
1006658	42	STIM=l
1009009	42	RESP=1
1024994	42	STIM=w
1029417	42	RESP=1
1043688	42	STIM=y
1053965	42	RESP=1
1062382	42	STIM=5
1068491	42	RESP=2
1078659	42	STIM=j
1085169	42	RESP=1
1096693	42	STIM=0
1101884	42	RESP=2
1112761	42	STIM=k
1117743	42	RESP=1
1130681	42	STIM=n
1138123	42	RESP=1
1149644	42	STIM=r
1152565	42	RESP=1
1167411	42	STIM=w
1171236	42	RESP=1
1184922	42	STIM=7
1189565	42	RESP=2
1201729	42	STIM=g
1209394	42	RESP=1
1217094	42	STIM=z
1220579	42	RESP=1
1232875	42	STIM=0
1238529	42	RESP=2
1247907	42	STIM=u
1253774	42	RESP=1
1265202	42	STIM=c
1269169	42	RESP=1
1282927	42	STIM=4
1290494	42	RESP=2
1300811	42	STIM=v
1305250	42	RESP=1
1316243	42	STIM=g
1320279	42	RESP=1
1334200	42	STIM=g
1339282	42	RESP=1
1350398	42	STIM=e
1354061	42	RESP=1
1368911	42	STIM=m
1376960	42	RESP=1
1387874	42	STIM=p
1390638	42	RESP=1
1406197	42	STIM=6
1411312	42	RESP=2
1424614	42	STIM=9
1432074	42	RESP=2
1441319	42	STIM=9
1446817	42	RESP=2
1457610	42	STIM=l
1466477	42	RESP=1
1475227	42	STIM=s
1480243	42	RESP=1
1494121	42	STIM=a
1498176	42	RESP=1
1512648	42	STIM=t
1516753	42	RESP=1
1531077	42	STIM=j
1534923	42	RESP=1
1549491	42	STIM=k
1555086	42	RESP=1
1565527	42	STIM=x
1572506	42	RESP=1
1582289	42	STIM=5
1588610	42	RESP=2
1598658	42	STIM=e
1602404	42	RESP=1
1613733	42	STIM=4
1618498	42	RESP=2
1630858	42	STIM=y
1637449	42	RESP=1
1646298	42	STIM=w
1650422	42	RESP=1
1661502	42	STIM=h
1665609	42	RESP=1
1680264	42	STIM=p
1684289	42	RESP=2
1698584	42	STIM=s
1701942	42	RESP=1
1717482	42	STIM=r
1721489	42	RESP=1
1733557	42	STIM=7
1737855	42	RESP=2
1749251	42	STIM=w
1753002	42	RESP=1
1765907	42	STIM=w
1770991	42	RESP=1
1781068	42	STIM=f
1785428	42	RESP=1
1798939	42	STIM=q
1802257	42	RESP=1
1816727	42	STIM=n
1821133	42	RESP=1
1833597	42	STIM=4
1844451	42	RESP=2
1852036	42	STIM=y
1856813	42	RESP=1
1869892	42	STIM=t
1873289	42	RESP=1
1887444	42	STIM=4
1895443	42	RESP=2
1902658	42	STIM=g
1906068	42	RESP=1
1921075	42	STIM=w
1926901	42	RESP=1
1936441	42	STIM=j
1939913	42	RESP=1
1953917	42	STIM=q
1960153	42	RESP=1
1969026	42	STIM=f
1976726	42	RESP=1
1984272	42	STIM=y
1990268	42	RESP=1
2001220	42	STIM=l
2005392	42	RESP=1
2019705	42	STIM=g
2024605	42	RESP=1
2035552	42	STIM=g
2040424	42	RESP=1
2050764	42	STIM=a
2053525	42	RESP=1
2069178	42	STIM=4
2074395	42	RESP=2
2087553	42	STIM=c
2093429	42	RESP=1
2106075	42	STIM=a
2111123	42	RESP=1
2122384	42	STIM=i
2127479	42	RESP=1
2139288	42	STIM=l
2143385	42	RESP=1
2155431	42	STIM=k
2162629	42	RESP=1
2173819	42	STIM=j
2178737	42	RESP=1
2191036	42	STIM=n
2196350	42	RESP=1
2209337	42	STIM=x
2214312	42	RESP=1
2225576	42	STIM=r
2231166	42	RESP=1
2242907	42	STIM=x
2247308	42	RESP=1
2260965	42	STIM=a
2264496	42	RESP=1
2279338	42	STIM=t
2282246	42	RESP=1
2295453	42	STIM=2
2300992	42	RESP=1
2312105	42	STIM=2
2316171	42	RESP=2
2329161	42	STIM=c
2334044	42	RESP=1
2346697	42	STIM=h
2352949	42	RESP=1
2363283	42	STIM=a
2367634	42	RESP=1
2379047	42	STIM=1
2382631	42	RESP=2
2396826	42	STIM=l
2399660	42	RESP=1
2413672	42	STIM=c
2416964	42	RESP=1
2431130	42	STIM=9
2436701	42	RESP=2
2448968	42	STIM=u
2459204	42	RESP=1
2464588	42	STIM=l
2468460	42	RESP=1
2483005	42	STIM=b
2488973	42	RESP=1
2498609	42	STIM=x
2504923	42	RESP=1
2516063	42	STIM=k
2521383	42	RESP=1
2532818	42	STIM=k
2538557	42	RESP=1
2551543	42	STIM=e
2556229	42	RESP=1
2569987	42	STIM=6
2576599	42	RESP=2
2588117	42	STIM=r
2590976	42	RESP=2
2605010	42	STIM=c
2608458	42	RESP=1
2620498	42	STIM=m
2626340	42	RESP=1
2636865	42	STIM=w
2643976	42	RESP=1
2654699	42	STIM=7
2660467	42	RESP=2
2670077	42	STIM=y
2673225	42	RESP=1
2686480	42	STIM=f
2691371	42	RESP=1
2702659	42	STIM=t
2707100	42	RESP=1
2720748	42	STIM=u
2725673	42	RESP=1
2737187	42	STIM=3
2741787	42	RESP=2
2753628	42	STIM=a
2757426	42	RESP=1
2770191	42	STIM=s
2775375	42	RESP=1
2789187	42	STIM=b
2797890	42	RESP=1
2805867	42	STIM=f
2809279	42	RESP=1
2823379	42	STIM=5
2828503	42	RESP=2
2839278	42	STIM=x
2844753	42	RESP=1
2854975	42	STIM=n
2862320	42	RESP=1
2871695	42	STIM=a
2875541	42	RESP=1
2887363	42	STIM=z
2892600	42	RESP=1
2905041	42	STIM=f
2907731	42	RESP=1
2922872	42	STIM=e
2930602	42	RESP=1
2939713	42	STIM=y
2944505	42	RESP=1
2955596	42	STIM=3
2961012	42	RESP=2
2972797	42	STIM=c
2979657	42	RESP=1
2990915	42	STIM=y
2994937	42	RESP=1
3006124	42	STIM=0
3012387	42	RESP=2
3024193	42	STIM=n
3029192	42	RESP=1
3042181	42	STIM=n
3045806	42	RESP=1
3057992	42	STIM=6
3062301	42	RESP=2
3073253	42	STIM=s
3078827	42	RESP=1
3089234	42	STIM=t
3095067	42	RESP=1
3108109	42	STIM=m
3114587	42	RESP=1
3124570	42	STIM=n
3126959	42	RESP=1
3140109	42	STIM=d
3144964	42	RESP=1
3156177	42	STIM=i
3160439	42	RESP=1
3175049	42	STIM=t
3182804	42	RESP=1
3191951	42	STIM=0
3198715	42	RESP=2
3210313	42	STIM=t
3214589	42	RESP=1
3228441	42	STIM=j
3233271	42	RESP=1
3246581	42	STIM=y
3250041	42	RESP=1
3263985	42	STIM=c
3267711	42	RESP=1
3280813	42	STIM=j
3283794	42	RESP=1
3299100	42	STIM=1
3306174	42	RESP=1
3317516	42	STIM=7
3326245	42	RESP=2
3332577	42	STIM=5
3339765	42	RESP=2
3349313	42	STIM=t
3352066	42	RESP=1
3365180	42	STIM=d
3371420	42	RESP=1
3383268	42	STIM=p
3386956	42	RESP=1
3399786	42	STIM=3
3406264	42	RESP=2
3418357	42	STIM=j
3421263	42	RESP=1
3433786	42	STIM=9
3437649	42	RESP=2
3449467	42	STIM=3
3453763	42	RESP=2
3466261	42	STIM=7
3469948	42	RESP=2
3482308	42	STIM=a
3486140	42	RESP=1
3498667	42	STIM=j
3502221	42	RESP=1
3514945	42	STIM=u
3521660	42	RESP=1
3531421	42	STIM=w
3534985	42	RESP=1
3547066	42	STIM=6
3552218	42	RESP=2
3563811	42	STIM=c
3568037	42	RESP=1
3580418	42	STIM=o
3587702	42	RESP=1
3599020	42	STIM=9
3603722	42	RESP=2
3616868	42	STIM=1
3623289	42	RESP=1
3632563	42	STIM=k
3639365	42	RESP=1
3651535	42	STIM=r
3656462	42	RESP=1
3666901	42	STIM=k
3673395	42	RESP=1
3684584	42	STIM=g
3688316	42	RESP=1
3701774	42	STIM=a
3707121	42	RESP=1
3718499	42	STIM=s
3722511	42	RESP=1
3737310	42	STIM=p
3740642	42	RESP=1
3753740	42	STIM=9
3759791	42	RESP=2
3770860	42	STIM=8
3777047	42	RESP=1
3787705	42	STIM=0
3794264	42	RESP=2
3803470	42	STIM=f
3806232	42	RESP=1
3820173	42	STIM=v
3825720	42	RESP=1
3838095	42	STIM=v
3841780	42	RESP=1
3853619	42	STIM=p
3858411	42	RESP=1
3869514	42	STIM=l
3873879	42	RESP=1
3885163	42	STIM=p
3889684	42	RESP=1
3902097	42	STIM=g
3906655	42	RESP=1
3919849	42	STIM=r
3923623	42	RESP=1
3935777	42	STIM=s
3938920	42	RESP=1
3952487	42	STIM=q
3955970	42	RESP=1
3971315	42	STIM=o
3974298	42	RESP=1
3988817	42	STIM=8
3997714	42	RESP=1
4004572	42	STIM=3
4009012	42	RESP=2
4019980	42	STIM=0
4030922	42	RESP=2
4036548	42	STIM=q
4042811	42	RESP=1
4052932	42	STIM=m
4056601	42	RESP=1
4068386	42	STIM=q
4073659	42	RESP=1
4085205	42	STIM=m
4091255	42	RESP=1
4103614	42	STIM=6
4109497	42	RESP=2
4122198	42	STIM=z
4125607	42	RESP=1
4137904	42	STIM=b
4142407	42	RESP=1
4153293	42	STIM=v
4157807	42	RESP=1
4170383	42	STIM=j
4174958	42	RESP=1
4185828	42	STIM=x
4189694	42	RESP=1
4201058	42	STIM=0
4207403	42	RESP=2
4218267	42	STIM=1
4224911	42	RESP=2
4233424	42	STIM=k
4237858	42	RESP=1
4250880	42	STIM=j
4254455	42	RESP=1
4266463	42	STIM=p
4271133	42	RESP=1
4282796	42	STIM=o
4285818	42	RESP=1
4298823	42	STIM=i
4303113	42	RESP=1
4314722	42	STIM=j
4317153	42	RESP=1
4332162	42	STIM=a
4337110	42	RESP=2
4349894	42	STIM=r
4353970	42	RESP=1
4367474	42	STIM=m
4372743	42	RESP=1
4384480	42	STIM=h
4389496	42	RESP=1
4401319	42	STIM=i
4406408	42	RESP=1
4419623	42	STIM=u
4424608	42	RESP=2
4434945	42	STIM=k
4439253	42	RESP=1
4450456	42	STIM=n
4455899	42	RESP=1
4469415	42	STIM=6
4477337	42	RESP=2
4488069	42	STIM=g
4493329	42	RESP=1
4504668	42	STIM=s
4507535	42	RESP=1
4523570	42	STIM=o
4528190	42	RESP=1
4542243	42	STIM=x
4546042	42	RESP=1
4558382	42	STIM=l
4562485	42	RESP=1
4573558	42	STIM=5
4580632	42	RESP=2
4589181	42	STIM=d
4593914	42	RESP=1
4605754	42	STIM=7
4612509	42	RESP=2
4621741	42	STIM=5
4626159	42	RESP=2
4638617	42	STIM=k
4642447	42	RESP=1
4653905	42	STIM=f
4657840	42	RESP=1
4671466	42	STIM=x
4674909	42	RESP=1
4687993	42	STIM=h
4691851	42	RESP=1
4704548	42	STIM=5
4711682	42	RESP=2
4721535	42	STIM=c
4725627	42	RESP=1
4736882	42	STIM=c
4739529	42	RESP=1
4753240	42	STIM=g
4758520	42	RESP=1
4768825	42	STIM=8
4774005	42	RESP=2
4784442	42	STIM=a
4792061	42	RESP=1
4800590	42	STIM=d
4805344	42	RESP=1
4817417	42	STIM=i
4822526	42	RESP=1
4832777	42	STIM=3
4837566	42	RESP=2
4849338	42	STIM=q
4854030	42	RESP=1
4868137	42	STIM=e
4872296	42	RESP=1
4885718	42	STIM=5
4890788	42	RESP=2
4903601	42	STIM=2
4909904	42	RESP=2
4919358	42	STIM=w
4922342	42	RESP=1
4935283	42	STIM=m
4940039	42	RESP=1
4950669	42	STIM=4
4955720	42	RESP=2
4966385	42	STIM=2
4972262	42	RESP=2
4983423	42	STIM=h
4992661	42	RESP=1
4999555	42	STIM=j
5005212	42	RESP=1
5018536	42	STIM=r
5021956	42	RESP=2
5035199	42	STIM=6
5042043	42	RESP=2
5053769	42	STIM=w
5060155	42	RESP=1
5072079	42	STIM=4
5076963	42	RESP=2
5090373	42	STIM=s
5094425	42	RESP=1
5106374	42	STIM=a
5111387	42	RESP=1
5125181	42	STIM=5
5129040	42	RESP=2
5143259	42	STIM=g
5149680	42	RESP=1
5161248	42	STIM=q
5165640	42	RESP=1
5177101	42	STIM=m
5181466	42	RESP=1
5195122	42	STIM=p
5201083	42	RESP=1
5211050	42	STIM=q
5215668	42	RESP=1
5227730	42	STIM=4
5234734	42	RESP=2
5244214	42	STIM=w
5248983	42	RESP=1
5262129	42	STIM=b
5266423	42	RESP=1
5278737	42	STIM=m
5281156	42	RESP=1
5297697	42	STIM=t
5301098	42	RESP=1
5316070	42	STIM=g
5319366	42	RESP=1
5333081	42	STIM=z
5338447	42	RESP=1
5351567	42	STIM=t
5356232	42	RESP=1
5368243	42	STIM=e
5371900	42	RESP=2
5384672	42	STIM=2
5389169	42	RESP=1
5399743	42	STIM=o
5406890	42	RESP=1
5415344	42	STIM=9
5425151	42	RESP=2
5430694	42	STIM=n
5437894	42	RESP=1
5445729	42	STIM=0
5455533	42	RESP=2
5464419	42	STIM=u
5469157	42	RESP=1
5481007	42	STIM=1
5487458	42	RESP=2
5497441	42	STIM=h
5501467	42	RESP=1
5513766	42	STIM=n
5516934	42	RESP=1
5530935	42	STIM=7
5536309	42	RESP=2
5548008	42	STIM=n
5554713	42	RESP=1
5563999	42	STIM=w
5572499	42	RESP=1
5582965	42	STIM=v
5586341	42	RESP=1
5600666	42	STIM=y
5603092	42	RESP=1
5619140	42	STIM=i
5627034	42	RESP=1
5635880	42	STIM=o
5639843	42	RESP=1
5654435	42	STIM=r
5657384	42	RESP=1
5673213	42	STIM=e
5676549	42	RESP=1
5689478	42	STIM=3
5693826	42	RESP=2
5707958	42	STIM=x
5712494	42	RESP=1
5726722	42	STIM=t
5730088	42	RESP=1
5743323	42	STIM=r
5748814	42	RESP=1
5758582	42	STIM=e
5764491	42	RESP=1
5774160	42	STIM=2
5780826	42	RESP=2
5789549	42	STIM=e
5795468	42	RESP=1
5806202	42	STIM=r
5811307	42	RESP=1
5824216	42	STIM=j
5830093	42	RESP=1
5840985	42	STIM=b
5845335	42	RESP=1
5859926	42	STIM=b
5864776	42	RESP=1
5875543	42	STIM=n
5879939	42	RESP=1
5891073	42	STIM=j
5896118	42	RESP=1
5906844	42	STIM=q
5910431	42	RESP=1
5925625	42	STIM=u
5931086	42	RESP=1
5943140	42	STIM=8
5949982	42	RESP=1
5959691	42	STIM=q
5963067	42	RESP=1
5975431	42	STIM=e
5978502	42	RESP=1
5994088	42	STIM=r
5998606	42	RESP=1
6009890	42	STIM=g
6014061	42	RESP=1
6025176	42	STIM=h
6028746	42	RESP=1
6043653	42	STIM=f
6049308	42	RESP=1
6061529	42	STIM=i
6065466	42	RESP=1
6078399	42	STIM=p
6081508	42	RESP=1
6095874	42	STIM=2
6100356	42	RESP=2
6113912	42	STIM=d
6119047	42	RESP=1
6131125	42	STIM=z
6140464	42	RESP=1
6147279	42	STIM=n
6151354	42	RESP=1
6163217	42	STIM=7
6167743	42	RESP=2
6179402	42	STIM=e
6182890	42	RESP=1
6196186	42	STIM=f
6200615	42	RESP=1
6214823	42	STIM=g
6223695	42	RESP=1
6230923	42	STIM=x
6234393	42	RESP=1
6245984	42	STIM=b
6250864	42	RESP=1
6260986	42	STIM=c
6265820	42	RESP=1
6278569	42	STIM=z
6283647	42	RESP=1
6295521	42	STIM=o
6300549	42	RESP=1
6313035	42	STIM=1
6317986	42	RESP=1
6328604	42	STIM=x
6333599	42	RESP=1
6343633	42	STIM=m
6349907	42	RESP=1
6359332	42	STIM=l
6363946	42	RESP=1
6376160	42	STIM=0
6380559	42	RESP=2
6391868	42	STIM=k
6396064	42	RESP=1
6409285	42	STIM=4
6416901	42	RESP=2
6425539	42	STIM=r
6429496	42	RESP=1
6441572	42	STIM=w
6447055	42	RESP=1
6458975	42	STIM=e
6465734	42	RESP=1
6474900	42	STIM=b
6480793	42	RESP=1
6492540	42	STIM=8
6497017	42	RESP=2
6511225	42	STIM=7
6516426	42	RESP=1
6528248	42	STIM=a
6534937	42	RESP=1
6545937	42	STIM=p
6552060	42	RESP=1
6562359	42	STIM=r
6568107	42	RESP=1
6580056	42	STIM=9
6585576	42	RESP=2
6598410	42	STIM=1
6605017	42	RESP=2
6616282	42	STIM=z
6621538	42	RESP=1
6631962	42	STIM=z
6635210	42	RESP=1
6649005	42	STIM=8
6657479	42	RESP=2
6664898	42	STIM=r
6668023	42	RESP=1
6681404	42	STIM=o
6687623	42	RESP=1
6700121	42	STIM=r
6708911	42	RESP=1
6715222	42	STIM=p
6720374	42	RESP=1
6733274	42	STIM=f
6737188	42	RESP=1
6751283	42	STIM=8
6759919	42	RESP=2
6769849	42	STIM=s
6773199	42	RESP=1
6787990	42	STIM=i
6793085	42	RESP=1
6805857	42	STIM=c
6809494	42	RESP=1
6822632	42	STIM=u
6826900	42	RESP=1
6841284	42	STIM=8
6845819	42	RESP=2
6856615	42	STIM=p
6860532	42	RESP=1
6872501	42	STIM=a
6878070	42	RESP=1
6891111	42	STIM=z
6894841	42	RESP=1
6906291	42	STIM=p
6910753	42	RESP=1
6923497	42	STIM=8
6929183	42	RESP=1
6939829	42	STIM=o
6944509	42	RESP=1
6958072	42	STIM=d
6963858	42	RESP=1
6975958	42	STIM=p
6983978	42	RESP=1
6992744	42	STIM=g
6997090	42	RESP=1
7007858	42	STIM=y
7012560	42	RESP=1
7025374	42	STIM=z
7030774	42	RESP=1
7043771	42	STIM=9
7048662	42	RESP=2
7059595	42	STIM=z
7064169	42	RESP=1
7077832	42	STIM=o
7082416	42	RESP=1
7096457	42	STIM=d
7101018	42	RESP=1
7112946	42	STIM=t
7119560	42	RESP=1
7128754	42	STIM=z
7134614	42	RESP=1
7145727	42	STIM=e
7149445	42	RESP=1
7161996	42	STIM=a
7166801	42	RESP=1
7178104	42	STIM=2
7183676	42	RESP=2
7193666	42	STIM=f
7198453	42	RESP=1
7208969	42	STIM=d
7214065	42	RESP=1
7225572	42	STIM=c
7228926	42	RESP=1
7242518	42	STIM=m
7248295	42	RESP=1
7258556	42	STIM=m
7262302	42	RESP=1
7274901	42	STIM=i
7282037	42	RESP=1
7292934	42	STIM=e
7296451	42	RESP=1
7308176	42	STIM=k
7315746	42	RESP=1
7325468	42	STIM=l
7330862	42	RESP=1
7341745	42	STIM=7
7346611	42	RESP=2
7360422	42	STIM=t
7363580	42	RESP=1
7376949	42	STIM=7
7380418	42	RESP=2
7394685	42	STIM=b
7399989	42	RESP=1
7410925	42	STIM=o
7414872	42	RESP=1
7427003	42	STIM=i
7433428	42	RESP=1
7445809	42	STIM=e
7449864	42	RESP=1
7464190	42	STIM=z
7468315	42	RESP=1
7479888	42	STIM=u
7485295	42	RESP=1
7495548	42	STIM=5
7499826	42	RESP=2
7514252	42	STIM=x
7523865	42	RESP=1
7529391	42	STIM=l
7532265	42	RESP=1
7544999	42	STIM=j
7548537	42	RESP=1
7562444	42	STIM=0
7567258	42	RESP=2
7581137	42	STIM=4
7584637	42	RESP=2
7598580	42	STIM=3
7604585	42	RESP=2
7614661	42	STIM=v
7618647	42	RESP=1
7630839	42	STIM=n
7635267	42	RESP=1
7648481	42	STIM=6
7656699	42	RESP=2
7666195	42	STIM=q
7670995	42	RESP=1
7684491	42	STIM=z
7690336	42	RESP=2
7701113	42	STIM=v
7705962	42	RESP=1
7719353	42	STIM=u
7721893	42	RESP=1
7736908	42	STIM=j
7749870	42	RESP=1
7752429	42	STIM=i
7756391	42	RESP=1
7769537	42	STIM=m
7773697	42	RESP=1
7785496	42	STIM=t
7790339	42	RESP=1
7801121	42	STIM=h
7804273	42	RESP=1
7816752	42	STIM=q
7821274	42	RESP=1
7835430	42	STIM=1
7839078	42	RESP=2
7852674	42	STIM=8
7859264	42	RESP=2
7869707	42	STIM=e
7875219	42	RESP=1
7886831	42	STIM=q
7890461	42	RESP=1
7902454	42	STIM=s
7906148	42	RESP=1
7917690	42	STIM=d
7922695	42	RESP=1
7935039	42	STIM=d
7939512	42	RESP=1
7952984	42	STIM=x
7959109	42	RESP=1
7971429	42	STIM=m
7981230	42	RESP=1
7987106	42	STIM=l
7991707	42	RESP=2
8002170	42	STIM=s
8005565	42	RESP=1
8020684	42	STIM=m
8024064	42	RESP=1
8039172	42	STIM=2
8046217	42	RESP=2
8054823	42	STIM=y
8057898	42	RESP=1
8070848	42	STIM=x
8074051	42	RESP=1
8088374	42	STIM=c
8090795	42	RESP=1
8105766	42	STIM=6
8111897	42	RESP=2
8123271	42	STIM=l
8129470	42	RESP=1
8139939	42	STIM=e
8143301	42	RESP=1
8157100	42	STIM=d
8162773	42	RESP=1
8172586	42	STIM=f
8179019	42	RESP=1
8190760	42	STIM=e
8199596	42	RESP=1
8206734	42	STIM=k
8214245	42	RESP=1
8223209	42	STIM=r
8226937	42	RESP=1
8239409	42	STIM=f
8244296	42	RESP=1
8255029	42	STIM=9
8260565	42	RESP=2
8271526	42	STIM=x
8276427	42	RESP=1
8286741	42	STIM=e
8289621	42	RESP=1
8305512	42	STIM=g
8308843	42	RESP=1
8321171	42	STIM=5
8329848	42	RESP=1
8337977	42	STIM=c
8342856	42	RESP=1
8354156	42	STIM=q
8361650	42	RESP=1
8373057	42	STIM=b
8379484	42	RESP=1
8390629	42	STIM=z
8393691	42	RESP=1
8407692	42	STIM=q
8411064	42	RESP=1
8425032	42	STIM=i
8428406	42	RESP=1
8443728	42	STIM=q
8448257	42	RESP=1
8459120	42	STIM=k
8466186	42	RESP=1
8475709	42	STIM=j
8482722	42	RESP=1
8491344	42	STIM=h
8494691	42	RESP=1
8509119	42	STIM=y
8512805	42	RESP=1
8525444	42	STIM=d
8531821	42	RESP=1
8544381	42	STIM=s
8549129	42	RESP=1
8562627	42	STIM=0
8569795	42	RESP=2
8580575	42	STIM=a
8584810	42	RESP=1
8596664	42	STIM=y
8601598	42	RESP=1
8612434	42	STIM=a
8619351	42	RESP=1
8628947	42	STIM=x
8632398	42	RESP=1
8644332	42	STIM=y
8648136	42	RESP=2
8662602	42	STIM=8
8669070	42	RESP=2
8680292	42	STIM=i
8684674	42	RESP=1
8698485	42	STIM=f
8706388	42	RESP=1
8714766	42	STIM=4
8717922	42	RESP=1
8729937	42	STIM=y
8735177	42	RESP=1
8748258	42	STIM=l
8751900	42	RESP=1
8766510	42	STIM=n
8772507	42	RESP=1
8782997	42	STIM=p
8785583	42	RESP=1
8801949	42	STIM=m
8807771	42	RESP=1
8817676	42	STIM=4
8823169	42	RESP=2
8833830	42	STIM=h
8838578	42	RESP=1
8849878	42	STIM=y
8860395	42	RESP=1
8865291	42	STIM=y
8870138	42	RESP=2
8881451	42	STIM=x
8888212	42	RESP=1
8898453	42	STIM=f
8905414	42	RESP=1
8916709	42	STIM=4
8924305	42	RESP=2
8932533	42	STIM=x
8935972	42	RESP=1
8950173	42	STIM=8
8954574	42	RESP=2
8967226	42	STIM=5
8972366	42	RESP=2
8985937	42	STIM=c
8992016	42	RESP=2
9003992	42	STIM=d
9008310	42	RESP=1
9022744	42	STIM=m
9028719	42	RESP=1
9037843	42	STIM=o
9042094	42	RESP=1
9055985	42	STIM=w
9062429	42	RESP=1
9074047	42	STIM=c
9078518	42	RESP=1
9090482	42	STIM=l
9098859	42	RESP=1
9105758	42	STIM=0
9110542	42	RESP=2
9122882	42	STIM=b
9128407	42	RESP=1
9138029	42	STIM=6
9142373	42	RESP=2
9156877	42	STIM=8
9162411	42	RESP=2
9174352	42	STIM=e
9179073	42	RESP=1
9192928	42	STIM=c
9197349	42	RESP=1
9210972	42	STIM=c
9214052	42	RESP=1
9228517	42	STIM=h
9234879	42	RESP=1
9244312	42	STIM=x
9247554	42	RESP=1
9261698	42	STIM=k
9264215	42	RESP=1
9278185	42	STIM=k
9281257	42	RESP=1
9296359	42	STIM=c
9299455	42	RESP=1
9313166	42	STIM=d
9319506	42	RESP=2
9330500	42	STIM=c
9333095	42	RESP=1
9345718	42	STIM=o
9348341	42	RESP=1
9362225	42	STIM=f
9365280	42	RESP=1
9378655	42	STIM=z
9383564	42	RESP=1
9395873	42	STIM=t
9399697	42	RESP=1
9413874	42	STIM=j
9423148	42	RESP=1
9431303	42	STIM=j
9436770	42	RESP=1
9446897	42	STIM=m
9451276	42	RESP=1
9464719	42	STIM=q
9474476	42	RESP=2
9480113	42	STIM=p
9484536	42	RESP=1
9497716	42	STIM=y
9505418	42	RESP=1
9514332	42	STIM=x
9517699	42	RESP=1
9531463	42	STIM=b
9538742	42	RESP=1
9550409	42	STIM=6
9558183	42	RESP=2
9567095	42	STIM=4
9571715	42	RESP=2
9583375	42	STIM=x
9591670	42	RESP=1
9600973	42	STIM=1
9607194	42	RESP=1
9619492	42	STIM=5
9625298	42	RESP=2
9635718	42	STIM=g
9640074	42	RESP=1
9651883	42	STIM=c
9657197	42	RESP=1
9668116	42	STIM=a
9671502	42	RESP=1
9685274	42	STIM=a
9687995	42	RESP=1
9700798	42	STIM=5
9705172	42	RESP=2
9719140	42	STIM=p
9722671	42	RESP=1
9736725	42	STIM=u
9741383	42	RESP=1
9754399	42	STIM=m
9761575	42	RESP=1
9769589	42	STIM=o
9773225	42	RESP=1
9787344	42	STIM=l
9790797	42	RESP=1
9802673	42	STIM=2
9811728	42	RESP=1
9821566	42	STIM=s
9826745	42	RESP=1
9836791	42	STIM=n
9840624	42	RESP=1
9853753	42	STIM=s
9859718	42	RESP=1
9870904	42	STIM=s
9881113	42	RESP=1
9886468	42	STIM=l
9892487	42	RESP=1
9901668	42	STIM=v
9906865	42	RESP=1
9919299	42	STIM=8
9923438	42	RESP=2
9934309	42	STIM=0
9939627	42	RESP=2
9950752	42	STIM=a
9954777	42	RESP=1
9969195	42	STIM=s
9978184	42	RESP=1
9986471	42	STIM=d
9990464	42	RESP=1
10002558	42	STIM=2
10008391	42	RESP=2
10017762	42	STIM=e
10023458	42	RESP=1
10036397	42	STIM=h
10040210	42	RESP=1
10054069	42	STIM=z
10063979	42	RESP=1
10071892	42	STIM=8
10076816	42	RESP=2
10090799	42	STIM=o
10094382	42	RESP=1
10109122	42	STIM=j
10115807	42	RESP=1
10126100	42	STIM=w
10137914	42	RESP=1
10141672	42	STIM=o
10150730	42	RESP=1
10158678	42	STIM=5
10167605	42	RESP=2
10174271	42	STIM=8
10181218	42	RESP=2
10190148	42	STIM=d
10193376	42	RESP=1
10207413	42	STIM=g
10214220	42	RESP=1
10225368	42	STIM=1
10229914	42	RESP=2
10243658	42	STIM=m
10248318	42	RESP=1
10259455	42	STIM=i
10272394	42	RESP=1
10275394	42	STIM=1
10282464	42	RESP=2
10292718	42	STIM=a
10297812	42	RESP=1
10311129	42	STIM=6
10314975	42	RESP=2
10326582	42	STIM=f
10332256	42	RESP=1
10344456	42	STIM=0
10348559	42	RESP=2
10363269	42	STIM=x
10368911	42	RESP=1
10381811	42	STIM=l
10386535	42	RESP=1
10400618	42	STIM=g
10407987	42	RESP=1
10416353	42	STIM=z
10421475	42	RESP=1
10433665	42	STIM=w
10437407	42	RESP=1
10449308	42	STIM=s
10455984	42	RESP=1
10468054	42	STIM=s
10474825	42	RESP=1
10484948	42	STIM=q
10493184	42	RESP=1
10500579	42	STIM=l
10505689	42	RESP=1
10516111	42	STIM=4
10521622	42	RESP=2
10533764	42	STIM=r
10539141	42	RESP=1
10552181	42	STIM=i
10555509	42	RESP=1
10567344	42	STIM=x
10572156	42	RESP=1
10583735	42	STIM=f
10588277	42	RESP=1
10600777	42	STIM=o
10603519	42	RESP=1
10618584	42	STIM=v
10624335	42	RESP=1
10637418	42	STIM=r
10641512	42	RESP=1
10655957	42	STIM=r
10660527	42	RESP=1
10673948	42	STIM=h
10682672	42	RESP=1
10691437	42	STIM=y
10697303	42	RESP=1
10706747	42	STIM=v
10713863	42	RESP=1
10725293	42	STIM=h
10729530	42	RESP=1
10742248	42	STIM=5
10745486	42	RESP=2
10757532	42	STIM=u
10762948	42	RESP=1
10775031	42	STIM=1
10780790	42	RESP=2
10792143	42	STIM=z
10794860	42	RESP=1
10810905	42	STIM=s
10814621	42	RESP=1
10827968	42	STIM=d
10835515	42	RESP=1
10845435	42	STIM=f
10851911	42	RESP=1
10861394	42	STIM=c
10869067	42	RESP=1
10877662	42	STIM=z
10888974	42	RESP=1
10892690	42	STIM=c
10898452	42	RESP=1
10908292	42	STIM=x
10913968	42	RESP=1
10925652	42	STIM=d
10930318	42	RESP=1
10940704	42	STIM=m
10946668	42	RESP=1
10958386	42	STIM=w
10967718	42	RESP=1
10977246	42	STIM=1
10983305	42	RESP=2
10994389	42	STIM=i
10997007	42	RESP=1
11009560	42	STIM=k
11012636	42	RESP=1
11026327	42	STIM=1
11031446	42	RESP=1
11043065	42	STIM=a
11047482	42	RESP=1
11059711	42	STIM=p
11065786	42	RESP=1
11078110	42	STIM=g
11081104	42	RESP=1
11094699	42	STIM=k
11099351	42	RESP=1
11111949	42	STIM=g
11115990	42	RESP=1
11127610	42	STIM=o
11136480	42	RESP=1
11144557	42	STIM=p
11147440	42	RESP=1
11163546	42	STIM=8
11168092	42	RESP=2
11179117	42	STIM=d
11185181	42	RESP=1
11197437	42	STIM=k
11204117	42	RESP=1
11216110	42	STIM=2
11225030	42	RESP=2
11231315	42	STIM=i
11234816	42	RESP=1
11246412	42	STIM=u
11250833	42	RESP=1
11264065	42	STIM=n
11271068	42	RESP=1
11280029	42	STIM=b
11283330	42	RESP=1
11298435	42	STIM=e
11302399	42	RESP=1
11316821	42	STIM=d
11320909	42	RESP=1
11335542	42	STIM=t
11341590	42	RESP=1
11352448	42	STIM=2
11358442	42	RESP=2
11369362	42	STIM=v
11374341	42	RESP=1
11387441	42	STIM=i
11390561	42	RESP=1
11404878	42	STIM=s
11411161	42	RESP=1
11420391	42	STIM=l
11426245	42	RESP=1
11438810	42	STIM=m
11443407	42	RESP=1
11456670	42	STIM=x
11464265	42	RESP=1
11472590	42	STIM=c
11478860	42	RESP=1
11490131	42	STIM=e
11494627	42	RESP=1
11507231	42	STIM=k
11510171	42	RESP=1
11523958	42	STIM=z
11527925	42	RESP=1
11542457	42	STIM=g
11548792	42	RESP=1
11558060	42	STIM=j
11561108	42	RESP=1
11576703	42	STIM=8
11583436	42	RESP=1
11593566	42	STIM=7
11601264	42	RESP=2
11609788	42	STIM=o
11615290	42	RESP=1
11626443	42	STIM=v
11629227	42	RESP=1
11643150	42	STIM=j
11649395	42	RESP=1
11659562	42	STIM=v
11663030	42	RESP=1
11677890	42	STIM=w
11685457	42	RESP=1
11696864	42	STIM=c
11701480	42	RESP=1
11713607	42	STIM=f
11717836	42	RESP=1
11729962	42	STIM=n
11735002	42	RESP=1
11745720	42	STIM=a
11753296	42	RESP=1
11761918	42	STIM=s
11773730	42	RESP=1
11779327	42	STIM=f
11782853	42	RESP=1
11797799	42	STIM=7
11806547	42	RESP=2
11816253	42	STIM=m
11826026	42	RESP=1
11832087	42	STIM=7
11837962	42	RESP=2
11850709	42	STIM=l
11854609	42	RESP=1
11866581	42	STIM=k
11870833	42	RESP=1
11885452	42	STIM=m
11892502	42	RESP=1
11903352	42	STIM=i
11907004	42	RESP=1
11919418	42	STIM=o
11922224	42	RESP=1
11934536	42	STIM=4
11939182	42	RESP=2
11949689	42	STIM=g
11953378	42	RESP=1
11966038	42	STIM=1
11972703	42	RESP=2
11982358	42	STIM=s
11986306	42	RESP=1
11999492	42	STIM=p
12003509	42	RESP=1
12018332	42	STIM=n
12025386	42	RESP=1
12036763	42	STIM=e
12042495	42	RESP=1
12052607	42	STIM=y
12056525	42	RESP=1
12071315	42	STIM=6
12078680	42	RESP=2
12089069	42	STIM=5
12095734	42	RESP=2
12105160	42	STIM=a
12109842	42	RESP=1
12121354	42	STIM=1
12129578	42	RESP=2
12139012	42	STIM=b
12143921	42	RESP=1
12157715	42	STIM=t
12163178	42	RESP=1
12175438	42	STIM=9
12179328	42	RESP=2
12190618	42	STIM=z
12197005	42	RESP=1
12209371	42	STIM=i
12212006	42	RESP=1
12225841	42	STIM=w
12234255	42	RESP=1
12242624	42	STIM=e
12248530	42	RESP=1
12259616	42	STIM=x
12265762	42	RESP=1
12277053	42	STIM=z
12282140	42	RESP=1
12295339	42	STIM=a
12299057	42	RESP=1
12312076	42	STIM=j
12316262	42	RESP=1
12328183	42	STIM=i
12332061	42	RESP=1
12345391	42	STIM=g
12353733	42	RESP=1
12362308	42	STIM=u
12367692	42	RESP=1
12378173	42	STIM=f
12387811	42	RESP=2
12397132	42	STIM=9
12404482	42	RESP=1
12413723	42	STIM=g
12417865	42	RESP=1
12429618	42	STIM=q
12436330	42	RESP=1
12445780	42	STIM=l
12453898	42	RESP=1
12463480	42	STIM=n
12466997	42	RESP=1
12480908	42	STIM=z
12486554	42	RESP=1
12497185	42	STIM=r
12503319	42	RESP=1
12513537	42	STIM=i
12518377	42	RESP=1
12532068	42	STIM=z
12534488	42	RESP=1
12549092	42	STIM=e
12554332	42	RESP=1
12567009	42	STIM=g
12570062	42	RESP=1
12582744	42	STIM=r
12588620	42	RESP=1
12599061	42	STIM=z
12604206	42	RESP=1
12617618	42	STIM=p
12622650	42	RESP=1
12636106	42	STIM=1
12642555	42	RESP=2
12651563	42	STIM=0
12661221	42	RESP=2
12667656	42	STIM=8
12673947	42	RESP=2
12683982	42	STIM=l
12689125	42	RESP=1
12701878	42	STIM=b
12708842	42	RESP=1
12718484	42	STIM=x
12723735	42	RESP=1
12737449	42	STIM=o
12740577	42	RESP=1
12755482	42	STIM=h
12762188	42	RESP=1
12773852	42	STIM=a
12782112	42	RESP=1
12791469	42	STIM=j
12795433	42	RESP=1
12810327	42	STIM=z
12813487	42	RESP=1
12827007	42	STIM=w
12830869	42	RESP=1
12845015	42	STIM=b
12849762	42	RESP=1
12861034	42	STIM=a
12865011	42	RESP=1
12876825	42	STIM=g
12883572	42	RESP=2
12894658	42	STIM=m
12898692	42	RESP=1
12912268	42	STIM=5
12916699	42	RESP=2
12929563	42	STIM=f
12933704	42	RESP=1
12946305	42	STIM=i
12950777	42	RESP=1
12962984	42	STIM=i
12968469	42	RESP=1
12978125	42	STIM=e
12982932	42	RESP=1
12993234	42	STIM=l
12997289	42	RESP=1
13008759	42	STIM=u
13011525	42	RESP=1
13023961	42	STIM=h
13027755	42	RESP=1
13040117	42	STIM=9
13046171	42	RESP=2
13056032	42	STIM=i
13058342	42	RESP=1
13072041	42	STIM=l
13074881	42	RESP=1
13090359	42	STIM=i
13094464	42	RESP=1
13105965	42	STIM=5
13111920	42	RESP=2
13123397	42	STIM=k
13130063	42	RESP=1
13141224	42	STIM=z
13146920	42	RESP=1
13156599	42	STIM=r
13160101	42	RESP=1
13172511	42	STIM=5
13176110	42	RESP=2
13189341	42	STIM=c
13193147	42	RESP=1
13204627	42	STIM=d
13210888	42	RESP=1
13222015	42	STIM=q
13227997	42	RESP=1
13237101	42	STIM=j
13240132	42	RESP=2
13253117	42	STIM=l
13257259	42	RESP=1
13268155	42	STIM=p
13274482	42	RESP=1
13284493	42	STIM=z
13288087	42	RESP=1
13300128	42	STIM=f
13303881	42	RESP=1
13318433	42	STIM=w
13323031	42	RESP=1
13334267	42	STIM=r
13337444	42	RESP=1
13349518	42	STIM=e
13357036	42	RESP=1
13368073	42	STIM=n
13372801	42	RESP=1
13383685	42	STIM=s
13386665	42	RESP=1
13400661	42	STIM=f
13407163	42	RESP=1
13418792	42	STIM=g
13422813	42	RESP=1
13435031	42	STIM=y
13438603	42	RESP=1
13453751	42	STIM=9
13458507	42	RESP=2
13472610	42	STIM=q
13475945	42	RESP=1
13489156	42	STIM=c
13493576	42	RESP=1
13505451	42	STIM=m
13511905	42	RESP=1
13521520	42	STIM=h
13524789	42	RESP=1
13539454	42	STIM=k
13543790	42	RESP=1
13557398	42	STIM=k
13560861	42	RESP=1
13573327	42	STIM=o
13576450	42	RESP=1
13590599	42	STIM=n
13594587	42	RESP=1
13609473	42	STIM=i
13614730	42	RESP=1
13627940	42	STIM=l
13633285	42	RESP=1
13645547	42	STIM=l
13649649	42	RESP=1
13664053	42	STIM=t
13667202	42	RESP=1
13683001	42	STIM=l
13687012	42	RESP=1
13698982	42	STIM=r
13702831	42	RESP=1
13716495	42	STIM=a
13721454	42	RESP=1
13732876	42	STIM=7
13740087	42	RESP=2
13749162	42	STIM=e
13754446	42	RESP=1
13764761	42	STIM=h
13769155	42	RESP=1
13779982	42	STIM=w
13784191	42	RESP=1
13798795	42	STIM=c
13804427	42	RESP=1
13815761	42	STIM=u
13819441	42	RESP=1
13832734	42	STIM=m
13840437	42	RESP=1
13848329	42	STIM=w
13856951	42	RESP=1
13866891	42	STIM=q
13874869	42	RESP=1
13884609	42	STIM=7
13888075	42	RESP=1
13902046	42	STIM=n
13908520	42	RESP=1
13918412	42	STIM=n
13926587	42	RESP=1
13935345	42	STIM=c
13939059	42	RESP=1
13950497	42	STIM=9
13955122	42	RESP=2
13968915	42	STIM=j
13971958	42	RESP=1
13984478	42	STIM=h
13992639	42	RESP=1
14001154	42	STIM=5
14006267	42	RESP=2
14017207	42	STIM=d
14020904	42	RESP=1
14035244	42	STIM=e
14039115	42	RESP=1
14053769	42	STIM=u
14059180	42	RESP=1
14071659	42	STIM=1
14076114	42	RESP=2
14089585	42	STIM=f
14096114	42	RESP=1
14107806	42	STIM=o
14112419	42	RESP=1
14122951	42	STIM=y
14132414	42	RESP=1
14139715	42	STIM=b
14147651	42	RESP=1
14155174	42	STIM=y
14158103	42	RESP=1
14174037	42	STIM=l
14179649	42	RESP=1
14191399	42	STIM=5
14198535	42	RESP=2
14210082	42	STIM=h
14217869	42	RESP=1
14226289	42	STIM=e
14232458	42	RESP=1
14241947	42	STIM=m
14245743	42	RESP=1
14257334	42	STIM=v
14262194	42	RESP=1
14274774	42	STIM=u
14278609	42	RESP=1
14290258	42	STIM=u
14299150	42	RESP=1
14306368	42	STIM=y
14309531	42	RESP=1
14324267	42	STIM=x
14327838	42	RESP=1
14340896	42	STIM=x
14345636	42	RESP=1
14359431	42	STIM=q
14363160	42	RESP=1
14377006	42	STIM=o
14380920	42	RESP=1
14392857	42	STIM=f
14396409	42	RESP=1
14411269	42	STIM=v
14416105	42	RESP=1
14426958	42	STIM=5
14434844	42	RESP=2
14443731	42	STIM=w
14449113	42	RESP=1
14460725	42	STIM=0
14465387	42	RESP=2
14477721	42	STIM=e
14484513	42	RESP=1
14496512	42	STIM=t
14503272	42	RESP=1
14515418	42	STIM=7
14519333	42	RESP=2
14534396	42	STIM=x
14539734	42	RESP=1
14552482	42	STIM=z
14557012	42	RESP=1
14569190	42	STIM=s
14574050	42	RESP=1
14586687	42	STIM=e
14592369	42	RESP=1
14603963	42	STIM=r
14611066	42	RESP=1
14620095	42	STIM=j
14624041	42	RESP=1
14635210	42	STIM=i
14638343	42	RESP=1
14652417	42	STIM=r
14655781	42	RESP=1
14669662	42	STIM=h
14673531	42	RESP=1
14686726	42	STIM=e
14691482	42	RESP=1
14705380	42	STIM=t
14711721	42	RESP=1
14724193	42	STIM=t
14729740	42	RESP=1
14742566	42	STIM=u
14745934	42	RESP=1
14759775	42	STIM=o
14764917	42	RESP=1
14775619	42	STIM=r
14782661	42	RESP=1
14792707	42	STIM=d
14796679	42	RESP=1
14809011	42	STIM=p
14813163	42	RESP=2
14827990	42	STIM=y
14835230	42	RESP=1
14844764	42	STIM=u
14852373	42	RESP=1
14863666	42	STIM=p
14868985	42	RESP=1
14881115	42	STIM=y
14890450	42	RESP=1
14898417	42	STIM=q
14902643	42	RESP=1
14914198	42	STIM=z
14919230	42	RESP=1
14930472	42	STIM=g
14938873	42	RESP=1
14946240	42	STIM=g
14951591	42	RESP=1
14962104	42	STIM=9
14968173	42	RESP=2
14978865	42	STIM=i
14984593	42	RESP=1
14994767	42	STIM=2
15003628	42	RESP=1
15012469	42	STIM=s
15016684	42	RESP=1
15030735	42	STIM=z
15033607	42	RESP=1
15046194	42	STIM=e
15049540	42	RESP=1
15061793	42	STIM=v
15065591	42	RESP=1
15080792	42	STIM=n
15087230	42	RESP=1
15099629	42	STIM=z
15105075	42	RESP=1
15118168	42	STIM=c
15127689	42	RESP=1
15134163	42	STIM=i
15139121	42	RESP=1
15151669	42	STIM=j
15158491	42	RESP=1
15169239	42	STIM=e
15175923	42	RESP=1
15187056	42	STIM=3
15193168	42	RESP=2
15203601	42	STIM=9
15208164	42	RESP=2
15221108	42	STIM=n
15225631	42	RESP=1
15238908	42	STIM=5
15244346	42	RESP=2
15254887	42	STIM=6
15260928	42	RESP=2
15271325	42	STIM=l
15274855	42	RESP=1
15289001	42	STIM=y
15292754	42	RESP=1
15307605	42	STIM=0
15311570	42	RESP=2
15322758	42	STIM=i
15326136	42	RESP=1
15339045	42	STIM=j
15343902	42	RESP=1
15355975	42	STIM=n
15360539	42	RESP=1
15373132	42	STIM=b
15380976	42	RESP=1
15390030	42	STIM=a
15394803	42	RESP=1
15408743	42	STIM=c
15413304	42	RESP=1
15426170	42	STIM=h
15432228	42	RESP=1
15443340	42	STIM=k
15449096	42	RESP=1
15460348	42	STIM=a
15466997	42	RESP=1
15475354	42	STIM=a
15480138	42	RESP=1
15494316	42	STIM=c
15498235	42	RESP=1
15511211	42	STIM=p
15514686	42	RESP=1
15528495	42	STIM=y
15534292	42	RESP=1
15545362	42	STIM=x
15550486	42	RESP=1
15563139	42	STIM=l
15566322	42	RESP=1
15580555	42	STIM=l
15584457	42	RESP=1
15599467	42	STIM=1
15603695	42	RESP=2
15617576	42	STIM=f
15624600	42	RESP=1
15634796	42	STIM=9
15640722	42	RESP=2
15652303	42	STIM=3
15656767	42	RESP=2
15668259	42	STIM=h
15676211	42	RESP=1
15685659	42	STIM=d
15688428	42	RESP=1
15702286	42	STIM=x
15707160	42	RESP=1
15717685	42	STIM=g
15724819	42	RESP=1
15734312	42	STIM=u
15738525	42	RESP=1
15750354	42	STIM=e
15755767	42	RESP=1
15767884	42	STIM=2
15773406	42	RESP=1
15785447	42	STIM=i
15791048	42	RESP=1
15800916	42	STIM=2
15805126	42	RESP=2
15816184	42	STIM=e
15821796	42	RESP=1
15833698	42	STIM=z
15839021	42	RESP=1
15850708	42	STIM=e
15854535	42	RESP=1
15869569	42	STIM=z
15872524	42	RESP=1
15886371	42	STIM=v
15891514	42	RESP=1
15903954	42	STIM=7
15911444	42	RESP=2
15921123	42	STIM=q
15924453	42	RESP=1
15936625	42	STIM=v
15942283	42	RESP=1
15952397	42	STIM=0
15957943	42	RESP=2
15968488	42	STIM=f
15972327	42	RESP=1
15985515	42	STIM=2
15990322	42	RESP=2
16002182	42	STIM=v
16005998	42	RESP=1
16017677	42	STIM=5
16023018	42	RESP=2
16034816	42	STIM=b
16039299	42	RESP=1
16051632	42	STIM=l
16056977	42	RESP=1
16069434	42	STIM=l
16073522	42	RESP=1
16086344	42	STIM=k
16093149	42	RESP=1
16103230	42	STIM=r
16108391	42	RESP=1
16121272	42	STIM=r
16127232	42	RESP=1
16138239	42	STIM=m
16141659	42	RESP=1
16154914	42	STIM=h
16159439	42	RESP=1
16172788	42	STIM=b
16177802	42	RESP=1
16188911	42	STIM=b
16199208	42	RESP=2
16205329	42	STIM=c
16207960	42	RESP=1
16223255	42	STIM=j
16228992	42	RESP=1
16240646	42	STIM=i
16244653	42	RESP=1
16259154	42	STIM=v
16265102	42	RESP=1
16275096	42	STIM=6
16280752	42	RESP=2
16290235	42	STIM=j
16298158	42	RESP=1
16308826	42	STIM=y
16312034	42	RESP=1
16327630	42	STIM=m
16336070	42	RESP=1
16346559	42	STIM=p
16349573	42	RESP=1
16364206	42	STIM=t
16369228	42	RESP=1
16382157	42	STIM=2
16388449	42	RESP=2
16398551	42	STIM=e
16402252	42	RESP=1
16417061	42	STIM=c
16421969	42	RESP=1
16432226	42	STIM=j
16436400	42	RESP=2
16447914	42	STIM=d
16452645	42	RESP=2
16465146	42	STIM=k
16472466	42	RESP=1
16481840	42	STIM=2
16489161	42	RESP=1
16500622	42	STIM=8
16507953	42	RESP=2
16519314	42	STIM=e
16523262	42	RESP=1
16536747	42	STIM=d
16543008	42	RESP=2
16555657	42	STIM=4
16559772	42	RESP=2
16574021	42	STIM=e
16578945	42	RESP=1
16592247	42	STIM=e
16598185	42	RESP=1
16609518	42	STIM=7
16615211	42	RESP=2
16625138	42	STIM=g
16628950	42	RESP=1
16644040	42	STIM=p
16650244	42	RESP=1
16660807	42	STIM=c
16669066	42	RESP=1
16677936	42	STIM=4
16685441	42	RESP=1
16694884	42	STIM=8
16702839	42	RESP=2
16712905	42	STIM=5
16716884	42	RESP=2
16730254	42	STIM=d
16736099	42	RESP=1
16746828	42	STIM=i
16749457	42	RESP=1
16763694	42	STIM=r
16771224	42	RESP=1
16780136	42	STIM=r
16784911	42	RESP=2
16796059	42	STIM=x
16798741	42	RESP=1
16813327	42	STIM=a
16817566	42	RESP=1
16830193	42	STIM=8
16837977	42	RESP=2
16846291	42	STIM=3
16850678	42	RESP=2
16864605	42	STIM=n
16869750	42	RESP=1
16880378	42	STIM=s
16886046	42	RESP=1
16897148	42	STIM=n
16900551	42	RESP=1
16913072	42	STIM=q
16918702	42	RESP=1
16931619	42	STIM=b
16939435	42	RESP=1
16949663	42	STIM=0
16955957	42	RESP=2
16966431	42	STIM=i
16970608	42	RESP=1
16983208	42	STIM=0
16987866	42	RESP=1
16999732	42	STIM=e
17005183	42	RESP=1
17015450	42	STIM=o
17019769	42	RESP=1
17032115	42	STIM=9
17036720	42	RESP=2
17048947	42	STIM=j
17055760	42	RESP=1
17066942	42	STIM=k
17069963	42	RESP=1
17083707	42	STIM=f
17090946	42	RESP=1
17102112	42	STIM=a
17105641	42	RESP=1
17118139	42	STIM=p
17123313	42	RESP=1
17133906	42	STIM=8
17141339	42	RESP=2
17152150	42	STIM=o
17157460	42	RESP=1
17167365	42	STIM=f
17171213	42	RESP=1
17184813	42	STIM=j
17187939	42	RESP=1
17201391	42	STIM=e
17205114	42	RESP=1
17218329	42	STIM=a
17221807	42	RESP=1
17236061	42	STIM=g
17241294	42	RESP=1
17253271	42	STIM=z
17256991	42	RESP=1
17270092	42	STIM=f
17274535	42	RESP=1
17285287	42	STIM=c
17293845	42	RESP=1
17302042	42	STIM=z
17311408	42	RESP=1
17320533	42	STIM=c
17323756	42	RESP=1
17339227	42	STIM=r
17343565	42	RESP=1
17356533	42	STIM=9
17365553	42	RESP=2
17371828	42	STIM=n
17376073	42	RESP=1
17388167	42	STIM=t
17390868	42	RESP=1
17406366	42	STIM=3
17410633	42	RESP=2
17421774	42	STIM=o
17425277	42	RESP=1
17437210	42	STIM=o
17442202	42	RESP=1
17454240	42	STIM=v
17458013	42	RESP=1
17472005	42	STIM=v
17481255	42	RESP=1
17490678	42	STIM=g
17496365	42	RESP=1
17508546	42	STIM=y
17512271	42	RESP=1
17524394	42	STIM=x
17532671	42	RESP=1
17541895	42	STIM=w
17548126	42	RESP=1
17559751	42	STIM=7
17566785	42	RESP=2
17576879	42	STIM=8
17581539	42	RESP=2
17592296	42	STIM=o
17598029	42	RESP=1
17609585	42	STIM=3
17616211	42	RESP=2
17625734	42	STIM=7
17631185	42	RESP=2
17642314	42	STIM=n
17651993	42	RESP=1
17658548	42	STIM=w
17662853	42	RESP=1
17675390	42	STIM=q
17681312	42	RESP=1
17692778	42	STIM=2
17697130	42	RESP=2
17711220	42	STIM=x
17716273	42	RESP=1
17726972	42	STIM=6
17730910	42	RESP=1
17742234	42	STIM=a
17746071	42	RESP=1
17759423	42	STIM=g
17767968	42	RESP=1
17775535	42	STIM=d
17779671	42	RESP=1
17792814	42	STIM=6
17804520	42	RESP=2
17808670	42	STIM=0
17816726	42	RESP=2
17824550	42	STIM=w
17828958	42	RESP=1
17840283	42	STIM=f
17844727	42	RESP=1
17859175	42	STIM=m
17864975	42	RESP=1
17875071	42	STIM=8
17879070	42	RESP=2
17894028	42	STIM=m
17897114	42	RESP=1
17910475	42	STIM=s
17917259	42	RESP=1
17926961	42	STIM=w
17932307	42	RESP=1
17944409	42	STIM=q
17949518	42	RESP=1
17963203	42	STIM=s
17969696	42	RESP=1
17979594	42	STIM=u
17987676	42	RESP=1
17997396	42	STIM=k
18001908	42	RESP=1
18015958	42	STIM=q
18019086	42	RESP=1
18034849	42	STIM=y
18038181	42	RESP=1
18050340	42	STIM=v
18054074	42	RESP=1
18065587	42	STIM=g
18072069	42	RESP=1
18082190	42	STIM=o
18088477	42	RESP=1
18099373	42	STIM=f
18103632	42	RESP=1
18117887	42	STIM=7
18123161	42	RESP=2
18133665	42	STIM=p
18138468	42	RESP=1
18152652	42	STIM=q
18156229	42	RESP=1
18170603	42	STIM=5
18175331	42	RESP=2
18188135	42	STIM=a
18194815	42	RESP=1
18203417	42	STIM=q
18207932	42	RESP=1
18220946	42	STIM=v
18226053	42	RESP=1
18236879	42	STIM=h
18241611	42	RESP=1
18251944	42	STIM=x
18260635	42	RESP=1
18270849	42	STIM=w
18277675	42	RESP=1
18289238	42	STIM=u
18296838	42	RESP=1
18305706	42	STIM=5
18312651	42	RESP=1
18322171	42	STIM=4
18329051	42	RESP=2
18339985	42	STIM=k
18344116	42	RESP=1
18358812	42	STIM=5
18363283	42	RESP=2
18377103	42	STIM=d
18382677	42	RESP=1
18393227	42	STIM=h
18396694	42	RESP=2
18409428	42	STIM=k
18417024	42	RESP=1
18427172	42	STIM=7
18434001	42	RESP=2
18442477	42	STIM=y
18449007	42	RESP=1
18459182	42	STIM=z
18468287	42	RESP=1
18477072	42	STIM=3
18481215	42	RESP=2
18493144	42	STIM=1
18499797	42	RESP=2
18508852	42	STIM=2
18515167	42	RESP=1
18527732	42	STIM=g
18533745	42	RESP=1
18544092	42	STIM=r
18548428	42	RESP=1
18560184	42	STIM=z
18565750	42	RESP=1
18578061	42	STIM=e
18583491	42	RESP=1
18594477	42	STIM=j
18599230	42	RESP=1
18613329	42	STIM=a
18618368	42	RESP=1
18629435	42	STIM=k
18634346	42	RESP=1
18647434	42	STIM=6
18653965	42	RESP=2
18665812	42	STIM=j
18668795	42	RESP=1
18682095	42	STIM=8
18690217	42	RESP=2
18697507	42	STIM=a
18704869	42	RESP=1
18716339	42	STIM=f
18722751	42	RESP=1
18735069	42	STIM=b
18738929	42	RESP=1
18753330	42	STIM=v
18756344	42	RESP=1
18771300	42	STIM=8
18776592	42	RESP=2
18787178	42	STIM=g
18791677	42	RESP=1
18802686	42	STIM=c
18806162	42	RESP=1
18818301	42	STIM=p
18823405	42	RESP=1
18836642	42	STIM=v
18839669	42	RESP=1
18855351	42	STIM=t
18860948	42	RESP=1
18872766	42	STIM=e
18880040	42	RESP=1
18889594	42	STIM=3
18894516	42	RESP=2
18906865	42	STIM=j
18911036	42	RESP=1
18922105	42	STIM=v
18930260	42	RESP=1
18938987	42	STIM=u
18942646	42	RESP=1
18957600	42	STIM=3
18962197	42	RESP=2
18975399	42	STIM=k
18979620	42	RESP=1
18992695	42	STIM=6
18996996	42	RESP=1
19007711	42	STIM=y
19012631	42	RESP=1
19023569	42	STIM=5
19027559	42	RESP=2
19038729	42	STIM=t
19041546	42	RESP=1
19056960	42	STIM=s
19063180	42	RESP=1
19072743	42	STIM=z
19079679	42	RESP=1
19089192	42	STIM=v
19095716	42	RESP=1
19107884	42	STIM=i
19110655	42	RESP=1
19125741	42	STIM=p
19130236	42	RESP=1
19141137	42	STIM=k
19145711	42	RESP=1
19158922	42	STIM=8
19165032	42	RESP=2
19173931	42	STIM=8
19177233	42	RESP=2
19192680	42	STIM=u
19196237	42	RESP=1
19209892	42	STIM=w
19217091	42	RESP=1
19227579	42	STIM=x
19232160	42	RESP=1
19245084	42	STIM=i
19251309	42	RESP=1
19261705	42	STIM=h
19266601	42	RESP=1
19279107	42	STIM=f
19285558	42	RESP=1
19296341	42	STIM=q
19299321	42	RESP=1
19311497	42	STIM=5
19317785	42	RESP=2
19329427	42	STIM=3
19338754	42	RESP=2
19347548	42	STIM=x
19353943	42	RESP=1
19365737	42	STIM=l
19370393	42	RESP=1
19383341	42	STIM=s
19386684	42	RESP=1
19400114	42	STIM=0
19406168	42	RESP=2
19415270	42	STIM=6
19419322	42	RESP=2
19432941	42	STIM=x
19436841	42	RESP=1
19448322	42	STIM=c
19452832	42	RESP=1
19465342	42	STIM=e
19468757	42	RESP=2
19484271	42	STIM=5
19488856	42	RESP=2
19500331	42	STIM=7
19504864	42	RESP=2
19515364	42	STIM=2
19518946	42	RESP=2
19533503	42	STIM=e
19538454	42	RESP=1
19551978	42	STIM=i
19557161	42	RESP=1
19570312	42	STIM=i
19574174	42	RESP=1
19585956	42	STIM=l
19590347	42	RESP=1
19603991	42	STIM=p
19607854	42	RESP=1
19622258	42	STIM=d
19625944	42	RESP=1
19640004	42	STIM=5
19645409	42	RESP=2
19657312	42	STIM=6
19662414	42	RESP=2
19673185	42	STIM=d
19676929	42	RESP=1
19688286	42	STIM=u
19692439	42	RESP=1
19704211	42	STIM=r
19709595	42	RESP=1
19719349	42	STIM=6
19727440	42	RESP=2
19737993	42	STIM=6
19741795	42	RESP=2
19753188	42	STIM=x
19757575	42	RESP=1
19769074	42	STIM=b
19772241	42	RESP=1
19785742	42	STIM=6
19789513	42	RESP=2
19804346	42	STIM=h
19807323	42	RESP=1
19820836	42	STIM=w
19826535	42	RESP=1
19837707	42	STIM=s
19841080	42	RESP=1
19853270	42	STIM=c
19860540	42	RESP=1
19870730	42	STIM=x
19874929	42	RESP=1
19886287	42	STIM=c
19891498	42	RESP=1
19901829	42	STIM=g
19908884	42	RESP=1
19918329	42	STIM=f
19922921	42	RESP=1
19935349	42	STIM=q
19938205	42	RESP=1
19951055	42	STIM=l
19960485	42	RESP=1
19969511	42	STIM=x
19974432	42	RESP=1
19986979	42	STIM=1
19990642	42	RESP=2
20004485	42	STIM=s
20012029	42	RESP=1
20023467	42	STIM=z
20027734	42	RESP=1
20039166	42	STIM=k
20047495	42	RESP=1
20055741	42	STIM=e
20059679	42	RESP=1
20071863	42	STIM=5
20076447	42	RESP=2
20087127	42	STIM=y
20090311	42	RESP=1
20102312	42	STIM=y
20106126	42	RESP=1
20119098	42	STIM=y
20122011	42	RESP=1
20134659	42	STIM=r
20138126	42	RESP=1
20151768	42	STIM=o
20156899	42	RESP=1
20168489	42	STIM=x
20173264	42	RESP=1
20186604	42	STIM=l
20192315	42	RESP=1
20205523	42	STIM=l
20209516	42	RESP=1
20220842	42	STIM=7
20225165	42	RESP=2
20239359	42	STIM=o
20242823	42	RESP=1
20257512	42	STIM=f
20263689	42	RESP=1
20275661	42	STIM=w
20280714	42	RESP=1
20293563	42	STIM=b
20297250	42	RESP=1
20310847	42	STIM=r
20315783	42	RESP=1
20326570	42	STIM=2
20331886	42	RESP=2
20345529	42	STIM=q
20348553	42	RESP=1
20363303	42	STIM=k
20368379	42	RESP=2
20379450	42	STIM=l
20384695	42	RESP=1
20398303	42	STIM=s
20401620	42	RESP=1
20415284	42	STIM=q
20418583	42	RESP=1
20432702	42	STIM=6
20438751	42	RESP=2
20449108	42	STIM=x
20453223	42	RESP=1
20465428	42	STIM=m
20468486	42	RESP=1
20481580	42	STIM=0
20488111	42	RESP=2
20499635	42	STIM=6
20503949	42	RESP=2
20514793	42	STIM=f
20518475	42	RESP=1
20531038	42	STIM=o
20534658	42	RESP=1
20546080	42	STIM=r
20553755	42	RESP=1
20562129	42	STIM=x
20567095	42	RESP=1
20578270	42	STIM=s
20583417	42	RESP=1
20593677	42	STIM=w
20598585	42	RESP=1
20610991	42	STIM=j
20615212	42	RESP=1
20628745	42	STIM=x
20632344	42	RESP=2
20646691	42	STIM=s
20651112	42	RESP=1
20664520	42	STIM=8
20668874	42	RESP=2
20681702	42	STIM=k
20687424	42	RESP=1
20696946	42	STIM=x
20699503	42	RESP=1
20715013	42	STIM=c
20718178	42	RESP=1
20732723	42	STIM=y
20739906	42	RESP=1
20750342	42	STIM=u
20754326	42	RESP=1
20768264	42	STIM=v
20773713	42	RESP=1
20786255	42	STIM=x
20792400	42	RESP=1
20804000	42	STIM=y
20807032	42	RESP=1
20822376	42	STIM=l
20825708	42	RESP=1
20838222	42	STIM=1
20843747	42	RESP=2
20854170	42	STIM=m
20858632	42	RESP=1
20872627	42	STIM=7
20877529	42	RESP=1
20890439	42	STIM=v
20893411	42	RESP=1
20906445	42	STIM=n
20911295	42	RESP=1
20922322	42	STIM=s
20925514	42	RESP=1
20938438	42	STIM=c
20942685	42	RESP=1
20953794	42	STIM=c
20959352	42	RESP=1
20969867	42	STIM=m
20975468	42	RESP=1
20988689	42	STIM=u
20991551	42	RESP=1
21006485	42	STIM=o
21011377	42	RESP=1
21022611	42	STIM=a
21028224	42	RESP=1
21040990	42	STIM=n
21044650	42	RESP=1
21058736	42	STIM=d
21063128	42	RESP=1
21074091	42	STIM=c
21078774	42	RESP=1
21091465	42	STIM=c
21094346	42	RESP=1
21106609	42	STIM=u
21109687	42	RESP=1
21124610	42	STIM=h
21129885	42	RESP=1
21141608	42	STIM=h
21145102	42	RESP=1
21159836	42	STIM=f
21164605	42	RESP=1
21177232	42	STIM=e
21180137	42	RESP=1
21195094	42	STIM=e
21198206	42	RESP=1
21210371	42	STIM=o
21216416	42	RESP=1
21225929	42	STIM=5
21232131	42	RESP=1
21244111	42	STIM=y
21248672	42	RESP=1
21261074	42	STIM=u
21264354	42	RESP=1
21278181	42	STIM=6
21284942	42	RESP=2
21294363	42	STIM=d
21298943	42	RESP=1
21310084	42	STIM=m
21314625	42	RESP=1
21328652	42	STIM=s
21332120	42	RESP=1
21347008	42	STIM=f
21354877	42	RESP=1
21364898	42	STIM=o
21368843	42	RESP=1
21382523	42	STIM=m
21385957	42	RESP=1
21398121	42	STIM=n
21402419	42	RESP=1
21416289	42	STIM=3
21420492	42	RESP=2
21433826	42	STIM=t
21439032	42	RESP=1
21450654	42	STIM=t
21456596	42	RESP=1
21469603	42	STIM=f
21472626	42	RESP=1
21485571	42	STIM=2
21491688	42	RESP=2
21503680	42	STIM=2
21509823	42	RESP=2
21521759	42	STIM=t
21526931	42	RESP=1
21539405	42	STIM=3
21546530	42	RESP=2
21557833	42	STIM=m
21561683	42	RESP=2
21573274	42	STIM=s
21576907	42	RESP=1
21588898	42	STIM=d
21593645	42	RESP=1
21607583	42	STIM=t
21614730	42	RESP=1
21625027	42	STIM=s
21628899	42	RESP=1
21643124	42	STIM=t
21645493	42	RESP=1
21661500	42	STIM=p
21667834	42	RESP=1
21677597	42	STIM=j
21682920	42	RESP=1
21696315	42	STIM=p
21699751	42	RESP=1
21712045	42	STIM=i
21720675	42	RESP=1
21727064	42	STIM=s
21730073	42	RESP=1
21743918	42	STIM=f
21747420	42	RESP=1
21759505	42	STIM=c
21766195	42	RESP=1
21776307	42	STIM=e
21786492	42	RESP=1
