# Original filename: 0012_WCT_2017-06-26.log
# Time unit: 100 us
# RARECAT=digit
#
# Time	HHGG	Event
37007	42	STIM=g
43509	42	RESP=1
54521	42	STIM=a
63197	42	RESP=1
71903	42	STIM=g
76819	42	RESP=1
89998	42	STIM=e
95910	42	RESP=1
108770	42	STIM=a
118514	42	RESP=1
127337	42	STIM=u
132284	42	RESP=2
143055	42	STIM=h
147719	42	RESP=1
161725	42	STIM=i
170944	42	RESP=1
177317	42	STIM=3
186302	42	RESP=2
195450	42	STIM=h
198740	42	RESP=1
211002	42	STIM=z
216969	42	RESP=1
229627	42	STIM=m
234318	42	RESP=1
246417	42	STIM=y
253811	42	RESP=1
262681	42	STIM=z
271287	42	RESP=1
280044	42	STIM=c
286650	42	RESP=1
298597	42	STIM=5
304479	42	RESP=2
317366	42	STIM=s
323788	42	RESP=1
332726	42	STIM=b
337502	42	RESP=1
350839	42	STIM=q
356650	42	RESP=1
367588	42	STIM=c
370573	42	RESP=1
386235	42	STIM=f
391855	42	RESP=1
401464	42	STIM=9
409844	42	RESP=2
420445	42	STIM=b
427414	42	RESP=1
437229	42	STIM=v
440062	42	RESP=1
455168	42	STIM=p
462723	42	RESP=1
472444	42	STIM=8
481400	42	RESP=2
489896	42	STIM=n
495297	42	RESP=1
508308	42	STIM=5
516463	42	RESP=1
525133	42	STIM=s
530221	42	RESP=1
541610	42	STIM=s
548974	42	RESP=1
559899	42	STIM=o
568931	42	RESP=1
576015	42	STIM=o
580093	42	RESP=1
591692	42	STIM=l
599586	42	RESP=1
608222	42	STIM=v
613432	42	RESP=1
624801	42	STIM=2
630420	42	RESP=2
639998	42	STIM=g
646147	42	RESP=1
657467	42	STIM=z
668074	42	RESP=1
675778	42	STIM=y
680209	42	RESP=1
694622	42	STIM=x
697852	42	RESP=1
710612	42	STIM=0
719447	42	RESP=2
728722	42	STIM=m
732969	42	RESP=1
746438	42	STIM=y
753973	42	RESP=1
764120	42	STIM=w
770995	42	RESP=2
782372	42	STIM=2
788661	42	RESP=2
798378	42	STIM=j
804342	42	RESP=1
813494	42	STIM=v
819951	42	RESP=1
830066	42	STIM=m
833336	42	RESP=1
845753	42	STIM=m
848619	42	RESP=1
864276	42	STIM=3
868511	42	RESP=2
881748	42	STIM=0
886332	42	RESP=2
899102	42	STIM=v
904219	42	RESP=1
914344	42	STIM=7
926205	42	RESP=2
930264	42	STIM=g
934970	42	RESP=1
948142	42	STIM=u
953640	42	RESP=1
966752	42	STIM=2
974222	42	RESP=2
985502	42	STIM=q
990554	42	RESP=1
1002477	42	STIM=9
1010894	42	RESP=2
1017837	42	STIM=r
1023834	42	RESP=1
1034418	42	STIM=k
1042641	42	RESP=1
1052662	42	STIM=8
1058787	42	RESP=2
1071239	42	STIM=6
1078969	42	RESP=2
1087396	42	STIM=b
1090985	42	RESP=1
1105383	42	STIM=w
1115003	42	RESP=1
1121656	42	STIM=k
1125011	42	RESP=1
1137078	42	STIM=n
1145261	42	RESP=1
1154376	42	STIM=c
1157703	42	RESP=1
1172848	42	STIM=d
1175986	42	RESP=1
1190505	42	STIM=6
1200307	42	RESP=2
1208889	42	STIM=h
1214105	42	RESP=1
1225550	42	STIM=c
1232706	42	RESP=1
1242691	42	STIM=o
1247621	42	RESP=1
1259709	42	STIM=u
1264160	42	RESP=1
1275065	42	STIM=x
1281632	42	RESP=1
1293831	42	STIM=4
1298591	42	RESP=2
1309251	42	STIM=i
1313674	42	RESP=1
1325359	42	STIM=j
1332150	42	RESP=1
1343890	42	STIM=k
1347100	42	RESP=1
1361554	42	STIM=p
1364535	42	RESP=1
1376930	42	STIM=k
1382944	42	RESP=1
1394944	42	STIM=p
1402682	42	RESP=2
1413279	42	STIM=z
1417421	42	RESP=1
1429692	42	STIM=s
1432971	42	RESP=1
1444854	42	STIM=0
1450579	42	RESP=2
1463317	42	STIM=n
1466841	42	RESP=2
1480810	42	STIM=2
1485333	42	RESP=1
1496568	42	STIM=3
1501632	42	RESP=2
1514730	42	STIM=p
1520612	42	RESP=1
1531767	42	STIM=z
1537067	42	RESP=1
1547738	42	STIM=i
1558921	42	RESP=2
1564538	42	STIM=e
1571910	42	RESP=1
1582175	42	STIM=3
1589503	42	RESP=2
1599614	42	STIM=k
1603321	42	RESP=1
1617853	42	STIM=b
1625666	42	RESP=1
1633920	42	STIM=t
1642529	42	RESP=1
1652436	42	STIM=l
1655735	42	RESP=1
1670828	42	STIM=2
1680147	42	RESP=1
1687197	42	STIM=2
1692765	42	RESP=2
1706121	42	STIM=1
1712504	42	RESP=2
1724785	42	STIM=i
1731240	42	RESP=1
1740838	42	STIM=t
1744558	42	RESP=1
1758814	42	STIM=8
1763135	42	RESP=2
1776511	42	STIM=h
1782627	42	RESP=2
1795322	42	STIM=w
1800987	42	RESP=1
1814221	42	STIM=o
1819615	42	RESP=1
1832109	42	STIM=v
1839205	42	RESP=1
1848165	42	STIM=5
1852748	42	RESP=2
1865639	42	STIM=u
1868323	42	RESP=1
1881753	42	STIM=c
1887453	42	RESP=1
1897539	42	STIM=c
1905525	42	RESP=1
1914143	42	STIM=o
1921177	42	RESP=1
1931485	42	STIM=1
1943124	42	RESP=2
1947220	42	STIM=m
1954806	42	RESP=1
1962835	42	STIM=f
1973154	42	RESP=1
1981827	42	STIM=q
1990529	42	RESP=1
1997842	42	STIM=u
2005041	42	RESP=1
2013134	42	STIM=g
2017747	42	RESP=1
2028343	42	STIM=5
2034481	42	RESP=2
2046038	42	STIM=z
2050910	42	RESP=1
2062965	42	STIM=9
2070076	42	RESP=2
2081249	42	STIM=7
2087877	42	RESP=2
2098061	42	STIM=b
2102464	42	RESP=1
2116913	42	STIM=y
2124612	42	RESP=1
2133952	42	STIM=i
2137853	42	RESP=1
2152129	42	STIM=4
2156472	42	RESP=1
2169760	42	STIM=7
2175313	42	RESP=2
2188372	42	STIM=5
2193154	42	RESP=2
2206885	42	STIM=a
2214322	42	RESP=1
2225777	42	STIM=1
2232211	42	RESP=2
2241032	42	STIM=a
2247862	42	RESP=2
2259297	42	STIM=o
2263441	42	RESP=1
2276151	42	STIM=j
2289537	42	RESP=1
2291723	42	STIM=v
2297594	42	RESP=1
2310022	42	STIM=q
2315866	42	RESP=1
2325633	42	STIM=f
2331616	42	RESP=1
2341036	42	STIM=r
2345106	42	RESP=1
2356664	42	STIM=l
2365982	42	RESP=1
2374861	42	STIM=v
2379906	42	RESP=1
2390655	42	STIM=7
2400094	42	RESP=2
2409180	42	STIM=v
2413649	42	RESP=1
2425617	42	STIM=p
2430025	42	RESP=1
2443414	42	STIM=g
2448011	42	RESP=1
2461727	42	STIM=l
2472781	42	RESP=1
2479863	42	STIM=d
2487421	42	RESP=1
2496432	42	STIM=u
2499886	42	RESP=1
2512397	42	STIM=o
2517525	42	RESP=1
2530639	42	STIM=h
2537018	42	RESP=1
2545661	42	STIM=l
2550468	42	RESP=1
2563087	42	STIM=g
2567983	42	RESP=1
2580848	42	STIM=0
2585463	42	RESP=2
2599351	42	STIM=l
2603899	42	RESP=1
2617644	42	STIM=0
2624046	42	RESP=1
2633325	42	STIM=5
2642280	42	RESP=2
2650367	42	STIM=r
2654847	42	RESP=1
2666584	42	STIM=g
2670560	42	RESP=1
2684415	42	STIM=x
2690061	42	RESP=1
2700232	42	STIM=c
2706180	42	RESP=1
2719156	42	STIM=e
2725732	42	RESP=1
2735473	42	STIM=d
2739098	42	RESP=1
2753853	42	STIM=t
2757305	42	RESP=1
2768905	42	STIM=t
2772804	42	RESP=1
2784136	42	STIM=w
2789857	42	RESP=1
2800988	42	STIM=u
2805259	42	RESP=1
2819588	42	STIM=u
2825854	42	RESP=1
2835067	42	STIM=i
2839313	42	RESP=1
2850070	42	STIM=u
2854503	42	RESP=2
2865140	42	STIM=x
2868498	42	RESP=1
2881705	42	STIM=g
2886070	42	RESP=1
2896944	42	STIM=r
2904844	42	RESP=1
2912499	42	STIM=2
2919613	42	RESP=2
2927733	42	STIM=p
2931037	42	RESP=1
2944091	42	STIM=4
2954158	42	RESP=2
2960183	42	STIM=y
2966313	42	RESP=1
2976554	42	STIM=y
2981816	42	RESP=1
2994195	42	STIM=c
2998311	42	RESP=1
3012117	42	STIM=4
3017707	42	RESP=2
3029579	42	STIM=n
3034329	42	RESP=1
3047471	42	STIM=v
3051282	42	RESP=1
3064046	42	STIM=a
3069350	42	RESP=1
3081666	42	STIM=u
3087233	42	RESP=1
3097670	42	STIM=m
3105396	42	RESP=2
3115359	42	STIM=h
3120808	42	RESP=1
3130662	42	STIM=p
3136669	42	RESP=1
3146037	42	STIM=w
3150036	42	RESP=1
3163839	42	STIM=v
3168826	42	RESP=1
3182653	42	STIM=k
3187890	42	RESP=1
3200699	42	STIM=q
3206377	42	RESP=1
3217151	42	STIM=b
3222366	42	RESP=1
3232767	42	STIM=d
3236224	42	RESP=1
3251102	42	STIM=4
3259002	42	RESP=2
3267217	42	STIM=8
3273946	42	RESP=2
3282507	42	STIM=5
3288922	42	RESP=2
3298900	42	STIM=x
3302693	42	RESP=1
3314202	42	STIM=p
3320951	42	RESP=1
3331141	42	STIM=y
3340840	42	RESP=1
3346997	42	STIM=p
3351998	42	RESP=1
3362262	42	STIM=y
3365433	42	RESP=1
3378970	42	STIM=n
3384314	42	RESP=2
3394815	42	STIM=i
3402336	42	RESP=1
3410591	42	STIM=a
3415445	42	RESP=1
3425878	42	STIM=o
3432759	42	RESP=1
3444774	42	STIM=t
3447979	42	RESP=1
3462948	42	STIM=g
3468751	42	RESP=1
3478073	42	STIM=4
3482790	42	RESP=2
3496172	42	STIM=z
3503427	42	RESP=1
3514792	42	STIM=e
3518679	42	RESP=1
3532808	42	STIM=8
3540495	42	RESP=2
3549667	42	STIM=0
3554553	42	RESP=1
3565637	42	STIM=d
3571301	42	RESP=1
3584241	42	STIM=s
3588363	42	RESP=1
3600536	42	STIM=l
3605303	42	RESP=1
3619462	42	STIM=i
3626077	42	RESP=1
3637917	42	STIM=x
3643171	42	RESP=1
3654436	42	STIM=h
3658495	42	RESP=1
3673221	42	STIM=o
3676871	42	RESP=1
3690333	42	STIM=s
3697171	42	RESP=1
3708709	42	STIM=1
3718634	42	RESP=2
3724820	42	STIM=b
3729598	42	RESP=1
3740398	42	STIM=o
3746302	42	RESP=1
3757654	42	STIM=q
3761958	42	RESP=1
3776065	42	STIM=o
3782712	42	RESP=1
3794461	42	STIM=g
3800122	42	RESP=2
3811247	42	STIM=n
3814478	42	RESP=2
3828328	42	STIM=t
3835627	42	RESP=1
3845799	42	STIM=9
3856917	42	RESP=2
3862997	42	STIM=p
3867780	42	RESP=1
3881951	42	STIM=t
3887350	42	RESP=1
3897128	42	STIM=c
3904627	42	RESP=1
3913356	42	STIM=8
3919347	42	RESP=2
3932178	42	STIM=0
3937978	42	RESP=2
3949454	42	STIM=d
3954065	42	RESP=1
3966954	42	STIM=n
3971935	42	RESP=1
3983064	42	STIM=u
3987195	42	RESP=1
3998098	42	STIM=5
4008410	42	RESP=2
4017031	42	STIM=5
4024709	42	RESP=2
4032728	42	STIM=y
4035570	42	RESP=1
4050106	42	STIM=t
4055700	42	RESP=1
4065392	42	STIM=s
4068425	42	RESP=2
4080618	42	STIM=w
4086741	42	RESP=1
4096691	42	STIM=f
4101590	42	RESP=1
4115569	42	STIM=7
4124069	42	RESP=2
4134521	42	STIM=5
4140661	42	RESP=2
4152061	42	STIM=q
4158522	42	RESP=1
4168175	42	STIM=3
4173548	42	RESP=2
4184539	42	STIM=j
4193051	42	RESP=1
4200485	42	STIM=c
4204062	42	RESP=1
4215670	42	STIM=l
4220320	42	RESP=1
4234284	42	STIM=s
4239687	42	RESP=1
4250399	42	STIM=i
4257067	42	RESP=1
4267552	42	STIM=9
4274940	42	RESP=1
4283120	42	STIM=a
4290845	42	RESP=1
4298362	42	STIM=s
4304197	42	RESP=2
4314586	42	STIM=b
4318077	42	RESP=1
4330994	42	STIM=r
4339362	42	RESP=1
4347716	42	STIM=3
4352961	42	RESP=2
4365475	42	STIM=5
4374218	42	RESP=2
4381039	42	STIM=4
4384735	42	RESP=2
4396544	42	STIM=h
4399609	42	RESP=1
4414147	42	STIM=u
4418181	42	RESP=1
4430254	42	STIM=y
4436123	42	RESP=1
4448839	42	STIM=6
4454394	42	RESP=2
4465684	42	STIM=n
4468640	42	RESP=1
4482930	42	STIM=a
4490393	42	RESP=1
4498042	42	STIM=9
4503163	42	RESP=1
4513447	42	STIM=a
4520829	42	RESP=1
4531961	42	STIM=z
4539197	42	RESP=1
4547829	42	STIM=o
4554347	42	RESP=1
4566350	42	STIM=x
4572811	42	RESP=1
4582121	42	STIM=k
4588864	42	RESP=1
4598240	42	STIM=h
4608045	42	RESP=1
4617001	42	STIM=u
4624798	42	RESP=1
4634967	42	STIM=t
4639593	42	RESP=1
4651273	42	STIM=z
4655136	42	RESP=1
4668307	42	STIM=n
4675464	42	RESP=1
4684415	42	STIM=8
4692703	42	RESP=2
4701312	42	STIM=q
4708254	42	RESP=1
4717416	42	STIM=j
4725111	42	RESP=1
4732933	42	STIM=v
4742768	42	RESP=1
4748818	42	STIM=b
4757697	42	RESP=1
4764305	42	STIM=8
4769486	42	RESP=2
4783209	42	STIM=2
4788358	42	RESP=2
4800280	42	STIM=z
4804677	42	RESP=1
4818988	42	STIM=y
4823996	42	RESP=1
4834796	42	STIM=f
4847300	42	RESP=1
4852586	42	STIM=8
4860173	42	RESP=2
4868320	42	STIM=i
4875632	42	RESP=1
4886291	42	STIM=o
4893696	42	RESP=1
4905100	42	STIM=2
4911693	42	RESP=2
4922933	42	STIM=t
4930150	42	RESP=1
4939482	42	STIM=r
4945949	42	RESP=1
4958379	42	STIM=l
4964508	42	RESP=1
4976378	42	STIM=q
4979495	42	RESP=1
4992351	42	STIM=q
4997979	42	RESP=1
5008193	42	STIM=r
5015947	42	RESP=1
5026970	42	STIM=8
5032980	42	RESP=2
5043465	42	STIM=g
5049530	42	RESP=1
5059794	42	STIM=t
5066949	42	RESP=1
5075325	42	STIM=i
5081888	42	RESP=1
5091210	42	STIM=s
5095799	42	RESP=1
5109957	42	STIM=q
5113108	42	RESP=1
5126861	42	STIM=q
5136452	42	RESP=1
5143601	42	STIM=e
5148963	42	RESP=1
5159213	42	STIM=2
5164392	42	RESP=2
5175739	42	STIM=v
5181754	42	RESP=1
5190931	42	STIM=2
5198351	42	RESP=1
5206559	42	STIM=d
5210824	42	RESP=1
5222842	42	STIM=i
5228531	42	RESP=1
5241826	42	STIM=8
5245952	42	RESP=2
5257100	42	STIM=y
5262536	42	RESP=1
5273323	42	STIM=x
5279912	42	RESP=1
5288549	42	STIM=j
5292738	42	RESP=1
5306938	42	STIM=6
5314894	42	RESP=2
5322225	42	STIM=s
5328888	42	RESP=1
5339129	42	STIM=g
5343507	42	RESP=1
5355706	42	STIM=u
5360694	42	RESP=1
5373182	42	STIM=w
5378025	42	RESP=1
5391699	42	STIM=8
5405017	42	RESP=2
5407683	42	STIM=s
5413555	42	RESP=1
5426067	42	STIM=r
5431911	42	RESP=1
5443719	42	STIM=7
5449501	42	RESP=2
5459718	42	STIM=r
5465720	42	RESP=1
5478025	42	STIM=t
5481839	42	RESP=1
5493476	42	STIM=1
5503077	42	RESP=2
5511392	42	STIM=w
5516074	42	RESP=1
5528431	42	STIM=y
5533237	42	RESP=1
5545315	42	STIM=s
5550444	42	RESP=2
5561908	42	STIM=7
5567739	42	RESP=2
5580576	42	STIM=i
5585902	42	RESP=1
5596965	42	STIM=2
5605532	42	RESP=2
5613434	42	STIM=8
5625548	42	RESP=2
5628625	42	STIM=l
5632001	42	RESP=1
5644722	42	STIM=5
5650863	42	RESP=2
5662157	42	STIM=e
5666729	42	RESP=1
5677710	42	STIM=x
5684971	42	RESP=1
5694930	42	STIM=g
5698587	42	RESP=1
5712655	42	STIM=f
5719870	42	RESP=1
5729471	42	STIM=y
5735308	42	RESP=1
5747435	42	STIM=f
5753240	42	RESP=2
5764994	42	STIM=0
5770589	42	RESP=1
5780732	42	STIM=5
5786116	42	RESP=2
5796588	42	STIM=o
5801443	42	RESP=1
5815537	42	STIM=g
5822994	42	RESP=1
5832010	42	STIM=d
5840244	42	RESP=1
5850296	42	STIM=l
5853465	42	RESP=1
5868292	42	STIM=l
5872513	42	RESP=2
5885262	42	STIM=k
5890347	42	RESP=1
5901164	42	STIM=s
5905866	42	RESP=1
5916236	42	STIM=c
5919670	42	RESP=1
5932304	42	STIM=s
5939363	42	RESP=1
5948115	42	STIM=d
5951687	42	RESP=1
5966164	42	STIM=8
5972556	42	RESP=2
5983218	42	STIM=3
5991559	42	RESP=2
6001309	42	STIM=n
6003964	42	RESP=1
6020091	42	STIM=4
6030090	42	RESP=2
6036830	42	STIM=t
6043912	42	RESP=1
6053773	42	STIM=v
6057692	42	RESP=1
6068911	42	STIM=w
6071990	42	RESP=1
6085428	42	STIM=u
6092449	42	RESP=1
6103720	42	STIM=2
6109371	42	RESP=2
6119094	42	STIM=a
6123228	42	RESP=2
6137731	42	STIM=u
6144347	42	RESP=1
6156215	42	STIM=b
6160270	42	RESP=1
6174329	42	STIM=s
6180414	42	RESP=1
6193260	42	STIM=k
6198907	42	RESP=1
6212120	42	STIM=3
6219094	42	RESP=2
6228245	42	STIM=v
6231600	42	RESP=1
6244347	42	STIM=h
6248275	42	RESP=1
6261509	42	STIM=a
6269156	42	RESP=1
6280181	42	STIM=h
6284846	42	RESP=1
6297733	42	STIM=b
6304493	42	RESP=1
6314454	42	STIM=q
6319586	42	RESP=1
6331537	42	STIM=5
6342983	42	RESP=2
6349866	42	STIM=w
6357004	42	RESP=1
6368850	42	STIM=8
6372576	42	RESP=2
6386683	42	STIM=d
6391485	42	RESP=1
6405100	42	STIM=h
6410526	42	RESP=1
6420929	42	STIM=6
6426023	42	RESP=2
6436560	42	STIM=t
6439682	42	RESP=1
6453414	42	STIM=x
6457583	42	RESP=2
6470325	42	STIM=s
6480351	42	RESP=1
6486767	42	STIM=m
6491597	42	RESP=1
6504270	42	STIM=t
6507808	42	RESP=1
6521057	42	STIM=1
6525359	42	RESP=2
6539304	42	STIM=4
6543459	42	RESP=1
6557929	42	STIM=p
6562527	42	RESP=1
6573831	42	STIM=y
6579410	42	RESP=1
6588855	42	STIM=0
6596749	42	RESP=2
6604938	42	STIM=g
6608218	42	RESP=1
6622535	42	STIM=n
6628273	42	RESP=1
6641160	42	STIM=k
6645837	42	RESP=1
6657111	42	STIM=v
6665016	42	RESP=1
6673557	42	STIM=2
6682200	42	RESP=2
6688880	42	STIM=j
6694864	42	RESP=1
6704893	42	STIM=a
6710252	42	RESP=1
6722216	42	STIM=c
6727585	42	RESP=1
6739081	42	STIM=t
6748245	42	RESP=1
6755070	42	STIM=a
6761967	42	RESP=1
6770648	42	STIM=i
6780935	42	RESP=1
6787613	42	STIM=b
6790827	42	RESP=1
6805668	42	STIM=e
6808782	42	RESP=1
6824466	42	STIM=g
6829390	42	RESP=1
6840901	42	STIM=o
6846608	42	RESP=1
6857012	42	STIM=o
6867538	42	RESP=1
6874691	42	STIM=o
6881893	42	RESP=1
6891546	42	STIM=7
6901706	42	RESP=1
6908100	42	STIM=m
6912883	42	RESP=1
6925427	42	STIM=6
6932509	42	RESP=2
6943923	42	STIM=r
6948930	42	RESP=1
6960934	42	STIM=b
6968654	42	RESP=1
6976396	42	STIM=c
6981154	42	RESP=1
6991559	42	STIM=z
6997709	42	RESP=1
7010498	42	STIM=e
7014837	42	RESP=1
7027417	42	STIM=n
7036854	42	RESP=1
7043202	42	STIM=q
7048873	42	RESP=1
7058375	42	STIM=t
7067267	42	RESP=1
7075757	42	STIM=z
7080263	42	RESP=1
7092896	42	STIM=u
7101126	42	RESP=1
7109682	42	STIM=g
7116753	42	RESP=1
7126543	42	STIM=p
7132606	42	RESP=1
7141618	42	STIM=f
7149034	42	RESP=1
7160500	42	STIM=5
7167357	42	RESP=2
7179236	42	STIM=c
7187478	42	RESP=1
7195864	42	STIM=f
7203417	42	RESP=1
7213489	42	STIM=a
7219537	42	RESP=1
7231499	42	STIM=k
7237479	42	RESP=1
7248339	42	STIM=6
7253342	42	RESP=2
7267162	42	STIM=m
7274969	42	RESP=1
7283861	42	STIM=e
7290778	42	RESP=1
7302025	42	STIM=z
7311876	42	RESP=1
7318351	42	STIM=z
7324767	42	RESP=1
7333980	42	STIM=x
7344965	42	RESP=1
7352578	42	STIM=y
7359143	42	RESP=1
7370495	42	STIM=r
7377965	42	RESP=1
7386355	42	STIM=m
7391463	42	RESP=1
7403543	42	STIM=q
7407704	42	RESP=2
7420411	42	STIM=j
7424306	42	RESP=1
7438197	42	STIM=b
7446482	42	RESP=1
7454644	42	STIM=i
7460495	42	RESP=1
7472923	42	STIM=u
7483841	42	RESP=1
7491837	42	STIM=f
7498152	42	RESP=1
7507366	42	STIM=g
7512541	42	RESP=1
7526212	42	STIM=t
7532686	42	RESP=1
7542513	42	STIM=6
7546412	42	RESP=2
7558833	42	STIM=m
7566173	42	RESP=1
7574941	42	STIM=6
7581486	42	RESP=2
7590301	42	STIM=y
7595053	42	RESP=2
7609145	42	STIM=m
7613965	42	RESP=1
7625860	42	STIM=r
7635643	42	RESP=1
7641248	42	STIM=t
7650774	42	RESP=1
7657032	42	STIM=4
7664053	42	RESP=2
7674658	42	STIM=k
7678846	42	RESP=1
7692165	42	STIM=9
7699624	42	RESP=2
7710989	42	STIM=f
7716353	42	RESP=2
7728477	42	STIM=h
7731646	42	RESP=1
7745636	42	STIM=s
7751406	42	RESP=1
7763069	42	STIM=k
7767760	42	RESP=1
7780813	42	STIM=i
7785577	42	RESP=1
7798410	42	STIM=k
7805074	42	RESP=2
7816686	42	STIM=n
7825342	42	RESP=1
7833666	42	STIM=w
7837771	42	RESP=1
7852607	42	STIM=e
7858817	42	RESP=1
7871304	42	STIM=7
7880791	42	RESP=1
7886979	42	STIM=w
7892261	42	RESP=1
7903092	42	STIM=b
7907480	42	RESP=1
7921388	42	STIM=c
7926356	42	RESP=1
7940366	42	STIM=h
7946176	42	RESP=1
7955813	42	STIM=o
7960926	42	RESP=1
7974119	42	STIM=p
7985715	42	RESP=1
7992490	42	STIM=q
7999135	42	RESP=1
8009868	42	STIM=r
8014291	42	RESP=1
8025312	42	STIM=8
8038063	42	RESP=2
8040701	42	STIM=0
8045328	42	RESP=2
8057611	42	STIM=w
8060962	42	RESP=1
8073039	42	STIM=f
8078323	42	RESP=1
8090365	42	STIM=v
8096248	42	RESP=2
8107225	42	STIM=l
8111131	42	RESP=1
8122584	42	STIM=w
8126987	42	RESP=1
8139034	42	STIM=p
8143250	42	RESP=1
8157045	42	STIM=z
8161774	42	RESP=1
8172710	42	STIM=z
8178345	42	RESP=1
8188557	42	STIM=v
8194817	42	RESP=1
8205531	42	STIM=w
8209005	42	RESP=1
8221180	42	STIM=t
8224631	42	RESP=1
8239878	42	STIM=7
8245266	42	RESP=2
8258595	42	STIM=a
8266894	42	RESP=1
8273632	42	STIM=3
8282772	42	RESP=2
8288920	42	STIM=x
8292053	42	RESP=1
8303987	42	STIM=r
8311077	42	RESP=1
8320389	42	STIM=a
8326293	42	RESP=1
8338761	42	STIM=j
8345673	42	RESP=1
8357415	42	STIM=3
8365422	42	RESP=2
8373569	42	STIM=e
8377323	42	RESP=2
8391802	42	STIM=m
8395853	42	RESP=1
8407800	42	STIM=m
8417502	42	RESP=2
8425067	42	STIM=5
8430926	42	RESP=1
8443524	42	STIM=j
8452964	42	RESP=1
8459667	42	STIM=t
8469454	42	RESP=1
8475939	42	STIM=7
8483479	42	RESP=2
8494509	42	STIM=r
8500869	42	RESP=2
8510584	42	STIM=k
8516198	42	RESP=1
8525962	42	STIM=9
8533466	42	RESP=2
8544751	42	STIM=m
8550954	42	RESP=1
8561654	42	STIM=d
8571508	42	RESP=1
8580204	42	STIM=b
8586104	42	RESP=1
8595496	42	STIM=v
8601329	42	RESP=1
8613201	42	STIM=w
8618427	42	RESP=1
8632174	42	STIM=2
8644362	42	RESP=2
8647988	42	STIM=t
8655548	42	RESP=2
8665702	42	STIM=y
8672707	42	RESP=1
8682479	42	STIM=t
8687545	42	RESP=1
8697646	42	STIM=j
8709658	42	RESP=1
8713790	42	STIM=3
8718119	42	RESP=2
8731455	42	STIM=v
8742373	42	RESP=1
8748645	42	STIM=c
8755491	42	RESP=1
8764720	42	STIM=5
8770464	42	RESP=2
8783269	42	STIM=q
8791556	42	RESP=1
8798940	42	STIM=s
8804047	42	RESP=1
8814396	42	STIM=t
8823689	42	RESP=1
8832609	42	STIM=8
8840765	42	RESP=2
8848566	42	STIM=l
8854189	42	RESP=1
8863716	42	STIM=v
8871296	42	RESP=1
8880855	42	STIM=n
8885258	42	RESP=1
8898934	42	STIM=l
8903843	42	RESP=1
8914762	42	STIM=f
8918282	42	RESP=1
8930014	42	STIM=u
8934933	42	RESP=1
8947956	42	STIM=m
8955478	42	RESP=1
8965199	42	STIM=3
8972097	42	RESP=1
8983147	42	STIM=c
8989642	42	RESP=1
9001315	42	STIM=n
9006866	42	RESP=1
9019886	42	STIM=6
9026445	42	RESP=2
9036101	42	STIM=k
9042269	42	RESP=1
9052064	42	STIM=s
9059654	42	RESP=1
9068173	42	STIM=m
9072116	42	RESP=1
9084211	42	STIM=z
9088179	42	RESP=1
9101828	42	STIM=k
9106097	42	RESP=1
9118413	42	STIM=e
9125542	42	RESP=1
9136283	42	STIM=f
9141149	42	RESP=1
9155073	42	STIM=q
9159805	42	RESP=2
9170096	42	STIM=m
9173872	42	RESP=1
9186553	42	STIM=4
9190419	42	RESP=2
9203747	42	STIM=g
9207487	42	RESP=1
9219249	42	STIM=r
9228761	42	RESP=2
9236374	42	STIM=3
9241550	42	RESP=2
9254324	42	STIM=b
9257747	42	RESP=1
9271487	42	STIM=v
9278136	42	RESP=1
9286829	42	STIM=k
9290686	42	RESP=1
9305586	42	STIM=i
9312784	42	RESP=1
9323760	42	STIM=y
9327346	42	RESP=1
9340201	42	STIM=f
9343197	42	RESP=1
9357801	42	STIM=s
9366104	42	RESP=1
9374382	42	STIM=j
9381180	42	RESP=1
9391843	42	STIM=c
9397610	42	RESP=1
9407089	42	STIM=d
9414284	42	RESP=1
9425825	42	STIM=j
9435501	42	RESP=1
9444764	42	STIM=o
9448568	42	RESP=1
9461795	42	STIM=t
9465647	42	RESP=1
9480324	42	STIM=l
9484163	42	RESP=1
9497735	42	STIM=u
9500657	42	RESP=1
9516733	42	STIM=w
9523008	42	RESP=1
9535348	42	STIM=o
9541687	42	RESP=1
9552159	42	STIM=g
9555162	42	RESP=1
9570927	42	STIM=v
9574601	42	RESP=1
9588755	42	STIM=y
9598254	42	RESP=1
9604698	42	STIM=y
9611172	42	RESP=2
9622731	42	STIM=o
9628502	42	RESP=1
9639706	42	STIM=y
9645899	42	RESP=1
9656490	42	STIM=l
9663628	42	RESP=1
9673952	42	STIM=i
9685216	42	RESP=1
9691889	42	STIM=j
9695054	42	RESP=1
9707669	42	STIM=z
9712175	42	RESP=1
9725138	42	STIM=g
9728625	42	RESP=1
9743432	42	STIM=v
9750396	42	RESP=1
9761177	42	STIM=9
9765989	42	RESP=2
9779628	42	STIM=n
9783035	42	RESP=1
9795033	42	STIM=r
9797726	42	RESP=1
9810517	42	STIM=h
9817594	42	RESP=1
9827441	42	STIM=5
9833228	42	RESP=2
9844529	42	STIM=b
9859014	42	RESP=1
9862996	42	STIM=w
9866561	42	RESP=1
9879307	42	STIM=k
9883631	42	RESP=1
9897313	42	STIM=2
9905069	42	RESP=2
9915494	42	STIM=i
9924887	42	RESP=1
9934203	42	STIM=b
9941768	42	RESP=1
9949338	42	STIM=d
9952878	42	RESP=1
9967044	42	STIM=e
9972027	42	RESP=1
9982683	42	STIM=2
9987240	42	RESP=2
9999185	42	STIM=o
10004463	42	RESP=1
10018071	42	STIM=l
10024489	42	RESP=1
10036224	42	STIM=j
10043138	42	RESP=1
10054079	42	STIM=8
10058838	42	RESP=2
10070767	42	STIM=x
10078364	42	RESP=1
10088002	42	STIM=z
10091279	42	RESP=1
10103399	42	STIM=0
10108240	42	RESP=2
10121304	42	STIM=6
10129751	42	RESP=2
10136480	42	STIM=m
10141772	42	RESP=1
10155076	42	STIM=w
10162076	42	RESP=1
10170937	42	STIM=o
10175644	42	RESP=1
10188895	42	STIM=h
10194618	42	RESP=1
10206895	42	STIM=u
10216364	42	RESP=2
10225642	42	STIM=m
10228938	42	RESP=1
10241781	42	STIM=h
10248669	42	RESP=1
10258579	42	STIM=a
10265515	42	RESP=1
10274393	42	STIM=x
10278525	42	RESP=1
10290029	42	STIM=x
10296939	42	RESP=1
10307013	42	STIM=9
10314281	42	RESP=2
10324608	42	STIM=b
10331006	42	RESP=1
10340423	42	STIM=x
10345919	42	RESP=1
10358810	42	STIM=t
10366280	42	RESP=1
10374317	42	STIM=v
10378479	42	RESP=1
10390785	42	STIM=e
10395218	42	RESP=1
10406764	42	STIM=q
10412704	42	RESP=1
10424124	42	STIM=t
10428985	42	RESP=1
10439774	42	STIM=f
10444840	42	RESP=1
10455296	42	STIM=1
10460756	42	RESP=2
10473051	42	STIM=0
10480018	42	RESP=2
10488062	42	STIM=w
10493895	42	RESP=1
10503852	42	STIM=d
10507937	42	RESP=1
10522624	42	STIM=9
10529759	42	RESP=2
10539559	42	STIM=q
10544658	42	RESP=1
10557727	42	STIM=b
10564338	42	RESP=1
10573859	42	STIM=h
10579792	42	RESP=1
10589157	42	STIM=6
10595324	42	RESP=2
10606190	42	STIM=j
10610276	42	RESP=1
10621302	42	STIM=l
10626270	42	RESP=1
10636522	42	STIM=o
10645097	42	RESP=1
10653363	42	STIM=u
10657984	42	RESP=1
10671376	42	STIM=z
10680412	42	RESP=1
10688256	42	STIM=e
10691895	42	RESP=1
10706675	42	STIM=y
10715897	42	RESP=1
10724994	42	STIM=l
10735106	42	RESP=1
10742578	42	STIM=d
10746361	42	RESP=1
10759956	42	STIM=t
10763746	42	RESP=1
10776013	42	STIM=q
10780856	42	RESP=1
10793202	42	STIM=b
10801849	42	RESP=1
10811402	42	STIM=d
10814642	42	RESP=1
10829866	42	STIM=d
10834213	42	RESP=1
10845870	42	STIM=m
10850848	42	RESP=1
10863609	42	STIM=l
10866495	42	RESP=1
10880357	42	STIM=6
10887093	42	RESP=2
10896768	42	STIM=n
10904238	42	RESP=1
10914576	42	STIM=p
10920990	42	RESP=1
10931219	42	STIM=o
10935794	42	RESP=1
10948614	42	STIM=k
10951468	42	RESP=1
10964441	42	STIM=l
10968223	42	RESP=1
10980208	42	STIM=4
10986301	42	RESP=2
10995242	42	STIM=q
10999439	42	RESP=1
11011464	42	STIM=8
11022223	42	RESP=1
11029076	42	STIM=y
11036059	42	RESP=1
11047864	42	STIM=h
11055768	42	RESP=1
11066560	42	STIM=h
11077624	42	RESP=1
11082577	42	STIM=g
11092077	42	RESP=1
11100901	42	STIM=l
11104770	42	RESP=1
11119872	42	STIM=r
11127612	42	RESP=1
11135898	42	STIM=8
11140950	42	RESP=2
11153757	42	STIM=z
11157962	42	RESP=2
11170930	42	STIM=q
11176260	42	RESP=1
11189161	42	STIM=y
11194564	42	RESP=1
11204663	42	STIM=u
11209601	42	RESP=1
11222419	42	STIM=h
11229425	42	RESP=1
11240308	42	STIM=7
11245346	42	RESP=2
11258224	42	STIM=b
11261374	42	RESP=1
11276407	42	STIM=h
11279949	42	RESP=1
11294633	42	STIM=b
11298153	42	RESP=2
11313021	42	STIM=k
11315923	42	RESP=1
11331033	42	STIM=s
11335207	42	RESP=1
11346325	42	STIM=l
11352387	42	RESP=1
11363705	42	STIM=p
11368341	42	RESP=1
11381964	42	STIM=6
11386963	42	RESP=1
11398686	42	STIM=m
11404119	42	RESP=1
11416622	42	STIM=u
11421191	42	RESP=1
11434885	42	STIM=o
11439843	42	RESP=1
11451919	42	STIM=o
11458729	42	RESP=1
11467372	42	STIM=1
11474256	42	RESP=1
11485000	42	STIM=y
11490422	42	RESP=1
11503947	42	STIM=2
11509796	42	RESP=1
11522917	42	STIM=i
11529391	42	RESP=1
11540453	42	STIM=y
11545950	42	RESP=1
11556295	42	STIM=e
11560273	42	RESP=1
11572524	42	STIM=t
11576655	42	RESP=2
11590546	42	STIM=p
11596176	42	RESP=1
11607625	42	STIM=v
11610604	42	RESP=1
11624321	42	STIM=7
11633716	42	RESP=2
11643128	42	STIM=m
11646778	42	RESP=1
11661460	42	STIM=r
11668737	42	RESP=1
11679506	42	STIM=b
11686364	42	RESP=1
11695160	42	STIM=d
11698509	42	RESP=1
11711456	42	STIM=l
11717015	42	RESP=1
11728808	42	STIM=b
11735027	42	RESP=1
11745861	42	STIM=w
11752197	42	RESP=1
11760913	42	STIM=v
11768063	42	RESP=1
11776861	42	STIM=o
11780623	42	RESP=1
11792461	42	STIM=l
11798909	42	RESP=1
11807882	42	STIM=p
11813995	42	RESP=1
11824557	42	STIM=m
11831123	42	RESP=1
11842592	42	STIM=a
11848020	42	RESP=1
11861523	42	STIM=0
11867442	42	RESP=2
11878100	42	STIM=k
11885033	42	RESP=1
11895818	42	STIM=h
11900557	42	RESP=1
11911193	42	STIM=w
11914734	42	RESP=2
11929819	42	STIM=z
11934788	42	RESP=1
11948555	42	STIM=i
11957615	42	RESP=1
11965904	42	STIM=1
11971967	42	RESP=2
11983558	42	STIM=c
11990200	42	RESP=1
12002506	42	STIM=g
12007302	42	RESP=1
12021351	42	STIM=e
12027420	42	RESP=1
12037665	42	STIM=i
12042315	42	RESP=1
12054933	42	STIM=k
12058408	42	RESP=1
12071454	42	STIM=5
12084111	42	RESP=2
12089907	42	STIM=y
12096952	42	RESP=1
12106518	42	STIM=c
12111416	42	RESP=1
12123561	42	STIM=9
12131614	42	RESP=2
12141575	42	STIM=g
12150574	42	RESP=1
12157737	42	STIM=c
12164897	42	RESP=1
12173217	42	STIM=n
12181202	42	RESP=1
12189355	42	STIM=e
12196688	42	RESP=1
12204455	42	STIM=2
12214481	42	RESP=1
12221787	42	STIM=y
12230683	42	RESP=2
12240303	42	STIM=2
12247929	42	RESP=2
12256953	42	STIM=m
12262619	42	RESP=1
12271986	42	STIM=r
12277609	42	RESP=1
12288805	42	STIM=p
12292775	42	RESP=1
12307040	42	STIM=k
12315474	42	RESP=1
12322959	42	STIM=v
12326775	42	RESP=2
12341179	42	STIM=z
12347511	42	RESP=1
12356749	42	STIM=k
12360472	42	RESP=1
12372750	42	STIM=y
12376230	42	RESP=1
12390579	42	STIM=b
12396272	42	RESP=1
12409037	42	STIM=l
12412413	42	RESP=1
12426276	42	STIM=t
12433538	42	RESP=1
12442621	42	STIM=p
12451740	42	RESP=1
12461189	42	STIM=r
12470629	42	RESP=1
12477639	42	STIM=v
12483116	42	RESP=1
12494950	42	STIM=x
12499266	42	RESP=1
12512195	42	STIM=b
12517984	42	RESP=1
12530161	42	STIM=j
12538255	42	RESP=1
12547031	42	STIM=u
12553545	42	RESP=1
12563380	42	STIM=i
12570181	42	RESP=1
12578924	42	STIM=o
12586545	42	RESP=2
12595049	42	STIM=r
12602798	42	RESP=1
12610885	42	STIM=1
12618261	42	RESP=2
12626438	42	STIM=7
12634275	42	RESP=2
12643071	42	STIM=s
12647408	42	RESP=1
12661864	42	STIM=p
12669275	42	RESP=1
12679875	42	STIM=h
12686414	42	RESP=1
12698794	42	STIM=d
12706932	42	RESP=1
12716246	42	STIM=n
12719249	42	RESP=1
12735168	42	STIM=v
12739689	42	RESP=1
12751365	42	STIM=t
12759805	42	RESP=1
12769141	42	STIM=0
12774052	42	RESP=2
12786808	42	STIM=7
12795421	42	RESP=2
12802124	42	STIM=w
12806932	42	RESP=1
12819163	42	STIM=v
12826887	42	RESP=1
12835197	42	STIM=4
12842809	42	RESP=2
12852122	42	STIM=h
12856036	42	RESP=1
12870093	42	STIM=b
12878013	42	RESP=1
12887399	42	STIM=e
12894259	42	RESP=1
12903446	42	STIM=8
12912949	42	RESP=2
12919868	42	STIM=g
12923263	42	RESP=1
12936078	42	STIM=e
12940893	42	RESP=1
12954852	42	STIM=s
12960975	42	RESP=1
12973295	42	STIM=b
12976553	42	RESP=1
12990241	42	STIM=t
12993006	42	RESP=1
13009113	42	STIM=u
13013694	42	RESP=1
13024751	42	STIM=0
13036944	42	RESP=2
13040492	42	STIM=p
13046709	42	RESP=1
13058531	42	STIM=q
13065624	42	RESP=1
13075064	42	STIM=7
13080961	42	RESP=2
13093042	42	STIM=u
13096856	42	RESP=1
13109587	42	STIM=e
13116043	42	RESP=1
13126744	42	STIM=y
13132996	42	RESP=1
13142618	42	STIM=j
13146944	42	RESP=1
13158029	42	STIM=w
13163348	42	RESP=1
13174521	42	STIM=w
13182874	42	RESP=1
13190153	42	STIM=k
13194451	42	RESP=2
13208282	42	STIM=2
13215128	42	RESP=2
13224440	42	STIM=p
13228285	42	RESP=1
13240199	42	STIM=h
13244494	42	RESP=1
13258494	42	STIM=r
13263529	42	RESP=1
13277383	42	STIM=c
13283072	42	RESP=1
13293200	42	STIM=y
13301394	42	RESP=2
13310186	42	STIM=f
13313997	42	RESP=1
13327674	42	STIM=v
13334479	42	RESP=1
13343767	42	STIM=z
13350308	42	RESP=1
13360390	42	STIM=s
13366822	42	RESP=1
13377176	42	STIM=t
13385323	42	RESP=1
13392828	42	STIM=6
13397590	42	RESP=2
13410826	42	STIM=f
13415330	42	RESP=1
13427652	42	STIM=x
13432026	42	RESP=1
13445609	42	STIM=f
13451236	42	RESP=1
13461138	42	STIM=h
13466625	42	RESP=1
13478360	42	STIM=f
13484269	42	RESP=1
13494770	42	STIM=w
13506619	42	RESP=1
13511136	42	STIM=l
13516138	42	RESP=1
13529700	42	STIM=g
13535750	42	RESP=1
13547711	42	STIM=9
13553294	42	RESP=2
13565717	42	STIM=g
13568611	42	RESP=1
13582610	42	STIM=q
13586439	42	RESP=1
13600591	42	STIM=m
13605335	42	RESP=1
13616971	42	STIM=u
13620012	42	RESP=1
13632429	42	STIM=h
13638132	42	RESP=1
13648007	42	STIM=x
13658583	42	RESP=2
13665228	42	STIM=o
13668085	42	RESP=1
13681175	42	STIM=u
13690477	42	RESP=1
13697033	42	STIM=w
13702511	42	RESP=1
13713830	42	STIM=9
13720407	42	RESP=2
13729658	42	STIM=r
13737974	42	RESP=1
13746181	42	STIM=6
13752126	42	RESP=2
13764310	42	STIM=2
13769913	42	RESP=1
13781054	42	STIM=r
13788412	42	RESP=1
13797597	42	STIM=h
13800712	42	RESP=1
13814212	42	STIM=s
13821352	42	RESP=2
13831439	42	STIM=f
13837164	42	RESP=1
13850405	42	STIM=8
13854377	42	RESP=2
13868797	42	STIM=j
13873101	42	RESP=1
13886569	42	STIM=k
13891685	42	RESP=1
13902324	42	STIM=l
13906782	42	RESP=1
13917654	42	STIM=k
13921718	42	RESP=1
13934301	42	STIM=q
13937982	42	RESP=1
13951353	42	STIM=f
13958205	42	RESP=1
13966675	42	STIM=3
13972510	42	RESP=1
13984908	42	STIM=g
13988826	42	RESP=1
14003768	42	STIM=i
14010821	42	RESP=1
14019867	42	STIM=9
14024795	42	RESP=1
14034935	42	STIM=o
14043424	42	RESP=1
14051929	42	STIM=e
14060227	42	RESP=1
14069889	42	STIM=m
14076370	42	RESP=1
14085319	42	STIM=y
14092280	42	RESP=1
14102932	42	STIM=w
14108195	42	RESP=1
14120082	42	STIM=f
14128025	42	RESP=1
14135460	42	STIM=p
14142029	42	RESP=1
14152401	42	STIM=u
14160810	42	RESP=1
14168971	42	STIM=o
14175678	42	RESP=1
14184283	42	STIM=j
14189843	42	RESP=1
14202835	42	STIM=y
14206873	42	RESP=1
14219044	42	STIM=b
14223143	42	RESP=2
14237084	42	STIM=g
14242404	42	RESP=1
14252453	42	STIM=g
14259612	42	RESP=1
14268703	42	STIM=m
14272945	42	RESP=1
14287513	42	STIM=h
14295168	42	RESP=1
14303748	42	STIM=x
14310372	42	RESP=1
14319844	42	STIM=q
14326658	42	RESP=1
14335546	42	STIM=o
14339431	42	RESP=1
14351425	42	STIM=4
14357809	42	RESP=2
14369761	42	STIM=p
14373858	42	RESP=1
14386432	42	STIM=f
14394169	42	RESP=1
14401549	42	STIM=o
14407132	42	RESP=1
14420278	42	STIM=p
14426271	42	RESP=1
14437199	42	STIM=s
14444871	42	RESP=1
14454863	42	STIM=8
14460474	42	RESP=2
14470616	42	STIM=u
14475153	42	RESP=1
14487515	42	STIM=r
14492057	42	RESP=1
14505557	42	STIM=d
14510474	42	RESP=1
14524352	42	STIM=b
14529743	42	RESP=1
14542958	42	STIM=k
14549809	42	RESP=1
14557965	42	STIM=e
14563909	42	RESP=1
14574072	42	STIM=l
14579233	42	RESP=1
14592468	42	STIM=u
14595437	42	RESP=1
14609297	42	STIM=s
14615301	42	RESP=1
14626836	42	STIM=c
14633607	42	RESP=1
14643021	42	STIM=3
14652449	42	RESP=2
14659456	42	STIM=u
14665312	42	RESP=1
14675172	42	STIM=r
14682517	42	RESP=1
14693029	42	STIM=6
14700916	42	RESP=2
14711238	42	STIM=o
14721242	42	RESP=1
14730191	42	STIM=8
14738672	42	RESP=2
14745325	42	STIM=6
14754019	42	RESP=1
14763187	42	STIM=5
14775495	42	RESP=2
14779071	42	STIM=f
14783364	42	RESP=1
14794553	42	STIM=y
14799503	42	RESP=1
14811577	42	STIM=q
14816684	42	RESP=1
14828064	42	STIM=d
14836474	42	RESP=1
14843968	42	STIM=i
14849510	42	RESP=1
14862298	42	STIM=r
14869749	42	RESP=1
14880937	42	STIM=2
14888720	42	RESP=2
14897952	42	STIM=h
14902500	42	RESP=1
14915025	42	STIM=t
14921457	42	RESP=1
14933614	42	STIM=a
14938218	42	RESP=1
14952087	42	STIM=6
14960523	42	RESP=2
14967559	42	STIM=1
14974340	42	RESP=2
14984885	42	STIM=1
14992249	42	RESP=2
15000706	42	STIM=u
15005016	42	RESP=1
15018479	42	STIM=z
15027904	42	RESP=1
15036046	42	STIM=o
15042525	42	RESP=1
15052388	42	STIM=4
15057578	42	RESP=1
15070369	42	STIM=0
15081011	42	RESP=1
15086409	42	STIM=6
15094058	42	RESP=2
15102267	42	STIM=g
15108421	42	RESP=1
15118826	42	STIM=o
15125058	42	RESP=1
15136250	42	STIM=e
15140117	42	RESP=1
15153858	42	STIM=4
15159404	42	RESP=2
15171831	42	STIM=y
15182622	42	RESP=1
15189150	42	STIM=g
15194158	42	RESP=1
15205728	42	STIM=x
15212157	42	RESP=1
15222637	42	STIM=1
15230300	42	RESP=2
15241497	42	STIM=w
15248250	42	RESP=1
15258561	42	STIM=9
15262499	42	RESP=2
15275103	42	STIM=u
15278872	42	RESP=1
15292348	42	STIM=l
15295976	42	RESP=1
15308238	42	STIM=k
15313134	42	RESP=1
15325967	42	STIM=4
15336064	42	RESP=2
15343723	42	STIM=i
15350736	42	RESP=1
15359369	42	STIM=d
15362471	42	RESP=1
15375845	42	STIM=u
15380440	42	RESP=1
15393523	42	STIM=0
15398227	42	RESP=1
15410189	42	STIM=c
15417207	42	RESP=1
15427011	42	STIM=x
15431092	42	RESP=1
15443734	42	STIM=y
15456430	42	RESP=1
15461755	42	STIM=o
15467934	42	RESP=1
15479848	42	STIM=a
15489337	42	RESP=1
15498472	42	STIM=v
15501932	42	RESP=1
15513995	42	STIM=m
15520841	42	RESP=1
15529353	42	STIM=f
15534762	42	RESP=1
15545638	42	STIM=d
15549489	42	RESP=1
15562581	42	STIM=s
15570237	42	RESP=2
15579872	42	STIM=6
15585734	42	RESP=1
15595540	42	STIM=g
15600769	42	RESP=1
15611106	42	STIM=p
15620531	42	RESP=1
15627012	42	STIM=j
15643501	42	RESP=1
15643601	42	STIM=x
15648599	42	RESP=1
15659516	42	STIM=q
15666041	42	RESP=1
15675625	42	STIM=f
15679144	42	RESP=1
15690892	42	STIM=c
15699324	42	RESP=1
15708068	42	STIM=o
15713687	42	RESP=1
15727001	42	STIM=9
15735830	42	RESP=2
15742847	42	STIM=n
15745374	42	RESP=1
15760213	42	STIM=j
15768699	42	RESP=1
15777775	42	STIM=r
15781526	42	RESP=1
15796635	42	STIM=m
15801721	42	RESP=1
15811985	42	STIM=g
15816338	42	RESP=1
15827170	42	STIM=u
15833373	42	RESP=1
15844468	42	STIM=5
15848496	42	RESP=1
15862512	42	STIM=e
15865153	42	RESP=1
15879274	42	STIM=6
15885552	42	RESP=2
15898153	42	STIM=s
15907782	42	RESP=1
15916477	42	STIM=g
15920402	42	RESP=1
15933390	42	STIM=v
15937974	42	RESP=1
15949029	42	STIM=k
15954031	42	RESP=1
15964785	42	STIM=l
15971235	42	RESP=1
15981629	42	STIM=w
15996758	42	RESP=2
15998873	42	STIM=y
16003505	42	RESP=1
16014164	42	STIM=i
16019507	42	RESP=1
16029694	42	STIM=o
16035464	42	RESP=1
16047515	42	STIM=b
16054177	42	RESP=1
16063299	42	STIM=2
16067438	42	RESP=1
16081474	42	STIM=x
16088967	42	RESP=1
16100259	42	STIM=g
16106536	42	RESP=1
16117675	42	STIM=m
16121565	42	RESP=2
16134978	42	STIM=v
16139788	42	RESP=1
16151029	42	STIM=x
16155824	42	RESP=1
16169795	42	STIM=n
16174732	42	RESP=1
16185317	42	STIM=j
16191967	42	RESP=1
16204248	42	STIM=7
16211458	42	RESP=2
16220932	42	STIM=x
16229114	42	RESP=1
16236694	42	STIM=f
16243467	42	RESP=1
16254018	42	STIM=t
16256483	42	RESP=1
16270494	42	STIM=o
16279429	42	RESP=1
16287864	42	STIM=y
16291678	42	RESP=1
16303386	42	STIM=4
16308019	42	RESP=2
16322120	42	STIM=j
16327928	42	RESP=1
16338776	42	STIM=g
16343948	42	RESP=1
16356358	42	STIM=7
16362988	42	RESP=2
16372994	42	STIM=5
16382778	42	RESP=1
16388731	42	STIM=z
16393905	42	RESP=1
16407480	42	STIM=d
16414826	42	RESP=1
16426456	42	STIM=y
16429902	42	RESP=1
16445309	42	STIM=2
16456802	42	RESP=2
16461887	42	STIM=y
16467181	42	RESP=1
16480152	42	STIM=a
16493670	42	RESP=1
16497608	42	STIM=p
16504510	42	RESP=1
16516436	42	STIM=z
16524422	42	RESP=1
16534117	42	STIM=q
16539595	42	RESP=1
16549271	42	STIM=9
16555132	42	RESP=1
16565992	42	STIM=3
16577592	42	RESP=2
16583946	42	STIM=v
16588462	42	RESP=1
16602616	42	STIM=j
16606314	42	RESP=1
16619851	42	STIM=w
16624979	42	RESP=1
16637823	42	STIM=f
16643236	42	RESP=1
16656162	42	STIM=a
16666281	42	RESP=1
16674837	42	STIM=5
16683492	42	RESP=2
16693373	42	STIM=4
16702736	42	RESP=1
16711440	42	STIM=9
16715393	42	RESP=2
16728661	42	STIM=g
16736730	42	RESP=1
16744399	42	STIM=r
16747588	42	RESP=1
16761237	42	STIM=y
16764564	42	RESP=1
16777076	42	STIM=w
16783390	42	RESP=1
16793050	42	STIM=r
16800584	42	RESP=1
16808075	42	STIM=t
16815366	42	RESP=1
16824747	42	STIM=h
16834145	42	RESP=1
16840309	42	STIM=0
16846141	42	RESP=2
16856112	42	STIM=d
16860051	42	RESP=1
16873357	42	STIM=2
16878872	42	RESP=2
16891970	42	STIM=q
16899824	42	RESP=1
16908544	42	STIM=d
16912600	42	RESP=2
16927150	42	STIM=9
16932782	42	RESP=2
16945063	42	STIM=a
16951203	42	RESP=1
16964058	42	STIM=p
16969221	42	RESP=1
16979351	42	STIM=s
16983109	42	RESP=1
16997936	42	STIM=u
17005752	42	RESP=1
17014898	42	STIM=p
17019239	42	RESP=1
17032290	42	STIM=m
17036515	42	RESP=2
17047985	42	STIM=j
17055861	42	RESP=1
17063971	42	STIM=f
17070373	42	RESP=1
17079799	42	STIM=9
17084264	42	RESP=2
17098704	42	STIM=u
17102466	42	RESP=1
17116666	42	STIM=f
17121988	42	RESP=1
17134313	42	STIM=0
17141367	42	RESP=2
17152944	42	STIM=v
17157178	42	RESP=2
17168951	42	STIM=2
17175916	42	RESP=2
17185488	42	STIM=u
17192410	42	RESP=1
17203683	42	STIM=p
17208752	42	RESP=2
17220088	42	STIM=u
17224947	42	RESP=1
17235744	42	STIM=u
17241918	42	RESP=1
17253784	42	STIM=m
17256981	42	RESP=1
17271371	42	STIM=b
17279807	42	RESP=1
17289105	42	STIM=m
17292516	42	RESP=1
17304685	42	STIM=h
17308742	42	RESP=2
17321510	42	STIM=x
17326795	42	RESP=1
17340306	42	STIM=j
17343143	42	RESP=1
17358859	42	STIM=o
17364461	42	RESP=1
17377344	42	STIM=q
17380940	42	RESP=1
17393991	42	STIM=x
17401539	42	RESP=1
17412401	42	STIM=r
17415823	42	RESP=1
17429036	42	STIM=o
17434888	42	RESP=1
17446267	42	STIM=j
17455360	42	RESP=1
17461973	42	STIM=a
17470220	42	RESP=1
17480340	42	STIM=1
17488431	42	RESP=2
17498868	42	STIM=o
17502756	42	RESP=1
17515617	42	STIM=p
17520488	42	RESP=1
17532446	42	STIM=i
17537762	42	RESP=1
17548271	42	STIM=w
17552061	42	RESP=1
17565434	42	STIM=m
17570748	42	RESP=1
17582784	42	STIM=l
17592659	42	RESP=1
17601233	42	STIM=3
17607914	42	RESP=2
17618966	42	STIM=x
17623659	42	RESP=1
17636360	42	STIM=5
17641103	42	RESP=2
17653098	42	STIM=1
17658360	42	RESP=2
17668129	42	STIM=c
17676026	42	RESP=1
17685096	42	STIM=t
17690869	42	RESP=1
17702460	42	STIM=m
17708234	42	RESP=1
17720080	42	STIM=p
17723729	42	RESP=2
17738450	42	STIM=3
17746809	42	RESP=2
17756217	42	STIM=6
17763281	42	RESP=2
17771856	42	STIM=4
17776581	42	RESP=1
17787717	42	STIM=y
17793232	42	RESP=1
17806611	42	STIM=s
17811450	42	RESP=1
17824535	42	STIM=j
17832018	42	RESP=1
17840841	42	STIM=a
17846475	42	RESP=1
17858479	42	STIM=4
17865623	42	RESP=2
17876157	42	STIM=w
17881612	42	RESP=1
17892838	42	STIM=0
17898969	42	RESP=1
17910984	42	STIM=o
17914775	42	RESP=1
17929531	42	STIM=2
17937872	42	RESP=2
17947544	42	STIM=2
17952919	42	RESP=2
17965700	42	STIM=x
17969689	42	RESP=1
17981132	42	STIM=7
17989685	42	RESP=2
17999592	42	STIM=8
18003926	42	RESP=1
18015899	42	STIM=8
18022487	42	RESP=2
18031070	42	STIM=k
18041408	42	RESP=1
18048761	42	STIM=t
18053154	42	RESP=2
18063770	42	STIM=z
18070143	42	RESP=1
18081525	42	STIM=2
18086957	42	RESP=2
18097771	42	STIM=9
18103864	42	RESP=2
18116430	42	STIM=e
18119291	42	RESP=1
18135298	42	STIM=p
18144734	42	RESP=1
18154071	42	STIM=d
18162811	42	RESP=1
18171581	42	STIM=w
18183504	42	RESP=1
18190404	42	STIM=b
18196021	42	RESP=2
18206120	42	STIM=m
18211373	42	RESP=1
18223116	42	STIM=a
18228167	42	RESP=1
18240379	42	STIM=e
18244149	42	RESP=1
18255939	42	STIM=k
18262253	42	RESP=1
18274830	42	STIM=g
18280116	42	RESP=1
18293525	42	STIM=3
18300239	42	RESP=1
18312427	42	STIM=n
18318057	42	RESP=1
18329937	42	STIM=n
18334855	42	RESP=1
18347331	42	STIM=o
18352029	42	RESP=1
18363882	42	STIM=o
18368974	42	RESP=1
18380373	42	STIM=q
18384086	42	RESP=1
18397452	42	STIM=o
18404740	42	RESP=1
18413855	42	STIM=z
18423441	42	RESP=1
18432683	42	STIM=u
18439885	42	RESP=1
18451024	42	STIM=7
18456729	42	RESP=2
18468875	42	STIM=u
18472668	42	RESP=1
18484218	42	STIM=6
18487726	42	RESP=2
18500185	42	STIM=a
18504446	42	RESP=1
18518660	42	STIM=x
18522378	42	RESP=1
18535298	42	STIM=w
18539155	42	RESP=2
18553291	42	STIM=o
18558177	42	RESP=1
18568658	42	STIM=y
18573919	42	RESP=1
18586704	42	STIM=t
18591338	42	RESP=1
18604542	42	STIM=6
18610686	42	RESP=2
18620318	42	STIM=g
18623478	42	RESP=1
18636561	42	STIM=s
18640778	42	RESP=1
18652180	42	STIM=9
18661372	42	RESP=1
18668914	42	STIM=v
18672467	42	RESP=1
18685871	42	STIM=0
18691197	42	RESP=1
18704010	42	STIM=g
18707232	42	RESP=1
18720022	42	STIM=i
18725001	42	RESP=1
18735289	42	STIM=o
18738968	42	RESP=1
18752594	42	STIM=i
18759384	42	RESP=1
18768697	42	STIM=k
18775228	42	RESP=1
18786939	42	STIM=p
18792538	42	RESP=1
18803136	42	STIM=n
18813488	42	RESP=1
18819450	42	STIM=e
18825899	42	RESP=1
18837811	42	STIM=g
18844295	42	RESP=1
18854909	42	STIM=y
18862786	42	RESP=1
18870502	42	STIM=k
18874772	42	RESP=2
18887285	42	STIM=o
18893594	42	RESP=1
18905153	42	STIM=8
18909610	42	RESP=2
18921783	42	STIM=i
18926623	42	RESP=1
18938319	42	STIM=3
18945745	42	RESP=2
18956791	42	STIM=z
18960735	42	RESP=1
18974164	42	STIM=y
18986797	42	RESP=1
18991270	42	STIM=m
18996400	42	RESP=1
19010251	42	STIM=t
19014152	42	RESP=1
19026000	42	STIM=d
19032084	42	RESP=1
19044368	42	STIM=o
19048767	42	RESP=1
19059977	42	STIM=b
19063659	42	RESP=1
19077549	42	STIM=t
19085363	42	RESP=1
19095621	42	STIM=l
19099383	42	RESP=1
19111632	42	STIM=o
19120150	42	RESP=1
19128118	42	STIM=r
19134309	42	RESP=1
19144302	42	STIM=2
19152764	42	RESP=2
19162370	42	STIM=9
19171662	42	RESP=2
19177624	42	STIM=c
19184533	42	RESP=1
19192788	42	STIM=d
19198954	42	RESP=1
19209777	42	STIM=a
19213172	42	RESP=2
19225955	42	STIM=s
19235460	42	RESP=1
19243376	42	STIM=l
19248728	42	RESP=1
19258643	42	STIM=i
19264835	42	RESP=1
19277394	42	STIM=u
19281729	42	RESP=1
19293082	42	STIM=f
19303409	42	RESP=1
19308213	42	STIM=s
19315534	42	RESP=1
19324311	42	STIM=x
19331345	42	RESP=1
19340563	42	STIM=d
19344818	42	RESP=1
19357979	42	STIM=p
19362932	42	RESP=1
19373379	42	STIM=h
19381786	42	RESP=1
19392256	42	STIM=k
19397181	42	RESP=1
19409257	42	STIM=v
19416971	42	RESP=1
19424840	42	STIM=p
19430001	42	RESP=2
19440260	42	STIM=k
19443849	42	RESP=1
19458046	42	STIM=1
19463706	42	RESP=2
19473329	42	STIM=p
19481101	42	RESP=1
19490204	42	STIM=s
19499632	42	RESP=1
19509038	42	STIM=o
19516003	42	RESP=1
19527746	42	STIM=x
19533601	42	RESP=1
19546544	42	STIM=x
19555354	42	RESP=1
19563176	42	STIM=l
19572041	42	RESP=1
19581503	42	STIM=y
19589882	42	RESP=1
19600261	42	STIM=3
19609909	42	RESP=2
19618041	42	STIM=x
19622202	42	RESP=1
19636299	42	STIM=l
19640328	42	RESP=1
19654538	42	STIM=5
19660274	42	RESP=2
19670703	42	STIM=o
19686616	42	RESP=1
19688009	42	STIM=1
19692932	42	RESP=1
19705312	42	STIM=b
19715480	42	RESP=2
19723991	42	STIM=y
19728194	42	RESP=1
19739943	42	STIM=l
19744034	42	RESP=1
19756884	42	STIM=t
19767353	42	RESP=1
19773879	42	STIM=f
19779783	42	RESP=1
19790445	42	STIM=q
19794412	42	RESP=1
19807747	42	STIM=m
19813369	42	RESP=1
19825238	42	STIM=o
19830207	42	RESP=1
19843994	42	STIM=i
19849114	42	RESP=1
19862579	42	STIM=r
19870258	42	RESP=1
19878346	42	STIM=p
19887632	42	RESP=1
19895897	42	STIM=9
19907462	42	RESP=2
19912106	42	STIM=w
19920274	42	RESP=1
19927779	42	STIM=y
19931840	42	RESP=1
19946526	42	STIM=f
19950910	42	RESP=1
19965215	42	STIM=y
19974070	42	RESP=1
19982624	42	STIM=u
19988075	42	RESP=1
20001190	42	STIM=f
20006370	42	RESP=1
20016240	42	STIM=4
20022916	42	RESP=2
20032668	42	STIM=g
20035596	42	RESP=1
20049045	42	STIM=z
20056839	42	RESP=1
20067113	42	STIM=d
20075325	42	RESP=1
20083840	42	STIM=z
20089670	42	RESP=1
20101904	42	STIM=b
20106526	42	RESP=1
20119480	42	STIM=7
20126805	42	RESP=2
20134887	42	STIM=7
20140153	42	RESP=2
20150329	42	STIM=y
20155578	42	RESP=1
20167307	42	STIM=c
20170817	42	RESP=1
20182601	42	STIM=k
20187244	42	RESP=1
20201265	42	STIM=6
20207461	42	RESP=2
20219774	42	STIM=1
20225579	42	RESP=2
20238510	42	STIM=r
20246419	42	RESP=1
20254613	42	STIM=i
20258439	42	RESP=1
20273520	42	STIM=5
20279757	42	RESP=2
20288582	42	STIM=n
20294390	42	RESP=1
20303658	42	STIM=c
20309826	42	RESP=1
20318970	42	STIM=l
20324522	42	RESP=1
20335669	42	STIM=t
20342332	42	RESP=1
20354515	42	STIM=r
20360485	42	RESP=1
20370481	42	STIM=l
20377939	42	RESP=1
20388895	42	STIM=p
20398282	42	RESP=1
20404496	42	STIM=s
20410842	42	RESP=1
20421308	42	STIM=i
20427427	42	RESP=1
20438783	42	STIM=u
20448529	42	RESP=1
20457049	42	STIM=a
20467781	42	RESP=1
20474211	42	STIM=f
20479630	42	RESP=1
20491597	42	STIM=x
20500110	42	RESP=1
20509025	42	STIM=m
20512717	42	RESP=1
20524031	42	STIM=d
20527871	42	RESP=1
20539973	42	STIM=0
20548695	42	RESP=2
20558019	42	STIM=f
20562076	42	RESP=1
20573139	42	STIM=h
20579142	42	RESP=1
20590976	42	STIM=k
20598900	42	RESP=1
20606639	42	STIM=1
20615022	42	RESP=1
20624114	42	STIM=b
20629127	42	RESP=1
20640912	42	STIM=3
20644996	42	RESP=2
20658725	42	STIM=1
20664926	42	RESP=2
20677682	42	STIM=k
20681743	42	RESP=1
20695861	42	STIM=0
20703461	42	RESP=2
20711461	42	STIM=f
20717032	42	RESP=1
20729318	42	STIM=4
20736552	42	RESP=2
20744588	42	STIM=h
20748306	42	RESP=1
20761252	42	STIM=8
20765430	42	RESP=1
20780210	42	STIM=q
20787199	42	RESP=1
20798592	42	STIM=4
20804005	42	RESP=2
20816394	42	STIM=h
20825041	42	RESP=1
20835387	42	STIM=e
20840323	42	RESP=1
20851215	42	STIM=0
20857590	42	RESP=2
20867466	42	STIM=8
20871776	42	RESP=2
20885664	42	STIM=u
20893380	42	RESP=1
20904480	42	STIM=v
20908691	42	RESP=1
20923338	42	STIM=c
20927762	42	RESP=1
20942102	42	STIM=d
20952218	42	RESP=1
20959001	42	STIM=l
20964673	42	RESP=1
20976310	42	STIM=0
20988501	42	RESP=2
20992309	42	STIM=t
20995721	42	RESP=1
21009618	42	STIM=r
21013718	42	RESP=1
21024791	42	STIM=o
21031757	42	RESP=1
21040001	42	STIM=1
21054638	42	RESP=2
21055480	42	STIM=d
21058932	42	RESP=1
21074267	42	STIM=h
21077864	42	RESP=1
21092820	42	STIM=7
21098253	42	RESP=2
21109953	42	STIM=0
21115743	42	RESP=2
21126893	42	STIM=c
21132254	42	RESP=1
21143956	42	STIM=h
21147641	42	RESP=2
21161027	42	STIM=l
21169590	42	RESP=1
21179075	42	STIM=y
21184710	42	RESP=1
21196209	42	STIM=y
21203055	42	RESP=1
21213309	42	STIM=n
21217688	42	RESP=1
21231499	42	STIM=q
21234960	42	RESP=2
21247997	42	STIM=w
21253034	42	RESP=1
21265909	42	STIM=e
21269868	42	RESP=1
21281499	42	STIM=d
21289006	42	RESP=1
21296932	42	STIM=p
21306663	42	RESP=2
21315671	42	STIM=e
21320885	42	RESP=1
21333027	42	STIM=o
21338207	42	RESP=1
21350618	42	STIM=8
21356369	42	RESP=2
21369042	42	STIM=n
21373959	42	RESP=1
21386339	42	STIM=h
21391761	42	RESP=1
21405126	42	STIM=k
21409421	42	RESP=1
21424028	42	STIM=g
21434347	42	RESP=1
21442278	42	STIM=v
21447481	42	RESP=1
21460528	42	STIM=j
21467632	42	RESP=1
21475870	42	STIM=z
21483535	42	RESP=1
21491421	42	STIM=g
21494755	42	RESP=1
21507333	42	STIM=t
21510260	42	RESP=1
21523011	42	STIM=2
21527784	42	RESP=2
21541677	42	STIM=j
21547941	42	RESP=1
21557936	42	STIM=g
21563092	42	RESP=1
21573659	42	STIM=l
21578766	42	RESP=1
21592547	42	STIM=p
21600862	42	RESP=1
21610900	42	STIM=w
21615385	42	RESP=1
21629842	42	STIM=x
21634641	42	RESP=1
21645844	42	STIM=a
21649857	42	RESP=1
21662863	42	STIM=z
21668116	42	RESP=1
21678829	42	STIM=d
21687494	42	RESP=2
21696209	42	STIM=d
21699064	42	RESP=1
21713710	42	STIM=j
21723155	42	RESP=1
21729812	42	STIM=c
21735484	42	RESP=1
21746518	42	STIM=6
21754600	42	RESP=2
21762655	42	STIM=d
21777530	42	RESP=1
21777787	42	STIM=q
21783087	42	RESP=1
21795889	42	STIM=d
21799250	42	RESP=1
21813485	42	STIM=c
21816985	42	RESP=1
21829042	42	STIM=x
21834604	42	RESP=1
21847369	42	STIM=k
21854211	42	RESP=1
