# Original filename: 0013_OUP_2016-10-15.log
# Time unit: 100 us
# RARECAT=digit
#
# Time	HHGG	Event
35727	42	STIM=v
41295	42	RESP=1
51150	42	STIM=z
60758	42	RESP=1
70115	42	STIM=b
73567	42	RESP=1
88443	42	STIM=w
92739	42	RESP=1
105609	42	STIM=4
115216	42	RESP=2
120633	42	STIM=n
127769	42	RESP=1
138352	42	STIM=v
143078	42	RESP=1
153674	42	STIM=g
161522	42	RESP=1
169169	42	STIM=r
176222	42	RESP=1
186169	42	STIM=u
190848	42	RESP=2
205081	42	STIM=y
211323	42	RESP=1
224069	42	STIM=j
228802	42	RESP=1
239759	42	STIM=v
245179	42	RESP=2
256007	42	STIM=g
263505	42	RESP=1
272597	42	STIM=o
276480	42	RESP=2
290087	42	STIM=m
296685	42	RESP=1
308265	42	STIM=a
316330	42	RESP=1
324925	42	STIM=2
331545	42	RESP=2
342268	42	STIM=r
346404	42	RESP=1
359372	42	STIM=y
364328	42	RESP=1
375631	42	STIM=j
381053	42	RESP=1
393920	42	STIM=5
398930	42	RESP=1
412348	42	STIM=i
418266	42	RESP=1
430906	42	STIM=5
439876	42	RESP=2
447571	42	STIM=b
450971	42	RESP=1
465289	42	STIM=a
472430	42	RESP=1
482919	42	STIM=y
485621	42	RESP=1
499961	42	STIM=c
505674	42	RESP=1
517835	42	STIM=i
522466	42	RESP=1
536549	42	STIM=n
543504	42	RESP=1
555237	42	STIM=b
558955	42	RESP=1
572341	42	STIM=i
575934	42	RESP=1
589416	42	STIM=j
593043	42	RESP=1
607840	42	STIM=j
614981	42	RESP=2
625439	42	STIM=t
628697	42	RESP=1
640779	42	STIM=b
646681	42	RESP=1
657988	42	STIM=n
661683	42	RESP=1
675303	42	STIM=b
680097	42	RESP=1
693263	42	STIM=1
697689	42	RESP=2
711248	42	STIM=l
717244	42	RESP=1
728812	42	STIM=d
733585	42	RESP=1
743956	42	STIM=7
749394	42	RESP=2
759766	42	STIM=r
763217	42	RESP=1
775587	42	STIM=e
780571	42	RESP=2
791944	42	STIM=d
796513	42	RESP=1
808649	42	STIM=r
811256	42	RESP=1
824516	42	STIM=p
828422	42	RESP=1
839743	42	STIM=x
843701	42	RESP=1
858604	42	STIM=2
864586	42	RESP=2
876266	42	STIM=a
881078	42	RESP=1
894637	42	STIM=m
900410	42	RESP=1
913066	42	STIM=p
920166	42	RESP=1
928590	42	STIM=j
932189	42	RESP=1
943999	42	STIM=z
952100	42	RESP=1
961831	42	STIM=s
969007	42	RESP=1
977677	42	STIM=x
987858	42	RESP=1
995898	42	STIM=x
1001994	42	RESP=1
1014403	42	STIM=1
1021667	42	RESP=1
1031869	42	STIM=8
1036846	42	RESP=2
1049402	42	STIM=1
1055867	42	RESP=2
1066073	42	STIM=f
1072105	42	RESP=1
1084435	42	STIM=x
1091721	42	RESP=1
1103429	42	STIM=b
1109480	42	RESP=2
1121268	42	STIM=1
1128072	42	RESP=2
1137855	42	STIM=u
1145868	42	RESP=1
1155033	42	STIM=r
1158278	42	RESP=1
1171119	42	STIM=z
1174600	42	RESP=1
1187722	42	STIM=y
1192267	42	RESP=1
1203980	42	STIM=s
1209176	42	RESP=1
1219060	42	STIM=0
1224681	42	RESP=2
1236358	42	STIM=v
1244162	42	RESP=1
1253994	42	STIM=3
1261037	42	RESP=1
1270386	42	STIM=d
1274507	42	RESP=1
1288481	42	STIM=v
1293310	42	RESP=1
1304243	42	STIM=1
1310029	42	RESP=1
1322820	42	STIM=m
1327544	42	RESP=1
1340310	42	STIM=x
1343692	42	RESP=1
1358627	42	STIM=n
1366281	42	RESP=1
1374442	42	STIM=g
1380113	42	RESP=1
1392769	42	STIM=t
1400456	42	RESP=2
1409510	42	STIM=d
1415393	42	RESP=1
1425417	42	STIM=w
1429119	42	RESP=1
1441643	42	STIM=t
1447169	42	RESP=1
1457147	42	STIM=y
1461604	42	RESP=1
1474835	42	STIM=i
1482960	42	RESP=1
1491656	42	STIM=k
1497655	42	RESP=1
1509149	42	STIM=1
1517133	42	RESP=2
1525996	42	STIM=m
1531163	42	RESP=1
1541176	42	STIM=i
1548430	42	RESP=1
1559783	42	STIM=b
1565887	42	RESP=1
1574834	42	STIM=0
1582571	42	RESP=2
1590271	42	STIM=h
1596328	42	RESP=1
1608644	42	STIM=u
1613286	42	RESP=1
1625981	42	STIM=v
1631544	42	RESP=1
1642985	42	STIM=7
1649671	42	RESP=2
1661301	42	STIM=s
1665724	42	RESP=1
1677048	42	STIM=5
1682989	42	RESP=2
1695984	42	STIM=a
1702267	42	RESP=1
1714032	42	STIM=1
1722924	42	RESP=2
1732974	42	STIM=v
1739990	42	RESP=1
1750914	42	STIM=o
1760992	42	RESP=1
1769539	42	STIM=c
1780864	42	RESP=1
1785654	42	STIM=w
1791795	42	RESP=1
1803419	42	STIM=v
1807654	42	RESP=1
1821463	42	STIM=n
1836991	42	RESP=1
1838166	42	STIM=i
1843171	42	RESP=1
1855547	42	STIM=e
1860952	42	RESP=1
1871479	42	STIM=0
1877036	42	RESP=2
1887231	42	STIM=y
1894557	42	RESP=1
1904471	42	STIM=5
1909101	42	RESP=2
1921996	42	STIM=e
1924903	42	RESP=1
1937104	42	STIM=n
1940476	42	RESP=1
1954542	42	STIM=w
1960076	42	RESP=1
1969631	42	STIM=h
1974887	42	RESP=1
1986716	42	STIM=a
1991372	42	RESP=1
2002880	42	STIM=h
2008179	42	RESP=1
2021035	42	STIM=3
2029303	42	RESP=2
2039197	42	STIM=n
2043329	42	RESP=1
2055742	42	STIM=2
2060691	42	RESP=2
2071382	42	STIM=f
2077006	42	RESP=1
2089305	42	STIM=d
2093533	42	RESP=1
2107189	42	STIM=l
2111382	42	RESP=1
2125748	42	STIM=a
2129010	42	RESP=1
2141999	42	STIM=b
2146718	42	RESP=1
2157973	42	STIM=4
2163564	42	RESP=2
2175895	42	STIM=s
2179488	42	RESP=1
2193409	42	STIM=y
2202591	42	RESP=1
2210649	42	STIM=z
2214033	42	RESP=1
2229217	42	STIM=d
2235802	42	RESP=1
2247216	42	STIM=q
2254991	42	RESP=1
2262633	42	STIM=n
2273369	42	RESP=1
2279353	42	STIM=w
2284730	42	RESP=1
2295924	42	STIM=y
2304389	42	RESP=1
2312317	42	STIM=4
2323113	42	RESP=2
2327981	42	STIM=a
2339703	42	RESP=1
2346597	42	STIM=d
2350102	42	RESP=1
2364039	42	STIM=y
2368392	42	RESP=1
2382315	42	STIM=t
2386549	42	RESP=1
2397921	42	STIM=r
2401580	42	RESP=1
2412986	42	STIM=i
2417003	42	RESP=1
2430707	42	STIM=l
2434553	42	RESP=1
2447811	42	STIM=a
2452195	42	RESP=1
2462926	42	STIM=j
2466948	42	RESP=1
2478022	42	STIM=g
2484382	42	RESP=2
2493576	42	STIM=m
2499602	42	RESP=1
2510773	42	STIM=1
2516365	42	RESP=2
2528779	42	STIM=j
2531820	42	RESP=1
2545533	42	STIM=s
2555058	42	RESP=1
2563734	42	STIM=x
2572337	42	RESP=1
2582371	42	STIM=9
2589448	42	RESP=2
2600399	42	STIM=r
2603764	42	RESP=2
2618397	42	STIM=u
2622752	42	RESP=1
2635295	42	STIM=v
2639731	42	RESP=1
2651605	42	STIM=m
2656357	42	RESP=1
2669246	42	STIM=v
2673700	42	RESP=1
2687246	42	STIM=g
2693946	42	RESP=1
2702706	42	STIM=j
2709128	42	RESP=1
2720416	42	STIM=q
2727076	42	RESP=1
2735449	42	STIM=5
2743235	42	RESP=2
2752941	42	STIM=g
2767911	42	RESP=1
2769025	42	STIM=s
2774537	42	RESP=1
2784667	42	STIM=t
2794714	42	RESP=1
2802606	42	STIM=u
2805688	42	RESP=1
2818275	42	STIM=t
2822976	42	RESP=1
2836335	42	STIM=p
2843146	42	RESP=1
2851458	42	STIM=y
2857368	42	RESP=1
2867067	42	STIM=w
2877710	42	RESP=1
2882284	42	STIM=r
2888479	42	RESP=1
2897892	42	STIM=n
2905884	42	RESP=1
2916257	42	STIM=h
2922612	42	RESP=1
2934247	42	STIM=m
2938758	42	RESP=1
2951275	42	STIM=y
2954942	42	RESP=2
2970080	42	STIM=7
2977006	42	RESP=2
2985721	42	STIM=l
2997321	42	RESP=1
3002437	42	STIM=q
3008834	42	RESP=1
3020610	42	STIM=2
3028066	42	RESP=2
3036952	42	STIM=l
3040395	42	RESP=1
3052507	42	STIM=9
3059464	42	RESP=2
3067595	42	STIM=o
3071792	42	RESP=1
3083154	42	STIM=0
3092173	42	RESP=2
3102132	42	STIM=p
3108393	42	RESP=1
3118738	42	STIM=d
3122546	42	RESP=1
3134242	42	STIM=l
3139847	42	RESP=1
3151341	42	STIM=l
3158943	42	RESP=1
3167131	42	STIM=f
3174821	42	RESP=1
3185522	42	STIM=w
3191021	42	RESP=1
3202488	42	STIM=d
3210957	42	RESP=1
3218738	42	STIM=d
3230923	42	RESP=1
3237259	42	STIM=e
3242672	42	RESP=1
3255642	42	STIM=p
3259900	42	RESP=1
3273944	42	STIM=d
3279133	42	RESP=1
3291583	42	STIM=g
3298079	42	RESP=1
3309267	42	STIM=y
3313670	42	RESP=1
3325880	42	STIM=z
3334681	42	RESP=1
3341066	42	STIM=s
3348635	42	RESP=1
3358168	42	STIM=x
3364528	42	RESP=1
3375735	42	STIM=v
3380420	42	RESP=1
3390781	42	STIM=h
3394414	42	RESP=1
3407134	42	STIM=k
3410799	42	RESP=1
3424919	42	STIM=v
3429143	42	RESP=1
3440945	42	STIM=q
3447026	42	RESP=1
3456404	42	STIM=v
3463881	42	RESP=1
3473927	42	STIM=8
3479613	42	RESP=1
3489808	42	STIM=d
3495425	42	RESP=1
3507820	42	STIM=d
3515137	42	RESP=2
3523359	42	STIM=s
3526624	42	RESP=1
3539290	42	STIM=a
3550086	42	RESP=1
3557505	42	STIM=z
3561752	42	RESP=1
3576157	42	STIM=f
3586681	42	RESP=1
3593308	42	STIM=m
3602574	42	RESP=1
3611864	42	STIM=b
3621065	42	RESP=1
3626875	42	STIM=5
3635816	42	RESP=2
3644430	42	STIM=z
3651488	42	RESP=1
3662255	42	STIM=c
3668121	42	RESP=1
3677569	42	STIM=a
3683646	42	RESP=1
3694826	42	STIM=4
3699014	42	RESP=2
3713447	42	STIM=u
3721443	42	RESP=1
3729230	42	STIM=z
3737936	42	RESP=1
3745834	42	STIM=v
3750556	42	RESP=2
3763960	42	STIM=m
3769444	42	RESP=1
3782419	42	STIM=0
3787233	42	RESP=2
3801247	42	STIM=l
3805429	42	RESP=1
3818225	42	STIM=4
3826759	42	RESP=2
3834112	42	STIM=d
3838241	42	RESP=1
3850973	42	STIM=i
3858817	42	RESP=1
3869352	42	STIM=9
3874311	42	RESP=2
3885744	42	STIM=e
3889801	42	RESP=1
3901787	42	STIM=r
3904393	42	RESP=1
3919311	42	STIM=6
3925832	42	RESP=1
3935004	42	STIM=d
3941432	42	RESP=1
3950948	42	STIM=3
3959123	42	RESP=2
3967266	42	STIM=n
3973471	42	RESP=1
3983307	42	STIM=p
3987984	42	RESP=1
3998689	42	STIM=g
4007025	42	RESP=2
4014769	42	STIM=s
4017786	42	RESP=1
4031602	42	STIM=g
4035129	42	RESP=2
4049523	42	STIM=2
4053776	42	RESP=2
4064942	42	STIM=m
4070487	42	RESP=1
4083888	42	STIM=v
4092578	42	RESP=1
4102320	42	STIM=o
4105622	42	RESP=1
4120538	42	STIM=b
4125798	42	RESP=1
4139172	42	STIM=2
4145221	42	RESP=2
4157706	42	STIM=r
4160584	42	RESP=1
4175120	42	STIM=y
4182186	42	RESP=1
4193562	42	STIM=9
4200097	42	RESP=2
4211832	42	STIM=7
4216983	42	RESP=2
4229170	42	STIM=j
4233767	42	RESP=1
4247024	42	STIM=x
4255388	42	RESP=1
4262389	42	STIM=w
4271485	42	RESP=1
4277874	42	STIM=u
4281109	42	RESP=1
4295767	42	STIM=y
4300374	42	RESP=1
4313228	42	STIM=7
4317694	42	RESP=2
4330630	42	STIM=m
4335606	42	RESP=1
4348327	42	STIM=t
4354297	42	RESP=1
4366464	42	STIM=t
4370597	42	RESP=1
4383150	42	STIM=j
4390117	42	RESP=1
4399324	42	STIM=m
4406940	42	RESP=1
4417776	42	STIM=q
4422741	42	RESP=1
4433340	42	STIM=t
4441623	42	RESP=1
4450780	42	STIM=i
4453488	42	RESP=1
4468162	42	STIM=i
4479704	42	RESP=1
4483580	42	STIM=b
4490591	42	RESP=1
4500676	42	STIM=k
4510333	42	RESP=1
4517161	42	STIM=b
4520874	42	RESP=1
4533777	42	STIM=u
4537295	42	RESP=1
4552736	42	STIM=l
4560590	42	RESP=1
4568744	42	STIM=4
4580373	42	RESP=1
4584480	42	STIM=k
4592132	42	RESP=1
4601090	42	STIM=j
4604389	42	RESP=1
4617813	42	STIM=u
4622944	42	RESP=2
4633785	42	STIM=m
4641505	42	RESP=1
4650043	42	STIM=2
4655245	42	RESP=2
4668417	42	STIM=t
4674579	42	RESP=2
4685919	42	STIM=k
4689600	42	RESP=1
4704424	42	STIM=u
4709864	42	RESP=1
4723146	42	STIM=l
4730483	42	RESP=1
4741165	42	STIM=z
4746260	42	RESP=1
4760103	42	STIM=h
4764749	42	RESP=1
4778199	42	STIM=v
4781335	42	RESP=1
4796911	42	STIM=h
4803901	42	RESP=1
4815134	42	STIM=p
4823155	42	RESP=1
4830897	42	STIM=2
4842706	42	RESP=1
4847052	42	STIM=x
4854332	42	RESP=2
4865353	42	STIM=x
4875723	42	RESP=1
4883692	42	STIM=7
4890084	42	RESP=2
4901551	42	STIM=d
4906231	42	RESP=1
4920415	42	STIM=n
4926926	42	RESP=1
4938179	42	STIM=z
4943659	42	RESP=1
4953338	42	STIM=w
4960864	42	RESP=1
4969457	42	STIM=z
4975548	42	RESP=1
4985455	42	STIM=j
4990003	42	RESP=1
5003095	42	STIM=w
5006376	42	RESP=1
5018292	42	STIM=x
5026314	42	RESP=1
5034537	42	STIM=x
5039917	42	RESP=1
5049562	42	STIM=w
5054758	42	RESP=1
5065017	42	STIM=z
5068105	42	RESP=1
5083379	42	STIM=f
5088031	42	RESP=1
5098683	42	STIM=3
5107882	42	RESP=2
5115408	42	STIM=w
5120163	42	RESP=1
5131413	42	STIM=m
5134636	42	RESP=1
5149022	42	STIM=b
5153119	42	RESP=1
5164635	42	STIM=z
5170766	42	RESP=1
5182666	42	STIM=d
5195395	42	RESP=1
5199068	42	STIM=i
5203677	42	RESP=1
5218030	42	STIM=5
5223281	42	RESP=2
5236547	42	STIM=u
5241208	42	RESP=1
5252784	42	STIM=v
5258524	42	RESP=1
5268864	42	STIM=c
5272998	42	RESP=1
5284818	42	STIM=a
5289528	42	RESP=1
5302602	42	STIM=c
5306120	42	RESP=1
5318705	42	STIM=t
5324743	42	RESP=1
5333719	42	STIM=u
5340139	42	RESP=1
5350235	42	STIM=1
5360688	42	RESP=1
5366475	42	STIM=l
5373577	42	RESP=1
5384411	42	STIM=x
5394020	42	RESP=1
5400662	42	STIM=n
5404613	42	RESP=1
5419619	42	STIM=k
5424464	42	RESP=1
5435260	42	STIM=3
5441322	42	RESP=1
5450906	42	STIM=y
5455270	42	RESP=1
5469835	42	STIM=j
5473485	42	RESP=1
5486195	42	STIM=b
5491437	42	RESP=1
5501432	42	STIM=e
5505989	42	RESP=1
5516491	42	STIM=c
5519510	42	RESP=1
5534318	42	STIM=n
5539320	42	RESP=1
5552521	42	STIM=z
5558533	42	RESP=1
5570287	42	STIM=f
5575526	42	RESP=1
5587323	42	STIM=s
5592616	42	RESP=1
5604637	42	STIM=t
5607478	42	RESP=1
5621218	42	STIM=m
5625915	42	RESP=1
5636960	42	STIM=5
5643723	42	RESP=2
5652246	42	STIM=v
5656842	42	RESP=1
5667439	42	STIM=n
5670665	42	RESP=1
5682545	42	STIM=f
5687829	42	RESP=1
5698672	42	STIM=9
5705570	42	RESP=2
5714248	42	STIM=c
5718372	42	RESP=1
5732560	42	STIM=3
5740007	42	RESP=1
5749851	42	STIM=z
5753151	42	RESP=1
5766332	42	STIM=r
5770982	42	RESP=1
5781885	42	STIM=n
5793993	42	RESP=1
5800191	42	STIM=c
5803526	42	RESP=1
5817332	42	STIM=k
5821474	42	RESP=1
5834469	42	STIM=x
5840556	42	RESP=1
5850813	42	STIM=h
5854230	42	RESP=1
5866544	42	STIM=3
5876753	42	RESP=1
5883748	42	STIM=4
5890235	42	RESP=2
5901386	42	STIM=1
5905490	42	RESP=2
5918995	42	STIM=3
5926431	42	RESP=2
5937992	42	STIM=7
5945547	42	RESP=2
5956847	42	STIM=o
5960580	42	RESP=1
5972947	42	STIM=d
5980353	42	RESP=1
5988236	42	STIM=f
5995353	42	RESP=1
6004258	42	STIM=d
6010310	42	RESP=1
6023207	42	STIM=b
6029066	42	RESP=1
6040019	42	STIM=b
6046937	42	RESP=1
6056650	42	STIM=q
6059272	42	RESP=1
6072030	42	STIM=5
6081868	42	RESP=2
6087413	42	STIM=j
6093780	42	RESP=1
6103040	42	STIM=a
6112418	42	RESP=1
6119949	42	STIM=2
6127142	42	RESP=2
6136872	42	STIM=e
6144718	42	RESP=1
6153792	42	STIM=e
6161150	42	RESP=1
6172645	42	STIM=3
6182482	42	RESP=2
6189708	42	STIM=o
6192835	42	RESP=1
6206002	42	STIM=c
6209035	42	RESP=1
6221473	42	STIM=f
6232496	42	RESP=1
6240266	42	STIM=q
6244007	42	RESP=2
6258402	42	STIM=q
6262051	42	RESP=1
6276421	42	STIM=3
6282606	42	RESP=2
6291811	42	STIM=3
6298765	42	RESP=2
6308920	42	STIM=a
6313497	42	RESP=1
6326219	42	STIM=a
6331457	42	RESP=1
6341566	42	STIM=7
6346939	42	RESP=2
6357254	42	STIM=6
6362614	42	RESP=2
6373787	42	STIM=q
6377449	42	RESP=1
6389631	42	STIM=3
6394444	42	RESP=2
6407996	42	STIM=p
6410881	42	RESP=1
6424861	42	STIM=i
6433039	42	RESP=1
6441519	42	STIM=p
6446168	42	RESP=1
6457072	42	STIM=6
6467340	42	RESP=2
6474265	42	STIM=i
6481342	42	RESP=1
6489350	42	STIM=1
6499011	42	RESP=2
6508240	42	STIM=m
6515583	42	RESP=1
6524081	42	STIM=t
6527962	42	RESP=1
6541731	42	STIM=m
6544215	42	RESP=1
6560247	42	STIM=j
6563958	42	RESP=1
6575278	42	STIM=8
6583357	42	RESP=2
6592138	42	STIM=e
6597261	42	RESP=1
6609735	42	STIM=f
6615824	42	RESP=1
6625487	42	STIM=c
6631161	42	RESP=1
6641875	42	STIM=b
6648368	42	RESP=1
6659555	42	STIM=j
6668110	42	RESP=1
6675654	42	STIM=b
6681581	42	RESP=1
6694102	42	STIM=8
6701023	42	RESP=1
6709906	42	STIM=b
6718688	42	RESP=1
6728729	42	STIM=q
6734310	42	RESP=2
6746072	42	STIM=n
6753287	42	RESP=1
6763845	42	STIM=i
6771047	42	RESP=1
6779783	42	STIM=d
6784084	42	RESP=2
6797819	42	STIM=t
6804023	42	RESP=1
6814376	42	STIM=q
6819464	42	RESP=1
6833120	42	STIM=c
6838107	42	RESP=1
6848771	42	STIM=4
6854863	42	RESP=2
6864670	42	STIM=n
6871157	42	RESP=1
6882778	42	STIM=w
6890403	42	RESP=1
6901468	42	STIM=7
6909049	42	RESP=2
6916494	42	STIM=e
6921834	42	RESP=1
6932763	42	STIM=l
6939143	42	RESP=1
6950743	42	STIM=2
6962561	42	RESP=1
6968121	42	STIM=h
6972085	42	RESP=1
6984034	42	STIM=t
6997390	42	RESP=1
7000627	42	STIM=q
7005741	42	RESP=1
7018069	42	STIM=z
7021924	42	RESP=1
7034062	42	STIM=f
7038362	42	RESP=1
7049898	42	STIM=2
7056799	42	RESP=2
7065933	42	STIM=p
7069760	42	RESP=1
7082647	42	STIM=k
7086802	42	RESP=1
7101557	42	STIM=f
7104545	42	RESP=1
7119721	42	STIM=g
7123371	42	RESP=1
7137835	42	STIM=t
7148871	42	RESP=1
7155790	42	STIM=w
7162637	42	RESP=2
7171152	42	STIM=9
7175959	42	RESP=2
7188683	42	STIM=b
7192296	42	RESP=1
7207406	42	STIM=x
7211193	42	RESP=1
7222677	42	STIM=3
7229651	42	RESP=2
7238263	42	STIM=a
7247090	42	RESP=1
7253864	42	STIM=w
7257544	42	RESP=1
7272468	42	STIM=x
7280034	42	RESP=1
7290000	42	STIM=y
7293819	42	RESP=1
7306619	42	STIM=i
7314777	42	RESP=1
7324333	42	STIM=4
7329436	42	RESP=2
7340094	42	STIM=9
7347747	42	RESP=2
7355358	42	STIM=0
7368626	42	RESP=2
7371736	42	STIM=i
7376753	42	RESP=1
7390216	42	STIM=4
7396682	42	RESP=2
7405727	42	STIM=i
7412266	42	RESP=1
7422500	42	STIM=v
7428148	42	RESP=1
7440551	42	STIM=m
7445461	42	RESP=2
7456466	42	STIM=q
7461122	42	RESP=1
7471632	42	STIM=k
7478614	42	RESP=1
7489351	42	STIM=e
7500393	42	RESP=1
7505933	42	STIM=p
7514342	42	RESP=1
7524059	42	STIM=y
7535177	42	RESP=1
7540990	42	STIM=9
7545174	42	RESP=2
7556219	42	STIM=1
7561400	42	RESP=2
7571957	42	STIM=v
7576985	42	RESP=1
7589001	42	STIM=l
7592606	42	RESP=2
7606990	42	STIM=3
7611630	42	RESP=2
7625061	42	STIM=u
7631525	42	RESP=1
7642207	42	STIM=t
7645962	42	RESP=1
7660292	42	STIM=6
7667671	42	RESP=2
7677325	42	STIM=q
7681064	42	RESP=1
7692358	42	STIM=5
7703228	42	RESP=1
7708146	42	STIM=b
7712308	42	RESP=1
7724582	42	STIM=1
7734997	42	RESP=2
7743132	42	STIM=z
7749599	42	RESP=1
7761326	42	STIM=w
7766466	42	RESP=1
7777958	42	STIM=f
7781003	42	RESP=1
7795146	42	STIM=m
7802300	42	RESP=1
7811072	42	STIM=s
7815744	42	RESP=1
7828321	42	STIM=e
7832583	42	RESP=1
7844765	42	STIM=2
7849795	42	RESP=1
7862337	42	STIM=a
7868381	42	RESP=1
7881157	42	STIM=u
7889827	42	RESP=1
7899395	42	STIM=t
7903931	42	RESP=1
7915967	42	STIM=p
7921063	42	RESP=1
7934092	42	STIM=x
7941155	42	RESP=1
7950236	42	STIM=9
7954984	42	RESP=1
7966322	42	STIM=y
7970865	42	RESP=1
7981765	42	STIM=u
7986938	42	RESP=1
7996915	42	STIM=d
7999733	42	RESP=1
8012304	42	STIM=9
8019985	42	RESP=2
8030983	42	STIM=y
8034957	42	RESP=1
8049027	42	STIM=e
8055168	42	RESP=1
8067540	42	STIM=b
8071605	42	RESP=1
8083292	42	STIM=f
8087874	42	RESP=1
8098798	42	STIM=k
8102521	42	RESP=1
8116630	42	STIM=c
8120554	42	RESP=1
8134350	42	STIM=3
8141155	42	RESP=1
8151568	42	STIM=8
8158850	42	RESP=2
8168517	42	STIM=p
8173646	42	RESP=1
8185287	42	STIM=g
8191430	42	RESP=1
8200946	42	STIM=j
8204402	42	RESP=1
8218853	42	STIM=b
8223571	42	RESP=1
8233915	42	STIM=m
8238898	42	RESP=1
8251841	42	STIM=u
8255696	42	RESP=1
8267930	42	STIM=g
8271745	42	RESP=1
8286500	42	STIM=0
8295463	42	RESP=2
8301510	42	STIM=n
8305846	42	RESP=1
8318387	42	STIM=p
8323223	42	RESP=1
8334518	42	STIM=a
8339723	42	RESP=1
8351033	42	STIM=w
8358227	42	RESP=1
8366951	42	STIM=h
8370476	42	RESP=1
8383133	42	STIM=6
8388638	42	RESP=2
8398133	42	STIM=h
8403412	42	RESP=1
8414890	42	STIM=d
8419322	42	RESP=1
8432008	42	STIM=y
8435079	42	RESP=1
8448024	42	STIM=1
8453650	42	RESP=2
8464967	42	STIM=k
8470236	42	RESP=1
8480905	42	STIM=5
8486757	42	RESP=2
8496616	42	STIM=x
8503813	42	RESP=1
8514896	42	STIM=5
8521091	42	RESP=2
8532955	42	STIM=b
8537636	42	RESP=1
8551322	42	STIM=z
8558638	42	RESP=1
8567324	42	STIM=l
8572039	42	RESP=1
8585153	42	STIM=s
8592222	42	RESP=1
8601476	42	STIM=e
8608533	42	RESP=1
8619943	42	STIM=t
8624204	42	RESP=1
8638041	42	STIM=s
8645285	42	RESP=1
8656996	42	STIM=u
8663669	42	RESP=1
8673385	42	STIM=n
8677183	42	RESP=1
8688553	42	STIM=x
8697128	42	RESP=1
8704135	42	STIM=e
8714915	42	RESP=1
8722260	42	STIM=c
8730581	42	RESP=1
8740285	42	STIM=9
8748133	42	RESP=2
8758721	42	STIM=l
8763921	42	RESP=1
8775783	42	STIM=g
8780977	42	RESP=1
8791776	42	STIM=f
8799074	42	RESP=1
8807981	42	STIM=w
8811855	42	RESP=1
8826867	42	STIM=f
8831074	42	RESP=1
8843541	42	STIM=4
8848612	42	RESP=1
8862516	42	STIM=9
8868303	42	RESP=2
8879778	42	STIM=7
8885372	42	RESP=1
8895851	42	STIM=j
8902142	42	RESP=1
8912456	42	STIM=0
8919720	42	RESP=1
8931033	42	STIM=r
8938663	42	RESP=1
8947986	42	STIM=w
8951706	42	RESP=1
8965971	42	STIM=c
8976745	42	RESP=1
8983012	42	STIM=q
8986388	42	RESP=1
8999305	42	STIM=m
9007839	42	RESP=1
9015485	42	STIM=w
9028178	42	RESP=1
9034421	42	STIM=x
9041685	42	RESP=1
9049751	42	STIM=5
9060101	42	RESP=2
9064840	42	STIM=4
9069699	42	RESP=2
9080341	42	STIM=y
9084441	42	RESP=1
9096648	42	STIM=3
9101988	42	RESP=2
9112950	42	STIM=p
9116726	42	RESP=1
9129600	42	STIM=6
9134109	42	RESP=2
9147651	42	STIM=v
9152178	42	RESP=1
9164307	42	STIM=6
9168804	42	RESP=2
9182192	42	STIM=p
9186664	42	RESP=1
9199768	42	STIM=v
9203571	42	RESP=1
9214994	42	STIM=l
9222964	42	RESP=1
9233937	42	STIM=4
9242017	42	RESP=1
9252751	42	STIM=p
9256132	42	RESP=1
9271040	42	STIM=w
9274032	42	RESP=1
9288630	42	STIM=3
9295597	42	RESP=2
9306453	42	STIM=l
9311373	42	RESP=1
9323948	42	STIM=x
9329612	42	RESP=2
9339280	42	STIM=o
9343962	42	RESP=1
9354967	42	STIM=d
9363818	42	RESP=1
9371104	42	STIM=7
9379194	42	RESP=1
9387708	42	STIM=r
9390788	42	RESP=1
9406338	42	STIM=6
9410191	42	RESP=2
9421955	42	STIM=k
9425747	42	RESP=1
9440469	42	STIM=2
9446574	42	RESP=1
9457693	42	STIM=a
9466334	42	RESP=1
9472941	42	STIM=c
9476844	42	RESP=1
9491471	42	STIM=6
9496307	42	RESP=2
9507964	42	STIM=d
9513711	42	RESP=1
9523002	42	STIM=w
9530450	42	RESP=1
9538677	42	STIM=z
9541583	42	RESP=1
9554316	42	STIM=n
9559451	42	RESP=1
9569659	42	STIM=d
9576026	42	RESP=1
9586524	42	STIM=b
9589773	42	RESP=1
9601573	42	STIM=9
9607532	42	RESP=2
9618948	42	STIM=t
9625818	42	RESP=1
9635865	42	STIM=s
9640286	42	RESP=1
9652279	42	STIM=i
9657740	42	RESP=1
9669922	42	STIM=a
9679378	42	RESP=1
9686131	42	STIM=p
9689453	42	RESP=1
9702783	42	STIM=p
9707523	42	RESP=1
9718792	42	STIM=u
9724246	42	RESP=1
9733870	42	STIM=k
9737709	42	RESP=1
9752690	42	STIM=r
9757828	42	RESP=1
9770754	42	STIM=6
9777154	42	RESP=2
9787260	42	STIM=i
9792056	42	RESP=1
9802873	42	STIM=y
9813410	42	RESP=1
9819109	42	STIM=v
9822779	42	RESP=1
9835401	42	STIM=d
9838904	42	RESP=1
9850595	42	STIM=g
9855625	42	RESP=1
9866979	42	STIM=l
9871503	42	RESP=1
9882692	42	STIM=p
9888924	42	RESP=1
9898488	42	STIM=x
9907416	42	RESP=1
9915878	42	STIM=d
9920641	42	RESP=1
9933920	42	STIM=q
9941418	42	RESP=1
9951846	42	STIM=g
9956514	42	RESP=2
9969263	42	STIM=f
9975614	42	RESP=1
9985059	42	STIM=4
9990323	42	RESP=2
10001787	42	STIM=p
10006646	42	RESP=1
10018606	42	STIM=e
10023827	42	RESP=1
10033706	42	STIM=g
10039603	42	RESP=1
10051440	42	STIM=f
10059977	42	RESP=1
10067893	42	STIM=k
10071676	42	RESP=1
10084699	42	STIM=q
10095260	42	RESP=1
10101324	42	STIM=6
10107159	42	RESP=2
10116877	42	STIM=w
10122479	42	RESP=1
10135223	42	STIM=1
10142660	42	RESP=2
10154091	42	STIM=q
10162754	42	RESP=1
10173034	42	STIM=c
10178851	42	RESP=1
10188304	42	STIM=d
10194651	42	RESP=1
10203436	42	STIM=j
10206880	42	RESP=1
10222184	42	STIM=h
10226391	42	RESP=1
10240971	42	STIM=j
10244477	42	RESP=1
10257117	42	STIM=k
10260410	42	RESP=1
10272387	42	STIM=0
10278252	42	RESP=2
10287674	42	STIM=7
10291856	42	RESP=2
10305274	42	STIM=p
10309575	42	RESP=1
10320816	42	STIM=t
10323806	42	RESP=1
10339557	42	STIM=w
10343251	42	RESP=1
10358525	42	STIM=h
10364179	42	RESP=1
10373905	42	STIM=m
10377355	42	RESP=1
10391996	42	STIM=k
10397269	42	RESP=1
10408680	42	STIM=a
10415103	42	RESP=1
10423927	42	STIM=a
10427469	42	RESP=1
10441848	42	STIM=y
10448176	42	RESP=1
10457799	42	STIM=r
10463465	42	RESP=1
10474778	42	STIM=u
10480292	42	RESP=1
10489944	42	STIM=7
10497224	42	RESP=2
10505857	42	STIM=r
10509638	42	RESP=1
10524270	42	STIM=k
10532084	42	RESP=1
10539468	42	STIM=i
10549459	42	RESP=1
10557711	42	STIM=t
10565815	42	RESP=1
10573082	42	STIM=q
10576669	42	RESP=1
10589335	42	STIM=2
10593724	42	RESP=2
10607482	42	STIM=z
10612366	42	RESP=1
10623598	42	STIM=s
10628771	42	RESP=1
10640426	42	STIM=5
10646905	42	RESP=2
10657466	42	STIM=4
10662711	42	RESP=2
10675450	42	STIM=8
10681826	42	RESP=2
10690621	42	STIM=b
10693244	42	RESP=1
10708046	42	STIM=1
10712048	42	RESP=2
10726678	42	STIM=b
10732066	42	RESP=1
10744093	42	STIM=8
10751967	42	RESP=2
10759400	42	STIM=r
10764193	42	RESP=1
10777861	42	STIM=f
10785054	42	RESP=1
10793205	42	STIM=9
10799215	42	RESP=2
10811959	42	STIM=y
10816591	42	RESP=1
10828838	42	STIM=1
10833428	42	RESP=2
10844880	42	STIM=c
10854198	42	RESP=1
10862860	42	STIM=8
10869637	42	RESP=2
10879094	42	STIM=2
10887573	42	RESP=1
10896674	42	STIM=g
10901029	42	RESP=1
10915090	42	STIM=v
10918921	42	RESP=1
10931872	42	STIM=j
10941423	42	RESP=1
10949274	42	STIM=0
10956287	42	RESP=2
10966460	42	STIM=k
10974285	42	RESP=1
10984075	42	STIM=i
10988341	42	RESP=1
10999457	42	STIM=x
11004729	42	RESP=1
11018427	42	STIM=c
11022953	42	RESP=2
11037386	42	STIM=r
11041068	42	RESP=1
11054482	42	STIM=f
11061728	42	RESP=1
11071574	42	STIM=l
11077705	42	RESP=1
11087814	42	STIM=n
11095239	42	RESP=1
11105152	42	STIM=1
11109311	42	RESP=2
11120216	42	STIM=7
11125514	42	RESP=2
11138884	42	STIM=g
11142216	42	RESP=1
11156022	42	STIM=o
11159609	42	RESP=1
11171594	42	STIM=m
11176480	42	RESP=1
11187386	42	STIM=b
11191521	42	RESP=2
11205062	42	STIM=6
11210185	42	RESP=2
11220186	42	STIM=j
11224754	42	RESP=1
11235232	42	STIM=b
11240956	42	RESP=1
11250517	42	STIM=g
11256832	42	RESP=1
11267593	42	STIM=z
11271300	42	RESP=1
11283725	42	STIM=5
11290250	42	RESP=2
11301341	42	STIM=9
11310148	42	RESP=2
11318214	42	STIM=l
11323582	42	RESP=1
11335757	42	STIM=d
11339421	42	RESP=1
11354146	42	STIM=n
11359189	42	RESP=1
11372870	42	STIM=t
11379217	42	RESP=1
11391393	42	STIM=q
11399529	42	RESP=1
11407312	42	STIM=c
11414752	42	RESP=1
11424421	42	STIM=p
11429706	42	RESP=1
11442180	42	STIM=f
11445364	42	RESP=1
11459235	42	STIM=a
11464141	42	RESP=1
11476888	42	STIM=z
11479749	42	RESP=1
11494165	42	STIM=a
11498159	42	RESP=1
11512510	42	STIM=r
11517887	42	RESP=1
11529898	42	STIM=i
11534650	42	RESP=1
11547037	42	STIM=w
11551463	42	RESP=1
11562615	42	STIM=d
11569615	42	RESP=1
11579745	42	STIM=u
11585414	42	RESP=1
11596003	42	STIM=a
11599413	42	RESP=1
11614590	42	STIM=1
11620492	42	RESP=2
11633195	42	STIM=t
11638121	42	RESP=1
11651516	42	STIM=z
11655743	42	RESP=1
11669889	42	STIM=b
11674874	42	RESP=1
11685334	42	STIM=x
11694106	42	RESP=1
11702279	42	STIM=r
11708825	42	RESP=1
11719532	42	STIM=u
11724409	42	RESP=1
11736348	42	STIM=l
11742517	42	RESP=1
11754734	42	STIM=0
11762396	42	RESP=2
11772620	42	STIM=0
11779466	42	RESP=2
11787706	42	STIM=w
11791059	42	RESP=1
11806677	42	STIM=m
11812136	42	RESP=1
11821848	42	STIM=y
11828328	42	RESP=1
11839631	42	STIM=6
11844326	42	RESP=2
11856293	42	STIM=e
11859704	42	RESP=1
11873701	42	STIM=y
11876775	42	RESP=1
11891143	42	STIM=h
11900838	42	RESP=1
11907648	42	STIM=8
11912292	42	RESP=2
11925836	42	STIM=q
11932165	42	RESP=1
11941027	42	STIM=x
11948197	42	RESP=1
11958149	42	STIM=9
11968472	42	RESP=2
11973438	42	STIM=z
11977121	42	RESP=1
11991194	42	STIM=z
11996356	42	RESP=1
12007904	42	STIM=x
12013066	42	RESP=1
12024006	42	STIM=k
12029986	42	RESP=1
12039884	42	STIM=j
12046199	42	RESP=1
12057417	42	STIM=s
12064279	42	RESP=1
12073965	42	STIM=6
12079899	42	RESP=2
12092863	42	STIM=5
12102642	42	RESP=1
12109219	42	STIM=4
12117456	42	RESP=2
12125346	42	STIM=q
12129098	42	RESP=1
12144080	42	STIM=s
12147432	42	RESP=1
12159556	42	STIM=7
12163723	42	RESP=2
12176459	42	STIM=y
12182841	42	RESP=1
12191775	42	STIM=m
12195633	42	RESP=1
12207344	42	STIM=f
12211969	42	RESP=1
12222847	42	STIM=b
12231288	42	RESP=1
12238878	42	STIM=3
12245332	42	RESP=2
12257864	42	STIM=y
12263087	42	RESP=1
12275721	42	STIM=n
12281274	42	RESP=1
12292706	42	STIM=j
12297836	42	RESP=1
12311071	42	STIM=n
12316659	42	RESP=1
12327274	42	STIM=b
12329901	42	RESP=1
12345235	42	STIM=8
12349954	42	RESP=1
12364212	42	STIM=h
12369250	42	RESP=1
12379547	42	STIM=7
12386219	42	RESP=2
12395345	42	STIM=k
12398601	42	RESP=1
12413761	42	STIM=x
12418065	42	RESP=1
12432567	42	STIM=b
12436556	42	RESP=1
12451131	42	STIM=k
12456109	42	RESP=2
12467061	42	STIM=p
12472304	42	RESP=1
12485770	42	STIM=o
12490477	42	RESP=1
12501779	42	STIM=e
12507588	42	RESP=1
12517041	42	STIM=p
12523523	42	RESP=1
12535984	42	STIM=g
12540466	42	RESP=1
12553819	42	STIM=2
12562118	42	RESP=2
12569541	42	STIM=j
12576160	42	RESP=1
12585482	42	STIM=t
12591069	42	RESP=1
12600542	42	STIM=r
12603759	42	RESP=1
12619409	42	STIM=f
12626123	42	RESP=1
12638084	42	STIM=4
12648353	42	RESP=2
12654695	42	STIM=z
12660778	42	RESP=1
12673322	42	STIM=j
12679421	42	RESP=1
12688795	42	STIM=c
12695835	42	RESP=1
12705062	42	STIM=g
12709656	42	RESP=1
12723173	42	STIM=m
12728351	42	RESP=1
12739900	42	STIM=c
12745727	42	RESP=1
12755567	42	STIM=k
12763628	42	RESP=1
12772969	42	STIM=8
12782673	42	RESP=2
12788445	42	STIM=h
12792118	42	RESP=1
12806093	42	STIM=k
12811568	42	RESP=1
12821689	42	STIM=3
12828077	42	RESP=2
12839956	42	STIM=j
12848511	42	RESP=1
12857492	42	STIM=6
12862763	42	RESP=1
12875313	42	STIM=9
12879578	42	RESP=2
12891176	42	STIM=h
12895212	42	RESP=1
12909934	42	STIM=c
12915083	42	RESP=1
12926802	42	STIM=7
12932842	42	RESP=2
12943103	42	STIM=w
12949700	42	RESP=1
12959848	42	STIM=r
12963558	42	RESP=1
12978042	42	STIM=k
12985660	42	RESP=1
12994271	42	STIM=u
12998185	42	RESP=1
13009889	42	STIM=h
13017203	42	RESP=1
13028572	42	STIM=i
13033866	42	RESP=1
13044141	42	STIM=p
13049018	42	RESP=1
13062066	42	STIM=f
13065608	42	RESP=1
13079874	42	STIM=x
13085537	42	RESP=1
13097721	42	STIM=a
13101540	42	RESP=1
13112988	42	STIM=g
13119925	42	RESP=1
13128885	42	STIM=n
13140345	42	RESP=1
13146161	42	STIM=b
13150809	42	RESP=1
13163573	42	STIM=h
13167584	42	RESP=1
13179983	42	STIM=j
13184942	42	RESP=1
13196735	42	STIM=w
13202762	42	RESP=1
13211948	42	STIM=r
13216000	42	RESP=2
13230392	42	STIM=2
13234088	42	RESP=2
13249234	42	STIM=p
13257365	42	RESP=1
13264635	42	STIM=6
13272097	42	RESP=2
13282166	42	STIM=p
13286136	42	RESP=1
13299940	42	STIM=p
13305675	42	RESP=1
13318829	42	STIM=w
13322246	42	RESP=1
13334975	42	STIM=b
13339736	42	RESP=1
13350315	42	STIM=p
13354676	42	RESP=1
13367791	42	STIM=f
13374445	42	RESP=1
13383628	42	STIM=f
13388949	42	RESP=2
13398785	42	STIM=g
13401810	42	RESP=1
13415288	42	STIM=w
13418825	42	RESP=1
13433041	42	STIM=l
13438808	42	RESP=1
13449305	42	STIM=6
13459227	42	RESP=2
13464531	42	STIM=d
13469739	42	RESP=1
13483118	42	STIM=o
13487538	42	RESP=1
13499441	42	STIM=p
13503690	42	RESP=1
13515405	42	STIM=t
13522085	42	RESP=1
13532720	42	STIM=u
13539131	42	RESP=1
13547832	42	STIM=r
13550515	42	RESP=1
13566056	42	STIM=y
13572680	42	RESP=1
13581223	42	STIM=j
13592656	42	RESP=1
13597611	42	STIM=q
13611093	42	RESP=1
13612717	42	STIM=i
13617603	42	RESP=2
13630452	42	STIM=z
13635091	42	RESP=1
13648127	42	STIM=7
13653680	42	RESP=2
13666352	42	STIM=n
13673353	42	RESP=1
13683010	42	STIM=k
13689032	42	RESP=1
13701518	42	STIM=b
13707721	42	RESP=1
13719089	42	STIM=g
13724615	42	RESP=1
13737959	42	STIM=y
13742158	42	RESP=1
13754025	42	STIM=p
13760188	42	RESP=1
13770281	42	STIM=y
13780343	42	RESP=1
13785929	42	STIM=j
13790541	42	RESP=1
13801851	42	STIM=s
13804581	42	RESP=1
13818313	42	STIM=x
13822112	42	RESP=1
13836302	42	STIM=h
13846028	42	RESP=1
13854567	42	STIM=c
13865164	42	RESP=2
13870862	42	STIM=p
13878975	42	RESP=1
13887719	42	STIM=d
13893764	42	RESP=1
13905529	42	STIM=r
13908510	42	RESP=1
13923285	42	STIM=y
13928820	42	RESP=1
13942224	42	STIM=o
13947900	42	RESP=1
13959063	42	STIM=m
13964019	42	RESP=1
13975333	42	STIM=g
13981817	42	RESP=1
13992504	42	STIM=n
14000461	42	RESP=1
14010860	42	STIM=a
14015250	42	RESP=1
14026123	42	STIM=k
14028554	42	RESP=1
14045022	42	STIM=v
14053164	42	RESP=1
14062497	42	STIM=m
14072067	42	RESP=1
14077957	42	STIM=q
14088345	42	RESP=1
14096372	42	STIM=e
14106242	42	RESP=1
14111467	42	STIM=e
14116056	42	RESP=1
14130338	42	STIM=8
14137743	42	RESP=1
14148501	42	STIM=2
14154261	42	RESP=2
14166006	42	STIM=s
14170567	42	RESP=1
14182856	42	STIM=j
14188069	42	RESP=1
14200718	42	STIM=f
14210941	42	RESP=1
14218708	42	STIM=p
14225096	42	RESP=1
14235263	42	STIM=z
14239530	42	RESP=1
14253107	42	STIM=c
14260866	42	RESP=1
14268855	42	STIM=e
14280152	42	RESP=1
14284344	42	STIM=6
14290125	42	RESP=2
14302968	42	STIM=p
14309598	42	RESP=1
14318915	42	STIM=e
14322290	42	RESP=1
14335360	42	STIM=1
14341614	42	RESP=2
14353412	42	STIM=o
14359078	42	RESP=2
14372039	42	STIM=i
14376671	42	RESP=1
14387442	42	STIM=g
14392670	42	RESP=1
14402463	42	STIM=8
14411408	42	RESP=2
14419354	42	STIM=9
14423497	42	RESP=2
14435886	42	STIM=z
14441606	42	RESP=1
14453840	42	STIM=z
14458324	42	RESP=1
14472068	42	STIM=e
14477676	42	RESP=1
14489989	42	STIM=x
14495245	42	RESP=1
14505461	42	STIM=4
14510712	42	RESP=2
14521233	42	STIM=v
14526283	42	RESP=1
14538408	42	STIM=w
14546987	42	RESP=1
14554582	42	STIM=j
14558240	42	RESP=1
14573431	42	STIM=t
14583356	42	RESP=1
14591552	42	STIM=t
14598250	42	RESP=1
14610251	42	STIM=0
14614629	42	RESP=1
14628430	42	STIM=7
14634312	42	RESP=2
14646623	42	STIM=r
14651302	42	RESP=1
14662734	42	STIM=o
14666831	42	RESP=1
14679833	42	STIM=5
14690064	42	RESP=2
14696541	42	STIM=c
14700887	42	RESP=1
14715078	42	STIM=s
14720131	42	RESP=1
14730426	42	STIM=s
14737133	42	RESP=1
14748995	42	STIM=k
14753053	42	RESP=1
14765461	42	STIM=w
14770261	42	RESP=1
14782671	42	STIM=f
14792425	42	RESP=2
14798764	42	STIM=l
14802396	42	RESP=1
14816254	42	STIM=c
14821974	42	RESP=1
14834495	42	STIM=w
14840422	42	RESP=1
14853089	42	STIM=q
14857496	42	RESP=1
14869163	42	STIM=m
14881544	42	RESP=1
14884708	42	STIM=m
14895102	42	RESP=1
14902420	42	STIM=y
14906949	42	RESP=1
14917876	42	STIM=b
14924656	42	RESP=1
14934686	42	STIM=p
14940948	42	RESP=1
14952324	42	STIM=6
14957856	42	RESP=2
14970692	42	STIM=8
14974497	42	RESP=2
14987062	42	STIM=r
14994890	42	RESP=1
15004677	42	STIM=x
15012025	42	RESP=1
15022348	42	STIM=r
15027647	42	RESP=1
15037877	42	STIM=a
15043506	42	RESP=1
15053819	42	STIM=x
15059536	42	RESP=1
15070749	42	STIM=7
15076733	42	RESP=1
15086162	42	STIM=c
15089654	42	RESP=1
15102703	42	STIM=l
15107648	42	RESP=2
15118087	42	STIM=r
15126748	42	RESP=1
15136850	42	STIM=u
15143490	42	RESP=1
15152068	42	STIM=w
15157718	42	RESP=1
15167185	42	STIM=f
15171992	42	RESP=1
15182364	42	STIM=1
15194997	42	RESP=2
15197381	42	STIM=y
15203420	42	RESP=1
15212889	42	STIM=u
15217037	42	RESP=1
15228245	42	STIM=1
15234750	42	RESP=2
15245127	42	STIM=x
15252053	42	RESP=1
15261893	42	STIM=c
15267393	42	RESP=1
15277341	42	STIM=9
15288378	42	RESP=2
15294298	42	STIM=r
15300054	42	RESP=1
15309399	42	STIM=8
15319033	42	RESP=2
15326536	42	STIM=a
15330814	42	RESP=1
15342460	42	STIM=r
15349948	42	RESP=1
15358260	42	STIM=l
15365862	42	RESP=1
15377202	42	STIM=r
15383317	42	RESP=1
15392814	42	STIM=8
15401179	42	RESP=2
15410717	42	STIM=1
15415836	42	RESP=2
15429716	42	STIM=1
15440912	42	RESP=2
15445482	42	STIM=w
15449449	42	RESP=1
15462892	42	STIM=7
15468743	42	RESP=2
15480298	42	STIM=4
15484762	42	RESP=2
15497711	42	STIM=g
15501908	42	RESP=1
15512792	42	STIM=d
15518114	42	RESP=1
15529614	42	STIM=z
15535551	42	RESP=1
15545124	42	STIM=r
15550318	42	RESP=1
15563918	42	STIM=q
15577315	42	RESP=1
15580968	42	STIM=y
15587572	42	RESP=2
15596272	42	STIM=x
15600209	42	RESP=1
15614712	42	STIM=t
15624317	42	RESP=1
15632345	42	STIM=d
15638937	42	RESP=1
15650986	42	STIM=g
15655748	42	RESP=1
15666612	42	STIM=o
15670040	42	RESP=1
15683194	42	STIM=v
15687226	42	RESP=1
15699405	42	STIM=u
15707268	42	RESP=1
15715766	42	STIM=7
15725916	42	RESP=2
15733985	42	STIM=u
15738530	42	RESP=1
15749757	42	STIM=j
15757123	42	RESP=1
15767161	42	STIM=q
15774251	42	RESP=1
15784423	42	STIM=n
15787560	42	RESP=1
15801324	42	STIM=s
15805654	42	RESP=1
15820228	42	STIM=6
15828223	42	RESP=2
15837328	42	STIM=o
15844512	42	RESP=1
15854862	42	STIM=q
15859436	42	RESP=1
15872989	42	STIM=e
15877881	42	RESP=1
15890669	42	STIM=1
15896386	42	RESP=2
15907156	42	STIM=x
15917625	42	RESP=1
15922230	42	STIM=f
15927636	42	RESP=1
15940568	42	STIM=q
15945473	42	RESP=1
15956189	42	STIM=y
15963256	42	RESP=1
15972664	42	STIM=z
15975390	42	RESP=1
15989156	42	STIM=h
15995739	42	RESP=1
16004579	42	STIM=q
16011923	42	RESP=1
16021677	42	STIM=l
16026548	42	RESP=1
16040238	42	STIM=s
16046615	42	RESP=1
16057278	42	STIM=2
16063090	42	RESP=2
16076098	42	STIM=9
16084067	42	RESP=2
16093717	42	STIM=8
16099593	42	RESP=2
16108929	42	STIM=k
16116422	42	RESP=1
16124805	42	STIM=p
16137390	42	RESP=1
16143260	42	STIM=8
16149557	42	RESP=2
16161018	42	STIM=g
16166915	42	RESP=1
16176907	42	STIM=3
16183035	42	RESP=2
16195628	42	STIM=y
16199402	42	RESP=1
16211894	42	STIM=r
16215806	42	RESP=1
16227942	42	STIM=6
16235128	42	RESP=2
16245800	42	STIM=5
16255383	42	RESP=2
16261898	42	STIM=y
16264512	42	RESP=1
16277672	42	STIM=a
16281293	42	RESP=1
16295655	42	STIM=h
16299245	42	RESP=1
16314058	42	STIM=1
16318707	42	RESP=1
16329601	42	STIM=h
16334917	42	RESP=1
16344832	42	STIM=t
16349532	42	RESP=1
16360123	42	STIM=m
16364147	42	RESP=1
16377094	42	STIM=j
16382298	42	RESP=1
16395891	42	STIM=o
16402126	42	RESP=1
16413817	42	STIM=t
16418604	42	RESP=1
16430438	42	STIM=0
16440587	42	RESP=2
16446007	42	STIM=8
16458146	42	RESP=2
16463825	42	STIM=s
16470540	42	RESP=1
16482555	42	STIM=k
16486010	42	RESP=1
16501114	42	STIM=e
16508979	42	RESP=1
16518859	42	STIM=1
16526885	42	RESP=1
16535327	42	STIM=p
16540989	42	RESP=1
16551194	42	STIM=v
16558846	42	RESP=1
16567442	42	STIM=l
16573548	42	RESP=1
16583454	42	STIM=1
16588202	42	RESP=2
16600251	42	STIM=3
16605748	42	RESP=2
16618728	42	STIM=u
16625067	42	RESP=1
16634594	42	STIM=c
16639561	42	RESP=1
16650423	42	STIM=2
16661679	42	RESP=2
16668886	42	STIM=z
16673970	42	RESP=1
16684927	42	STIM=u
16688528	42	RESP=1
16699969	42	STIM=k
16703117	42	RESP=1
16716356	42	STIM=b
16720937	42	RESP=1
16732190	42	STIM=y
16739850	42	RESP=1
16751032	42	STIM=m
16754250	42	RESP=1
16767766	42	STIM=r
16774017	42	RESP=1
16785401	42	STIM=j
16791980	42	RESP=1
16802637	42	STIM=o
16806985	42	RESP=1
16819454	42	STIM=s
16826382	42	RESP=1
16834822	42	STIM=p
16841481	42	RESP=1
16853518	42	STIM=t
16857593	42	RESP=1
16870040	42	STIM=g
16876756	42	RESP=1
16886375	42	STIM=y
16892497	42	RESP=1
16902834	42	STIM=i
16908415	42	RESP=1
16920700	42	STIM=l
16923733	42	RESP=1
16937049	42	STIM=o
16943527	42	RESP=1
16952747	42	STIM=b
16958545	42	RESP=1
16968128	42	STIM=v
16981493	42	RESP=1
16986842	42	STIM=p
16990191	42	RESP=1
17003894	42	STIM=q
17008347	42	RESP=1
17019474	42	STIM=p
17023097	42	RESP=1
17035631	42	STIM=e
17042269	42	RESP=1
17051021	42	STIM=3
17054928	42	RESP=1
17069506	42	STIM=p
17075593	42	RESP=1
17087104	42	STIM=u
17090790	42	RESP=1
17103730	42	STIM=j
17112547	42	RESP=1
17120952	42	STIM=6
17127981	42	RESP=2
17139380	42	STIM=k
17145145	42	RESP=1
17157704	42	STIM=r
17161657	42	RESP=1
17173444	42	STIM=r
17177634	42	RESP=1
17189439	42	STIM=1
17194958	42	RESP=2
17205775	42	STIM=c
17208755	42	RESP=1
17222378	42	STIM=7
17231205	42	RESP=2
17239965	42	STIM=y
17246160	42	RESP=2
17257077	42	STIM=e
17262886	42	RESP=1
17272256	42	STIM=8
17280203	42	RESP=2
17287387	42	STIM=p
17291802	42	RESP=1
17303362	42	STIM=f
17313662	42	RESP=1
17320092	42	STIM=f
17324753	42	RESP=1
17338934	42	STIM=k
17342794	42	RESP=1
17355056	42	STIM=l
17357904	42	RESP=1
17371086	42	STIM=8
17378535	42	RESP=2
17388942	42	STIM=b
17393637	42	RESP=2
17405459	42	STIM=n
17409722	42	RESP=1
17422564	42	STIM=l
17429023	42	RESP=1
17437815	42	STIM=2
17446297	42	RESP=1
17453280	42	STIM=h
17457455	42	RESP=1
17471198	42	STIM=r
17477271	42	RESP=1
17488209	42	STIM=2
17492923	42	RESP=2
17504453	42	STIM=f
17509470	42	RESP=1
17521326	42	STIM=a
17527258	42	RESP=2
17537036	42	STIM=v
17539668	42	RESP=1
17555542	42	STIM=x
17562037	42	RESP=1
17571125	42	STIM=x
17576373	42	RESP=2
17587469	42	STIM=y
17593741	42	RESP=1
17604126	42	STIM=f
17610374	42	RESP=1
17621410	42	STIM=1
17629163	42	RESP=2
17639037	42	STIM=9
17645206	42	RESP=2
17656496	42	STIM=j
17659973	42	RESP=1
17673177	42	STIM=a
17677778	42	RESP=1
17691671	42	STIM=l
17695231	42	RESP=1
17708855	42	STIM=0
17714516	42	RESP=2
17724355	42	STIM=x
17728413	42	RESP=1
17741186	42	STIM=p
17746501	42	RESP=1
17758403	42	STIM=o
17763139	42	RESP=1
17777212	42	STIM=5
17782130	42	RESP=2
17794689	42	STIM=d
17800733	42	RESP=1
17811027	42	STIM=6
17819229	42	RESP=1
17828673	42	STIM=1
17834705	42	RESP=2
17844416	42	STIM=z
17848191	42	RESP=1
17861517	42	STIM=w
17869631	42	RESP=1
17877439	42	STIM=h
17886802	42	RESP=1
17895602	42	STIM=j
17900127	42	RESP=1
17911519	42	STIM=d
17917761	42	RESP=1
17927377	42	STIM=3
17932593	42	RESP=2
17945229	42	STIM=i
17952837	42	RESP=1
17962442	42	STIM=3
17968901	42	RESP=2
17978574	42	STIM=p
17986477	42	RESP=2
17996546	42	STIM=h
18000651	42	RESP=1
18013129	42	STIM=f
18021942	42	RESP=1
18031243	42	STIM=e
18034810	42	RESP=1
18046749	42	STIM=x
18052153	42	RESP=1
18064417	42	STIM=l
18069902	42	RESP=1
18082370	42	STIM=1
18089174	42	RESP=2
18099162	42	STIM=m
18107282	42	RESP=1
18114370	42	STIM=v
18119818	42	RESP=1
18131864	42	STIM=7
18138549	42	RESP=2
18148213	42	STIM=b
18157723	42	RESP=1
18164914	42	STIM=m
18171384	42	RESP=1
18181774	42	STIM=a
18186045	42	RESP=1
18199486	42	STIM=i
18204855	42	RESP=1
18217273	42	STIM=1
18222549	42	RESP=2
18235117	42	STIM=n
18242201	42	RESP=1
18252971	42	STIM=e
18258250	42	RESP=1
18271463	42	STIM=p
18275120	42	RESP=1
18288124	42	STIM=y
18292331	42	RESP=1
18306979	42	STIM=r
18312732	42	RESP=1
18323180	42	STIM=6
18328050	42	RESP=2
18338421	42	STIM=o
18344329	42	RESP=1
18355284	42	STIM=s
18358929	42	RESP=1
18373383	42	STIM=k
18376463	42	RESP=1
18388723	42	STIM=j
18397275	42	RESP=1
18406949	42	STIM=f
18412446	42	RESP=1
18422048	42	STIM=g
18428318	42	RESP=1
18437333	42	STIM=0
18443802	42	RESP=2
18455361	42	STIM=s
18462705	42	RESP=1
18471382	42	STIM=i
18479062	42	RESP=1
18488009	42	STIM=u
18494598	42	RESP=1
18503304	42	STIM=o
18508050	42	RESP=1
18520779	42	STIM=k
18525905	42	RESP=1
18538589	42	STIM=s
18544646	42	RESP=1
18555107	42	STIM=m
18559446	42	RESP=1
18572894	42	STIM=s
18575608	42	RESP=1
18589637	42	STIM=v
18594361	42	RESP=1
18608546	42	STIM=n
18613429	42	RESP=1
18625204	42	STIM=i
18628708	42	RESP=1
18641208	42	STIM=s
18650069	42	RESP=1
18657481	42	STIM=p
18662215	42	RESP=1
18674670	42	STIM=6
18684901	42	RESP=2
18689792	42	STIM=y
18698402	42	RESP=1
18706512	42	STIM=u
18713232	42	RESP=1
18725216	42	STIM=u
18730051	42	RESP=1
18741397	42	STIM=y
18749185	42	RESP=1
18760025	42	STIM=p
18764335	42	RESP=1
18777472	42	STIM=m
18780846	42	RESP=1
18794301	42	STIM=x
18800864	42	RESP=1
18812620	42	STIM=r
18822392	42	RESP=1
18830511	42	STIM=y
18834313	42	RESP=1
18846440	42	STIM=e
18849904	42	RESP=1
18862436	42	STIM=n
18865622	42	RESP=1
18881326	42	STIM=n
18888644	42	RESP=1
18897885	42	STIM=m
18904096	42	RESP=1
18913055	42	STIM=m
18918141	42	RESP=1
18930272	42	STIM=4
18939046	42	RESP=2
18947882	42	STIM=j
18952963	42	RESP=2
18965656	42	STIM=b
18972882	42	RESP=1
18982983	42	STIM=j
18989373	42	RESP=1
18998197	42	STIM=i
19002791	42	RESP=1
19016147	42	STIM=h
19021245	42	RESP=1
19032391	42	STIM=z
19039676	42	RESP=1
19049556	42	STIM=a
19055536	42	RESP=1
19066664	42	STIM=z
19073095	42	RESP=1
19083189	42	STIM=o
19090759	42	RESP=1
19100312	42	STIM=h
19103492	42	RESP=1
19116508	42	STIM=b
19133461	42	RESP=1
19134842	42	STIM=8
19143123	42	RESP=1
19150923	42	STIM=i
19154661	42	RESP=2
19168997	42	STIM=8
19172756	42	RESP=2
19186055	42	STIM=a
19191574	42	RESP=1
19202010	42	STIM=0
19212897	42	RESP=2
19220737	42	STIM=o
19224296	42	RESP=1
19238963	42	STIM=z
19247633	42	RESP=1
19256622	42	STIM=c
19260054	42	RESP=1
19272100	42	STIM=q
19276699	42	RESP=1
19290792	42	STIM=d
19298556	42	RESP=1
19309448	42	STIM=b
19312668	42	RESP=1
19325675	42	STIM=g
19328673	42	RESP=1
19341927	42	STIM=h
19350152	42	RESP=1
19359256	42	STIM=f
19368301	42	RESP=1
19374636	42	STIM=w
19383473	42	RESP=1
19390276	42	STIM=5
19402282	42	RESP=2
19406383	42	STIM=0
19414460	42	RESP=2
19422765	42	STIM=d
19429180	42	RESP=1
19438541	42	STIM=s
19443310	42	RESP=1
19455797	42	STIM=r
19463485	42	RESP=1
19471450	42	STIM=o
19478784	42	RESP=1
19488625	42	STIM=j
19491690	42	RESP=1
19506659	42	STIM=p
19510486	42	RESP=1
19524276	42	STIM=m
19530159	42	RESP=1
19541829	42	STIM=9
19548752	42	RESP=2
19559964	42	STIM=8
19565006	42	RESP=2
19575748	42	STIM=g
19578981	42	RESP=1
19593661	42	STIM=r
19598627	42	RESP=1
19611955	42	STIM=v
19615936	42	RESP=1
19630303	42	STIM=r
19634987	42	RESP=1
19648035	42	STIM=s
19653401	42	RESP=1
19666653	42	STIM=a
19672038	42	RESP=1
19681709	42	STIM=t
19690261	42	RESP=1
19700236	42	STIM=d
19705851	42	RESP=1
19716698	42	STIM=4
19724806	42	RESP=2
19733340	42	STIM=h
19737861	42	RESP=1
19749055	42	STIM=7
19757112	42	RESP=2
19765217	42	STIM=m
19768338	42	RESP=1
19781317	42	STIM=b
19786731	42	RESP=1
19796352	42	STIM=g
19799675	42	RESP=1
19812018	42	STIM=0
19822714	42	RESP=2
19830683	42	STIM=q
19835969	42	RESP=1
19847275	42	STIM=8
19851369	42	RESP=2
19862414	42	STIM=a
19866919	42	RESP=1
19878377	42	STIM=l
19881267	42	RESP=1
19893980	42	STIM=q
19898891	42	RESP=1
19909396	42	STIM=m
19913525	42	RESP=1
19925768	42	STIM=x
19929403	42	RESP=1
19941458	42	STIM=j
19944454	42	RESP=1
19959003	42	STIM=7
19964163	42	RESP=2
19977311	42	STIM=i
19986052	42	RESP=1
19993581	42	STIM=v
20002784	42	RESP=1
20009813	42	STIM=b
20015688	42	RESP=1
20027771	42	STIM=m
20031822	42	RESP=1
20042825	42	STIM=d
20047233	42	RESP=2
20060016	42	STIM=y
20064249	42	RESP=1
20077638	42	STIM=n
20085831	42	RESP=1
20093830	42	STIM=w
20101358	42	RESP=1
20112776	42	STIM=3
20120444	42	RESP=2
20128011	42	STIM=l
20131646	42	RESP=1
20145381	42	STIM=y
20153625	42	RESP=1
20161065	42	STIM=w
20170460	42	RESP=2
20178011	42	STIM=3
20187574	42	RESP=1
20196688	42	STIM=y
20200159	42	RESP=1
20211875	42	STIM=o
20215604	42	RESP=1
20227857	42	STIM=k
20232263	42	RESP=1
20246415	42	STIM=w
20251690	42	RESP=1
20263042	42	STIM=1
20268440	42	RESP=1
20278511	42	STIM=5
20285688	42	RESP=2
20296426	42	STIM=v
20302148	42	RESP=1
20312988	42	STIM=g
20319537	42	RESP=1
20331621	42	STIM=k
20340733	42	RESP=1
20347833	42	STIM=9
20355013	42	RESP=2
20363395	42	STIM=e
20370839	42	RESP=1
20380921	42	STIM=z
20385772	42	RESP=1
20399659	42	STIM=q
20405029	42	RESP=1
20416697	42	STIM=n
20422199	42	RESP=1
20433696	42	STIM=1
20442786	42	RESP=2
20452353	42	STIM=f
20457073	42	RESP=1
20468682	42	STIM=d
20474765	42	RESP=1
20485049	42	STIM=p
20489441	42	RESP=1
20501094	42	STIM=w
20510363	42	RESP=1
20518278	42	STIM=n
20521726	42	RESP=1
20533356	42	STIM=3
20539009	42	RESP=2
20549089	42	STIM=e
20555151	42	RESP=1
20567374	42	STIM=k
20572228	42	RESP=1
20584657	42	STIM=i
20591756	42	RESP=1
20600073	42	STIM=0
20604841	42	RESP=1
20617471	42	STIM=p
20622501	42	RESP=1
20636250	42	STIM=d
20641332	42	RESP=1
20653868	42	STIM=r
20659063	42	RESP=1
20669845	42	STIM=c
20676578	42	RESP=1
20688078	42	STIM=i
20694257	42	RESP=1
20705476	42	STIM=y
20714841	42	RESP=1
20722493	42	STIM=w
20727852	42	RESP=1
20739229	42	STIM=j
20746081	42	RESP=1
20755120	42	STIM=h
20761831	42	RESP=1
20772646	42	STIM=6
20779354	42	RESP=2
20789079	42	STIM=0
20796520	42	RESP=2
20806676	42	STIM=t
20813188	42	RESP=1
20822017	42	STIM=9
20826634	42	RESP=2
20839503	42	STIM=m
20844339	42	RESP=1
20857904	42	STIM=b
20861241	42	RESP=1
20875271	42	STIM=d
20878259	42	RESP=1
20893817	42	STIM=m
20902500	42	RESP=1
20910562	42	STIM=l
20918512	42	RESP=1
20928246	42	STIM=q
20935258	42	RESP=1
20944238	42	STIM=r
20949513	42	RESP=1
20961026	42	STIM=i
20964988	42	RESP=1
20978944	42	STIM=b
20985465	42	RESP=1
20996875	42	STIM=p
21001083	42	RESP=1
21012266	42	STIM=n
21019693	42	RESP=1
21028234	42	STIM=o
21038182	42	RESP=1
21043521	42	STIM=u
21049606	42	RESP=1
21060183	42	STIM=o
21066871	42	RESP=1
21075934	42	STIM=y
21082231	42	RESP=1
21094828	42	STIM=s
21098934	42	RESP=1
21110680	42	STIM=s
21113793	42	RESP=1
21125973	42	STIM=w
21133107	42	RESP=1
21142873	42	STIM=4
21150104	42	RESP=2
21159256	42	STIM=u
21164536	42	RESP=1
21176322	42	STIM=n
21183690	42	RESP=1
21194798	42	STIM=q
21199920	42	RESP=1
21209837	42	STIM=w
21212882	42	RESP=1
21225912	42	STIM=p
21232675	42	RESP=1
21241614	42	STIM=b
21250471	42	RESP=1
21260151	42	STIM=g
21264861	42	RESP=1
21275355	42	STIM=8
21280399	42	RESP=2
21291664	42	STIM=4
21295945	42	RESP=2
21308777	42	STIM=k
21311806	42	RESP=1
21325305	42	STIM=n
21329587	42	RESP=1
21341134	42	STIM=t
21348198	42	RESP=1
21359258	42	STIM=v
21362923	42	RESP=1
21376701	42	STIM=a
21384225	42	RESP=2
21394226	42	STIM=y
21400073	42	RESP=1
21412564	42	STIM=3
21418999	42	RESP=2
21429439	42	STIM=2
21436865	42	RESP=2
21444885	42	STIM=a
21456150	42	RESP=1
21460675	42	STIM=u
21463841	42	RESP=1
21476324	42	STIM=0
21480485	42	RESP=2
21494032	42	STIM=y
21500086	42	RESP=1
21510052	42	STIM=y
21518202	42	RESP=1
21525745	42	STIM=g
21536077	42	RESP=1
21543799	42	STIM=x
21548255	42	RESP=1
21562234	42	STIM=s
21566579	42	RESP=1
21578725	42	STIM=x
21585495	42	RESP=1
21596648	42	STIM=1
21601624	42	RESP=2
21615562	42	STIM=0
21621915	42	RESP=2
21631460	42	STIM=e
21636550	42	RESP=1
21646644	42	STIM=h
21651884	42	RESP=1
21663735	42	STIM=p
21671012	42	RESP=1
21680276	42	STIM=e
21683508	42	RESP=1
21697278	42	STIM=l
21703696	42	RESP=1
