# Original filename: 0014_PMP_2017-04-21.log
# Time unit: 100 us
# RARECAT=digit
#
# Time	HHGG	Event
30653	42	STIM=g
36373	42	RESP=1
46377	42	STIM=9
54592	42	RESP=1
65045	42	STIM=s
67824	42	RESP=1
83899	42	STIM=c
87550	42	RESP=1
101686	42	STIM=3
106030	42	RESP=2
118830	42	STIM=e
123443	42	RESP=1
136864	42	STIM=y
141775	42	RESP=1
153159	42	STIM=y
157551	42	RESP=1
170908	42	STIM=i
175373	42	RESP=1
186769	42	STIM=s
190545	42	RESP=1
205215	42	STIM=x
208666	42	RESP=1
221701	42	STIM=o
224958	42	RESP=1
236855	42	STIM=k
239825	42	RESP=1
252303	42	STIM=u
255100	42	RESP=1
268915	42	STIM=m
274247	42	RESP=1
286484	42	STIM=t
294955	42	RESP=1
303104	42	STIM=6
308324	42	RESP=2
318507	42	STIM=y
325696	42	RESP=1
336147	42	STIM=7
339643	42	RESP=2
352721	42	STIM=9
356213	42	RESP=2
368314	42	STIM=2
372641	42	RESP=1
386597	42	STIM=z
391165	42	RESP=1
402396	42	STIM=d
407487	42	RESP=1
421073	42	STIM=i
423846	42	RESP=1
439831	42	STIM=n
447112	42	RESP=1
458820	42	STIM=1
467182	42	RESP=2
476864	42	STIM=v
487407	42	RESP=1
495054	42	STIM=q
502694	42	RESP=1
511321	42	STIM=d
515015	42	RESP=1
529022	42	STIM=g
533009	42	RESP=1
544886	42	STIM=g
547844	42	RESP=1
563088	42	STIM=6
571224	42	RESP=2
580938	42	STIM=s
584283	42	RESP=1
597433	42	STIM=f
600246	42	RESP=1
613897	42	STIM=u
618110	42	RESP=1
631383	42	STIM=w
634254	42	RESP=1
649611	42	STIM=3
653872	42	RESP=2
668023	42	STIM=a
672058	42	RESP=1
684003	42	STIM=t
688016	42	RESP=1
701309	42	STIM=y
707546	42	RESP=1
716578	42	STIM=a
722835	42	RESP=1
733049	42	STIM=c
739431	42	RESP=1
750274	42	STIM=x
754324	42	RESP=1
768918	42	STIM=j
772322	42	RESP=1
785785	42	STIM=3
790982	42	RESP=2
802948	42	STIM=2
809431	42	RESP=2
818921	42	STIM=b
822559	42	RESP=1
834895	42	STIM=q
842399	42	RESP=1
852456	42	STIM=e
856391	42	RESP=1
870528	42	STIM=w
872969	42	RESP=1
886570	42	STIM=w
891987	42	RESP=1
901971	42	STIM=0
908727	42	RESP=2
918784	42	STIM=x
923135	42	RESP=1
935502	42	STIM=c
938620	42	RESP=1
953967	42	STIM=t
956998	42	RESP=1
970763	42	STIM=l
974225	42	RESP=1
988185	42	STIM=n
993117	42	RESP=2
1007151	42	STIM=z
1010491	42	RESP=1
1025195	42	STIM=j
1028410	42	RESP=1
1040845	42	STIM=c
1046146	42	RESP=1
1056995	42	STIM=c
1062782	42	RESP=1
1075762	42	STIM=g
1079674	42	RESP=1
1092981	42	STIM=t
1097375	42	RESP=1
1109220	42	STIM=2
1114300	42	RESP=2
1126760	42	STIM=2
1130869	42	RESP=1
1144747	42	STIM=g
1148766	42	RESP=1
1160152	42	STIM=8
1165640	42	RESP=2
1176564	42	STIM=6
1181187	42	RESP=2
1193501	42	STIM=u
1200398	42	RESP=1
1210096	42	STIM=u
1216300	42	RESP=1
1226937	42	STIM=f
1229947	42	RESP=1
1244913	42	STIM=j
1252236	42	RESP=1
1261840	42	STIM=3
1266130	42	RESP=1
1277618	42	STIM=6
1282978	42	RESP=1
1295787	42	STIM=2
1301504	42	RESP=1
1313527	42	STIM=y
1316165	42	RESP=1
1330523	42	STIM=r
1337131	42	RESP=2
1347435	42	STIM=j
1353289	42	RESP=1
1364181	42	STIM=h
1367962	42	RESP=1
1382168	42	STIM=u
1385846	42	RESP=1
1400230	42	STIM=g
1405044	42	RESP=1
1418217	42	STIM=c
1423358	42	RESP=1
1435894	42	STIM=t
1438833	42	RESP=1
1450896	42	STIM=a
1454085	42	RESP=1
1466649	42	STIM=7
1470802	42	RESP=1
1482366	42	STIM=r
1486636	42	RESP=1
1497691	42	STIM=t
1501343	42	RESP=1
1515821	42	STIM=u
1519962	42	RESP=2
1534615	42	STIM=2
1538433	42	RESP=2
1551921	42	STIM=o
1557543	42	RESP=1
1568183	42	STIM=i
1572603	42	RESP=1
1585503	42	STIM=l
1589107	42	RESP=1
1602548	42	STIM=0
1607342	42	RESP=2
1620744	42	STIM=o
1629569	42	RESP=1
1636027	42	STIM=e
1640950	42	RESP=1
1653877	42	STIM=a
1658057	42	RESP=1
1669426	42	STIM=e
1673060	42	RESP=1
1687612	42	STIM=f
1694501	42	RESP=1
1705562	42	STIM=1
1711235	42	RESP=2
1723256	42	STIM=v
1726498	42	RESP=1
1741704	42	STIM=5
1747330	42	RESP=2
1756794	42	STIM=3
1760456	42	RESP=2
1772665	42	STIM=y
1775320	42	RESP=1
1788250	42	STIM=c
1795594	42	RESP=1
1805136	42	STIM=j
1807934	42	RESP=1
1824114	42	STIM=s
1831645	42	RESP=1
1840398	42	STIM=t
1844205	42	RESP=1
1857293	42	STIM=1
1861275	42	RESP=2
1872460	42	STIM=9
1880275	42	RESP=1
1888301	42	STIM=c
1895143	42	RESP=2
1906136	42	STIM=a
1909623	42	RESP=1
1924817	42	STIM=h
1932139	42	RESP=1
1943559	42	STIM=d
1946937	42	RESP=1
1960192	42	STIM=a
1966979	42	RESP=1
1976142	42	STIM=k
1980614	42	RESP=1
1993904	42	STIM=w
2000457	42	RESP=1
2012140	42	STIM=w
2015936	42	RESP=2
2029871	42	STIM=f
2034610	42	RESP=1
2047497	42	STIM=v
2051904	42	RESP=1
2065360	42	STIM=a
2069990	42	RESP=1
2080491	42	STIM=h
2084386	42	RESP=1
2099477	42	STIM=m
2103987	42	RESP=1
2117527	42	STIM=k
2122848	42	RESP=1
2134609	42	STIM=e
2138658	42	RESP=1
2153270	42	STIM=m
2156592	42	RESP=1
2171111	42	STIM=m
2174854	42	RESP=1
2188351	42	STIM=v
2195872	42	RESP=1
2205086	42	STIM=m
2209483	42	RESP=1
2220792	42	STIM=n
2223982	42	RESP=1
2236671	42	STIM=q
2245818	42	RESP=1
2253604	42	STIM=d
2257782	42	RESP=1
2270460	42	STIM=i
2274879	42	RESP=1
2288191	42	STIM=h
2292952	42	RESP=1
2304453	42	STIM=w
2309056	42	RESP=1
2321474	42	STIM=j
2327534	42	RESP=1
2336820	42	STIM=z
2340384	42	RESP=1
2353340	42	STIM=6
2358195	42	RESP=1
2369512	42	STIM=0
2376920	42	RESP=2
2388213	42	STIM=f
2397551	42	RESP=2
2403327	42	STIM=p
2406878	42	RESP=1
2420162	42	STIM=z
2422904	42	RESP=1
2438745	42	STIM=g
2445410	42	RESP=1
2454084	42	STIM=s
2457557	42	RESP=1
2473004	42	STIM=s
2477442	42	RESP=1
2488662	42	STIM=7
2493771	42	RESP=2
2506410	42	STIM=e
2509474	42	RESP=1
2523239	42	STIM=q
2531400	42	RESP=1
2539176	42	STIM=z
2543813	42	RESP=1
2555129	42	STIM=2
2563660	42	RESP=2
2573489	42	STIM=d
2576903	42	RESP=1
2590939	42	STIM=n
2594944	42	RESP=1
2609021	42	STIM=q
2615881	42	RESP=1
2627831	42	STIM=y
2632349	42	RESP=1
2645536	42	STIM=b
2649126	42	RESP=1
2663409	42	STIM=g
2666039	42	RESP=1
2681229	42	STIM=p
2688126	42	RESP=1
2699395	42	STIM=l
2705940	42	RESP=1
2716974	42	STIM=q
2722921	42	RESP=1
2735236	42	STIM=n
2741232	42	RESP=1
2751074	42	STIM=d
2754882	42	RESP=1
2767277	42	STIM=a
2770967	42	RESP=1
2782942	42	STIM=a
2789480	42	RESP=2
2798184	42	STIM=o
2804414	42	RESP=1
2816709	42	STIM=3
2820586	42	RESP=2
2832864	42	STIM=i
2837430	42	RESP=1
2848930	42	STIM=2
2854228	42	RESP=2
2866411	42	STIM=c
2871459	42	RESP=1
2884299	42	STIM=3
2890467	42	RESP=2
2900730	42	STIM=z
2905728	42	RESP=1
2917940	42	STIM=o
2923162	42	RESP=1
2933580	42	STIM=t
2938718	42	RESP=2
2949614	42	STIM=r
2956458	42	RESP=1
2965939	42	STIM=o
2968721	42	RESP=1
2983792	42	STIM=a
2987438	42	RESP=1
3001175	42	STIM=i
3007728	42	RESP=1
3016576	42	STIM=5
3020190	42	RESP=2
3034095	42	STIM=g
3037943	42	RESP=1
3051595	42	STIM=r
3061055	42	RESP=1
3066987	42	STIM=i
3073299	42	RESP=1
3083487	42	STIM=e
3088478	42	RESP=1
3102472	42	STIM=f
3105366	42	RESP=1
3119633	42	STIM=g
3122092	42	RESP=1
3135310	42	STIM=c
3140229	42	RESP=1
3152294	42	STIM=o
3156093	42	RESP=1
3171083	42	STIM=h
3178569	42	RESP=1
3186528	42	STIM=n
3194449	42	RESP=1
3204222	42	STIM=j
3208537	42	RESP=1
3221708	42	STIM=2
3226941	42	RESP=2
3240450	42	STIM=s
3244415	42	RESP=1
3259323	42	STIM=g
3266107	42	RESP=1
3275519	42	STIM=w
3280779	42	RESP=1
3290784	42	STIM=t
3295769	42	RESP=1
3306262	42	STIM=5
3310886	42	RESP=2
3324695	42	STIM=w
3329521	42	RESP=1
3340029	42	STIM=x
3346163	42	RESP=1
3358982	42	STIM=4
3363675	42	RESP=2
3377170	42	STIM=j
3380336	42	RESP=2
3396075	42	STIM=7
3399624	42	RESP=2
3411323	42	STIM=h
3417465	42	RESP=1
3427046	42	STIM=t
3433221	42	RESP=1
3445566	42	STIM=8
3450104	42	RESP=1
3461478	42	STIM=e
3468474	42	RESP=1
3479180	42	STIM=j
3483784	42	RESP=1
3496256	42	STIM=5
3503683	42	RESP=2
3514910	42	STIM=j
3521241	42	RESP=2
3531064	42	STIM=s
3536728	42	RESP=1
3548888	42	STIM=c
3554034	42	RESP=1
3565252	42	STIM=k
3570290	42	RESP=1
3582817	42	STIM=d
3589128	42	RESP=1
3601445	42	STIM=b
3604514	42	RESP=1
3617529	42	STIM=v
3622797	42	RESP=1
3633157	42	STIM=x
3639778	42	RESP=2
3651742	42	STIM=u
3658991	42	RESP=1
3669037	42	STIM=v
3671920	42	RESP=1
3687736	42	STIM=i
3692292	42	RESP=1
3702957	42	STIM=p
3707538	42	RESP=1
3719137	42	STIM=h
3723382	42	RESP=1
3735623	42	STIM=m
3740847	42	RESP=1
3751707	42	STIM=0
3756246	42	RESP=2
3767497	42	STIM=j
3771279	42	RESP=1
3783865	42	STIM=r
3787392	42	RESP=1
3798992	42	STIM=s
3802772	42	RESP=1
3815937	42	STIM=h
3819955	42	RESP=1
3831882	42	STIM=t
3836279	42	RESP=1
3849881	42	STIM=f
3853482	42	RESP=1
3867660	42	STIM=3
3873429	42	RESP=2
3886367	42	STIM=d
3891138	42	RESP=2
3903726	42	STIM=r
3906940	42	RESP=1
3919337	42	STIM=q
3924497	42	RESP=1
3937457	42	STIM=y
3941552	42	RESP=1
3955166	42	STIM=5
3959520	42	RESP=2
3970166	42	STIM=9
3976778	42	RESP=2
3986467	42	STIM=a
3993916	42	RESP=1
4004942	42	STIM=h
4014377	42	RESP=1
4021488	42	STIM=n
4025618	42	RESP=1
4037473	42	STIM=t
4042162	42	RESP=1
4055404	42	STIM=g
4059684	42	RESP=1
4070658	42	STIM=i
4074294	42	RESP=1
4085812	42	STIM=d
4090631	42	RESP=1
4103427	42	STIM=h
4113850	42	RESP=1
4119032	42	STIM=y
4122814	42	RESP=1
4134842	42	STIM=b
4137976	42	RESP=1
4150647	42	STIM=z
4155398	42	RESP=1
4167708	42	STIM=1
4172241	42	RESP=2
4184393	42	STIM=y
4188865	42	RESP=1
4202017	42	STIM=r
4208244	42	RESP=1
4219780	42	STIM=l
4222256	42	RESP=1
4237718	42	STIM=l
4245057	42	RESP=1
4254973	42	STIM=q
4261113	42	RESP=1
4272180	42	STIM=j
4275045	42	RESP=1
4289176	42	STIM=o
4297898	42	RESP=1
4307504	42	STIM=u
4315712	42	RESP=1
4323385	42	STIM=g
4328584	42	RESP=1
4338730	42	STIM=v
4343747	42	RESP=1
4355811	42	STIM=z
4360534	42	RESP=1
4372788	42	STIM=e
4376811	42	RESP=1
4390497	42	STIM=c
4394884	42	RESP=1
4408152	42	STIM=4
4412599	42	RESP=2
4423241	42	STIM=i
4428257	42	RESP=1
4440452	42	STIM=z
4443783	42	RESP=1
4455566	42	STIM=4
4460847	42	RESP=2
4471502	42	STIM=e
4479761	42	RESP=1
4488499	42	STIM=f
4492840	42	RESP=1
4506837	42	STIM=a
4512024	42	RESP=1
4524143	42	STIM=g
4529399	42	RESP=1
4542284	42	STIM=n
4545824	42	RESP=1
4558728	42	STIM=w
4564450	42	RESP=1
4574679	42	STIM=a
4579273	42	RESP=1
4592210	42	STIM=t
4597597	42	RESP=1
4608380	42	STIM=p
4611417	42	RESP=2
4626938	42	STIM=q
4630688	42	RESP=1
4642929	42	STIM=g
4647660	42	RESP=1
4658998	42	STIM=f
4663534	42	RESP=1
4675933	42	STIM=f
4679379	42	RESP=1
4692599	42	STIM=x
4697419	42	RESP=1
4709905	42	STIM=b
4715934	42	RESP=1
4726560	42	STIM=m
4729769	42	RESP=1
4742358	42	STIM=y
4745995	42	RESP=1
4760310	42	STIM=o
4767050	42	RESP=1
4778291	42	STIM=9
4783007	42	RESP=2
4795321	42	STIM=a
4799311	42	RESP=1
4812400	42	STIM=w
4819107	42	RESP=1
4828974	42	STIM=k
4834396	42	RESP=1
4847106	42	STIM=o
4850494	42	RESP=1
4863179	42	STIM=7
4871431	42	RESP=2
4880352	42	STIM=c
4887056	42	RESP=1
4898669	42	STIM=u
4904468	42	RESP=1
4914358	42	STIM=b
4918959	42	RESP=1
4931570	42	STIM=s
4942176	42	RESP=1
4949876	42	STIM=2
4956523	42	RESP=2
4966931	42	STIM=f
4973029	42	RESP=1
4984428	42	STIM=c
4988350	42	RESP=1
5000242	42	STIM=v
5003847	42	RESP=1
5019184	42	STIM=6
5025370	42	RESP=1
5035391	42	STIM=m
5041126	42	RESP=1
5050546	42	STIM=a
5056910	42	RESP=1
5068165	42	STIM=a
5073716	42	RESP=1
5083684	42	STIM=a
5088505	42	RESP=1
5102054	42	STIM=v
5107857	42	RESP=1
5117781	42	STIM=5
5121448	42	RESP=2
5134692	42	STIM=m
5137856	42	RESP=1
5149833	42	STIM=w
5154774	42	RESP=1
5165533	42	STIM=i
5169194	42	RESP=1
5182932	42	STIM=f
5187544	42	RESP=1
5198449	42	STIM=l
5201042	42	RESP=1
5214190	42	STIM=0
5227354	42	RESP=2
5230271	42	STIM=l
5233471	42	RESP=1
5246473	42	STIM=l
5250255	42	RESP=1
5262289	42	STIM=3
5265841	42	RESP=2
5278207	42	STIM=t
5287812	42	RESP=1
5294496	42	STIM=b
5298964	42	RESP=1
5313343	42	STIM=p
5317655	42	RESP=1
5329854	42	STIM=2
5335038	42	RESP=2
5348213	42	STIM=w
5351286	42	RESP=2
5363807	42	STIM=x
5366807	42	RESP=1
5381130	42	STIM=2
5385767	42	RESP=2
5397216	42	STIM=1
5401879	42	RESP=1
5412454	42	STIM=i
5415360	42	RESP=1
5431008	42	STIM=u
5434085	42	RESP=1
5449401	42	STIM=p
5453581	42	RESP=1
5467758	42	STIM=y
5472044	42	RESP=1
5486281	42	STIM=y
5489455	42	RESP=1
5503443	42	STIM=z
5507942	42	RESP=1
5519369	42	STIM=9
5525166	42	RESP=2
5537832	42	STIM=o
5542557	42	RESP=1
5556503	42	STIM=9
5561022	42	RESP=2
5574422	42	STIM=j
5578029	42	RESP=1
5590643	42	STIM=j
5596015	42	RESP=1
5607582	42	STIM=g
5612188	42	RESP=1
5625459	42	STIM=6
5630080	42	RESP=2
5642331	42	STIM=b
5648253	42	RESP=1
5658220	42	STIM=k
5661907	42	RESP=1
5675927	42	STIM=4
5680456	42	RESP=2
5694390	42	STIM=c
5699129	42	RESP=1
5710465	42	STIM=s
5716651	42	RESP=1
5726199	42	STIM=9
5730694	42	RESP=1
5743999	42	STIM=b
5747251	42	RESP=1
5761249	42	STIM=r
5765145	42	RESP=1
5779007	42	STIM=q
5784298	42	RESP=1
5796591	42	STIM=s
5801159	42	RESP=1
5813584	42	STIM=m
5816237	42	RESP=1
5830018	42	STIM=4
5834490	42	RESP=2
5848506	42	STIM=m
5853212	42	RESP=1
5864688	42	STIM=8
5869044	42	RESP=2
5882529	42	STIM=a
5887096	42	RESP=1
5900244	42	STIM=e
5904906	42	RESP=1
5916766	42	STIM=e
5920273	42	RESP=1
5931810	42	STIM=o
5941337	42	RESP=1
5948325	42	STIM=6
5954323	42	RESP=1
5966346	42	STIM=k
5974260	42	RESP=1
5983467	42	STIM=b
5987782	42	RESP=1
6001896	42	STIM=e
6008243	42	RESP=1
6020003	42	STIM=k
6027116	42	RESP=1
6035715	42	STIM=r
6042739	42	RESP=1
6051986	42	STIM=n
6058409	42	RESP=1
6070763	42	STIM=6
6076289	42	RESP=2
6087883	42	STIM=n
6094289	42	RESP=1
6105535	42	STIM=e
6110417	42	RESP=1
6121488	42	STIM=g
6124791	42	RESP=1
6137438	42	STIM=f
6143945	42	RESP=1
6155323	42	STIM=a
6159186	42	RESP=1
6173810	42	STIM=u
6178147	42	RESP=1
6192759	42	STIM=w
6197206	42	RESP=2
6210194	42	STIM=g
6215639	42	RESP=1
6228178	42	STIM=g
6234367	42	RESP=1
6246819	42	STIM=k
6252333	42	RESP=1
6263974	42	STIM=n
6268328	42	RESP=1
6280944	42	STIM=m
6284713	42	RESP=1
6296109	42	STIM=g
6304333	42	RESP=2
6311177	42	STIM=7
6318146	42	RESP=2
6329438	42	STIM=r
6333336	42	RESP=1
6345928	42	STIM=6
6350727	42	RESP=2
6362792	42	STIM=u
6371395	42	RESP=1
6381455	42	STIM=0
6385323	42	RESP=1
6397429	42	STIM=4
6402304	42	RESP=1
6415571	42	STIM=0
6419255	42	RESP=2
6431270	42	STIM=x
6434565	42	RESP=1
6447646	42	STIM=y
6452802	42	RESP=1
6463326	42	STIM=v
6466177	42	RESP=2
6481375	42	STIM=z
6486865	42	RESP=1
6497343	42	STIM=f
6503263	42	RESP=1
6513489	42	STIM=p
6518026	42	RESP=1
6528840	42	STIM=t
6533132	42	RESP=1
6546716	42	STIM=y
6553941	42	RESP=1
6562495	42	STIM=6
6568903	42	RESP=2
6578571	42	STIM=n
6585903	42	RESP=1
6596249	42	STIM=l
6599231	42	RESP=1
6615022	42	STIM=h
6618503	42	RESP=1
6633727	42	STIM=q
6638724	42	RESP=1
6651819	42	STIM=f
6654692	42	RESP=1
6669590	42	STIM=e
6674477	42	RESP=1
6687456	42	STIM=3
6694032	42	RESP=2
6703890	42	STIM=n
6708413	42	RESP=1
6718932	42	STIM=s
6724123	42	RESP=1
6736734	42	STIM=5
6741849	42	RESP=2
6753387	42	STIM=x
6756681	42	RESP=1
6771747	42	STIM=o
6774386	42	RESP=1
6786793	42	STIM=e
6791267	42	RESP=1
6805508	42	STIM=r
6811565	42	RESP=1
6822247	42	STIM=0
6827462	42	RESP=1
6838418	42	STIM=c
6844807	42	RESP=1
6855749	42	STIM=5
6862880	42	RESP=2
6872367	42	STIM=w
6876015	42	RESP=1
6891097	42	STIM=g
6897537	42	RESP=2
6909580	42	STIM=x
6917342	42	RESP=1
6925696	42	STIM=6
6933296	42	RESP=2
6944137	42	STIM=c
6948076	42	RESP=1
6959897	42	STIM=2
6964104	42	RESP=2
6977538	42	STIM=d
6985065	42	RESP=1
6994579	42	STIM=n
6998627	42	RESP=1
7013269	42	STIM=q
7018387	42	RESP=1
7029680	42	STIM=z
7032858	42	RESP=1
7046319	42	STIM=a
7050073	42	RESP=1
7064782	42	STIM=8
7069730	42	RESP=2
7083133	42	STIM=x
7091529	42	RESP=1
7099357	42	STIM=h
7104807	42	RESP=2
7116547	42	STIM=9
7120742	42	RESP=2
7132191	42	STIM=t
7136621	42	RESP=1
7150219	42	STIM=0
7155962	42	RESP=2
7166878	42	STIM=p
7171706	42	RESP=1
7184778	42	STIM=a
7189002	42	RESP=1
7202849	42	STIM=3
7209231	42	RESP=2
7220608	42	STIM=2
7224997	42	RESP=2
7235967	42	STIM=e
7242784	42	RESP=1
7253401	42	STIM=8
7258141	42	RESP=2
7270478	42	STIM=0
7274984	42	RESP=2
7287574	42	STIM=p
7292505	42	RESP=1
7304692	42	STIM=t
7307840	42	RESP=1
7322081	42	STIM=r
7326998	42	RESP=1
7338654	42	STIM=g
7342763	42	RESP=1
7356003	42	STIM=p
7360199	42	RESP=1
7371124	42	STIM=6
7376719	42	RESP=2
7388278	42	STIM=j
7393376	42	RESP=1
7404165	42	STIM=t
7409432	42	RESP=1
7420155	42	STIM=3
7425686	42	RESP=2
7436170	42	STIM=n
7441623	42	RESP=1
7454456	42	STIM=o
7458942	42	RESP=1
7471977	42	STIM=p
7477706	42	RESP=1
7490349	42	STIM=j
7494742	42	RESP=1
7509177	42	STIM=w
7516127	42	RESP=1
7527011	42	STIM=3
7535062	42	RESP=2
7543019	42	STIM=e
7547590	42	RESP=1
7560467	42	STIM=j
7565056	42	RESP=1
7579379	42	STIM=o
7584219	42	RESP=1
7596682	42	STIM=4
7600417	42	RESP=2
7612095	42	STIM=u
7615400	42	RESP=1
7628968	42	STIM=z
7634910	42	RESP=1
7644080	42	STIM=b
7650173	42	RESP=1
7659336	42	STIM=m
7665770	42	RESP=2
7677632	42	STIM=w
7682738	42	RESP=1
7696331	42	STIM=e
7703894	42	RESP=1
7711756	42	STIM=c
7715737	42	RESP=1
7727501	42	STIM=l
7730191	42	RESP=1
7744369	42	STIM=6
7748604	42	RESP=2
7760112	42	STIM=n
7766489	42	RESP=1
7778500	42	STIM=n
7781772	42	RESP=1
7796418	42	STIM=2
7803131	42	RESP=2
7812397	42	STIM=u
7817096	42	RESP=1
7828865	42	STIM=p
7832502	42	RESP=1
7847243	42	STIM=q
7850860	42	RESP=1
7864012	42	STIM=0
7871548	42	RESP=2
7882085	42	STIM=k
7885555	42	RESP=1
7899347	42	STIM=i
7904626	42	RESP=1
7918310	42	STIM=z
7924584	42	RESP=1
7934646	42	STIM=k
7939057	42	RESP=1
7952362	42	STIM=z
7955809	42	RESP=1
7968643	42	STIM=i
7973055	42	RESP=1
7985834	42	STIM=2
7992416	42	RESP=1
8003378	42	STIM=e
8008908	42	RESP=1
8019710	42	STIM=x
8026862	42	RESP=1
8035155	42	STIM=c
8041578	42	RESP=1
8053690	42	STIM=4
8059582	42	RESP=2
8071527	42	STIM=a
8075518	42	RESP=1
8089706	42	STIM=z
8092189	42	RESP=1
8104953	42	STIM=p
8111681	42	RESP=1
8120592	42	STIM=2
8126371	42	RESP=1
8135732	42	STIM=u
8143749	42	RESP=1
8151284	42	STIM=e
8158189	42	RESP=1
8168148	42	STIM=1
8175741	42	RESP=2
8186429	42	STIM=n
8190725	42	RESP=1
8203879	42	STIM=d
8207395	42	RESP=1
8222230	42	STIM=a
8227122	42	RESP=1
8238942	42	STIM=r
8241986	42	RESP=1
8257756	42	STIM=7
8265787	42	RESP=2
8273377	42	STIM=q
8277181	42	RESP=1
8290258	42	STIM=g
8294408	42	RESP=2
8307881	42	STIM=u
8313165	42	RESP=1
8322995	42	STIM=o
8328611	42	RESP=1
8341546	42	STIM=o
8346978	42	RESP=2
8360027	42	STIM=m
8367808	42	RESP=1
8375179	42	STIM=v
8379392	42	RESP=1
8393771	42	STIM=m
8396738	42	RESP=1
8409615	42	STIM=r
8412744	42	RESP=1
8427795	42	STIM=l
8436547	42	RESP=1
8445795	42	STIM=2
8455144	42	RESP=2
8461953	42	STIM=f
8472774	42	RESP=1
8477273	42	STIM=l
8481037	42	RESP=1
8495584	42	STIM=2
8499684	42	RESP=2
8512624	42	STIM=j
8515974	42	RESP=1
8529858	42	STIM=a
8537504	42	RESP=1
8548015	42	STIM=u
8556086	42	RESP=1
8564270	42	STIM=7
8570170	42	RESP=2
8580347	42	STIM=p
8585611	42	RESP=1
8596204	42	STIM=v
8600153	42	RESP=1
8614809	42	STIM=h
8623342	42	RESP=1
8632134	42	STIM=j
8635484	42	RESP=1
8648105	42	STIM=l
8653016	42	RESP=1
8663754	42	STIM=e
8666870	42	RESP=1
8681028	42	STIM=q
8686595	42	RESP=1
8697122	42	STIM=8
8702778	42	RESP=2
8714846	42	STIM=h
8719612	42	RESP=1
8730976	42	STIM=r
8734242	42	RESP=1
8749666	42	STIM=i
8754596	42	RESP=1
8767349	42	STIM=0
8775678	42	RESP=2
8783965	42	STIM=e
8787894	42	RESP=1
8801672	42	STIM=v
8808460	42	RESP=1
8818290	42	STIM=l
8823769	42	RESP=1
8833640	42	STIM=6
8839038	42	RESP=2
8849506	42	STIM=b
8857875	42	RESP=1
8864603	42	STIM=g
8867191	42	RESP=1
8880391	42	STIM=s
8888123	42	RESP=1
8895613	42	STIM=g
8900350	42	RESP=1
8910984	42	STIM=c
8914247	42	RESP=1
8926994	42	STIM=2
8932068	42	RESP=2
8942741	42	STIM=5
8947290	42	RESP=2
8958668	42	STIM=1
8961733	42	RESP=2
8974428	42	STIM=o
8980388	42	RESP=1
8989511	42	STIM=5
8993199	42	RESP=2
9007906	42	STIM=m
9015569	42	RESP=1
9023857	42	STIM=n
9031387	42	RESP=1
9040898	42	STIM=e
9045769	42	RESP=1
9057014	42	STIM=6
9060940	42	RESP=1
9072797	42	STIM=0
9077163	42	RESP=1
9091530	42	STIM=r
9096878	42	RESP=1
9107090	42	STIM=u
9111480	42	RESP=1
9125381	42	STIM=c
9129777	42	RESP=1
9142879	42	STIM=r
9146879	42	RESP=1
9159072	42	STIM=n
9163820	42	RESP=1
9175791	42	STIM=o
9183246	42	RESP=1
9193755	42	STIM=i
9197173	42	RESP=1
9212381	42	STIM=g
9225098	42	RESP=1
9230874	42	STIM=g
9236047	42	RESP=1
9247590	42	STIM=v
9253239	42	RESP=1
9264349	42	STIM=r
9273278	42	RESP=1
9280256	42	STIM=4
9284612	42	RESP=2
9296967	42	STIM=q
9302084	42	RESP=1
9312953	42	STIM=f
9317181	42	RESP=1
9331005	42	STIM=9
9335511	42	RESP=2
9347544	42	STIM=x
9350338	42	RESP=1
9366167	42	STIM=a
9369786	42	RESP=1
9384314	42	STIM=x
9389357	42	RESP=2
9401895	42	STIM=n
9405318	42	RESP=1
9419370	42	STIM=3
9424571	42	RESP=2
9435461	42	STIM=s
9438989	42	RESP=1
9451127	42	STIM=s
9456136	42	RESP=1
9468786	42	STIM=d
9472373	42	RESP=1
9485228	42	STIM=q
9491681	42	RESP=1
9502217	42	STIM=h
9505938	42	RESP=1
9519757	42	STIM=m
9527960	42	RESP=1
9537848	42	STIM=e
9541473	42	RESP=1
9556817	42	STIM=g
9562612	42	RESP=1
9573446	42	STIM=0
9577898	42	RESP=2
9589995	42	STIM=u
9594663	42	RESP=1
9608788	42	STIM=e
9617186	42	RESP=1
9624224	42	STIM=b
9628894	42	RESP=1
9640190	42	STIM=g
9649009	42	RESP=1
9658741	42	STIM=g
9664666	42	RESP=1
9677521	42	STIM=4
9681794	42	RESP=2
9696410	42	STIM=2
9702024	42	RESP=2
9714110	42	STIM=y
9721861	42	RESP=1
9730260	42	STIM=7
9735929	42	RESP=2
9747326	42	STIM=e
9751470	42	RESP=1
9764844	42	STIM=6
9769620	42	RESP=2
9783121	42	STIM=p
9790006	42	RESP=1
9802096	42	STIM=n
9807853	42	RESP=1
9818279	42	STIM=f
9822730	42	RESP=1
9834951	42	STIM=i
9839695	42	RESP=1
9850291	42	STIM=o
9854913	42	RESP=1
9866318	42	STIM=x
9873106	42	RESP=1
9882799	42	STIM=9
9886445	42	RESP=2
9901371	42	STIM=u
9904543	42	RESP=1
9918613	42	STIM=e
9922297	42	RESP=1
9934184	42	STIM=d
9940935	42	RESP=1
9949424	42	STIM=f
9952710	42	RESP=1
9968220	42	STIM=t
9974754	42	RESP=1
9986117	42	STIM=t
9988683	42	RESP=1
10002279	42	STIM=g
10006964	42	RESP=1
10017851	42	STIM=z
10025184	42	RESP=1
10036264	42	STIM=h
10040847	42	RESP=1
10051607	42	STIM=s
10054780	42	RESP=1
10067108	42	STIM=d
10072490	42	RESP=1
10084418	42	STIM=5
10088418	42	RESP=2
10102881	42	STIM=r
10107458	42	RESP=1
10118107	42	STIM=p
10122456	42	RESP=1
10133880	42	STIM=y
10141819	42	RESP=1
10151531	42	STIM=y
10155755	42	RESP=1
10170103	42	STIM=k
10174535	42	RESP=1
10188427	42	STIM=4
10193854	42	RESP=2
10205455	42	STIM=f
10209060	42	RESP=1
10221557	42	STIM=0
10228809	42	RESP=1
10239837	42	STIM=f
10244159	42	RESP=1
10255783	42	STIM=9
10263419	42	RESP=2
10273061	42	STIM=o
10276679	42	RESP=1
10289644	42	STIM=8
10293264	42	RESP=2
10304714	42	STIM=g
10307811	42	RESP=1
10322541	42	STIM=x
10328532	42	RESP=1
10338474	42	STIM=0
10345063	42	RESP=2
10355163	42	STIM=h
10360738	42	RESP=2
10371606	42	STIM=v
10375427	42	RESP=1
10387035	42	STIM=l
10396301	42	RESP=1
10404950	42	STIM=z
10409752	42	RESP=1
10420175	42	STIM=l
10424329	42	RESP=1
10435666	42	STIM=v
10441665	42	RESP=1
10452260	42	STIM=k
10457178	42	RESP=1
10468851	42	STIM=0
10473399	42	RESP=2
10486504	42	STIM=p
10489411	42	RESP=1
10503073	42	STIM=w
10506624	42	RESP=1
10520560	42	STIM=x
10526381	42	RESP=1
10537512	42	STIM=t
10541421	42	RESP=1
10554414	42	STIM=e
10557337	42	RESP=1
10572549	42	STIM=t
10576370	42	RESP=1
10588055	42	STIM=d
10592571	42	RESP=1
10604425	42	STIM=j
10608841	42	RESP=1
10622098	42	STIM=a
10625670	42	RESP=1
10640841	42	STIM=f
10645429	42	RESP=1
10659350	42	STIM=z
10663364	42	RESP=1
10678002	42	STIM=0
10682128	42	RESP=2
10696032	42	STIM=m
10700325	42	RESP=1
10711120	42	STIM=z
10714735	42	RESP=1
10729966	42	STIM=s
10735170	42	RESP=1
10748175	42	STIM=m
10752828	42	RESP=1
10767163	42	STIM=i
10770905	42	RESP=1
10783690	42	STIM=k
10788275	42	RESP=1
10799828	42	STIM=l
10804897	42	RESP=1
10817735	42	STIM=r
10821657	42	RESP=1
10834827	42	STIM=4
10841516	42	RESP=2
10850224	42	STIM=p
10864492	42	RESP=1
10867910	42	STIM=u
10871890	42	RESP=1
10886269	42	STIM=g
10891199	42	RESP=1
10903568	42	STIM=9
10908480	42	RESP=2
10919478	42	STIM=9
10923797	42	RESP=2
10937053	42	STIM=e
10941555	42	RESP=1
10953481	42	STIM=0
10960292	42	RESP=2
10970733	42	STIM=o
10978629	42	RESP=1
10986942	42	STIM=b
10993645	42	RESP=1
11004096	42	STIM=f
11010114	42	RESP=1
11019883	42	STIM=5
11026403	42	RESP=2
11038316	42	STIM=e
11041515	42	RESP=1
11054470	42	STIM=h
11060801	42	RESP=1
11069675	42	STIM=k
11072953	42	RESP=1
11086150	42	STIM=5
11091019	42	RESP=2
11101757	42	STIM=f
11107930	42	RESP=1
11117971	42	STIM=j
11122744	42	RESP=1
11136278	42	STIM=a
11141282	42	RESP=1
11152814	42	STIM=j
11158405	42	RESP=1
11170729	42	STIM=s
11177110	42	RESP=1
11189015	42	STIM=v
11195345	42	RESP=1
11207052	42	STIM=2
11213221	42	RESP=1
11225542	42	STIM=o
11228627	42	RESP=1
11241338	42	STIM=6
11245035	42	RESP=2
11257660	42	STIM=s
11261289	42	RESP=1
11276415	42	STIM=4
11279880	42	RESP=2
11293484	42	STIM=d
11298289	42	RESP=1
11311954	42	STIM=q
11319450	42	RESP=1
11330873	42	STIM=j
11333638	42	RESP=1
11349022	42	STIM=4
11355678	42	RESP=2
11366294	42	STIM=w
11370120	42	RESP=1
11385199	42	STIM=w
11391484	42	RESP=1
11401440	42	STIM=k
11407605	42	RESP=1
11417652	42	STIM=z
11421665	42	RESP=1
11433425	42	STIM=3
11439370	42	RESP=2
11452084	42	STIM=o
11456238	42	RESP=1
11468492	42	STIM=f
11473713	42	RESP=1
11485936	42	STIM=j
11489617	42	RESP=1
11502183	42	STIM=p
11505589	42	RESP=1
11519318	42	STIM=g
11523930	42	RESP=1
11537376	42	STIM=2
11542041	42	RESP=1
11555950	42	STIM=e
11559099	42	RESP=1
11573562	42	STIM=z
11577808	42	RESP=1
11590729	42	STIM=g
11595452	42	RESP=1
11609533	42	STIM=b
11612935	42	RESP=1
11627708	42	STIM=p
11631422	42	RESP=1
11646212	42	STIM=p
11650410	42	RESP=1
11661486	42	STIM=n
11664820	42	RESP=1
11678502	42	STIM=b
11689149	42	RESP=1
11697439	42	STIM=j
11705343	42	RESP=1
11716226	42	STIM=b
11721725	42	RESP=1
11733722	42	STIM=i
11739651	42	RESP=1
11749280	42	STIM=x
11756263	42	RESP=1
11765319	42	STIM=w
11770133	42	RESP=1
11781996	42	STIM=y
11785574	42	RESP=1
11800393	42	STIM=s
11806456	42	RESP=1
11817494	42	STIM=s
11821825	42	RESP=1
11834680	42	STIM=v
11840922	42	RESP=1
11852151	42	STIM=g
11858617	42	RESP=2
11869197	42	STIM=f
11872977	42	RESP=1
11886572	42	STIM=o
11890132	42	RESP=1
11903169	42	STIM=0
11911297	42	RESP=2
11919049	42	STIM=y
11921624	42	RESP=1
11936385	42	STIM=r
11940831	42	RESP=1
11954129	42	STIM=k
11957423	42	RESP=1
11972178	42	STIM=c
11974662	42	RESP=1
11988708	42	STIM=j
11993985	42	RESP=1
12006615	42	STIM=y
12010356	42	RESP=2
12024889	42	STIM=b
12031232	42	RESP=1
12043713	42	STIM=0
12049998	42	RESP=2
12059341	42	STIM=p
12063728	42	RESP=1
12077922	42	STIM=9
12082798	42	RESP=2
12094806	42	STIM=u
12102669	42	RESP=1
12111469	42	STIM=u
12116389	42	RESP=1
12128766	42	STIM=x
12132434	42	RESP=1
12145068	42	STIM=e
12149407	42	RESP=2
12161290	42	STIM=b
12166352	42	RESP=1
12180099	42	STIM=o
12183268	42	RESP=1
12197465	42	STIM=8
12207627	42	RESP=2
12215818	42	STIM=9
12221378	42	RESP=1
12231217	42	STIM=n
12236636	42	RESP=1
12249115	42	STIM=9
12252219	42	RESP=2
12264553	42	STIM=j
12268613	42	RESP=1
12280591	42	STIM=d
12286277	42	RESP=2
12297214	42	STIM=p
12300538	42	RESP=1
12312494	42	STIM=2
12316555	42	RESP=2
12328076	42	STIM=w
12333643	42	RESP=1
12346234	42	STIM=b
12353834	42	RESP=1
12363402	42	STIM=a
12366951	42	RESP=1
12378454	42	STIM=a
12381416	42	RESP=2
12395683	42	STIM=g
12399571	42	RESP=1
12411210	42	STIM=q
12416162	42	RESP=1
12429629	42	STIM=u
12438523	42	RESP=1
12448050	42	STIM=v
12451351	42	RESP=1
12464393	42	STIM=i
12469913	42	RESP=1
12481909	42	STIM=5
12487394	42	RESP=2
12497263	42	STIM=r
12500615	42	RESP=1
12514384	42	STIM=n
12519572	42	RESP=1
12530836	42	STIM=3
12536494	42	RESP=2
12547652	42	STIM=x
12551065	42	RESP=1
12563636	42	STIM=9
12567351	42	RESP=2
12578691	42	STIM=u
12585621	42	RESP=1
12595387	42	STIM=p
12599586	42	RESP=1
12612633	42	STIM=j
12617653	42	RESP=1
12629908	42	STIM=q
12635594	42	RESP=1
12645876	42	STIM=c
12650592	42	RESP=1
12664256	42	STIM=7
12667903	42	RESP=2
12680301	42	STIM=r
12684848	42	RESP=1
12699018	42	STIM=4
12703602	42	RESP=1
12715499	42	STIM=l
12719100	42	RESP=1
12732640	42	STIM=i
12737930	42	RESP=1
12748778	42	STIM=h
12752325	42	RESP=1
12765777	42	STIM=n
12769343	42	RESP=1
12783142	42	STIM=c
12790577	42	RESP=1
12799912	42	STIM=p
12807781	42	RESP=1
12816948	42	STIM=l
12819873	42	RESP=1
12832720	42	STIM=p
12836626	42	RESP=1
12848779	42	STIM=a
12853301	42	RESP=1
12867106	42	STIM=5
12873578	42	RESP=2
12884449	42	STIM=e
12887180	42	RESP=1
12901372	42	STIM=y
12904731	42	RESP=1
12920036	42	STIM=x
12925230	42	RESP=1
12937712	42	STIM=e
12941336	42	RESP=1
12953376	42	STIM=x
12957492	42	RESP=1
12971152	42	STIM=5
12974726	42	RESP=2
12986787	42	STIM=t
12992239	42	RESP=1
13002632	42	STIM=u
13007814	42	RESP=1
13018770	42	STIM=s
13022451	42	RESP=1
13035913	42	STIM=o
13040057	42	RESP=1
13052219	42	STIM=s
13055392	42	RESP=1
13070829	42	STIM=4
13077828	42	RESP=2
13086088	42	STIM=f
13089443	42	RESP=1
13101510	42	STIM=c
13106222	42	RESP=2
13120506	42	STIM=y
13126329	42	RESP=1
13136533	42	STIM=l
13142558	42	RESP=1
13154365	42	STIM=0
13161459	42	RESP=1
13171668	42	STIM=l
13174808	42	RESP=1
13188593	42	STIM=s
13192370	42	RESP=1
13204509	42	STIM=1
13210756	42	RESP=2
13220826	42	STIM=f
13224304	42	RESP=1
13237456	42	STIM=c
13240892	42	RESP=1
13255570	42	STIM=f
13261757	42	RESP=1
13272514	42	STIM=9
13279065	42	RESP=2
13288224	42	STIM=y
13293148	42	RESP=1
13304107	42	STIM=p
13308746	42	RESP=1
13319112	42	STIM=c
13322845	42	RESP=1
13336874	42	STIM=7
13345009	42	RESP=2
13354033	42	STIM=7
13360095	42	RESP=2
13369297	42	STIM=a
13373445	42	RESP=1
13385819	42	STIM=z
13390944	42	RESP=1
13401252	42	STIM=k
13404161	42	RESP=1
13416611	42	STIM=4
13425765	42	RESP=2
13432884	42	STIM=x
13438973	42	RESP=1
13451565	42	STIM=j
13456722	42	RESP=1
13469041	42	STIM=6
13474752	42	RESP=2
13486573	42	STIM=9
13496095	42	RESP=1
13505448	42	STIM=c
13509020	42	RESP=1
13523169	42	STIM=a
13526657	42	RESP=1
13541478	42	STIM=v
13547277	42	RESP=1
13559026	42	STIM=w
13563595	42	RESP=1
13577612	42	STIM=a
13582636	42	RESP=1
13592977	42	STIM=i
13596619	42	RESP=1
13608423	42	STIM=k
13612486	42	RESP=1
13623745	42	STIM=c
13629521	42	RESP=1
13642629	42	STIM=z
13646321	42	RESP=1
13660313	42	STIM=0
13666887	42	RESP=2
13675364	42	STIM=g
13683177	42	RESP=1
13692678	42	STIM=q
13698619	42	RESP=1
13708209	42	STIM=h
13712625	42	RESP=1
13723211	42	STIM=b
13730466	42	RESP=1
13739478	42	STIM=k
13745938	42	RESP=1
13756045	42	STIM=z
13761802	42	RESP=1
13774573	42	STIM=g
13778642	42	RESP=1
13789804	42	STIM=q
13795970	42	RESP=1
13808747	42	STIM=j
13813267	42	RESP=1
13825749	42	STIM=p
13829117	42	RESP=1
13844464	42	STIM=a
13847090	42	RESP=1
13862477	42	STIM=h
13867641	42	RESP=1
13879734	42	STIM=0
13886048	42	RESP=2
13896343	42	STIM=2
13899787	42	RESP=2
13913308	42	STIM=v
13918326	42	RESP=1
13930163	42	STIM=n
13934861	42	RESP=1
13945927	42	STIM=f
13949724	42	RESP=1
13963237	42	STIM=f
13965830	42	RESP=1
13980253	42	STIM=y
13987911	42	RESP=1
13996466	42	STIM=s
13999909	42	RESP=1
14013791	42	STIM=5
14021845	42	RESP=2
14032230	42	STIM=r
14037216	42	RESP=1
14048213	42	STIM=k
14052856	42	RESP=1
14066599	42	STIM=u
14071659	42	RESP=1
14083255	42	STIM=r
14089650	42	RESP=1
14101411	42	STIM=l
14104320	42	RESP=1
14117031	42	STIM=m
14126258	42	RESP=1
14135020	42	STIM=2
14139370	42	RESP=2
14153537	42	STIM=0
14159249	42	RESP=2
14170167	42	STIM=t
14174497	42	RESP=1
14187061	42	STIM=g
14192329	42	RESP=1
14204952	42	STIM=9
14214070	42	RESP=2
14223557	42	STIM=o
14227783	42	RESP=1
14241461	42	STIM=d
14245773	42	RESP=1
14258249	42	STIM=m
14263477	42	RESP=1
14276440	42	STIM=k
14280840	42	RESP=1
14293522	42	STIM=f
14301539	42	RESP=1
14308942	42	STIM=l
14313378	42	RESP=1
14325642	42	STIM=6
14330095	42	RESP=2
14342540	42	STIM=z
14347682	42	RESP=1
14358654	42	STIM=y
14361593	42	RESP=1
14374061	42	STIM=8
14379862	42	RESP=2
14389358	42	STIM=v
14394754	42	RESP=1
14404539	42	STIM=8
14408948	42	RESP=2
14422425	42	STIM=g
14425954	42	RESP=1
14437562	42	STIM=7
14445172	42	RESP=2
14453579	42	STIM=b
14457112	42	RESP=1
14471062	42	STIM=f
14474319	42	RESP=1
14488034	42	STIM=r
14491590	42	RESP=1
14506566	42	STIM=j
14509607	42	RESP=1
14524055	42	STIM=n
14532217	42	RESP=1
14539315	42	STIM=p
14547161	42	RESP=1
14554497	42	STIM=x
14560355	42	RESP=1
14570194	42	STIM=x
14574373	42	RESP=1
14588269	42	STIM=h
14591813	42	RESP=1
14604757	42	STIM=y
14609442	42	RESP=1
14622189	42	STIM=m
14625661	42	RESP=1
14640760	42	STIM=f
14644720	42	RESP=1
14658006	42	STIM=s
14662156	42	RESP=1
14674409	42	STIM=8
14678194	42	RESP=1
14693268	42	STIM=t
14696437	42	RESP=1
14711393	42	STIM=n
14714478	42	RESP=1
14728084	42	STIM=s
14735742	42	RESP=1
14743455	42	STIM=c
14751280	42	RESP=1
14762428	42	STIM=z
14767884	42	RESP=1
14778112	42	STIM=8
14783555	42	RESP=2
14793168	42	STIM=q
14797056	42	RESP=1
14811136	42	STIM=f
14814093	42	RESP=1
14828346	42	STIM=y
14831322	42	RESP=1
14845405	42	STIM=8
14852853	42	RESP=2
14860658	42	STIM=d
14863939	42	RESP=1
14875666	42	STIM=9
14881123	42	RESP=2
14894460	42	STIM=x
14897437	42	RESP=1
14911852	42	STIM=w
14916744	42	RESP=1
14930453	42	STIM=v
14933723	42	RESP=1
14947023	42	STIM=c
14952151	42	RESP=1
14965300	42	STIM=w
14969223	42	RESP=1
14981827	42	STIM=p
14985839	42	RESP=1
14996832	42	STIM=i
15003273	42	RESP=1
15011921	42	STIM=o
15023420	42	RESP=1
15030517	42	STIM=n
15039880	42	RESP=1
15047132	42	STIM=t
15054052	42	RESP=1
15062146	42	STIM=l
15068694	42	RESP=1
15077696	42	STIM=i
15082528	42	RESP=1
15093024	42	STIM=n
15097423	42	RESP=1
15108376	42	STIM=t
15112212	42	RESP=1
15125948	42	STIM=n
15135640	42	RESP=1
15143692	42	STIM=y
15149641	42	RESP=1
15161143	42	STIM=i
15166475	42	RESP=1
15178723	42	STIM=s
15183654	42	RESP=1
15197038	42	STIM=t
15202949	42	RESP=1
15215457	42	STIM=i
15220835	42	RESP=1
15233195	42	STIM=l
15244314	42	RESP=1
15250851	42	STIM=0
15258458	42	RESP=2
15268419	42	STIM=h
15273011	42	RESP=1
15285707	42	STIM=m
15291623	42	RESP=1
15303400	42	STIM=r
15309140	42	RESP=1
15319772	42	STIM=9
15327424	42	RESP=2
15335552	42	STIM=r
15338775	42	RESP=1
15350945	42	STIM=z
15355714	42	RESP=1
15366748	42	STIM=j
15369288	42	RESP=1
15382188	42	STIM=f
15386754	42	RESP=1
15399845	42	STIM=g
15402954	42	RESP=1
15416030	42	STIM=h
15422158	42	RESP=1
15433548	42	STIM=f
15439942	42	RESP=1
15450371	42	STIM=x
15455170	42	RESP=1
15468848	42	STIM=c
15475079	42	RESP=1
15487474	42	STIM=n
15491219	42	RESP=1
15502825	42	STIM=k
15508479	42	RESP=1
15518604	42	STIM=k
15523905	42	RESP=1
15535637	42	STIM=q
15540531	42	RESP=1
15552443	42	STIM=t
15556457	42	RESP=1
15569039	42	STIM=d
15573387	42	RESP=1
15586640	42	STIM=f
15590271	42	RESP=1
15603177	42	STIM=j
15607276	42	RESP=1
15619330	42	STIM=f
15623530	42	RESP=1
15634643	42	STIM=g
15639275	42	RESP=1
15650214	42	STIM=8
15654229	42	RESP=2
15668396	42	STIM=m
15678188	42	RESP=1
15687139	42	STIM=x
15692894	42	RESP=1
15705608	42	STIM=c
15711222	42	RESP=1
15723888	42	STIM=4
15730357	42	RESP=2
15742051	42	STIM=0
15745594	42	RESP=2
15760492	42	STIM=6
15764918	42	RESP=2
15775670	42	STIM=v
15784020	42	RESP=1
15792413	42	STIM=4
15798495	42	RESP=2
15808895	42	STIM=q
15813401	42	RESP=1
15824442	42	STIM=4
15827632	42	RESP=2
15841990	42	STIM=u
15849177	42	RESP=1
15859692	42	STIM=o
15865241	42	RESP=1
15877506	42	STIM=h
15880271	42	RESP=1
15893511	42	STIM=z
15900193	42	RESP=1
15911723	42	STIM=1
15917522	42	RESP=1
15929390	42	STIM=s
15932849	42	RESP=1
15947468	42	STIM=p
15951744	42	RESP=1
15963588	42	STIM=k
15967004	42	RESP=1
15982011	42	STIM=l
15987454	42	RESP=1
15998624	42	STIM=r
16005017	42	RESP=1
16013801	42	STIM=x
16017010	42	RESP=1
16032700	42	STIM=o
16036493	42	RESP=1
16051254	42	STIM=v
16057411	42	RESP=1
16069700	42	STIM=s
16075297	42	RESP=1
16088442	42	STIM=j
16093480	42	RESP=1
16103980	42	STIM=1
16108852	42	RESP=2
16120825	42	STIM=t
16130762	42	RESP=1
16137099	42	STIM=4
16141699	42	RESP=2
16155838	42	STIM=4
16162778	42	RESP=2
16174443	42	STIM=f
16177882	42	RESP=1
16191881	42	STIM=z
16195758	42	RESP=1
16208935	42	STIM=m
16212733	42	RESP=1
16226845	42	STIM=u
16234166	42	RESP=1
16243931	42	STIM=e
16247421	42	RESP=1
16261914	42	STIM=z
16269853	42	RESP=1
16277819	42	STIM=g
16281365	42	RESP=1
16295206	42	STIM=v
16301406	42	RESP=1
16310544	42	STIM=9
16314917	42	RESP=2
16328705	42	STIM=o
16336051	42	RESP=1
16347508	42	STIM=u
16352160	42	RESP=1
16362715	42	STIM=o
16368707	42	RESP=1
16380082	42	STIM=v
16387571	42	RESP=1
16397670	42	STIM=d
16403057	42	RESP=1
16415480	42	STIM=x
16420047	42	RESP=1
16434442	42	STIM=0
16441286	42	RESP=2
16453348	42	STIM=2
16457511	42	RESP=2
16469495	42	STIM=b
16474108	42	RESP=1
16484709	42	STIM=3
16488722	42	RESP=1
16500480	42	STIM=c
16504559	42	RESP=1
16515602	42	STIM=0
16521293	42	RESP=2
16530967	42	STIM=d
16536365	42	RESP=1
16547934	42	STIM=x
16554070	42	RESP=1
16565947	42	STIM=m
16571427	42	RESP=1
16583941	42	STIM=g
16590198	42	RESP=1
16602717	42	STIM=s
16607212	42	RESP=1
16620624	42	STIM=5
16626988	42	RESP=2
16638913	42	STIM=o
16643340	42	RESP=1
16657825	42	STIM=v
16662321	42	RESP=1
16674531	42	STIM=2
16681857	42	RESP=1
16691332	42	STIM=b
16694424	42	RESP=1
16706390	42	STIM=7
16713951	42	RESP=2
16722216	42	STIM=e
16730196	42	RESP=1
16738113	42	STIM=z
16743857	42	RESP=1
16753770	42	STIM=s
16757125	42	RESP=1
16768833	42	STIM=c
16773172	42	RESP=1
16785752	42	STIM=j
16788652	42	RESP=1
16804492	42	STIM=x
16810016	42	RESP=1
16821218	42	STIM=f
16826177	42	RESP=1
16838259	42	STIM=u
16842630	42	RESP=1
16854203	42	STIM=e
16860772	42	RESP=1
16869429	42	STIM=z
16872744	42	RESP=1
16888158	42	STIM=z
16893563	42	RESP=1
16905314	42	STIM=y
16912105	42	RESP=1
16923984	42	STIM=p
16927831	42	RESP=1
16941059	42	STIM=w
16947948	42	RESP=2
16956146	42	STIM=u
16960298	42	RESP=1
16973535	42	STIM=4
16978527	42	RESP=2
16991980	42	STIM=j
16995652	42	RESP=1
17009970	42	STIM=r
17015052	42	RESP=1
17027865	42	STIM=t
17031070	42	RESP=1
17043195	42	STIM=k
17047410	42	RESP=1
17060082	42	STIM=i
17075308	42	RESP=1
17075970	42	STIM=o
17084451	42	RESP=1
17092267	42	STIM=j
17095444	42	RESP=1
17111234	42	STIM=d
17114535	42	RESP=1
17126696	42	STIM=t
17134552	42	RESP=1
17143671	42	STIM=v
17150491	42	RESP=1
17159580	42	STIM=5
17166768	42	RESP=2
17175583	42	STIM=w
17180109	42	RESP=1
17194196	42	STIM=a
17198353	42	RESP=1
17209824	42	STIM=p
17216565	42	RESP=1
17226344	42	STIM=z
17229569	42	RESP=1
17243668	42	STIM=c
17246837	42	RESP=1
17261801	42	STIM=y
17266507	42	RESP=1
17276911	42	STIM=h
17280387	42	RESP=1
17293900	42	STIM=k
17298649	42	RESP=1
17311137	42	STIM=5
17315487	42	RESP=2
17327126	42	STIM=1
17336575	42	RESP=2
17345411	42	STIM=c
17350542	42	RESP=1
17360953	42	STIM=j
17366920	42	RESP=1
17376424	42	STIM=q
17383956	42	RESP=1
17393343	42	STIM=j
17396963	42	RESP=1
17408737	42	STIM=n
17413633	42	RESP=1
17424078	42	STIM=h
17430195	42	RESP=1
17440548	42	STIM=g
17444031	42	RESP=2
17458223	42	STIM=o
17461771	42	RESP=1
17473794	42	STIM=y
17476744	42	RESP=1
17490765	42	STIM=l
17496796	42	RESP=1
17506567	42	STIM=z
17512531	42	RESP=1
17522748	42	STIM=n
17526216	42	RESP=1
17540377	42	STIM=d
17548840	42	RESP=2
17559236	42	STIM=j
17561941	42	RESP=1
17576541	42	STIM=v
17584575	42	RESP=1
17592202	42	STIM=k
17596541	42	RESP=1
17610086	42	STIM=l
17614916	42	RESP=1
17627236	42	STIM=m
17634355	42	RESP=1
17645713	42	STIM=g
17653411	42	RESP=1
17661888	42	STIM=3
17665881	42	RESP=2
17679088	42	STIM=u
17682807	42	RESP=1
17695576	42	STIM=r
17699777	42	RESP=1
17713013	42	STIM=a
17718297	42	RESP=1
17731909	42	STIM=0
17740855	42	RESP=2
17748264	42	STIM=7
17752930	42	RESP=2
17765407	42	STIM=o
17772186	42	RESP=1
17783271	42	STIM=6
17787929	42	RESP=2
17800449	42	STIM=w
17805531	42	RESP=1
17816016	42	STIM=0
17821487	42	RESP=2
17834092	42	STIM=z
17838323	42	RESP=1
17849187	42	STIM=5
17853369	42	RESP=2
17867997	42	STIM=f
17871611	42	RESP=1
17885433	42	STIM=1
17891114	42	RESP=2
17902657	42	STIM=r
17906771	42	RESP=1
17920276	42	STIM=b
17924770	42	RESP=1
17935673	42	STIM=g
17939588	42	RESP=1
17951640	42	STIM=f
17954998	42	RESP=1
17968752	42	STIM=p
17976775	42	RESP=1
17984665	42	STIM=v
17987668	42	RESP=1
18003468	42	STIM=y
18007403	42	RESP=1
18018767	42	STIM=3
18025446	42	RESP=2
18035799	42	STIM=7
18042153	42	RESP=1
18053063	42	STIM=u
18062289	42	RESP=1
18071326	42	STIM=9
18077973	42	RESP=2
18088878	42	STIM=5
18093287	42	RESP=2
18105162	42	STIM=8
18110661	42	RESP=1
18123690	42	STIM=7
18130639	42	RESP=2
18141806	42	STIM=2
18146563	42	RESP=2
18160563	42	STIM=j
18163999	42	RESP=1
18177805	42	STIM=3
18182092	42	RESP=2
18193696	42	STIM=0
18198216	42	RESP=2
18209692	42	STIM=y
18213712	42	RESP=1
18226123	42	STIM=t
18230788	42	RESP=1
18241832	42	STIM=o
18244720	42	RESP=1
18260290	42	STIM=u
18267975	42	RESP=1
18278679	42	STIM=y
18284671	42	RESP=1
18295009	42	STIM=z
18300389	42	RESP=1
18312242	42	STIM=f
18317142	42	RESP=1
18327631	42	STIM=g
18331993	42	RESP=1
18344719	42	STIM=l
18350017	42	RESP=1
18362440	42	STIM=4
18367567	42	RESP=2
18379745	42	STIM=c
18382608	42	RESP=1
18395500	42	STIM=v
18398452	42	RESP=1
18413983	42	STIM=u
18421490	42	RESP=1
18429170	42	STIM=p
18431959	42	RESP=1
18445467	42	STIM=o
18448714	42	RESP=1
18461780	42	STIM=b
18465702	42	RESP=1
18478698	42	STIM=j
18481936	42	RESP=1
18497159	42	STIM=5
18504157	42	RESP=2
18513393	42	STIM=4
18523735	42	RESP=2
18531037	42	STIM=j
18536924	42	RESP=1
18546340	42	STIM=q
18550075	42	RESP=1
18562048	42	STIM=h
18566102	42	RESP=1
18580324	42	STIM=z
18583850	42	RESP=1
18598353	42	STIM=1
18603808	42	RESP=2
18616015	42	STIM=x
18621465	42	RESP=1
18631215	42	STIM=y
18638710	42	RESP=1
18648095	42	STIM=x
18650892	42	RESP=1
18664495	42	STIM=n
18671028	42	RESP=1
18679870	42	STIM=a
18685689	42	RESP=1
18696724	42	STIM=v
18701341	42	RESP=1
18714121	42	STIM=c
18717619	42	RESP=1
18729940	42	STIM=n
18733992	42	RESP=2
18746110	42	STIM=s
18751896	42	RESP=1
18762913	42	STIM=9
18766416	42	RESP=2
18779145	42	STIM=y
18782858	42	RESP=2
18797653	42	STIM=j
18801289	42	RESP=1
18812801	42	STIM=w
18817208	42	RESP=1
18830947	42	STIM=x
18833708	42	RESP=1
18848344	42	STIM=6
18855533	42	RESP=2
18866419	42	STIM=k
18876151	42	RESP=1
18883500	42	STIM=d
18887017	42	RESP=1
18900605	42	STIM=m
18904874	42	RESP=1
18916226	42	STIM=j
18919681	42	RESP=1
18934934	42	STIM=w
18938471	42	RESP=1
18950435	42	STIM=t
18953755	42	RESP=1
18968442	42	STIM=e
18971335	42	RESP=1
18986289	42	STIM=d
18991011	42	RESP=1
19002021	42	STIM=a
19010785	42	RESP=1
19020197	42	STIM=c
19026460	42	RESP=1
19036295	42	STIM=v
19039647	42	RESP=1
19052804	42	STIM=n
19057186	42	RESP=1
19070859	42	STIM=x
19074243	42	RESP=1
19088041	42	STIM=a
19093335	42	RESP=1
19106741	42	STIM=8
19111278	42	RESP=2
19123090	42	STIM=a
19128426	42	RESP=1
19140575	42	STIM=1
19151303	42	RESP=2
19158186	42	STIM=e
19168440	42	RESP=1
19176044	42	STIM=k
19179032	42	RESP=1
19192667	42	STIM=y
19196482	42	RESP=1
19211325	42	STIM=3
19218806	42	RESP=2
19229013	42	STIM=x
19233187	42	RESP=1
19246118	42	STIM=6
19250493	42	RESP=2
19263094	42	STIM=8
19266957	42	RESP=2
19281882	42	STIM=h
19285769	42	RESP=1
19299606	42	STIM=p
19303668	42	RESP=1
19318401	42	STIM=d
19323993	42	RESP=1
19333702	42	STIM=5
19346073	42	RESP=2
19348914	42	STIM=k
19353019	42	RESP=1
19364482	42	STIM=g
19368642	42	RESP=1
19380804	42	STIM=i
19386902	42	RESP=1
19398734	42	STIM=f
19402602	42	RESP=1
19417617	42	STIM=j
19421094	42	RESP=1
19434308	42	STIM=7
19440556	42	RESP=2
19452694	42	STIM=o
19457682	42	RESP=1
19470380	42	STIM=v
19473912	42	RESP=1
19485733	42	STIM=2
19490689	42	RESP=2
19502609	42	STIM=e
19511790	42	RESP=1
19519477	42	STIM=t
19524921	42	RESP=1
19536643	42	STIM=n
19540582	42	RESP=1
19552550	42	STIM=r
19556869	42	RESP=1
19571372	42	STIM=r
19574609	42	RESP=1
19589189	42	STIM=v
19594898	42	RESP=1
19605590	42	STIM=l
19609233	42	RESP=1
19621412	42	STIM=y
19624560	42	RESP=1
19639006	42	STIM=j
19642282	42	RESP=1
19656837	42	STIM=1
19662592	42	RESP=2
19673283	42	STIM=c
19678902	42	RESP=1
19689533	42	STIM=n
19694554	42	RESP=1
19708504	42	STIM=t
19716627	42	RESP=1
19724629	42	STIM=n
19728625	42	RESP=1
19743294	42	STIM=v
19747598	42	RESP=1
19760141	42	STIM=z
19765130	42	RESP=1
19776496	42	STIM=6
19785159	42	RESP=2
19794217	42	STIM=z
19801682	42	RESP=1
19810945	42	STIM=i
19813869	42	RESP=1
19828665	42	STIM=d
19835296	42	RESP=1
19844935	42	STIM=c
19849526	42	RESP=1
19863095	42	STIM=e
19867242	42	RESP=1
19880187	42	STIM=m
19884694	42	RESP=1
19896920	42	STIM=8
19903978	42	RESP=1
19914151	42	STIM=8
19917369	42	RESP=2
19931739	42	STIM=p
19936570	42	RESP=1
19948381	42	STIM=g
19951489	42	RESP=1
19964322	42	STIM=p
19968015	42	RESP=1
19981788	42	STIM=r
19985693	42	RESP=1
19999919	42	STIM=y
20003282	42	RESP=1
20015101	42	STIM=x
20018888	42	RESP=1
20030464	42	STIM=1
20034742	42	RESP=1
20048035	42	STIM=m
20055813	42	RESP=1
20063122	42	STIM=h
20067090	42	RESP=1
20081331	42	STIM=p
20086011	42	RESP=1
20097381	42	STIM=h
20105560	42	RESP=1
20114681	42	STIM=3
20121913	42	RESP=2
20132416	42	STIM=n
20138466	42	RESP=1
20151356	42	STIM=c
20155545	42	RESP=1
20166911	42	STIM=6
20171161	42	RESP=2
20185267	42	STIM=9
20190827	42	RESP=2
20201843	42	STIM=x
20206078	42	RESP=1
20219646	42	STIM=s
20225361	42	RESP=1
20235004	42	STIM=g
20244385	42	RESP=1
20253358	42	STIM=r
20258895	42	RESP=1
20269170	42	STIM=j
20273315	42	RESP=1
20284883	42	STIM=s
20289850	42	RESP=1
20302094	42	STIM=w
20305753	42	RESP=1
20317368	42	STIM=w
20322663	42	RESP=1
20334734	42	STIM=p
20339496	42	RESP=1
20351414	42	STIM=z
20356338	42	RESP=1
20367078	42	STIM=v
20370477	42	RESP=1
20385699	42	STIM=e
20388740	42	RESP=1
20404399	42	STIM=z
20409169	42	RESP=1
20421815	42	STIM=t
20426285	42	RESP=1
20436839	42	STIM=d
20441020	42	RESP=1
20453872	42	STIM=b
20458348	42	RESP=1
20470717	42	STIM=w
20474533	42	RESP=1
20488762	42	STIM=v
20492968	42	RESP=1
20506480	42	STIM=m
20510165	42	RESP=1
20521909	42	STIM=p
20529429	42	RESP=1
20537702	42	STIM=h
20543173	42	RESP=1
20556625	42	STIM=g
20561628	42	RESP=1
20574823	42	STIM=2
20584855	42	RESP=2
20593341	42	STIM=6
20598902	42	RESP=2
20611192	42	STIM=q
20620787	42	RESP=1
20629027	42	STIM=7
20634363	42	RESP=2
20644101	42	STIM=e
20648927	42	RESP=1
20661688	42	STIM=w
20664652	42	RESP=1
20679443	42	STIM=n
20684071	42	RESP=1
20694610	42	STIM=6
20703563	42	RESP=2
20710218	42	STIM=7
20716998	42	RESP=2
20727288	42	STIM=k
20730969	42	RESP=1
20745780	42	STIM=f
20751264	42	RESP=1
20761988	42	STIM=0
20766682	42	RESP=1
20777258	42	STIM=6
20783151	42	RESP=2
20792540	42	STIM=t
20797412	42	RESP=1
20809235	42	STIM=s
20813735	42	RESP=1
20826813	42	STIM=2
20832436	42	RESP=2
20843253	42	STIM=i
20847228	42	RESP=1
20860160	42	STIM=x
20863700	42	RESP=1
20876743	42	STIM=s
20881869	42	RESP=2
20895298	42	STIM=f
20898054	42	RESP=1
20913648	42	STIM=d
20916184	42	RESP=1
20929747	42	STIM=9
20933905	42	RESP=2
20946808	42	STIM=8
20952442	42	RESP=2
20962227	42	STIM=0
20970224	42	RESP=2
20978730	42	STIM=n
20982628	42	RESP=1
20996680	42	STIM=t
20999731	42	RESP=1
21012943	42	STIM=3
21018198	42	RESP=2
21029840	42	STIM=s
21036300	42	RESP=1
21047365	42	STIM=j
21052415	42	RESP=1
21065294	42	STIM=y
21069748	42	RESP=1
21083945	42	STIM=7
21088293	42	RESP=2
21102047	42	STIM=r
21109623	42	RESP=1
21121038	42	STIM=z
21127127	42	RESP=1
21138599	42	STIM=r
21144154	42	RESP=1
21153801	42	STIM=z
21163206	42	RESP=1
21170462	42	STIM=r
21175516	42	RESP=1
21189055	42	STIM=n
21191683	42	RESP=1
21205994	42	STIM=a
21209521	42	RESP=2
21224329	42	STIM=9
21228501	42	RESP=2
21241336	42	STIM=m
21246546	42	RESP=1
21259509	42	STIM=d
21267931	42	RESP=1
21277587	42	STIM=x
21280389	42	RESP=1
21294404	42	STIM=i
21300968	42	RESP=1
21312167	42	STIM=e
21318339	42	RESP=1
21327327	42	STIM=r
21331209	42	RESP=1
21342480	42	STIM=v
21345877	42	RESP=1
21361093	42	STIM=l
21364746	42	RESP=1
21379659	42	STIM=r
21383356	42	RESP=1
21394796	42	STIM=n
21399086	42	RESP=1
21413637	42	STIM=i
21417633	42	RESP=1
21429360	42	STIM=r
21434584	42	RESP=1
21444574	42	STIM=o
21447742	42	RESP=1
21460952	42	STIM=y
21466645	42	RESP=1
21479718	42	STIM=d
21486412	42	RESP=1
21497029	42	STIM=3
21503021	42	RESP=2
21512762	42	STIM=z
21517116	42	RESP=1
21530257	42	STIM=h
21537090	42	RESP=1
21547727	42	STIM=x
21552283	42	RESP=2
21562966	42	STIM=1
21568340	42	RESP=1
21579479	42	STIM=l
21582088	42	RESP=1
21598435	42	STIM=h
21609336	42	RESP=1
21615500	42	STIM=b
21620446	42	RESP=1
21631951	42	STIM=i
21638395	42	RESP=1
21650699	42	STIM=v
21659531	42	RESP=1
21666684	42	STIM=o
21669245	42	RESP=1
21681698	42	STIM=v
21688084	42	RESP=1
21697453	42	STIM=o
21701232	42	RESP=1
21714290	42	STIM=r
21718199	42	RESP=1
21729452	42	STIM=q
21732810	42	RESP=2
21748182	42	STIM=u
21752732	42	RESP=1
21766848	42	STIM=1
21772383	42	RESP=2
21783189	42	STIM=b
21789517	42	RESP=1
