# Original filename: 0014_IKV_2017-03-05.log
# Time unit: 100 us
# RARECAT=digit
#
# Time	HHGG	Event
38380	42	STIM=i
43380	42	RESP=1
57074	42	STIM=r
60971	42	RESP=1
74363	42	STIM=k
78828	42	RESP=1
89624	42	STIM=7
94243	42	RESP=2
105875	42	STIM=r
110599	42	RESP=1
123889	42	STIM=k
127110	42	RESP=2
142330	42	STIM=0
147570	42	RESP=2
160767	42	STIM=n
171427	42	RESP=1
175923	42	STIM=l
179977	42	RESP=1
192060	42	STIM=w
197731	42	RESP=1
209791	42	STIM=8
214590	42	RESP=2
227315	42	STIM=w
233152	42	RESP=1
242994	42	STIM=g
246914	42	RESP=1
259290	42	STIM=t
264020	42	RESP=1
278090	42	STIM=4
283054	42	RESP=2
293524	42	STIM=k
299939	42	RESP=1
310893	42	STIM=q
317001	42	RESP=1
327733	42	STIM=1
334264	42	RESP=2
346331	42	STIM=r
349609	42	RESP=1
363146	42	STIM=j
368662	42	RESP=1
378536	42	STIM=x
382709	42	RESP=1
395220	42	STIM=z
399053	42	RESP=1
413613	42	STIM=r
417172	42	RESP=1
432111	42	STIM=v
437013	42	RESP=1
449410	42	STIM=a
453893	42	RESP=1
465931	42	STIM=z
470592	42	RESP=1
481031	42	STIM=c
488195	42	RESP=1
498124	42	STIM=m
507411	42	RESP=1
516237	42	STIM=o
520784	42	RESP=1
533455	42	STIM=e
537087	42	RESP=1
549924	42	STIM=e
553396	42	RESP=1
567312	42	STIM=l
570841	42	RESP=1
586202	42	STIM=h
593577	42	RESP=1
604226	42	STIM=l
612876	42	RESP=1
622407	42	STIM=8
628797	42	RESP=2
641001	42	STIM=7
649410	42	RESP=2
656662	42	STIM=a
663468	42	RESP=1
675248	42	STIM=6
686349	42	RESP=2
690798	42	STIM=m
695604	42	RESP=1
706088	42	STIM=a
712694	42	RESP=1
722324	42	STIM=c
728079	42	RESP=1
738455	42	STIM=d
742001	42	RESP=1
755653	42	STIM=j
763415	42	RESP=1
771167	42	STIM=v
774898	42	RESP=1
787528	42	STIM=l
792503	42	RESP=1
805628	42	STIM=f
808950	42	RESP=1
821966	42	STIM=v
833218	42	RESP=1
837306	42	STIM=2
849135	42	RESP=2
853667	42	STIM=l
857588	42	RESP=1
870251	42	STIM=s
872610	42	RESP=2
885580	42	STIM=s
890065	42	RESP=1
901889	42	STIM=2
909167	42	RESP=2
918558	42	STIM=d
924539	42	RESP=1
935510	42	STIM=b
943961	42	RESP=1
954383	42	STIM=w
959528	42	RESP=1
971407	42	STIM=t
974175	42	RESP=2
987874	42	STIM=s
992947	42	RESP=1
1004328	42	STIM=p
1009299	42	RESP=1
1020444	42	STIM=x
1026559	42	RESP=1
1037646	42	STIM=r
1040834	42	RESP=1
1054833	42	STIM=u
1062115	42	RESP=1
1073276	42	STIM=0
1083494	42	RESP=2
1089683	42	STIM=i
1095832	42	RESP=1
1107065	42	STIM=e
1111978	42	RESP=1
1123143	42	STIM=w
1128634	42	RESP=1
1138459	42	STIM=e
1141971	42	RESP=1
1155736	42	STIM=8
1161914	42	RESP=2
1171392	42	STIM=7
1176565	42	RESP=2
1186878	42	STIM=a
1191731	42	RESP=1
1204830	42	STIM=t
1211333	42	RESP=1
1220726	42	STIM=p
1224799	42	RESP=1
1236361	42	STIM=9
1240084	42	RESP=2
1253702	42	STIM=4
1259273	42	RESP=2
1271664	42	STIM=w
1274714	42	RESP=1
1287868	42	STIM=h
1293721	42	RESP=1
1303416	42	STIM=u
1309213	42	RESP=1
1320417	42	STIM=v
1331018	42	RESP=1
1338088	42	STIM=m
1346323	42	RESP=1
1354295	42	STIM=m
1358369	42	RESP=1
1372404	42	STIM=t
1378005	42	RESP=1
1388499	42	STIM=a
1391969	42	RESP=1
1406756	42	STIM=u
1414843	42	RESP=1
1423042	42	STIM=h
1426089	42	RESP=1
1438144	42	STIM=3
1443571	42	RESP=2
1455338	42	STIM=n
1459040	42	RESP=1
1472497	42	STIM=2
1480329	42	RESP=2
1490440	42	STIM=i
1503307	42	RESP=1
1507838	42	STIM=3
1514048	42	RESP=2
1523447	42	STIM=j
1526799	42	RESP=1
1542130	42	STIM=3
1545842	42	RESP=2
1561128	42	STIM=t
1570037	42	RESP=1
1577501	42	STIM=0
1584014	42	RESP=1
1592775	42	STIM=k
1595768	42	RESP=1
1608071	42	STIM=l
1613909	42	RESP=1
1625396	42	STIM=s
1629217	42	RESP=1
1644197	42	STIM=h
1649807	42	RESP=1
1662335	42	STIM=w
1665682	42	RESP=1
1678101	42	STIM=r
1682749	42	RESP=1
1696398	42	STIM=k
1701116	42	RESP=1
1714744	42	STIM=8
1719239	42	RESP=1
1730522	42	STIM=e
1737903	42	RESP=2
1747777	42	STIM=f
1752795	42	RESP=1
1765146	42	STIM=c
1774775	42	RESP=1
1780392	42	STIM=v
1786808	42	RESP=1
1797107	42	STIM=l
1800744	42	RESP=1
1815310	42	STIM=k
1822097	42	RESP=1
1831332	42	STIM=i
1841726	42	RESP=1
1848175	42	STIM=m
1853104	42	RESP=1
1865495	42	STIM=d
1869104	42	RESP=1
1881852	42	STIM=o
1885151	42	RESP=1
1898893	42	STIM=p
1903252	42	RESP=1
1915137	42	STIM=l
1918280	42	RESP=1
1930634	42	STIM=q
1933520	42	RESP=1
1947542	42	STIM=2
1958220	42	RESP=1
1963095	42	STIM=x
1972665	42	RESP=1
1979583	42	STIM=h
1985772	42	RESP=1
1997196	42	STIM=e
2002778	42	RESP=1
2016052	42	STIM=x
2021581	42	RESP=1
2032492	42	STIM=x
2041371	42	RESP=1
2050545	42	STIM=8
2056618	42	RESP=2
2068636	42	STIM=6
2072232	42	RESP=2
2085867	42	STIM=l
2090648	42	RESP=1
2100905	42	STIM=t
2106038	42	RESP=1
2116363	42	STIM=t
2123592	42	RESP=1
2134786	42	STIM=o
2137465	42	RESP=1
2151689	42	STIM=l
2158762	42	RESP=1
2166902	42	STIM=o
2172178	42	RESP=1
2185658	42	STIM=r
2192757	42	RESP=1
2204447	42	STIM=n
2211191	42	RESP=1
2221141	42	STIM=v
2225551	42	RESP=1
2236925	42	STIM=g
2242875	42	RESP=1
2253302	42	STIM=s
2261422	42	RESP=1
2271694	42	STIM=q
2276321	42	RESP=1
2286992	42	STIM=v
2289685	42	RESP=1
2303059	42	STIM=y
2305510	42	RESP=1
2319878	42	STIM=q
2329447	42	RESP=1
2335892	42	STIM=r
2340503	42	RESP=1
2351268	42	STIM=z
2357852	42	RESP=1
2368978	42	STIM=m
2379272	42	RESP=1
2386464	42	STIM=c
2389738	42	RESP=1
2404062	42	STIM=p
2407499	42	RESP=1
2420507	42	STIM=b
2426843	42	RESP=1
2437683	42	STIM=b
2440791	42	RESP=1
2453906	42	STIM=v
2459422	42	RESP=1
2470703	42	STIM=x
2477684	42	RESP=1
2489671	42	STIM=9
2498058	42	RESP=1
2506064	42	STIM=a
2509278	42	RESP=1
2524014	42	STIM=i
2530874	42	RESP=1
2541658	42	STIM=j
2546925	42	RESP=1
2559477	42	STIM=v
2563398	42	RESP=1
2578238	42	STIM=x
2584754	42	RESP=1
2595037	42	STIM=m
2609400	42	RESP=1
2613310	42	STIM=h
2619271	42	RESP=1
2631080	42	STIM=i
2642068	42	RESP=1
2648792	42	STIM=a
2653495	42	RESP=1
2664086	42	STIM=c
2669390	42	RESP=1
2680600	42	STIM=l
2685068	42	RESP=1
2696042	42	STIM=p
2699676	42	RESP=1
2714116	42	STIM=m
2723367	42	RESP=1
2729125	42	STIM=u
2733432	42	RESP=1
2746000	42	STIM=r
2754302	42	RESP=1
2763238	42	STIM=c
2771121	42	RESP=1
2780078	42	STIM=0
2785833	42	RESP=2
2797343	42	STIM=g
2803003	42	RESP=1
2812944	42	STIM=q
2816680	42	RESP=1
2829167	42	STIM=1
2833449	42	RESP=2
2847705	42	STIM=r
2850711	42	RESP=1
2866676	42	STIM=g
2871558	42	RESP=1
2884338	42	STIM=s
2895226	42	RESP=1
2899688	42	STIM=8
2907352	42	RESP=2
2916058	42	STIM=1
2924379	42	RESP=2
2933700	42	STIM=2
2941405	42	RESP=2
2949691	42	STIM=j
2957481	42	RESP=1
2964915	42	STIM=q
2970041	42	RESP=1
2981334	42	STIM=e
2988900	42	RESP=1
2996341	42	STIM=e
3001068	42	RESP=1
3014070	42	STIM=1
3018251	42	RESP=2
3031829	42	STIM=t
3037619	42	RESP=2
3050247	42	STIM=c
3058455	42	RESP=1
3065374	42	STIM=k
3074190	42	RESP=1
3080536	42	STIM=j
3085669	42	RESP=1
3099469	42	STIM=0
3105972	42	RESP=2
3117305	42	STIM=n
3125437	42	RESP=1
3135122	42	STIM=x
3143406	42	RESP=1
3151292	42	STIM=8
3165879	42	RESP=2
3168375	42	STIM=2
3178456	42	RESP=2
3184776	42	STIM=k
3192381	42	RESP=1
3200546	42	STIM=d
3204466	42	RESP=1
3218214	42	STIM=r
3225813	42	RESP=2
3236240	42	STIM=l
3240218	42	RESP=1
3252688	42	STIM=3
3260795	42	RESP=2
3269242	42	STIM=1
3274902	42	RESP=2
3287707	42	STIM=p
3292812	42	RESP=1
3303047	42	STIM=4
3314295	42	RESP=2
3320865	42	STIM=3
3324282	42	RESP=2
3337226	42	STIM=d
3343250	42	RESP=1
3354399	42	STIM=b
3358672	42	RESP=1
3372424	42	STIM=i
3375978	42	RESP=1
3388897	42	STIM=5
3393668	42	RESP=2
3406794	42	STIM=l
3417995	42	RESP=1
3421888	42	STIM=a
3432718	42	RESP=1
3439248	42	STIM=j
3442456	42	RESP=1
3455770	42	STIM=8
3462770	42	RESP=2
3472606	42	STIM=2
3480173	42	RESP=2
3488585	42	STIM=v
3495605	42	RESP=2
3506667	42	STIM=4
3516287	42	RESP=1
3523655	42	STIM=c
3529887	42	RESP=1
3540715	42	STIM=k
3548086	42	RESP=1
3557658	42	STIM=1
3562428	42	RESP=2
3573064	42	STIM=c
3579913	42	RESP=1
3589800	42	STIM=5
3594425	42	RESP=2
3605142	42	STIM=v
3613154	42	RESP=1
3621206	42	STIM=u
3627472	42	RESP=1
3636264	42	STIM=8
3641911	42	RESP=2
3655188	42	STIM=r
3661271	42	RESP=1
3671640	42	STIM=p
3676168	42	RESP=2
3688400	42	STIM=v
3693614	42	RESP=2
3704338	42	STIM=k
3709654	42	RESP=1
3722627	42	STIM=i
3728795	42	RESP=1
3737874	42	STIM=p
3745753	42	RESP=1
3755833	42	STIM=b
3762593	42	RESP=1
3773734	42	STIM=f
3777222	42	RESP=1
3789853	42	STIM=4
3795826	42	RESP=1
3807266	42	STIM=a
3815311	42	RESP=1
3823447	42	STIM=c
3826936	42	RESP=1
3839733	42	STIM=s
3844149	42	RESP=2
3856495	42	STIM=m
3861160	42	RESP=2
3873964	42	STIM=h
3878612	42	RESP=1
3891870	42	STIM=b
3897521	42	RESP=1
3906975	42	STIM=a
3912979	42	RESP=1
3923220	42	STIM=o
3928892	42	RESP=1
3940292	42	STIM=w
3946605	42	RESP=1
3957086	42	STIM=r
3961823	42	RESP=1
3975807	42	STIM=k
3981330	42	RESP=1
3991166	42	STIM=4
4001021	42	RESP=2
4007354	42	STIM=b
4012908	42	RESP=1
4023982	42	STIM=y
4027662	42	RESP=1
4039674	42	STIM=o
4044872	42	RESP=1
4057168	42	STIM=u
4062975	42	RESP=2
4074123	42	STIM=e
4078534	42	RESP=2
4091301	42	STIM=3
4096809	42	RESP=2
4106372	42	STIM=b
4111405	42	RESP=1
4124525	42	STIM=v
4128147	42	RESP=1
4143325	42	STIM=x
4146621	42	RESP=1
4160054	42	STIM=a
4165513	42	RESP=1
4176898	42	STIM=u
4180818	42	RESP=1
4192456	42	STIM=a
4196153	42	RESP=1
4211329	42	STIM=g
4216525	42	RESP=1
4230173	42	STIM=4
4236151	42	RESP=2
4247758	42	STIM=r
4255885	42	RESP=1
4265548	42	STIM=q
4270748	42	RESP=1
4284272	42	STIM=i
4289603	42	RESP=1
4300150	42	STIM=d
4306570	42	RESP=1
4316799	42	STIM=2
4322419	42	RESP=2
4334808	42	STIM=v
4343513	42	RESP=1
4351041	42	STIM=2
4359956	42	RESP=2
4368851	42	STIM=m
4373300	42	RESP=1
4384265	42	STIM=e
4389164	42	RESP=1
4401075	42	STIM=o
4409932	42	RESP=1
4418105	42	STIM=x
4423637	42	RESP=1
4434725	42	STIM=u
4446022	42	RESP=1
4452132	42	STIM=3
4461061	42	RESP=1
4467949	42	STIM=2
4474882	42	RESP=2
4486262	42	STIM=c
4490981	42	RESP=1
4504733	42	STIM=y
4509937	42	RESP=1
4520233	42	STIM=m
4527923	42	RESP=1
4535765	42	STIM=v
4539468	42	RESP=1
4554249	42	STIM=w
4558618	42	RESP=1
4569423	42	STIM=u
4572751	42	RESP=1
4585603	42	STIM=q
4588497	42	RESP=1
4600894	42	STIM=n
4609086	42	RESP=1
4616164	42	STIM=i
4626026	42	RESP=1
4631813	42	STIM=n
4638534	42	RESP=1
4648556	42	STIM=v
4654303	42	RESP=2
4666907	42	STIM=7
4672530	42	RESP=2
4684471	42	STIM=1
4692523	42	RESP=2
4701440	42	STIM=f
4706287	42	RESP=1
4717418	42	STIM=o
4722597	42	RESP=1
4736121	42	STIM=s
4738838	42	RESP=1
4754537	42	STIM=p
4764713	42	RESP=1
4770066	42	STIM=5
4778373	42	RESP=2
4787631	42	STIM=t
4792273	42	RESP=1
4803983	42	STIM=h
4807952	42	RESP=2
4821888	42	STIM=a
4825892	42	RESP=1
4840173	42	STIM=l
4843486	42	RESP=1
4855857	42	STIM=9
4861870	42	RESP=2
4871042	42	STIM=t
4881614	42	RESP=1
4886331	42	STIM=9
4895861	42	RESP=2
4901551	42	STIM=x
4908611	42	RESP=1
4920452	42	STIM=z
4923650	42	RESP=1
4935776	42	STIM=j
4942096	42	RESP=1
4954188	42	STIM=t
4962913	42	RESP=1
4970410	42	STIM=e
4978533	42	RESP=1
4986151	42	STIM=w
4993769	42	RESP=1
5003228	42	STIM=k
5009155	42	RESP=1
5018305	42	STIM=v
5023545	42	RESP=1
5035283	42	STIM=d
5043542	42	RESP=1
5053112	42	STIM=8
5060742	42	RESP=2
5071220	42	STIM=v
5074627	42	RESP=1
5087121	42	STIM=0
5095643	42	RESP=2
5105705	42	STIM=p
5113812	42	RESP=2
5124633	42	STIM=g
5129252	42	RESP=1
5140217	42	STIM=q
5147156	42	RESP=1
5155749	42	STIM=t
5159774	42	RESP=1
5173661	42	STIM=i
5178126	42	RESP=1
5189894	42	STIM=t
5195907	42	RESP=1
5207694	42	STIM=v
5212942	42	RESP=1
5225411	42	STIM=p
5230407	42	RESP=1
5243834	42	STIM=c
5249837	42	RESP=1
5258919	42	STIM=n
5264686	42	RESP=1
5275326	42	STIM=5
5279207	42	RESP=1
5292090	42	STIM=h
5301605	42	RESP=1
5310131	42	STIM=8
5317079	42	RESP=2
5326932	42	STIM=m
5329538	42	RESP=1
5343746	42	STIM=n
5348593	42	RESP=1
5359986	42	STIM=v
5368529	42	RESP=1
5375960	42	STIM=g
5381870	42	RESP=1
5394103	42	STIM=d
5398619	42	RESP=1
5410901	42	STIM=q
5416256	42	RESP=1
5427160	42	STIM=k
5431501	42	RESP=1
5442449	42	STIM=6
5448230	42	RESP=2
5460599	42	STIM=n
5469118	42	RESP=2
5477533	42	STIM=7
5485124	42	RESP=2
5495633	42	STIM=b
5500025	42	RESP=1
5514017	42	STIM=o
5517944	42	RESP=1
5530852	42	STIM=i
5538809	42	RESP=1
5548214	42	STIM=g
5552749	42	RESP=1
5564993	42	STIM=6
5570523	42	RESP=2
5581941	42	STIM=u
5586369	42	RESP=1
5598270	42	STIM=r
5602760	42	RESP=1
5614530	42	STIM=k
5618873	42	RESP=1
5632253	42	STIM=p
5638610	42	RESP=1
5650722	42	STIM=g
5654890	42	RESP=1
5665850	42	STIM=p
5668899	42	RESP=1
5684295	42	STIM=x
5691266	42	RESP=1
5700155	42	STIM=q
5704167	42	RESP=1
5719150	42	STIM=j
5723346	42	RESP=1
5735058	42	STIM=p
5740332	42	RESP=1
5751693	42	STIM=9
5759756	42	RESP=2
5770429	42	STIM=a
5776311	42	RESP=1
5789201	42	STIM=4
5794216	42	RESP=2
5804648	42	STIM=7
5811802	42	RESP=2
5822973	42	STIM=i
5829469	42	RESP=1
5840866	42	STIM=i
5844891	42	RESP=1
5857131	42	STIM=m
5863767	42	RESP=1
5873942	42	STIM=h
5877221	42	RESP=1
5892678	42	STIM=z
5897283	42	RESP=1
5908639	42	STIM=w
5913638	42	RESP=1
5927525	42	STIM=v
5933252	42	RESP=1
5943916	42	STIM=w
5954868	42	RESP=1
5961457	42	STIM=l
5965995	42	RESP=1
5977323	42	STIM=o
5982203	42	RESP=1
5993827	42	STIM=2
5998922	42	RESP=2
6011161	42	STIM=v
6020106	42	RESP=1
6029214	42	STIM=0
6034809	42	RESP=2
6047263	42	STIM=t
6053124	42	RESP=1
6066020	42	STIM=a
6075279	42	RESP=1
6081133	42	STIM=2
6087607	42	RESP=2
6100025	42	STIM=w
6105285	42	RESP=1
6118982	42	STIM=3
6124055	42	RESP=2
6134736	42	STIM=l
6142776	42	RESP=1
6151194	42	STIM=o
6158145	42	RESP=1
6167448	42	STIM=u
6176098	42	RESP=1
6185021	42	STIM=0
6192740	42	RESP=2
6200764	42	STIM=9
6206560	42	RESP=2
6216920	42	STIM=v
6221656	42	RESP=1
6235065	42	STIM=z
6241647	42	RESP=1
6252480	42	STIM=i
6258505	42	RESP=1
6271264	42	STIM=u
6275349	42	RESP=1
6287312	42	STIM=v
6294712	42	RESP=1
6303583	42	STIM=s
6308406	42	RESP=1
6319738	42	STIM=6
6324287	42	RESP=2
6335949	42	STIM=g
6340470	42	RESP=1
6352979	42	STIM=a
6363131	42	RESP=1
6367995	42	STIM=v
6372941	42	RESP=2
6385606	42	STIM=6
6389341	42	RESP=2
6403566	42	STIM=d
6408434	42	RESP=1
6421038	42	STIM=k
6427407	42	RESP=1
6437455	42	STIM=y
6443864	42	RESP=1
6454307	42	STIM=f
6458541	42	RESP=1
6471821	42	STIM=v
6477636	42	RESP=1
6490379	42	STIM=6
6497146	42	RESP=2
6506208	42	STIM=u
6511486	42	RESP=1
6523165	42	STIM=7
6528477	42	RESP=2
6540092	42	STIM=l
6546598	42	RESP=1
6555415	42	STIM=2
6565783	42	RESP=2
6574036	42	STIM=s
6580159	42	RESP=1
6591554	42	STIM=5
6598051	42	RESP=1
6607984	42	STIM=s
6611258	42	RESP=1
6625985	42	STIM=r
6632061	42	RESP=1
6644246	42	STIM=z
6648500	42	RESP=1
6663083	42	STIM=l
6668639	42	RESP=1
6678130	42	STIM=b
6681332	42	RESP=1
6695606	42	STIM=p
6701700	42	RESP=1
6714290	42	STIM=a
6718125	42	RESP=1
6730413	42	STIM=g
6733524	42	RESP=1
6747894	42	STIM=a
6751411	42	RESP=1
6765344	42	STIM=p
6771824	42	RESP=1
6780717	42	STIM=q
6784998	42	RESP=1
6796634	42	STIM=l
6803882	42	RESP=1
6815217	42	STIM=x
6826872	42	RESP=1
6832384	42	STIM=g
6838589	42	RESP=2
6849807	42	STIM=h
6856270	42	RESP=1
6864834	42	STIM=3
6870974	42	RESP=2
6882349	42	STIM=a
6891241	42	RESP=1
6898983	42	STIM=u
6903414	42	RESP=1
6914074	42	STIM=e
6923383	42	RESP=1
6930079	42	STIM=d
6934510	42	RESP=1
6947533	42	STIM=d
6953045	42	RESP=1
6966201	42	STIM=r
6971338	42	RESP=1
6984261	42	STIM=t
6989489	42	RESP=1
7001148	42	STIM=b
7006567	42	RESP=1
7017201	42	STIM=j
7021261	42	RESP=1
7033681	42	STIM=3
7038416	42	RESP=2
7048874	42	STIM=6
7059175	42	RESP=2
7065184	42	STIM=0
7072009	42	RESP=2
7081197	42	STIM=q
7084199	42	RESP=1
7097874	42	STIM=w
7101227	42	RESP=1
7115061	42	STIM=s
7123889	42	RESP=1
7133196	42	STIM=h
7143457	42	RESP=1
7148217	42	STIM=m
7154108	42	RESP=1
7165299	42	STIM=9
7173453	42	RESP=2
7182930	42	STIM=e
7194445	42	RESP=1
7200555	42	STIM=t
7207310	42	RESP=1
7218532	42	STIM=0
7228140	42	RESP=2
7234102	42	STIM=e
7240240	42	RESP=1
7252169	42	STIM=q
7261028	42	RESP=1
7269822	42	STIM=5
7280261	42	RESP=2
7288175	42	STIM=6
7294310	42	RESP=1
7304912	42	STIM=2
7315328	42	RESP=2
7321660	42	STIM=w
7324775	42	RESP=1
7337353	42	STIM=r
7342585	42	RESP=1
7354801	42	STIM=8
7362771	42	RESP=2
7369979	42	STIM=o
7374275	42	RESP=1
7386626	42	STIM=w
7395017	42	RESP=1
7405135	42	STIM=p
7410521	42	RESP=1
7423112	42	STIM=3
7427545	42	RESP=1
7439036	42	STIM=d
7444261	42	RESP=1
7455113	42	STIM=n
7462809	42	RESP=1
7471282	42	STIM=r
7476585	42	RESP=1
7489780	42	STIM=1
7496146	42	RESP=2
7506092	42	STIM=w
7510063	42	RESP=1
7521163	42	STIM=m
7525205	42	RESP=1
7539129	42	STIM=s
7542083	42	RESP=1
7556401	42	STIM=r
7562178	42	RESP=1
7571434	42	STIM=t
7578675	42	RESP=2
7589529	42	STIM=p
7593608	42	RESP=1
7604933	42	STIM=h
7617265	42	RESP=1
7620264	42	STIM=m
7623732	42	RESP=1
7636595	42	STIM=u
7640542	42	RESP=1
7653397	42	STIM=j
7660702	42	RESP=1
7669795	42	STIM=k
7674175	42	RESP=1
7688324	42	STIM=i
7694971	42	RESP=1
7706751	42	STIM=n
7712341	42	RESP=1
7724313	42	STIM=e
7728434	42	RESP=1
7740409	42	STIM=8
7745835	42	RESP=2
7757799	42	STIM=z
7765169	42	RESP=1
7776593	42	STIM=l
7786765	42	RESP=1
7791760	42	STIM=k
7797649	42	RESP=1
7809444	42	STIM=t
7818435	42	RESP=1
7825081	42	STIM=1
7832962	42	RESP=2
7841430	42	STIM=i
7847994	42	RESP=1
7858043	42	STIM=i
7863246	42	RESP=1
7874000	42	STIM=8
7877768	42	RESP=2
7892179	42	STIM=h
7895035	42	RESP=1
7908269	42	STIM=q
7914359	42	RESP=1
7923421	42	STIM=e
7928455	42	RESP=1
7942180	42	STIM=p
7947572	42	RESP=1
7961025	42	STIM=r
7964988	42	RESP=1
7976389	42	STIM=v
7980771	42	RESP=1
7995291	42	STIM=2
8003002	42	RESP=2
8010805	42	STIM=0
8018335	42	RESP=2
8026373	42	STIM=x
8030542	42	RESP=1
8042972	42	STIM=o
8050370	42	RESP=1
8061900	42	STIM=2
8068314	42	RESP=2
8080883	42	STIM=9
8086778	42	RESP=2
8096787	42	STIM=y
8100014	42	RESP=1
8112141	42	STIM=h
8120893	42	RESP=1
8129997	42	STIM=u
8135044	42	RESP=1
8146611	42	STIM=p
8153713	42	RESP=1
8164316	42	STIM=6
8169275	42	RESP=1
8183025	42	STIM=i
8187532	42	RESP=1
8200083	42	STIM=b
8206288	42	RESP=2
8217769	42	STIM=d
8223204	42	RESP=1
8232987	42	STIM=s
8237024	42	RESP=1
8251091	42	STIM=3
8256882	42	RESP=2
8267894	42	STIM=j
8272023	42	RESP=1
8283335	42	STIM=i
8286732	42	RESP=1
8300155	42	STIM=h
8307419	42	RESP=1
8318700	42	STIM=t
8324751	42	RESP=1
8334861	42	STIM=o
8343420	42	RESP=1
8350019	42	STIM=e
8356486	42	RESP=1
8368013	42	STIM=3
8374247	42	RESP=2
8386100	42	STIM=y
8393530	42	RESP=1
8402185	42	STIM=5
8410484	42	RESP=2
8420348	42	STIM=8
8427509	42	RESP=2
8435571	42	STIM=p
8439883	42	RESP=1
8453522	42	STIM=s
8458994	42	RESP=1
8470741	42	STIM=2
8474393	42	RESP=2
8489361	42	STIM=s
8494301	42	RESP=1
8507251	42	STIM=3
8513707	42	RESP=1
8524134	42	STIM=y
8531844	42	RESP=1
8539719	42	STIM=l
8547154	42	RESP=1
8555960	42	STIM=5
8561282	42	RESP=1
8571426	42	STIM=x
8577952	42	RESP=1
8587603	42	STIM=y
8592880	42	RESP=1
8606235	42	STIM=2
8615513	42	RESP=2
8622749	42	STIM=v
8626355	42	RESP=1
8641196	42	STIM=z
8647358	42	RESP=1
8660148	42	STIM=v
8665630	42	RESP=1
8677800	42	STIM=v
8681690	42	RESP=1
8694170	42	STIM=z
8697557	42	RESP=1
8710201	42	STIM=m
8716330	42	RESP=1
8725678	42	STIM=k
8730871	42	RESP=1
8741233	42	STIM=7
8747363	42	RESP=1
8759961	42	STIM=n
8764598	42	RESP=1
8778777	42	STIM=k
8784483	42	RESP=1
8794356	42	STIM=x
8799954	42	RESP=1
8813146	42	STIM=e
8819323	42	RESP=1
8828490	42	STIM=i
8835225	42	RESP=1
8845504	42	STIM=l
8852105	42	RESP=1
8862651	42	STIM=d
8868583	42	RESP=1
8879378	42	STIM=s
8885513	42	RESP=1
8895073	42	STIM=c
8900951	42	RESP=1
8911672	42	STIM=4
8919609	42	RESP=1
8928769	42	STIM=m
8935220	42	RESP=1
8945163	42	STIM=c
8949337	42	RESP=1
8960962	42	STIM=m
8966115	42	RESP=1
8978675	42	STIM=h
8983661	42	RESP=1
8995893	42	STIM=l
9000518	42	RESP=1
9012696	42	STIM=u
9015492	42	RESP=1
9030644	42	STIM=d
9035615	42	RESP=1
9048167	42	STIM=8
9053833	42	RESP=2
9065321	42	STIM=2
9073056	42	RESP=2
9081486	42	STIM=d
9088048	42	RESP=1
9099389	42	STIM=u
9108386	42	RESP=1
9118346	42	STIM=u
9122538	42	RESP=1
9137337	42	STIM=e
9141901	42	RESP=1
9154586	42	STIM=3
9163951	42	RESP=2
9171272	42	STIM=e
9178704	42	RESP=1
9188179	42	STIM=d
9196442	42	RESP=1
9206350	42	STIM=x
9212656	42	RESP=1
9222387	42	STIM=b
9225880	42	RESP=1
9238517	42	STIM=l
9244580	42	RESP=1
9256207	42	STIM=e
9260806	42	RESP=2
9275101	42	STIM=l
9281879	42	RESP=1
9290864	42	STIM=b
9298450	42	RESP=1
9309439	42	STIM=u
9315974	42	RESP=1
9324594	42	STIM=6
9332059	42	RESP=2
9342090	42	STIM=f
9345653	42	RESP=1
9359106	42	STIM=3
9363614	42	RESP=2
9377224	42	STIM=8
9382155	42	RESP=2
9393934	42	STIM=7
9401190	42	RESP=2
9410730	42	STIM=0
9416719	42	RESP=2
9428031	42	STIM=h
9433107	42	RESP=1
9443215	42	STIM=c
9447146	42	RESP=1
9458264	42	STIM=9
9464226	42	RESP=2
9476814	42	STIM=y
9480308	42	RESP=1
9495607	42	STIM=f
9500435	42	RESP=1
9510741	42	STIM=r
9520620	42	RESP=1
9526114	42	STIM=w
9529135	42	RESP=1
9544619	42	STIM=m
9549921	42	RESP=1
9562960	42	STIM=4
9569859	42	RESP=2
9578816	42	STIM=e
9582504	42	RESP=2
9594177	42	STIM=w
9596907	42	RESP=1
9610961	42	STIM=b
9614801	42	RESP=1
9627687	42	STIM=b
9630766	42	RESP=1
9646454	42	STIM=c
9651914	42	RESP=1
9664947	42	STIM=s
9668419	42	RESP=1
9683154	42	STIM=i
9688376	42	RESP=1
9698433	42	STIM=s
9707991	42	RESP=1
9714847	42	STIM=s
9722855	42	RESP=1
9730543	42	STIM=s
9737239	42	RESP=1
9748950	42	STIM=p
9754814	42	RESP=1
9764961	42	STIM=s
9772028	42	RESP=1
9781416	42	STIM=a
9788023	42	RESP=1
9797098	42	STIM=1
9808143	42	RESP=2
9815236	42	STIM=7
9819848	42	RESP=2
9831920	42	STIM=2
9837350	42	RESP=2
9847581	42	STIM=k
9853289	42	RESP=1
9862664	42	STIM=y
9865251	42	RESP=1
9878161	42	STIM=x
9884087	42	RESP=1
9895230	42	STIM=7
9906283	42	RESP=2
9910311	42	STIM=a
9920251	42	RESP=1
9928775	42	STIM=3
9932998	42	RESP=2
9945316	42	STIM=1
9957488	42	RESP=2
9963236	42	STIM=0
9974651	42	RESP=2
9979238	42	STIM=4
9986833	42	RESP=2
9995303	42	STIM=5
10005129	42	RESP=2
10014288	42	STIM=4
10020599	42	RESP=2
10031956	42	STIM=e
10035299	42	RESP=1
10049679	42	STIM=r
10055992	42	RESP=1
10065226	42	STIM=g
10071175	42	RESP=1
10080499	42	STIM=1
10087166	42	RESP=2
10098312	42	STIM=f
10102787	42	RESP=2
10116989	42	STIM=d
10122845	42	RESP=1
10132566	42	STIM=j
10138241	42	RESP=1
10149611	42	STIM=o
10153532	42	RESP=1
10165815	42	STIM=d
10171378	42	RESP=1
10184162	42	STIM=t
10194558	42	RESP=1
10200639	42	STIM=p
10205494	42	RESP=1
10219029	42	STIM=e
10223384	42	RESP=1
10235838	42	STIM=q
10244989	42	RESP=1
10254069	42	STIM=w
10261085	42	RESP=1
10270116	42	STIM=z
10273209	42	RESP=1
10288844	42	STIM=f
10295073	42	RESP=2
10304804	42	STIM=c
10309758	42	RESP=1
10323569	42	STIM=r
10331444	42	RESP=1
10342297	42	STIM=e
10349480	42	RESP=1
10357443	42	STIM=o
10363570	42	RESP=1
10374596	42	STIM=7
10380450	42	RESP=2
10390767	42	STIM=l
10397293	42	RESP=1
10409022	42	STIM=a
10413423	42	RESP=1
10424129	42	STIM=s
10429178	42	RESP=1
10442268	42	STIM=k
10450156	42	RESP=1
10458775	42	STIM=n
10466413	42	RESP=1
10475515	42	STIM=h
10479834	42	RESP=1
10492393	42	STIM=e
10498448	42	RESP=1
10510473	42	STIM=6
10516202	42	RESP=2
10526377	42	STIM=m
10537308	42	RESP=1
10544411	42	STIM=t
10547725	42	RESP=1
10561999	42	STIM=y
10569553	42	RESP=1
10579288	42	STIM=i
10586941	42	RESP=1
10596790	42	STIM=8
10604145	42	RESP=1
10613843	42	STIM=3
10618153	42	RESP=2
10629234	42	STIM=i
10634902	42	RESP=1
10646809	42	STIM=n
10651689	42	RESP=1
10664567	42	STIM=y
10671286	42	RESP=1
10680620	42	STIM=5
10687811	42	RESP=2
10696301	42	STIM=b
10701828	42	RESP=1
10712550	42	STIM=1
10718884	42	RESP=1
10731479	42	STIM=u
10734368	42	RESP=1
10748436	42	STIM=b
10751839	42	RESP=1
10763948	42	STIM=u
10768735	42	RESP=1
10782608	42	STIM=f
10792628	42	RESP=1
10801320	42	STIM=9
10806052	42	RESP=2
10816992	42	STIM=q
10824049	42	RESP=1
10832328	42	STIM=w
10838571	42	RESP=1
10849303	42	STIM=y
10856294	42	RESP=1
10865566	42	STIM=b
10874480	42	RESP=1
10881191	42	STIM=w
10889373	42	RESP=1
10897654	42	STIM=c
10901407	42	RESP=1
10915270	42	STIM=i
10923697	42	RESP=1
10932991	42	STIM=h
10936892	42	RESP=1
10948722	42	STIM=1
10956764	42	RESP=2
10965097	42	STIM=x
10974838	42	RESP=1
10980731	42	STIM=1
10988113	42	RESP=2
10996687	42	STIM=t
11004995	42	RESP=1
11013678	42	STIM=i
11025175	42	RESP=1
11032594	42	STIM=g
11038235	42	RESP=1
11050212	42	STIM=h
11061406	42	RESP=1
11066363	42	STIM=c
11070410	42	RESP=1
11083186	42	STIM=y
11090308	42	RESP=1
11100248	42	STIM=7
11107307	42	RESP=2
11118300	42	STIM=9
11125300	42	RESP=2
11136618	42	STIM=e
11143277	42	RESP=1
11151781	42	STIM=b
11156113	42	RESP=1
11168591	42	STIM=3
11173445	42	RESP=2
11186502	42	STIM=j
11193125	42	RESP=1
11201519	42	STIM=p
11206104	42	RESP=1
11219255	42	STIM=8
11226245	42	RESP=2
11236600	42	STIM=v
11243465	42	RESP=1
11255565	42	STIM=t
11261692	42	RESP=1
11272649	42	STIM=h
11279773	42	RESP=1
11288091	42	STIM=3
11295236	42	RESP=2
11305379	42	STIM=n
11310925	42	RESP=1
11320657	42	STIM=d
11326762	42	RESP=1
11338604	42	STIM=u
11344264	42	RESP=1
11356032	42	STIM=r
11361793	42	RESP=1
11375018	42	STIM=y
11379291	42	RESP=1
11391492	42	STIM=s
11397250	42	RESP=1
11410042	42	STIM=p
11420746	42	RESP=1
11425753	42	STIM=o
11429016	42	RESP=1
11444434	42	STIM=p
11452680	42	RESP=1
11462611	42	STIM=e
11466720	42	RESP=1
11481367	42	STIM=h
11487241	42	RESP=2
11500102	42	STIM=f
11508726	42	RESP=1
11516865	42	STIM=q
11522468	42	RESP=1
11533403	42	STIM=f
11536487	42	RESP=1
11549067	42	STIM=d
11553338	42	RESP=2
11567333	42	STIM=f
11571524	42	RESP=1
11582680	42	STIM=r
11588339	42	RESP=1
11600574	42	STIM=g
11607735	42	RESP=1
11616696	42	STIM=g
11621799	42	RESP=1
11635629	42	STIM=n
11640546	42	RESP=1
11651174	42	STIM=6
11660101	42	RESP=2
11667196	42	STIM=f
11672225	42	RESP=1
11682456	42	STIM=i
11688616	42	RESP=1
11698171	42	STIM=l
11702434	42	RESP=1
11714825	42	STIM=4
11719738	42	RESP=2
11731167	42	STIM=z
11737475	42	RESP=1
11748707	42	STIM=y
11752528	42	RESP=1
11765235	42	STIM=n
11771655	42	RESP=1
11781204	42	STIM=t
11785669	42	RESP=1
11799488	42	STIM=g
11804261	42	RESP=1
11815931	42	STIM=p
11821813	42	RESP=1
11831078	42	STIM=g
11836692	42	RESP=1
11849486	42	STIM=a
11856244	42	RESP=1
11868094	42	STIM=j
11873607	42	RESP=1
11886397	42	STIM=d
11889416	42	RESP=1
11904633	42	STIM=r
11909374	42	RESP=1
11921251	42	STIM=n
11925022	42	RESP=2
11937192	42	STIM=z
11940611	42	RESP=1
11952656	42	STIM=i
11955976	42	RESP=1
11968801	42	STIM=y
11976904	42	RESP=1
11987707	42	STIM=3
11997393	42	RESP=2
12005141	42	STIM=a
12010288	42	RESP=1
12023045	42	STIM=c
12028284	42	RESP=1
12039431	42	STIM=i
12043563	42	RESP=2
12057480	42	STIM=t
12063178	42	RESP=1
12073162	42	STIM=e
12080406	42	RESP=1
12091133	42	STIM=t
12095780	42	RESP=2
12108097	42	STIM=k
12111217	42	RESP=1
12126051	42	STIM=q
12129647	42	RESP=1
12141957	42	STIM=5
12149066	42	RESP=2
12157057	42	STIM=p
12161496	42	RESP=1
12172995	42	STIM=9
12181159	42	RESP=2
12189732	42	STIM=z
12194368	42	RESP=1
12207441	42	STIM=7
12211133	42	RESP=2
12222475	42	STIM=e
12229697	42	RESP=1
12237952	42	STIM=q
12244861	42	RESP=1
12254253	42	STIM=j
12263625	42	RESP=1
12272983	42	STIM=r
12276955	42	RESP=1
12288739	42	STIM=n
12294122	42	RESP=1
12307217	42	STIM=5
12312712	42	RESP=2
12324708	42	STIM=r
12328312	42	RESP=1
12343337	42	STIM=k
12350058	42	RESP=1
12359919	42	STIM=d
12365587	42	RESP=1
12377820	42	STIM=8
12381773	42	RESP=2
12393490	42	STIM=n
12398346	42	RESP=1
12410188	42	STIM=j
12414733	42	RESP=1
12428506	42	STIM=d
12434343	42	RESP=1
12446353	42	STIM=j
12452705	42	RESP=1
12462148	42	STIM=l
12466749	42	RESP=1
12477936	42	STIM=7
12490494	42	RESP=2
12494427	42	STIM=b
12497353	42	RESP=1
12511806	42	STIM=s
12516020	42	RESP=1
12528077	42	STIM=8
12541306	42	RESP=2
12543900	42	STIM=b
12549631	42	RESP=1
12559515	42	STIM=z
12566350	42	RESP=1
12578233	42	STIM=o
12582073	42	RESP=1
12594466	42	STIM=8
12601697	42	RESP=2
12611370	42	STIM=4
12617732	42	RESP=2
12626697	42	STIM=o
12632715	42	RESP=1
12644328	42	STIM=q
12652249	42	RESP=1
12661499	42	STIM=d
12665357	42	RESP=1
12679070	42	STIM=7
12689977	42	RESP=2
12694074	42	STIM=a
12699002	42	RESP=1
12711949	42	STIM=j
12717969	42	RESP=1
12727433	42	STIM=z
12735474	42	RESP=1
12744541	42	STIM=1
12750526	42	RESP=2
12760705	42	STIM=j
12765174	42	RESP=1
12776975	42	STIM=j
12779889	42	RESP=1
12793961	42	STIM=o
12798609	42	RESP=1
12812595	42	STIM=b
12816332	42	RESP=1
12830784	42	STIM=3
12839959	42	RESP=2
12845990	42	STIM=e
12849976	42	RESP=1
12864230	42	STIM=4
12869312	42	RESP=2
12882939	42	STIM=0
12886816	42	RESP=2
12900731	42	STIM=2
12910862	42	RESP=2
12916042	42	STIM=f
12921534	42	RESP=1
12932935	42	STIM=s
12938149	42	RESP=1
12951768	42	STIM=s
12956111	42	RESP=1
12966811	42	STIM=x
12973264	42	RESP=1
12982178	42	STIM=q
12987892	42	RESP=1
13000743	42	STIM=m
13005477	42	RESP=1
13017504	42	STIM=b
13026143	42	RESP=1
13035297	42	STIM=h
13041567	42	RESP=1
13051780	42	STIM=8
13057208	42	RESP=2
13067799	42	STIM=b
13075665	42	RESP=1
13084150	42	STIM=6
13090199	42	RESP=2
13100009	42	STIM=p
13108816	42	RESP=1
13118910	42	STIM=e
13122495	42	RESP=1
13135978	42	STIM=p
13140008	42	RESP=1
13153886	42	STIM=f
13160945	42	RESP=1
13170831	42	STIM=p
13177555	42	RESP=1
13186855	42	STIM=t
13193699	42	RESP=1
13205119	42	STIM=u
13213990	42	RESP=1
13222068	42	STIM=s
13232961	42	RESP=1
13237420	42	STIM=b
13247835	42	RESP=1
13253381	42	STIM=d
13258908	42	RESP=1
13272186	42	STIM=c
13276306	42	RESP=1
13287354	42	STIM=c
13290694	42	RESP=1
13303371	42	STIM=4
13310897	42	RESP=2
13320683	42	STIM=s
13325087	42	RESP=2
13337342	42	STIM=6
13344647	42	RESP=1
13354755	42	STIM=m
13357784	42	RESP=1
13370968	42	STIM=i
13376201	42	RESP=1
13388621	42	STIM=q
13393573	42	RESP=1
13406516	42	STIM=z
13412680	42	RESP=1
13423915	42	STIM=u
13427343	42	RESP=1
13438918	42	STIM=f
13442917	42	RESP=1
13454264	42	STIM=n
13463491	42	RESP=1
13472615	42	STIM=u
13479028	42	RESP=1
13491573	42	STIM=8
13497913	42	RESP=1
13508875	42	STIM=p
13514526	42	RESP=1
13527684	42	STIM=c
13531979	42	RESP=1
13545699	42	STIM=y
13552274	42	RESP=1
13564019	42	STIM=o
13570322	42	RESP=1
13581690	42	STIM=r
13588565	42	RESP=1
13597348	42	STIM=u
13602137	42	RESP=1
13615875	42	STIM=r
13623877	42	RESP=1
13633374	42	STIM=s
13639988	42	RESP=1
13649077	42	STIM=l
13655939	42	RESP=1
13667300	42	STIM=y
13672013	42	RESP=1
13685613	42	STIM=7
13692050	42	RESP=2
13701807	42	STIM=h
13706479	42	RESP=1
13720781	42	STIM=a
13727123	42	RESP=1
13736654	42	STIM=s
13740770	42	RESP=1
13753256	42	STIM=l
13757228	42	RESP=1
13769238	42	STIM=p
13774982	42	RESP=1
13788144	42	STIM=e
13792564	42	RESP=1
13803669	42	STIM=w
13809866	42	RESP=1
13822611	42	STIM=8
13829452	42	RESP=2
13839381	42	STIM=x
13846719	42	RESP=1
13856446	42	STIM=l
13861966	42	RESP=1
13874107	42	STIM=m
13881607	42	RESP=1
13889225	42	STIM=r
13893170	42	RESP=1
13904629	42	STIM=n
13913494	42	RESP=2
13922724	42	STIM=d
13930353	42	RESP=1
13938828	42	STIM=t
13945350	42	RESP=1
13956337	42	STIM=8
13962480	42	RESP=2
13972836	42	STIM=u
13977878	42	RESP=2
13989224	42	STIM=q
13994748	42	RESP=1
14006165	42	STIM=0
14012931	42	RESP=2
14022025	42	STIM=x
14026549	42	RESP=1
14039994	42	STIM=f
14045127	42	RESP=1
14056633	42	STIM=u
14060766	42	RESP=1
14073881	42	STIM=a
14077919	42	RESP=1
14092307	42	STIM=8
14097573	42	RESP=2
14109443	42	STIM=1
14115882	42	RESP=2
14125560	42	STIM=9
14129853	42	RESP=1
14143758	42	STIM=d
14155198	42	RESP=1
14161770	42	STIM=z
14169068	42	RESP=1
14178453	42	STIM=d
14182808	42	RESP=1
14196675	42	STIM=1
14206443	42	RESP=2
14215574	42	STIM=r
14222744	42	RESP=1
14232456	42	STIM=z
14245605	42	RESP=1
14248651	42	STIM=z
14256160	42	RESP=1
14266461	42	STIM=x
14271750	42	RESP=1
14283945	42	STIM=f
14288781	42	RESP=1
14301916	42	STIM=2
14306728	42	RESP=2
14318329	42	STIM=w
14321755	42	RESP=1
14334382	42	STIM=h
14338931	42	RESP=1
14352708	42	STIM=a
14358519	42	RESP=1
14368839	42	STIM=1
14376630	42	RESP=2
14384867	42	STIM=e
14387714	42	RESP=2
14402975	42	STIM=u
14409049	42	RESP=1
14419403	42	STIM=g
14425066	42	RESP=1
14436261	42	STIM=h
14439911	42	RESP=1
14453349	42	STIM=z
14459988	42	RESP=1
14471895	42	STIM=v
14476536	42	RESP=1
14489148	42	STIM=k
14494468	42	RESP=1
14507391	42	STIM=x
14515546	42	RESP=1
14525223	42	STIM=l
14532264	42	RESP=1
14543843	42	STIM=h
14549728	42	RESP=1
14559121	42	STIM=g
14563151	42	RESP=1
14576824	42	STIM=w
14580534	42	RESP=1
14592258	42	STIM=q
14595421	42	RESP=1
14610266	42	STIM=p
14613763	42	RESP=1
14626124	42	STIM=6
14629970	42	RESP=1
14643485	42	STIM=6
14649031	42	RESP=2
14662315	42	STIM=j
14665592	42	RESP=1
14677906	42	STIM=j
14684107	42	RESP=1
14695374	42	STIM=1
14700221	42	RESP=2
14713598	42	STIM=k
14717577	42	RESP=1
14729912	42	STIM=1
14740059	42	RESP=1
14746313	42	STIM=m
14750031	42	RESP=1
14762000	42	STIM=j
14765516	42	RESP=1
14777035	42	STIM=5
14782636	42	RESP=2
14795530	42	STIM=d
14800526	42	RESP=1
14811959	42	STIM=t
14816784	42	RESP=1
14828335	42	STIM=z
14834236	42	RESP=1
14844104	42	STIM=r
14847458	42	RESP=1
14862389	42	STIM=q
14868310	42	RESP=1
14880200	42	STIM=m
14886016	42	RESP=2
14897460	42	STIM=f
14901513	42	RESP=1
14914793	42	STIM=h
14919338	42	RESP=1
14933275	42	STIM=7
14942281	42	RESP=2
14949863	42	STIM=m
14958995	42	RESP=1
14965736	42	STIM=i
14968988	42	RESP=1
14982293	42	STIM=a
14987312	42	RESP=1
14999834	42	STIM=m
15007050	42	RESP=1
15018302	42	STIM=r
15021974	42	RESP=1
15033621	42	STIM=2
15040290	42	RESP=2
15049864	42	STIM=k
15056487	42	RESP=1
15067601	42	STIM=7
15072842	42	RESP=2
15083728	42	STIM=t
15089499	42	RESP=1
15101187	42	STIM=8
15105122	42	RESP=2
15119651	42	STIM=t
15125064	42	RESP=1
15135860	42	STIM=b
15139646	42	RESP=1
15153400	42	STIM=h
15160006	42	RESP=1
15172076	42	STIM=b
15177496	42	RESP=1
15188074	42	STIM=l
15196952	42	RESP=1
15205003	42	STIM=y
15214130	42	RESP=1
15223433	42	STIM=k
15227556	42	RESP=1
15239598	42	STIM=x
15246508	42	RESP=1
15256410	42	STIM=z
15262737	42	RESP=1
15274705	42	STIM=k
15280387	42	RESP=1
15292651	42	STIM=e
15298178	42	RESP=1
15308185	42	STIM=r
15311626	42	RESP=1
15326368	42	STIM=o
15333639	42	RESP=1
15344235	42	STIM=o
15348437	42	RESP=1
15360550	42	STIM=w
15365107	42	RESP=1
15375796	42	STIM=r
15383198	42	RESP=1
15393662	42	STIM=0
15397848	42	RESP=2
15411897	42	STIM=q
15416963	42	RESP=1
15428351	42	STIM=5
15433316	42	RESP=2
15444977	42	STIM=w
15450962	42	RESP=1
15462072	42	STIM=4
15473010	42	RESP=2
15478999	42	STIM=a
15483311	42	RESP=1
15496852	42	STIM=w
15502771	42	RESP=1
15513179	42	STIM=k
15517672	42	RESP=1
15530212	42	STIM=n
15533980	42	RESP=1
15548640	42	STIM=n
15552594	42	RESP=1
15564105	42	STIM=f
15570447	42	RESP=1
15579678	42	STIM=q
15585711	42	RESP=1
15594785	42	STIM=p
15604774	42	RESP=1
15611299	42	STIM=b
15615852	42	RESP=1
15628820	42	STIM=x
15634728	42	RESP=1
15645653	42	STIM=u
15652178	42	RESP=1
15664003	42	STIM=j
15666881	42	RESP=1
15682454	42	STIM=e
15686337	42	RESP=1
15700597	42	STIM=4
15707874	42	RESP=2
15719186	42	STIM=g
15724518	42	RESP=1
15735792	42	STIM=q
15741564	42	RESP=1
15754054	42	STIM=d
15759979	42	RESP=1
15772923	42	STIM=v
15778945	42	RESP=1
15788381	42	STIM=p
15792833	42	RESP=1
15805590	42	STIM=2
15810759	42	RESP=2
15823991	42	STIM=l
15829256	42	RESP=1
15840602	42	STIM=l
15843899	42	RESP=1
15858074	42	STIM=7
15863460	42	RESP=2
15874125	42	STIM=j
15878324	42	RESP=1
15891270	42	STIM=h
15896302	42	RESP=1
15907102	42	STIM=l
15911996	42	RESP=1
15925168	42	STIM=s
15929438	42	RESP=1
15940217	42	STIM=0
15947898	42	RESP=2
15955738	42	STIM=l
15960763	42	RESP=1
15973876	42	STIM=i
15979570	42	RESP=1
15991930	42	STIM=c
15997700	42	RESP=1
16008016	42	STIM=x
16012452	42	RESP=2
16024625	42	STIM=p
16028008	42	RESP=1
16043505	42	STIM=5
16049511	42	RESP=2
16059618	42	STIM=5
16065190	42	RESP=2
16077964	42	STIM=i
16083155	42	RESP=1
16096023	42	STIM=i
16104010	42	RESP=1
16112268	42	STIM=k
16121603	42	RESP=1
16129786	42	STIM=4
16135737	42	RESP=2
16146494	42	STIM=p
16152820	42	RESP=1
16161669	42	STIM=g
16165035	42	RESP=1
16177865	42	STIM=i
16181943	42	RESP=1
16193220	42	STIM=m
16201501	42	RESP=1
16210767	42	STIM=x
16217514	42	RESP=1
16228237	42	STIM=m
16234674	42	RESP=1
16245361	42	STIM=a
16251037	42	RESP=1
16260529	42	STIM=e
16264098	42	RESP=1
16275650	42	STIM=i
16281829	42	RESP=1
16293073	42	STIM=5
16300449	42	RESP=2
16309609	42	STIM=6
16313992	42	RESP=2
16326274	42	STIM=u
16329717	42	RESP=1
16343176	42	STIM=d
16346196	42	RESP=1
16361731	42	STIM=7
16366665	42	RESP=2
16377213	42	STIM=r
16382447	42	RESP=1
16395737	42	STIM=6
16406582	42	RESP=2
16413083	42	STIM=x
16417742	42	RESP=1
16428312	42	STIM=g
16441576	42	RESP=1
16444694	42	STIM=f
16450660	42	RESP=1
16460452	42	STIM=x
16466210	42	RESP=1
16479232	42	STIM=s
16486328	42	RESP=1
16497672	42	STIM=l
16503295	42	RESP=1
16513240	42	STIM=e
16520557	42	RESP=1
16529025	42	STIM=c
16535703	42	RESP=1
16547589	42	STIM=w
16551835	42	RESP=1
16565889	42	STIM=w
16571368	42	RESP=1
16583605	42	STIM=r
16589286	42	RESP=1
16602508	42	STIM=w
16607730	42	RESP=1
16618150	42	STIM=u
16624543	42	RESP=1
16635951	42	STIM=d
16640531	42	RESP=1
16651080	42	STIM=q
16658978	42	RESP=1
16667577	42	STIM=y
16676212	42	RESP=1
16682925	42	STIM=h
16688704	42	RESP=1
16698924	42	STIM=o
16703562	42	RESP=1
16714631	42	STIM=a
16719026	42	RESP=1
16731039	42	STIM=q
16735854	42	RESP=1
16748004	42	STIM=s
16752130	42	RESP=1
16764808	42	STIM=p
16772563	42	RESP=1
16779883	42	STIM=f
16786630	42	RESP=1
16795840	42	STIM=h
16803057	42	RESP=1
16811492	42	STIM=w
16820157	42	RESP=1
16828595	42	STIM=q
16833705	42	RESP=1
16844771	42	STIM=o
16852128	42	RESP=1
16862819	42	STIM=b
16866061	42	RESP=1
16880479	42	STIM=i
16889445	42	RESP=1
16898616	42	STIM=s
16902994	42	RESP=1
16914987	42	STIM=9
16920026	42	RESP=2
16933523	42	STIM=s
16938171	42	RESP=1
16949763	42	STIM=u
16957692	42	RESP=1
16966281	42	STIM=f
16970117	42	RESP=1
16983368	42	STIM=0
16993388	42	RESP=1
16999051	42	STIM=t
17005043	42	RESP=1
17016017	42	STIM=h
17023082	42	RESP=1
17031444	42	STIM=h
17040038	42	RESP=1
17048493	42	STIM=t
17057185	42	RESP=1
17066107	42	STIM=f
17070950	42	RESP=1
17083003	42	STIM=q
17094077	42	RESP=1
17098758	42	STIM=4
17103718	42	RESP=2
17115935	42	STIM=g
17119469	42	RESP=1
17131093	42	STIM=x
17134531	42	RESP=1
17147812	42	STIM=z
17152496	42	RESP=1
17164840	42	STIM=h
17171575	42	RESP=1
17182911	42	STIM=i
17188200	42	RESP=1
17201257	42	STIM=c
17211239	42	RESP=1
17218483	42	STIM=h
17227467	42	RESP=1
17233507	42	STIM=b
17237737	42	RESP=2
17250788	42	STIM=j
17256104	42	RESP=1
17265837	42	STIM=m
17270829	42	RESP=1
17283590	42	STIM=k
17292977	42	RESP=1
17299655	42	STIM=q
17304316	42	RESP=1
17317975	42	STIM=u
17321957	42	RESP=1
17333753	42	STIM=g
17337502	42	RESP=1
17352048	42	STIM=s
17358617	42	RESP=1
17367101	42	STIM=t
17372575	42	RESP=1
17382215	42	STIM=8
17387562	42	RESP=1
17397400	42	STIM=o
17402840	42	RESP=1
17415938	42	STIM=r
17419620	42	RESP=1
17432147	42	STIM=o
17438170	42	RESP=1
17449755	42	STIM=v
17453348	42	RESP=1
17464808	42	STIM=r
17468140	42	RESP=1
17483280	42	STIM=b
17493197	42	RESP=1
17500900	42	STIM=q
17507256	42	RESP=1
17516564	42	STIM=5
17521763	42	RESP=1
17531683	42	STIM=y
17535617	42	RESP=1
17546686	42	STIM=h
17549559	42	RESP=1
17562983	42	STIM=q
17573000	42	RESP=1
17578213	42	STIM=a
17581426	42	RESP=1
17594026	42	STIM=5
17598756	42	RESP=2
17611037	42	STIM=g
17620985	42	RESP=1
17629212	42	STIM=k
17632915	42	RESP=1
17645005	42	STIM=j
17648501	42	RESP=1
17660632	42	STIM=i
17666066	42	RESP=1
17679043	42	STIM=n
17685355	42	RESP=1
17694818	42	STIM=h
17699655	42	RESP=1
17711918	42	STIM=w
17722574	42	RESP=1
17728814	42	STIM=p
17736327	42	RESP=1
17744031	42	STIM=z
17751804	42	RESP=1
17760900	42	STIM=y
17767136	42	RESP=1
17777417	42	STIM=8
17786498	42	RESP=2
17795629	42	STIM=h
17809116	42	RESP=1
17813525	42	STIM=i
17819011	42	RESP=1
17830088	42	STIM=n
17835622	42	RESP=1
17848094	42	STIM=i
17855076	42	RESP=1
17863746	42	STIM=f
17870895	42	RESP=1
17880771	42	STIM=v
17886140	42	RESP=1
17898030	42	STIM=u
17907509	42	RESP=1
17914572	42	STIM=0
17919812	42	RESP=2
17933294	42	STIM=n
17939978	42	RESP=1
17951906	42	STIM=w
17955060	42	RESP=1
17967651	42	STIM=f
17972621	42	RESP=1
17984435	42	STIM=f
17988793	42	RESP=1
18001854	42	STIM=f
18006329	42	RESP=1
18018483	42	STIM=e
18028837	42	RESP=1
18036964	42	STIM=f
18044621	42	RESP=1
18054138	42	STIM=7
18059207	42	RESP=1
18072249	42	STIM=c
18077321	42	RESP=1
18090533	42	STIM=z
18093641	42	RESP=1
18107463	42	STIM=v
18110830	42	RESP=1
18125876	42	STIM=t
18133862	42	RESP=1
18144023	42	STIM=d
18149133	42	RESP=1
18160506	42	STIM=d
18163583	42	RESP=1
18176242	42	STIM=c
18181649	42	RESP=1
18194712	42	STIM=l
18198463	42	RESP=2
18210889	42	STIM=i
18218808	42	RESP=1
18227230	42	STIM=s
18230231	42	RESP=1
18245137	42	STIM=0
18250163	42	RESP=1
18262456	42	STIM=2
18266934	42	RESP=2
18281142	42	STIM=i
18284684	42	RESP=1
18298445	42	STIM=6
18305098	42	RESP=2
18314227	42	STIM=p
18317917	42	RESP=1
18329484	42	STIM=z
18338271	42	RESP=1
18345732	42	STIM=w
18355515	42	RESP=1
18363116	42	STIM=1
18371669	42	RESP=2
18381583	42	STIM=t
18387417	42	RESP=1
18399807	42	STIM=0
18410622	42	RESP=2
18416385	42	STIM=t
18424403	42	RESP=1
18434789	42	STIM=k
18440087	42	RESP=1
18451580	42	STIM=y
18456617	42	RESP=1
18469740	42	STIM=1
18475187	42	RESP=2
18485898	42	STIM=5
18493433	42	RESP=2
18502388	42	STIM=q
18506727	42	RESP=1
18517788	42	STIM=1
18526324	42	RESP=2
18533734	42	STIM=a
18536909	42	RESP=1
18552084	42	STIM=f
18557367	42	RESP=1
18567310	42	STIM=j
18573851	42	RESP=1
18584941	42	STIM=v
18589458	42	RESP=1
18602833	42	STIM=v
18610951	42	RESP=1
18620264	42	STIM=g
18627252	42	RESP=1
18636254	42	STIM=p
18640713	42	RESP=1
18652597	42	STIM=j
18658218	42	RESP=1
18670142	42	STIM=g
18677051	42	RESP=1
18685934	42	STIM=x
18690604	42	RESP=1
18704491	42	STIM=8
18710604	42	RESP=2
18721918	42	STIM=j
18726629	42	RESP=1
18738317	42	STIM=a
18746981	42	RESP=1
18753513	42	STIM=t
18759443	42	RESP=1
18772017	42	STIM=k
18778776	42	RESP=1
18790048	42	STIM=z
18796334	42	RESP=1
18806471	42	STIM=o
18809943	42	RESP=1
18824538	42	STIM=h
18832310	42	RESP=1
18842075	42	STIM=9
18849018	42	RESP=2
18857735	42	STIM=j
18863977	42	RESP=1
18875986	42	STIM=s
18880928	42	RESP=1
18893395	42	STIM=a
18897863	42	RESP=1
18909112	42	STIM=o
18916478	42	RESP=1
18926624	42	STIM=v
18935189	42	RESP=1
18943003	42	STIM=j
18948030	42	RESP=1
18959566	42	STIM=7
18967240	42	RESP=2
18977807	42	STIM=3
18984155	42	RESP=1
18993622	42	STIM=f
19000172	42	RESP=1
19011180	42	STIM=i
19016901	42	RESP=1
19028202	42	STIM=l
19044734	42	RESP=1
19046785	42	STIM=k
19054504	42	RESP=1
19063695	42	STIM=8
19071071	42	RESP=1
19081991	42	STIM=q
19086357	42	RESP=1
19099757	42	STIM=8
19104016	42	RESP=1
19114807	42	STIM=o
19121491	42	RESP=2
19130592	42	STIM=m
19140445	42	RESP=1
19147644	42	STIM=h
19155307	42	RESP=1
19163813	42	STIM=4
19168967	42	RESP=2
19180694	42	STIM=8
19184524	42	RESP=2
19198891	42	STIM=l
19205327	42	RESP=1
19215594	42	STIM=k
19222107	42	RESP=1
19231942	42	STIM=n
19236471	42	RESP=2
19247637	42	STIM=w
19252270	42	RESP=1
19262774	42	STIM=s
19267503	42	RESP=1
19279999	42	STIM=f
19284561	42	RESP=1
19296224	42	STIM=z
19302698	42	RESP=1
19313763	42	STIM=1
19320112	42	RESP=2
19331022	42	STIM=a
19337069	42	RESP=1
19348426	42	STIM=q
19354214	42	RESP=1
19364275	42	STIM=5
19368725	42	RESP=2
19380495	42	STIM=d
19386663	42	RESP=1
19398092	42	STIM=o
19402760	42	RESP=1
19416928	42	STIM=n
19421981	42	RESP=1
19435852	42	STIM=q
19440384	42	RESP=1
19451083	42	STIM=9
19458296	42	RESP=2
19469155	42	STIM=z
19479590	42	RESP=1
19486775	42	STIM=p
19493543	42	RESP=1
19502421	42	STIM=7
19506811	42	RESP=2
19517493	42	STIM=w
19522006	42	RESP=1
19535646	42	STIM=m
19541895	42	RESP=1
19552267	42	STIM=s
19559095	42	RESP=1
19569707	42	STIM=u
19576150	42	RESP=1
19588272	42	STIM=h
19595079	42	RESP=1
19607084	42	STIM=c
19614751	42	RESP=1
19624277	42	STIM=w
19630370	42	RESP=1
19642239	42	STIM=g
19644869	42	RESP=1
19657738	42	STIM=5
19667370	42	RESP=2
19676209	42	STIM=w
19684577	42	RESP=1
19692522	42	STIM=n
19695774	42	RESP=1
19710014	42	STIM=9
19719441	42	RESP=2
19728370	42	STIM=k
19732353	42	RESP=1
19743847	42	STIM=r
19747959	42	RESP=1
19759613	42	STIM=a
19764402	42	RESP=1
19777680	42	STIM=4
19784104	42	RESP=2
19796041	42	STIM=9
19806771	42	RESP=2
19814793	42	STIM=e
19823345	42	RESP=2
19833698	42	STIM=g
19837021	42	RESP=1
19851536	42	STIM=g
19857486	42	RESP=1
19868249	42	STIM=u
19873294	42	RESP=1
19885472	42	STIM=5
19891933	42	RESP=2
19901731	42	STIM=7
19907999	42	RESP=2
19919718	42	STIM=e
19928235	42	RESP=1
19938460	42	STIM=l
19944979	42	RESP=1
19955264	42	STIM=x
19960261	42	RESP=1
19973625	42	STIM=b
19979072	42	RESP=1
19989794	42	STIM=w
19995065	42	RESP=1
20006424	42	STIM=3
20012449	42	RESP=2
20022244	42	STIM=e
20028196	42	RESP=1
20040922	42	STIM=3
20046989	42	RESP=2
20056923	42	STIM=s
20062298	42	RESP=1
20075586	42	STIM=g
20080467	42	RESP=2
20091329	42	STIM=b
20095890	42	RESP=1
20107748	42	STIM=f
20117247	42	RESP=1
20123121	42	STIM=v
20126195	42	RESP=1
20141100	42	STIM=j
20147081	42	RESP=1
20159940	42	STIM=k
20164821	42	RESP=1
20178282	42	STIM=k
20184957	42	RESP=1
20196569	42	STIM=5
20206936	42	RESP=2
20213071	42	STIM=h
20216246	42	RESP=1
20231434	42	STIM=v
20238226	42	RESP=1
20248469	42	STIM=6
20255699	42	RESP=2
20265542	42	STIM=e
20269236	42	RESP=1
20283096	42	STIM=7
20288100	42	RESP=2
20301379	42	STIM=s
20305048	42	RESP=1
20317578	42	STIM=g
20321619	42	RESP=1
20335385	42	STIM=v
20339869	42	RESP=1
20354349	42	STIM=a
20363423	42	RESP=1
20370604	42	STIM=u
20379090	42	RESP=1
20389303	42	STIM=4
20394932	42	RESP=1
20405157	42	STIM=5
20412260	42	RESP=2
20421076	42	STIM=c
20425428	42	RESP=1
20436158	42	STIM=f
20441301	42	RESP=1
20454521	42	STIM=v
20459934	42	RESP=1
20472675	42	STIM=i
20478083	42	RESP=1
20489797	42	STIM=s
20493930	42	RESP=1
20508606	42	STIM=0
20516303	42	RESP=2
20526702	42	STIM=e
20532947	42	RESP=1
20544976	42	STIM=f
20551712	42	RESP=1
20561188	42	STIM=x
20570126	42	RESP=1
20576442	42	STIM=p
20582550	42	RESP=1
20594801	42	STIM=g
20598884	42	RESP=1
20613172	42	STIM=n
20618359	42	RESP=1
20631881	42	STIM=9
20638965	42	RESP=2
20648904	42	STIM=h
20652354	42	RESP=1
20664440	42	STIM=u
20668948	42	RESP=1
20681004	42	STIM=e
20687974	42	RESP=1
20698848	42	STIM=x
20704571	42	RESP=1
20715322	42	STIM=r
20719475	42	RESP=2
20733954	42	STIM=n
20739606	42	RESP=1
20750320	42	STIM=r
20755211	42	RESP=1
20766899	42	STIM=e
20772715	42	RESP=1
20783567	42	STIM=t
20790746	42	RESP=1
20801937	42	STIM=p
20808993	42	RESP=1
20818695	42	STIM=u
20821953	42	RESP=1
20836729	42	STIM=f
20842925	42	RESP=1
20854309	42	STIM=y
20858938	42	RESP=1
20872788	42	STIM=p
20877287	42	RESP=1
20891479	42	STIM=g
20897244	42	RESP=1
20909620	42	STIM=s
20915938	42	RESP=1
20926394	42	STIM=a
20929813	42	RESP=2
20941736	42	STIM=c
20946060	42	RESP=1
20960171	42	STIM=9
20967086	42	RESP=2
20977499	42	STIM=4
20984403	42	RESP=2
20996496	42	STIM=n
21000227	42	RESP=1
21011924	42	STIM=y
21017929	42	RESP=1
21028620	42	STIM=e
21034487	42	RESP=1
21047501	42	STIM=n
21059969	42	RESP=1
21063401	42	STIM=8
21070276	42	RESP=2
21080270	42	STIM=3
21085807	42	RESP=2
21096810	42	STIM=z
21102252	42	RESP=1
21114769	42	STIM=p
21118064	42	RESP=1
21131884	42	STIM=e
21136302	42	RESP=1
21148967	42	STIM=d
21152207	42	RESP=1
21165038	42	STIM=p
21168964	42	RESP=1
21180771	42	STIM=b
21186929	42	RESP=1
21199129	42	STIM=a
21206574	42	RESP=1
21217398	42	STIM=j
21224250	42	RESP=1
21235079	42	STIM=9
21239798	42	RESP=2
21253114	42	STIM=k
21257548	42	RESP=1
21268866	42	STIM=a
21272704	42	RESP=1
21286921	42	STIM=h
21292364	42	RESP=1
21305368	42	STIM=0
21313893	42	RESP=1
21324341	42	STIM=f
21327892	42	RESP=1
21340484	42	STIM=l
21348619	42	RESP=1
21359151	42	STIM=y
21367923	42	RESP=1
21377015	42	STIM=j
21382966	42	RESP=1
21393641	42	STIM=q
21400679	42	RESP=1
21409732	42	STIM=i
21413667	42	RESP=1
21427589	42	STIM=8
21436698	42	RESP=1
21443673	42	STIM=f
21449960	42	RESP=1
21460400	42	STIM=4
21468615	42	RESP=1
21476850	42	STIM=9
21482208	42	RESP=2
21495027	42	STIM=x
21501747	42	RESP=1
21510191	42	STIM=k
21515376	42	RESP=1
21526700	42	STIM=k
21544855	42	RESP=1
21545591	42	STIM=d
21552825	42	RESP=1
21563252	42	STIM=l
21567385	42	RESP=1
21580333	42	STIM=y
21584954	42	RESP=1
21597641	42	STIM=w
21600260	42	RESP=1
21614119	42	STIM=s
21617309	42	RESP=2
21631918	42	STIM=l
21640311	42	RESP=1
21649594	42	STIM=i
21652798	42	RESP=1
21666601	42	STIM=0
21674600	42	RESP=1
21682260	42	STIM=y
21687670	42	RESP=1
21698485	42	STIM=i
21701327	42	RESP=1
21717084	42	STIM=j
21723677	42	RESP=1
21735031	42	STIM=2
21742128	42	RESP=1
21753461	42	STIM=f
21758663	42	RESP=2
21770244	42	STIM=s
21774522	42	RESP=1
