# Original filename: 0015_HNI_2017-03-21.log
# Time unit: 100 us
# RARECAT=digit
#
# Time	HHGG	Event
38214	42	STIM=9
44046	42	RESP=1
54602	42	STIM=1
58587	42	RESP=1
72098	42	STIM=v
77457	42	RESP=1
90723	42	STIM=y
93604	42	RESP=1
109060	42	STIM=p
114788	42	RESP=1
126735	42	STIM=y
130606	42	RESP=1
143693	42	STIM=w
150380	42	RESP=1
160634	42	STIM=z
168985	42	RESP=1
176790	42	STIM=3
181155	42	RESP=2
195529	42	STIM=r
200798	42	RESP=1
210987	42	STIM=a
215066	42	RESP=1
226097	42	STIM=8
229618	42	RESP=2
244222	42	STIM=n
248641	42	RESP=1
259483	42	STIM=p
265196	42	RESP=1
276984	42	STIM=q
281012	42	RESP=1
292091	42	STIM=4
295868	42	RESP=2
307857	42	STIM=q
312173	42	RESP=1
325540	42	STIM=w
329356	42	RESP=1
342301	42	STIM=3
347016	42	RESP=2
358622	42	STIM=4
362803	42	RESP=2
375274	42	STIM=d
379458	42	RESP=1
392574	42	STIM=w
397724	42	RESP=1
409344	42	STIM=e
413416	42	RESP=1
424511	42	STIM=3
433067	42	RESP=2
442628	42	STIM=t
446780	42	RESP=1
461412	42	STIM=b
465287	42	RESP=1
479125	42	STIM=6
485429	42	RESP=2
495225	42	STIM=n
499401	42	RESP=1
513205	42	STIM=q
519645	42	RESP=1
529116	42	STIM=z
536255	42	RESP=2
544962	42	STIM=u
547603	42	RESP=1
563703	42	STIM=s
569915	42	RESP=1
582394	42	STIM=o
585601	42	RESP=1
598236	42	STIM=2
603777	42	RESP=2
616221	42	STIM=b
619169	42	RESP=1
634227	42	STIM=h
637869	42	RESP=1
652043	42	STIM=c
656470	42	RESP=1
667745	42	STIM=e
670604	42	RESP=1
685644	42	STIM=b
690664	42	RESP=1
701901	42	STIM=u
706475	42	RESP=1
718015	42	STIM=h
722010	42	RESP=1
733577	42	STIM=q
738727	42	RESP=1
749072	42	STIM=v
754613	42	RESP=1
765295	42	STIM=w
769044	42	RESP=1
781153	42	STIM=q
786941	42	RESP=1
797736	42	STIM=3
802213	42	RESP=2
814246	42	STIM=f
817929	42	RESP=1
832240	42	STIM=l
838832	42	RESP=1
847806	42	STIM=h
851689	42	RESP=1
865558	42	STIM=l
872281	42	RESP=1
882976	42	STIM=8
888341	42	RESP=2
898715	42	STIM=r
902025	42	RESP=2
917472	42	STIM=0
923331	42	RESP=2
934210	42	STIM=e
940143	42	RESP=1
951861	42	STIM=f
954774	42	RESP=1
970486	42	STIM=z
975410	42	RESP=1
986229	42	STIM=3
995132	42	RESP=2
1003081	42	STIM=r
1006592	42	RESP=1
1020688	42	STIM=s
1024376	42	RESP=1
1036793	42	STIM=9
1040431	42	RESP=2
1054597	42	STIM=p
1058696	42	RESP=2
1072515	42	STIM=t
1077185	42	RESP=1
1090886	42	STIM=p
1093571	42	RESP=1
1109436	42	STIM=i
1113313	42	RESP=1
1125702	42	STIM=d
1129024	42	RESP=1
1143897	42	STIM=i
1148109	42	RESP=1
1161116	42	STIM=6
1168420	42	RESP=2
1178769	42	STIM=f
1181805	42	RESP=1
1197705	42	STIM=u
1201963	42	RESP=1
1215722	42	STIM=r
1222817	42	RESP=1
1231789	42	STIM=l
1236218	42	RESP=1
1250685	42	STIM=h
1256400	42	RESP=1
1269213	42	STIM=a
1273822	42	RESP=1
1287079	42	STIM=x
1292605	42	RESP=1
1302320	42	STIM=u
1305858	42	RESP=1
1319523	42	STIM=3
1322832	42	RESP=2
1337808	42	STIM=z
1344436	42	RESP=1
1353031	42	STIM=b
1359909	42	RESP=1
1369718	42	STIM=l
1373831	42	RESP=1
1387470	42	STIM=c
1391372	42	RESP=1
1405087	42	STIM=f
1408706	42	RESP=1
1421149	42	STIM=y
1426659	42	RESP=1
1437981	42	STIM=i
1441050	42	RESP=1
1456220	42	STIM=d
1460151	42	RESP=1
1472153	42	STIM=z
1475158	42	RESP=1
1490060	42	STIM=a
1496243	42	RESP=1
1508467	42	STIM=5
1513863	42	RESP=1
1527087	42	STIM=n
1532622	42	RESP=1
1542786	42	STIM=t
1548311	42	RESP=1
1560394	42	STIM=r
1564530	42	RESP=1
1578279	42	STIM=u
1583208	42	RESP=1
1596256	42	STIM=k
1602864	42	RESP=1
1611869	42	STIM=p
1619582	42	RESP=1
1627900	42	STIM=7
1633711	42	RESP=2
1645752	42	STIM=w
1650145	42	RESP=1
1660847	42	STIM=q
1666432	42	RESP=1
1675918	42	STIM=b
1679609	42	RESP=1
1692973	42	STIM=8
1698354	42	RESP=2
1711482	42	STIM=k
1715730	42	RESP=1
1728501	42	STIM=f
1733058	42	RESP=1
1746008	42	STIM=j
1750815	42	RESP=1
1762095	42	STIM=6
1766328	42	RESP=2
1778176	42	STIM=r
1786157	42	RESP=1
1797000	42	STIM=j
1801388	42	RESP=1
1814253	42	STIM=j
1817413	42	RESP=1
1831627	42	STIM=8
1838137	42	RESP=2
1847519	42	STIM=d
1851299	42	RESP=1
1864911	42	STIM=z
1867808	42	RESP=1
1879965	42	STIM=c
1883752	42	RESP=1
1895407	42	STIM=a
1900673	42	RESP=1
1912333	42	STIM=6
1916607	42	RESP=2
1928951	42	STIM=2
1938629	42	RESP=2
1945078	42	STIM=j
1951275	42	RESP=1
1962195	42	STIM=y
1966522	42	RESP=1
1979651	42	STIM=x
1989220	42	RESP=1
1995786	42	STIM=j
1999912	42	RESP=1
2013501	42	STIM=5
2020023	42	RESP=2
2031231	42	STIM=8
2036451	42	RESP=2
2048215	42	STIM=q
2052275	42	RESP=2
2065823	42	STIM=a
2071824	42	RESP=1
2084581	42	STIM=w
2088503	42	RESP=1
2103313	42	STIM=s
2110269	42	RESP=1
2118531	42	STIM=w
2122877	42	RESP=1
2136976	42	STIM=g
2140693	42	RESP=1
2153452	42	STIM=5
2161194	42	RESP=2
2168635	42	STIM=e
2176642	42	RESP=1
2187130	42	STIM=d
2190641	42	RESP=1
2202532	42	STIM=k
2206134	42	RESP=1
2218843	42	STIM=z
2222870	42	RESP=1
2234292	42	STIM=o
2237749	42	RESP=1
2251299	42	STIM=l
2254590	42	RESP=1
2267416	42	STIM=y
2271588	42	RESP=1
2282497	42	STIM=v
2286210	42	RESP=1
2298077	42	STIM=9
2301579	42	RESP=2
2314895	42	STIM=l
2320144	42	RESP=1
2329904	42	STIM=5
2336301	42	RESP=1
2346374	42	STIM=l
2350160	42	RESP=1
2361759	42	STIM=o
2364236	42	RESP=2
2378070	42	STIM=b
2383021	42	RESP=1
2394890	42	STIM=s
2402430	42	RESP=1
2412855	42	STIM=z
2416865	42	RESP=2
2430096	42	STIM=f
2434381	42	RESP=1
2448046	42	STIM=d
2453378	42	RESP=1
2466742	42	STIM=b
2471207	42	RESP=1
2485040	42	STIM=y
2488043	42	RESP=1
2502289	42	STIM=5
2507046	42	RESP=1
2520009	42	STIM=w
2525092	42	RESP=1
2536444	42	STIM=k
2540665	42	RESP=1
2554917	42	STIM=l
2559351	42	RESP=1
2570966	42	STIM=q
2577610	42	RESP=1
2589315	42	STIM=z
2593423	42	RESP=1
2606787	42	STIM=u
2614033	42	RESP=1
2623858	42	STIM=i
2628041	42	RESP=1
2640174	42	STIM=y
2646921	42	RESP=1
2655265	42	STIM=i
2659107	42	RESP=1
2673026	42	STIM=a
2677774	42	RESP=1
2688422	42	STIM=2
2694906	42	RESP=2
2704970	42	STIM=q
2709907	42	RESP=1
2720314	42	STIM=b
2723645	42	RESP=1
2738014	42	STIM=k
2742594	42	RESP=1
2753678	42	STIM=5
2758257	42	RESP=2
2769698	42	STIM=n
2773653	42	RESP=1
2787292	42	STIM=2
2793133	42	RESP=2
2803355	42	STIM=1
2808260	42	RESP=2
2819614	42	STIM=0
2827602	42	RESP=2
2836338	42	STIM=k
2840446	42	RESP=1
2852745	42	STIM=e
2857154	42	RESP=1
2868103	42	STIM=k
2873980	42	RESP=1
2886759	42	STIM=o
2893113	42	RESP=1
2902741	42	STIM=r
2905821	42	RESP=1
2917828	42	STIM=b
2921588	42	RESP=1
2934475	42	STIM=g
2939140	42	RESP=1
2953279	42	STIM=r
2958364	42	RESP=1
2972121	42	STIM=c
2977307	42	RESP=1
2987770	42	STIM=j
2992295	42	RESP=1
3003373	42	STIM=c
3008969	42	RESP=2
3021369	42	STIM=e
3025518	42	RESP=1
3039962	42	STIM=v
3045764	42	RESP=2
3058237	42	STIM=2
3062054	42	RESP=2
3074661	42	STIM=n
3078920	42	RESP=1
3092433	42	STIM=b
3098464	42	RESP=1
3109242	42	STIM=f
3114120	42	RESP=1
3126352	42	STIM=w
3129533	42	RESP=1
3144651	42	STIM=f
3149846	42	RESP=1
3163369	42	STIM=p
3168115	42	RESP=1
3181889	42	STIM=t
3185036	42	RESP=1
3197742	42	STIM=m
3202886	42	RESP=2
3215769	42	STIM=x
3221281	42	RESP=1
3233263	42	STIM=j
3237207	42	RESP=1
3251191	42	STIM=6
3255388	42	RESP=1
3269364	42	STIM=s
3272891	42	RESP=1
3287309	42	STIM=y
3291040	42	RESP=1
3305207	42	STIM=o
3309156	42	RESP=1
3322417	42	STIM=o
3325189	42	RESP=1
3337480	42	STIM=t
3340736	42	RESP=1
3353758	42	STIM=f
3356588	42	RESP=1
3372023	42	STIM=9
3377334	42	RESP=2
3389162	42	STIM=u
3392590	42	RESP=1
3407386	42	STIM=y
3413757	42	RESP=1
3424939	42	STIM=d
3431811	42	RESP=1
3440399	42	STIM=g
3445343	42	RESP=1
3458623	42	STIM=n
3465490	42	RESP=1
3477306	42	STIM=b
3480877	42	RESP=1
3492549	42	STIM=c
3498235	42	RESP=1
3507933	42	STIM=c
3512939	42	RESP=1
3523001	42	STIM=3
3526939	42	RESP=2
3540224	42	STIM=4
3544808	42	RESP=2
3558234	42	STIM=d
3564385	42	RESP=1
3573863	42	STIM=v
3582027	42	RESP=1
3592263	42	STIM=c
3597573	42	RESP=1
3610693	42	STIM=d
3615871	42	RESP=1
3627769	42	STIM=f
3631760	42	RESP=1
3643953	42	STIM=o
3648513	42	RESP=1
3661340	42	STIM=k
3665512	42	RESP=1
3676552	42	STIM=r
3682622	42	RESP=1
3692521	42	STIM=q
3698701	42	RESP=1
3711346	42	STIM=p
3715504	42	RESP=1
3727836	42	STIM=n
3735208	42	RESP=1
3745952	42	STIM=5
3749993	42	RESP=2
3763549	42	STIM=w
3768133	42	RESP=1
3780452	42	STIM=k
3787167	42	RESP=1
3795977	42	STIM=g
3799140	42	RESP=1
3813513	42	STIM=c
3818040	42	RESP=1
3831221	42	STIM=j
3840148	42	RESP=1
3849898	42	STIM=5
3857518	42	RESP=2
3866769	42	STIM=4
3871376	42	RESP=2
3882945	42	STIM=f
3886254	42	RESP=1
3901529	42	STIM=5
3909912	42	RESP=2
3916912	42	STIM=h
3919752	42	RESP=1
3932358	42	STIM=r
3936419	42	RESP=1
3950738	42	STIM=4
3956350	42	RESP=2
3966277	42	STIM=d
3968856	42	RESP=1
3984536	42	STIM=9
3989473	42	RESP=2
4000960	42	STIM=y
4004819	42	RESP=1
4018304	42	STIM=o
4026506	42	RESP=1
4034311	42	STIM=v
4041192	42	RESP=1
4052424	42	STIM=n
4057840	42	RESP=2
4068402	42	STIM=y
4074736	42	RESP=1
4086895	42	STIM=z
4093044	42	RESP=1
4102435	42	STIM=s
4107302	42	RESP=1
4121121	42	STIM=j
4126687	42	RESP=1
4137761	42	STIM=s
4141912	42	RESP=1
4152849	42	STIM=6
4160372	42	RESP=2
4171509	42	STIM=b
4179916	42	RESP=1
4187714	42	STIM=e
4191247	42	RESP=1
4204775	42	STIM=w
4211146	42	RESP=1
4223647	42	STIM=k
4227243	42	RESP=1
4240446	42	STIM=3
4245015	42	RESP=2
4257817	42	STIM=s
4261667	42	RESP=1
4273972	42	STIM=t
4280673	42	RESP=1
4291653	42	STIM=z
4299431	42	RESP=1
4308766	42	STIM=x
4314783	42	RESP=1
4326377	42	STIM=8
4333128	42	RESP=2
4342339	42	STIM=9
4346512	42	RESP=2
4360740	42	STIM=7
4365773	42	RESP=2
4376966	42	STIM=0
4380801	42	RESP=2
4393526	42	STIM=k
4398038	42	RESP=1
4412226	42	STIM=0
4421546	42	RESP=2
4431070	42	STIM=4
4436170	42	RESP=2
4447968	42	STIM=4
4457520	42	RESP=2
4466711	42	STIM=e
4473637	42	RESP=1
4481747	42	STIM=1
4486026	42	RESP=2
4497540	42	STIM=6
4502551	42	RESP=2
4514010	42	STIM=u
4516967	42	RESP=1
4529214	42	STIM=9
4533482	42	RESP=2
4547531	42	STIM=q
4553120	42	RESP=1
4565382	42	STIM=k
4572200	42	RESP=1
4582290	42	STIM=x
4585283	42	RESP=1
4597652	42	STIM=v
4602057	42	RESP=2
4616184	42	STIM=l
4628395	42	RESP=2
4634043	42	STIM=m
4637730	42	RESP=1
4651612	42	STIM=l
4656896	42	RESP=1
4667970	42	STIM=e
4673604	42	RESP=1
4686635	42	STIM=2
4693046	42	RESP=2
4703118	42	STIM=5
4709672	42	RESP=2
4719637	42	STIM=6
4726664	42	RESP=2
4737875	42	STIM=d
4741864	42	RESP=1
4756864	42	STIM=j
4761519	42	RESP=1
4772777	42	STIM=i
4776156	42	RESP=1
4788720	42	STIM=j
4793790	42	RESP=1
4806379	42	STIM=b
4811051	42	RESP=1
4822004	42	STIM=q
4826740	42	RESP=1
4837191	42	STIM=z
4840180	42	RESP=1
4853592	42	STIM=1
4859618	42	RESP=2
4870268	42	STIM=6
4875330	42	RESP=2
4886988	42	STIM=6
4891788	42	RESP=2
4903606	42	STIM=r
4907775	42	RESP=1
4919417	42	STIM=6
4928150	42	RESP=2
4938196	42	STIM=d
4945502	42	RESP=1
4954300	42	STIM=w
4957528	42	RESP=1
4970332	42	STIM=n
4976506	42	RESP=1
4985487	42	STIM=x
4988115	42	RESP=1
5003562	42	STIM=d
5010897	42	RESP=1
5021957	42	STIM=e
5027137	42	RESP=1
5038066	42	STIM=z
5043142	42	RESP=1
5055707	42	STIM=c
5059287	42	RESP=1
5071784	42	STIM=s
5076286	42	RESP=1
5089752	42	STIM=n
5094037	42	RESP=1
5106626	42	STIM=z
5113834	42	RESP=1
5125358	42	STIM=0
5132691	42	RESP=2
5144090	42	STIM=f
5149612	42	RESP=1
5159413	42	STIM=v
5165321	42	RESP=1
5176448	42	STIM=x
5180224	42	RESP=1
5193136	42	STIM=a
5199718	42	RESP=1
5211007	42	STIM=f
5218457	42	RESP=1
5227228	42	STIM=k
5231794	42	RESP=1
5244504	42	STIM=w
5250671	42	RESP=1
5263418	42	STIM=g
5267596	42	RESP=1
5279668	42	STIM=5
5284003	42	RESP=2
5297461	42	STIM=j
5300450	42	RESP=1
5314550	42	STIM=h
5319230	42	RESP=1
5331059	42	STIM=e
5335210	42	RESP=1
5348627	42	STIM=r
5352559	42	RESP=1
5367484	42	STIM=3
5376680	42	RESP=2
5385038	42	STIM=v
5390636	42	RESP=1
5400614	42	STIM=5
5407208	42	RESP=1
5415998	42	STIM=e
5420454	42	RESP=1
5434415	42	STIM=d
5438633	42	RESP=1
5451637	42	STIM=2
5458694	42	RESP=2
5467505	42	STIM=w
5472210	42	RESP=1
5484386	42	STIM=k
5491973	42	RESP=1
5501024	42	STIM=t
5505467	42	RESP=1
5518450	42	STIM=n
5522670	42	RESP=1
5534522	42	STIM=b
5538979	42	RESP=1
5551365	42	STIM=k
5556676	42	RESP=1
5569730	42	STIM=l
5572329	42	RESP=2
5587209	42	STIM=i
5590962	42	RESP=1
5602818	42	STIM=6
5607572	42	RESP=2
5620038	42	STIM=j
5623859	42	RESP=1
5635891	42	STIM=l
5640734	42	RESP=1
5654363	42	STIM=7
5658759	42	RESP=2
5670586	42	STIM=i
5675877	42	RESP=1
5687796	42	STIM=t
5690945	42	RESP=1
5706432	42	STIM=8
5710327	42	RESP=2
5724262	42	STIM=v
5727210	42	RESP=1
5741066	42	STIM=x
5744646	42	RESP=1
5759371	42	STIM=b
5762898	42	RESP=1
5776796	42	STIM=g
5782783	42	RESP=1
5795348	42	STIM=8
5800696	42	RESP=2
5812842	42	STIM=g
5818884	42	RESP=1
5828034	42	STIM=c
5832826	42	RESP=1
5845971	42	STIM=z
5848502	42	RESP=1
5861189	42	STIM=0
5867342	42	RESP=2
5878758	42	STIM=1
5885483	42	RESP=2
5895863	42	STIM=h
5900075	42	RESP=1
5914085	42	STIM=p
5918771	42	RESP=1
5930593	42	STIM=x
5934874	42	RESP=1
5947730	42	STIM=0
5954562	42	RESP=2
5964612	42	STIM=f
5968596	42	RESP=1
5980487	42	STIM=u
5985318	42	RESP=1
5999451	42	STIM=q
6004111	42	RESP=1
6014578	42	STIM=u
6019166	42	RESP=1
6032983	42	STIM=o
6037388	42	RESP=1
6048667	42	STIM=w
6054069	42	RESP=1
6065699	42	STIM=m
6070851	42	RESP=1
6081678	42	STIM=u
6087354	42	RESP=1
6100569	42	STIM=j
6105810	42	RESP=1
6117909	42	STIM=e
6123747	42	RESP=1
6134460	42	STIM=q
6139870	42	RESP=1
6152426	42	STIM=t
6155778	42	RESP=1
6171018	42	STIM=0
6176855	42	RESP=2
6189993	42	STIM=o
6195250	42	RESP=2
6205704	42	STIM=j
6211756	42	RESP=1
6221331	42	STIM=w
6227650	42	RESP=1
6236736	42	STIM=2
6245441	42	RESP=2
6254929	42	STIM=d
6260395	42	RESP=1
6271563	42	STIM=m
6276078	42	RESP=1
6289442	42	STIM=b
6292922	42	RESP=1
6306964	42	STIM=b
6311419	42	RESP=1
6324854	42	STIM=r
6329026	42	RESP=1
6340901	42	STIM=h
6343735	42	RESP=1
6358262	42	STIM=y
6364276	42	RESP=1
6376834	42	STIM=k
6381261	42	RESP=1
6395219	42	STIM=2
6401397	42	RESP=2
6413355	42	STIM=e
6416911	42	RESP=1
6429829	42	STIM=z
6435099	42	RESP=2
6445446	42	STIM=g
6451140	42	RESP=1
6462698	42	STIM=6
6467700	42	RESP=2
6480315	42	STIM=9
6484884	42	RESP=2
6497315	42	STIM=0
6501932	42	RESP=2
6516033	42	STIM=k
6519979	42	RESP=1
6532879	42	STIM=z
6537518	42	RESP=1
6550151	42	STIM=0
6556277	42	RESP=2
6568047	42	STIM=m
6575165	42	RESP=1
6584297	42	STIM=8
6591089	42	RESP=2
6601752	42	STIM=o
6605813	42	RESP=1
6617732	42	STIM=g
6621252	42	RESP=2
6633602	42	STIM=h
6639525	42	RESP=1
6649381	42	STIM=p
6653608	42	RESP=1
6665539	42	STIM=v
6670894	42	RESP=1
6684116	42	STIM=g
6691828	42	RESP=1
6701533	42	STIM=z
6705270	42	RESP=1
6716958	42	STIM=f
6721607	42	RESP=1
6733024	42	STIM=5
6737178	42	RESP=2
6750323	42	STIM=k
6754703	42	RESP=1
6768935	42	STIM=d
6775020	42	RESP=1
6785783	42	STIM=w
6790646	42	RESP=2
6802602	42	STIM=j
6806970	42	RESP=1
6817995	42	STIM=z
6821922	42	RESP=1
6834438	42	STIM=o
6840519	42	RESP=1
6852092	42	STIM=o
6857303	42	RESP=1
6867586	42	STIM=s
6872975	42	RESP=1
6883360	42	STIM=q
6887664	42	RESP=1
6898683	42	STIM=q
6902840	42	RESP=1
6914901	42	STIM=u
6919090	42	RESP=1
6933442	42	STIM=b
6938445	42	RESP=1
6949457	42	STIM=x
6958303	42	RESP=1
6964978	42	STIM=h
6968832	42	RESP=1
6982175	42	STIM=0
6988621	42	RESP=2
6999811	42	STIM=g
7003652	42	RESP=1
7017634	42	STIM=m
7020968	42	RESP=1
7034793	42	STIM=l
7040169	42	RESP=1
7053363	42	STIM=w
7062408	42	RESP=1
7069758	42	STIM=y
7074618	42	RESP=1
7088377	42	STIM=i
7096618	42	RESP=1
7104905	42	STIM=6
7111330	42	RESP=2
7121725	42	STIM=h
7127607	42	RESP=1
7138460	42	STIM=b
7145754	42	RESP=1
7157115	42	STIM=a
7162632	42	RESP=1
7175992	42	STIM=g
7182327	42	RESP=1
7194630	42	STIM=w
7201134	42	RESP=1
7210814	42	STIM=5
7219080	42	RESP=1
7229210	42	STIM=8
7234973	42	RESP=2
7245959	42	STIM=3
7250758	42	RESP=2
7261333	42	STIM=j
7264753	42	RESP=1
7279195	42	STIM=o
7286589	42	RESP=1
7294790	42	STIM=8
7300078	42	RESP=2
7311597	42	STIM=d
7316379	42	RESP=1
7327672	42	STIM=h
7331716	42	RESP=1
7345491	42	STIM=9
7348889	42	RESP=2
7362836	42	STIM=u
7368374	42	RESP=1
7379123	42	STIM=g
7384175	42	RESP=1
7397070	42	STIM=h
7400611	42	RESP=1
7413386	42	STIM=g
7417531	42	RESP=1
7430435	42	STIM=c
7438013	42	RESP=1
7447176	42	STIM=y
7450816	42	RESP=1
7464032	42	STIM=o
7468715	42	RESP=1
7482516	42	STIM=o
7487010	42	RESP=1
7498337	42	STIM=f
7511080	42	RESP=1
7516128	42	STIM=y
7519814	42	RESP=1
7533147	42	STIM=o
7540168	42	RESP=1
7551283	42	STIM=b
7556429	42	RESP=1
7568510	42	STIM=m
7574859	42	RESP=1
7584140	42	STIM=c
7589096	42	RESP=1
7602515	42	STIM=i
7611913	42	RESP=1
7619440	42	STIM=a
7622518	42	RESP=1
7637798	42	STIM=c
7640339	42	RESP=1
7656570	42	STIM=0
7661357	42	RESP=2
7671928	42	STIM=1
7675796	42	RESP=1
7688601	42	STIM=e
7692933	42	RESP=1
7705851	42	STIM=a
7712198	42	RESP=1
7722374	42	STIM=s
7726298	42	RESP=1
7740688	42	STIM=w
7747640	42	RESP=1
7759213	42	STIM=k
7764631	42	RESP=1
7776252	42	STIM=c
7780726	42	RESP=1
7793732	42	STIM=t
7801852	42	RESP=1
7812535	42	STIM=i
7817166	42	RESP=1
7829226	42	STIM=e
7834735	42	RESP=1
7847242	42	STIM=n
7851808	42	RESP=1
7865013	42	STIM=k
7868943	42	RESP=1
7881793	42	STIM=g
7886541	42	RESP=1
7897504	42	STIM=y
7900594	42	RESP=1
7915286	42	STIM=g
7919637	42	RESP=1
7933319	42	STIM=x
7936859	42	RESP=1
7949342	42	STIM=0
7955168	42	RESP=2
7965354	42	STIM=m
7974140	42	RESP=1
7981456	42	STIM=o
7987382	42	RESP=1
7999960	42	STIM=x
8008319	42	RESP=1
8015794	42	STIM=c
8020769	42	RESP=1
8033902	42	STIM=j
8036846	42	RESP=1
8049868	42	STIM=q
8054023	42	RESP=1
8067153	42	STIM=l
8072169	42	RESP=1
8083764	42	STIM=t
8090492	42	RESP=1
8099751	42	STIM=e
8105668	42	RESP=1
8117897	42	STIM=q
8122013	42	RESP=1
8135763	42	STIM=3
8143614	42	RESP=2
8152627	42	STIM=r
8158439	42	RESP=1
8171072	42	STIM=y
8175133	42	RESP=1
8186857	42	STIM=j
8194028	42	RESP=1
8204750	42	STIM=2
8209851	42	RESP=2
8221438	42	STIM=r
8224267	42	RESP=1
8236988	42	STIM=4
8241471	42	RESP=1
8253315	42	STIM=e
8258444	42	RESP=1
8269059	42	STIM=p
8272961	42	RESP=1
8286473	42	STIM=g
8296686	42	RESP=1
8303521	42	STIM=o
8306722	42	RESP=1
8319254	42	STIM=o
8322752	42	RESP=1
8336574	42	STIM=a
8341767	42	RESP=1
8351575	42	STIM=7
8358976	42	RESP=2
8367187	42	STIM=y
8372262	42	RESP=1
8385671	42	STIM=s
8390345	42	RESP=1
8402510	42	STIM=t
8409577	42	RESP=1
8418742	42	STIM=i
8423098	42	RESP=2
8434378	42	STIM=0
8439629	42	RESP=1
8450818	42	STIM=6
8456601	42	RESP=2
8469330	42	STIM=a
8474975	42	RESP=1
8488265	42	STIM=i
8492397	42	RESP=1
8505040	42	STIM=k
8509962	42	RESP=1
8520702	42	STIM=v
8525189	42	RESP=1
8538297	42	STIM=u
8542833	42	RESP=1
8556269	42	STIM=0
8564179	42	RESP=2
8574541	42	STIM=b
8578522	42	RESP=1
8590097	42	STIM=g
8593090	42	RESP=1
8606909	42	STIM=t
8611023	42	RESP=1
8622254	42	STIM=m
8625500	42	RESP=1
8639666	42	STIM=p
8648208	42	RESP=1
8658017	42	STIM=n
8667439	42	RESP=1
8675868	42	STIM=i
8687309	42	RESP=1
8693105	42	STIM=d
8696604	42	RESP=1
8710688	42	STIM=c
8715782	42	RESP=1
8726219	42	STIM=2
8730837	42	RESP=2
8741496	42	STIM=d
8745652	42	RESP=1
8757223	42	STIM=h
8762564	42	RESP=1
8772594	42	STIM=2
8779596	42	RESP=2
8791152	42	STIM=1
8795354	42	RESP=2
8807388	42	STIM=v
8815561	42	RESP=1
8824961	42	STIM=1
8831414	42	RESP=2
8841496	42	STIM=c
8845264	42	RESP=1
8857910	42	STIM=r
8861605	42	RESP=1
8876733	42	STIM=s
8882750	42	RESP=1
8892698	42	STIM=8
8897965	42	RESP=2
8908216	42	STIM=u
8911373	42	RESP=1
8926523	42	STIM=a
8931864	42	RESP=1
8944905	42	STIM=0
8950016	42	RESP=1
8963616	42	STIM=0
8967072	42	RESP=2
8982319	42	STIM=y
8986077	42	RESP=1
8997537	42	STIM=8
9003167	42	RESP=2
9013734	42	STIM=l
9019466	42	RESP=1
9031701	42	STIM=w
9037161	42	RESP=1
9050260	42	STIM=8
9055566	42	RESP=2
9069235	42	STIM=r
9075651	42	RESP=1
9084435	42	STIM=r
9090193	42	RESP=1
9101377	42	STIM=x
9105236	42	RESP=1
9118144	42	STIM=h
9126194	42	RESP=1
9133749	42	STIM=3
9137934	42	RESP=2
9151169	42	STIM=l
9155396	42	RESP=1
9169198	42	STIM=1
9175295	42	RESP=2
9186855	42	STIM=v
9190588	42	RESP=1
9201904	42	STIM=c
9205211	42	RESP=1
9218810	42	STIM=8
9225984	42	RESP=2
9237631	42	STIM=o
9244959	42	RESP=1
9255371	42	STIM=r
9259718	42	RESP=1
9272281	42	STIM=d
9275343	42	RESP=1
9289106	42	STIM=w
9295486	42	RESP=1
9306718	42	STIM=k
9312420	42	RESP=1
9323567	42	STIM=n
9328313	42	RESP=1
9342194	42	STIM=w
9345618	42	RESP=1
9361105	42	STIM=c
9363470	42	RESP=1
9377623	42	STIM=o
9381262	42	RESP=1
9393934	42	STIM=q
9397426	42	RESP=1
9410869	42	STIM=2
9414634	42	RESP=2
9427754	42	STIM=e
9436545	42	RESP=1
9443895	42	STIM=z
9449016	42	RESP=1
9460588	42	STIM=j
9464361	42	RESP=1
9475799	42	STIM=c
9481210	42	RESP=1
9492419	42	STIM=8
9497592	42	RESP=2
9508088	42	STIM=6
9515197	42	RESP=2
9526117	42	STIM=0
9529809	42	RESP=2
9544839	42	STIM=l
9552487	42	RESP=1
9562819	42	STIM=p
9566771	42	RESP=1
9581597	42	STIM=y
9586325	42	RESP=1
9596961	42	STIM=c
9602199	42	RESP=1
9615301	42	STIM=a
9621059	42	RESP=1
9632936	42	STIM=e
9637366	42	RESP=1
9650033	42	STIM=1
9654352	42	RESP=2
9667577	42	STIM=q
9670304	42	RESP=1
9685507	42	STIM=o
9688495	42	RESP=1
9702300	42	STIM=b
9706305	42	RESP=1
9721086	42	STIM=v
9726283	42	RESP=1
9736087	42	STIM=3
9742024	42	RESP=2
9751629	42	STIM=n
9757613	42	RESP=1
9767310	42	STIM=2
9771532	42	RESP=2
9783184	42	STIM=e
9787767	42	RESP=1
9798689	42	STIM=u
9807387	42	RESP=1
9815633	42	STIM=j
9820017	42	RESP=1
9833814	42	STIM=k
9838056	42	RESP=1
9850926	42	STIM=9
9856218	42	RESP=1
9868777	42	STIM=w
9875155	42	RESP=1
9887276	42	STIM=v
9892849	42	RESP=1
9903488	42	STIM=h
9910620	42	RESP=1
9920347	42	STIM=l
9924232	42	RESP=1
9938496	42	STIM=k
9941596	42	RESP=1
9955318	42	STIM=u
9958284	42	RESP=1
9970996	42	STIM=n
9975057	42	RESP=1
9988505	42	STIM=t
9993402	42	RESP=1
10007117	42	STIM=6
10011666	42	RESP=2
10023370	42	STIM=z
10027148	42	RESP=1
10040291	42	STIM=x
10044203	42	RESP=1
10057268	42	STIM=s
10060340	42	RESP=1
10072391	42	STIM=p
10075239	42	RESP=1
10088554	42	STIM=d
10093337	42	RESP=1
10105848	42	STIM=u
10108523	42	RESP=1
10124735	42	STIM=g
10127627	42	RESP=1
10141586	42	STIM=7
10148519	42	RESP=1
10159995	42	STIM=u
10169897	42	RESP=1
10175131	42	STIM=e
10180181	42	RESP=1
10191362	42	STIM=9
10195203	42	RESP=1
10207739	42	STIM=r
10213164	42	RESP=1
10223858	42	STIM=f
10230754	42	RESP=1
10240121	42	STIM=m
10243490	42	RESP=1
10259037	42	STIM=s
10264833	42	RESP=1
10274277	42	STIM=z
10279330	42	RESP=1
10293008	42	STIM=w
10296109	42	RESP=1
10310453	42	STIM=f
10321024	42	RESP=1
10325975	42	STIM=n
10331956	42	RESP=1
10342171	42	STIM=5
10346363	42	RESP=2
10358926	42	STIM=j
10364468	42	RESP=1
10374379	42	STIM=0
10379769	42	RESP=2
10392485	42	STIM=j
10400236	42	RESP=1
10410753	42	STIM=0
10416743	42	RESP=2
10429696	42	STIM=v
10434804	42	RESP=1
10448378	42	STIM=k
10451530	42	RESP=1
10464636	42	STIM=d
10469411	42	RESP=1
10479919	42	STIM=8
10485461	42	RESP=2
10498918	42	STIM=q
10504269	42	RESP=1
10516739	42	STIM=a
10519719	42	RESP=1
10534062	42	STIM=f
10538872	42	RESP=1
10549158	42	STIM=b
10554353	42	RESP=1
10567028	42	STIM=i
10574629	42	RESP=1
10585285	42	STIM=6
10593064	42	RESP=2
10602573	42	STIM=g
10606149	42	RESP=2
10618110	42	STIM=8
10621698	42	RESP=2
10636654	42	STIM=5
10642204	42	RESP=2
10652287	42	STIM=v
10657022	42	RESP=1
10668287	42	STIM=x
10672965	42	RESP=1
10684197	42	STIM=8
10689749	42	RESP=2
10700217	42	STIM=w
10704860	42	RESP=1
10715665	42	STIM=0
10719923	42	RESP=2
10734039	42	STIM=b
10739735	42	RESP=1
10749486	42	STIM=v
10756735	42	RESP=1
10768280	42	STIM=f
10773577	42	RESP=1
10784332	42	STIM=0
10789173	42	RESP=2
10802900	42	STIM=r
10806699	42	RESP=1
10821872	42	STIM=y
10826069	42	RESP=1
10839273	42	STIM=z
10843202	42	RESP=1
10854769	42	STIM=r
10859463	42	RESP=1
10872241	42	STIM=n
10875847	42	RESP=1
10888241	42	STIM=h
10896416	42	RESP=1
10906606	42	STIM=c
10912503	42	RESP=1
10923010	42	STIM=p
10929183	42	RESP=1
10941456	42	STIM=b
10946681	42	RESP=1
10959517	42	STIM=q
10968310	42	RESP=1
10977750	42	STIM=7
10982027	42	RESP=2
10994035	42	STIM=k
11000330	42	RESP=1
11011739	42	STIM=j
11016988	42	RESP=1
11028100	42	STIM=f
11031241	42	RESP=1
11046217	42	STIM=d
11052598	42	RESP=1
11063816	42	STIM=i
11069238	42	RESP=1
11082236	42	STIM=w
11094830	42	RESP=1
11099095	42	STIM=a
11103563	42	RESP=1
11116271	42	STIM=d
11119582	42	RESP=1
11131362	42	STIM=o
11137732	42	RESP=1
11147178	42	STIM=u
11150911	42	RESP=1
11162836	42	STIM=5
11168865	42	RESP=2
11179782	42	STIM=h
11188285	42	RESP=1
11197250	42	STIM=j
11200912	42	RESP=1
11213123	42	STIM=o
11217843	42	RESP=1
11230562	42	STIM=g
11233491	42	RESP=1
11248999	42	STIM=u
11254205	42	RESP=1
11267120	42	STIM=8
11274733	42	RESP=1
11283245	42	STIM=w
11289890	42	RESP=1
11299101	42	STIM=a
11301962	42	RESP=1
11314246	42	STIM=q
11318082	42	RESP=1
11332423	42	STIM=v
11335542	42	RESP=1
11351224	42	STIM=m
11355023	42	RESP=1
11367781	42	STIM=5
11375107	42	RESP=2
11383135	42	STIM=s
11389779	42	RESP=1
11398504	42	STIM=u
11404303	42	RESP=2
11416819	42	STIM=y
11419945	42	RESP=1
11431944	42	STIM=5
11437687	42	RESP=2
11448025	42	STIM=v
11452786	42	RESP=1
11466426	42	STIM=e
11471336	42	RESP=1
11485027	42	STIM=o
11489615	42	RESP=1
11503730	42	STIM=e
11510243	42	RESP=1
11520621	42	STIM=l
11524680	42	RESP=1
11535680	42	STIM=5
11539663	42	RESP=2
11553992	42	STIM=f
11559709	42	RESP=1
11572860	42	STIM=z
11579709	42	RESP=1
11588513	42	STIM=9
11595475	42	RESP=2
11606204	42	STIM=h
11611073	42	RESP=1
11622828	42	STIM=5
11626336	42	RESP=2
11641112	42	STIM=8
11645452	42	RESP=2
11658571	42	STIM=d
11666000	42	RESP=1
11674359	42	STIM=c
11683234	42	RESP=1
11689648	42	STIM=r
11697012	42	RESP=1
11707271	42	STIM=3
11710911	42	RESP=2
11724471	42	STIM=9
11732304	42	RESP=2
11741067	42	STIM=r
11745608	42	RESP=1
11759788	42	STIM=i
11765330	42	RESP=1
11777208	42	STIM=5
11783394	42	RESP=1
11794944	42	STIM=c
11799698	42	RESP=1
11810295	42	STIM=w
11814847	42	RESP=1
11825432	42	STIM=k
11833972	42	RESP=1
11842158	42	STIM=o
11852911	42	RESP=1
11859648	42	STIM=j
11863073	42	RESP=1
11875181	42	STIM=k
11879961	42	RESP=1
11892838	42	STIM=9
11898333	42	RESP=2
11909459	42	STIM=q
11914742	42	RESP=1
11925358	42	STIM=j
11930355	42	RESP=1
11942178	42	STIM=e
11946433	42	RESP=1
11959082	42	STIM=h
11963237	42	RESP=1
11974879	42	STIM=9
11979042	42	RESP=2
11992655	42	STIM=g
11996821	42	RESP=1
12010931	42	STIM=y
12015092	42	RESP=1
12029579	42	STIM=d
12034390	42	RESP=1
12048360	42	STIM=v
12054969	42	RESP=1
12065176	42	STIM=p
12070725	42	RESP=1
12080493	42	STIM=2
12084704	42	RESP=2
12098642	42	STIM=u
12102550	42	RESP=1
12117419	42	STIM=j
12120877	42	RESP=1
12134562	42	STIM=8
12138317	42	RESP=2
12153096	42	STIM=s
12157705	42	RESP=1
12168855	42	STIM=r
12172524	42	RESP=1
12185266	42	STIM=d
12190738	42	RESP=2
12203959	42	STIM=m
12208357	42	RESP=1
12220685	42	STIM=l
12224031	42	RESP=2
12238652	42	STIM=r
12242382	42	RESP=1
12257171	42	STIM=x
12260333	42	RESP=1
12273183	42	STIM=d
12277314	42	RESP=1
12290105	42	STIM=p
12293171	42	RESP=1
12306769	42	STIM=v
12310549	42	RESP=1
12325223	42	STIM=e
12329485	42	RESP=1
12340981	42	STIM=7
12345421	42	RESP=2
12357261	42	STIM=n
12364628	42	RESP=1
12373381	42	STIM=0
12378519	42	RESP=1
12388959	42	STIM=m
12397351	42	RESP=1
12407058	42	STIM=a
12411380	42	RESP=2
12423788	42	STIM=4
12429314	42	RESP=1
12440733	42	STIM=v
12446620	42	RESP=1
12456469	42	STIM=p
12461435	42	RESP=1
12473418	42	STIM=d
12478480	42	RESP=1
12492121	42	STIM=e
12495952	42	RESP=1
12509289	42	STIM=1
12514077	42	RESP=2
12527267	42	STIM=q
12529862	42	RESP=1
12545443	42	STIM=6
12551301	42	RESP=2
12561159	42	STIM=5
12567671	42	RESP=2
12576818	42	STIM=d
12581571	42	RESP=1
12593709	42	STIM=o
12598037	42	RESP=1
12612319	42	STIM=a
12614839	42	RESP=1
12629702	42	STIM=y
12635802	42	RESP=1
12647051	42	STIM=s
12652285	42	RESP=1
12662626	42	STIM=i
12667833	42	RESP=1
12678354	42	STIM=r
12683675	42	RESP=1
12694814	42	STIM=4
12703158	42	RESP=2
12709911	42	STIM=g
12714338	42	RESP=1
12726121	42	STIM=e
12732221	42	RESP=1
12742127	42	STIM=y
12746663	42	RESP=1
12759279	42	STIM=g
12767824	42	RESP=1
12776120	42	STIM=u
12779402	42	RESP=1
12794863	42	STIM=m
12798216	42	RESP=1
12812515	42	STIM=1
12819084	42	RESP=1
12827614	42	STIM=3
12833484	42	RESP=1
12844133	42	STIM=z
12847871	42	RESP=1
12862121	42	STIM=d
12869456	42	RESP=1
12877144	42	STIM=t
12882882	42	RESP=1
12894113	42	STIM=2
12898219	42	RESP=2
12911572	42	STIM=m
12918815	42	RESP=1
12929106	42	STIM=p
12938704	42	RESP=1
12947787	42	STIM=h
12952251	42	RESP=1
12965942	42	STIM=u
12970963	42	RESP=1
12983491	42	STIM=v
12988469	42	RESP=1
13002307	42	STIM=l
13005255	42	RESP=1
13019735	42	STIM=y
13025027	42	RESP=1
13038556	42	STIM=f
13043173	42	RESP=1
13053628	42	STIM=e
13057643	42	RESP=1
13070438	42	STIM=b
13079015	42	RESP=1
13088979	42	STIM=b
13091388	42	RESP=1
13104963	42	STIM=g
13109649	42	RESP=1
13121457	42	STIM=e
13126340	42	RESP=1
13136965	42	STIM=u
13141838	42	RESP=1
13155056	42	STIM=t
13159563	42	RESP=1
13170633	42	STIM=s
13175444	42	RESP=1
13188858	42	STIM=q
13196680	42	RESP=1
13206206	42	STIM=x
13215246	42	RESP=1
13225042	42	STIM=j
13229760	42	RESP=1
13241459	42	STIM=m
13245880	42	RESP=1
13259874	42	STIM=0
13264896	42	RESP=2
13275104	42	STIM=w
13278973	42	RESP=1
13291739	42	STIM=d
13300549	42	RESP=1
13308531	42	STIM=i
13314159	42	RESP=1
13326329	42	STIM=i
13329363	42	RESP=1
13343416	42	STIM=b
13347180	42	RESP=1
13358471	42	STIM=q
13361544	42	RESP=1
13377079	42	STIM=g
13380481	42	RESP=1
13395862	42	STIM=u
13401255	42	RESP=1
13411004	42	STIM=a
13415612	42	RESP=1
13426358	42	STIM=r
13432708	42	RESP=1
13444009	42	STIM=5
13449524	42	RESP=2
13459802	42	STIM=q
13463647	42	RESP=1
13475839	42	STIM=2
13479956	42	RESP=2
13491899	42	STIM=l
13497887	42	RESP=1
13510126	42	STIM=z
13518213	42	RESP=1
13526507	42	STIM=3
13530952	42	RESP=2
13541974	42	STIM=q
13545088	42	RESP=1
13558847	42	STIM=k
13566326	42	RESP=1
13577396	42	STIM=o
13581362	42	RESP=1
13594519	42	STIM=v
13598936	42	RESP=1
13612444	42	STIM=0
13618810	42	RESP=2
13631018	42	STIM=l
13636368	42	RESP=1
13647690	42	STIM=z
13650388	42	RESP=1
13665228	42	STIM=n
13668445	42	RESP=1
13680421	42	STIM=8
13687090	42	RESP=2
13698327	42	STIM=9
13705942	42	RESP=1
13714124	42	STIM=o
13723344	42	RESP=2
13732490	42	STIM=8
13737126	42	RESP=2
13749573	42	STIM=u
13752235	42	RESP=1
13766200	42	STIM=7
13774048	42	RESP=2
13781344	42	STIM=c
13784489	42	RESP=1
13796572	42	STIM=9
13801204	42	RESP=2
13815350	42	STIM=x
13818983	42	RESP=1
13831475	42	STIM=z
13836888	42	RESP=1
13847400	42	STIM=q
13854029	42	RESP=1
13863751	42	STIM=i
13868719	42	RESP=1
13881007	42	STIM=r
13888581	42	RESP=1
13899252	42	STIM=k
13903168	42	RESP=1
13916227	42	STIM=7
13920181	42	RESP=2
13934644	42	STIM=r
13938937	42	RESP=1
13949989	42	STIM=c
13954575	42	RESP=1
13967964	42	STIM=w
13973638	42	RESP=1
13985854	42	STIM=v
13990506	42	RESP=1
14003272	42	STIM=p
14008595	42	RESP=1
14022266	42	STIM=c
14026670	42	RESP=1
14039283	42	STIM=q
14044457	42	RESP=1
14055823	42	STIM=r
14058934	42	RESP=1
14073785	42	STIM=s
14078249	42	RESP=2
14091691	42	STIM=m
14097940	42	RESP=1
14108177	42	STIM=z
14111200	42	RESP=1
14123913	42	STIM=k
14127560	42	RESP=1
14139003	42	STIM=6
14144319	42	RESP=2
14156575	42	STIM=u
14159256	42	RESP=1
14174701	42	STIM=v
14179007	42	RESP=1
14190097	42	STIM=x
14194373	42	RESP=1
14207922	42	STIM=5
14212507	42	RESP=2
14223836	42	STIM=i
14227686	42	RESP=1
14241626	42	STIM=k
14244645	42	RESP=1
14256752	42	STIM=d
14260100	42	RESP=1
14272774	42	STIM=o
14277313	42	RESP=1
14290731	42	STIM=5
14295946	42	RESP=2
14305849	42	STIM=c
14308862	42	RESP=1
14324581	42	STIM=w
14329434	42	RESP=1
14340746	42	STIM=8
14346019	42	RESP=2
14357846	42	STIM=l
14367947	42	RESP=1
14375117	42	STIM=d
14380565	42	RESP=1
14391632	42	STIM=t
14399538	42	RESP=1
14410591	42	STIM=5
14419386	42	RESP=2
14426076	42	STIM=s
14429479	42	RESP=1
14443235	42	STIM=s
14447817	42	RESP=1
14458335	42	STIM=1
14466255	42	RESP=2
14476450	42	STIM=f
14485257	42	RESP=1
14492520	42	STIM=j
14497683	42	RESP=2
14510409	42	STIM=7
14515064	42	RESP=1
14527222	42	STIM=6
14531400	42	RESP=2
14544919	42	STIM=s
14548844	42	RESP=1
14562801	42	STIM=q
14568469	42	RESP=1
14579712	42	STIM=n
14583734	42	RESP=1
14597528	42	STIM=h
14600141	42	RESP=1
14613534	42	STIM=o
14617357	42	RESP=1
14628980	42	STIM=1
14633750	42	RESP=2
14644259	42	STIM=n
14648481	42	RESP=1
14659481	42	STIM=f
14663701	42	RESP=1
14674854	42	STIM=e
14681346	42	RESP=1
14689926	42	STIM=u
14694627	42	RESP=1
14706838	42	STIM=k
14710881	42	RESP=1
14722881	42	STIM=u
14725392	42	RESP=2
14739384	42	STIM=m
14743259	42	RESP=1
14757516	42	STIM=p
14762892	42	RESP=1
14774617	42	STIM=x
14778474	42	RESP=1
14792869	42	STIM=o
14795534	42	RESP=1
14811224	42	STIM=z
14814336	42	RESP=1
14827901	42	STIM=p
14834561	42	RESP=1
14846269	42	STIM=8
14853378	42	RESP=2
14861435	42	STIM=9
14868528	42	RESP=2
14879556	42	STIM=r
14884659	42	RESP=1
14897567	42	STIM=w
14901968	42	RESP=1
14916426	42	STIM=v
14922733	42	RESP=1
14934186	42	STIM=l
14937383	42	RESP=1
14952620	42	STIM=r
14956950	42	RESP=1
14969433	42	STIM=6
14974167	42	RESP=1
14988338	42	STIM=5
14993687	42	RESP=2
15003649	42	STIM=f
15007657	42	RESP=1
15019897	42	STIM=8
15023513	42	RESP=2
15036808	42	STIM=7
15041498	42	RESP=1
15053918	42	STIM=f
15057787	42	RESP=1
15070856	42	STIM=3
15076733	42	RESP=2
15086240	42	STIM=l
15090309	42	RESP=1
15104519	42	STIM=i
15110099	42	RESP=1
15120120	42	STIM=x
15124426	42	RESP=1
15137935	42	STIM=l
15141435	42	RESP=1
15156738	42	STIM=j
15162270	42	RESP=1
15173526	42	STIM=g
15177851	42	RESP=1
15191357	42	STIM=h
15207116	42	RESP=1
15209736	42	STIM=a
15215889	42	RESP=1
15227860	42	STIM=o
15232293	42	RESP=1
15243290	42	STIM=p
15247837	42	RESP=1
15260366	42	STIM=c
15263552	42	RESP=1
15275436	42	STIM=e
15281248	42	RESP=1
15291429	42	STIM=8
15298767	42	RESP=2
15307482	42	STIM=s
15313315	42	RESP=1
15323046	42	STIM=4
15327143	42	RESP=2
15342020	42	STIM=p
15345727	42	RESP=1
15357342	42	STIM=j
15361338	42	RESP=1
15372438	42	STIM=s
15377873	42	RESP=1
15389844	42	STIM=3
15393864	42	RESP=2
15406393	42	STIM=h
15412906	42	RESP=1
15422336	42	STIM=u
15426529	42	RESP=1
15440063	42	STIM=a
15445633	42	RESP=1
15456927	42	STIM=n
15460469	42	RESP=1
15474605	42	STIM=u
15480402	42	RESP=2
15493170	42	STIM=k
15496122	42	RESP=1
15509964	42	STIM=n
15516338	42	RESP=1
15527073	42	STIM=9
15534568	42	RESP=2
15543526	42	STIM=o
15548593	42	RESP=1
15559124	42	STIM=9
15562385	42	RESP=2
15575066	42	STIM=k
15583221	42	RESP=1
15593011	42	STIM=u
15597102	42	RESP=1
15608622	42	STIM=e
15613391	42	RESP=1
15627008	42	STIM=t
15631422	42	RESP=1
15645110	42	STIM=z
15649785	42	RESP=1
15660413	42	STIM=n
15665480	42	RESP=1
15678547	42	STIM=p
15683447	42	RESP=1
15693878	42	STIM=o
15702408	42	RESP=1
15711747	42	STIM=c
15717135	42	RESP=1
15727458	42	STIM=g
15731041	42	RESP=1
15745306	42	STIM=1
15750956	42	RESP=2
15762283	42	STIM=a
15766692	42	RESP=1
15779376	42	STIM=s
15785745	42	RESP=1
15797080	42	STIM=y
15802012	42	RESP=1
15814637	42	STIM=k
15817965	42	RESP=1
15831692	42	STIM=x
15836109	42	RESP=1
15847623	42	STIM=c
15851819	42	RESP=1
15863665	42	STIM=7
15869225	42	RESP=2
15882513	42	STIM=i
15891032	42	RESP=1
15899086	42	STIM=f
15902089	42	RESP=1
15915591	42	STIM=a
15920538	42	RESP=1
15932257	42	STIM=o
15937253	42	RESP=1
15947686	42	STIM=x
15952783	42	RESP=1
15965098	42	STIM=q
15968921	42	RESP=1
15983524	42	STIM=2
15988400	42	RESP=2
16001712	42	STIM=i
16008332	42	RESP=1
16017647	42	STIM=a
16023407	42	RESP=1
16035781	42	STIM=v
16042758	42	RESP=1
16054620	42	STIM=x
16057539	42	RESP=2
16071952	42	STIM=q
16079195	42	RESP=1
16088790	42	STIM=2
16102050	42	RESP=2
16105652	42	STIM=x
16108902	42	RESP=1
16120745	42	STIM=u
16129260	42	RESP=1
16136493	42	STIM=n
16140126	42	RESP=1
16153607	42	STIM=e
16161146	42	RESP=1
16169833	42	STIM=b
16173731	42	RESP=1
16188063	42	STIM=s
16192081	42	RESP=1
16207005	42	STIM=v
16210498	42	RESP=1
16223535	42	STIM=0
16229614	42	RESP=2
16242163	42	STIM=w
16246087	42	RESP=1
16260572	42	STIM=s
16265686	42	RESP=1
16276685	42	STIM=6
16281327	42	RESP=2
16293384	42	STIM=z
16298903	42	RESP=1
16310916	42	STIM=u
16314151	42	RESP=1
16328423	42	STIM=c
16333737	42	RESP=1
16345252	42	STIM=x
16352721	42	RESP=1
16361809	42	STIM=v
16366430	42	RESP=1
16377539	42	STIM=z
16381186	42	RESP=1
16395811	42	STIM=k
16400817	42	RESP=1
16414492	42	STIM=o
16419061	42	RESP=1
16430274	42	STIM=h
16435494	42	RESP=1
16446553	42	STIM=a
16451381	42	RESP=1
16461670	42	STIM=2
16469616	42	RESP=2
16478626	42	STIM=8
16483122	42	RESP=2
16493777	42	STIM=k
16499643	42	RESP=1
16508813	42	STIM=d
16518367	42	RESP=1
16526566	42	STIM=z
16530617	42	RESP=1
16541879	42	STIM=g
16545071	42	RESP=1
16557985	42	STIM=v
16560869	42	RESP=1
16574758	42	STIM=n
16580595	42	RESP=1
16593172	42	STIM=p
16596119	42	RESP=1
16608862	42	STIM=7
16613225	42	RESP=2
16625634	42	STIM=9
16631528	42	RESP=2
16641673	42	STIM=d
16644889	42	RESP=2
16656924	42	STIM=l
16663597	42	RESP=1
16675040	42	STIM=l
16680492	42	RESP=1
16692772	42	STIM=e
16698524	42	RESP=1
16708671	42	STIM=h
16711921	42	RESP=1
16724482	42	STIM=z
16730480	42	RESP=1
16741473	42	STIM=d
16745428	42	RESP=1
16758576	42	STIM=t
16762808	42	RESP=1
16774571	42	STIM=m
16778055	42	RESP=1
16790442	42	STIM=i
16794209	42	RESP=1
16808504	42	STIM=k
16813995	42	RESP=1
16825260	42	STIM=k
16830029	42	RESP=1
16841939	42	STIM=s
16845611	42	RESP=1
16857777	42	STIM=q
16862345	42	RESP=1
16875916	42	STIM=n
16879860	42	RESP=2
16894890	42	STIM=j
16899395	42	RESP=1
16912367	42	STIM=a
16916711	42	RESP=1
16929185	42	STIM=j
16935339	42	RESP=1
16946925	42	STIM=j
16951049	42	RESP=1
16962013	42	STIM=t
16968889	42	RESP=1
16979925	42	STIM=c
16985618	42	RESP=1
16998246	42	STIM=q
17003596	42	RESP=1
17016616	42	STIM=4
17020723	42	RESP=2
17035299	42	STIM=b
17040517	42	RESP=1
17052974	42	STIM=q
17061366	42	RESP=1
17071934	42	STIM=g
17079156	42	RESP=1
17090463	42	STIM=w
17094394	42	RESP=1
17106625	42	STIM=d
17115498	42	RESP=2
17124770	42	STIM=o
17127974	42	RESP=1
17139890	42	STIM=k
17143926	42	RESP=1
17157027	42	STIM=d
17161928	42	RESP=1
17173760	42	STIM=c
17178378	42	RESP=1
17190906	42	STIM=s
17193689	42	RESP=1
17209722	42	STIM=e
17213538	42	RESP=1
17228420	42	STIM=j
17234364	42	RESP=1
17244920	42	STIM=y
17249136	42	RESP=1
17261660	42	STIM=j
17265147	42	RESP=1
17276792	42	STIM=a
17281328	42	RESP=1
17295621	42	STIM=q
17299937	42	RESP=1
17313753	42	STIM=c
17316721	42	RESP=1
17328973	42	STIM=a
17332215	42	RESP=1
17347317	42	STIM=z
17351773	42	RESP=1
17365566	42	STIM=b
17369250	42	RESP=1
17382560	42	STIM=d
17385290	42	RESP=1
17397576	42	STIM=g
17403674	42	RESP=1
17415535	42	STIM=5
17419729	42	RESP=2
17434056	42	STIM=z
17437953	42	RESP=1
17449292	42	STIM=c
17452688	42	RESP=1
17465056	42	STIM=u
17469416	42	RESP=1
17483865	42	STIM=o
17490184	42	RESP=1
17501112	42	STIM=k
17509402	42	RESP=1
17518913	42	STIM=9
17525413	42	RESP=2
17535329	42	STIM=l
17539176	42	RESP=1
17550716	42	STIM=b
17555077	42	RESP=1
17566682	42	STIM=z
17573271	42	RESP=1
17584290	42	STIM=n
17587568	42	RESP=1
17601833	42	STIM=c
17605555	42	RESP=1
17619406	42	STIM=x
17625150	42	RESP=1
17636088	42	STIM=h
17646443	42	RESP=1
17654091	42	STIM=e
17657720	42	RESP=1
17670390	42	STIM=z
17673422	42	RESP=1
17689209	42	STIM=j
17694281	42	RESP=1
17705371	42	STIM=9
17710594	42	RESP=2
17722171	42	STIM=f
17727206	42	RESP=1
17740240	42	STIM=5
17746587	42	RESP=2
17756024	42	STIM=q
17759005	42	RESP=1
17773019	42	STIM=h
17777798	42	RESP=1
17790986	42	STIM=q
17797141	42	RESP=1
17807840	42	STIM=w
17811328	42	RESP=1
17825235	42	STIM=r
17830606	42	RESP=1
17842599	42	STIM=q
17846955	42	RESP=1
17858571	42	STIM=n
17868255	42	RESP=1
17874172	42	STIM=f
17880557	42	RESP=1
17892022	42	STIM=1
17898551	42	RESP=1
17909552	42	STIM=g
17913692	42	RESP=1
17925270	42	STIM=y
17928704	42	RESP=1
17940370	42	STIM=f
17945654	42	RESP=1
17959096	42	STIM=z
17963678	42	RESP=1
17974351	42	STIM=q
17981671	42	RESP=1
17992706	42	STIM=1
17999829	42	RESP=2
18007947	42	STIM=c
18012091	42	RESP=1
18024360	42	STIM=3
18028343	42	RESP=2
18039651	42	STIM=l
18045248	42	RESP=1
18057725	42	STIM=9
18061616	42	RESP=2
18074038	42	STIM=5
18078671	42	RESP=1
18089800	42	STIM=e
18095274	42	RESP=1
18106967	42	STIM=2
18114143	42	RESP=2
18124709	42	STIM=n
18130673	42	RESP=1
18140420	42	STIM=t
18144723	42	RESP=1
18157368	42	STIM=m
18159909	42	RESP=1
18172430	42	STIM=r
18180072	42	RESP=2
18190205	42	STIM=2
18197752	42	RESP=2
18208190	42	STIM=l
18215197	42	RESP=1
18226979	42	STIM=w
18232992	42	RESP=1
18245555	42	STIM=9
18250821	42	RESP=2
18261360	42	STIM=h
18269391	42	RESP=1
18278552	42	STIM=h
18282172	42	RESP=1
18295947	42	STIM=u
18300284	42	RESP=1
18312026	42	STIM=v
18316141	42	RESP=1
18329588	42	STIM=z
18333032	42	RESP=1
18345786	42	STIM=o
18348788	42	RESP=1
18361443	42	STIM=k
18365942	42	RESP=1
18380381	42	STIM=j
18385016	42	RESP=1
18398288	42	STIM=l
18404372	42	RESP=1
18415431	42	STIM=i
18418362	42	RESP=1
18431568	42	STIM=z
18434585	42	RESP=1
18450533	42	STIM=5
18455748	42	RESP=2
18465736	42	STIM=r
18470057	42	RESP=1
18481958	42	STIM=p
18488948	42	RESP=1
18499754	42	STIM=6
18507927	42	RESP=2
18516452	42	STIM=b
18521320	42	RESP=1
18535186	42	STIM=4
18542799	42	RESP=2
18554076	42	STIM=h
18559283	42	RESP=1
18570022	42	STIM=m
18577354	42	RESP=1
18585499	42	STIM=2
18593202	42	RESP=2
18601854	42	STIM=b
18604359	42	RESP=1
18617902	42	STIM=x
18622632	42	RESP=1
18635247	42	STIM=g
18646466	42	RESP=1
18650250	42	STIM=c
18655424	42	RESP=1
18666711	42	STIM=b
18671364	42	RESP=1
18684101	42	STIM=4
18690781	42	RESP=1
18703047	42	STIM=k
18708648	42	RESP=1
18719206	42	STIM=v
18725595	42	RESP=1
18737048	42	STIM=i
18741957	42	RESP=1
18753776	42	STIM=3
18760911	42	RESP=2
18771629	42	STIM=a
18776865	42	RESP=1
18790469	42	STIM=v
18793395	42	RESP=1
18805939	42	STIM=n
18809268	42	RESP=1
18824754	42	STIM=r
18827533	42	RESP=1
18842978	42	STIM=0
18848303	42	RESP=2
18861501	42	STIM=q
18865769	42	RESP=1
18876854	42	STIM=8
18885863	42	RESP=2
18892468	42	STIM=e
18895785	42	RESP=1
18910572	42	STIM=y
18917599	42	RESP=1
18927645	42	STIM=p
18934935	42	RESP=1
18944543	42	STIM=r
18950400	42	RESP=1
18961478	42	STIM=u
18965667	42	RESP=1
18978566	42	STIM=l
18984445	42	RESP=1
18994512	42	STIM=g
18999606	42	RESP=1
19010590	42	STIM=b
19016450	42	RESP=1
19027908	42	STIM=9
19033159	42	RESP=1
19045891	42	STIM=l
19050024	42	RESP=1
19064584	42	STIM=g
19069445	42	RESP=1
19080720	42	STIM=c
19085023	42	RESP=1
19097747	42	STIM=k
19101794	42	RESP=1
19113696	42	STIM=s
19117759	42	RESP=1
19129052	42	STIM=t
19133370	42	RESP=1
19144182	42	STIM=p
19147409	42	RESP=1
19162552	42	STIM=7
19167274	42	RESP=2
19179909	42	STIM=c
19182580	42	RESP=1
19198786	42	STIM=e
19201438	42	RESP=1
19214432	42	STIM=8
19219902	42	RESP=1
19231612	42	STIM=j
19235148	42	RESP=1
19246783	42	STIM=e
19249378	42	RESP=1
19262086	42	STIM=g
19266713	42	RESP=1
19278200	42	STIM=n
19283922	42	RESP=1
19297102	42	STIM=c
19300949	42	RESP=1
19313313	42	STIM=z
19319441	42	RESP=1
19329944	42	STIM=n
19334142	42	RESP=1
19345964	42	STIM=2
19353315	42	RESP=2
19363292	42	STIM=q
19366788	42	RESP=1
19380292	42	STIM=3
19385103	42	RESP=2
19398726	42	STIM=h
19402150	42	RESP=1
19417556	42	STIM=t
19420143	42	RESP=1
19433255	42	STIM=1
19439933	42	RESP=2
19451006	42	STIM=y
19456465	42	RESP=1
19466099	42	STIM=q
19469210	42	RESP=1
19482453	42	STIM=n
19486448	42	RESP=1
19499965	42	STIM=0
19505087	42	RESP=2
19518413	42	STIM=i
19526186	42	RESP=1
19536082	42	STIM=o
19543149	42	RESP=1
19551179	42	STIM=8
19555763	42	RESP=2
19567113	42	STIM=g
19572213	42	RESP=1
19584855	42	STIM=e
19590143	42	RESP=1
19603008	42	STIM=3
19607149	42	RESP=2
19619870	42	STIM=w
19622880	42	RESP=1
19638305	42	STIM=7
19643528	42	RESP=2
19654801	42	STIM=u
19658538	42	RESP=1
19672022	42	STIM=o
19676954	42	RESP=1
19690623	42	STIM=5
19694025	42	RESP=1
19708531	42	STIM=h
19713796	42	RESP=1
19725841	42	STIM=m
19731188	42	RESP=1
19741621	42	STIM=k
19748716	42	RESP=1
19757572	42	STIM=w
19760655	42	RESP=1
19772777	42	STIM=p
19778437	42	RESP=1
19789756	42	STIM=s
19795960	42	RESP=1
19808653	42	STIM=s
19813726	42	RESP=1
19824733	42	STIM=h
19828676	42	RESP=1
19842151	42	STIM=f
19847488	42	RESP=1
19859972	42	STIM=e
19862796	42	RESP=1
19878467	42	STIM=i
19882952	42	RESP=1
19897063	42	STIM=z
19900394	42	RESP=1
19915915	42	STIM=e
19920654	42	RESP=1
19934202	42	STIM=v
19939216	42	RESP=1
19949997	42	STIM=u
19953678	42	RESP=1
19967805	42	STIM=8
19972632	42	RESP=2
19986126	42	STIM=6
19991110	42	RESP=2
20001781	42	STIM=g
20005948	42	RESP=1
20019512	42	STIM=y
20024858	42	RESP=1
20036429	42	STIM=7
20041418	42	RESP=2
20052538	42	STIM=y
20057528	42	RESP=1
20067562	42	STIM=v
20070342	42	RESP=1
20085335	42	STIM=0
20090135	42	RESP=2
20102754	42	STIM=t
20108349	42	RESP=1
20120686	42	STIM=3
20124847	42	RESP=2
20136848	42	STIM=u
20142647	42	RESP=1
20155699	42	STIM=f
20158872	42	RESP=1
20174063	42	STIM=c
20177025	42	RESP=1
20192294	42	STIM=p
20196009	42	RESP=1
20210592	42	STIM=a
20213710	42	RESP=1
20228984	42	STIM=r
20232328	42	RESP=1
20247141	42	STIM=4
20253302	42	RESP=2
20262822	42	STIM=s
20268620	42	RESP=1
20280462	42	STIM=m
20284407	42	RESP=1
20297450	42	STIM=d
20302702	42	RESP=1
20316127	42	STIM=m
20319811	42	RESP=1
20332280	42	STIM=u
20337798	42	RESP=1
20351187	42	STIM=z
20355697	42	RESP=1
20369487	42	STIM=1
20376218	42	RESP=2
20384945	42	STIM=p
20391089	42	RESP=1
20403822	42	STIM=g
20408009	42	RESP=1
20420118	42	STIM=d
20424921	42	RESP=1
20436456	42	STIM=q
20440675	42	RESP=1
20451966	42	STIM=v
20454646	42	RESP=1
20468216	42	STIM=b
20473800	42	RESP=1
20486157	42	STIM=g
20489767	42	RESP=1
20502771	42	STIM=7
20507178	42	RESP=2
20520580	42	STIM=i
20525425	42	RESP=1
20536452	42	STIM=c
20541776	42	RESP=1
20552849	42	STIM=h
20555816	42	RESP=2
20568136	42	STIM=4
20574800	42	RESP=2
20585781	42	STIM=j
20590037	42	RESP=2
20603275	42	STIM=r
20608426	42	RESP=1
20618568	42	STIM=w
20623088	42	RESP=1
20634810	42	STIM=m
20640575	42	RESP=1
20650062	42	STIM=b
20654402	42	RESP=1
20665881	42	STIM=f
20675054	42	RESP=1
20682321	42	STIM=h
20687446	42	RESP=1
20700412	42	STIM=7
20705937	42	RESP=2
20718176	42	STIM=l
20721664	42	RESP=1
20734763	42	STIM=e
20740258	42	RESP=1
20750198	42	STIM=r
20755539	42	RESP=1
20765656	42	STIM=5
20773861	42	RESP=2
20780971	42	STIM=n
20788143	42	RESP=1
20798749	42	STIM=d
20802168	42	RESP=1
20814619	42	STIM=w
20819109	42	RESP=1
20830975	42	STIM=a
20834383	42	RESP=1
20848298	42	STIM=k
20853587	42	RESP=1
20863713	42	STIM=k
20867761	42	RESP=1
20882182	42	STIM=b
20890041	42	RESP=1
20897860	42	STIM=s
20901587	42	RESP=1
20916848	42	STIM=q
20924805	42	RESP=1
20935402	42	STIM=o
20942087	42	RESP=1
20951917	42	STIM=m
20955912	42	RESP=1
20968073	42	STIM=r
20980205	42	RESP=1
20985568	42	STIM=h
20991409	42	RESP=1
21002483	42	STIM=0
21009589	42	RESP=2
21017827	42	STIM=p
21023296	42	RESP=1
21036355	42	STIM=y
21042668	42	RESP=1
21051609	42	STIM=b
21055627	42	RESP=1
21068244	42	STIM=e
21074017	42	RESP=1
21084084	42	STIM=o
21087677	42	RESP=1
21101402	42	STIM=4
21106436	42	RESP=2
21119378	42	STIM=j
21123506	42	RESP=1
21134468	42	STIM=u
21138416	42	RESP=1
21149814	42	STIM=c
21153831	42	RESP=1
21166153	42	STIM=c
21170142	42	RESP=1
21181834	42	STIM=p
21184986	42	RESP=1
21199431	42	STIM=q
21206557	42	RESP=1
21217560	42	STIM=k
21220585	42	RESP=1
21235322	42	STIM=7
21241182	42	RESP=2
21251312	42	STIM=b
21257466	42	RESP=1
21268615	42	STIM=s
21274194	42	RESP=1
21285587	42	STIM=p
21289425	42	RESP=1
21302821	42	STIM=h
21309454	42	RESP=1
21318973	42	STIM=v
21325371	42	RESP=1
21336228	42	STIM=6
21340008	42	RESP=2
21353114	42	STIM=9
21360857	42	RESP=1
21368301	42	STIM=g
21372561	42	RESP=1
21384154	42	STIM=6
21388388	42	RESP=1
21402748	42	STIM=x
21406475	42	RESP=1
21420764	42	STIM=u
21424276	42	RESP=1
21438979	42	STIM=1
21449408	42	RESP=2
21457025	42	STIM=j
21461544	42	RESP=2
21475892	42	STIM=3
21480362	42	RESP=1
21491101	42	STIM=f
21494518	42	RESP=1
21506514	42	STIM=a
21510561	42	RESP=1
21524393	42	STIM=1
21529430	42	RESP=2
21539675	42	STIM=u
21546931	42	RESP=1
21557103	42	STIM=d
21560434	42	RESP=1
21572463	42	STIM=g
21577348	42	RESP=1
21590091	42	STIM=s
21595455	42	RESP=1
21608523	42	STIM=o
21613104	42	RESP=1
21625080	42	STIM=z
21629113	42	RESP=1
21643861	42	STIM=x
21649945	42	RESP=1
21658960	42	STIM=v
21662630	42	RESP=1
21674934	42	STIM=n
21680530	42	RESP=1
21693154	42	STIM=g
21698564	42	RESP=1
21710679	42	STIM=w
21716508	42	RESP=1
21729171	42	STIM=d
21733862	42	RESP=1
21745760	42	STIM=n
21751262	42	RESP=1
21763057	42	STIM=z
21769015	42	RESP=1
21779153	42	STIM=a
21783122	42	RESP=1
21796594	42	STIM=t
21801703	42	RESP=1
