# Original filename: 0016_UBG_2016-10-12.log
# Time unit: 100 us
# RARECAT=digit
#
# Time	HHGG	Event
30335	42	STIM=y
35117	42	RESP=1
47771	42	STIM=m
51010	42	RESP=1
64411	42	STIM=i
68718	42	RESP=1
82638	42	STIM=k
86527	42	RESP=1
98017	42	STIM=n
103467	42	RESP=1
114707	42	STIM=3
118604	42	RESP=1
131795	42	STIM=2
140956	42	RESP=2
148109	42	STIM=s
151038	42	RESP=1
166167	42	STIM=y
169712	42	RESP=1
184167	42	STIM=r
189560	42	RESP=1
200781	42	STIM=z
205538	42	RESP=1
217006	42	STIM=f
223113	42	RESP=1
232829	42	STIM=c
237499	42	RESP=1
248017	42	STIM=y
252819	42	RESP=1
266204	42	STIM=d
274070	42	RESP=1
282156	42	STIM=a
288666	42	RESP=1
300588	42	STIM=d
304912	42	RESP=1
319241	42	STIM=z
324073	42	RESP=1
335964	42	STIM=8
341607	42	RESP=2
353516	42	STIM=i
361327	42	RESP=1
370698	42	STIM=p
376195	42	RESP=1
387129	42	STIM=7
393316	42	RESP=2
405553	42	STIM=6
410689	42	RESP=1
421857	42	STIM=5
428043	42	RESP=2
440629	42	STIM=1
448927	42	RESP=2
458529	42	STIM=h
463340	42	RESP=1
474016	42	STIM=f
476900	42	RESP=1
491728	42	STIM=l
504410	42	RESP=1
509419	42	STIM=w
516676	42	RESP=1
525250	42	STIM=a
528713	42	RESP=1
540875	42	STIM=f
544246	42	RESP=1
556749	42	STIM=d
561339	42	RESP=1
574663	42	STIM=e
578395	42	RESP=1
590269	42	STIM=1
598947	42	RESP=2
606745	42	STIM=d
617179	42	RESP=1
624521	42	STIM=r
627552	42	RESP=1
640179	42	STIM=v
646596	42	RESP=1
658217	42	STIM=r
662466	42	RESP=1
676066	42	STIM=o
679776	42	RESP=1
691504	42	STIM=w
696239	42	RESP=1
707702	42	STIM=h
712638	42	RESP=1
725595	42	STIM=h
731919	42	RESP=1
743964	42	STIM=d
749478	42	RESP=1
761363	42	STIM=0
766534	42	RESP=2
776964	42	STIM=e
783075	42	RESP=1
793187	42	STIM=j
796256	42	RESP=1
809629	42	STIM=m
817748	42	RESP=1
826377	42	STIM=e
832174	42	RESP=1
843785	42	STIM=1
848454	42	RESP=2
861864	42	STIM=3
868830	42	RESP=2
879336	42	STIM=y
883736	42	RESP=1
894613	42	STIM=a
899122	42	RESP=1
912309	42	STIM=d
917304	42	RESP=1
930888	42	STIM=g
936732	42	RESP=1
947830	42	STIM=z
951958	42	RESP=1
964569	42	STIM=f
968756	42	RESP=1
982053	42	STIM=4
986553	42	RESP=2
1000574	42	STIM=7
1008677	42	RESP=2
1016681	42	STIM=u
1024155	42	RESP=1
1033506	42	STIM=9
1039920	42	RESP=2
1050529	42	STIM=2
1059884	42	RESP=1
1066506	42	STIM=k
1069997	42	RESP=1
1082944	42	STIM=0
1091390	42	RESP=1
1098641	42	STIM=h
1102597	42	RESP=1
1114877	42	STIM=5
1121718	42	RESP=2
1130881	42	STIM=v
1137084	42	RESP=1
1146205	42	STIM=k
1154932	42	RESP=1
1164477	42	STIM=u
1174044	42	RESP=1
1180820	42	STIM=g
1183549	42	RESP=2
1199723	42	STIM=r
1204123	42	RESP=1
1215942	42	STIM=9
1221996	42	RESP=2
1234289	42	STIM=x
1238786	42	RESP=1
1252676	42	STIM=o
1259778	42	RESP=1
1268921	42	STIM=v
1275532	42	RESP=1
1284672	42	STIM=o
1289056	42	RESP=1
1301728	42	STIM=g
1304710	42	RESP=1
1317959	42	STIM=l
1324567	42	RESP=1
1333202	42	STIM=o
1341165	42	RESP=1
1349671	42	STIM=e
1356225	42	RESP=1
1365373	42	STIM=1
1378125	42	RESP=2
1382537	42	STIM=s
1389031	42	RESP=1
1400312	42	STIM=p
1405117	42	RESP=1
1415986	42	STIM=t
1420980	42	RESP=1
1434018	42	STIM=2
1440620	42	RESP=2
1451732	42	STIM=x
1455261	42	RESP=1
1470150	42	STIM=o
1475606	42	RESP=1
1486171	42	STIM=y
1492986	42	RESP=1
1504670	42	STIM=v
1519131	42	RESP=1
1519950	42	STIM=y
1525811	42	RESP=1
1536198	42	STIM=y
1541160	42	RESP=1
1551717	42	STIM=q
1558265	42	RESP=1
1567532	42	STIM=t
1571612	42	RESP=1
1585884	42	STIM=s
1595778	42	RESP=1
1603705	42	STIM=r
1609082	42	RESP=1
1619077	42	STIM=8
1623253	42	RESP=2
1636499	42	STIM=6
1644414	42	RESP=2
1655200	42	STIM=f
1668356	42	RESP=1
1673549	42	STIM=t
1677135	42	RESP=1
1690508	42	STIM=s
1697556	42	RESP=1
1707837	42	STIM=9
1715517	42	RESP=2
1725196	42	STIM=9
1729204	42	RESP=2
1743861	42	STIM=x
1754751	42	RESP=1
1759265	42	STIM=l
1764647	42	RESP=1
1776063	42	STIM=t
1781170	42	RESP=1
1794856	42	STIM=v
1800887	42	RESP=1
1810722	42	STIM=z
1819824	42	RESP=1
1827527	42	STIM=w
1833885	42	RESP=1
1843554	42	STIM=1
1853716	42	RESP=2
1859017	42	STIM=3
1867200	42	RESP=2
1877245	42	STIM=s
1890843	42	RESP=1
1892721	42	STIM=w
1898417	42	RESP=1
1908658	42	STIM=m
1912811	42	RESP=1
1923898	42	STIM=r
1929866	42	RESP=1
1940460	42	STIM=h
1946240	42	RESP=1
1955555	42	STIM=7
1961305	42	RESP=2
1973762	42	STIM=9
1980398	42	RESP=2
1989496	42	STIM=j
1994798	42	RESP=2
2005807	42	STIM=y
2010193	42	RESP=1
2023502	42	STIM=w
2029092	42	RESP=1
2040598	42	STIM=c
2051259	42	RESP=1
2056443	42	STIM=k
2061865	42	RESP=1
2072834	42	STIM=s
2077424	42	RESP=1
2089435	42	STIM=4
2097449	42	RESP=2
2106934	42	STIM=x
2114372	42	RESP=1
2122530	42	STIM=b
2127840	42	RESP=1
2138384	42	STIM=8
2145235	42	RESP=2
2155593	42	STIM=h
2161415	42	RESP=1
2173770	42	STIM=d
2181785	42	RESP=1
2192215	42	STIM=b
2196193	42	RESP=1
2209124	42	STIM=w
2215141	42	RESP=1
2227273	42	STIM=g
2230689	42	RESP=1
2245244	42	STIM=i
2251886	42	RESP=1
2260525	42	STIM=9
2267084	42	RESP=2
2277645	42	STIM=y
2280820	42	RESP=1
2292715	42	STIM=k
2296506	42	RESP=1
2311360	42	STIM=f
2315630	42	RESP=1
2328118	42	STIM=l
2333664	42	RESP=2
2347052	42	STIM=f
2351488	42	RESP=1
2364356	42	STIM=c
2369788	42	RESP=2
2379748	42	STIM=k
2384930	42	RESP=1
2397700	42	STIM=6
2402839	42	RESP=2
2414687	42	STIM=w
2421329	42	RESP=1
2432294	42	STIM=c
2442125	42	RESP=1
2451059	42	STIM=h
2453969	42	RESP=1
2468319	42	STIM=i
2472386	42	RESP=1
2486816	42	STIM=6
2491101	42	RESP=2
2501934	42	STIM=p
2510758	42	RESP=1
2520751	42	STIM=i
2529144	42	RESP=1
2538200	42	STIM=s
2543287	42	RESP=1
2556721	42	STIM=t
2562766	42	RESP=1
2571936	42	STIM=x
2578202	42	RESP=1
2590773	42	STIM=7
2598169	42	RESP=2
2609103	42	STIM=p
2615931	42	RESP=1
2625993	42	STIM=p
2633812	42	RESP=1
2642807	42	STIM=m
2649871	42	RESP=1
2657829	42	STIM=g
2662486	42	RESP=1
2672951	42	STIM=a
2677720	42	RESP=1
2691075	42	STIM=x
2694796	42	RESP=1
2709539	42	STIM=c
2717278	42	RESP=1
2727873	42	STIM=s
2732575	42	RESP=1
2744757	42	STIM=j
2751182	42	RESP=2
2761627	42	STIM=c
2765563	42	RESP=1
2776730	42	STIM=f
2781412	42	RESP=1
2793390	42	STIM=k
2797650	42	RESP=1
2809144	42	STIM=a
2819920	42	RESP=1
2826968	42	STIM=7
2833045	42	RESP=2
2843822	42	STIM=r
2851560	42	RESP=1
2860474	42	STIM=b
2866748	42	RESP=1
2876048	42	STIM=n
2884656	42	RESP=1
2894416	42	STIM=m
2899910	42	RESP=1
2910199	42	STIM=7
2914756	42	RESP=2
2928124	42	STIM=e
2932288	42	RESP=1
2945989	42	STIM=r
2951247	42	RESP=1
2964295	42	STIM=b
2967265	42	RESP=1
2983126	42	STIM=o
2988432	42	RESP=1
3000109	42	STIM=n
3003929	42	RESP=1
3018554	42	STIM=e
3027190	42	RESP=1
3037205	42	STIM=b
3040877	42	RESP=1
3055394	42	STIM=6
3061386	42	RESP=2
3072246	42	STIM=s
3083224	42	RESP=1
3089640	42	STIM=d
3094855	42	RESP=2
3105669	42	STIM=8
3112090	42	RESP=2
3121251	42	STIM=v
3127820	42	RESP=1
3140145	42	STIM=9
3147438	42	RESP=1
3155318	42	STIM=8
3166428	42	RESP=2
3174293	42	STIM=a
3178638	42	RESP=1
3190959	42	STIM=r
3197792	42	RESP=1
3209713	42	STIM=j
3212948	42	RESP=1
3227610	42	STIM=j
3232925	42	RESP=1
3245862	42	STIM=7
3251943	42	RESP=2
3261090	42	STIM=2
3265937	42	RESP=2
3277005	42	STIM=n
3280454	42	RESP=1
3295957	42	STIM=d
3300320	42	RESP=1
3312809	42	STIM=x
3319486	42	RESP=1
3327854	42	STIM=x
3334414	42	RESP=1
3343987	42	STIM=p
3349714	42	RESP=1
3361896	42	STIM=7
3366401	42	RESP=2
3380058	42	STIM=s
3384748	42	RESP=1
3395596	42	STIM=o
3402955	42	RESP=1
3411023	42	STIM=4
3416721	42	RESP=2
3429798	42	STIM=p
3433720	42	RESP=1
3446776	42	STIM=a
3451228	42	RESP=1
3464170	42	STIM=9
3468678	42	RESP=1
3481972	42	STIM=x
3486177	42	RESP=1
3498206	42	STIM=t
3501920	42	RESP=1
3516441	42	STIM=p
3519364	42	RESP=1
3533308	42	STIM=f
3537057	42	RESP=1
3551211	42	STIM=t
3555924	42	RESP=1
3566478	42	STIM=2
3572517	42	RESP=2
3582682	42	STIM=m
3590686	42	RESP=1
3600474	42	STIM=m
3605704	42	RESP=1
3617857	42	STIM=p
3624895	42	RESP=1
3633425	42	STIM=4
3640937	42	RESP=2
3652193	42	STIM=r
3657037	42	RESP=1
3668144	42	STIM=7
3676447	42	RESP=2
3685322	42	STIM=e
3688842	42	RESP=1
3704240	42	STIM=c
3706782	42	RESP=1
3723205	42	STIM=a
3726742	42	RESP=1
3742007	42	STIM=t
3752250	42	RESP=1
3758314	42	STIM=e
3763447	42	RESP=1
3775097	42	STIM=j
3779613	42	RESP=1
3792166	42	STIM=2
3798164	42	RESP=2
3809166	42	STIM=q
3814837	42	RESP=1
3827379	42	STIM=r
3832637	42	RESP=1
3845869	42	STIM=r
3853362	42	RESP=1
3861060	42	STIM=w
3870533	42	RESP=1
3879823	42	STIM=k
3884382	42	RESP=1
3896864	42	STIM=i
3899859	42	RESP=1
3914969	42	STIM=9
3921029	42	RESP=1
3932750	42	STIM=1
3943157	42	RESP=2
3949305	42	STIM=5
3956501	42	RESP=2
3967922	42	STIM=c
3972701	42	RESP=1
3986148	42	STIM=o
3989308	42	RESP=1
4003554	42	STIM=6
4010551	42	RESP=2
4020734	42	STIM=a
4024828	42	RESP=1
4039368	42	STIM=o
4045611	42	RESP=1
4056123	42	STIM=e
4067394	42	RESP=1
4071716	42	STIM=v
4075348	42	RESP=1
4088937	42	STIM=q
4094020	42	RESP=1
4107439	42	STIM=1
4116168	42	RESP=2
4125368	42	STIM=v
4137448	42	RESP=1
4140462	42	STIM=a
4151107	42	RESP=1
4158490	42	STIM=4
4163335	42	RESP=2
4176958	42	STIM=l
4183018	42	RESP=1
4192908	42	STIM=s
4199701	42	RESP=1
4208535	42	STIM=7
4215047	42	RESP=2
4225212	42	STIM=w
4233256	42	RESP=1
4242929	42	STIM=u
4246506	42	RESP=1
4259139	42	STIM=t
4264685	42	RESP=2
4275989	42	STIM=z
4283674	42	RESP=1
4292921	42	STIM=8
4298376	42	RESP=2
4308231	42	STIM=v
4313401	42	RESP=1
4326175	42	STIM=x
4332269	42	RESP=1
4345081	42	STIM=z
4353009	42	RESP=1
4361352	42	STIM=n
4368377	42	RESP=1
4380222	42	STIM=u
4385283	42	RESP=1
4396367	42	STIM=1
4401023	42	RESP=2
4414055	42	STIM=h
4423683	42	RESP=1
4430208	42	STIM=g
4435194	42	RESP=1
4446558	42	STIM=g
4451353	42	RESP=1
4462595	42	STIM=d
4469009	42	RESP=1
4478709	42	STIM=0
4484980	42	RESP=2
4496931	42	STIM=i
4503868	42	RESP=1
4513351	42	STIM=i
4519258	42	RESP=1
4530221	42	STIM=n
4535539	42	RESP=1
4548108	42	STIM=i
4552442	42	RESP=1
4563145	42	STIM=a
4566831	42	RESP=1
4581049	42	STIM=s
4585907	42	RESP=2
4596337	42	STIM=m
4600482	42	RESP=1
4612688	42	STIM=g
4616899	42	RESP=1
4630973	42	STIM=2
4636546	42	RESP=1
4649509	42	STIM=y
4654657	42	RESP=1
4667158	42	STIM=b
4670615	42	RESP=1
4685466	42	STIM=g
4695021	42	RESP=1
4702656	42	STIM=f
4706364	42	RESP=1
4718878	42	STIM=k
4722490	42	RESP=1
4735702	42	STIM=g
4742746	42	RESP=1
4753234	42	STIM=l
4758004	42	RESP=1
4770349	42	STIM=s
4786681	42	RESP=1
4786781	42	STIM=9
4796079	42	RESP=2
4804600	42	STIM=h
4815297	42	RESP=1
4822138	42	STIM=l
4826854	42	RESP=1
4838590	42	STIM=v
4844296	42	RESP=1
4855983	42	STIM=o
4860706	42	RESP=1
4871864	42	STIM=o
4878043	42	RESP=1
4889588	42	STIM=r
4901835	42	RESP=1
4905070	42	STIM=b
4910279	42	RESP=1
4921692	42	STIM=c
4926318	42	RESP=1
4937190	42	STIM=f
4943445	42	RESP=1
4955145	42	STIM=3
4960866	42	RESP=2
4973531	42	STIM=8
4980700	42	RESP=2
4991595	42	STIM=2
4996853	42	RESP=2
5010363	42	STIM=m
5016992	42	RESP=2
5025386	42	STIM=c
5032613	42	RESP=1
5042331	42	STIM=t
5048685	42	RESP=1
5059784	42	STIM=8
5065911	42	RESP=2
5078742	42	STIM=z
5084300	42	RESP=1
5093846	42	STIM=k
5102439	42	RESP=1
5109636	42	STIM=f
5121358	42	RESP=1
5127556	42	STIM=e
5133214	42	RESP=1
5144475	42	STIM=j
5150046	42	RESP=1
5160177	42	STIM=i
5166330	42	RESP=1
5175486	42	STIM=q
5180190	42	RESP=1
5190790	42	STIM=o
5194679	42	RESP=1
5208353	42	STIM=4
5214779	42	RESP=2
5225867	42	STIM=h
5233313	42	RESP=1
5243314	42	STIM=3
5248695	42	RESP=2
5261156	42	STIM=k
5267130	42	RESP=1
5279204	42	STIM=y
5288055	42	RESP=1
5296973	42	STIM=x
5304754	42	RESP=1
5315713	42	STIM=e
5322549	42	RESP=1
5331969	42	STIM=p
5337312	42	RESP=1
5349626	42	STIM=i
5356326	42	RESP=1
5364846	42	STIM=c
5368866	42	RESP=1
5382474	42	STIM=4
5388167	42	RESP=2
5401092	42	STIM=z
5405091	42	RESP=1
5417902	42	STIM=x
5428241	42	RESP=1
5434006	42	STIM=f
5437648	42	RESP=1
5451187	42	STIM=t
5454296	42	RESP=1
5466922	42	STIM=y
5475030	42	RESP=1
5484724	42	STIM=q
5493358	42	RESP=1
5503534	42	STIM=t
5510017	42	RESP=1
5518544	42	STIM=e
5524445	42	RESP=1
5537222	42	STIM=0
5542420	42	RESP=1
5555322	42	STIM=v
5560043	42	RESP=1
5570983	42	STIM=q
5580760	42	RESP=1
5586998	42	STIM=c
5592892	42	RESP=1
5603576	42	STIM=f
5610534	42	RESP=1
5619883	42	STIM=g
5625328	42	RESP=1
5635135	42	STIM=u
5641557	42	RESP=2
5651108	42	STIM=d
5659308	42	RESP=1
5668355	42	STIM=y
5677400	42	RESP=2
5684969	42	STIM=l
5695033	42	RESP=1
5701544	42	STIM=w
5709090	42	RESP=1
5718476	42	STIM=c
5724404	42	RESP=1
5735849	42	STIM=w
5743955	42	RESP=1
5750993	42	STIM=f
5760233	42	RESP=1
5767187	42	STIM=y
5771387	42	RESP=1
5783667	42	STIM=6
5792706	42	RESP=2
5799521	42	STIM=e
5806528	42	RESP=1
5818026	42	STIM=b
5824092	42	RESP=1
5836165	42	STIM=w
5841183	42	RESP=1
5853776	42	STIM=y
5864944	42	RESP=1
5870192	42	STIM=e
5875390	42	RESP=1
5888732	42	STIM=m
5892304	42	RESP=1
5907626	42	STIM=j
5914725	42	RESP=1
5923257	42	STIM=a
5928663	42	RESP=1
5939033	42	STIM=k
5944482	42	RESP=1
5954237	42	STIM=t
5957813	42	RESP=1
5970758	42	STIM=n
5976825	42	RESP=1
5987783	42	STIM=z
5996444	42	RESP=1
6006716	42	STIM=8
6015531	42	RESP=2
6023467	42	STIM=c
6032610	42	RESP=1
6040151	42	STIM=w
6043595	42	RESP=1
6059088	42	STIM=w
6062509	42	RESP=1
6074765	42	STIM=5
6081649	42	RESP=2
6089875	42	STIM=2
6095572	42	RESP=2
6106300	42	STIM=e
6109377	42	RESP=1
6122680	42	STIM=w
6131243	42	RESP=1
6140752	42	STIM=a
6148301	42	RESP=1
6156161	42	STIM=w
6160989	42	RESP=1
6175048	42	STIM=q
6180151	42	RESP=1
6190514	42	STIM=k
6196001	42	RESP=1
6206991	42	STIM=g
6210213	42	RESP=1
6223732	42	STIM=8
6229744	42	RESP=2
6241967	42	STIM=6
6247734	42	RESP=2
6260905	42	STIM=n
6266886	42	RESP=1
6279214	42	STIM=n
6282614	42	RESP=1
6294650	42	STIM=b
6302567	42	RESP=1
6312416	42	STIM=k
6317777	42	RESP=2
6329403	42	STIM=7
6336362	42	RESP=2
6347367	42	STIM=n
6350414	42	RESP=1
6363710	42	STIM=6
6376234	42	RESP=2
6381502	42	STIM=4
6390620	42	RESP=2
6399201	42	STIM=3
6404195	42	RESP=1
6415218	42	STIM=0
6423679	42	RESP=2
6431381	42	STIM=e
6437295	42	RESP=1
6447455	42	STIM=r
6451341	42	RESP=2
6465426	42	STIM=c
6472123	42	RESP=1
6484308	42	STIM=f
6490840	42	RESP=1
6501822	42	STIM=c
6506513	42	RESP=1
6518910	42	STIM=8
6525298	42	RESP=2
6537237	42	STIM=1
6545484	42	RESP=2
6555528	42	STIM=p
6561418	42	RESP=1
6573816	42	STIM=p
6579241	42	RESP=1
6592806	42	STIM=r
6596308	42	RESP=1
6609277	42	STIM=l
6614516	42	RESP=1
6626451	42	STIM=s
6633519	42	RESP=1
6643589	42	STIM=l
6652075	42	RESP=1
6660549	42	STIM=m
6664668	42	RESP=1
6678365	42	STIM=y
6684562	42	RESP=1
6693466	42	STIM=j
6700682	42	RESP=1
6710086	42	STIM=2
6716033	42	RESP=1
6726636	42	STIM=w
6730593	42	RESP=1
6742746	42	STIM=a
6747634	42	RESP=1
6761634	42	STIM=i
6769489	42	RESP=1
6776722	42	STIM=v
6783247	42	RESP=1
6791966	42	STIM=b
6797720	42	RESP=1
6809109	42	STIM=s
6816224	42	RESP=1
6824970	42	STIM=0
6830452	42	RESP=2
6843932	42	STIM=x
6851347	42	RESP=1
6862815	42	STIM=e
6866874	42	RESP=1
6881499	42	STIM=d
6886180	42	RESP=1
6897679	42	STIM=z
6902628	42	RESP=1
6914682	42	STIM=w
6918444	42	RESP=1
6929843	42	STIM=v
6937149	42	RESP=2
6948344	42	STIM=8
6957276	42	RESP=1
6965684	42	STIM=t
6973528	42	RESP=1
6982457	42	STIM=t
6985744	42	RESP=1
7000376	42	STIM=w
7004764	42	RESP=1
7017680	42	STIM=z
7025542	42	RESP=1
7036304	42	STIM=z
7041941	42	RESP=1
7052777	42	STIM=p
7058913	42	RESP=1
7070497	42	STIM=m
7076125	42	RESP=1
7085985	42	STIM=l
7090080	42	RESP=1
7104769	42	STIM=t
7116757	42	RESP=1
7123296	42	STIM=d
7128218	42	RESP=1
7139727	42	STIM=4
7147717	42	RESP=2
7158589	42	STIM=1
7169138	42	RESP=2
7177289	42	STIM=g
7181724	42	RESP=1
7194052	42	STIM=a
7203737	42	RESP=1
7211975	42	STIM=4
7216049	42	RESP=2
7227890	42	STIM=2
7236083	42	RESP=2
7245923	42	STIM=l
7252782	42	RESP=1
7264592	42	STIM=q
7268942	42	RESP=1
7282971	42	STIM=j
7286822	42	RESP=2
7298120	42	STIM=a
7306347	42	RESP=1
7313186	42	STIM=d
7318417	42	RESP=1
7331188	42	STIM=j
7335447	42	RESP=1
7349048	42	STIM=o
7357854	42	RESP=1
7365389	42	STIM=7
7375619	42	RESP=2
7384227	42	STIM=6
7391809	42	RESP=2
7401786	42	STIM=o
7406560	42	RESP=1
7418544	42	STIM=h
7424001	42	RESP=1
7434087	42	STIM=k
7441216	42	RESP=1
7451670	42	STIM=c
7457816	42	RESP=1
7469759	42	STIM=0
7475954	42	RESP=2
7487490	42	STIM=g
7492130	42	RESP=1
7506213	42	STIM=w
7512894	42	RESP=1
7523819	42	STIM=g
7527376	42	RESP=2
7542593	42	STIM=w
7545380	42	RESP=1
7559310	42	STIM=8
7568469	42	RESP=1
7575946	42	STIM=i
7582537	42	RESP=1
7592723	42	STIM=o
7602085	42	RESP=1
7608116	42	STIM=r
7610769	42	RESP=1
7624941	42	STIM=e
7631034	42	RESP=1
7643319	42	STIM=i
7646645	42	RESP=1
7660535	42	STIM=w
7665945	42	RESP=1
7679355	42	STIM=f
7683930	42	RESP=1
7698071	42	STIM=k
7706611	42	RESP=1
7715840	42	STIM=a
7719787	42	RESP=1
7733003	42	STIM=7
7738863	42	RESP=2
7749912	42	STIM=n
7754149	42	RESP=1
7765474	42	STIM=p
7774343	42	RESP=2
7781792	42	STIM=u
7787668	42	RESP=1
7798995	42	STIM=t
7805219	42	RESP=1
7816166	42	STIM=9
7826230	42	RESP=2
7832876	42	STIM=l
7837745	42	RESP=2
7848139	42	STIM=b
7852158	42	RESP=1
7863857	42	STIM=5
7869972	42	RESP=2
7882454	42	STIM=w
7889147	42	RESP=1
7898816	42	STIM=f
7906594	42	RESP=2
7915000	42	STIM=h
7918777	42	RESP=1
7930754	42	STIM=e
7935349	42	RESP=1
7948629	42	STIM=j
7951212	42	RESP=1
7967042	42	STIM=l
7971050	42	RESP=1
7983310	42	STIM=c
7988224	42	RESP=1
7998621	42	STIM=r
8003670	42	RESP=1
8014146	42	STIM=w
8018570	42	RESP=1
8029162	42	STIM=6
8033309	42	RESP=1
8048068	42	STIM=v
8052006	42	RESP=2
8065700	42	STIM=9
8075027	42	RESP=2
8082695	42	STIM=o
8089489	42	RESP=1
8099517	42	STIM=3
8107228	42	RESP=2
8117560	42	STIM=z
8120695	42	RESP=1
8135429	42	STIM=p
8141058	42	RESP=1
8151055	42	STIM=c
8158766	42	RESP=1
8168650	42	STIM=z
8172180	42	RESP=1
8186382	42	STIM=q
8192465	42	RESP=1
8203105	42	STIM=b
8207739	42	RESP=2
8221026	42	STIM=4
8226619	42	RESP=2
8237360	42	STIM=j
8244891	42	RESP=1
8252834	42	STIM=l
8257818	42	RESP=1
8268768	42	STIM=t
8274088	42	RESP=1
8286533	42	STIM=x
8292088	42	RESP=1
8305294	42	STIM=s
8313827	42	RESP=1
8321694	42	STIM=r
8328696	42	RESP=1
8339803	42	STIM=u
8349284	42	RESP=1
8358091	42	STIM=2
8367549	42	RESP=2
8375088	42	STIM=q
8385956	42	RESP=1
8394012	42	STIM=h
8399360	42	RESP=1
8412116	42	STIM=r
8419323	42	RESP=1
8428522	42	STIM=8
8436465	42	RESP=2
8447441	42	STIM=q
8456304	42	RESP=1
8466054	42	STIM=l
8473144	42	RESP=1
8481233	42	STIM=f
8486582	42	RESP=1
8496531	42	STIM=x
8501784	42	RESP=1
8513637	42	STIM=4
8519754	42	RESP=1
8530839	42	STIM=9
8536861	42	RESP=2
8546330	42	STIM=d
8552605	42	RESP=1
8564313	42	STIM=j
8570007	42	RESP=1
8583274	42	STIM=f
8589419	42	RESP=1
8601242	42	STIM=d
8608723	42	RESP=1
8619971	42	STIM=b
8626303	42	RESP=1
8635307	42	STIM=a
8639309	42	RESP=1
8652844	42	STIM=b
8658320	42	RESP=1
8671633	42	STIM=a
8676726	42	RESP=1
8689439	42	STIM=0
8696204	42	RESP=2
8708007	42	STIM=x
8713027	42	RESP=1
8725451	42	STIM=r
8737497	42	RESP=1
8744179	42	STIM=i
8749429	42	RESP=1
8759219	42	STIM=x
8763633	42	RESP=1
8777570	42	STIM=m
8782288	42	RESP=1
8795568	42	STIM=x
8800965	42	RESP=1
8811287	42	STIM=j
8814366	42	RESP=1
8827183	42	STIM=i
8831441	42	RESP=1
8842720	42	STIM=j
8849678	42	RESP=1
8861485	42	STIM=e
8868751	42	RESP=1
8879507	42	STIM=9
8884128	42	RESP=2
8897932	42	STIM=h
8902804	42	RESP=1
8916829	42	STIM=0
8921964	42	RESP=2
8932574	42	STIM=0
8938102	42	RESP=2
8950795	42	STIM=h
8957392	42	RESP=1
8966408	42	STIM=0
8970552	42	RESP=2
8981894	42	STIM=v
8986360	42	RESP=1
8999096	42	STIM=a
9003070	42	RESP=1
9014593	42	STIM=p
9019143	42	RESP=1
9031404	42	STIM=q
9036411	42	RESP=1
9050280	42	STIM=m
9061133	42	RESP=1
9067358	42	STIM=s
9072015	42	RESP=1
9083999	42	STIM=j
9090431	42	RESP=1
9102749	42	STIM=o
9111752	42	RESP=1
9118434	42	STIM=y
9123291	42	RESP=1
9136500	42	STIM=g
9139602	42	RESP=1
9154825	42	STIM=j
9160799	42	RESP=1
9173470	42	STIM=v
9179179	42	RESP=1
9192117	42	STIM=n
9196475	42	RESP=1
9209965	42	STIM=m
9214420	42	RESP=1
9228317	42	STIM=r
9232690	42	RESP=2
9243540	42	STIM=q
9249764	42	RESP=2
9260762	42	STIM=f
9265637	42	RESP=1
9275866	42	STIM=f
9280056	42	RESP=2
9292959	42	STIM=p
9300765	42	RESP=1
9309749	42	STIM=m
9314325	42	RESP=1
9327134	42	STIM=l
9330735	42	RESP=1
9343020	42	STIM=e
9348150	42	RESP=1
9361549	42	STIM=k
9367655	42	RESP=1
9378515	42	STIM=1
9386845	42	RESP=2
9395774	42	STIM=k
9408336	42	RESP=1
9414680	42	STIM=w
9418764	42	RESP=1
9431096	42	STIM=l
9434051	42	RESP=1
9447254	42	STIM=7
9452627	42	RESP=2
9465919	42	STIM=2
9472731	42	RESP=2
9483793	42	STIM=u
9490368	42	RESP=1
9501264	42	STIM=w
9506365	42	RESP=1
9516931	42	STIM=h
9523376	42	RESP=1
9534141	42	STIM=h
9542685	42	RESP=1
9549172	42	STIM=w
9552971	42	RESP=1
9566522	42	STIM=c
9573391	42	RESP=1
9584192	42	STIM=6
9592497	42	RESP=2
9599713	42	STIM=2
9610999	42	RESP=2
9615679	42	STIM=u
9618817	42	RESP=1
9632732	42	STIM=y
9644324	42	RESP=1
9649125	42	STIM=z
9654590	42	RESP=1
9664938	42	STIM=q
9670504	42	RESP=1
9683926	42	STIM=e
9688538	42	RESP=1
9702321	42	STIM=u
9708219	42	RESP=1
9720165	42	STIM=c
9725108	42	RESP=1
9736798	42	STIM=8
9742855	42	RESP=1
9752238	42	STIM=k
9759967	42	RESP=1
9769134	42	STIM=w
9774062	42	RESP=1
9784788	42	STIM=h
9790799	42	RESP=1
9803285	42	STIM=t
9806804	42	RESP=1
9818722	42	STIM=k
9825584	42	RESP=1
9836980	42	STIM=v
9840919	42	RESP=1
9853046	42	STIM=7
9860058	42	RESP=2
9868869	42	STIM=p
9875549	42	RESP=1
9885641	42	STIM=m
9890549	42	RESP=2
9902437	42	STIM=h
9909964	42	RESP=1
9919370	42	STIM=v
9929973	42	RESP=1
9936834	42	STIM=1
9944051	42	RESP=2
9952099	42	STIM=u
9959274	42	RESP=1
9970435	42	STIM=m
9976769	42	RESP=1
9988001	42	STIM=a
9995856	42	RESP=1
10006726	42	STIM=o
10012000	42	RESP=1
10025231	42	STIM=3
10036201	42	RESP=2
10041123	42	STIM=i
10047415	42	RESP=1
10059750	42	STIM=o
10064717	42	RESP=1
10077649	42	STIM=y
10084998	42	RESP=1
10094354	42	STIM=5
10103758	42	RESP=2
10113199	42	STIM=n
10117383	42	RESP=1
10128875	42	STIM=1
10137427	42	RESP=2
10144172	42	STIM=f
10151428	42	RESP=1
10162246	42	STIM=4
10169157	42	RESP=1
10177722	42	STIM=g
10183283	42	RESP=1
10196142	42	STIM=g
10200959	42	RESP=1
10214600	42	STIM=y
10221939	42	RESP=1
10232036	42	STIM=8
10238916	42	RESP=2
10247810	42	STIM=m
10257467	42	RESP=1
10265675	42	STIM=g
10270168	42	RESP=1
10283690	42	STIM=7
10289350	42	RESP=2
10299573	42	STIM=9
10305374	42	RESP=2
10315619	42	STIM=b
10319783	42	RESP=1
10331732	42	STIM=d
10336042	42	RESP=1
10348782	42	STIM=d
10356251	42	RESP=1
10365225	42	STIM=v
10369076	42	RESP=1
10380619	42	STIM=o
10388612	42	RESP=1
10397452	42	STIM=a
10402004	42	RESP=1
10414676	42	STIM=7
10418576	42	RESP=2
10430046	42	STIM=4
10435422	42	RESP=2
10445870	42	STIM=d
10452031	42	RESP=1
10462466	42	STIM=8
10467368	42	RESP=2
10478968	42	STIM=l
10482397	42	RESP=1
10496932	42	STIM=w
10501014	42	RESP=1
10513415	42	STIM=b
10517831	42	RESP=2
10530362	42	STIM=z
10534305	42	RESP=1
10547110	42	STIM=p
10552376	42	RESP=1
10563643	42	STIM=t
10574107	42	RESP=1
10578926	42	STIM=s
10585792	42	RESP=1
10596859	42	STIM=e
10606278	42	RESP=1
10612993	42	STIM=l
10618287	42	RESP=1
10630426	42	STIM=d
10635713	42	RESP=1
10648616	42	STIM=r
10653467	42	RESP=1
10665550	42	STIM=p
10669461	42	RESP=1
10681163	42	STIM=r
10684096	42	RESP=2
10697534	42	STIM=4
10703665	42	RESP=2
10716295	42	STIM=0
10723278	42	RESP=2
10734459	42	STIM=q
10739618	42	RESP=1
10751949	42	STIM=i
10763801	42	RESP=1
10767572	42	STIM=p
10772353	42	RESP=1
10785840	42	STIM=f
10792127	42	RESP=1
10803909	42	STIM=y
10810418	42	RESP=1
10822216	42	STIM=y
10825129	42	RESP=1
10839284	42	STIM=a
10846046	42	RESP=1
10856058	42	STIM=r
10861855	42	RESP=1
10874560	42	STIM=d
10881558	42	RESP=1
10891945	42	STIM=w
10896584	42	RESP=1
10907547	42	STIM=g
10914238	42	RESP=1
10925309	42	STIM=h
10931364	42	RESP=1
10943103	42	STIM=o
10951414	42	RESP=1
10959017	42	STIM=4
10965311	42	RESP=2
10976503	42	STIM=d
10986342	42	RESP=1
10992612	42	STIM=v
10994950	42	RESP=2
11008808	42	STIM=g
11014093	42	RESP=1
11023954	42	STIM=m
11030604	42	RESP=1
11041544	42	STIM=2
11051713	42	RESP=2
11057552	42	STIM=b
11065452	42	RESP=1
11075730	42	STIM=1
11082050	42	RESP=2
11091865	42	STIM=k
11096644	42	RESP=1
11110630	42	STIM=d
11117529	42	RESP=1
11127865	42	STIM=x
11130970	42	RESP=1
11143353	42	STIM=r
11146526	42	RESP=1
11161191	42	STIM=c
11165677	42	RESP=1
11176350	42	STIM=e
11182193	42	RESP=1
11194665	42	STIM=f
11202622	42	RESP=1
11212113	42	STIM=o
11219494	42	RESP=1
11227755	42	STIM=x
11231253	42	RESP=1
11242826	42	STIM=g
11247998	42	RESP=1
11258705	42	STIM=u
11261501	42	RESP=1
11274321	42	STIM=z
11279632	42	RESP=1
11291257	42	STIM=m
11301988	42	RESP=1
11309958	42	STIM=a
11313552	42	RESP=1
11325654	42	STIM=a
11332969	42	RESP=1
11341236	42	STIM=o
11345539	42	RESP=1
11357779	42	STIM=s
11364418	42	RESP=1
11372812	42	STIM=n
11376411	42	RESP=1
11390065	42	STIM=s
11397312	42	RESP=1
11407582	42	STIM=s
11418385	42	RESP=1
11426196	42	STIM=t
11430405	42	RESP=1
11444845	42	STIM=l
11452228	42	RESP=1
11462992	42	STIM=l
11473393	42	RESP=1
11481535	42	STIM=d
11487305	42	RESP=1
11497693	42	STIM=e
11503210	42	RESP=1
11513574	42	STIM=5
11527792	42	RESP=2
11532362	42	STIM=s
11538802	42	RESP=1
11550953	42	STIM=n
11554778	42	RESP=1
11566109	42	STIM=u
11571402	42	RESP=1
11583113	42	STIM=j
11595146	42	RESP=1
11599864	42	STIM=r
11608317	42	RESP=1
11617776	42	STIM=2
11622403	42	RESP=2
11636153	42	STIM=f
11642244	42	RESP=1
11651592	42	STIM=0
11655343	42	RESP=2
11666637	42	STIM=0
11674861	42	RESP=2
11682589	42	STIM=y
11688695	42	RESP=1
11699711	42	STIM=p
11708769	42	RESP=2
11715572	42	STIM=n
11718455	42	RESP=2
11731729	42	STIM=9
11737914	42	RESP=2
11749030	42	STIM=c
11755619	42	RESP=1
11766135	42	STIM=a
11771039	42	RESP=1
11784566	42	STIM=h
11790384	42	RESP=1
11800517	42	STIM=w
11806583	42	RESP=1
11815600	42	STIM=s
11820045	42	RESP=1
11831508	42	STIM=i
11841842	42	RESP=1
11847591	42	STIM=v
11853109	42	RESP=1
11862936	42	STIM=i
11869768	42	RESP=1
11880262	42	STIM=6
11886116	42	RESP=2
11896529	42	STIM=c
11900694	42	RESP=1
11912276	42	STIM=v
11919251	42	RESP=1
11930382	42	STIM=9
11935211	42	RESP=2
11948469	42	STIM=e
11954986	42	RESP=1
11963589	42	STIM=v
11971121	42	RESP=1
11978975	42	STIM=b
11982825	42	RESP=1
11996036	42	STIM=1
12004761	42	RESP=1
12013089	42	STIM=w
12020348	42	RESP=1
12028499	42	STIM=a
12036266	42	RESP=1
12046449	42	STIM=t
12052265	42	RESP=1
12061523	42	STIM=c
12069848	42	RESP=1
12078391	42	STIM=4
12083442	42	RESP=2
12097128	42	STIM=7
12102237	42	RESP=2
12115299	42	STIM=k
12119765	42	RESP=1
12132771	42	STIM=c
12141108	42	RESP=1
12148003	42	STIM=g
12154479	42	RESP=1
12166957	42	STIM=g
12171062	42	RESP=1
12185334	42	STIM=2
12193053	42	RESP=2
12200871	42	STIM=t
12207137	42	RESP=2
12216737	42	STIM=2
12223201	42	RESP=2
12233160	42	STIM=z
12239055	42	RESP=1
12249138	42	STIM=f
12256080	42	RESP=1
12264452	42	STIM=e
12269075	42	RESP=1
12279657	42	STIM=l
12283861	42	RESP=1
12294822	42	STIM=n
12298641	42	RESP=2
12312268	42	STIM=x
12317865	42	RESP=1
12330778	42	STIM=j
12335345	42	RESP=1
12347704	42	STIM=s
12361254	42	RESP=1
12366405	42	STIM=j
12370704	42	RESP=1
12384398	42	STIM=o
12390463	42	RESP=1
12401230	42	STIM=8
12411074	42	RESP=2
12416243	42	STIM=6
12424709	42	RESP=2
12433106	42	STIM=a
12436297	42	RESP=1
12451656	42	STIM=8
12458030	42	RESP=2
12468559	42	STIM=x
12472812	42	RESP=1
12483683	42	STIM=a
12489281	42	RESP=2
12499362	42	STIM=x
12504065	42	RESP=1
12516059	42	STIM=r
12522002	42	RESP=1
12533336	42	STIM=7
12538185	42	RESP=1
12551729	42	STIM=h
12556478	42	RESP=1
12569582	42	STIM=o
12574729	42	RESP=1
12588553	42	STIM=i
12593331	42	RESP=1
12605107	42	STIM=8
12610564	42	RESP=2
12620712	42	STIM=f
12623299	42	RESP=1
12637073	42	STIM=e
12642263	42	RESP=1
12655469	42	STIM=b
12659376	42	RESP=1
12672972	42	STIM=h
12682258	42	RESP=1
12691358	42	STIM=u
12700249	42	RESP=2
12707217	42	STIM=t
12712248	42	RESP=1
12722360	42	STIM=c
12731268	42	RESP=1
12739890	42	STIM=h
12747641	42	RESP=1
12758226	42	STIM=y
12766720	42	RESP=1
12775123	42	STIM=r
12782278	42	RESP=1
12792300	42	STIM=d
12798496	42	RESP=1
12808116	42	STIM=b
12814601	42	RESP=1
12824670	42	STIM=t
12828319	42	RESP=1
12842393	42	STIM=a
12845585	42	RESP=1
12860823	42	STIM=g
12865239	42	RESP=1
12877246	42	STIM=6
12882896	42	RESP=2
12895597	42	STIM=3
12908041	42	RESP=2
12913649	42	STIM=4
12917616	42	RESP=2
12930497	42	STIM=l
12934998	42	RESP=1
12947982	42	STIM=d
12953374	42	RESP=1
12964238	42	STIM=5
12969265	42	RESP=2
12982200	42	STIM=p
12989199	42	RESP=2
12998260	42	STIM=n
13004239	42	RESP=1
13013608	42	STIM=1
13020098	42	RESP=2
13031542	42	STIM=z
13036623	42	RESP=1
13047880	42	STIM=p
13055849	42	RESP=1
13066114	42	STIM=m
13071764	42	RESP=1
13081527	42	STIM=w
13090369	42	RESP=1
13098649	42	STIM=a
13106205	42	RESP=1
13116621	42	STIM=l
13121339	42	RESP=1
13132056	42	STIM=m
13138610	42	RESP=1
13148821	42	STIM=k
13155424	42	RESP=1
13167601	42	STIM=b
13175358	42	RESP=1
13183104	42	STIM=p
13188508	42	RESP=1
13201536	42	STIM=d
13205916	42	RESP=1
13217429	42	STIM=1
13223728	42	RESP=2
13234352	42	STIM=g
13243442	42	RESP=1
13252014	42	STIM=9
13263604	42	RESP=2
13270170	42	STIM=9
13275760	42	RESP=2
13285733	42	STIM=v
13291515	42	RESP=1
13303799	42	STIM=y
13308714	42	RESP=1
13321021	42	STIM=g
13329552	42	RESP=1
13338181	42	STIM=b
13343084	42	RESP=1
13356298	42	STIM=x
13361175	42	RESP=1
13371540	42	STIM=a
13376634	42	RESP=1
13389113	42	STIM=r
13393878	42	RESP=1
13404876	42	STIM=w
13412522	42	RESP=1
13421014	42	STIM=z
13424561	42	RESP=1
13437402	42	STIM=q
13443887	42	RESP=1
13455896	42	STIM=s
13462050	42	RESP=1
13471215	42	STIM=n
13479305	42	RESP=1
13486566	42	STIM=x
13492290	42	RESP=1
13504208	42	STIM=v
13507510	42	RESP=1
13519594	42	STIM=1
13527966	42	RESP=2
13534740	42	STIM=j
13540440	42	RESP=1
13550483	42	STIM=g
13557635	42	RESP=1
13565857	42	STIM=9
13571609	42	RESP=2
13582897	42	STIM=l
13586826	42	RESP=1
13598768	42	STIM=f
13608320	42	RESP=1
13616606	42	STIM=z
13620668	42	RESP=1
13635088	42	STIM=x
13649422	42	RESP=1
13654042	42	STIM=c
13658787	42	RESP=1
13670278	42	STIM=0
13675447	42	RESP=2
13685450	42	STIM=z
13692501	42	RESP=1
13702777	42	STIM=b
13706441	42	RESP=1
13719438	42	STIM=u
13722966	42	RESP=1
13734688	42	STIM=p
13744350	42	RESP=1
13752787	42	STIM=k
13758394	42	RESP=1
13771504	42	STIM=q
13775456	42	RESP=1
13790325	42	STIM=i
13796361	42	RESP=1
13806521	42	STIM=t
13814128	42	RESP=1
13823216	42	STIM=p
13828885	42	RESP=1
13838759	42	STIM=n
13841739	42	RESP=1
13856898	42	STIM=v
13863389	42	RESP=1
13875633	42	STIM=4
13884679	42	RESP=2
13892286	42	STIM=f
13896560	42	RESP=1
13909428	42	STIM=e
13912663	42	RESP=1
13924689	42	STIM=t
13929402	42	RESP=1
13941100	42	STIM=v
13946174	42	RESP=1
13957566	42	STIM=s
13960961	42	RESP=1
13975736	42	STIM=3
13981552	42	RESP=2
13993309	42	STIM=s
14001315	42	RESP=1
14009913	42	STIM=z
14012986	42	RESP=1
14026598	42	STIM=1
14038435	42	RESP=2
14044196	42	STIM=a
14049218	42	RESP=1
14062796	42	STIM=4
14068850	42	RESP=2
14080427	42	STIM=c
14084533	42	RESP=1
14095926	42	STIM=s
14100437	42	RESP=1
14111646	42	STIM=v
14115793	42	RESP=1
14127497	42	STIM=e
14136090	42	RESP=2
14146135	42	STIM=3
14152109	42	RESP=2
14164580	42	STIM=o
14170752	42	RESP=1
14183183	42	STIM=5
14188918	42	RESP=2
14198435	42	STIM=p
14204919	42	RESP=1
14214555	42	STIM=5
14224324	42	RESP=1
14231304	42	STIM=r
14236600	42	RESP=1
14248525	42	STIM=i
14255914	42	RESP=1
14265040	42	STIM=o
14271973	42	RESP=1
14283188	42	STIM=z
14290272	42	RESP=1
14298361	42	STIM=m
14301742	42	RESP=1
14314433	42	STIM=w
14317889	42	RESP=1
14332318	42	STIM=r
14337405	42	RESP=1
14348767	42	STIM=d
14355938	42	RESP=1
14367475	42	STIM=p
14370680	42	RESP=1
14385756	42	STIM=l
14391552	42	RESP=1
14402922	42	STIM=f
14406210	42	RESP=1
14420996	42	STIM=a
14428819	42	RESP=1
14438037	42	STIM=9
14444370	42	RESP=2
14453046	42	STIM=l
14459135	42	RESP=1
14468381	42	STIM=z
14472888	42	RESP=1
14484604	42	STIM=f
14492987	42	RESP=1
14502108	42	STIM=5
14507338	42	RESP=2
14518333	42	STIM=g
14524903	42	RESP=1
14534673	42	STIM=h
14539180	42	RESP=1
14550823	42	STIM=t
14554573	42	RESP=1
14567599	42	STIM=q
14572310	42	RESP=1
14583330	42	STIM=g
14587787	42	RESP=1
14601483	42	STIM=c
14609782	42	RESP=1
14617790	42	STIM=y
14623282	42	RESP=1
14633299	42	STIM=0
14641447	42	RESP=2
14650382	42	STIM=z
14656094	42	RESP=1
14667550	42	STIM=x
14671182	42	RESP=1
14683844	42	STIM=c
14687374	42	RESP=1
14698869	42	STIM=8
14706003	42	RESP=1
14714252	42	STIM=c
14719939	42	RESP=1
14731607	42	STIM=s
14740502	42	RESP=2
14747963	42	STIM=7
14753829	42	RESP=2
14763829	42	STIM=p
14769145	42	RESP=1
14781068	42	STIM=p
14787217	42	RESP=1
14799065	42	STIM=f
14805448	42	RESP=1
14815199	42	STIM=z
14822391	42	RESP=1
14830755	42	STIM=u
14837653	42	RESP=1
14846092	42	STIM=6
14854751	42	RESP=2
14862635	42	STIM=8
14867621	42	RESP=2
14877755	42	STIM=q
14881214	42	RESP=1
14896407	42	STIM=9
14902411	42	RESP=2
14915333	42	STIM=5
14919079	42	RESP=2
14932385	42	STIM=y
14936716	42	RESP=1
14949677	42	STIM=w
14955781	42	RESP=1
14965455	42	STIM=v
14970635	42	RESP=1
14983019	42	STIM=t
14988666	42	RESP=1
15000113	42	STIM=a
15005185	42	RESP=1
15017448	42	STIM=d
15021082	42	RESP=1
15035524	42	STIM=v
15044098	42	RESP=1
15052532	42	STIM=o
15058580	42	RESP=1
15069639	42	STIM=m
15073026	42	RESP=1
15084751	42	STIM=0
15092443	42	RESP=2
15102572	42	STIM=i
15106362	42	RESP=1
15118241	42	STIM=r
15123363	42	RESP=1
15137007	42	STIM=2
15143460	42	RESP=1
15152228	42	STIM=w
15159184	42	RESP=1
15167994	42	STIM=p
15173911	42	RESP=1
15185200	42	STIM=l
15188270	42	RESP=1
15202918	42	STIM=i
15211242	42	RESP=1
15221521	42	STIM=o
15225122	42	RESP=1
15240048	42	STIM=s
15246705	42	RESP=1
15258384	42	STIM=s
15262334	42	RESP=1
15276443	42	STIM=g
15285785	42	RESP=1
15292480	42	STIM=5
15302817	42	RESP=2
15307933	42	STIM=k
15319511	42	RESP=1
15323163	42	STIM=h
15328702	42	RESP=1
15342013	42	STIM=r
15345007	42	RESP=1
15358849	42	STIM=5
15365338	42	RESP=1
15376407	42	STIM=e
15380757	42	RESP=1
15393257	42	STIM=8
15399538	42	RESP=1
15409064	42	STIM=i
15415027	42	RESP=1
15424131	42	STIM=o
15428544	42	RESP=1
15443108	42	STIM=a
15447864	42	RESP=1
15459802	42	STIM=8
15465637	42	RESP=2
15477094	42	STIM=c
15481824	42	RESP=1
15493823	42	STIM=6
15499309	42	RESP=2
15509902	42	STIM=x
15515846	42	RESP=1
15526119	42	STIM=v
15530215	42	RESP=1
15543810	42	STIM=1
15547863	42	RESP=2
15561859	42	STIM=4
15567593	42	RESP=2
15580199	42	STIM=v
15584644	42	RESP=1
15596361	42	STIM=c
15601592	42	RESP=1
15612006	42	STIM=9
15616311	42	RESP=2
15627798	42	STIM=c
15635448	42	RESP=1
15645333	42	STIM=u
15651080	42	RESP=1
15663980	42	STIM=r
15669429	42	RESP=1
15680662	42	STIM=c
15685239	42	RESP=1
15699415	42	STIM=e
15705934	42	RESP=1
15716124	42	STIM=y
15719280	42	RESP=1
15733194	42	STIM=c
15736843	42	RESP=1
15751525	42	STIM=4
15757187	42	RESP=2
15768712	42	STIM=k
15777102	42	RESP=1
15787648	42	STIM=3
15798188	42	RESP=2
15804358	42	STIM=n
15809922	42	RESP=1
15821165	42	STIM=j
15828789	42	RESP=1
15838212	42	STIM=b
15841952	42	RESP=1
15855052	42	STIM=g
15858514	42	RESP=1
15873896	42	STIM=3
15880749	42	RESP=2
15890375	42	STIM=a
15896954	42	RESP=1
15906656	42	STIM=7
15914049	42	RESP=2
15922211	42	STIM=g
15926389	42	RESP=1
15937876	42	STIM=e
15942278	42	RESP=1
15955808	42	STIM=s
15961224	42	RESP=1
15972173	42	STIM=m
15980381	42	RESP=1
15987379	42	STIM=c
15989877	42	RESP=1
16005237	42	STIM=a
16019337	42	RESP=1
16023659	42	STIM=e
16029441	42	RESP=1
16041552	42	STIM=i
16047003	42	RESP=1
16059211	42	STIM=b
16066113	42	RESP=1
16077530	42	STIM=h
16081412	42	RESP=1
16093319	42	STIM=p
16096757	42	RESP=1
16108763	42	STIM=f
16114617	42	RESP=2
16127141	42	STIM=p
16131698	42	RESP=1
16143856	42	STIM=u
16149495	42	RESP=1
16159161	42	STIM=m
16162623	42	RESP=1
16175608	42	STIM=7
16180804	42	RESP=2
16192052	42	STIM=1
16199691	42	RESP=2
16207153	42	STIM=p
16212134	42	RESP=1
16223940	42	STIM=n
16229967	42	RESP=1
16240241	42	STIM=9
16249915	42	RESP=1
16257035	42	STIM=c
16263473	42	RESP=1
16273017	42	STIM=r
16279235	42	RESP=1
16291494	42	STIM=y
16296825	42	RESP=1
16309793	42	STIM=6
16319894	42	RESP=2
16326838	42	STIM=v
16333566	42	RESP=1
16345056	42	STIM=u
16352790	42	RESP=1
16363436	42	STIM=q
16366457	42	RESP=1
16380247	42	STIM=f
16385404	42	RESP=1
16396872	42	STIM=e
16403946	42	RESP=1
16415618	42	STIM=c
16418381	42	RESP=1
16433564	42	STIM=m
16440492	42	RESP=1
16451546	42	STIM=2
16457037	42	RESP=2
16470196	42	STIM=u
16474348	42	RESP=1
16489073	42	STIM=h
16491914	42	RESP=1
16506809	42	STIM=v
16509842	42	RESP=1
16524221	42	STIM=d
16533381	42	RESP=1
16542944	42	STIM=d
16546716	42	RESP=1
16559320	42	STIM=1
16564952	42	RESP=2
16576372	42	STIM=i
16581190	42	RESP=1
16592674	42	STIM=p
16597201	42	RESP=1
16607730	42	STIM=r
16612007	42	RESP=1
16624406	42	STIM=1
16632705	42	RESP=2
16639530	42	STIM=8
16645007	42	RESP=2
16654992	42	STIM=w
16658468	42	RESP=1
16670226	42	STIM=s
16674345	42	RESP=1
16687352	42	STIM=x
16691754	42	RESP=1
16705018	42	STIM=z
16719595	42	RESP=1
16720607	42	STIM=o
16724285	42	RESP=1
16735737	42	STIM=y
16738699	42	RESP=1
16752199	42	STIM=n
16760294	42	RESP=1
16769551	42	STIM=t
16776723	42	RESP=1
16784998	42	STIM=j
16788357	42	RESP=1
16800444	42	STIM=a
16807064	42	RESP=1
16817458	42	STIM=f
16825265	42	RESP=2
16836052	42	STIM=7
16841382	42	RESP=2
16853047	42	STIM=l
16858739	42	RESP=1
16870917	42	STIM=r
16874703	42	RESP=1
16887128	42	STIM=t
16893409	42	RESP=2
16904602	42	STIM=f
16908474	42	RESP=1
16922213	42	STIM=n
16929625	42	RESP=1
16937794	42	STIM=m
16942359	42	RESP=1
16952820	42	STIM=y
16961035	42	RESP=1
16971308	42	STIM=r
16983245	42	RESP=1
16987204	42	STIM=n
16990393	42	RESP=1
17004769	42	STIM=6
17010487	42	RESP=2
17019844	42	STIM=e
17025439	42	RESP=1
17035400	42	STIM=s
17040900	42	RESP=1
17052146	42	STIM=d
17061722	42	RESP=1
17068076	42	STIM=5
17075405	42	RESP=2
17085813	42	STIM=z
17095186	42	RESP=1
17102073	42	STIM=y
17113201	42	RESP=1
17119038	42	STIM=u
17127347	42	RESP=1
17134491	42	STIM=4
17141531	42	RESP=2
17151249	42	STIM=z
17162595	42	RESP=1
17167412	42	STIM=z
17175160	42	RESP=1
17184450	42	STIM=o
17189288	42	RESP=1
17203093	42	STIM=h
17209267	42	RESP=1
17218274	42	STIM=n
17230529	42	RESP=1
17235254	42	STIM=e
17242520	42	RESP=1
17253335	42	STIM=w
17261471	42	RESP=1
17270755	42	STIM=s
17277557	42	RESP=1
17287792	42	STIM=o
17290751	42	RESP=1
17305126	42	STIM=3
17309452	42	RESP=2
17321079	42	STIM=d
17330975	42	RESP=1
17336607	42	STIM=b
17341898	42	RESP=1
17354554	42	STIM=h
17363627	42	RESP=1
17370283	42	STIM=y
17376450	42	RESP=1
17388477	42	STIM=x
17393416	42	RESP=1
17404172	42	STIM=y
17407024	42	RESP=1
17421313	42	STIM=r
17428206	42	RESP=1
17438237	42	STIM=o
17441080	42	RESP=1
17455907	42	STIM=o
17459200	42	RESP=1
17474315	42	STIM=o
17479188	42	RESP=1
17489409	42	STIM=h
17494029	42	RESP=1
17504935	42	STIM=n
17510555	42	RESP=1
17520480	42	STIM=9
17525222	42	RESP=1
17537821	42	STIM=m
17545712	42	RESP=1
17555676	42	STIM=5
17561487	42	RESP=1
17573820	42	STIM=p
17585006	42	RESP=1
17591965	42	STIM=7
17596439	42	RESP=2
17608160	42	STIM=x
17612305	42	RESP=1
17626887	42	STIM=k
17630753	42	RESP=1
17641989	42	STIM=p
17648199	42	RESP=1
17657046	42	STIM=5
17662973	42	RESP=2
17673291	42	STIM=2
17680054	42	RESP=2
17689669	42	STIM=v
17694635	42	RESP=1
17704771	42	STIM=0
17714136	42	RESP=2
17722632	42	STIM=z
17728180	42	RESP=1
17741178	42	STIM=b
17745081	42	RESP=1
17756625	42	STIM=1
17765525	42	RESP=2
17774765	42	STIM=x
17784743	42	RESP=1
17791781	42	STIM=v
17794355	42	RESP=1
17809319	42	STIM=d
17814542	42	RESP=1
17824964	42	STIM=j
17829335	42	RESP=1
17842065	42	STIM=c
17847314	42	RESP=1
17857454	42	STIM=7
17868591	42	RESP=2
17875580	42	STIM=q
17878805	42	RESP=1
17894285	42	STIM=v
17899832	42	RESP=1
17912777	42	STIM=z
17918492	42	RESP=1
17929429	42	STIM=v
17934011	42	RESP=1
17946350	42	STIM=2
17950664	42	RESP=2
17961819	42	STIM=j
17969084	42	RESP=1
17977132	42	STIM=w
17982180	42	RESP=1
17992337	42	STIM=z
17996581	42	RESP=1
18007680	42	STIM=t
18014789	42	RESP=1
18024363	42	STIM=a
18030277	42	RESP=1
18042938	42	STIM=a
18049060	42	RESP=1
18061825	42	STIM=n
18068413	42	RESP=2
18077174	42	STIM=d
18081809	42	RESP=1
18093989	42	STIM=c
18101450	42	RESP=1
18112156	42	STIM=1
18118900	42	RESP=2
18128401	42	STIM=t
18134094	42	RESP=1
18145426	42	STIM=w
18153223	42	RESP=1
18160942	42	STIM=k
18166778	42	RESP=1
18176597	42	STIM=t
18182271	42	RESP=1
18192524	42	STIM=g
18199005	42	RESP=1
18209145	42	STIM=p
18216631	42	RESP=1
18227568	42	STIM=0
18231874	42	RESP=2
18243805	42	STIM=y
18248465	42	RESP=1
18262301	42	STIM=9
18267597	42	RESP=2
18277370	42	STIM=k
18286910	42	RESP=1
18295196	42	STIM=0
18305385	42	RESP=2
18313554	42	STIM=s
18318581	42	RESP=1
18329647	42	STIM=f
18335943	42	RESP=2
18346741	42	STIM=h
18352555	42	RESP=1
18364321	42	STIM=s
18370023	42	RESP=1
18382199	42	STIM=z
18387762	42	RESP=1
18399212	42	STIM=g
18403498	42	RESP=1
18417327	42	STIM=t
18423965	42	RESP=2
18434807	42	STIM=h
18439335	42	RESP=1
18452181	42	STIM=6
18456886	42	RESP=2
18467752	42	STIM=w
18473803	42	RESP=1
18485027	42	STIM=j
18489438	42	RESP=2
18500071	42	STIM=y
18506043	42	RESP=1
18517299	42	STIM=8
18525488	42	RESP=2
18533465	42	STIM=v
18538865	42	RESP=1
18552335	42	STIM=l
18558796	42	RESP=1
18568983	42	STIM=w
18572351	42	RESP=1
18584359	42	STIM=w
18591354	42	RESP=1
18599884	42	STIM=c
18604077	42	RESP=1
18617652	42	STIM=t
18623107	42	RESP=1
18634170	42	STIM=9
18638151	42	RESP=2
18650224	42	STIM=p
18655816	42	RESP=1
18668903	42	STIM=g
18674253	42	RESP=1
18685956	42	STIM=1
18690471	42	RESP=2
18704478	42	STIM=m
18710461	42	RESP=1
18722503	42	STIM=6
18730878	42	RESP=2
18737839	42	STIM=f
18744936	42	RESP=1
18754141	42	STIM=h
18763035	42	RESP=1
18771403	42	STIM=7
18777161	42	RESP=2
18788198	42	STIM=q
18792603	42	RESP=1
18805653	42	STIM=6
18812899	42	RESP=2
18821499	42	STIM=y
18826064	42	RESP=1
18836568	42	STIM=o
18844106	42	RESP=1
18853372	42	STIM=m
18859833	42	RESP=1
18871203	42	STIM=b
18876953	42	RESP=1
18887311	42	STIM=o
18893775	42	RESP=1
18905577	42	STIM=f
18910473	42	RESP=1
18921642	42	STIM=t
18928511	42	RESP=1
18938709	42	STIM=u
18943950	42	RESP=1
18955908	42	STIM=m
18966843	42	RESP=1
18972913	42	STIM=h
18975867	42	RESP=2
18988737	42	STIM=6
18994980	42	RESP=2
19007281	42	STIM=z
19013713	42	RESP=1
19022714	42	STIM=i
19029287	42	RESP=1
19038304	42	STIM=v
19043285	42	RESP=1
19056858	42	STIM=l
19061918	42	RESP=1
19072710	42	STIM=i
19082859	42	RESP=1
19090664	42	STIM=c
19100759	42	RESP=1
19107176	42	STIM=w
19111812	42	RESP=1
19122650	42	STIM=p
19128830	42	RESP=1
19140032	42	STIM=s
19146056	42	RESP=1
19157018	42	STIM=b
19161106	42	RESP=1
19174793	42	STIM=6
19178397	42	RESP=2
19193713	42	STIM=t
19197295	42	RESP=1
19208909	42	STIM=6
19214557	42	RESP=2
19225849	42	STIM=2
19232259	42	RESP=2
19241575	42	STIM=j
19245586	42	RESP=1
19258415	42	STIM=i
19263266	42	RESP=1
19276749	42	STIM=1
19281596	42	RESP=1
19293631	42	STIM=a
19299583	42	RESP=1
19312373	42	STIM=o
19318409	42	RESP=1
19330846	42	STIM=c
19339422	42	RESP=1
19346990	42	STIM=7
19355316	42	RESP=2
19365519	42	STIM=c
19372835	42	RESP=1
19382635	42	STIM=g
19390673	42	RESP=2
19400968	42	STIM=2
19406995	42	RESP=1
19418292	42	STIM=v
19423283	42	RESP=1
19434156	42	STIM=9
19445252	42	RESP=2
19451776	42	STIM=z
19460573	42	RESP=1
19469370	42	STIM=t
19475731	42	RESP=1
19484783	42	STIM=x
19492572	42	RESP=1
19502538	42	STIM=m
19508352	42	RESP=1
19519778	42	STIM=x
19523906	42	RESP=1
19536199	42	STIM=4
19541361	42	RESP=2
19551919	42	STIM=g
19555342	42	RESP=1
19568477	42	STIM=i
19576434	42	RESP=1
19583608	42	STIM=e
19589652	42	RESP=1
19599507	42	STIM=6
19608743	42	RESP=2
19614892	42	STIM=f
19618700	42	RESP=1
19630397	42	STIM=y
19636239	42	RESP=1
19646499	42	STIM=k
19652848	42	RESP=1
19661704	42	STIM=9
19666671	42	RESP=2
19677120	42	STIM=n
19683086	42	RESP=1
19692246	42	STIM=8
19698419	42	RESP=1
19710763	42	STIM=l
19720462	42	RESP=2
19727230	42	STIM=p
19732550	42	RESP=1
19743748	42	STIM=c
19747853	42	RESP=1
19760519	42	STIM=6
19771633	42	RESP=2
19778578	42	STIM=p
19782389	42	RESP=1
19797034	42	STIM=c
19800697	42	RESP=2
19813808	42	STIM=d
19819132	42	RESP=1
19831014	42	STIM=v
19840284	42	RESP=1
19848697	42	STIM=t
19854726	42	RESP=1
19866505	42	STIM=y
19871421	42	RESP=1
19881795	42	STIM=h
19885613	42	RESP=1
19899760	42	STIM=u
19903716	42	RESP=1
19917259	42	STIM=n
19923149	42	RESP=1
19933160	42	STIM=d
19940551	42	RESP=1
19948218	42	STIM=w
19956049	42	RESP=1
19966064	42	STIM=x
19968958	42	RESP=1
19981332	42	STIM=c
19988478	42	RESP=2
19999380	42	STIM=8
20006044	42	RESP=2
20015014	42	STIM=w
20018488	42	RESP=1
20030531	42	STIM=c
20036891	42	RESP=1
20046641	42	STIM=y
20050832	42	RESP=1
20065151	42	STIM=f
20069934	42	RESP=1
20080528	42	STIM=j
20087410	42	RESP=1
20099369	42	STIM=9
20108137	42	RESP=2
20117891	42	STIM=y
20122095	42	RESP=1
20133857	42	STIM=p
20136933	42	RESP=1
20150197	42	STIM=l
20155175	42	RESP=1
20165351	42	STIM=s
20169148	42	RESP=1
20181186	42	STIM=p
20188202	42	RESP=1
20198110	42	STIM=h
20206579	42	RESP=1
20214860	42	STIM=h
20220158	42	RESP=1
20231018	42	STIM=m
20237814	42	RESP=1
20246607	42	STIM=g
20249443	42	RESP=1
20262997	42	STIM=g
20268006	42	RESP=1
20281622	42	STIM=b
20286410	42	RESP=1
20297999	42	STIM=m
20306681	42	RESP=1
20314173	42	STIM=z
20323044	42	RESP=1
20332323	42	STIM=n
20340862	42	RESP=1
20348608	42	STIM=l
20353248	42	RESP=1
20367507	42	STIM=g
20370963	42	RESP=1
20385174	42	STIM=t
20389600	42	RESP=1
20403838	42	STIM=k
20413861	42	RESP=1
20420871	42	STIM=d
20424263	42	RESP=2
20438273	42	STIM=r
20446836	42	RESP=1
20454783	42	STIM=x
20464020	42	RESP=1
20470501	42	STIM=e
20475126	42	RESP=1
20486688	42	STIM=w
20490571	42	RESP=1
20502747	42	STIM=0
20511641	42	RESP=2
20518990	42	STIM=o
20524462	42	RESP=1
20537852	42	STIM=y
20542703	42	RESP=1
20555381	42	STIM=w
20563625	42	RESP=1
20571776	42	STIM=y
20575407	42	RESP=1
20588540	42	STIM=f
20593486	42	RESP=1
20605266	42	STIM=0
20610460	42	RESP=1
20620386	42	STIM=u
20624543	42	RESP=1
20637912	42	STIM=v
20643987	42	RESP=1
20656548	42	STIM=a
20659929	42	RESP=1
20671592	42	STIM=o
20675090	42	RESP=1
20689061	42	STIM=5
20696225	42	RESP=2
20704901	42	STIM=m
20707738	42	RESP=1
20719949	42	STIM=c
20723127	42	RESP=1
20738418	42	STIM=q
20743744	42	RESP=1
20754828	42	STIM=d
20758589	42	RESP=1
20772772	42	STIM=u
20776424	42	RESP=1
20790753	42	STIM=c
20800275	42	RESP=1
20807101	42	STIM=a
20814175	42	RESP=1
20822683	42	STIM=k
20829192	42	RESP=1
20840204	42	STIM=t
20846406	42	RESP=1
20856630	42	STIM=o
20861968	42	RESP=1
20875254	42	STIM=b
20882176	42	RESP=1
20890787	42	STIM=8
20897272	42	RESP=2
20907028	42	STIM=t
20915104	42	RESP=1
20923638	42	STIM=6
20928609	42	RESP=2
20940139	42	STIM=q
20946948	42	RESP=1
20958902	42	STIM=d
20963110	42	RESP=1
20976683	42	STIM=j
20980674	42	RESP=1
20993136	42	STIM=a
20998029	42	RESP=1
21008978	42	STIM=t
21012864	42	RESP=1
21026973	42	STIM=x
21033462	42	RESP=1
21044168	42	STIM=7
21055292	42	RESP=2
21060176	42	STIM=d
21067072	42	RESP=1
21078337	42	STIM=l
21086756	42	RESP=1
21096757	42	STIM=4
21104851	42	RESP=2
21115376	42	STIM=w
21120385	42	RESP=1
21130561	42	STIM=j
21134252	42	RESP=1
21145717	42	STIM=s
21153600	42	RESP=1
21163884	42	STIM=l
21169630	42	RESP=1
21178928	42	STIM=n
21184996	42	RESP=1
21195972	42	STIM=e
21199553	42	RESP=1
21211496	42	STIM=3
21216043	42	RESP=2
21230250	42	STIM=y
21234834	42	RESP=1
21248403	42	STIM=n
21254826	42	RESP=1
21264951	42	STIM=m
21276457	42	RESP=2
21281252	42	STIM=c
21285359	42	RESP=1
21297399	42	STIM=w
21303124	42	RESP=1
21315278	42	STIM=p
21321139	42	RESP=1
21332274	42	STIM=4
21337376	42	RESP=2
21349450	42	STIM=9
21355045	42	RESP=2
21364857	42	STIM=9
21370768	42	RESP=2
21380094	42	STIM=f
21384670	42	RESP=1
21398011	42	STIM=6
21407479	42	RESP=2
21416398	42	STIM=x
21421363	42	RESP=1
21432101	42	STIM=4
21437275	42	RESP=1
21450200	42	STIM=x
21454125	42	RESP=1
21468088	42	STIM=m
21472383	42	RESP=1
21485289	42	STIM=d
21491201	42	RESP=1
21503587	42	STIM=9
21511896	42	RESP=2
21521713	42	STIM=4
21527275	42	RESP=1
21537304	42	STIM=w
21542264	42	RESP=2
21555600	42	STIM=q
21559701	42	RESP=1
21573110	42	STIM=z
21579473	42	RESP=1
21589551	42	STIM=b
21595536	42	RESP=1
21607530	42	STIM=q
21613204	42	RESP=1
21626009	42	STIM=b
21632512	42	RESP=1
21641530	42	STIM=8
21646764	42	RESP=2
21660254	42	STIM=m
21662979	42	RESP=1
21678515	42	STIM=s
21688496	42	RESP=1
21694794	42	STIM=p
21705557	42	RESP=1
21713723	42	STIM=s
21720264	42	RESP=1
21729933	42	STIM=0
21735629	42	RESP=2
21748800	42	STIM=9
21753062	42	RESP=1
