# Original filename: 0018_ZST_2016-12-26.log
# Time unit: 100 us
# RARECAT=digit
#
# Time	HHGG	Event
29975	42	STIM=d
38456	42	RESP=1
45347	42	STIM=k
51464	42	RESP=1
62740	42	STIM=g
65880	42	RESP=1
79555	42	STIM=g
82095	42	RESP=1
98385	42	STIM=u
113611	42	RESP=1
116209	42	STIM=x
124371	42	RESP=1
133425	42	STIM=x
139350	42	RESP=1
148925	42	STIM=c
151966	42	RESP=1
164878	42	STIM=a
169124	42	RESP=1
182391	42	STIM=s
186781	42	RESP=1
199828	42	STIM=k
203415	42	RESP=1
214832	42	STIM=w
225438	42	RESP=1
230498	42	STIM=1
234848	42	RESP=2
247256	42	STIM=e
251873	42	RESP=1
262720	42	STIM=0
269718	42	RESP=2
278604	42	STIM=g
285383	42	RESP=1
295983	42	STIM=z
304352	42	RESP=1
311798	42	STIM=m
315943	42	RESP=1
328672	42	STIM=i
335514	42	RESP=1
347560	42	STIM=a
352614	42	RESP=1
364827	42	STIM=y
368444	42	RESP=1
382006	42	STIM=4
386875	42	RESP=2
399670	42	STIM=i
404581	42	RESP=1
415528	42	STIM=v
421007	42	RESP=1
434265	42	STIM=e
439197	42	RESP=1
450504	42	STIM=s
455949	42	RESP=1
469369	42	STIM=m
475311	42	RESP=1
486608	42	STIM=x
493591	42	RESP=1
504251	42	STIM=q
508265	42	RESP=1
523075	42	STIM=p
526562	42	RESP=1
540989	42	STIM=e
545674	42	RESP=1
559653	42	STIM=v
567522	42	RESP=1
576097	42	STIM=z
580149	42	RESP=1
594037	42	STIM=7
600520	42	RESP=2
612057	42	STIM=w
615573	42	RESP=1
630928	42	STIM=9
636112	42	RESP=2
647329	42	STIM=u
654218	42	RESP=1
666261	42	STIM=l
669903	42	RESP=1
683897	42	STIM=a
687976	42	RESP=1
699075	42	STIM=g
702376	42	RESP=1
717948	42	STIM=d
721712	42	RESP=1
735864	42	STIM=h
741518	42	RESP=1
751385	42	STIM=f
758916	42	RESP=1
770265	42	STIM=7
777713	42	RESP=2
788991	42	STIM=f
794726	42	RESP=1
806356	42	STIM=0
810782	42	RESP=2
822518	42	STIM=s
827086	42	RESP=1
838611	42	STIM=w
846118	42	RESP=1
855336	42	STIM=l
860557	42	RESP=1
871486	42	STIM=y
874933	42	RESP=1
886686	42	STIM=f
890334	42	RESP=1
904280	42	STIM=t
907546	42	RESP=1
920648	42	STIM=k
925421	42	RESP=1
937412	42	STIM=4
940856	42	RESP=2
953803	42	STIM=x
958435	42	RESP=1
971904	42	STIM=h
976051	42	RESP=1
987788	42	STIM=w
994232	42	RESP=1
1005698	42	STIM=r
1012486	42	RESP=1
1021489	42	STIM=t
1024907	42	RESP=1
1040306	42	STIM=q
1043838	42	RESP=1
1056885	42	STIM=c
1064666	42	RESP=1
1073441	42	STIM=f
1078030	42	RESP=2
1091847	42	STIM=o
1096788	42	RESP=1
1107201	42	STIM=k
1111863	42	RESP=1
1124590	42	STIM=8
1129253	42	RESP=2
1142626	42	STIM=z
1146826	42	RESP=1
1158144	42	STIM=9
1163855	42	RESP=2
1174246	42	STIM=n
1177424	42	RESP=1
1189467	42	STIM=w
1193611	42	RESP=1
1204869	42	STIM=9
1214391	42	RESP=2
1223237	42	STIM=w
1229255	42	RESP=1
1241559	42	STIM=4
1247356	42	RESP=2
1256747	42	STIM=y
1259402	42	RESP=1
1273750	42	STIM=d
1278260	42	RESP=1
1288804	42	STIM=c
1292107	42	RESP=1
1306210	42	STIM=w
1312758	42	RESP=1
1324867	42	STIM=c
1332788	42	RESP=1
1342929	42	STIM=b
1346838	42	RESP=1
1359678	42	STIM=h
1363056	42	RESP=1
1376578	42	STIM=a
1381806	42	RESP=1
1393388	42	STIM=j
1397407	42	RESP=1
1409147	42	STIM=u
1414970	42	RESP=1
1426674	42	STIM=f
1430697	42	RESP=1
1443211	42	STIM=i
1448501	42	RESP=1
1460436	42	STIM=t
1466529	42	RESP=1
1479375	42	STIM=y
1483895	42	RESP=1
1494391	42	STIM=9
1499190	42	RESP=2
1512435	42	STIM=g
1516055	42	RESP=1
1528380	42	STIM=q
1531732	42	RESP=1
1544407	42	STIM=c
1547359	42	RESP=1
1563072	42	STIM=j
1567387	42	RESP=1
1579557	42	STIM=d
1582247	42	RESP=1
1596343	42	STIM=u
1601610	42	RESP=1
1613154	42	STIM=l
1619595	42	RESP=1
1631252	42	STIM=t
1636639	42	RESP=1
1649986	42	STIM=i
1654398	42	RESP=1
1666060	42	STIM=l
1668688	42	RESP=1
1682766	42	STIM=9
1688521	42	RESP=2
1700221	42	STIM=s
1703146	42	RESP=1
1719169	42	STIM=8
1725745	42	RESP=2
1737288	42	STIM=0
1742715	42	RESP=1
1754146	42	STIM=b
1757039	42	RESP=1
1771989	42	STIM=p
1775825	42	RESP=1
1789827	42	STIM=6
1794062	42	RESP=1
1808769	42	STIM=1
1813241	42	RESP=2
1824673	42	STIM=x
1829475	42	RESP=1
1841360	42	STIM=o
1846363	42	RESP=1
1856423	42	STIM=0
1861783	42	RESP=2
1871609	42	STIM=4
1876601	42	RESP=2
1888699	42	STIM=o
1893827	42	RESP=1
1907346	42	STIM=x
1917283	42	RESP=1
1922626	42	STIM=9
1928295	42	RESP=2
1939632	42	STIM=q
1943856	42	RESP=1
1957972	42	STIM=1
1961076	42	RESP=2
1976312	42	STIM=i
1990580	42	RESP=1
1992520	42	STIM=e
1996824	42	RESP=1
2010284	42	STIM=7
2014603	42	RESP=2
2027496	42	STIM=9
2035096	42	RESP=2
2043402	42	STIM=u
2054049	42	RESP=1
2060477	42	STIM=n
2065466	42	RESP=1
2079146	42	STIM=i
2084890	42	RESP=1
2095674	42	STIM=s
2101985	42	RESP=1
2111474	42	STIM=v
2117293	42	RESP=1
2130386	42	STIM=d
2134284	42	RESP=1
2149380	42	STIM=h
2152730	42	RESP=1
2167841	42	STIM=l
2173505	42	RESP=1
2184498	42	STIM=f
2189259	42	RESP=1
2199843	42	STIM=q
2206407	42	RESP=1
2217210	42	STIM=r
2221606	42	RESP=1
2233812	42	STIM=s
2237157	42	RESP=1
2250683	42	STIM=x
2253940	42	RESP=1
2267495	42	STIM=o
2270968	42	RESP=1
2285077	42	STIM=i
2289969	42	RESP=1
2302380	42	STIM=v
2309702	42	RESP=1
2318722	42	STIM=m
2321487	42	RESP=1
2337315	42	STIM=4
2341030	42	RESP=2
2353723	42	STIM=t
2357723	42	RESP=1
2371599	42	STIM=n
2375911	42	RESP=1
2388304	42	STIM=u
2391766	42	RESP=2
2404282	42	STIM=d
2409732	42	RESP=1
2421780	42	STIM=i
2428157	42	RESP=1
2440022	42	STIM=i
2444071	42	RESP=1
2455204	42	STIM=i
2459973	42	RESP=1
2473656	42	STIM=p
2476913	42	RESP=1
2490305	42	STIM=h
2494048	42	RESP=1
2507252	42	STIM=7
2515303	42	RESP=2
2523752	42	STIM=w
2526378	42	RESP=1
2540899	42	STIM=l
2545919	42	RESP=1
2558978	42	STIM=h
2562201	42	RESP=1
2577005	42	STIM=a
2580549	42	RESP=1
2592188	42	STIM=b
2595664	42	RESP=1
2607798	42	STIM=w
2610540	42	RESP=1
2625853	42	STIM=a
2631109	42	RESP=2
2642735	42	STIM=s
2647237	42	RESP=2
2659555	42	STIM=z
2665277	42	RESP=1
2678101	42	STIM=t
2682573	42	RESP=1
2694668	42	STIM=l
2698246	42	RESP=1
2712022	42	STIM=j
2715799	42	RESP=1
2729941	42	STIM=f
2734227	42	RESP=1
2747225	42	STIM=o
2754114	42	RESP=1
2763417	42	STIM=1
2767114	42	RESP=2
2781929	42	STIM=5
2786285	42	RESP=1
2797555	42	STIM=g
2800537	42	RESP=1
2813055	42	STIM=j
2818741	42	RESP=1
2831832	42	STIM=u
2838616	42	RESP=1
2848164	42	STIM=o
2852849	42	RESP=2
2866673	42	STIM=7
2871120	42	RESP=2
2882184	42	STIM=8
2885851	42	RESP=1
2900843	42	STIM=0
2905372	42	RESP=2
2917235	42	STIM=8
2921485	42	RESP=2
2936051	42	STIM=2
2941160	42	RESP=1
2954042	42	STIM=f
2957347	42	RESP=1
2972594	42	STIM=3
2977668	42	RESP=2
2988479	42	STIM=1
2992141	42	RESP=2
3005632	42	STIM=b
3010398	42	RESP=1
3021053	42	STIM=s
3024455	42	RESP=1
3038976	42	STIM=m
3043499	42	RESP=1
3056129	42	STIM=5
3062315	42	RESP=2
3071566	42	STIM=m
3075362	42	RESP=1
3089667	42	STIM=a
3094765	42	RESP=1
3108002	42	STIM=b
3111483	42	RESP=1
3126813	42	STIM=n
3130918	42	RESP=1
3145430	42	STIM=t
3148635	42	RESP=1
3161879	42	STIM=6
3166398	42	RESP=2
3180141	42	STIM=2
3185338	42	RESP=2
3198620	42	STIM=c
3203502	42	RESP=1
3215256	42	STIM=4
3219249	42	RESP=2
3232505	42	STIM=t
3238308	42	RESP=1
3250254	42	STIM=u
3255538	42	RESP=1
3267445	42	STIM=g
3274233	42	RESP=1
3282465	42	STIM=p
3290536	42	RESP=1
3301463	42	STIM=i
3306916	42	RESP=1
3316536	42	STIM=1
3321073	42	RESP=2
3333895	42	STIM=n
3338986	42	RESP=1
3350920	42	STIM=m
3360258	42	RESP=1
3366246	42	STIM=b
3369940	42	RESP=1
3383027	42	STIM=j
3388602	42	RESP=1
3400095	42	STIM=q
3404225	42	RESP=1
3415806	42	STIM=h
3419437	42	RESP=1
3431178	42	STIM=i
3438699	42	RESP=1
3446255	42	STIM=f
3451271	42	RESP=1
3464039	42	STIM=j
3469334	42	RESP=1
3482523	42	STIM=z
3488043	42	RESP=1
3500856	42	STIM=l
3504537	42	RESP=1
3516971	42	STIM=j
3520859	42	RESP=1
3534322	42	STIM=n
3544745	42	RESP=1
3551611	42	STIM=f
3556239	42	RESP=1
3566963	42	STIM=0
3572494	42	RESP=2
3584321	42	STIM=r
3590563	42	RESP=1
3600156	42	STIM=r
3603050	42	RESP=1
3616741	42	STIM=v
3622119	42	RESP=1
3631944	42	STIM=e
3637168	42	RESP=1
3649428	42	STIM=i
3653276	42	RESP=1
3664532	42	STIM=k
3673296	42	RESP=1
3682982	42	STIM=x
3687986	42	RESP=1
3700364	42	STIM=8
3707971	42	RESP=2
3717851	42	STIM=r
3721832	42	RESP=1
3736353	42	STIM=p
3740086	42	RESP=1
3754373	42	STIM=s
3759897	42	RESP=1
3770543	42	STIM=a
3775079	42	RESP=1
3787273	42	STIM=m
3793302	42	RESP=2
3803377	42	STIM=i
3808209	42	RESP=2
3820603	42	STIM=u
3824512	42	RESP=1
3835959	42	STIM=k
3842087	42	RESP=1
3850982	42	STIM=e
3854696	42	RESP=1
3866164	42	STIM=7
3873008	42	RESP=2
3883718	42	STIM=k
3889884	42	RESP=1
3902070	42	STIM=n
3906250	42	RESP=1
3919266	42	STIM=u
3925835	42	RESP=1
3935591	42	STIM=x
3940653	42	RESP=1
3953433	42	STIM=h
3956071	42	RESP=1
3971775	42	STIM=i
3982029	42	RESP=1
3987111	42	STIM=e
3993439	42	RESP=1
4003743	42	STIM=v
4008243	42	RESP=1
4019505	42	STIM=p
4025641	42	RESP=1
4036515	42	STIM=i
4040935	42	RESP=1
4055429	42	STIM=6
4058894	42	RESP=2
4072444	42	STIM=8
4078156	42	RESP=2
4087721	42	STIM=g
4093579	42	RESP=1
4105841	42	STIM=5
4111298	42	RESP=2
4123575	42	STIM=f
4131438	42	RESP=1
4138761	42	STIM=f
4144725	42	RESP=1
4157606	42	STIM=h
4162331	42	RESP=1
4175543	42	STIM=7
4179420	42	RESP=2
4194515	42	STIM=f
4202010	42	RESP=1
4211981	42	STIM=5
4217379	42	RESP=2
4229508	42	STIM=q
4235329	42	RESP=1
4246355	42	STIM=j
4250368	42	RESP=1
4262919	42	STIM=j
4269816	42	RESP=1
4279948	42	STIM=k
4288551	42	RESP=1
4297150	42	STIM=y
4301586	42	RESP=1
4315868	42	STIM=w
4325095	42	RESP=1
4332584	42	STIM=j
4335865	42	RESP=1
4348274	42	STIM=0
4353869	42	RESP=1
4366784	42	STIM=6
4373431	42	RESP=2
4383900	42	STIM=t
4390760	42	RESP=1
4402391	42	STIM=c
4407692	42	RESP=1
4419842	42	STIM=p
4424360	42	RESP=2
4436273	42	STIM=y
4442438	42	RESP=1
4453938	42	STIM=t
4457718	42	RESP=1
4469246	42	STIM=x
4473396	42	RESP=1
4487928	42	STIM=f
4492478	42	RESP=1
4503902	42	STIM=x
4510325	42	RESP=1
4519918	42	STIM=8
4524456	42	RESP=2
4535628	42	STIM=8
4540167	42	RESP=2
4551427	42	STIM=0
4555800	42	RESP=2
4568922	42	STIM=r
4573244	42	RESP=1
4584989	42	STIM=r
4591176	42	RESP=1
4601108	42	STIM=3
4605560	42	RESP=2
4616591	42	STIM=s
4621764	42	RESP=1
4634471	42	STIM=l
4640412	42	RESP=1
4650107	42	STIM=m
4658268	42	RESP=1
4667555	42	STIM=5
4675036	42	RESP=2
4684323	42	STIM=s
4689039	42	RESP=1
4701130	42	STIM=5
4705474	42	RESP=2
4719526	42	STIM=a
4723580	42	RESP=1
4738221	42	STIM=m
4742693	42	RESP=1
4756523	42	STIM=t
4761124	42	RESP=1
4774798	42	STIM=z
4781028	42	RESP=1
4792921	42	STIM=u
4795772	42	RESP=1
4810677	42	STIM=q
4816849	42	RESP=1
4829573	42	STIM=j
4833730	42	RESP=1
4847326	42	STIM=7
4851859	42	RESP=2
4862665	42	STIM=n
4866415	42	RESP=1
4878162	42	STIM=l
4882060	42	RESP=1
4894061	42	STIM=4
4898470	42	RESP=2
4910101	42	STIM=e
4913040	42	RESP=1
4927687	42	STIM=v
4931469	42	RESP=1
4945572	42	STIM=o
4952905	42	RESP=1
4961755	42	STIM=v
4966574	42	RESP=1
4978211	42	STIM=o
4982796	42	RESP=2
4995999	42	STIM=z
5002088	42	RESP=1
5012960	42	STIM=g
5017173	42	RESP=1
5029032	42	STIM=q
5031685	42	RESP=1
5044633	42	STIM=g
5047504	42	RESP=1
5061568	42	STIM=6
5067067	42	RESP=2
5078396	42	STIM=u
5082033	42	RESP=1
5096300	42	STIM=g
5100592	42	RESP=1
5112456	42	STIM=l
5117587	42	RESP=1
5130748	42	STIM=i
5136808	42	RESP=1
5149695	42	STIM=p
5157341	42	RESP=1
5166921	42	STIM=o
5170404	42	RESP=1
5185354	42	STIM=4
5189415	42	RESP=2
5203424	42	STIM=8
5208539	42	RESP=2
5220018	42	STIM=r
5225042	42	RESP=1
5237494	42	STIM=a
5244399	42	RESP=1
5253397	42	STIM=i
5258211	42	RESP=1
5269049	42	STIM=u
5272944	42	RESP=2
5286774	42	STIM=0
5292942	42	RESP=2
5302503	42	STIM=9
5307459	42	RESP=2
5320925	42	STIM=x
5328257	42	RESP=1
5339571	42	STIM=k
5344137	42	RESP=1
5355129	42	STIM=n
5361510	42	RESP=1
5372088	42	STIM=9
5379340	42	RESP=2
5390730	42	STIM=j
5395661	42	RESP=1
5406911	42	STIM=i
5412698	42	RESP=1
5422661	42	STIM=o
5426583	42	RESP=1
5441061	42	STIM=u
5445704	42	RESP=1
5459925	42	STIM=o
5465544	42	RESP=1
5476848	42	STIM=y
5480787	42	RESP=1
5493578	42	STIM=y
5496367	42	RESP=1
5510999	42	STIM=s
5516190	42	RESP=1
5526261	42	STIM=t
5530184	42	RESP=1
5543570	42	STIM=j
5546179	42	RESP=1
5559740	42	STIM=7
5563893	42	RESP=2
5575319	42	STIM=s
5581593	42	RESP=1
5593880	42	STIM=m
5597009	42	RESP=1
5610366	42	STIM=0
5617793	42	RESP=2
5627558	42	STIM=4
5634247	42	RESP=1
5644740	42	STIM=v
5647930	42	RESP=1
5661992	42	STIM=j
5665927	42	RESP=1
5680966	42	STIM=p
5687962	42	RESP=1
5698833	42	STIM=d
5703327	42	RESP=1
5717656	42	STIM=p
5722048	42	RESP=1
5736053	42	STIM=8
5739549	42	RESP=2
5754311	42	STIM=c
5762089	42	RESP=1
5772009	42	STIM=b
5778449	42	RESP=2
5787810	42	STIM=u
5792936	42	RESP=1
5803016	42	STIM=f
5807427	42	RESP=1
5822010	42	STIM=i
5828843	42	RESP=1
5839657	42	STIM=n
5844941	42	RESP=1
5855564	42	STIM=t
5861959	42	RESP=1
5874244	42	STIM=v
5877890	42	RESP=1
5891983	42	STIM=j
5895335	42	RESP=1
5910646	42	STIM=6
5919995	42	RESP=2
5928891	42	STIM=h
5933503	42	RESP=1
5943983	42	STIM=c
5948382	42	RESP=1
5960706	42	STIM=m
5964756	42	RESP=1
5976972	42	STIM=5
5985635	42	RESP=2
5993110	42	STIM=p
6000956	42	RESP=1
6011526	42	STIM=4
6016163	42	RESP=2
6028233	42	STIM=s
6032110	42	RESP=1
6043916	42	STIM=3
6049476	42	RESP=2
6060955	42	STIM=k
6068441	42	RESP=2
6079502	42	STIM=k
6085908	42	RESP=1
6095805	42	STIM=5
6100471	42	RESP=2
6112865	42	STIM=l
6118664	42	RESP=1
6130718	42	STIM=7
6138328	42	RESP=2
6146996	42	STIM=h
6156601	42	RESP=1
6165968	42	STIM=4
6172216	42	RESP=2
6183712	42	STIM=2
6187999	42	RESP=2
6201277	42	STIM=6
6214441	42	RESP=2
6217573	42	STIM=4
6222349	42	RESP=2
6235869	42	STIM=e
6239347	42	RESP=1
6251900	42	STIM=g
6255377	42	RESP=1
6266920	42	STIM=y
6271268	42	RESP=1
6282023	42	STIM=7
6290554	42	RESP=2
6300728	42	STIM=r
6304615	42	RESP=1
6318396	42	STIM=r
6323664	42	RESP=1
6333586	42	STIM=a
6343378	42	RESP=1
6351187	42	STIM=u
6355781	42	RESP=1
6369560	42	STIM=p
6377064	42	RESP=1
6385985	42	STIM=l
6390597	42	RESP=1
6401165	42	STIM=c
6405343	42	RESP=1
6418210	42	STIM=o
6421736	42	RESP=1
6436768	42	STIM=j
6441688	42	RESP=2
6454093	42	STIM=k
6456866	42	RESP=1
6470037	42	STIM=t
6473480	42	RESP=1
6486711	42	STIM=r
6489752	42	RESP=1
6505632	42	STIM=l
6509120	42	RESP=1
6521671	42	STIM=s
6527696	42	RESP=1
6539165	42	STIM=q
6542202	42	RESP=1
6557629	42	STIM=c
6560797	42	RESP=1
6574152	42	STIM=w
6579682	42	RESP=1
6589946	42	STIM=x
6593161	42	RESP=1
6605136	42	STIM=3
6609545	42	RESP=2
6621998	42	STIM=o
6626337	42	RESP=1
6640585	42	STIM=n
6643670	42	RESP=1
6657635	42	STIM=m
6662212	42	RESP=1
6672797	42	STIM=7
6679269	42	RESP=2
6690054	42	STIM=a
6695331	42	RESP=1
6706982	42	STIM=d
6711822	42	RESP=1
6725221	42	STIM=f
6728000	42	RESP=1
6741757	42	STIM=6
6747383	42	RESP=2
6758304	42	STIM=s
6765044	42	RESP=1
6774392	42	STIM=n
6777630	42	RESP=1
6791301	42	STIM=f
6797695	42	RESP=1
6807862	42	STIM=x
6812327	42	RESP=1
6826326	42	STIM=w
6830756	42	RESP=1
6842190	42	STIM=q
6845485	42	RESP=1
6858598	42	STIM=t
6866130	42	RESP=1
6876991	42	STIM=k
6882408	42	RESP=1
6894365	42	STIM=2
6899999	42	RESP=2
6911176	42	STIM=l
6914164	42	RESP=1
6929526	42	STIM=2
6932591	42	RESP=2
6947471	42	STIM=f
6951124	42	RESP=1
6965483	42	STIM=m
6969173	42	RESP=1
6982745	42	STIM=s
6988244	42	RESP=1
6998982	42	STIM=1
7003605	42	RESP=2
7017314	42	STIM=r
7023503	42	RESP=1
7034413	42	STIM=4
7039170	42	RESP=2
7051596	42	STIM=p
7054980	42	RESP=1
7067414	42	STIM=a
7071811	42	RESP=1
7085735	42	STIM=f
7091157	42	RESP=1
7101748	42	STIM=5
7106104	42	RESP=2
7119889	42	STIM=6
7124765	42	RESP=2
7138852	42	STIM=l
7147031	42	RESP=1
7156832	42	STIM=g
7159597	42	RESP=1
7173426	42	STIM=j
7177580	42	RESP=1
7189105	42	STIM=t
7195787	42	RESP=1
7205850	42	STIM=m
7212553	42	RESP=1
7223142	42	STIM=c
7226989	42	RESP=1
7241490	42	STIM=1
7245308	42	RESP=2
7256844	42	STIM=y
7260267	42	RESP=1
7274634	42	STIM=w
7280248	42	RESP=1
7292101	42	STIM=r
7297305	42	RESP=2
7308490	42	STIM=q
7313449	42	RESP=1
7324052	42	STIM=s
7327676	42	RESP=1
7339179	42	STIM=1
7343533	42	RESP=2
7356720	42	STIM=7
7363271	42	RESP=2
7371790	42	STIM=8
7377325	42	RESP=1
7388071	42	STIM=g
7392777	42	RESP=1
7406443	42	STIM=6
7410963	42	RESP=2
7422377	42	STIM=h
7430910	42	RESP=1
7440480	42	STIM=a
7447297	42	RESP=1
7458970	42	STIM=v
7462062	42	RESP=1
7474301	42	STIM=z
7478672	42	RESP=1
7489462	42	STIM=v
7494912	42	RESP=1
7506994	42	STIM=v
7513447	42	RESP=1
7525537	42	STIM=2
7531338	42	RESP=2
7542466	42	STIM=f
7545767	42	RESP=1
7560396	42	STIM=i
7565216	42	RESP=1
7578268	42	STIM=7
7583739	42	RESP=2
7594784	42	STIM=1
7604233	42	RESP=2
7613290	42	STIM=4
7616974	42	RESP=2
7629334	42	STIM=6
7635332	42	RESP=2
7647698	42	STIM=1
7654080	42	RESP=2
7663201	42	STIM=m
7669264	42	RESP=1
7680478	42	STIM=s
7685402	42	RESP=1
7696771	42	STIM=h
7703668	42	RESP=1
7715524	42	STIM=1
7722136	42	RESP=2
7733575	42	STIM=b
7740919	42	RESP=2
7752057	42	STIM=4
7760111	42	RESP=2
7767808	42	STIM=a
7772032	42	RESP=1
7786120	42	STIM=h
7792940	42	RESP=1
7802240	42	STIM=w
7807070	42	RESP=1
7820418	42	STIM=r
7828814	42	RESP=1
7837719	42	STIM=u
7842876	42	RESP=1
7855018	42	STIM=o
7858817	42	RESP=1
7871892	42	STIM=n
7875091	42	RESP=1
7889024	42	STIM=t
7894673	42	RESP=1
7906646	42	STIM=b
7910280	42	RESP=1
7923337	42	STIM=j
7932563	42	RESP=1
7939800	42	STIM=i
7945121	42	RESP=1
7956242	42	STIM=f
7961360	42	RESP=1
7971343	42	STIM=r
7975391	42	RESP=1
7987773	42	STIM=g
7995303	42	RESP=1
8005974	42	STIM=l
8010219	42	RESP=1
8024772	42	STIM=p
8027695	42	RESP=1
8041771	42	STIM=z
8045575	42	RESP=1
8058149	42	STIM=a
8061639	42	RESP=1
8075473	42	STIM=b
8080095	42	RESP=2
8093879	42	STIM=9
8097428	42	RESP=2
8109211	42	STIM=1
8115867	42	RESP=2
8125675	42	STIM=a
8133899	42	RESP=2
8142409	42	STIM=u
8147741	42	RESP=2
8158671	42	STIM=8
8164352	42	RESP=2
8176164	42	STIM=m
8180596	42	RESP=1
8194908	42	STIM=8
8203036	42	RESP=2
8210825	42	STIM=s
8215495	42	RESP=2
8227076	42	STIM=m
8231632	42	RESP=1
8245634	42	STIM=g
8249263	42	RESP=1
8261863	42	STIM=4
8265989	42	RESP=2
8277570	42	STIM=r
8281545	42	RESP=1
8294696	42	STIM=z
8298765	42	RESP=1
8311281	42	STIM=3
8314895	42	RESP=2
8330020	42	STIM=d
8338442	42	RESP=1
8346818	42	STIM=t
8354345	42	RESP=1
8364572	42	STIM=j
8373294	42	RESP=1
8381193	42	STIM=2
8385933	42	RESP=1
8398160	42	STIM=l
8404210	42	RESP=1
8416195	42	STIM=c
8423715	42	RESP=1
8434989	42	STIM=y
8440900	42	RESP=1
8451254	42	STIM=n
8455434	42	RESP=1
8468179	42	STIM=y
8471719	42	RESP=1
8485886	42	STIM=u
8490082	42	RESP=1
8503304	42	STIM=k
8506831	42	RESP=1
8521675	42	STIM=m
8527667	42	RESP=1
8540491	42	STIM=1
8548127	42	RESP=2
8556386	42	STIM=t
8560166	42	RESP=1
8574482	42	STIM=g
8581326	42	RESP=1
8590521	42	STIM=m
8598184	42	RESP=1
8607739	42	STIM=5
8614708	42	RESP=2
8625106	42	STIM=q
8630562	42	RESP=1
8643812	42	STIM=w
8648259	42	RESP=1
8659969	42	STIM=c
8665689	42	RESP=1
8676025	42	STIM=s
8681647	42	RESP=1
8691987	42	STIM=z
8696131	42	RESP=1
8709318	42	STIM=9
8714538	42	RESP=2
8725658	42	STIM=x
8729670	42	RESP=1
8741948	42	STIM=8
8749079	42	RESP=2
8757916	42	STIM=n
8764147	42	RESP=2
8773553	42	STIM=e
8777189	42	RESP=1
8792482	42	STIM=m
8797996	42	RESP=1
8811186	42	STIM=1
8814833	42	RESP=2
8826500	42	STIM=k
8832531	42	RESP=1
8842965	42	STIM=0
8846611	42	RESP=2
8858610	42	STIM=s
8866268	42	RESP=1
8874406	42	STIM=s
8877330	42	RESP=1
8890865	42	STIM=t
8895752	42	RESP=1
8906376	42	STIM=7
8909868	42	RESP=2
8925287	42	STIM=p
8928646	42	RESP=1
8943944	42	STIM=r
8948863	42	RESP=1
8959743	42	STIM=s
8962774	42	RESP=1
8977231	42	STIM=k
8982441	42	RESP=1
8993640	42	STIM=v
8998040	42	RESP=1
9011749	42	STIM=o
9015564	42	RESP=1
9030566	42	STIM=p
9036909	42	RESP=1
9046630	42	STIM=n
9052185	42	RESP=1
9062985	42	STIM=y
9068934	42	RESP=1
9081738	42	STIM=f
9085135	42	RESP=1
9097048	42	STIM=1
9102263	42	RESP=2
9114240	42	STIM=3
9122055	42	RESP=2
9131316	42	STIM=l
9133792	42	RESP=1
9148047	42	STIM=g
9151004	42	RESP=1
9166849	42	STIM=5
9170401	42	RESP=2
9184657	42	STIM=3
9192909	42	RESP=2
9203008	42	STIM=d
9209065	42	RESP=1
9218811	42	STIM=s
9223358	42	RESP=1
9234022	42	STIM=2
9238312	42	RESP=2
9249302	42	STIM=q
9254293	42	RESP=1
9266363	42	STIM=2
9275517	42	RESP=2
9283456	42	STIM=b
9289596	42	RESP=1
9299640	42	STIM=l
9303177	42	RESP=1
9315805	42	STIM=b
9319740	42	RESP=1
9333285	42	STIM=5
9341421	42	RESP=2
9351442	42	STIM=u
9355556	42	RESP=1
9366601	42	STIM=o
9373061	42	RESP=1
9383049	42	STIM=1
9388537	42	RESP=2
9401610	42	STIM=j
9405601	42	RESP=1
9420553	42	STIM=5
9425425	42	RESP=2
9436422	42	STIM=o
9443609	42	RESP=2
9454587	42	STIM=i
9460534	42	RESP=1
9473135	42	STIM=z
9477815	42	RESP=1
9489603	42	STIM=z
9492580	42	RESP=1
9506162	42	STIM=x
9509371	42	RESP=1
9525049	42	STIM=g
9529197	42	RESP=1
9542960	42	STIM=f
9548358	42	RESP=1
9561021	42	STIM=r
9567444	42	RESP=1
9579712	42	STIM=6
9583575	42	RESP=2
9594993	42	STIM=g
9604428	42	RESP=1
9611387	42	STIM=d
9614560	42	RESP=1
9630182	42	STIM=x
9633595	42	RESP=1
9648903	42	STIM=n
9656503	42	RESP=1
9664226	42	STIM=x
9670142	42	RESP=1
9681191	42	STIM=5
9693562	42	RESP=2
9697488	42	STIM=8
9701683	42	RESP=2
9713588	42	STIM=e
9716757	42	RESP=1
9729750	42	STIM=s
9735749	42	RESP=1
9747088	42	STIM=y
9751407	42	RESP=1
9762508	42	STIM=j
9767650	42	RESP=1
9779144	42	STIM=k
9785651	42	RESP=1
9796034	42	STIM=b
9801963	42	RESP=1
9814780	42	STIM=2
9819130	42	RESP=2
9830092	42	STIM=2
9837324	42	RESP=2
9847308	42	STIM=n
9850960	42	RESP=1
9862715	42	STIM=d
9866261	42	RESP=1
9879213	42	STIM=a
9883011	42	RESP=1
9897739	42	STIM=h
9903494	42	RESP=1
9913948	42	STIM=a
9917585	42	RESP=1
9931932	42	STIM=f
9936370	42	RESP=1
9947805	42	STIM=4
9951379	42	RESP=2
9963524	42	STIM=i
9966154	42	RESP=1
9981511	42	STIM=0
9985611	42	RESP=2
9999204	42	STIM=l
10003543	42	RESP=1
10014347	42	STIM=i
10020142	42	RESP=1
10029617	42	STIM=7
10035308	42	RESP=2
10044773	42	STIM=e
10048131	42	RESP=1
10063349	42	STIM=q
10069612	42	RESP=1
10081018	42	STIM=y
10086634	42	RESP=1
10099459	42	STIM=u
10103241	42	RESP=1
10114619	42	STIM=q
10119701	42	RESP=1
10133493	42	STIM=z
10137136	42	RESP=1
10150723	42	STIM=4
10157077	42	RESP=1
10168222	42	STIM=k
10171431	42	RESP=1
10183989	42	STIM=l
10188577	42	RESP=1
10199815	42	STIM=e
10202949	42	RESP=1
10215241	42	STIM=a
10219237	42	RESP=1
10232660	42	STIM=i
10237358	42	RESP=1
10249001	42	STIM=b
10253063	42	RESP=1
10266312	42	STIM=o
10270120	42	RESP=1
10283111	42	STIM=p
10287076	42	RESP=1
10299377	42	STIM=4
10304252	42	RESP=2
10316621	42	STIM=d
10323846	42	RESP=1
10333563	42	STIM=l
10340171	42	RESP=1
10349665	42	STIM=m
10354588	42	RESP=1
10366613	42	STIM=t
10371630	42	RESP=1
10384374	42	STIM=j
10389096	42	RESP=1
10402367	42	STIM=o
10405822	42	RESP=1
10418669	42	STIM=7
10424005	42	RESP=2
10435710	42	STIM=y
10439325	42	RESP=1
10453935	42	STIM=1
10462070	42	RESP=2
10469807	42	STIM=k
10476196	42	RESP=1
10485646	42	STIM=a
10488656	42	RESP=1
10501593	42	STIM=d
10506579	42	RESP=1
10516802	42	STIM=t
10523059	42	RESP=1
10535056	42	STIM=6
10544174	42	RESP=2
10550609	42	STIM=m
10556766	42	RESP=1
10569250	42	STIM=w
10573451	42	RESP=1
10584351	42	STIM=7
10588612	42	RESP=2
10599809	42	STIM=v
10604926	42	RESP=1
10616604	42	STIM=o
10620533	42	RESP=1
10634782	42	STIM=v
10639699	42	RESP=1
10652756	42	STIM=0
10658317	42	RESP=2
10669174	42	STIM=z
10674468	42	RESP=1
10686038	42	STIM=9
10691412	42	RESP=2
10704211	42	STIM=i
10713105	42	RESP=1
10720854	42	STIM=y
10724776	42	RESP=1
10737048	42	STIM=v
10741016	42	RESP=1
10755069	42	STIM=h
10758890	42	RESP=1
10771405	42	STIM=p
10780230	42	RESP=1
10787605	42	STIM=8
10794187	42	RESP=2
10802767	42	STIM=m
10812294	42	RESP=1
10819007	42	STIM=f
10823303	42	RESP=1
10834422	42	STIM=x
10837685	42	RESP=1
10852177	42	STIM=c
10857917	42	RESP=1
10869080	42	STIM=5
10873628	42	RESP=2
10885565	42	STIM=t
10888738	42	RESP=1
10901171	42	STIM=r
10904669	42	RESP=1
10916690	42	STIM=n
10921039	42	RESP=2
10932008	42	STIM=5
10938655	42	RESP=2
10948041	42	STIM=h
10953525	42	RESP=2
10965536	42	STIM=k
10970718	42	RESP=1
10982045	42	STIM=b
10985451	42	RESP=1
10999335	42	STIM=h
11007806	42	RESP=1
11016238	42	STIM=d
11019514	42	RESP=1
11033833	42	STIM=1
11041864	42	RESP=2
11049292	42	STIM=w
11052910	42	RESP=1
11066390	42	STIM=w
11071546	42	RESP=1
11082824	42	STIM=w
11087695	42	RESP=1
11100748	42	STIM=1
11104930	42	RESP=2
11117149	42	STIM=9
11121312	42	RESP=2
11134674	42	STIM=r
11139028	42	RESP=1
11150141	42	STIM=f
11153822	42	RESP=1
11166524	42	STIM=p
11170088	42	RESP=1
11182829	42	STIM=n
11187410	42	RESP=1
11198676	42	STIM=1
11207622	42	RESP=2
11214806	42	STIM=q
11221691	42	RESP=1
11230913	42	STIM=f
11237937	42	RESP=1
11247359	42	STIM=m
11252830	42	RESP=1
11262628	42	STIM=t
11265595	42	RESP=1
11280659	42	STIM=f
11289840	42	RESP=2
11296586	42	STIM=q
11302343	42	RESP=1
11314404	42	STIM=d
11322044	42	RESP=1
11331382	42	STIM=m
11335776	42	RESP=1
11346427	42	STIM=i
11351626	42	RESP=1
11364364	42	STIM=d
11367146	42	RESP=2
11383320	42	STIM=r
11396037	42	RESP=1
11399810	42	STIM=e
11403482	42	RESP=2
11417932	42	STIM=q
11423384	42	RESP=1
11433804	42	STIM=q
11439152	42	RESP=1
11450698	42	STIM=y
11453495	42	RESP=1
11465979	42	STIM=3
11469847	42	RESP=2
11483748	42	STIM=i
11489039	42	RESP=2
11502668	42	STIM=t
11510481	42	RESP=1
11520766	42	STIM=m
11527460	42	RESP=1
11537696	42	STIM=o
11544848	42	RESP=1
11555208	42	STIM=b
11558644	42	RESP=1
11570725	42	STIM=n
11576579	42	RESP=1
11586471	42	STIM=r
11591851	42	RESP=1
11603810	42	STIM=h
11607964	42	RESP=1
11621976	42	STIM=a
11630326	42	RESP=1
11638697	42	STIM=o
11643446	42	RESP=1
11655795	42	STIM=n
11659254	42	RESP=1
11674105	42	STIM=w
11682503	42	RESP=1
11690593	42	STIM=q
11697344	42	RESP=1
11708326	42	STIM=m
11715113	42	RESP=1
11726457	42	STIM=1
11734018	42	RESP=2
11743677	42	STIM=y
11751000	42	RESP=1
11759413	42	STIM=y
11762371	42	RESP=1
11777910	42	STIM=w
11781973	42	RESP=1
11793959	42	STIM=y
11797492	42	RESP=1
11812610	42	STIM=d
11820342	42	RESP=1
11829719	42	STIM=u
11835428	42	RESP=1
11845792	42	STIM=y
11848843	42	RESP=1
11862209	42	STIM=u
11866777	42	RESP=1
11880891	42	STIM=y
11885367	42	RESP=1
11896583	42	STIM=e
11902063	42	RESP=1
11914345	42	STIM=b
11917679	42	RESP=1
11929586	42	STIM=3
11934302	42	RESP=2
11946988	42	STIM=b
11951395	42	RESP=1
11963330	42	STIM=d
11966577	42	RESP=1
11979923	42	STIM=r
11982832	42	RESP=1
11996057	42	STIM=8
11999792	42	RESP=2
12011490	42	STIM=j
12016508	42	RESP=1
12026674	42	STIM=o
12030989	42	RESP=1
12045547	42	STIM=j
12052828	42	RESP=1
12062981	42	STIM=k
12068548	42	RESP=1
12078422	42	STIM=g
12081594	42	RESP=1
12094830	42	STIM=u
12099281	42	RESP=1
12112155	42	STIM=w
12116315	42	RESP=1
12127204	42	STIM=d
12131770	42	RESP=1
12143941	42	STIM=x
12147281	42	RESP=1
12162686	42	STIM=5
12166686	42	RESP=2
12181092	42	STIM=h
12190497	42	RESP=1
12199930	42	STIM=h
12206261	42	RESP=1
12215466	42	STIM=2
12220667	42	RESP=2
12231174	42	STIM=w
12237096	42	RESP=1
12249757	42	STIM=0
12255413	42	RESP=2
12268391	42	STIM=n
12271568	42	RESP=1
12283796	42	STIM=z
12289215	42	RESP=1
12299420	42	STIM=i
12305017	42	RESP=1
12318399	42	STIM=3
12325210	42	RESP=2
12337155	42	STIM=d
12341424	42	RESP=1
12356055	42	STIM=c
12361064	42	RESP=1
12372653	42	STIM=g
12376069	42	RESP=1
12390624	42	STIM=1
12394409	42	RESP=2
12405813	42	STIM=l
12411780	42	RESP=1
12421856	42	STIM=d
12425030	42	RESP=1
12439709	42	STIM=w
12444155	42	RESP=1
12455934	42	STIM=f
12459669	42	RESP=1
12471000	42	STIM=e
12474906	42	RESP=1
12487174	42	STIM=i
12492860	42	RESP=1
12503302	42	STIM=z
12507207	42	RESP=1
12521780	42	STIM=n
12524643	42	RESP=1
12538636	42	STIM=p
12542050	42	RESP=1
12555399	42	STIM=a
12557992	42	RESP=1
12571557	42	STIM=g
12575772	42	RESP=2
12587740	42	STIM=o
12591760	42	RESP=1
12606480	42	STIM=q
12613018	42	RESP=1
12624264	42	STIM=p
12628040	42	RESP=1
12640318	42	STIM=g
12647664	42	RESP=1
12658347	42	STIM=j
12666364	42	RESP=1
12675360	42	STIM=2
12680272	42	RESP=2
12692011	42	STIM=u
12696281	42	RESP=1
12709751	42	STIM=a
12714938	42	RESP=1
12725915	42	STIM=v
12731040	42	RESP=1
12741559	42	STIM=h
12746387	42	RESP=1
12758467	42	STIM=o
12761544	42	RESP=1
12774779	42	STIM=j
12779485	42	RESP=1
12789966	42	STIM=3
12797155	42	RESP=2
12805491	42	STIM=j
12808398	42	RESP=1
12821090	42	STIM=c
12824972	42	RESP=1
12839709	42	STIM=d
12850530	42	RESP=1
12854996	42	STIM=6
12861360	42	RESP=2
12873982	42	STIM=h
12878294	42	RESP=1
12892191	42	STIM=3
12896363	42	RESP=2
12910114	42	STIM=o
12917603	42	RESP=1
12925927	42	STIM=l
12932309	42	RESP=1
12942599	42	STIM=o
12948559	42	RESP=1
12961306	42	STIM=8
12967298	42	RESP=2
12980120	42	STIM=x
12984215	42	RESP=1
12996891	42	STIM=x
13001245	42	RESP=1
13012657	42	STIM=j
13015742	42	RESP=1
13031370	42	STIM=q
13039055	42	RESP=2
13049454	42	STIM=6
13053843	42	RESP=2
13066882	42	STIM=e
13070333	42	RESP=1
13083839	42	STIM=3
13089921	42	RESP=2
13102718	42	STIM=4
13107066	42	RESP=2
13119235	42	STIM=h
13125900	42	RESP=1
13135928	42	STIM=m
13140027	42	RESP=1
13152907	42	STIM=k
13159192	42	RESP=1
13170058	42	STIM=r
13173127	42	RESP=1
13186893	42	STIM=y
13196625	42	RESP=1
13202835	42	STIM=x
13206556	42	RESP=1
13221036	42	STIM=e
13223901	42	RESP=1
13239334	42	STIM=o
13243947	42	RESP=1
13258093	42	STIM=d
13269212	42	RESP=1
13276458	42	STIM=9
13280146	42	RESP=2
13292956	42	STIM=y
13299422	42	RESP=1
13308082	42	STIM=0
13313567	42	RESP=2
13326673	42	STIM=w
13332055	42	RESP=1
13345115	42	STIM=3
13351794	42	RESP=2
13362434	42	STIM=v
13367146	42	RESP=1
13381167	42	STIM=l
13385518	42	RESP=1
13397134	42	STIM=i
13400178	42	RESP=1
13415091	42	STIM=h
13418663	42	RESP=1
13432412	42	STIM=f
13437163	42	RESP=1
13449237	42	STIM=p
13454280	42	RESP=1
13466860	42	STIM=r
13470218	42	RESP=1
13483019	42	STIM=9
13489488	42	RESP=1
13500351	42	STIM=6
13505044	42	RESP=2
13516072	42	STIM=y
13520990	42	RESP=1
13532975	42	STIM=a
13539368	42	RESP=1
13550210	42	STIM=l
13557773	42	RESP=1
13567745	42	STIM=p
13578646	42	RESP=1
13583455	42	STIM=n
13587006	42	RESP=1
13600917	42	STIM=k
13608238	42	RESP=1
13617354	42	STIM=v
13621647	42	RESP=1
13634091	42	STIM=j
13639232	42	RESP=1
13651687	42	STIM=z
13656026	42	RESP=1
13667719	42	STIM=h
13672106	42	RESP=1
13684046	42	STIM=c
13687155	42	RESP=1
13701616	42	STIM=o
13704489	42	RESP=1
13717727	42	STIM=s
13724982	42	RESP=1
13735956	42	STIM=t
13741399	42	RESP=1
13754077	42	STIM=y
13758977	42	RESP=1
13770293	42	STIM=3
13775591	42	RESP=2
13787175	42	STIM=g
13794294	42	RESP=1
13804843	42	STIM=0
13810736	42	RESP=2
13820357	42	STIM=y
13828261	42	RESP=1
13835546	42	STIM=u
13838982	42	RESP=1
13854338	42	STIM=m
13861079	42	RESP=1
13870934	42	STIM=z
13875587	42	RESP=1
13886414	42	STIM=r
13891240	42	RESP=1
13902390	42	STIM=q
13906278	42	RESP=1
13918384	42	STIM=6
13921574	42	RESP=2
13934079	42	STIM=4
13940024	42	RESP=2
13952454	42	STIM=s
13959404	42	RESP=1
13969873	42	STIM=l
13973341	42	RESP=2
13986108	42	STIM=m
13990604	42	RESP=1
14003140	42	STIM=r
14008304	42	RESP=1
14019224	42	STIM=m
14021799	42	RESP=1
14036199	42	STIM=i
14040790	42	RESP=1
14054216	42	STIM=x
14058722	42	RESP=1
14070220	42	STIM=j
14076406	42	RESP=1
14088359	42	STIM=y
14094559	42	RESP=1
14106070	42	STIM=k
14109364	42	RESP=1
14122165	42	STIM=f
14125354	42	RESP=1
14137896	42	STIM=h
14141886	42	RESP=1
14155939	42	STIM=r
14161344	42	RESP=2
14171797	42	STIM=x
14178331	42	RESP=1
14189755	42	STIM=p
14194581	42	RESP=1
14207383	42	STIM=m
14213936	42	RESP=1
14222700	42	STIM=v
14227365	42	RESP=1
14238628	42	STIM=5
14243252	42	RESP=2
14256758	42	STIM=p
14262451	42	RESP=1
14271872	42	STIM=h
14276371	42	RESP=2
14288167	42	STIM=2
14294059	42	RESP=2
14306580	42	STIM=y
14311967	42	RESP=1
14322832	42	STIM=e
14325981	42	RESP=1
14339095	42	STIM=x
14343375	42	RESP=1
14355284	42	STIM=e
14361614	42	RESP=1
14371813	42	STIM=6
14376020	42	RESP=2
14387345	42	STIM=5
14393919	42	RESP=2
14402656	42	STIM=x
14407924	42	RESP=1
14419978	42	STIM=n
14424204	42	RESP=1
14435965	42	STIM=f
14442296	42	RESP=1
14454677	42	STIM=h
14457408	42	RESP=1
14471152	42	STIM=6
14476712	42	RESP=2
14486528	42	STIM=i
14490541	42	RESP=1
14504785	42	STIM=v
14508653	42	RESP=1
14521435	42	STIM=c
14524963	42	RESP=1
14537341	42	STIM=h
14539782	42	RESP=1
14554151	42	STIM=x
14558014	42	RESP=2
14570547	42	STIM=s
14578403	42	RESP=1
14587235	42	STIM=h
14592725	42	RESP=1
14603915	42	STIM=8
14613947	42	RESP=2
14620451	42	STIM=g
14625018	42	RESP=1
14638573	42	STIM=d
14643611	42	RESP=1
14656068	42	STIM=n
14661404	42	RESP=1
14674180	42	STIM=o
14678869	42	RESP=1
14690760	42	STIM=3
14696539	42	RESP=2
14708635	42	STIM=k
14712416	42	RESP=1
14727499	42	STIM=6
14738227	42	RESP=1
14745664	42	STIM=f
14750631	42	RESP=1
14763282	42	STIM=b
14772742	42	RESP=1
14781096	42	STIM=j
14785302	42	RESP=1
14799372	42	STIM=y
14803607	42	RESP=1
14814454	42	STIM=p
14818836	42	RESP=1
14830703	42	STIM=i
14835655	42	RESP=1
14845987	42	STIM=w
14850215	42	RESP=1
14862348	42	STIM=v
14865109	42	RESP=2
14881130	42	STIM=p
14886431	42	RESP=1
14898813	42	STIM=x
14903012	42	RESP=1
14914825	42	STIM=n
14918444	42	RESP=1
14931562	42	STIM=d
14935259	42	RESP=1
14948028	42	STIM=5
14955564	42	RESP=2
14965265	42	STIM=v
14968782	42	RESP=1
14981197	42	STIM=0
14986914	42	RESP=2
14999733	42	STIM=a
15004160	42	RESP=1
15017650	42	STIM=7
15023819	42	RESP=2
15034569	42	STIM=i
15040744	42	RESP=1
15051873	42	STIM=x
15054937	42	RESP=1
15068472	42	STIM=g
15072288	42	RESP=1
15084655	42	STIM=i
15088442	42	RESP=1
15101876	42	STIM=r
15106107	42	RESP=1
15120540	42	STIM=m
15124462	42	RESP=1
15136493	42	STIM=y
15140314	42	RESP=1
15152370	42	STIM=w
15156559	42	RESP=1
15168048	42	STIM=u
15171817	42	RESP=1
15185766	42	STIM=6
15191565	42	RESP=2
15204045	42	STIM=9
15209278	42	RESP=2
15221129	42	STIM=k
15225685	42	RESP=1
15239712	42	STIM=5
15247038	42	RESP=1
15258156	42	STIM=q
15262553	42	RESP=1
15275072	42	STIM=i
15281170	42	RESP=1
15293292	42	STIM=g
15296192	42	RESP=1
15311859	42	STIM=p
15317779	42	RESP=1
15330563	42	STIM=h
15338766	42	RESP=1
15348975	42	STIM=j
15354774	42	RESP=1
15366550	42	STIM=c
15373171	42	RESP=2
15384482	42	STIM=z
15389551	42	RESP=1
15401307	42	STIM=t
15404662	42	RESP=1
15418620	42	STIM=8
15422633	42	RESP=2
15436464	42	STIM=1
15443220	42	RESP=2
15454120	42	STIM=i
15458333	42	RESP=1
15470626	42	STIM=h
15475209	42	RESP=1
15487287	42	STIM=9
15491740	42	RESP=2
15505938	42	STIM=x
15510412	42	RESP=1
15524648	42	STIM=u
15528196	42	RESP=2
15540515	42	STIM=x
15543271	42	RESP=1
15557003	42	STIM=f
15560688	42	RESP=1
15574189	42	STIM=t
15581654	42	RESP=1
15592614	42	STIM=z
15595150	42	RESP=1
15609562	42	STIM=5
15613928	42	RESP=2
15626479	42	STIM=l
15634375	42	RESP=1
15641496	42	STIM=s
15650248	42	RESP=1
15660178	42	STIM=f
15663920	42	RESP=2
15676413	42	STIM=1
15681361	42	RESP=2
15693716	42	STIM=y
15697010	42	RESP=1
15709528	42	STIM=9
15717743	42	RESP=2
15726108	42	STIM=p
15730879	42	RESP=1
15742783	42	STIM=7
15749563	42	RESP=2
15759635	42	STIM=t
15762635	42	RESP=1
15777772	42	STIM=w
15782134	42	RESP=1
15795897	42	STIM=k
15800503	42	RESP=1
15814558	42	STIM=q
15822575	42	RESP=1
15829843	42	STIM=r
15837298	42	RESP=1
15846924	42	STIM=b
15850040	42	RESP=1
15862627	42	STIM=y
15866641	42	RESP=1
15877920	42	STIM=w
15882792	42	RESP=1
15895201	42	STIM=k
15898551	42	RESP=1
15911297	42	STIM=f
15915042	42	RESP=1
15926831	42	STIM=n
15930469	42	RESP=1
15942165	42	STIM=a
15948599	42	RESP=1
15959041	42	STIM=4
15969383	42	RESP=2
15974344	42	STIM=h
15976803	42	RESP=1
15990166	42	STIM=x
15992871	42	RESP=1
16007245	42	STIM=i
16012169	42	RESP=1
16022279	42	STIM=l
16027611	42	RESP=1
16037755	42	STIM=p
16041295	42	RESP=1
16052895	42	STIM=b
16057883	42	RESP=1
16070381	42	STIM=g
16074984	42	RESP=1
16088629	42	STIM=r
16095357	42	RESP=1
16103998	42	STIM=l
16107657	42	RESP=1
16122625	42	STIM=x
16126564	42	RESP=1
16139067	42	STIM=t
16142319	42	RESP=1
16156763	42	STIM=r
16161462	42	RESP=1
16175635	42	STIM=k
16181872	42	RESP=1
16191920	42	STIM=d
16194718	42	RESP=1
16209125	42	STIM=b
16213694	42	RESP=1
16226751	42	STIM=e
16230073	42	RESP=1
16244218	42	STIM=n
16248686	42	RESP=1
16260239	42	STIM=y
16265038	42	RESP=1
16276181	42	STIM=y
16279350	42	RESP=1
16293577	42	STIM=h
16299334	42	RESP=1
16310766	42	STIM=i
16313705	42	RESP=1
16329101	42	STIM=p
16334031	42	RESP=1
16346976	42	STIM=x
16352236	42	RESP=1
16365819	42	STIM=y
16369391	42	RESP=1
16383635	42	STIM=3
16387255	42	RESP=2
16401931	42	STIM=b
16404570	42	RESP=1
16420519	42	STIM=b
16426068	42	RESP=2
16439005	42	STIM=y
16442078	42	RESP=1
16457250	42	STIM=g
16460200	42	RESP=1
16473781	42	STIM=x
16478057	42	RESP=1
16490904	42	STIM=f
16494001	42	RESP=1
16506157	42	STIM=p
16510694	42	RESP=1
16522664	42	STIM=l
16526230	42	RESP=1
16540597	42	STIM=b
16544036	42	RESP=1
16557065	42	STIM=l
16561239	42	RESP=1
16573136	42	STIM=h
16577875	42	RESP=1
16590126	42	STIM=3
16598488	42	RESP=2
16606026	42	STIM=b
16615718	42	RESP=1
16624367	42	STIM=e
16627250	42	RESP=1
16643047	42	STIM=q
16646840	42	RESP=1
16659804	42	STIM=8
16663347	42	RESP=2
16676064	42	STIM=r
16680405	42	RESP=1
16691473	42	STIM=z
16695166	42	RESP=1
16706956	42	STIM=q
16712843	42	RESP=1
16725447	42	STIM=k
16730393	42	RESP=1
16741129	42	STIM=k
16746427	42	RESP=1
16756867	42	STIM=x
16764692	42	RESP=1
16775637	42	STIM=5
16782226	42	RESP=2
16793376	42	STIM=d
16796189	42	RESP=1
16811737	42	STIM=c
16815327	42	RESP=1
16827516	42	STIM=i
16835430	42	RESP=1
16842729	42	STIM=j
16846734	42	RESP=1
16858976	42	STIM=a
16863157	42	RESP=1
16874998	42	STIM=a
16880370	42	RESP=1
16890628	42	STIM=w
16898286	42	RESP=1
16908869	42	STIM=j
16911778	42	RESP=1
16926163	42	STIM=6
16931606	42	RESP=2
16943265	42	STIM=3
16953427	42	RESP=2
16961794	42	STIM=z
16965118	42	RESP=1
16977254	42	STIM=i
16982314	42	RESP=1
16992658	42	STIM=a
16996799	42	RESP=1
17008864	42	STIM=c
17016887	42	RESP=1
17026424	42	STIM=0
17031950	42	RESP=1
17044837	42	STIM=2
17048055	42	RESP=2
17062247	42	STIM=y
17069998	42	RESP=1
17080477	42	STIM=n
17083984	42	RESP=1
17097717	42	STIM=i
17101322	42	RESP=1
17112997	42	STIM=2
17119710	42	RESP=2
17131966	42	STIM=g
17137126	42	RESP=1
17147035	42	STIM=2
17153443	42	RESP=1
17165825	42	STIM=n
17169372	42	RESP=1
17182446	42	STIM=b
17187890	42	RESP=1
17199439	42	STIM=i
17203152	42	RESP=1
17215308	42	STIM=b
17218671	42	RESP=1
17231653	42	STIM=x
17236875	42	RESP=1
17249627	42	STIM=r
17252958	42	RESP=1
17266920	42	STIM=d
17269403	42	RESP=2
17284532	42	STIM=2
17288805	42	RESP=1
17302494	42	STIM=p
17308085	42	RESP=1
17320531	42	STIM=l
17324427	42	RESP=1
17336258	42	STIM=o
17344197	42	RESP=1
17354161	42	STIM=j
17357049	42	RESP=1
17373080	42	STIM=y
17376246	42	RESP=1
17391017	42	STIM=j
17395052	42	RESP=1
17406946	42	STIM=b
17412092	42	RESP=1
17425090	42	STIM=w
17428641	42	RESP=1
17441367	42	STIM=k
17448297	42	RESP=1
17458423	42	STIM=w
17465919	42	RESP=1
17474761	42	STIM=d
17480298	42	RESP=1
17492980	42	STIM=3
17497475	42	RESP=1
17509359	42	STIM=j
17513010	42	RESP=1
17525652	42	STIM=n
17528922	42	RESP=1
17543641	42	STIM=k
17546927	42	RESP=1
17558939	42	STIM=8
17566127	42	RESP=1
17575181	42	STIM=7
17579839	42	RESP=2
17592601	42	STIM=n
17597649	42	RESP=1
17609580	42	STIM=1
17616520	42	RESP=2
17625627	42	STIM=5
17632721	42	RESP=2
17642836	42	STIM=m
17646633	42	RESP=1
17658211	42	STIM=i
17661818	42	RESP=1
17674771	42	STIM=u
17682533	42	RESP=1
17692542	42	STIM=1
17699541	42	RESP=2
17708734	42	STIM=8
17714503	42	RESP=2
17727224	42	STIM=2
17732967	42	RESP=2
17743107	42	STIM=l
17748213	42	RESP=1
17758783	42	STIM=9
17764406	42	RESP=2
17775641	42	STIM=k
17786184	42	RESP=1
17794620	42	STIM=w
17799531	42	RESP=1
17811696	42	STIM=k
17816033	42	RESP=1
17828255	42	STIM=m
17832405	42	RESP=1
17845084	42	STIM=m
17849503	42	RESP=1
17862042	42	STIM=s
17865647	42	RESP=1
17878751	42	STIM=4
17882766	42	RESP=2
17896682	42	STIM=k
17904890	42	RESP=1
17913484	42	STIM=j
17922303	42	RESP=1
17931683	42	STIM=f
17934659	42	RESP=1
17947461	42	STIM=6
17952742	42	RESP=2
17962936	42	STIM=u
17968651	42	RESP=2
17978577	42	STIM=d
17983084	42	RESP=1
17997269	42	STIM=2
18001427	42	RESP=2
18014598	42	STIM=b
18018547	42	RESP=1
18032606	42	STIM=n
18035568	42	RESP=1
18049435	42	STIM=u
18052660	42	RESP=1
18068258	42	STIM=e
18075707	42	RESP=1
18086760	42	STIM=b
18090115	42	RESP=1
18102944	42	STIM=j
18109651	42	RESP=1
18119171	42	STIM=s
18122785	42	RESP=1
18136179	42	STIM=q
18139583	42	RESP=1
18154880	42	STIM=u
18159617	42	RESP=1
18172973	42	STIM=q
18177082	42	RESP=1
18191742	42	STIM=v
18196379	42	RESP=1
18210171	42	STIM=i
18216167	42	RESP=2
18229088	42	STIM=8
18234215	42	RESP=1
18246732	42	STIM=9
18251281	42	RESP=2
18265505	42	STIM=m
18268904	42	RESP=1
18281726	42	STIM=l
18285722	42	RESP=1
18297888	42	STIM=x
18304235	42	RESP=1
18315414	42	STIM=f
18318884	42	RESP=1
18333820	42	STIM=i
18338568	42	RESP=1
18348942	42	STIM=0
18353317	42	RESP=2
18365451	42	STIM=4
18372509	42	RESP=2
18380743	42	STIM=3
18387263	42	RESP=2
18398854	42	STIM=e
18403904	42	RESP=1
18416663	42	STIM=r
18424643	42	RESP=1
18433970	42	STIM=4
18440217	42	RESP=2
18451978	42	STIM=a
18456701	42	RESP=1
18469815	42	STIM=i
18474285	42	RESP=1
18488811	42	STIM=p
18497643	42	RESP=1
18506623	42	STIM=i
18510310	42	RESP=1
18524627	42	STIM=s
18528825	42	RESP=1
18541276	42	STIM=s
18545771	42	RESP=1
18557727	42	STIM=6
18562311	42	RESP=2
18574182	42	STIM=b
18578905	42	RESP=1
18589466	42	STIM=s
18593859	42	RESP=1
18605026	42	STIM=r
18609142	42	RESP=1
18620604	42	STIM=o
18624519	42	RESP=1
18637329	42	STIM=v
18640717	42	RESP=1
18654999	42	STIM=v
18664146	42	RESP=1
18670731	42	STIM=8
18675009	42	RESP=2
18687880	42	STIM=k
18691436	42	RESP=1
18706135	42	STIM=1
18713787	42	RESP=2
18724647	42	STIM=z
18730376	42	RESP=1
18742830	42	STIM=e
18747569	42	RESP=1
18759559	42	STIM=k
18764991	42	RESP=1
18777918	42	STIM=g
18781196	42	RESP=1
18796282	42	STIM=b
18799597	42	RESP=1
18814203	42	STIM=k
18817675	42	RESP=1
18831014	42	STIM=i
18839137	42	RESP=1
18847906	42	STIM=y
18854079	42	RESP=1
18866693	42	STIM=3
18872755	42	RESP=2
18884309	42	STIM=1
18892638	42	RESP=2
18900491	42	STIM=s
18905387	42	RESP=1
18917271	42	STIM=t
18923657	42	RESP=1
18935866	42	STIM=j
18940496	42	RESP=1
18951304	42	STIM=z
18956386	42	RESP=1
18966712	42	STIM=0
18973026	42	RESP=2
18981731	42	STIM=s
18986462	42	RESP=1
18999249	42	STIM=c
19002933	42	RESP=2
19016184	42	STIM=i
19022411	42	RESP=1
19031514	42	STIM=p
19035844	42	RESP=1
19050420	42	STIM=1
19055500	42	RESP=1
19067428	42	STIM=s
19072995	42	RESP=1
19086126	42	STIM=l
19091147	42	RESP=1
19101140	42	STIM=f
19104689	42	RESP=1
19117864	42	STIM=j
19121424	42	RESP=1
19133647	42	STIM=e
19142913	42	RESP=2
19151068	42	STIM=7
19155668	42	RESP=1
19167771	42	STIM=f
19172423	42	RESP=1
19185642	42	STIM=0
19190148	42	RESP=2
19202581	42	STIM=k
19205823	42	RESP=1
19218531	42	STIM=m
19223423	42	RESP=1
19235583	42	STIM=h
19247082	42	RESP=1
19250731	42	STIM=i
19259660	42	RESP=1
19269591	42	STIM=8
19278544	42	RESP=2
19284646	42	STIM=g
19287234	42	RESP=1
19300170	42	STIM=t
19306304	42	RESP=1
19316199	42	STIM=p
19321387	42	RESP=1
19333310	42	STIM=p
19339674	42	RESP=1
19349833	42	STIM=t
19357022	42	RESP=1
19368244	42	STIM=h
19372204	42	RESP=1
19386761	42	STIM=v
19392157	42	RESP=1
19404259	42	STIM=x
19408713	42	RESP=1
19421731	42	STIM=a
19429429	42	RESP=1
19439046	42	STIM=n
19442210	42	RESP=1
19454491	42	STIM=e
19462067	42	RESP=1
19470044	42	STIM=r
19473162	42	RESP=1
19486653	42	STIM=t
19490099	42	RESP=1
19505207	42	STIM=p
19509951	42	RESP=1
19522402	42	STIM=z
19527387	42	RESP=1
19540652	42	STIM=y
19545223	42	RESP=1
19559183	42	STIM=t
19564447	42	RESP=1
19577049	42	STIM=q
19579642	42	RESP=1
19595582	42	STIM=v
19603521	42	RESP=1
19611124	42	STIM=l
19615531	42	RESP=1
19628300	42	STIM=7
19632806	42	RESP=2
19644085	42	STIM=j
19649309	42	RESP=1
19660621	42	STIM=k
19665137	42	RESP=1
19676235	42	STIM=5
19680929	42	RESP=2
19692625	42	STIM=o
19697147	42	RESP=1
19710517	42	STIM=6
19715772	42	RESP=2
19725752	42	STIM=w
19731743	42	RESP=1
19741903	42	STIM=8
19746697	42	RESP=2
19760823	42	STIM=l
19765462	42	RESP=1
19778780	42	STIM=t
19786814	42	RESP=1
19796703	42	STIM=b
19799264	42	RESP=1
19814571	42	STIM=w
19818353	42	RESP=1
19832670	42	STIM=y
19837501	42	RESP=1
19848200	42	STIM=w
19851801	42	RESP=1
19864099	42	STIM=l
19867247	42	RESP=1
19880593	42	STIM=k
19887706	42	RESP=1
19897414	42	STIM=a
19901745	42	RESP=1
19914694	42	STIM=1
19918676	42	RESP=1
19931144	42	STIM=d
19936182	42	RESP=2
19948645	42	STIM=7
19953266	42	RESP=1
19965174	42	STIM=a
19968893	42	RESP=1
19983847	42	STIM=x
19989126	42	RESP=1
20002751	42	STIM=t
20007645	42	RESP=1
20020624	42	STIM=p
20026410	42	RESP=1
20036075	42	STIM=l
20038872	42	RESP=1
20054919	42	STIM=9
20060819	42	RESP=2
20071936	42	STIM=m
20078469	42	RESP=1
20087178	42	STIM=h
20091948	42	RESP=1
20105122	42	STIM=m
20111826	42	RESP=2
20121858	42	STIM=x
20127450	42	RESP=1
20139738	42	STIM=b
20144669	42	RESP=1
20155227	42	STIM=4
20160682	42	RESP=2
20170824	42	STIM=t
20174024	42	RESP=1
20185866	42	STIM=z
20192070	42	RESP=1
20204743	42	STIM=3
20210401	42	RESP=2
20221788	42	STIM=a
20227564	42	RESP=1
20239933	42	STIM=7
20247526	42	RESP=2
20257335	42	STIM=4
20265332	42	RESP=2
20274962	42	STIM=o
20280513	42	RESP=1
20290474	42	STIM=n
20295612	42	RESP=1
20306574	42	STIM=6
20311429	42	RESP=1
20323322	42	STIM=h
20332703	42	RESP=1
20341268	42	STIM=f
20348059	42	RESP=1
20359867	42	STIM=w
20364471	42	RESP=1
20375946	42	STIM=f
20379094	42	RESP=1
20394212	42	STIM=i
20399210	42	RESP=1
20409468	42	STIM=t
20413209	42	RESP=1
20427763	42	STIM=c
20430932	42	RESP=1
20446084	42	STIM=t
20453519	42	RESP=1
20463725	42	STIM=i
20473088	42	RESP=1
20479260	42	STIM=k
20483439	42	RESP=1
20494444	42	STIM=k
20497246	42	RESP=1
20512171	42	STIM=q
20515839	42	RESP=1
20531013	42	STIM=u
20536010	42	RESP=1
20549898	42	STIM=b
20553958	42	RESP=1
20567625	42	STIM=a
20572293	42	RESP=1
20585993	42	STIM=7
20590320	42	RESP=2
20603567	42	STIM=s
20610027	42	RESP=1
20619224	42	STIM=k
20621790	42	RESP=1
20636832	42	STIM=1
20642505	42	RESP=2
20655180	42	STIM=i
20658858	42	RESP=1
20670716	42	STIM=q
20677347	42	RESP=1
20688112	42	STIM=a
20697707	42	RESP=1
20705718	42	STIM=w
20708202	42	RESP=1
20720911	42	STIM=j
20724536	42	RESP=1
20738871	42	STIM=p
20742851	42	RESP=1
20754491	42	STIM=x
20761740	42	RESP=1
20769971	42	STIM=2
20776256	42	RESP=2
20788514	42	STIM=h
20794656	42	RESP=1
20804980	42	STIM=3
20808483	42	RESP=2
20820117	42	STIM=d
20826109	42	RESP=1
20838331	42	STIM=p
20843136	42	RESP=1
20853444	42	STIM=b
20857223	42	RESP=1
20871089	42	STIM=w
20877187	42	RESP=1
20888168	42	STIM=5
20892277	42	RESP=2
20906945	42	STIM=n
20910053	42	RESP=1
20923518	42	STIM=g
20927536	42	RESP=1
20941099	42	STIM=b
20948438	42	RESP=1
20957248	42	STIM=r
20960909	42	RESP=1
20975309	42	STIM=s
20982229	42	RESP=1
20991834	42	STIM=x
20995363	42	RESP=1
21008285	42	STIM=c
21011288	42	RESP=1
21026078	42	STIM=a
21030604	42	RESP=1
21043755	42	STIM=w
21047447	42	RESP=1
21062648	42	STIM=i
21069201	42	RESP=1
21077823	42	STIM=h
21084135	42	RESP=1
21094882	42	STIM=c
21098154	42	RESP=1
21111653	42	STIM=8
21117267	42	RESP=2
21126713	42	STIM=i
21131100	42	RESP=2
21142995	42	STIM=p
21149252	42	RESP=1
21161389	42	STIM=w
21169648	42	RESP=1
21178303	42	STIM=1
21185711	42	RESP=2
21195716	42	STIM=p
21200910	42	RESP=1
21214375	42	STIM=o
21219137	42	RESP=1
21230416	42	STIM=p
21234832	42	RESP=1
21247170	42	STIM=c
21251737	42	RESP=1
21265346	42	STIM=y
21269498	42	RESP=1
21281238	42	STIM=a
21284475	42	RESP=1
21296904	42	STIM=y
21301718	42	RESP=1
21315649	42	STIM=b
21320241	42	RESP=1
21331299	42	STIM=u
21334619	42	RESP=1
21346964	42	STIM=5
21353913	42	RESP=1
21362974	42	STIM=x
21365880	42	RESP=1
21380353	42	STIM=u
21383721	42	RESP=1
21397426	42	STIM=a
21403515	42	RESP=1
21414387	42	STIM=f
21417181	42	RESP=1
21429428	42	STIM=t
21434249	42	RESP=1
21445956	42	STIM=l
21449763	42	RESP=1
21464129	42	STIM=a
21468615	42	RESP=2
21480631	42	STIM=q
21484618	42	RESP=1
21497306	42	STIM=h
21501132	42	RESP=1
21513597	42	STIM=d
21517198	42	RESP=1
21528736	42	STIM=j
21532417	42	RESP=1
21544268	42	STIM=v
21547482	42	RESP=1
21563159	42	STIM=x
21567772	42	RESP=1
21580098	42	STIM=e
21583852	42	RESP=1
21596098	42	STIM=c
21599625	42	RESP=1
21612608	42	STIM=l
21616520	42	RESP=1
21628921	42	STIM=x
21632525	42	RESP=1
21647877	42	STIM=7
21652542	42	RESP=2
21666317	42	STIM=7
21670243	42	RESP=2
21683753	42	STIM=u
21690298	42	RESP=2
21701938	42	STIM=v
21704902	42	RESP=1
21720210	42	STIM=h
21728673	42	RESP=1
21736442	42	STIM=q
21740858	42	RESP=1
21752048	42	STIM=x
21755684	42	RESP=1
21768979	42	STIM=n
21773909	42	RESP=2
21785683	42	STIM=p
21788653	42	RESP=1
21803978	42	STIM=q
21808268	42	RESP=1
