# Original filename: 0019_KFP_2016-11-04.log
# Time unit: 100 us
# RARECAT=digit
#
# Time	HHGG	Event
30843	42	STIM=q
40248	42	RESP=1
47296	42	STIM=v
56522	42	RESP=1
62321	42	STIM=f
65227	42	RESP=1
80128	42	STIM=r
84067	42	RESP=1
95241	42	STIM=e
99228	42	RESP=1
111133	42	STIM=0
115522	42	RESP=1
127241	42	STIM=8
132836	42	RESP=2
144112	42	STIM=p
150201	42	RESP=1
161004	42	STIM=m
165587	42	RESP=1
176043	42	STIM=k
183532	42	RESP=1
192834	42	STIM=2
196697	42	RESP=2
210200	42	STIM=f
214696	42	RESP=1
227639	42	STIM=8
233808	42	RESP=2
243390	42	STIM=i
246524	42	RESP=1
260720	42	STIM=u
269901	42	RESP=1
276420	42	STIM=h
279217	42	RESP=1
294838	42	STIM=f
299980	42	RESP=1
312716	42	STIM=s
318011	42	RESP=1
330729	42	STIM=b
338585	42	RESP=1
349163	42	STIM=a
353045	42	RESP=1
364891	42	STIM=0
373220	42	RESP=2
382374	42	STIM=m
386189	42	RESP=1
398044	42	STIM=c
401785	42	RESP=1
415245	42	STIM=o
422105	42	RESP=1
434161	42	STIM=s
439043	42	RESP=1
451048	42	STIM=k
454946	42	RESP=1
467192	42	STIM=6
471850	42	RESP=2
485546	42	STIM=u
488498	42	RESP=1
503179	42	STIM=3
507605	42	RESP=1
518350	42	STIM=e
521338	42	RESP=1
535851	42	STIM=a
539121	42	RESP=1
554815	42	STIM=f
561704	42	RESP=1
572543	42	STIM=f
575616	42	RESP=2
591360	42	STIM=q
600192	42	RESP=1
607446	42	STIM=4
615261	42	RESP=1
624376	42	STIM=9
628914	42	RESP=2
640955	42	STIM=i
648288	42	RESP=1
658731	42	STIM=a
663281	42	RESP=1
677093	42	STIM=w
683641	42	RESP=1
694878	42	STIM=f
698524	42	RESP=1
711374	42	STIM=b
715771	42	RESP=1
727224	42	STIM=7
732679	42	RESP=2
744620	42	STIM=y
748611	42	RESP=1
762169	42	STIM=6
766341	42	RESP=2
777974	42	STIM=i
781289	42	RESP=1
794683	42	STIM=c
799080	42	RESP=1
811424	42	STIM=l
816147	42	RESP=1
829594	42	STIM=b
832544	42	RESP=1
847195	42	STIM=u
853458	42	RESP=1
863885	42	STIM=7
868229	42	RESP=2
880370	42	STIM=f
884789	42	RESP=1
896389	42	STIM=t
903096	42	RESP=1
915315	42	STIM=4
919762	42	RESP=2
931171	42	STIM=e
935512	42	RESP=1
948210	42	STIM=1
955618	42	RESP=2
963361	42	STIM=r
967631	42	RESP=1
978888	42	STIM=k
982856	42	RESP=1
994560	42	STIM=i
999291	42	RESP=1
1010596	42	STIM=j
1015537	42	RESP=1
1027728	42	STIM=c
1033199	42	RESP=1
1045313	42	STIM=g
1048111	42	RESP=1
1064203	42	STIM=r
1066831	42	RESP=1
1080242	42	STIM=9
1086889	42	RESP=2
1096943	42	STIM=o
1101632	42	RESP=1
1114929	42	STIM=f
1123298	42	RESP=1
1132708	42	STIM=w
1139039	42	RESP=1
1148419	42	STIM=o
1154585	42	RESP=1
1164237	42	STIM=c
1170326	42	RESP=1
1182067	42	STIM=p
1189574	42	RESP=1
1197935	42	STIM=f
1203203	42	RESP=1
1213615	42	STIM=c
1217411	42	RESP=1
1231994	42	STIM=7
1237195	42	RESP=1
1250835	42	STIM=z
1258681	42	RESP=1
1266732	42	STIM=6
1273096	42	RESP=2
1285542	42	STIM=z
1290267	42	RESP=1
1304505	42	STIM=f
1307855	42	RESP=1
1319701	42	STIM=b
1322916	42	RESP=1
1337112	42	STIM=6
1340608	42	RESP=2
1356052	42	STIM=t
1363556	42	RESP=1
1374217	42	STIM=g
1380357	42	RESP=1
1391194	42	STIM=k
1394204	42	RESP=1
1408893	42	STIM=l
1412251	42	RESP=1
1425693	42	STIM=f
1433016	42	RESP=1
1442521	42	STIM=6
1449095	42	RESP=2
1459941	42	STIM=m
1464085	42	RESP=1
1476131	42	STIM=5
1480670	42	RESP=2
1493608	42	STIM=d
1496822	42	RESP=1
1509849	42	STIM=d
1513292	42	RESP=1
1528830	42	STIM=n
1534797	42	RESP=1
1545639	42	STIM=6
1555981	42	RESP=2
1563586	42	STIM=0
1567959	42	RESP=2
1578984	42	STIM=u
1585522	42	RESP=1
1596044	42	STIM=h
1599136	42	RESP=1
1611482	42	STIM=w
1619741	42	RESP=1
1627939	42	STIM=2
1632459	42	RESP=2
1644342	42	STIM=d
1647599	42	RESP=1
1661176	42	STIM=z
1665350	42	RESP=2
1680040	42	STIM=a
1683596	42	RESP=1
1697747	42	STIM=n
1701975	42	RESP=1
1714112	42	STIM=c
1720578	42	RESP=1
1730465	42	STIM=l
1733879	42	RESP=1
1746977	42	STIM=q
1750759	42	RESP=1
1765218	42	STIM=k
1771405	42	RESP=1
1781303	42	STIM=u
1784242	42	RESP=1
1797986	42	STIM=s
1801519	42	RESP=1
1813570	42	STIM=r
1818871	42	RESP=1
1828764	42	STIM=r
1833988	42	RESP=1
1844561	42	STIM=g
1848883	42	RESP=1
1861140	42	STIM=w
1864774	42	RESP=1
1880023	42	STIM=p
1882812	42	RESP=1
1897160	42	STIM=r
1901047	42	RESP=1
1914222	42	STIM=t
1918048	42	RESP=1
1931434	42	STIM=v
1935956	42	RESP=1
1950145	42	STIM=y
1956933	42	RESP=1
1967769	42	STIM=5
1971964	42	RESP=2
1986225	42	STIM=u
1990641	42	RESP=1
2001914	42	STIM=d
2007358	42	RESP=1
2020580	42	STIM=c
2030040	42	RESP=1
2038259	42	STIM=e
2041516	42	RESP=1
2057043	42	STIM=k
2059837	42	RESP=1
2074027	42	STIM=p
2080767	42	RESP=1
2092383	42	STIM=8
2097757	42	RESP=2
2107542	42	STIM=v
2113853	42	RESP=1
2125436	42	STIM=u
2129449	42	RESP=1
2143682	42	STIM=g
2148362	42	RESP=1
2159575	42	STIM=l
2167095	42	RESP=1
2176492	42	STIM=3
2181890	42	RESP=2
2195032	42	STIM=7
2201608	42	RESP=2
2210251	42	STIM=k
2215475	42	RESP=1
2226964	42	STIM=x
2232924	42	RESP=1
2245156	42	STIM=c
2250543	42	RESP=1
2262672	42	STIM=4
2266999	42	RESP=1
2280772	42	STIM=g
2285757	42	RESP=1
2299377	42	STIM=g
2302917	42	RESP=1
2315771	42	STIM=w
2320281	42	RESP=1
2331564	42	STIM=a
2338819	42	RESP=1
2347447	42	STIM=v
2351919	42	RESP=1
2363808	42	STIM=s
2370139	42	RESP=1
2379766	42	STIM=w
2386397	42	RESP=1
2397982	42	STIM=y
2402178	42	RESP=1
2413966	42	STIM=t
2417442	42	RESP=1
2431659	42	STIM=6
2437293	42	RESP=1
2447357	42	STIM=g
2452010	42	RESP=1
2465013	42	STIM=h
2469395	42	RESP=2
2483245	42	STIM=h
2488546	42	RESP=1
2498866	42	STIM=j
2504057	42	RESP=1
2517105	42	STIM=i
2519698	42	RESP=1
2535799	42	STIM=f
2539467	42	RESP=1
2552986	42	STIM=z
2556673	42	RESP=1
2568644	42	STIM=8
2575613	42	RESP=2
2584056	42	STIM=v
2588463	42	RESP=1
2602271	42	STIM=f
2607102	42	RESP=1
2617309	42	STIM=g
2622347	42	RESP=1
2635974	42	STIM=2
2640595	42	RESP=2
2654250	42	STIM=v
2661037	42	RESP=2
2673146	42	STIM=h
2677811	42	RESP=1
2691155	42	STIM=9
2697844	42	RESP=2
2708530	42	STIM=b
2712047	42	RESP=1
2726728	42	STIM=l
2729530	42	RESP=1
2743152	42	STIM=p
2748488	42	RESP=1
2759024	42	STIM=s
2762718	42	RESP=1
2777085	42	STIM=a
2781911	42	RESP=1
2793521	42	STIM=o
2799649	42	RESP=1
2810600	42	STIM=p
2815054	42	RESP=1
2826396	42	STIM=u
2830847	42	RESP=1
2843573	42	STIM=r
2848801	42	RESP=2
2860018	42	STIM=b
2865474	42	RESP=1
2876524	42	STIM=i
2880205	42	RESP=1
2893090	42	STIM=v
2896337	42	RESP=1
2910306	42	STIM=c
2918286	42	RESP=1
2928988	42	STIM=x
2932029	42	RESP=1
2945874	42	STIM=h
2949346	42	RESP=1
2961233	42	STIM=k
2966063	42	RESP=1
2977521	42	STIM=z
2982115	42	RESP=1
2994674	42	STIM=w
3002836	42	RESP=2
3013274	42	STIM=h
3019223	42	RESP=2
3029017	42	STIM=c
3034939	42	RESP=1
3045599	42	STIM=q
3051215	42	RESP=1
3060950	42	STIM=3
3066170	42	RESP=2
3078392	42	STIM=i
3081356	42	RESP=1
3095324	42	STIM=j
3099304	42	RESP=1
3110767	42	STIM=d
3116065	42	RESP=1
3128426	42	STIM=r
3133163	42	RESP=1
3145707	42	STIM=r
3149385	42	RESP=1
3161781	42	STIM=7
3168264	42	RESP=2
3180243	42	STIM=d
3187587	42	RESP=1
3197308	42	STIM=3
3202256	42	RESP=1
3213221	42	STIM=h
3217551	42	RESP=1
3230339	42	STIM=5
3236587	42	RESP=2
3245903	42	STIM=n
3252448	42	RESP=1
3261016	42	STIM=r
3265619	42	RESP=2
3279801	42	STIM=s
3287924	42	RESP=1
3297894	42	STIM=4
3305546	42	RESP=2
3314575	42	STIM=d
3318923	42	RESP=1
3330437	42	STIM=s
3338640	42	RESP=1
3345458	42	STIM=0
3349808	42	RESP=2
3361030	42	STIM=n
3364546	42	RESP=1
3376787	42	STIM=9
3386236	42	RESP=2
3395393	42	STIM=6
3402874	42	RESP=2
3412020	42	STIM=3
3416033	42	RESP=2
3427589	42	STIM=5
3437111	42	RESP=2
3443426	42	STIM=p
3448138	42	RESP=1
3459772	42	STIM=q
3465487	42	RESP=1
3475975	42	STIM=v
3482217	42	RESP=1
3492901	42	STIM=d
3499522	42	RESP=1
3510939	42	STIM=1
3517125	42	RESP=2
3527653	42	STIM=j
3530547	42	RESP=1
3545657	42	STIM=f
3548835	42	RESP=1
3564065	42	STIM=l
3568311	42	RESP=1
3580677	42	STIM=r
3584484	42	RESP=1
3599394	42	STIM=i
3602660	42	RESP=1
3615150	42	STIM=g
3621066	42	RESP=1
3632836	42	STIM=b
3641015	42	RESP=2
3649658	42	STIM=n
3656227	42	RESP=1
3666510	42	STIM=0
3672124	42	RESP=2
3683405	42	STIM=6
3690853	42	RESP=1
3701431	42	STIM=y
3706074	42	RESP=1
3719134	42	STIM=2
3724261	42	RESP=1
3734936	42	STIM=r
3738426	42	RESP=1
3753699	42	STIM=l
3757044	42	RESP=1
3771209	42	STIM=4
3775757	42	RESP=2
3789768	42	STIM=t
3794315	42	RESP=1
3805157	42	STIM=5
3812767	42	RESP=2
3824052	42	STIM=l
3828791	42	RESP=1
3840217	42	STIM=h
3843854	42	RESP=1
3856668	42	STIM=e
3863054	42	RESP=1
3874826	42	STIM=g
3879750	42	RESP=1
3893148	42	STIM=p
3897083	42	RESP=1
3908183	42	STIM=s
3912575	42	RESP=2
3924370	42	STIM=d
3927694	42	RESP=1
3941661	42	STIM=l
3945681	42	RESP=1
3958926	42	STIM=d
3963104	42	RESP=1
3976672	42	STIM=3
3982032	42	RESP=1
3993923	42	STIM=2
4003041	42	RESP=2
4012075	42	STIM=7
4020211	42	RESP=1
4027873	42	STIM=u
4034426	42	RESP=1
4042892	42	STIM=v
4046760	42	RESP=1
4060533	42	STIM=f
4065913	42	RESP=1
4076920	42	STIM=e
4081906	42	RESP=1
4092066	42	STIM=p
4095709	42	RESP=1
4110668	42	STIM=z
4113841	42	RESP=1
4126840	42	STIM=0
4134891	42	RESP=2
4145832	42	STIM=9
4149893	42	RESP=2
4161721	42	STIM=b
4166128	42	RESP=1
4180034	42	STIM=z
4184223	42	RESP=1
4198609	42	STIM=y
4201650	42	RESP=1
4213644	42	STIM=v
4218911	42	RESP=1
4232635	42	STIM=y
4236547	42	RESP=1
4248304	42	STIM=x
4255790	42	RESP=1
4265850	42	STIM=i
4268386	42	RESP=1
4284176	42	STIM=z
4288793	42	RESP=1
4303039	42	STIM=l
4311864	42	RESP=1
4321398	42	STIM=q
4325411	42	RESP=1
4337034	42	STIM=v
4340422	42	RESP=1
4353394	42	STIM=a
4358432	42	RESP=1
4368693	42	STIM=f
4374685	42	RESP=1
4387260	42	STIM=z
4394581	42	RESP=1
4404860	42	STIM=l
4409426	42	RESP=1
4421469	42	STIM=x
4423945	42	RESP=1
4439649	42	STIM=l
4444667	42	RESP=1
4455681	42	STIM=i
4459950	42	RESP=1
4473104	42	STIM=1
4483266	42	RESP=1
4489761	42	STIM=i
4495055	42	RESP=1
4507008	42	STIM=w
4510660	42	RESP=1
4524252	42	STIM=m
4528958	42	RESP=1
4541200	42	STIM=q
4544740	42	RESP=1
4557277	42	STIM=w
4561331	42	RESP=1
4575559	42	STIM=i
4579032	42	RESP=1
4592931	42	STIM=c
4595838	42	RESP=1
4611214	42	STIM=f
4618197	42	RESP=1
4628010	42	STIM=g
4633027	42	RESP=1
4645224	42	STIM=w
4649060	42	RESP=1
4663685	42	STIM=b
4668208	42	RESP=1
4680271	42	STIM=v
4686711	42	RESP=1
4698830	42	STIM=n
4706611	42	RESP=1
4716748	42	STIM=o
4720748	42	RESP=1
4733676	42	STIM=e
4737361	42	RESP=1
4749179	42	STIM=w
4758614	42	RESP=1
4764700	42	STIM=e
4768188	42	RESP=1
4780748	42	STIM=x
4784296	42	RESP=1
4798963	42	STIM=7
4802781	42	RESP=2
4817195	42	STIM=q
4822998	42	RESP=1
4833184	42	STIM=z
4837852	42	RESP=1
4852060	42	STIM=u
4857191	42	RESP=1
4869561	42	STIM=z
4875040	42	RESP=1
4886236	42	STIM=v
4891342	42	RESP=1
4902014	42	STIM=v
4905963	42	RESP=1
4917269	42	STIM=p
4921265	42	RESP=1
4933388	42	STIM=e
4936787	42	RESP=1
4951532	42	STIM=e
4955420	42	RESP=1
4966537	42	STIM=h
4972764	42	RESP=1
4984445	42	STIM=j
4987421	42	RESP=1
5003148	42	STIM=w
5008438	42	RESP=1
5019232	42	STIM=9
5023641	42	RESP=2
5038184	42	STIM=a
5044925	42	RESP=1
5055346	42	STIM=q
5058947	42	RESP=1
5071946	42	STIM=r
5075251	42	RESP=1
5089451	42	STIM=c
5094672	42	RESP=1
5107815	42	STIM=r
5111110	42	RESP=1
5125719	42	STIM=7
5130225	42	RESP=2
5140766	42	STIM=1
5146102	42	RESP=2
5157859	42	STIM=t
5164855	42	RESP=2
5174988	42	STIM=w
5179399	42	RESP=1
5193974	42	STIM=j
5199525	42	RESP=1
5211167	42	STIM=b
5215506	42	RESP=1
5228041	42	STIM=q
5234874	42	RESP=1
5246794	42	STIM=b
5249667	42	RESP=1
5262295	42	STIM=h
5264921	42	RESP=1
5279232	42	STIM=u
5283001	42	RESP=1
5297397	42	STIM=g
5302001	42	RESP=1
5312938	42	STIM=8
5319718	42	RESP=2
5329788	42	STIM=9
5338040	42	RESP=2
5348111	42	STIM=u
5351573	42	RESP=1
5363501	42	STIM=b
5367396	42	RESP=1
5379565	42	STIM=q
5383600	42	RESP=2
5395467	42	STIM=v
5399516	42	RESP=1
5413679	42	STIM=x
5416764	42	RESP=1
5430181	42	STIM=g
5435736	42	RESP=1
5445668	42	STIM=l
5460894	42	RESP=1
5461664	42	STIM=r
5464557	42	RESP=1
5478868	42	STIM=8
5483363	42	RESP=2
5495275	42	STIM=b
5498443	42	RESP=1
5512164	42	STIM=8
5517036	42	RESP=2
5528326	42	STIM=i
5531329	42	RESP=1
5544413	42	STIM=x
5548593	42	RESP=1
5560360	42	STIM=w
5565283	42	RESP=1
5578143	42	STIM=y
5580904	42	RESP=1
5593880	42	STIM=d
5599084	42	RESP=1
5611444	42	STIM=7
5619975	42	RESP=2
5627235	42	STIM=u
5633295	42	RESP=1
5643041	42	STIM=l
5646734	42	RESP=1
5661315	42	STIM=n
5665463	42	RESP=1
5676916	42	STIM=f
5683246	42	RESP=1
5693334	42	STIM=u
5698394	42	RESP=1
5711786	42	STIM=8
5716305	42	RESP=2
5727956	42	STIM=y
5731242	42	RESP=1
5746600	42	STIM=4
5753151	42	RESP=2
5762071	42	STIM=j
5769896	42	RESP=1
5780835	42	STIM=t
5787072	42	RESP=1
5799184	42	STIM=c
5804378	42	RESP=1
5815986	42	STIM=u
5820756	42	RESP=1
5833474	42	STIM=9
5840605	42	RESP=2
5850652	42	STIM=w
5854575	42	RESP=1
5867141	42	STIM=a
5870118	42	RESP=1
5884319	42	STIM=3
5890998	42	RESP=2
5900802	42	STIM=k
5904907	42	RESP=1
5919518	42	STIM=n
5923532	42	RESP=1
5934957	42	STIM=6
5942593	42	RESP=2
5953648	42	STIM=e
5958143	42	RESP=1
5972258	42	STIM=g
5983079	42	RESP=1
5990788	42	STIM=e
5994360	42	RESP=1
6008769	42	STIM=3
6012416	42	RESP=2
6026684	42	STIM=8
6034899	42	RESP=2
6044540	42	STIM=3
6050538	42	RESP=2
6062715	42	STIM=u
6068626	42	RESP=1
6078966	42	STIM=9
6085134	42	RESP=2
6094582	42	STIM=5
6101834	42	RESP=2
6113408	42	STIM=0
6118124	42	RESP=2
6129966	42	STIM=0
6134503	42	RESP=2
6147082	42	STIM=k
6150324	42	RESP=1
6163610	42	STIM=b
6167154	42	RESP=1
6178784	42	STIM=y
6185626	42	RESP=1
6197502	42	STIM=q
6203845	42	RESP=1
6215634	42	STIM=c
6219549	42	RESP=1
6232132	42	STIM=d
6239037	42	RESP=1
6250877	42	STIM=d
6254724	42	RESP=1
6268167	42	STIM=l
6271820	42	RESP=1
6283657	42	STIM=w
6287592	42	RESP=1
6299090	42	STIM=i
6308782	42	RESP=1
6315697	42	STIM=q
6324230	42	RESP=1
6333297	42	STIM=v
6335936	42	RESP=1
6350277	42	STIM=4
6354625	42	RESP=2
6365510	42	STIM=l
6370028	42	RESP=1
6381264	42	STIM=f
6385603	42	RESP=1
6397386	42	STIM=c
6402596	42	RESP=1
6412531	42	STIM=w
6420061	42	RESP=1
6429105	42	STIM=5
6433471	42	RESP=2
6448059	42	STIM=x
6451649	42	RESP=1
6467003	42	STIM=z
6470932	42	RESP=1
6482902	42	STIM=x
6488493	42	RESP=1
6500303	42	STIM=d
6503852	42	RESP=1
6515398	42	STIM=u
6519141	42	RESP=1
6531383	42	STIM=j
6537730	42	RESP=1
6549349	42	STIM=3
6553855	42	RESP=1
6566117	42	STIM=4
6569335	42	RESP=2
6583646	42	STIM=l
6592127	42	RESP=1
6601051	42	STIM=m
6604849	42	RESP=1
6618144	42	STIM=c
6623090	42	RESP=1
6635271	42	STIM=v
6639839	42	RESP=1
6653921	42	STIM=e
6659143	42	RESP=1
6672021	42	STIM=g
6677019	42	RESP=1
6689074	42	STIM=0
6692694	42	RESP=2
6706183	42	STIM=k
6709720	42	RESP=1
6724527	42	STIM=g
6732103	42	RESP=1
6741900	42	STIM=e
6746469	42	RESP=1
6760140	42	STIM=m
6765545	42	RESP=1
6777190	42	STIM=3
6780878	42	RESP=2
6795254	42	STIM=t
6802709	42	RESP=1
6811974	42	STIM=e
6820370	42	RESP=1
6827191	42	STIM=o
6830429	42	RESP=1
6843126	42	STIM=f
6846096	42	RESP=1
6862113	42	STIM=d
6865934	42	RESP=1
6879399	42	STIM=e
6884225	42	RESP=1
6895911	42	STIM=b
6899477	42	RESP=1
6912433	42	STIM=e
6918256	42	RESP=1
6928834	42	STIM=y
6934825	42	RESP=1
6944761	42	STIM=l
6950950	42	RESP=1
6961483	42	STIM=l
6968764	42	RESP=1
6980357	42	STIM=k
6983908	42	RESP=1
6998805	42	STIM=t
7001289	42	RESP=1
7014669	42	STIM=a
7020873	42	RESP=1
7032435	42	STIM=5
7035879	42	RESP=2
7049820	42	STIM=t
7052685	42	RESP=1
7067226	42	STIM=t
7071575	42	RESP=1
7082339	42	STIM=u
7087291	42	RESP=1
7099877	42	STIM=t
7103404	42	RESP=1
7115305	42	STIM=h
7124686	42	RESP=1
7131850	42	STIM=x
7135205	42	RESP=1
7147988	42	STIM=s
7151085	42	RESP=1
7165868	42	STIM=t
7170884	42	RESP=1
7184291	42	STIM=d
7191823	42	RESP=1
7203223	42	STIM=t
7206389	42	RESP=1
7220330	42	STIM=6
7225206	42	RESP=2
7237565	42	STIM=u
7240527	42	RESP=2
7252975	42	STIM=x
7257691	42	RESP=1
7271907	42	STIM=y
7275388	42	RESP=1
7290184	42	STIM=q
7294293	42	RESP=1
7307252	42	STIM=m
7314003	42	RESP=1
7325462	42	STIM=x
7329592	42	RESP=1
7342641	42	STIM=j
7346547	42	RESP=1
7359873	42	STIM=1
7365670	42	RESP=2
7378489	42	STIM=u
7381688	42	RESP=1
7396417	42	STIM=f
7401140	42	RESP=1
7413006	42	STIM=b
7417393	42	RESP=1
7429371	42	STIM=t
7439794	42	RESP=2
7447545	42	STIM=0
7453344	42	RESP=2
7466442	42	STIM=n
7469147	42	RESP=1
7482673	42	STIM=f
7486918	42	RESP=1
7500854	42	STIM=6
7504569	42	RESP=2
7517179	42	STIM=9
7521305	42	RESP=2
7536167	42	STIM=7
7541465	42	RESP=2
7554761	42	STIM=e
7558453	42	RESP=1
7572053	42	STIM=2
7576908	42	RESP=2
7589409	42	STIM=v
7593123	42	RESP=1
7606023	42	STIM=c
7609988	42	RESP=1
7621961	42	STIM=6
7626585	42	RESP=2
7638773	42	STIM=u
7644572	42	RESP=1
7657089	42	STIM=7
7661726	42	RESP=1
7673704	42	STIM=z
7676929	42	RESP=1
7689962	42	STIM=e
7696422	42	RESP=1
7707294	42	STIM=3
7711476	42	RESP=2
7722937	42	STIM=u
7726405	42	RESP=1
7739550	42	STIM=5
7747678	42	RESP=2
7758112	42	STIM=y
7762874	42	RESP=1
7776255	42	STIM=x
7781324	42	RESP=1
7791816	42	STIM=t
7796014	42	RESP=1
7807888	42	STIM=e
7810670	42	RESP=1
7825639	42	STIM=h
7828757	42	RESP=1
7842561	42	STIM=x
7851024	42	RESP=1
7858931	42	STIM=f
7866571	42	RESP=1
7877695	42	STIM=d
7882089	42	RESP=1
7893441	42	STIM=t
7898190	42	RESP=1
7909369	42	STIM=5
7916796	42	RESP=2
7925903	42	STIM=u
7931495	42	RESP=1
7943216	42	STIM=w
7950403	42	RESP=1
7960130	42	STIM=p
7965580	42	RESP=1
7978089	42	STIM=p
7980629	42	RESP=1
7995428	42	STIM=3
8000954	42	RESP=2
8010549	42	STIM=k
8014230	42	RESP=1
8028678	42	STIM=t
8036410	42	RESP=1
8047239	42	STIM=8
8052494	42	RESP=1
8062464	42	STIM=o
8065993	42	RESP=1
8080214	42	STIM=k
8084123	42	RESP=1
8098693	42	STIM=u
8103717	42	RESP=1
8115883	42	STIM=h
8119296	42	RESP=1
8132681	42	STIM=u
8137287	42	RESP=1
8149879	42	STIM=j
8153199	42	RESP=1
8168524	42	STIM=u
8175973	42	RESP=1
8183793	42	STIM=a
8188008	42	RESP=1
8198860	42	STIM=7
8206048	42	RESP=2
8214752	42	STIM=7
8219832	42	RESP=2
8229916	42	STIM=s
8233463	42	RESP=1
8247590	42	STIM=7
8251690	42	RESP=1
8266272	42	STIM=s
8270626	42	RESP=1
8282338	42	STIM=n
8289066	42	RESP=1
8297736	42	STIM=r
8303027	42	RESP=1
8313043	42	STIM=x
8316295	42	RESP=1
8328726	42	STIM=j
8333780	42	RESP=1
8347278	42	STIM=v
8353606	42	RESP=1
8362861	42	STIM=y
8370524	42	RESP=1
8378934	42	STIM=c
8384386	42	RESP=1
8394629	42	STIM=c
8400196	42	RESP=1
8411070	42	STIM=0
8418068	42	RESP=2
8426995	42	STIM=y
8431632	42	RESP=2
8445925	42	STIM=e
8449206	42	RESP=1
8462738	42	STIM=b
8466885	42	RESP=1
8477755	42	STIM=d
8481380	42	RESP=2
8494185	42	STIM=e
8497640	42	RESP=1
8510107	42	STIM=5
8514730	42	RESP=2
8526767	42	STIM=r
8529936	42	RESP=1
8544114	42	STIM=h
8549134	42	RESP=1
8562692	42	STIM=o
8570338	42	RESP=1
8579668	42	STIM=m
8587366	42	RESP=1
8595985	42	STIM=p
8599335	42	RESP=1
8612946	42	STIM=i
8615983	42	RESP=1
8629978	42	STIM=m
8634128	42	RESP=1
8646561	42	STIM=6
8652187	42	RESP=2
8665185	42	STIM=z
8668790	42	RESP=1
8683125	42	STIM=o
8685976	42	RESP=1
8701746	42	STIM=u
8706166	42	RESP=1
8719243	42	STIM=l
8723040	42	RESP=1
8735030	42	STIM=6
8740653	42	RESP=2
8753946	42	STIM=7
8760886	42	RESP=2
8768961	42	STIM=2
8774388	42	RESP=2
8785063	42	STIM=y
8787522	42	RESP=1
8800937	42	STIM=u
8806387	42	RESP=1
8818088	42	STIM=u
8820741	42	RESP=1
8835262	42	STIM=q
8838556	42	RESP=1
8852309	42	STIM=m
8856328	42	RESP=1
8869000	42	STIM=2
8873375	42	RESP=2
8884186	42	STIM=7
8890942	42	RESP=2
8899198	42	STIM=j
8903670	42	RESP=1
8916512	42	STIM=v
8920292	42	RESP=2
8933066	42	STIM=7
8936680	42	RESP=2
8949368	42	STIM=k
8957130	42	RESP=2
8968182	42	STIM=g
8974966	42	RESP=1
8986022	42	STIM=q
8990821	42	RESP=1
9003987	42	STIM=l
9007345	42	RESP=1
9020682	42	STIM=c
9024169	42	RESP=1
9036115	42	STIM=i
9039315	42	RESP=1
9051116	42	STIM=e
9056730	42	RESP=1
9068286	42	STIM=e
9072182	42	RESP=1
9083389	42	STIM=z
9087990	42	RESP=1
9100170	42	STIM=c
9105311	42	RESP=1
9117656	42	STIM=l
9122088	42	RESP=1
9134410	42	STIM=7
9139073	42	RESP=2
9151463	42	STIM=t
9155979	42	RESP=1
9167626	42	STIM=u
9174965	42	RESP=1
9183070	42	STIM=6
9186996	42	RESP=2
9201052	42	STIM=d
9204420	42	RESP=1
9219562	42	STIM=q
9222968	42	RESP=1
9238464	42	STIM=p
9241992	42	RESP=1
9256812	42	STIM=h
9260196	42	RESP=1
9273818	42	STIM=2
9279353	42	RESP=2
9291097	42	STIM=m
9301640	42	RESP=1
9307824	42	STIM=i
9312048	42	RESP=1
9324709	42	STIM=h
9327648	42	RESP=1
9342231	42	STIM=u
9346466	42	RESP=1
9361219	42	STIM=l
9365657	42	RESP=1
9377375	42	STIM=a
9379950	42	RESP=1
9392520	42	STIM=8
9397432	42	RESP=2
9409804	42	STIM=s
9414116	42	RESP=1
9425850	42	STIM=h
9431272	42	RESP=1
9441998	42	STIM=y
9447046	42	RESP=1
9458074	42	STIM=r
9460557	42	RESP=1
9473856	42	STIM=z
9477420	42	RESP=1
9489585	42	STIM=z
9493507	42	RESP=2
9507029	42	STIM=s
9509794	42	RESP=1
9524464	42	STIM=z
9530639	42	RESP=1
9541955	42	STIM=u
9546024	42	RESP=1
9558235	42	STIM=e
9561786	42	RESP=1
9575052	42	STIM=n
9579939	42	RESP=1
9590943	42	STIM=g
9596041	42	RESP=1
9609364	42	STIM=v
9611805	42	RESP=1
9625016	42	STIM=t
9631710	42	RESP=1
9640295	42	STIM=e
9645949	42	RESP=1
9657560	42	STIM=9
9663642	42	RESP=1
9674388	42	STIM=5
9678840	42	RESP=2
9690777	42	STIM=g
9696061	42	RESP=1
9706288	42	STIM=l
9710009	42	RESP=2
9723977	42	STIM=t
9729256	42	RESP=1
9739506	42	STIM=s
9744168	42	RESP=1
9756383	42	STIM=7
9759886	42	RESP=2
9771603	42	STIM=4
9776836	42	RESP=1
9787543	42	STIM=z
9793023	42	RESP=1
9802647	42	STIM=f
9809969	42	RESP=1
9820502	42	STIM=3
9824379	42	RESP=2
9835920	42	STIM=5
9842978	42	RESP=1
9853299	42	STIM=o
9857505	42	RESP=1
9871330	42	STIM=m
9879269	42	RESP=1
9889169	42	STIM=g
9898316	42	RESP=1
9907133	42	STIM=p
9909912	42	RESP=2
9925136	42	STIM=x
9928575	42	RESP=1
9940788	42	STIM=2
9944362	42	RESP=1
9957981	42	STIM=t
9962747	42	RESP=1
9974279	42	STIM=o
9978891	42	RESP=1
9991888	42	STIM=5
10002616	42	RESP=2
10010131	42	STIM=m
10015479	42	RESP=1
10028748	42	STIM=d
10033580	42	RESP=1
10047115	42	STIM=w
10053649	42	RESP=1
10066007	42	STIM=9
10070297	42	RESP=2
10084493	42	STIM=0
10090262	42	RESP=1
10100988	42	STIM=v
10104161	42	RESP=1
10119554	42	STIM=x
10122479	42	RESP=1
10138063	42	STIM=7
10143551	42	RESP=2
10157062	42	STIM=r
10161618	42	RESP=1
10173608	42	STIM=m
10179773	42	RESP=1
10189642	42	STIM=l
10194223	42	RESP=1
10205149	42	STIM=z
10208425	42	RESP=1
10220793	42	STIM=f
10223962	42	RESP=1
10237677	42	STIM=d
10245540	42	RESP=1
10253232	42	STIM=n
10259489	42	RESP=1
10269712	42	STIM=v
10276609	42	RESP=1
10287399	42	STIM=j
10293793	42	RESP=1
10302794	42	STIM=d
10307951	42	RESP=1
10321724	42	STIM=q
10330122	42	RESP=1
10337425	42	STIM=m
10343598	42	RESP=1
10355118	42	STIM=u
10359803	42	RESP=1
10370285	42	STIM=m
10374401	42	RESP=1
10388471	42	STIM=b
10393084	42	RESP=1
10404347	42	STIM=7
10410994	42	RESP=2
10421010	42	STIM=8
10427392	42	RESP=1
10438960	42	STIM=u
10442974	42	RESP=1
10454235	42	STIM=x
10458225	42	RESP=1
10469735	42	STIM=n
10474702	42	RESP=1
10485562	42	STIM=q
10489989	42	RESP=1
10502336	42	STIM=b
10506648	42	RESP=1
10520269	42	STIM=d
10523409	42	RESP=1
10537630	42	STIM=2
10545191	42	RESP=2
10556596	42	STIM=w
10561585	42	RESP=1
10572615	42	STIM=2
10578327	42	RESP=1
10587833	42	STIM=v
10593762	42	RESP=1
10602843	42	STIM=u
10608900	42	RESP=1
10620770	42	STIM=f
10625531	42	RESP=1
10638000	42	STIM=j
10641527	42	RESP=1
10653779	42	STIM=j
10661592	42	RESP=1
10671282	42	STIM=x
10680887	42	RESP=1
10687399	42	STIM=b
10690876	42	RESP=1
10704619	42	STIM=9
10710611	42	RESP=2
10722842	42	STIM=p
10728287	42	RESP=1
10739418	42	STIM=n
10743306	42	RESP=1
10755884	42	STIM=j
10759000	42	RESP=1
10771793	42	STIM=u
10775789	42	RESP=1
10787485	42	STIM=j
10791407	42	RESP=1
10803760	42	STIM=v
10808878	42	RESP=1
10821578	42	STIM=e
10828508	42	RESP=1
10839251	42	STIM=o
10842855	42	RESP=1
10856625	42	STIM=9
10862156	42	RESP=2
10872429	42	STIM=a
10876579	42	RESP=1
10890039	42	STIM=s
10898858	42	RESP=1
10907486	42	STIM=h
10913108	42	RESP=1
10924647	42	STIM=f
10928695	42	RESP=1
10942455	42	STIM=k
10947452	42	RESP=1
10961155	42	STIM=w
10966217	42	RESP=1
10976482	42	STIM=m
10984045	42	RESP=1
10993597	42	STIM=c
10997351	42	RESP=1
11011515	42	STIM=f
11014679	42	RESP=1
11029605	42	STIM=e
11036213	42	RESP=1
11047043	42	STIM=h
11053932	42	RESP=1
11062065	42	STIM=j
11064989	42	RESP=1
11077379	42	STIM=5
11083991	42	RESP=2
11095352	42	STIM=r
11098972	42	RESP=1
11113186	42	STIM=r
11118761	42	RESP=1
11130353	42	STIM=s
11134981	42	RESP=1
11146383	42	STIM=z
11151867	42	RESP=1
11162611	42	STIM=5
11166967	42	RESP=2
11178113	42	STIM=c
11182313	42	RESP=1
11195149	42	STIM=5
11199842	42	RESP=2
11211119	42	STIM=a
11214308	42	RESP=1
11228655	42	STIM=r
11233811	42	RESP=1
11247489	42	STIM=p
11250231	42	RESP=1
11264575	42	STIM=s
11268473	42	RESP=1
11281942	42	STIM=w
11285389	42	RESP=1
11299001	42	STIM=w
11308596	42	RESP=1
11317919	42	STIM=a
11321093	42	RESP=1
11334663	42	STIM=0
11338772	42	RESP=2
11351638	42	STIM=b
11356452	42	RESP=1
11369707	42	STIM=r
11373368	42	RESP=1
11384923	42	STIM=i
11389022	42	RESP=1
11403680	42	STIM=w
11408840	42	RESP=1
11422350	42	STIM=9
11427547	42	RESP=2
11439797	42	STIM=7
11443346	42	RESP=2
11458270	42	STIM=m
11464333	42	RESP=1
11476306	42	STIM=t
11486098	42	RESP=1
11493619	42	STIM=3
11499519	42	RESP=2
11508749	42	STIM=h
11511958	42	RESP=1
11525413	42	STIM=3
11529674	42	RESP=2
11543835	42	STIM=8
11551832	42	RESP=2
11559335	42	STIM=7
11568281	42	RESP=2
11577597	42	STIM=e
11583695	42	RESP=1
11593614	42	STIM=r
11599300	42	RESP=1
11610747	42	STIM=q
11614892	42	RESP=1
11627164	42	STIM=0
11634764	42	RESP=2
11642573	42	STIM=k
11651337	42	RESP=1
11659447	42	STIM=f
11666344	42	RESP=1
11675293	42	STIM=m
11680193	42	RESP=1
11692759	42	STIM=u
11702122	42	RESP=1
11707932	42	STIM=j
11710841	42	RESP=1
11725326	42	STIM=t
11729820	42	RESP=1
11743446	42	STIM=p
11746404	42	RESP=1
11759939	42	STIM=c
11767285	42	RESP=1
11776291	42	STIM=w
11785013	42	RESP=1
11793530	42	STIM=m
11799306	42	RESP=1
11808950	42	STIM=1
11814065	42	RESP=2
11826759	42	STIM=w
11829867	42	RESP=1
11842339	42	STIM=e
11848259	42	RESP=1
11857581	42	STIM=e
11862500	42	RESP=1
11875430	42	STIM=r
11880617	42	RESP=1
11892763	42	STIM=m
11898141	42	RESP=1
11909750	42	STIM=y
11915014	42	RESP=1
11925715	42	STIM=w
11930347	42	RESP=1
11944677	42	STIM=a
11947270	42	RESP=1
11962644	42	STIM=m
11967210	42	RESP=1
11980009	42	STIM=g
11985173	42	RESP=1
11997987	42	STIM=d
12001769	42	RESP=1
12016521	42	STIM=j
12020145	42	RESP=1
12033354	42	STIM=n
12038006	42	RESP=1
12049689	42	STIM=1
12054645	42	RESP=2
12067934	42	STIM=e
12073627	42	RESP=1
12086792	42	STIM=k
12094661	42	RESP=1
12104225	42	STIM=f
12109117	42	RESP=1
12119971	42	STIM=w
12123430	42	RESP=1
12138206	42	STIM=r
12141820	42	RESP=1
12154254	42	STIM=n
12161785	42	RESP=1
12171635	42	STIM=t
12177159	42	RESP=1
12189056	42	STIM=4
12193528	42	RESP=2
12204421	42	STIM=6
12210164	42	RESP=2
12219729	42	STIM=c
12223199	42	RESP=1
12238681	42	STIM=r
12244838	42	RESP=1
12256067	42	STIM=v
12260006	42	RESP=1
12272952	42	STIM=a
12278747	42	RESP=1
12290550	42	STIM=h
12294192	42	RESP=1
12308008	42	STIM=0
12316370	42	RESP=2
12326013	42	STIM=l
12332106	42	RESP=1
12343824	42	STIM=l
12347632	42	RESP=1
12360910	42	STIM=l
12366092	42	RESP=1
12376629	42	STIM=o
12381022	42	RESP=1
12395121	42	STIM=g
12398293	42	RESP=1
12410147	42	STIM=i
12414673	42	RESP=1
12425863	42	STIM=s
12429423	42	RESP=1
12441548	42	STIM=v
12445411	42	RESP=1
12458072	42	STIM=x
12461431	42	RESP=1
12474777	42	STIM=t
12478593	42	RESP=1
12490981	42	STIM=e
12494986	42	RESP=2
12506591	42	STIM=n
12510123	42	RESP=1
12522538	42	STIM=z
12527620	42	RESP=1
12537941	42	STIM=h
12542340	42	RESP=1
12552976	42	STIM=q
12559420	42	RESP=2
12571782	42	STIM=l
12575569	42	RESP=1
12588181	42	STIM=4
12594653	42	RESP=2
12604007	42	STIM=m
12609544	42	RESP=1
12622564	42	STIM=7
12628255	42	RESP=2
12640470	42	STIM=g
12645852	42	RESP=1
12659113	42	STIM=c
12664044	42	RESP=1
12674537	42	STIM=i
12680673	42	RESP=1
12691791	42	STIM=h
12695803	42	RESP=1
12709441	42	STIM=e
12713622	42	RESP=1
12726578	42	STIM=j
12730874	42	RESP=1
12745170	42	STIM=g
12752665	42	RESP=1
12760833	42	STIM=e
12763864	42	RESP=1
12777097	42	STIM=m
12780580	42	RESP=1
12794533	42	STIM=c
12799920	42	RESP=1
12810711	42	STIM=c
12813582	42	RESP=1
12828046	42	STIM=c
12830819	42	RESP=1
12845453	42	STIM=h
12859721	42	RESP=1
12860574	42	STIM=e
12864634	42	RESP=1
12876261	42	STIM=3
12881978	42	RESP=2
12894021	42	STIM=x
12898220	42	RESP=1
12911505	42	STIM=j
12922624	42	RESP=1
12929411	42	STIM=a
12934329	42	RESP=1
12947825	42	STIM=t
12951785	42	RESP=1
12966416	42	STIM=y
12972447	42	RESP=1
12983349	42	STIM=k
12989783	42	RESP=1
13000718	42	STIM=2
13004402	42	RESP=2
13019323	42	STIM=4
13023677	42	RESP=2
13035212	42	STIM=e
13045859	42	RESP=1
13050917	42	STIM=g
13057599	42	RESP=1
13068240	42	STIM=g
13071845	42	RESP=1
13083835	42	STIM=h
13086983	42	RESP=1
13101905	42	STIM=i
13108135	42	RESP=1
13120600	42	STIM=h
13125212	42	RESP=1
13138504	42	STIM=g
13143525	42	RESP=1
13154692	42	STIM=o
13157322	42	RESP=1
13173006	42	STIM=j
13177406	42	RESP=1
13191975	42	STIM=0
13195165	42	RESP=2
13207915	42	STIM=p
13218169	42	RESP=1
13223333	42	STIM=l
13227383	42	RESP=1
13239716	42	STIM=9
13244035	42	RESP=2
13256310	42	STIM=2
13265464	42	RESP=2
13272401	42	STIM=l
13276016	42	RESP=1
13287479	42	STIM=x
13293621	42	RESP=1
13306331	42	STIM=j
13310796	42	RESP=1
13324401	42	STIM=y
13330065	42	RESP=1
13341221	42	STIM=m
13347644	42	RESP=1
13358831	42	STIM=m
13362036	42	RESP=1
13377005	42	STIM=o
13381452	42	RESP=1
13395708	42	STIM=4
13401419	42	RESP=2
13411034	42	STIM=q
13413917	42	RESP=1
13428664	42	STIM=v
13432954	42	RESP=1
13445124	42	STIM=c
13451174	42	RESP=1
13460595	42	STIM=8
13468188	42	RESP=2
13475678	42	STIM=t
13482211	42	RESP=1
13493837	42	STIM=p
13498357	42	RESP=1
13510523	42	STIM=m
13514815	42	RESP=1
13526733	42	STIM=d
13529942	42	RESP=1
13544373	42	STIM=a
13548004	42	RESP=1
13559989	42	STIM=1
13563532	42	RESP=2
13576200	42	STIM=d
13581071	42	RESP=1
13591669	42	STIM=3
13597561	42	RESP=2
13608500	42	STIM=r
13614235	42	RESP=1
13625966	42	STIM=i
13629035	42	RESP=1
13641057	42	STIM=q
13647621	42	RESP=1
13658781	42	STIM=z
13663283	42	RESP=1
13677578	42	STIM=4
13689949	42	RESP=2
13694694	42	STIM=7
13701407	42	RESP=2
13712448	42	STIM=y
13717968	42	RESP=1
13728727	42	STIM=3
13737390	42	RESP=2
13747099	42	STIM=f
13754757	42	RESP=1
13764149	42	STIM=3
13769430	42	RESP=2
13780726	42	STIM=e
13785547	42	RESP=1
13797960	42	STIM=j
13803216	42	RESP=1
13815225	42	STIM=a
13819596	42	RESP=1
13833114	42	STIM=a
13837166	42	RESP=1
13850489	42	STIM=7
13854898	42	RESP=1
13865628	42	STIM=5
13869496	42	RESP=2
13883481	42	STIM=u
13886404	42	RESP=1
13901322	42	STIM=y
13909546	42	RESP=1
13919389	42	STIM=l
13923070	42	RESP=1
13934525	42	STIM=z
13938801	42	RESP=1
13951536	42	STIM=e
13957565	42	RESP=1
13968456	42	STIM=c
13973875	42	RESP=1
13985983	42	STIM=b
13990419	42	RESP=1
14003906	42	STIM=l
14006515	42	RESP=1
14020864	42	STIM=o
14024165	42	RESP=1
14035904	42	STIM=j
14042608	42	RESP=1
14052936	42	STIM=f
14056565	42	RESP=1
14070146	42	STIM=l
14073315	42	RESP=1
14085497	42	STIM=1
14089775	42	RESP=2
14100799	42	STIM=w
14104483	42	RESP=1
14117256	42	STIM=9
14121922	42	RESP=2
14135949	42	STIM=i
14140361	42	RESP=1
14152880	42	STIM=k
14157631	42	RESP=1
14169750	42	STIM=f
14173469	42	RESP=1
14187536	42	STIM=u
14192968	42	RESP=1
14204456	42	STIM=h
14208255	42	RESP=1
14222909	42	STIM=b
14228851	42	RESP=1
14239214	42	STIM=k
14243293	42	RESP=1
14254382	42	STIM=p
14264988	42	RESP=1
14270320	42	STIM=n
14274600	42	RESP=1
14286021	42	STIM=e
14291159	42	RESP=1
14303879	42	STIM=b
14310998	42	RESP=1
14320656	42	STIM=b
14325567	42	RESP=1
14339311	42	STIM=y
14346838	42	RESP=1
14355511	42	STIM=r
14358957	42	RESP=1
14371141	42	STIM=n
14374545	42	RESP=1
14389831	42	STIM=k
14394529	42	RESP=2
14406231	42	STIM=s
14408962	42	RESP=1
14421662	42	STIM=r
14424525	42	RESP=2
14439215	42	STIM=j
14443602	42	RESP=1
14456285	42	STIM=9
14462230	42	RESP=2
14471581	42	STIM=b
14475229	42	RESP=1
14487807	42	STIM=j
14492612	42	RESP=1
14506478	42	STIM=s
14512709	42	RESP=1
14521506	42	STIM=6
14525713	42	RESP=1
14538278	42	STIM=w
14542419	42	RESP=1
14554870	42	STIM=t
14561259	42	RESP=1
14573614	42	STIM=k
14577418	42	RESP=1
14588655	42	STIM=x
14593585	42	RESP=1
14606411	42	STIM=x
14617312	42	RESP=1
14624626	42	STIM=f
14630911	42	RESP=1
14641974	42	STIM=n
14644862	42	RESP=1
14657271	42	STIM=m
14661842	42	RESP=1
14674272	42	STIM=b
14679041	42	RESP=1
14689448	42	STIM=d
14693161	42	RESP=1
14707285	42	STIM=6
14713867	42	RESP=2
14722606	42	STIM=r
14725657	42	RESP=1
14741468	42	STIM=b
14749818	42	RESP=1
14758897	42	STIM=j
14762802	42	RESP=1
14774358	42	STIM=g
14778774	42	RESP=1
14792082	42	STIM=n
14797868	42	RESP=1
14809409	42	STIM=s
14813635	42	RESP=1
14826191	42	STIM=u
14830335	42	RESP=1
14843457	42	STIM=7
14850268	42	RESP=2
14859900	42	STIM=d
14864714	42	RESP=1
14877112	42	STIM=o
14883053	42	RESP=1
14892922	42	STIM=w
14899234	42	RESP=1
14908444	42	STIM=q
14913842	42	RESP=1
14925237	42	STIM=4
14928934	42	RESP=2
14942343	42	STIM=f
14946636	42	RESP=1
14960896	42	STIM=7
14965054	42	RESP=2
14977088	42	STIM=t
14981999	42	RESP=1
14993477	42	STIM=f
14997796	42	RESP=1
15010568	42	STIM=k
15015571	42	RESP=1
15028555	42	STIM=5
15035144	42	RESP=2
15045242	42	STIM=u
15048479	42	RESP=1
15062984	42	STIM=i
15070642	42	RESP=1
15081468	42	STIM=6
15086911	42	RESP=1
15097175	42	STIM=y
15104019	42	RESP=1
15114596	42	STIM=l
15120592	42	RESP=1
15132304	42	STIM=0
15137864	42	RESP=2
15151291	42	STIM=b
15154273	42	RESP=1
15169461	42	STIM=z
15174393	42	RESP=1
15188007	42	STIM=3
15192607	42	RESP=2
15206802	42	STIM=o
15219519	42	RESP=1
15221934	42	STIM=a
15228068	42	RESP=1
15239618	42	STIM=a
15244154	42	RESP=1
15258450	42	STIM=s
15265885	42	RESP=1
15275201	42	STIM=i
15278820	42	RESP=1
15290752	42	STIM=0
15296223	42	RESP=2
15306497	42	STIM=b
15313004	42	RESP=1
15325466	42	STIM=o
15331859	42	RESP=1
15341741	42	STIM=a
15344826	42	RESP=2
15358459	42	STIM=v
15363912	42	RESP=1
15374831	42	STIM=x
15379755	42	RESP=1
15391116	42	STIM=k
15396665	42	RESP=1
15409859	42	STIM=u
15414863	42	RESP=1
15428530	42	STIM=7
15432817	42	RESP=2
15445306	42	STIM=b
15448350	42	RESP=1
15463392	42	STIM=t
15466843	42	RESP=1
15480722	42	STIM=g
15488243	42	RESP=1
15497022	42	STIM=k
15501916	42	RESP=1
15515956	42	STIM=g
15519615	42	RESP=1
15534427	42	STIM=r
15540426	42	RESP=1
15550302	42	STIM=c
15555174	42	RESP=1
15567368	42	STIM=1
15573837	42	RESP=2
15582927	42	STIM=5
15587796	42	RESP=2
15600526	42	STIM=w
15604374	42	RESP=1
15618401	42	STIM=h
15621837	42	RESP=1
15634025	42	STIM=q
15638087	42	RESP=1
15650478	42	STIM=g
15653741	42	RESP=1
15669090	42	STIM=q
15671903	42	RESP=1
15685926	42	STIM=y
15690288	42	RESP=1
15701196	42	STIM=p
15705696	42	RESP=1
15717306	42	STIM=e
15720942	42	RESP=1
15734886	42	STIM=y
15739608	42	RESP=1
15752578	42	STIM=v
15755334	42	RESP=1
15768273	42	STIM=o
15775193	42	RESP=1
15784163	42	STIM=d
15787735	42	RESP=1
15801435	42	STIM=a
15807155	42	RESP=1
15818432	42	STIM=m
15823475	42	RESP=1
15837248	42	STIM=w
15846000	42	RESP=1
15853608	42	STIM=r
15858084	42	RESP=1
15870499	42	STIM=w
15877287	42	RESP=1
15887029	42	STIM=d
15892519	42	RESP=1
15905846	42	STIM=3
15910119	42	RESP=1
15923160	42	STIM=t
15926060	42	RESP=1
15940104	42	STIM=0
15947053	42	RESP=2
15955303	42	STIM=i
15962188	42	RESP=1
15970880	42	STIM=c
15974613	42	RESP=1
15985904	42	STIM=k
15989127	42	RESP=1
16004358	42	STIM=w
16009198	42	RESP=1
16023150	42	STIM=h
16026502	42	RESP=1
16038790	42	STIM=r
16045047	42	RESP=1
16054027	42	STIM=y
16057382	42	RESP=1
16070238	42	STIM=7
16075911	42	RESP=2
16086686	42	STIM=0
16093530	42	RESP=1
16104071	42	STIM=g
16109348	42	RESP=2
16120802	42	STIM=o
16127954	42	RESP=1
16139231	42	STIM=u
16143411	42	RESP=1
16155480	42	STIM=g
16159632	42	RESP=1
16171275	42	STIM=r
16178095	42	RESP=1
16186728	42	STIM=j
16190505	42	RESP=1
16203019	42	STIM=n
16207596	42	RESP=1
16218759	42	STIM=y
16225424	42	RESP=1
16234803	42	STIM=d
16239885	42	RESP=1
16253022	42	STIM=2
16260211	42	RESP=2
16269573	42	STIM=w
16274532	42	RESP=1
16288358	42	STIM=c
16294735	42	RESP=1
16306895	42	STIM=e
16310373	42	RESP=1
16323579	42	STIM=8
16327225	42	RESP=2
16340972	42	STIM=7
16345135	42	RESP=2
16357911	42	STIM=y
16362659	42	RESP=1
16373675	42	STIM=o
16379562	42	RESP=1
16391257	42	STIM=u
16398722	42	RESP=1
16410019	42	STIM=1
16417345	42	RESP=2
16426493	42	STIM=p
16430797	42	RESP=1
16445236	42	STIM=p
16451422	42	RESP=1
16461027	42	STIM=x
16465050	42	RESP=1
16478799	42	STIM=7
16485893	42	RESP=1
16496465	42	STIM=r
16500440	42	RESP=1
16514003	42	STIM=b
16520120	42	RESP=1
16529808	42	STIM=p
16534610	42	RESP=1
16547992	42	STIM=0
16552791	42	RESP=2
16566043	42	STIM=7
16570737	42	RESP=2
16584580	42	STIM=6
16591236	42	RESP=2
16599840	42	STIM=l
16602969	42	RESP=1
16616045	42	STIM=j
16624939	42	RESP=1
16633078	42	STIM=1
16637428	42	RESP=2
16650465	42	STIM=f
16654666	42	RESP=1
16665784	42	STIM=d
16668693	42	RESP=1
16683509	42	STIM=g
16691532	42	RESP=1
16700192	42	STIM=0
16705301	42	RESP=2
16715491	42	STIM=c
16719017	42	RESP=1
16734255	42	STIM=b
16737927	42	RESP=1
16749436	42	STIM=q
16756661	42	RESP=1
16765655	42	STIM=m
16771442	42	RESP=1
16781496	42	STIM=v
16786624	42	RESP=1
16799674	42	STIM=1
16803924	42	RESP=2
16816403	42	STIM=4
16822465	42	RESP=1
16832521	42	STIM=2
16838179	42	RESP=2
16848929	42	STIM=o
16852992	42	RESP=1
16867615	42	STIM=k
16871251	42	RESP=1
16885055	42	STIM=v
16890228	42	RESP=1
16901406	42	STIM=m
16907146	42	RESP=1
16916918	42	STIM=d
16922117	42	RESP=1
16934581	42	STIM=3
16940474	42	RESP=2
16950133	42	STIM=2
16955888	42	RESP=2
16969026	42	STIM=r
16973711	42	RESP=1
16985375	42	STIM=2
16991660	42	RESP=2
17003351	42	STIM=j
17007048	42	RESP=1
17021130	42	STIM=o
17029338	42	RESP=1
17038106	42	STIM=o
17041851	42	RESP=2
17054930	42	STIM=i
17058706	42	RESP=1
17071572	42	STIM=8
17076312	42	RESP=2
17087419	42	STIM=z
17090376	42	RESP=1
17105184	42	STIM=m
17108151	42	RESP=1
17121437	42	STIM=9
17127791	42	RESP=2
17137443	42	STIM=h
17146372	42	RESP=1
17155932	42	STIM=q
17159430	42	RESP=1
17173910	42	STIM=i
17181510	42	RESP=1
17189372	42	STIM=s
17194360	42	RESP=1
17207214	42	STIM=0
17210876	42	RESP=2
17223364	42	STIM=d
17230553	42	RESP=1
17241839	42	STIM=q
17246985	42	RESP=1
17259915	42	STIM=x
17263267	42	RESP=1
17275796	42	STIM=x
17283813	42	RESP=1
17293663	42	STIM=n
17298131	42	RESP=1
17311727	42	STIM=q
17318109	42	RESP=1
17329314	42	STIM=j
17332645	42	RESP=1
17347174	42	STIM=q
17351711	42	RESP=1
17365546	42	STIM=h
17368868	42	RESP=1
17384316	42	STIM=l
17392220	42	RESP=1
17401492	42	STIM=y
17405829	42	RESP=1
17419827	42	STIM=f
17422936	42	RESP=2
17436081	42	STIM=h
17445419	42	RESP=1
17452821	42	STIM=z
17457320	42	RESP=1
17470904	42	STIM=q
17474725	42	RESP=1
17489756	42	STIM=9
17502920	42	RESP=2
17507312	42	STIM=m
17510615	42	RESP=1
17525329	42	STIM=q
17531724	42	RESP=1
17540910	42	STIM=g
17547184	42	RESP=1
17558982	42	STIM=l
17563801	42	RESP=1
17575442	42	STIM=k
17581296	42	RESP=2
17592866	42	STIM=r
17598891	42	RESP=1
17607948	42	STIM=g
17613597	42	RESP=1
17625360	42	STIM=2
17629027	42	RESP=2
17641421	42	STIM=t
17646313	42	RESP=1
17660389	42	STIM=j
17665019	42	RESP=1
17677181	42	STIM=u
17682680	42	RESP=1
17693595	42	STIM=i
17698101	42	RESP=1
17712442	42	STIM=j
17718009	42	RESP=1
17728529	42	STIM=j
17733946	42	RESP=1
17745374	42	STIM=2
17752910	42	RESP=2
17762178	42	STIM=u
17765724	42	RESP=1
17777960	42	STIM=o
17780598	42	RESP=1
17793160	42	STIM=a
17795925	42	RESP=1
17809594	42	STIM=v
17813748	42	RESP=1
17828462	42	STIM=1
17832697	42	RESP=2
17846373	42	STIM=r
17850704	42	RESP=1
17864586	42	STIM=k
17869177	42	RESP=1
17881001	42	STIM=0
17885001	42	RESP=2
17899267	42	STIM=g
17904038	42	RESP=1
17917037	42	STIM=u
17920818	42	RESP=1
17932921	42	STIM=p
17937272	42	RESP=1
17948042	42	STIM=c
17951458	42	RESP=1
17963759	42	STIM=h
17970182	42	RESP=1
17981297	42	STIM=7
17985653	42	RESP=2
17997821	42	STIM=s
18002136	42	RESP=1
18014782	42	STIM=u
18022799	42	RESP=1
18032937	42	STIM=5
18038497	42	RESP=2
18048588	42	STIM=3
18054835	42	RESP=2
18066279	42	STIM=e
18069456	42	RESP=1
18083033	42	STIM=z
18087190	42	RESP=1
18101361	42	STIM=z
18104051	42	RESP=1
18118444	42	STIM=o
18122657	42	RESP=1
18134509	42	STIM=0
18142540	42	RESP=2
18151781	42	STIM=a
18159720	42	RESP=1
18167299	42	STIM=r
18171938	42	RESP=1
18185454	42	STIM=9
18190211	42	RESP=2
18201643	42	STIM=s
18204937	42	RESP=1
18218984	42	STIM=5
18228333	42	RESP=2
18235033	42	STIM=t
18240777	42	RESP=1
18251509	42	STIM=y
18256952	42	RESP=1
18267828	42	STIM=4
18273509	42	RESP=2
18283337	42	STIM=n
18288669	42	RESP=1
18300084	42	STIM=h
18304823	42	RESP=1
18316556	42	STIM=s
18319633	42	RESP=1
18333424	42	STIM=j
18336079	42	RESP=1
18348770	42	STIM=v
18354367	42	RESP=1
18367200	42	STIM=5
18371784	42	RESP=2
18385541	42	STIM=j
18388107	42	RESP=1
18403241	42	STIM=a
18406519	42	RESP=1
18421984	42	STIM=f
18425324	42	RESP=1
18440934	42	STIM=d
18446656	42	RESP=1
18458422	42	STIM=g
18464863	42	RESP=1
18477303	42	STIM=j
18482675	42	RESP=1
18493255	42	STIM=m
18497725	42	RESP=1
18511465	42	STIM=h
18515678	42	RESP=1
18527261	42	STIM=8
18532335	42	RESP=2
18544601	42	STIM=p
18551714	42	RESP=1
18561197	42	STIM=w
18566247	42	RESP=1
18576717	42	STIM=s
18581423	42	RESP=1
18594394	42	STIM=r
18599924	42	RESP=1
18609604	42	STIM=1
18612708	42	RESP=2
18628562	42	STIM=b
18633482	42	RESP=1
18645170	42	STIM=b
18647758	42	RESP=1
18662665	42	STIM=4
18669073	42	RESP=2
18680878	42	STIM=4
18687192	42	RESP=2
18695903	42	STIM=a
18701660	42	RESP=1
18713668	42	STIM=q
18717892	42	RESP=1
18730805	42	STIM=n
18734241	42	RESP=1
18746111	42	STIM=a
18752492	42	RESP=1
18763564	42	STIM=h
18773296	42	RESP=1
18781403	42	STIM=2
18785856	42	RESP=2
18797989	42	STIM=s
18804353	42	RESP=1
18815091	42	STIM=v
18819565	42	RESP=1
18832784	42	STIM=5
18837449	42	RESP=2
18848429	42	STIM=8
18851981	42	RESP=2
18867260	42	STIM=d
18871169	42	RESP=1
18882996	42	STIM=h
18889094	42	RESP=1
18898235	42	STIM=x
18903008	42	RESP=1
18914334	42	STIM=v
18918764	42	RESP=1
18931691	42	STIM=7
18936683	42	RESP=2
18948322	42	STIM=s
18951386	42	RESP=1
18963531	42	STIM=l
18967311	42	RESP=1
18982061	42	STIM=u
18990132	42	RESP=1
19000390	42	STIM=q
19004982	42	RESP=1
19015565	42	STIM=0
19019580	42	RESP=2
19031413	42	STIM=q
19038230	42	RESP=1
19047298	42	STIM=2
19054905	42	RESP=2
19063015	42	STIM=u
19072281	42	RESP=1
19081780	42	STIM=0
19087237	42	RESP=1
19098742	42	STIM=u
19105991	42	RESP=1
19114835	42	STIM=r
19119752	42	RESP=1
19132079	42	STIM=h
19140113	42	RESP=1
19150646	42	STIM=p
19154224	42	RESP=1
19167341	42	STIM=v
19175255	42	RESP=1
19185418	42	STIM=b
19190409	42	RESP=1
19204215	42	STIM=y
19212376	42	RESP=1
19220704	42	STIM=y
19223894	42	RESP=1
19238332	42	STIM=y
19242486	42	RESP=1
19255745	42	STIM=4
19265777	42	RESP=2
19274498	42	STIM=a
19278852	42	RESP=1
19292509	42	STIM=c
19301736	42	RESP=1
19311369	42	STIM=d
19314166	42	RESP=1
19329298	42	STIM=u
19333883	42	RESP=1
19346431	42	STIM=x
19351053	42	RESP=1
19365079	42	STIM=g
19370698	42	RESP=1
19382389	42	STIM=u
19385723	42	RESP=1
19398911	42	STIM=r
19404620	42	RESP=2
19414243	42	STIM=e
19419368	42	RESP=2
19431113	42	STIM=u
19434906	42	RESP=1
19448487	42	STIM=d
19454893	42	RESP=1
19465640	42	STIM=c
19469241	42	RESP=1
19483382	42	STIM=v
19488473	42	RESP=2
19498393	42	STIM=s
19505096	42	RESP=1
19513892	42	STIM=s
19517315	42	RESP=1
19531245	42	STIM=u
19538195	42	RESP=1
19546342	42	STIM=8
19553574	42	RESP=2
19562291	42	STIM=4
19567506	42	RESP=2
19577649	42	STIM=l
19582970	42	RESP=1
19594328	42	STIM=d
19597965	42	RESP=1
19610480	42	STIM=7
19615664	42	RESP=2
19627289	42	STIM=q
19630437	42	RESP=1
19643679	42	STIM=6
19650678	42	RESP=2
19661319	42	STIM=5
19666818	42	RESP=2
19680094	42	STIM=x
19688565	42	RESP=1
19695519	42	STIM=z
19700107	42	RESP=1
19711217	42	STIM=q
19717770	42	RESP=2
19728558	42	STIM=g
19734758	42	RESP=1
19746579	42	STIM=z
19750217	42	RESP=1
19762839	42	STIM=b
19766140	42	RESP=1
19778295	42	STIM=k
19782217	42	RESP=1
19795679	42	STIM=o
19799266	42	RESP=1
19812696	42	STIM=r
19817705	42	RESP=1
19831678	42	STIM=4
19835671	42	RESP=2
19849589	42	STIM=u
19853928	42	RESP=1
19868449	42	STIM=g
19873345	42	RESP=1
19885143	42	STIM=3
19888608	42	RESP=2
19902077	42	STIM=o
19906467	42	RESP=1
19918868	42	STIM=g
19923567	42	RESP=1
19937202	42	STIM=g
19940892	42	RESP=1
19954495	42	STIM=j
19957892	42	RESP=1
19971763	42	STIM=a
19975877	42	RESP=1
19987277	42	STIM=w
19991258	42	RESP=1
20002767	42	STIM=d
20006509	42	RESP=1
20019949	42	STIM=q
20024693	42	RESP=1
20037914	42	STIM=p
20042470	42	RESP=1
20054757	42	STIM=j
20062508	42	RESP=1
20073574	42	STIM=d
20080365	42	RESP=1
20089235	42	STIM=2
20094011	42	RESP=2
20104491	42	STIM=p
20110349	42	RESP=1
20122584	42	STIM=y
20132521	42	RESP=1
20139197	42	STIM=k
20142947	42	RESP=1
20155197	42	STIM=v
20163619	42	RESP=1
20174085	42	STIM=x
20179353	42	RESP=1
20191922	42	STIM=x
20195940	42	RESP=1
20208978	42	STIM=j
20218505	42	RESP=1
20227384	42	STIM=0
20233040	42	RESP=2
20243094	42	STIM=m
20248823	42	RESP=1
20261233	42	STIM=s
20266919	42	RESP=1
20276432	42	STIM=7
20281307	42	RESP=2
20291790	42	STIM=p
20294351	42	RESP=1
20308088	42	STIM=5
20313757	42	RESP=2
20325332	42	STIM=x
20329778	42	RESP=1
20342409	42	STIM=g
20346060	42	RESP=1
20360657	42	STIM=q
20366675	42	RESP=1
20376466	42	STIM=9
20380619	42	RESP=2
20392709	42	STIM=w
20395981	42	RESP=1
20408971	42	STIM=v
20415431	42	RESP=1
20427675	42	STIM=y
20432606	42	RESP=1
20445043	42	STIM=i
20450557	42	RESP=1
20462538	42	STIM=z
20466415	42	RESP=1
20481527	42	STIM=x
20486859	42	RESP=1
20499384	42	STIM=o
20503563	42	RESP=1
20516508	42	STIM=v
20521696	42	RESP=1
20534311	42	STIM=q
20538818	42	RESP=1
20549602	42	STIM=r
20561101	42	RESP=1
20566382	42	STIM=v
20569800	42	RESP=2
20584591	42	STIM=w
20589411	42	RESP=1
20601590	42	STIM=y
20606203	42	RESP=1
20620163	42	STIM=4
20625942	42	RESP=2
20638181	42	STIM=a
20644002	42	RESP=1
20653415	42	STIM=4
20658209	42	RESP=2
20669491	42	STIM=k
20673651	42	RESP=1
20688041	42	STIM=w
20693988	42	RESP=1
20706778	42	STIM=d
20714110	42	RESP=1
20724781	42	STIM=d
20728399	42	RESP=2
20743052	42	STIM=e
20750548	42	RESP=1
20760880	42	STIM=m
20766140	42	RESP=1
20779607	42	STIM=v
20783009	42	RESP=2
20797099	42	STIM=d
20801927	42	RESP=1
20813265	42	STIM=3
20817050	42	RESP=2
20831030	42	STIM=z
20834179	42	RESP=1
20847082	42	STIM=w
20852881	42	RESP=1
20862270	42	STIM=s
20865633	42	RESP=1
20878484	42	STIM=u
20883414	42	RESP=1
20896560	42	STIM=i
20900339	42	RESP=1
20911680	42	STIM=q
20915297	42	RESP=1
20929622	42	STIM=2
20936142	42	RESP=2
20946611	42	STIM=k
20954296	42	RESP=1
20963906	42	STIM=1
20968455	42	RESP=2
20980033	42	STIM=8
20988168	42	RESP=2
20997359	42	STIM=f
21003114	42	RESP=1
21015298	42	STIM=h
21019033	42	RESP=1
21032474	42	STIM=9
21035966	42	RESP=2
21049465	42	STIM=j
21054032	42	RESP=1
21066897	42	STIM=7
21072698	42	RESP=2
21084397	42	STIM=9
21088379	42	RESP=2
21102596	42	STIM=d
21107164	42	RESP=1
21120621	42	STIM=j
21123621	42	RESP=1
21139001	42	STIM=9
21147954	42	RESP=1
21154067	42	STIM=4
21159628	42	RESP=2
21171478	42	STIM=u
21175964	42	RESP=1
21187160	42	STIM=3
21191693	42	RESP=2
21203764	42	STIM=z
21207546	42	RESP=1
21221901	42	STIM=u
21228354	42	RESP=1
21239718	42	STIM=t
21247614	42	RESP=1
21257805	42	STIM=o
21263730	42	RESP=1
21275633	42	STIM=r
21280759	42	RESP=1
21292197	42	STIM=p
21297481	42	RESP=1
21309708	42	STIM=0
21314237	42	RESP=2
21325590	42	STIM=h
21329354	42	RESP=1
21341591	42	STIM=2
21344656	42	RESP=2
21357637	42	STIM=p
21362307	42	RESP=1
21376624	42	STIM=g
21380910	42	RESP=1
21391849	42	STIM=f
21400452	42	RESP=1
21410774	42	STIM=g
21414281	42	RESP=1
21428470	42	STIM=7
21436524	42	RESP=2
21444697	42	STIM=m
21449264	42	RESP=1
21461973	42	STIM=t
21466068	42	RESP=1
21477687	42	STIM=l
21483444	42	RESP=1
21494329	42	STIM=p
21499725	42	RESP=1
21510260	42	STIM=m
21517284	42	RESP=1
21528643	42	STIM=3
21532378	42	RESP=2
21545233	42	STIM=b
21549629	42	RESP=1
21563568	42	STIM=b
21571489	42	RESP=1
21579005	42	STIM=t
21584969	42	RESP=1
21597234	42	STIM=o
21605012	42	RESP=1
21614063	42	STIM=c
21618652	42	RESP=1
21632246	42	STIM=g
21639025	42	RESP=1
21649570	42	STIM=b
21655742	42	RESP=1
21667031	42	STIM=7
21672516	42	RESP=2
21682128	42	STIM=s
21686359	42	RESP=1
21698268	42	STIM=m
21701646	42	RESP=1
21717021	42	STIM=d
21722840	42	RESP=1
21732249	42	STIM=z
21738241	42	RESP=1
21748860	42	STIM=c
21753977	42	RESP=1
21765281	42	STIM=l
21769596	42	RESP=1
21784079	42	STIM=h
21787686	42	RESP=1
