# Original filename: 0021_WYK_2017-05-16.log
# Time unit: 100 us
# RARECAT=digit
#
# Time	HHGG	Event
35553	42	STIM=q
50226	42	RESP=1
53626	42	STIM=k
57575	42	RESP=1
72497	42	STIM=l
76778	42	RESP=1
89672	42	STIM=q
93115	42	RESP=1
104919	42	STIM=v
110134	42	RESP=1
123035	42	STIM=b
129129	42	RESP=1
140067	42	STIM=7
151843	42	RESP=2
157374	42	STIM=f
165447	42	RESP=1
172825	42	STIM=s
178732	42	RESP=1
189246	42	STIM=n
194077	42	RESP=1
207587	42	STIM=f
213003	42	RESP=1
226272	42	STIM=a
229388	42	RESP=1
241987	42	STIM=i
247107	42	RESP=1
257496	42	STIM=b
264715	42	RESP=2
274462	42	STIM=4
279136	42	RESP=2
292487	42	STIM=u
297826	42	RESP=1
311417	42	STIM=t
315449	42	RESP=1
326465	42	STIM=h
334519	42	RESP=1
341763	42	STIM=h
346936	42	RESP=1
357201	42	STIM=v
362931	42	RESP=1
372361	42	STIM=t
377992	42	RESP=2
391124	42	STIM=v
397274	42	RESP=1
408453	42	STIM=3
413714	42	RESP=1
426224	42	STIM=c
432417	42	RESP=1
445109	42	STIM=1
450349	42	RESP=2
463890	42	STIM=c
469223	42	RESP=1
481204	42	STIM=u
488897	42	RESP=1
498241	42	STIM=c
503604	42	RESP=1
513819	42	STIM=s
516800	42	RESP=1
530627	42	STIM=5
537541	42	RESP=1
547051	42	STIM=e
551390	42	RESP=1
565562	42	STIM=i
568198	42	RESP=1
583525	42	STIM=8
592214	42	RESP=2
602485	42	STIM=l
611771	42	RESP=2
618411	42	STIM=p
622693	42	RESP=1
636603	42	STIM=h
641020	42	RESP=1
654477	42	STIM=v
660669	42	RESP=1
672441	42	STIM=7
679349	42	RESP=2
691103	42	STIM=a
698327	42	RESP=1
706562	42	STIM=s
711731	42	RESP=1
725050	42	STIM=0
733316	42	RESP=2
741391	42	STIM=p
747555	42	RESP=1
759099	42	STIM=p
764132	42	RESP=1
776138	42	STIM=w
789816	42	RESP=1
792679	42	STIM=3
800434	42	RESP=2
808015	42	STIM=v
813123	42	RESP=1
824215	42	STIM=d
828625	42	RESP=1
839548	42	STIM=g
846829	42	RESP=1
855784	42	STIM=a
862438	42	RESP=1
870865	42	STIM=h
874478	42	RESP=1
886965	42	STIM=v
893579	42	RESP=1
905318	42	STIM=t
912592	42	RESP=1
923555	42	STIM=s
927960	42	RESP=1
939228	42	STIM=e
945819	42	RESP=1
957268	42	STIM=h
963020	42	RESP=1
972445	42	STIM=t
977280	42	RESP=2
991311	42	STIM=5
996497	42	RESP=2
1007375	42	STIM=u
1017384	42	RESP=1
1023649	42	STIM=e
1028957	42	RESP=1
1040054	42	STIM=o
1044260	42	RESP=1
1057204	42	STIM=a
1067512	42	RESP=1
1074476	42	STIM=c
1078058	42	RESP=1
1091098	42	STIM=h
1095745	42	RESP=1
1106193	42	STIM=z
1111243	42	RESP=1
1121729	42	STIM=0
1128980	42	RESP=2
1139197	42	STIM=u
1143621	42	RESP=1
1154690	42	STIM=s
1164913	42	RESP=1
1171156	42	STIM=n
1175712	42	RESP=1
1189423	42	STIM=c
1194361	42	RESP=1
1207454	42	STIM=w
1210240	42	RESP=1
1225721	42	STIM=k
1232459	42	RESP=1
1241256	42	STIM=z
1251423	42	RESP=1
1258308	42	STIM=f
1263239	42	RESP=1
1274673	42	STIM=w
1279873	42	RESP=1
1290296	42	STIM=z
1296955	42	RESP=1
1305515	42	STIM=s
1314081	42	RESP=1
1320631	42	STIM=y
1325301	42	RESP=1
1339106	42	STIM=t
1342946	42	RESP=1
1355719	42	STIM=c
1362479	42	RESP=1
1374598	42	STIM=f
1379605	42	RESP=1
1389659	42	STIM=c
1397971	42	RESP=1
1404723	42	STIM=b
1410383	42	RESP=2
1423163	42	STIM=g
1428525	42	RESP=1
1440592	42	STIM=8
1449668	42	RESP=2
1455871	42	STIM=g
1462249	42	RESP=1
1474509	42	STIM=c
1482055	42	RESP=1
1492629	42	STIM=8
1501836	42	RESP=2
1507632	42	STIM=f
1511311	42	RESP=1
1523016	42	STIM=x
1526260	42	RESP=1
1538636	42	STIM=g
1543414	42	RESP=2
1556403	42	STIM=6
1561358	42	RESP=2
1574041	42	STIM=l
1584069	42	RESP=1
1590759	42	STIM=o
1594401	42	RESP=1
1606685	42	STIM=3
1611606	42	RESP=2
1624239	42	STIM=4
1630243	42	RESP=2
1641714	42	STIM=p
1645984	42	RESP=1
1658269	42	STIM=c
1661544	42	RESP=1
1675682	42	STIM=x
1681374	42	RESP=1
1694615	42	STIM=y
1699378	42	RESP=1
1710725	42	STIM=x
1715347	42	RESP=1
1727421	42	STIM=n
1732048	42	RESP=1
1744443	42	STIM=f
1752139	42	RESP=1
1760543	42	STIM=u
1764820	42	RESP=1
1778545	42	STIM=c
1784046	42	RESP=1
1796144	42	STIM=r
1801417	42	RESP=1
1813474	42	STIM=d
1820034	42	RESP=1
1829168	42	STIM=o
1838472	42	RESP=1
1848144	42	STIM=w
1856778	42	RESP=1
1863669	42	STIM=v
1868480	42	RESP=1
1879272	42	STIM=j
1886618	42	RESP=1
1894587	42	STIM=7
1901198	42	RESP=2
1912562	42	STIM=b
1916803	42	RESP=1
1928894	42	STIM=c
1933502	42	RESP=1
1946619	42	STIM=b
1950235	42	RESP=2
1964178	42	STIM=x
1968885	42	RESP=1
1979513	42	STIM=g
1987021	42	RESP=1
1996505	42	STIM=n
2001237	42	RESP=1
2015187	42	STIM=p
2019289	42	RESP=1
2033800	42	STIM=0
2038574	42	RESP=2
2049264	42	STIM=n
2053340	42	RESP=1
2066445	42	STIM=l
2069271	42	RESP=1
2082564	42	STIM=m
2086140	42	RESP=1
2099670	42	STIM=s
2105553	42	RESP=1
2118565	42	STIM=f
2123181	42	RESP=1
2136592	42	STIM=u
2140967	42	RESP=1
2152144	42	STIM=z
2155933	42	RESP=1
2167654	42	STIM=5
2176865	42	RESP=2
2183766	42	STIM=c
2189073	42	RESP=1
2202353	42	STIM=c
2207288	42	RESP=1
2217821	42	STIM=g
2229380	42	RESP=1
2233124	42	STIM=e
2239263	42	RESP=1
2249178	42	STIM=x
2254397	42	RESP=1
2265817	42	STIM=7
2271898	42	RESP=2
2283031	42	STIM=l
2289634	42	RESP=1
2299251	42	STIM=l
2304395	42	RESP=1
2314622	42	STIM=z
2321148	42	RESP=1
2331961	42	STIM=o
2339404	42	RESP=1
2348965	42	STIM=o
2357279	42	RESP=1
2365631	42	STIM=y
2371124	42	RESP=1
2382040	42	STIM=g
2386494	42	RESP=1
2397403	42	STIM=l
2403526	42	RESP=1
2415628	42	STIM=a
2422022	42	RESP=1
2432977	42	STIM=0
2438567	42	RESP=1
2448525	42	STIM=l
2452140	42	RESP=1
2467205	42	STIM=u
2473603	42	RESP=1
2486041	42	STIM=c
2490463	42	RESP=1
2504907	42	STIM=v
2510772	42	RESP=1
2522772	42	STIM=u
2527186	42	RESP=1
2539044	42	STIM=k
2542994	42	RESP=1
2554102	42	STIM=5
2561868	42	RESP=1
2570297	42	STIM=o
2574963	42	RESP=1
2588994	42	STIM=u
2595919	42	RESP=2
2605101	42	STIM=r
2610439	42	RESP=1
2621561	42	STIM=o
2629398	42	RESP=1
2638345	42	STIM=d
2644637	42	RESP=1
2654142	42	STIM=q
2659876	42	RESP=1
2672574	42	STIM=j
2677013	42	RESP=1
2691364	42	STIM=9
2697806	42	RESP=2
2708510	42	STIM=y
2712582	42	RESP=1
2725587	42	STIM=z
2730254	42	RESP=1
2741246	42	STIM=w
2746703	42	RESP=1
2756655	42	STIM=f
2760536	42	RESP=1
2772203	42	STIM=2
2778468	42	RESP=2
2789874	42	STIM=w
2795443	42	RESP=2
2805303	42	STIM=7
2810121	42	RESP=2
2821357	42	STIM=g
2825198	42	RESP=1
2837386	42	STIM=p
2844290	42	RESP=2
2853114	42	STIM=a
2855835	42	RESP=1
2868301	42	STIM=p
2875571	42	RESP=1
2883855	42	STIM=e
2887167	42	RESP=1
2899776	42	STIM=m
2904745	42	RESP=1
2918616	42	STIM=z
2923021	42	RESP=1
2935530	42	STIM=y
2938902	42	RESP=1
2950646	42	STIM=g
2953925	42	RESP=1
2968501	42	STIM=g
2973183	42	RESP=1
2985586	42	STIM=x
2990730	42	RESP=1
3001117	42	STIM=r
3003446	42	RESP=1
3016410	42	STIM=7
3021334	42	RESP=2
3035173	42	STIM=5
3042905	42	RESP=2
3053164	42	STIM=h
3057669	42	RESP=1
3071877	42	STIM=4
3079468	42	RESP=2
3089968	42	STIM=7
3096825	42	RESP=1
3105139	42	STIM=y
3111487	42	RESP=1
3121133	42	STIM=p
3126394	42	RESP=1
3139068	42	STIM=a
3142609	42	RESP=1
3157172	42	STIM=w
3167489	42	RESP=1
3172408	42	STIM=s
3179516	42	RESP=1
3190153	42	STIM=v
3194252	42	RESP=1
3206935	42	STIM=y
3209441	42	RESP=1
3223377	42	STIM=e
3228333	42	RESP=1
3241473	42	STIM=o
3245571	42	RESP=1
3260209	42	STIM=z
3265722	42	RESP=1
3276128	42	STIM=t
3281618	42	RESP=1
3293609	42	STIM=w
3295930	42	RESP=2
3311712	42	STIM=i
3318029	42	RESP=1
3330667	42	STIM=i
3336297	42	RESP=1
3346967	42	STIM=p
3350985	42	RESP=1
3364247	42	STIM=b
3368021	42	RESP=1
3382950	42	STIM=t
3393867	42	RESP=1
3400337	42	STIM=3
3405667	42	RESP=2
3416574	42	STIM=q
3423016	42	RESP=1
3435075	42	STIM=k
3442960	42	RESP=1
3451155	42	STIM=r
3454209	42	RESP=2
3468414	42	STIM=9
3472801	42	RESP=2
3486194	42	STIM=b
3491011	42	RESP=1
3501407	42	STIM=a
3506739	42	RESP=1
3518792	42	STIM=m
3527765	42	RESP=1
3534062	42	STIM=n
3537103	42	RESP=1
3551389	42	STIM=7
3562124	42	RESP=2
3567535	42	STIM=k
3576356	42	RESP=1
3586046	42	STIM=c
3594159	42	RESP=1
3602146	42	STIM=x
3605328	42	RESP=1
3620940	42	STIM=n
3625107	42	RESP=2
3639649	42	STIM=n
3642989	42	RESP=1
3658498	42	STIM=z
3661487	42	RESP=1
3673952	42	STIM=e
3679517	42	RESP=1
3691689	42	STIM=n
3695201	42	RESP=2
3707489	42	STIM=f
3715865	42	RESP=1
3722618	42	STIM=v
3728456	42	RESP=1
3741426	42	STIM=h
3745667	42	RESP=1
3757097	42	STIM=c
3760996	42	RESP=1
3772480	42	STIM=d
3782057	42	RESP=1
3788957	42	STIM=p
3795364	42	RESP=1
3805879	42	STIM=t
3814388	42	RESP=1
3821537	42	STIM=b
3826547	42	RESP=1
3838045	42	STIM=v
3841680	42	RESP=1
3856354	42	STIM=4
3862649	42	RESP=2
3871548	42	STIM=5
3878748	42	RESP=1
3888362	42	STIM=t
3893371	42	RESP=1
3903627	42	STIM=9
3909802	42	RESP=2
3922073	42	STIM=q
3929615	42	RESP=1
3940571	42	STIM=a
3949590	42	RESP=2
3959222	42	STIM=4
3966206	42	RESP=2
3977894	42	STIM=5
3987846	42	RESP=2
3995831	42	STIM=v
3998733	42	RESP=1
4010990	42	STIM=q
4013983	42	RESP=1
4029583	42	STIM=f
4034382	42	RESP=1
4046107	42	STIM=w
4050454	42	RESP=1
4061929	42	STIM=1
4067769	42	RESP=2
4080790	42	STIM=s
4087163	42	RESP=1
4099051	42	STIM=b
4105029	42	RESP=1
4115913	42	STIM=c
4118916	42	RESP=1
4134101	42	STIM=w
4147937	42	RESP=1
4151224	42	STIM=f
4156099	42	RESP=1
4167614	42	STIM=v
4176395	42	RESP=1
4185424	42	STIM=t
4188583	42	RESP=1
4200984	42	STIM=l
4204962	42	RESP=1
4216310	42	STIM=7
4222816	42	RESP=2
4234172	42	STIM=i
4238516	42	RESP=1
4250790	42	STIM=v
4257061	42	RESP=1
4265808	42	STIM=8
4271948	42	RESP=2
4282713	42	STIM=p
4288336	42	RESP=2
4299475	42	STIM=5
4312541	42	RESP=1
4316860	42	STIM=v
4323639	42	RESP=1
4334204	42	STIM=i
4339134	42	RESP=1
4352387	42	STIM=j
4356373	42	RESP=1
4368335	42	STIM=h
4373779	42	RESP=1
4385907	42	STIM=0
4397846	42	RESP=2
4404466	42	STIM=c
4409513	42	RESP=1
4420666	42	STIM=a
4427460	42	RESP=1
4437349	42	STIM=l
4442265	42	RESP=1
4455616	42	STIM=k
4462480	42	RESP=1
4474161	42	STIM=a
4479008	42	RESP=1
4492425	42	STIM=o
4497556	42	RESP=1
4507550	42	STIM=5
4513967	42	RESP=2
4524730	42	STIM=c
4529121	42	RESP=1
4543141	42	STIM=o
4546117	42	RESP=1
4561405	42	STIM=f
4571436	42	RESP=1
4577426	42	STIM=t
4583724	42	RESP=1
4595762	42	STIM=z
4600071	42	RESP=1
4613435	42	STIM=3
4619546	42	RESP=2
4630779	42	STIM=y
4633842	42	RESP=1
4646353	42	STIM=w
4654219	42	RESP=1
4661658	42	STIM=z
4667004	42	RESP=1
4677346	42	STIM=h
4684607	42	RESP=1
4694748	42	STIM=a
4702105	42	RESP=1
4712340	42	STIM=e
4718365	42	RESP=1
4727572	42	STIM=f
4731786	42	RESP=1
4742874	42	STIM=x
4747330	42	RESP=1
4758111	42	STIM=e
4763384	42	RESP=1
4775976	42	STIM=u
4779511	42	RESP=1
4793901	42	STIM=x
4798238	42	RESP=2
4809206	42	STIM=n
4817483	42	RESP=2
4825817	42	STIM=e
4832135	42	RESP=2
4844399	42	STIM=p
4848535	42	RESP=1
4860571	42	STIM=p
4866062	42	RESP=1
4879552	42	STIM=y
4887937	42	RESP=1
4898496	42	STIM=o
4901393	42	RESP=1
4915026	42	STIM=g
4919580	42	RESP=1
4932662	42	STIM=o
4935432	42	RESP=1
4949390	42	STIM=r
4953396	42	RESP=1
4964658	42	STIM=y
4973926	42	RESP=1
4980930	42	STIM=q
4984270	42	RESP=1
4998151	42	STIM=d
5005252	42	RESP=1
5016517	42	STIM=j
5023100	42	RESP=1
5032893	42	STIM=u
5040541	42	RESP=1
5050992	42	STIM=t
5055649	42	RESP=1
5067327	42	STIM=h
5073402	42	RESP=1
5083912	42	STIM=j
5089149	42	RESP=1
5100992	42	STIM=j
5103976	42	RESP=1
5119639	42	STIM=1
5123743	42	RESP=1
5136575	42	STIM=i
5144947	42	RESP=1
5154934	42	STIM=d
5160575	42	RESP=1
5172983	42	STIM=a
5178886	42	RESP=2
5189380	42	STIM=g
5195447	42	RESP=1
5206849	42	STIM=g
5213061	42	RESP=1
5223051	42	STIM=n
5232670	42	RESP=1
5238277	42	STIM=u
5242093	42	RESP=1
5253324	42	STIM=5
5265680	42	RESP=2
5269205	42	STIM=t
5273235	42	RESP=1
5287843	42	STIM=c
5294800	42	RESP=1
5303548	42	STIM=v
5311547	42	RESP=1
5321935	42	STIM=4
5326182	42	RESP=1
5338801	42	STIM=u
5345199	42	RESP=1
5357320	42	STIM=s
5364580	42	RESP=1
5374327	42	STIM=3
5379921	42	RESP=2
5391404	42	STIM=h
5397585	42	RESP=1
5406604	42	STIM=f
5415013	42	RESP=1
5424749	42	STIM=k
5430591	42	RESP=1
5443500	42	STIM=d
5452933	42	RESP=1
5461266	42	STIM=3
5475921	42	RESP=2
5476420	42	STIM=n
5481961	42	RESP=1
5492587	42	STIM=2
5498688	42	RESP=2
5508306	42	STIM=p
5511712	42	RESP=1
5524755	42	STIM=t
5528421	42	RESP=1
5541344	42	STIM=p
5548490	42	RESP=1
5558345	42	STIM=g
5563696	42	RESP=1
5573765	42	STIM=g
5578012	42	RESP=1
5589802	42	STIM=x
5598660	42	RESP=1
5605731	42	STIM=a
5608411	42	RESP=1
5623489	42	STIM=4
5629600	42	RESP=2
5641638	42	STIM=7
5650200	42	RESP=2
5657537	42	STIM=r
5664568	42	RESP=1
5673949	42	STIM=m
5682085	42	RESP=1
5691611	42	STIM=j
5696829	42	RESP=1
5707768	42	STIM=c
5710775	42	RESP=1
5725879	42	STIM=t
5732585	42	RESP=1
5743334	42	STIM=6
5747616	42	RESP=1
5761533	42	STIM=h
5766411	42	RESP=1
5780086	42	STIM=i
5787583	42	RESP=1
5797334	42	STIM=x
5802202	42	RESP=1
5812630	42	STIM=i
5818255	42	RESP=1
5828183	42	STIM=f
5833298	42	RESP=1
5844971	42	STIM=z
5850881	42	RESP=1
5861195	42	STIM=q
5867170	42	RESP=1
5880102	42	STIM=1
5885831	42	RESP=2
5896339	42	STIM=c
5902867	42	RESP=2
5914234	42	STIM=g
5920564	42	RESP=1
5932950	42	STIM=t
5940163	42	RESP=1
5951880	42	STIM=s
5958573	42	RESP=1
5969625	42	STIM=5
5975466	42	RESP=2
5986777	42	STIM=o
5989363	42	RESP=1
6004488	42	STIM=8
6010295	42	RESP=2
6022805	42	STIM=u
6025983	42	RESP=1
6039607	42	STIM=x
6043343	42	RESP=1
6057556	42	STIM=j
6065069	42	RESP=1
6074441	42	STIM=m
6078632	42	RESP=1
6089706	42	STIM=a
6094341	42	RESP=1
6108196	42	STIM=g
6115237	42	RESP=1
6123684	42	STIM=d
6134182	42	RESP=1
6138861	42	STIM=l
6143689	42	RESP=1
6157640	42	STIM=4
6163417	42	RESP=2
6176289	42	STIM=i
6179854	42	RESP=1
6191494	42	STIM=t
6196325	42	RESP=1
6207885	42	STIM=n
6214704	42	RESP=1
6223021	42	STIM=z
6228902	42	RESP=1
6239271	42	STIM=g
6244191	42	RESP=1
6255125	42	STIM=h
6258101	42	RESP=2
6271805	42	STIM=9
6276319	42	RESP=2
6287442	42	STIM=l
6290984	42	RESP=1
6304396	42	STIM=z
6316864	42	RESP=1
6319853	42	STIM=b
6323580	42	RESP=1
6337305	42	STIM=v
6345816	42	RESP=1
6353896	42	STIM=l
6361001	42	RESP=1
6369680	42	STIM=5
6374052	42	RESP=1
6387566	42	STIM=9
6392303	42	RESP=2
6405131	42	STIM=v
6409805	42	RESP=1
6420407	42	STIM=v
6425208	42	RESP=1
6436923	42	STIM=x
6445264	42	RESP=1
6452139	42	STIM=l
6455571	42	RESP=1
6468048	42	STIM=f
6471646	42	RESP=1
6485723	42	STIM=m
6489705	42	RESP=1
6503092	42	STIM=i
6506155	42	RESP=1
6521374	42	STIM=o
6527014	42	RESP=1
6539649	42	STIM=y
6546137	42	RESP=1
6555582	42	STIM=l
6559676	42	RESP=1
6572686	42	STIM=z
6583058	42	RESP=2
6588623	42	STIM=o
6593804	42	RESP=1
6604493	42	STIM=q
6609854	42	RESP=1
6621433	42	STIM=5
6628919	42	RESP=1
6638737	42	STIM=0
6648621	42	RESP=2
6654837	42	STIM=i
6660236	42	RESP=1
6671734	42	STIM=w
6676509	42	RESP=1
6690343	42	STIM=d
6698295	42	RESP=1
6707508	42	STIM=l
6715828	42	RESP=1
6725071	42	STIM=n
6729741	42	RESP=1
6743391	42	STIM=g
6746860	42	RESP=2
6758563	42	STIM=r
6761839	42	RESP=1
6777385	42	STIM=i
6783181	42	RESP=1
6793282	42	STIM=n
6796422	42	RESP=1
6808369	42	STIM=b
6816386	42	RESP=1
6824746	42	STIM=3
6834219	42	RESP=2
6843674	42	STIM=n
6850977	42	RESP=1
6859202	42	STIM=e
6863989	42	RESP=2
6877350	42	STIM=w
6882082	42	RESP=1
6894230	42	STIM=a
6904189	42	RESP=1
6911297	42	STIM=2
6920279	42	RESP=2
6928173	42	STIM=m
6934243	42	RESP=1
6945647	42	STIM=n
6950037	42	RESP=1
6961534	42	STIM=u
6964332	42	RESP=1
6978316	42	STIM=l
6984338	42	RESP=1
6995172	42	STIM=8
6999876	42	RESP=2
7011313	42	STIM=o
7015661	42	RESP=1
7027864	42	STIM=o
7034036	42	RESP=1
7044560	42	STIM=v
7049788	42	RESP=2
7061071	42	STIM=e
7066939	42	RESP=1
7077705	42	STIM=b
7084494	42	RESP=1
7094333	42	STIM=5
7101478	42	RESP=2
7112298	42	STIM=0
7117607	42	RESP=2
7127991	42	STIM=3
7135883	42	RESP=1
7143646	42	STIM=1
7148770	42	RESP=2
7158651	42	STIM=i
7162953	42	RESP=1
7176755	42	STIM=i
7183902	42	RESP=1
7195146	42	STIM=l
7197785	42	RESP=1
7210304	42	STIM=i
7217182	42	RESP=1
7227016	42	STIM=4
7232993	42	RESP=2
7243932	42	STIM=f
7250367	42	RESP=1
7259546	42	STIM=m
7265834	42	RESP=2
7276442	42	STIM=r
7283981	42	RESP=1
7291689	42	STIM=9
7297329	42	RESP=1
7308026	42	STIM=a
7311304	42	RESP=1
7323564	42	STIM=3
7330976	42	RESP=2
7340237	42	STIM=t
7347458	42	RESP=1
7355244	42	STIM=f
7361012	42	RESP=1
7372612	42	STIM=x
7375849	42	RESP=2
7390485	42	STIM=i
7397645	42	RESP=1
7408221	42	STIM=w
7414030	42	RESP=1
7423849	42	STIM=b
7429723	42	RESP=1
7439552	42	STIM=i
7442473	42	RESP=1
7457919	42	STIM=e
7463587	42	RESP=1
7476827	42	STIM=i
7488850	42	RESP=1
7493508	42	STIM=v
7497008	42	RESP=1
7508974	42	STIM=t
7513209	42	RESP=1
7524861	42	STIM=y
7529848	42	RESP=1
7541831	42	STIM=r
7546596	42	RESP=1
7557360	42	STIM=0
7563980	42	RESP=2
7573926	42	STIM=1
7579599	42	RESP=2
7592476	42	STIM=b
7598001	42	RESP=1
7608709	42	STIM=n
7613052	42	RESP=1
7626641	42	STIM=e
7635341	42	RESP=1
7643322	42	STIM=x
7653906	42	RESP=1
7660491	42	STIM=z
7665030	42	RESP=1
7676789	42	STIM=m
7683806	42	RESP=1
7692592	42	STIM=u
7698757	42	RESP=1
7710673	42	STIM=y
7715613	42	RESP=1
7726671	42	STIM=f
7734214	42	RESP=1
7744700	42	STIM=z
7750260	42	RESP=1
7761330	42	STIM=l
7766396	42	RESP=1
7779080	42	STIM=y
7782710	42	RESP=1
7797012	42	STIM=r
7802287	42	RESP=1
7813771	42	STIM=j
7822402	42	RESP=1
7830916	42	STIM=t
7835058	42	RESP=1
7848190	42	STIM=s
7851965	42	RESP=1
7866859	42	STIM=7
7877484	42	RESP=2
7881859	42	STIM=s
7886802	42	RESP=1
7899155	42	STIM=s
7904210	42	RESP=1
7916407	42	STIM=b
7919759	42	RESP=1
7933696	42	STIM=k
7938428	42	RESP=1
7950994	42	STIM=q
7958002	42	RESP=1
7969871	42	STIM=3
7975165	42	RESP=2
7988360	42	STIM=c
7996537	42	RESP=1
8003719	42	STIM=s
8009884	42	RESP=1
8022407	42	STIM=3
8033175	42	RESP=2
8038022	42	STIM=4
8044139	42	RESP=2
8056750	42	STIM=s
8061011	42	RESP=1
8074686	42	STIM=4
8082227	42	RESP=2
8092760	42	STIM=s
8099995	42	RESP=1
8111609	42	STIM=g
8117587	42	RESP=2
8129860	42	STIM=a
8135879	42	RESP=1
8145138	42	STIM=i
8148449	42	RESP=1
8163264	42	STIM=n
8168418	42	RESP=1
8179542	42	STIM=z
8185103	42	RESP=1
8198131	42	STIM=x
8208103	42	RESP=1
8213153	42	STIM=b
8218186	42	RESP=1
8231350	42	STIM=3
8237484	42	RESP=1
8249399	42	STIM=p
8253540	42	RESP=1
8264979	42	STIM=s
8275758	42	RESP=1
8283151	42	STIM=9
8291313	42	RESP=2
8299057	42	STIM=q
8306893	42	RESP=1
8317985	42	STIM=6
8324993	42	RESP=2
8335753	42	STIM=g
8340370	42	RESP=1
8354532	42	STIM=z
8358260	42	RESP=1
8373440	42	STIM=c
8377695	42	RESP=1
8390986	42	STIM=q
8395874	42	RESP=1
8407573	42	STIM=x
8413486	42	RESP=1
8422879	42	STIM=k
8432161	42	RESP=1
8440468	42	STIM=g
8445663	42	RESP=1
8456095	42	STIM=f
8459506	42	RESP=1
8471850	42	STIM=s
8477302	42	RESP=1
8487079	42	STIM=b
8491937	42	RESP=1
8505215	42	STIM=q
8510172	42	RESP=1
8522645	42	STIM=f
8528223	42	RESP=1
8539216	42	STIM=0
8546089	42	RESP=2
8557935	42	STIM=0
8562316	42	RESP=2
8576075	42	STIM=y
8580359	42	RESP=1
8594042	42	STIM=5
8604571	42	RESP=2
8611913	42	STIM=r
8616948	42	RESP=1
8627812	42	STIM=j
8634492	42	RESP=1
8644631	42	STIM=o
8648488	42	RESP=1
8660768	42	STIM=0
8668179	42	RESP=2
8678312	42	STIM=e
8692405	42	RESP=1
8696083	42	STIM=f
8700520	42	RESP=1
8712438	42	STIM=t
8717074	42	RESP=1
8728319	42	STIM=r
8732025	42	RESP=1
8744085	42	STIM=b
8747287	42	RESP=1
8759873	42	STIM=l
8764499	42	RESP=1
8778202	42	STIM=0
8784959	42	RESP=1
8793689	42	STIM=u
8799421	42	RESP=1
8811584	42	STIM=b
8817042	42	RESP=1
8828308	42	STIM=x
8832803	42	RESP=1
8843624	42	STIM=w
8850056	42	RESP=1
8859391	42	STIM=x
8865894	42	RESP=1
8875991	42	STIM=3
8883092	42	RESP=2
8893659	42	STIM=x
8902220	42	RESP=1
8912631	42	STIM=w
8917463	42	RESP=1
8930040	42	STIM=a
8937250	42	RESP=1
8948768	42	STIM=2
8954899	42	RESP=2
8964224	42	STIM=x
8968947	42	RESP=2
8982284	42	STIM=t
8990072	42	RESP=1
8999341	42	STIM=8
9007618	42	RESP=1
9014776	42	STIM=s
9019319	42	RESP=1
9032950	42	STIM=k
9036209	42	RESP=1
9050641	42	STIM=5
9058355	42	RESP=1
9065646	42	STIM=q
9071611	42	RESP=1
9082414	42	STIM=0
9087680	42	RESP=2
9100971	42	STIM=n
9105688	42	RESP=1
9119061	42	STIM=r
9125023	42	RESP=1
9135837	42	STIM=h
9140393	42	RESP=1
9154249	42	STIM=m
9158882	42	RESP=1
9172729	42	STIM=a
9176804	42	RESP=1
9188822	42	STIM=4
9196975	42	RESP=2
9205185	42	STIM=w
9211294	42	RESP=1
9220954	42	STIM=7
9227469	42	RESP=2
9236460	42	STIM=g
9242562	42	RESP=1
9255133	42	STIM=j
9260822	42	RESP=1
9273159	42	STIM=5
9280041	42	RESP=2
9289744	42	STIM=f
9294394	42	RESP=1
9305650	42	STIM=g
9309290	42	RESP=1
9322781	42	STIM=3
9328068	42	RESP=2
9341666	42	STIM=9
9350623	42	RESP=2
9358441	42	STIM=s
9366579	42	RESP=1
9375052	42	STIM=l
9380739	42	RESP=1
9393557	42	STIM=1
9396946	42	RESP=2
9410560	42	STIM=n
9413906	42	RESP=1
9427342	42	STIM=y
9430274	42	RESP=1
9442814	42	STIM=v
9449689	42	RESP=1
9459623	42	STIM=u
9464380	42	RESP=1
9477798	42	STIM=2
9488518	42	RESP=2
9495096	42	STIM=9
9500052	42	RESP=2
9512917	42	STIM=p
9519349	42	RESP=1
9531020	42	STIM=d
9537792	42	RESP=1
9549940	42	STIM=7
9556383	42	RESP=2
9568921	42	STIM=k
9572600	42	RESP=2
9585139	42	STIM=o
9590943	42	RESP=1
9602487	42	STIM=y
9606031	42	RESP=1
9620830	42	STIM=c
9625691	42	RESP=1
9637988	42	STIM=m
9643687	42	RESP=1
9653383	42	STIM=z
9657251	42	RESP=1
9670904	42	STIM=p
9674893	42	RESP=1
9689057	42	STIM=d
9693256	42	RESP=1
9704497	42	STIM=g
9709842	42	RESP=1
9720460	42	STIM=b
9726964	42	RESP=2
9736448	42	STIM=w
9740412	42	RESP=1
9754939	42	STIM=z
9759900	42	RESP=1
9770807	42	STIM=d
9777390	42	RESP=1
9787724	42	STIM=a
9792866	42	RESP=1
9803220	42	STIM=i
9807482	42	RESP=1
9819317	42	STIM=y
9825181	42	RESP=1
9835576	42	STIM=m
9841819	42	RESP=1
9853468	42	STIM=4
9860198	42	RESP=2
9869911	42	STIM=c
9875758	42	RESP=1
9886655	42	STIM=i
9891505	42	RESP=1
9902856	42	STIM=s
9906560	42	RESP=1
9920471	42	STIM=x
9928980	42	RESP=1
9939204	42	STIM=o
9943330	42	RESP=1
9954673	42	STIM=i
9958423	42	RESP=1
9972095	42	STIM=h
9975966	42	RESP=1
9987096	42	STIM=5
9994332	42	RESP=2
10004238	42	STIM=y
10008767	42	RESP=1
10023190	42	STIM=v
10031435	42	RESP=1
10041579	42	STIM=7
10046540	42	RESP=1
10058852	42	STIM=l
10065834	42	RESP=1
10076921	42	STIM=b
10082959	42	RESP=1
10095344	42	STIM=a
10100360	42	RESP=1
10113141	42	STIM=b
10120766	42	RESP=1
10129725	42	STIM=d
10138249	42	RESP=1
10148441	42	STIM=a
10156286	42	RESP=1
10166475	42	STIM=l
10175049	42	RESP=1
10183596	42	STIM=m
10188159	42	RESP=1
10202286	42	STIM=r
10210033	42	RESP=1
10219243	42	STIM=x
10224244	42	RESP=1
10237743	42	STIM=m
10242047	42	RESP=1
10253525	42	STIM=5
10263684	42	RESP=2
10272279	42	STIM=m
10279118	42	RESP=1
10288226	42	STIM=v
10297045	42	RESP=1
10306517	42	STIM=d
10314005	42	RESP=1
10325428	42	STIM=1
10331686	42	RESP=2
10343871	42	STIM=w
10350087	42	RESP=1
10360196	42	STIM=r
10365146	42	RESP=1
10378652	42	STIM=q
10381658	42	RESP=1
10395753	42	STIM=4
10403246	42	RESP=2
10414399	42	STIM=3
10423851	42	RESP=2
10432925	42	STIM=8
10437299	42	RESP=2
10448485	42	STIM=k
10455111	42	RESP=1
10465601	42	STIM=z
10470655	42	RESP=1
10483846	42	STIM=0
10491300	42	RESP=2
10499156	42	STIM=a
10504081	42	RESP=1
10515661	42	STIM=5
10522027	42	RESP=2
10531215	42	STIM=z
10534667	42	RESP=1
10547491	42	STIM=2
10555086	42	RESP=1
10563246	42	STIM=8
10568125	42	RESP=2
10579095	42	STIM=m
10583305	42	RESP=1
10595050	42	STIM=x
10598735	42	RESP=1
10612259	42	STIM=w
10616926	42	RESP=2
10630246	42	STIM=a
10635707	42	RESP=1
10647569	42	STIM=v
10652132	42	RESP=1
10662576	42	STIM=h
10665717	42	RESP=1
10679609	42	STIM=x
10683825	42	RESP=1
10695517	42	STIM=l
10699794	42	RESP=1
10714170	42	STIM=3
10718606	42	RESP=2
10729829	42	STIM=h
10737057	42	RESP=1
10745135	42	STIM=7
10749206	42	RESP=2
10762835	42	STIM=7
10768983	42	RESP=2
10778661	42	STIM=g
10783220	42	RESP=1
10797410	42	STIM=2
10802248	42	RESP=2
10812696	42	STIM=9
10818320	42	RESP=2
10830866	42	STIM=v
10837839	42	RESP=1
10849161	42	STIM=g
10858488	42	RESP=1
10867835	42	STIM=3
10871880	42	RESP=2
10886232	42	STIM=2
10891124	42	RESP=2
10904272	42	STIM=t
10911705	42	RESP=1
10919454	42	STIM=f
10926129	42	RESP=1
10937695	42	STIM=2
10943082	42	RESP=2
10953276	42	STIM=0
10958754	42	RESP=1
10971695	42	STIM=u
10977921	42	RESP=1
10989933	42	STIM=g
10998248	42	RESP=1
11007832	42	STIM=i
11011287	42	RESP=1
11026275	42	STIM=b
11030870	42	RESP=1
11042700	42	STIM=1
11046212	42	RESP=2
11060297	42	STIM=i
11070501	42	RESP=1
11078780	42	STIM=n
11082568	42	RESP=1
11096683	42	STIM=9
11101984	42	RESP=2
11113185	42	STIM=q
11119158	42	RESP=1
11128954	42	STIM=b
11142975	42	RESP=1
11144008	42	STIM=x
11147931	42	RESP=1
11160514	42	STIM=4
11169459	42	RESP=2
11178818	42	STIM=q
11185866	42	RESP=1
11194689	42	STIM=a
11200520	42	RESP=1
11211902	42	STIM=h
11216379	42	RESP=1
11228921	42	STIM=m
11232747	42	RESP=1
11247745	42	STIM=v
11252882	42	RESP=1
11264546	42	STIM=b
11273748	42	RESP=1
11282603	42	STIM=5
11288086	42	RESP=2
11301004	42	STIM=j
11306081	42	RESP=1
11317560	42	STIM=x
11320475	42	RESP=1
11333882	42	STIM=m
11340044	42	RESP=1
11352551	42	STIM=x
11363462	42	RESP=1
11369973	42	STIM=0
11376941	42	RESP=2
11387710	42	STIM=h
11393672	42	RESP=2
11404673	42	STIM=h
11409919	42	RESP=1
11422624	42	STIM=3
11430714	42	RESP=2
11437810	42	STIM=a
11444416	42	RESP=1
11456399	42	STIM=f
11460436	42	RESP=1
11474001	42	STIM=i
11477629	42	RESP=1
11492244	42	STIM=e
11495721	42	RESP=1
11508627	42	STIM=l
11512564	42	RESP=1
11526336	42	STIM=j
11534461	42	RESP=1
11545149	42	STIM=z
11548570	42	RESP=1
11563065	42	STIM=o
11570401	42	RESP=1
11578645	42	STIM=z
11582464	42	RESP=1
11593757	42	STIM=m
11599074	42	RESP=1
11609484	42	STIM=u
11615183	42	RESP=2
11625239	42	STIM=p
11629881	42	RESP=1
11641659	42	STIM=i
11647010	42	RESP=1
11659407	42	STIM=4
11664971	42	RESP=2
11677801	42	STIM=w
11683920	42	RESP=1
11693042	42	STIM=i
11699587	42	RESP=2
11710461	42	STIM=g
11717181	42	RESP=1
11728445	42	STIM=q
11731952	42	RESP=1
11745955	42	STIM=y
11753052	42	RESP=1
11762227	42	STIM=i
11769584	42	RESP=1
11779433	42	STIM=y
11782306	42	RESP=1
11797530	42	STIM=q
11803588	42	RESP=1
11814008	42	STIM=h
11819843	42	RESP=1
11830759	42	STIM=b
11836654	42	RESP=1
11847601	42	STIM=y
11854239	42	RESP=1
11864449	42	STIM=n
11868891	42	RESP=1
11880634	42	STIM=d
11887702	42	RESP=1
11897981	42	STIM=t
11902739	42	RESP=1
11915184	42	STIM=2
11922254	42	RESP=2
11932775	42	STIM=i
11944221	42	RESP=1
11948119	42	STIM=a
11954171	42	RESP=1
11965136	42	STIM=3
11971212	42	RESP=2
11981198	42	STIM=5
11985330	42	RESP=2
11996784	42	STIM=b
12001886	42	RESP=1
12015252	42	STIM=a
12019828	42	RESP=1
12031343	42	STIM=5
12039579	42	RESP=1
12048827	42	STIM=0
12055196	42	RESP=2
12067318	42	STIM=b
12072809	42	RESP=1
12084042	42	STIM=o
12089373	42	RESP=1
12099053	42	STIM=k
12107436	42	RESP=1
12117366	42	STIM=2
12125112	42	RESP=2
12133478	42	STIM=4
12140868	42	RESP=2
12149909	42	STIM=j
12158542	42	RESP=1
12165035	42	STIM=w
12172701	42	RESP=2
12183309	42	STIM=d
12188582	42	RESP=1
12200659	42	STIM=t
12205830	42	RESP=1
12215701	42	STIM=2
12224002	42	RESP=2
12234662	42	STIM=a
12239217	42	RESP=1
12251904	42	STIM=q
12257596	42	RESP=1
12267411	42	STIM=6
12275698	42	RESP=1
12285712	42	STIM=9
12290022	42	RESP=2
12301588	42	STIM=d
12307405	42	RESP=1
12319553	42	STIM=x
12324810	42	RESP=1
12336641	42	STIM=u
12342830	42	RESP=1
12354925	42	STIM=z
12359474	42	RESP=1
12373219	42	STIM=0
12377649	42	RESP=2
12388970	42	STIM=4
12396245	42	RESP=2
12404584	42	STIM=v
12409711	42	RESP=1
12421315	42	STIM=v
12425485	42	RESP=1
12436734	42	STIM=k
12440074	42	RESP=1
12454742	42	STIM=a
12459595	42	RESP=1
12469937	42	STIM=v
12474412	42	RESP=1
12485192	42	STIM=m
12490454	42	RESP=1
12502324	42	STIM=k
12508534	42	RESP=1
12519925	42	STIM=w
12527987	42	RESP=1
12535168	42	STIM=6
12542119	42	RESP=1
12552820	42	STIM=j
12562334	42	RESP=1
12568953	42	STIM=4
12574917	42	RESP=2
12587175	42	STIM=1
12595516	42	RESP=2
12603647	42	STIM=a
12609128	42	RESP=1
12619145	42	STIM=h
12622959	42	RESP=1
12637615	42	STIM=v
12642233	42	RESP=1
12656406	42	STIM=e
12662296	42	RESP=1
12672309	42	STIM=k
12677384	42	RESP=1
12689980	42	STIM=p
12693702	42	RESP=1
12706117	42	STIM=h
12713387	42	RESP=1
12723387	42	STIM=o
12727852	42	RESP=1
12738421	42	STIM=g
12743715	42	RESP=1
12754125	42	STIM=p
12760956	42	RESP=1
12770647	42	STIM=c
12775114	42	RESP=1
12789051	42	STIM=2
12796827	42	RESP=2
12805671	42	STIM=w
12810646	42	RESP=1
12822823	42	STIM=u
12828395	42	RESP=1
12838232	42	STIM=z
12850295	42	RESP=1
12856905	42	STIM=h
12860620	42	RESP=1
12874084	42	STIM=s
12881741	42	RESP=1
12892736	42	STIM=c
12899781	42	RESP=1
12908860	42	STIM=d
12914785	42	RESP=1
12926650	42	STIM=b
12933072	42	RESP=1
12943252	42	STIM=u
12950070	42	RESP=1
12962100	42	STIM=u
12965347	42	RESP=1
12978676	42	STIM=n
12985809	42	RESP=1
12996729	42	STIM=2
13003689	42	RESP=1
13012811	42	STIM=o
13021048	42	RESP=1
13030063	42	STIM=3
13034072	42	RESP=2
13046409	42	STIM=z
13049289	42	RESP=1
13063981	42	STIM=x
13067698	42	RESP=1
13082012	42	STIM=n
13090351	42	RESP=1
13097220	42	STIM=7
13107713	42	RESP=2
13114320	42	STIM=0
13118395	42	RESP=2
13129722	42	STIM=z
13136043	42	RESP=1
13146080	42	STIM=9
13151774	42	RESP=2
13162935	42	STIM=j
13169154	42	RESP=1
13181751	42	STIM=0
13189443	42	RESP=2
13196791	42	STIM=n
13202614	42	RESP=1
13215321	42	STIM=f
13225354	42	RESP=1
13230789	42	STIM=i
13236282	42	RESP=1
13247875	42	STIM=2
13252499	42	RESP=2
13263007	42	STIM=i
13270127	42	RESP=1
13280914	42	STIM=l
13285007	42	RESP=1
13297024	42	STIM=y
13302823	42	RESP=1
13313810	42	STIM=8
13320835	42	RESP=2
13330353	42	STIM=f
13335579	42	RESP=1
13346742	42	STIM=o
13351268	42	RESP=1
13364809	42	STIM=d
13369556	42	RESP=1
13380610	42	STIM=v
13386937	42	RESP=1
13398457	42	STIM=r
13403839	42	RESP=1
13415199	42	STIM=c
13422665	42	RESP=1
13431515	42	STIM=8
13437026	42	RESP=2
13446553	42	STIM=3
13454159	42	RESP=2
13461998	42	STIM=k
13465579	42	RESP=1
13480223	42	STIM=7
13487260	42	RESP=2
13496015	42	STIM=5
13499666	42	RESP=2
13513293	42	STIM=b
13517174	42	RESP=1
13528699	42	STIM=h
13534034	42	RESP=1
13546372	42	STIM=n
13550868	42	RESP=1
13562266	42	STIM=e
13565973	42	RESP=1
13579729	42	STIM=i
13587517	42	RESP=1
13597545	42	STIM=t
13604342	42	RESP=1
13613155	42	STIM=k
13616987	42	RESP=1
13629469	42	STIM=y
13633578	42	RESP=1
13648454	42	STIM=f
13654186	42	RESP=1
13664506	42	STIM=n
13670559	42	RESP=1
13679925	42	STIM=r
13688608	42	RESP=1
13697407	42	STIM=z
13704494	42	RESP=1
13712850	42	STIM=j
13720684	42	RESP=1
13727946	42	STIM=0
13735170	42	RESP=2
13745653	42	STIM=4
13755006	42	RESP=2
13764206	42	STIM=8
13771322	42	RESP=2
13780985	42	STIM=t
13786873	42	RESP=1
13796986	42	STIM=9
13806162	42	RESP=2
13815932	42	STIM=y
13822790	42	RESP=1
13832859	42	STIM=g
13842089	42	RESP=1
13851821	42	STIM=d
13858348	42	RESP=1
13869477	42	STIM=y
13875689	42	RESP=1
13885995	42	STIM=d
13889874	42	RESP=1
13902300	42	STIM=d
13907651	42	RESP=2
13919959	42	STIM=7
13932892	42	RESP=2
13935966	42	STIM=x
13947894	42	RESP=1
13952964	42	STIM=v
13960698	42	RESP=1
13970399	42	STIM=m
13975690	42	RESP=1
13985813	42	STIM=k
13990521	42	RESP=1
14001135	42	STIM=r
14005757	42	RESP=1
14018500	42	STIM=r
14025937	42	RESP=1
14036317	42	STIM=x
14048145	42	RESP=1
14054926	42	STIM=q
14060115	42	RESP=1
14071525	42	STIM=g
14075815	42	RESP=1
14090206	42	STIM=t
14099919	42	RESP=1
14108897	42	STIM=w
14111781	42	RESP=1
14126004	42	STIM=l
14132758	42	RESP=1
14143717	42	STIM=t
14154075	42	RESP=1
14161625	42	STIM=y
14166152	42	RESP=1
14179222	42	STIM=r
14184209	42	RESP=1
14197061	42	STIM=a
14204462	42	RESP=1
14214486	42	STIM=g
14223828	42	RESP=1
14232069	42	STIM=a
14235485	42	RESP=1
14247465	42	STIM=v
14257152	42	RESP=1
14263453	42	STIM=b
14271275	42	RESP=1
14279917	42	STIM=0
14285853	42	RESP=2
14295508	42	STIM=j
14301676	42	RESP=1
14311759	42	STIM=8
14318420	42	RESP=2
14328231	42	STIM=m
14331235	42	RESP=1
14344090	42	STIM=n
14350208	42	RESP=1
14362078	42	STIM=d
14365691	42	RESP=1
14378022	42	STIM=v
14382488	42	RESP=1
14396706	42	STIM=a
14401940	42	RESP=1
14415617	42	STIM=b
14421323	42	RESP=1
14430909	42	STIM=c
14434463	42	RESP=2
14446132	42	STIM=y
14450083	42	RESP=1
14464431	42	STIM=y
14468611	42	RESP=1
14482123	42	STIM=h
14487119	42	RESP=1
14499076	42	STIM=j
14506448	42	RESP=1
14515442	42	STIM=h
14519109	42	RESP=1
14534147	42	STIM=d
14539460	42	RESP=1
14550098	42	STIM=e
14554689	42	RESP=1
14568725	42	STIM=p
14573596	42	RESP=2
14584219	42	STIM=o
14587678	42	RESP=1
14600134	42	STIM=n
14603707	42	RESP=1
14616368	42	STIM=5
14628029	42	RESP=2
14633004	42	STIM=4
14642105	42	RESP=2
14649232	42	STIM=o
14655882	42	RESP=1
14666079	42	STIM=r
14669769	42	RESP=1
14683264	42	STIM=b
14690130	42	RESP=1
14698879	42	STIM=6
14705117	42	RESP=2
14714616	42	STIM=i
14718973	42	RESP=1
14731775	42	STIM=j
14737726	42	RESP=1
14749414	42	STIM=k
14756236	42	RESP=1
14765105	42	STIM=7
14776183	42	RESP=2
14780163	42	STIM=v
14784270	42	RESP=1
14797700	42	STIM=e
14802147	42	RESP=1
14814471	42	STIM=m
14819279	42	RESP=1
14829604	42	STIM=f
14834993	42	RESP=1
14848081	42	STIM=n
14853170	42	RESP=1
14864208	42	STIM=l
14871905	42	RESP=1
14880270	42	STIM=q
14887648	42	RESP=1
14898152	42	STIM=s
14903422	42	RESP=1
14917021	42	STIM=x
14921176	42	RESP=1
14933528	42	STIM=q
14943985	42	RESP=1
14952347	42	STIM=4
14957326	42	RESP=2
14968602	42	STIM=l
14973295	42	RESP=1
14984562	42	STIM=d
14989919	42	RESP=1
14999776	42	STIM=g
15011206	42	RESP=1
15015433	42	STIM=u
15021899	42	RESP=1
15031519	42	STIM=k
15037218	42	RESP=1
15048123	42	STIM=u
15055984	42	RESP=1
15064308	42	STIM=a
15071492	42	RESP=1
15082156	42	STIM=9
15088372	42	RESP=1
15099810	42	STIM=m
15105304	42	RESP=1
15117141	42	STIM=e
15120516	42	RESP=1
15133565	42	STIM=i
15138412	42	RESP=1
15151955	42	STIM=e
15161055	42	RESP=1
15169657	42	STIM=m
15173614	42	RESP=1
15186962	42	STIM=s
15190985	42	RESP=1
15205922	42	STIM=k
15210646	42	RESP=1
15224738	42	STIM=w
15229317	42	RESP=1
15241038	42	STIM=p
15249874	42	RESP=1
15257653	42	STIM=h
15263238	42	RESP=2
15273586	42	STIM=s
15278801	42	RESP=1
15290855	42	STIM=c
15297538	42	RESP=2
15308109	42	STIM=v
15319417	42	RESP=1
15324472	42	STIM=7
15328495	42	RESP=2
15339510	42	STIM=u
15348302	42	RESP=1
15354896	42	STIM=c
15358627	42	RESP=1
15371196	42	STIM=l
15376496	42	RESP=2
15386577	42	STIM=5
15390586	42	RESP=2
15404969	42	STIM=y
15413000	42	RESP=1
15421087	42	STIM=t
15427710	42	RESP=1
15437547	42	STIM=p
15445680	42	RESP=1
15452943	42	STIM=c
15460017	42	RESP=1
15471844	42	STIM=j
15477737	42	RESP=1
15488687	42	STIM=z
15493373	42	RESP=1
15505341	42	STIM=4
15513875	42	RESP=2
15523923	42	STIM=l
15527962	42	RESP=1
15542407	42	STIM=d
15546265	42	RESP=1
15559274	42	STIM=y
15565018	42	RESP=1
15577883	42	STIM=4
15582156	42	RESP=1
15595541	42	STIM=c
15602852	42	RESP=1
15613105	42	STIM=e
15619750	42	RESP=1
15631089	42	STIM=l
15639834	42	RESP=1
15649618	42	STIM=s
15655848	42	RESP=1
15664796	42	STIM=j
15671112	42	RESP=1
15681399	42	STIM=f
15686628	42	RESP=1
15697176	42	STIM=l
15704425	42	RESP=1
15713016	42	STIM=n
15720378	42	RESP=1
15730635	42	STIM=x
15736368	42	RESP=1
15747512	42	STIM=n
15753247	42	RESP=2
15766299	42	STIM=z
15772773	42	RESP=1
15781950	42	STIM=b
15787054	42	RESP=1
15796961	42	STIM=z
15804479	42	RESP=1
15812764	42	STIM=s
15817254	42	RESP=1
15828935	42	STIM=p
15834858	42	RESP=1
15847132	42	STIM=e
15852592	42	RESP=1
15864238	42	STIM=5
15871696	42	RESP=2
15882037	42	STIM=p
15888775	42	RESP=1
15897382	42	STIM=x
15904254	42	RESP=1
15913184	42	STIM=h
15923519	42	RESP=1
15931996	42	STIM=0
15939788	42	RESP=2
15949565	42	STIM=p
15956282	42	RESP=1
15965079	42	STIM=i
15970108	42	RESP=1
15980816	42	STIM=4
15991166	42	RESP=2
15998725	42	STIM=6
16004429	42	RESP=2
16017208	42	STIM=8
16022725	42	RESP=1
16034065	42	STIM=0
16040184	42	RESP=2
16049549	42	STIM=b
16054189	42	RESP=2
16068066	42	STIM=t
16075655	42	RESP=1
16085375	42	STIM=l
16090583	42	RESP=1
16102769	42	STIM=2
16112500	42	RESP=2
16118542	42	STIM=2
16125195	42	RESP=2
16136553	42	STIM=v
16139244	42	RESP=1
16152907	42	STIM=6
16158179	42	RESP=2
16171634	42	STIM=5
16179670	42	RESP=2
16188883	42	STIM=2
16199450	42	RESP=2
16207101	42	STIM=b
16212740	42	RESP=1
16225067	42	STIM=h
16228535	42	RESP=1
16241271	42	STIM=f
16248884	42	RESP=1
16258205	42	STIM=t
16263373	42	RESP=1
16276759	42	STIM=d
16280360	42	RESP=1
16294721	42	STIM=q
16303784	42	RESP=1
16310447	42	STIM=i
16313281	42	RESP=1
16329100	42	STIM=r
16335763	42	RESP=1
16345304	42	STIM=6
16350654	42	RESP=2
16361043	42	STIM=l
16365475	42	RESP=1
16377619	42	STIM=8
16383789	42	RESP=2
16393520	42	STIM=k
16401970	42	RESP=1
16412190	42	STIM=c
16416787	42	RESP=2
16428888	42	STIM=c
16436192	42	RESP=1
16444091	42	STIM=f
16448827	42	RESP=1
16462143	42	STIM=q
16467975	42	RESP=1
16477713	42	STIM=3
16482048	42	RESP=1
16492944	42	STIM=3
16498831	42	RESP=2
16509778	42	STIM=w
16515216	42	RESP=1
16524996	42	STIM=f
16529540	42	RESP=2
16542351	42	STIM=u
16547942	42	RESP=1
16561212	42	STIM=m
16564872	42	RESP=1
16578545	42	STIM=v
16581397	42	RESP=1
16593943	42	STIM=s
16598391	42	RESP=1
16612611	42	STIM=t
16615697	42	RESP=1
16629452	42	STIM=d
16636398	42	RESP=1
16647585	42	STIM=a
16655417	42	RESP=1
16664661	42	STIM=i
16671948	42	RESP=1
16681523	42	STIM=l
16685295	42	RESP=1
16698530	42	STIM=i
16703797	42	RESP=1
16714635	42	STIM=q
16722391	42	RESP=1
16732752	42	STIM=c
16739773	42	RESP=1
16751151	42	STIM=8
16758831	42	RESP=2
16770082	42	STIM=v
16773793	42	RESP=1
16786367	42	STIM=c
16791080	42	RESP=1
16804770	42	STIM=n
16809147	42	RESP=1
16822275	42	STIM=d
16827777	42	RESP=1
16838404	42	STIM=r
16841628	42	RESP=1
16854634	42	STIM=j
16860567	42	RESP=1
16870754	42	STIM=t
16879143	42	RESP=1
16886345	42	STIM=1
16892417	42	RESP=1
16904722	42	STIM=k
16914256	42	RESP=1
16922438	42	STIM=w
16925852	42	RESP=1
16937662	42	STIM=2
16943562	42	RESP=1
16953583	42	STIM=e
16959096	42	RESP=1
16969664	42	STIM=c
16973875	42	RESP=1
16985988	42	STIM=f
16990061	42	RESP=1
17003659	42	STIM=5
17008130	42	RESP=2
17021444	42	STIM=n
17024404	42	RESP=1
17039414	42	STIM=7
17047299	42	RESP=2
17057033	42	STIM=b
17063627	42	RESP=1
17075500	42	STIM=6
17080687	42	RESP=2
17092699	42	STIM=n
17097215	42	RESP=1
17108809	42	STIM=3
17116058	42	RESP=2
17127186	42	STIM=p
17135933	42	RESP=1
17143853	42	STIM=7
17150179	42	RESP=1
17161032	42	STIM=2
17168275	42	RESP=2
17178109	42	STIM=y
17181463	42	RESP=1
17194136	42	STIM=x
17199934	42	RESP=1
17212913	42	STIM=t
17218729	42	RESP=1
17230075	42	STIM=t
17233994	42	RESP=1
17246787	42	STIM=y
17253802	42	RESP=1
17263894	42	STIM=c
17268303	42	RESP=1
17281387	42	STIM=1
17288438	42	RESP=2
17299539	42	STIM=b
17303294	42	RESP=1
17316131	42	STIM=t
17320883	42	RESP=1
17334096	42	STIM=u
17338803	42	RESP=1
17349832	42	STIM=q
17359430	42	RESP=1
17368536	42	STIM=b
17373660	42	RESP=1
17386906	42	STIM=c
17394152	42	RESP=1
17404829	42	STIM=t
17408511	42	RESP=1
17421898	42	STIM=4
17428947	42	RESP=2
17440049	42	STIM=o
17444646	42	RESP=1
17457776	42	STIM=f
17460979	42	RESP=1
17476030	42	STIM=h
17482823	42	RESP=1
17491293	42	STIM=w
17496321	42	RESP=1
17509031	42	STIM=6
17516472	42	RESP=2
17524709	42	STIM=u
17530867	42	RESP=1
17543411	42	STIM=l
17547120	42	RESP=1
17560533	42	STIM=s
17565051	42	RESP=1
17577863	42	STIM=z
17585617	42	RESP=1
17593794	42	STIM=w
17605573	42	RESP=1
17610210	42	STIM=z
17614237	42	RESP=1
17626544	42	STIM=m
17634704	42	RESP=1
17643579	42	STIM=v
17650669	42	RESP=1
17661299	42	STIM=e
17666852	42	RESP=1
17677924	42	STIM=1
17683272	42	RESP=2
17695039	42	STIM=i
17698065	42	RESP=1
17712842	42	STIM=v
17718668	42	RESP=1
17728740	42	STIM=r
17734725	42	RESP=1
17745098	42	STIM=n
17753377	42	RESP=1
17761690	42	STIM=y
17765553	42	RESP=1
17780314	42	STIM=4
17785728	42	RESP=2
17795968	42	STIM=8
17804839	42	RESP=2
17812679	42	STIM=u
17817437	42	RESP=1
17829343	42	STIM=k
17835707	42	RESP=1
17847842	42	STIM=p
17857998	42	RESP=1
17863879	42	STIM=v
17868109	42	RESP=1
17881064	42	STIM=x
17887426	42	RESP=1
17899322	42	STIM=h
17902733	42	RESP=1
17917359	42	STIM=r
17921798	42	RESP=1
17934849	42	STIM=6
17941648	42	RESP=2
17950528	42	STIM=k
17956464	42	RESP=1
17966769	42	STIM=l
17969918	42	RESP=1
17984108	42	STIM=p
17988037	42	RESP=1
18001624	42	STIM=q
18007530	42	RESP=1
18016961	42	STIM=k
18019855	42	RESP=1
18033598	42	STIM=5
18037352	42	RESP=2
18049775	42	STIM=i
18052470	42	RESP=1
18068559	42	STIM=l
18073708	42	RESP=1
18084745	42	STIM=y
18089067	42	RESP=1
18102280	42	STIM=s
18111886	42	RESP=1
18120859	42	STIM=v
18128531	42	RESP=1
18136798	42	STIM=e
18146258	42	RESP=2
18154356	42	STIM=q
18161609	42	RESP=1
18172147	42	STIM=j
18175737	42	RESP=1
18188678	42	STIM=7
18197000	42	RESP=2
18207642	42	STIM=z
18212061	42	RESP=1
18223575	42	STIM=y
18231073	42	RESP=1
18241356	42	STIM=s
18245139	42	RESP=1
18258287	42	STIM=z
18268485	42	RESP=1
18276049	42	STIM=v
18280593	42	RESP=1
18293075	42	STIM=3
18301035	42	RESP=2
18308868	42	STIM=m
18313320	42	RESP=1
18326997	42	STIM=y
18333552	42	RESP=1
18342727	42	STIM=v
18350113	42	RESP=1
18357800	42	STIM=x
18361996	42	RESP=1
18374983	42	STIM=t
18379749	42	RESP=1
18392977	42	STIM=5
18400915	42	RESP=2
18409256	42	STIM=m
18417735	42	RESP=1
18425834	42	STIM=c
18431220	42	RESP=1
18441418	42	STIM=q
18446556	42	RESP=1
18460146	42	STIM=6
18463837	42	RESP=2
18478899	42	STIM=l
18485364	42	RESP=1
18495325	42	STIM=l
18499658	42	RESP=1
18513291	42	STIM=t
18517807	42	RESP=1
18529101	42	STIM=1
18534554	42	RESP=2
18546823	42	STIM=a
18559261	42	RESP=1
18565223	42	STIM=7
18569803	42	RESP=2
18583668	42	STIM=c
18588854	42	RESP=2
18601610	42	STIM=x
18604519	42	RESP=2
18616814	42	STIM=i
18622207	42	RESP=1
18635073	42	STIM=j
18639080	42	RESP=1
18652054	42	STIM=7
18657710	42	RESP=2
18667561	42	STIM=l
18672558	42	RESP=1
18684237	42	STIM=q
18687071	42	RESP=1
18699703	42	STIM=u
18703463	42	RESP=1
18718658	42	STIM=e
18724228	42	RESP=1
18734529	42	STIM=t
18737610	42	RESP=1
18751078	42	STIM=9
18757719	42	RESP=2
18767545	42	STIM=p
18774952	42	RESP=1
18783516	42	STIM=m
18789421	42	RESP=1
18798956	42	STIM=z
18805129	42	RESP=1
18815905	42	STIM=z
18820401	42	RESP=1
18831483	42	STIM=l
18835461	42	RESP=2
18848484	42	STIM=f
18856307	42	RESP=1
18865128	42	STIM=q
18869147	42	RESP=1
18882611	42	STIM=8
18887286	42	RESP=2
18897955	42	STIM=n
18903289	42	RESP=1
18914104	42	STIM=n
18918937	42	RESP=1
18932728	42	STIM=9
18936833	42	RESP=2
18948018	42	STIM=k
18954624	42	RESP=1
18965223	42	STIM=9
18970279	42	RESP=2
18982114	42	STIM=2
18990171	42	RESP=2
18999467	42	STIM=e
19003296	42	RESP=1
19018449	42	STIM=4
19024301	42	RESP=2
19035350	42	STIM=p
19042067	42	RESP=1
19052406	42	STIM=x
19060671	42	RESP=1
19068920	42	STIM=9
19072957	42	RESP=2
19087522	42	STIM=b
19091413	42	RESP=1
19104820	42	STIM=z
19108130	42	RESP=1
19121559	42	STIM=p
19125514	42	RESP=1
19137411	42	STIM=3
19143407	42	RESP=2
19152462	42	STIM=o
19163294	42	RESP=1
19171416	42	STIM=g
19175556	42	RESP=1
19186545	42	STIM=s
19190565	42	RESP=1
19204407	42	STIM=8
19210409	42	RESP=1
19221044	42	STIM=0
19228556	42	RESP=2
19237804	42	STIM=w
19241356	42	RESP=1
19256069	42	STIM=w
19259984	42	RESP=1
19273972	42	STIM=g
19279033	42	RESP=1
19292152	42	STIM=q
19299951	42	RESP=1
19309728	42	STIM=u
19313707	42	RESP=1
19328134	42	STIM=q
19331301	42	RESP=1
19345187	42	STIM=y
19349718	42	RESP=1
19363138	42	STIM=l
19369655	42	RESP=1
19380738	42	STIM=o
19384516	42	RESP=1
19397560	42	STIM=3
19402290	42	RESP=2
19414575	42	STIM=9
19422375	42	RESP=2
19431031	42	STIM=a
19435701	42	RESP=1
19449123	42	STIM=u
19458352	42	RESP=1
19466820	42	STIM=5
19470781	42	RESP=2
19485181	42	STIM=0
19489880	42	RESP=2
19503922	42	STIM=7
19510203	42	RESP=1
19519379	42	STIM=v
19526463	42	RESP=1
19534623	42	STIM=3
19541381	42	RESP=2
19551818	42	STIM=b
19555272	42	RESP=1
19569428	42	STIM=i
19573943	42	RESP=1
19584608	42	STIM=6
19594444	42	RESP=2
19600835	42	STIM=f
19604799	42	RESP=1
19619815	42	STIM=v
19628408	42	RESP=1
19635373	42	STIM=2
19643579	42	RESP=1
19651999	42	STIM=6
19659717	42	RESP=2
19667408	42	STIM=w
19671736	42	RESP=1
19686179	42	STIM=3
19690554	42	RESP=1
19704484	42	STIM=v
19711052	42	RESP=1
19720091	42	STIM=a
19724596	42	RESP=1
19738546	42	STIM=y
19741785	42	RESP=1
19755027	42	STIM=5
19759944	42	RESP=2
19773396	42	STIM=b
19777819	42	RESP=1
19789815	42	STIM=6
19795817	42	RESP=2
19806001	42	STIM=o
19814734	42	RESP=1
19823890	42	STIM=z
19829745	42	RESP=1
19842556	42	STIM=9
19846523	42	RESP=2
19858888	42	STIM=a
19864440	42	RESP=1
19876355	42	STIM=4
19883391	42	RESP=2
19891901	42	STIM=z
19896020	42	RESP=1
19910323	42	STIM=w
19921932	42	RESP=1
19928572	42	STIM=u
19931590	42	RESP=1
19945338	42	STIM=e
19951331	42	RESP=1
19961466	42	STIM=l
19968890	42	RESP=1
19978939	42	STIM=c
19991040	42	RESP=1
19995676	42	STIM=d
20000630	42	RESP=1
20012459	42	STIM=o
20023029	42	RESP=1
20031323	42	STIM=j
20038191	42	RESP=1
20049481	42	STIM=h
20055076	42	RESP=2
20067852	42	STIM=w
20080123	42	RESP=1
20085089	42	STIM=f
20091139	42	RESP=1
20103529	42	STIM=a
20110252	42	RESP=1
20120624	42	STIM=f
20124532	42	RESP=1
20135646	42	STIM=t
20141751	42	RESP=1
20154641	42	STIM=p
20157903	42	RESP=1
20170226	42	STIM=3
20176196	42	RESP=2
20187567	42	STIM=9
20199212	42	RESP=2
20205881	42	STIM=a
20213888	42	RESP=1
20220884	42	STIM=b
20226734	42	RESP=1
20238180	42	STIM=j
20245878	42	RESP=1
20253341	42	STIM=c
20261097	42	RESP=2
20269915	42	STIM=y
20274304	42	RESP=1
20288823	42	STIM=3
20294731	42	RESP=2
20304782	42	STIM=p
20309788	42	RESP=1
20322880	42	STIM=e
20327344	42	RESP=1
20338025	42	STIM=r
20350967	42	RESP=1
20355120	42	STIM=8
20358862	42	RESP=2
20373350	42	STIM=z
20379176	42	RESP=1
20390991	42	STIM=5
20399250	42	RESP=2
20407343	42	STIM=p
20411331	42	RESP=1
20422875	42	STIM=x
20428575	42	RESP=1
20439566	42	STIM=u
20452249	42	RESP=1
20455235	42	STIM=k
20465645	42	RESP=1
20473015	42	STIM=j
20479857	42	RESP=1
20490102	42	STIM=9
20500062	42	RESP=2
20508293	42	STIM=0
20514966	42	RESP=2
20525875	42	STIM=k
20533862	42	RESP=1
20542333	42	STIM=f
20549515	42	RESP=2
20560354	42	STIM=t
20563636	42	RESP=1
20578776	42	STIM=8
20582356	42	RESP=2
20594959	42	STIM=r
20600910	42	RESP=1
20610407	42	STIM=l
20615847	42	RESP=1
20625806	42	STIM=e
20629288	42	RESP=1
20644177	42	STIM=c
20650152	42	RESP=1
20659687	42	STIM=n
20663261	42	RESP=2
20676432	42	STIM=s
20681601	42	RESP=1
20692354	42	STIM=p
20695578	42	RESP=2
20708838	42	STIM=s
20714822	42	RESP=1
20727598	42	STIM=x
20737716	42	RESP=1
20744680	42	STIM=1
20756853	42	RESP=2
20762689	42	STIM=s
20769215	42	RESP=1
20781454	42	STIM=x
20787568	42	RESP=1
20797584	42	STIM=j
20800568	42	RESP=1
20814520	42	STIM=y
20820918	42	RESP=1
20829567	42	STIM=a
20832364	42	RESP=1
20846285	42	STIM=r
20855461	42	RESP=1
20865204	42	STIM=a
20874471	42	RESP=1
20881549	42	STIM=k
20886875	42	RESP=1
20897031	42	STIM=g
20901991	42	RESP=1
20913751	42	STIM=z
20920760	42	RESP=1
20928777	42	STIM=i
20932819	42	RESP=1
20944025	42	STIM=p
20948988	42	RESP=1
20960349	42	STIM=r
20967044	42	RESP=1
20976314	42	STIM=2
20982606	42	RESP=2
20993667	42	STIM=4
20998685	42	RESP=2
21009872	42	STIM=u
21015015	42	RESP=1
21028820	42	STIM=i
21033395	42	RESP=1
21046966	42	STIM=q
21051492	42	RESP=1
21064326	42	STIM=4
21069342	42	RESP=1
21079639	42	STIM=a
21085770	42	RESP=1
21094760	42	STIM=9
21104394	42	RESP=2
21113417	42	STIM=z
21116562	42	RESP=1
21129864	42	STIM=i
21135480	42	RESP=2
21147658	42	STIM=p
21151668	42	RESP=1
21162799	42	STIM=c
21168913	42	RESP=1
21178382	42	STIM=3
21184785	42	RESP=2
21195551	42	STIM=s
21204384	42	RESP=1
21213073	42	STIM=k
21216859	42	RESP=1
21230421	42	STIM=p
21234222	42	RESP=1
21248906	42	STIM=c
21252702	42	RESP=1
21266507	42	STIM=w
21270090	42	RESP=1
21283170	42	STIM=s
21288167	42	RESP=2
21299817	42	STIM=9
21309713	42	RESP=2
21315266	42	STIM=s
21318303	42	RESP=1
21330987	42	STIM=m
21336576	42	RESP=1
21348267	42	STIM=n
21353551	42	RESP=1
21365444	42	STIM=x
21368701	42	RESP=1
21382076	42	STIM=t
21386391	42	RESP=1
21398305	42	STIM=j
21402789	42	RESP=1
21413376	42	STIM=y
21424332	42	RESP=1
21429617	42	STIM=u
21433897	42	RESP=1
21445861	42	STIM=x
21449669	42	RESP=1
21463587	42	STIM=v
21470539	42	RESP=1
21482068	42	STIM=r
21487216	42	RESP=1
21497208	42	STIM=w
21503319	42	RESP=1
21515418	42	STIM=9
21521021	42	RESP=2
21533323	42	STIM=0
21539002	42	RESP=2
21551389	42	STIM=p
21557680	42	RESP=1
21568953	42	STIM=c
21572934	42	RESP=1
21584100	42	STIM=n
21587756	42	RESP=1
21602995	42	STIM=a
21611221	42	RESP=1
21621026	42	STIM=2
21624966	42	RESP=2
21636223	42	STIM=x
21640693	42	RESP=1
21651233	42	STIM=g
21655166	42	RESP=1
21668718	42	STIM=r
21672454	42	RESP=1
21687417	42	STIM=q
21690992	42	RESP=1
21705161	42	STIM=0
21712122	42	RESP=2
21720578	42	STIM=w
21723653	42	RESP=1
21738446	42	STIM=n
21744135	42	RESP=1
21757308	42	STIM=z
21768135	42	RESP=1
