# Original filename: 0023_FCA_2017-03-09.log
# Time unit: 100 us
# RARECAT=digit
#
# Time	HHGG	Event
35309	42	STIM=x
38316	42	RESP=1
51108	42	STIM=h
63261	42	RESP=1
66731	42	STIM=k
70811	42	RESP=1
84109	42	STIM=s
89122	42	RESP=1
101051	42	STIM=0
106623	42	RESP=2
117988	42	STIM=y
121586	42	RESP=1
134087	42	STIM=t
136817	42	RESP=1
151031	42	STIM=y
156491	42	RESP=1
166158	42	STIM=p
170252	42	RESP=1
181749	42	STIM=c
184922	42	RESP=1
200228	42	STIM=h
205212	42	RESP=1
217435	42	STIM=v
225767	42	RESP=1
236422	42	STIM=p
240194	42	RESP=1
254954	42	STIM=h
261031	42	RESP=1
272800	42	STIM=z
278325	42	RESP=1
289823	42	STIM=8
294616	42	RESP=2
305747	42	STIM=l
308942	42	RESP=1
320822	42	STIM=8
329912	42	RESP=2
339182	42	STIM=x
344476	42	RESP=1
355762	42	STIM=a
362447	42	RESP=1
371915	42	STIM=z
375629	42	RESP=1
388658	42	STIM=x
393414	42	RESP=1
406293	42	STIM=o
410102	42	RESP=1
424304	42	STIM=y
430923	42	RESP=1
443291	42	STIM=r
447585	42	RESP=1
461017	42	STIM=n
468727	42	RESP=1
477239	42	STIM=l
482577	42	RESP=1
495147	42	STIM=p
499955	42	RESP=1
513482	42	STIM=j
521345	42	RESP=1
529807	42	STIM=g
534147	42	RESP=1
547121	42	STIM=j
550760	42	RESP=1
563357	42	STIM=7
568365	42	RESP=2
582246	42	STIM=v
585745	42	RESP=1
600278	42	STIM=y
605689	42	RESP=1
619046	42	STIM=c
622499	42	RESP=1
636908	42	STIM=5
643837	42	RESP=2
652400	42	STIM=m
656811	42	RESP=1
671229	42	STIM=u
675416	42	RESP=1
689571	42	STIM=m
693429	42	RESP=1
708506	42	STIM=b
713353	42	RESP=1
725332	42	STIM=u
732422	42	RESP=1
740347	42	STIM=a
744343	42	RESP=1
757202	42	STIM=c
764153	42	RESP=1
773913	42	STIM=a
777118	42	RESP=1
789256	42	STIM=c
799453	42	RESP=1
807602	42	STIM=9
814169	42	RESP=2
826200	42	STIM=h
829602	42	RESP=1
844466	42	STIM=0
847608	42	RESP=2
861724	42	STIM=e
867078	42	RESP=1
879619	42	STIM=l
884181	42	RESP=1
897940	42	STIM=9
902051	42	RESP=2
916794	42	STIM=l
920255	42	RESP=1
934705	42	STIM=i
940506	42	RESP=1
952743	42	STIM=0
959706	42	RESP=2
969506	42	STIM=s
972768	42	RESP=1
986089	42	STIM=3
990059	42	RESP=2
1003956	42	STIM=i
1012135	42	RESP=1
1022093	42	STIM=c
1025845	42	RESP=1
1040098	42	STIM=0
1044029	42	RESP=2
1057630	42	STIM=v
1061862	42	RESP=1
1073617	42	STIM=f
1077882	42	RESP=1
1090534	42	STIM=v
1095277	42	RESP=1
1108215	42	STIM=r
1114233	42	RESP=1
1127000	42	STIM=t
1131919	42	RESP=1
1143572	42	STIM=j
1149255	42	RESP=2
1160035	42	STIM=7
1168234	42	RESP=2
1176242	42	STIM=g
1180409	42	RESP=1
1194810	42	STIM=0
1201774	42	RESP=2
1210729	42	STIM=c
1215134	42	RESP=1
1227962	42	STIM=a
1232579	42	RESP=1
1244234	42	STIM=8
1252073	42	RESP=2
1260778	42	STIM=9
1264574	42	RESP=2
1278843	42	STIM=n
1286296	42	RESP=1
1295660	42	STIM=l
1302299	42	RESP=1
1312286	42	STIM=6
1317735	42	RESP=2
1328484	42	STIM=1
1333201	42	RESP=2
1344181	42	STIM=9
1349724	42	RESP=2
1362224	42	STIM=l
1367135	42	RESP=1
1378495	42	STIM=g
1381014	42	RESP=1
1394294	42	STIM=5
1399385	42	RESP=1
1409535	42	STIM=f
1413984	42	RESP=1
1427766	42	STIM=k
1434542	42	RESP=1
1446417	42	STIM=k
1453772	42	RESP=2
1463223	42	STIM=g
1467737	42	RESP=1
1480142	42	STIM=r
1485330	42	RESP=1
1498149	42	STIM=9
1502160	42	RESP=2
1516803	42	STIM=6
1524212	42	RESP=2
1535046	42	STIM=h
1538792	42	RESP=1
1553374	42	STIM=7
1562837	42	RESP=2
1572102	42	STIM=r
1575012	42	RESP=1
1589286	42	STIM=b
1593762	42	RESP=1
1604439	42	STIM=8
1610365	42	RESP=2
1622429	42	STIM=j
1625732	42	RESP=1
1638071	42	STIM=w
1644418	42	RESP=1
1654015	42	STIM=u
1657274	42	RESP=1
1671087	42	STIM=s
1677298	42	RESP=1
1686683	42	STIM=g
1692709	42	RESP=1
1702950	42	STIM=j
1706334	42	RESP=1
1719267	42	STIM=4
1725866	42	RESP=2
1737867	42	STIM=e
1742880	42	RESP=1
1756726	42	STIM=u
1762943	42	RESP=1
1774897	42	STIM=k
1779734	42	RESP=1
1792317	42	STIM=s
1795491	42	RESP=2
1808833	42	STIM=i
1812331	42	RESP=1
1827408	42	STIM=u
1830582	42	RESP=1
1843379	42	STIM=w
1849595	42	RESP=1
1861609	42	STIM=0
1865485	42	RESP=1
1877794	42	STIM=r
1882317	42	RESP=1
1896375	42	STIM=c
1906059	42	RESP=1
1912593	42	STIM=d
1916408	42	RESP=1
1930316	42	STIM=h
1938390	42	RESP=1
1946520	42	STIM=s
1950391	42	RESP=1
1965185	42	STIM=c
1970225	42	RESP=1
1984062	42	STIM=r
1988574	42	RESP=1
2001878	42	STIM=q
2005380	42	RESP=1
2019513	42	STIM=c
2026724	42	RESP=1
2037270	42	STIM=j
2040649	42	RESP=1
2054047	42	STIM=q
2057768	42	RESP=1
2072673	42	STIM=x
2077877	42	RESP=1
2089330	42	STIM=4
2093679	42	RESP=1
2107562	42	STIM=n
2111998	42	RESP=1
2124098	42	STIM=4
2133054	42	RESP=1
2140072	42	STIM=8
2146211	42	RESP=2
2157369	42	STIM=5
2162352	42	RESP=2
2174281	42	STIM=c
2178056	42	RESP=1
2192995	42	STIM=p
2196300	42	RESP=1
2208665	42	STIM=y
2216261	42	RESP=2
2224031	42	STIM=q
2230080	42	RESP=1
2242298	42	STIM=7
2251872	42	RESP=2
2260157	42	STIM=q
2265619	42	RESP=1
2277337	42	STIM=8
2282420	42	RESP=2
2293507	42	STIM=n
2296950	42	RESP=1
2309666	42	STIM=5
2315500	42	RESP=2
2326824	42	STIM=e
2330828	42	RESP=1
2345416	42	STIM=l
2350005	42	RESP=1
2363840	42	STIM=b
2368722	42	RESP=1
2380036	42	STIM=m
2384776	42	RESP=1
2396680	42	STIM=4
2400140	42	RESP=2
2413343	42	STIM=o
2422345	42	RESP=1
2430365	42	STIM=d
2434786	42	RESP=1
2447744	42	STIM=q
2453182	42	RESP=1
2466431	42	STIM=i
2470771	42	RESP=1
2483966	42	STIM=l
2488507	42	RESP=1
2499023	42	STIM=i
2503833	42	RESP=1
2515041	42	STIM=m
2524257	42	RESP=1
2531239	42	STIM=t
2535647	42	RESP=1
2549126	42	STIM=c
2552310	42	RESP=1
2568047	42	STIM=w
2573037	42	RESP=1
2586874	42	STIM=z
2590247	42	RESP=1
2602127	42	STIM=b
2610426	42	RESP=1
2617702	42	STIM=c
2621534	42	RESP=1
2635245	42	STIM=k
2641631	42	RESP=1
2650249	42	STIM=w
2653363	42	RESP=1
2668507	42	STIM=c
2676768	42	RESP=1
2683647	42	STIM=w
2686585	42	RESP=1
2699841	42	STIM=h
2702992	42	RESP=1
2717224	42	STIM=w
2721682	42	RESP=1
2735459	42	STIM=h
2747316	42	RESP=1
2754103	42	STIM=g
2756945	42	RESP=2
2772782	42	STIM=s
2776143	42	RESP=1
2790249	42	STIM=p
2796317	42	RESP=1
2809064	42	STIM=a
2813860	42	RESP=1
2827393	42	STIM=u
2832322	42	RESP=2
2844716	42	STIM=t
2850656	42	RESP=1
2860484	42	STIM=n
2865555	42	RESP=1
2878551	42	STIM=q
2882454	42	RESP=1
2895106	42	STIM=z
2898007	42	RESP=1
2913878	42	STIM=q
2918574	42	RESP=1
2930577	42	STIM=i
2936167	42	RESP=1
2948267	42	STIM=6
2958652	42	RESP=2
2966889	42	STIM=t
2970901	42	RESP=1
2981988	42	STIM=5
2989398	42	RESP=2
2997127	42	STIM=y
3001336	42	RESP=2
3012313	42	STIM=y
3014919	42	RESP=1
3029242	42	STIM=k
3033870	42	RESP=1
3044382	42	STIM=n
3050840	42	RESP=1
3059611	42	STIM=1
3066282	42	RESP=2
3077650	42	STIM=m
3083399	42	RESP=1
3094314	42	STIM=l
3097411	42	RESP=1
3109457	42	STIM=t
3114248	42	RESP=1
3125359	42	STIM=o
3132493	42	RESP=1
3144151	42	STIM=a
3148389	42	RESP=1
3160229	42	STIM=h
3166972	42	RESP=1
3175490	42	STIM=t
3178884	42	RESP=1
3193731	42	STIM=o
3198083	42	RESP=1
3211146	42	STIM=2
3216614	42	RESP=2
3226925	42	STIM=f
3231428	42	RESP=1
3243189	42	STIM=u
3247057	42	RESP=1
3261744	42	STIM=y
3264708	42	RESP=1
3279735	42	STIM=r
3283491	42	RESP=1
3297824	42	STIM=o
3300878	42	RESP=1
3313577	42	STIM=l
3317569	42	RESP=1
3329952	42	STIM=a
3333659	42	RESP=1
3348613	42	STIM=b
3352175	42	RESP=1
3365837	42	STIM=c
3369663	42	RESP=1
3382234	42	STIM=z
3386324	42	RESP=1
3399695	42	STIM=c
3402991	42	RESP=1
3418480	42	STIM=c
3422457	42	RESP=1
3435014	42	STIM=l
3439850	42	RESP=1
3451304	42	STIM=l
3456758	42	RESP=1
3470104	42	STIM=y
3476666	42	RESP=1
3485602	42	STIM=4
3491363	42	RESP=1
3503472	42	STIM=v
3507479	42	RESP=1
3519973	42	STIM=z
3524503	42	RESP=1
3535717	42	STIM=p
3542952	42	RESP=1
3554548	42	STIM=q
3560071	42	RESP=1
3570149	42	STIM=k
3580062	42	RESP=1
3588111	42	STIM=o
3591357	42	RESP=1
3606848	42	STIM=9
3611382	42	RESP=2
3625483	42	STIM=e
3630575	42	RESP=1
3640954	42	STIM=b
3644058	42	RESP=1
3656754	42	STIM=f
3660977	42	RESP=1
3675685	42	STIM=s
3681798	42	RESP=1
3693776	42	STIM=l
3696440	42	RESP=1
3710450	42	STIM=u
3716429	42	RESP=1
3727566	42	STIM=p
3734520	42	RESP=1
3746099	42	STIM=1
3751318	42	RESP=2
3761942	42	STIM=9
3769046	42	RESP=2
3777596	42	STIM=e
3784626	42	RESP=1
3795502	42	STIM=u
3800088	42	RESP=1
3813570	42	STIM=s
3818952	42	RESP=1
3829330	42	STIM=w
3834019	42	RESP=1
3844649	42	STIM=k
3852486	42	RESP=1
3863567	42	STIM=q
3869930	42	RESP=1
3880404	42	STIM=c
3886590	42	RESP=1
3896063	42	STIM=7
3906044	42	RESP=2
3911456	42	STIM=w
3922921	42	RESP=1
3928020	42	STIM=k
3932461	42	RESP=1
3944027	42	STIM=5
3953198	42	RESP=2
3962706	42	STIM=o
3968069	42	RESP=2
3979945	42	STIM=2
3985540	42	RESP=2
3995881	42	STIM=a
4002125	42	RESP=1
4014559	42	STIM=7
4018047	42	RESP=2
4030487	42	STIM=0
4034467	42	RESP=2
4047254	42	STIM=u
4051235	42	RESP=1
4066139	42	STIM=8
4073432	42	RESP=2
4081553	42	STIM=z
4086214	42	RESP=1
4098406	42	STIM=w
4104094	42	RESP=1
4114906	42	STIM=p
4119894	42	RESP=1
4133657	42	STIM=r
4138338	42	RESP=1
4151001	42	STIM=g
4154799	42	RESP=1
4169971	42	STIM=9
4176653	42	RESP=2
4187219	42	STIM=3
4194476	42	RESP=2
4204931	42	STIM=2
4209456	42	RESP=2
4220693	42	STIM=n
4230092	42	RESP=1
4239058	42	STIM=c
4245789	42	RESP=1
4255048	42	STIM=1
4260929	42	RESP=2
4272524	42	STIM=j
4275744	42	RESP=1
4290178	42	STIM=u
4295770	42	RESP=1
4306015	42	STIM=i
4309002	42	RESP=1
4321521	42	STIM=f
4326779	42	RESP=1
4337962	42	STIM=f
4343648	42	RESP=1
4355283	42	STIM=z
4359289	42	RESP=1
4370397	42	STIM=h
4376415	42	RESP=1
4387309	42	STIM=m
4391432	42	RESP=1
4404691	42	STIM=0
4409172	42	RESP=1
4423385	42	STIM=u
4429075	42	RESP=1
4439307	42	STIM=z
4445279	42	RESP=1
4454689	42	STIM=2
4458852	42	RESP=2
4473123	42	STIM=w
4476487	42	RESP=1
4488487	42	STIM=g
4492076	42	RESP=1
4507044	42	STIM=m
4512758	42	RESP=1
4525044	42	STIM=3
4530089	42	RESP=2
4541580	42	STIM=6
4548136	42	RESP=2
4558967	42	STIM=h
4561962	42	RESP=1
4575081	42	STIM=t
4579467	42	RESP=1
4593827	42	STIM=j
4596408	42	RESP=1
4612012	42	STIM=o
4622840	42	RESP=1
4628284	42	STIM=t
4633687	42	RESP=1
4644762	42	STIM=x
4650856	42	RESP=1
4662969	42	STIM=f
4668204	42	RESP=1
4681949	42	STIM=s
4687969	42	RESP=1
4700543	42	STIM=n
4710859	42	RESP=1
4717908	42	STIM=a
4722855	42	RESP=1
4735919	42	STIM=w
4741595	42	RESP=1
4752225	42	STIM=g
4757657	42	RESP=1
4771033	42	STIM=v
4775906	42	RESP=1
4789645	42	STIM=a
4797328	42	RESP=1
4808045	42	STIM=q
4811076	42	RESP=1
4823494	42	STIM=a
4832478	42	RESP=1
4839037	42	STIM=u
4844395	42	RESP=1
4855596	42	STIM=n
4862708	42	RESP=1
4872879	42	STIM=i
4877298	42	RESP=1
4891652	42	STIM=c
4894426	42	RESP=1
4908088	42	STIM=z
4911504	42	RESP=1
4924233	42	STIM=x
4930937	42	RESP=1
4942133	42	STIM=9
4945941	42	RESP=2
4959306	42	STIM=o
4966390	42	RESP=1
4975445	42	STIM=j
4979357	42	RESP=1
4993932	42	STIM=k
4999705	42	RESP=1
5011027	42	STIM=x
5014332	42	RESP=1
5029542	42	STIM=h
5035252	42	RESP=1
5048317	42	STIM=o
5053807	42	RESP=1
5066907	42	STIM=o
5071235	42	RESP=1
5085370	42	STIM=2
5089006	42	RESP=2
5103272	42	STIM=j
5107800	42	RESP=1
5119053	42	STIM=f
5122235	42	RESP=1
5138002	42	STIM=8
5142218	42	RESP=1
5155495	42	STIM=l
5160163	42	RESP=1
5172225	42	STIM=e
5177534	42	RESP=1
5187718	42	STIM=z
5191483	42	RESP=1
5203178	42	STIM=t
5205995	42	RESP=1
5220944	42	STIM=5
5227224	42	RESP=2
5239035	42	STIM=b
5241823	42	RESP=2
5255570	42	STIM=l
5260505	42	RESP=1
5270625	42	STIM=x
5276569	42	RESP=1
5287938	42	STIM=s
5291175	42	RESP=1
5303626	42	STIM=f
5308439	42	RESP=1
5321367	42	STIM=c
5324740	42	RESP=1
5336835	42	STIM=0
5343763	42	RESP=2
5352140	42	STIM=7
5358008	42	RESP=2
5370734	42	STIM=z
5377239	42	RESP=2
5388863	42	STIM=n
5399326	42	RESP=1
5404371	42	STIM=s
5409291	42	RESP=1
5422243	42	STIM=t
5427283	42	RESP=1
5440129	42	STIM=o
5444836	42	RESP=1
5458637	42	STIM=b
5462234	42	RESP=1
5477224	42	STIM=q
5481886	42	RESP=1
5494679	42	STIM=l
5497516	42	RESP=1
5510283	42	STIM=o
5515077	42	RESP=1
5527476	42	STIM=8
5531965	42	RESP=2
5542679	42	STIM=5
5548083	42	RESP=2
5561169	42	STIM=s
5564717	42	RESP=1
5578331	42	STIM=o
5582318	42	RESP=1
5593340	42	STIM=9
5597894	42	RESP=2
5609856	42	STIM=9
5615925	42	RESP=2
5626885	42	STIM=b
5632001	42	RESP=1
5643525	42	STIM=q
5648553	42	RESP=1
5658695	42	STIM=2
5665433	42	RESP=1
5674445	42	STIM=9
5683449	42	RESP=1
5689970	42	STIM=w
5692768	42	RESP=1
5705320	42	STIM=8
5709864	42	RESP=2
5723342	42	STIM=j
5726787	42	RESP=1
5740638	42	STIM=m
5744405	42	RESP=1
5756961	42	STIM=o
5762476	42	RESP=1
5774594	42	STIM=i
5777727	42	RESP=1
5790970	42	STIM=o
5795764	42	RESP=1
5808654	42	STIM=k
5817413	42	RESP=1
5826570	42	STIM=h
5830453	42	RESP=1
5843075	42	STIM=w
5853386	42	RESP=1
5859516	42	STIM=2
5864856	42	RESP=2
5877834	42	STIM=x
5884399	42	RESP=1
5896010	42	STIM=d
5898722	42	RESP=1
5911628	42	STIM=q
5918069	42	RESP=1
5927028	42	STIM=d
5930912	42	RESP=1
5945687	42	STIM=n
5949252	42	RESP=1
5962744	42	STIM=a
5967708	42	RESP=1
5980583	42	STIM=h
5983791	42	RESP=1
5998192	42	STIM=c
6003136	42	RESP=1
6016910	42	STIM=3
6024299	42	RESP=2
6035792	42	STIM=t
6043170	42	RESP=1
6051857	42	STIM=r
6055307	42	RESP=1
6069254	42	STIM=0
6074202	42	RESP=1
6088150	42	STIM=n
6093760	42	RESP=1
6105377	42	STIM=k
6112981	42	RESP=2
6121184	42	STIM=5
6127527	42	RESP=2
6136999	42	STIM=p
6143062	42	RESP=1
6155314	42	STIM=x
6161084	42	RESP=1
6173981	42	STIM=q
6178238	42	RESP=2
6191059	42	STIM=o
6195758	42	RESP=1
6209568	42	STIM=r
6213700	42	RESP=1
6228461	42	STIM=f
6232156	42	RESP=1
6247276	42	STIM=r
6253023	42	RESP=1
6263969	42	STIM=v
6269207	42	RESP=1
6282222	42	STIM=w
6288360	42	RESP=1
6299345	42	STIM=h
6303448	42	RESP=1
6315578	42	STIM=y
6321623	42	RESP=1
6332572	42	STIM=4
6339048	42	RESP=2
6351184	42	STIM=g
6359264	42	RESP=1
6368266	42	STIM=7
6372406	42	RESP=2
6385175	42	STIM=p
6391698	42	RESP=1
6400739	42	STIM=7
6405448	42	RESP=1
6416325	42	STIM=j
6421888	42	RESP=1
6435019	42	STIM=l
6442828	42	RESP=1
6451524	42	STIM=f
6457702	42	RESP=1
6468493	42	STIM=d
6473100	42	RESP=1
6485916	42	STIM=h
6491610	42	RESP=1
6501974	42	STIM=a
6504980	42	RESP=1
6520781	42	STIM=d
6523966	42	RESP=1
6537279	42	STIM=u
6540001	42	RESP=2
6555489	42	STIM=x
6559406	42	RESP=1
6570596	42	STIM=1
6578954	42	RESP=2
6589575	42	STIM=2
6595233	42	RESP=2
6608363	42	STIM=f
6611480	42	RESP=1
6624425	42	STIM=r
6627782	42	RESP=2
6642658	42	STIM=9
6648707	42	RESP=2
6658329	42	STIM=9
6664338	42	RESP=2
6673902	42	STIM=m
6679614	42	RESP=1
6692770	42	STIM=h
6699130	42	RESP=2
6709814	42	STIM=h
6712919	42	RESP=1
6728718	42	STIM=s
6733049	42	RESP=1
6744491	42	STIM=q
6748560	42	RESP=1
6763144	42	STIM=5
6766856	42	RESP=1
6778733	42	STIM=w
6782718	42	RESP=1
6794241	42	STIM=x
6797331	42	RESP=1
6811694	42	STIM=9
6815792	42	RESP=2
6828244	42	STIM=n
6831250	42	RESP=1
6845074	42	STIM=a
6848268	42	RESP=1
6861701	42	STIM=o
6867493	42	RESP=2
6880283	42	STIM=9
6888558	42	RESP=2
6896886	42	STIM=c
6903793	42	RESP=1
6914401	42	STIM=n
6917659	42	RESP=1
6932419	42	STIM=i
6936033	42	RESP=1
6950268	42	STIM=n
6954701	42	RESP=1
6968503	42	STIM=3
6974164	42	RESP=2
6983877	42	STIM=r
6989997	42	RESP=1
7001902	42	STIM=p
7006722	42	RESP=2
7019331	42	STIM=j
7022730	42	RESP=1
7034447	42	STIM=x
7040296	42	RESP=1
7052930	42	STIM=n
7056848	42	RESP=1
7071152	42	STIM=n
7075385	42	RESP=1
7088717	42	STIM=n
7091745	42	RESP=1
7105068	42	STIM=c
7108829	42	RESP=1
7120159	42	STIM=l
7124870	42	RESP=1
7138664	42	STIM=m
7142713	42	RESP=1
7156756	42	STIM=v
7163094	42	RESP=1
7175128	42	STIM=0
7180631	42	RESP=2
7192663	42	STIM=i
7197422	42	RESP=1
7209944	42	STIM=g
7213896	42	RESP=1
7225788	42	STIM=q
7233727	42	RESP=1
7244495	42	STIM=q
7248095	42	RESP=1
7261812	42	STIM=n
7266491	42	RESP=1
7279763	42	STIM=q
7283728	42	RESP=1
7298696	42	STIM=f
7301628	42	RESP=1
7313991	42	STIM=m
7319947	42	RESP=1
7332157	42	STIM=a
7336764	42	RESP=1
7348838	42	STIM=1
7354026	42	RESP=2
7366283	42	STIM=5
7370472	42	RESP=1
7384129	42	STIM=h
7390534	42	RESP=1
7401313	42	STIM=o
7405014	42	RESP=1
7417742	42	STIM=k
7424157	42	RESP=1
7433147	42	STIM=i
7441814	42	RESP=1
7451927	42	STIM=b
7455029	42	RESP=1
7470699	42	STIM=l
7475470	42	RESP=1
7487421	42	STIM=z
7491523	42	RESP=1
7506265	42	STIM=p
7511510	42	RESP=1
7522451	42	STIM=t
7528892	42	RESP=1
7538293	42	STIM=b
7542662	42	RESP=1
7554401	42	STIM=r
7559312	42	RESP=1
7573076	42	STIM=r
7580064	42	RESP=1
7590131	42	STIM=8
7594919	42	RESP=1
7608676	42	STIM=0
7612476	42	RESP=2
7625088	42	STIM=i
7628136	42	RESP=1
7641012	42	STIM=9
7645908	42	RESP=2
7656547	42	STIM=f
7660444	42	RESP=1
7674950	42	STIM=y
7678821	42	RESP=1
7690584	42	STIM=j
7694416	42	RESP=2
7707134	42	STIM=x
7711445	42	RESP=1
7723811	42	STIM=d
7727550	42	RESP=1
7740262	42	STIM=a
7745101	42	RESP=1
7759093	42	STIM=5
7763560	42	RESP=1
7774899	42	STIM=s
7780599	42	RESP=1
7792406	42	STIM=c
7797673	42	RESP=1
7808640	42	STIM=0
7815480	42	RESP=2
7827150	42	STIM=j
7833531	42	RESP=1
7845677	42	STIM=7
7850353	42	RESP=2
7861863	42	STIM=i
7865385	42	RESP=1
7880102	42	STIM=g
7883895	42	RESP=1
7898587	42	STIM=r
7902004	42	RESP=1
7914137	42	STIM=l
7916941	42	RESP=1
7929834	42	STIM=0
7935649	42	RESP=2
7948203	42	STIM=l
7952440	42	RESP=1
7964404	42	STIM=h
7968112	42	RESP=1
7980365	42	STIM=n
7987653	42	RESP=1
7995672	42	STIM=i
8001614	42	RESP=1
8011437	42	STIM=w
8015804	42	RESP=1
8030320	42	STIM=k
8034754	42	RESP=1
8046188	42	STIM=4
8049963	42	RESP=2
8062972	42	STIM=2
8066483	42	RESP=2
8080984	42	STIM=d
8083876	42	RESP=1
8096270	42	STIM=n
8099350	42	RESP=1
8114913	42	STIM=h
8120785	42	RESP=1
8130482	42	STIM=7
8136242	42	RESP=2
8146917	42	STIM=c
8150445	42	RESP=1
8164936	42	STIM=t
8170074	42	RESP=1
8181039	42	STIM=i
8186422	42	RESP=1
8198840	42	STIM=j
8203119	42	RESP=1
8216012	42	STIM=a
8224308	42	RESP=1
8233342	42	STIM=o
8239902	42	RESP=1
8251396	42	STIM=2
8257176	42	RESP=2
8270292	42	STIM=p
8276680	42	RESP=1
8287623	42	STIM=o
8295157	42	RESP=1
8303341	42	STIM=w
8309625	42	RESP=1
8322076	42	STIM=5
8327727	42	RESP=1
8338462	42	STIM=n
8344012	42	RESP=1
8355303	42	STIM=f
8360904	42	RESP=1
8373137	42	STIM=r
8376662	42	RESP=1
8390423	42	STIM=z
8394579	42	RESP=1
8405426	42	STIM=o
8414168	42	RESP=1
8421777	42	STIM=8
8429703	42	RESP=1
8438071	42	STIM=r
8440770	42	RESP=1
8456364	42	STIM=u
8460714	42	RESP=1
8474489	42	STIM=t
8479328	42	RESP=1
8491320	42	STIM=d
8497060	42	RESP=1
8507965	42	STIM=5
8515504	42	RESP=2
8523140	42	STIM=s
8527238	42	RESP=1
8541886	42	STIM=v
8554756	42	RESP=1
8557442	42	STIM=p
8562146	42	RESP=1
8575742	42	STIM=h
8581440	42	RESP=1
8594296	42	STIM=o
8600230	42	RESP=1
8609313	42	STIM=t
8613355	42	RESP=1
8626035	42	STIM=j
8631631	42	RESP=1
8644521	42	STIM=1
8649311	42	RESP=2
8661715	42	STIM=7
8666804	42	RESP=1
8680263	42	STIM=7
8684799	42	RESP=2
8698139	42	STIM=s
8701939	42	RESP=1
8714063	42	STIM=x
8719771	42	RESP=1
8732995	42	STIM=a
8737500	42	RESP=1
8749618	42	STIM=s
8757329	42	RESP=1
8768342	42	STIM=r
8775420	42	RESP=1
8786164	42	STIM=9
8792314	42	RESP=2
8803757	42	STIM=q
8806351	42	RESP=1
8819071	42	STIM=p
8822474	42	RESP=1
8835028	42	STIM=l
8839184	42	RESP=1
8853741	42	STIM=m
8859257	42	RESP=1
8870790	42	STIM=1
8877046	42	RESP=2
8888629	42	STIM=k
8892525	42	RESP=1
8906602	42	STIM=5
8911326	42	RESP=2
8924191	42	STIM=0
8928154	42	RESP=1
8942605	42	STIM=q
8946106	42	RESP=1
8958996	42	STIM=j
8964349	42	RESP=1
8976034	42	STIM=n
8980840	42	RESP=1
8991633	42	STIM=j
8995326	42	RESP=1
9006729	42	STIM=6
9014805	42	RESP=2
9024066	42	STIM=d
9027690	42	RESP=1
9040141	42	STIM=l
9045122	42	RESP=1
9059090	42	STIM=k
9061878	42	RESP=1
9077285	42	STIM=z
9082316	42	RESP=1
9094133	42	STIM=a
9099388	42	RESP=1
9110007	42	STIM=7
9115743	42	RESP=2
9126896	42	STIM=a
9130760	42	RESP=1
9144902	42	STIM=o
9151319	42	RESP=1
9162872	42	STIM=c
9166573	42	RESP=1
9178914	42	STIM=h
9183153	42	RESP=1
9196150	42	STIM=a
9202757	42	RESP=1
9214777	42	STIM=l
9218614	42	RESP=1
9232238	42	STIM=0
9237296	42	RESP=1
9250762	42	STIM=w
9257980	42	RESP=1
9266180	42	STIM=l
9270694	42	RESP=1
9283718	42	STIM=y
9287618	42	RESP=1
9301905	42	STIM=l
9308726	42	RESP=1
9318440	42	STIM=x
9322923	42	RESP=1
9335954	42	STIM=k
9339253	42	RESP=1
9351435	42	STIM=h
9357920	42	RESP=1
9369396	42	STIM=m
9377741	42	RESP=1
9386889	42	STIM=h
9394622	42	RESP=1
9404873	42	STIM=w
9409717	42	RESP=1
9420683	42	STIM=g
9424374	42	RESP=1
9438162	42	STIM=x
9442164	42	RESP=1
9455097	42	STIM=n
9459352	42	RESP=1
9470378	42	STIM=3
9479349	42	RESP=2
9487514	42	STIM=t
9490815	42	RESP=1
9502960	42	STIM=n
9517447	42	RESP=1
9520159	42	STIM=q
9524836	42	RESP=1
9536635	42	STIM=4
9542087	42	RESP=2
9554195	42	STIM=z
9557886	42	RESP=1
9570652	42	STIM=d
9573365	42	RESP=1
9587784	42	STIM=7
9591653	42	RESP=2
9605647	42	STIM=0
9615369	42	RESP=2
9620822	42	STIM=k
9625075	42	RESP=1
9638903	42	STIM=d
9641675	42	RESP=2
9656474	42	STIM=j
9660370	42	RESP=1
9673934	42	STIM=t
9683577	42	RESP=1
9691214	42	STIM=b
9694803	42	RESP=1
9707700	42	STIM=x
9711268	42	RESP=1
9725053	42	STIM=b
9729116	42	RESP=1
9742086	42	STIM=g
9745134	42	RESP=1
9758518	42	STIM=y
9763736	42	RESP=1
9774956	42	STIM=a
9781532	42	RESP=1
9792913	42	STIM=9
9797017	42	RESP=2
9808900	42	STIM=n
9815023	42	RESP=1
9824741	42	STIM=g
9828943	42	RESP=1
9842562	42	STIM=8
9847439	42	RESP=2
9859796	42	STIM=7
9866495	42	RESP=2
9875984	42	STIM=g
9880324	42	RESP=1
9893378	42	STIM=k
9896527	42	RESP=1
9911455	42	STIM=n
9914826	42	RESP=1
9928299	42	STIM=p
9934574	42	RESP=1
9946070	42	STIM=4
9951751	42	RESP=1
9963228	42	STIM=d
9968100	42	RESP=1
9982051	42	STIM=g
9985235	42	RESP=1
10000819	42	STIM=u
10004902	42	RESP=1
10018718	42	STIM=b
10025675	42	RESP=1
10034634	42	STIM=f
10039495	42	RESP=1
10053303	42	STIM=h
10057087	42	RESP=1
10071319	42	STIM=a
10074083	42	RESP=1
10088935	42	STIM=1
10093954	42	RESP=2
10105757	42	STIM=w
10108790	42	RESP=2
10120873	42	STIM=k
10124242	42	RESP=1
10138711	42	STIM=b
10142070	42	RESP=1
10154970	42	STIM=d
10158243	42	RESP=1
10171447	42	STIM=o
10176596	42	RESP=1
10189375	42	STIM=e
10193218	42	RESP=1
10204887	42	STIM=l
10207175	42	RESP=1
10222457	42	STIM=7
10231384	42	RESP=2
10241232	42	STIM=s
10245219	42	RESP=1
10259846	42	STIM=d
10262861	42	RESP=1
10275286	42	STIM=c
10287204	42	RESP=1
10293387	42	STIM=0
10297629	42	RESP=2
10311216	42	STIM=6
10318829	42	RESP=2
10329858	42	STIM=h
10334906	42	RESP=1
10347002	42	STIM=a
10351873	42	RESP=1
10363821	42	STIM=d
10369680	42	RESP=1
10380700	42	STIM=o
10385399	42	RESP=1
10399347	42	STIM=g
10403851	42	RESP=1
10417844	42	STIM=2
10425761	42	RESP=2
10433027	42	STIM=8
10439741	42	RESP=2
10449881	42	STIM=r
10453330	42	RESP=1
10468018	42	STIM=a
10472377	42	RESP=1
10485179	42	STIM=4
10491381	42	RESP=2
10501759	42	STIM=p
10507757	42	RESP=1
10520550	42	STIM=v
10524461	42	RESP=1
10537074	42	STIM=r
10543048	42	RESP=1
10555646	42	STIM=n
10559661	42	RESP=1
10572452	42	STIM=w
10575370	42	RESP=1
10591271	42	STIM=n
10595018	42	RESP=1
10607818	42	STIM=6
10615257	42	RESP=2
10624985	42	STIM=m
10633895	42	RESP=2
10643558	42	STIM=a
10649695	42	RESP=1
10661300	42	STIM=b
10665585	42	RESP=1
10679724	42	STIM=c
10684449	42	RESP=1
10695365	42	STIM=1
10700957	42	RESP=2
10713811	42	STIM=7
10719386	42	RESP=2
10731982	42	STIM=v
10737594	42	RESP=1
10749687	42	STIM=o
10753719	42	RESP=1
10766346	42	STIM=9
10771922	42	RESP=2
10782141	42	STIM=n
10785950	42	RESP=1
10798126	42	STIM=e
10802744	42	RESP=1
10816183	42	STIM=j
10819444	42	RESP=1
10832143	42	STIM=0
10838968	42	RESP=2
10849283	42	STIM=m
10854255	42	RESP=1
10867954	42	STIM=h
10876172	42	RESP=1
10884036	42	STIM=r
10890950	42	RESP=1
10900203	42	STIM=2
10905412	42	RESP=2
10916001	42	STIM=a
10919015	42	RESP=1
10932726	42	STIM=s
10936452	42	RESP=1
10950088	42	STIM=u
10955067	42	RESP=1
10968995	42	STIM=c
10973849	42	RESP=1
10985318	42	STIM=b
10990518	42	RESP=1
11001491	42	STIM=o
11007209	42	RESP=1
11017615	42	STIM=w
11022578	42	RESP=1
11034476	42	STIM=a
11040588	42	RESP=1
11050098	42	STIM=2
11055018	42	RESP=2
11068930	42	STIM=r
11077902	42	RESP=1
11087015	42	STIM=j
11091320	42	RESP=1
11103640	42	STIM=f
11114078	42	RESP=1
11119032	42	STIM=3
11123250	42	RESP=2
11136175	42	STIM=b
11141132	42	RESP=1
11151247	42	STIM=b
11156415	42	RESP=1
11168658	42	STIM=o
11173706	42	RESP=1
11186939	42	STIM=s
11192299	42	RESP=1
11203027	42	STIM=h
11207738	42	RESP=1
11221533	42	STIM=n
11231202	42	RESP=1
11238788	42	STIM=w
11243696	42	RESP=1
11255618	42	STIM=m
11259049	42	RESP=1
11270782	42	STIM=u
11276691	42	RESP=1
11288558	42	STIM=l
11292104	42	RESP=1
11304797	42	STIM=d
11308243	42	RESP=1
11321348	42	STIM=e
11326772	42	RESP=1
11338732	42	STIM=l
11342814	42	RESP=1
11354334	42	STIM=2
11360290	42	RESP=2
11372444	42	STIM=y
11379476	42	RESP=1
11388366	42	STIM=n
11392389	42	RESP=1
11404092	42	STIM=5
11408548	42	RESP=2
11420126	42	STIM=i
11423048	42	RESP=1
11435903	42	STIM=i
11440484	42	RESP=1
11453269	42	STIM=z
11459141	42	RESP=1
11470263	42	STIM=g
11475206	42	RESP=1
11487595	42	STIM=5
11494176	42	RESP=2
11502989	42	STIM=e
11507389	42	RESP=1
11521664	42	STIM=d
11525677	42	RESP=1
11538278	42	STIM=d
11546172	42	RESP=1
11554447	42	STIM=l
11559323	42	RESP=1
11572566	42	STIM=g
11575720	42	RESP=1
11587675	42	STIM=e
11591041	42	RESP=1
11606252	42	STIM=w
11610373	42	RESP=1
11622181	42	STIM=i
11626089	42	RESP=1
11640107	42	STIM=p
11645426	42	RESP=1
11657379	42	STIM=c
11667578	42	RESP=1
11673421	42	STIM=o
11676266	42	RESP=1
11692002	42	STIM=w
11697593	42	RESP=1
11708899	42	STIM=x
11718581	42	RESP=1
11726633	42	STIM=s
11730249	42	RESP=1
11744843	42	STIM=v
11747985	42	RESP=1
11761458	42	STIM=u
11765425	42	RESP=1
11777570	42	STIM=n
11782129	42	RESP=1
11796130	42	STIM=7
11802621	42	RESP=1
11814245	42	STIM=g
11817691	42	RESP=1
11832534	42	STIM=8
11840323	42	RESP=2
11848467	42	STIM=w
11855617	42	RESP=1
11865086	42	STIM=r
11868302	42	RESP=1
11880477	42	STIM=9
11885834	42	RESP=1
11897751	42	STIM=o
11901229	42	RESP=1
11913044	42	STIM=4
11918765	42	RESP=2
11928762	42	STIM=e
11933727	42	RESP=1
11946590	42	STIM=n
11950129	42	RESP=2
11963613	42	STIM=v
11968321	42	RESP=1
11979238	42	STIM=r
11982321	42	RESP=1
11996028	42	STIM=h
11998657	42	RESP=1
12011225	42	STIM=2
12015772	42	RESP=2
12026825	42	STIM=n
12030266	42	RESP=1
12044967	42	STIM=x
12049843	42	RESP=1
12061395	42	STIM=8
12069461	42	RESP=2
12077104	42	STIM=p
12082135	42	RESP=1
12092745	42	STIM=9
12098735	42	RESP=1
12108489	42	STIM=t
12112186	42	RESP=1
12126509	42	STIM=0
12134130	42	RESP=1
12141802	42	STIM=z
12147619	42	RESP=1
12158199	42	STIM=s
12161384	42	RESP=1
12174270	42	STIM=q
12180540	42	RESP=1
12190268	42	STIM=t
12198385	42	RESP=1
12209054	42	STIM=v
12215080	42	RESP=1
12225442	42	STIM=g
12229316	42	RESP=1
12242319	42	STIM=8
12247677	42	RESP=2
12257540	42	STIM=f
12261411	42	RESP=1
12274329	42	STIM=n
12283794	42	RESP=1
12291397	42	STIM=c
12295652	42	RESP=1
12307733	42	STIM=d
12312540	42	RESP=1
12324825	42	STIM=1
12329331	42	RESP=2
12343232	42	STIM=q
12346251	42	RESP=1
12361583	42	STIM=d
12367418	42	RESP=1
12379918	42	STIM=y
12383945	42	RESP=1
12395427	42	STIM=f
12402013	42	RESP=1
12414315	42	STIM=4
12419123	42	RESP=2
12433228	42	STIM=9
12440222	42	RESP=2
12448272	42	STIM=k
12452963	42	RESP=1
12465684	42	STIM=0
12470337	42	RESP=2
12483535	42	STIM=n
12492856	42	RESP=1
12500319	42	STIM=w
12503823	42	RESP=1
12515631	42	STIM=s
12519530	42	RESP=1
12532346	42	STIM=e
12539932	42	RESP=1
12548429	42	STIM=z
12553382	42	RESP=1
12565584	42	STIM=h
12572522	42	RESP=1
12581803	42	STIM=s
12585592	42	RESP=1
12597471	42	STIM=2
12603012	42	RESP=2
12612563	42	STIM=u
12618597	42	RESP=1
12631297	42	STIM=p
12635782	42	RESP=1
12650052	42	STIM=d
12653810	42	RESP=1
12665328	42	STIM=z
12670221	42	RESP=1
12681979	42	STIM=d
12688263	42	RESP=1
12698081	42	STIM=k
12702494	42	RESP=1
12715672	42	STIM=b
12721920	42	RESP=1
12733205	42	STIM=4
12740620	42	RESP=2
12750076	42	STIM=k
12753572	42	RESP=1
12766172	42	STIM=v
12768829	42	RESP=1
12781887	42	STIM=v
12787018	42	RESP=1
12800685	42	STIM=x
12805239	42	RESP=1
12819108	42	STIM=d
12823453	42	RESP=1
12837064	42	STIM=5
12843075	42	RESP=2
12853903	42	STIM=a
12857951	42	RESP=1
12872007	42	STIM=m
12876345	42	RESP=1
12887272	42	STIM=t
12895166	42	RESP=1
12902778	42	STIM=c
12905252	42	RESP=1
12918183	42	STIM=a
12922212	42	RESP=1
12934261	42	STIM=s
12938092	42	RESP=1
12953054	42	STIM=4
12960195	42	RESP=2
12971060	42	STIM=n
12975273	42	RESP=1
12987293	42	STIM=z
12993656	42	RESP=1
13004259	42	STIM=4
13011441	42	RESP=2
13020973	42	STIM=n
13026744	42	RESP=1
13039671	42	STIM=k
13051275	42	RESP=1
13057312	42	STIM=u
13062487	42	RESP=1
13073575	42	STIM=p
13076939	42	RESP=1
13089109	42	STIM=j
13096029	42	RESP=1
13104853	42	STIM=i
13112266	42	RESP=1
13121957	42	STIM=6
13129556	42	RESP=2
13139738	42	STIM=l
13144302	42	RESP=1
13157711	42	STIM=1
13162554	42	RESP=2
13174120	42	STIM=9
13180674	42	RESP=1
13190835	42	STIM=e
13195562	42	RESP=1
13206676	42	STIM=l
13211521	42	RESP=1
13224303	42	STIM=i
13228906	42	RESP=1
13242804	42	STIM=r
13248993	42	RESP=2
13261263	42	STIM=h
13268252	42	RESP=1
13278356	42	STIM=t
13287731	42	RESP=1
13293476	42	STIM=j
13298318	42	RESP=1
13311002	42	STIM=r
13319532	42	RESP=1
13329363	42	STIM=j
13334485	42	RESP=1
13347751	42	STIM=f
13350470	42	RESP=1
13365250	42	STIM=7
13368900	42	RESP=2
13382262	42	STIM=w
13386849	42	RESP=1
13399033	42	STIM=6
13406880	42	RESP=2
13414729	42	STIM=i
13421308	42	RESP=1
13433151	42	STIM=4
13438031	42	RESP=2
13449998	42	STIM=r
13454806	42	RESP=1
13467080	42	STIM=j
13471711	42	RESP=1
13485556	42	STIM=s
13489110	42	RESP=1
13503363	42	STIM=u
13507279	42	RESP=1
13518548	42	STIM=l
13522750	42	RESP=1
13533610	42	STIM=q
13538142	42	RESP=1
13549594	42	STIM=a
13557291	42	RESP=1
13566920	42	STIM=w
13570435	42	RESP=1
13583229	42	STIM=n
13587469	42	RESP=1
13598570	42	STIM=6
13603906	42	RESP=2
13616764	42	STIM=y
13621152	42	RESP=1
13633508	42	STIM=0
13639625	42	RESP=2
13651407	42	STIM=1
13657502	42	RESP=2
13666777	42	STIM=o
13671346	42	RESP=1
13682780	42	STIM=p
13689027	42	RESP=1
13699091	42	STIM=r
13702224	42	RESP=1
13716042	42	STIM=9
13726879	42	RESP=2
13733537	42	STIM=x
13737817	42	RESP=1
13749560	42	STIM=u
13752114	42	RESP=1
13767793	42	STIM=c
13773535	42	RESP=2
13783342	42	STIM=4
13788379	42	RESP=2
13801606	42	STIM=d
13806521	42	RESP=1
13820271	42	STIM=r
13826685	42	RESP=1
13837073	42	STIM=k
13839622	42	RESP=1
13853117	42	STIM=z
13860256	42	RESP=1
13868347	42	STIM=j
13871599	42	RESP=1
13885097	42	STIM=b
13890742	42	RESP=1
13900237	42	STIM=w
13905939	42	RESP=1
13916236	42	STIM=g
13920317	42	RESP=1
13932865	42	STIM=1
13937936	42	RESP=2
13950990	42	STIM=u
13960143	42	RESP=1
13969578	42	STIM=3
13972944	42	RESP=1
13986116	42	STIM=v
13992028	42	RESP=1
14003420	42	STIM=9
14008911	42	RESP=2
14020324	42	STIM=j
14028467	42	RESP=1
14038654	42	STIM=4
14044108	42	RESP=2
14054167	42	STIM=r
14058395	42	RESP=1
14072351	42	STIM=y
14078080	42	RESP=1
14089409	42	STIM=p
14093100	42	RESP=1
14104828	42	STIM=3
14110673	42	RESP=2
14123088	42	STIM=h
14129798	42	RESP=1
14142031	42	STIM=8
14146824	42	RESP=2
14159293	42	STIM=v
14165457	42	RESP=1
14175663	42	STIM=l
14180267	42	RESP=2
14190694	42	STIM=b
14194476	42	RESP=1
14208628	42	STIM=f
14213543	42	RESP=1
14225016	42	STIM=q
14229505	42	RESP=1
14240520	42	STIM=3
14245421	42	RESP=2
14258295	42	STIM=g
14263058	42	RESP=1
14276242	42	STIM=o
14283278	42	RESP=1
14291732	42	STIM=d
14296215	42	RESP=2
14310459	42	STIM=5
14315761	42	RESP=2
14325902	42	STIM=i
14332796	42	RESP=1
14343870	42	STIM=v
14349513	42	RESP=1
14362700	42	STIM=d
14367610	42	RESP=1
14381684	42	STIM=e
14391433	42	RESP=1
14400137	42	STIM=y
14403668	42	RESP=1
14416507	42	STIM=u
14423917	42	RESP=1
14432352	42	STIM=h
14436348	42	RESP=1
14448390	42	STIM=k
14452363	42	RESP=1
14465878	42	STIM=c
14470442	42	RESP=1
14481966	42	STIM=g
14486735	42	RESP=1
14500353	42	STIM=m
14507269	42	RESP=1
14516992	42	STIM=i
14521550	42	RESP=1
14534941	42	STIM=v
14540191	42	RESP=1
14552927	42	STIM=e
14559175	42	RESP=1
14567966	42	STIM=j
14574879	42	RESP=1
14584895	42	STIM=u
14592887	42	RESP=1
14602044	42	STIM=q
14605007	42	RESP=1
14620076	42	STIM=g
14623929	42	RESP=1
14638088	42	STIM=w
14647916	42	RESP=1
14653681	42	STIM=k
14661851	42	RESP=1
14671435	42	STIM=u
14675130	42	RESP=1
14687816	42	STIM=f
14694291	42	RESP=1
14704389	42	STIM=8
14711334	42	RESP=2
14721298	42	STIM=v
14725161	42	RESP=1
14740184	42	STIM=x
14745432	42	RESP=1
14758001	42	STIM=9
14762572	42	RESP=1
14773478	42	STIM=m
14776637	42	RESP=1
14789688	42	STIM=s
14794998	42	RESP=1
14804699	42	STIM=p
14810008	42	RESP=1
14821993	42	STIM=j
14828230	42	RESP=1
14839802	42	STIM=l
14845138	42	RESP=1
14857883	42	STIM=u
14861508	42	RESP=1
14875477	42	STIM=g
14879789	42	RESP=1
14894408	42	STIM=v
14898009	42	RESP=1
14909616	42	STIM=m
14914011	42	RESP=1
14926379	42	STIM=n
14930185	42	RESP=1
14944468	42	STIM=g
14948050	42	RESP=1
14962055	42	STIM=d
14966272	42	RESP=1
14979497	42	STIM=j
14983894	42	RESP=1
14996109	42	STIM=w
14999738	42	RESP=1
15011224	42	STIM=r
15017163	42	RESP=1
15026784	42	STIM=u
15032672	42	RESP=1
15044726	42	STIM=m
15049156	42	RESP=2
15061288	42	STIM=k
15067940	42	RESP=1
15079697	42	STIM=r
15083549	42	RESP=1
15096933	42	STIM=y
15101029	42	RESP=1
15115251	42	STIM=l
15118114	42	RESP=1
15131303	42	STIM=p
15137534	42	RESP=1
15147708	42	STIM=7
15153575	42	RESP=2
15163942	42	STIM=x
15168576	42	RESP=1
15182241	42	STIM=5
15188202	42	RESP=2
15199173	42	STIM=m
15202122	42	RESP=2
15215771	42	STIM=f
15219125	42	RESP=1
15231448	42	STIM=s
15234324	42	RESP=1
15248239	42	STIM=p
15254687	42	RESP=1
15266423	42	STIM=q
15271678	42	RESP=1
15283419	42	STIM=y
15287693	42	RESP=1
15301297	42	STIM=m
15307071	42	RESP=1
15318674	42	STIM=3
15325505	42	RESP=2
15334718	42	STIM=n
15340821	42	RESP=1
15353693	42	STIM=w
15358961	42	RESP=1
15371434	42	STIM=o
15379122	42	RESP=1
15390317	42	STIM=m
15396332	42	RESP=1
15405411	42	STIM=u
15408632	42	RESP=1
15423334	42	STIM=a
15425944	42	RESP=1
15440884	42	STIM=p
15445247	42	RESP=1
15456480	42	STIM=h
15460032	42	RESP=1
15471675	42	STIM=y
15474762	42	RESP=1
15490546	42	STIM=k
15502239	42	RESP=1
15505897	42	STIM=5
15511112	42	RESP=2
15520911	42	STIM=q
15525599	42	RESP=1
15539505	42	STIM=t
15544046	42	RESP=1
15557157	42	STIM=x
15564104	42	RESP=1
15572518	42	STIM=z
15577690	42	RESP=1
15591367	42	STIM=q
15598094	42	RESP=1
15609732	42	STIM=x
15613813	42	RESP=1
15628390	42	STIM=x
15633278	42	RESP=1
15646186	42	STIM=f
15651187	42	RESP=1
15662799	42	STIM=h
15667722	42	RESP=1
15679013	42	STIM=n
15686501	42	RESP=1
15696400	42	STIM=e
15700738	42	RESP=1
15711918	42	STIM=u
15717011	42	RESP=1
15730331	42	STIM=b
15738131	42	RESP=1
15748633	42	STIM=z
15751958	42	RESP=1
15766925	42	STIM=9
15771556	42	RESP=2
15784207	42	STIM=8
15788822	42	RESP=2
15802965	42	STIM=5
15809117	42	RESP=2
15819222	42	STIM=k
15824626	42	RESP=1
15834902	42	STIM=r
15838631	42	RESP=1
15851908	42	STIM=3
15855555	42	RESP=2
15870549	42	STIM=v
15874869	42	RESP=1
15889513	42	STIM=h
15894158	42	RESP=1
15906470	42	STIM=c
15913581	42	RESP=1
15925416	42	STIM=m
15929228	42	RESP=1
15943447	42	STIM=4
15948777	42	RESP=2
15962117	42	STIM=x
15969717	42	RESP=1
15980396	42	STIM=6
15986402	42	RESP=1
15996545	42	STIM=z
16000483	42	RESP=1
16014864	42	STIM=v
16020831	42	RESP=1
16032792	42	STIM=z
16037206	42	RESP=1
16049890	42	STIM=w
16055899	42	RESP=1
16065203	42	STIM=g
16071098	42	RESP=1
16080406	42	STIM=f
16084061	42	RESP=1
16098280	42	STIM=0
16102530	42	RESP=2
16114236	42	STIM=7
16119973	42	RESP=2
16131051	42	STIM=h
16135472	42	RESP=1
16146653	42	STIM=c
16150229	42	RESP=1
16164973	42	STIM=d
16171270	42	RESP=1
16181848	42	STIM=4
16189946	42	RESP=2
16198192	42	STIM=r
16204945	42	RESP=1
16214651	42	STIM=a
16219704	42	RESP=1
16231670	42	STIM=3
16237121	42	RESP=2
16249458	42	STIM=s
16252476	42	RESP=1
16267175	42	STIM=c
16272562	42	RESP=1
16282889	42	STIM=b
16285371	42	RESP=1
16299127	42	STIM=7
16304395	42	RESP=2
16314936	42	STIM=x
16322311	42	RESP=1
16331987	42	STIM=z
16335988	42	RESP=1
16347569	42	STIM=m
16355534	42	RESP=1
16365443	42	STIM=c
16369027	42	RESP=1
16381126	42	STIM=2
16386391	42	RESP=2
16397047	42	STIM=x
16401694	42	RESP=1
16412119	42	STIM=e
16416935	42	RESP=1
16430816	42	STIM=u
16439850	42	RESP=1
16449022	42	STIM=t
16451818	42	RESP=1
16466489	42	STIM=6
16476167	42	RESP=2
16483657	42	STIM=4
16493782	42	RESP=2
16499962	42	STIM=x
16505365	42	RESP=1
16517688	42	STIM=r
16521094	42	RESP=1
16533306	42	STIM=e
16538127	42	RESP=1
16551220	42	STIM=t
16554311	42	RESP=1
16566745	42	STIM=y
16573132	42	RESP=1
16583248	42	STIM=g
16587949	42	RESP=1
16599511	42	STIM=3
16604883	42	RESP=1
16614588	42	STIM=j
16619528	42	RESP=1
16630004	42	STIM=1
16634842	42	RESP=1
16647596	42	STIM=c
16650889	42	RESP=1
16662705	42	STIM=a
16665439	42	RESP=1
16680159	42	STIM=m
16685409	42	RESP=1
16698444	42	STIM=g
16702865	42	RESP=1
16716480	42	STIM=b
16721200	42	RESP=1
16735049	42	STIM=4
16743515	42	RESP=2
16752484	42	STIM=b
16757736	42	RESP=1
16770788	42	STIM=3
16776921	42	RESP=2
16786358	42	STIM=w
16792483	42	RESP=1
16804918	42	STIM=r
16809183	42	RESP=1
16823211	42	STIM=5
16827887	42	RESP=2
16841593	42	STIM=m
16845353	42	RESP=1
16857690	42	STIM=p
16860892	42	RESP=1
16873589	42	STIM=i
16880414	42	RESP=1
16891092	42	STIM=g
16894196	42	RESP=1
16907594	42	STIM=x
16912487	42	RESP=1
16923996	42	STIM=i
16929077	42	RESP=1
16940838	42	STIM=8
16946940	42	RESP=2
16958005	42	STIM=h
16960761	42	RESP=1
16975169	42	STIM=n
16979725	42	RESP=1
16992572	42	STIM=9
16999671	42	RESP=1
17010848	42	STIM=x
17015809	42	RESP=1
17026307	42	STIM=y
17029223	42	RESP=1
17042864	42	STIM=2
17051122	42	RESP=2
17060833	42	STIM=r
17066568	42	RESP=1
17077489	42	STIM=f
17084001	42	RESP=1
17095028	42	STIM=s
17099935	42	RESP=1
17111891	42	STIM=0
17118300	42	RESP=2
17130333	42	STIM=c
17136563	42	RESP=1
17146892	42	STIM=e
17153831	42	RESP=1
17163770	42	STIM=q
17172100	42	RESP=1
17180238	42	STIM=0
17185943	42	RESP=2
17196748	42	STIM=q
17199860	42	RESP=1
17215048	42	STIM=i
17218292	42	RESP=1
17231513	42	STIM=c
17237537	42	RESP=1
17247629	42	STIM=w
17258048	42	RESP=1
17265373	42	STIM=m
17272095	42	RESP=1
17283943	42	STIM=a
17289240	42	RESP=1
17301064	42	STIM=3
17305999	42	RESP=2
17319411	42	STIM=t
17325939	42	RESP=1
17336903	42	STIM=7
17341324	42	RESP=1
17353589	42	STIM=u
17363091	42	RESP=2
17371757	42	STIM=8
17378220	42	RESP=2
17387868	42	STIM=c
17391271	42	RESP=1
17403896	42	STIM=m
17407976	42	RESP=1
17419230	42	STIM=0
17426343	42	RESP=2
17435830	42	STIM=5
17440807	42	RESP=2
17452883	42	STIM=f
17456599	42	RESP=1
17470674	42	STIM=b
17475525	42	RESP=1
17487914	42	STIM=w
17495155	42	RESP=1
17506519	42	STIM=6
17510895	42	RESP=2
17525156	42	STIM=c
17528328	42	RESP=1
17541210	42	STIM=e
17543611	42	RESP=1
17556594	42	STIM=n
17562431	42	RESP=1
17575559	42	STIM=a
17579486	42	RESP=1
17593134	42	STIM=u
17596926	42	RESP=1
17611997	42	STIM=9
17617216	42	RESP=2
17628266	42	STIM=i
17633358	42	RESP=1
17646980	42	STIM=m
17651042	42	RESP=2
17664837	42	STIM=i
17668412	42	RESP=1
17682343	42	STIM=q
17689208	42	RESP=1
17697820	42	STIM=n
17703546	42	RESP=1
17715269	42	STIM=l
17719114	42	RESP=1
17731145	42	STIM=v
17734877	42	RESP=1
17747189	42	STIM=h
17750956	42	RESP=1
17762393	42	STIM=1
17771137	42	RESP=2
17779559	42	STIM=r
17783995	42	RESP=1
17796816	42	STIM=q
17801624	42	RESP=1
17814339	42	STIM=y
17818957	42	RESP=1
17829761	42	STIM=0
17835389	42	RESP=2
17846273	42	STIM=l
17852596	42	RESP=1
17863451	42	STIM=a
17867347	42	RESP=1
17879656	42	STIM=y
17887586	42	RESP=1
17898331	42	STIM=p
17901864	42	RESP=1
17914784	42	STIM=k
17918552	42	RESP=1
17931990	42	STIM=v
17936079	42	RESP=1
17950297	42	STIM=a
17958739	42	RESP=1
17968388	42	STIM=n
17972276	42	RESP=1
17986689	42	STIM=5
17991021	42	RESP=2
18004817	42	STIM=g
18010717	42	RESP=1
18023453	42	STIM=h
18031260	42	RESP=1
18039413	42	STIM=r
18044488	42	RESP=1
18056700	42	STIM=d
18061916	42	RESP=1
18075440	42	STIM=b
18078658	42	RESP=1
18091240	42	STIM=l
18100515	42	RESP=1
18107116	42	STIM=3
18111459	42	RESP=2
18124425	42	STIM=1
18130781	42	RESP=2
18140168	42	STIM=p
18146929	42	RESP=1
18158267	42	STIM=4
18164780	42	RESP=2
18176596	42	STIM=m
18180880	42	RESP=1
18195178	42	STIM=i
18197790	42	RESP=1
18213498	42	STIM=6
18220644	42	RESP=2
18231674	42	STIM=a
18237778	42	RESP=1
18246874	42	STIM=j
18250793	42	RESP=1
18263186	42	STIM=j
18268457	42	RESP=1
18278378	42	STIM=s
18280951	42	RESP=1
18295869	42	STIM=a
18300296	42	RESP=1
18313798	42	STIM=j
18318589	42	RESP=1
18330753	42	STIM=m
18334395	42	RESP=1
18349273	42	STIM=k
18354723	42	RESP=1
18367352	42	STIM=q
18373084	42	RESP=1
18385426	42	STIM=n
18389655	42	RESP=1
18403208	42	STIM=w
18407549	42	RESP=1
18421878	42	STIM=l
18427043	42	RESP=1
18440434	42	STIM=r
18446783	42	RESP=1
18458533	42	STIM=w
18461971	42	RESP=1
18474569	42	STIM=e
18481576	42	RESP=1
18491923	42	STIM=l
18495072	42	RESP=1
18509974	42	STIM=a
18514993	42	RESP=1
18526752	42	STIM=f
18529780	42	RESP=1
18545126	42	STIM=x
18553615	42	RESP=1
18560216	42	STIM=g
18565524	42	RESP=1
18576862	42	STIM=z
18580239	42	RESP=1
18593820	42	STIM=m
18598267	42	RESP=1
18611170	42	STIM=0
18617919	42	RESP=2
18628380	42	STIM=b
18631658	42	RESP=1
18646625	42	STIM=5
18655430	42	RESP=2
18661738	42	STIM=t
18669052	42	RESP=1
18677670	42	STIM=a
18682837	42	RESP=1
18694536	42	STIM=m
18697681	42	RESP=2
18713523	42	STIM=b
18716891	42	RESP=1
18730041	42	STIM=q
18734526	42	RESP=1
18747389	42	STIM=j
18755009	42	RESP=1
18763466	42	STIM=e
18769697	42	RESP=1
18779363	42	STIM=1
18783874	42	RESP=2
18795809	42	STIM=3
18805107	42	RESP=2
18811540	42	STIM=y
18818131	42	RESP=1
18827090	42	STIM=f
18837288	42	RESP=1
18843066	42	STIM=o
18848744	42	RESP=1
18861161	42	STIM=5
18865872	42	RESP=2
18877195	42	STIM=b
18883038	42	RESP=1
18894960	42	STIM=o
18901463	42	RESP=1
18910387	42	STIM=3
18916315	42	RESP=2
18927895	42	STIM=o
18931071	42	RESP=1
18945609	42	STIM=a
18949812	42	RESP=1
18964458	42	STIM=9
18972169	42	RESP=2
18982115	42	STIM=g
18985048	42	RESP=1
18999549	42	STIM=2
19006845	42	RESP=2
19017985	42	STIM=z
19022389	42	RESP=1
19034513	42	STIM=l
19043495	42	RESP=1
19052990	42	STIM=r
19057164	42	RESP=2
19070048	42	STIM=2
19074950	42	RESP=2
19088090	42	STIM=1
19098265	42	RESP=2
19105545	42	STIM=q
19109827	42	RESP=1
19120811	42	STIM=0
19125780	42	RESP=2
19138798	42	STIM=t
19143244	42	RESP=1
19154730	42	STIM=l
19159377	42	RESP=1
19172310	42	STIM=c
19177079	42	RESP=1
19189511	42	STIM=p
19193865	42	RESP=1
19205314	42	STIM=f
19209356	42	RESP=1
19223961	42	STIM=h
19231862	42	RESP=1
19242495	42	STIM=s
19244823	42	RESP=1
19258906	42	STIM=p
19263907	42	RESP=1
19276432	42	STIM=z
19281616	42	RESP=1
19291568	42	STIM=6
19298492	42	RESP=2
19309959	42	STIM=b
19313823	42	RESP=1
19327988	42	STIM=a
19332265	42	RESP=1
19344499	42	STIM=y
19351934	42	RESP=1
19361936	42	STIM=y
19368010	42	RESP=1
19380787	42	STIM=d
19383634	42	RESP=1
19398013	42	STIM=q
19402870	42	RESP=1
19413051	42	STIM=f
19416068	42	RESP=1
19432035	42	STIM=z
19438017	42	RESP=1
19449558	42	STIM=i
19453885	42	RESP=2
19465289	42	STIM=5
19469802	42	RESP=2
19480501	42	STIM=7
19491264	42	RESP=2
19498932	42	STIM=i
19503069	42	RESP=1
19517503	42	STIM=a
19522924	42	RESP=1
19535768	42	STIM=x
19541320	42	RESP=1
19553112	42	STIM=v
19556309	42	RESP=1
19571866	42	STIM=x
19576314	42	RESP=1
19587869	42	STIM=9
19591747	42	RESP=2
19606512	42	STIM=i
19611813	42	RESP=1
19625047	42	STIM=h
19630218	42	RESP=1
19640634	42	STIM=q
19645634	42	RESP=1
19655637	42	STIM=z
19661866	42	RESP=1
19672951	42	STIM=5
19680361	42	RESP=2
19690020	42	STIM=a
19698922	42	RESP=1
19707499	42	STIM=b
19712537	42	RESP=1
19724211	42	STIM=p
19731384	42	RESP=1
19742681	42	STIM=e
19746308	42	RESP=1
19761646	42	STIM=f
19770476	42	RESP=1
19776694	42	STIM=c
19779082	42	RESP=1
19793709	42	STIM=b
19800015	42	RESP=1
19812043	42	STIM=v
19814422	42	RESP=1
19827421	42	STIM=s
19832106	42	RESP=1
19843033	42	STIM=g
19847520	42	RESP=2
19858225	42	STIM=v
19862475	42	RESP=1
19877127	42	STIM=w
19882315	42	RESP=1
19895409	42	STIM=r
19899462	42	RESP=1
19910669	42	STIM=c
19915307	42	RESP=1
19928822	42	STIM=q
19933351	42	RESP=1
19944639	42	STIM=2
19950390	42	RESP=1
19962333	42	STIM=7
19967383	42	RESP=2
19978449	42	STIM=9
19984053	42	RESP=2
19993983	42	STIM=l
20000447	42	RESP=1
20009685	42	STIM=y
20014814	42	RESP=1
20027645	42	STIM=w
20032822	42	RESP=1
20046556	42	STIM=a
20050531	42	RESP=1
20063512	42	STIM=v
20068757	42	RESP=1
20081540	42	STIM=z
20085945	42	RESP=1
20099123	42	STIM=m
20102342	42	RESP=1
20117577	42	STIM=z
20124088	42	RESP=1
20133115	42	STIM=x
20137351	42	RESP=1
20148370	42	STIM=7
20157544	42	RESP=2
20165196	42	STIM=p
20169226	42	RESP=1
20181268	42	STIM=f
20185574	42	RESP=1
20197870	42	STIM=f
20201607	42	RESP=1
20214578	42	STIM=z
20220267	42	RESP=1
20229590	42	STIM=x
20233515	42	RESP=1
20244979	42	STIM=2
20249088	42	RESP=2
20261506	42	STIM=v
20266036	42	RESP=1
20278650	42	STIM=c
20285457	42	RESP=1
20296546	42	STIM=b
20301108	42	RESP=1
20311703	42	STIM=m
20316881	42	RESP=1
20327478	42	STIM=o
20330741	42	RESP=1
20344436	42	STIM=k
20347619	42	RESP=1
20359548	42	STIM=g
20363516	42	RESP=1
20376159	42	STIM=v
20379464	42	RESP=1
20394305	42	STIM=c
20397757	42	RESP=1
20409667	42	STIM=4
20415545	42	RESP=2
20427059	42	STIM=l
20432705	42	RESP=1
20443759	42	STIM=l
20448398	42	RESP=1
20461216	42	STIM=8
20468779	42	RESP=2
20476625	42	STIM=s
20482024	42	RESP=2
20494019	42	STIM=g
20497062	42	RESP=1
20511670	42	STIM=l
20517440	42	RESP=1
20529065	42	STIM=4
20537492	42	RESP=1
20545295	42	STIM=o
20549439	42	RESP=1
20562177	42	STIM=k
20567770	42	RESP=1
20578275	42	STIM=e
20582923	42	RESP=1
20595838	42	STIM=8
20599729	42	RESP=2
20613052	42	STIM=7
20625156	42	RESP=2
20630967	42	STIM=p
20635184	42	RESP=1
20646491	42	STIM=4
20651652	42	RESP=2
20662254	42	STIM=u
20665460	42	RESP=1
20677971	42	STIM=7
20685760	42	RESP=1
20696022	42	STIM=i
20700039	42	RESP=1
20713728	42	STIM=m
20717353	42	RESP=1
20730351	42	STIM=i
20736564	42	RESP=1
20745925	42	STIM=t
20751356	42	RESP=1
20763515	42	STIM=1
20767928	42	RESP=2
20780659	42	STIM=c
20786712	42	RESP=1
20797877	42	STIM=x
20802701	42	RESP=1
20815415	42	STIM=t
20819676	42	RESP=1
20830609	42	STIM=p
20836588	42	RESP=1
20847912	42	STIM=e
20851207	42	RESP=1
20863513	42	STIM=a
20866533	42	RESP=1
20881192	42	STIM=f
20886035	42	RESP=1
20897770	42	STIM=o
20902721	42	RESP=1
20915279	42	STIM=v
20920613	42	RESP=1
20931329	42	STIM=0
20934608	42	RESP=2
20948640	42	STIM=a
20952430	42	RESP=1
20967240	42	STIM=k
20972818	42	RESP=1
20985246	42	STIM=t
20990185	42	RESP=1
21003238	42	STIM=r
21007752	42	RESP=1
21021163	42	STIM=0
21026007	42	RESP=2
21036748	42	STIM=3
21041469	42	RESP=2
21055514	42	STIM=q
21059988	42	RESP=1
21072468	42	STIM=g
21076742	42	RESP=1
21088246	42	STIM=p
21092841	42	RESP=1
21104692	42	STIM=a
21111869	42	RESP=1
21120602	42	STIM=5
21125675	42	RESP=2
21137377	42	STIM=d
21144518	42	RESP=1
21155500	42	STIM=2
21161387	42	RESP=2
21173060	42	STIM=a
21176611	42	RESP=1
21189187	42	STIM=n
21196779	42	RESP=1
21207887	42	STIM=q
21215975	42	RESP=1
21222912	42	STIM=j
21227500	42	RESP=1
21240704	42	STIM=c
21245081	42	RESP=1
21258497	42	STIM=k
21265471	42	RESP=1
21275663	42	STIM=x
21280051	42	RESP=1
21294602	42	STIM=w
21298163	42	RESP=1
21311558	42	STIM=f
21315851	42	RESP=1
21329898	42	STIM=0
21335736	42	RESP=2
21344915	42	STIM=i
21349761	42	RESP=1
21361468	42	STIM=q
21364807	42	RESP=1
21376861	42	STIM=y
21381057	42	RESP=1
21395479	42	STIM=7
21400874	42	RESP=2
21413865	42	STIM=g
21419740	42	RESP=1
21429054	42	STIM=h
21433117	42	RESP=2
21444923	42	STIM=a
21450897	42	RESP=1
21462249	42	STIM=f
21467008	42	RESP=1
21478947	42	STIM=h
21486637	42	RESP=1
21497789	42	STIM=q
21504764	42	RESP=1
21514856	42	STIM=d
21520601	42	RESP=1
21530471	42	STIM=b
21536792	42	RESP=1
21549186	42	STIM=j
21553569	42	RESP=1
21566293	42	STIM=e
21573024	42	RESP=1
21585254	42	STIM=u
21589049	42	RESP=1
21604090	42	STIM=x
21610214	42	RESP=1
21620782	42	STIM=w
21623250	42	RESP=1
21638590	42	STIM=8
21647936	42	RESP=2
21654094	42	STIM=j
21658929	42	RESP=1
21672069	42	STIM=s
21676711	42	RESP=1
21688474	42	STIM=w
21692850	42	RESP=1
21706513	42	STIM=w
21712043	42	RESP=1
21721863	42	STIM=q
21724763	42	RESP=1
21739709	42	STIM=z
21744493	42	RESP=1
21757383	42	STIM=r
21760997	42	RESP=1
21773104	42	STIM=q
21776648	42	RESP=1
21788654	42	STIM=m
21792495	42	RESP=1
21803682	42	STIM=z
21810145	42	RESP=1
21821270	42	STIM=v
21824563	42	RESP=1
21838779	42	STIM=e
21842615	42	RESP=1
21855458	42	STIM=l
21858929	42	RESP=1
21874371	42	STIM=7
21878336	42	RESP=2
21892106	42	STIM=6
21899109	42	RESP=2
