# Original filename: 0023_UZD_2017-02-04.log
# Time unit: 100 us
# RARECAT=digit
#
# Time	HHGG	Event
28558	42	STIM=d
38397	42	RESP=1
46843	42	STIM=q
54687	42	RESP=1
63719	42	STIM=7
69381	42	RESP=2
79130	42	STIM=w
83575	42	RESP=1
95744	42	STIM=4
104422	42	RESP=2
114093	42	STIM=b
117052	42	RESP=1
130499	42	STIM=7
136142	42	RESP=2
146816	42	STIM=u
150448	42	RESP=1
164476	42	STIM=5
169962	42	RESP=2
180850	42	STIM=x
190192	42	RESP=1
199605	42	STIM=t
208099	42	RESP=1
217401	42	STIM=q
223833	42	RESP=1
234146	42	STIM=n
240292	42	RESP=1
250232	42	STIM=l
254656	42	RESP=1
265797	42	STIM=6
270642	42	RESP=2
282465	42	STIM=6
286771	42	RESP=2
299261	42	STIM=3
304363	42	RESP=2
315740	42	STIM=l
325307	42	RESP=1
334676	42	STIM=n
339076	42	RESP=1
350136	42	STIM=x
357485	42	RESP=1
366005	42	STIM=m
372530	42	RESP=1
384668	42	STIM=w
387630	42	RESP=1
403354	42	STIM=k
408991	42	RESP=1
421481	42	STIM=0
428877	42	RESP=2
437704	42	STIM=b
442935	42	RESP=1
454682	42	STIM=2
458663	42	RESP=2
471265	42	STIM=m
479947	42	RESP=1
489449	42	STIM=s
494664	42	RESP=1
505872	42	STIM=2
516034	42	RESP=2
522678	42	STIM=1
531144	42	RESP=2
538796	42	STIM=7
547348	42	RESP=2
557726	42	STIM=l
563044	42	RESP=1
574441	42	STIM=5
583170	42	RESP=2
593421	42	STIM=b
596454	42	RESP=1
608556	42	STIM=z
619684	42	RESP=1
626089	42	STIM=q
629646	42	RESP=1
645021	42	STIM=r
651524	42	RESP=1
661477	42	STIM=s
669963	42	RESP=1
679532	42	STIM=z
685583	42	RESP=1
695654	42	STIM=6
700503	42	RESP=2
713384	42	STIM=4
720677	42	RESP=1
729731	42	STIM=f
737192	42	RESP=1
746951	42	STIM=m
753492	42	RESP=1
763650	42	STIM=p
771124	42	RESP=2
779327	42	STIM=p
783305	42	RESP=1
794480	42	STIM=1
799327	42	RESP=2
812514	42	STIM=g
816845	42	RESP=1
828850	42	STIM=i
836657	42	RESP=1
846766	42	STIM=z
852263	42	RESP=1
862781	42	STIM=3
868548	42	RESP=2
880058	42	STIM=y
884771	42	RESP=1
897828	42	STIM=l
903320	42	RESP=2
915972	42	STIM=g
924841	42	RESP=1
933810	42	STIM=r
939506	42	RESP=1
949349	42	STIM=r
954521	42	RESP=1
965099	42	STIM=n
968777	42	RESP=1
982781	42	STIM=l
987288	42	RESP=1
998898	42	STIM=q
1009766	42	RESP=1
1016225	42	STIM=l
1020726	42	RESP=1
1031934	42	STIM=b
1035107	42	RESP=1
1050130	42	STIM=7
1056057	42	RESP=2
1065545	42	STIM=x
1069179	42	RESP=1
1084480	42	STIM=b
1088471	42	RESP=1
1099724	42	STIM=6
1106635	42	RESP=1
1116484	42	STIM=8
1121623	42	RESP=2
1132891	42	STIM=z
1136490	42	RESP=1
1151423	42	STIM=t
1155747	42	RESP=1
1166481	42	STIM=d
1169943	42	RESP=1
1182054	42	STIM=g
1188991	42	RESP=1
1200583	42	STIM=s
1205135	42	RESP=1
1217491	42	STIM=2
1224457	42	RESP=2
1233095	42	STIM=p
1236681	42	RESP=1
1250271	42	STIM=v
1257064	42	RESP=1
1266054	42	STIM=w
1276830	42	RESP=1
1283427	42	STIM=u
1290104	42	RESP=1
1302369	42	STIM=h
1312518	42	RESP=1
1317644	42	STIM=s
1322495	42	RESP=1
1335321	42	STIM=1
1340519	42	RESP=2
1351897	42	STIM=6
1360797	42	RESP=2
1369232	42	STIM=k
1376064	42	RESP=1
1386151	42	STIM=r
1397319	42	RESP=1
1404892	42	STIM=u
1409820	42	RESP=1
1422236	42	STIM=y
1429617	42	RESP=1
1438749	42	STIM=s
1444002	42	RESP=1
1456101	42	STIM=7
1464826	42	RESP=2
1471436	42	STIM=s
1478917	42	RESP=1
1487008	42	STIM=o
1495052	42	RESP=1
1505637	42	STIM=y
1513503	42	RESP=1
1523364	42	STIM=p
1528386	42	RESP=1
1540936	42	STIM=x
1545316	42	RESP=1
1558719	42	STIM=v
1563969	42	RESP=1
1573904	42	STIM=y
1579935	42	RESP=1
1590796	42	STIM=x
1593931	42	RESP=1
1607030	42	STIM=e
1615023	42	RESP=1
1623917	42	STIM=g
1631001	42	RESP=1
1639289	42	STIM=o
1646441	42	RESP=1
1657330	42	STIM=e
1661268	42	RESP=1
1675653	42	STIM=o
1679798	42	RESP=1
1694529	42	STIM=c
1698537	42	RESP=1
1711552	42	STIM=n
1717844	42	RESP=1
1727641	42	STIM=y
1732545	42	RESP=1
1745416	42	STIM=7
1755753	42	RESP=2
1761718	42	STIM=0
1769661	42	RESP=2
1777826	42	STIM=k
1784069	42	RESP=1
1793761	42	STIM=o
1801020	42	RESP=1
1810908	42	STIM=d
1816752	42	RESP=2
1826074	42	STIM=9
1830148	42	RESP=2
1842061	42	STIM=o
1846266	42	RESP=1
1860618	42	STIM=b
1868862	42	RESP=1
1878755	42	STIM=x
1883264	42	RESP=1
1894598	42	STIM=n
1898534	42	RESP=1
1912391	42	STIM=e
1918370	42	RESP=1
1929962	42	STIM=d
1933357	42	RESP=1
1945484	42	STIM=r
1952552	42	RESP=1
1961014	42	STIM=x
1971992	42	RESP=1
1977347	42	STIM=t
1983613	42	RESP=1
1994319	42	STIM=q
1999549	42	RESP=1
2011145	42	STIM=w
2015673	42	RESP=1
2026809	42	STIM=n
2032670	42	RESP=1
2045610	42	STIM=k
2054505	42	RESP=1
2063198	42	STIM=d
2069092	42	RESP=1
2079025	42	STIM=6
2087471	42	RESP=2
2095750	42	STIM=p
2103707	42	RESP=1
2113203	42	STIM=n
2119098	42	RESP=1
2132131	42	STIM=f
2139617	42	RESP=1
2150421	42	STIM=e
2158427	42	RESP=1
2166696	42	STIM=p
2173654	42	RESP=1
2185267	42	STIM=x
2188427	42	RESP=1
2203858	42	STIM=h
2209882	42	RESP=1
2221645	42	STIM=b
2226305	42	RESP=1
2239551	42	STIM=a
2245263	42	RESP=1
2256553	42	STIM=h
2264350	42	RESP=1
2274774	42	STIM=t
2285175	42	RESP=1
2289871	42	STIM=0
2295129	42	RESP=2
2304887	42	STIM=x
2308834	42	RESP=2
2323294	42	STIM=y
2328381	42	RESP=1
2340347	42	STIM=a
2346769	42	RESP=2
2357369	42	STIM=a
2361514	42	RESP=1
2373658	42	STIM=k
2380524	42	RESP=1
2391936	42	STIM=o
2395644	42	RESP=1
2410046	42	STIM=o
2415366	42	RESP=1
2426377	42	STIM=d
2431146	42	RESP=1
2442346	42	STIM=n
2446645	42	RESP=1
2459020	42	STIM=2
2463577	42	RESP=2
2474742	42	STIM=q
2478287	42	RESP=1
2490924	42	STIM=n
2496552	42	RESP=1
2506662	42	STIM=k
2511189	42	RESP=1
2524602	42	STIM=w
2529841	42	RESP=1
2539608	42	STIM=u
2544389	42	RESP=1
2554903	42	STIM=h
2561739	42	RESP=1
2572165	42	STIM=m
2574707	42	RESP=1
2587308	42	STIM=x
2592549	42	RESP=1
2606195	42	STIM=6
2610710	42	RESP=2
2621359	42	STIM=g
2624960	42	RESP=1
2638546	42	STIM=x
2642545	42	RESP=1
2654710	42	STIM=c
2662259	42	RESP=1
2673648	42	STIM=r
2680345	42	RESP=1
2690467	42	STIM=z
2697326	42	RESP=1
2706142	42	STIM=i
2709933	42	RESP=1
2721773	42	STIM=q
2727758	42	RESP=1
2740486	42	STIM=a
2746003	42	RESP=1
2758035	42	STIM=c
2762182	42	RESP=1
2775524	42	STIM=e
2779912	42	RESP=1
2793104	42	STIM=g
2796606	42	RESP=2
2811143	42	STIM=g
2819251	42	RESP=1
2827685	42	STIM=c
2833721	42	RESP=2
2846569	42	STIM=4
2853381	42	RESP=2
2865042	42	STIM=6
2870533	42	RESP=2
2883682	42	STIM=u
2891582	42	RESP=1
2899837	42	STIM=a
2903558	42	RESP=1
2917153	42	STIM=h
2926572	42	RESP=1
2934739	42	STIM=t
2941381	42	RESP=1
2951025	42	STIM=x
2957199	42	RESP=1
2967574	42	STIM=t
2973039	42	RESP=1
2984834	42	STIM=y
2992924	42	RESP=1
3001429	42	STIM=x
3008526	42	RESP=2
3017531	42	STIM=h
3028802	42	RESP=1
3035874	42	STIM=b
3038807	42	RESP=1
3053536	42	STIM=p
3058897	42	RESP=1
3070227	42	STIM=c
3076716	42	RESP=1
3088897	42	STIM=6
3098301	42	RESP=2
3103952	42	STIM=h
3112335	42	RESP=1
3121978	42	STIM=a
3132073	42	RESP=1
3139075	42	STIM=z
3145908	42	RESP=1
3155247	42	STIM=p
3159037	42	RESP=1
3172932	42	STIM=a
3180198	42	RESP=1
3191305	42	STIM=o
3196601	42	RESP=2
3208638	42	STIM=0
3217532	42	RESP=2
3225236	42	STIM=1
3232001	42	RESP=1
3241843	42	STIM=k
3244568	42	RESP=2
3257362	42	STIM=6
3263489	42	RESP=2
3272910	42	STIM=0
3281213	42	RESP=2
3290715	42	STIM=l
3294429	42	RESP=1
3307043	42	STIM=2
3314083	42	RESP=2
3325029	42	STIM=w
3333105	42	RESP=1
3343267	42	STIM=5
3353368	42	RESP=2
3359591	42	STIM=9
3364296	42	RESP=2
3378582	42	STIM=v
3381434	42	RESP=1
3396222	42	STIM=4
3401416	42	RESP=2
3412543	42	STIM=o
3415648	42	RESP=2
3431125	42	STIM=d
3434506	42	RESP=1
3448010	42	STIM=c
3455744	42	RESP=1
3463570	42	STIM=j
3468565	42	RESP=1
3481167	42	STIM=x
3486869	42	RESP=1
3498155	42	STIM=m
3502235	42	RESP=1
3516037	42	STIM=2
3527627	42	RESP=2
3532048	42	STIM=y
3535283	42	RESP=1
3549358	42	STIM=9
3555543	42	RESP=1
3568045	42	STIM=r
3574745	42	RESP=1
3584460	42	STIM=z
3590023	42	RESP=1
3600022	42	STIM=k
3603481	42	RESP=1
3618764	42	STIM=s
3622716	42	RESP=1
3636334	42	STIM=l
3641015	42	RESP=1
3653900	42	STIM=w
3658884	42	RESP=1
3668980	42	STIM=t
3675577	42	RESP=1
3684534	42	STIM=k
3687297	42	RESP=1
3699922	42	STIM=r
3704970	42	RESP=1
3718460	42	STIM=i
3723151	42	RESP=1
3735812	42	STIM=c
3739413	42	RESP=1
3752262	42	STIM=v
3758398	42	RESP=1
3770075	42	STIM=k
3777340	42	RESP=1
3786970	42	STIM=r
3792724	42	RESP=1
3802823	42	STIM=d
3808641	42	RESP=1
3819359	42	STIM=j
3824752	42	RESP=1
3835966	42	STIM=t
3840931	42	RESP=1
3852417	42	STIM=a
3859800	42	RESP=1
3868542	42	STIM=r
3876433	42	RESP=1
3883821	42	STIM=9
3889875	42	RESP=2
3899571	42	STIM=w
3906056	42	RESP=1
3918029	42	STIM=e
3929751	42	RESP=1
3933975	42	STIM=z
3938532	42	RESP=1
3950070	42	STIM=v
3955616	42	RESP=1
3965471	42	STIM=8
3976608	42	RESP=2
3983424	42	STIM=y
3988252	42	RESP=1
3999257	42	STIM=c
4006513	42	RESP=1
4015147	42	STIM=h
4019773	42	RESP=1
4033607	42	STIM=g
4044793	42	RESP=1
4050052	42	STIM=2
4056372	42	RESP=2
4067333	42	STIM=3
4076451	42	RESP=2
4082645	42	STIM=y
4086101	42	RESP=2
4098383	42	STIM=b
4106214	42	RESP=1
4117309	42	STIM=n
4123793	42	RESP=1
4132732	42	STIM=u
4138048	42	RESP=1
4148507	42	STIM=s
4154303	42	RESP=1
4166085	42	STIM=a
4168969	42	RESP=1
4184446	42	STIM=0
4189903	42	RESP=2
4200974	42	STIM=d
4210347	42	RESP=1
4217415	42	STIM=a
4224561	42	RESP=1
4236338	42	STIM=5
4245665	42	RESP=2
4254239	42	STIM=f
4258189	42	RESP=1
4269251	42	STIM=d
4273357	42	RESP=1
4288132	42	STIM=y
4300178	42	RESP=1
4304418	42	STIM=q
4310399	42	RESP=1
4321679	42	STIM=z
4325890	42	RESP=1
4340595	42	STIM=w
4344502	42	RESP=2
4357357	42	STIM=v
4361627	42	RESP=1
4372788	42	STIM=j
4379211	42	RESP=1
4391122	42	STIM=1
4397681	42	RESP=2
4409191	42	STIM=f
4413319	42	RESP=1
4426278	42	STIM=d
4431723	42	RESP=1
4444988	42	STIM=4
4451048	42	RESP=2
4460982	42	STIM=0
4465968	42	RESP=2
4477114	42	STIM=n
4481837	42	RESP=1
4495851	42	STIM=v
4500702	42	RESP=1
4511853	42	STIM=p
4520650	42	RESP=1
4529462	42	STIM=g
4533955	42	RESP=1
4545220	42	STIM=r
4550944	42	RESP=1
4564127	42	STIM=n
4569234	42	RESP=1
4581440	42	STIM=z
4588435	42	RESP=1
4599026	42	STIM=z
4604109	42	RESP=1
4616355	42	STIM=c
4627000	42	RESP=1
4634966	42	STIM=q
4640391	42	RESP=1
4651957	42	STIM=f
4657295	42	RESP=1
4670563	42	STIM=a
4675912	42	RESP=1
4686896	42	STIM=n
4690468	42	RESP=1
4702954	42	STIM=7
4708952	42	RESP=2
4718006	42	STIM=p
4722864	42	RESP=1
4736694	42	STIM=e
4744556	42	RESP=1
4754884	42	STIM=e
4760978	42	RESP=2
4772620	42	STIM=o
4777310	42	RESP=1
4788234	42	STIM=0
4792708	42	RESP=2
4804530	42	STIM=e
4810947	42	RESP=1
4819673	42	STIM=5
4826275	42	RESP=2
4834997	42	STIM=j
4840858	42	RESP=1
4852286	42	STIM=e
4857295	42	RESP=1
4870512	42	STIM=d
4876486	42	RESP=1
4887734	42	STIM=f
4902068	42	RESP=1
4905591	42	STIM=w
4909233	42	RESP=1
4923472	42	STIM=e
4931510	42	RESP=1
4942356	42	STIM=z
4948925	42	RESP=1
4958012	42	STIM=i
4961549	42	RESP=1
4973164	42	STIM=j
4980106	42	RESP=1
4988379	42	STIM=s
4992230	42	RESP=1
5005876	42	STIM=y
5009765	42	RESP=1
5022206	42	STIM=o
5027588	42	RESP=1
5040765	42	STIM=6
5045901	42	RESP=2
5057429	42	STIM=y
5064328	42	RESP=1
5072552	42	STIM=k
5084058	42	RESP=1
5091181	42	STIM=l
5094644	42	RESP=1
5107067	42	STIM=l
5114373	42	RESP=1
5125157	42	STIM=v
5129906	42	RESP=1
5142414	42	STIM=4
5148007	42	RESP=2
5160784	42	STIM=h
5163778	42	RESP=1
5176598	42	STIM=h
5182092	42	RESP=2
5192668	42	STIM=x
5197590	42	RESP=1
5211270	42	STIM=6
5219260	42	RESP=1
5230117	42	STIM=o
5234603	42	RESP=1
5245620	42	STIM=6
5251421	42	RESP=2
5262145	42	STIM=9
5267795	42	RESP=2
5277925	42	STIM=j
5286488	42	RESP=1
5296548	42	STIM=o
5304233	42	RESP=1
5311586	42	STIM=4
5321044	42	RESP=2
5330440	42	STIM=n
5334379	42	RESP=1
5346499	42	STIM=w
5352862	42	RESP=1
5364960	42	STIM=f
5370286	42	RESP=2
5380052	42	STIM=a
5389680	42	RESP=1
5398443	42	STIM=w
5407998	42	RESP=1
5415191	42	STIM=e
5421081	42	RESP=1
5432381	42	STIM=0
5437050	42	RESP=1
5447802	42	STIM=k
5456892	42	RESP=1
5465486	42	STIM=f
5473018	42	RESP=1
5483949	42	STIM=u
5489556	42	RESP=1
5500421	42	STIM=m
5507485	42	RESP=1
5518714	42	STIM=l
5522901	42	RESP=1
5535465	42	STIM=p
5541668	42	RESP=1
5553783	42	STIM=h
5559963	42	RESP=1
5569844	42	STIM=g
5574574	42	RESP=1
5586569	42	STIM=t
5590455	42	RESP=1
5602976	42	STIM=i
5608615	42	RESP=1
5621165	42	STIM=r
5628971	42	RESP=1
5638512	42	STIM=n
5641968	42	RESP=1
5655058	42	STIM=a
5657894	42	RESP=1
5670388	42	STIM=x
5677197	42	RESP=1
5686115	42	STIM=8
5690962	42	RESP=2
5704169	42	STIM=s
5707561	42	RESP=1
5719776	42	STIM=c
5725225	42	RESP=1
5738579	42	STIM=1
5744272	42	RESP=2
5755943	42	STIM=f
5762049	42	RESP=1
5773495	42	STIM=l
5777868	42	RESP=1
5789371	42	STIM=h
5796199	42	RESP=1
5807655	42	STIM=w
5811965	42	RESP=1
5825969	42	STIM=n
5836212	42	RESP=1
5842757	42	STIM=i
5848817	42	RESP=1
5857900	42	STIM=6
5865146	42	RESP=2
5874915	42	STIM=9
5879415	42	RESP=2
5891406	42	STIM=f
5895965	42	RESP=1
5909642	42	STIM=q
5916641	42	RESP=1
5925455	42	STIM=j
5928524	42	RESP=1
5942120	42	STIM=n
5949194	42	RESP=1
5957273	42	STIM=o
5963497	42	RESP=1
5974219	42	STIM=6
5986743	42	RESP=2
5991032	42	STIM=o
5995671	42	RESP=1
6009679	42	STIM=1
6014187	42	RESP=2
6026954	42	STIM=a
6033435	42	RESP=1
6043460	42	STIM=w
6048669	42	RESP=1
6059964	42	STIM=s
6065270	42	RESP=1
6077990	42	STIM=k
6084500	42	RESP=1
6096868	42	STIM=7
6101130	42	RESP=2
6113996	42	STIM=3
6118322	42	RESP=2
6130559	42	STIM=s
6137147	42	RESP=1
6147311	42	STIM=b
6153125	42	RESP=1
6165747	42	STIM=8
6176296	42	RESP=2
6183374	42	STIM=u
6188676	42	RESP=1
6199219	42	STIM=e
6204733	42	RESP=2
6216272	42	STIM=p
6221901	42	RESP=1
6231799	42	STIM=p
6235220	42	RESP=1
6250479	42	STIM=x
6259524	42	RESP=1
6267869	42	STIM=i
6274203	42	RESP=1
6283664	42	STIM=v
6287872	42	RESP=1
6301150	42	STIM=k
6305740	42	RESP=1
6318570	42	STIM=z
6325087	42	RESP=1
6334645	42	STIM=u
6338517	42	RESP=1
6351322	42	STIM=e
6357870	42	RESP=1
6369938	42	STIM=g
6374445	42	RESP=1
6387900	42	STIM=g
6393812	42	RESP=1
6404031	42	STIM=e
6408927	42	RESP=1
6419356	42	STIM=q
6427239	42	RESP=1
6436077	42	STIM=q
6441672	42	RESP=1
6451330	42	STIM=s
6458346	42	RESP=1
6469754	42	STIM=q
6475078	42	RESP=1
6487473	42	STIM=o
6493166	42	RESP=1
6505854	42	STIM=o
6511145	42	RESP=1
6523671	42	STIM=7
6530630	42	RESP=2
6540135	42	STIM=x
6546103	42	RESP=1
6555337	42	STIM=a
6565315	42	RESP=1
6573741	42	STIM=l
6579061	42	RESP=1
6589565	42	STIM=8
6600105	42	RESP=2
6607799	42	STIM=o
6611170	42	RESP=1
6626561	42	STIM=2
6632692	42	RESP=2
6642744	42	STIM=r
6648809	42	RESP=1
6659473	42	STIM=z
6668946	42	RESP=1
6675150	42	STIM=a
6680181	42	RESP=1
6690829	42	STIM=x
6693876	42	RESP=1
6706259	42	STIM=r
6710893	42	RESP=1
6724920	42	STIM=w
6734472	42	RESP=1
6742611	42	STIM=2
6749594	42	RESP=2
6760380	42	STIM=c
6766889	42	RESP=1
6775401	42	STIM=c
6784544	42	RESP=2
6792499	42	STIM=m
6798671	42	RESP=1
6810147	42	STIM=l
6814433	42	RESP=1
6828025	42	STIM=h
6833564	42	RESP=1
6844877	42	STIM=h
6850674	42	RESP=1
6863460	42	STIM=y
6867279	42	RESP=1
6879664	42	STIM=v
6884557	42	RESP=1
6897341	42	STIM=7
6906696	42	RESP=2
6914323	42	STIM=r
6917752	42	RESP=1
6930564	42	STIM=v
6936258	42	RESP=1
6947057	42	STIM=g
6950359	42	RESP=1
6964120	42	STIM=e
6972539	42	RESP=2
6980192	42	STIM=j
6983804	42	RESP=1
6998729	42	STIM=6
7004915	42	RESP=2
7016566	42	STIM=r
7024347	42	RESP=1
7033952	42	STIM=v
7037450	42	RESP=1
7051416	42	STIM=6
7059519	42	RESP=2
7069525	42	STIM=3
7076659	42	RESP=1
7086842	42	STIM=h
7092246	42	RESP=1
7105803	42	STIM=8
7113951	42	RESP=2
7120832	42	STIM=s
7123715	42	RESP=1
7139274	42	STIM=s
7143294	42	RESP=1
7157561	42	STIM=n
7161138	42	RESP=1
7174915	42	STIM=o
7180258	42	RESP=1
7190248	42	STIM=a
7203846	42	RESP=1
7209198	42	STIM=q
7214345	42	RESP=1
7227052	42	STIM=7
7232348	42	RESP=2
7242849	42	STIM=q
7249897	42	RESP=1
7261800	42	STIM=r
7269424	42	RESP=1
7278209	42	STIM=3
7287368	42	RESP=2
7295633	42	STIM=m
7301982	42	RESP=1
7312221	42	STIM=3
7319074	42	RESP=2
7327580	42	STIM=g
7330601	42	RESP=1
7344902	42	STIM=y
7355236	42	RESP=1
7362343	42	STIM=w
7366743	42	RESP=1
7377712	42	STIM=b
7386023	42	RESP=1
7394251	42	STIM=c
7399300	42	RESP=1
7412499	42	STIM=0
7418556	42	RESP=2
7428317	42	STIM=u
7437603	42	RESP=2
7446069	42	STIM=1
7451631	42	RESP=2
7464200	42	STIM=w
7467623	42	RESP=1
7482071	42	STIM=6
7487882	42	RESP=2
7500323	42	STIM=x
7504143	42	RESP=1
7517773	42	STIM=o
7522833	42	RESP=1
7535470	42	STIM=g
7543807	42	RESP=1
7551940	42	STIM=b
7554850	42	RESP=1
7570375	42	STIM=l
7575972	42	RESP=1
7589058	42	STIM=m
7592961	42	RESP=2
7606515	42	STIM=0
7613679	42	RESP=2
7622940	42	STIM=3
7633004	42	RESP=1
7640320	42	STIM=d
7653870	42	RESP=1
7659222	42	STIM=0
7666418	42	RESP=2
7674562	42	STIM=w
7683456	42	RESP=1
7693316	42	STIM=q
7700728	42	RESP=1
7708346	42	STIM=j
7720426	42	RESP=1
7725170	42	STIM=o
7731133	42	RESP=1
7740733	42	STIM=7
7746393	42	RESP=2
7758962	42	STIM=l
7764804	42	RESP=1
7775919	42	STIM=5
7781677	42	RESP=2
7791512	42	STIM=t
7798556	42	RESP=1
7808162	42	STIM=s
7816796	42	RESP=1
7823555	42	STIM=y
7826842	42	RESP=1
7838872	42	STIM=v
7845923	42	RESP=2
7856766	42	STIM=u
7862188	42	RESP=1
7874605	42	STIM=1
7881489	42	RESP=2
7889959	42	STIM=e
7894661	42	RESP=1
7907376	42	STIM=j
7911952	42	RESP=1
7925266	42	STIM=d
7930723	42	RESP=1
7942310	42	STIM=n
7950903	42	RESP=1
7959569	42	STIM=a
7964505	42	RESP=1
7977191	42	STIM=n
7982746	42	RESP=1
7994854	42	STIM=d
8000636	42	RESP=1
8013418	42	STIM=p
8024353	42	RESP=1
8028445	42	STIM=n
8031368	42	RESP=1
8044535	42	STIM=s
8047612	42	RESP=1
8060929	42	STIM=n
8066579	42	RESP=1
8078462	42	STIM=d
8085364	42	RESP=1
8096697	42	STIM=4
8104890	42	RESP=2
8114764	42	STIM=c
8122179	42	RESP=1
8130507	42	STIM=t
8139100	42	RESP=1
8145608	42	STIM=c
8154471	42	RESP=1
8162722	42	STIM=o
8167594	42	RESP=1
8180476	42	STIM=p
8183431	42	RESP=1
8198547	42	STIM=0
8203709	42	RESP=2
8214164	42	STIM=2
8228382	42	RESP=2
8229676	42	STIM=j
8234089	42	RESP=1
8246488	42	STIM=n
8255396	42	RESP=1
8262463	42	STIM=j
8266127	42	RESP=1
8280054	42	STIM=b
8283435	42	RESP=1
8297136	42	STIM=d
8303102	42	RESP=1
8313351	42	STIM=r
8324082	42	RESP=1
8328753	42	STIM=k
8337293	42	RESP=1
8345695	42	STIM=x
8350206	42	RESP=1
8361858	42	STIM=c
8366988	42	RESP=1
8378583	42	STIM=m
8383486	42	RESP=1
8394979	42	STIM=j
8407226	42	RESP=1
8410751	42	STIM=j
8417270	42	RESP=1
8426906	42	STIM=j
8432065	42	RESP=1
8443557	42	STIM=0
8449672	42	RESP=2
8459285	42	STIM=4
8465584	42	RESP=2
8474653	42	STIM=n
8482657	42	RESP=1
8492368	42	STIM=t
8494955	42	RESP=1
8508641	42	STIM=6
8517877	42	RESP=2
8525187	42	STIM=y
8529969	42	RESP=1
8541381	42	STIM=q
8550651	42	RESP=1
8556763	42	STIM=g
8565232	42	RESP=1
8574939	42	STIM=s
8579514	42	RESP=1
8593188	42	STIM=g
8600195	42	RESP=1
8609599	42	STIM=u
8613902	42	RESP=1
8628009	42	STIM=g
8631111	42	RESP=1
8646521	42	STIM=6
8653265	42	RESP=2
8661827	42	STIM=x
8665886	42	RESP=1
8678704	42	STIM=4
8685189	42	RESP=2
8694744	42	STIM=h
8698435	42	RESP=1
8710274	42	STIM=h
8713772	42	RESP=1
8726327	42	STIM=z
8730059	42	RESP=2
8741934	42	STIM=j
8749580	42	RESP=2
8757969	42	STIM=9
8767015	42	RESP=2
8773119	42	STIM=b
8778788	42	RESP=1
8788580	42	STIM=0
8794913	42	RESP=2
8805469	42	STIM=j
8810346	42	RESP=1
8822264	42	STIM=y
8827714	42	RESP=1
8838222	42	STIM=i
8846521	42	RESP=1
8856517	42	STIM=p
8862981	42	RESP=1
8871824	42	STIM=p
8876815	42	RESP=1
8889022	42	STIM=l
8894994	42	RESP=1
8907309	42	STIM=2
8914189	42	RESP=2
8924731	42	STIM=e
8928530	42	RESP=1
8940766	42	STIM=q
8945847	42	RESP=1
8956011	42	STIM=4
8968763	42	RESP=2
8974974	42	STIM=k
8978262	42	RESP=1
8990841	42	STIM=c
8996758	42	RESP=2
9009457	42	STIM=h
9017107	42	RESP=1
9028078	42	STIM=u
9031928	42	RESP=1
9044365	42	STIM=s
9050562	42	RESP=1
9061879	42	STIM=t
9066263	42	RESP=1
9079605	42	STIM=h
9085385	42	RESP=1
9095967	42	STIM=v
9101061	42	RESP=1
9111112	42	STIM=j
9114317	42	RESP=1
9126124	42	STIM=3
9131606	42	RESP=1
9143433	42	STIM=y
9153414	42	RESP=1
9158804	42	STIM=r
9161883	42	RESP=1
9175355	42	STIM=0
9179976	42	RESP=2
9191809	42	STIM=b
9197467	42	RESP=1
9208366	42	STIM=r
9213884	42	RESP=1
9225605	42	STIM=a
9229900	42	RESP=1
9241681	42	STIM=q
9245776	42	RESP=1
9257291	42	STIM=p
9269324	42	RESP=1
9273896	42	STIM=7
9282828	42	RESP=2
9291786	42	STIM=u
9297218	42	RESP=1
9307894	42	STIM=i
9312330	42	RESP=1
9325619	42	STIM=x
9329964	42	RESP=1
9343797	42	STIM=n
9354136	42	RESP=2
9360836	42	STIM=h
9365923	42	RESP=1
9376995	42	STIM=5
9382590	42	RESP=1
9393901	42	STIM=l
9401167	42	RESP=1
9410289	42	STIM=q
9416750	42	RESP=1
9428832	42	STIM=m
9433081	42	RESP=1
9445017	42	STIM=c
9448778	42	RESP=1
9460221	42	STIM=j
9467090	42	RESP=1
9478266	42	STIM=h
9481847	42	RESP=1
9494470	42	STIM=u
9501569	42	RESP=1
9510838	42	STIM=w
9517263	42	RESP=1
9527611	42	STIM=x
9530565	42	RESP=1
9544740	42	STIM=2
9553508	42	RESP=2
9562951	42	STIM=c
9566802	42	RESP=1
9580766	42	STIM=j
9587447	42	RESP=1
9595807	42	STIM=f
9601481	42	RESP=1
9614363	42	STIM=t
9618697	42	RESP=1
9633262	42	STIM=b
9645114	42	RESP=1
9650113	42	STIM=i
9666445	42	RESP=1
9667026	42	STIM=5
9673030	42	RESP=2
9683318	42	STIM=2
9689039	42	RESP=2
9701046	42	STIM=v
9705048	42	RESP=1
9716637	42	STIM=x
9719876	42	RESP=1
9734924	42	STIM=c
9740999	42	RESP=1
9749947	42	STIM=2
9757627	42	RESP=1
9767686	42	STIM=s
9774124	42	RESP=1
9784303	42	STIM=q
9796558	42	RESP=1
9799456	42	STIM=d
9805500	42	RESP=1
9815020	42	STIM=b
9824851	42	RESP=1
9832063	42	STIM=a
9835285	42	RESP=1
9847371	42	STIM=z
9851133	42	RESP=1
9862950	42	STIM=g
9871524	42	RESP=1
9879327	42	STIM=8
9890613	42	RESP=2
9897705	42	STIM=w
9902416	42	RESP=1
9915410	42	STIM=x
9923177	42	RESP=1
9931974	42	STIM=f
9937661	42	RESP=1
9948464	42	STIM=b
9956421	42	RESP=2
9963672	42	STIM=c
9968074	42	RESP=1
9978883	42	STIM=s
9984359	42	RESP=1
9994573	42	STIM=a
10001193	42	RESP=1
10012912	42	STIM=a
10019950	42	RESP=1
10028528	42	STIM=f
10032180	42	RESP=1
10045799	42	STIM=f
10055695	42	RESP=1
10064363	42	STIM=p
10070587	42	RESP=1
10081111	42	STIM=b
10085734	42	RESP=1
10099001	42	STIM=5
10107327	42	RESP=2
10117403	42	STIM=e
10123763	42	RESP=2
10134562	42	STIM=b
10140254	42	RESP=1
10151187	42	STIM=m
10156196	42	RESP=1
10167419	42	STIM=9
10175111	42	RESP=2
10184961	42	STIM=x
10189904	42	RESP=1
10201981	42	STIM=8
10208645	42	RESP=2
10220034	42	STIM=o
10225592	42	RESP=1
10237965	42	STIM=x
10243557	42	RESP=1
10253656	42	STIM=v
10257740	42	RESP=1
10272349	42	STIM=x
10276514	42	RESP=1
10288606	42	STIM=s
10292810	42	RESP=1
10306049	42	STIM=6
10312513	42	RESP=2
10324564	42	STIM=c
10333926	42	RESP=1
10341553	42	STIM=o
10346502	42	RESP=1
10357778	42	STIM=u
10360760	42	RESP=1
10373443	42	STIM=r
10381836	42	RESP=1
10391421	42	STIM=b
10397717	42	RESP=1
10408311	42	STIM=v
10413688	42	RESP=1
10426918	42	STIM=d
10432966	42	RESP=2
10442924	42	STIM=9
10446977	42	RESP=2
10460659	42	STIM=r
10464778	42	RESP=1
10477443	42	STIM=i
10482737	42	RESP=1
10495933	42	STIM=t
10501244	42	RESP=1
10511757	42	STIM=g
10517507	42	RESP=1
10529360	42	STIM=j
10535377	42	RESP=1
10546166	42	STIM=g
10549604	42	RESP=1
10561886	42	STIM=0
10569103	42	RESP=2
10579487	42	STIM=7
10584868	42	RESP=2
10595938	42	STIM=e
10600999	42	RESP=1
10612770	42	STIM=v
10615765	42	RESP=1
10631332	42	STIM=u
10636979	42	RESP=1
10649235	42	STIM=f
10655729	42	RESP=1
10665546	42	STIM=5
10672387	42	RESP=2
10682199	42	STIM=a
10689745	42	RESP=1
10698433	42	STIM=9
10704445	42	RESP=1
10716165	42	STIM=c
10726188	42	RESP=1
10734133	42	STIM=o
10737715	42	RESP=1
10751197	42	STIM=d
10759052	42	RESP=1
10769073	42	STIM=2
10773217	42	RESP=2
10787188	42	STIM=g
10791623	42	RESP=1
10805104	42	STIM=x
10810940	42	RESP=1
10821820	42	STIM=x
10829036	42	RESP=1
10837415	42	STIM=a
10843130	42	RESP=1
10854910	42	STIM=f
10860481	42	RESP=2
10872499	42	STIM=y
10878652	42	RESP=1
10889259	42	STIM=i
10893378	42	RESP=1
10904632	42	STIM=h
10910338	42	RESP=1
10922922	42	STIM=9
10929411	42	RESP=2
10939717	42	STIM=r
10943736	42	RESP=1
10957686	42	STIM=d
10962131	42	RESP=1
10974501	42	STIM=c
10980782	42	RESP=2
10990209	42	STIM=k
10996649	42	RESP=1
11005749	42	STIM=m
11012340	42	RESP=1
11021925	42	STIM=6
11028437	42	RESP=2
11037942	42	STIM=o
11041358	42	RESP=1
11055764	42	STIM=5
11061499	42	RESP=2
11073130	42	STIM=g
11077212	42	RESP=1
11089896	42	STIM=f
11100699	42	RESP=1
11108200	42	STIM=p
11115807	42	RESP=1
11124636	42	STIM=f
11132599	42	RESP=2
11143351	42	STIM=s
11149962	42	RESP=1
11158991	42	STIM=7
11165842	42	RESP=2
11174779	42	STIM=w
11183310	42	RESP=1
11190180	42	STIM=b
11196455	42	RESP=1
11209137	42	STIM=g
11217106	42	RESP=2
11228113	42	STIM=9
11232121	42	RESP=2
11246125	42	STIM=z
11250899	42	RESP=1
11264748	42	STIM=h
11271390	42	RESP=2
11283608	42	STIM=s
11288806	42	RESP=1
11301135	42	STIM=d
11306445	42	RESP=1
11320109	42	STIM=1
11329407	42	RESP=2
11337751	42	STIM=7
11347116	42	RESP=2
11355344	42	STIM=w
11359602	42	RESP=1
11372845	42	STIM=v
11375921	42	RESP=1
11391259	42	STIM=t
11395170	42	RESP=1
11407793	42	STIM=u
11415710	42	RESP=1
11424850	42	STIM=3
11434318	42	RESP=2
11443191	42	STIM=l
11446550	42	RESP=1
11461426	42	STIM=z
11468982	42	RESP=1
11479491	42	STIM=s
11486880	42	RESP=1
11494568	42	STIM=u
11499588	42	RESP=1
11512973	42	STIM=v
11518130	42	RESP=1
11530411	42	STIM=m
11535326	42	RESP=1
11547097	42	STIM=0
11557266	42	RESP=1
11563723	42	STIM=s
11569630	42	RESP=1
11579964	42	STIM=d
11584069	42	RESP=1
11596674	42	STIM=m
11603602	42	RESP=1
11615632	42	STIM=l
11625526	42	RESP=1
11630698	42	STIM=v
11640397	42	RESP=1
11646837	42	STIM=8
11652365	42	RESP=2
11665423	42	STIM=y
11670895	42	RESP=1
11682557	42	STIM=z
11686651	42	RESP=1
11700192	42	STIM=x
11706281	42	RESP=1
11716609	42	STIM=d
11721365	42	RESP=1
11735441	42	STIM=p
11739151	42	RESP=1
11753461	42	STIM=4
11758117	42	RESP=1
11769043	42	STIM=9
11773010	42	RESP=2
11784144	42	STIM=f
11786940	42	RESP=1
11802900	42	STIM=k
11808520	42	RESP=1
11818190	42	STIM=q
11823372	42	RESP=2
11836951	42	STIM=u
11843427	42	RESP=1
11852951	42	STIM=g
11856723	42	RESP=1
11870782	42	STIM=n
11876875	42	RESP=1
11887763	42	STIM=9
11896062	42	RESP=2
11903615	42	STIM=b
11907558	42	RESP=1
11922523	42	STIM=e
11929338	42	RESP=1
11941387	42	STIM=o
11945803	42	RESP=1
11957597	42	STIM=u
11964359	42	RESP=1
11975366	42	STIM=j
11980514	42	RESP=1
11990772	42	STIM=6
11999070	42	RESP=2
12009558	42	STIM=y
12014873	42	RESP=1
12025966	42	STIM=l
12029292	42	RESP=1
12042179	42	STIM=o
12047251	42	RESP=1
12058801	42	STIM=3
12064775	42	RESP=2
12077713	42	STIM=w
12082675	42	RESP=1
12096560	42	STIM=r
12101196	42	RESP=1
12114491	42	STIM=l
12118643	42	RESP=1
12131239	42	STIM=h
12136589	42	RESP=1
12148464	42	STIM=x
12155034	42	RESP=1
12164575	42	STIM=s
12173114	42	RESP=1
12180377	42	STIM=j
12189614	42	RESP=1
12198680	42	STIM=e
12203350	42	RESP=1
12215288	42	STIM=1
12223512	42	RESP=2
12232798	42	STIM=o
12236684	42	RESP=1
12248392	42	STIM=5
12253294	42	RESP=2
12266733	42	STIM=1
12274916	42	RESP=1
12283542	42	STIM=l
12288560	42	RESP=1
12302514	42	STIM=q
12305689	42	RESP=1
12318935	42	STIM=b
12323351	42	RESP=1
12334949	42	STIM=f
12349526	42	RESP=2
12352615	42	STIM=o
12359417	42	RESP=1
12370292	42	STIM=x
12377214	42	RESP=1
12389281	42	STIM=t
12394099	42	RESP=1
12404930	42	STIM=7
12410841	42	RESP=2
12420005	42	STIM=8
12426419	42	RESP=2
12436160	42	STIM=c
12440873	42	RESP=2
12452936	42	STIM=p
12458880	42	RESP=1
12468625	42	STIM=y
12474025	42	RESP=1
12485265	42	STIM=z
12488403	42	RESP=1
12500366	42	STIM=n
12505111	42	RESP=1
12518754	42	STIM=3
12524504	42	RESP=2
12533870	42	STIM=u
12537163	42	RESP=1
12552298	42	STIM=a
12557109	42	RESP=2
12571072	42	STIM=e
12576797	42	RESP=1
12586334	42	STIM=g
12593673	42	RESP=1
12604211	42	STIM=0
12612305	42	RESP=2
12619852	42	STIM=o
12630705	42	RESP=1
12637641	42	STIM=m
12645430	42	RESP=1
12653249	42	STIM=4
12659444	42	RESP=1
12668978	42	STIM=t
12672427	42	RESP=1
12686741	42	STIM=q
12690559	42	RESP=1
12703171	42	STIM=g
12709085	42	RESP=1
12718593	42	STIM=4
12724447	42	RESP=2
12735972	42	STIM=p
12740999	42	RESP=1
12752264	42	STIM=z
12755913	42	RESP=1
12769712	42	STIM=q
12776710	42	RESP=1
12787416	42	STIM=l
12792195	42	RESP=1
12804590	42	STIM=y
12808774	42	RESP=1
12822661	42	STIM=q
12830767	42	RESP=1
12838592	42	STIM=s
12844946	42	RESP=1
12856581	42	STIM=o
12862482	42	RESP=1
12875402	42	STIM=p
12882358	42	RESP=1
12894111	42	STIM=g
12897602	42	RESP=1
12909471	42	STIM=v
12915829	42	RESP=1
12925804	42	STIM=i
12931091	42	RESP=1
12943243	42	STIM=9
12947390	42	RESP=2
12958895	42	STIM=g
12962544	42	RESP=1
12977851	42	STIM=p
12982491	42	RESP=1
12993477	42	STIM=b
13000649	42	RESP=1
13009992	42	STIM=x
13014710	42	RESP=1
13027929	42	STIM=f
13031459	42	RESP=1
13044018	42	STIM=k
13050063	42	RESP=1
13059271	42	STIM=p
13065326	42	RESP=1
13075351	42	STIM=9
13080999	42	RESP=2
13094116	42	STIM=w
13104580	42	RESP=1
13110481	42	STIM=b
13120915	42	RESP=1
13126523	42	STIM=s
13131713	42	RESP=1
13141704	42	STIM=n
13148312	42	RESP=1
13159970	42	STIM=w
13165228	42	RESP=1
13177150	42	STIM=2
13183576	42	RESP=2
13193659	42	STIM=s
13199781	42	RESP=1
13209222	42	STIM=9
13215493	42	RESP=2
13224437	42	STIM=r
13230997	42	RESP=1
13243436	42	STIM=8
13250605	42	RESP=2
13259544	42	STIM=9
13263148	42	RESP=2
13277302	42	STIM=x
13285438	42	RESP=1
13293164	42	STIM=v
13297292	42	RESP=1
13308173	42	STIM=3
13313549	42	RESP=2
13325244	42	STIM=f
13329345	42	RESP=1
13343578	42	STIM=s
13347666	42	RESP=1
13360488	42	STIM=e
13366086	42	RESP=1
13378852	42	STIM=d
13382718	42	RESP=1
13395489	42	STIM=9
13403819	42	RESP=2
13411364	42	STIM=6
13416819	42	RESP=2
13427690	42	STIM=z
13433544	42	RESP=1
13444684	42	STIM=a
13447757	42	RESP=1
13459875	42	STIM=f
13464882	42	RESP=1
13477546	42	STIM=7
13489990	42	RESP=2
13494049	42	STIM=x
13498924	42	RESP=1
13511765	42	STIM=i
13516002	42	RESP=1
13529942	42	STIM=d
13534923	42	RESP=1
13546127	42	STIM=6
13550027	42	RESP=2
13562912	42	STIM=b
13567326	42	RESP=1
13578573	42	STIM=y
13582093	42	RESP=1
13597229	42	STIM=q
13602034	42	RESP=1
13615713	42	STIM=1
13625482	42	RESP=1
13633040	42	STIM=f
13635538	42	RESP=1
13649841	42	STIM=s
13657368	42	RESP=1
13664877	42	STIM=h
13669279	42	RESP=1
13683387	42	STIM=d
13688347	42	RESP=1
13700201	42	STIM=a
13703677	42	RESP=1
13717186	42	STIM=k
13721643	42	RESP=1
13735891	42	STIM=0
13741643	42	RESP=2
13754418	42	STIM=h
13760972	42	RESP=1
13769497	42	STIM=t
13772959	42	RESP=1
13788443	42	STIM=w
13792600	42	RESP=1
13806458	42	STIM=r
13814269	42	RESP=1
13823697	42	STIM=1
13829557	42	RESP=2
13841448	42	STIM=u
13844905	42	RESP=1
13858268	42	STIM=3
13863502	42	RESP=2
13876250	42	STIM=c
13888238	42	RESP=1
13891924	42	STIM=b
13896536	42	RESP=1
13908138	42	STIM=b
13912509	42	RESP=1
13924984	42	STIM=2
13929955	42	RESP=2
13941833	42	STIM=y
13948318	42	RESP=1
13958271	42	STIM=z
13963998	42	RESP=1
13974777	42	STIM=b
13979232	42	RESP=1
13993468	42	STIM=o
13997479	42	RESP=1
14010103	42	STIM=q
14014972	42	RESP=1
14028645	42	STIM=n
14031676	42	RESP=1
14045095	42	STIM=o
14049369	42	RESP=1
14064081	42	STIM=u
14069491	42	RESP=1
14080677	42	STIM=p
14088455	42	RESP=1
14095916	42	STIM=4
14100463	42	RESP=2
14112933	42	STIM=j
14121258	42	RESP=1
14131454	42	STIM=k
14137608	42	RESP=1
14149257	42	STIM=v
14160020	42	RESP=1
14167276	42	STIM=m
14173531	42	RESP=2
14186259	42	STIM=l
14192408	42	RESP=1
14202834	42	STIM=g
14209473	42	RESP=1
14219853	42	STIM=k
14223639	42	RESP=1
14235311	42	STIM=p
14238098	42	RESP=2
14252363	42	STIM=g
14257341	42	RESP=1
14268485	42	STIM=g
14274946	42	RESP=1
14285362	42	STIM=k
14290276	42	RESP=1
14301705	42	STIM=p
14307772	42	RESP=1
14317442	42	STIM=u
14323996	42	RESP=1
14333448	42	STIM=i
14336428	42	RESP=1
14348723	42	STIM=t
14354651	42	RESP=1
14365408	42	STIM=g
14368251	42	RESP=1
14380848	42	STIM=h
14389654	42	RESP=1
14397097	42	STIM=e
14403458	42	RESP=1
14412105	42	STIM=y
14420495	42	RESP=1
14427453	42	STIM=k
14431336	42	RESP=1
14444999	42	STIM=4
14452581	42	RESP=2
14462975	42	STIM=j
14471978	42	RESP=1
14479066	42	STIM=4
14484932	42	RESP=2
14497999	42	STIM=e
14502980	42	RESP=1
14514838	42	STIM=x
14523998	42	RESP=1
14532553	42	STIM=9
14539006	42	RESP=2
14549959	42	STIM=c
14557166	42	RESP=2
14568854	42	STIM=w
14572776	42	RESP=1
14587179	42	STIM=s
14598757	42	RESP=1
14605930	42	STIM=k
14612375	42	RESP=1
14623908	42	STIM=0
14628413	42	RESP=2
14640698	42	STIM=y
14645419	42	RESP=1
14656233	42	STIM=n
14661334	42	RESP=1
14673618	42	STIM=m
14680875	42	RESP=1
14690050	42	STIM=k
14696932	42	RESP=1
14705407	42	STIM=1
14709304	42	RESP=2
14723353	42	STIM=n
14727235	42	RESP=2
14738557	42	STIM=i
14745426	42	RESP=1
14756307	42	STIM=d
14761763	42	RESP=1
14771349	42	STIM=9
14777388	42	RESP=2
14786964	42	STIM=h
14790704	42	RESP=1
14802655	42	STIM=6
14807985	42	RESP=2
14818560	42	STIM=3
14823611	42	RESP=2
14834950	42	STIM=s
14842679	42	RESP=1
14853455	42	STIM=v
14860058	42	RESP=1
14869364	42	STIM=s
14880254	42	RESP=1
14885979	42	STIM=s
14888892	42	RESP=2
14902001	42	STIM=w
14908510	42	RESP=1
14920467	42	STIM=z
14923996	42	RESP=1
14939411	42	STIM=p
14944146	42	RESP=1
14957120	42	STIM=i
14966011	42	RESP=1
14973268	42	STIM=y
14979435	42	RESP=1
14990010	42	STIM=u
14995358	42	RESP=1
15006856	42	STIM=t
15011481	42	RESP=1
15025655	42	STIM=c
15031106	42	RESP=1
15042593	42	STIM=y
15046870	42	RESP=1
15061281	42	STIM=j
15066981	42	RESP=1
15078890	42	STIM=t
15087098	42	RESP=1
15095332	42	STIM=0
15106428	42	RESP=2
15111154	42	STIM=r
15117783	42	RESP=1
15128070	42	STIM=a
15135199	42	RESP=1
15146660	42	STIM=j
15151425	42	RESP=1
15163422	42	STIM=r
15171998	42	RESP=1
15179060	42	STIM=n
15182607	42	RESP=1
15195219	42	STIM=5
15207056	42	RESP=2
15210399	42	STIM=0
15218860	42	RESP=2
15225519	42	STIM=y
15232835	42	RESP=1
15241186	42	STIM=x
15249794	42	RESP=1
15258833	42	STIM=x
15262068	42	RESP=1
15273846	42	STIM=p
15277735	42	RESP=1
15289432	42	STIM=k
15297447	42	RESP=1
15307139	42	STIM=y
15314213	42	RESP=1
15325557	42	STIM=j
15332132	42	RESP=1
15344400	42	STIM=1
15350118	42	RESP=2
15362118	42	STIM=p
15368384	42	RESP=1
15378144	42	STIM=y
15384733	42	RESP=1
15393863	42	STIM=n
15399660	42	RESP=1
15409094	42	STIM=r
15413161	42	RESP=1
15427449	42	STIM=m
15430977	42	RESP=1
15443686	42	STIM=i
15452788	42	RESP=1
15459822	42	STIM=0
15465849	42	RESP=1
15477582	42	STIM=7
15485094	42	RESP=1
15496221	42	STIM=m
15505092	42	RESP=1
15514081	42	STIM=c
15519903	42	RESP=1
15530914	42	STIM=l
15534388	42	RESP=1
15549330	42	STIM=2
15555503	42	RESP=2
15567531	42	STIM=p
15572047	42	RESP=1
15584471	42	STIM=j
15588268	42	RESP=1
15599492	42	STIM=k
15603903	42	RESP=1
15615092	42	STIM=l
15624573	42	RESP=1
15632518	42	STIM=i
15637651	42	RESP=2
15648395	42	STIM=o
15652945	42	RESP=1
15667219	42	STIM=1
15673241	42	RESP=2
15685011	42	STIM=n
15694084	42	RESP=1
15702274	42	STIM=f
15707241	42	RESP=1
15718003	42	STIM=r
15721752	42	RESP=1
15736783	42	STIM=j
15743421	42	RESP=1
15755105	42	STIM=x
15760521	42	RESP=1
15772127	42	STIM=0
15777717	42	RESP=1
15791047	42	STIM=2
15796074	42	RESP=2
15806526	42	STIM=l
15812637	42	RESP=1
15825432	42	STIM=r
15835089	42	RESP=1
15842097	42	STIM=z
15849412	42	RESP=1
15857300	42	STIM=5
15866974	42	RESP=2
15875703	42	STIM=4
15880899	42	RESP=1
15892298	42	STIM=1
15900213	42	RESP=2
15908709	42	STIM=w
15913466	42	RESP=1
15927090	42	STIM=z
15931674	42	RESP=1
15943492	42	STIM=d
15948884	42	RESP=1
15958626	42	STIM=r
15965873	42	RESP=1
15977303	42	STIM=h
15982105	42	RESP=1
15993056	42	STIM=c
16001509	42	RESP=1
16008396	42	STIM=b
16015567	42	RESP=1
16024313	42	STIM=m
16030060	42	RESP=1
16041597	42	STIM=b
16045127	42	RESP=1
16059247	42	STIM=4
16067556	42	RESP=1
16074477	42	STIM=c
16080506	42	RESP=1
16092487	42	STIM=y
16101050	42	RESP=1
16110098	42	STIM=x
16115321	42	RESP=1
16127624	42	STIM=i
16132328	42	RESP=2
16142645	42	STIM=8
16147780	42	RESP=2
16158179	42	STIM=r
16162958	42	RESP=2
16173183	42	STIM=r
16178638	42	RESP=2
16188677	42	STIM=b
16193751	42	RESP=1
16205707	42	STIM=a
16213098	42	RESP=1
16222927	42	STIM=f
16228185	42	RESP=1
16238762	42	STIM=i
16242966	42	RESP=1
16257266	42	STIM=6
16263902	42	RESP=2
16276161	42	STIM=e
16279824	42	RESP=1
16291464	42	STIM=r
16299679	42	RESP=2
16306482	42	STIM=n
16311448	42	RESP=1
16325332	42	STIM=o
16332357	42	RESP=1
16343483	42	STIM=i
16349679	42	RESP=1
16359337	42	STIM=n
16363803	42	RESP=1
16375451	42	STIM=2
16381568	42	RESP=1
16391603	42	STIM=n
16398135	42	RESP=1
16406843	42	STIM=l
16412407	42	RESP=1
16422080	42	STIM=y
16426438	42	RESP=1
16437283	42	STIM=j
16441527	42	RESP=1
16452565	42	STIM=3
16458752	42	RESP=2
16470688	42	STIM=w
16475255	42	RESP=2
16488739	42	STIM=d
16493509	42	RESP=2
16505000	42	STIM=e
16512192	42	RESP=1
16522684	42	STIM=6
16527914	42	RESP=2
16539015	42	STIM=x
16546461	42	RESP=1
16556653	42	STIM=t
16562940	42	RESP=1
16575032	42	STIM=s
16578840	42	RESP=1
16592324	42	STIM=h
16596149	42	RESP=1
16608087	42	STIM=a
16613484	42	RESP=1
16623219	42	STIM=m
16630015	42	RESP=1
16640608	42	STIM=x
16646484	42	RESP=1
16656777	42	STIM=d
16667474	42	RESP=1
16675631	42	STIM=k
16686292	42	RESP=1
16692052	42	STIM=s
16694893	42	RESP=1
16707442	42	STIM=x
16710667	42	RESP=1
16724780	42	STIM=2
16730477	42	RESP=2
16743771	42	STIM=x
16746500	42	RESP=1
16761921	42	STIM=g
16768335	42	RESP=1
16780805	42	STIM=5
16788198	42	RESP=2
16798514	42	STIM=m
16804693	42	RESP=1
16813596	42	STIM=b
16818590	42	RESP=2
16831217	42	STIM=o
16834604	42	RESP=1
16849101	42	STIM=i
16855128	42	RESP=1
16866724	42	STIM=t
16874475	42	RESP=1
16881767	42	STIM=h
16885544	42	RESP=1
16897453	42	STIM=8
16903943	42	RESP=2
16913493	42	STIM=9
16923900	42	RESP=1
16930644	42	STIM=8
16936725	42	RESP=2
16946858	42	STIM=w
16951453	42	RESP=1
16963815	42	STIM=9
16968644	42	RESP=2
16982783	42	STIM=l
16986302	42	RESP=1
16999025	42	STIM=b
17002656	42	RESP=1
17016631	42	STIM=l
17024370	42	RESP=2
17035213	42	STIM=y
17043036	42	RESP=1
17053294	42	STIM=v
17059951	42	RESP=1
17068578	42	STIM=d
17074788	42	RESP=1
17083823	42	STIM=j
17090516	42	RESP=1
17099619	42	STIM=u
17105685	42	RESP=1
17117914	42	STIM=h
17122264	42	RESP=1
17133270	42	STIM=8
17138264	42	RESP=2
17150707	42	STIM=i
17159558	42	RESP=1
17166946	42	STIM=v
17175065	42	RESP=1
17182973	42	STIM=d
17188816	42	RESP=1
17201888	42	STIM=1
17207461	42	RESP=2
17220711	42	STIM=t
17225163	42	RESP=1
17238568	42	STIM=f
17242542	42	RESP=1
17256763	42	STIM=a
17261651	42	RESP=1
17272071	42	STIM=z
17275743	42	RESP=2
17290242	42	STIM=7
17297961	42	RESP=2
17308245	42	STIM=l
17311645	42	RESP=1
17324483	42	STIM=5
17335593	42	RESP=2
17342637	42	STIM=k
17346744	42	RESP=1
17359877	42	STIM=o
17366773	42	RESP=1
17375297	42	STIM=r
17379874	42	RESP=1
17393249	42	STIM=e
17398810	42	RESP=1
17408397	42	STIM=7
17419521	42	RESP=2
17426358	42	STIM=d
17440819	42	RESP=1
17443312	42	STIM=3
17449128	42	RESP=2
17460327	42	STIM=y
17467554	42	RESP=1
17477714	42	STIM=y
17482304	42	RESP=1
17495066	42	STIM=r
17509166	42	RESP=1
17513027	42	STIM=u
17517493	42	RESP=1
17530450	42	STIM=z
17538994	42	RESP=1
17549289	42	STIM=j
17555263	42	RESP=1
17565435	42	STIM=v
17574277	42	RESP=1
17582876	42	STIM=s
17588107	42	RESP=1
17597899	42	STIM=s
17605718	42	RESP=2
17613961	42	STIM=9
17617707	42	RESP=2
17629171	42	STIM=0
17640285	42	RESP=1
17646325	42	STIM=r
17651103	42	RESP=1
17662005	42	STIM=h
17666101	42	RESP=1
17678646	42	STIM=l
17688331	42	RESP=1
17695922	42	STIM=v
17698851	42	RESP=1
17712034	42	STIM=g
17716227	42	RESP=1
17728171	42	STIM=g
17734603	42	RESP=1
17744419	42	STIM=u
17748984	42	RESP=1
17762663	42	STIM=z
17769638	42	RESP=1
17781053	42	STIM=z
17785926	42	RESP=1
17798255	42	STIM=4
17803732	42	RESP=1
17816071	42	STIM=n
17820262	42	RESP=1
17832144	42	STIM=5
17841305	42	RESP=2
17851060	42	STIM=z
17856358	42	RESP=1
17867043	42	STIM=1
17873097	42	RESP=2
17883545	42	STIM=a
17888838	42	RESP=1
17899590	42	STIM=a
17903515	42	RESP=1
17915026	42	STIM=o
17919412	42	RESP=1
17932544	42	STIM=v
17945106	42	RESP=1
17948561	42	STIM=i
17953683	42	RESP=1
17965504	42	STIM=g
17968613	42	RESP=1
17981533	42	STIM=j
17987315	42	RESP=1
17997126	42	STIM=d
18003137	42	RESP=1
18012485	42	STIM=v
18017302	42	RESP=1
18027900	42	STIM=b
18034628	42	RESP=1
18043068	42	STIM=7
18051727	42	RESP=2
18060990	42	STIM=r
18064060	42	RESP=1
18079823	42	STIM=o
18085370	42	RESP=1
18096089	42	STIM=l
18101760	42	RESP=1
18111646	42	STIM=x
18116592	42	RESP=2
18130060	42	STIM=i
18135240	42	RESP=1
18145575	42	STIM=a
18151658	42	RESP=1
18163442	42	STIM=5
18169176	42	RESP=2
18181566	42	STIM=c
18185730	42	RESP=1
18197203	42	STIM=9
18205392	42	RESP=2
18212849	42	STIM=t
18216217	42	RESP=1
18230485	42	STIM=x
18233379	42	RESP=1
18248808	42	STIM=1
18253775	42	RESP=2
18264454	42	STIM=r
18267632	42	RESP=1
18281034	42	STIM=y
18284666	42	RESP=1
18297032	42	STIM=h
18299869	42	RESP=2
18314576	42	STIM=3
18319750	42	RESP=2
18330584	42	STIM=5
18335693	42	RESP=1
18348651	42	STIM=0
18356362	42	RESP=2
18366949	42	STIM=6
18371125	42	RESP=2
18384067	42	STIM=n
18391824	42	RESP=1
18399242	42	STIM=8
18408057	42	RESP=2
18414339	42	STIM=g
18418529	42	RESP=1
18431797	42	STIM=n
18435753	42	RESP=1
18450760	42	STIM=5
18457054	42	RESP=2
18468402	42	STIM=e
18472358	42	RESP=1
18483634	42	STIM=d
18487887	42	RESP=1
18502316	42	STIM=o
18512380	42	RESP=1
18517642	42	STIM=m
18522499	42	RESP=1
18535564	42	STIM=g
18540184	42	RESP=1
18550727	42	STIM=m
18559785	42	RESP=1
18566000	42	STIM=v
18570851	42	RESP=1
18581784	42	STIM=l
18588167	42	RESP=1
18598642	42	STIM=e
18604746	42	RESP=1
18615962	42	STIM=y
18620680	42	RESP=1
18633251	42	STIM=k
18641575	42	RESP=2
18651418	42	STIM=g
18656262	42	RESP=1
18670416	42	STIM=v
18676230	42	RESP=1
18687036	42	STIM=f
18690965	42	RESP=1
18705769	42	STIM=h
18715431	42	RESP=1
18724505	42	STIM=j
18731078	42	RESP=1
18739654	42	STIM=a
18747092	42	RESP=1
18754963	42	STIM=3
18761337	42	RESP=2
18770915	42	STIM=w
18779551	42	RESP=1
18787977	42	STIM=y
18792186	42	RESP=1
18805526	42	STIM=8
18811158	42	RESP=2
18820850	42	STIM=c
18826440	42	RESP=1
18836514	42	STIM=v
18840108	42	RESP=1
18852542	42	STIM=d
18858288	42	RESP=1
18869004	42	STIM=2
18873309	42	RESP=1
18887268	42	STIM=5
18893549	42	RESP=2
18904443	42	STIM=h
18909774	42	RESP=1
18921703	42	STIM=2
18926330	42	RESP=1
18940504	42	STIM=m
18949328	42	RESP=1
18958983	42	STIM=k
18962175	42	RESP=1
18974322	42	STIM=n
18976905	42	RESP=2
18990111	42	STIM=3
19000341	42	RESP=2
19007656	42	STIM=y
19020812	42	RESP=1
19022994	42	STIM=f
19030525	42	RESP=1
19038879	42	STIM=y
19045097	42	RESP=1
19054038	42	STIM=i
19060312	42	RESP=1
19070279	42	STIM=z
19075766	42	RESP=1
19085467	42	STIM=g
19091558	42	RESP=1
19102210	42	STIM=r
19109319	42	RESP=1
19117399	42	STIM=s
19128991	42	RESP=1
19133210	42	STIM=q
19139901	42	RESP=1
19150009	42	STIM=e
19154359	42	RESP=1
19168004	42	STIM=p
19172586	42	RESP=1
19185564	42	STIM=r
19188217	42	RESP=1
19201642	42	STIM=s
19207532	42	RESP=2
19219980	42	STIM=4
19226223	42	RESP=2
19238402	42	STIM=5
19244479	42	RESP=2
19255506	42	STIM=f
19262999	42	RESP=1
19273949	42	STIM=1
19282324	42	RESP=2
19290734	42	STIM=i
19297528	42	RESP=1
19306555	42	STIM=q
19311052	42	RESP=1
19323817	42	STIM=3
19331831	42	RESP=2
19341675	42	STIM=m
19346463	42	RESP=1
19359075	42	STIM=f
19363757	42	RESP=1
19374301	42	STIM=k
19380284	42	RESP=1
19392930	42	STIM=j
19398844	42	RESP=1
19410640	42	STIM=u
19415216	42	RESP=1
19426450	42	STIM=x
19430709	42	RESP=1
19443693	42	STIM=g
19450626	42	RESP=1
19461448	42	STIM=k
19466083	42	RESP=1
19477184	42	STIM=c
19484653	42	RESP=1
19495649	42	STIM=e
19500742	42	RESP=1
19513821	42	STIM=z
19520976	42	RESP=1
19529166	42	STIM=p
19535490	42	RESP=1
19545851	42	STIM=g
19550158	42	RESP=1
19561326	42	STIM=0
19566495	42	RESP=2
19579884	42	STIM=n
19592566	42	RESP=1
19596244	42	STIM=f
19604444	42	RESP=1
19611412	42	STIM=n
19614601	42	RESP=1
19628577	42	STIM=b
19634643	42	RESP=1
19645433	42	STIM=t
19650073	42	RESP=1
19663982	42	STIM=r
19669256	42	RESP=1
19681505	42	STIM=z
19685610	42	RESP=1
19699027	42	STIM=2
19705019	42	RESP=2
19716419	42	STIM=e
19721919	42	RESP=1
19731656	42	STIM=b
19736905	42	RESP=1
19748566	42	STIM=t
19755459	42	RESP=1
19764251	42	STIM=6
19772556	42	RESP=2
19779651	42	STIM=t
19789227	42	RESP=1
19795497	42	STIM=d
19800600	42	RESP=1
19814099	42	STIM=t
19816673	42	RESP=1
19830842	42	STIM=m
19842779	42	RESP=1
19849565	42	STIM=r
19852535	42	RESP=1
19865818	42	STIM=s
19872020	42	RESP=1
19883932	42	STIM=r
19888840	42	RESP=1
19902105	42	STIM=c
19906808	42	RESP=1
19917250	42	STIM=m
19926490	42	RESP=1
19934146	42	STIM=j
19939316	42	RESP=1
19950855	42	STIM=a
19957957	42	RESP=1
19969681	42	STIM=1
19979525	42	RESP=2
19986524	42	STIM=f
19993482	42	RESP=1
20004274	42	STIM=e
20008931	42	RESP=1
20022748	42	STIM=l
20028646	42	RESP=1
20040419	42	STIM=r
20046525	42	RESP=1
20055758	42	STIM=f
20061701	42	RESP=1
20073441	42	STIM=4
20080438	42	RESP=2
20092153	42	STIM=4
20098100	42	RESP=2
20107907	42	STIM=a
20112702	42	RESP=1
20123424	42	STIM=r
20130286	42	RESP=1
20140141	42	STIM=e
20143891	42	RESP=1
20158785	42	STIM=s
20163442	42	RESP=1
20176111	42	STIM=t
20184644	42	RESP=1
20192613	42	STIM=v
20201340	42	RESP=1
20211389	42	STIM=u
20217496	42	RESP=1
20229965	42	STIM=x
20237140	42	RESP=1
20248813	42	STIM=u
20256561	42	RESP=1
20267699	42	STIM=y
20274278	42	RESP=1
20283752	42	STIM=q
20287814	42	RESP=1
20298914	42	STIM=0
20304749	42	RESP=2
20314873	42	STIM=h
20318830	42	RESP=1
20331212	42	STIM=k
20335638	42	RESP=1
20347419	42	STIM=o
20353910	42	RESP=1
20365734	42	STIM=c
20372849	42	RESP=2
20381593	42	STIM=t
20386425	42	RESP=1
20400267	42	STIM=y
20404431	42	RESP=1
20416699	42	STIM=z
20423349	42	RESP=1
20435169	42	STIM=l
20444946	42	RESP=1
20452210	42	STIM=4
20460457	42	RESP=2
20467322	42	STIM=0
20473732	42	RESP=2
20483952	42	STIM=m
20490435	42	RESP=1
20501935	42	STIM=8
20507106	42	RESP=1
20519301	42	STIM=8
20525689	42	RESP=2
20538100	42	STIM=u
20549446	42	RESP=1
20554673	42	STIM=q
20558851	42	RESP=1
20572769	42	STIM=6
20579781	42	RESP=1
20591474	42	STIM=l
20595837	42	RESP=2
20609629	42	STIM=6
20616958	42	RESP=2
20624807	42	STIM=l
20629212	42	RESP=1
20643192	42	STIM=5
20647506	42	RESP=1
20661585	42	STIM=l
20668265	42	RESP=1
20677815	42	STIM=6
20686187	42	RESP=1
20695052	42	STIM=5
20700748	42	RESP=2
20710993	42	STIM=n
20719220	42	RESP=1
20729639	42	STIM=x
20734355	42	RESP=1
20745604	42	STIM=4
20755793	42	RESP=2
20764320	42	STIM=k
20769866	42	RESP=1
20781241	42	STIM=u
20787386	42	RESP=2
20797677	42	STIM=a
20802962	42	RESP=1
20814575	42	STIM=j
20820611	42	RESP=1
20831471	42	STIM=c
20835731	42	RESP=1
20848594	42	STIM=p
20855596	42	RESP=1
20867054	42	STIM=y
20875149	42	RESP=1
20883036	42	STIM=d
20888442	42	RESP=1
20899411	42	STIM=i
20902567	42	RESP=1
20916957	42	STIM=k
20921740	42	RESP=1
20932557	42	STIM=9
20937930	42	RESP=2
20948520	42	STIM=8
20952271	42	RESP=1
20965337	42	STIM=k
20972427	42	RESP=1
20980603	42	STIM=h
20988314	42	RESP=1
20998106	42	STIM=u
21000444	42	RESP=1
21015902	42	STIM=5
21024941	42	RESP=2
21034200	42	STIM=v
21039649	42	RESP=1
21051824	42	STIM=z
21061346	42	RESP=1
21067699	42	STIM=5
21073397	42	RESP=2
21083421	42	STIM=b
21088987	42	RESP=1
21101707	42	STIM=g
21104898	42	RESP=1
21118983	42	STIM=l
21124935	42	RESP=1
21136529	42	STIM=n
21142597	42	RESP=1
21151880	42	STIM=u
21156033	42	RESP=1
21170483	42	STIM=m
21176192	42	RESP=1
21187445	42	STIM=f
21194983	42	RESP=1
21203114	42	STIM=0
21207399	42	RESP=2
21218417	42	STIM=z
21222103	42	RESP=1
21235252	42	STIM=b
21243107	42	RESP=1
21251694	42	STIM=v
21255270	42	RESP=1
21269647	42	STIM=f
21277006	42	RESP=1
21286323	42	STIM=w
21290888	42	RESP=1
21303722	42	STIM=w
21309538	42	RESP=2
21320307	42	STIM=k
21324118	42	RESP=1
21335329	42	STIM=i
21340268	42	RESP=1
21352064	42	STIM=l
21358396	42	RESP=1
21370377	42	STIM=t
21379917	42	RESP=1
21389108	42	STIM=e
21394878	42	RESP=1
21407102	42	STIM=v
21415763	42	RESP=1
21425835	42	STIM=h
21431101	42	RESP=1
21441656	42	STIM=4
21448077	42	RESP=2
21457000	42	STIM=v
21464928	42	RESP=1
21473879	42	STIM=c
21477323	42	RESP=1
21491601	42	STIM=o
21499339	42	RESP=1
21506782	42	STIM=y
21517385	42	RESP=1
21522052	42	STIM=4
21533022	42	RESP=2
21539942	42	STIM=z
21544858	42	RESP=1
21557265	42	STIM=u
21564163	42	RESP=1
21573314	42	STIM=y
21577514	42	RESP=2
21591819	42	STIM=f
21600128	42	RESP=1
21608474	42	STIM=v
21614148	42	RESP=1
21623687	42	STIM=k
21629235	42	RESP=2
21639913	42	STIM=0
21644655	42	RESP=2
21657518	42	STIM=7
21664281	42	RESP=2
21674318	42	STIM=9
21681957	42	RESP=2
21691256	42	STIM=u
21696242	42	RESP=1
21709850	42	STIM=x
21714688	42	RESP=2
21728846	42	STIM=a
21735007	42	RESP=1
