# Original filename: 0024_ICI_2016-12-30.log
# Time unit: 100 us
# RARECAT=digit
#
# Time	HHGG	Event
35368	42	STIM=l
39062	42	RESP=1
51541	42	STIM=n
56478	42	RESP=1
69986	42	STIM=5
73797	42	RESP=2
86338	42	STIM=r
93207	42	RESP=1
104827	42	STIM=2
111203	42	RESP=2
119967	42	STIM=v
131947	42	RESP=1
135162	42	STIM=z
141328	42	RESP=1
152780	42	STIM=d
158746	42	RESP=1
169383	42	STIM=a
179374	42	RESP=1
187550	42	STIM=l
192142	42	RESP=1
206129	42	STIM=u
211869	42	RESP=1
223855	42	STIM=v
229325	42	RESP=2
240204	42	STIM=f
245063	42	RESP=1
257673	42	STIM=g
260438	42	RESP=1
274425	42	STIM=z
276709	42	RESP=1
292153	42	STIM=7
296011	42	RESP=2
307567	42	STIM=l
313128	42	RESP=2
324828	42	STIM=d
329019	42	RESP=1
342203	42	STIM=p
345161	42	RESP=1
358922	42	STIM=1
364807	42	RESP=1
376582	42	STIM=p
386110	42	RESP=1
395345	42	STIM=d
399312	42	RESP=1
411858	42	STIM=0
416203	42	RESP=2
427604	42	STIM=j
430074	42	RESP=1
443293	42	STIM=h
446925	42	RESP=1
459199	42	STIM=v
465503	42	RESP=1
477752	42	STIM=j
481755	42	RESP=1
495375	42	STIM=i
499996	42	RESP=1
511802	42	STIM=v
515513	42	RESP=1
527678	42	STIM=x
533198	42	RESP=1
544501	42	STIM=l
547630	42	RESP=1
562172	42	STIM=g
566274	42	RESP=1
578929	42	STIM=h
583159	42	RESP=1
594576	42	STIM=y
599104	42	RESP=1
613361	42	STIM=y
618587	42	RESP=1
631763	42	STIM=w
635954	42	RESP=1
648376	42	STIM=j
652977	42	RESP=1
664290	42	STIM=l
670108	42	RESP=1
683073	42	STIM=n
686353	42	RESP=1
699590	42	STIM=f
703417	42	RESP=1
718121	42	STIM=j
722520	42	RESP=1
734763	42	STIM=a
743556	42	RESP=1
750320	42	STIM=0
754893	42	RESP=2
766925	42	STIM=f
772383	42	RESP=1
782152	42	STIM=g
786676	42	RESP=1
798400	42	STIM=g
801294	42	RESP=1
813819	42	STIM=t
818473	42	RESP=2
831967	42	STIM=c
835906	42	RESP=1
850593	42	STIM=c
858272	42	RESP=1
869429	42	STIM=d
873034	42	RESP=1
887224	42	STIM=6
894053	42	RESP=1
903488	42	STIM=6
909858	42	RESP=2
919966	42	STIM=h
926349	42	RESP=1
935299	42	STIM=o
939672	42	RESP=1
952784	42	STIM=v
956290	42	RESP=1
970444	42	STIM=2
975176	42	RESP=2
985841	42	STIM=6
990086	42	RESP=2
1001030	42	STIM=6
1005986	42	RESP=2
1016106	42	STIM=4
1023623	42	RESP=2
1033114	42	STIM=g
1039729	42	RESP=2
1048919	42	STIM=v
1053729	42	RESP=1
1064387	42	STIM=f
1068706	42	RESP=1
1079960	42	STIM=o
1082828	42	RESP=1
1096301	42	STIM=6
1102550	42	RESP=2
1111816	42	STIM=m
1114409	42	RESP=1
1127652	42	STIM=q
1131686	42	RESP=1
1144214	42	STIM=i
1148081	42	RESP=1
1161523	42	STIM=u
1167130	42	RESP=1
1177667	42	STIM=5
1181513	42	RESP=2
1194424	42	STIM=n
1200202	42	RESP=2
1210206	42	STIM=d
1214735	42	RESP=1
1227990	42	STIM=p
1233821	42	RESP=1
1244255	42	STIM=0
1253773	42	RESP=2
1261592	42	STIM=o
1265075	42	RESP=1
1277611	42	STIM=j
1281048	42	RESP=1
1295127	42	STIM=p
1297843	42	RESP=1
1312591	42	STIM=b
1322258	42	RESP=1
1329085	42	STIM=x
1332395	42	RESP=1
1347294	42	STIM=w
1353125	42	RESP=1
1362752	42	STIM=i
1370537	42	RESP=1
1379693	42	STIM=t
1383065	42	RESP=2
1397773	42	STIM=s
1401669	42	RESP=1
1415702	42	STIM=p
1418951	42	RESP=1
1433413	42	STIM=a
1435982	42	RESP=1
1451263	42	STIM=c
1454622	42	RESP=1
1466638	42	STIM=v
1471787	42	RESP=1
1483196	42	STIM=b
1489877	42	RESP=1
1499178	42	STIM=i
1502736	42	RESP=1
1517141	42	STIM=w
1524994	42	RESP=1
1533907	42	STIM=k
1537503	42	RESP=1
1550378	42	STIM=r
1557805	42	RESP=1
1567052	42	STIM=x
1572796	42	RESP=1
1583624	42	STIM=1
1590641	42	RESP=2
1599963	42	STIM=b
1604825	42	RESP=1
1615014	42	STIM=o
1618058	42	RESP=1
1631250	42	STIM=o
1634061	42	RESP=1
1647298	42	STIM=t
1651737	42	RESP=1
1666008	42	STIM=e
1669008	42	RESP=1
1683969	42	STIM=g
1688984	42	RESP=1
1699091	42	STIM=w
1706355	42	RESP=1
1715968	42	STIM=k
1719784	42	RESP=1
1732241	42	STIM=s
1735091	42	RESP=1
1749633	42	STIM=n
1753341	42	RESP=1
1764780	42	STIM=u
1768176	42	RESP=1
1781893	42	STIM=x
1786108	42	RESP=1
1797451	42	STIM=v
1802673	42	RESP=1
1812843	42	STIM=h
1816375	42	RESP=1
1828019	42	STIM=l
1831021	42	RESP=1
1846309	42	STIM=h
1850776	42	RESP=1
1863996	42	STIM=3
1868048	42	RESP=2
1880299	42	STIM=z
1885747	42	RESP=1
1898928	42	STIM=o
1903476	42	RESP=1
1916800	42	STIM=v
1921300	42	RESP=1
1933216	42	STIM=e
1936783	42	RESP=1
1948961	42	STIM=y
1955490	42	RESP=1
1965660	42	STIM=4
1970362	42	RESP=2
1982321	42	STIM=b
1986062	42	RESP=1
2000062	42	STIM=d
2002568	42	RESP=1
2017564	42	STIM=p
2021729	42	RESP=1
2032716	42	STIM=u
2039314	42	RESP=1
2048781	42	STIM=k
2053504	42	RESP=1
2066708	42	STIM=m
2071397	42	RESP=1
2084480	42	STIM=d
2087448	42	RESP=1
2100293	42	STIM=d
2105399	42	RESP=1
2118848	42	STIM=t
2122734	42	RESP=1
2136720	42	STIM=c
2139917	42	RESP=1
2154843	42	STIM=b
2159250	42	RESP=1
2172097	42	STIM=a
2177915	42	RESP=1
2190082	42	STIM=h
2195402	42	RESP=1
2205946	42	STIM=g
2210516	42	RESP=1
2223521	42	STIM=1
2228672	42	RESP=2
2240923	42	STIM=t
2244160	42	RESP=1
2256222	42	STIM=1
2262871	42	RESP=2
2274067	42	STIM=p
2280540	42	RESP=1
2290070	42	STIM=6
2295377	42	RESP=1
2305955	42	STIM=f
2311590	42	RESP=1
2323453	42	STIM=o
2329072	42	RESP=1
2340000	42	STIM=b
2342751	42	RESP=1
2358079	42	STIM=s
2366175	42	RESP=1
2373161	42	STIM=n
2377628	42	RESP=1
2389618	42	STIM=l
2393386	42	RESP=1
2404965	42	STIM=z
2413659	42	RESP=1
2422891	42	STIM=c
2430739	42	RESP=1
2441606	42	STIM=u
2445572	42	RESP=1
2458097	42	STIM=a
2465469	42	RESP=1
2476796	42	STIM=j
2480301	42	RESP=1
2494119	42	STIM=1
2499036	42	RESP=2
2510983	42	STIM=x
2514606	42	RESP=1
2529324	42	STIM=c
2534612	42	RESP=1
2545687	42	STIM=o
2548871	42	RESP=1
2564679	42	STIM=n
2567543	42	RESP=1
2582346	42	STIM=d
2584963	42	RESP=1
2600868	42	STIM=b
2606088	42	RESP=1
2617096	42	STIM=w
2623493	42	RESP=2
2633148	42	STIM=w
2636386	42	RESP=1
2651781	42	STIM=q
2657716	42	RESP=1
2668589	42	STIM=7
2673583	42	RESP=2
2687478	42	STIM=z
2690514	42	RESP=1
2703015	42	STIM=d
2708210	42	RESP=1
2718536	42	STIM=f
2724883	42	RESP=1
2737069	42	STIM=t
2741163	42	RESP=1
2753636	42	STIM=0
2757484	42	RESP=2
2768672	42	STIM=e
2773820	42	RESP=1
2784697	42	STIM=0
2788918	42	RESP=2
2801082	42	STIM=3
2806611	42	RESP=2
2817596	42	STIM=1
2822102	42	RESP=1
2835664	42	STIM=v
2840349	42	RESP=1
2852142	42	STIM=f
2858616	42	RESP=1
2867309	42	STIM=b
2872425	42	RESP=1
2885467	42	STIM=e
2890391	42	RESP=1
2901285	42	STIM=k
2906324	42	RESP=1
2919851	42	STIM=p
2925046	42	RESP=1
2938026	42	STIM=t
2941690	42	RESP=1
2953427	42	STIM=r
2956608	42	RESP=1
2969555	42	STIM=i
2977824	42	RESP=1
2985535	42	STIM=i
2993249	42	RESP=1
3003624	42	STIM=z
3007757	42	RESP=1
3018694	42	STIM=p
3023572	42	RESP=1
3035510	42	STIM=d
3040136	42	RESP=1
3051420	42	STIM=e
3057075	42	RESP=1
3066568	42	STIM=p
3070607	42	RESP=1
3085237	42	STIM=w
3089245	42	RESP=2
3102326	42	STIM=t
3108282	42	RESP=1
3118878	42	STIM=s
3122919	42	RESP=1
3137697	42	STIM=k
3143025	42	RESP=1
3153802	42	STIM=q
3160187	42	RESP=1
3169900	42	STIM=1
3173545	42	RESP=2
3187483	42	STIM=r
3191637	42	RESP=1
3205473	42	STIM=i
3212251	42	RESP=1
3224137	42	STIM=t
3229178	42	RESP=1
3239151	42	STIM=v
3242591	42	RESP=1
3256815	42	STIM=d
3259689	42	RESP=1
3275116	42	STIM=z
3278849	42	RESP=1
3291912	42	STIM=z
3295396	42	RESP=1
3307320	42	STIM=x
3311128	42	RESP=2
3325388	42	STIM=c
3335203	42	RESP=1
3341296	42	STIM=l
3346890	42	RESP=1
3357895	42	STIM=k
3362619	42	RESP=1
3374810	42	STIM=1
3382855	42	RESP=1
3391223	42	STIM=6
3396974	42	RESP=2
3406963	42	STIM=h
3410069	42	RESP=1
3425046	42	STIM=z
3427970	42	RESP=1
3440951	42	STIM=v
3447061	42	RESP=1
3458620	42	STIM=2
3462183	42	RESP=2
3474386	42	STIM=x
3477584	42	RESP=1
3492912	42	STIM=r
3497720	42	RESP=1
3508370	42	STIM=l
3512642	42	RESP=1
3524417	42	STIM=x
3530284	42	RESP=1
3542977	42	STIM=z
3547246	42	RESP=1
3560544	42	STIM=9
3565100	42	RESP=2
3578771	42	STIM=i
3582655	42	RESP=1
3594144	42	STIM=j
3603099	42	RESP=1
3612079	42	STIM=5
3619257	42	RESP=2
3631064	42	STIM=0
3634821	42	RESP=2
3650038	42	STIM=p
3654660	42	RESP=1
3665108	42	STIM=m
3670044	42	RESP=2
3682259	42	STIM=p
3687730	42	RESP=1
3697910	42	STIM=t
3702895	42	RESP=1
3715391	42	STIM=y
3718730	42	RESP=1
3733757	42	STIM=l
3737136	42	RESP=1
3748827	42	STIM=r
3754011	42	RESP=1
3764087	42	STIM=i
3768747	42	RESP=1
3780356	42	STIM=9
3786916	42	RESP=2
3796556	42	STIM=3
3801444	42	RESP=2
3814908	42	STIM=c
3824031	42	RESP=1
3830267	42	STIM=b
3834058	42	RESP=1
3845977	42	STIM=6
3851988	42	RESP=2
3864730	42	STIM=b
3867552	42	RESP=1
3882418	42	STIM=j
3886020	42	RESP=1
3900021	42	STIM=3
3904787	42	RESP=2
3917435	42	STIM=r
3924335	42	RESP=1
3933572	42	STIM=f
3940262	42	RESP=1
3949329	42	STIM=z
3953486	42	RESP=1
3965231	42	STIM=l
3968806	42	RESP=2
3982458	42	STIM=2
3986493	42	RESP=2
3998481	42	STIM=4
4003673	42	RESP=2
4014640	42	STIM=u
4018875	42	RESP=2
4031167	42	STIM=g
4034806	42	RESP=1
4048868	42	STIM=q
4055530	42	RESP=1
4065208	42	STIM=d
4070647	42	RESP=1
4081990	42	STIM=d
4085706	42	RESP=1
4100834	42	STIM=0
4107405	42	RESP=2
4116556	42	STIM=f
4122499	42	RESP=1
4133234	42	STIM=i
4139975	42	RESP=2
4152164	42	STIM=8
4157773	42	RESP=2
4167618	42	STIM=6
4172207	42	RESP=2
4182909	42	STIM=h
4186733	42	RESP=1
4201655	42	STIM=9
4205061	42	RESP=2
4218762	42	STIM=f
4225048	42	RESP=1
4235413	42	STIM=0
4239072	42	RESP=2
4253720	42	STIM=c
4258422	42	RESP=1
4270787	42	STIM=j
4274334	42	RESP=1
4289030	42	STIM=n
4296954	42	RESP=1
4304786	42	STIM=m
4311215	42	RESP=1
4321545	42	STIM=f
4325047	42	RESP=1
4339838	42	STIM=m
4343516	42	RESP=1
4358692	42	STIM=d
4362144	42	RESP=1
4376070	42	STIM=g
4380623	42	RESP=1
4392386	42	STIM=l
4396789	42	RESP=2
4408076	42	STIM=n
4417617	42	RESP=1
4425600	42	STIM=i
4430469	42	RESP=1
4443983	42	STIM=4
4447034	42	RESP=2
4459401	42	STIM=5
4466478	42	RESP=2
4477595	42	STIM=w
4482088	42	RESP=1
4493858	42	STIM=i
4498472	42	RESP=1
4510881	42	STIM=n
4515768	42	RESP=1
4529466	42	STIM=g
4536484	42	RESP=1
4548221	42	STIM=n
4551280	42	RESP=1
4565573	42	STIM=w
4571197	42	RESP=1
4580596	42	STIM=b
4583990	42	RESP=1
4598810	42	STIM=d
4603048	42	RESP=1
4617687	42	STIM=b
4621308	42	RESP=2
4634349	42	STIM=u
4639073	42	RESP=1
4652874	42	STIM=o
4657273	42	RESP=1
4671068	42	STIM=v
4675740	42	RESP=1
4686725	42	STIM=b
4689923	42	RESP=1
4702142	42	STIM=5
4708112	42	RESP=2
4719617	42	STIM=o
4725367	42	RESP=1
4735434	42	STIM=c
4741726	42	RESP=1
4754384	42	STIM=j
4759281	42	RESP=1
4772553	42	STIM=w
4777432	42	RESP=1
4790281	42	STIM=i
4793090	42	RESP=1
4805841	42	STIM=v
4812091	42	RESP=1
4823187	42	STIM=x
4828096	42	RESP=1
4840215	42	STIM=t
4844010	42	RESP=1
4857224	42	STIM=k
4865593	42	RESP=1
4872256	42	STIM=m
4874842	42	RESP=1
4890882	42	STIM=o
4895102	42	RESP=1
4908960	42	STIM=o
4913608	42	RESP=1
4925681	42	STIM=i
4929978	42	RESP=2
4944236	42	STIM=o
4950924	42	RESP=1
4960377	42	STIM=e
4965380	42	RESP=1
4978136	42	STIM=r
4981162	42	RESP=1
4994811	42	STIM=o
5001353	42	RESP=1
5012586	42	STIM=b
5016446	42	RESP=1
5030543	42	STIM=i
5035774	42	RESP=1
5049188	42	STIM=e
5054383	42	RESP=1
5064654	42	STIM=r
5069683	42	RESP=1
5080333	42	STIM=3
5084981	42	RESP=2
5095710	42	STIM=n
5100907	42	RESP=1
5112242	42	STIM=h
5117190	42	RESP=1
5128200	42	STIM=3
5132787	42	RESP=2
5146916	42	STIM=q
5150644	42	RESP=1
5163609	42	STIM=d
5169618	42	RESP=1
5179732	42	STIM=c
5188129	42	RESP=1
5195286	42	STIM=v
5199639	42	RESP=1
5212530	42	STIM=h
5218519	42	RESP=2
5228208	42	STIM=o
5233439	42	RESP=1
5246382	42	STIM=6
5251808	42	RESP=2
5262732	42	STIM=r
5265793	42	RESP=1
5280698	42	STIM=o
5288242	42	RESP=1
5299656	42	STIM=t
5302763	42	RESP=1
5317207	42	STIM=z
5320998	42	RESP=1
5335231	42	STIM=0
5341109	42	RESP=2
5350556	42	STIM=9
5355835	42	RESP=2
5366803	42	STIM=k
5372719	42	RESP=1
5382086	42	STIM=8
5385998	42	RESP=2
5397342	42	STIM=z
5401539	42	RESP=1
5415799	42	STIM=q
5418403	42	RESP=1
5432054	42	STIM=0
5437795	42	RESP=2
5450609	42	STIM=y
5455220	42	RESP=1
5469349	42	STIM=j
5473628	42	RESP=1
5488258	42	STIM=p
5491115	42	RESP=1
5504013	42	STIM=r
5510666	42	RESP=1
5521327	42	STIM=k
5526046	42	RESP=1
5538715	42	STIM=m
5542025	42	RESP=1
5554406	42	STIM=a
5558878	42	RESP=1
5570685	42	STIM=a
5575597	42	RESP=1
5588842	42	STIM=8
5594375	42	RESP=2
5606937	42	STIM=e
5610058	42	RESP=1
5624922	42	STIM=i
5629026	42	RESP=1
5643520	42	STIM=n
5649581	42	RESP=1
5661871	42	STIM=t
5671217	42	RESP=1
5678957	42	STIM=v
5687295	42	RESP=1
5694746	42	STIM=8
5701227	42	RESP=2
5712251	42	STIM=c
5718273	42	RESP=1
5729595	42	STIM=p
5733227	42	RESP=1
5745532	42	STIM=9
5750628	42	RESP=2
5762266	42	STIM=m
5766477	42	RESP=1
5779141	42	STIM=6
5783758	42	RESP=2
5795817	42	STIM=q
5799366	42	RESP=1
5811497	42	STIM=6
5816230	42	RESP=2
5828431	42	STIM=s
5831899	42	RESP=1
5846129	42	STIM=l
5852889	42	RESP=1
5862207	42	STIM=f
5866616	42	RESP=1
5880698	42	STIM=7
5886005	42	RESP=2
5897754	42	STIM=j
5903493	42	RESP=1
5913413	42	STIM=o
5916752	42	RESP=1
5929580	42	STIM=q
5932868	42	RESP=1
5944623	42	STIM=q
5948385	42	RESP=1
5959684	42	STIM=x
5965925	42	RESP=1
5976458	42	STIM=u
5981977	42	RESP=1
5991869	42	STIM=p
5997859	42	RESP=1
6010648	42	STIM=j
6016100	42	RESP=1
6026459	42	STIM=7
6031887	42	RESP=2
6041490	42	STIM=s
6046691	42	RESP=1
6057447	42	STIM=u
6064081	42	RESP=1
6073844	42	STIM=x
6076623	42	RESP=1
6089140	42	STIM=z
6096885	42	RESP=1
6106923	42	STIM=j
6112144	42	RESP=1
6123337	42	STIM=1
6128680	42	RESP=2
6138643	42	STIM=m
6142965	42	RESP=1
6156418	42	STIM=h
6164592	42	RESP=1
6175279	42	STIM=d
6181852	42	RESP=1
6190514	42	STIM=l
6199593	42	RESP=1
6207676	42	STIM=l
6214761	42	RESP=1
6226028	42	STIM=w
6231669	42	RESP=1
6242822	42	STIM=x
6246733	42	RESP=1
6259641	42	STIM=x
6267337	42	RESP=1
6277174	42	STIM=1
6288143	42	RESP=2
6293169	42	STIM=y
6298165	42	RESP=1
6309678	42	STIM=j
6313543	42	RESP=1
6327991	42	STIM=a
6331393	42	RESP=1
6343912	42	STIM=q
6347107	42	RESP=1
6362429	42	STIM=f
6370453	42	RESP=1
6379462	42	STIM=0
6383742	42	RESP=2
6396288	42	STIM=k
6402093	42	RESP=1
6414496	42	STIM=9
6417981	42	RESP=2
6430165	42	STIM=m
6439722	42	RESP=1
6445206	42	STIM=x
6449252	42	RESP=1
6463321	42	STIM=u
6468895	42	RESP=1
6480802	42	STIM=r
6483659	42	RESP=1
6497989	42	STIM=2
6504096	42	RESP=2
6513083	42	STIM=g
6519168	42	RESP=1
6531840	42	STIM=v
6537303	42	RESP=1
6550595	42	STIM=s
6557429	42	RESP=1
6566177	42	STIM=e
6575459	42	RESP=1
6582228	42	STIM=w
6587966	42	RESP=1
6599350	42	STIM=h
6605225	42	RESP=1
6616924	42	STIM=7
6622563	42	RESP=2
6632991	42	STIM=i
6640691	42	RESP=1
6650051	42	STIM=p
6657209	42	RESP=1
6666104	42	STIM=w
6669104	42	RESP=1
6683877	42	STIM=j
6686596	42	RESP=1
6698979	42	STIM=h
6701898	42	RESP=1
6714907	42	STIM=m
6720775	42	RESP=1
6731774	42	STIM=v
6736667	42	RESP=1
6749369	42	STIM=k
6752271	42	RESP=2
6764420	42	STIM=e
6768235	42	RESP=1
6779928	42	STIM=p
6783124	42	RESP=1
6797711	42	STIM=y
6802403	42	RESP=1
6813895	42	STIM=k
6819702	42	RESP=2
6829503	42	STIM=d
6835018	42	RESP=1
6847051	42	STIM=s
6850302	42	RESP=1
6865947	42	STIM=z
6874443	42	RESP=1
6884672	42	STIM=z
6887840	42	RESP=1
6902583	42	STIM=z
6907759	42	RESP=1
6919738	42	STIM=t
6925087	42	RESP=1
6936755	42	STIM=c
6942653	42	RESP=1
6951982	42	STIM=2
6957816	42	RESP=2
6967480	42	STIM=a
6974238	42	RESP=1
6984190	42	STIM=t
6992154	42	RESP=1
7003098	42	STIM=z
7007008	42	RESP=1
7018106	42	STIM=9
7022593	42	RESP=2
7034141	42	STIM=q
7039513	42	RESP=1
7052639	42	STIM=l
7055200	42	RESP=1
7071118	42	STIM=8
7076043	42	RESP=2
7088156	42	STIM=t
7092852	42	RESP=1
7105190	42	STIM=k
7111096	42	RESP=1
7121384	42	STIM=i
7126339	42	RESP=1
7139106	42	STIM=n
7146759	42	RESP=1
7154424	42	STIM=o
7159392	42	RESP=1
7172616	42	STIM=o
7175021	42	RESP=1
7190171	42	STIM=n
7193855	42	RESP=1
7208699	42	STIM=a
7211804	42	RESP=1
7226515	42	STIM=j
7233118	42	RESP=1
7245482	42	STIM=b
7250685	42	RESP=1
7261914	42	STIM=8
7267436	42	RESP=2
7278368	42	STIM=j
7283339	42	RESP=1
7294717	42	STIM=2
7298552	42	RESP=2
7310909	42	STIM=u
7314788	42	RESP=1
7327062	42	STIM=j
7331942	42	RESP=1
7344970	42	STIM=u
7350453	42	RESP=2
7363520	42	STIM=o
7366702	42	RESP=1
7378915	42	STIM=0
7383682	42	RESP=2
7396229	42	STIM=y
7400029	42	RESP=1
7414641	42	STIM=s
7417182	42	RESP=1
7430071	42	STIM=9
7435143	42	RESP=1
7447446	42	STIM=w
7454331	42	RESP=1
7465237	42	STIM=1
7470133	42	RESP=2
7483575	42	STIM=k
7487385	42	RESP=1
7499516	42	STIM=l
7503800	42	RESP=1
7515705	42	STIM=6
7521640	42	RESP=2
7532610	42	STIM=b
7538151	42	RESP=1
7548206	42	STIM=0
7552671	42	RESP=2
7564354	42	STIM=f
7569820	42	RESP=1
7579472	42	STIM=k
7584836	42	RESP=1
7596309	42	STIM=z
7598931	42	RESP=1
7613894	42	STIM=k
7619181	42	RESP=1
7630829	42	STIM=i
7635809	42	RESP=1
7649107	42	STIM=v
7652079	42	RESP=1
7667253	42	STIM=k
7670697	42	RESP=1
7684456	42	STIM=4
7688737	42	RESP=1
7701589	42	STIM=m
7711552	42	RESP=1
7717994	42	STIM=g
7723294	42	RESP=1
7734255	42	STIM=i
7737694	42	RESP=1
7750003	42	STIM=z
7755410	42	RESP=1
7767392	42	STIM=m
7771203	42	RESP=1
7783774	42	STIM=u
7790391	42	RESP=1
7800643	42	STIM=k
7805706	42	RESP=1
7816554	42	STIM=j
7819758	42	RESP=1
7832460	42	STIM=2
7839454	42	RESP=1
7848730	42	STIM=f
7853151	42	RESP=1
7867338	42	STIM=0
7872371	42	RESP=1
7882894	42	STIM=8
7886247	42	RESP=2
7901346	42	STIM=t
7904389	42	RESP=1
7917292	42	STIM=s
7922096	42	RESP=1
7933410	42	STIM=x
7941083	42	RESP=1
7951201	42	STIM=7
7957112	42	RESP=2
7967899	42	STIM=m
7970592	42	RESP=2
7986732	42	STIM=v
7990779	42	RESP=1
8004036	42	STIM=m
8012613	42	RESP=1
8019651	42	STIM=v
8025445	42	RESP=1
8035745	42	STIM=o
8043624	42	RESP=1
8051359	42	STIM=g
8055656	42	RESP=1
8069434	42	STIM=k
8073811	42	RESP=1
8087636	42	STIM=e
8091909	42	RESP=1
8104172	42	STIM=t
8108068	42	RESP=1
8122902	42	STIM=u
8127924	42	RESP=2
8138494	42	STIM=f
8141787	42	RESP=1
8154942	42	STIM=x
8161665	42	RESP=1
8170384	42	STIM=h
8173690	42	RESP=1
8185785	42	STIM=u
8192482	42	RESP=1
8202932	42	STIM=x
8206817	42	RESP=1
8219117	42	STIM=s
8223646	42	RESP=1
8235090	42	STIM=f
8239623	42	RESP=1
8252432	42	STIM=s
8258628	42	RESP=1
8268136	42	STIM=w
8271651	42	RESP=2
8286824	42	STIM=n
8290074	42	RESP=1
8301861	42	STIM=4
8309955	42	RESP=2
8317333	42	STIM=f
8322713	42	RESP=1
8333688	42	STIM=l
8336480	42	RESP=1
8348996	42	STIM=8
8358655	42	RESP=2
8365537	42	STIM=a
8373000	42	RESP=1
8382507	42	STIM=h
8390499	42	RESP=1
8399573	42	STIM=v
8405232	42	RESP=1
8415238	42	STIM=1
8424773	42	RESP=2
8431358	42	STIM=l
8436445	42	RESP=1
8448940	42	STIM=r
8454152	42	RESP=1
8467753	42	STIM=r
8471573	42	RESP=1
8485823	42	STIM=e
8489700	42	RESP=1
8504016	42	STIM=8
8509685	42	RESP=2
8519164	42	STIM=a
8527595	42	RESP=1
8535142	42	STIM=z
8538801	42	RESP=1
8550455	42	STIM=z
8554249	42	RESP=2
8565694	42	STIM=l
8569696	42	RESP=1
8584223	42	STIM=g
8587170	42	RESP=1
8601583	42	STIM=9
8608779	42	RESP=2
8617938	42	STIM=y
8623494	42	RESP=1
8633400	42	STIM=u
8636778	42	RESP=1
8648421	42	STIM=d
8652031	42	RESP=1
8664380	42	STIM=w
8670428	42	RESP=1
8680487	42	STIM=s
8688560	42	RESP=1
8698207	42	STIM=9
8703925	42	RESP=2
8716738	42	STIM=2
8721293	42	RESP=2
8735223	42	STIM=p
8740493	42	RESP=1
8751100	42	STIM=c
8756115	42	RESP=1
8768011	42	STIM=h
8771824	42	RESP=1
8785886	42	STIM=w
8790569	42	RESP=2
8804716	42	STIM=4
8809214	42	RESP=2
8821070	42	STIM=r
8828551	42	RESP=1
8838611	42	STIM=o
8841039	42	RESP=1
8856154	42	STIM=9
8861999	42	RESP=2
8874522	42	STIM=7
8878831	42	RESP=2
8892609	42	STIM=i
8896659	42	RESP=1
8908450	42	STIM=2
8917885	42	RESP=2
8923686	42	STIM=7
8930976	42	RESP=2
8942473	42	STIM=a
8946227	42	RESP=1
8958377	42	STIM=f
8963789	42	RESP=1
8974784	42	STIM=y
8977698	42	RESP=1
8991064	42	STIM=i
8996539	42	RESP=1
9007665	42	STIM=7
9012302	42	RESP=2
9025242	42	STIM=d
9032273	42	RESP=1
9042048	42	STIM=6
9045910	42	RESP=2
9059507	42	STIM=1
9065171	42	RESP=2
9078329	42	STIM=f
9084381	42	RESP=1
9093894	42	STIM=y
9101075	42	RESP=1
9109767	42	STIM=m
9113129	42	RESP=1
9128028	42	STIM=p
9133613	42	RESP=1
9143361	42	STIM=v
9147516	42	RESP=1
9162025	42	STIM=n
9165517	42	RESP=1
9180751	42	STIM=4
9184629	42	RESP=2
9198622	42	STIM=k
9201376	42	RESP=1
9215674	42	STIM=z
9220452	42	RESP=1
9232674	42	STIM=z
9238764	42	RESP=1
9248578	42	STIM=k
9253233	42	RESP=1
9267409	42	STIM=k
9271809	42	RESP=1
9286200	42	STIM=i
9293685	42	RESP=1
9304901	42	STIM=w
9311541	42	RESP=1
9321256	42	STIM=g
9326476	42	RESP=1
9340168	42	STIM=b
9345356	42	RESP=1
9358150	42	STIM=e
9365189	42	RESP=1
9375537	42	STIM=r
9384563	42	RESP=1
9392393	42	STIM=g
9395956	42	RESP=1
9407610	42	STIM=g
9413263	42	RESP=2
9424660	42	STIM=r
9428859	42	RESP=1
9440271	42	STIM=n
9445217	42	RESP=1
9458650	42	STIM=3
9464217	42	RESP=2
9474660	42	STIM=a
9481594	42	RESP=1
9491015	42	STIM=y
9495243	42	RESP=1
9506098	42	STIM=3
9511393	42	RESP=2
9524994	42	STIM=v
9528950	42	RESP=1
9543247	42	STIM=w
9548485	42	RESP=1
9560215	42	STIM=9
9565515	42	RESP=2
9576712	42	STIM=z
9580898	42	RESP=1
9594164	42	STIM=b
9597487	42	RESP=1
9609889	42	STIM=x
9612885	42	RESP=1
9627936	42	STIM=i
9634973	42	RESP=1
9645796	42	STIM=x
9653143	42	RESP=1
9660977	42	STIM=m
9665018	42	RESP=1
9678134	42	STIM=i
9685554	42	RESP=1
9693975	42	STIM=d
9703239	42	RESP=1
9712250	42	STIM=i
9717210	42	RESP=1
9729997	42	STIM=p
9734654	42	RESP=1
9745345	42	STIM=3
9755642	42	RESP=2
9763995	42	STIM=p
9771528	42	RESP=1
9781705	42	STIM=a
9786017	42	RESP=1
9798455	42	STIM=q
9804719	42	RESP=1
9815414	42	STIM=m
9820786	42	RESP=1
9833314	42	STIM=1
9839224	42	RESP=2
9851160	42	STIM=a
9862605	42	RESP=1
9869383	42	STIM=0
9874033	42	RESP=2
9884759	42	STIM=z
9887682	42	RESP=1
9903605	42	STIM=q
9906345	42	RESP=1
9919758	42	STIM=7
9925442	42	RESP=2
9935562	42	STIM=w
9940164	42	RESP=1
9952699	42	STIM=x
9956622	42	RESP=1
9967725	42	STIM=e
9974062	42	RESP=1
9984526	42	STIM=p
9988735	42	RESP=1
10000882	42	STIM=p
10006547	42	RESP=1
10017259	42	STIM=u
10020788	42	RESP=1
10034400	42	STIM=f
10041586	42	RESP=1
10049742	42	STIM=n
10054084	42	RESP=1
10067054	42	STIM=y
10072936	42	RESP=1
10082602	42	STIM=6
10088370	42	RESP=2
10099715	42	STIM=v
10106431	42	RESP=2
10115495	42	STIM=p
10123810	42	RESP=1
10131368	42	STIM=c
10134474	42	RESP=1
10148282	42	STIM=7
10154358	42	RESP=2
10165335	42	STIM=0
10168834	42	RESP=2
10180413	42	STIM=r
10185976	42	RESP=1
10199134	42	STIM=1
10203592	42	RESP=2
10215408	42	STIM=z
10219553	42	RESP=1
10233832	42	STIM=y
10237919	42	RESP=1
10250194	42	STIM=j
10254713	42	RESP=1
10265789	42	STIM=j
10271347	42	RESP=1
10284328	42	STIM=3
10288535	42	RESP=2
10301846	42	STIM=a
10305496	42	RESP=1
10320010	42	STIM=9
10327620	42	RESP=2
10336052	42	STIM=t
10338565	42	RESP=1
10351294	42	STIM=d
10354353	42	RESP=1
10369536	42	STIM=h
10377319	42	RESP=1
10384554	42	STIM=q
10387990	42	RESP=1
10401290	42	STIM=f
10406532	42	RESP=1
10419766	42	STIM=d
10424880	42	RESP=1
10436188	42	STIM=b
10440362	42	RESP=1
10455139	42	STIM=r
10459402	42	RESP=2
10472575	42	STIM=j
10477845	42	RESP=1
10489255	42	STIM=8
10493756	42	RESP=2
10505153	42	STIM=8
10509485	42	RESP=1
10521682	42	STIM=5
10526090	42	RESP=2
10539954	42	STIM=g
10543784	42	RESP=1
10558719	42	STIM=g
10564074	42	RESP=2
10576735	42	STIM=2
10582418	42	RESP=2
10595144	42	STIM=n
10600040	42	RESP=1
10613664	42	STIM=u
10619138	42	RESP=1
10628689	42	STIM=d
10633578	42	RESP=1
10643794	42	STIM=x
10650048	42	RESP=1
10661928	42	STIM=v
10666525	42	RESP=1
10679934	42	STIM=4
10687259	42	RESP=2
10697342	42	STIM=u
10701637	42	RESP=1
10712747	42	STIM=y
10719373	42	RESP=1
10730256	42	STIM=t
10734421	42	RESP=1
10746087	42	STIM=n
10751312	42	RESP=1
10764800	42	STIM=o
10772225	42	RESP=1
10780485	42	STIM=n
10785676	42	RESP=1
10798924	42	STIM=l
10802590	42	RESP=1
10814143	42	STIM=6
10820439	42	RESP=2
10829980	42	STIM=9
10833750	42	RESP=2
10846787	42	STIM=x
10855586	42	RESP=1
10862330	42	STIM=h
10867979	42	RESP=1
10880501	42	STIM=7
10885888	42	RESP=2
10895719	42	STIM=x
10899658	42	RESP=1
10913790	42	STIM=m
10919631	42	RESP=1
10932443	42	STIM=c
10935827	42	RESP=1
10950085	42	STIM=l
10957606	42	RESP=1
10965822	42	STIM=d
10970815	42	RESP=1
10982842	42	STIM=f
10990602	42	RESP=1
10997985	42	STIM=v
11004801	42	RESP=1
11015407	42	STIM=s
11017820	42	RESP=1
11032939	42	STIM=s
11037605	42	RESP=1
11050371	42	STIM=u
11054454	42	RESP=1
11068292	42	STIM=t
11072953	42	RESP=2
11084364	42	STIM=4
11088491	42	RESP=2
11100126	42	STIM=e
11104387	42	RESP=1
11118220	42	STIM=w
11123151	42	RESP=1
11133294	42	STIM=z
11136675	42	RESP=1
11148378	42	STIM=m
11152715	42	RESP=1
11165321	42	STIM=y
11168563	42	RESP=1
11180755	42	STIM=j
11183724	42	RESP=1
11198575	42	STIM=t
11203037	42	RESP=1
11215349	42	STIM=3
11221013	42	RESP=2
11231918	42	STIM=b
11240777	42	RESP=1
11249572	42	STIM=4
11253402	42	RESP=1
11264927	42	STIM=j
11274007	42	RESP=1
11282474	42	STIM=0
11290034	42	RESP=2
11298798	42	STIM=8
11305164	42	RESP=2
11314194	42	STIM=8
11319123	42	RESP=1
11332569	42	STIM=l
11335034	42	RESP=1
11349147	42	STIM=m
11353013	42	RESP=1
11365368	42	STIM=1
11371186	42	RESP=1
11380762	42	STIM=e
11387810	42	RESP=1
11396445	42	STIM=8
11401431	42	RESP=2
11414255	42	STIM=b
11417055	42	RESP=1
11430799	42	STIM=7
11438094	42	RESP=2
11446279	42	STIM=n
11451858	42	RESP=1
11463631	42	STIM=a
11469041	42	RESP=1
11481726	42	STIM=5
11487788	42	RESP=2
11499228	42	STIM=u
11504322	42	RESP=1
11517058	42	STIM=e
11521116	42	RESP=1
11535804	42	STIM=a
11542968	42	RESP=1
11554549	42	STIM=e
11557132	42	RESP=1
11571527	42	STIM=c
11573832	42	RESP=1
11587456	42	STIM=g
11591309	42	RESP=1
11605988	42	STIM=q
11613335	42	RESP=1
11621506	42	STIM=5
11627087	42	RESP=2
11639388	42	STIM=n
11644089	42	RESP=1
11658045	42	STIM=a
11662015	42	RESP=1
11676061	42	STIM=l
11680326	42	RESP=1
11695023	42	STIM=y
11699392	42	RESP=1
11711108	42	STIM=k
11717394	42	RESP=1
11729699	42	STIM=4
11734421	42	RESP=2
11747647	42	STIM=v
11751746	42	RESP=1
11763505	42	STIM=a
11769590	42	RESP=1
11779918	42	STIM=t
11785470	42	RESP=1
11795407	42	STIM=2
11801639	42	RESP=2
11810617	42	STIM=t
11819123	42	RESP=1
11829109	42	STIM=g
11834700	42	RESP=1
11848006	42	STIM=a
11852348	42	RESP=1
11865775	42	STIM=s
11870344	42	RESP=2
11884188	42	STIM=8
11889715	42	RESP=2
11900578	42	STIM=q
11904837	42	RESP=1
11916169	42	STIM=v
11921638	42	RESP=1
11934290	42	STIM=2
11942562	42	RESP=2
11953169	42	STIM=i
11956182	42	RESP=1
11971098	42	STIM=2
11978753	42	RESP=1
11988916	42	STIM=9
11991972	42	RESP=2
12005382	42	STIM=o
12010082	42	RESP=1
12023153	42	STIM=m
12025709	42	RESP=1
12039266	42	STIM=v
12046253	42	RESP=1
12054343	42	STIM=l
12060548	42	RESP=1
12073185	42	STIM=d
12077408	42	RESP=1
12089729	42	STIM=i
12096793	42	RESP=1
12106883	42	STIM=q
12109774	42	RESP=1
12123011	42	STIM=j
12128379	42	RESP=1
12140426	42	STIM=h
12144779	42	RESP=1
12158690	42	STIM=c
12163059	42	RESP=1
12173859	42	STIM=6
12181124	42	RESP=1
12190137	42	STIM=i
12198097	42	RESP=1
12207343	42	STIM=x
12211049	42	RESP=1
12224418	42	STIM=j
12228593	42	RESP=1
12241468	42	STIM=o
12246603	42	RESP=1
12260034	42	STIM=q
12262710	42	RESP=1
12275657	42	STIM=k
12278586	42	RESP=1
12293255	42	STIM=m
12298703	42	RESP=1
12310722	42	STIM=v
12315963	42	RESP=1
12327699	42	STIM=f
12331787	42	RESP=1
12346482	42	STIM=p
12349508	42	RESP=1
12364527	42	STIM=b
12369587	42	RESP=1
12381927	42	STIM=v
12384512	42	RESP=1
12397154	42	STIM=1
12402955	42	RESP=2
12414069	42	STIM=d
12417637	42	RESP=1
12430796	42	STIM=d
12434170	42	RESP=1
12448661	42	STIM=u
12452216	42	RESP=1
12464122	42	STIM=k
12470391	42	RESP=1
12479643	42	STIM=u
12484416	42	RESP=1
12497887	42	STIM=z
12505213	42	RESP=1
12514995	42	STIM=j
12518268	42	RESP=1
12532909	42	STIM=l
12536955	42	RESP=1
12550586	42	STIM=z
12553875	42	RESP=1
12567306	42	STIM=d
12572190	42	RESP=1
12585297	42	STIM=q
12588912	42	RESP=1
12603698	42	STIM=f
12609441	42	RESP=2
12621290	42	STIM=q
12625877	42	RESP=1
12636592	42	STIM=1
12644102	42	RESP=2
12652385	42	STIM=0
12657705	42	RESP=2
12668903	42	STIM=x
12675210	42	RESP=1
12685192	42	STIM=h
12692637	42	RESP=1
12700992	42	STIM=9
12706112	42	RESP=2
12717910	42	STIM=0
12723918	42	RESP=2
12734258	42	STIM=m
12738241	42	RESP=1
12749412	42	STIM=6
12756846	42	RESP=2
12767820	42	STIM=o
12771730	42	RESP=1
12786110	42	STIM=3
12790398	42	RESP=2
12802426	42	STIM=b
12806482	42	RESP=1
12817728	42	STIM=l
12823836	42	RESP=1
12833997	42	STIM=5
12838715	42	RESP=2
12852824	42	STIM=o
12856225	42	RESP=1
12870507	42	STIM=b
12874213	42	RESP=1
12886439	42	STIM=w
12892280	42	RESP=1
12903274	42	STIM=6
12909558	42	RESP=2
12919498	42	STIM=0
12926317	42	RESP=2
12938439	42	STIM=d
12943100	42	RESP=1
12955471	42	STIM=d
12963840	42	RESP=1
12971657	42	STIM=f
12974797	42	RESP=1
12989496	42	STIM=t
12993736	42	RESP=1
13007148	42	STIM=r
13012909	42	RESP=1
13024018	42	STIM=u
13027270	42	RESP=1
13041087	42	STIM=p
13051576	42	RESP=1
13059878	42	STIM=z
13066698	42	RESP=1
13078225	42	STIM=4
13083862	42	RESP=1
13097011	42	STIM=n
13102782	42	RESP=2
13112038	42	STIM=m
13116577	42	RESP=1
13129419	42	STIM=u
13132581	42	RESP=1
13145367	42	STIM=h
13149984	42	RESP=2
13161471	42	STIM=h
13167128	42	RESP=1
13177263	42	STIM=t
13180435	42	RESP=2
13193330	42	STIM=6
13198600	42	RESP=1
13212026	42	STIM=4
13218251	42	RESP=2
13228958	42	STIM=s
13235766	42	RESP=1
13245595	42	STIM=i
13252264	42	RESP=1
13263569	42	STIM=u
13267564	42	RESP=1
13282252	42	STIM=f
13286656	42	RESP=1
13299598	42	STIM=m
13306741	42	RESP=1
13317827	42	STIM=e
13321712	42	RESP=2
13335385	42	STIM=8
13340007	42	RESP=2
13352042	42	STIM=c
13357640	42	RESP=1
13369296	42	STIM=f
13374617	42	RESP=1
13386946	42	STIM=q
13399032	42	RESP=1
13403860	42	STIM=i
13407844	42	RESP=1
13421495	42	STIM=b
13428110	42	RESP=1
13438794	42	STIM=q
13446030	42	RESP=1
13454774	42	STIM=z
13462358	42	RESP=1
13471149	42	STIM=s
13479578	42	RESP=1
13487561	42	STIM=r
13493890	42	RESP=1
13502857	42	STIM=g
13506288	42	RESP=1
13519472	42	STIM=p
13522852	42	RESP=1
13536910	42	STIM=f
13543182	42	RESP=1
13555513	42	STIM=u
13559897	42	RESP=1
13571035	42	STIM=m
13576850	42	RESP=1
13589722	42	STIM=x
13592951	42	RESP=1
13607666	42	STIM=i
13611910	42	RESP=1
13623729	42	STIM=q
13629443	42	RESP=1
13638886	42	STIM=j
13641945	42	RESP=1
13654427	42	STIM=c
13660355	42	RESP=1
13672152	42	STIM=7
13676284	42	RESP=2
13688185	42	STIM=s
13693012	42	RESP=1
13703760	42	STIM=r
13708383	42	RESP=1
13720018	42	STIM=h
13725537	42	RESP=1
13738998	42	STIM=1
13744983	42	RESP=2
13757982	42	STIM=6
13761205	42	RESP=1
13776891	42	STIM=k
13780202	42	RESP=1
13794311	42	STIM=4
13799943	42	RESP=2
13812351	42	STIM=g
13819558	42	RESP=1
13829597	42	STIM=h
13832957	42	RESP=1
13846373	42	STIM=r
13854515	42	RESP=1
13863726	42	STIM=t
13872016	42	RESP=1
13882409	42	STIM=j
13887616	42	RESP=1
13898122	42	STIM=t
13903996	42	RESP=2
13915202	42	STIM=t
13920712	42	RESP=1
13931848	42	STIM=k
13939713	42	RESP=1
13950395	42	STIM=l
13953597	42	RESP=1
13968146	42	STIM=g
13971270	42	RESP=1
13984219	42	STIM=u
13989578	42	RESP=1
13999432	42	STIM=5
14003180	42	RESP=2
14017168	42	STIM=i
14022640	42	RESP=1
14032311	42	STIM=1
14040635	42	RESP=2
14050819	42	STIM=6
14056702	42	RESP=2
14067445	42	STIM=b
14072678	42	RESP=1
14083212	42	STIM=c
14086917	42	RESP=1
14101022	42	STIM=2
14105830	42	RESP=2
14116617	42	STIM=x
14123589	42	RESP=1
14132367	42	STIM=c
14138884	42	RESP=1
14147764	42	STIM=o
14151553	42	RESP=1
14163077	42	STIM=u
14170641	42	RESP=1
14179674	42	STIM=a
14184025	42	RESP=1
14195348	42	STIM=c
14198805	42	RESP=1
14210962	42	STIM=8
14217972	42	RESP=2
14228804	42	STIM=2
14234189	42	RESP=2
14246726	42	STIM=z
14249829	42	RESP=1
14261852	42	STIM=h
14267115	42	RESP=1
14278546	42	STIM=o
14285133	42	RESP=1
14295320	42	STIM=n
14303253	42	RESP=1
14311337	42	STIM=i
14315437	42	RESP=1
14329250	42	STIM=s
14333158	42	RESP=1
14346935	42	STIM=p
14354024	42	RESP=1
14365251	42	STIM=g
14371827	42	RESP=1
14380422	42	STIM=t
14385881	42	RESP=1
14396402	42	STIM=d
14399849	42	RESP=1
14414933	42	STIM=a
14419404	42	RESP=1
14432068	42	STIM=k
14437113	42	RESP=1
14447864	42	STIM=k
14452498	42	RESP=1
14465214	42	STIM=j
14471026	42	RESP=1
14482953	42	STIM=b
14490168	42	RESP=1
14500445	42	STIM=h
14505863	42	RESP=1
14517715	42	STIM=3
14524989	42	RESP=2
14535754	42	STIM=9
14545515	42	RESP=2
14551843	42	STIM=0
14558657	42	RESP=2
14569966	42	STIM=3
14576066	42	RESP=2
14588793	42	STIM=n
14593892	42	RESP=1
14604494	42	STIM=8
14612268	42	RESP=1
14621483	42	STIM=1
14628165	42	RESP=2
14637696	42	STIM=8
14642314	42	RESP=2
14656222	42	STIM=r
14661003	42	RESP=1
14674471	42	STIM=a
14678039	42	RESP=1
14691143	42	STIM=5
14697054	42	RESP=2
14706835	42	STIM=x
14711687	42	RESP=1
14724841	42	STIM=i
14732383	42	RESP=1
14740884	42	STIM=t
14743960	42	RESP=1
14756685	42	STIM=q
14760888	42	RESP=1
14774357	42	STIM=k
14780372	42	RESP=1
14790161	42	STIM=n
14793973	42	RESP=1
14806575	42	STIM=x
14809567	42	RESP=1
14822522	42	STIM=2
14827170	42	RESP=2
14839666	42	STIM=w
14842990	42	RESP=1
14858426	42	STIM=b
14861504	42	RESP=1
14874889	42	STIM=d
14879703	42	RESP=1
14893293	42	STIM=i
14899553	42	RESP=1
14908656	42	STIM=b
14915032	42	RESP=1
14924311	42	STIM=8
14930925	42	RESP=1
14940454	42	STIM=k
14944923	42	RESP=1
14958789	42	STIM=8
14966106	42	RESP=2
14975040	42	STIM=f
14979131	42	RESP=1
14993106	42	STIM=n
14996749	42	RESP=1
15011433	42	STIM=s
15017440	42	RESP=1
15027258	42	STIM=e
15032440	42	RESP=1
15045958	42	STIM=b
15050537	42	RESP=1
15064015	42	STIM=y
15067115	42	RESP=1
15080395	42	STIM=6
15087419	42	RESP=2
15098932	42	STIM=2
15103807	42	RESP=2
15114392	42	STIM=d
15118642	42	RESP=1
15133388	42	STIM=9
15139727	42	RESP=2
15150687	42	STIM=f
15157358	42	RESP=1
15165808	42	STIM=5
15170113	42	RESP=2
15183730	42	STIM=a
15189557	42	RESP=1
15202109	42	STIM=p
15211015	42	RESP=1
15217750	42	STIM=l
15221532	42	RESP=1
15234443	42	STIM=r
15238172	42	RESP=1
15250680	42	STIM=i
15256788	42	RESP=1
15267809	42	STIM=f
15273314	42	RESP=1
15285838	42	STIM=k
15289829	42	RESP=1
15303959	42	STIM=m
15308398	42	RESP=1
15320849	42	STIM=o
15324693	42	RESP=1
15336293	42	STIM=f
15341750	42	RESP=1
15352718	42	STIM=c
15360690	42	RESP=1
15371336	42	STIM=4
15376438	42	RESP=2
15388269	42	STIM=c
15394563	42	RESP=1
15403441	42	STIM=2
15409007	42	RESP=2
15420322	42	STIM=4
15423891	42	RESP=2
15438278	42	STIM=x
15444213	42	RESP=1
15455233	42	STIM=e
15461609	42	RESP=2
15470491	42	STIM=3
15476064	42	RESP=1
15486098	42	STIM=4
15490263	42	RESP=2
15501148	42	STIM=a
15504398	42	RESP=1
15517774	42	STIM=t
15522677	42	RESP=1
15534093	42	STIM=7
15539276	42	RESP=2
15551968	42	STIM=e
15555861	42	RESP=1
15568434	42	STIM=u
15572197	42	RESP=1
15584615	42	STIM=g
15591643	42	RESP=1
15602366	42	STIM=h
15605868	42	RESP=1
15618887	42	STIM=7
15625037	42	RESP=2
15637787	42	STIM=p
15644371	42	RESP=1
15653113	42	STIM=o
15657609	42	RESP=1
15668197	42	STIM=0
15673893	42	RESP=2
15686887	42	STIM=2
15694393	42	RESP=2
15702181	42	STIM=g
15707711	42	RESP=1
15719319	42	STIM=w
15723772	42	RESP=1
15738108	42	STIM=i
15742804	42	RESP=1
15756529	42	STIM=g
15758972	42	RESP=1
15773720	42	STIM=4
15778188	42	RESP=2
15792651	42	STIM=q
15804077	42	RESP=1
15811438	42	STIM=y
15814261	42	RESP=1
15828382	42	STIM=5
15835673	42	RESP=2
15843542	42	STIM=d
15848482	42	RESP=1
15859671	42	STIM=h
15864891	42	RESP=2
15875476	42	STIM=g
15879630	42	RESP=1
15891721	42	STIM=p
15898050	42	RESP=1
15908589	42	STIM=o
15913282	42	RESP=1
15927292	42	STIM=c
15930923	42	RESP=1
15943166	42	STIM=3
15951348	42	RESP=2
15961724	42	STIM=v
15966107	42	RESP=1
15980685	42	STIM=u
15984038	42	RESP=1
15997602	42	STIM=p
16004583	42	RESP=1
16015896	42	STIM=a
16022435	42	RESP=1
16031994	42	STIM=v
16037129	42	RESP=1
16048806	42	STIM=b
16053506	42	RESP=1
16065178	42	STIM=s
16070539	42	RESP=1
16084124	42	STIM=s
16090146	42	RESP=1
16100692	42	STIM=t
16107894	42	RESP=1
16117157	42	STIM=m
16122292	42	RESP=1
16134128	42	STIM=c
16138501	42	RESP=1
16149611	42	STIM=r
16152798	42	RESP=1
16168182	42	STIM=l
16172282	42	RESP=1
16183919	42	STIM=d
16191855	42	RESP=1
16200730	42	STIM=f
16205574	42	RESP=1
16217372	42	STIM=3
16223008	42	RESP=2
16235263	42	STIM=3
16241453	42	RESP=2
16253981	42	STIM=m
16261987	42	RESP=1
16272939	42	STIM=p
16278151	42	RESP=1
16288703	42	STIM=x
16293393	42	RESP=1
16304704	42	STIM=d
16307522	42	RESP=1
16320840	42	STIM=0
16325522	42	RESP=2
16337515	42	STIM=c
16343036	42	RESP=1
16356191	42	STIM=0
16359977	42	RESP=2
16374651	42	STIM=0
16380828	42	RESP=2
16393459	42	STIM=u
16398000	42	RESP=1
16410883	42	STIM=l
16415134	42	RESP=1
16426457	42	STIM=p
16430330	42	RESP=1
16445325	42	STIM=m
16449678	42	RESP=1
16463319	42	STIM=i
16467360	42	RESP=1
16480794	42	STIM=q
16486525	42	RESP=1
16496650	42	STIM=f
16502475	42	RESP=1
16513757	42	STIM=f
16516487	42	RESP=1
16531806	42	STIM=o
16539358	42	RESP=1
16548999	42	STIM=c
16556546	42	RESP=1
16565371	42	STIM=s
16568569	42	RESP=1
16581692	42	STIM=l
16587148	42	RESP=1
16600468	42	STIM=v
16606295	42	RESP=1
16616239	42	STIM=5
16620318	42	RESP=2
16633919	42	STIM=j
16636661	42	RESP=1
16651803	42	STIM=o
16655730	42	RESP=1
16667909	42	STIM=8
16673068	42	RESP=2
16684716	42	STIM=8
16691158	42	RESP=2
16703023	42	STIM=m
16708765	42	RESP=1
16719660	42	STIM=e
16725915	42	RESP=1
16735514	42	STIM=c
16739103	42	RESP=1
16751349	42	STIM=w
16755258	42	RESP=1
16767090	42	STIM=z
16771103	42	RESP=1
16783471	42	STIM=6
16788368	42	RESP=1
16801443	42	STIM=c
16804893	42	RESP=1
16817967	42	STIM=t
16822396	42	RESP=1
16834629	42	STIM=4
16840025	42	RESP=2
16853096	42	STIM=c
16858495	42	RESP=1
16869760	42	STIM=7
16873684	42	RESP=2
16884878	42	STIM=7
16890159	42	RESP=2
16902536	42	STIM=g
16906169	42	RESP=1
16920992	42	STIM=f
16925016	42	RESP=1
16938664	42	STIM=e
16942086	42	RESP=1
16957269	42	STIM=r
16960105	42	RESP=1
16973167	42	STIM=h
16975895	42	RESP=1
16991523	42	STIM=y
16995048	42	RESP=1
17009337	42	STIM=l
17012649	42	RESP=1
17028143	42	STIM=a
17031977	42	RESP=1
17043205	42	STIM=j
17048839	42	RESP=1
17059059	42	STIM=v
17063001	42	RESP=1
17075572	42	STIM=h
17079185	42	RESP=2
17093598	42	STIM=h
17099701	42	RESP=1
17112037	42	STIM=j
17116135	42	RESP=1
17129200	42	STIM=a
17133513	42	RESP=1
17146543	42	STIM=4
17152149	42	RESP=1
17163551	42	STIM=k
17167867	42	RESP=1
17182255	42	STIM=3
17186758	42	RESP=2
17200497	42	STIM=k
17203590	42	RESP=1
17216069	42	STIM=7
17225494	42	RESP=2
17233657	42	STIM=c
17236991	42	RESP=1
17248819	42	STIM=v
17255028	42	RESP=2
17264735	42	STIM=d
17269525	42	RESP=1
17281136	42	STIM=6
17287336	42	RESP=2
17298186	42	STIM=m
17304926	42	RESP=1
17316673	42	STIM=x
17319961	42	RESP=1
17332676	42	STIM=j
17336068	42	RESP=1
17348991	42	STIM=s
17354936	42	RESP=1
17366690	42	STIM=0
17373693	42	RESP=2
17384221	42	STIM=x
17388942	42	RESP=1
17399971	42	STIM=g
17403200	42	RESP=1
17417313	42	STIM=y
17423411	42	RESP=1
17433367	42	STIM=6
17438574	42	RESP=1
17451174	42	STIM=c
17457988	42	RESP=1
17467644	42	STIM=q
17471857	42	RESP=1
17484404	42	STIM=5
17492059	42	RESP=1
17501659	42	STIM=i
17507929	42	RESP=1
17520206	42	STIM=d
17523897	42	RESP=1
17535898	42	STIM=0
17540515	42	RESP=2
17551662	42	STIM=m
17555140	42	RESP=1
17568049	42	STIM=s
17572246	42	RESP=1
17583686	42	STIM=w
17586455	42	RESP=1
17602024	42	STIM=t
17604961	42	RESP=1
17617246	42	STIM=7
17621646	42	RESP=2
17635962	42	STIM=c
17638869	42	RESP=1
17653197	42	STIM=r
17656410	42	RESP=1
17671255	42	STIM=s
17675769	42	RESP=1
17686957	42	STIM=m
17692998	42	RESP=1
17704775	42	STIM=t
17709566	42	RESP=1
17721563	42	STIM=u
17728115	42	RESP=1
17739368	42	STIM=z
17744064	42	RESP=1
17756138	42	STIM=p
17762131	42	RESP=1
17775078	42	STIM=g
17779401	42	RESP=1
17792568	42	STIM=d
17799641	42	RESP=1
17807863	42	STIM=z
17811133	42	RESP=1
17824006	42	STIM=p
17829611	42	RESP=1
17839796	42	STIM=l
17844697	42	RESP=1
17856384	42	STIM=p
17862309	42	RESP=1
17872787	42	STIM=5
17878791	42	RESP=2
17889962	42	STIM=1
17894645	42	RESP=2
17906219	42	STIM=g
17912143	42	RESP=1
17923533	42	STIM=s
17928264	42	RESP=1
17938975	42	STIM=q
17942422	42	RESP=1
17957559	42	STIM=t
17962514	42	RESP=1
17973159	42	STIM=q
17979676	42	RESP=1
17990974	42	STIM=c
17995445	42	RESP=1
18006829	42	STIM=m
18011193	42	RESP=1
18025171	42	STIM=5
18030933	42	RESP=1
18043932	42	STIM=t
18047095	42	RESP=1
18061793	42	STIM=y
18065819	42	RESP=1
18077907	42	STIM=s
18082344	42	RESP=1
18093605	42	STIM=d
18097980	42	RESP=1
18111548	42	STIM=r
18116076	42	RESP=1
18127847	42	STIM=t
18133852	42	RESP=1
18146644	42	STIM=1
18151841	42	RESP=2
18164994	42	STIM=d
18170465	42	RESP=1
18180053	42	STIM=q
18182920	42	RESP=1
18198801	42	STIM=2
18207035	42	RESP=2
18215634	42	STIM=u
18221805	42	RESP=1
18232048	42	STIM=2
18237376	42	RESP=2
18250598	42	STIM=b
18257885	42	RESP=1
18268495	42	STIM=a
18271678	42	RESP=1
18287332	42	STIM=t
18291884	42	RESP=1
18306080	42	STIM=t
18310861	42	RESP=1
18324181	42	STIM=0
18332794	42	RESP=2
18340574	42	STIM=g
18344845	42	RESP=1
18357067	42	STIM=w
18360746	42	RESP=1
18374351	42	STIM=2
18380269	42	RESP=2
18392827	42	STIM=2
18396870	42	RESP=2
18408818	42	STIM=l
18414917	42	RESP=1
18427259	42	STIM=f
18432530	42	RESP=1
18444133	42	STIM=g
18449191	42	RESP=1
18461046	42	STIM=q
18466427	42	RESP=1
18477097	42	STIM=d
18479761	42	RESP=1
18492989	42	STIM=w
18498360	42	RESP=1
18511257	42	STIM=g
18514460	42	RESP=1
18528423	42	STIM=p
18532038	42	RESP=1
18546634	42	STIM=j
18551333	42	RESP=1
18562815	42	STIM=n
18571794	42	RESP=1
18579938	42	STIM=4
18585405	42	RESP=2
18596473	42	STIM=p
18600452	42	RESP=1
18613593	42	STIM=u
18617152	42	RESP=1
18629343	42	STIM=p
18633848	42	RESP=1
18648036	42	STIM=c
18652695	42	RESP=1
18666883	42	STIM=4
18673968	42	RESP=2
18684653	42	STIM=u
18692358	42	RESP=1
18700631	42	STIM=z
18706207	42	RESP=1
18718078	42	STIM=l
18725995	42	RESP=1
18735563	42	STIM=1
18740657	42	RESP=2
18751588	42	STIM=r
18756642	42	RESP=1
18767873	42	STIM=t
18771891	42	RESP=1
18786064	42	STIM=l
18789846	42	RESP=1
18804323	42	STIM=0
18812819	42	RESP=2
18822141	42	STIM=y
18827780	42	RESP=1
18837274	42	STIM=0
18845050	42	RESP=2
18854367	42	STIM=4
18860629	42	RESP=2
18871433	42	STIM=n
18876647	42	RESP=1
18890129	42	STIM=6
18895427	42	RESP=2
18907228	42	STIM=y
18913259	42	RESP=1
18923087	42	STIM=i
18928923	42	RESP=1
18941626	42	STIM=8
18946631	42	RESP=2
18960359	42	STIM=x
18964639	42	RESP=1
18975788	42	STIM=m
18980433	42	RESP=2
18994628	42	STIM=b
18999052	42	RESP=1
19011718	42	STIM=n
19015183	42	RESP=1
19028686	42	STIM=i
19032991	42	RESP=1
19046735	42	STIM=a
19051104	42	RESP=1
19063045	42	STIM=4
19068370	42	RESP=2
19079152	42	STIM=h
19086551	42	RESP=1
19097289	42	STIM=c
19102506	42	RESP=1
19115543	42	STIM=6
19120839	42	RESP=2
19133137	42	STIM=w
19135910	42	RESP=1
19151454	42	STIM=7
19155988	42	RESP=2
19167283	42	STIM=g
19174240	42	RESP=1
19185129	42	STIM=z
19190170	42	RESP=1
19200741	42	STIM=h
19205235	42	RESP=1
19217934	42	STIM=d
19225015	42	RESP=1
19234446	42	STIM=l
19237217	42	RESP=1
19253398	42	STIM=x
19260236	42	RESP=1
19271041	42	STIM=o
19274550	42	RESP=1
19286797	42	STIM=y
19295306	42	RESP=1
19302408	42	STIM=n
19308115	42	RESP=1
19320792	42	STIM=f
19327107	42	RESP=1
19337041	42	STIM=h
19340653	42	RESP=2
19352255	42	STIM=v
19357394	42	RESP=2
19370339	42	STIM=y
19373674	42	RESP=1
19388787	42	STIM=g
19397702	42	RESP=1
19406571	42	STIM=1
19412400	42	RESP=1
19424991	42	STIM=i
19435308	42	RESP=1
19442892	42	STIM=8
19448811	42	RESP=1
19460410	42	STIM=7
19467135	42	RESP=2
19476185	42	STIM=q
19480877	42	RESP=1
19494680	42	STIM=e
19498710	42	RESP=1
19511153	42	STIM=v
19515215	42	RESP=1
19529574	42	STIM=d
19534150	42	RESP=1
19547872	42	STIM=g
19554622	42	RESP=1
19564772	42	STIM=r
19568022	42	RESP=1
19582524	42	STIM=x
19586478	42	RESP=1
19599225	42	STIM=h
19605718	42	RESP=1
19614714	42	STIM=k
19625217	42	RESP=1
19633117	42	STIM=b
19636427	42	RESP=1
19650073	42	STIM=w
19653571	42	RESP=1
19665789	42	STIM=b
19672940	42	RESP=1
19682597	42	STIM=r
19687169	42	RESP=1
19700644	42	STIM=b
19705416	42	RESP=1
19718589	42	STIM=y
19724178	42	RESP=1
19736977	42	STIM=d
19740446	42	RESP=1
19752604	42	STIM=h
19759300	42	RESP=1
19768330	42	STIM=f
19772511	42	RESP=1
19786450	42	STIM=k
19790015	42	RESP=1
19801723	42	STIM=f
19807343	42	RESP=1
19817176	42	STIM=m
19821086	42	RESP=1
19834729	42	STIM=p
19838341	42	RESP=1
19850008	42	STIM=7
19855274	42	RESP=2
19867702	42	STIM=q
19870912	42	RESP=1
19883915	42	STIM=v
19887981	42	RESP=1
19900128	42	STIM=m
19904666	42	RESP=1
19916443	42	STIM=n
19923051	42	RESP=1
19931795	42	STIM=z
19934724	42	RESP=1
19948384	42	STIM=v
19953099	42	RESP=1
19966863	42	STIM=i
19971130	42	RESP=1
19983844	42	STIM=b
19987188	42	RESP=1
20002656	42	STIM=d
20006087	42	RESP=1
20017869	42	STIM=x
20021250	42	RESP=1
20033484	42	STIM=x
20043256	42	RESP=1
20050668	42	STIM=i
20055692	42	RESP=1
20068518	42	STIM=4
20073530	42	RESP=2
20087409	42	STIM=e
20093430	42	RESP=1
20103300	42	STIM=m
20106553	42	RESP=1
20121545	42	STIM=x
20129105	42	RESP=1
20136933	42	STIM=e
20139887	42	RESP=1
20152395	42	STIM=9
20159556	42	RESP=2
20170075	42	STIM=z
20174463	42	RESP=1
20185832	42	STIM=o
20191728	42	RESP=1
20204022	42	STIM=8
20210044	42	RESP=2
20220186	42	STIM=r
20222833	42	RESP=1
20237684	42	STIM=i
20240942	42	RESP=1
20253230	42	STIM=r
20256713	42	RESP=1
20268870	42	STIM=s
20271345	42	RESP=1
20287100	42	STIM=9
20293718	42	RESP=2
20304584	42	STIM=g
20312407	42	RESP=1
20321019	42	STIM=k
20329506	42	RESP=1
20336115	42	STIM=8
20344046	42	RESP=1
20353325	42	STIM=3
20359865	42	RESP=2
20371658	42	STIM=2
20379929	42	RESP=1
20389032	42	STIM=w
20393336	42	RESP=1
20406251	42	STIM=2
20412541	42	RESP=2
20424849	42	STIM=d
20428649	42	RESP=1
20443169	42	STIM=v
20446346	42	RESP=1
20459868	42	STIM=p
20468293	42	RESP=1
20478312	42	STIM=l
20484547	42	RESP=1
20495691	42	STIM=f
20501912	42	RESP=1
20514441	42	STIM=g
20518336	42	RESP=1
20532835	42	STIM=w
20537442	42	RESP=1
20550234	42	STIM=7
20555278	42	RESP=2
20568240	42	STIM=m
20572019	42	RESP=1
20585890	42	STIM=h
20591036	42	RESP=1
20602530	42	STIM=t
20606552	42	RESP=1
20618188	42	STIM=q
20623306	42	RESP=1
20633814	42	STIM=o
20638089	42	RESP=1
20650461	42	STIM=c
20654262	42	RESP=1
20667828	42	STIM=l
20671848	42	RESP=1
20684254	42	STIM=n
20688948	42	RESP=1
20701261	42	STIM=c
20704674	42	RESP=1
20717827	42	STIM=u
20721033	42	RESP=1
20734733	42	STIM=f
20741922	42	RESP=1
20753607	42	STIM=i
20758679	42	RESP=1
20771243	42	STIM=1
20776476	42	RESP=2
20789656	42	STIM=d
20795279	42	RESP=1
20806691	42	STIM=y
20811003	42	RESP=1
20825041	42	STIM=g
20832843	42	RESP=1
20843294	42	STIM=g
20846233	42	RESP=2
20859284	42	STIM=8
20864725	42	RESP=2
20875243	42	STIM=f
20884314	42	RESP=1
20892958	42	STIM=a
20897669	42	RESP=1
20909763	42	STIM=t
20914065	42	RESP=1
20927704	42	STIM=q
20931305	42	RESP=1
20945847	42	STIM=n
20950383	42	RESP=1
20962750	42	STIM=3
20967351	42	RESP=2
20978200	42	STIM=j
20985502	42	RESP=1
20996577	42	STIM=d
21001056	42	RESP=1
21013741	42	STIM=l
21018015	42	RESP=1
21028886	42	STIM=3
21035460	42	RESP=1
21044378	42	STIM=f
21050560	42	RESP=1
21059497	42	STIM=p
21065852	42	RESP=1
21078073	42	STIM=u
21084029	42	RESP=1
21093845	42	STIM=n
21099337	42	RESP=1
21110479	42	STIM=b
21115788	42	RESP=1
21127994	42	STIM=u
21132231	42	RESP=1
21144349	42	STIM=s
21148460	42	RESP=1
21162099	42	STIM=x
21168976	42	RESP=1
21180534	42	STIM=s
21183686	42	RESP=2
21198954	42	STIM=e
21205454	42	RESP=1
21214505	42	STIM=r
21219735	42	RESP=1
21231474	42	STIM=h
21237637	42	RESP=1
21247496	42	STIM=9
21251954	42	RESP=2
21266194	42	STIM=8
21270429	42	RESP=1
21283717	42	STIM=9
21291888	42	RESP=2
21302028	42	STIM=p
21306137	42	RESP=1
21318378	42	STIM=6
21322699	42	RESP=2
21335250	42	STIM=f
21341785	42	RESP=2
21350830	42	STIM=f
21355500	42	RESP=1
21368392	42	STIM=7
21378230	42	RESP=2
21386444	42	STIM=a
21391252	42	RESP=1
21402767	42	STIM=7
21409862	42	RESP=2
21419130	42	STIM=w
21424853	42	RESP=1
21436597	42	STIM=i
21441212	42	RESP=1
21451773	42	STIM=p
21457137	42	RESP=1
21469589	42	STIM=9
21473956	42	RESP=2
21485916	42	STIM=r
21493408	42	RESP=1
21502376	42	STIM=t
21508101	42	RESP=1
21520806	42	STIM=h
21526455	42	RESP=1
21538609	42	STIM=j
21543973	42	RESP=1
21554545	42	STIM=d
21557863	42	RESP=1
21572497	42	STIM=2
21580560	42	RESP=2
21589351	42	STIM=v
21594173	42	RESP=2
21605959	42	STIM=p
21612853	42	RESP=1
21623818	42	STIM=k
21629308	42	RESP=1
21642363	42	STIM=k
21645681	42	RESP=1
21661083	42	STIM=x
21666676	42	RESP=1
21679857	42	STIM=k
21687007	42	RESP=1
21697916	42	STIM=b
21703653	42	RESP=1
21713979	42	STIM=l
21718412	42	RESP=1
21730673	42	STIM=k
21735254	42	RESP=1
21747409	42	STIM=v
21750858	42	RESP=1
21766048	42	STIM=4
21772022	42	RESP=1
