# Original filename: 0024_TSG_2017-02-15.log
# Time unit: 100 us
# RARECAT=digit
#
# Time	HHGG	Event
28788	42	STIM=u
37381	42	RESP=1
45255	42	STIM=a
50566	42	RESP=1
61664	42	STIM=l
68147	42	RESP=1
80605	42	STIM=c
89266	42	RESP=1
99043	42	STIM=h
103017	42	RESP=1
117652	42	STIM=e
123474	42	RESP=1
133899	42	STIM=e
138581	42	RESP=1
152827	42	STIM=b
160624	42	RESP=1
171543	42	STIM=y
176036	42	RESP=1
188179	42	STIM=4
195375	42	RESP=2
205232	42	STIM=p
210871	42	RESP=1
221665	42	STIM=6
229177	42	RESP=1
236753	42	STIM=w
246584	42	RESP=1
254488	42	STIM=i
261572	42	RESP=1
270912	42	STIM=u
275479	42	RESP=1
289260	42	STIM=c
295030	42	RESP=1
307961	42	STIM=l
312477	42	RESP=1
323999	42	STIM=b
327630	42	RESP=1
340029	42	STIM=h
346452	42	RESP=1
357577	42	STIM=v
362903	42	RESP=1
372704	42	STIM=w
376503	42	RESP=1
387864	42	STIM=i
391506	42	RESP=1
406089	42	STIM=5
411285	42	RESP=2
421339	42	STIM=8
429586	42	RESP=1
439140	42	STIM=n
442578	42	RESP=1
456680	42	STIM=b
460566	42	RESP=1
472605	42	STIM=7
478579	42	RESP=2
489719	42	STIM=e
494703	42	RESP=1
507487	42	STIM=7
516842	42	RESP=2
524060	42	STIM=k
530680	42	RESP=1
541182	42	STIM=g
546055	42	RESP=1
556635	42	STIM=1
560532	42	RESP=2
574455	42	STIM=e
581249	42	RESP=1
591896	42	STIM=k
597848	42	RESP=1
608178	42	STIM=5
612159	42	RESP=1
623725	42	STIM=v
631831	42	RESP=1
639370	42	STIM=2
646663	42	RESP=2
656334	42	STIM=q
664234	42	RESP=1
672591	42	STIM=d
677911	42	RESP=1
691403	42	STIM=p
696126	42	RESP=1
707577	42	STIM=f
716108	42	RESP=1
724719	42	STIM=l
729121	42	RESP=2
743699	42	STIM=8
749756	42	RESP=2
760995	42	STIM=w
769195	42	RESP=1
778509	42	STIM=z
786978	42	RESP=1
795311	42	STIM=y
799393	42	RESP=1
812151	42	STIM=i
824833	42	RESP=1
828883	42	STIM=e
835308	42	RESP=1
845254	42	STIM=l
848784	42	RESP=1
862156	42	STIM=n
867406	42	RESP=1
879183	42	STIM=z
884722	42	RESP=1
897577	42	STIM=r
911677	42	RESP=1
913526	42	STIM=s
921443	42	RESP=1
931204	42	STIM=m
938126	42	RESP=1
949967	42	STIM=d
955910	42	RESP=1
967596	42	STIM=x
974693	42	RESP=1
984125	42	STIM=o
986888	42	RESP=1
1002763	42	STIM=5
1008498	42	RESP=2
1018274	42	STIM=p
1027973	42	RESP=1
1035174	42	STIM=w
1040427	42	RESP=1
1050338	42	STIM=c
1056946	42	RESP=2
1068184	42	STIM=b
1071261	42	RESP=1
1086858	42	STIM=t
1093496	42	RESP=1
1105028	42	STIM=v
1112023	42	RESP=2
1120952	42	STIM=t
1126444	42	RESP=1
1139779	42	STIM=o
1146240	42	RESP=1
1157042	42	STIM=u
1163645	42	RESP=1
1173629	42	STIM=m
1182022	42	RESP=1
1190928	42	STIM=8
1197564	42	RESP=2
1208808	42	STIM=e
1212480	42	RESP=1
1224034	42	STIM=y
1232905	42	RESP=1
1242441	42	STIM=t
1246227	42	RESP=1
1257826	42	STIM=e
1261782	42	RESP=1
1274613	42	STIM=o
1279620	42	RESP=1
1292694	42	STIM=e
1298981	42	RESP=1
1308492	42	STIM=v
1311472	42	RESP=1
1324548	42	STIM=8
1330110	42	RESP=2
1341006	42	STIM=0
1349230	42	RESP=2
1357816	42	STIM=y
1361335	42	RESP=1
1374854	42	STIM=k
1379019	42	RESP=1
1390432	42	STIM=u
1395946	42	RESP=1
1408650	42	STIM=o
1415247	42	RESP=1
1426573	42	STIM=2
1434882	42	RESP=2
1445300	42	STIM=a
1456063	42	RESP=1
1464278	42	STIM=y
1468764	42	RESP=1
1480656	42	STIM=u
1483845	42	RESP=1
1496115	42	STIM=m
1499836	42	RESP=1
1513481	42	STIM=p
1518475	42	RESP=1
1531078	42	STIM=c
1534499	42	RESP=1
1546723	42	STIM=w
1549858	42	RESP=1
1561940	42	STIM=f
1565790	42	RESP=1
1579520	42	STIM=h
1583908	42	RESP=1
1595072	42	STIM=s
1598105	42	RESP=1
1612504	42	STIM=e
1615606	42	RESP=1
1631315	42	STIM=z
1636770	42	RESP=1
1649638	42	STIM=6
1658936	42	RESP=2
1665237	42	STIM=a
1681569	42	RESP=1
1682935	42	STIM=9
1691234	42	RESP=2
1700781	42	STIM=2
1707525	42	RESP=2
1717904	42	STIM=n
1725682	42	RESP=1
1735503	42	STIM=3
1741151	42	RESP=1
1753713	42	STIM=0
1759579	42	RESP=2
1770455	42	STIM=d
1778988	42	RESP=1
1787266	42	STIM=o
1793683	42	RESP=1
1802691	42	STIM=6
1809176	42	RESP=1
1819810	42	STIM=w
1830149	42	RESP=1
1835511	42	STIM=9
1844915	42	RESP=2
1852379	42	STIM=a
1855570	42	RESP=1
1868575	42	STIM=e
1878115	42	RESP=1
1884160	42	STIM=f
1888712	42	RESP=1
1900295	42	STIM=y
1904740	42	RESP=1
1915542	42	STIM=m
1919802	42	RESP=1
1933839	42	STIM=u
1940701	42	RESP=2
1951401	42	STIM=j
1960035	42	RESP=1
1966639	42	STIM=n
1971427	42	RESP=1
1984347	42	STIM=1
1990906	42	RESP=1
1999729	42	STIM=9
2007440	42	RESP=2
2017866	42	STIM=u
2021773	42	RESP=1
2033251	42	STIM=g
2037429	42	RESP=1
2048574	42	STIM=m
2054050	42	RESP=1
2066287	42	STIM=1
2077401	42	RESP=1
2085077	42	STIM=r
2095055	42	RESP=1
2102302	42	STIM=4
2107441	42	RESP=2
2119116	42	STIM=9
2124350	42	RESP=1
2135974	42	STIM=w
2142123	42	RESP=1
2152605	42	STIM=j
2160334	42	RESP=1
2169144	42	STIM=j
2173783	42	RESP=1
2188001	42	STIM=d
2195075	42	RESP=1
2203243	42	STIM=w
2208563	42	RESP=1
2222221	42	STIM=p
2225144	42	RESP=1
2239063	42	STIM=d
2243938	42	RESP=1
2254066	42	STIM=x
2257798	42	RESP=1
2269690	42	STIM=7
2274164	42	RESP=2
2286697	42	STIM=o
2292153	42	RESP=1
2303882	42	STIM=c
2312679	42	RESP=1
2319094	42	STIM=w
2323051	42	RESP=1
2335112	42	STIM=9
2345661	42	RESP=2
2353593	42	STIM=p
2358903	42	RESP=1
2369677	42	STIM=l
2377036	42	RESP=1
2387171	42	STIM=c
2392871	42	RESP=1
2404851	42	STIM=p
2411061	42	RESP=1
2420289	42	STIM=u
2425107	42	RESP=1
2437540	42	STIM=0
2447702	42	RESP=2
2453571	42	STIM=c
2457971	42	RESP=1
2469101	42	STIM=t
2474573	42	RESP=1
2485386	42	STIM=u
2488462	42	RESP=1
2502488	42	STIM=v
2512116	42	RESP=1
2520416	42	STIM=3
2525245	42	RESP=2
2536499	42	STIM=j
2541730	42	RESP=1
2554052	42	STIM=4
2559645	42	RESP=2
2572647	42	STIM=5
2578778	42	RESP=2
2590590	42	STIM=q
2597079	42	RESP=1
2608881	42	STIM=d
2611775	42	RESP=1
2625575	42	STIM=j
2634633	42	RESP=1
2644439	42	STIM=a
2649221	42	RESP=1
2663290	42	STIM=p
2669650	42	RESP=1
2680942	42	STIM=g
2684164	42	RESP=1
2699120	42	STIM=i
2703248	42	RESP=1
2715805	42	STIM=x
2721529	42	RESP=1
2733467	42	STIM=j
2737469	42	RESP=1
2751838	42	STIM=a
2757509	42	RESP=1
2768998	42	STIM=j
2775443	42	RESP=2
2785098	42	STIM=6
2789245	42	RESP=2
2803452	42	STIM=t
2812060	42	RESP=1
2820200	42	STIM=3
2825047	42	RESP=2
2837279	42	STIM=d
2844107	42	RESP=1
2853858	42	STIM=r
2856742	42	RESP=1
2870808	42	STIM=g
2876066	42	RESP=1
2886373	42	STIM=1
2891754	42	RESP=2
2903566	42	STIM=l
2908864	42	RESP=1
2921164	42	STIM=q
2927821	42	RESP=1
2936294	42	STIM=e
2942342	42	RESP=1
2951439	42	STIM=a
2957504	42	RESP=1
2967836	42	STIM=z
2972814	42	RESP=1
2982917	42	STIM=c
2988267	42	RESP=1
3000974	42	STIM=9
3007161	42	RESP=1
3018205	42	STIM=g
3026514	42	RESP=1
3036458	42	STIM=y
3042812	42	RESP=1
3055056	42	STIM=d
3062525	42	RESP=1
3073965	42	STIM=q
3079939	42	RESP=1
3092541	42	STIM=e
3098634	42	RESP=1
3109172	42	STIM=p
3114403	42	RESP=1
3125966	42	STIM=9
3132850	42	RESP=2
3144190	42	STIM=n
3150258	42	RESP=1
3161440	42	STIM=q
3165524	42	RESP=1
3178257	42	STIM=5
3182962	42	RESP=2
3194833	42	STIM=j
3199598	42	RESP=1
3213729	42	STIM=z
3217055	42	RESP=1
3231626	42	STIM=c
3243478	42	RESP=1
3248698	42	STIM=q
3253195	42	RESP=1
3264244	42	STIM=m
3267040	42	RESP=1
3280370	42	STIM=3
3284444	42	RESP=2
3298379	42	STIM=b
3304439	42	RESP=1
3315987	42	STIM=6
3320301	42	RESP=2
3334459	42	STIM=1
3342789	42	RESP=2
3353195	42	STIM=b
3357754	42	RESP=1
3369077	42	STIM=3
3383295	42	RESP=2
3387792	42	STIM=v
3396894	42	RESP=1
3404026	42	STIM=2
3411272	42	RESP=2
3420501	42	STIM=3
3427013	42	RESP=2
3436044	42	STIM=q
3442402	42	RESP=1
3452152	42	STIM=h
3456280	42	RESP=1
3468416	42	STIM=n
3473933	42	RESP=1
3483585	42	STIM=z
3489917	42	RESP=1
3502582	42	STIM=s
3508100	42	RESP=1
3517773	42	STIM=p
3522348	42	RESP=1
3532935	42	STIM=u
3540326	42	RESP=2
3550205	42	STIM=i
3556529	42	RESP=1
3568251	42	STIM=j
3573399	42	RESP=1
3586692	42	STIM=2
3597662	42	RESP=2
3604407	42	STIM=g
3608611	42	RESP=1
3620388	42	STIM=c
3626295	42	RESP=1
3637825	42	STIM=p
3645788	42	RESP=1
3656322	42	STIM=6
3665047	42	RESP=2
3672270	42	STIM=8
3678197	42	RESP=1
3689780	42	STIM=d
3696818	42	RESP=1
3705437	42	STIM=1
3711708	42	RESP=2
3722831	42	STIM=l
3726984	42	RESP=1
3738166	42	STIM=v
3742923	42	RESP=1
3757034	42	STIM=b
3767765	42	RESP=1
3772735	42	STIM=c
3779167	42	RESP=1
3791261	42	STIM=b
3796063	42	RESP=1
3809994	42	STIM=j
3819067	42	RESP=1
3825279	42	STIM=o
3833134	42	RESP=1
3844076	42	STIM=w
3852650	42	RESP=1
3860758	42	STIM=2
3866669	42	RESP=2
3878776	42	STIM=s
3885240	42	RESP=1
3895670	42	STIM=s
3905237	42	RESP=1
3911933	42	STIM=l
3917092	42	RESP=1
3927694	42	STIM=b
3931185	42	RESP=1
3946008	42	STIM=i
3952518	42	RESP=1
3962440	42	STIM=v
3967386	42	RESP=1
3980486	42	STIM=a
3986347	42	RESP=1
3995523	42	STIM=i
4000304	42	RESP=1
4012914	42	STIM=g
4017945	42	RESP=1
4028905	42	STIM=f
4036711	42	RESP=1
4045821	42	STIM=q
4049378	42	RESP=1
4062545	42	STIM=g
4068698	42	RESP=1
4078322	42	STIM=m
4083331	42	RESP=1
4093429	42	STIM=0
4099615	42	RESP=1
4109735	42	STIM=s
4113899	42	RESP=1
4126755	42	STIM=p
4131191	42	RESP=1
4143359	42	STIM=t
4146991	42	RESP=1
4158418	42	STIM=0
4164234	42	RESP=2
4173674	42	STIM=5
4178330	42	RESP=1
4189242	42	STIM=g
4194345	42	RESP=1
4207218	42	STIM=r
4210070	42	RESP=1
4222376	42	STIM=b
4225874	42	RESP=1
4241148	42	STIM=s
4253228	42	RESP=1
4259187	42	STIM=m
4263398	42	RESP=1
4277136	42	STIM=g
4282707	42	RESP=1
4294195	42	STIM=r
4300765	42	RESP=1
4311721	42	STIM=d
4315333	42	RESP=1
4329422	42	STIM=v
4334713	42	RESP=1
4346021	42	STIM=9
4351611	42	RESP=2
4363807	42	STIM=m
4369465	42	RESP=2
4382280	42	STIM=i
4388391	42	RESP=1
4400252	42	STIM=j
4406066	42	RESP=1
4415374	42	STIM=o
4417712	42	RESP=2
4430375	42	STIM=k
4434304	42	RESP=1
4445806	42	STIM=w
4450179	42	RESP=1
4461326	42	STIM=8
4467714	42	RESP=2
4477524	42	STIM=n
4483579	42	RESP=1
4494043	42	STIM=g
4503329	42	RESP=1
4511658	42	STIM=9
4517991	42	RESP=2
4527097	42	STIM=q
4531000	42	RESP=1
4543490	42	STIM=6
4553659	42	RESP=2
4561163	42	STIM=r
4567269	42	RESP=1
4578721	42	STIM=o
4583822	42	RESP=1
4596626	42	STIM=j
4606960	42	RESP=1
4614097	42	STIM=m
4619717	42	RESP=1
4633039	42	STIM=b
4640298	42	RESP=1
4650425	42	STIM=h
4661931	42	RESP=1
4669133	42	STIM=f
4675926	42	RESP=1
4687260	42	STIM=f
4695487	42	RESP=1
4705103	42	STIM=6
4713197	42	RESP=1
4720401	42	STIM=s
4725686	42	RESP=1
4735439	42	STIM=z
4739459	42	RESP=1
4752046	42	STIM=m
4756622	42	RESP=1
4770832	42	STIM=m
4776090	42	RESP=1
4787426	42	STIM=y
4793533	42	RESP=1
4804174	42	STIM=z
4811276	42	RESP=1
4820472	42	STIM=r
4826288	42	RESP=1
4836736	42	STIM=y
4839874	42	RESP=2
4852846	42	STIM=0
4859089	42	RESP=2
4868734	42	STIM=9
4874681	42	RESP=2
4886838	42	STIM=l
4894595	42	RESP=1
4902722	42	STIM=o
4907963	42	RESP=1
4918100	42	STIM=i
4922720	42	RESP=1
4934127	42	STIM=9
4943896	42	RESP=2
4951123	42	STIM=y
4958512	42	RESP=1
4969613	42	STIM=v
4974273	42	RESP=1
4986379	42	STIM=n
4992280	42	RESP=1
5002765	42	STIM=n
5009664	42	RESP=1
5019941	42	STIM=h
5025588	42	RESP=1
5035044	42	STIM=0
5041042	42	RESP=2
5052572	42	STIM=f
5057475	42	RESP=1
5068675	42	STIM=p
5073905	42	RESP=1
5086898	42	STIM=d
5098944	42	RESP=1
5104816	42	STIM=i
5108935	42	RESP=1
5122076	42	STIM=v
5130413	42	RESP=1
5139715	42	STIM=j
5146805	42	RESP=1
5156350	42	STIM=f
5162386	42	RESP=2
5174435	42	STIM=8
5179062	42	RESP=2
5190316	42	STIM=1
5196176	42	RESP=2
5208145	42	STIM=z
5217148	42	RESP=1
5226801	42	STIM=v
5235125	42	RESP=1
5243651	42	STIM=6
5248845	42	RESP=2
5260720	42	STIM=g
5264920	42	RESP=1
5278613	42	STIM=v
5281568	42	RESP=1
5294355	42	STIM=i
5300552	42	RESP=2
5311721	42	STIM=g
5316795	42	RESP=1
5329191	42	STIM=n
5335841	42	RESP=1
5344315	42	STIM=v
5349663	42	RESP=1
5363095	42	STIM=o
5369139	42	RESP=2
5379320	42	STIM=4
5390606	42	RESP=2
5394580	42	STIM=s
5399349	42	RESP=1
5412493	42	STIM=u
5418410	42	RESP=1
5429376	42	STIM=y
5436185	42	RESP=1
5446420	42	STIM=c
5451722	42	RESP=1
5464002	42	STIM=v
5467952	42	RESP=1
5482542	42	STIM=7
5487387	42	RESP=2
5500002	42	STIM=s
5504945	42	RESP=1
5517832	42	STIM=8
5523494	42	RESP=2
5536823	42	STIM=k
5542452	42	RESP=1
5554811	42	STIM=u
5561054	42	RESP=1
5571951	42	STIM=d
5577348	42	RESP=1
5588924	42	STIM=l
5593287	42	RESP=1
5604302	42	STIM=g
5608398	42	RESP=1
5620892	42	STIM=x
5624469	42	RESP=1
5637000	42	STIM=b
5641191	42	RESP=1
5653479	42	STIM=7
5658650	42	RESP=2
5672233	42	STIM=o
5675620	42	RESP=1
5689252	42	STIM=o
5696277	42	RESP=1
5706508	42	STIM=9
5713271	42	RESP=2
5724216	42	STIM=c
5728642	42	RESP=1
5742024	42	STIM=i
5749031	42	RESP=1
5759326	42	STIM=8
5766655	42	RESP=2
5776821	42	STIM=n
5783723	42	RESP=1
5794493	42	STIM=f
5798800	42	RESP=2
5809902	42	STIM=x
5815024	42	RESP=1
5826765	42	STIM=n
5831355	42	RESP=1
5844551	42	STIM=u
5850148	42	RESP=2
5859977	42	STIM=n
5867292	42	RESP=1
5878201	42	STIM=z
5884997	42	RESP=1
5894516	42	STIM=v
5898117	42	RESP=1
5912000	42	STIM=u
5918255	42	RESP=1
5929933	42	STIM=t
5933168	42	RESP=1
5948665	42	STIM=l
5953166	42	RESP=1
5963828	42	STIM=g
5970999	42	RESP=1
5981392	42	STIM=u
5987895	42	RESP=1
5998671	42	STIM=a
6004525	42	RESP=1
6015931	42	STIM=a
6020652	42	RESP=1
6034714	42	STIM=u
6044737	42	RESP=1
6052632	42	STIM=e
6061176	42	RESP=1
6070584	42	STIM=r
6073757	42	RESP=1
6087771	42	STIM=r
6094839	42	RESP=1
6105027	42	STIM=e
6111789	42	RESP=1
6120327	42	STIM=g
6125249	42	RESP=1
6136078	42	STIM=i
6140796	42	RESP=1
6154029	42	STIM=0
6160021	42	RESP=2
6170305	42	STIM=x
6173352	42	RESP=1
6189064	42	STIM=w
6192513	42	RESP=1
6206643	42	STIM=f
6213536	42	RESP=1
6224075	42	STIM=s
6229061	42	RESP=1
6242493	42	STIM=d
6247271	42	RESP=1
6259684	42	STIM=8
6265799	42	RESP=2
6275348	42	STIM=c
6279541	42	RESP=1
6290933	42	STIM=b
6297522	42	RESP=1
6306306	42	STIM=o
6311644	42	RESP=1
6323299	42	STIM=8
6328872	42	RESP=2
6339844	42	STIM=w
6344175	42	RESP=1
6358218	42	STIM=l
6364015	42	RESP=1
6373434	42	STIM=b
6379500	42	RESP=2
6390458	42	STIM=f
6398702	42	RESP=1
6409098	42	STIM=j
6416162	42	RESP=1
6427574	42	STIM=0
6436233	42	RESP=2
6444498	42	STIM=x
6449134	42	RESP=1
6459550	42	STIM=0
6465145	42	RESP=2
6475935	42	STIM=6
6481567	42	RESP=2
6491381	42	STIM=f
6498183	42	RESP=1
6506656	42	STIM=f
6513096	42	RESP=1
6523545	42	STIM=k
6529381	42	RESP=2
6540527	42	STIM=6
6546608	42	RESP=1
6558609	42	STIM=j
6567095	42	RESP=1
6573770	42	STIM=5
6578076	42	RESP=2
6590306	42	STIM=l
6602294	42	RESP=1
6608139	42	STIM=k
6613703	42	RESP=1
6623622	42	STIM=a
6630054	42	RESP=1
6639622	42	STIM=p
6642778	42	RESP=1
6655987	42	STIM=s
6660627	42	RESP=1
6671433	42	STIM=a
6676930	42	RESP=1
6689621	42	STIM=v
6694998	42	RESP=1
6707065	42	STIM=k
6711170	42	RESP=1
6722784	42	STIM=l
6730607	42	RESP=1
6738545	42	STIM=o
6744612	42	RESP=1
6756745	42	STIM=5
6762580	42	RESP=2
6772970	42	STIM=z
6777050	42	RESP=1
6790917	42	STIM=m
6795552	42	RESP=1
6806236	42	STIM=i
6810118	42	RESP=1
6823310	42	STIM=r
6831129	42	RESP=1
6840457	42	STIM=a
6844346	42	RESP=1
6858042	42	STIM=c
6862893	42	RESP=1
6875920	42	STIM=1
6880435	42	RESP=2
6892351	42	STIM=w
6897531	42	RESP=1
6909401	42	STIM=j
6915839	42	RESP=1
6925445	42	STIM=g
6930002	42	RESP=1
6941783	42	STIM=t
6945154	42	RESP=1
6956925	42	STIM=z
6965833	42	RESP=1
6972373	42	STIM=r
6978914	42	RESP=1
6989676	42	STIM=v
6994963	42	RESP=1
7005459	42	STIM=z
7008859	42	RESP=1
7022058	42	STIM=j
7024894	42	RESP=1
7038017	42	STIM=o
7041476	42	RESP=1
7056340	42	STIM=t
7061172	42	RESP=1
7074901	42	STIM=a
7080651	42	RESP=1
7092292	42	STIM=j
7102356	42	RESP=1
7108912	42	STIM=t
7113477	42	RESP=1
7125703	42	STIM=s
7129592	42	RESP=1
7143473	42	STIM=y
7147234	42	RESP=1
7161054	42	STIM=4
7167066	42	RESP=2
7176559	42	STIM=f
7183132	42	RESP=1
7193830	42	STIM=z
7199841	42	RESP=1
7212246	42	STIM=n
7221483	42	RESP=1
7231100	42	STIM=0
7240139	42	RESP=1
7246467	42	STIM=z
7249380	42	RESP=1
7262529	42	STIM=x
7273800	42	RESP=1
7281195	42	STIM=v
7290064	42	RESP=1
7296209	42	STIM=e
7303184	42	RESP=1
7313915	42	STIM=z
7317564	42	RESP=1
7330363	42	STIM=k
7338458	42	RESP=1
7346121	42	STIM=b
7350471	42	RESP=1
7364575	42	STIM=l
7369354	42	RESP=1
7382288	42	STIM=0
7387137	42	RESP=2
7397665	42	STIM=z
7402914	42	RESP=1
7412719	42	STIM=a
7419865	42	RESP=1
7428724	42	STIM=g
7438246	42	RESP=1
7445432	42	STIM=q
7451554	42	RESP=1
7461230	42	STIM=i
7465616	42	RESP=1
7477716	42	STIM=m
7483132	42	RESP=1
7496267	42	STIM=d
7500553	42	RESP=1
7514159	42	STIM=l
7518254	42	RESP=1
7530578	42	STIM=6
7539510	42	RESP=2
7549511	42	STIM=b
7552505	42	RESP=1
7565553	42	STIM=d
7568713	42	RESP=1
7582749	42	STIM=d
7587151	42	RESP=1
7600363	42	STIM=f
7611298	42	RESP=1
7617508	42	STIM=c
7621038	42	RESP=1
7635330	42	STIM=v
7638774	42	RESP=2
7652022	42	STIM=v
7661395	42	RESP=1
7667242	42	STIM=q
7672156	42	RESP=1
7683185	42	STIM=1
7690036	42	RESP=2
7701388	42	STIM=4
7711489	42	RESP=2
7717712	42	STIM=1
7723716	42	RESP=2
7733270	42	STIM=4
7738241	42	RESP=1
7750294	42	STIM=o
7760190	42	RESP=1
7766387	42	STIM=g
7772679	42	RESP=1
7784582	42	STIM=w
7790806	42	RESP=1
7803526	42	STIM=b
7806988	42	RESP=1
7820256	42	STIM=7
7826745	42	RESP=2
7837225	42	STIM=a
7846587	42	RESP=1
7852848	42	STIM=o
7859380	42	RESP=1
7868428	42	STIM=t
7874271	42	RESP=1
7887049	42	STIM=0
7893234	42	RESP=2
7904862	42	STIM=l
7915638	42	RESP=1
7923816	42	STIM=y
7930165	42	RESP=1
7940970	42	STIM=n
7948451	42	RESP=1
7957879	42	STIM=3
7963255	42	RESP=2
7973019	42	STIM=6
7977986	42	RESP=2
7991460	42	STIM=g
7996426	42	RESP=2
8008594	42	STIM=6
8015990	42	RESP=2
8025433	42	STIM=a
8029441	42	RESP=1
8041099	42	STIM=r
8046080	42	RESP=1
8056178	42	STIM=o
8062345	42	RESP=1
8071486	42	STIM=7
8083076	42	RESP=2
8089923	42	STIM=m
8097022	42	RESP=1
8105614	42	STIM=b
8112075	42	RESP=1
8121464	42	STIM=z
8125255	42	RESP=1
8137859	42	STIM=w
8142755	42	RESP=1
8155151	42	STIM=v
8160039	42	RESP=1
8170442	42	STIM=p
8176825	42	RESP=1
8185940	42	STIM=t
8190130	42	RESP=1
8201220	42	STIM=o
8207729	42	RESP=1
8217495	42	STIM=r
8229432	42	RESP=1
8234786	42	STIM=p
8247041	42	RESP=2
8253376	42	STIM=c
8257166	42	RESP=1
8269757	42	STIM=9
8276183	42	RESP=1
8287112	42	STIM=7
8293714	42	RESP=2
8304148	42	STIM=1
8308048	42	RESP=2
8321408	42	STIM=l
8326491	42	RESP=1
8336993	42	STIM=s
8343289	42	RESP=1
8354848	42	STIM=x
8359787	42	RESP=2
8372998	42	STIM=6
8378799	42	RESP=2
8389764	42	STIM=3
8394049	42	RESP=2
8405755	42	STIM=z
8413874	42	RESP=1
8421332	42	STIM=g
8426626	42	RESP=1
8437143	42	STIM=c
8443249	42	RESP=1
8452430	42	STIM=2
8458724	42	RESP=1
8467451	42	STIM=f
8471831	42	RESP=1
8483610	42	STIM=l
8491686	42	RESP=1
8498712	42	STIM=m
8503461	42	RESP=1
8515961	42	STIM=4
8521654	42	RESP=2
8533112	42	STIM=p
8536937	42	RESP=1
8548406	42	STIM=2
8554460	42	RESP=2
8564072	42	STIM=j
8567617	42	RESP=1
8580441	42	STIM=l
8586716	42	RESP=1
8595842	42	STIM=j
8601108	42	RESP=1
8611924	42	STIM=v
8616796	42	RESP=2
8627850	42	STIM=h
8632645	42	RESP=1
8644925	42	STIM=y
8650375	42	RESP=2
8660853	42	STIM=1
8671393	42	RESP=2
8677509	42	STIM=u
8687348	42	RESP=1
8696459	42	STIM=u
8700578	42	RESP=1
8712880	42	STIM=i
8719522	42	RESP=1
8729394	42	STIM=o
8733959	42	RESP=2
8748199	42	STIM=g
8752776	42	RESP=1
8765421	42	STIM=y
8769193	42	RESP=1
8782301	42	STIM=o
8787071	42	RESP=1
8800898	42	STIM=y
8804372	42	RESP=1
8818857	42	STIM=c
8823215	42	RESP=1
8835036	42	STIM=s
8839985	42	RESP=1
8853123	42	STIM=z
8859642	42	RESP=2
8868651	42	STIM=n
8874869	42	RESP=1
8886441	42	STIM=z
8897627	42	RESP=1
8902176	42	STIM=o
8906685	42	RESP=1
8920806	42	STIM=y
8925714	42	RESP=1
8939227	42	STIM=u
8945802	42	RESP=1
8957917	42	STIM=6
8962179	42	RESP=2
8975167	42	STIM=j
8977820	42	RESP=1
8991484	42	STIM=h
8995370	42	RESP=1
9006832	42	STIM=e
9014364	42	RESP=1
9024386	42	STIM=u
9030352	42	RESP=1
9042186	42	STIM=e
9050294	42	RESP=1
9057806	42	STIM=x
9063198	42	RESP=1
9072997	42	STIM=i
9082339	42	RESP=1
9089570	42	STIM=m
9093717	42	RESP=1
9106666	42	STIM=u
9112420	42	RESP=1
9125195	42	STIM=w
9130644	42	RESP=1
9142947	42	STIM=j
9149884	42	RESP=1
9160070	42	STIM=9
9171166	42	RESP=2
9175095	42	STIM=w
9179303	42	RESP=1
9192394	42	STIM=f
9196332	42	RESP=1
9211294	42	STIM=v
9214529	42	RESP=1
9228944	42	STIM=u
9233772	42	RESP=1
9243972	42	STIM=5
9247576	42	RESP=1
9260868	42	STIM=i
9268825	42	RESP=1
9276971	42	STIM=c
9280547	42	RESP=1
9293337	42	STIM=8
9299034	42	RESP=2
9308534	42	STIM=d
9313191	42	RESP=1
9325088	42	STIM=3
9331127	42	RESP=2
9343635	42	STIM=w
9347969	42	RESP=1
9361870	42	STIM=j
9365971	42	RESP=1
9379449	42	STIM=r
9383511	42	RESP=1
9397733	42	STIM=7
9404014	42	RESP=2
9412944	42	STIM=i
9419902	42	RESP=1
9428336	42	STIM=q
9437891	42	RESP=1
9443522	42	STIM=7
9452758	42	RESP=1
9459314	42	STIM=4
9466297	42	RESP=2
9474663	42	STIM=n
9482078	42	RESP=1
9491642	42	STIM=e
9500537	42	RESP=1
9508894	42	STIM=e
9512953	42	RESP=1
9525780	42	STIM=4
9536917	42	RESP=2
9540983	42	STIM=4
9546438	42	RESP=2
9556098	42	STIM=b
9563705	42	RESP=1
9572939	42	STIM=l
9580585	42	RESP=1
9590147	42	STIM=n
9597621	42	RESP=1
9607791	42	STIM=d
9615572	42	RESP=1
9625230	42	STIM=x
9631496	42	RESP=1
9642180	42	STIM=8
9648240	42	RESP=2
9660558	42	STIM=2
9665693	42	RESP=2
9677914	42	STIM=f
9681546	42	RESP=1
9693344	42	STIM=x
9695918	42	RESP=1
9709364	42	STIM=u
9717102	42	RESP=1
9726402	42	STIM=d
9732547	42	RESP=1
9744327	42	STIM=4
9749069	42	RESP=1
9762102	42	STIM=i
9767848	42	RESP=1
9778550	42	STIM=9
9788614	42	RESP=2
9794435	42	STIM=r
9801304	42	RESP=1
9811313	42	STIM=q
9814899	42	RESP=2
9828561	42	STIM=r
9836530	42	RESP=1
9844532	42	STIM=t
9850393	42	RESP=1
9863259	42	STIM=1
9868980	42	RESP=2
9880700	42	STIM=d
9886598	42	RESP=1
9896730	42	STIM=t
9900312	42	RESP=2
9915020	42	STIM=2
9923395	42	RESP=2
9931275	42	STIM=v
9936984	42	RESP=1
9948674	42	STIM=g
9951403	42	RESP=1
9966853	42	STIM=1
9973227	42	RESP=2
9982179	42	STIM=b
9988142	42	RESP=1
9999884	42	STIM=u
10005306	42	RESP=1
10018641	42	STIM=x
10022097	42	RESP=1
10035766	42	STIM=w
10041062	42	RESP=1
10053923	42	STIM=h
10057470	42	RESP=1
10070132	42	STIM=s
10080227	42	RESP=1
10086850	42	STIM=s
10094474	42	RESP=2
10105071	42	STIM=b
10108891	42	RESP=1
10120550	42	STIM=v
10125078	42	RESP=2
10136702	42	STIM=k
10141005	42	RESP=1
10153364	42	STIM=g
10159468	42	RESP=1
10169784	42	STIM=a
10174891	42	RESP=1
10186475	42	STIM=a
10189017	42	RESP=1
10203553	42	STIM=4
10207858	42	RESP=2
10219783	42	STIM=y
10225475	42	RESP=1
10237074	42	STIM=x
10241261	42	RESP=1
10256007	42	STIM=n
10261981	42	RESP=2
10271664	42	STIM=e
10276797	42	RESP=1
10288332	42	STIM=l
10293176	42	RESP=1
10305621	42	STIM=t
10308700	42	RESP=1
10322108	42	STIM=5
10326729	42	RESP=2
10339713	42	STIM=f
10346729	42	RESP=1
10356017	42	STIM=z
10364557	42	RESP=1
10372419	42	STIM=a
10377045	42	RESP=1
10390297	42	STIM=m
10395887	42	RESP=1
10409152	42	STIM=g
10414534	42	RESP=1
10427733	42	STIM=v
10433182	42	RESP=1
10444536	42	STIM=l
10448547	42	RESP=2
10460183	42	STIM=x
10464340	42	RESP=1
10476662	42	STIM=m
10482269	42	RESP=1
10495430	42	STIM=m
10500723	42	RESP=1
10510727	42	STIM=7
10519773	42	RESP=2
10527321	42	STIM=0
10536215	42	RESP=2
10542600	42	STIM=l
10547469	42	RESP=1
10560187	42	STIM=p
10568053	42	RESP=1
10576857	42	STIM=x
10580565	42	RESP=1
10594498	42	STIM=l
10600046	42	RESP=1
10611563	42	STIM=f
10616745	42	RESP=1
10629223	42	STIM=q
10638383	42	RESP=1
10646837	42	STIM=a
10652727	42	RESP=1
10664585	42	STIM=h
10670017	42	RESP=1
10679850	42	STIM=g
10685166	42	RESP=1
10697651	42	STIM=s
10704533	42	RESP=1
10713401	42	STIM=o
10721212	42	RESP=1
10732391	42	STIM=0
10740494	42	RESP=2
10750818	42	STIM=p
10756142	42	RESP=1
10766552	42	STIM=z
10770089	42	RESP=2
10783664	42	STIM=v
10788659	42	RESP=1
10799604	42	STIM=o
10805695	42	RESP=1
10816634	42	STIM=o
10823763	42	RESP=1
10832968	42	STIM=c
10835922	42	RESP=1
10851553	42	STIM=q
10855737	42	RESP=1
10870485	42	STIM=u
10874282	42	RESP=1
10888835	42	STIM=k
10893206	42	RESP=1
10904353	42	STIM=c
10909899	42	RESP=1
10923312	42	STIM=f
10929339	42	RESP=1
10942006	42	STIM=p
10949418	42	RESP=1
10958620	42	STIM=l
10964462	42	RESP=1
10974219	42	STIM=j
10979719	42	RESP=1
10992952	42	STIM=m
10997211	42	RESP=1
11010679	42	STIM=8
11017343	42	RESP=2
11027538	42	STIM=t
11034098	42	RESP=2
11045627	42	STIM=t
11053394	42	RESP=1
11061097	42	STIM=i
11068646	42	RESP=1
11078247	42	STIM=q
11084835	42	RESP=1
11094352	42	STIM=d
11097711	42	RESP=1
11112558	42	STIM=6
11119323	42	RESP=2
11128349	42	STIM=g
11135423	42	RESP=1
11144596	42	STIM=u
11148245	42	RESP=1
11162135	42	STIM=i
11166057	42	RESP=1
11177719	42	STIM=n
11184400	42	RESP=1
11193666	42	STIM=d
11207264	42	RESP=1
11211213	42	STIM=u
11216018	42	RESP=1
11228602	42	STIM=m
11233313	42	RESP=1
11245595	42	STIM=s
11252861	42	RESP=1
11261893	42	STIM=5
11267536	42	RESP=1
11278716	42	STIM=i
11282672	42	RESP=1
11294594	42	STIM=c
11298701	42	RESP=1
11310216	42	STIM=l
11317772	42	RESP=1
11328413	42	STIM=h
11334160	42	RESP=1
11345946	42	STIM=e
11352431	42	RESP=1
11364467	42	STIM=w
11368039	42	RESP=1
11383062	42	STIM=7
11391251	42	RESP=2
11399460	42	STIM=0
11405218	42	RESP=1
11414801	42	STIM=e
11420890	42	RESP=1
11433578	42	STIM=w
11438308	42	RESP=1
11450748	42	STIM=b
11462326	42	RESP=1
11466984	42	STIM=e
11471944	42	RESP=1
11485738	42	STIM=j
11500315	42	RESP=1
11502238	42	STIM=n
11506994	42	RESP=1
11519664	42	STIM=7
11527303	42	RESP=2
11536020	42	STIM=t
11539698	42	RESP=1
11554808	42	STIM=r
11559433	42	RESP=1
11571267	42	STIM=l
11575361	42	RESP=1
11589593	42	STIM=y
11594295	42	RESP=1
11606466	42	STIM=l
11610243	42	RESP=1
11625424	42	STIM=v
11632681	42	RESP=1
11640542	42	STIM=3
11649271	42	RESP=2
11658187	42	STIM=v
11664082	42	RESP=1
11676118	42	STIM=h
11682977	42	RESP=1
11692221	42	STIM=m
11697430	42	RESP=1
11710967	42	STIM=r
11713998	42	RESP=1
11728963	42	STIM=o
11738740	42	RESP=1
11744406	42	STIM=v
11750828	42	RESP=1
11761564	42	STIM=e
11765813	42	RESP=1
11777047	42	STIM=y
11780866	42	RESP=1
11794073	42	STIM=q
11801245	42	RESP=1
11812356	42	STIM=f
11826817	42	RESP=1
11830060	42	STIM=f
11838275	42	RESP=1
11846385	42	STIM=9
11850890	42	RESP=2
11862775	42	STIM=m
11867227	42	RESP=1
11880152	42	STIM=h
11887151	42	RESP=1
11897164	42	STIM=w
11904212	42	RESP=1
11916130	42	STIM=h
11919013	42	RESP=1
11932974	42	STIM=z
11937825	42	RESP=1
11950176	42	STIM=i
11955374	42	RESP=1
11967764	42	STIM=a
11973544	42	RESP=1
11983641	42	STIM=6
11990681	42	RESP=2
11998889	42	STIM=d
12005580	42	RESP=1
12017336	42	STIM=9
12021844	42	RESP=2
12035746	42	STIM=z
12046147	42	RESP=1
12052299	42	STIM=n
12060227	42	RESP=1
12070448	42	STIM=k
12074758	42	RESP=1
12088926	42	STIM=8
12092893	42	RESP=2
12105815	42	STIM=s
12113361	42	RESP=2
12123185	42	STIM=o
12127889	42	RESP=1
12141516	42	STIM=q
12145583	42	RESP=1
12159848	42	STIM=l
12168711	42	RESP=1
12175068	42	STIM=y
12180383	42	RESP=1
12192445	42	STIM=7
12199411	42	RESP=2
12207803	42	STIM=u
12214918	42	RESP=1
12225791	42	STIM=a
12230375	42	RESP=1
12243771	42	STIM=j
12249440	42	RESP=1
12260529	42	STIM=s
12264412	42	RESP=1
12278657	42	STIM=s
12285973	42	RESP=1
12296423	42	STIM=j
12301080	42	RESP=1
12313144	42	STIM=w
12320040	42	RESP=1
12331874	42	STIM=c
12337524	42	RESP=1
12347294	42	STIM=g
12352739	42	RESP=1
12363890	42	STIM=x
12367698	42	RESP=1
12381477	42	STIM=a
12394633	42	RESP=1
12398557	42	STIM=2
12404217	42	RESP=2
12415473	42	STIM=z
12423123	42	RESP=1
12433597	42	STIM=b
12437981	42	RESP=2
12452293	42	STIM=5
12456469	42	RESP=2
12469889	42	STIM=e
12476817	42	RESP=1
12488102	42	STIM=v
12500349	42	RESP=1
12506911	42	STIM=t
12512585	42	RESP=1
12524630	42	STIM=i
12529046	42	RESP=1
12540987	42	STIM=2
12547898	42	RESP=2
12559479	42	STIM=h
12565988	42	RESP=1
12574757	42	STIM=g
12582218	42	RESP=1
12591271	42	STIM=q
12597346	42	RESP=1
12609868	42	STIM=o
12616459	42	RESP=1
12626427	42	STIM=o
12630141	42	RESP=1
12642231	42	STIM=z
12645981	42	RESP=1
12660387	42	STIM=0
12664713	42	RESP=1
12677555	42	STIM=j
12684036	42	RESP=1
12696240	42	STIM=9
12702654	42	RESP=2
12713691	42	STIM=r
12720176	42	RESP=1
12732567	42	STIM=w
12738294	42	RESP=1
12750959	42	STIM=i
12759095	42	RESP=1
12766488	42	STIM=c
12772035	42	RESP=1
12782864	42	STIM=4
12788341	42	RESP=1
12798164	42	STIM=s
12806489	42	RESP=1
12814377	42	STIM=k
12820174	42	RESP=1
12829858	42	STIM=a
12840322	42	RESP=1
12844991	42	STIM=x
12850085	42	RESP=1
12863962	42	STIM=e
12875684	42	RESP=1
12880128	42	STIM=y
12885686	42	RESP=1
12898322	42	STIM=c
12904388	42	RESP=1
12917043	42	STIM=0
12924958	42	RESP=2
12932139	42	STIM=s
12942942	42	RESP=2
12950232	42	STIM=z
12958236	42	RESP=1
12967749	42	STIM=n
12972439	42	RESP=1
12986582	42	STIM=1
12995947	42	RESP=2
13003783	42	STIM=1
13011797	42	RESP=2
13019424	42	STIM=4
13025176	42	RESP=2
13036618	42	STIM=7
13043782	42	RESP=2
13051741	42	STIM=4
13059433	42	RESP=2
13067248	42	STIM=7
13077437	42	RESP=2
13085035	42	STIM=n
13091231	42	RESP=1
13100486	42	STIM=k
13103949	42	RESP=1
13119233	42	STIM=t
13124929	42	RESP=1
13136164	42	STIM=r
13142008	42	RESP=1
13154235	42	STIM=k
13161427	42	RESP=1
13170826	42	STIM=s
13174769	42	RESP=1
13188228	42	STIM=f
13197034	42	RESP=1
13206310	42	STIM=h
13212513	42	RESP=1
13223935	42	STIM=r
13229345	42	RESP=1
13240246	42	STIM=n
13247985	42	RESP=1
13258745	42	STIM=w
13262670	42	RESP=2
13275040	42	STIM=a
13279456	42	RESP=1
13292018	42	STIM=u
13296545	42	RESP=1
13310415	42	STIM=o
13318505	42	RESP=1
13326377	42	STIM=b
13331425	42	RESP=1
13342838	42	STIM=k
13350284	42	RESP=1
13360977	42	STIM=e
13369801	42	RESP=1
13376281	42	STIM=e
13379738	42	RESP=1
13394616	42	STIM=9
13398624	42	RESP=2
13411282	42	STIM=o
13415388	42	RESP=2
13428784	42	STIM=8
13434312	42	RESP=2
13445883	42	STIM=c
13451598	42	RESP=1
13461848	42	STIM=n
13465839	42	RESP=1
13478258	42	STIM=6
13487376	42	RESP=2
13496600	42	STIM=1
13503559	42	RESP=2
13514042	42	STIM=k
13519824	42	RESP=1
13529465	42	STIM=l
13535611	42	RESP=1
13545533	42	STIM=e
13548989	42	RESP=1
13563819	42	STIM=d
13569991	42	RESP=1
13582790	42	STIM=n
13590171	42	RESP=1
13599483	42	STIM=l
13606658	42	RESP=1
13617467	42	STIM=8
13627311	42	RESP=2
13635482	42	STIM=f
13641426	42	RESP=1
13654241	42	STIM=x
13659728	42	RESP=1
13669803	42	STIM=m
13673195	42	RESP=2
13687302	42	STIM=k
13692472	42	RESP=1
13703627	42	STIM=r
13710175	42	RESP=1
13720738	42	STIM=x
13727438	42	RESP=1
13738752	42	STIM=y
13742272	42	RESP=2
13757262	42	STIM=u
13761975	42	RESP=1
13773133	42	STIM=5
13781599	42	RESP=1
13790880	42	STIM=o
13798087	42	RESP=1
13808064	42	STIM=8
13815061	42	RESP=2
13825250	42	STIM=m
13830924	42	RESP=1
13840256	42	STIM=x
13846241	42	RESP=1
13858960	42	STIM=t
13866011	42	RESP=1
13873977	42	STIM=1
13881194	42	RESP=2
13891102	42	STIM=u
13897779	42	RESP=1
13907379	42	STIM=z
13912509	42	RESP=1
13924895	42	STIM=2
13930591	42	RESP=2
13942338	42	STIM=6
13947634	42	RESP=2
13961042	42	STIM=w
13965366	42	RESP=1
13978786	42	STIM=4
13984808	42	RESP=1
13996972	42	STIM=x
14002333	42	RESP=1
14014734	42	STIM=6
14019728	42	RESP=2
14031502	42	STIM=a
14036084	42	RESP=1
14047221	42	STIM=z
14053697	42	RESP=1
14065421	42	STIM=b
14072149	42	RESP=1
14083062	42	STIM=l
14090217	42	RESP=1
14098387	42	STIM=t
14106072	42	RESP=1
14116336	42	STIM=3
14121438	42	RESP=2
14133596	42	STIM=z
14138489	42	RESP=1
14150078	42	STIM=n
14153253	42	RESP=1
14168155	42	STIM=j
14173880	42	RESP=1
14184760	42	STIM=i
14188578	42	RESP=1
14201838	42	STIM=s
14204563	42	RESP=1
14218123	42	STIM=t
14221787	42	RESP=1
14233910	42	STIM=k
14238727	42	RESP=1
14249849	42	STIM=f
14254107	42	RESP=1
14267461	42	STIM=b
14271152	42	RESP=1
14282864	42	STIM=r
14287278	42	RESP=1
14300182	42	STIM=v
14309663	42	RESP=1
14318560	42	STIM=b
14321765	42	RESP=1
14335678	42	STIM=u
14344061	42	RESP=1
14352695	42	STIM=7
14359185	42	RESP=2
14367701	42	STIM=f
14371853	42	RESP=1
14385457	42	STIM=v
14389308	42	RESP=1
14402980	42	STIM=1
14411283	42	RESP=1
14420253	42	STIM=e
14424677	42	RESP=2
14438386	42	STIM=h
14444300	42	RESP=1
14453777	42	STIM=i
14459414	42	RESP=1
14469356	42	STIM=d
14473756	42	RESP=1
14484616	42	STIM=o
14488467	42	RESP=1
14502125	42	STIM=1
14510430	42	RESP=2
14518589	42	STIM=5
14525430	42	RESP=2
14534069	42	STIM=t
14541375	42	RESP=1
14552518	42	STIM=k
14561563	42	RESP=1
14567736	42	STIM=1
14575455	42	RESP=2
14585586	42	STIM=s
14590733	42	RESP=1
14601892	42	STIM=s
14607875	42	RESP=1
14619875	42	STIM=o
14626209	42	RESP=1
14635547	42	STIM=u
14643430	42	RESP=1
14654095	42	STIM=t
14660910	42	RESP=1
14670341	42	STIM=x
14676320	42	RESP=1
14686828	42	STIM=z
14691915	42	RESP=1
14701951	42	STIM=g
14705143	42	RESP=1
14719262	42	STIM=b
14727277	42	RESP=1
14737747	42	STIM=a
14744680	42	RESP=1
14753022	42	STIM=n
14760024	42	RESP=1
14768745	42	STIM=5
14774862	42	RESP=2
14786333	42	STIM=x
14789831	42	RESP=1
14803698	42	STIM=r
14806196	42	RESP=1
14822182	42	STIM=u
14829051	42	RESP=1
14840680	42	STIM=h
14845837	42	RESP=1
14859386	42	STIM=3
14867684	42	RESP=1
14874615	42	STIM=v
14881295	42	RESP=1
14892015	42	STIM=l
14898644	42	RESP=1
14907399	42	STIM=i
14910780	42	RESP=1
14924923	42	STIM=w
14931879	42	RESP=1
14941702	42	STIM=o
14948967	42	RESP=1
14956757	42	STIM=8
14966084	42	RESP=2
14975518	42	STIM=d
14980231	42	RESP=1
14993088	42	STIM=4
15003495	42	RESP=2
15010690	42	STIM=w
15014642	42	RESP=1
15028384	42	STIM=a
15031489	42	RESP=1
15045807	42	STIM=x
15060141	42	RESP=1
15063593	42	STIM=q
15071437	42	RESP=1
15082495	42	STIM=m
15087556	42	RESP=1
15101370	42	STIM=3
15108223	42	RESP=2
15117318	42	STIM=a
15120605	42	RESP=1
15134402	42	STIM=v
15138909	42	RESP=1
15151997	42	STIM=a
15157212	42	RESP=1
15170936	42	STIM=y
15174005	42	RESP=1
15189889	42	STIM=p
15194501	42	RESP=1
15208401	42	STIM=w
15216977	42	RESP=2
15225344	42	STIM=j
15231046	42	RESP=1
15243358	42	STIM=x
15249883	42	RESP=1
15258690	42	STIM=p
15266217	42	RESP=1
15276368	42	STIM=6
15282667	42	RESP=2
15292544	42	STIM=z
15297262	42	RESP=1
15308213	42	STIM=i
15317064	42	RESP=1
15326650	42	STIM=z
15336631	42	RESP=2
15343060	42	STIM=t
15351017	42	RESP=1
15361901	42	STIM=7
15367651	42	RESP=2
15380618	42	STIM=t
15385790	42	RESP=1
15398299	42	STIM=z
15409167	42	RESP=1
15414000	42	STIM=7
15422193	42	RESP=2
15432404	42	STIM=x
15438116	42	RESP=1
15448096	42	STIM=d
15452366	42	RESP=1
15465794	42	STIM=i
15471608	42	RESP=1
15481926	42	STIM=a
15490519	42	RESP=1
15499729	42	STIM=w
15505758	42	RESP=1
15515149	42	STIM=b
15521423	42	RESP=1
15532896	42	STIM=1
15545420	42	RESP=2
15549005	42	STIM=k
15557899	42	RESP=1
15566671	42	STIM=j
15571016	42	RESP=1
15583124	42	STIM=h
15586653	42	RESP=1
15601922	42	STIM=r
15605303	42	RESP=1
15617533	42	STIM=e
15625952	42	RESP=1
15634183	42	STIM=j
15639738	42	RESP=1
15650562	42	STIM=m
15655073	42	RESP=1
15667290	42	STIM=b
15671913	42	RESP=1
15682516	42	STIM=e
15689954	42	RESP=1
15699075	42	STIM=0
15705485	42	RESP=2
15717214	42	STIM=n
15720690	42	RESP=2
15733383	42	STIM=x
15744361	42	RESP=1
15749980	42	STIM=b
15758433	42	RESP=1
15768108	42	STIM=g
15773671	42	RESP=1
15785973	42	STIM=0
15789719	42	RESP=2
15801379	42	STIM=k
15805251	42	RESP=1
15819496	42	STIM=i
15824577	42	RESP=1
15836832	42	STIM=2
15842599	42	RESP=1
15855185	42	STIM=e
15858608	42	RESP=1
15873205	42	STIM=o
15880461	42	RESP=1
15889304	42	STIM=c
15894494	42	RESP=1
15905634	42	STIM=5
15911332	42	RESP=1
15923833	42	STIM=y
15930412	42	RESP=1
15939384	42	STIM=8
15952136	42	RESP=2
15954580	42	STIM=j
15958930	42	RESP=1
15972601	42	STIM=e
15982153	42	RESP=1
15988084	42	STIM=t
15992293	42	RESP=1
16003563	42	STIM=d
16010205	42	RESP=1
16021328	42	STIM=r
16027256	42	RESP=1
16036655	42	STIM=q
16041878	42	RESP=1
16054087	42	STIM=x
16063506	42	RESP=1
16071925	42	STIM=w
16074884	42	RESP=2
16089482	42	STIM=g
16095506	42	RESP=1
16106590	42	STIM=f
16112504	42	RESP=1
16123153	42	STIM=9
16129473	42	RESP=2
16139695	42	STIM=n
16145849	42	RESP=1
16156835	42	STIM=n
16161895	42	RESP=1
16175668	42	STIM=l
16183967	42	RESP=1
16190904	42	STIM=u
16194272	42	RESP=1
16209082	42	STIM=v
16213537	42	RESP=1
16227134	42	STIM=o
16234845	42	RESP=1
16245620	42	STIM=q
16250290	42	RESP=1
16261227	42	STIM=h
16265504	42	RESP=2
16277295	42	STIM=f
16284511	42	RESP=1
16292989	42	STIM=d
16297539	42	RESP=1
16309692	42	STIM=s
16314437	42	RESP=1
16326033	42	STIM=j
16328870	42	RESP=1
16341227	42	STIM=0
16346600	42	RESP=2
16359955	42	STIM=4
16366376	42	RESP=2
16376729	42	STIM=y
16380817	42	RESP=1
16394754	42	STIM=9
16399928	42	RESP=2
16413502	42	STIM=0
16418664	42	RESP=2
16431095	42	STIM=p
16437788	42	RESP=1
16447136	42	STIM=g
16460686	42	RESP=1
16462481	42	STIM=o
16466686	42	RESP=1
16478277	42	STIM=m
16488880	42	RESP=1
16493441	42	STIM=d
16504569	42	RESP=1
16508883	42	STIM=x
16513473	42	RESP=1
16524718	42	STIM=4
16531730	42	RESP=1
16540887	42	STIM=a
16545322	42	RESP=1
16559692	42	STIM=f
16566844	42	RESP=1
16578559	42	STIM=r
16582061	42	RESP=1
16596474	42	STIM=c
16601546	42	RESP=1
16614086	42	STIM=i
16617548	42	RESP=1
16629648	42	STIM=t
16634639	42	RESP=1
16647448	42	STIM=j
16654695	42	RESP=1
16663546	42	STIM=o
16666619	42	RESP=1
16678612	42	STIM=m
16689257	42	RESP=1
16695663	42	STIM=v
16703002	42	RESP=2
16713364	42	STIM=4
16725201	42	RESP=2
16732344	42	STIM=2
16741159	42	RESP=2
16749798	42	STIM=9
16756610	42	RESP=2
16766229	42	STIM=k
16770945	42	RESP=1
16783393	42	STIM=p
16790351	42	RESP=1
16798715	42	STIM=0
16807041	42	RESP=2
16815381	42	STIM=m
16822912	42	RESP=1
16833980	42	STIM=r
16840816	42	RESP=1
16850599	42	STIM=q
16857238	42	RESP=1
16868100	42	STIM=j
16873994	42	RESP=2
16884115	42	STIM=w
16890276	42	RESP=1
16902410	42	STIM=p
16909948	42	RESP=1
16921012	42	STIM=h
16928010	42	RESP=1
16937040	42	STIM=b
16941497	42	RESP=1
16953323	42	STIM=w
16957033	42	RESP=1
16969335	42	STIM=m
16973075	42	RESP=1
16985789	42	STIM=h
16996679	42	RESP=1
17004343	42	STIM=3
17013243	42	RESP=2
17019586	42	STIM=e
17026077	42	RESP=1
17034989	42	STIM=e
17046581	42	RESP=1
17052878	42	STIM=k
17057023	42	RESP=1
17069672	42	STIM=u
17076156	42	RESP=1
17086973	42	STIM=a
17094459	42	RESP=1
17102414	42	STIM=p
17105396	42	RESP=1
17120816	42	STIM=c
17125667	42	RESP=1
17137456	42	STIM=8
17141956	42	RESP=2
17155049	42	STIM=o
17161080	42	RESP=1
17171742	42	STIM=9
17180114	42	RESP=2
17190717	42	STIM=d
17197550	42	RESP=1
17207505	42	STIM=4
17212763	42	RESP=2
17226442	42	STIM=d
17232525	42	RESP=1
17244057	42	STIM=w
17249933	42	RESP=1
17261335	42	STIM=c
17268828	42	RESP=1
17277554	42	STIM=e
17283260	42	RESP=1
17294685	42	STIM=4
17299242	42	RESP=2
17309720	42	STIM=z
17318259	42	RESP=1
17324797	42	STIM=8
17333958	42	RESP=2
17341883	42	STIM=u
17346798	42	RESP=1
17357055	42	STIM=o
17362022	42	RESP=1
17372385	42	STIM=m
17377394	42	RESP=1
17390941	42	STIM=r
17395145	42	RESP=1
17409082	42	STIM=9
17418241	42	RESP=2
17426912	42	STIM=7
17436586	42	RESP=1
17442910	42	STIM=y
17448603	42	RESP=1
17459546	42	STIM=a
17464511	42	RESP=1
17474720	42	STIM=x
17479578	42	RESP=1
17491439	42	STIM=w
17499477	42	RESP=1
17510226	42	STIM=g
17513878	42	RESP=1
17526771	42	STIM=c
17529792	42	RESP=1
17543300	42	STIM=u
17549212	42	RESP=1
17558402	42	STIM=v
17566610	42	RESP=1
17575443	42	STIM=v
17581645	42	RESP=1
17591117	42	STIM=r
17595281	42	RESP=1
17606507	42	STIM=p
17611286	42	RESP=1
17625367	42	STIM=j
17634457	42	RESP=1
17642836	42	STIM=9
17649716	42	RESP=2
17660548	42	STIM=l
17666722	42	RESP=1
17676800	42	STIM=q
17682851	42	RESP=1
17695061	42	STIM=b
17703451	42	RESP=1
17713801	42	STIM=7
17718852	42	RESP=2
17730248	42	STIM=i
17735059	42	RESP=1
17746005	42	STIM=w
17750150	42	RESP=1
17762063	42	STIM=t
17769918	42	RESP=1
17778178	42	STIM=g
17781173	42	RESP=1
17796893	42	STIM=m
17802358	42	RESP=1
17811904	42	STIM=w
17816678	42	RESP=1
17827805	42	STIM=7
17836483	42	RESP=2
17844805	42	STIM=0
17848858	42	RESP=2
17862675	42	STIM=h
17869286	42	RESP=1
17881186	42	STIM=6
17887639	42	RESP=1
17897884	42	STIM=5
17902786	42	RESP=2
17915386	42	STIM=f
17920692	42	RESP=1
17931054	42	STIM=p
17936403	42	RESP=1
17949739	42	STIM=0
17955766	42	RESP=2
17967254	42	STIM=5
17972240	42	RESP=2
17986031	42	STIM=x
17991488	42	RESP=1
18003929	42	STIM=p
18008786	42	RESP=1
18022149	42	STIM=i
18032392	42	RESP=1
18037749	42	STIM=n
18048446	42	RESP=1
18054770	42	STIM=f
18060088	42	RESP=1
18072975	42	STIM=r
18078381	42	RESP=1
18091030	42	STIM=y
18096050	42	RESP=1
18109669	42	STIM=f
18112894	42	RESP=1
18125211	42	STIM=u
18131347	42	RESP=1
18141722	42	STIM=s
18146017	42	RESP=1
18159419	42	STIM=m
18168659	42	RESP=1
18176161	42	STIM=5
18182288	42	RESP=2
18191956	42	STIM=y
18196422	42	RESP=1
18207884	42	STIM=r
18210954	42	RESP=1
18223559	42	STIM=u
18229540	42	RESP=1
18239167	42	STIM=q
18242077	42	RESP=1
18256717	42	STIM=b
18261804	42	RESP=1
18274413	42	STIM=6
18281582	42	RESP=2
18290457	42	STIM=p
18301625	42	RESP=1
18307396	42	STIM=h
18312489	42	RESP=1
18324770	42	STIM=t
18329788	42	RESP=1
18340189	42	STIM=h
18346758	42	RESP=1
18355281	42	STIM=x
18359921	42	RESP=1
18373171	42	STIM=n
18380215	42	RESP=1
18389650	42	STIM=r
18393178	42	RESP=1
18405053	42	STIM=4
18412996	42	RESP=1
18422465	42	STIM=v
18428826	42	RESP=1
18439153	42	STIM=2
18447921	42	RESP=2
18455219	42	STIM=p
18459166	42	RESP=1
18470484	42	STIM=5
18476657	42	RESP=1
18488815	42	STIM=x
18494633	42	RESP=1
18504682	42	STIM=f
18512489	42	RESP=1
18522648	42	STIM=e
18532542	42	RESP=1
18540986	42	STIM=1
18546704	42	RESP=2
18557226	42	STIM=h
18561331	42	RESP=1
18572730	42	STIM=p
18577607	42	RESP=1
18589423	42	STIM=2
18593970	42	RESP=2
18604603	42	STIM=1
18613064	42	RESP=2
18620527	42	STIM=3
18626261	42	RESP=2
18637131	42	STIM=3
18644811	42	RESP=2
18655586	42	STIM=a
18662140	42	RESP=1
18671981	42	STIM=p
18679208	42	RESP=1
18689426	42	STIM=g
18694877	42	RESP=1
18704910	42	STIM=k
18710508	42	RESP=1
18721266	42	STIM=o
18723849	42	RESP=1
18736295	42	STIM=q
18739894	42	RESP=1
18752022	42	STIM=o
18755324	42	RESP=1
18768268	42	STIM=e
18776002	42	RESP=2
18787020	42	STIM=3
18794602	42	RESP=1
18804673	42	STIM=n
18809722	42	RESP=1
18820754	42	STIM=y
18826934	42	RESP=1
18837186	42	STIM=h
18840119	42	RESP=1
18855850	42	STIM=f
18860633	42	RESP=1
18871358	42	STIM=w
18882211	42	RESP=1
18887522	42	STIM=l
18893803	42	RESP=1
18905339	42	STIM=h
18911026	42	RESP=2
18921024	42	STIM=j
18924440	42	RESP=1
18936042	42	STIM=6
18941528	42	RESP=2
18953211	42	STIM=2
18959406	42	RESP=2
18968626	42	STIM=f
18978311	42	RESP=1
18987624	42	STIM=b
18996260	42	RESP=1
19003155	42	STIM=w
19009421	42	RESP=1
19018933	42	STIM=0
19027379	42	RESP=1
19037512	42	STIM=t
19042107	42	RESP=1
19055653	42	STIM=n
19061698	42	RESP=1
19073936	42	STIM=h
19080878	42	RESP=1
19090415	42	STIM=q
19100072	42	RESP=1
19108676	42	STIM=p
19111519	42	RESP=1
19127496	42	STIM=w
19137072	42	RESP=1
19145695	42	STIM=a
19149673	42	RESP=1
19161013	42	STIM=d
19164191	42	RESP=1
19177931	42	STIM=g
19182230	42	RESP=1
19196611	42	STIM=p
19204655	42	RESP=1
19214114	42	STIM=i
19217402	42	RESP=1
19230249	42	STIM=i
19236031	42	RESP=1
19245900	42	STIM=7
19250569	42	RESP=1
19263249	42	STIM=0
19271239	42	RESP=2
19278967	42	STIM=d
19285833	42	RESP=1
19293975	42	STIM=o
19299318	42	RESP=1
19310101	42	STIM=c
19319244	42	RESP=1
19327425	42	STIM=1
19333279	42	RESP=2
19342964	42	STIM=5
19348421	42	RESP=2
19360412	42	STIM=9
19365894	42	RESP=2
19379035	42	STIM=8
19386428	42	RESP=2
19397268	42	STIM=e
19405274	42	RESP=1
19413409	42	STIM=g
19420518	42	RESP=1
19431310	42	STIM=l
19441744	42	RESP=1
19448003	42	STIM=f
19452919	42	RESP=1
19463964	42	STIM=c
19469530	42	RESP=1
19479564	42	STIM=t
19488406	42	RESP=1
19497698	42	STIM=q
19501332	42	RESP=2
19514652	42	STIM=m
19522514	42	RESP=1
19533278	42	STIM=y
19543939	42	RESP=1
19550769	42	STIM=z
19555705	42	RESP=2
19567537	42	STIM=n
19574234	42	RESP=1
19582651	42	STIM=p
19587579	42	RESP=1
19598596	42	STIM=9
19604673	42	RESP=2
19613921	42	STIM=5
19621055	42	RESP=2
19630789	42	STIM=g
19635296	42	RESP=1
19647345	42	STIM=3
19652454	42	RESP=2
19663398	42	STIM=u
19668823	42	RESP=1
19681477	42	STIM=y
19684406	42	RESP=1
19698878	42	STIM=v
19702789	42	RESP=1
19717757	42	STIM=y
19725508	42	RESP=1
19733513	42	STIM=w
19742783	42	RESP=1
19751138	42	STIM=q
19755077	42	RESP=1
19769749	42	STIM=m
19779898	42	RESP=1
19786107	42	STIM=h
19790043	42	RESP=1
19803311	42	STIM=4
19813541	42	RESP=2
19821248	42	STIM=8
19832372	42	RESP=2
19839742	42	STIM=d
19843995	42	RESP=1
19857708	42	STIM=x
19866271	42	RESP=1
19874027	42	STIM=p
19878865	42	RESP=1
19890080	42	STIM=k
19896912	42	RESP=1
19905102	42	STIM=t
19910796	42	RESP=1
19920991	42	STIM=q
19925436	42	RESP=1
19936181	42	STIM=r
19943447	42	RESP=1
19953211	42	STIM=m
19958238	42	RESP=1
19971355	42	STIM=2
19976202	42	RESP=2
19987548	42	STIM=p
19992952	42	RESP=1
20005813	42	STIM=c
20018375	42	RESP=1
20023263	42	STIM=u
20030612	42	RESP=1
20040889	42	STIM=r
20046517	42	RESP=1
20058702	42	STIM=q
20063405	42	RESP=1
20074692	42	STIM=i
20080488	42	RESP=1
20091870	42	STIM=v
20095619	42	RESP=1
20108193	42	STIM=1
20114004	42	RESP=1
20124827	42	STIM=l
20128638	42	RESP=1
20142829	42	STIM=o
20148801	42	RESP=1
20161166	42	STIM=n
20165440	42	RESP=1
20177314	42	STIM=y
20182875	42	RESP=2
20193474	42	STIM=i
20199491	42	RESP=1
20211721	42	STIM=3
20217371	42	RESP=2
20227816	42	STIM=f
20234230	42	RESP=1
20243394	42	STIM=e
20251285	42	RESP=1
20259881	42	STIM=j
20265771	42	RESP=1
20275574	42	STIM=k
20279336	42	RESP=1
20293644	42	STIM=p
20298057	42	RESP=2
20309280	42	STIM=x
20318007	42	RESP=1
20326601	42	STIM=o
20334912	42	RESP=1
20344754	42	STIM=o
20353248	42	RESP=1
20360073	42	STIM=c
20366971	42	RESP=1
20377335	42	STIM=q
20380764	42	RESP=1
20396163	42	STIM=t
20402526	42	RESP=1
20413535	42	STIM=2
20417679	42	RESP=2
20431387	42	STIM=0
20436585	42	RESP=2
20449530	42	STIM=j
20455498	42	RESP=1
20466996	42	STIM=t
20470391	42	RESP=1
20483333	42	STIM=9
20488502	42	RESP=2
20498813	42	STIM=v
20505330	42	RESP=1
20514152	42	STIM=m
20518843	42	RESP=1
20531933	42	STIM=2
20537069	42	RESP=2
20547471	42	STIM=9
20556929	42	RESP=1
20565257	42	STIM=c
20567844	42	RESP=1
20584145	42	STIM=g
20588550	42	RESP=1
20599213	42	STIM=9
20607361	42	RESP=2
20616748	42	STIM=f
20622079	42	RESP=1
20634314	42	STIM=q
20639276	42	RESP=1
20649763	42	STIM=e
20655987	42	RESP=2
20668599	42	STIM=7
20678936	42	RESP=1
20685016	42	STIM=e
20688679	42	RESP=1
20703401	42	STIM=a
20711232	42	RESP=1
20719149	42	STIM=5
20724176	42	RESP=2
20734978	42	STIM=4
20740308	42	RESP=2
20751931	42	STIM=5
20760483	42	RESP=2
20769448	42	STIM=j
20773692	42	RESP=2
20785426	42	STIM=c
20790107	42	RESP=1
20801643	42	STIM=t
20807137	42	RESP=1
20818096	42	STIM=y
20824590	42	RESP=1
20835965	42	STIM=x
20840946	42	RESP=1
20854098	42	STIM=x
20861887	42	RESP=1
20870665	42	STIM=0
20877129	42	RESP=1
20889546	42	STIM=i
20898437	42	RESP=1
20905648	42	STIM=c
20910114	42	RESP=1
20922695	42	STIM=m
20926694	42	RESP=1
20938040	42	STIM=5
20950484	42	RESP=2
20954061	42	STIM=0
20959291	42	RESP=2
20971081	42	STIM=b
20975985	42	RESP=1
20987090	42	STIM=y
20993269	42	RESP=2
21003401	42	STIM=6
21011584	42	RESP=1
21021540	42	STIM=x
21028923	42	RESP=1
21037338	42	STIM=o
21042738	42	RESP=1
21053220	42	STIM=p
21058766	42	RESP=1
21071429	42	STIM=4
21080897	42	RESP=2
21087969	42	STIM=s
21094523	42	RESP=1
21104813	42	STIM=q
21108679	42	RESP=1
21121093	42	STIM=a
21123880	42	RESP=1
21137121	42	STIM=b
21140715	42	RESP=1
21152438	42	STIM=n
21155547	42	RESP=1
21167782	42	STIM=y
21171021	42	RESP=1
21185820	42	STIM=y
21189506	42	RESP=1
21202101	42	STIM=v
21205071	42	RESP=1
21220700	42	STIM=n
21225334	42	RESP=1
21237087	42	STIM=y
21243123	42	RESP=1
21255861	42	STIM=j
21259154	42	RESP=1
21271223	42	STIM=j
21275634	42	RESP=1
21288467	42	STIM=9
21293958	42	RESP=2
21306266	42	STIM=e
21315928	42	RESP=1
21321547	42	STIM=z
21327139	42	RESP=1
21339067	42	STIM=r
21344306	42	RESP=1
21354368	42	STIM=m
21357949	42	RESP=1
21372493	42	STIM=d
21377515	42	RESP=1
21389378	42	STIM=v
21395472	42	RESP=1
21404845	42	STIM=o
21412593	42	RESP=1
21420256	42	STIM=3
21424007	42	RESP=2
21436115	42	STIM=f
21441389	42	RESP=1
21454801	42	STIM=s
21457763	42	RESP=1
21472426	42	STIM=e
21477161	42	RESP=1
21487438	42	STIM=n
21490279	42	RESP=1
21503129	42	STIM=p
21507366	42	RESP=1
21520341	42	STIM=0
21526395	42	RESP=2
21536877	42	STIM=a
21548910	42	RESP=1
21552075	42	STIM=6
21563185	42	RESP=2
21570508	42	STIM=w
21579190	42	RESP=1
21588734	42	STIM=v
21598207	42	RESP=1
21603937	42	STIM=h
21608513	42	RESP=1
21622795	42	STIM=l
21628188	42	RESP=1
21641748	42	STIM=j
21650311	42	RESP=1
21658534	42	STIM=u
21662553	42	RESP=1
21676198	42	STIM=u
21684191	42	RESP=1
21695044	42	STIM=s
21706390	42	RESP=1
21712647	42	STIM=p
21716248	42	RESP=1
21728120	42	STIM=n
21733715	42	RESP=1
