# Original filename: 0026_RGB_2017-05-13.log
# Time unit: 100 us
# RARECAT=digit
#
# Time	HHGG	Event
30430	42	STIM=v
34699	42	RESP=1
49282	42	STIM=v
52848	42	RESP=1
67188	42	STIM=b
71704	42	RESP=1
83694	42	STIM=u
87340	42	RESP=1
98860	42	STIM=5
103654	42	RESP=2
116008	42	STIM=d
121507	42	RESP=1
132768	42	STIM=r
137324	42	RESP=1
148932	42	STIM=r
156949	42	RESP=1
164927	42	STIM=u
171321	42	RESP=1
180426	42	STIM=m
184247	42	RESP=1
195688	42	STIM=j
199124	42	RESP=1
213959	42	STIM=z
218980	42	RESP=1
231885	42	STIM=d
238216	42	RESP=1
248618	42	STIM=p
255405	42	RESP=1
266625	42	STIM=h
270095	42	RESP=1
283585	42	STIM=z
288807	42	RESP=1
299855	42	STIM=8
306568	42	RESP=2
316815	42	STIM=d
321739	42	RESP=1
331876	42	STIM=y
336914	42	RESP=1
349940	42	STIM=t
353412	42	RESP=1
368376	42	STIM=r
372959	42	RESP=1
387117	42	STIM=z
390359	42	RESP=1
405775	42	STIM=w
409582	42	RESP=1
424089	42	STIM=d
430326	42	RESP=1
439400	42	STIM=r
444346	42	RESP=1
455683	42	STIM=k
459368	42	RESP=1
471053	42	STIM=2
478305	42	RESP=2
487801	42	STIM=r
495486	42	RESP=1
506136	42	STIM=a
510004	42	RESP=1
522306	42	STIM=a
526801	42	RESP=1
538212	42	STIM=p
542628	42	RESP=1
555301	42	STIM=u
558707	42	RESP=1
572085	42	STIM=2
576669	42	RESP=2
588695	42	STIM=p
591867	42	RESP=1
605747	42	STIM=9
613283	42	RESP=2
622330	42	STIM=l
631052	42	RESP=1
640421	42	STIM=c
645341	42	RESP=1
657091	42	STIM=2
660738	42	RESP=2
675063	42	STIM=2
678559	42	RESP=1
690248	42	STIM=w
694860	42	RESP=1
708366	42	STIM=c
711534	42	RESP=1
726996	42	STIM=r
730657	42	RESP=1
742973	42	STIM=8
749442	42	RESP=1
760272	42	STIM=h
767707	42	RESP=1
776818	42	STIM=k
780923	42	RESP=2
792231	42	STIM=n
796250	42	RESP=1
810428	42	STIM=q
817169	42	RESP=1
829203	42	STIM=4
834159	42	RESP=2
847923	42	STIM=k
851101	42	RESP=1
866006	42	STIM=o
874900	42	RESP=1
884028	42	STIM=2
890214	42	RESP=2
902574	42	STIM=y
910443	42	RESP=1
919684	42	STIM=n
925820	42	RESP=1
936653	42	STIM=j
943059	42	RESP=2
955410	42	STIM=b
960075	42	RESP=1
973380	42	STIM=e
979327	42	RESP=1
989074	42	STIM=4
995918	42	RESP=2
1006176	42	STIM=g
1010813	42	RESP=1
1021468	42	STIM=i
1025015	42	RESP=2
1039364	42	STIM=k
1043953	42	RESP=1
1056574	42	STIM=g
1059183	42	RESP=1
1073161	42	STIM=q
1077742	42	RESP=1
1088679	42	STIM=p
1092057	42	RESP=1
1106868	42	STIM=0
1112611	42	RESP=2
1122059	42	STIM=e
1124857	42	RESP=1
1140658	42	STIM=0
1146427	42	RESP=2
1156911	42	STIM=t
1160692	42	RESP=1
1174767	42	STIM=h
1182545	42	RESP=1
1189862	42	STIM=z
1194077	42	RESP=1
1208172	42	STIM=b
1211527	42	RESP=1
1225823	42	STIM=w
1229437	42	RESP=1
1241025	42	STIM=t
1247809	42	RESP=1
1259777	42	STIM=y
1265769	42	RESP=1
1276719	42	STIM=3
1281256	42	RESP=1
1293454	42	STIM=h
1296418	42	RESP=1
1308948	42	STIM=q
1316606	42	RESP=1
1324539	42	STIM=l
1329536	42	RESP=1
1340310	42	STIM=7
1350342	42	RESP=1
1358447	42	STIM=e
1363115	42	RESP=1
1376522	42	STIM=f
1381259	42	RESP=1
1391601	42	STIM=b
1397424	42	RESP=1
1409853	42	STIM=p
1412609	42	RESP=1
1425454	42	STIM=u
1432985	42	RESP=1
1441551	42	STIM=9
1447633	42	RESP=2
1458123	42	STIM=4
1467645	42	RESP=2
1477085	42	STIM=3
1481634	42	RESP=2
1493688	42	STIM=q
1500508	42	RESP=1
1511658	42	STIM=0
1519910	42	RESP=2
1528815	42	STIM=g
1532692	42	RESP=1
1547131	42	STIM=m
1551902	42	RESP=1
1563397	42	STIM=0
1566462	42	RESP=2
1580498	42	STIM=r
1584650	42	RESP=1
1596263	42	STIM=6
1600884	42	RESP=2
1612217	42	STIM=d
1616754	42	RESP=1
1628863	42	STIM=k
1634682	42	RESP=1
1645233	42	STIM=y
1648442	42	RESP=1
1660741	42	STIM=p
1668245	42	RESP=1
1677974	42	STIM=5
1682494	42	RESP=2
1696481	42	STIM=h
1701087	42	RESP=1
1714880	42	STIM=w
1719234	42	RESP=1
1730162	42	STIM=u
1735652	42	RESP=1
1748218	42	STIM=i
1752418	42	RESP=1
1766862	42	STIM=v
1771158	42	RESP=1
1784256	42	STIM=d
1790443	42	RESP=1
1800004	42	STIM=o
1804054	42	RESP=1
1818527	42	STIM=y
1822146	42	RESP=1
1835367	42	STIM=k
1841427	42	RESP=1
1852590	42	STIM=h
1857175	42	RESP=1
1871151	42	STIM=v
1875174	42	RESP=1
1890088	42	STIM=l
1899523	42	RESP=1
1906630	42	STIM=i
1914664	42	RESP=1
1924867	42	STIM=t
1928105	42	RESP=1
1943651	42	STIM=4
1952013	42	RESP=2
1961046	42	STIM=2
1967995	42	RESP=2
1976190	42	STIM=1
1979810	42	RESP=2
1991886	42	STIM=k
1995341	42	RESP=1
2006981	42	STIM=7
2013501	42	RESP=1
2024447	42	STIM=u
2030242	42	RESP=1
2041883	42	STIM=f
2045879	42	RESP=1
2058909	42	STIM=g
2062496	42	RESP=1
2074793	42	STIM=s
2078486	42	RESP=1
2092242	42	STIM=d
2097997	42	RESP=1
2109422	42	STIM=k
2112737	42	RESP=1
2124525	42	STIM=o
2128023	42	RESP=1
2143023	42	STIM=5
2148478	42	RESP=2
2159742	42	STIM=u
2165528	42	RESP=1
2175806	42	STIM=j
2179435	42	RESP=1
2193029	42	STIM=0
2199641	42	RESP=2
2209894	42	STIM=t
2216791	42	RESP=1
2227108	42	STIM=r
2231457	42	RESP=1
2243363	42	STIM=j
2247649	42	RESP=1
2258837	42	STIM=e
2262454	42	RESP=1
2274213	42	STIM=s
2276672	42	RESP=1
2291244	42	STIM=y
2295065	42	RESP=1
2308611	42	STIM=w
2312352	42	RESP=1
2326724	42	STIM=b
2334046	42	RESP=1
2345167	42	STIM=k
2348739	42	RESP=1
2363238	42	STIM=f
2366415	42	RESP=1
2378677	42	STIM=y
2388369	42	RESP=1
2397203	42	STIM=t
2405601	42	RESP=1
2415827	42	STIM=d
2421481	42	RESP=1
2431503	42	STIM=h
2435900	42	RESP=1
2448117	42	STIM=q
2451403	42	RESP=1
2466889	42	STIM=a
2474076	42	RESP=2
2483609	42	STIM=b
2487141	42	RESP=1
2501049	42	STIM=u
2503642	42	RESP=2
2519371	42	STIM=n
2529625	42	RESP=1
2538344	42	STIM=3
2541788	42	RESP=2
2557112	42	STIM=1
2563466	42	RESP=2
2574845	42	STIM=k
2580876	42	RESP=1
2591491	42	STIM=q
2594600	42	RESP=1
2607219	42	STIM=s
2611397	42	RESP=1
2624008	42	STIM=e
2627286	42	RESP=1
2642919	42	STIM=b
2650174	42	RESP=1
2660212	42	STIM=2
2664877	42	RESP=2
2677521	42	STIM=m
2683614	42	RESP=1
2694693	42	STIM=2
2698802	42	RESP=2
2711739	42	STIM=2
2717166	42	RESP=2
2728850	42	STIM=4
2735214	42	RESP=1
2747554	42	STIM=t
2752574	42	RESP=1
2766304	42	STIM=y
2770616	42	RESP=2
2782000	42	STIM=r
2788682	42	RESP=1
2800374	42	STIM=r
2806605	42	RESP=1
2815563	42	STIM=9
2819716	42	RESP=2
2833504	42	STIM=h
2838805	42	RESP=1
2852436	42	STIM=b
2858193	42	RESP=1
2870939	42	STIM=1
2878754	42	RESP=2
2886431	42	STIM=8
2891930	42	RESP=1
2904363	42	STIM=j
2912759	42	RESP=1
2920150	42	STIM=h
2924089	42	RESP=1
2938230	42	STIM=s
2946253	42	RESP=1
2955067	42	STIM=o
2961620	42	RESP=1
2972213	42	STIM=r
2977595	42	RESP=1
2991005	42	STIM=0
2995266	42	RESP=2
3006304	42	STIM=8
3011159	42	RESP=2
3022866	42	STIM=t
3030362	42	RESP=1
3038887	42	STIM=6
3044084	42	RESP=2
3054036	42	STIM=8
3058489	42	RESP=2
3072631	42	STIM=h
3076400	42	RESP=1
3088568	42	STIM=l
3092748	42	RESP=1
3104862	42	STIM=h
3110804	42	RESP=1
3122272	42	STIM=l
3126252	42	RESP=2
3137691	42	STIM=g
3142493	42	RESP=1
3153081	42	STIM=b
3156524	42	RESP=1
3168222	42	STIM=4
3172380	42	RESP=2
3184128	42	STIM=e
3191786	42	RESP=1
3200947	42	STIM=p
3206103	42	RESP=1
3219843	42	STIM=p
3223057	42	RESP=1
3235863	42	STIM=o
3239380	42	RESP=1
3253451	42	STIM=n
3256245	42	RESP=1
3270419	42	STIM=t
3276273	42	RESP=1
3285628	42	STIM=u
3289852	42	RESP=1
3301400	42	STIM=5
3308848	42	RESP=2
3318898	42	STIM=v
3327650	42	RESP=1
3335427	42	STIM=5
3340120	42	RESP=2
3353656	42	STIM=v
3359043	42	RESP=1
3369583	42	STIM=p
3377038	42	RESP=1
3385688	42	STIM=v
3389968	42	RESP=1
3402580	42	STIM=i
3407864	42	RESP=1
3420098	42	STIM=2
3426878	42	RESP=2
3437285	42	STIM=x
3440775	42	RESP=1
3454120	42	STIM=k
3458264	42	RESP=1
3471882	42	STIM=u
3475680	42	RESP=1
3487264	42	STIM=q
3495867	42	RESP=1
3504360	42	STIM=4
3509159	42	RESP=2
3521921	42	STIM=c
3524962	42	RESP=1
3540811	42	STIM=i
3547794	42	RESP=1
3557925	42	STIM=w
3562390	42	RESP=1
3575957	42	STIM=v
3582220	42	RESP=1
3592111	42	STIM=s
3598571	42	RESP=1
3609498	42	STIM=x
3612735	42	RESP=1
3624853	42	STIM=q
3630333	42	RESP=1
3642946	42	STIM=z
3647055	42	RESP=1
3661572	42	STIM=5
3667289	42	RESP=2
3677733	42	STIM=r
3681880	42	RESP=1
3694322	42	STIM=1
3698688	42	RESP=2
3711358	42	STIM=j
3715990	42	RESP=1
3730087	42	STIM=n
3734987	42	RESP=1
3747820	42	STIM=z
3753087	42	RESP=1
3765817	42	STIM=e
3770335	42	RESP=1
3783979	42	STIM=d
3787569	42	RESP=1
3800811	42	STIM=r
3804383	42	RESP=1
3817267	42	STIM=b
3821739	42	RESP=1
3836100	42	STIM=h
3839216	42	RESP=1
3852786	42	STIM=2
3857305	42	RESP=2
3871019	42	STIM=4
3877502	42	RESP=1
3886508	42	STIM=s
3892457	42	RESP=1
3904420	42	STIM=p
3908519	42	RESP=1
3919941	42	STIM=p
3929279	42	RESP=1
3937675	42	STIM=w
3941223	42	RESP=1
3955479	42	STIM=e
3959160	42	RESP=1
3970486	42	STIM=g
3974176	42	RESP=1
3988230	42	STIM=c
3996151	42	RESP=1
4003453	42	STIM=x
4010902	42	RESP=2
4020235	42	STIM=i
4023764	42	RESP=1
4037847	42	STIM=w
4043034	42	RESP=1
4052912	42	STIM=v
4057266	42	RESP=1
4071617	42	STIM=9
4077509	42	RESP=2
4088030	42	STIM=g
4094287	42	RESP=1
4106491	42	STIM=q
4109443	42	RESP=1
4123459	42	STIM=r
4130344	42	RESP=1
4142434	42	STIM=w
4147690	42	RESP=1
4159171	42	STIM=s
4162534	42	RESP=1
4174578	42	STIM=4
4179294	42	RESP=2
4192484	42	STIM=o
4199191	42	RESP=1
4208062	42	STIM=8
4212406	42	RESP=2
4224925	42	STIM=f
4230129	42	RESP=1
4241319	42	STIM=a
4245254	42	RESP=1
4258938	42	STIM=4
4263347	42	RESP=1
4276046	42	STIM=x
4282490	42	RESP=1
4293760	42	STIM=9
4299286	42	RESP=2
4310440	42	STIM=e
4315053	42	RESP=1
4326252	42	STIM=b
4332482	42	RESP=1
4343254	42	STIM=h
4352659	42	RESP=1
4361607	42	STIM=c
4367293	42	RESP=1
4379192	42	STIM=b
4382361	42	RESP=1
4395404	42	STIM=4
4401349	42	RESP=2
4414362	42	STIM=i
4418397	42	RESP=1
4432490	42	STIM=y
4437170	42	RESP=1
4449277	42	STIM=t
4454423	42	RESP=1
4467213	42	STIM=d
4473138	42	RESP=1
4483697	42	STIM=h
4487484	42	RESP=2
4502358	42	STIM=q
4507872	42	RESP=1
4521186	42	STIM=7
4525381	42	RESP=2
4537902	42	STIM=n
4543346	42	RESP=1
4555084	42	STIM=1
4560420	42	RESP=2
4573166	42	STIM=y
4578650	42	RESP=1
4590780	42	STIM=x
4593914	42	RESP=1
4606762	42	STIM=u
4609952	42	RESP=1
4624726	42	STIM=c
4632488	42	RESP=1
4643302	42	STIM=z
4648490	42	RESP=1
4658959	42	STIM=q
4664919	42	RESP=1
4675880	42	STIM=9
4679454	42	RESP=2
4691060	42	STIM=t
4695259	42	RESP=1
4708483	42	STIM=f
4711934	42	RESP=1
4724720	42	STIM=o
4731143	42	RESP=1
4740738	42	STIM=o
4746029	42	RESP=1
4758152	42	STIM=p
4762302	42	RESP=1
4773972	42	STIM=7
4777639	42	RESP=2
4791086	42	STIM=7
4795376	42	RESP=2
4808072	42	STIM=i
4811145	42	RESP=1
4826291	42	STIM=r
4831671	42	RESP=1
4843750	42	STIM=9
4849148	42	RESP=2
4860928	42	STIM=k
4865824	42	RESP=1
4877966	42	STIM=7
4882285	42	RESP=2
4894799	42	STIM=d
4899269	42	RESP=1
4910349	42	STIM=g
4915609	42	RESP=1
4928366	42	STIM=p
4933738	42	RESP=1
4947146	42	STIM=t
4951483	42	RESP=1
4962747	42	STIM=e
4965916	42	RESP=1
4980696	42	STIM=g
4985381	42	RESP=1
4999291	42	STIM=k
5004003	42	RESP=1
5015519	42	STIM=w
5019890	42	RESP=1
5033485	42	STIM=k
5036884	42	RESP=1
5049149	42	STIM=r
5054497	42	RESP=1
5065038	42	STIM=3
5069394	42	RESP=2
5083392	42	STIM=x
5086331	42	RESP=1
5100524	42	STIM=s
5104278	42	RESP=1
5115789	42	STIM=l
5122223	42	RESP=1
5131034	42	STIM=n
5133922	42	RESP=1
5146908	42	STIM=z
5151097	42	RESP=1
5162941	42	STIM=6
5167681	42	RESP=2
5178063	42	STIM=d
5183485	42	RESP=1
5193207	42	STIM=e
5196501	42	RESP=1
5208426	42	STIM=k
5212348	42	RESP=1
5224656	42	STIM=q
5229395	42	RESP=1
5241636	42	STIM=k
5248885	42	RESP=1
5256669	42	STIM=j
5260634	42	RESP=1
5272889	42	STIM=a
5277932	42	RESP=1
5290028	42	STIM=5
5295309	42	RESP=2
5306639	42	STIM=2
5310336	42	RESP=2
5322447	42	STIM=2
5329036	42	RESP=2
5340791	42	STIM=a
5344342	42	RESP=1
5357591	42	STIM=s
5361269	42	RESP=1
5375334	42	STIM=u
5378970	42	RESP=2
5392880	42	STIM=2
5398635	42	RESP=2
5409546	42	STIM=6
5420274	42	RESP=2
5428098	42	STIM=i
5431368	42	RESP=1
5444792	42	STIM=j
5451215	42	RESP=1
5463392	42	STIM=w
5469213	42	RESP=1
5481822	42	STIM=v
5486137	42	RESP=1
5497490	42	STIM=y
5502057	42	RESP=1
5513190	42	STIM=h
5517520	42	RESP=1
5529535	42	STIM=h
5533759	42	RESP=1
5547535	42	STIM=o
5550734	42	RESP=1
5565939	42	STIM=j
5569575	42	RESP=1
5583965	42	STIM=y
5586406	42	RESP=1
5601189	42	STIM=1
5606880	42	RESP=1
5618305	42	STIM=d
5626727	42	RESP=1
5635539	42	STIM=d
5639593	42	RESP=1
5654095	42	STIM=q
5658672	42	RESP=1
5670773	42	STIM=5
5675100	42	RESP=2
5689305	42	STIM=1
5693583	42	RESP=2
5706561	42	STIM=x
5713106	42	RESP=1
5721792	42	STIM=t
5725073	42	RESP=1
5739318	42	STIM=v
5742487	42	RESP=1
5758230	42	STIM=t
5762818	42	RESP=1
5776677	42	STIM=p
5781967	42	RESP=1
5792634	42	STIM=y
5796306	42	RESP=1
5809425	42	STIM=n
5813841	42	RESP=1
5826904	42	STIM=8
5835119	42	RESP=2
5843929	42	STIM=g
5849070	42	RESP=1
5861132	42	STIM=4
5866352	42	RESP=2
5876999	42	STIM=u
5881839	42	RESP=1
5895779	42	STIM=4
5902026	42	RESP=2
5913793	42	STIM=k
5917589	42	RESP=1
5930821	42	STIM=9
5939939	42	RESP=2
5947046	42	STIM=s
5953037	42	RESP=1
5965041	42	STIM=7
5969291	42	RESP=1
5982587	42	STIM=z
5985277	42	RESP=1
5997770	42	STIM=c
6002157	42	RESP=1
6013321	42	STIM=h
6022502	42	RESP=1
6028686	42	STIM=i
6035294	42	RESP=1
6044574	42	STIM=k
6047574	42	RESP=1
6061819	42	STIM=v
6065177	42	RESP=1
6079739	42	STIM=t
6082868	42	RESP=1
6097774	42	STIM=w
6101375	42	RESP=1
6114651	42	STIM=5
6123314	42	RESP=2
6131683	42	STIM=d
6138543	42	RESP=1
6148190	42	STIM=b
6152250	42	RESP=1
6163681	42	STIM=e
6168412	42	RESP=1
6178813	42	STIM=d
6184429	42	RESP=1
6195678	42	STIM=0
6203314	42	RESP=2
6212532	42	STIM=y
6216546	42	RESP=1
6230559	42	STIM=s
6234183	42	RESP=1
6246122	42	STIM=g
6250318	42	RESP=1
6262297	42	STIM=j
6268184	42	RESP=1
6277716	42	STIM=0
6281989	42	RESP=1
6294850	42	STIM=u
6300145	42	RESP=1
6309880	42	STIM=s
6314106	42	RESP=1
6327332	42	STIM=r
6332214	42	RESP=1
6344772	42	STIM=1
6348698	42	RESP=2
6362561	42	STIM=d
6368846	42	RESP=1
6379130	42	STIM=c
6384134	42	RESP=1
6396815	42	STIM=q
6401614	42	RESP=1
6415403	42	STIM=m
6423259	42	RESP=1
6434004	42	STIM=y
6437408	42	RESP=1
6452875	42	STIM=9
6458676	42	RESP=2
6470041	42	STIM=2
6474953	42	RESP=1
6485249	42	STIM=n
6488777	42	RESP=1
6503428	42	STIM=j
6506685	42	RESP=1
6520816	42	STIM=2
6525482	42	RESP=2
6536585	42	STIM=3
6541945	42	RESP=1
6552117	42	STIM=i
6558039	42	RESP=1
6569028	42	STIM=j
6578488	42	RESP=1
6586866	42	STIM=6
6592578	42	RESP=2
6605606	42	STIM=q
6614832	42	RESP=1
6622241	42	STIM=o
6625542	42	RESP=1
6639875	42	STIM=1
6643610	42	RESP=2
6658799	42	STIM=y
6664888	42	RESP=1
6675252	42	STIM=v
6681693	42	RESP=1
6691125	42	STIM=a
6695456	42	RESP=1
6708094	42	STIM=j
6713110	42	RESP=1
6726604	42	STIM=g
6731652	42	RESP=2
6742838	42	STIM=o
6746798	42	RESP=1
6758453	42	STIM=r
6761990	42	RESP=1
6774847	42	STIM=j
6777500	42	RESP=1
6792795	42	STIM=l
6800956	42	RESP=1
6811129	42	STIM=l
6817693	42	RESP=1
6829588	42	STIM=m
6839320	42	RESP=1
6844906	42	STIM=n
6848714	42	RESP=1
6860791	42	STIM=q
6863570	42	RESP=1
6878939	42	STIM=w
6883993	42	RESP=1
6896436	42	STIM=s
6901973	42	RESP=1
6912554	42	STIM=4
6916103	42	RESP=2
6927586	42	STIM=y
6932190	42	RESP=1
6943070	42	STIM=j
6950183	42	RESP=1
6960486	42	STIM=q
6963883	42	RESP=1
6978884	42	STIM=m
6981589	42	RESP=1
6994846	42	STIM=y
6999437	42	RESP=1
7010080	42	STIM=h
7014476	42	RESP=1
7025964	42	STIM=q
7030177	42	RESP=1
7043090	42	STIM=f
7046430	42	RESP=1
7061525	42	STIM=p
7067189	42	RESP=1
7077013	42	STIM=z
7080333	42	RESP=1
7093469	42	STIM=j
7096871	42	RESP=1
7112441	42	STIM=q
7120355	42	RESP=1
7128111	42	STIM=p
7132982	42	RESP=1
7145140	42	STIM=t
7155787	42	RESP=1
7163505	42	STIM=4
7169100	42	RESP=2
7179329	42	STIM=u
7182235	42	RESP=1
7197429	42	STIM=z
7201664	42	RESP=1
7214746	42	STIM=c
7218550	42	RESP=1
7233604	42	STIM=q
7237749	42	RESP=1
7249473	42	STIM=d
7253378	42	RESP=1
7267665	42	STIM=c
7270530	42	RESP=1
7285638	42	STIM=q
7289656	42	RESP=1
7301364	42	STIM=r
7305364	42	RESP=1
7316914	42	STIM=u
7320328	42	RESP=2
7334226	42	STIM=5
7340634	42	RESP=2
7352560	42	STIM=m
7355325	42	RESP=1
7368243	42	STIM=k
7372905	42	RESP=1
7386362	42	STIM=d
7396154	42	RESP=1
7403018	42	STIM=m
7406699	42	RESP=1
7418835	42	STIM=2
7423458	42	RESP=2
7436501	42	STIM=m
7441725	42	RESP=2
7452021	42	STIM=r
7456772	42	RESP=1
7467188	42	STIM=r
7472991	42	RESP=2
7486046	42	STIM=h
7489493	42	RESP=1
7502690	42	STIM=j
7508241	42	RESP=1
7521152	42	STIM=6
7525685	42	RESP=2
7538983	42	STIM=m
7543550	42	RESP=1
7555445	42	STIM=p
7559941	42	RESP=1
7571572	42	STIM=d
7575467	42	RESP=1
7589286	42	STIM=a
7595598	42	RESP=1
7605646	42	STIM=j
7609847	42	RESP=1
7621198	42	STIM=a
7627767	42	RESP=1
7639063	42	STIM=9
7643611	42	RESP=1
7657550	42	STIM=i
7661541	42	RESP=1
7676478	42	STIM=3
7680887	42	RESP=2
7691884	42	STIM=0
7696310	42	RESP=2
7707073	42	STIM=o
7711674	42	RESP=1
7725251	42	STIM=n
7731979	42	RESP=1
7741284	42	STIM=c
7745850	42	RESP=1
7757854	42	STIM=g
7762839	42	RESP=1
7774651	42	STIM=q
7781540	42	RESP=1
7791139	42	STIM=q
7798669	42	RESP=1
7806948	42	STIM=2
7812405	42	RESP=2
7825577	42	STIM=k
7829181	42	RESP=1
7840971	42	STIM=s
7844056	42	RESP=1
7859061	42	STIM=n
7865568	42	RESP=1
7875942	42	STIM=n
7881906	42	RESP=1
7891713	42	STIM=f
7895186	42	RESP=1
7909940	42	STIM=w
7914663	42	RESP=1
7928381	42	STIM=g
7932296	42	RESP=1
7944287	42	STIM=9
7950456	42	RESP=1
7960864	42	STIM=7
7970018	42	RESP=2
7979711	42	STIM=u
7983446	42	RESP=1
7997103	42	STIM=9
8005100	42	RESP=2
8013845	42	STIM=f
8019177	42	RESP=1
8029690	42	STIM=u
8034082	42	RESP=1
8047433	42	STIM=c
8051152	42	RESP=1
8066069	42	STIM=t
8072244	42	RESP=1
8083017	42	STIM=p
8087404	42	RESP=1
8100881	42	STIM=y
8103839	42	RESP=1
8115920	42	STIM=w
8119270	42	RESP=1
8131394	42	STIM=1
8139046	42	RESP=2
8146613	42	STIM=k
8159330	42	RESP=1
8163011	42	STIM=u
8168279	42	RESP=1
8181344	42	STIM=p
8186050	42	RESP=1
8197311	42	STIM=g
8200606	42	RESP=1
8214226	42	STIM=q
8218942	42	RESP=1
8230156	42	STIM=x
8235080	42	RESP=1
8247710	42	STIM=r
8252340	42	RESP=1
8263962	42	STIM=x
8269298	42	RESP=1
8279204	42	STIM=i
8286124	42	RESP=1
8297302	42	STIM=c
8304648	42	RESP=2
8313399	42	STIM=2
8319950	42	RESP=2
8328559	42	STIM=o
8334759	42	RESP=1
8346367	42	STIM=q
8352111	42	RESP=1
8364777	42	STIM=p
8369815	42	RESP=1
8383235	42	STIM=h
8386712	42	RESP=1
8401007	42	STIM=v
8404395	42	RESP=2
8419700	42	STIM=8
8424955	42	RESP=2
8438694	42	STIM=n
8444286	42	RESP=2
8457188	42	STIM=p
8460793	42	RESP=1
8473328	42	STIM=w
8477444	42	RESP=1
8491584	42	STIM=x
8497206	42	RESP=1
8507448	42	STIM=s
8510753	42	RESP=1
8524022	42	STIM=2
8528779	42	RESP=2
8540173	42	STIM=d
8544466	42	RESP=1
8556224	42	STIM=b
8560867	42	RESP=1
8574332	42	STIM=6
8583681	42	RESP=2
8591583	42	STIM=1
8597965	42	RESP=2
8610441	42	STIM=0
8614648	42	RESP=2
8627541	42	STIM=2
8632984	42	RESP=2
8646208	42	STIM=x
8653541	42	RESP=1
8662820	42	STIM=n
8665770	42	RESP=1
8679416	42	STIM=i
8683192	42	RESP=1
8696783	42	STIM=9
8701322	42	RESP=2
8712348	42	STIM=f
8718788	42	RESP=1
8729955	42	STIM=z
8736746	42	RESP=1
8748585	42	STIM=l
8751725	42	RESP=1
8764270	42	STIM=e
8768290	42	RESP=1
8781478	42	STIM=n
8785819	42	RESP=1
8797934	42	STIM=p
8804091	42	RESP=1
8813422	42	STIM=r
8817993	42	RESP=1
8830692	42	STIM=4
8837503	42	RESP=2
8846359	42	STIM=o
8850882	42	RESP=1
8861927	42	STIM=m
8867211	42	RESP=1
8878101	42	STIM=x
8881071	42	RESP=1
8895021	42	STIM=3
8898667	42	RESP=2
8913101	42	STIM=y
8917413	42	RESP=1
8931362	42	STIM=m
8938267	42	RESP=2
8947994	42	STIM=k
8954236	42	RESP=1
8966859	42	STIM=e
8970214	42	RESP=1
8985492	42	STIM=3
8993627	42	RESP=2
9003656	42	STIM=y
9007234	42	RESP=1
9020127	42	STIM=g
9022702	42	RESP=1
9035757	42	STIM=p
9042599	42	RESP=1
9053845	42	STIM=v
9056876	42	RESP=1
9070242	42	STIM=z
9072725	42	RESP=1
9086859	42	STIM=9
9093515	42	RESP=2
9103354	42	STIM=r
9107344	42	RESP=1
9119127	42	STIM=9
9122811	42	RESP=2
9138033	42	STIM=k
9142469	42	RESP=1
9156242	42	STIM=d
9159566	42	RESP=1
9173432	42	STIM=f
9177050	42	RESP=1
9191833	42	STIM=a
9196389	42	RESP=1
9210023	42	STIM=0
9216495	42	RESP=2
9226679	42	STIM=g
9231797	42	RESP=1
9242568	42	STIM=6
9246629	42	RESP=1
9261274	42	STIM=n
9271697	42	RESP=1
9277483	42	STIM=o
9280138	42	RESP=1
9294235	42	STIM=k
9298655	42	RESP=1
9311527	42	STIM=n
9319650	42	RESP=1
9326644	42	STIM=u
9331938	42	RESP=1
9345005	42	STIM=x
9349993	42	RESP=1
9361022	42	STIM=b
9364458	42	RESP=2
9379910	42	STIM=n
9384476	42	RESP=1
9397433	42	STIM=6
9404112	42	RESP=2
9414988	42	STIM=4
9421564	42	RESP=2
9430763	42	STIM=g
9434097	42	RESP=1
9449749	42	STIM=z
9452972	42	RESP=1
9468313	42	STIM=g
9472781	42	RESP=1
9484097	42	STIM=f
9486658	42	RESP=1
9499831	42	STIM=f
9503879	42	RESP=1
9516526	42	STIM=d
9522283	42	RESP=1
9533902	42	STIM=w
9537682	42	RESP=1
9552118	42	STIM=v
9560487	42	RESP=1
9568073	42	STIM=2
9572423	42	RESP=2
9585968	42	STIM=o
9593249	42	RESP=1
9601907	42	STIM=w
9606896	42	RESP=1
9617690	42	STIM=m
9623917	42	RESP=1
9636284	42	STIM=i
9647105	42	RESP=1
9651589	42	STIM=e
9655576	42	RESP=1
9667778	42	STIM=d
9678321	42	RESP=1
9682955	42	STIM=h
9687200	42	RESP=1
9698817	42	STIM=p
9710316	42	RESP=1
9717495	42	STIM=3
9723557	42	RESP=2
9736461	42	STIM=o
9741160	42	RESP=1
9752543	42	STIM=6
9757744	42	RESP=2
9768667	42	STIM=u
9772364	42	RESP=1
9784520	42	STIM=q
9789264	42	RESP=1
9802391	42	STIM=o
9807013	42	RESP=1
9821340	42	STIM=c
9824302	42	RESP=1
9839495	42	STIM=m
9843771	42	RESP=1
9857017	42	STIM=6
9862917	42	RESP=2
9875920	42	STIM=9
9881576	42	RESP=2
9891229	42	STIM=m
9896320	42	RESP=1
9909227	42	STIM=8
9914219	42	RESP=2
9926472	42	STIM=m
9933176	42	RESP=1
9945463	42	STIM=c
9951455	42	RESP=1
9962140	42	STIM=d
9966153	42	RESP=1
9979799	42	STIM=e
9983056	42	RESP=1
9998679	42	STIM=h
10002038	42	RESP=1
10013692	42	STIM=i
10017982	42	RESP=1
10029534	42	STIM=d
10033247	42	RESP=1
10047108	42	STIM=7
10050971	42	RESP=1
10065953	42	STIM=q
10070292	42	RESP=1
10083553	42	STIM=v
10088670	42	RESP=1
10102305	42	STIM=s
10105986	42	RESP=1
10120945	42	STIM=i
10125237	42	RESP=1
10136384	42	STIM=i
10142512	42	RESP=1
10154213	42	STIM=4
10161401	42	RESP=2
10170653	42	STIM=9
10177227	42	RESP=2
10185794	42	STIM=m
10189576	42	RESP=1
10201830	42	STIM=c
10204730	42	RESP=1
10217666	42	STIM=o
10221572	42	RESP=1
10233601	42	STIM=k
10237334	42	RESP=1
10249503	42	STIM=1
10256150	42	RESP=2
10265911	42	STIM=o
10268996	42	RESP=1
10281217	42	STIM=i
10287016	42	RESP=1
10299522	42	STIM=g
10303728	42	RESP=1
10314974	42	STIM=6
10320189	42	RESP=1
10333675	42	STIM=d
10343056	42	RESP=1
10352584	42	STIM=a
10355509	42	RESP=1
10369811	42	STIM=m
10375228	42	RESP=1
10386455	42	STIM=7
10396617	42	RESP=2
10404347	42	STIM=f
10408126	42	RESP=1
10422962	42	STIM=c
10426901	42	RESP=1
10438707	42	STIM=a
10442008	42	RESP=1
10454755	42	STIM=k
10457960	42	RESP=1
10470337	42	STIM=6
10476116	42	RESP=2
10487932	42	STIM=r
10491584	42	RESP=1
10503334	42	STIM=d
10508983	42	RESP=2
10520750	42	STIM=s
10524370	42	RESP=1
10536479	42	STIM=h
10541410	42	RESP=1
10553488	42	STIM=0
10561081	42	RESP=2
10568770	42	STIM=g
10571358	42	RESP=1
10586710	42	STIM=e
10594054	42	RESP=1
10605452	42	STIM=4
10609615	42	RESP=2
10622723	42	STIM=p
10626073	42	RESP=1
10640984	42	STIM=q
10647157	42	RESP=1
10656576	42	STIM=x
10659620	42	RESP=1
10675536	42	STIM=b
10679445	42	RESP=1
10692881	42	STIM=v
10697293	42	RESP=1
10711496	42	STIM=2
10716729	42	RESP=1
10729591	42	STIM=0
10736917	42	RESP=2
10745834	42	STIM=j
10750765	42	RESP=1
10763378	42	STIM=p
10767785	42	RESP=1
10782068	42	STIM=z
10788210	42	RESP=1
10800886	42	STIM=l
10803963	42	RESP=1
10818275	42	STIM=f
10821913	42	RESP=1
10835146	42	STIM=3
10838689	42	RESP=2
10850195	42	STIM=b
10853721	42	RESP=1
10866107	42	STIM=p
10870939	42	RESP=1
10881458	42	STIM=u
10885100	42	RESP=1
10899200	42	STIM=w
10905988	42	RESP=1
10917306	42	STIM=z
10923217	42	RESP=1
10935443	42	STIM=x
10940128	42	RESP=1
10952912	42	STIM=v
10959445	42	RESP=1
10970745	42	STIM=p
10975292	42	RESP=1
10986524	42	STIM=r
10994164	42	RESP=1
11002608	42	STIM=w
11009001	42	RESP=1
11019799	42	STIM=k
11024309	42	RESP=1
11038454	42	STIM=n
11041669	42	RESP=1
11057110	42	STIM=8
11061768	42	RESP=2
11072233	42	STIM=c
11078854	42	RESP=1
11088300	42	STIM=v
11092209	42	RESP=1
11106078	42	STIM=q
11111357	42	RESP=1
11124415	42	STIM=n
11128197	42	RESP=1
11141343	42	STIM=u
11149247	42	RESP=1
11156989	42	STIM=g
11161328	42	RESP=1
11175874	42	STIM=d
11178671	42	RESP=1
11191456	42	STIM=c
11195956	42	RESP=1
11209251	42	STIM=b
11216275	42	RESP=1
11226786	42	STIM=3
11232409	42	RESP=2
11245540	42	STIM=r
11253479	42	RESP=1
11263379	42	STIM=s
11269722	42	RESP=1
11282310	42	STIM=c
11285483	42	RESP=1
11298783	42	STIM=g
11304498	42	RESP=1
11315487	42	STIM=a
11320585	42	RESP=1
11333727	42	STIM=w
11338126	42	RESP=1
11350777	42	STIM=h
11357556	42	RESP=1
11366603	42	STIM=0
11370616	42	RESP=2
11385047	42	STIM=r
11392199	42	RESP=1
11401139	42	STIM=y
11405461	42	RESP=1
11419706	42	STIM=y
11423847	42	RESP=1
11437356	42	STIM=5
11441456	42	RESP=2
11454183	42	STIM=h
11459347	42	RESP=1
11472948	42	STIM=a
11476394	42	RESP=1
11491503	42	STIM=v
11496713	42	RESP=1
11506839	42	STIM=p
11513736	42	RESP=1
11523269	42	STIM=x
11527967	42	RESP=1
11540030	42	STIM=x
11545509	42	RESP=1
11558924	42	STIM=z
11562993	42	RESP=1
11575630	42	STIM=h
11578803	42	RESP=2
11592369	42	STIM=k
11597563	42	RESP=1
11608841	42	STIM=h
11616180	42	RESP=1
11624214	42	STIM=k
11628884	42	RESP=2
11639220	42	STIM=p
11642857	42	RESP=1
11657981	42	STIM=f
11661532	42	RESP=1
11676068	42	STIM=p
11683563	42	RESP=1
11691383	42	STIM=v
11696826	42	RESP=1
11707985	42	STIM=g
11711953	42	RESP=1
11724547	42	STIM=2
11732598	42	RESP=2
11741160	42	STIM=1
11746794	42	RESP=2
11758222	42	STIM=u
11763050	42	RESP=1
11774091	42	STIM=3
11779651	42	RESP=1
11792305	42	STIM=e
11795939	42	RESP=1
11809663	42	STIM=k
11814185	42	RESP=1
11824840	42	STIM=c
11828532	42	RESP=1
11841383	42	STIM=d
11846913	42	RESP=1
11860285	42	STIM=7
11865659	42	RESP=2
11878475	42	STIM=0
11882457	42	RESP=2
11893932	42	STIM=o
11896745	42	RESP=1
11910867	42	STIM=u
11917256	42	RESP=1
11928575	42	STIM=v
11934007	42	RESP=1
11945068	42	STIM=1
11949194	42	RESP=1
11963612	42	STIM=j
11969940	42	RESP=1
11981191	42	STIM=2
11985885	42	RESP=2
11999547	42	STIM=s
12005346	42	RESP=1
12016787	42	STIM=r
12021606	42	RESP=1
12033497	42	STIM=k
12039614	42	RESP=1
12048782	42	STIM=8
12056263	42	RESP=1
12067435	42	STIM=g
12074758	42	RESP=1
12085733	42	STIM=d
12089240	42	RESP=1
12103025	42	STIM=s
12107497	42	RESP=1
12118764	42	STIM=g
12121833	42	RESP=1
12135292	42	STIM=r
12139305	42	RESP=1
12153136	42	STIM=e
12156604	42	RESP=1
12168935	42	STIM=l
12174964	42	RESP=1
12185827	42	STIM=e
12189653	42	RESP=1
12201179	42	STIM=u
12207120	42	RESP=2
12217891	42	STIM=p
12221163	42	RESP=1
12234200	42	STIM=q
12237914	42	RESP=1
12251077	42	STIM=b
12258640	42	RESP=1
12268376	42	STIM=6
12271879	42	RESP=1
12285444	42	STIM=1
12294397	42	RESP=2
12302043	42	STIM=y
12304583	42	RESP=1
12320325	42	STIM=j
12324248	42	RESP=1
12335700	42	STIM=7
12345149	42	RESP=2
12354069	42	STIM=v
12362419	42	RESP=1
12372617	42	STIM=b
12378757	42	RESP=1
12388986	42	STIM=d
12395819	42	RESP=1
12405285	42	STIM=1
12409814	42	RESP=1
12423182	42	STIM=x
12425979	42	RESP=1
12440765	42	STIM=j
12445159	42	RESP=1
12455890	42	STIM=j
12460071	42	RESP=1
12471764	42	STIM=z
12476890	42	RESP=1
12486863	42	STIM=b
12496010	42	RESP=1
12502652	42	STIM=r
12506499	42	RESP=1
12520788	42	STIM=b
12524763	42	RESP=1
12536536	42	STIM=i
12541302	42	RESP=1
12552313	42	STIM=v
12558402	42	RESP=1
12570425	42	STIM=j
12574205	42	RESP=1
12587647	42	STIM=v
12590408	42	RESP=1
12606138	42	STIM=7
12612386	42	RESP=2
12622560	42	STIM=p
12626303	42	RESP=1
12639910	42	STIM=g
12645529	42	RESP=1
12657853	42	STIM=y
12666782	42	RESP=1
12672932	42	STIM=e
12676141	42	RESP=2
12690780	42	STIM=p
12696112	42	RESP=1
12705990	42	STIM=9
12710442	42	RESP=2
12724872	42	STIM=r
12729326	42	RESP=1
12741335	42	STIM=w
12747682	42	RESP=1
12759509	42	STIM=d
12762311	42	RESP=1
12775341	42	STIM=w
12777979	42	RESP=1
12791561	42	STIM=4
12799168	42	RESP=2
12810233	42	STIM=d
12816020	42	RESP=1
12828145	42	STIM=9
12833771	42	RESP=2
12845268	42	STIM=e
12849032	42	RESP=1
12862582	42	STIM=o
12866445	42	RESP=1
12881093	42	STIM=r
12883966	42	RESP=1
12899859	42	STIM=5
12904397	42	RESP=2
12918329	42	STIM=x
12923091	42	RESP=1
12935611	42	STIM=5
12939986	42	RESP=2
12953637	42	STIM=1
12957325	42	RESP=2
12969248	42	STIM=s
12972495	42	RESP=2
12984881	42	STIM=q
12989383	42	RESP=1
13000319	42	STIM=q
13003360	42	RESP=1
13018696	42	STIM=f
13023309	42	RESP=1
13037422	42	STIM=7
13041869	42	RESP=2
13054384	42	STIM=t
13058878	42	RESP=1
13071248	42	STIM=j
13076704	42	RESP=1
13088348	42	STIM=h
13093178	42	RESP=1
13104734	42	STIM=8
13110531	42	RESP=2
13123621	42	STIM=e
13129092	42	RESP=1
13139138	42	STIM=x
13142126	42	RESP=1
13156243	42	STIM=f
13160165	42	RESP=1
13174930	42	STIM=f
13179450	42	RESP=1
13192824	42	STIM=y
13200637	42	RESP=1
13209939	42	STIM=9
13215054	42	RESP=2
13227768	42	STIM=f
13231416	42	RESP=1
13245088	42	STIM=v
13250493	42	RESP=1
13261418	42	STIM=y
13266244	42	RESP=1
13276455	42	STIM=u
13281396	42	RESP=1
13293747	42	STIM=6
13299915	42	RESP=2
13311822	42	STIM=m
13315355	42	RESP=1
13327341	42	STIM=t
13332728	42	RESP=1
13343161	42	STIM=s
13350807	42	RESP=1
13360491	42	STIM=n
13365633	42	RESP=1
13375884	42	STIM=c
13380704	42	RESP=1
13391472	42	STIM=o
13398979	42	RESP=1
13407192	42	STIM=e
13413358	42	RESP=1
13423649	42	STIM=9
13430405	42	RESP=2
13438918	42	STIM=q
13443870	42	RESP=1
13455999	42	STIM=z
13462949	42	RESP=1
13472169	42	STIM=w
13476317	42	RESP=1
13488461	42	STIM=j
13491819	42	RESP=1
13506752	42	STIM=4
13515698	42	RESP=2
13525733	42	STIM=t
13530724	42	RESP=1
13542651	42	STIM=m
13547390	42	RESP=1
13561645	42	STIM=u
13566367	42	RESP=1
13579915	42	STIM=h
13585435	42	RESP=1
13597455	42	STIM=z
13605055	42	RESP=2
13612844	42	STIM=y
13616196	42	RESP=1
13630411	42	STIM=q
13634188	42	RESP=1
13645915	42	STIM=l
13648481	42	RESP=1
13664685	42	STIM=t
13670959	42	RESP=1
13679939	42	STIM=7
13685608	42	RESP=2
13698756	42	STIM=m
13703818	42	RESP=1
13716120	42	STIM=w
13725386	42	RESP=1
13733288	42	STIM=e
13741039	42	RESP=1
13748366	42	STIM=e
13753594	42	RESP=1
13763405	42	STIM=j
13770737	42	RESP=1
13780986	42	STIM=f
13785462	42	RESP=1
13796187	42	STIM=j
13805414	42	RESP=1
13813906	42	STIM=v
13821433	42	RESP=1
13830720	42	STIM=b
13834414	42	RESP=1
13846571	42	STIM=c
13851762	42	RESP=1
13863635	42	STIM=h
13866727	42	RESP=1
13880044	42	STIM=z
13886784	42	RESP=1
13898706	42	STIM=d
13903323	42	RESP=1
13914095	42	STIM=y
13918723	42	RESP=1
13932448	42	STIM=r
13938377	42	RESP=1
13949892	42	STIM=w
13953375	42	RESP=1
13968723	42	STIM=9
13972541	42	RESP=2
13986669	42	STIM=c
13993457	42	RESP=1
14003827	42	STIM=y
14009402	42	RESP=1
14020796	42	STIM=o
14025521	42	RESP=1
14036145	42	STIM=d
14039490	42	RESP=1
14055106	42	STIM=z
14058369	42	RESP=1
14073861	42	STIM=m
14078631	42	RESP=1
14090231	42	STIM=v
14094245	42	RESP=1
14107434	42	STIM=x
14111430	42	RESP=1
14126208	42	STIM=m
14129272	42	RESP=1
14142354	42	STIM=t
14147271	42	RESP=1
14158971	42	STIM=j
14163507	42	RESP=1
14174019	42	STIM=2
14180333	42	RESP=2
14192714	42	STIM=g
14197107	42	RESP=1
14210701	42	STIM=l
14215978	42	RESP=1
14228894	42	STIM=w
14233788	42	RESP=1
14245846	42	STIM=o
14250185	42	RESP=1
14261740	42	STIM=x
14265296	42	RESP=1
14278629	42	STIM=r
14282827	42	RESP=1
14294741	42	STIM=m
14299555	42	RESP=1
14311033	42	STIM=e
14315187	42	RESP=1
14327479	42	STIM=d
14330831	42	RESP=1
14343138	42	STIM=p
14346935	42	RESP=1
14359307	42	STIM=a
14365689	42	RESP=1
14378159	42	STIM=n
14382633	42	RESP=1
14394985	42	STIM=1
14398203	42	RESP=1
14412162	42	STIM=p
14416814	42	RESP=1
14430801	42	STIM=i
14438266	42	RESP=1
14446689	42	STIM=n
14450694	42	RESP=1
14465407	42	STIM=z
14471464	42	RESP=1
14482735	42	STIM=i
14488939	42	RESP=1
14500943	42	STIM=r
14507787	42	RESP=1
14519291	42	STIM=z
14523370	42	RESP=1
14537209	42	STIM=b
14543259	42	RESP=2
14554254	42	STIM=e
14559699	42	RESP=1
14569827	42	STIM=i
14574246	42	RESP=1
14588046	42	STIM=e
14593064	42	RESP=1
14603463	42	STIM=k
14607526	42	RESP=1
14621318	42	STIM=v
14624466	42	RESP=1
14636728	42	STIM=y
14641533	42	RESP=1
14655379	42	STIM=u
14662375	42	RESP=1
14670729	42	STIM=k
14673494	42	RESP=1
14687427	42	STIM=c
14691746	42	RESP=1
14702542	42	STIM=4
14709482	42	RESP=1
14717794	42	STIM=5
14730958	42	RESP=1
14736014	42	STIM=c
14740446	42	RESP=1
14754882	42	STIM=j
14761416	42	RESP=1
14772345	42	STIM=2
14776517	42	RESP=2
14788541	42	STIM=t
14794096	42	RESP=1
14806884	42	STIM=y
14810629	42	RESP=1
14822380	42	STIM=w
14827103	42	RESP=1
14838504	42	STIM=t
14842392	42	RESP=1
14855642	42	STIM=a
14859756	42	RESP=1
14870757	42	STIM=f
14874273	42	RESP=1
14887464	42	STIM=x
14891351	42	RESP=1
14906080	42	STIM=z
14910224	42	RESP=1
14923556	42	STIM=u
14927043	42	RESP=1
14940760	42	STIM=q
14946727	42	RESP=1
14959244	42	STIM=l
14965797	42	RESP=1
14977723	42	STIM=t
14985244	42	RESP=1
14994800	42	STIM=2
15002208	42	RESP=2
15013159	42	STIM=0
15017654	42	RESP=2
15028462	42	STIM=7
15032477	42	RESP=2
15045810	42	STIM=b
15048976	42	RESP=1
15064353	42	STIM=d
15072178	42	RESP=1
15083342	42	STIM=b
15088891	42	RESP=1
15099454	42	STIM=h
15103816	42	RESP=1
15116505	42	STIM=4
15120861	42	RESP=2
15132741	42	STIM=b
15137671	42	RESP=1
15150866	42	STIM=2
15156164	42	RESP=2
15167335	42	STIM=w
15171563	42	RESP=1
15185220	42	STIM=l
15194052	42	RESP=1
15202948	42	STIM=b
15206056	42	RESP=1
15220508	42	STIM=o
15225809	42	RESP=2
15236724	42	STIM=7
15242397	42	RESP=2
15255012	42	STIM=b
15261269	42	RESP=1
15270421	42	STIM=r
15276484	42	RESP=1
15289123	42	STIM=o
15294132	42	RESP=1
15305116	42	STIM=7
15310797	42	RESP=2
15322207	42	STIM=r
15329096	42	RESP=1
15338048	42	STIM=h
15342821	42	RESP=1
15354891	42	STIM=1
15359763	42	RESP=2
15373054	42	STIM=t
15379219	42	RESP=1
15391049	42	STIM=b
15396427	42	RESP=1
15407058	42	STIM=i
15412118	42	RESP=1
15425562	42	STIM=p
15429484	42	RESP=1
15441582	42	STIM=5
15447142	42	RESP=2
15456941	42	STIM=j
15460038	42	RESP=1
15475506	42	STIM=1
15480991	42	RESP=2
15492104	42	STIM=q
15496258	42	RESP=1
15507653	42	STIM=m
15512256	42	RESP=1
15523478	42	STIM=c
15528502	42	RESP=1
15538723	42	STIM=3
15541827	42	RESP=2
15555908	42	STIM=a
15562006	42	RESP=1
15572300	42	STIM=3
15577788	42	RESP=2
15588067	42	STIM=o
15592162	42	RESP=2
15607013	42	STIM=l
15612789	42	RESP=1
15625287	42	STIM=r
15630425	42	RESP=1
15640341	42	STIM=2
15652712	42	RESP=2
15658386	42	STIM=q
15666594	42	RESP=1
15676853	42	STIM=5
15683911	42	RESP=2
15695642	42	STIM=8
15701177	42	RESP=1
15713343	42	STIM=k
15716883	42	RESP=1
15729397	42	STIM=2
15734581	42	RESP=2
15746100	42	STIM=o
15753589	42	RESP=1
15762414	42	STIM=3
15768412	42	RESP=2
15781183	42	STIM=o
15784933	42	RESP=1
15796284	42	STIM=m
15800219	42	RESP=1
15814754	42	STIM=j
15821220	42	RESP=1
15830617	42	STIM=c
15835256	42	RESP=1
15848016	42	STIM=s
15853019	42	RESP=1
15865824	42	STIM=b
15870791	42	RESP=1
15884258	42	STIM=l
15888573	42	RESP=1
15901865	42	STIM=v
15910044	42	RESP=1
15917530	42	STIM=z
15923907	42	RESP=1
15933033	42	STIM=f
15937905	42	RESP=1
15952008	42	STIM=2
15959102	42	RESP=2
15970174	42	STIM=p
15985400	42	RESP=1
15986974	42	STIM=o
15990025	42	RESP=1
16004572	42	STIM=v
16008034	42	RESP=2
16022081	42	STIM=h
16026351	42	RESP=1
16037872	42	STIM=t
16043871	42	RESP=1
16056006	42	STIM=6
16064537	42	RESP=2
16073465	42	STIM=d
16080690	42	RESP=1
16092116	42	STIM=7
16097064	42	RESP=2
16110571	42	STIM=p
16118642	42	RESP=1
16127316	42	STIM=z
16131884	42	RESP=1
16144226	42	STIM=y
16147831	42	RESP=2
16159839	42	STIM=h
16164246	42	RESP=1
16177181	42	STIM=d
16180064	42	RESP=1
16195583	42	STIM=7
16199937	42	RESP=2
16213392	42	STIM=9
16218472	42	RESP=1
16229800	42	STIM=l
16235898	42	RESP=1
16246904	42	STIM=5
16251528	42	RESP=2
16263575	42	STIM=g
16267234	42	RESP=1
16281948	42	STIM=z
16293067	42	RESP=1
16300514	42	STIM=n
16305425	42	RESP=1
16315966	42	STIM=z
16322297	42	RESP=1
16333922	42	STIM=u
16338514	42	RESP=1
16349591	42	STIM=1
16353376	42	RESP=2
16368470	42	STIM=1
16372084	42	RESP=2
16385707	42	STIM=r
16391105	42	RESP=1
16404642	42	STIM=p
16409724	42	RESP=1
16421311	42	STIM=x
16426925	42	RESP=1
16437091	42	STIM=b
16442010	42	RESP=1
16455645	42	STIM=r
16458121	42	RESP=1
16473432	42	STIM=i
16477606	42	RESP=1
16492325	42	STIM=9
16496507	42	RESP=2
16511150	42	STIM=g
16513939	42	RESP=1
16526480	42	STIM=s
16531704	42	RESP=1
16544427	42	STIM=a
16549695	42	RESP=1
16560378	42	STIM=m
16564260	42	RESP=1
16576074	42	STIM=c
16579910	42	RESP=1
16591954	42	STIM=d
16595638	42	RESP=1
16609589	42	STIM=j
16613641	42	RESP=1
16626735	42	STIM=g
16632464	42	RESP=1
16645269	42	STIM=e
16650978	42	RESP=1
16663363	42	STIM=v
16666214	42	RESP=1
16679013	42	STIM=a
16682289	42	RESP=2
16697485	42	STIM=t
16704806	42	RESP=1
16712834	42	STIM=y
16715460	42	RESP=1
16730627	42	STIM=f
16734443	42	RESP=1
16746879	42	STIM=d
16751058	42	RESP=1
16763352	42	STIM=1
16767345	42	RESP=2
16781079	42	STIM=1
16786737	42	RESP=1
16798109	42	STIM=w
16802555	42	RESP=1
16814463	42	STIM=4
16817928	42	RESP=2
16829624	42	STIM=x
16834583	42	RESP=1
16845048	42	STIM=h
16847957	42	RESP=1
16860599	42	STIM=a
16870204	42	RESP=1
16877435	42	STIM=u
16883895	42	RESP=1
16894003	42	STIM=k
16898052	42	RESP=1
16909339	42	STIM=6
16916338	42	RESP=2
16926972	42	STIM=z
16929911	42	RESP=1
16945448	42	STIM=e
16949796	42	RESP=1
16960753	42	STIM=a
16964176	42	RESP=1
16977622	42	STIM=e
16981081	42	RESP=1
16994311	42	STIM=s
16998240	42	RESP=1
17010882	42	STIM=a
17017513	42	RESP=1
17025977	42	STIM=g
17028513	42	RESP=1
17043419	42	STIM=f
17048869	42	RESP=1
17061911	42	STIM=j
17067364	42	RESP=1
17079608	42	STIM=q
17082515	42	RESP=1
17097947	42	STIM=2
17103939	42	RESP=1
17116223	42	STIM=i
17121329	42	RESP=1
17134171	42	STIM=c
17142990	42	RESP=1
17149412	42	STIM=c
17153812	42	RESP=1
17166004	42	STIM=u
17173193	42	RESP=1
17183229	42	STIM=q
17186950	42	RESP=1
17201819	42	STIM=k
17206413	42	RESP=1
17218351	42	STIM=n
17221388	42	RESP=1
17234541	42	STIM=i
17239230	42	RESP=1
17252793	42	STIM=g
17255803	42	RESP=1
17268524	42	STIM=i
17273974	42	RESP=2
17285971	42	STIM=x
17292901	42	RESP=1
17302421	42	STIM=l
17309115	42	RESP=1
17321053	42	STIM=a
17323947	42	RESP=1
17338251	42	STIM=n
17343971	42	RESP=1
17357055	42	STIM=s
17360349	42	RESP=1
17374413	42	STIM=j
17377973	42	RESP=1
17391561	42	STIM=f
17395449	42	RESP=1
17409581	42	STIM=y
17412949	42	RESP=1
17426136	42	STIM=o
17433656	42	RESP=1
17441406	42	STIM=w
17447540	42	RESP=1
17458265	42	STIM=p
17461413	42	RESP=1
17476341	42	STIM=k
17479308	42	RESP=1
17492201	42	STIM=x
17495365	42	RESP=1
17507794	42	STIM=2
17511346	42	RESP=2
17524688	42	STIM=n
17532469	42	RESP=1
17541352	42	STIM=c
17545799	42	RESP=1
17558759	42	STIM=z
17562501	42	RESP=1
17574672	42	STIM=w
17581210	42	RESP=1
17593576	42	STIM=s
17597369	42	RESP=1
17610352	42	STIM=u
17615338	42	RESP=1
17626944	42	STIM=y
17631770	42	RESP=2
17643665	42	STIM=t
17648734	42	RESP=2
17659143	42	STIM=5
17663743	42	RESP=2
17677233	42	STIM=l
17684719	42	RESP=1
17695318	42	STIM=l
17700446	42	RESP=1
17712857	42	STIM=x
17721081	42	RESP=1
17729019	42	STIM=4
17732511	42	RESP=2
17745958	42	STIM=x
17750570	42	RESP=1
17762376	42	STIM=g
17766803	42	RESP=1
17779619	42	STIM=u
17785535	42	RESP=1
17795431	42	STIM=k
17799038	42	RESP=1
17812329	42	STIM=x
17815222	42	RESP=1
17827552	42	STIM=8
17831267	42	RESP=2
17842648	42	STIM=3
17846883	42	RESP=2
17860671	42	STIM=d
17863647	42	RESP=1
17876528	42	STIM=p
17881349	42	RESP=1
17894898	42	STIM=i
17899397	42	RESP=1
17912454	42	STIM=e
17915603	42	RESP=1
17928287	42	STIM=t
17931833	42	RESP=1
17945863	42	STIM=p
17951783	42	RESP=1
17963682	42	STIM=f
17966664	42	RESP=1
17982552	42	STIM=c
17990755	42	RESP=1
18000029	42	STIM=4
18007261	42	RESP=2
18015464	42	STIM=j
18019902	42	RESP=1
18031652	42	STIM=p
18036873	42	RESP=1
18049763	42	STIM=2
18054837	42	RESP=2
18067655	42	STIM=h
18071094	42	RESP=1
18085186	42	STIM=y
18090582	42	RESP=1
18102648	42	STIM=9
18108119	42	RESP=2
18117861	42	STIM=j
18121183	42	RESP=1
18136046	42	STIM=y
18140794	42	RESP=2
18153907	42	STIM=t
18158413	42	RESP=1
18172872	42	STIM=s
18176497	42	RESP=1
18189303	42	STIM=k
18193693	42	RESP=1
18204676	42	STIM=m
18207269	42	RESP=2
18223049	42	STIM=d
18228066	42	RESP=1
18240567	42	STIM=p
18244978	42	RESP=1
18257593	42	STIM=1
18264724	42	RESP=1
18274306	42	STIM=2
18281275	42	RESP=2
18290710	42	STIM=q
18297527	42	RESP=1
18306917	42	STIM=2
18313499	42	RESP=1
18324700	42	STIM=n
18332680	42	RESP=1
18340846	42	STIM=d
18346003	42	RESP=1
18358113	42	STIM=x
18361640	42	RESP=1
18376060	42	STIM=h
18380306	42	RESP=1
18394526	42	STIM=d
18399295	42	RESP=1
18411658	42	STIM=z
18417225	42	RESP=1
18427477	42	STIM=e
18430595	42	RESP=1
18444161	42	STIM=x
18449053	42	RESP=1
18460539	42	STIM=8
18465045	42	RESP=2
18477868	42	STIM=l
18483050	42	RESP=1
18494601	42	STIM=l
18501149	42	RESP=1
18513473	42	STIM=9
18518342	42	RESP=2
18530541	42	STIM=7
18535417	42	RESP=2
18546070	42	STIM=y
18550639	42	RESP=1
18561250	42	STIM=w
18569412	42	RESP=1
18577415	42	STIM=l
18582068	42	RESP=1
18594667	42	STIM=h
18600856	42	RESP=1
18609979	42	STIM=b
18617098	42	RESP=1
18624996	42	STIM=k
18630718	42	RESP=1
18643479	42	STIM=e
18649651	42	RESP=1
18662379	42	STIM=y
18665763	42	RESP=1
18678178	42	STIM=d
18683096	42	RESP=1
18694813	42	STIM=v
18699026	42	RESP=1
18710376	42	STIM=s
18716372	42	RESP=1
18727113	42	STIM=t
18732045	42	RESP=1
18743914	42	STIM=u
18748400	42	RESP=1
18761498	42	STIM=6
18767029	42	RESP=2
18780244	42	STIM=t
18786697	42	RESP=1
18799103	42	STIM=v
18802516	42	RESP=2
18815415	42	STIM=e
18821155	42	RESP=1
18834054	42	STIM=s
18836785	42	RESP=2
18852443	42	STIM=6
18857080	42	RESP=2
18867674	42	STIM=m
18874004	42	RESP=1
18884334	42	STIM=w
18894940	42	RESP=1
18899418	42	STIM=f
18902982	42	RESP=1
18917603	42	STIM=c
18925466	42	RESP=1
18934815	42	STIM=r
18939576	42	RESP=1
18950047	42	STIM=l
18958872	42	RESP=1
18965932	42	STIM=f
18970112	42	RESP=1
18983712	42	STIM=e
18990415	42	RESP=1
18999301	42	STIM=a
19007772	42	RESP=1
19016241	42	STIM=5
19024570	42	RESP=2
19032047	42	STIM=e
19034789	42	RESP=1
19048844	42	STIM=x
19054296	42	RESP=1
19065877	42	STIM=0
19069745	42	RESP=2
19082718	42	STIM=r
19088285	42	RESP=1
19097810	42	STIM=v
19105542	42	RESP=1
19115982	42	STIM=i
19119463	42	RESP=1
19131572	42	STIM=i
19134761	42	RESP=1
19149069	42	STIM=p
19153050	42	RESP=1
19166546	42	STIM=y
19171544	42	RESP=1
19181754	42	STIM=r
19186879	42	RESP=1
19197511	42	STIM=u
19201641	42	RESP=1
19215287	42	STIM=5
19219164	42	RESP=1
19233984	42	STIM=w
19236893	42	RESP=2
19251690	42	STIM=2
19254880	42	RESP=2
19269829	42	STIM=v
19275854	42	RESP=1
19288499	42	STIM=g
19293313	42	RESP=1
19306594	42	STIM=1
19312879	42	RESP=2
19323896	42	STIM=x
19328278	42	RESP=1
19342201	42	STIM=5
19347815	42	RESP=2
19359366	42	STIM=d
19364539	42	RESP=2
19376161	42	STIM=g
19382912	42	RESP=1
19394220	42	STIM=f
19397708	42	RESP=1
19410850	42	STIM=m
19415400	42	RESP=1
19426905	42	STIM=0
19433903	42	RESP=2
19442296	42	STIM=a
19445219	42	RESP=1
19457567	42	STIM=e
19461218	42	RESP=1
19474356	42	STIM=j
19478786	42	RESP=1
19491455	42	STIM=r
19495404	42	RESP=1
19508926	42	STIM=x
19512470	42	RESP=1
19524785	42	STIM=h
19532448	42	RESP=1
19542744	42	STIM=h
19547674	42	RESP=1
19561156	42	STIM=0
19565506	42	RESP=1
19577507	42	STIM=q
19581194	42	RESP=1
19595996	42	STIM=n
19599536	42	RESP=1
19612361	42	STIM=0
19619971	42	RESP=2
19627959	42	STIM=p
19635535	42	RESP=1
19645832	42	STIM=0
19649494	42	RESP=2
19663117	42	STIM=n
19667568	42	RESP=1
19680161	42	STIM=3
19687588	42	RESP=2
19698086	42	STIM=j
19702792	42	RESP=1
19716472	42	STIM=0
19720861	42	RESP=2
19735414	42	STIM=0
19740975	42	RESP=2
19751450	42	STIM=t
19756869	42	RESP=1
19767144	42	STIM=v
19773525	42	RESP=1
19784881	42	STIM=s
19788055	42	RESP=1
19801273	42	STIM=1
19811615	42	RESP=2
19820066	42	STIM=j
19824216	42	RESP=1
19837855	42	STIM=v
19841867	42	RESP=1
19853975	42	STIM=x
19857618	42	RESP=1
19869619	42	STIM=u
19873037	42	RESP=1
19887833	42	STIM=3
19892942	42	RESP=2
19906445	42	STIM=p
19909075	42	RESP=1
19922477	42	STIM=4
19929124	42	RESP=2
19940872	42	STIM=j
19944124	42	RESP=1
19958836	42	STIM=l
19969737	42	RESP=1
19977345	42	STIM=6
19981817	42	RESP=2
19994871	42	STIM=i
20000729	42	RESP=1
20012991	42	STIM=g
20019355	42	RESP=1
20031831	42	STIM=d
20037129	42	RESP=1
20049012	42	STIM=p
20053580	42	RESP=1
20064950	42	STIM=m
20068428	42	RESP=1
20080736	42	STIM=y
20085628	42	RESP=1
20096349	42	STIM=8
20104485	42	RESP=2
20113780	42	STIM=9
20119579	42	RESP=1
20132348	42	STIM=e
20135305	42	RESP=1
20148500	42	STIM=f
20156963	42	RESP=1
20164184	42	STIM=i
20168488	42	RESP=2
20182123	42	STIM=z
20185905	42	RESP=1
20197853	42	STIM=z
20207790	42	RESP=1
20215553	42	STIM=x
20220302	42	RESP=1
20232951	42	STIM=o
20242478	42	RESP=1
20248045	42	STIM=e
20252968	42	RESP=1
20266931	42	STIM=e
20270347	42	RESP=1
20284804	42	STIM=b
20287667	42	RESP=1
20302857	42	STIM=9
20307144	42	RESP=2
20320739	42	STIM=v
20326060	42	RESP=1
20336130	42	STIM=e
20340026	42	RESP=1
20351239	42	STIM=w
20357634	42	RESP=1
20368112	42	STIM=9
20373239	42	RESP=1
20384627	42	STIM=i
20390938	42	RESP=1
20403384	42	STIM=r
20407544	42	RESP=1
20421141	42	STIM=u
20426191	42	RESP=1
20436939	42	STIM=f
20451207	42	RESP=1
20452456	42	STIM=5
20457331	42	RESP=2
20469447	42	STIM=y
20477145	42	RESP=1
20485326	42	STIM=x
20489557	42	RESP=1
20502311	42	STIM=n
20507510	42	RESP=1
20519263	42	STIM=d
20524174	42	RESP=1
20535042	42	STIM=r
20538679	42	RESP=1
20553503	42	STIM=i
20558029	42	RESP=1
20568586	42	STIM=r
20571070	42	RESP=1
20585515	42	STIM=w
20590402	42	RESP=1
20604328	42	STIM=o
20612224	42	RESP=1
20620971	42	STIM=s
20623753	42	RESP=1
20637843	42	STIM=d
20641658	42	RESP=1
20656060	42	STIM=k
20659908	42	RESP=2
20671402	42	STIM=o
20679248	42	RESP=1
20688360	42	STIM=8
20693023	42	RESP=2
20705745	42	STIM=9
20713873	42	RESP=2
20724404	42	STIM=9
20728404	42	RESP=2
20741052	42	STIM=c
20749069	42	RESP=1
20756668	42	STIM=i
20765432	42	RESP=1
20773423	42	STIM=y
20776623	42	RESP=1
20790571	42	STIM=2
20798625	42	RESP=1
20808896	42	STIM=i
20814914	42	RESP=1
20827722	42	STIM=j
20831634	42	RESP=1
20842975	42	STIM=w
20848057	42	RESP=1
20858672	42	STIM=u
20867205	42	RESP=1
20875768	42	STIM=1
20882457	42	RESP=2
20894203	42	STIM=r
20897469	42	RESP=1
20909776	42	STIM=4
20915669	42	RESP=2
20926953	42	STIM=u
20930606	42	RESP=1
20945821	42	STIM=f
20949978	42	RESP=1
20964569	42	STIM=n
20968237	42	RESP=1
20981267	42	STIM=p
20984138	42	RESP=1
20996401	42	STIM=s
21004340	42	RESP=1
21013964	42	STIM=m
21017189	42	RESP=1
21030302	42	STIM=n
21033829	42	RESP=1
21046977	42	STIM=r
21050776	42	RESP=2
21065727	42	STIM=n
21069625	42	RESP=1
21084684	42	STIM=4
21089190	42	RESP=2
21102878	42	STIM=3
21107654	42	RESP=2
21118419	42	STIM=e
21123250	42	RESP=1
21136809	42	STIM=0
21141157	42	RESP=2
21155178	42	STIM=f
21163437	42	RESP=1
21172019	42	STIM=f
21174792	42	RESP=1
21189472	42	STIM=n
21192100	42	RESP=1
21205548	42	STIM=y
21210055	42	RESP=1
21224459	42	STIM=j
21231991	42	RESP=1
21241065	42	STIM=k
21247251	42	RESP=1
21257697	42	STIM=w
21260336	42	RESP=1
21276132	42	STIM=c
21279747	42	RESP=1
21292206	42	STIM=k
21295209	42	RESP=1
21310704	42	STIM=u
21314180	42	RESP=1
21329197	42	STIM=7
21336758	42	RESP=2
21346664	42	STIM=8
21351037	42	RESP=2
21364168	42	STIM=d
21369299	42	RESP=1
21379940	42	STIM=7
21385651	42	RESP=2
21395670	42	STIM=e
21399219	42	RESP=1
21413250	42	STIM=u
21418936	42	RESP=1
21431554	42	STIM=f
21440917	42	RESP=1
21449729	42	STIM=x
21455422	42	RESP=1
21468050	42	STIM=0
21475239	42	RESP=2
21484562	42	STIM=m
21488163	42	RESP=1
21501128	42	STIM=l
21506863	42	RESP=1
21518026	42	STIM=x
21521329	42	RESP=1
21536636	42	STIM=h
21542227	42	RESP=1
21554705	42	STIM=u
21557629	42	RESP=1
21571670	42	STIM=f
21577194	42	RESP=1
21588769	42	STIM=p
21598364	42	RESP=1
21603987	42	STIM=c
21610373	42	RESP=1
21622700	42	STIM=u
21626331	42	RESP=1
21639032	42	STIM=t
21647513	42	RESP=1
21657678	42	STIM=o
21661009	42	RESP=1
21673325	42	STIM=w
21679990	42	RESP=1
21688714	42	STIM=y
21691691	42	RESP=1
21704096	42	STIM=3
21712127	42	RESP=2
21720091	42	STIM=l
21724488	42	RESP=1
21735923	42	STIM=e
21739985	42	RESP=1
21751384	42	STIM=d
21755282	42	RESP=1
21769388	42	STIM=x
21774548	42	RESP=1
21784583	42	STIM=u
21790180	42	RESP=1
21799917	42	STIM=w
21804268	42	RESP=1
21816988	42	STIM=q
21822252	42	RESP=1
21833908	42	STIM=9
21841508	42	RESP=2
