# Original filename: 0026_PBV_2017-07-07.log
# Time unit: 100 us
# RARECAT=digit
#
# Time	HHGG	Event
37401	42	STIM=3
41787	42	RESP=2
55413	42	STIM=w
62350	42	RESP=1
73631	42	STIM=t
78616	42	RESP=1
89281	42	STIM=q
95449	42	RESP=1
107535	42	STIM=g
113147	42	RESP=1
124319	42	STIM=d
129095	42	RESP=1
142286	42	STIM=8
150694	42	RESP=2
158992	42	STIM=o
164636	42	RESP=1
177445	42	STIM=7
181696	42	RESP=2
196111	42	STIM=u
199898	42	RESP=1
212298	42	STIM=q
222600	42	RESP=1
229669	42	STIM=f
234744	42	RESP=1
247199	42	STIM=g
258453	42	RESP=1
264613	42	STIM=l
268821	42	RESP=1
279750	42	STIM=h
283990	42	RESP=1
295622	42	STIM=c
299317	42	RESP=1
313017	42	STIM=b
315707	42	RESP=1
332012	42	STIM=q
341281	42	RESP=1
348112	42	STIM=d
357439	42	RESP=1
366070	42	STIM=w
369759	42	RESP=1
382282	42	STIM=h
385465	42	RESP=1
401137	42	STIM=z
405719	42	RESP=2
417917	42	STIM=q
421640	42	RESP=1
433620	42	STIM=3
438844	42	RESP=1
452236	42	STIM=z
455136	42	RESP=1
468360	42	STIM=h
472096	42	RESP=1
484078	42	STIM=o
487679	42	RESP=1
499133	42	STIM=x
505631	42	RESP=1
516276	42	STIM=t
520228	42	RESP=1
531911	42	STIM=8
537178	42	RESP=2
548017	42	STIM=1
556360	42	RESP=1
564183	42	STIM=f
566818	42	RESP=1
580382	42	STIM=0
584748	42	RESP=2
598767	42	STIM=m
601646	42	RESP=1
615430	42	STIM=g
621137	42	RESP=1
632164	42	STIM=v
638394	42	RESP=1
648464	42	STIM=2
651931	42	RESP=2
664708	42	STIM=n
667561	42	RESP=1
683206	42	STIM=w
687603	42	RESP=1
700216	42	STIM=5
705367	42	RESP=2
717192	42	STIM=p
720732	42	RESP=1
735617	42	STIM=j
742195	42	RESP=1
753816	42	STIM=8
764756	42	RESP=1
771767	42	STIM=6
778389	42	RESP=2
790075	42	STIM=8
794376	42	RESP=2
805455	42	STIM=s
808220	42	RESP=1
822807	42	STIM=d
828376	42	RESP=1
839350	42	STIM=f
847817	42	RESP=1
856645	42	STIM=9
861619	42	RESP=2
872572	42	STIM=j
878199	42	RESP=1
888161	42	STIM=w
893816	42	RESP=1
905013	42	STIM=7
910672	42	RESP=2
920947	42	STIM=u
924745	42	RESP=1
936360	42	STIM=p
940915	42	RESP=1
953603	42	STIM=k
958605	42	RESP=1
969726	42	STIM=x
975753	42	RESP=1
986434	42	STIM=s
992749	42	RESP=1
1005113	42	STIM=x
1008471	42	RESP=1
1021966	42	STIM=f
1026843	42	RESP=1
1039628	42	STIM=l
1044510	42	RESP=1
1057606	42	STIM=e
1063680	42	RESP=1
1075780	42	STIM=t
1084382	42	RESP=1
1092764	42	STIM=r
1096279	42	RESP=1
1111537	42	STIM=i
1116261	42	RESP=1
1129466	42	STIM=p
1134254	42	RESP=1
1144721	42	STIM=z
1149379	42	RESP=1
1160320	42	STIM=t
1164679	42	RESP=1
1179163	42	STIM=v
1182346	42	RESP=1
1196990	42	STIM=g
1200388	42	RESP=1
1212616	42	STIM=x
1216155	42	RESP=1
1228388	42	STIM=v
1233188	42	RESP=1
1246561	42	STIM=6
1253361	42	RESP=2
1263959	42	STIM=e
1270852	42	RESP=1
1279298	42	STIM=h
1284454	42	RESP=2
1298117	42	STIM=v
1307252	42	RESP=1
1314055	42	STIM=l
1320009	42	RESP=1
1332019	42	STIM=s
1339743	42	RESP=1
1348545	42	STIM=k
1352376	42	RESP=1
1364884	42	STIM=6
1371759	42	RESP=2
1380382	42	STIM=p
1387703	42	RESP=1
1398069	42	STIM=t
1403614	42	RESP=1
1415723	42	STIM=e
1421163	42	RESP=1
1433659	42	STIM=i
1440100	42	RESP=1
1452378	42	STIM=d
1457044	42	RESP=1
1469020	42	STIM=h
1475120	42	RESP=1
1487416	42	STIM=0
1493929	42	RESP=2
1504481	42	STIM=n
1507550	42	RESP=1
1522951	42	STIM=s
1525918	42	RESP=1
1540389	42	STIM=c
1543781	42	RESP=1
1556330	42	STIM=a
1560628	42	RESP=1
1573973	42	STIM=w
1577538	42	RESP=1
1592603	42	STIM=n
1599964	42	RESP=1
1610639	42	STIM=e
1614536	42	RESP=1
1627595	42	STIM=9
1632559	42	RESP=2
1643229	42	STIM=t
1647331	42	RESP=1
1660571	42	STIM=i
1665981	42	RESP=1
1678766	42	STIM=9
1683088	42	RESP=2
1695661	42	STIM=a
1704561	42	RESP=1
1710741	42	STIM=j
1716274	42	RESP=1
1726287	42	STIM=j
1729607	42	RESP=1
1741504	42	STIM=v
1745458	42	RESP=1
1756683	42	STIM=2
1764347	42	RESP=2
1775603	42	STIM=m
1779979	42	RESP=1
1790692	42	STIM=6
1795290	42	RESP=2
1806808	42	STIM=q
1811261	42	RESP=1
1824502	42	STIM=n
1831499	42	RESP=1
1841870	42	STIM=v
1848977	42	RESP=1
1860662	42	STIM=t
1864673	42	RESP=1
1875972	42	STIM=4
1885288	42	RESP=2
1892573	42	STIM=j
1896337	42	RESP=1
1911268	42	STIM=w
1915853	42	RESP=1
1929654	42	STIM=r
1935247	42	RESP=1
1946751	42	STIM=w
1949632	42	RESP=1
1964837	42	STIM=h
1970020	42	RESP=1
1982551	42	STIM=q
1987368	42	RESP=1
2000511	42	STIM=b
2006400	42	RESP=1
2018116	42	STIM=8
2028055	42	RESP=2
2035261	42	STIM=6
2039205	42	RESP=1
2051491	42	STIM=s
2054730	42	RESP=1
2067420	42	STIM=d
2072280	42	RESP=1
2082454	42	STIM=f
2085423	42	RESP=1
2099725	42	STIM=z
2103676	42	RESP=1
2116913	42	STIM=n
2123891	42	RESP=1
2133297	42	STIM=2
2136444	42	RESP=2
2149463	42	STIM=l
2152104	42	RESP=1
2167042	42	STIM=c
2171900	42	RESP=1
2185282	42	STIM=3
2191702	42	RESP=2
2201907	42	STIM=k
2204790	42	RESP=1
2218791	42	STIM=l
2224154	42	RESP=2
2237054	42	STIM=0
2242640	42	RESP=2
2252187	42	STIM=9
2259638	42	RESP=2
2268221	42	STIM=r
2271000	42	RESP=1
2286971	42	STIM=8
2292170	42	RESP=2
2302546	42	STIM=r
2307657	42	RESP=1
2319797	42	STIM=s
2329125	42	RESP=1
2337483	42	STIM=0
2342998	42	RESP=2
2356025	42	STIM=l
2361949	42	RESP=1
2373841	42	STIM=n
2378647	42	RESP=1
2390038	42	STIM=8
2395900	42	RESP=2
2408963	42	STIM=s
2417542	42	RESP=1
2423992	42	STIM=i
2427941	42	RESP=1
2440837	42	STIM=o
2448131	42	RESP=1
2459367	42	STIM=f
2467785	42	RESP=1
2475624	42	STIM=w
2480355	42	RESP=1
2493962	42	STIM=7
2499165	42	RESP=2
2511167	42	STIM=f
2515656	42	RESP=1
2526881	42	STIM=d
2533104	42	RESP=1
2545485	42	STIM=z
2554352	42	RESP=1
2564200	42	STIM=o
2570797	42	RESP=1
2582331	42	STIM=w
2589165	42	RESP=1
2598083	42	STIM=a
2601864	42	RESP=1
2614305	42	STIM=c
2619670	42	RESP=1
2633196	42	STIM=x
2639685	42	RESP=1
2650667	42	STIM=0
2655007	42	RESP=2
2668705	42	STIM=z
2674696	42	RESP=1
2684123	42	STIM=e
2690965	42	RESP=1
2699823	42	STIM=r
2704877	42	RESP=1
2718561	42	STIM=v
2722011	42	RESP=1
2734830	42	STIM=s
2740016	42	RESP=1
2750941	42	STIM=w
2755871	42	RESP=1
2769010	42	STIM=8
2775067	42	RESP=2
2785973	42	STIM=h
2790210	42	RESP=1
2804660	42	STIM=y
2810465	42	RESP=1
2819967	42	STIM=w
2825578	42	RESP=1
2838112	42	STIM=h
2842211	42	RESP=1
2853290	42	STIM=g
2858023	42	RESP=1
2871578	42	STIM=j
2875310	42	RESP=1
2887920	42	STIM=r
2891073	42	RESP=1
2905484	42	STIM=e
2909929	42	RESP=1
2922008	42	STIM=l
2925561	42	RESP=1
2939011	42	STIM=s
2945345	42	RESP=1
2955636	42	STIM=9
2959368	42	RESP=2
2974597	42	STIM=k
2979940	42	RESP=1
2990513	42	STIM=q
2996944	42	RESP=1
3007596	42	STIM=s
3014851	42	RESP=1
3025037	42	STIM=s
3030858	42	RESP=1
3040349	42	STIM=d
3047103	42	RESP=1
3056183	42	STIM=q
3060168	42	RESP=1
3074403	42	STIM=k
3077877	42	RESP=1
3089413	42	STIM=v
3092219	42	RESP=1
3105003	42	STIM=i
3109600	42	RESP=1
3120402	42	STIM=a
3125627	42	RESP=1
3135480	42	STIM=t
3142024	42	RESP=1
3153326	42	STIM=f
3162526	42	RESP=1
3168713	42	STIM=7
3172286	42	RESP=1
3187130	42	STIM=l
3190805	42	RESP=1
3202558	42	STIM=p
3208721	42	RESP=1
3219298	42	STIM=h
3223908	42	RESP=1
3236311	42	STIM=k
3241104	42	RESP=1
3255279	42	STIM=c
3263006	42	RESP=1
3272454	42	STIM=k
3275756	42	RESP=1
3288495	42	STIM=q
3292936	42	RESP=1
3304540	42	STIM=i
3313474	42	RESP=1
3320524	42	STIM=s
3329462	42	RESP=2
3338099	42	STIM=s
3341878	42	RESP=1
3354441	42	STIM=5
3360166	42	RESP=2
3369689	42	STIM=b
3374278	42	RESP=1
3385398	42	STIM=3
3393830	42	RESP=2
3404099	42	STIM=p
3408205	42	RESP=1
3423042	42	STIM=q
3427407	42	RESP=1
3439120	42	STIM=f
3442560	42	RESP=1
3454218	42	STIM=t
3460097	42	RESP=1
3469350	42	STIM=w
3474985	42	RESP=1
3485426	42	STIM=r
3489225	42	RESP=2
3502368	42	STIM=z
3507225	42	RESP=1
3518465	42	STIM=2
3522909	42	RESP=2
3534661	42	STIM=h
3538064	42	RESP=1
3550418	42	STIM=y
3555058	42	RESP=1
3566494	42	STIM=m
3572782	42	RESP=1
3582334	42	STIM=5
3588683	42	RESP=2
3599782	42	STIM=k
3603907	42	RESP=1
3617657	42	STIM=f
3622265	42	RESP=1
3633963	42	STIM=q
3638971	42	RESP=1
3651554	42	STIM=v
3654687	42	RESP=1
3667873	42	STIM=a
3674233	42	RESP=1
3685999	42	STIM=t
3689266	42	RESP=1
3704013	42	STIM=o
3708181	42	RESP=1
3722880	42	STIM=7
3730227	42	RESP=1
3741066	42	STIM=r
3746127	42	RESP=1
3758961	42	STIM=h
3764370	42	RESP=1
3774956	42	STIM=z
3779910	42	RESP=1
3790650	42	STIM=o
3796041	42	RESP=1
3809004	42	STIM=v
3814655	42	RESP=1
3824423	42	STIM=d
3828213	42	RESP=1
3842890	42	STIM=f
3850796	42	RESP=1
3858123	42	STIM=q
3861750	42	RESP=1
3874980	42	STIM=i
3879321	42	RESP=1
3890074	42	STIM=o
3893881	42	RESP=1
3907837	42	STIM=h
3911904	42	RESP=1
3926739	42	STIM=s
3930822	42	RESP=1
3942214	42	STIM=d
3952964	42	RESP=1
3960977	42	STIM=l
3965222	42	RESP=1
3976944	42	STIM=f
3982020	42	RESP=1
3993576	42	STIM=6
3998236	42	RESP=2
4008947	42	STIM=8
4016608	42	RESP=2
4026422	42	STIM=j
4031877	42	RESP=1
4042795	42	STIM=1
4050636	42	RESP=2
4057970	42	STIM=l
4061401	42	RESP=1
4074021	42	STIM=q
4076802	42	RESP=1
4090868	42	STIM=o
4093640	42	RESP=1
4108720	42	STIM=w
4113896	42	RESP=1
4124717	42	STIM=1
4130164	42	RESP=2
4143287	42	STIM=1
4150075	42	RESP=1
4160055	42	STIM=k
4163303	42	RESP=1
4178701	42	STIM=u
4182670	42	RESP=1
4196413	42	STIM=8
4200087	42	RESP=2
4214175	42	STIM=c
4218100	42	RESP=1
4232711	42	STIM=d
4235649	42	RESP=1
4250736	42	STIM=c
4256002	42	RESP=1
4268926	42	STIM=q
4275715	42	RESP=1
4284504	42	STIM=w
4288556	42	RESP=1
4299801	42	STIM=4
4305355	42	RESP=2
4315549	42	STIM=q
4319346	42	RESP=1
4333812	42	STIM=k
4338236	42	RESP=1
4351521	42	STIM=3
4357270	42	RESP=2
4369681	42	STIM=s
4375633	42	RESP=1
4387702	42	STIM=o
4392516	42	RESP=1
4403957	42	STIM=p
4410570	42	RESP=1
4420561	42	STIM=f
4430623	42	RESP=1
4439023	42	STIM=f
4445176	42	RESP=1
4455532	42	STIM=q
4458187	42	RESP=1
4471853	42	STIM=d
4477135	42	RESP=1
4487617	42	STIM=f
4491714	42	RESP=1
4505101	42	STIM=t
4509419	42	RESP=1
4522454	42	STIM=p
4529464	42	RESP=2
4539249	42	STIM=1
4543415	42	RESP=2
4556515	42	STIM=x
4560119	42	RESP=2
4572027	42	STIM=r
4575096	42	RESP=1
4589053	42	STIM=n
4592684	42	RESP=1
4605384	42	STIM=s
4609963	42	RESP=1
4622430	42	STIM=3
4627689	42	RESP=2
4638602	42	STIM=x
4643154	42	RESP=1
4655260	42	STIM=1
4661747	42	RESP=2
4673467	42	STIM=t
4678541	42	RESP=1
4691894	42	STIM=l
4696183	42	RESP=1
4707345	42	STIM=m
4713125	42	RESP=1
4726321	42	STIM=k
4731374	42	RESP=1
4743557	42	STIM=c
4747257	42	RESP=1
4761203	42	STIM=r
4772145	42	RESP=1
4779415	42	STIM=m
4782597	42	RESP=1
4797935	42	STIM=s
4802223	42	RESP=2
4815662	42	STIM=f
4818758	42	RESP=1
4832387	42	STIM=k
4836877	42	RESP=1
4848705	42	STIM=a
4851166	42	RESP=1
4864526	42	STIM=w
4868571	42	RESP=1
4881445	42	STIM=o
4884359	42	RESP=1
4898895	42	STIM=l
4903202	42	RESP=1
4915752	42	STIM=r
4920350	42	RESP=1
4933722	42	STIM=4
4938320	42	RESP=2
4951357	42	STIM=u
4954460	42	RESP=1
4969539	42	STIM=k
4974001	42	RESP=1
4987787	42	STIM=m
4991316	42	RESP=1
5003942	42	STIM=t
5007151	42	RESP=2
5022782	42	STIM=y
5027252	42	RESP=1
5039499	42	STIM=v
5042900	42	RESP=1
5058014	42	STIM=l
5063149	42	RESP=1
5076451	42	STIM=j
5082497	42	RESP=1
5091992	42	STIM=g
5096714	42	RESP=1
5110463	42	STIM=i
5114699	42	RESP=1
5128918	42	STIM=9
5133969	42	RESP=2
5144606	42	STIM=7
5148817	42	RESP=2
5162727	42	STIM=y
5169298	42	RESP=1
5181356	42	STIM=h
5185540	42	RESP=1
5198477	42	STIM=s
5203997	42	RESP=1
5214218	42	STIM=t
5217829	42	RESP=1
5229290	42	STIM=0
5232739	42	RESP=2
5247469	42	STIM=l
5252038	42	RESP=1
5265990	42	STIM=a
5270941	42	RESP=1
5281567	42	STIM=0
5286471	42	RESP=2
5297451	42	STIM=o
5302759	42	RESP=1
5312814	42	STIM=l
5317225	42	RESP=1
5330214	42	STIM=9
5336969	42	RESP=2
5347709	42	STIM=5
5355509	42	RESP=1
5362832	42	STIM=e
5366811	42	RESP=1
5381641	42	STIM=c
5387124	42	RESP=1
5399219	42	STIM=w
5402553	42	RESP=2
5415710	42	STIM=k
5421046	42	RESP=1
5433758	42	STIM=s
5437415	42	RESP=1
5449424	42	STIM=a
5452631	42	RESP=1
5467872	42	STIM=k
5471139	42	RESP=1
5484682	42	STIM=q
5488925	42	RESP=1
5501493	42	STIM=r
5505405	42	RESP=1
5517534	42	STIM=t
5523092	42	RESP=1
5533584	42	STIM=3
5538848	42	RESP=2
5550475	42	STIM=y
5553585	42	RESP=1
5569200	42	STIM=7
5575090	42	RESP=1
5586735	42	STIM=d
5591485	42	RESP=1
5602794	42	STIM=k
5606723	42	RESP=1
5619529	42	STIM=2
5624344	42	RESP=2
5636096	42	STIM=b
5640303	42	RESP=1
5654089	42	STIM=k
5659067	42	RESP=1
5669194	42	STIM=x
5677079	42	RESP=1
5686403	42	STIM=k
5692894	42	RESP=1
5704876	42	STIM=l
5709874	42	RESP=2
5722926	42	STIM=u
5727416	42	RESP=1
5741720	42	STIM=e
5746284	42	RESP=1
5758860	42	STIM=c
5762909	42	RESP=1
5775138	42	STIM=a
5781729	42	RESP=1
5793849	42	STIM=c
5799529	42	RESP=1
5811456	42	STIM=o
5817695	42	RESP=1
5829591	42	STIM=1
5837293	42	RESP=2
5846649	42	STIM=q
5851842	42	RESP=1
5864322	42	STIM=s
5871432	42	RESP=1
5880234	42	STIM=r
5884867	42	RESP=1
5896300	42	STIM=z
5902159	42	RESP=1
5912163	42	STIM=6
5921859	42	RESP=2
5928288	42	STIM=4
5935571	42	RESP=2
5945930	42	STIM=1
5952210	42	RESP=2
5962885	42	STIM=b
5967067	42	RESP=1
5978333	42	STIM=f
5986694	42	RESP=1
5997165	42	STIM=j
6001950	42	RESP=1
6013089	42	STIM=e
6016780	42	RESP=1
6031808	42	STIM=c
6034727	42	RESP=1
6048410	42	STIM=i
6051517	42	RESP=1
6064727	42	STIM=d
6068967	42	RESP=2
6083678	42	STIM=z
6092141	42	RESP=1
6098743	42	STIM=w
6105237	42	RESP=1
6116414	42	STIM=u
6119737	42	RESP=1
6135040	42	STIM=h
6140462	42	RESP=1
6151241	42	STIM=l
6159098	42	RESP=1
6166959	42	STIM=k
6170541	42	RESP=1
6182575	42	STIM=f
6186002	42	RESP=2
6197758	42	STIM=i
6200816	42	RESP=1
6216311	42	STIM=u
6224008	42	RESP=1
6235168	42	STIM=t
6239634	42	RESP=1
6252537	42	STIM=k
6255798	42	RESP=1
6268820	42	STIM=j
6272037	42	RESP=2
6284570	42	STIM=n
6291280	42	RESP=1
6303105	42	STIM=r
6314016	42	RESP=1
6320189	42	STIM=7
6326203	42	RESP=2
6338478	42	STIM=r
6343028	42	RESP=1
6357047	42	STIM=w
6363859	42	RESP=1
6374764	42	STIM=z
6377798	42	RESP=1
6392993	42	STIM=h
6397431	42	RESP=1
6409250	42	STIM=c
6416085	42	RESP=1
6427256	42	STIM=s
6431006	42	RESP=1
6445306	42	STIM=a
6449332	42	RESP=1
6460469	42	STIM=b
6464233	42	RESP=1
6477686	42	STIM=3
6481981	42	RESP=2
6496186	42	STIM=x
6501891	42	RESP=1
6513803	42	STIM=n
6516871	42	RESP=1
6530657	42	STIM=g
6536532	42	RESP=1
6548972	42	STIM=i
6553280	42	RESP=2
6567831	42	STIM=p
6572590	42	RESP=1
6584355	42	STIM=o
6588285	42	RESP=1
6601271	42	STIM=v
6604692	42	RESP=1
6617401	42	STIM=r
6621375	42	RESP=1
6633370	42	STIM=d
6638857	42	RESP=1
6650968	42	STIM=t
6653707	42	RESP=1
6669665	42	STIM=p
6672155	42	RESP=1
6687060	42	STIM=d
6692492	42	RESP=1
6702232	42	STIM=y
6706795	42	RESP=1
6720557	42	STIM=h
6729147	42	RESP=1
6736728	42	STIM=o
6741141	42	RESP=1
6753549	42	STIM=8
6758802	42	RESP=2
6772347	42	STIM=w
6776780	42	RESP=1
6789694	42	STIM=1
6797261	42	RESP=2
6805017	42	STIM=s
6811014	42	RESP=1
6821917	42	STIM=p
6830520	42	RESP=1
6838935	42	STIM=m
6843456	42	RESP=1
6854463	42	STIM=e
6857964	42	RESP=1
6870968	42	STIM=2
6876736	42	RESP=1
6888994	42	STIM=o
6892865	42	RESP=1
6907793	42	STIM=4
6912502	42	RESP=2
6924606	42	STIM=4
6927775	42	RESP=2
6940113	42	STIM=g
6944484	42	RESP=1
6958423	42	STIM=w
6960939	42	RESP=1
6977239	42	STIM=n
6983159	42	RESP=1
6994122	42	STIM=y
6998547	42	RESP=1
7010517	42	STIM=7
7015146	42	RESP=2
7026968	42	STIM=h
7031212	42	RESP=1
7042554	42	STIM=f
7050760	42	RESP=1
7061113	42	STIM=3
7066340	42	RESP=1
7078799	42	STIM=v
7084253	42	RESP=1
7094054	42	STIM=g
7096966	42	RESP=1
7112380	42	STIM=l
7119597	42	RESP=1
7127518	42	STIM=8
7133778	42	RESP=2
7144756	42	STIM=y
7151419	42	RESP=1
7162752	42	STIM=z
7170460	42	RESP=1
7180647	42	STIM=e
7185148	42	RESP=1
7199529	42	STIM=f
7203029	42	RESP=1
7215800	42	STIM=t
7221412	42	RESP=1
7231121	42	STIM=l
7237592	42	RESP=1
7247416	42	STIM=2
7256932	42	RESP=2
7264904	42	STIM=e
7267654	42	RESP=1
7282018	42	STIM=1
7290666	42	RESP=2
7298532	42	STIM=l
7302199	42	RESP=1
7315296	42	STIM=n
7320378	42	RESP=1
7330881	42	STIM=c
7335341	42	RESP=1
7345939	42	STIM=a
7349135	42	RESP=1
7364862	42	STIM=v
7369156	42	RESP=1
7383694	42	STIM=w
7390816	42	RESP=1
7402231	42	STIM=y
7406192	42	RESP=2
7418354	42	STIM=z
7423952	42	RESP=1
7434283	42	STIM=9
7440613	42	RESP=2
7450407	42	STIM=v
7456868	42	RESP=1
7468752	42	STIM=h
7474029	42	RESP=1
7484502	42	STIM=e
7490130	42	RESP=1
7502091	42	STIM=4
7515017	42	RESP=2
7518808	42	STIM=2
7522905	42	RESP=2
7534164	42	STIM=q
7537400	42	RESP=1
7552876	42	STIM=s
7557619	42	RESP=1
7568910	42	STIM=f
7572988	42	RESP=1
7586136	42	STIM=x
7589190	42	RESP=1
7604253	42	STIM=v
7611012	42	RESP=1
7620392	42	STIM=3
7625045	42	RESP=2
7638149	42	STIM=l
7641720	42	RESP=1
7654855	42	STIM=q
7663149	42	RESP=1
7673088	42	STIM=2
7677810	42	RESP=2
7690570	42	STIM=r
7696159	42	RESP=1
7705776	42	STIM=k
7709812	42	RESP=1
7723598	42	STIM=q
7727629	42	RESP=1
7739165	42	STIM=z
7744050	42	RESP=1
7755024	42	STIM=s
7759862	42	RESP=1
7770753	42	STIM=2
7774374	42	RESP=2
7789657	42	STIM=i
7792892	42	RESP=1
7806479	42	STIM=z
7809817	42	RESP=1
7823825	42	STIM=k
7832893	42	RESP=1
7841272	42	STIM=0
7846806	42	RESP=2
7856917	42	STIM=2
7863889	42	RESP=2
7875436	42	STIM=d
7879582	42	RESP=1
7890636	42	STIM=2
7897481	42	RESP=2
7906754	42	STIM=z
7909032	42	RESP=1
7922287	42	STIM=5
7928771	42	RESP=2
7939381	42	STIM=3
7946257	42	RESP=2
7955616	42	STIM=w
7961454	42	RESP=1
7974100	42	STIM=p
7977160	42	RESP=1
7991056	42	STIM=1
7997322	42	RESP=2
8006538	42	STIM=s
8011153	42	RESP=1
8021768	42	STIM=i
8025393	42	RESP=1
8036894	42	STIM=e
8043549	42	RESP=1
8051933	42	STIM=e
8055723	42	RESP=1
8069920	42	STIM=d
8072760	42	RESP=1
8086648	42	STIM=s
8089482	42	RESP=1
8104477	42	STIM=v
8109276	42	RESP=1
8120170	42	STIM=2
8124401	42	RESP=2
8135595	42	STIM=c
8139966	42	RESP=1
8151019	42	STIM=i
8155640	42	RESP=1
8166204	42	STIM=p
8170036	42	RESP=1
8182532	42	STIM=q
8185981	42	RESP=1
8198666	42	STIM=t
8203552	42	RESP=1
8215811	42	STIM=a
8220045	42	RESP=1
8232356	42	STIM=h
8236011	42	RESP=1
8250870	42	STIM=o
8254845	42	RESP=1
8268072	42	STIM=a
8272311	42	RESP=1
8285828	42	STIM=9
8292188	42	RESP=2
8301329	42	STIM=h
8306581	42	RESP=1
8316752	42	STIM=k
8320572	42	RESP=1
8335185	42	STIM=z
8338178	42	RESP=1
8351583	42	STIM=6
8358598	42	RESP=2
8368347	42	STIM=m
8374838	42	RESP=1
8387030	42	STIM=v
8390275	42	RESP=1
8405579	42	STIM=s
8414096	42	RESP=1
8422016	42	STIM=p
8426046	42	RESP=1
8440960	42	STIM=y
8448454	42	RESP=1
8458394	42	STIM=a
8465731	42	RESP=1
8476333	42	STIM=d
8479109	42	RESP=1
8491853	42	STIM=t
8496444	42	RESP=1
8510228	42	STIM=0
8518441	42	RESP=2
8526397	42	STIM=h
8529284	42	RESP=1
8541732	42	STIM=r
8546606	42	RESP=1
8559603	42	STIM=j
8565897	42	RESP=1
8575878	42	STIM=d
8581383	42	RESP=1
8591475	42	STIM=m
8596682	42	RESP=1
8609020	42	STIM=l
8614156	42	RESP=1
8627316	42	STIM=v
8633035	42	RESP=1
8643563	42	STIM=6
8650970	42	RESP=2
8660484	42	STIM=o
8663364	42	RESP=1
8675598	42	STIM=h
8680193	42	RESP=1
8693907	42	STIM=z
8699067	42	RESP=1
8712728	42	STIM=t
8717447	42	RESP=1
8730816	42	STIM=e
8734563	42	RESP=1
8747074	42	STIM=8
8752561	42	RESP=2
8765203	42	STIM=c
8770704	42	RESP=1
8781762	42	STIM=m
8789382	42	RESP=1
8797068	42	STIM=4
8801442	42	RESP=2
8813505	42	STIM=o
8817608	42	RESP=1
8828814	42	STIM=d
8832016	42	RESP=1
8846550	42	STIM=p
8851479	42	RESP=1
8862898	42	STIM=4
8871485	42	RESP=2
8879325	42	STIM=w
8886094	42	RESP=1
8895370	42	STIM=n
8898590	42	RESP=1
8913263	42	STIM=f
8916782	42	RESP=1
8928435	42	STIM=r
8933582	42	RESP=1
8945101	42	STIM=k
8951195	42	RESP=1
8961339	42	STIM=k
8964101	42	RESP=1
8977974	42	STIM=r
8981514	42	RESP=1
8993822	42	STIM=o
9001041	42	RESP=1
9012343	42	STIM=m
9016382	42	RESP=1
9029767	42	STIM=4
9036402	42	RESP=2
9048429	42	STIM=8
9054067	42	RESP=1
9067392	42	STIM=r
9071947	42	RESP=1
9084108	42	STIM=1
9089646	42	RESP=2
9099775	42	STIM=2
9107056	42	RESP=2
9118123	42	STIM=l
9123224	42	RESP=1
9134705	42	STIM=y
9138620	42	RESP=2
9150701	42	STIM=w
9154256	42	RESP=1
9169227	42	STIM=8
9175920	42	RESP=2
9186551	42	STIM=1
9191851	42	RESP=2
9201770	42	STIM=v
9206327	42	RESP=1
9219023	42	STIM=m
9222504	42	RESP=1
9237103	42	STIM=n
9241813	42	RESP=1
9256066	42	STIM=c
9259864	42	RESP=1
9273706	42	STIM=h
9280587	42	RESP=1
9291347	42	STIM=p
9295102	42	RESP=2
9308012	42	STIM=z
9316269	42	RESP=1
9324975	42	STIM=x
9330544	42	RESP=1
9343719	42	STIM=t
9349574	42	RESP=1
9360355	42	STIM=y
9367242	42	RESP=1
9378561	42	STIM=l
9385963	42	RESP=1
9396007	42	STIM=o
9400024	42	RESP=1
9411230	42	STIM=e
9415621	42	RESP=1
9427837	42	STIM=h
9432573	42	RESP=1
9443253	42	STIM=o
9447151	42	RESP=1
9461852	42	STIM=c
9466916	42	RESP=1
9480627	42	STIM=n
9485216	42	RESP=1
9499429	42	STIM=a
9503707	42	RESP=1
9516481	42	STIM=r
9521707	42	RESP=1
9533285	42	STIM=y
9536886	42	RESP=1
9548391	42	STIM=a
9552203	42	RESP=1
9567278	42	STIM=t
9571114	42	RESP=1
9585026	42	STIM=5
9593146	42	RESP=1
9601385	42	STIM=6
9608566	42	RESP=2
9617578	42	STIM=y
9623532	42	RESP=1
9634805	42	STIM=f
9638543	42	RESP=1
9650673	42	STIM=v
9654023	42	RESP=1
9666373	42	STIM=l
9671063	42	RESP=1
9683780	42	STIM=h
9694661	42	RESP=1
9699664	42	STIM=6
9704223	42	RESP=2
9717862	42	STIM=f
9722850	42	RESP=1
9733314	42	STIM=j
9738290	42	RESP=1
9749685	42	STIM=c
9756775	42	RESP=1
9767513	42	STIM=d
9771817	42	RESP=1
9785381	42	STIM=3
9791610	42	RESP=2
9801185	42	STIM=a
9804517	42	RESP=1
9817679	42	STIM=r
9821741	42	RESP=1
9836015	42	STIM=d
9839654	42	RESP=1
9853172	42	STIM=g
9857985	42	RESP=1
9870341	42	STIM=9
9875618	42	RESP=2
9888868	42	STIM=b
9894603	42	RESP=1
9904599	42	STIM=p
9910611	42	RESP=1
9921726	42	STIM=g
9927890	42	RESP=2
9937090	42	STIM=9
9942575	42	RESP=2
9955238	42	STIM=3
9964811	42	RESP=2
9970992	42	STIM=h
9975866	42	RESP=1
9987858	42	STIM=s
9990441	42	RESP=1
10003948	42	STIM=k
10007856	42	RESP=1
10022275	42	STIM=j
10027016	42	RESP=1
10041232	42	STIM=y
10047086	42	RESP=1
10059472	42	STIM=k
10066353	42	RESP=1
10076055	42	STIM=d
10080248	42	RESP=1
10093910	42	STIM=z
10097744	42	RESP=2
10109915	42	STIM=u
10113182	42	RESP=1
10126910	42	STIM=u
10130889	42	RESP=1
10142487	42	STIM=h
10148489	42	RESP=1
10157563	42	STIM=v
10162126	42	RESP=1
10176397	42	STIM=a
10181486	42	RESP=1
10191459	42	STIM=f
10195497	42	RESP=1
10206517	42	STIM=v
10211543	42	RESP=1
10221716	42	STIM=i
10227808	42	RESP=1
10237491	42	STIM=6
10240869	42	RESP=1
10255873	42	STIM=k
10261351	42	RESP=1
10272595	42	STIM=v
10279288	42	RESP=1
10291374	42	STIM=5
10297026	42	RESP=2
10309122	42	STIM=7
10314255	42	RESP=2
10325894	42	STIM=f
10332241	42	RESP=1
10341058	42	STIM=z
10345438	42	RESP=1
10359925	42	STIM=b
10363016	42	RESP=1
10378870	42	STIM=d
10383041	42	RESP=1
10395238	42	STIM=m
10399498	42	RESP=1
10414206	42	STIM=c
10417040	42	RESP=1
10430786	42	STIM=d
10437868	42	RESP=1
10448145	42	STIM=9
10452868	42	RESP=2
10464287	42	STIM=v
10469487	42	RESP=1
10482316	42	STIM=e
10484910	42	RESP=2
10500038	42	STIM=4
10503614	42	RESP=1
10517596	42	STIM=v
10523236	42	RESP=1
10534614	42	STIM=g
10539493	42	RESP=1
10552441	42	STIM=e
10556121	42	RESP=1
10568422	42	STIM=h
10576426	42	RESP=1
10584999	42	STIM=2
10591179	42	RESP=2
10603114	42	STIM=w
10608694	42	RESP=1
10619738	42	STIM=h
10622638	42	RESP=1
10634875	42	STIM=j
10642255	42	RESP=1
10652513	42	STIM=o
10656832	42	RESP=1
10670595	42	STIM=v
10674458	42	RESP=1
10687134	42	STIM=2
10690870	42	RESP=2
10704214	42	STIM=f
10709251	42	RESP=1
10721418	42	STIM=x
10724657	42	RESP=1
10738905	42	STIM=j
10745087	42	RESP=1
10755234	42	STIM=t
10759323	42	RESP=1
10771344	42	STIM=l
10775286	42	RESP=1
10787578	42	STIM=w
10791908	42	RESP=1
10805679	42	STIM=n
10809949	42	RESP=1
10823849	42	STIM=w
10828551	42	RESP=1
10841755	42	STIM=4
10849439	42	RESP=2
10860296	42	STIM=f
10864268	42	RESP=1
10876400	42	STIM=v
10879887	42	RESP=1
10893225	42	STIM=s
10901498	42	RESP=2
10908439	42	STIM=7
10914441	42	RESP=2
10924224	42	STIM=e
10930797	42	RESP=1
10942739	42	STIM=9
10948122	42	RESP=2
10958283	42	STIM=y
10968026	42	RESP=1
10975904	42	STIM=m
10980592	42	RESP=1
10991732	42	STIM=e
10996499	42	RESP=1
11008200	42	STIM=j
11012745	42	RESP=1
11025748	42	STIM=n
11031959	42	RESP=1
11043955	42	STIM=j
11050715	42	RESP=1
11059705	42	STIM=5
11064071	42	RESP=2
11078596	42	STIM=j
11081493	42	RESP=1
11093997	42	STIM=y
11098111	42	RESP=1
11111109	42	STIM=7
11118258	42	RESP=2
11126913	42	STIM=9
11131457	42	RESP=2
11143186	42	STIM=p
11146616	42	RESP=1
11161298	42	STIM=x
11166420	42	RESP=2
11176326	42	STIM=5
11180649	42	RESP=2
11191603	42	STIM=c
11195323	42	RESP=1
11207352	42	STIM=b
11214263	42	RESP=1
11224342	42	STIM=2
11229582	42	RESP=2
11241376	42	STIM=b
11246968	42	RESP=1
11257951	42	STIM=c
11262435	42	RESP=1
11275582	42	STIM=r
11280591	42	RESP=1
11292525	42	STIM=i
11295831	42	RESP=1
11309092	42	STIM=7
11314213	42	RESP=2
11327867	42	STIM=1
11331754	42	RESP=2
11345728	42	STIM=y
11348897	42	RESP=1
11363652	42	STIM=o
11368180	42	RESP=1
11379471	42	STIM=r
11383429	42	RESP=1
11396439	42	STIM=3
11403198	42	RESP=2
11413623	42	STIM=m
11420359	42	RESP=1
11432524	42	STIM=9
11437254	42	RESP=2
11450305	42	STIM=a
11456752	42	RESP=1
11467020	42	STIM=3
11472348	42	RESP=2
11483706	42	STIM=2
11490070	42	RESP=2
11502545	42	STIM=3
11507408	42	RESP=2
11520075	42	STIM=z
11523708	42	RESP=1
11538858	42	STIM=t
11544655	42	RESP=1
11554952	42	STIM=b
11558871	42	RESP=1
11570634	42	STIM=y
11574527	42	RESP=1
11588239	42	STIM=j
11593520	42	RESP=1
11605359	42	STIM=c
11609487	42	RESP=1
11621759	42	STIM=x
11626659	42	RESP=1
11638742	42	STIM=h
11642864	42	RESP=1
11654237	42	STIM=p
11664031	42	RESP=1
11672038	42	STIM=7
11679573	42	RESP=2
11691014	42	STIM=b
11695692	42	RESP=1
11709203	42	STIM=v
11715550	42	RESP=1
11728174	42	STIM=9
11734674	42	RESP=2
11743710	42	STIM=o
11749991	42	RESP=1
11759419	42	STIM=j
11763378	42	RESP=1
11777543	42	STIM=g
11782283	42	RESP=1
11795803	42	STIM=l
11802918	42	RESP=2
11811430	42	STIM=a
11815262	42	RESP=1
11827047	42	STIM=e
11832114	42	RESP=1
11845873	42	STIM=r
11848994	42	RESP=1
11861794	42	STIM=q
11865767	42	RESP=1
11876859	42	STIM=b
11883325	42	RESP=1
11893316	42	STIM=c
11898224	42	RESP=1
11911643	42	STIM=m
11915823	42	RESP=1
11927260	42	STIM=s
11932122	42	RESP=1
11943737	42	STIM=i
11948620	42	RESP=1
11958875	42	STIM=5
11964596	42	RESP=2
11974767	42	STIM=e
11978849	42	RESP=1
11991736	42	STIM=x
11995532	42	RESP=1
12010295	42	STIM=0
12025389	42	RESP=2
12026994	42	STIM=v
12031563	42	RESP=1
12044489	42	STIM=s
12049401	42	RESP=1
12060786	42	STIM=m
12064666	42	RESP=1
12077153	42	STIM=w
12081054	42	RESP=1
12093618	42	STIM=o
12097479	42	RESP=1
12111483	42	STIM=5
12118837	42	RESP=2
12127870	42	STIM=a
12130793	42	RESP=1
12145855	42	STIM=g
12149367	42	RESP=1
12163790	42	STIM=z
12172055	42	RESP=1
12180162	42	STIM=4
12184008	42	RESP=2
12197472	42	STIM=a
12203030	42	RESP=1
12213967	42	STIM=e
12218105	42	RESP=1
12231472	42	STIM=3
12235359	42	RESP=2
12248175	42	STIM=y
12252187	42	RESP=1
12264455	42	STIM=8
12269339	42	RESP=2
12283245	42	STIM=f
12288018	42	RESP=1
12299687	42	STIM=i
12306204	42	RESP=1
12318026	42	STIM=2
12322291	42	RESP=1
12336276	42	STIM=l
12340183	42	RESP=1
12354485	42	STIM=c
12361779	42	RESP=1
12372090	42	STIM=3
12376913	42	RESP=1
12387653	42	STIM=5
12391237	42	RESP=1
12402780	42	STIM=q
12406044	42	RESP=1
12420341	42	STIM=q
12424377	42	RESP=1
12436315	42	STIM=4
12439790	42	RESP=2
12452917	42	STIM=w
12456227	42	RESP=1
12469487	42	STIM=5
12473495	42	RESP=2
12484596	42	STIM=d
12492382	42	RESP=1
12500169	42	STIM=v
12504675	42	RESP=1
12517853	42	STIM=e
12521821	42	RESP=1
12534271	42	STIM=b
12540607	42	RESP=1
12550954	42	STIM=i
12557121	42	RESP=1
12569380	42	STIM=6
12574536	42	RESP=2
12585103	42	STIM=e
12589318	42	RESP=1
12602791	42	STIM=m
12606918	42	RESP=1
12618042	42	STIM=5
12621445	42	RESP=1
12637024	42	STIM=w
12640991	42	RESP=1
12654156	42	STIM=u
12657307	42	RESP=1
12673001	42	STIM=s
12676052	42	RESP=1
12691900	42	STIM=r
12696641	42	RESP=1
12708487	42	STIM=h
12714162	42	RESP=1
12723965	42	STIM=n
12727483	42	RESP=1
12739049	42	STIM=n
12742230	42	RESP=1
12754493	42	STIM=l
12761611	42	RESP=1
12770849	42	STIM=4
12777243	42	RESP=2
12786630	42	STIM=q
12790014	42	RESP=1
12802614	42	STIM=q
12807686	42	RESP=1
12817891	42	STIM=u
12823020	42	RESP=2
12833639	42	STIM=p
12839230	42	RESP=1
12849762	42	STIM=g
12852697	42	RESP=1
12868539	42	STIM=1
12872447	42	RESP=2
12886608	42	STIM=u
12892421	42	RESP=1
12904256	42	STIM=x
12907372	42	RESP=1
12920096	42	STIM=j
12928391	42	RESP=1
12938989	42	STIM=t
12943448	42	RESP=1
12955073	42	STIM=b
12960766	42	RESP=1
12972644	42	STIM=q
12976026	42	RESP=1
12990796	42	STIM=j
12995996	42	RESP=1
13007647	42	STIM=s
13013695	42	RESP=1
13024000	42	STIM=o
13026990	42	RESP=1
13040492	42	STIM=s
13044196	42	RESP=1
13057705	42	STIM=m
13061966	42	RESP=1
13074324	42	STIM=m
13080043	42	RESP=1
13089727	42	STIM=w
13094884	42	RESP=1
13104997	42	STIM=l
13111866	42	RESP=1
13120367	42	STIM=y
13125581	42	RESP=1
13137072	42	STIM=j
13140587	42	RESP=1
13155799	42	STIM=h
13162873	42	RESP=1
13173130	42	STIM=j
13178439	42	RESP=1
13191769	42	STIM=y
13194758	42	RESP=1
13207410	42	STIM=r
13211329	42	RESP=1
13225756	42	STIM=z
13229357	42	RESP=1
13241514	42	STIM=9
13247223	42	RESP=1
13257227	42	STIM=e
13262432	42	RESP=1
13274534	42	STIM=6
13278240	42	RESP=2
13290047	42	STIM=k
13296692	42	RESP=1
13308202	42	STIM=7
13312592	42	RESP=2
13325998	42	STIM=c
13331103	42	RESP=2
13344994	42	STIM=x
13348086	42	RESP=1
13362628	42	STIM=j
13370273	42	RESP=1
13379481	42	STIM=d
13386601	42	RESP=1
13397473	42	STIM=x
13402472	42	RESP=1
13414617	42	STIM=u
13421471	42	RESP=1
13429639	42	STIM=g
13433366	42	RESP=1
13448370	42	STIM=o
13452989	42	RESP=1
13466790	42	STIM=a
13470415	42	RESP=1
13484493	42	STIM=i
13491417	42	RESP=1
13503259	42	STIM=y
13506548	42	RESP=1
13519916	42	STIM=9
13525732	42	RESP=2
13536342	42	STIM=d
13538926	42	RESP=1
13553834	42	STIM=r
13558918	42	RESP=1
13571399	42	STIM=y
13574799	42	RESP=1
13586685	42	STIM=z
13590863	42	RESP=1
13601754	42	STIM=n
13607934	42	RESP=1
13617112	42	STIM=3
13621236	42	RESP=2
13632255	42	STIM=4
13643764	42	RESP=2
13650378	42	STIM=h
13654115	42	RESP=1
13667702	42	STIM=n
13670763	42	RESP=1
13682916	42	STIM=4
13687338	42	RESP=2
13700008	42	STIM=r
13705488	42	RESP=1
13716367	42	STIM=u
13720642	42	RESP=1
13735102	42	STIM=m
13739909	42	RESP=1
13751613	42	STIM=b
13757591	42	RESP=1
13768826	42	STIM=i
13773116	42	RESP=1
13786990	42	STIM=0
13792559	42	RESP=2
13805197	42	STIM=p
13813546	42	RESP=1
13821259	42	STIM=j
13828185	42	RESP=1
13837892	42	STIM=8
13845616	42	RESP=2
13855794	42	STIM=r
13859624	42	RESP=1
13873932	42	STIM=u
13877432	42	RESP=1
13889569	42	STIM=y
13893967	42	RESP=1
13906539	42	STIM=3
13911139	42	RESP=2
13921543	42	STIM=f
13925031	42	RESP=1
13939933	42	STIM=2
13945139	42	RESP=2
13957030	42	STIM=d
13960631	42	RESP=1
13973292	42	STIM=o
13977067	42	RESP=1
13990985	42	STIM=z
13994213	42	RESP=1
14006552	42	STIM=0
14010183	42	RESP=2
14021756	42	STIM=m
14027180	42	RESP=1
14036821	42	STIM=x
14040322	42	RESP=1
14053424	42	STIM=y
14057529	42	RESP=1
14071923	42	STIM=9
14076122	42	RESP=2
14088226	42	STIM=m
14096986	42	RESP=1
14105802	42	STIM=v
14110571	42	RESP=1
14123366	42	STIM=w
14127214	42	RESP=1
14141201	42	STIM=s
14144536	42	RESP=1
14159649	42	STIM=s
14163478	42	RESP=1
14176383	42	STIM=9
14185027	42	RESP=2
14194874	42	STIM=p
14198286	42	RESP=1
14211148	42	STIM=g
14216991	42	RESP=1
14226859	42	STIM=t
14233936	42	RESP=1
14243785	42	STIM=n
14247671	42	RESP=1
14260384	42	STIM=l
14263394	42	RESP=1
14277020	42	STIM=x
14281087	42	RESP=1
14294308	42	STIM=p
14306553	42	RESP=1
14309903	42	STIM=a
14317401	42	RESP=1
14327467	42	STIM=q
14330794	42	RESP=1
14343851	42	STIM=z
14350808	42	RESP=1
14360334	42	STIM=o
14366513	42	RESP=1
14377979	42	STIM=c
14385187	42	RESP=1
14394271	42	STIM=o
14398352	42	RESP=1
14412591	42	STIM=x
14416750	42	RESP=1
14428193	42	STIM=f
14432615	42	RESP=1
14443876	42	STIM=z
14448940	42	RESP=1
14459497	42	STIM=2
14466744	42	RESP=2
14476855	42	STIM=h
14482975	42	RESP=1
14492062	42	STIM=c
14496076	42	RESP=1
14509692	42	STIM=p
14513528	42	RESP=1
14528516	42	STIM=v
14531499	42	RESP=1
14546924	42	STIM=7
14552263	42	RESP=1
14564751	42	STIM=v
14569236	42	RESP=1
14579903	42	STIM=o
14587894	42	RESP=1
14595732	42	STIM=l
14602733	42	RESP=1
14613734	42	STIM=u
14617972	42	RESP=1
14630245	42	STIM=d
14633181	42	RESP=1
14648694	42	STIM=u
14655475	42	RESP=1
14667491	42	STIM=7
14674507	42	RESP=2
14686161	42	STIM=w
14690843	42	RESP=1
14702894	42	STIM=z
14705925	42	RESP=1
14718746	42	STIM=p
14724591	42	RESP=1
14737445	42	STIM=f
14745005	42	RESP=1
14753695	42	STIM=2
14757500	42	RESP=2
14769135	42	STIM=z
14773598	42	RESP=1
14784981	42	STIM=6
14791301	42	RESP=2
14802651	42	STIM=g
14806528	42	RESP=1
14817778	42	STIM=h
14821696	42	RESP=1
14833934	42	STIM=r
14838237	42	RESP=1
14852363	42	STIM=j
14857112	42	RESP=1
14871337	42	STIM=e
14877395	42	RESP=1
14887759	42	STIM=p
14893397	42	RESP=2
14904685	42	STIM=f
14909915	42	RESP=1
14920814	42	STIM=2
14924339	42	RESP=2
14939654	42	STIM=e
14943361	42	RESP=1
14957422	42	STIM=b
14960593	42	RESP=1
14973443	42	STIM=k
14979742	42	RESP=1
14990775	42	STIM=o
14994126	42	RESP=1
15007862	42	STIM=u
15013562	42	RESP=1
15024481	42	STIM=0
15030473	42	RESP=2
15041701	42	STIM=j
15046249	42	RESP=1
15060594	42	STIM=1
15066209	42	RESP=2
15077661	42	STIM=l
15081973	42	RESP=1
15095420	42	STIM=z
15098509	42	RESP=1
15114212	42	STIM=e
15118666	42	RESP=1
15130010	42	STIM=c
15134602	42	RESP=1
15148730	42	STIM=0
15154992	42	RESP=2
15164144	42	STIM=c
15169194	42	RESP=1
15181674	42	STIM=w
15188480	42	RESP=1
15197941	42	STIM=7
15205033	42	RESP=2
15215017	42	STIM=z
15218526	42	RESP=1
15231436	42	STIM=s
15238211	42	RESP=1
15249013	42	STIM=j
15254309	42	RESP=1
15267782	42	STIM=5
15273348	42	RESP=2
15285540	42	STIM=g
15292227	42	RESP=1
15302702	42	STIM=i
15308913	42	RESP=1
15319027	42	STIM=p
15324314	42	RESP=1
15337586	42	STIM=p
15340367	42	RESP=1
15356580	42	STIM=b
15364818	42	RESP=1
15374035	42	STIM=9
15378215	42	RESP=2
15390631	42	STIM=q
15394881	42	RESP=1
15406449	42	STIM=t
15410237	42	RESP=1
15421676	42	STIM=0
15426293	42	RESP=2
15440367	42	STIM=o
15446660	42	RESP=1
15456886	42	STIM=i
15459820	42	RESP=1
15474700	42	STIM=q
15479008	42	RESP=1
15490355	42	STIM=x
15496541	42	RESP=1
15506014	42	STIM=n
15511631	42	RESP=1
15523727	42	STIM=h
15530368	42	RESP=1
15541125	42	STIM=d
15547893	42	RESP=1
15557617	42	STIM=a
15560699	42	RESP=1
15574767	42	STIM=3
15581509	42	RESP=2
15590771	42	STIM=y
15598102	42	RESP=1
15608116	42	STIM=i
15613197	42	RESP=1
15625721	42	STIM=r
15632296	42	RESP=1
15642534	42	STIM=y
15645328	42	RESP=1
15658586	42	STIM=n
15661615	42	RESP=1
15676706	42	STIM=w
15682822	42	RESP=1
15695482	42	STIM=c
15701997	42	RESP=1
15711198	42	STIM=j
15715164	42	RESP=1
15728540	42	STIM=6
15732593	42	RESP=2
15744806	42	STIM=8
15749161	42	RESP=2
15761069	42	STIM=t
15764471	42	RESP=1
15777814	42	STIM=x
15782601	42	RESP=1
15794586	42	STIM=w
15800559	42	RESP=1
15811165	42	STIM=c
15816975	42	RESP=1
15827341	42	STIM=p
15831528	42	RESP=1
15845632	42	STIM=1
15852575	42	RESP=2
15862593	42	STIM=7
15870913	42	RESP=2
15877629	42	STIM=6
15882838	42	RESP=2
15894866	42	STIM=u
15898093	42	RESP=1
15910847	42	STIM=w
15914311	42	RESP=1
15928992	42	STIM=1
15934516	42	RESP=2
15947070	42	STIM=n
15951553	42	RESP=1
15963118	42	STIM=l
15971153	42	RESP=1
15981158	42	STIM=5
15991112	42	RESP=2
15998506	42	STIM=q
16003058	42	RESP=1
16017412	42	STIM=z
16023279	42	RESP=1
16035707	42	STIM=m
16041979	42	RESP=1
16054662	42	STIM=u
16057705	42	RESP=1
16071376	42	STIM=t
16074929	42	RESP=1
16089711	42	STIM=9
16094322	42	RESP=2
16105658	42	STIM=e
16110882	42	RESP=1
16121354	42	STIM=t
16128108	42	RESP=1
16138480	42	STIM=w
16145363	42	RESP=1
16156770	42	STIM=5
16164523	42	RESP=2
16174710	42	STIM=q
16180586	42	RESP=1
16192372	42	STIM=r
16197436	42	RESP=1
16209744	42	STIM=5
16215219	42	RESP=2
16226724	42	STIM=w
16231416	42	RESP=1
16243820	42	STIM=3
16248838	42	RESP=2
16261256	42	STIM=j
16265975	42	RESP=1
16280015	42	STIM=c
16285265	42	RESP=1
16298908	42	STIM=g
16302081	42	RESP=1
16314538	42	STIM=k
16319487	42	RESP=1
16333188	42	STIM=q
16341125	42	RESP=1
16349391	42	STIM=5
16354069	42	RESP=2
16367300	42	STIM=x
16373833	42	RESP=1
16384504	42	STIM=e
16393506	42	RESP=1
16401075	42	STIM=z
16404875	42	RESP=1
16417741	42	STIM=h
16422559	42	RESP=1
16432871	42	STIM=m
16436104	42	RESP=1
16451444	42	STIM=3
16456402	42	RESP=2
16470066	42	STIM=d
16475923	42	RESP=1
16486626	42	STIM=g
16490764	42	RESP=1
16503785	42	STIM=z
16508076	42	RESP=1
16520001	42	STIM=j
16523926	42	RESP=1
16536929	42	STIM=y
16541939	42	RESP=1
16553283	42	STIM=8
16559164	42	RESP=2
16569846	42	STIM=b
16574501	42	RESP=1
16588384	42	STIM=s
16594013	42	RESP=1
16603545	42	STIM=n
16606396	42	RESP=1
16619525	42	STIM=5
16626240	42	RESP=2
16634929	42	STIM=v
16638658	42	RESP=1
16650094	42	STIM=p
16654712	42	RESP=1
16668706	42	STIM=r
16673201	42	RESP=1
16683950	42	STIM=r
16687657	42	RESP=1
16700472	42	STIM=h
16704219	42	RESP=1
16716921	42	STIM=z
16721137	42	RESP=1
16733112	42	STIM=x
16736176	42	RESP=1
16750715	42	STIM=q
16755388	42	RESP=1
16766004	42	STIM=n
16771668	42	RESP=1
16784370	42	STIM=h
16790746	42	RESP=1
16802201	42	STIM=d
16804972	42	RESP=1
16817662	42	STIM=c
16821357	42	RESP=1
16835011	42	STIM=w
16839220	42	RESP=1
16853315	42	STIM=c
16857565	42	RESP=1
16869478	42	STIM=d
16872646	42	RESP=1
16886553	42	STIM=b
16892116	42	RESP=1
16901867	42	STIM=5
16908026	42	RESP=2
16917210	42	STIM=f
16920658	42	RESP=2
16935739	42	STIM=f
16940466	42	RESP=1
16951040	42	STIM=q
16954725	42	RESP=1
16967676	42	STIM=u
16970820	42	RESP=1
16984970	42	STIM=y
16989400	42	RESP=1
17003940	42	STIM=a
17009338	42	RESP=1
17022048	42	STIM=8
17028757	42	RESP=2
17040942	42	STIM=o
17046394	42	RESP=1
17059738	42	STIM=f
17063277	42	RESP=1
17077055	42	STIM=q
17080331	42	RESP=1
17094821	42	STIM=8
17099714	42	RESP=2
17112208	42	STIM=k
17116512	42	RESP=1
17130170	42	STIM=x
17133945	42	RESP=1
17147421	42	STIM=d
17157271	42	RESP=1
17163899	42	STIM=d
17170383	42	RESP=1
17179016	42	STIM=t
17183365	42	RESP=1
17196154	42	STIM=i
17202480	42	RESP=1
17211365	42	STIM=r
17216595	42	RESP=1
17228024	42	STIM=0
17234694	42	RESP=2
17245295	42	STIM=s
17250816	42	RESP=1
17263771	42	STIM=c
17269644	42	RESP=1
17279562	42	STIM=h
17286784	42	RESP=1
17297770	42	STIM=c
17301458	42	RESP=1
17315444	42	STIM=o
17321138	42	RESP=1
17331728	42	STIM=v
17337889	42	RESP=1
17350182	42	STIM=d
17354277	42	RESP=1
17365205	42	STIM=a
17368047	42	RESP=1
17382013	42	STIM=t
17388561	42	RESP=1
17397339	42	STIM=w
17400874	42	RESP=1
17413477	42	STIM=3
17421217	42	RESP=2
17431235	42	STIM=b
17433873	42	RESP=1
17446720	42	STIM=0
17458532	42	RESP=2
17463667	42	STIM=x
17467901	42	RESP=1
17479710	42	STIM=b
17484046	42	RESP=1
17494735	42	STIM=0
17506112	42	RESP=2
17512886	42	STIM=d
17516729	42	RESP=1
17528007	42	STIM=6
17532291	42	RESP=2
17546777	42	STIM=n
17551403	42	RESP=1
17562288	42	STIM=7
17569132	42	RESP=2
17580295	42	STIM=c
17588679	42	RESP=1
17596697	42	STIM=4
17600873	42	RESP=2
17614937	42	STIM=5
17622020	42	RESP=1
17632386	42	STIM=n
17637324	42	RESP=1
17650076	42	STIM=j
17652782	42	RESP=1
17668638	42	STIM=e
17674999	42	RESP=1
17686446	42	STIM=y
17693397	42	RESP=1
17704642	42	STIM=3
17709196	42	RESP=2
17721236	42	STIM=l
17726031	42	RESP=1
17737869	42	STIM=y
17740510	42	RESP=1
17753798	42	STIM=e
17761001	42	RESP=1
17771434	42	STIM=l
17775483	42	RESP=1
17788737	42	STIM=6
17796733	42	RESP=2
17805468	42	STIM=5
17809851	42	RESP=2
17822083	42	STIM=t
17830054	42	RESP=1
17840488	42	STIM=b
17850505	42	RESP=1
17858091	42	STIM=n
17860952	42	RESP=1
17874935	42	STIM=l
17881001	42	RESP=1
17893339	42	STIM=s
17900516	42	RESP=1
17911736	42	STIM=5
17918309	42	RESP=1
17930263	42	STIM=i
17935191	42	RESP=1
17947453	42	STIM=7
17952658	42	RESP=2
17966250	42	STIM=m
17972573	42	RESP=1
17984242	42	STIM=j
17989639	42	RESP=1
17999475	42	STIM=o
18003477	42	RESP=1
18015999	42	STIM=p
18020801	42	RESP=1
18031138	42	STIM=c
18034486	42	RESP=1
18046758	42	STIM=s
18050572	42	RESP=1
18062398	42	STIM=c
18066477	42	RESP=1
18079988	42	STIM=3
18086009	42	RESP=2
18096149	42	STIM=g
18104362	42	RESP=1
18113172	42	STIM=2
18119298	42	RESP=2
18130735	42	STIM=q
18136021	42	RESP=1
18147136	42	STIM=f
18152421	42	RESP=1
18163961	42	STIM=r
18168482	42	RESP=1
18181507	42	STIM=z
18187923	42	RESP=1
18198852	42	STIM=k
18204116	42	RESP=1
18215489	42	STIM=w
18218585	42	RESP=1
18233014	42	STIM=h
18238624	42	RESP=1
18248771	42	STIM=8
18255666	42	RESP=2
18266913	42	STIM=k
18273275	42	RESP=1
18282892	42	STIM=l
18287025	42	RESP=1
18299723	42	STIM=k
18303684	42	RESP=1
18317523	42	STIM=e
18320182	42	RESP=1
18333867	42	STIM=m
18337739	42	RESP=1
18348904	42	STIM=2
18354006	42	RESP=2
18366414	42	STIM=e
18369920	42	RESP=1
18382297	42	STIM=l
18386683	42	RESP=1
18401271	42	STIM=e
18407418	42	RESP=1
18418378	42	STIM=1
18423181	42	RESP=2
18433641	42	STIM=p
18436494	42	RESP=1
18449383	42	STIM=5
18458029	42	RESP=2
18464536	42	STIM=2
18468223	42	RESP=2
18479771	42	STIM=g
18485867	42	RESP=1
18496462	42	STIM=f
18500927	42	RESP=1
18514729	42	STIM=g
18520740	42	RESP=1
18533432	42	STIM=e
18536337	42	RESP=1
18549139	42	STIM=8
18555152	42	RESP=2
18567995	42	STIM=w
18571791	42	RESP=1
18583502	42	STIM=o
18590348	42	RESP=1
18600262	42	STIM=w
18606341	42	RESP=1
18616663	42	STIM=7
18620623	42	RESP=2
18633000	42	STIM=y
18637431	42	RESP=1
18648958	42	STIM=f
18652549	42	RESP=1
18664911	42	STIM=l
18672111	42	RESP=2
18681218	42	STIM=h
18685457	42	RESP=1
18698475	42	STIM=h
18705876	42	RESP=1
18713599	42	STIM=s
18717038	42	RESP=1
18730670	42	STIM=r
18733154	42	RESP=1
18746303	42	STIM=z
18749932	42	RESP=1
18762684	42	STIM=n
18766426	42	RESP=1
18779240	42	STIM=f
18784701	42	RESP=1
18796623	42	STIM=6
18800535	42	RESP=2
18813690	42	STIM=n
18820768	42	RESP=1
18832568	42	STIM=p
18836388	42	RESP=1
18849368	42	STIM=4
18854072	42	RESP=2
18865778	42	STIM=j
18871024	42	RESP=1
18882265	42	STIM=6
18886434	42	RESP=2
18900628	42	STIM=m
18903315	42	RESP=1
18918088	42	STIM=b
18925730	42	RESP=1
18933923	42	STIM=j
18937926	42	RESP=1
18949469	42	STIM=z
18953290	42	RESP=1
18967163	42	STIM=f
18971231	42	RESP=1
18983978	42	STIM=0
18991228	42	RESP=2
19000734	42	STIM=j
19005652	42	RESP=1
19019275	42	STIM=x
19023991	42	RESP=1
19036359	42	STIM=j
19040519	42	RESP=1
19051893	42	STIM=9
19056569	42	RESP=2
19068008	42	STIM=e
19070984	42	RESP=1
19083579	42	STIM=b
19091351	42	RESP=1
19102294	42	STIM=a
19107927	42	RESP=1
19118507	42	STIM=i
19122338	42	RESP=1
19137434	42	STIM=f
19140972	42	RESP=1
19156084	42	STIM=g
19159405	42	RESP=1
19172545	42	STIM=q
19178539	42	RESP=1
19189926	42	STIM=f
19194048	42	RESP=1
19208229	42	STIM=x
19215846	42	RESP=1
19225542	42	STIM=u
19228561	42	RESP=1
19241117	42	STIM=3
19247780	42	RESP=2
19259261	42	STIM=7
19268296	42	RESP=2
19275305	42	STIM=4
19280941	42	RESP=2
19293857	42	STIM=w
19298892	42	RESP=1
19309886	42	STIM=f
19317055	42	RESP=1
19326765	42	STIM=p
19330929	42	RESP=1
19343814	42	STIM=z
19347330	42	RESP=1
19362638	42	STIM=n
19367292	42	RESP=1
19378010	42	STIM=6
19383736	42	RESP=1
19395648	42	STIM=l
19400965	42	RESP=1
19410782	42	STIM=0
19415518	42	RESP=2
19427110	42	STIM=y
19435150	42	RESP=1
19443996	42	STIM=3
19452227	42	RESP=2
19459270	42	STIM=t
19464025	42	RESP=1
19476793	42	STIM=g
19480655	42	RESP=1
19492595	42	STIM=y
19496634	42	RESP=1
19510271	42	STIM=x
19515927	42	RESP=1
19527875	42	STIM=i
19530975	42	RESP=1
19544850	42	STIM=4
19552435	42	RESP=2
19560250	42	STIM=s
19563340	42	RESP=1
19577009	42	STIM=o
19583937	42	RESP=1
19594002	42	STIM=a
19596806	42	RESP=1
19610105	42	STIM=i
19616864	42	RESP=1
19625664	42	STIM=t
19630193	42	RESP=1
19640768	42	STIM=x
19647423	42	RESP=1
19657352	42	STIM=n
19660600	42	RESP=1
19672460	42	STIM=o
19677651	42	RESP=1
19688309	42	STIM=q
19693598	42	RESP=2
19706388	42	STIM=h
19712604	42	RESP=1
19724326	42	STIM=e
19730638	42	RESP=1
19742086	42	STIM=s
19747669	42	RESP=1
19757798	42	STIM=3
19761014	42	RESP=2
19773165	42	STIM=s
19779675	42	RESP=1
19790778	42	STIM=f
19795217	42	RESP=1
19806048	42	STIM=j
19811547	42	RESP=1
19823119	42	STIM=e
19827167	42	RESP=1
19838304	42	STIM=k
19841565	42	RESP=1
19856534	42	STIM=g
19865376	42	RESP=1
19874706	42	STIM=k
19877636	42	RESP=1
19891792	42	STIM=s
19896009	42	RESP=1
19910506	42	STIM=8
19916682	42	RESP=1
19927079	42	STIM=e
19931927	42	RESP=1
19945180	42	STIM=v
19949847	42	RESP=1
19963298	42	STIM=0
19967924	42	RESP=2
19980268	42	STIM=r
19986078	42	RESP=1
19995708	42	STIM=5
20002764	42	RESP=2
20011832	42	STIM=o
20024193	42	RESP=1
20027139	42	STIM=u
20035995	42	RESP=1
20043404	42	STIM=i
20046608	42	RESP=1
20059417	42	STIM=q
20062267	42	RESP=1
20076387	42	STIM=f
20080644	42	RESP=1
20091742	42	STIM=y
20096220	42	RESP=1
20107082	42	STIM=i
20109989	42	RESP=1
20125213	42	STIM=7
20130953	42	RESP=2
20141791	42	STIM=y
20144411	42	RESP=1
20159094	42	STIM=k
20163171	42	RESP=1
20174938	42	STIM=v
20181628	42	RESP=1
20192670	42	STIM=c
20197769	42	RESP=1
20208514	42	STIM=e
20213176	42	RESP=1
20227322	42	STIM=o
20229956	42	RESP=1
20243615	42	STIM=p
20249150	42	RESP=1
20262223	42	STIM=f
20265953	42	RESP=1
20280313	42	STIM=d
20284140	42	RESP=1
20297513	42	STIM=n
20302973	42	RESP=1
20313025	42	STIM=c
20316843	42	RESP=1
20330013	42	STIM=u
20333073	42	RESP=1
20345262	42	STIM=h
20348919	42	RESP=1
20360772	42	STIM=d
20364229	42	RESP=1
20377610	42	STIM=j
20384946	42	RESP=1
20393220	42	STIM=s
20398051	42	RESP=1
20409892	42	STIM=0
20415285	42	RESP=2
20425735	42	STIM=i
20432353	42	RESP=1
20443115	42	STIM=u
20447637	42	RESP=1
20459938	42	STIM=z
20466464	42	RESP=1
20476662	42	STIM=g
20480663	42	RESP=1
20493076	42	STIM=z
20496930	42	RESP=1
20511638	42	STIM=1
20519135	42	RESP=2
20530459	42	STIM=e
20537062	42	RESP=1
20547553	42	STIM=6
20554056	42	RESP=2
20564563	42	STIM=p
20567577	42	RESP=1
20581666	42	STIM=z
20590289	42	RESP=1
20599596	42	STIM=q
20605673	42	RESP=1
20617262	42	STIM=y
20622100	42	RESP=1
20635845	42	STIM=4
20644094	42	RESP=2
20652630	42	STIM=f
20658284	42	RESP=1
20669204	42	STIM=q
20676268	42	RESP=2
20688096	42	STIM=u
20692362	42	RESP=1
20706680	42	STIM=a
20712002	42	RESP=1
20722148	42	STIM=o
20731767	42	RESP=1
20740427	42	STIM=2
20745398	42	RESP=2
20759193	42	STIM=g
20765629	42	RESP=1
20774926	42	STIM=c
20778341	42	RESP=1
20792630	42	STIM=7
20797992	42	RESP=2
20811466	42	STIM=x
20816399	42	RESP=1
20829250	42	STIM=l
20832744	42	RESP=1
20846057	42	STIM=m
20849481	42	RESP=1
20862307	42	STIM=h
20866856	42	RESP=1
20880905	42	STIM=1
20884056	42	RESP=2
20897822	42	STIM=p
20902106	42	RESP=1
20913163	42	STIM=y
20918099	42	RESP=1
20929437	42	STIM=y
20932687	42	RESP=1
20945190	42	STIM=w
20950105	42	RESP=1
20962440	42	STIM=9
20966712	42	RESP=2
20979087	42	STIM=b
20985979	42	RESP=1
20997813	42	STIM=9
21004190	42	RESP=2
21014227	42	STIM=m
21017810	42	RESP=1
21031605	42	STIM=s
21035074	42	RESP=1
21047572	42	STIM=3
21053075	42	RESP=2
21065589	42	STIM=r
21068790	42	RESP=1
21082136	42	STIM=u
21085245	42	RESP=1
21100932	42	STIM=3
21111317	42	RESP=2
21116909	42	STIM=q
21121761	42	RESP=1
21132884	42	STIM=5
21138894	42	RESP=2
21149394	42	STIM=s
21152251	42	RESP=1
21164834	42	STIM=2
21170212	42	RESP=2
21183430	42	STIM=2
21189219	42	RESP=2
21200639	42	STIM=w
21205422	42	RESP=1
21218293	42	STIM=w
21222928	42	RESP=1
21234882	42	STIM=0
21237965	42	RESP=2
21252823	42	STIM=m
21259654	42	RESP=1
21271318	42	STIM=v
21277036	42	RESP=1
21286344	42	STIM=r
21290695	42	RESP=1
21304332	42	STIM=d
21308522	42	RESP=1
21323279	42	STIM=h
21331337	42	RESP=1
21341030	42	STIM=6
21344628	42	RESP=2
21356147	42	STIM=4
21360913	42	RESP=1
21374336	42	STIM=b
21380086	42	RESP=1
21392847	42	STIM=e
21396655	42	RESP=1
21407944	42	STIM=1
21412569	42	RESP=2
21424203	42	STIM=a
21430476	42	RESP=1
21442126	42	STIM=e
21446719	42	RESP=1
21459174	42	STIM=m
21467099	42	RESP=1
21475619	42	STIM=x
21482441	42	RESP=1
21494050	42	STIM=7
21499623	42	RESP=2
21510408	42	STIM=q
21519045	42	RESP=1
21526354	42	STIM=k
21532752	42	RESP=1
21544475	42	STIM=p
21549475	42	RESP=1
21562526	42	STIM=o
21568517	42	RESP=1
21578666	42	STIM=z
21583244	42	RESP=1
21595713	42	STIM=0
21603457	42	RESP=1
21612173	42	STIM=e
21617595	42	RESP=1
21628736	42	STIM=q
21633540	42	RESP=1
21646841	42	STIM=v
21651012	42	RESP=1
21664030	42	STIM=w
21670714	42	RESP=1
21679990	42	STIM=k
21686393	42	RESP=1
21694999	42	STIM=w
21701329	42	RESP=1
21711971	42	STIM=c
21716654	42	RESP=1
21730757	42	STIM=v
21734745	42	RESP=2
21746938	42	STIM=n
21751307	42	RESP=1
21765083	42	STIM=8
21772815	42	RESP=2
