# Original filename: 0028_KAW_2017-07-06.log
# Time unit: 100 us
# RARECAT=digit
#
# Time	HHGG	Event
28820	42	STIM=p
31815	42	RESP=1
47411	42	STIM=c
56456	42	RESP=1
63696	42	STIM=b
71540	42	RESP=1
79068	42	STIM=z
87702	42	RESP=1
97241	42	STIM=j
99739	42	RESP=1
115856	42	STIM=m
119799	42	RESP=1
132083	42	STIM=1
139252	42	RESP=2
148953	42	STIM=k
152730	42	RESP=1
165464	42	STIM=f
172260	42	RESP=1
183309	42	STIM=o
189420	42	RESP=1
199096	42	STIM=a
211176	42	RESP=1
214158	42	STIM=l
219555	42	RESP=1
230961	42	STIM=d
236507	42	RESP=1
246072	42	STIM=w
250775	42	RESP=1
264280	42	STIM=b
272388	42	RESP=1
280192	42	STIM=a
286789	42	RESP=1
295947	42	STIM=9
302549	42	RESP=2
312880	42	STIM=r
318861	42	RESP=2
327899	42	STIM=v
335045	42	RESP=1
342994	42	STIM=l
352693	42	RESP=1
359573	42	STIM=9
364047	42	RESP=2
376410	42	STIM=0
382437	42	RESP=2
392275	42	STIM=r
404530	42	RESP=1
407511	42	STIM=9
413565	42	RESP=2
423391	42	STIM=3
431615	42	RESP=1
438533	42	STIM=i
441892	42	RESP=1
454131	42	STIM=y
460554	42	RESP=1
469143	42	STIM=r
473961	42	RESP=1
486150	42	STIM=5
494525	42	RESP=2
502964	42	STIM=m
505547	42	RESP=1
519480	42	STIM=i
522374	42	RESP=1
534979	42	STIM=f
543873	42	RESP=2
551492	42	STIM=4
558504	42	RESP=2
566908	42	STIM=3
571213	42	RESP=2
584552	42	STIM=r
588886	42	RESP=1
601554	42	STIM=e
612422	42	RESP=1
619873	42	STIM=y
629215	42	RESP=1
636096	42	STIM=3
642156	42	RESP=2
654074	42	STIM=7
659717	42	RESP=2
670468	42	STIM=f
675691	42	RESP=1
686312	42	STIM=z
691543	42	RESP=1
703199	42	STIM=d
710155	42	RESP=1
721813	42	STIM=q
730299	42	RESP=1
739959	42	STIM=u
745795	42	RESP=1
757014	42	STIM=u
760936	42	RESP=1
773749	42	STIM=t
782892	42	RESP=2
791992	42	STIM=x
795520	42	RESP=1
809253	42	STIM=6
814634	42	RESP=2
825598	42	STIM=y
832206	42	RESP=1
840795	42	STIM=c
847737	42	RESP=1
856528	42	STIM=e
864077	42	RESP=1
875314	42	STIM=o
882703	42	RESP=1
892159	42	STIM=q
903049	42	RESP=1
909711	42	STIM=q
914124	42	RESP=1
927582	42	STIM=a
932457	42	RESP=2
944187	42	STIM=2
952492	42	RESP=2
960527	42	STIM=a
968173	42	RESP=1
979327	42	STIM=j
984322	42	RESP=1
998003	42	STIM=z
1002458	42	RESP=1
1016624	42	STIM=d
1019604	42	RESP=1
1032015	42	STIM=z
1037465	42	RESP=1
1047720	42	STIM=3
1053555	42	RESP=2
1064212	42	STIM=w
1069959	42	RESP=1
1080780	42	STIM=x
1083663	42	RESP=1
1099237	42	STIM=y
1104114	42	RESP=1
1114878	42	STIM=l
1119635	42	RESP=1
1130836	42	STIM=x
1136750	42	RESP=1
1145973	42	STIM=r
1148994	42	RESP=1
1162320	42	STIM=3
1167287	42	RESP=2
1180883	42	STIM=t
1184839	42	RESP=1
1199654	42	STIM=2
1205711	42	RESP=1
1217139	42	STIM=f
1220295	42	RESP=1
1235668	42	STIM=l
1242090	42	RESP=1
1252791	42	STIM=n
1258634	42	RESP=1
1268089	42	STIM=3
1276983	42	RESP=2
1284571	42	STIM=x
1287618	42	RESP=1
1303217	42	STIM=n
1308226	42	RESP=1
1318400	42	STIM=0
1322714	42	RESP=2
1334551	42	STIM=0
1340628	42	RESP=2
1353011	42	STIM=v
1362639	42	RESP=1
1368752	42	STIM=n
1374534	42	RESP=1
1386197	42	STIM=z
1390154	42	RESP=1
1401895	42	STIM=r
1405627	42	RESP=1
1418882	42	STIM=k
1423270	42	RESP=1
1433888	42	STIM=p
1441978	42	RESP=1
1451616	42	STIM=t
1454529	42	RESP=2
1470605	42	STIM=v
1474125	42	RESP=1
1487284	42	STIM=r
1496147	42	RESP=1
1506156	42	STIM=r
1510781	42	RESP=1
1523709	42	STIM=r
1529165	42	RESP=2
1540405	42	STIM=e
1544047	42	RESP=1
1559235	42	STIM=0
1566628	42	RESP=2
1577327	42	STIM=h
1581729	42	RESP=1
1594455	42	STIM=k
1601761	42	RESP=1
1611017	42	STIM=u
1618751	42	RESP=1
1629138	42	STIM=y
1635692	42	RESP=2
1645603	42	STIM=o
1651464	42	RESP=1
1661107	42	STIM=g
1667596	42	RESP=1
1677707	42	STIM=b
1684183	42	RESP=1
1695762	42	STIM=i
1701837	42	RESP=1
1713862	42	STIM=d
1718884	42	RESP=1
1730457	42	STIM=d
1734404	42	RESP=1
1748266	42	STIM=5
1754393	42	RESP=2
1766373	42	STIM=p
1769903	42	RESP=1
1783803	42	STIM=u
1788584	42	RESP=1
1802124	42	STIM=d
1807020	42	RESP=1
1820280	42	STIM=w
1823778	42	RESP=1
1835790	42	STIM=5
1844256	42	RESP=1
1852812	42	STIM=d
1858973	42	RESP=1
1869497	42	STIM=8
1876241	42	RESP=2
1887568	42	STIM=x
1892599	42	RESP=1
1904553	42	STIM=n
1913823	42	RESP=1
1922732	42	STIM=t
1933166	42	RESP=1
1941250	42	STIM=e
1945188	42	RESP=1
1960222	42	STIM=n
1966860	42	RESP=1
1977080	42	STIM=n
1981953	42	RESP=1
1992109	42	STIM=m
1998573	42	RESP=1
2009581	42	STIM=k
2016788	42	RESP=1
2024801	42	STIM=5
2032520	42	RESP=2
2040928	42	STIM=b
2049252	42	RESP=1
2058889	42	STIM=i
2064486	42	RESP=1
2076035	42	STIM=h
2080758	42	RESP=1
2094675	42	STIM=z
2104215	42	RESP=1
2111905	42	STIM=j
2123938	42	RESP=1
2130588	42	STIM=u
2134682	42	RESP=1
2147477	42	STIM=t
2153743	42	RESP=1
2165832	42	STIM=m
2172626	42	RESP=1
2182038	42	STIM=h
2188021	42	RESP=1
2197047	42	STIM=u
2202453	42	RESP=1
2215776	42	STIM=s
2223631	42	RESP=1
2231504	42	STIM=4
2237824	42	RESP=2
2248695	42	STIM=w
2256550	42	RESP=1
2265793	42	STIM=r
2268645	42	RESP=1
2284314	42	STIM=5
2288822	42	RESP=2
2300601	42	STIM=y
2303330	42	RESP=1
2316640	42	STIM=o
2321375	42	RESP=1
2332667	42	STIM=l
2339819	42	RESP=1
2349699	42	STIM=l
2358772	42	RESP=1
2365443	42	STIM=h
2369025	42	RESP=1
2380830	42	STIM=7
2390195	42	RESP=2
2397270	42	STIM=z
2405170	42	RESP=2
2416033	42	STIM=b
2422675	42	RESP=1
2434610	42	STIM=i
2446202	42	RESP=1
2450719	42	STIM=e
2453562	42	RESP=1
2468860	42	STIM=j
2473630	42	RESP=1
2486285	42	STIM=d
2492175	42	RESP=1
2502510	42	STIM=4
2510524	42	RESP=2
2517666	42	STIM=i
2522510	42	RESP=1
2533810	42	STIM=1
2544947	42	RESP=2
2550604	42	STIM=e
2556928	42	RESP=1
2568207	42	STIM=i
2574846	42	RESP=1
2585559	42	STIM=z
2590526	42	RESP=1
2604488	42	STIM=o
2611463	42	RESP=1
2623461	42	STIM=c
2626899	42	RESP=1
2639242	42	STIM=b
2645783	42	RESP=1
2657422	42	STIM=g
2661208	42	RESP=1
2673810	42	STIM=n
2683283	42	RESP=1
2690878	42	STIM=p
2697747	42	RESP=1
2707374	42	STIM=t
2713541	42	RESP=1
2723989	42	STIM=o
2729553	42	RESP=1
2741003	42	STIM=i
2745070	42	RESP=1
2756322	42	STIM=u
2761588	42	RESP=1
2771834	42	STIM=n
2776184	42	RESP=1
2788353	42	STIM=6
2796343	42	RESP=2
2805418	42	STIM=h
2807992	42	RESP=1
2820768	42	STIM=k
2829161	42	RESP=1
2839640	42	STIM=y
2844330	42	RESP=1
2854972	42	STIM=6
2860722	42	RESP=2
2871257	42	STIM=a
2875363	42	RESP=1
2887173	42	STIM=6
2894014	42	RESP=2
2903277	42	STIM=t
2908702	42	RESP=1
2920465	42	STIM=i
2927393	42	RESP=1
2936230	42	STIM=m
2941744	42	RESP=1
2952872	42	STIM=n
2958694	42	RESP=1
2968113	42	STIM=3
2976665	42	RESP=2
2983911	42	STIM=l
2988018	42	RESP=1
3000019	42	STIM=q
3003971	42	RESP=1
3017766	42	STIM=r
3021652	42	RESP=1
3036436	42	STIM=9
3042621	42	RESP=2
3053234	42	STIM=o
3059431	42	RESP=1
3070319	42	STIM=i
3073920	42	RESP=1
3087400	42	STIM=x
3094444	42	RESP=1
3102457	42	STIM=r
3108637	42	RESP=1
3117826	42	STIM=j
3122184	42	RESP=1
3133501	42	STIM=7
3140060	42	RESP=2
3149562	42	STIM=m
3154048	42	RESP=1
3166370	42	STIM=9
3170676	42	RESP=2
3184638	42	STIM=y
3190177	42	RESP=1
3202960	42	STIM=b
3211851	42	RESP=1
3219825	42	STIM=n
3226099	42	RESP=1
3235024	42	STIM=0
3244260	42	RESP=2
3250375	42	STIM=6
3256025	42	RESP=2
3266613	42	STIM=e
3270075	42	RESP=1
3282458	42	STIM=v
3287149	42	RESP=1
3300061	42	STIM=u
3304774	42	RESP=1
3315347	42	STIM=m
3319500	42	RESP=1
3332067	42	STIM=o
3336341	42	RESP=1
3348129	42	STIM=e
3353511	42	RESP=1
3364262	42	STIM=t
3370190	42	RESP=1
3379673	42	STIM=g
3384589	42	RESP=1
3396715	42	STIM=9
3405444	42	RESP=2
3412467	42	STIM=7
3420656	42	RESP=2
3427810	42	STIM=u
3433125	42	RESP=1
3446460	42	STIM=d
3454322	42	RESP=1
3464890	42	STIM=g
3468840	42	RESP=1
3481737	42	STIM=k
3487613	42	RESP=1
3498935	42	STIM=j
3502707	42	RESP=1
3515164	42	STIM=k
3523240	42	RESP=1
3533822	42	STIM=l
3538813	42	RESP=1
3551325	42	STIM=4
3557379	42	RESP=2
3568902	42	STIM=g
3575319	42	RESP=2
3587783	42	STIM=v
3593678	42	RESP=1
3606316	42	STIM=n
3612383	42	RESP=1
3622870	42	STIM=b
3628346	42	RESP=1
3639092	42	STIM=7
3645114	42	RESP=2
3657890	42	STIM=y
3661392	42	RESP=1
3673430	42	STIM=a
3683087	42	RESP=1
3691813	42	STIM=q
3696670	42	RESP=1
3707324	42	STIM=e
3712069	42	RESP=1
3724220	42	STIM=7
3729067	42	RESP=1
3740625	42	STIM=1
3750029	42	RESP=2
3757230	42	STIM=f
3763295	42	RESP=1
3775272	42	STIM=c
3780737	42	RESP=2
3791175	42	STIM=n
3796902	42	RESP=1
3808072	42	STIM=k
3813635	42	RESP=1
3825438	42	STIM=s
3830289	42	RESP=1
3844028	42	STIM=6
3849514	42	RESP=2
3859789	42	STIM=j
3870434	42	RESP=1
3876052	42	STIM=b
3880642	42	RESP=1
3892411	42	STIM=t
3899243	42	RESP=1
3909454	42	STIM=k
3915361	42	RESP=1
3925283	42	STIM=c
3931856	42	RESP=1
3941250	42	STIM=a
3947092	42	RESP=1
3958515	42	STIM=r
3963480	42	RESP=1
3973663	42	STIM=1
3982431	42	RESP=1
3988964	42	STIM=l
4003064	42	RESP=1
4006647	42	STIM=1
4012890	42	RESP=2
4025460	42	STIM=e
4031520	42	RESP=1
4043224	42	STIM=e
4050323	42	RESP=1
4059347	42	STIM=k
4064638	42	RESP=1
4076301	42	STIM=c
4082544	42	RESP=1
4092378	42	STIM=9
4097572	42	RESP=2
4107469	42	STIM=i
4111289	42	RESP=2
4124268	42	STIM=p
4128134	42	RESP=2
4142599	42	STIM=z
4148690	42	RESP=1
4160770	42	STIM=h
4165047	42	RESP=1
4178548	42	STIM=1
4183744	42	RESP=2
4194093	42	STIM=h
4197549	42	RESP=1
4211103	42	STIM=s
4214992	42	RESP=1
4227346	42	STIM=b
4235840	42	RESP=1
4244404	42	STIM=m
4250200	42	RESP=1
4260422	42	STIM=z
4265715	42	RESP=1
4277399	42	STIM=2
4285547	42	RESP=2
4294823	42	STIM=q
4304717	42	RESP=1
4310938	42	STIM=p
4315116	42	RESP=1
4327679	42	STIM=m
4332572	42	RESP=1
4345561	42	STIM=c
4350835	42	RESP=1
4363195	42	STIM=z
4368910	42	RESP=1
4379925	42	STIM=r
4383341	42	RESP=1
4398921	42	STIM=d
4403129	42	RESP=1
4413932	42	STIM=h
4418602	42	RESP=1
4429039	42	STIM=d
4432747	42	RESP=2
4445936	42	STIM=7
4451107	42	RESP=2
4462719	42	STIM=j
4466906	42	RESP=1
4479287	42	STIM=b
4486149	42	RESP=1
4496571	42	STIM=o
4503787	42	RESP=1
4513493	42	STIM=8
4527711	42	RESP=2
4532213	42	STIM=o
4537563	42	RESP=1
4548832	42	STIM=x
4551941	42	RESP=1
4567243	42	STIM=p
4571759	42	RESP=1
4584135	42	STIM=6
4590771	42	RESP=2
4603085	42	STIM=j
4608166	42	RESP=1
4621033	42	STIM=p
4629342	42	RESP=1
4638464	42	STIM=m
4642569	42	RESP=1
4655561	42	STIM=x
4659725	42	RESP=1
4672670	42	STIM=t
4676319	42	RESP=1
4690706	42	STIM=r
4698445	42	RESP=1
4706113	42	STIM=5
4714559	42	RESP=2
4721336	42	STIM=b
4726429	42	RESP=1
4738108	42	STIM=k
4745066	42	RESP=1
4755741	42	STIM=s
4764280	42	RESP=1
4770950	42	STIM=9
4776427	42	RESP=2
4786803	42	STIM=y
4790654	42	RESP=1
4804055	42	STIM=9
4813899	42	RESP=2
4819281	42	STIM=z
4822117	42	RESP=1
4835781	42	STIM=r
4843750	42	RESP=1
4851819	42	STIM=2
4856958	42	RESP=2
4870429	42	STIM=3
4875991	42	RESP=2
4887639	42	STIM=e
4892343	42	RESP=1
4905521	42	STIM=p
4912528	42	RESP=1
4921985	42	STIM=u
4925224	42	RESP=1
4939476	42	STIM=1
4943761	42	RESP=2
4954566	42	STIM=y
4960216	42	RESP=1
4971679	42	STIM=6
4976909	42	RESP=2
4990099	42	STIM=8
4995208	42	RESP=2
5006366	42	STIM=c
5010665	42	RESP=1
5023662	42	STIM=d
5031757	42	RESP=1
5040524	42	STIM=b
5046720	42	RESP=1
5056270	42	STIM=l
5059225	42	RESP=2
5074376	42	STIM=1
5081359	42	RESP=2
5089964	42	STIM=h
5096959	42	RESP=1
5107579	42	STIM=n
5116187	42	RESP=1
5126188	42	STIM=q
5129609	42	RESP=1
5142826	42	STIM=w
5147582	42	RESP=2
5159099	42	STIM=k
5165205	42	RESP=1
5174522	42	STIM=b
5182353	42	RESP=1
5193188	42	STIM=z
5197753	42	RESP=1
5208422	42	STIM=c
5219768	42	RESP=1
5226139	42	STIM=5
5232592	42	RESP=1
5243634	42	STIM=p
5247220	42	RESP=1
5260410	42	STIM=u
5269512	42	RESP=1
5277674	42	STIM=5
5282660	42	RESP=1
5296325	42	STIM=g
5300214	42	RESP=1
5313517	42	STIM=z
5318833	42	RESP=1
5329693	42	STIM=q
5335704	42	RESP=1
5345088	42	STIM=h
5351112	42	RESP=1
5364063	42	STIM=5
5367809	42	RESP=2
5379531	42	STIM=d
5382975	42	RESP=1
5395846	42	STIM=6
5405615	42	RESP=1
5412482	42	STIM=r
5422631	42	RESP=1
5429612	42	STIM=k
5439031	42	RESP=1
5446072	42	STIM=0
5454731	42	RESP=2
5463053	42	STIM=o
5473750	42	RESP=1
5478431	42	STIM=b
5483689	42	RESP=1
5495211	42	STIM=g
5503204	42	RESP=1
5511800	42	STIM=6
5516357	42	RESP=2
5528075	42	STIM=x
5534678	42	RESP=1
5546345	42	STIM=z
5552070	42	RESP=1
5564038	42	STIM=c
5570067	42	RESP=1
5580850	42	STIM=n
5583809	42	RESP=1
5596815	42	STIM=2
5602511	42	RESP=2
5614394	42	STIM=k
5618725	42	RESP=1
5630373	42	STIM=s
5635339	42	RESP=1
5646412	42	STIM=r
5650698	42	RESP=1
5661504	42	STIM=c
5667447	42	RESP=1
5678544	42	STIM=m
5682748	42	RESP=1
5696489	42	STIM=z
5702350	42	RESP=1
5712891	42	STIM=x
5722730	42	RESP=1
5729360	42	STIM=g
5735377	42	RESP=1
5746289	42	STIM=x
5750613	42	RESP=1
5762177	42	STIM=p
5765753	42	RESP=1
5778443	42	STIM=l
5782527	42	RESP=1
5796414	42	STIM=0
5802268	42	RESP=2
5814389	42	STIM=u
5819838	42	RESP=1
5829571	42	STIM=y
5835675	42	RESP=1
5845355	42	STIM=t
5852423	42	RESP=1
5861201	42	STIM=7
5864805	42	RESP=1
5878318	42	STIM=k
5882169	42	RESP=1
5893578	42	STIM=y
5901109	42	RESP=1
5910185	42	STIM=1
5918100	42	RESP=2
5927648	42	STIM=h
5935426	42	RESP=1
5946633	42	STIM=x
5952699	42	RESP=1
5963689	42	STIM=p
5971135	42	RESP=1
5982037	42	STIM=x
5987235	42	RESP=1
5998485	42	STIM=d
6001467	42	RESP=1
6013667	42	STIM=6
6024207	42	RESP=2
6030736	42	STIM=j
6037605	42	RESP=1
6048157	42	STIM=h
6058960	42	RESP=1
6067008	42	STIM=3
6073498	42	RESP=2
6082568	42	STIM=d
6086871	42	RESP=1
6100387	42	STIM=n
6105371	42	RESP=2
6116634	42	STIM=k
6121274	42	RESP=1
6134870	42	STIM=u
6138061	42	RESP=1
6150138	42	STIM=c
6155210	42	RESP=1
6168078	42	STIM=k
6173824	42	RESP=1
6185130	42	STIM=z
6188821	42	RESP=1
6203421	42	STIM=q
6208226	42	RESP=1
6219954	42	STIM=n
6223555	42	RESP=1
6237897	42	STIM=j
6243030	42	RESP=1
6255948	42	STIM=z
6260929	42	RESP=1
6274583	42	STIM=t
6279601	42	RESP=1
6291515	42	STIM=u
6301177	42	RESP=1
6307312	42	STIM=7
6313797	42	RESP=2
6325430	42	STIM=r
6332686	42	RESP=1
6344203	42	STIM=h
6348998	42	RESP=2
6359440	42	STIM=f
6363034	42	RESP=1
6376213	42	STIM=p
6384538	42	RESP=1
6391213	42	STIM=v
6395472	42	RESP=1
6406681	42	STIM=o
6411853	42	RESP=1
6425083	42	STIM=t
6431602	42	RESP=1
6441062	42	STIM=c
6448319	42	RESP=1
6457548	42	STIM=h
6462183	42	RESP=1
6474497	42	STIM=d
6483073	42	RESP=1
6490331	42	STIM=i
6498042	42	RESP=1
6509078	42	STIM=j
6512501	42	RESP=2
6528019	42	STIM=j
6531307	42	RESP=1
6543745	42	STIM=f
6547938	42	RESP=1
6559103	42	STIM=w
6565628	42	RESP=1
6574551	42	STIM=b
6580348	42	RESP=1
6592532	42	STIM=b
6596414	42	RESP=1
6611250	42	STIM=h
6616878	42	RESP=1
6627484	42	STIM=y
6638612	42	RESP=1
6646033	42	STIM=q
6655406	42	RESP=1
6664560	42	STIM=t
6671396	42	RESP=1
6681387	42	STIM=m
6688289	42	RESP=1
6700288	42	STIM=4
6710837	42	RESP=2
6715707	42	STIM=w
6721314	42	RESP=1
6733945	42	STIM=4
6740609	42	RESP=2
6750921	42	STIM=b
6755332	42	RESP=1
6768539	42	STIM=a
6771728	42	RESP=1
6784596	42	STIM=c
6793420	42	RESP=1
6801994	42	STIM=r
6807225	42	RESP=2
6817726	42	STIM=w
6825164	42	RESP=2
6832811	42	STIM=d
6837905	42	RESP=1
6851584	42	STIM=t
6860870	42	RESP=1
6869991	42	STIM=t
6876784	42	RESP=1
6885486	42	STIM=5
6892703	42	RESP=2
6901695	42	STIM=s
6906553	42	RESP=1
6918499	42	STIM=v
6925764	42	RESP=1
6935843	42	STIM=6
6944026	42	RESP=1
6951651	42	STIM=o
6958132	42	RESP=1
6969371	42	STIM=w
6972658	42	RESP=1
6986860	42	STIM=y
7000016	42	RESP=1
7002737	42	STIM=z
7007659	42	RESP=1
7019503	42	STIM=9
7024677	42	RESP=2
7036942	42	STIM=e
7040574	42	RESP=1
7053490	42	STIM=7
7060783	42	RESP=2
7069955	42	STIM=j
7073827	42	RESP=1
7088867	42	STIM=f
7096059	42	RESP=1
7107816	42	STIM=b
7117297	42	RESP=1
7125885	42	STIM=5
7130856	42	RESP=2
7142606	42	STIM=e
7147417	42	RESP=1
7158065	42	STIM=w
7164237	42	RESP=1
7174588	42	STIM=z
7180951	42	RESP=1
7189666	42	STIM=o
7193318	42	RESP=1
7207556	42	STIM=f
7213114	42	RESP=1
7226402	42	STIM=c
7231524	42	RESP=1
7241700	42	STIM=p
7244694	42	RESP=1
7256763	42	STIM=f
7264570	42	RESP=1
7273475	42	STIM=u
7278867	42	RESP=1
7288969	42	STIM=8
7294071	42	RESP=2
7306146	42	STIM=1
7312057	42	RESP=2
7323115	42	STIM=s
7326025	42	RESP=1
7340531	42	STIM=k
7347231	42	RESP=1
7357272	42	STIM=m
7364621	42	RESP=1
7373257	42	STIM=4
7379338	42	RESP=2
7389889	42	STIM=d
7394439	42	RESP=1
7405014	42	STIM=6
7409861	42	RESP=2
7423233	42	STIM=w
7429488	42	RESP=1
7438674	42	STIM=j
7446493	42	RESP=1
7456252	42	STIM=g
7464642	42	RESP=1
7474427	42	STIM=8
7482888	42	RESP=2
7491505	42	STIM=w
7494934	42	RESP=1
7509336	42	STIM=1
7517666	42	RESP=2
7526583	42	STIM=4
7534909	42	RESP=2
7545548	42	STIM=o
7551697	42	RESP=1
7562440	42	STIM=r
7573043	42	RESP=1
7578941	42	STIM=g
7584489	42	RESP=1
7595322	42	STIM=a
7603775	42	RESP=1
7614314	42	STIM=o
7620359	42	RESP=1
7632604	42	STIM=a
7641073	42	RESP=1
7649788	42	STIM=5
7658720	42	RESP=1
7668131	42	STIM=q
7675605	42	RESP=1
7686458	42	STIM=l
7692603	42	RESP=1
7701535	42	STIM=r
7709463	42	RESP=1
7718424	42	STIM=9
7724798	42	RESP=2
7737229	42	STIM=h
7742289	42	RESP=1
7753343	42	STIM=1
7759335	42	RESP=2
7771448	42	STIM=a
7778330	42	RESP=1
7787928	42	STIM=z
7791387	42	RESP=1
7803529	42	STIM=q
7806631	42	RESP=1
7822456	42	STIM=d
7826028	42	RESP=1
7841255	42	STIM=q
7847866	42	RESP=1
7856519	42	STIM=2
7861364	42	RESP=2
7873832	42	STIM=m
7880880	42	RESP=1
7890568	42	STIM=d
7896226	42	RESP=1
7909305	42	STIM=a
7916321	42	RESP=1
7927749	42	STIM=u
7935015	42	RESP=1
7945181	42	STIM=e
7951838	42	RESP=1
7960379	42	STIM=u
7965005	42	RESP=1
7976035	42	STIM=a
7981747	42	RESP=1
7992784	42	STIM=p
7998478	42	RESP=1
8008465	42	STIM=m
8013239	42	RESP=1
8024661	42	STIM=n
8029735	42	RESP=1
8042491	42	STIM=n
8048597	42	RESP=1
8058547	42	STIM=8
8062621	42	RESP=2
8075481	42	STIM=m
8083525	42	RESP=1
8092482	42	STIM=h
8098383	42	RESP=1
8110508	42	STIM=z
8116933	42	RESP=1
8126952	42	STIM=6
8132407	42	RESP=2
8143026	42	STIM=7
8150160	42	RESP=1
8158917	42	STIM=o
8166665	42	RESP=1
8175449	42	STIM=0
8180476	42	RESP=1
8190945	42	STIM=z
8197773	42	RESP=2
8208603	42	STIM=q
8214697	42	RESP=1
8224274	42	STIM=g
8231445	42	RESP=1
8239529	42	STIM=l
8244688	42	RESP=1
8254539	42	STIM=n
8258475	42	RESP=1
8272146	42	STIM=h
8275603	42	RESP=1
8289476	42	STIM=h
8298371	42	RESP=1
8308299	42	STIM=z
8313928	42	RESP=1
8324450	42	STIM=9
8330623	42	RESP=2
8342398	42	STIM=i
8347849	42	RESP=1
8358452	42	STIM=j
8365627	42	RESP=1
8373982	42	STIM=p
8381209	42	RESP=1
8392001	42	STIM=d
8396929	42	RESP=1
8410112	42	STIM=d
8415361	42	RESP=1
8427015	42	STIM=g
8435578	42	RESP=1
8442766	42	STIM=s
8450523	42	RESP=1
8458944	42	STIM=h
8464910	42	RESP=1
8475551	42	STIM=e
8479362	42	RESP=1
8494243	42	STIM=p
8503085	42	RESP=1
8510632	42	STIM=w
8513419	42	RESP=1
8527529	42	STIM=u
8533492	42	RESP=2
8545856	42	STIM=i
8560317	42	RESP=1
8564437	42	STIM=i
8569894	42	RESP=1
8583239	42	STIM=4
8590150	42	RESP=2
8600310	42	STIM=8
8604636	42	RESP=2
8616548	42	STIM=n
8622702	42	RESP=1
8635060	42	STIM=d
8646246	42	RESP=2
8652050	42	STIM=y
8658604	42	RESP=1
8669505	42	STIM=t
8675658	42	RESP=1
8684754	42	STIM=g
8688203	42	RESP=1
8700563	42	STIM=6
8706256	42	RESP=2
8716833	42	STIM=i
8723483	42	RESP=1
8731912	42	STIM=j
8738352	42	RESP=1
8749178	42	STIM=i
8760156	42	RESP=1
8767877	42	STIM=v
8770800	42	RESP=1
8785949	42	STIM=7
8790093	42	RESP=2
8803569	42	STIM=x
8806539	42	RESP=2
8821487	42	STIM=v
8831551	42	RESP=1
8836910	42	STIM=5
8840877	42	RESP=2
8854671	42	STIM=y
8858461	42	RESP=1
8872582	42	STIM=e
8877665	42	RESP=1
8888362	42	STIM=l
8894865	42	RESP=1
8905276	42	STIM=2
8910973	42	RESP=2
8920364	42	STIM=t
8925358	42	RESP=1
8938156	42	STIM=d
8943105	42	RESP=1
8953465	42	STIM=b
8962028	42	RESP=1
8972121	42	STIM=c
8979602	42	RESP=1
8989001	42	STIM=r
8992382	42	RESP=1
9006314	42	STIM=x
9013999	42	RESP=1
9021465	42	STIM=v
9026303	42	RESP=1
9038350	42	STIM=d
9047712	42	RESP=1
9057145	42	STIM=g
9061389	42	RESP=1
9075163	42	STIM=w
9079874	42	RESP=1
9090284	42	STIM=t
9095198	42	RESP=1
9106967	42	STIM=j
9110941	42	RESP=1
9124233	42	STIM=m
9128740	42	RESP=1
9142578	42	STIM=m
9148168	42	RESP=1
9158917	42	STIM=u
9165449	42	RESP=1
9176328	42	STIM=s
9180089	42	RESP=1
9193910	42	STIM=o
9196989	42	RESP=1
9210474	42	STIM=x
9216766	42	RESP=1
9227813	42	STIM=b
9232279	42	RESP=1
9244372	42	STIM=q
9251100	42	RESP=1
9263165	42	STIM=9
9269031	42	RESP=2
9281274	42	STIM=2
9289572	42	RESP=1
9300124	42	STIM=r
9310785	42	RESP=1
9315917	42	STIM=s
9322487	42	RESP=1
9334744	42	STIM=7
9339413	42	RESP=2
9352238	42	STIM=c
9357216	42	RESP=1
9369956	42	STIM=3
9378681	42	RESP=2
9385666	42	STIM=y
9395562	42	RESP=1
9404637	42	STIM=g
9408802	42	RESP=1
9423266	42	STIM=u
9429218	42	RESP=2
9438842	42	STIM=r
9441567	42	RESP=1
9455781	42	STIM=w
9460126	42	RESP=1
9474092	42	STIM=5
9479143	42	RESP=2
9491727	42	STIM=o
9498817	42	RESP=1
9507389	42	STIM=h
9511188	42	RESP=1
9524009	42	STIM=d
9528267	42	RESP=1
9539194	42	STIM=q
9545711	42	RESP=1
9557561	42	STIM=z
9566094	42	RESP=1
9573457	42	STIM=m
9578443	42	RESP=1
9590613	42	STIM=e
9595070	42	RESP=1
9607936	42	STIM=t
9613690	42	RESP=1
9624685	42	STIM=q
9627790	42	RESP=1
9641797	42	STIM=r
9646515	42	RESP=1
9658871	42	STIM=5
9670708	42	RESP=2
9675484	42	STIM=q
9680714	42	RESP=1
9693461	42	STIM=h
9697606	42	RESP=1
9709688	42	STIM=r
9718415	42	RESP=1
9725085	42	STIM=s
9729501	42	RESP=1
9740867	42	STIM=m
9748690	42	RESP=1
9758796	42	STIM=m
9765210	42	RESP=1
9777146	42	STIM=v
9783715	42	RESP=1
9795090	42	STIM=p
9799892	42	RESP=1
9812402	42	STIM=7
9817564	42	RESP=2
9829867	42	STIM=z
9837394	42	RESP=2
9846098	42	STIM=m
9850967	42	RESP=1
9863070	42	STIM=m
9869038	42	RESP=1
9880693	42	STIM=2
9885891	42	RESP=2
9899157	42	STIM=x
9902676	42	RESP=1
9918023	42	STIM=b
9923334	42	RESP=1
9935701	42	STIM=b
9944609	42	RESP=1
9954500	42	STIM=1
9965610	42	RESP=2
9973021	42	STIM=i
9976655	42	RESP=1
9989559	42	STIM=e
9996188	42	RESP=1
10007261	42	STIM=2
10016616	42	RESP=2
10025287	42	STIM=f
10032534	42	RESP=1
10043775	42	STIM=6
10049071	42	RESP=2
10061106	42	STIM=x
10069699	42	RESP=1
10078628	42	STIM=t
10084021	42	RESP=2
10097169	42	STIM=c
10101736	42	RESP=1
10114113	42	STIM=h
10124577	42	RESP=1
10132335	42	STIM=g
10134673	42	RESP=1
10149615	42	STIM=0
10159845	42	RESP=2
10166160	42	STIM=6
10171755	42	RESP=2
10181413	42	STIM=a
10184970	42	RESP=2
10199360	42	STIM=9
10208399	42	RESP=2
10217374	42	STIM=o
10222935	42	RESP=1
10234489	42	STIM=n
10237559	42	RESP=1
10252197	42	STIM=r
10258546	42	RESP=1
10267672	42	STIM=c
10272058	42	RESP=1
10285484	42	STIM=y
10289684	42	RESP=1
10300995	42	STIM=d
10306701	42	RESP=1
10318787	42	STIM=j
10322450	42	RESP=1
10335998	42	STIM=x
10341814	42	RESP=1
10352652	42	STIM=z
10355614	42	RESP=1
10370277	42	STIM=d
10376321	42	RESP=1
10388432	42	STIM=h
10391365	42	RESP=1
10405166	42	STIM=o
10411462	42	RESP=1
10422776	42	STIM=k
10426440	42	RESP=1
10438952	42	STIM=4
10448410	42	RESP=1
10457550	42	STIM=p
10465765	42	RESP=1
10473959	42	STIM=j
10481922	42	RESP=1
10489459	42	STIM=m
10495968	42	RESP=1
10506550	42	STIM=m
10514794	42	RESP=1
10521566	42	STIM=v
10526748	42	RESP=1
10539789	42	STIM=f
10545120	42	RESP=1
10556581	42	STIM=s
10564472	42	RESP=1
10575097	42	STIM=d
10580790	42	RESP=1
10590702	42	STIM=b
10599039	42	RESP=1
10607491	42	STIM=u
10613851	42	RESP=1
10625867	42	STIM=c
10631024	42	RESP=1
10643741	42	STIM=v
10649307	42	RESP=1
10661113	42	STIM=u
10664791	42	RESP=1
10678982	42	STIM=8
10685403	42	RESP=2
10695645	42	STIM=f
10699647	42	RESP=1
10711275	42	STIM=a
10718384	42	RESP=1
10727450	42	STIM=v
10731957	42	RESP=1
10742889	42	STIM=w
10746501	42	RESP=1
10761871	42	STIM=d
10769340	42	RESP=1
10780281	42	STIM=m
10784541	42	RESP=1
10798792	42	STIM=x
10807474	42	RESP=1
10816106	42	STIM=w
10823989	42	RESP=2
10833181	42	STIM=u
10839462	42	RESP=1
10851942	42	STIM=5
10862912	42	RESP=2
10869908	42	STIM=m
10880671	42	RESP=1
10887712	42	STIM=4
10893659	42	RESP=2
10904735	42	STIM=t
10911890	42	RESP=1
10923265	42	STIM=2
10928595	42	RESP=2
10939375	42	STIM=h
10946449	42	RESP=1
10954516	42	STIM=a
10958007	42	RESP=1
10972055	42	STIM=p
10979057	42	RESP=1
10989468	42	STIM=d
10995495	42	RESP=1
11006860	42	STIM=n
11009995	42	RESP=1
11022550	42	STIM=m
11027599	42	RESP=1
11037764	42	STIM=d
11045225	42	RESP=1
11053234	42	STIM=q
11059289	42	RESP=1
11071210	42	STIM=8
11077184	42	RESP=2
11086643	42	STIM=8
11092682	42	RESP=2
11103649	42	STIM=m
11106191	42	RESP=1
11118772	42	STIM=h
11123384	42	RESP=1
11137191	42	STIM=5
11148287	42	RESP=2
11152803	42	STIM=l
11158477	42	RESP=1
11167837	42	STIM=x
11174124	42	RESP=1
11186823	42	STIM=t
11193268	42	RESP=1
11205552	42	STIM=m
11210722	42	RESP=1
11221378	42	STIM=l
11227926	42	RESP=1
11238382	42	STIM=r
11241557	42	RESP=1
11255524	42	STIM=r
11267376	42	RESP=1
11274267	42	STIM=r
11278086	42	RESP=1
11290350	42	STIM=w
11295945	42	RESP=1
11307763	42	STIM=1
11313254	42	RESP=2
11322970	42	STIM=u
11325557	42	RESP=1
11338195	42	STIM=o
11345269	42	RESP=1
11353985	42	STIM=2
11359720	42	RESP=2
11370206	42	STIM=7
11375868	42	RESP=2
11388961	42	STIM=d
11393740	42	RESP=1
11404005	42	STIM=q
11407479	42	RESP=1
11422366	42	STIM=3
11426347	42	RESP=2
11438389	42	STIM=a
11443579	42	RESP=1
11454254	42	STIM=p
11460842	42	RESP=1
11471588	42	STIM=g
11478073	42	RESP=1
11487516	42	STIM=p
11494197	42	RESP=1
11505463	42	STIM=a
11510378	42	RESP=1
11521766	42	STIM=x
11525757	42	RESP=1
11538471	42	STIM=2
11545283	42	RESP=1
11556889	42	STIM=j
11560792	42	RESP=1
11572140	42	STIM=g
11577288	42	RESP=1
11589148	42	STIM=d
11593548	42	RESP=1
11604403	42	STIM=c
11612822	42	RESP=1
11621130	42	STIM=e
11624290	42	RESP=1
11638073	42	STIM=q
11645723	42	RESP=1
11655765	42	STIM=0
11664883	42	RESP=1
11671926	42	STIM=z
11676371	42	RESP=1
11689334	42	STIM=s
11692507	42	RESP=1
11705199	42	STIM=4
11710957	42	RESP=2
11721545	42	STIM=z
11727184	42	RESP=1
11739458	42	STIM=n
11744290	42	RESP=1
11757272	42	STIM=v
11762570	42	RESP=1
11772303	42	STIM=p
11777995	42	RESP=1
11787579	42	STIM=o
11792709	42	RESP=1
11806236	42	STIM=s
11810793	42	RESP=1
11821918	42	STIM=p
11833086	42	RESP=1
11840796	42	STIM=w
11845355	42	RESP=1
11859100	42	STIM=a
11864039	42	RESP=1
11876442	42	STIM=b
11880822	42	RESP=1
11892444	42	STIM=w
11899303	42	RESP=1
11909464	42	STIM=f
11913113	42	RESP=1
11927773	42	STIM=2
11937962	42	RESP=2
11943842	42	STIM=s
11951101	42	RESP=1
11962826	42	STIM=q
11968513	42	RESP=1
11980388	42	STIM=n
11988392	42	RESP=2
11996601	42	STIM=q
12001748	42	RESP=1
12013853	42	STIM=s
12019399	42	RESP=2
12029199	42	STIM=i
12035788	42	RESP=1
12047964	42	STIM=7
12053698	42	RESP=2
12063661	42	STIM=k
12068237	42	RESP=1
12082125	42	STIM=r
12085601	42	RESP=1
12098315	42	STIM=v
12102271	42	RESP=1
12114370	42	STIM=8
12123185	42	RESP=2
12132186	42	STIM=t
12138696	42	RESP=1
12147274	42	STIM=2
12151779	42	RESP=2
12165693	42	STIM=7
12171494	42	RESP=2
12183149	42	STIM=p
12187594	42	RESP=1
12200282	42	STIM=3
12208475	42	RESP=2
12216369	42	STIM=v
12220795	42	RESP=1
12232866	42	STIM=k
12239732	42	RESP=1
12248672	42	STIM=o
12253957	42	RESP=1
12264909	42	STIM=d
12268541	42	RESP=2
12280728	42	STIM=h
12287405	42	RESP=1
12297164	42	STIM=p
12301566	42	RESP=1
12315092	42	STIM=6
12322772	42	RESP=2
12332035	42	STIM=j
12337451	42	RESP=1
12350637	42	STIM=i
12355924	42	RESP=1
12369629	42	STIM=j
12376528	42	RESP=1
12385820	42	STIM=p
12396551	42	RESP=1
12402793	42	STIM=t
12410417	42	RESP=1
12419899	42	STIM=v
12426937	42	RESP=1
12438529	42	STIM=d
12445462	42	RESP=1
12455362	42	STIM=w
12463319	42	RESP=1
12473550	42	STIM=y
12478102	42	RESP=1
12489465	42	STIM=s
12495639	42	RESP=1
12507572	42	STIM=b
12514838	42	RESP=1
12525969	42	STIM=r
12532589	42	RESP=2
12542479	42	STIM=c
12547113	42	RESP=1
12559060	42	STIM=k
12566443	42	RESP=1
12574862	42	STIM=q
12582177	42	RESP=1
12592483	42	STIM=h
12599898	42	RESP=2
12608023	42	STIM=u
12614508	42	RESP=1
12625094	42	STIM=d
12628902	42	RESP=1
12640343	42	STIM=7
12645871	42	RESP=2
12657454	42	STIM=u
12664626	42	RESP=1
12674644	42	STIM=r
12679993	42	RESP=1
12691547	42	STIM=p
12697595	42	RESP=1
12707202	42	STIM=k
12717445	42	RESP=1
12723253	42	STIM=5
12730137	42	RESP=2
12741664	42	STIM=z
12747161	42	RESP=1
12758764	42	STIM=6
12764337	42	RESP=2
12777442	42	STIM=n
12781858	42	RESP=1
12795200	42	STIM=f
12800896	42	RESP=1
12813653	42	STIM=k
12819471	42	RESP=1
12832286	42	STIM=e
12838928	42	RESP=2
12849043	42	STIM=f
12853821	42	RESP=1
12866191	42	STIM=8
12870367	42	RESP=2
12884607	42	STIM=0
12891647	42	RESP=2
12903456	42	STIM=q
12907033	42	RESP=1
12919661	42	STIM=v
12926022	42	RESP=1
12936376	42	STIM=u
12940683	42	RESP=1
12953925	42	STIM=4
12959646	42	RESP=2
12969964	42	STIM=z
12974026	42	RESP=1
12987691	42	STIM=q
12991881	42	RESP=1
13004507	42	STIM=n
13009358	42	RESP=1
13021665	42	STIM=5
13027663	42	RESP=2
13039036	42	STIM=l
13044953	42	RESP=1
13056945	42	STIM=j
13065796	42	RESP=1
13075212	42	STIM=c
13082624	42	RESP=1
13091751	42	STIM=d
13096327	42	RESP=1
13107352	42	STIM=q
13110744	42	RESP=1
13125655	42	STIM=z
13135207	42	RESP=1
13143192	42	STIM=m
13148009	42	RESP=1
13160583	42	STIM=m
13167074	42	RESP=1
13178078	42	STIM=a
13187168	42	RESP=1
13193781	42	STIM=o
13197938	42	RESP=1
13211682	42	STIM=6
13220582	42	RESP=2
13226762	42	STIM=o
13232462	42	RESP=1
13242255	42	STIM=y
13249636	42	RESP=1
13258927	42	STIM=1
13267021	42	RESP=2
13277905	42	STIM=x
13283552	42	RESP=1
13296004	42	STIM=b
13302897	42	RESP=1
13314555	42	STIM=b
13319916	42	RESP=1
13332319	42	STIM=u
13338802	42	RESP=1
13350459	42	STIM=k
13358659	42	RESP=1
13366303	42	STIM=r
13369975	42	RESP=1
13382256	42	STIM=l
13388831	42	RESP=1
13400457	42	STIM=x
13407995	42	RESP=1
13419126	42	STIM=i
13424940	42	RESP=1
13437230	42	STIM=w
13440263	42	RESP=1
13455466	42	STIM=0
13464793	42	RESP=2
13473382	42	STIM=h
13481501	42	RESP=1
13491347	42	STIM=y
13494640	42	RESP=1
13506872	42	STIM=a
13514601	42	RESP=1
13522264	42	STIM=l
13525499	42	RESP=1
13539806	42	STIM=3
13544635	42	RESP=2
13557886	42	STIM=o
13562526	42	RESP=1
13576660	42	STIM=v
13581568	42	RESP=1
13591830	42	STIM=q
13597674	42	RESP=1
13608179	42	STIM=h
13617419	42	RESP=2
13625411	42	STIM=5
13632176	42	RESP=2
13641148	42	STIM=5
13651317	42	RESP=2
13659926	42	STIM=d
13671432	42	RESP=1
13676374	42	STIM=z
13680644	42	RESP=1
13694424	42	STIM=9
13700610	42	RESP=2
13710623	42	STIM=c
13715710	42	RESP=1
13728791	42	STIM=m
13734571	42	RESP=1
13744120	42	STIM=r
13748715	42	RESP=1
13762400	42	STIM=c
13769759	42	RESP=2
13781232	42	STIM=u
13788316	42	RESP=1
13796309	42	STIM=o
13798962	42	RESP=1
13813857	42	STIM=i
13825794	42	RESP=1
13830515	42	STIM=l
13834752	42	RESP=1
13847258	42	STIM=j
13850639	42	RESP=1
13866195	42	STIM=a
13869333	42	RESP=1
13883152	42	STIM=1
13889164	42	RESP=2
13901667	42	STIM=t
13905248	42	RESP=1
13917635	42	STIM=r
13921097	42	RESP=1
13936394	42	STIM=e
13945554	42	RESP=1
13951394	42	STIM=k
13955301	42	RESP=1
13966663	42	STIM=0
13970560	42	RESP=2
13983863	42	STIM=d
13989113	42	RESP=1
14001191	42	STIM=z
14007675	42	RESP=1
14016592	42	STIM=5
14026060	42	RESP=2
14034795	42	STIM=6
14039931	42	RESP=2
14053762	42	STIM=b
14057867	42	RESP=1
14070755	42	STIM=3
14079127	42	RESP=2
14086701	42	STIM=b
14092410	42	RESP=1
14103013	42	STIM=h
14107734	42	RESP=1
14121287	42	STIM=5
14127054	42	RESP=2
14139837	42	STIM=j
14145873	42	RESP=1
14156765	42	STIM=w
14161467	42	RESP=1
14173987	42	STIM=x
14177443	42	RESP=1
14190821	42	STIM=6
14200922	42	RESP=2
14206949	42	STIM=w
14213128	42	RESP=1
14223120	42	STIM=9
14231423	42	RESP=2
14238632	42	STIM=j
14246638	42	RESP=1
14257270	42	STIM=r
14263242	42	RESP=1
14273915	42	STIM=q
14279022	42	RESP=1
14291390	42	STIM=7
14295905	42	RESP=2
14308744	42	STIM=y
14313985	42	RESP=1
14324127	42	STIM=q
14336809	42	RESP=1
14340100	42	STIM=c
14346483	42	RESP=1
14356421	42	STIM=g
14360432	42	RESP=1
14373792	42	STIM=a
14378510	42	RESP=1
14392015	42	STIM=m
14398290	42	RESP=1
14407189	42	STIM=i
14412706	42	RESP=1
14423568	42	STIM=k
14428133	42	RESP=1
14439196	42	STIM=q
14443380	42	RESP=1
14455656	42	STIM=a
14463883	42	RESP=1
14470912	42	STIM=1
14477029	42	RESP=2
14489400	42	STIM=5
14495152	42	RESP=2
14506618	42	STIM=s
14515855	42	RESP=1
14524660	42	STIM=7
14528922	42	RESP=2
14543417	42	STIM=y
14546719	42	RESP=1
14558906	42	STIM=v
14565970	42	RESP=1
14575185	42	STIM=k
14578420	42	RESP=1
14591581	42	STIM=y
14595669	42	RESP=1
14607996	42	STIM=n
14613314	42	RESP=1
14626090	42	STIM=d
14630015	42	RESP=1
14643564	42	STIM=6
14651507	42	RESP=2
14662279	42	STIM=n
14667061	42	RESP=1
14680827	42	STIM=c
14685402	42	RESP=1
14698483	42	STIM=k
14702020	42	RESP=1
14716128	42	STIM=x
14719528	42	RESP=1
14732253	42	STIM=9
14741414	42	RESP=1
14750217	42	STIM=a
14754313	42	RESP=1
14767382	42	STIM=l
14771311	42	RESP=1
14783142	42	STIM=h
14787237	42	RESP=1
14799668	42	STIM=b
14805562	42	RESP=1
14817604	42	STIM=e
14824500	42	RESP=1
14832816	42	STIM=f
14837996	42	RESP=1
14848664	42	STIM=s
14853922	42	RESP=1
14863960	42	STIM=k
14867490	42	RESP=1
14879439	42	STIM=c
14883802	42	RESP=1
14895817	42	STIM=j
14899756	42	RESP=1
14912608	42	STIM=z
14920359	42	RESP=1
14928213	42	STIM=m
14933915	42	RESP=1
14943624	42	STIM=6
14947677	42	RESP=2
14958999	42	STIM=n
14966796	42	RESP=1
14975495	42	STIM=f
14980815	42	RESP=1
14993555	42	STIM=y
14998770	42	RESP=1
15012443	42	STIM=s
15021079	42	RESP=1
15027580	42	STIM=k
15032483	42	RESP=2
15044928	42	STIM=z
15050377	42	RESP=1
15062444	42	STIM=w
15069546	42	RESP=1
15081165	42	STIM=c
15089373	42	RESP=1
15098116	42	STIM=y
15103671	42	RESP=1
15116703	42	STIM=0
15123669	42	RESP=2
15133023	42	STIM=p
15138660	42	RESP=1
15148269	42	STIM=m
15155366	42	RESP=1
15165042	42	STIM=c
15171260	42	RESP=1
15180145	42	STIM=o
15186211	42	RESP=1
15195563	42	STIM=w
15200342	42	RESP=1
15212469	42	STIM=5
15221628	42	RESP=2
15230904	42	STIM=7
15236162	42	RESP=2
15247970	42	STIM=g
15252590	42	RESP=1
15266236	42	STIM=b
15277089	42	RESP=1
15281692	42	STIM=y
15285844	42	RESP=1
15300594	42	STIM=6
15310931	42	RESP=2
15317955	42	STIM=p
15322339	42	RESP=1
15335982	42	STIM=f
15340110	42	RESP=1
15353407	42	STIM=f
15362068	42	RESP=1
15369971	42	STIM=p
15373149	42	RESP=1
15387591	42	STIM=a
15399579	42	RESP=1
15404866	42	STIM=z
15410266	42	RESP=1
15420463	42	STIM=s
15425399	42	RESP=1
15436974	42	STIM=h
15439903	42	RESP=1
15452490	42	STIM=l
15457452	42	RESP=1
15468576	42	STIM=p
15471801	42	RESP=1
15487554	42	STIM=6
15493202	42	RESP=2
15505459	42	STIM=r
15511373	42	RESP=1
15520606	42	STIM=d
15529199	42	RESP=1
15535883	42	STIM=z
15542377	42	RESP=1
15550969	42	STIM=v
15556208	42	RESP=1
15569148	42	STIM=t
15573976	42	RESP=1
15587585	42	STIM=1
15593042	42	RESP=1
15603149	42	STIM=x
15607601	42	RESP=1
15619744	42	STIM=v
15623493	42	RESP=1
15638346	42	STIM=k
15644128	42	RESP=1
15656635	42	STIM=5
15664147	42	RESP=2
15673810	42	STIM=r
15678897	42	RESP=1
15689645	42	STIM=w
15695624	42	RESP=1
15707404	42	STIM=l
15721738	42	RESP=1
15726181	42	STIM=z
15730678	42	RESP=1
15743302	42	STIM=d
15759634	42	RESP=1
15759734	42	STIM=e
15764522	42	RESP=2
15777695	42	STIM=f
15783150	42	RESP=1
15793691	42	STIM=3
15800117	42	RESP=1
15808781	42	STIM=h
15815596	42	RESP=1
15823798	42	STIM=4
15830262	42	RESP=2
15839916	42	STIM=m
15848974	42	RESP=2
15857884	42	STIM=e
15866020	42	RESP=1
15872907	42	STIM=v
15875976	42	RESP=1
15889517	42	STIM=l
15894026	42	RESP=1
15906212	42	STIM=0
15910917	42	RESP=2
15922763	42	STIM=g
15929354	42	RESP=2
15940888	42	STIM=w
15946778	42	RESP=1
15957831	42	STIM=v
15963318	42	RESP=1
15975528	42	STIM=s
15985862	42	RESP=1
15992530	42	STIM=6
16003644	42	RESP=2
16007666	42	STIM=h
16012101	42	RESP=1
16025970	42	STIM=e
16029788	42	RESP=2
16041022	42	STIM=k
16043818	42	RESP=1
16059643	42	STIM=j
16064986	42	RESP=1
16076411	42	STIM=g
16084722	42	RESP=2
16091803	42	STIM=9
16095811	42	RESP=2
16108886	42	STIM=p
16113906	42	RESP=1
16124502	42	STIM=s
16128561	42	RESP=1
16141161	42	STIM=l
16144529	42	RESP=1
16159992	42	STIM=g
16166085	42	RESP=2
16176874	42	STIM=1
16183069	42	RESP=1
16195317	42	STIM=w
16199566	42	RESP=1
16210779	42	STIM=2
16217193	42	RESP=2
16228681	42	STIM=7
16234313	42	RESP=2
16244669	42	STIM=p
16248749	42	RESP=1
16259833	42	STIM=c
16266635	42	RESP=1
16276959	42	STIM=1
16282886	42	RESP=2
16292239	42	STIM=s
16299630	42	RESP=2
16310227	42	STIM=z
16314884	42	RESP=1
16326268	42	STIM=8
16330415	42	RESP=2
16345222	42	STIM=n
16349230	42	RESP=1
16362985	42	STIM=7
16371294	42	RESP=2
16381784	42	STIM=x
16385171	42	RESP=1
16399030	42	STIM=v
16401793	42	RESP=1
16416149	42	STIM=3
16422537	42	RESP=1
16433771	42	STIM=q
16443866	42	RESP=1
16449582	42	STIM=l
16455650	42	RESP=1
16467206	42	STIM=v
16470892	42	RESP=1
16484650	42	STIM=3
16497402	42	RESP=2
16499932	42	STIM=d
16506364	42	RESP=1
16515947	42	STIM=l
16521539	42	RESP=1
16534173	42	STIM=6
16540662	42	RESP=2
16551618	42	STIM=2
16559200	42	RESP=2
16568681	42	STIM=k
16577478	42	RESP=1
16587454	42	STIM=q
16594452	42	RESP=2
16604845	42	STIM=3
16611139	42	RESP=2
16622966	42	STIM=z
16625803	42	RESP=1
16641892	42	STIM=3
16648851	42	RESP=2
16657010	42	STIM=j
16661503	42	RESP=1
16675512	42	STIM=c
16679912	42	RESP=1
16693239	42	STIM=d
16698111	42	RESP=1
16711848	42	STIM=n
16724095	42	RESP=1
16727741	42	STIM=2
16732397	42	RESP=2
16745100	42	STIM=q
16753906	42	RESP=1
16760447	42	STIM=w
16765024	42	RESP=1
16777154	42	STIM=x
16781655	42	RESP=1
16792343	42	STIM=f
16798113	42	RESP=1
16810603	42	STIM=l
16815706	42	RESP=1
16828967	42	STIM=n
16832430	42	RESP=1
16846827	42	STIM=0
16856125	42	RESP=2
16862743	42	STIM=t
16868967	42	RESP=1
16879899	42	STIM=h
16887392	42	RESP=1
16895694	42	STIM=1
16902104	42	RESP=1
16912495	42	STIM=7
16919258	42	RESP=2
16929650	42	STIM=l
16933960	42	RESP=1
16945406	42	STIM=h
16953937	42	RESP=1
16961216	42	STIM=a
16966162	42	RESP=1
16979646	42	STIM=l
16984362	42	RESP=1
16997533	42	STIM=d
17002246	42	RESP=1
17013499	42	STIM=e
17018823	42	RESP=1
17029817	42	STIM=6
17034986	42	RESP=2
17046453	42	STIM=q
17050889	42	RESP=1
17062614	42	STIM=2
17068430	42	RESP=2
17078658	42	STIM=n
17086615	42	RESP=1
17096732	42	STIM=2
17101232	42	RESP=2
17113564	42	STIM=u
17120880	42	RESP=1
17130339	42	STIM=u
17134101	42	RESP=1
17146487	42	STIM=d
17152570	42	RESP=2
17165128	42	STIM=v
17169911	42	RESP=1
17181483	42	STIM=1
17189122	42	RESP=1
17198098	42	STIM=s
17201469	42	RESP=1
17213521	42	STIM=r
17220443	42	RESP=1
17228932	42	STIM=r
17236743	42	RESP=1
17245693	42	STIM=8
17249444	42	RESP=2
17264095	42	STIM=h
17269038	42	RESP=1
17282264	42	STIM=b
17286284	42	RESP=2
17299039	42	STIM=y
17306585	42	RESP=1
17315298	42	STIM=e
17321112	42	RESP=1
17332697	42	STIM=j
17337798	42	RESP=1
17349434	42	STIM=d
17355700	42	RESP=1
17366657	42	STIM=v
17371967	42	RESP=1
17383068	42	STIM=a
17396618	42	RESP=1
17398551	42	STIM=1
17405715	42	RESP=2
17417294	42	STIM=k
17426297	42	RESP=2
17435342	42	STIM=e
17442681	42	RESP=1
17450691	42	STIM=m
17455900	42	RESP=1
17468720	42	STIM=a
17474923	42	RESP=1
17484139	42	STIM=w
17490830	42	RESP=1
17499579	42	STIM=6
17511169	42	RESP=2
17516548	42	STIM=x
17520898	42	RESP=1
17531995	42	STIM=r
17538329	42	RESP=1
17549320	42	STIM=z
17554724	42	RESP=1
17564417	42	STIM=c
17570448	42	RESP=1
17580755	42	STIM=j
17586729	42	RESP=1
17599606	42	STIM=w
17604654	42	RESP=1
17618215	42	STIM=t
17623886	42	RESP=1
17637041	42	STIM=m
17641771	42	RESP=2
17654142	42	STIM=j
17661079	42	RESP=1
17670204	42	STIM=u
17681139	42	RESP=1
17688038	42	STIM=y
17693556	42	RESP=1
17705020	42	STIM=y
17713403	42	RESP=1
17722566	42	STIM=q
17726861	42	RESP=1
17738852	42	STIM=3
17751376	42	RESP=2
17756189	42	STIM=2
17763385	42	RESP=2
17774660	42	STIM=1
17781513	42	RESP=2
17790958	42	STIM=1
17795700	42	RESP=1
17809398	42	STIM=x
17814407	42	RESP=1
17827416	42	STIM=g
17834374	42	RESP=1
17844798	42	STIM=m
17851478	42	RESP=1
17862350	42	STIM=p
17868682	42	RESP=1
17880037	42	STIM=l
17889604	42	RESP=1
17898562	42	STIM=7
17904566	42	RESP=2
17915389	42	STIM=r
17920012	42	RESP=1
17931827	42	STIM=9
17944271	42	RESP=1
17947659	42	STIM=c
17953230	42	RESP=1
17964277	42	STIM=o
17971086	42	RESP=1
17981973	42	STIM=e
17987445	42	RESP=1
17999997	42	STIM=8
18011121	42	RESP=2
18018960	42	STIM=g
18023864	42	RESP=1
18035335	42	STIM=n
18039482	42	RESP=1
18051921	42	STIM=i
18056126	42	RESP=2
18070723	42	STIM=m
18076071	42	RESP=1
18089549	42	STIM=e
18096010	42	RESP=1
18105354	42	STIM=c
18115693	42	RESP=1
18122610	42	STIM=j
18128042	42	RESP=1
18139662	42	STIM=a
18144035	42	RESP=1
18157616	42	STIM=l
18162918	42	RESP=1
18174975	42	STIM=n
18180595	42	RESP=2
18190753	42	STIM=y
18194872	42	RESP=1
18207505	42	STIM=d
18213707	42	RESP=1
18223931	42	STIM=k
18227671	42	RESP=1
18239685	42	STIM=n
18244366	42	RESP=1
18257700	42	STIM=e
18261331	42	RESP=1
18274235	42	STIM=t
18279541	42	RESP=1
18292765	42	STIM=w
18299274	42	RESP=1
18311057	42	STIM=u
18316604	42	RESP=1
18326646	42	STIM=s
18330191	42	RESP=2
18344365	42	STIM=o
18358942	42	RESP=1
18362755	42	STIM=h
18368877	42	RESP=1
18377861	42	STIM=l
18384558	42	RESP=1
18394390	42	STIM=i
18406436	42	RESP=1
18412240	42	STIM=b
18423511	42	RESP=1
18429320	42	STIM=l
18437126	42	RESP=1
18445437	42	STIM=i
18449861	42	RESP=2
18462478	42	STIM=i
18469376	42	RESP=1
18479660	42	STIM=c
18489215	42	RESP=1
18496271	42	STIM=g
18503322	42	RESP=1
18513134	42	STIM=p
18518472	42	RESP=1
18528207	42	STIM=n
18532718	42	RESP=2
18545148	42	STIM=j
18555924	42	RESP=1
18562465	42	STIM=j
18571009	42	RESP=1
18581370	42	STIM=4
18586272	42	RESP=2
18600023	42	STIM=z
18604001	42	RESP=1
18618661	42	STIM=c
18623300	42	RESP=1
18636778	42	STIM=1
18643775	42	RESP=2
18655357	42	STIM=3
18665421	42	RESP=2
18673152	42	STIM=y
18680638	42	RESP=1
18691568	42	STIM=d
18694522	42	RESP=1
18710538	42	STIM=n
18716392	42	RESP=1
18728030	42	STIM=b
18734609	42	RESP=1
18744155	42	STIM=x
18756717	42	RESP=1
18760480	42	STIM=e
18765331	42	RESP=1
18778488	42	STIM=e
18782652	42	RESP=1
18794337	42	STIM=y
18799019	42	RESP=1
18813014	42	STIM=n
18816087	42	RESP=1
18830511	42	STIM=v
18834722	42	RESP=2
18848281	42	STIM=m
18856048	42	RESP=1
18864279	42	STIM=d
18873801	42	RESP=1
18883200	42	STIM=c
18888692	42	RESP=1
18900775	42	STIM=7
18908486	42	RESP=2
18918848	42	STIM=1
18922748	42	RESP=2
18935820	42	STIM=l
18942380	42	RESP=1
18951562	42	STIM=c
18957231	42	RESP=1
18966865	42	STIM=k
18970864	42	RESP=1
18985383	42	STIM=i
18991368	42	RESP=1
19002143	42	STIM=t
19006026	42	RESP=2
19018025	42	STIM=w
19021101	42	RESP=1
19033153	42	STIM=c
19041168	42	RESP=1
19050987	42	STIM=c
19060764	42	RESP=1
19069219	42	STIM=7
19074354	42	RESP=2
19087797	42	STIM=k
19093741	42	RESP=1
19103074	42	STIM=c
19108394	42	RESP=1
19118179	42	STIM=s
19121210	42	RESP=1
19134139	42	STIM=b
19140113	42	RESP=1
19150084	42	STIM=0
19155078	42	RESP=2
19167389	42	STIM=u
19173478	42	RESP=1
19182719	42	STIM=4
19188312	42	RESP=2
19199418	42	STIM=7
19204791	42	RESP=2
19217367	42	STIM=e
19227198	42	RESP=1
19236237	42	STIM=1
19241827	42	RESP=2
19253664	42	STIM=c
19257792	42	RESP=2
19272371	42	STIM=d
19276742	42	RESP=1
19289499	42	STIM=v
19295723	42	RESP=1
19306915	42	STIM=4
19312775	42	RESP=1
19322879	42	STIM=r
19328930	42	RESP=1
19341454	42	STIM=n
19348216	42	RESP=1
19360054	42	STIM=k
19364690	42	RESP=2
19376039	42	STIM=4
19385713	42	RESP=1
19393691	42	STIM=t
19397710	42	RESP=1
19410660	42	STIM=0
19417540	42	RESP=2
19426541	42	STIM=7
19432672	42	RESP=1
19444012	42	STIM=o
19448594	42	RESP=1
19460245	42	STIM=c
19465995	42	RESP=1
19475371	42	STIM=y
19480871	42	RESP=1
19493003	42	STIM=y
19496853	42	RESP=1
19510565	42	STIM=d
19517590	42	RESP=1
19525907	42	STIM=i
19530052	42	RESP=1
19542487	42	STIM=e
19547077	42	RESP=1
19560802	42	STIM=s
19565783	42	RESP=1
19578822	42	STIM=g
19586860	42	RESP=1
19595497	42	STIM=v
19599026	42	RESP=1
19611334	42	STIM=n
19618167	42	RESP=1
19626807	42	STIM=s
19631695	42	RESP=1
19643639	42	STIM=v
19647525	42	RESP=1
19661176	42	STIM=j
19667088	42	RESP=1
19677369	42	STIM=p
19684498	42	RESP=1
19693181	42	STIM=h
19701480	42	RESP=1
19708583	42	STIM=o
19720161	42	RESP=1
19723894	42	STIM=t
19727604	42	RESP=1
19742279	42	STIM=c
19746029	42	RESP=1
19760447	42	STIM=0
19765681	42	RESP=2
19777071	42	STIM=g
19779955	42	RESP=1
19794245	42	STIM=h
19798905	42	RESP=1
19812614	42	STIM=7
19821292	42	RESP=2
19830826	42	STIM=z
19835591	42	RESP=1
19845862	42	STIM=i
19850115	42	RESP=1
19861897	42	STIM=p
19866106	42	RESP=1
19878979	42	STIM=5
19885260	42	RESP=2
19895867	42	STIM=q
19903656	42	RESP=1
19912412	42	STIM=3
19920659	42	RESP=2
19930264	42	STIM=0
19936451	42	RESP=2
19948435	42	STIM=h
19954571	42	RESP=2
19965256	42	STIM=k
19971053	42	RESP=1
19981534	42	STIM=h
19986860	42	RESP=1
20000128	42	STIM=7
20006979	42	RESP=2
20017428	42	STIM=i
20023464	42	RESP=1
20034081	42	STIM=6
20041477	42	RESP=2
20052666	42	STIM=u
20056748	42	RESP=1
20068236	42	STIM=g
20071428	42	RESP=1
20086933	42	STIM=p
20096509	42	RESP=1
20105035	42	STIM=k
20110062	42	RESP=1
20122161	42	STIM=z
20126745	42	RESP=1
20138599	42	STIM=z
20142396	42	RESP=1
20154476	42	STIM=8
20160988	42	RESP=1
20172710	42	STIM=p
20180317	42	RESP=1
20190183	42	STIM=m
20195677	42	RESP=1
20206258	42	STIM=p
20211680	42	RESP=1
20224966	42	STIM=e
20231176	42	RESP=1
20242062	42	STIM=x
20245139	42	RESP=1
20260011	42	STIM=9
20265709	42	RESP=2
20276561	42	STIM=x
20281568	42	RESP=1
20291853	42	STIM=7
20300899	42	RESP=2
20308428	42	STIM=f
20314102	42	RESP=1
20324426	42	STIM=k
20327924	42	RESP=1
20342152	42	STIM=4
20350255	42	RESP=2
20360032	42	STIM=p
20367813	42	RESP=1
20376464	42	STIM=k
20382818	42	RESP=1
20392904	42	STIM=i
20398802	42	RESP=1
20411350	42	STIM=s
20414572	42	RESP=1
20427370	42	STIM=3
20432746	42	RESP=2
20445982	42	STIM=a
20449773	42	RESP=2
20462355	42	STIM=u
20471226	42	RESP=1
20479035	42	STIM=0
20484846	42	RESP=2
20496485	42	STIM=s
20500199	42	RESP=1
20513613	42	STIM=p
20516818	42	RESP=1
20529544	42	STIM=d
20534989	42	RESP=1
20546045	42	STIM=1
20552344	42	RESP=2
20564996	42	STIM=9
20569617	42	RESP=2
20582347	42	STIM=h
20588779	42	RESP=1
20599870	42	STIM=1
20604417	42	RESP=2
20617076	42	STIM=w
20624942	42	RESP=1
20634308	42	STIM=5
20639968	42	RESP=2
20652297	42	STIM=8
20658412	42	RESP=2
20668099	42	STIM=n
20672010	42	RESP=1
20686142	42	STIM=f
20691740	42	RESP=2
20702915	42	STIM=j
20707329	42	RESP=1
20721807	42	STIM=x
20727531	42	RESP=1
20738559	42	STIM=i
20742384	42	RESP=1
20755735	42	STIM=i
20767457	42	RESP=1
20773477	42	STIM=k
20781033	42	RESP=1
20790476	42	STIM=f
20795772	42	RESP=1
20808296	42	STIM=h
20816870	42	RESP=1
20825463	42	STIM=g
20828789	42	RESP=1
20840708	42	STIM=p
20848240	42	RESP=1
20858532	42	STIM=j
20861927	42	RESP=1
20876551	42	STIM=f
20886574	42	RESP=1
20895174	42	STIM=x
20905152	42	RESP=1
20912399	42	STIM=p
20916120	42	RESP=1
20928734	42	STIM=4
20935005	42	RESP=1
20944271	42	STIM=f
20950378	42	RESP=1
20962481	42	STIM=a
20970398	42	RESP=1
20978144	42	STIM=8
20988306	42	RESP=2
20996487	42	STIM=a
21001015	42	RESP=1
21012354	42	STIM=d
21017314	42	RESP=1
21027429	42	STIM=1
21034758	42	RESP=2
21046115	42	STIM=o
21056096	42	RESP=1
21064193	42	STIM=c
21068850	42	RESP=1
21079906	42	STIM=x
21084007	42	RESP=1
21097502	42	STIM=d
21102879	42	RESP=1
21113157	42	STIM=8
21119490	42	RESP=2
21131108	42	STIM=b
21137466	42	RESP=1
21147346	42	STIM=9
21154592	42	RESP=2
21163483	42	STIM=a
21167949	42	RESP=1
21182260	42	STIM=h
21187321	42	RESP=1
21198141	42	STIM=x
21205879	42	RESP=1
21213713	42	STIM=1
21218340	42	RESP=2
21231683	42	STIM=s
21236977	42	RESP=1
21247451	42	STIM=w
21252220	42	RESP=1
21263492	42	STIM=k
21269930	42	RESP=1
21280991	42	STIM=s
21283832	42	RESP=1
21297686	42	STIM=j
21301890	42	RESP=1
21314042	42	STIM=0
21325328	42	RESP=2
21330685	42	STIM=i
21338791	42	RESP=1
21347913	42	STIM=4
21353631	42	RESP=1
21366708	42	STIM=o
21371457	42	RESP=1
21382624	42	STIM=w
21386743	42	RESP=1
21400875	42	STIM=6
21405724	42	RESP=2
21418615	42	STIM=q
21422806	42	RESP=1
21436741	42	STIM=z
21442151	42	RESP=1
21453210	42	STIM=d
21462079	42	RESP=1
21469805	42	STIM=h
21480206	42	RESP=1
21488064	42	STIM=s
21491663	42	RESP=1
21503827	42	STIM=m
21507374	42	RESP=1
21521569	42	STIM=q
21528030	42	RESP=1
21539153	42	STIM=v
21543558	42	RESP=1
21557780	42	STIM=4
21563262	42	RESP=2
21575297	42	STIM=z
21583837	42	RESP=1
21593246	42	STIM=u
21599939	42	RESP=1
21610068	42	STIM=w
21616214	42	RESP=1
21625966	42	STIM=x
21631219	42	RESP=1
21642363	42	STIM=a
21652048	42	RESP=1
21658977	42	STIM=c
21672575	42	RESP=1
21674557	42	STIM=6
21682249	42	RESP=2
21691585	42	STIM=o
21696112	42	RESP=1
21708321	42	STIM=d
21715320	42	RESP=1
21726841	42	STIM=8
21737248	42	RESP=2
21743615	42	STIM=m
21750730	42	RESP=1
21759590	42	STIM=6
21767889	42	RESP=1
