# Original filename: 0032_JQA_2016-10-07.log
# Time unit: 100 us
# RARECAT=digit
#
# Time	HHGG	Event
37607	42	STIM=n
42248	42	RESP=1
54592	42	STIM=v
61713	42	RESP=1
73508	42	STIM=b
79075	42	RESP=1
91234	42	STIM=r
97219	42	RESP=1
109911	42	STIM=q
114114	42	RESP=1
128808	42	STIM=y
132118	42	RESP=1
144972	42	STIM=y
149951	42	RESP=1
161184	42	STIM=p
165575	42	RESP=1
177494	42	STIM=z
181715	42	RESP=1
194750	42	STIM=1
201924	42	RESP=1
211873	42	STIM=j
216196	42	RESP=1
227089	42	STIM=c
231254	42	RESP=1
244640	42	STIM=v
250119	42	RESP=1
260771	42	STIM=n
263697	42	RESP=2
278866	42	STIM=r
283628	42	RESP=1
294637	42	STIM=1
300239	42	RESP=2
311917	42	STIM=t
316814	42	RESP=1
329977	42	STIM=r
335648	42	RESP=1
345429	42	STIM=o
348601	42	RESP=1
361944	42	STIM=0
366420	42	RESP=2
378184	42	STIM=g
381246	42	RESP=1
395800	42	STIM=w
400732	42	RESP=1
414680	42	STIM=3
418563	42	RESP=2
431114	42	STIM=t
434616	42	RESP=1
446854	42	STIM=u
452225	42	RESP=1
464251	42	STIM=m
471602	42	RESP=1
479591	42	STIM=m
487197	42	RESP=1
496642	42	STIM=v
501942	42	RESP=1
512088	42	STIM=9
517093	42	RESP=2
527723	42	STIM=e
535092	42	RESP=1
544813	42	STIM=9
549970	42	RESP=2
562812	42	STIM=l
568585	42	RESP=1
581614	42	STIM=p
585297	42	RESP=1
600033	42	STIM=k
603678	42	RESP=2
617842	42	STIM=8
622760	42	RESP=2
633219	42	STIM=5
638064	42	RESP=2
650463	42	STIM=7
655839	42	RESP=2
666547	42	STIM=d
673665	42	RESP=1
683177	42	STIM=h
687537	42	RESP=1
701347	42	STIM=l
705154	42	RESP=1
718530	42	STIM=p
724793	42	RESP=1
736602	42	STIM=w
747714	42	RESP=1
753477	42	STIM=t
757485	42	RESP=1
768630	42	STIM=q
773333	42	RESP=1
787567	42	STIM=p
793146	42	RESP=1
805967	42	STIM=8
812596	42	RESP=1
821511	42	STIM=d
837377	42	RESP=1
838033	42	STIM=p
841689	42	RESP=1
856283	42	STIM=m
860470	42	RESP=1
873210	42	STIM=g
881379	42	RESP=1
889427	42	STIM=i
895350	42	RESP=1
906465	42	STIM=o
910480	42	RESP=1
923615	42	STIM=y
929724	42	RESP=1
938864	42	STIM=6
945797	42	RESP=2
955333	42	STIM=d
959784	42	RESP=1
972024	42	STIM=n
976709	42	RESP=1
990172	42	STIM=0
994517	42	RESP=2
1007647	42	STIM=4
1014820	42	RESP=1
1024107	42	STIM=a
1028630	42	RESP=1
1041442	42	STIM=q
1045092	42	RESP=1
1056987	42	STIM=j
1059775	42	RESP=1
1073977	42	STIM=t
1076359	42	RESP=1
1092341	42	STIM=2
1097374	42	RESP=2
1110251	42	STIM=v
1115670	42	RESP=1
1128101	42	STIM=r
1134583	42	RESP=1
1145376	42	STIM=k
1152853	42	RESP=1
1162035	42	STIM=y
1165256	42	RESP=1
1179839	42	STIM=i
1186354	42	RESP=1
1196897	42	STIM=9
1202676	42	RESP=2
1213398	42	STIM=l
1216497	42	RESP=1
1228638	42	STIM=k
1232342	42	RESP=1
1245368	42	STIM=j
1250621	42	RESP=1
1263716	42	STIM=1
1267675	42	RESP=2
1279727	42	STIM=s
1283722	42	RESP=1
1296751	42	STIM=w
1300909	42	RESP=1
1313666	42	STIM=k
1318116	42	RESP=1
1329737	42	STIM=u
1337388	42	RESP=1
1345801	42	STIM=s
1349678	42	RESP=1
1361881	42	STIM=i
1368820	42	RESP=1
1379622	42	STIM=7
1386630	42	RESP=2
1395201	42	STIM=z
1399747	42	RESP=1
1414183	42	STIM=r
1419180	42	RESP=1
1433126	42	STIM=s
1436453	42	RESP=1
1450266	42	STIM=j
1453457	42	RESP=1
1468513	42	STIM=b
1472151	42	RESP=1
1484961	42	STIM=z
1490634	42	RESP=1
1503205	42	STIM=e
1508788	42	RESP=1
1520749	42	STIM=z
1529288	42	RESP=1
1536968	42	STIM=q
1543402	42	RESP=1
1553043	42	STIM=z
1560842	42	RESP=1
1569225	42	STIM=d
1573313	42	RESP=1
1588096	42	STIM=7
1595478	42	RESP=2
1605961	42	STIM=n
1614051	42	RESP=1
1623763	42	STIM=w
1628006	42	RESP=1
1639077	42	STIM=d
1645292	42	RESP=1
1657267	42	STIM=j
1662293	42	RESP=1
1673322	42	STIM=m
1677760	42	RESP=1
1690522	42	STIM=d
1694315	42	RESP=1
1706364	42	STIM=i
1709692	42	RESP=1
1723645	42	STIM=8
1728641	42	RESP=2
1741305	42	STIM=7
1749128	42	RESP=2
1758240	42	STIM=n
1762637	42	RESP=1
1776737	42	STIM=i
1785305	42	RESP=1
1792031	42	STIM=f
1799435	42	RESP=1
1807373	42	STIM=d
1813263	42	RESP=1
1825724	42	STIM=q
1829636	42	RESP=1
1843325	42	STIM=4
1850298	42	RESP=2
1860795	42	STIM=w
1867436	42	RESP=1
1877844	42	STIM=7
1883608	42	RESP=2
1893727	42	STIM=y
1899665	42	RESP=1
1909560	42	STIM=t
1916195	42	RESP=1
1927243	42	STIM=b
1935432	42	RESP=1
1944736	42	STIM=0
1950338	42	RESP=2
1961685	42	STIM=q
1964576	42	RESP=1
1979635	42	STIM=e
1983743	42	RESP=1
1997507	42	STIM=l
2004206	42	RESP=1
2016434	42	STIM=n
2020857	42	RESP=1
2031747	42	STIM=4
2037507	42	RESP=2
2048965	42	STIM=w
2054650	42	RESP=1
2067303	42	STIM=h
2070811	42	RESP=1
2083328	42	STIM=v
2087122	42	RESP=1
2098821	42	STIM=m
2105605	42	RESP=1
2116626	42	STIM=w
2119774	42	RESP=1
2134145	42	STIM=4
2142144	42	RESP=2
2149359	42	STIM=r
2154869	42	RESP=1
2168259	42	STIM=m
2177868	42	RESP=1
2185918	42	STIM=7
2192487	42	RESP=2
2204552	42	STIM=s
2207825	42	RESP=1
2220081	42	STIM=v
2223647	42	RESP=1
2238775	42	STIM=l
2245830	42	RESP=1
2254778	42	STIM=t
2257514	42	RESP=1
2272488	42	STIM=j
2278052	42	RESP=1
2289418	42	STIM=d
2295477	42	RESP=1
2305027	42	STIM=1
2312869	42	RESP=2
2322953	42	STIM=1
2327114	42	RESP=2
2338969	42	STIM=z
2343808	42	RESP=1
2355212	42	STIM=x
2358963	42	RESP=1
2370628	42	STIM=h
2374274	42	RESP=1
2389547	42	STIM=i
2393879	42	RESP=1
2405333	42	STIM=c
2409745	42	RESP=1
2422395	42	STIM=r
2431794	42	RESP=1
2438437	42	STIM=s
2443094	42	RESP=1
2454545	42	STIM=w
2458138	42	RESP=2
2472389	42	STIM=g
2478660	42	RESP=1
2490547	42	STIM=a
2494584	42	RESP=1
2506394	42	STIM=r
2510562	42	RESP=1
2523506	42	STIM=1
2528808	42	RESP=2
2539227	42	STIM=z
2543409	42	RESP=1
2557516	42	STIM=q
2560636	42	RESP=1
2576377	42	STIM=a
2581209	42	RESP=1
2593773	42	STIM=4
2598411	42	RESP=2
2610147	42	STIM=s
2613649	42	RESP=2
2628970	42	STIM=w
2633953	42	RESP=1
2644771	42	STIM=g
2647450	42	RESP=1
2662753	42	STIM=d
2668804	42	RESP=1
2679085	42	STIM=j
2682841	42	RESP=1
2694376	42	STIM=1
2700317	42	RESP=2
2711739	42	STIM=7
2722118	42	RESP=1
2729729	42	STIM=s
2737333	42	RESP=1
2746912	42	STIM=c
2750895	42	RESP=1
2762156	42	STIM=j
2767263	42	RESP=1
2778227	42	STIM=d
2781976	42	RESP=1
2796660	42	STIM=r
2804454	42	RESP=1
2811978	42	STIM=q
2815882	42	RESP=1
2828813	42	STIM=b
2834141	42	RESP=1
2846059	42	STIM=l
2849755	42	RESP=1
2862452	42	STIM=k
2865489	42	RESP=1
2877592	42	STIM=4
2886093	42	RESP=2
2893272	42	STIM=d
2896410	42	RESP=1
2909838	42	STIM=v
2913835	42	RESP=1
2926055	42	STIM=s
2933135	42	RESP=1
2944469	42	STIM=7
2948113	42	RESP=2
2963354	42	STIM=p
2969732	42	RESP=1
2982038	42	STIM=p
2989621	42	RESP=1
3000243	42	STIM=m
3002845	42	RESP=1
3017496	42	STIM=o
3022461	42	RESP=1
3034067	42	STIM=d
3038042	42	RESP=1
3049415	42	STIM=u
3053869	42	RESP=1
3068058	42	STIM=q
3074713	42	RESP=1
3083660	42	STIM=g
3087975	42	RESP=1
3099619	42	STIM=x
3102827	42	RESP=1
3116920	42	STIM=n
3119610	42	RESP=1
3134055	42	STIM=6
3141044	42	RESP=2
3150514	42	STIM=k
3157562	42	RESP=1
3167346	42	STIM=y
3170119	42	RESP=1
3184883	42	STIM=q
3188367	42	RESP=1
3200195	42	STIM=1
3206274	42	RESP=2
3216908	42	STIM=l
3224758	42	RESP=1
3234660	42	STIM=9
3237985	42	RESP=2
3251864	42	STIM=l
3255862	42	RESP=1
3269071	42	STIM=k
3277358	42	RESP=1
3284774	42	STIM=k
3290383	42	RESP=1
3299827	42	STIM=6
3303421	42	RESP=2
3318598	42	STIM=l
3322200	42	RESP=1
3334665	42	STIM=x
3338988	42	RESP=1
3350252	42	STIM=l
3360101	42	RESP=1
3368766	42	STIM=u
3373285	42	RESP=1
3387436	42	STIM=9
3393408	42	RESP=2
3403577	42	STIM=0
3409823	42	RESP=2
3419212	42	STIM=v
3423280	42	RESP=1
3437482	42	STIM=5
3441818	42	RESP=2
3455884	42	STIM=8
3463894	42	RESP=1
3474095	42	STIM=w
3481983	42	RESP=1
3489928	42	STIM=t
3493082	42	RESP=1
3508900	42	STIM=c
3514972	42	RESP=2
3524193	42	STIM=3
3529603	42	RESP=2
3539317	42	STIM=q
3544201	42	RESP=1
3557086	42	STIM=i
3560681	42	RESP=1
3573906	42	STIM=z
3580280	42	RESP=1
3590288	42	STIM=b
3596384	42	RESP=1
3605721	42	STIM=c
3608492	42	RESP=1
3622839	42	STIM=r
3631917	42	RESP=1
3640604	42	STIM=r
3644960	42	RESP=1
3658287	42	STIM=p
3663576	42	RESP=2
3675629	42	STIM=0
3680741	42	RESP=2
3690687	42	STIM=n
3695298	42	RESP=2
3709665	42	STIM=g
3713374	42	RESP=1
3725525	42	STIM=b
3729192	42	RESP=1
3741136	42	STIM=g
3747141	42	RESP=1
3759620	42	STIM=j
3763298	42	RESP=1
3776094	42	STIM=n
3782523	42	RESP=2
3794789	42	STIM=j
3800105	42	RESP=1
3813679	42	STIM=6
3820831	42	RESP=1
3831429	42	STIM=2
3835054	42	RESP=2
3849598	42	STIM=e
3853112	42	RESP=1
3866869	42	STIM=9
3873542	42	RESP=2
3882285	42	STIM=f
3886815	42	RESP=1
3897868	42	STIM=k
3900819	42	RESP=1
3913435	42	STIM=q
3917391	42	RESP=2
3928987	42	STIM=e
3933660	42	RESP=1
3947811	42	STIM=f
3950701	42	RESP=1
3964348	42	STIM=x
3967223	42	RESP=1
3982818	42	STIM=r
3989368	42	RESP=1
4000931	42	STIM=b
4007985	42	RESP=1
4016602	42	STIM=l
4020015	42	RESP=1
4032836	42	STIM=c
4038628	42	RESP=1
4049163	42	STIM=r
4054869	42	RESP=1
4065098	42	STIM=p
4067993	42	RESP=1
4083769	42	STIM=i
4091694	42	RESP=1
4102737	42	STIM=u
4108620	42	RESP=1
4119909	42	STIM=s
4122955	42	RESP=1
4137529	42	STIM=b
4141806	42	RESP=1
4153296	42	STIM=t
4158487	42	RESP=1
4169761	42	STIM=e
4173178	42	RESP=2
4185693	42	STIM=k
4189356	42	RESP=1
4201957	42	STIM=x
4205280	42	RESP=1
4217990	42	STIM=z
4222771	42	RESP=1
4233965	42	STIM=z
4239201	42	RESP=2
4251311	42	STIM=z
4254925	42	RESP=1
4269049	42	STIM=y
4282270	42	RESP=1
4287993	42	STIM=7
4291989	42	RESP=2
4303214	42	STIM=0
4309596	42	RESP=2
4319729	42	STIM=b
4323281	42	RESP=1
4336757	42	STIM=q
4339841	42	RESP=1
4352789	42	STIM=t
4360767	42	RESP=1
4367847	42	STIM=i
4373213	42	RESP=1
4383567	42	STIM=5
4387509	42	RESP=1
4398929	42	STIM=4
4405545	42	RESP=1
4415563	42	STIM=i
4419354	42	RESP=1
4434290	42	STIM=l
4439965	42	RESP=1
4449533	42	STIM=k
4452223	42	RESP=2
4468047	42	STIM=h
4471804	42	RESP=1
4484636	42	STIM=5
4489469	42	RESP=2
4503155	42	STIM=u
4508907	42	RESP=1
4518309	42	STIM=z
4524413	42	RESP=1
4536337	42	STIM=t
4542903	42	RESP=1
4552115	42	STIM=i
4562043	42	RESP=1
4570611	42	STIM=j
4575098	42	RESP=1
4586717	42	STIM=u
4593236	42	RESP=1
4603698	42	STIM=4
4607906	42	RESP=2
4622385	42	STIM=k
4630038	42	RESP=1
4637655	42	STIM=1
4641828	42	RESP=1
4653399	42	STIM=s
4656568	42	RESP=1
4668516	42	STIM=s
4675713	42	RESP=1
4685731	42	STIM=i
4695449	42	RESP=1
4703672	42	STIM=n
4706803	42	RESP=1
4721581	42	STIM=e
4726895	42	RESP=1
4740002	42	STIM=a
4742505	42	RESP=1
4756514	42	STIM=z
4761637	42	RESP=1
4775411	42	STIM=1
4780070	42	RESP=2
4791760	42	STIM=s
4796701	42	RESP=1
4807659	42	STIM=g
4812394	42	RESP=1
4822971	42	STIM=t
4827714	42	RESP=1
4840929	42	STIM=u
4848893	42	RESP=1
4858452	42	STIM=y
4861136	42	RESP=1
4876544	42	STIM=b
4882460	42	RESP=1
4893282	42	STIM=o
4897031	42	RESP=2
4909600	42	STIM=g
4913153	42	RESP=1
4927225	42	STIM=2
4933692	42	RESP=2
4942581	42	STIM=3
4946154	42	RESP=2
4957935	42	STIM=r
4962290	42	RESP=1
4974614	42	STIM=8
4981725	42	RESP=1
4990740	42	STIM=x
4995816	42	RESP=1
5009696	42	STIM=d
5015293	42	RESP=1
5025151	42	STIM=u
5029989	42	RESP=1
5042923	42	STIM=d
5049193	42	RESP=1
5060852	42	STIM=2
5066998	42	RESP=2
5077738	42	STIM=k
5087635	42	RESP=1
5093705	42	STIM=m
5100170	42	RESP=1
5111178	42	STIM=r
5115107	42	RESP=1
5128841	42	STIM=9
5134661	42	RESP=2
5144344	42	STIM=i
5149035	42	RESP=1
5162691	42	STIM=x
5166454	42	RESP=1
5179506	42	STIM=z
5182375	42	RESP=1
5195190	42	STIM=c
5201490	42	RESP=2
5210428	42	STIM=u
5215420	42	RESP=1
5225858	42	STIM=u
5232079	42	RESP=1
5243483	42	STIM=2
5247438	42	RESP=2
5258509	42	STIM=i
5263025	42	RESP=1
5277056	42	STIM=9
5284809	42	RESP=2
5294945	42	STIM=4
5300970	42	RESP=2
5312115	42	STIM=a
5316095	42	RESP=1
5331015	42	STIM=u
5341752	42	RESP=1
5349439	42	STIM=f
5356105	42	RESP=1
5367084	42	STIM=v
5370590	42	RESP=1
5384103	42	STIM=i
5386745	42	RESP=1
5402042	42	STIM=o
5407679	42	RESP=1
5419999	42	STIM=n
5422779	42	RESP=1
5438243	42	STIM=4
5443186	42	RESP=1
5453705	42	STIM=9
5461073	42	RESP=2
5468806	42	STIM=y
5474685	42	RESP=1
5485239	42	STIM=a
5490290	42	RESP=1
5503522	42	STIM=t
5509320	42	RESP=1
5522411	42	STIM=3
5526712	42	RESP=2
5541104	42	STIM=5
5545756	42	RESP=2
5557418	42	STIM=f
5562040	42	RESP=2
5573081	42	STIM=a
5576899	42	RESP=1
5589775	42	STIM=o
5599821	42	RESP=1
5608553	42	STIM=q
5612158	42	RESP=1
5624664	42	STIM=x
5629598	42	RESP=1
5642131	42	STIM=1
5646770	42	RESP=2
5659470	42	STIM=k
5667178	42	RESP=1
5675500	42	STIM=9
5680085	42	RESP=2
5692963	42	STIM=6
5697408	42	RESP=2
5711863	42	STIM=h
5715372	42	RESP=1
5730030	42	STIM=g
5735650	42	RESP=1
5745554	42	STIM=h
5749651	42	RESP=1
5761759	42	STIM=6
5766697	42	RESP=2
5779085	42	STIM=5
5783157	42	RESP=2
5795228	42	STIM=q
5801799	42	RESP=1
5811728	42	STIM=t
5814956	42	RESP=1
5826779	42	STIM=m
5831069	42	RESP=1
5842043	42	STIM=6
5846273	42	RESP=2
5858631	42	STIM=i
5862576	42	RESP=1
5875545	42	STIM=9
5879425	42	RESP=2
5892157	42	STIM=c
5896647	42	RESP=1
5910778	42	STIM=o
5914712	42	RESP=1
5927753	42	STIM=i
5932994	42	RESP=1
5946277	42	STIM=1
5950290	42	RESP=2
5963784	42	STIM=u
5969788	42	RESP=1
5981503	42	STIM=b
5986368	42	RESP=1
6000465	42	STIM=e
6004147	42	RESP=1
6018949	42	STIM=l
6022840	42	RESP=1
6036292	42	STIM=x
6042227	42	RESP=1
6055028	42	STIM=o
6059495	42	RESP=2
6072504	42	STIM=h
6079588	42	RESP=1
6087735	42	STIM=c
6090691	42	RESP=1
6106603	42	STIM=l
6110645	42	RESP=1
6123223	42	STIM=h
6130650	42	RESP=1
6140067	42	STIM=q
6144107	42	RESP=1
6155628	42	STIM=6
6162263	42	RESP=1
6174063	42	STIM=h
6182724	42	RESP=1
6189738	42	STIM=v
6194678	42	RESP=1
6208549	42	STIM=t
6212934	42	RESP=1
6226983	42	STIM=b
6232099	42	RESP=1
6243804	42	STIM=i
6248760	42	RESP=1
6262535	42	STIM=h
6265854	42	RESP=1
6281141	42	STIM=u
6283890	42	RESP=1
6296799	42	STIM=3
6300946	42	RESP=2
6313249	42	STIM=5
6318624	42	RESP=2
6331511	42	STIM=e
6337513	42	RESP=1
6348889	42	STIM=7
6354086	42	RESP=2
6366617	42	STIM=y
6371691	42	RESP=1
6384736	42	STIM=2
6388551	42	RESP=2
6402557	42	STIM=i
6410452	42	RESP=1
6421310	42	STIM=d
6424291	42	RESP=1
6436402	42	STIM=t
6446773	42	RESP=1
6454290	42	STIM=n
6460775	42	RESP=1
6471967	42	STIM=f
6476347	42	RESP=1
6489257	42	STIM=x
6493366	42	RESP=1
6506902	42	STIM=k
6511567	42	RESP=1
6525068	42	STIM=g
6530373	42	RESP=1
6542180	42	STIM=w
6545786	42	RESP=1
6560736	42	STIM=t
6565214	42	RESP=1
6576916	42	STIM=h
6581067	42	RESP=1
6593785	42	STIM=y
6597084	42	RESP=1
6611845	42	STIM=z
6616151	42	RESP=1
6627662	42	STIM=y
6630789	42	RESP=1
6645389	42	STIM=o
6652096	42	RESP=1
6660411	42	STIM=w
6665378	42	RESP=1
6676178	42	STIM=x
6679211	42	RESP=1
6692476	42	STIM=e
6696628	42	RESP=1
6710790	42	STIM=h
6714500	42	RESP=1
6729461	42	STIM=i
6737380	42	RESP=1
6745619	42	STIM=1
6750423	42	RESP=2
6762862	42	STIM=1
6771021	42	RESP=2
6780156	42	STIM=6
6788232	42	RESP=2
6795454	42	STIM=3
6802086	42	RESP=2
6813134	42	STIM=s
6820718	42	RESP=1
6830434	42	STIM=h
6841697	42	RESP=1
6847767	42	STIM=4
6852138	42	RESP=2
6862950	42	STIM=j
6869046	42	RESP=1
6880910	42	STIM=9
6884998	42	RESP=2
6896549	42	STIM=g
6901340	42	RESP=1
6911910	42	STIM=o
6919609	42	RESP=1
6929462	42	STIM=s
6933344	42	RESP=1
6947633	42	STIM=p
6952024	42	RESP=1
6964104	42	STIM=6
6970188	42	RESP=2
6980729	42	STIM=u
6983807	42	RESP=2
6997689	42	STIM=m
7003786	42	RESP=1
7015194	42	STIM=d
7020885	42	RESP=1
7031794	42	STIM=b
7035073	42	RESP=1
7049279	42	STIM=3
7056710	42	RESP=2
7065946	42	STIM=o
7068879	42	RESP=1
7084035	42	STIM=m
7089954	42	RESP=1
7101074	42	STIM=l
7104641	42	RESP=1
7119652	42	STIM=p
7125958	42	RESP=1
7138049	42	STIM=4
7145026	42	RESP=2
7153522	42	STIM=c
7158147	42	RESP=1
7169178	42	STIM=x
7176691	42	RESP=2
7185443	42	STIM=w
7190638	42	RESP=1
7201698	42	STIM=0
7206606	42	RESP=2
7218897	42	STIM=y
7223969	42	RESP=1
7237363	42	STIM=x
7242960	42	RESP=1
7253363	42	STIM=b
7257351	42	RESP=1
7271410	42	STIM=i
7280389	42	RESP=1
7287679	42	STIM=c
7292114	42	RESP=1
7303681	42	STIM=2
7308106	42	RESP=1
7320079	42	STIM=h
7323493	42	RESP=1
7337026	42	STIM=h
7342008	42	RESP=1
7353408	42	STIM=2
7358082	42	RESP=2
7369223	42	STIM=2
7374465	42	RESP=2
7386721	42	STIM=q
7392286	42	RESP=1
7404756	42	STIM=w
7407663	42	RESP=1
7423226	42	STIM=v
7426484	42	RESP=1
7440733	42	STIM=n
7445717	42	RESP=1
7455831	42	STIM=g
7460074	42	RESP=1
7473657	42	STIM=m
7478047	42	RESP=1
7490418	42	STIM=c
7495200	42	RESP=1
7505584	42	STIM=h
7509564	42	RESP=1
7523034	42	STIM=n
7527420	42	RESP=1
7538374	42	STIM=x
7543426	42	RESP=1
7554112	42	STIM=s
7561766	42	RESP=1
7572010	42	STIM=p
7575455	42	RESP=1
7587921	42	STIM=s
7593303	42	RESP=1
7605214	42	STIM=b
7610003	42	RESP=1
7620873	42	STIM=v
7628097	42	RESP=1
7636748	42	STIM=c
7640656	42	RESP=1
7652669	42	STIM=d
7659376	42	RESP=1
7671534	42	STIM=m
7677132	42	RESP=1
7689147	42	STIM=v
7693362	42	RESP=1
7704222	42	STIM=i
7708075	42	RESP=1
7719309	42	STIM=p
7722775	42	RESP=1
7735675	42	STIM=z
7741267	42	RESP=1
7752976	42	STIM=x
7758518	42	RESP=1
7769383	42	STIM=x
7773311	42	RESP=1
7786146	42	STIM=8
7792222	42	RESP=2
7801848	42	STIM=x
7805149	42	RESP=1
7818529	42	STIM=j
7822089	42	RESP=1
7834620	42	STIM=q
7841035	42	RESP=1
7850667	42	STIM=u
7855132	42	RESP=1
7868096	42	STIM=p
7871577	42	RESP=1
7884104	42	STIM=t
7889049	42	RESP=1
7899606	42	STIM=j
7905846	42	RESP=1
7917003	42	STIM=s
7920353	42	RESP=1
7933592	42	STIM=u
7939988	42	RESP=1
7950952	42	STIM=o
7953774	42	RESP=1
7966617	42	STIM=8
7971118	42	RESP=2
7982421	42	STIM=j
7987128	42	RESP=1
8001195	42	STIM=1
8008150	42	RESP=2
8018580	42	STIM=b
8024422	42	RESP=1
8034493	42	STIM=l
8038964	42	RESP=1
8050463	42	STIM=j
8054829	42	RESP=1
8068960	42	STIM=b
8072380	42	RESP=1
8086434	42	STIM=2
8091686	42	RESP=2
8103645	42	STIM=p
8107989	42	RESP=1
8120495	42	STIM=k
8127464	42	RESP=1
8138434	42	STIM=x
8143793	42	RESP=1
8156635	42	STIM=r
8160346	42	RESP=1
8173492	42	STIM=r
8176228	42	RESP=1
8189942	42	STIM=x
8194123	42	RESP=1
8206897	42	STIM=q
8211848	42	RESP=1
8222488	42	STIM=s
8226298	42	RESP=1
8241046	42	STIM=h
8244971	42	RESP=1
8256198	42	STIM=j
8261975	42	RESP=1
8271452	42	STIM=e
8274946	42	RESP=1
8290436	42	STIM=x
8296236	42	RESP=1
8306548	42	STIM=6
8317482	42	RESP=2
8324282	42	STIM=a
8328050	42	RESP=1
8342447	42	STIM=c
8347453	42	RESP=1
8361147	42	STIM=x
8364616	42	RESP=1
8376694	42	STIM=q
8381586	42	RESP=1
8395234	42	STIM=d
8399120	42	RESP=1
8413423	42	STIM=u
8416374	42	RESP=1
8431200	42	STIM=6
8437896	42	RESP=2
8449381	42	STIM=p
8453445	42	RESP=1
8467933	42	STIM=d
8472636	42	RESP=1
8484333	42	STIM=d
8491100	42	RESP=1
8499603	42	STIM=3
8504474	42	RESP=2
8518194	42	STIM=o
8527148	42	RESP=1
8533929	42	STIM=p
8539084	42	RESP=1
8552771	42	STIM=o
8558444	42	RESP=1
8570847	42	STIM=d
8574715	42	RESP=1
8588044	42	STIM=5
8591569	42	RESP=1
8605344	42	STIM=g
8608109	42	RESP=1
8623545	42	STIM=p
8626958	42	RESP=1
8641593	42	STIM=u
8647007	42	RESP=1
8658838	42	STIM=3
8664284	42	RESP=2
8677607	42	STIM=q
8682788	42	RESP=1
8694545	42	STIM=c
8699398	42	RESP=1
8713106	42	STIM=u
8718436	42	RESP=1
8729168	42	STIM=d
8733707	42	RESP=1
8748051	42	STIM=c
8752007	42	RESP=1
8763531	42	STIM=a
8767266	42	RESP=1
8781492	42	STIM=d
8794193	42	RESP=1
8798981	42	STIM=u
8802612	42	RESP=1
8816528	42	STIM=e
8819346	42	RESP=1
8832805	42	STIM=q
8836396	42	RESP=1
8850112	42	STIM=t
8855514	42	RESP=1
8867258	42	STIM=6
8875828	42	RESP=2
8882441	42	STIM=v
8886900	42	RESP=1
8898233	42	STIM=9
8905473	42	RESP=2
8913844	42	STIM=f
8920817	42	RESP=1
8932323	42	STIM=5
8938139	42	RESP=2
8948187	42	STIM=w
8952948	42	RESP=1
8964539	42	STIM=u
8968666	42	RESP=1
8982105	42	STIM=i
8988751	42	RESP=1
8998596	42	STIM=m
9006906	42	RESP=1
9017062	42	STIM=u
9021620	42	RESP=1
9032922	42	STIM=2
9040915	42	RESP=2
9048063	42	STIM=1
9052143	42	RESP=2
9063749	42	STIM=z
9071917	42	RESP=1
9079738	42	STIM=n
9083405	42	RESP=1
9097330	42	STIM=l
9101040	42	RESP=2
9114379	42	STIM=p
9120008	42	RESP=1
9131269	42	STIM=w
9134573	42	RESP=1
9148201	42	STIM=b
9152852	42	RESP=1
9165546	42	STIM=e
9169188	42	RESP=1
9181112	42	STIM=e
9187567	42	RESP=1
9199550	42	STIM=y
9205840	42	RESP=1
9215962	42	STIM=l
9219172	42	RESP=1
9233799	42	STIM=l
9237279	42	RESP=1
9251911	42	STIM=k
9257063	42	RESP=1
9267931	42	STIM=p
9272555	42	RESP=1
9285674	42	STIM=i
9294091	42	RESP=1
9300715	42	STIM=v
9304734	42	RESP=1
9317880	42	STIM=f
9324533	42	RESP=2
9334717	42	STIM=n
9340145	42	RESP=1
9352109	42	STIM=l
9356471	42	RESP=1
9367664	42	STIM=t
9370581	42	RESP=1
9385917	42	STIM=w
9389075	42	RESP=1
9404281	42	STIM=l
9409748	42	RESP=1
9422302	42	STIM=m
9426761	42	RESP=1
9438621	42	STIM=e
9442620	42	RESP=1
9456688	42	STIM=1
9462715	42	RESP=2
9474653	42	STIM=9
9481366	42	RESP=2
9492904	42	STIM=a
9497460	42	RESP=1
9509452	42	STIM=h
9513680	42	RESP=1
9527812	42	STIM=d
9535779	42	RESP=1
9545933	42	STIM=o
9558765	42	RESP=1
9562649	42	STIM=b
9566656	42	RESP=1
9580546	42	STIM=q
9586352	42	RESP=1
9597912	42	STIM=c
9601943	42	RESP=1
9615174	42	STIM=o
9618603	42	RESP=1
9633180	42	STIM=q
9637340	42	RESP=1
9648261	42	STIM=q
9651216	42	RESP=1
9666132	42	STIM=2
9670810	42	RESP=1
9682136	42	STIM=5
9685819	42	RESP=1
9699026	42	STIM=u
9702308	42	RESP=1
9715799	42	STIM=8
9719815	42	RESP=1
9733019	42	STIM=p
9736629	42	RESP=1
9751488	42	STIM=f
9759101	42	RESP=1
9769844	42	STIM=p
9774645	42	RESP=1
9787088	42	STIM=j
9791698	42	RESP=1
9802761	42	STIM=t
9808052	42	RESP=1
9819061	42	STIM=w
9826637	42	RESP=1
9834123	42	STIM=9
9840837	42	RESP=2
9850139	42	STIM=6
9854739	42	RESP=2
9868008	42	STIM=n
9871591	42	RESP=1
9883180	42	STIM=9
9887734	42	RESP=2
9899589	42	STIM=f
9902413	42	RESP=1
9917494	42	STIM=r
9920976	42	RESP=1
9933388	42	STIM=e
9939776	42	RESP=1
9950976	42	STIM=r
9955899	42	RESP=1
9968015	42	STIM=s
9973210	42	RESP=1
9985408	42	STIM=k
9992855	42	RESP=1
10003777	42	STIM=u
10015013	42	RESP=1
10019244	42	STIM=z
10024439	42	RESP=1
10037973	42	STIM=1
10046170	42	RESP=2
10056222	42	STIM=x
10060588	42	RESP=1
10072242	42	STIM=p
10077346	42	RESP=1
10088961	42	STIM=t
10093586	42	RESP=1
10107593	42	STIM=s
10113299	42	RESP=2
10125012	42	STIM=u
10129743	42	RESP=1
10140484	42	STIM=m
10151774	42	RESP=1
10156285	42	STIM=g
10159622	42	RESP=1
10171890	42	STIM=z
10176201	42	RESP=1
10187605	42	STIM=c
10191895	42	RESP=1
10204504	42	STIM=g
10208459	42	RESP=1
10219941	42	STIM=8
10225858	42	RESP=2
10238656	42	STIM=5
10243419	42	RESP=2
10255686	42	STIM=l
10258803	42	RESP=1
10273064	42	STIM=9
10277781	42	RESP=2
10288299	42	STIM=b
10294987	42	RESP=1
10303995	42	STIM=r
10309648	42	RESP=1
10320003	42	STIM=u
10322680	42	RESP=1
10336425	42	STIM=9
10343672	42	RESP=1
10354528	42	STIM=b
10358150	42	RESP=1
10371678	42	STIM=v
10375676	42	RESP=1
10387502	42	STIM=w
10392744	42	RESP=1
10405185	42	STIM=6
10409926	42	RESP=2
10421966	42	STIM=d
10429520	42	RESP=1
10437388	42	STIM=5
10445306	42	RESP=2
10453787	42	STIM=d
10458082	42	RESP=1
10471734	42	STIM=k
10474548	42	RESP=1
10487508	42	STIM=z
10491946	42	RESP=1
10502679	42	STIM=g
10507965	42	RESP=1
10521124	42	STIM=x
10530871	42	RESP=1
10538300	42	STIM=g
10542616	42	RESP=1
10555936	42	STIM=h
10558927	42	RESP=1
10574747	42	STIM=v
10579731	42	RESP=1
10591784	42	STIM=k
10594639	42	RESP=1
10608329	42	STIM=x
10613213	42	RESP=1
10626757	42	STIM=s
10630990	42	RESP=1
10642453	42	STIM=v
10646808	42	RESP=2
10658313	42	STIM=a
10668613	42	RESP=1
10675122	42	STIM=2
10679605	42	RESP=1
10691944	42	STIM=x
10695518	42	RESP=1
10710488	42	STIM=g
10717416	42	RESP=1
10728833	42	STIM=y
10732032	42	RESP=1
10744409	42	STIM=b
10753925	42	RESP=1
10762334	42	STIM=z
10768891	42	RESP=1
10778202	42	STIM=g
10782776	42	RESP=1
10793751	42	STIM=o
10800303	42	RESP=1
10812113	42	STIM=i
10817180	42	RESP=1
10828881	42	STIM=m
10833258	42	RESP=1
10844822	42	STIM=z
10848559	42	RESP=1
10863208	42	STIM=b
10869499	42	RESP=1
10878656	42	STIM=9
10885378	42	RESP=2
10897232	42	STIM=9
10901606	42	RESP=2
10915580	42	STIM=p
10919672	42	RESP=1
10932309	42	STIM=y
10938969	42	RESP=1
10948081	42	STIM=z
10952977	42	RESP=1
10966905	42	STIM=q
10972191	42	RESP=1
10985146	42	STIM=0
10990127	42	RESP=2
11004059	42	STIM=4
11008639	42	RESP=2
11022868	42	STIM=v
11029667	42	RESP=1
11039914	42	STIM=3
11044323	42	RESP=2
11055156	42	STIM=k
11061711	42	RESP=1
11074107	42	STIM=a
11078386	42	RESP=1
11090776	42	STIM=m
11094329	42	RESP=1
11107566	42	STIM=d
11116505	42	RESP=1
11126377	42	STIM=2
11135688	42	RESP=1
11145241	42	STIM=h
11151542	42	RESP=1
11162371	42	STIM=i
11168125	42	RESP=1
11178345	42	STIM=c
11181511	42	RESP=1
11195349	42	STIM=o
11198621	42	RESP=1
11212236	42	STIM=h
11215433	42	RESP=1
11231173	42	STIM=o
11236033	42	RESP=1
11250037	42	STIM=u
11253153	42	RESP=1
11267938	42	STIM=c
11273072	42	RESP=1
11285459	42	STIM=t
11289983	42	RESP=1
11303158	42	STIM=a
11307536	42	RESP=1
11321857	42	STIM=c
11330446	42	RESP=1
11339142	42	STIM=5
11344271	42	RESP=2
11355467	42	STIM=2
11362128	42	RESP=2
11370995	42	STIM=w
11374303	42	RESP=1
11389746	42	STIM=m
11394225	42	RESP=1
11407118	42	STIM=s
11411145	42	RESP=1
11422727	42	STIM=v
11425671	42	RESP=1
11439149	42	STIM=h
11446413	42	RESP=1
11454845	42	STIM=q
11458696	42	RESP=1
11470727	42	STIM=q
11480081	42	RESP=1
11487247	42	STIM=b
11490611	42	RESP=1
11505455	42	STIM=e
11508499	42	RESP=1
11523850	42	STIM=o
11527725	42	RESP=1
11541664	42	STIM=r
11545892	42	RESP=1
11558598	42	STIM=w
11562397	42	RESP=1
11576947	42	STIM=t
11580958	42	RESP=1
11592168	42	STIM=d
11599308	42	RESP=1
11609774	42	STIM=p
11612843	42	RESP=1
11626334	42	STIM=3
11633946	42	RESP=2
11645186	42	STIM=5
11648561	42	RESP=2
11664174	42	STIM=y
11668073	42	RESP=1
11681265	42	STIM=t
11686552	42	RESP=1
11699550	42	STIM=l
11706127	42	RESP=1
11714821	42	STIM=5
11720114	42	RESP=2
11732001	42	STIM=q
11735976	42	RESP=1
11749877	42	STIM=y
11754123	42	RESP=1
11766215	42	STIM=2
11770578	42	RESP=2
11782099	42	STIM=k
11787247	42	RESP=1
11797263	42	STIM=z
11800622	42	RESP=1
11815242	42	STIM=1
11821500	42	RESP=2
11832556	42	STIM=1
11838635	42	RESP=2
11847897	42	STIM=n
11851944	42	RESP=1
11864552	42	STIM=v
11867838	42	RESP=1
11881720	42	STIM=b
11887752	42	RESP=1
11899147	42	STIM=2
11907400	42	RESP=2
11914666	42	STIM=i
11921424	42	RESP=2
11930392	42	STIM=k
11935591	42	RESP=1
11945529	42	STIM=0
11950642	42	RESP=2
11960603	42	STIM=k
11965263	42	RESP=1
11976574	42	STIM=y
11981662	42	RESP=1
11993251	42	STIM=w
11997451	42	RESP=1
12009556	42	STIM=1
12016171	42	RESP=2
12027723	42	STIM=a
12034359	42	RESP=1
12044990	42	STIM=l
12050119	42	RESP=1
12061823	42	STIM=s
12065653	42	RESP=1
12079591	42	STIM=f
12082934	42	RESP=1
12095359	42	STIM=8
12100978	42	RESP=2
12112551	42	STIM=i
12117468	42	RESP=1
12131452	42	STIM=y
12135722	42	RESP=1
12147119	42	STIM=g
12150519	42	RESP=1
12162363	42	STIM=4
12167787	42	RESP=2
12180822	42	STIM=o
12184949	42	RESP=1
12198337	42	STIM=7
12202117	42	RESP=1
12217089	42	STIM=k
12222383	42	RESP=1
12235876	42	STIM=a
12240090	42	RESP=1
12251411	42	STIM=a
12257301	42	RESP=1
12268626	42	STIM=f
12273951	42	RESP=1
12285426	42	STIM=s
12294149	42	RESP=1
12300580	42	STIM=w
12304664	42	RESP=1
12319531	42	STIM=y
12325637	42	RESP=1
12335530	42	STIM=f
12339398	42	RESP=1
12352318	42	STIM=k
12356525	42	RESP=1
12369169	42	STIM=9
12372963	42	RESP=2
12384639	42	STIM=f
12391252	42	RESP=1
12401352	42	STIM=e
12406261	42	RESP=1
12416532	42	STIM=m
12420293	42	RESP=1
12433861	42	STIM=r
12437649	42	RESP=1
12451478	42	STIM=0
12455478	42	RESP=2
12468293	42	STIM=u
12474360	42	RESP=1
12483440	42	STIM=j
12488014	42	RESP=1
12501290	42	STIM=j
12505758	42	RESP=1
12519283	42	STIM=n
12522954	42	RESP=1
12536561	42	STIM=a
12540680	42	RESP=1
12555185	42	STIM=r
12560017	42	RESP=1
12571551	42	STIM=n
12576125	42	RESP=1
12589978	42	STIM=t
12592598	42	RESP=1
12607051	42	STIM=q
12610642	42	RESP=1
12623800	42	STIM=q
12627454	42	RESP=1
12639730	42	STIM=6
12643056	42	RESP=2
12658694	42	STIM=f
12662150	42	RESP=1
12676222	42	STIM=g
12680521	42	RESP=1
12694783	42	STIM=h
12698641	42	RESP=1
12712058	42	STIM=3
12717254	42	RESP=2
12728427	42	STIM=0
12732828	42	RESP=2
12745888	42	STIM=q
12750717	42	RESP=1
12763627	42	STIM=r
12767801	42	RESP=1
12781099	42	STIM=1
12786746	42	RESP=2
12799896	42	STIM=5
12808930	42	RESP=2
12817622	42	STIM=z
12823368	42	RESP=1
12833653	42	STIM=c
12837700	42	RESP=1
12851063	42	STIM=j
12855475	42	RESP=2
12869337	42	STIM=w
12872755	42	RESP=1
12887809	42	STIM=4
12896710	42	RESP=2
12904120	42	STIM=y
12908594	42	RESP=1
12922341	42	STIM=c
12928089	42	RESP=1
12940883	42	STIM=y
12946485	42	RESP=1
12956705	42	STIM=s
12961976	42	RESP=1
12974989	42	STIM=d
12979519	42	RESP=1
12992421	42	STIM=u
12997063	42	RESP=1
13010709	42	STIM=k
13014503	42	RESP=1
13026384	42	STIM=2
13030453	42	RESP=2
13042490	42	STIM=m
13048741	42	RESP=1
13059511	42	STIM=y
13064144	42	RESP=1
13076578	42	STIM=0
13082324	42	RESP=2
13091835	42	STIM=y
13097686	42	RESP=1
13108790	42	STIM=u
13114082	42	RESP=1
13126945	42	STIM=d
13133272	42	RESP=1
13145389	42	STIM=5
13151279	42	RESP=2
13160409	42	STIM=g
13163640	42	RESP=1
13178521	42	STIM=e
13185223	42	RESP=2
13194462	42	STIM=v
13198391	42	RESP=1
13211919	42	STIM=f
13217854	42	RESP=1
13228786	42	STIM=4
13233139	42	RESP=1
13246369	42	STIM=w
13249507	42	RESP=1
13264765	42	STIM=g
13269796	42	RESP=1
13282137	42	STIM=3
13291272	42	RESP=2
13299587	42	STIM=9
13305389	42	RESP=1
13318406	42	STIM=t
13324308	42	RESP=1
13336935	42	STIM=i
13339696	42	RESP=1
13352675	42	STIM=5
13359179	42	RESP=2
13371058	42	STIM=m
13377394	42	RESP=1
13388378	42	STIM=9
13391763	42	RESP=2
13407215	42	STIM=o
13411137	42	RESP=1
13424622	42	STIM=o
13429591	42	RESP=1
13442297	42	STIM=s
13446359	42	RESP=1
13461048	42	STIM=1
13467731	42	RESP=2
13478456	42	STIM=l
13484096	42	RESP=1
13495307	42	STIM=6
13505058	42	RESP=2
13510774	42	STIM=l
13513827	42	RESP=1
13528038	42	STIM=m
13531770	42	RESP=2
13544812	42	STIM=x
13549522	42	RESP=1
13561642	42	STIM=w
13566411	42	RESP=1
13578544	42	STIM=1
13588399	42	RESP=2
13595772	42	STIM=8
13601808	42	RESP=2
13614566	42	STIM=f
13622396	42	RESP=1
13631600	42	STIM=v
13635937	42	RESP=1
13646669	42	STIM=p
13650316	42	RESP=1
13663540	42	STIM=l
13670208	42	RESP=1
13682065	42	STIM=o
13685985	42	RESP=1
13700677	42	STIM=n
13704774	42	RESP=1
13717360	42	STIM=h
13721455	42	RESP=1
13734281	42	STIM=q
13737675	42	RESP=1
13752918	42	STIM=j
13756202	42	RESP=1
13768340	42	STIM=u
13771440	42	RESP=1
13785465	42	STIM=h
13788070	42	RESP=1
13802069	42	STIM=8
13806728	42	RESP=2
13817599	42	STIM=d
13823507	42	RESP=1
13832670	42	STIM=l
13841578	42	RESP=1
13849676	42	STIM=g
13856785	42	RESP=1
13865902	42	STIM=2
13871804	42	RESP=2
13882877	42	STIM=v
13889046	42	RESP=1
13900859	42	STIM=u
13909140	42	RESP=1
13917975	42	STIM=6
13923413	42	RESP=2
13933704	42	STIM=r
13939973	42	RESP=1
13950858	42	STIM=0
13955470	42	RESP=2
13966977	42	STIM=i
13973481	42	RESP=1
13983588	42	STIM=y
13991381	42	RESP=1
14000270	42	STIM=h
14005672	42	RESP=1
14015767	42	STIM=7
14024064	42	RESP=1
14032352	42	STIM=y
14035192	42	RESP=1
14049363	42	STIM=o
14054740	42	RESP=1
14066929	42	STIM=j
14074817	42	RESP=1
14084976	42	STIM=d
14091946	42	RESP=1
14101630	42	STIM=9
14107646	42	RESP=2
14119327	42	STIM=i
14125082	42	RESP=1
14135711	42	STIM=j
14140594	42	RESP=1
14150887	42	STIM=z
14154722	42	RESP=1
14167705	42	STIM=t
14172106	42	RESP=1
14184319	42	STIM=e
14188407	42	RESP=2
14200748	42	STIM=x
14204725	42	RESP=1
14217620	42	STIM=4
14220972	42	RESP=2
14236300	42	STIM=d
14240692	42	RESP=1
14254310	42	STIM=g
14258729	42	RESP=1
14272027	42	STIM=s
14276168	42	RESP=1
14289849	42	STIM=p
14293911	42	RESP=1
14307847	42	STIM=v
14312097	42	RESP=1
14323148	42	STIM=e
14328303	42	RESP=1
14341976	42	STIM=5
14347231	42	RESP=2
14358375	42	STIM=2
14361985	42	RESP=1
14375774	42	STIM=k
14379564	42	RESP=1
14393822	42	STIM=l
14398888	42	RESP=1
14410374	42	STIM=y
14414797	42	RESP=1
14425923	42	STIM=f
14430806	42	RESP=1
14442473	42	STIM=h
14450038	42	RESP=1
14460019	42	STIM=g
14463033	42	RESP=1
14477287	42	STIM=f
14481746	42	RESP=1
14492749	42	STIM=q
14499100	42	RESP=1
14509576	42	STIM=8
14513482	42	RESP=2
14528567	42	STIM=4
14533427	42	RESP=2
14545368	42	STIM=0
14550327	42	RESP=2
14561101	42	STIM=8
14567312	42	RESP=1
14576589	42	STIM=y
14579536	42	RESP=1
14593616	42	STIM=c
14598536	42	RESP=1
14610646	42	STIM=s
14615669	42	RESP=1
14627345	42	STIM=z
14634808	42	RESP=1
14643926	42	STIM=8
14650676	42	RESP=2
14660872	42	STIM=s
14664054	42	RESP=1
14677805	42	STIM=0
14685413	42	RESP=1
14695909	42	STIM=k
14701153	42	RESP=1
14712768	42	STIM=e
14719167	42	RESP=1
14730214	42	STIM=c
14738663	42	RESP=1
14747255	42	STIM=s
14752538	42	RESP=1
14762972	42	STIM=g
14768413	42	RESP=1
14781632	42	STIM=f
14784604	42	RESP=1
14798410	42	STIM=p
14802083	42	RESP=1
14815935	42	STIM=s
14820357	42	RESP=1
14831883	42	STIM=z
14834514	42	RESP=1
14849189	42	STIM=j
14853291	42	RESP=1
14864662	42	STIM=o
14869440	42	RESP=1
14881168	42	STIM=2
14885653	42	RESP=2
14899411	42	STIM=e
14905397	42	RESP=1
14916878	42	STIM=5
14924602	42	RESP=2
14935244	42	STIM=a
14942806	42	RESP=1
14953423	42	STIM=v
14959975	42	RESP=1
14968553	42	STIM=3
14976660	42	RESP=1
14985701	42	STIM=3
14989424	42	RESP=2
15001340	42	STIM=a
15005346	42	RESP=1
15019441	42	STIM=5
15023838	42	RESP=2
15035897	42	STIM=m
15040462	42	RESP=1
15051669	42	STIM=7
15059761	42	RESP=2
15070385	42	STIM=o
15079094	42	RESP=1
15086591	42	STIM=y
15089550	42	RESP=1
15102375	42	STIM=f
15106667	42	RESP=1
15119421	42	STIM=b
15124174	42	RESP=1
15135001	42	STIM=o
15138174	42	RESP=1
15152867	42	STIM=v
15157098	42	RESP=1
15167978	42	STIM=g
15171355	42	RESP=1
15184826	42	STIM=5
15190199	42	RESP=1
15201017	42	STIM=o
15208145	42	RESP=1
15219460	42	STIM=d
15228291	42	RESP=1
15237447	42	STIM=i
15241524	42	RESP=1
15256419	42	STIM=i
15265551	42	RESP=1
15275263	42	STIM=j
15281236	42	RESP=1
15292325	42	STIM=4
15297818	42	RESP=2
15309464	42	STIM=5
15317006	42	RESP=2
15328200	42	STIM=3
15335104	42	RESP=2
15346103	42	STIM=o
15350479	42	RESP=1
15363258	42	STIM=a
15372029	42	RESP=1
15379689	42	STIM=4
15385550	42	RESP=2
15396058	42	STIM=v
15400301	42	RESP=1
15413762	42	STIM=g
15418756	42	RESP=1
15428853	42	STIM=a
15431482	42	RESP=1
15447264	42	STIM=x
15452186	42	RESP=1
15462956	42	STIM=t
15467958	42	RESP=1
15478777	42	STIM=n
15485102	42	RESP=2
15494325	42	STIM=q
15498661	42	RESP=1
15513121	42	STIM=m
15519132	42	RESP=1
15528462	42	STIM=i
15533856	42	RESP=1
15545233	42	STIM=g
15550049	42	RESP=1
15560957	42	STIM=z
15570673	42	RESP=1
15578224	42	STIM=w
15582419	42	RESP=1
15595789	42	STIM=o
15599895	42	RESP=1
15613815	42	STIM=j
15619998	42	RESP=1
15631603	42	STIM=l
15636014	42	RESP=1
15648867	42	STIM=x
15652496	42	RESP=1
15667463	42	STIM=i
15671200	42	RESP=1
15683856	42	STIM=t
15688918	42	RESP=1
15699207	42	STIM=x
15704016	42	RESP=1
15718141	42	STIM=l
15724776	42	RESP=1
15736846	42	STIM=t
15743223	42	RESP=1
15754856	42	STIM=l
15758535	42	RESP=1
15772984	42	STIM=y
15778086	42	RESP=1
15791367	42	STIM=s
15795201	42	RESP=1
15806534	42	STIM=y
15816624	42	RESP=1
15822488	42	STIM=e
15828046	42	RESP=1
15839638	42	STIM=v
15844092	42	RESP=1
15856765	42	STIM=s
15861984	42	RESP=1
15874874	42	STIM=a
15878680	42	RESP=1
15889877	42	STIM=s
15894596	42	RESP=1
15907428	42	STIM=j
15911083	42	RESP=1
15922503	42	STIM=l
15926822	42	RESP=1
15940199	42	STIM=5
15944252	42	RESP=2
15958518	42	STIM=k
15962476	42	RESP=1
15976420	42	STIM=n
15980503	42	RESP=1
15991437	42	STIM=i
15998002	42	RESP=2
16010213	42	STIM=y
16015270	42	RESP=1
16028955	42	STIM=e
16035157	42	RESP=1
16044544	42	STIM=u
16047972	42	RESP=1
16062170	42	STIM=i
16066093	42	RESP=1
16079480	42	STIM=4
16089559	42	RESP=2
16097945	42	STIM=g
16103625	42	RESP=1
16114570	42	STIM=5
16120724	42	RESP=2
16131256	42	STIM=f
16135813	42	RESP=1
16146879	42	STIM=a
16152457	42	RESP=1
16164651	42	STIM=g
16168236	42	RESP=1
16180118	42	STIM=4
16185055	42	RESP=2
16195422	42	STIM=z
16199179	42	RESP=1
16211200	42	STIM=4
16216988	42	RESP=2
16229356	42	STIM=m
16233491	42	RESP=1
16245858	42	STIM=h
16252368	42	RESP=1
16262643	42	STIM=f
16265887	42	RESP=1
16281261	42	STIM=e
16285254	42	RESP=1
16299323	42	STIM=1
16303394	42	RESP=2
16315682	42	STIM=d
16319018	42	RESP=1
16332746	42	STIM=l
16335841	42	RESP=1
16350532	42	STIM=b
16356563	42	RESP=1
16367168	42	STIM=5
16372281	42	RESP=2
16383810	42	STIM=j
16387990	42	RESP=1
16401345	42	STIM=c
16410786	42	RESP=1
16418766	42	STIM=x
16424629	42	RESP=1
16435471	42	STIM=k
16440905	42	RESP=1
16450599	42	STIM=7
16456125	42	RESP=2
16468847	42	STIM=i
16473238	42	RESP=1
16486083	42	STIM=4
16490153	42	RESP=2
16504437	42	STIM=n
16509804	42	RESP=1
16521166	42	STIM=g
16525966	42	RESP=1
16539900	42	STIM=r
16547350	42	RESP=1
16555544	42	STIM=e
16560538	42	RESP=1
16573042	42	STIM=l
16577124	42	RESP=1
16591603	42	STIM=f
16596825	42	RESP=1
16607239	42	STIM=c
16613420	42	RESP=1
16624424	42	STIM=1
16630202	42	RESP=2
16639828	42	STIM=s
16643730	42	RESP=1
16655808	42	STIM=0
16660274	42	RESP=2
16671875	42	STIM=z
16675300	42	RESP=1
16688298	42	STIM=l
16697684	42	RESP=1
16705355	42	STIM=r
16710978	42	RESP=1
16722517	42	STIM=n
16727081	42	RESP=1
16738475	42	STIM=w
16745454	42	RESP=1
16755038	42	STIM=t
16759317	42	RESP=1
16771791	42	STIM=j
16777199	42	RESP=1
16788418	42	STIM=f
16795224	42	RESP=1
16805236	42	STIM=a
16808710	42	RESP=1
16823112	42	STIM=5
16828876	42	RESP=2
16841451	42	STIM=r
16847069	42	RESP=1
16857459	42	STIM=t
16863022	42	RESP=1
16875789	42	STIM=z
16879426	42	RESP=1
16892527	42	STIM=y
16898934	42	RESP=1
16907617	42	STIM=y
16910936	42	RESP=2
16925633	42	STIM=c
16931116	42	RESP=2
16943416	42	STIM=7
16951034	42	RESP=2
16960677	42	STIM=k
16964730	42	RESP=1
16979315	42	STIM=g
16983175	42	RESP=1
16995383	42	STIM=h
17001566	42	RESP=1
17011658	42	STIM=j
17014605	42	RESP=1
17028827	42	STIM=4
17035406	42	RESP=2
17044605	42	STIM=z
17047615	42	RESP=1
17059839	42	STIM=h
17065139	42	RESP=1
17078679	42	STIM=q
17082258	42	RESP=1
17095520	42	STIM=g
17100359	42	RESP=1
17112831	42	STIM=c
17116528	42	RESP=1
17128026	42	STIM=h
17132403	42	RESP=1
17145849	42	STIM=m
17150103	42	RESP=1
17164416	42	STIM=h
17167515	42	RESP=1
17179502	42	STIM=t
17183596	42	RESP=1
17196876	42	STIM=s
17203068	42	RESP=1
17215678	42	STIM=l
17218431	42	RESP=1
17231680	42	STIM=2
17240514	42	RESP=2
17249859	42	STIM=y
17253513	42	RESP=1
17266679	42	STIM=o
17271887	42	RESP=1
17283701	42	STIM=0
17291794	42	RESP=2
17300040	42	STIM=a
17307972	42	RESP=1
17318200	42	STIM=g
17323553	42	RESP=1
17336032	42	STIM=k
17342210	42	RESP=1
17353607	42	STIM=c
17359100	42	RESP=1
17370292	42	STIM=e
17378763	42	RESP=1
17387547	42	STIM=9
17393092	42	RESP=2
17405524	42	STIM=4
17414004	42	RESP=2
17421361	42	STIM=d
17426561	42	RESP=1
17437760	42	STIM=y
17443331	42	RESP=2
17453346	42	STIM=c
17456837	42	RESP=1
17471492	42	STIM=7
17478316	42	RESP=1
17489059	42	STIM=1
17493083	42	RESP=1
17504864	42	STIM=b
17508737	42	RESP=1
17521586	42	STIM=x
17526881	42	RESP=1
17538357	42	STIM=1
17544136	42	RESP=2
17554945	42	STIM=g
17558845	42	RESP=1
17572237	42	STIM=x
17577867	42	RESP=1
17590508	42	STIM=w
17597687	42	RESP=1
17609182	42	STIM=i
17613050	42	RESP=1
17624729	42	STIM=3
17628951	42	RESP=2
17641454	42	STIM=0
17647614	42	RESP=2
17658293	42	STIM=i
17661613	42	RESP=1
17673793	42	STIM=o
17676628	42	RESP=1
17691613	42	STIM=8
17697371	42	RESP=1
17707345	42	STIM=h
17714171	42	RESP=1
17723035	42	STIM=w
17726948	42	RESP=1
17739258	42	STIM=r
17742581	42	RESP=1
17756810	42	STIM=e
17761418	42	RESP=1
17772165	42	STIM=q
17776614	42	RESP=1
17787698	42	STIM=8
17792376	42	RESP=2
17804152	42	STIM=r
17812119	42	RESP=1
17822194	42	STIM=g
17826458	42	RESP=1
17838493	42	STIM=c
17843003	42	RESP=1
17855338	42	STIM=s
17862288	42	RESP=1
17870352	42	STIM=a
17878949	42	RESP=1
17889010	42	STIM=x
17893203	42	RESP=1
17905352	42	STIM=s
17911600	42	RESP=1
17923290	42	STIM=5
17927415	42	RESP=2
17939483	42	STIM=h
17944119	42	RESP=1
17958039	42	STIM=j
17962999	42	RESP=2
17975793	42	STIM=n
17979216	42	RESP=1
17994398	42	STIM=4
18001047	42	RESP=2
18009836	42	STIM=t
18015458	42	RESP=1
18026473	42	STIM=d
18029940	42	RESP=1
18045250	42	STIM=g
18048843	42	RESP=1
18061582	42	STIM=d
18065381	42	RESP=1
18077969	42	STIM=a
18082478	42	RESP=1
18096196	42	STIM=p
18102696	42	RESP=1
18111422	42	STIM=z
18116337	42	RESP=1
18126756	42	STIM=z
18131422	42	RESP=1
18143187	42	STIM=h
18146722	42	RESP=1
18160626	42	STIM=o
18164689	42	RESP=1
18178578	42	STIM=a
18184825	42	RESP=1
18195552	42	STIM=f
18199440	42	RESP=1
18214117	42	STIM=s
18218087	42	RESP=1
18230661	42	STIM=i
18236099	42	RESP=1
18248739	42	STIM=z
18252535	42	RESP=1
18264726	42	STIM=e
18268133	42	RESP=1
18283713	42	STIM=q
18289086	42	RESP=1
18302690	42	STIM=5
18307682	42	RESP=2
18319819	42	STIM=g
18322234	42	RESP=1
18336853	42	STIM=s
18341896	42	RESP=1
18355256	42	STIM=4
18361528	42	RESP=2
18371244	42	STIM=c
18376076	42	RESP=1
18387197	42	STIM=p
18391909	42	RESP=1
18405589	42	STIM=j
18410864	42	RESP=1
18421361	42	STIM=v
18424266	42	RESP=1
18439858	42	STIM=7
18445096	42	RESP=2
18455645	42	STIM=d
18458192	42	RESP=1
18473794	42	STIM=v
18478895	42	RESP=1
18492563	42	STIM=k
18503264	42	RESP=1
18508565	42	STIM=e
18520918	42	RESP=1
18526960	42	STIM=s
18532812	42	RESP=1
18542705	42	STIM=n
18552189	42	RESP=1
18557834	42	STIM=j
18562592	42	RESP=1
18573918	42	STIM=v
18578353	42	RESP=1
18590208	42	STIM=4
18596847	42	RESP=1
18607226	42	STIM=0
18612306	42	RESP=2
18622791	42	STIM=j
18628881	42	RESP=1
18640070	42	STIM=l
18643606	42	RESP=1
18656162	42	STIM=i
18663483	42	RESP=1
18674990	42	STIM=y
18680769	42	RESP=1
18691598	42	STIM=q
18696913	42	RESP=1
18708187	42	STIM=i
18716294	42	RESP=1
18723955	42	STIM=7
18727959	42	RESP=2
18739756	42	STIM=a
18743235	42	RESP=1
18757931	42	STIM=3
18762641	42	RESP=2
18773625	42	STIM=6
18782043	42	RESP=2
18790349	42	STIM=a
18795905	42	RESP=1
18806530	42	STIM=q
18809352	42	RESP=1
18821603	42	STIM=d
18824346	42	RESP=1
18839643	42	STIM=y
18843788	42	RESP=1
18856966	42	STIM=s
18861431	42	RESP=1
18874379	42	STIM=t
18883542	42	RESP=1
18891092	42	STIM=3
18895266	42	RESP=2
18906684	42	STIM=6
18911542	42	RESP=2
18924151	42	STIM=o
18927322	42	RESP=1
18942885	42	STIM=o
18948880	42	RESP=1
18958820	42	STIM=5
18964353	42	RESP=2
18976065	42	STIM=r
18981737	42	RESP=1
18992045	42	STIM=d
18996694	42	RESP=1
19010606	42	STIM=f
19016360	42	RESP=1
19026847	42	STIM=v
19031180	42	RESP=1
19044696	42	STIM=r
19048793	42	RESP=1
19062343	42	STIM=h
19067422	42	RESP=1
19078055	42	STIM=u
19082479	42	RESP=1
19093619	42	STIM=y
19099104	42	RESP=1
19111589	42	STIM=k
19115847	42	RESP=1
19128543	42	STIM=e
19133789	42	RESP=1
19146608	42	STIM=i
19151998	42	RESP=1
19162239	42	STIM=5
19168746	42	RESP=2
19180532	42	STIM=s
19184237	42	RESP=1
19196227	42	STIM=d
19201100	42	RESP=1
19211430	42	STIM=z
19216173	42	RESP=1
19229821	42	STIM=u
19234166	42	RESP=1
19245735	42	STIM=t
19250017	42	RESP=1
19262299	42	STIM=k
19268762	42	RESP=1
19277941	42	STIM=1
19282462	42	RESP=2
19295292	42	STIM=t
19300445	42	RESP=1
19313654	42	STIM=9
19318288	42	RESP=2
19330317	42	STIM=c
19337325	42	RESP=1
19348259	42	STIM=s
19352828	42	RESP=1
19365541	42	STIM=t
19371941	42	RESP=1
19381879	42	STIM=8
19387633	42	RESP=2
19398691	42	STIM=t
19403565	42	RESP=1
19414656	42	STIM=3
19421341	42	RESP=2
19432954	42	STIM=r
19436815	42	RESP=1
19448384	42	STIM=j
19453716	42	RESP=1
19465281	42	STIM=b
19468145	42	RESP=1
19482232	42	STIM=m
19489609	42	RESP=1
19498109	42	STIM=d
19505404	42	RESP=1
19514911	42	STIM=p
19518757	42	RESP=1
19532622	42	STIM=o
19536503	42	RESP=1
19548182	42	STIM=c
19551730	42	RESP=1
19565614	42	STIM=j
19570061	42	RESP=1
19583578	42	STIM=v
19589871	42	RESP=1
19599658	42	STIM=0
19605014	42	RESP=2
19615247	42	STIM=q
19622507	42	RESP=1
19631585	42	STIM=y
19636349	42	RESP=1
19648484	42	STIM=g
19652400	42	RESP=1
19664279	42	STIM=f
19669435	42	RESP=1
19680040	42	STIM=k
19684284	42	RESP=1
19697339	42	STIM=a
19700547	42	RESP=1
19713800	42	STIM=g
19721322	42	RESP=1
19728816	42	STIM=k
19735337	42	RESP=1
19745979	42	STIM=n
19749989	42	RESP=1
19762383	42	STIM=e
19765957	42	RESP=1
19780764	42	STIM=c
19785143	42	RESP=1
19795947	42	STIM=f
19806420	42	RESP=1
19811843	42	STIM=u
19818459	42	RESP=1
19830828	42	STIM=w
19834956	42	RESP=1
19848563	42	STIM=w
19856491	42	RESP=1
19865893	42	STIM=a
19870539	42	RESP=1
19880922	42	STIM=l
19890783	42	RESP=1
19896161	42	STIM=o
19899515	42	RESP=1
19914835	42	STIM=k
19918506	42	RESP=1
19933354	42	STIM=e
19940494	42	RESP=1
19951806	42	STIM=x
19955663	42	RESP=1
19967003	42	STIM=e
19975191	42	RESP=1
19983811	42	STIM=u
19987335	42	RESP=1
20000132	42	STIM=t
20004827	42	RESP=2
20018242	42	STIM=8
20022338	42	RESP=2
20036612	42	STIM=s
20040973	42	RESP=1
20053029	42	STIM=l
20055764	42	RESP=1
20070714	42	STIM=j
20075214	42	RESP=1
20089450	42	STIM=t
20097307	42	RESP=1
20106908	42	STIM=r
20111169	42	RESP=2
20122041	42	STIM=d
20125627	42	RESP=1
20137085	42	STIM=x
20143290	42	RESP=1
20155032	42	STIM=1
20162556	42	RESP=2
20171801	42	STIM=w
20175303	42	RESP=1
20188647	42	STIM=m
20191253	42	RESP=1
20207620	42	STIM=5
20213249	42	RESP=2
20224223	42	STIM=u
20230010	42	RESP=1
20242734	42	STIM=k
20248115	42	RESP=1
20258752	42	STIM=4
20263262	42	RESP=2
20276689	42	STIM=k
20279539	42	RESP=1
20294425	42	STIM=l
20298179	42	RESP=1
20311896	42	STIM=d
20316316	42	RESP=1
20327808	42	STIM=3
20333379	42	RESP=2
20343773	42	STIM=j
20350192	42	RESP=1
20360088	42	STIM=h
20365007	42	RESP=1
20378179	42	STIM=r
20384081	42	RESP=1
20396720	42	STIM=1
20404806	42	RESP=2
20414301	42	STIM=j
20418030	42	RESP=1
20429691	42	STIM=z
20434352	42	RESP=1
20446255	42	STIM=k
20450304	42	RESP=1
20463111	42	STIM=t
20466652	42	RESP=1
20478770	42	STIM=x
20483410	42	RESP=1
20494535	42	STIM=p
20498254	42	RESP=1
20511224	42	STIM=p
20515794	42	RESP=1
20528878	42	STIM=w
20535818	42	RESP=1
20544964	42	STIM=r
20548841	42	RESP=1
20562647	42	STIM=g
20568947	42	RESP=1
20577915	42	STIM=f
20582620	42	RESP=1
20596257	42	STIM=t
20601980	42	RESP=1
20615170	42	STIM=o
20618465	42	RESP=1
20631762	42	STIM=1
20643576	42	RESP=2
20649586	42	STIM=r
20653402	42	RESP=1
20666522	42	STIM=k
20671955	42	RESP=1
20683626	42	STIM=0
20689061	42	RESP=2
20702578	42	STIM=w
20706430	42	RESP=1
20721451	42	STIM=e
20727409	42	RESP=1
20738839	42	STIM=u
20751902	42	RESP=1
20755156	42	STIM=g
20761421	42	RESP=1
20771183	42	STIM=5
20775183	42	RESP=2
20789936	42	STIM=8
20795544	42	RESP=2
20806051	42	STIM=4
20811980	42	RESP=2
20823823	42	STIM=0
20827702	42	RESP=2
20842068	42	STIM=4
20846760	42	RESP=2
20857552	42	STIM=w
20860902	42	RESP=1
20872615	42	STIM=q
20879467	42	RESP=1
20889347	42	STIM=k
20897785	42	RESP=1
20906182	42	STIM=v
20912718	42	RESP=1
20924930	42	STIM=k
20930225	42	RESP=1
20940580	42	STIM=r
20946854	42	RESP=1
20955908	42	STIM=d
20962412	42	RESP=1
20971582	42	STIM=9
20976860	42	RESP=2
20989913	42	STIM=g
20996510	42	RESP=1
21006096	42	STIM=o
21009720	42	RESP=1
21022315	42	STIM=b
21026772	42	RESP=1
21037616	42	STIM=s
21043462	42	RESP=1
21053671	42	STIM=h
21060131	42	RESP=1
21070176	42	STIM=x
21073489	42	RESP=1
21085917	42	STIM=t
21092551	42	RESP=1
21101189	42	STIM=6
21109926	42	RESP=2
21117377	42	STIM=z
21122379	42	RESP=1
21136275	42	STIM=c
21141422	42	RESP=1
21151850	42	STIM=p
21157948	42	RESP=1
21167268	42	STIM=j
21172940	42	RESP=1
21185239	42	STIM=v
21189862	42	RESP=1
21202165	42	STIM=o
21206292	42	RESP=1
21220836	42	STIM=z
21226946	42	RESP=1
21236195	42	STIM=p
21242101	42	RESP=1
21253421	42	STIM=0
21257756	42	RESP=2
21271782	42	STIM=5
21276797	42	RESP=2
21289088	42	STIM=m
21293529	42	RESP=1
21306259	42	STIM=h
21311949	42	RESP=1
21323313	42	STIM=n
21326781	42	RESP=1
21341248	42	STIM=u
21347560	42	RESP=1
21357736	42	STIM=7
21361945	42	RESP=2
21372769	42	STIM=i
21378139	42	RESP=1
21389722	42	STIM=3
21397563	42	RESP=2
21406845	42	STIM=n
21412327	42	RESP=1
21423135	42	STIM=v
21428560	42	RESP=1
21441934	42	STIM=z
21445729	42	RESP=1
21457282	42	STIM=i
21461617	42	RESP=1
21473485	42	STIM=i
21477774	42	RESP=1
21491363	42	STIM=i
21496905	42	RESP=1
21506525	42	STIM=0
21511387	42	RESP=1
21524823	42	STIM=r
21529919	42	RESP=1
21542053	42	STIM=j
21548924	42	RESP=1
21560772	42	STIM=0
21564909	42	RESP=2
21577240	42	STIM=t
21581462	42	RESP=1
21592644	42	STIM=z
21597891	42	RESP=1
21609479	42	STIM=j
21613604	42	RESP=1
21624922	42	STIM=c
21631313	42	RESP=1
21643160	42	STIM=b
21649382	42	RESP=1
21658726	42	STIM=l
21663240	42	RESP=1
21677138	42	STIM=1
21681956	42	RESP=2
21695292	42	STIM=d
21705840	42	RESP=1
21713514	42	STIM=v
21719018	42	RESP=1
21728587	42	STIM=v
21732261	42	RESP=1
21744824	42	STIM=a
21751413	42	RESP=1
21763334	42	STIM=i
21771218	42	RESP=1
21780899	42	STIM=9
21784710	42	RESP=2
