# Original filename: 0033_TDH_2017-03-10.log
# Time unit: 100 us
# RARECAT=digit
#
# Time	HHGG	Event
28398	42	STIM=e
34069	42	RESP=1
44614	42	STIM=a
50069	42	RESP=1
60984	42	STIM=u
66302	42	RESP=1
79142	42	STIM=4
85606	42	RESP=2
96942	42	STIM=i
107343	42	RESP=1
112076	42	STIM=x
115532	42	RESP=1
128610	42	STIM=v
133591	42	RESP=1
145035	42	STIM=e
150632	42	RESP=1
160982	42	STIM=y
166963	42	RESP=1
179720	42	STIM=m
185016	42	RESP=1
197274	42	STIM=l
206959	42	RESP=1
212604	42	STIM=4
216208	42	RESP=1
228818	42	STIM=j
233548	42	RESP=1
246017	42	STIM=3
252015	42	RESP=2
262366	42	STIM=b
275964	42	RESP=1
281131	42	STIM=m
284554	42	RESP=1
300097	42	STIM=o
304867	42	RESP=1
316155	42	STIM=g
324748	42	RESP=1
331171	42	STIM=b
338428	42	RESP=1
348244	42	STIM=q
354338	42	RESP=1
365345	42	STIM=q
371517	42	RESP=1
383679	42	STIM=v
390155	42	RESP=1
399742	42	STIM=i
406544	42	RESP=1
415374	42	STIM=g
426105	42	RESP=1
432185	42	STIM=b
439107	42	RESP=1
448135	42	STIM=z
455846	42	RESP=1
467040	42	STIM=u
473193	42	RESP=1
484492	42	STIM=c
490773	42	RESP=1
500618	42	STIM=r
503600	42	RESP=1
517230	42	STIM=f
524546	42	RESP=1
532425	42	STIM=m
541844	42	RESP=1
549449	42	STIM=e
554443	42	RESP=1
568422	42	STIM=j
574860	42	RESP=1
586098	42	STIM=3
590945	42	RESP=2
604366	42	STIM=8
610370	42	RESP=2
622087	42	STIM=h
629186	42	RESP=1
640145	42	STIM=2
645475	42	RESP=2
658488	42	STIM=1
662988	42	RESP=2
676255	42	STIM=q
680005	42	RESP=1
695055	42	STIM=o
704832	42	RESP=1
713122	42	STIM=d
719226	42	RESP=1
728420	42	STIM=g
731746	42	RESP=1
745319	42	STIM=j
750449	42	RESP=1
760327	42	STIM=z
768244	42	RESP=1
778809	42	STIM=z
787202	42	RESP=1
794679	42	STIM=r
797781	42	RESP=1
812160	42	STIM=8
819126	42	RESP=2
830515	42	STIM=v
838370	42	RESP=1
848073	42	STIM=c
852030	42	RESP=1
863657	42	STIM=a
871463	42	RESP=1
881525	42	STIM=s
886182	42	RESP=1
899982	42	STIM=f
905934	42	RESP=1
917758	42	STIM=c
924656	42	RESP=1
934149	42	STIM=9
941478	42	RESP=1
950224	42	STIM=g
955951	42	RESP=1
967813	42	STIM=3
971989	42	RESP=2
983948	42	STIM=p
988251	42	RESP=1
1002018	42	STIM=k
1009975	42	RESP=1
1019904	42	STIM=g
1025074	42	RESP=1
1036499	42	STIM=h
1042913	42	RESP=1
1052507	42	STIM=q
1058929	42	RESP=1
1069357	42	STIM=j
1075393	42	RESP=1
1085944	42	STIM=g
1090776	42	RESP=1
1102263	42	STIM=q
1111134	42	RESP=1
1120056	42	STIM=b
1125573	42	RESP=1
1136966	42	STIM=7
1144135	42	RESP=2
1153963	42	STIM=a
1165815	42	RESP=1
1170941	42	STIM=j
1180640	42	RESP=1
1186221	42	STIM=v
1190925	42	RESP=1
1204951	42	STIM=m
1211967	42	RESP=1
1222250	42	STIM=s
1225990	42	RESP=1
1237492	42	STIM=n
1241588	42	RESP=1
1254372	42	STIM=x
1260483	42	RESP=1
1270487	42	STIM=m
1276870	42	RESP=1
1286717	42	STIM=5
1291819	42	RESP=2
1303864	42	STIM=b
1314107	42	RESP=1
1319379	42	STIM=2
1326144	42	RESP=2
1335149	42	STIM=c
1340021	42	RESP=1
1350305	42	STIM=h
1359857	42	RESP=1
1365618	42	STIM=7
1374277	42	RESP=2
1383756	42	STIM=v
1391062	42	RESP=1
1401371	42	STIM=3
1405685	42	RESP=1
1420345	42	STIM=b
1425845	42	RESP=1
1438272	42	STIM=6
1446375	42	RESP=2
1456929	42	STIM=t
1466993	42	RESP=1
1475534	42	STIM=o
1479686	42	RESP=1
1491802	42	STIM=c
1496716	42	RESP=1
1509527	42	STIM=h
1515681	42	RESP=1
1525361	42	STIM=d
1529911	42	RESP=1
1540999	42	STIM=w
1546449	42	RESP=1
1559733	42	STIM=l
1566784	42	RESP=1
1576189	42	STIM=l
1580880	42	RESP=1
1592906	42	STIM=o
1601703	42	RESP=1
1610143	42	STIM=k
1615463	42	RESP=1
1628781	42	STIM=1
1637510	42	RESP=2
1644039	42	STIM=f
1648615	42	RESP=1
1662669	42	STIM=7
1668723	42	RESP=1
1680501	42	STIM=q
1685988	42	RESP=1
1698001	42	STIM=q
1704293	42	RESP=2
1713002	42	STIM=3
1722406	42	RESP=1
1731821	42	STIM=p
1737832	42	RESP=1
1748976	42	STIM=g
1755393	42	RESP=1
1765722	42	STIM=g
1776590	42	RESP=1
1780872	42	STIM=w
1786321	42	RESP=1
1798195	42	STIM=p
1805722	42	RESP=1
1814122	42	STIM=q
1818840	42	RESP=1
1832082	42	STIM=u
1837104	42	RESP=1
1847123	42	STIM=e
1850348	42	RESP=1
1863407	42	STIM=3
1870071	42	RESP=2
1880515	42	STIM=l
1885826	42	RESP=1
1899178	42	STIM=k
1904948	42	RESP=1
1915775	42	STIM=7
1921542	42	RESP=1
1933009	42	STIM=o
1937367	42	RESP=1
1951856	42	STIM=c
1958111	42	RESP=1
1967485	42	STIM=x
1973402	42	RESP=1
1985760	42	STIM=8
1994059	42	RESP=2
2002221	42	STIM=d
2007697	42	RESP=1
2019569	42	STIM=v
2028375	42	RESP=1
2038483	42	STIM=i
2041661	42	RESP=1
2056939	42	STIM=q
2059919	42	RESP=2
2074148	42	STIM=6
2079900	42	RESP=1
2091705	42	STIM=s
2098574	42	RESP=1
2109234	42	STIM=1
2115246	42	RESP=1
2127961	42	STIM=n
2133252	42	RESP=1
2143271	42	STIM=o
2152122	42	RESP=1
2160387	42	STIM=m
2163271	42	RESP=2
2178298	42	STIM=k
2182535	42	RESP=1
2197044	42	STIM=w
2201980	42	RESP=2
2214465	42	STIM=e
2220279	42	RESP=1
2232733	42	STIM=b
2238115	42	RESP=1
2247895	42	STIM=z
2252915	42	RESP=1
2263348	42	STIM=q
2266934	42	RESP=1
2278811	42	STIM=s
2287110	42	RESP=1
2295618	42	STIM=s
2300170	42	RESP=1
2312085	42	STIM=4
2318272	42	RESP=2
2327387	42	STIM=i
2334918	42	RESP=1
2345413	42	STIM=v
2348911	42	RESP=1
2362192	42	STIM=n
2370755	42	RESP=1
2380590	42	STIM=2
2388814	42	RESP=2
2397746	42	STIM=7
2404630	42	RESP=2
2414433	42	STIM=0
2423760	42	RESP=2
2432391	42	STIM=z
2435361	42	RESP=1
2448875	42	STIM=p
2456719	42	RESP=1
2464862	42	STIM=8
2470452	42	RESP=2
2480427	42	STIM=g
2487913	42	RESP=1
2496960	42	STIM=j
2500746	42	RESP=1
2515764	42	STIM=1
2520791	42	RESP=2
2534504	42	STIM=7
2542809	42	RESP=2
2552359	42	STIM=1
2559755	42	RESP=2
2568395	42	STIM=f
2572284	42	RESP=1
2583649	42	STIM=p
2598226	42	RESP=1
2602212	42	STIM=2
2606868	42	RESP=2
2618567	42	STIM=o
2623928	42	RESP=1
2637373	42	STIM=o
2643287	42	RESP=1
2654050	42	STIM=6
2660110	42	RESP=2
2669923	42	STIM=z
2672878	42	RESP=1
2686214	42	STIM=1
2695029	42	RESP=2
2703793	42	STIM=u
2709016	42	RESP=2
2719073	42	STIM=w
2728313	42	RESP=1
2735377	42	STIM=q
2742736	42	RESP=1
2752724	42	STIM=k
2756305	42	RESP=1
2769437	42	STIM=b
2775187	42	RESP=1
2787354	42	STIM=o
2793908	42	RESP=1
2803599	42	STIM=m
2810408	42	RESP=1
2819434	42	STIM=p
2824330	42	RESP=1
2834440	42	STIM=g
2838926	42	RESP=1
2851170	42	STIM=e
2855905	42	RESP=1
2869028	42	STIM=4
2879092	42	RESP=2
2884477	42	STIM=r
2888891	42	RESP=1
2899817	42	STIM=p
2903538	42	RESP=1
2918531	42	STIM=e
2922862	42	RESP=1
2936672	42	STIM=q
2939255	42	RESP=1
2955378	42	STIM=e
2958680	42	RESP=1
2972825	42	STIM=t
2982401	42	RESP=1
2989170	42	STIM=c
2992834	42	RESP=1
3004821	42	STIM=h
3011820	42	RESP=1
3023545	42	STIM=o
3028554	42	RESP=1
3041703	42	STIM=m
3045304	42	RESP=1
3058148	42	STIM=v
3066601	42	RESP=1
3075741	42	STIM=r
3082856	42	RESP=1
3091398	42	STIM=g
3095189	42	RESP=1
3106944	42	STIM=b
3117720	42	RESP=1
3122348	42	STIM=o
3126597	42	RESP=2
3140348	42	STIM=b
3145199	42	RESP=1
3158359	42	STIM=h
3164520	42	RESP=1
3173406	42	STIM=o
3180875	42	RESP=1
3190057	42	STIM=4
3196084	42	RESP=1
3206395	42	STIM=r
3211077	42	RESP=1
3221646	42	STIM=8
3226151	42	RESP=2
3239713	42	STIM=e
3246859	42	RESP=1
3257926	42	STIM=q
3264150	42	RESP=1
3273705	42	STIM=s
3281749	42	RESP=1
3288875	42	STIM=v
3294923	42	RESP=1
3304827	42	STIM=6
3310208	42	RESP=2
3323724	42	STIM=n
3331652	42	RESP=1
3342351	42	STIM=0
3346677	42	RESP=2
3359272	42	STIM=w
3362873	42	RESP=1
3377357	42	STIM=u
3382851	42	RESP=1
3396091	42	STIM=k
3403503	42	RESP=1
3412564	42	STIM=z
3418536	42	RESP=1
3428001	42	STIM=f
3433823	42	RESP=1
3445929	42	STIM=f
3452936	42	RESP=1
3463254	42	STIM=c
3472882	42	RESP=1
3479616	42	STIM=p
3482997	42	RESP=1
3498188	42	STIM=r
3504078	42	RESP=1
3513726	42	STIM=s
3519624	42	RESP=1
3530685	42	STIM=v
3536028	42	RESP=1
3548067	42	STIM=e
3554499	42	RESP=1
3566494	42	STIM=7
3572625	42	RESP=2
3585485	42	STIM=g
3590700	42	RESP=1
3601390	42	STIM=5
3607191	42	RESP=2
3618600	42	STIM=u
3625866	42	RESP=1
3635763	42	STIM=o
3640108	42	RESP=1
3650901	42	STIM=q
3654721	42	RESP=1
3666073	42	STIM=u
3672605	42	RESP=1
3682336	42	STIM=c
3689404	42	RESP=1
3698355	42	STIM=8
3706538	42	RESP=2
3715313	42	STIM=n
3721060	42	RESP=1
3734106	42	STIM=k
3738981	42	RESP=1
3751054	42	STIM=a
3758821	42	RESP=1
3769311	42	STIM=q
3775635	42	RESP=1
3784676	42	STIM=c
3793207	42	RESP=1
3800524	42	STIM=d
3804158	42	RESP=1
3815692	42	STIM=w
3825670	42	RESP=1
3831221	42	STIM=i
3838636	42	RESP=1
3846423	42	STIM=y
3850916	42	RESP=1
3861940	42	STIM=v
3868833	42	RESP=1
3877708	42	STIM=k
3881809	42	RESP=1
3894360	42	STIM=r
3906393	42	RESP=1
3911096	42	STIM=n
3916876	42	RESP=1
3929670	42	STIM=5
3934664	42	RESP=1
3945752	42	STIM=u
3951735	42	RESP=1
3964056	42	STIM=t
3969139	42	RESP=1
3983024	42	STIM=y
3990831	42	RESP=1
3998764	42	STIM=v
4001785	42	RESP=1
4014966	42	STIM=d
4020993	42	RESP=2
4032803	42	STIM=q
4037789	42	RESP=1
4047893	42	STIM=o
4053243	42	RESP=1
4063184	42	STIM=z
4070355	42	RESP=1
4078696	42	STIM=m
4084244	42	RESP=1
4095389	42	STIM=j
4102288	42	RESP=2
4113190	42	STIM=0
4117264	42	RESP=2
4130127	42	STIM=e
4141295	42	RESP=1
4147392	42	STIM=i
4150851	42	RESP=1
4165434	42	STIM=6
4170916	42	RESP=2
4181269	42	STIM=a
4189152	42	RESP=1
4196275	42	STIM=7
4202314	42	RESP=2
4211409	42	STIM=r
4218674	42	RESP=1
4227703	42	STIM=v
4233977	42	RESP=1
4244417	42	STIM=f
4249710	42	RESP=1
4262743	42	STIM=w
4266838	42	RESP=1
4278582	42	STIM=g
4288476	42	RESP=1
4293691	42	STIM=7
4304805	42	RESP=2
4310787	42	STIM=z
4316961	42	RESP=1
4325953	42	STIM=b
4337941	42	RESP=1
4342952	42	STIM=1
4353359	42	RESP=2
4360044	42	STIM=p
4365636	42	RESP=1
4377179	42	STIM=q
4382737	42	RESP=1
4395255	42	STIM=q
4401451	42	RESP=1
4412767	42	STIM=l
4417957	42	RESP=1
4430488	42	STIM=m
4436035	42	RESP=2
4449124	42	STIM=y
4453708	42	RESP=1
4466339	42	STIM=d
4473688	42	RESP=1
4485112	42	STIM=3
4495449	42	RESP=2
4501710	42	STIM=5
4507165	42	RESP=1
4519463	42	STIM=0
4525889	42	RESP=1
4535826	42	STIM=h
4544508	42	RESP=1
4553419	42	STIM=1
4559700	42	RESP=1
4572173	42	STIM=q
4576750	42	RESP=1
4587610	42	STIM=v
4597449	42	RESP=1
4604969	42	STIM=x
4610823	42	RESP=1
4620810	42	STIM=8
4627974	42	RESP=2
4638804	42	STIM=5
4645137	42	RESP=2
4654187	42	STIM=a
4658497	42	RESP=1
4672096	42	STIM=v
4680102	42	RESP=1
4690586	42	STIM=g
4694560	42	RESP=1
4707398	42	STIM=7
4712140	42	RESP=2
4725936	42	STIM=a
4730316	42	RESP=1
4742334	42	STIM=y
4746220	42	RESP=1
4760169	42	STIM=s
4763781	42	RESP=1
4778900	42	STIM=r
4787211	42	RESP=1
4797069	42	STIM=y
4805062	42	RESP=1
4815202	42	STIM=z
4820274	42	RESP=2
4830691	42	STIM=8
4840159	42	RESP=2
4848344	42	STIM=1
4854421	42	RESP=1
4867304	42	STIM=6
4874943	42	RESP=2
4885469	42	STIM=w
4889407	42	RESP=1
4902333	42	STIM=d
4907991	42	RESP=1
4920408	42	STIM=t
4925285	42	RESP=1
4935703	42	STIM=v
4942164	42	RESP=1
4953259	42	STIM=o
4956891	42	RESP=1
4969879	42	STIM=8
4978072	42	RESP=2
4986885	42	STIM=p
4993128	42	RESP=1
5004945	42	STIM=b
5008421	42	RESP=1
5023913	42	STIM=y
5028862	42	RESP=1
5040294	42	STIM=0
5047106	42	RESP=2
5058398	42	STIM=w
5062334	42	RESP=1
5074585	42	STIM=j
5078357	42	RESP=1
5092556	42	STIM=7
5098188	42	RESP=2
5108899	42	STIM=i
5115440	42	RESP=1
5127766	42	STIM=f
5132548	42	RESP=1
5145669	42	STIM=t
5150919	42	RESP=1
5163062	42	STIM=x
5170451	42	RESP=2
5180450	42	STIM=g
5185735	42	RESP=1
5198150	42	STIM=3
5209740	42	RESP=1
5213846	42	STIM=v
5219087	42	RESP=1
5228938	42	STIM=d
5233383	42	RESP=1
5245579	42	STIM=w
5250472	42	RESP=1
5262356	42	STIM=j
5267922	42	RESP=1
5279241	42	STIM=v
5284935	42	RESP=1
5295375	42	STIM=h
5300156	42	RESP=1
5311137	42	STIM=i
5316698	42	RESP=1
5329565	42	STIM=d
5336629	42	RESP=1
5347842	42	STIM=t
5354021	42	RESP=1
5366365	42	STIM=s
5369201	42	RESP=1
5382337	42	STIM=m
5390662	42	RESP=1
5400196	42	STIM=e
5405661	42	RESP=1
5417738	42	STIM=9
5425418	42	RESP=2
5434076	42	STIM=6
5441369	42	RESP=1
5449437	42	STIM=5
5463655	42	RESP=1
5464717	42	STIM=o
5468507	42	RESP=1
5480697	42	STIM=f
5489588	42	RESP=1
5495720	42	STIM=y
5499839	42	RESP=1
5512728	42	STIM=a
5517986	42	RESP=1
5529815	42	STIM=1
5534950	42	RESP=2
5545110	42	STIM=f
5551701	42	RESP=1
5562685	42	STIM=t
5567593	42	RESP=1
5581341	42	STIM=k
5588425	42	RESP=1
5599440	42	STIM=q
5605236	42	RESP=1
5614565	42	STIM=z
5619276	42	RESP=1
5630908	42	STIM=k
5637353	42	RESP=1
5647951	42	STIM=r
5652377	42	RESP=1
5664541	42	STIM=i
5672545	42	RESP=1
5682002	42	STIM=u
5689780	42	RESP=1
5699647	42	STIM=y
5709543	42	RESP=1
5717971	42	STIM=k
5722359	42	RESP=1
5734120	42	STIM=x
5738876	42	RESP=1
5752765	42	STIM=z
5756004	42	RESP=1
5767842	42	STIM=g
5771436	42	RESP=1
5783786	42	STIM=s
5788188	42	RESP=1
5800757	42	STIM=z
5803544	42	RESP=1
5817340	42	STIM=d
5822042	42	RESP=1
5832586	42	STIM=i
5839418	42	RESP=1
5850670	42	STIM=x
5856452	42	RESP=1
5867673	42	STIM=c
5875054	42	RESP=1
5885486	42	STIM=r
5895467	42	RESP=1
5903239	42	STIM=t
5908505	42	RESP=1
5918936	42	STIM=f
5924108	42	RESP=1
5937140	42	STIM=1
5947329	42	RESP=1
5952481	42	STIM=z
5959610	42	RESP=1
5969405	42	STIM=z
5975930	42	RESP=1
5984647	42	STIM=4
5990842	42	RESP=2
6001313	42	STIM=n
6010155	42	RESP=1
6019075	42	STIM=4
6025986	42	RESP=2
6035420	42	STIM=p
6047466	42	RESP=1
6050516	42	STIM=c
6055948	42	RESP=1
6066496	42	STIM=m
6071900	42	RESP=1
6084952	42	STIM=b
6088714	42	RESP=2
6102737	42	STIM=s
6108411	42	RESP=1
6118810	42	STIM=w
6122330	42	RESP=1
6134010	42	STIM=i
6137369	42	RESP=1
6152029	42	STIM=m
6159852	42	RESP=1
6167343	42	STIM=c
6175733	42	RESP=1
6185813	42	STIM=8
6194581	42	RESP=2
6201700	42	STIM=x
6207255	42	RESP=1
6219423	42	STIM=i
6225545	42	RESP=1
6235251	42	STIM=4
6241178	42	RESP=1
6251308	42	STIM=d
6258915	42	RESP=1
6268660	42	STIM=a
6272332	42	RESP=1
6284505	42	STIM=k
6291680	42	RESP=1
6302939	42	STIM=g
6309028	42	RESP=1
6321236	42	STIM=d
6325364	42	RESP=1
6338890	42	STIM=p
6345463	42	RESP=1
6357424	42	STIM=5
6361175	42	RESP=2
6375964	42	STIM=q
6379099	42	RESP=1
6392050	42	STIM=t
6397398	42	RESP=1
6408252	42	STIM=m
6413313	42	RESP=1
6423988	42	STIM=f
6430930	42	RESP=1
6440752	42	STIM=g
6446168	42	RESP=1
6455846	42	STIM=z
6460251	42	RESP=1
6471762	42	STIM=8
6476277	42	RESP=2
6489330	42	STIM=s
6495225	42	RESP=1
6506896	42	STIM=q
6511170	42	RESP=1
6525192	42	STIM=e
6531410	42	RESP=1
6542638	42	STIM=c
6547495	42	RESP=1
6559872	42	STIM=n
6564324	42	RESP=2
6577628	42	STIM=n
6581090	42	RESP=1
6595840	42	STIM=0
6604286	42	RESP=1
6613563	42	STIM=x
6618887	42	RESP=1
6632420	42	STIM=9
6641785	42	RESP=2
6650999	42	STIM=7
6657184	42	RESP=2
6667527	42	STIM=u
6673441	42	RESP=1
6683820	42	STIM=f
6690023	42	RESP=1
6702159	42	STIM=r
6705229	42	RESP=1
6717329	42	STIM=l
6721537	42	RESP=1
6735719	42	STIM=j
6738879	42	RESP=1
6752532	42	STIM=j
6756034	42	RESP=1
6771105	42	STIM=t
6774184	42	RESP=1
6789964	42	STIM=e
6795051	42	RESP=1
6808707	42	STIM=z
6814675	42	RESP=1
6826029	42	STIM=m
6829879	42	RESP=1
6844796	42	STIM=k
6849591	42	RESP=1
6860842	42	STIM=a
6864379	42	RESP=1
6878209	42	STIM=w
6883619	42	RESP=1
6896076	42	STIM=b
6900850	42	RESP=1
6912545	42	STIM=0
6917714	42	RESP=2
6929407	42	STIM=1
6936653	42	RESP=2
6947643	42	STIM=m
6951749	42	RESP=1
6965721	42	STIM=k
6975083	42	RESP=1
6984493	42	STIM=t
6991518	42	RESP=1
6999972	42	STIM=f
7006580	42	RESP=1
7015225	42	STIM=y
7019575	42	RESP=1
7031776	42	STIM=m
7038330	42	RESP=1
7048348	42	STIM=y
7052039	42	RESP=1
7065292	42	STIM=d
7075315	42	RESP=1
7083575	42	STIM=y
7089998	42	RESP=1
7098755	42	STIM=q
7103330	42	RESP=1
7117508	42	STIM=i
7124598	42	RESP=1
7132595	42	STIM=b
7138882	42	RESP=1
7150453	42	STIM=9
7158751	42	RESP=2
7168327	42	STIM=1
7173298	42	RESP=2
7186025	42	STIM=l
7190144	42	RESP=1
7202395	42	STIM=7
7209236	42	RESP=1
7220814	42	STIM=a
7228288	42	RESP=1
7239081	42	STIM=r
7243228	42	RESP=1
7254719	42	STIM=i
7258012	42	RESP=1
7272508	42	STIM=i
7276613	42	RESP=1
7290788	42	STIM=7
7298882	42	RESP=2
7307793	42	STIM=n
7310866	42	RESP=1
7323582	42	STIM=7
7332743	42	RESP=1
7339157	42	STIM=w
7342865	42	RESP=2
7355465	42	STIM=m
7358118	42	RESP=1
7371205	42	STIM=0
7376955	42	RESP=2
7387079	42	STIM=h
7391479	42	RESP=2
7405280	42	STIM=7
7410942	42	RESP=2
7421864	42	STIM=1
7428163	42	RESP=1
7439825	42	STIM=2
7445398	42	RESP=2
7456251	42	STIM=e
7461124	42	RESP=1
7475219	42	STIM=g
7479801	42	RESP=1
7490627	42	STIM=a
7497420	42	RESP=1
7509420	42	STIM=8
7514911	42	RESP=2
7528274	42	STIM=k
7533731	42	RESP=1
7543934	42	STIM=u
7550297	42	RESP=1
7560645	42	STIM=q
7569508	42	RESP=2
7579099	42	STIM=8
7586492	42	RESP=2
7597151	42	STIM=3
7602967	42	RESP=2
7612771	42	STIM=c
7619125	42	RESP=1
7628258	42	STIM=a
7633332	42	RESP=1
7644811	42	STIM=q
7649789	42	RESP=1
7662139	42	STIM=i
7668649	42	RESP=1
7678261	42	STIM=y
7683653	42	RESP=1
7694666	42	STIM=z
7697857	42	RESP=1
7712613	42	STIM=7
7720125	42	RESP=2
7731463	42	STIM=t
7735545	42	RESP=1
7746910	42	STIM=r
7756070	42	RESP=1
7762188	42	STIM=h
7766689	42	RESP=2
7777919	42	STIM=s
7783862	42	RESP=1
7796385	42	STIM=d
7804348	42	RESP=1
7814528	42	STIM=n
7817957	42	RESP=1
7830144	42	STIM=9
7836554	42	RESP=1
7845771	42	STIM=c
7849220	42	RESP=1
7862241	42	STIM=4
7867403	42	RESP=2
7877582	42	STIM=i
7880982	42	RESP=1
7894751	42	STIM=d
7899799	42	RESP=1
7913049	42	STIM=e
7916680	42	RESP=1
7928208	42	STIM=1
7933110	42	RESP=2
7945150	42	STIM=9
7952003	42	RESP=2
7960778	42	STIM=u
7967459	42	RESP=1
7978384	42	STIM=o
7987865	42	RESP=1
7993470	42	STIM=c
8001301	42	RESP=2
8011094	42	STIM=i
8016121	42	RESP=1
8027874	42	STIM=r
8032865	42	RESP=1
8043047	42	STIM=2
8050087	42	RESP=2
8058624	42	STIM=w
8066760	42	RESP=1
8076085	42	STIM=r
8085371	42	RESP=1
8095017	42	STIM=s
8101628	42	RESP=1
8110166	42	STIM=l
8117812	42	RESP=1
8128835	42	STIM=t
8136954	42	RESP=1
8146404	42	STIM=g
8152511	42	RESP=1
8163098	42	STIM=q
8167393	42	RESP=1
8178963	42	STIM=s
8181537	42	RESP=1
8197080	42	STIM=i
8201537	42	RESP=1
8214340	42	STIM=0
8225626	42	RESP=2
8229411	42	STIM=n
8234641	42	RESP=1
8247547	42	STIM=c
8251614	42	RESP=1
8264183	42	STIM=z
8268742	42	RESP=1
8280474	42	STIM=p
8285131	42	RESP=2
8298982	42	STIM=l
8302660	42	RESP=1
8315416	42	STIM=2
8321114	42	RESP=2
8330678	42	STIM=f
8336307	42	RESP=1
8346476	42	STIM=v
8354273	42	RESP=1
8364370	42	STIM=k
8369091	42	RESP=1
8380280	42	STIM=5
8385923	42	RESP=2
8397080	42	STIM=o
8400039	42	RESP=1
8412458	42	STIM=k
8421051	42	RESP=1
8429829	42	STIM=z
8432712	42	RESP=1
8445919	42	STIM=z
8452121	42	RESP=1
8463144	42	STIM=5
8472183	42	RESP=2
8480257	42	STIM=p
8484213	42	RESP=1
8497453	42	STIM=n
8503482	42	RESP=1
8516189	42	STIM=6
8527285	42	RESP=2
8535151	42	STIM=l
8540238	42	RESP=1
8551833	42	STIM=h
8556140	42	RESP=1
8569788	42	STIM=j
8573318	42	RESP=1
8586912	42	STIM=v
8594881	42	RESP=1
8604056	42	STIM=5
8612070	42	RESP=2
8622728	42	STIM=w
8631272	42	RESP=1
8640058	42	STIM=w
8647096	42	RESP=1
8655965	42	STIM=s
8661239	42	RESP=1
8671397	42	STIM=x
8676325	42	RESP=1
8688203	42	STIM=1
8693437	42	RESP=1
8704324	42	STIM=g
8708123	42	RESP=1
8721784	42	STIM=x
8728145	42	RESP=1
8738009	42	STIM=g
8748654	42	RESP=1
8754021	42	STIM=p
8759649	42	RESP=1
8772248	42	STIM=w
8782343	42	RESP=1
8790295	42	STIM=m
8795198	42	RESP=1
8805531	42	STIM=7
8811919	42	RESP=2
8822400	42	STIM=a
8829358	42	RESP=1
8840025	42	STIM=q
8847557	42	RESP=1
8858162	42	STIM=p
8863013	42	RESP=1
8874960	42	STIM=t
8878910	42	RESP=1
8890249	42	STIM=k
8893935	42	RESP=1
8905866	42	STIM=r
8912215	42	RESP=1
8923342	42	STIM=k
8926255	42	RESP=1
8939408	42	STIM=t
8943573	42	RESP=1
8957304	42	STIM=0
8964048	42	RESP=2
8973752	42	STIM=v
8977139	42	RESP=2
8992213	42	STIM=w
9001483	42	RESP=1
9007492	42	STIM=j
9012595	42	RESP=1
9023313	42	STIM=l
9026841	42	RESP=1
9042059	42	STIM=2
9050362	42	RESP=2
9058823	42	STIM=5
9064351	42	RESP=2
9076680	42	STIM=h
9082177	42	RESP=1
9095558	42	STIM=s
9102258	42	RESP=1
9113050	42	STIM=z
9122123	42	RESP=1
9131607	42	STIM=q
9139498	42	RESP=1
9148943	42	STIM=d
9153569	42	RESP=1
9165583	42	STIM=j
9176769	42	RESP=1
9181463	42	STIM=9
9187884	42	RESP=2
9197573	42	STIM=0
9203291	42	RESP=2
9213654	42	STIM=0
9222772	42	RESP=2
9229228	42	STIM=b
9234097	42	RESP=1
9245727	42	STIM=y
9250322	42	RESP=1
9261861	42	STIM=d
9266277	42	RESP=1
9279007	42	STIM=p
9282470	42	RESP=1
9296306	42	STIM=4
9304984	42	RESP=1
9313113	42	STIM=6
9318706	42	RESP=2
9328413	42	STIM=l
9331943	42	RESP=1
9346748	42	STIM=d
9354131	42	RESP=1
9365050	42	STIM=q
9372052	42	RESP=1
9381052	42	STIM=0
9386509	42	RESP=2
9399000	42	STIM=t
9405358	42	RESP=1
9417091	42	STIM=o
9422378	42	RESP=1
9434997	42	STIM=j
9438596	42	RESP=1
9453225	42	STIM=s
9462133	42	RESP=1
9468496	42	STIM=n
9475593	42	RESP=1
9484674	42	STIM=3
9488980	42	RESP=2
9500151	42	STIM=h
9504411	42	RESP=1
9518347	42	STIM=n
9522863	42	RESP=1
9535476	42	STIM=s
9540189	42	RESP=1
9554390	42	STIM=5
9559441	42	RESP=2
9573003	42	STIM=s
9578313	42	RESP=1
9591317	42	STIM=2
9597611	42	RESP=2
9608127	42	STIM=t
9615993	42	RESP=1
9624909	42	STIM=w
9632465	42	RESP=1
9643599	42	STIM=n
9650039	42	RESP=1
9661534	42	STIM=e
9668019	42	RESP=1
9677787	42	STIM=g
9686395	42	RESP=1
9692967	42	STIM=f
9697369	42	RESP=2
9708926	42	STIM=s
9716941	42	RESP=1
9727839	42	STIM=e
9733813	42	RESP=1
9746544	42	STIM=e
9756084	42	RESP=1
9765521	42	STIM=4
9770350	42	RESP=2
9783209	42	STIM=f
9788148	42	RESP=1
9800507	42	STIM=5
9808882	42	RESP=2
9816041	42	STIM=m
9820148	42	RESP=1
9832145	42	STIM=g
9838073	42	RESP=1
9850460	42	STIM=e
9856184	42	RESP=2
9866403	42	STIM=i
9872982	42	RESP=1
9883734	42	STIM=c
9889305	42	RESP=1
9902421	42	STIM=o
9911057	42	RESP=1
9920557	42	STIM=j
9931828	42	RESP=1
9937848	42	STIM=w
9943299	42	RESP=1
9954852	42	STIM=o
9958501	42	RESP=1
9971797	42	STIM=o
9976995	42	RESP=1
9989587	42	STIM=k
9994533	42	RESP=1
10005305	42	STIM=q
10010008	42	RESP=1
10023953	42	STIM=1
10030126	42	RESP=2
10040897	42	STIM=o
10046962	42	RESP=1
10058569	42	STIM=v
10065226	42	RESP=1
10076413	42	STIM=c
10082050	42	RESP=1
10094937	42	STIM=8
10100803	42	RESP=2
10113555	42	STIM=a
10118082	42	RESP=1
10130516	42	STIM=l
10136123	42	RESP=1
10146619	42	STIM=z
10152829	42	RESP=1
10164166	42	STIM=i
10172261	42	RESP=1
10181781	42	STIM=b
10186217	42	RESP=1
10200325	42	STIM=e
10205074	42	RESP=1
10215867	42	STIM=v
10221852	42	RESP=1
10231842	42	STIM=n
10237808	42	RESP=1
10248668	42	STIM=v
10253816	42	RESP=1
10263840	42	STIM=k
10268018	42	RESP=1
10281596	42	STIM=y
10285724	42	RESP=1
10298856	42	STIM=f
10301699	42	RESP=2
10314866	42	STIM=9
10327310	42	RESP=2
10333000	42	STIM=5
10338860	42	RESP=2
10351209	42	STIM=t
10359936	42	RESP=1
10369538	42	STIM=f
10373796	42	RESP=1
10384779	42	STIM=n
10389179	42	RESP=1
10400082	42	STIM=e
10405918	42	RESP=1
10418390	42	STIM=h
10422410	42	RESP=1
10433766	42	STIM=u
10440363	42	RESP=1
10451613	42	STIM=3
10459195	42	RESP=2
10467316	42	STIM=i
10473904	42	RESP=1
10482826	42	STIM=o
10488141	42	RESP=1
10498865	42	STIM=n
10503135	42	RESP=2
10515101	42	STIM=n
10518034	42	RESP=1
10532654	42	STIM=2
10538508	42	RESP=2
10548214	42	STIM=d
10554856	42	RESP=1
10566861	42	STIM=f
10572576	42	RESP=1
10583022	42	STIM=y
10589318	42	RESP=1
10601774	42	STIM=j
10604843	42	RESP=1
10617675	42	STIM=u
10622184	42	RESP=1
10634183	42	STIM=6
10641317	42	RESP=1
10652568	42	STIM=x
10657258	42	RESP=1
10667759	42	STIM=f
10671684	42	RESP=1
10683853	42	STIM=3
10689513	42	RESP=2
10700305	42	STIM=e
10704324	42	RESP=2
10717267	42	STIM=y
10720705	42	RESP=1
10734641	42	STIM=k
10738304	42	RESP=1
10750782	42	STIM=t
10757285	42	RESP=1
10767648	42	STIM=g
10781982	42	RESP=1
10783025	42	STIM=e
10787794	42	RESP=1
10799846	42	STIM=8
10806260	42	RESP=2
10817706	42	STIM=s
10823375	42	RESP=1
10833076	42	STIM=j
10839595	42	RESP=1
10849309	42	STIM=o
10856006	42	RESP=1
10868015	42	STIM=k
10878349	42	RESP=1
10885324	42	STIM=3
10891836	42	RESP=2
10901483	42	STIM=m
10908349	42	RESP=1
10917259	42	STIM=h
10921816	42	RESP=1
10932524	42	STIM=f
10939008	42	RESP=2
10948164	42	STIM=i
10957167	42	RESP=1
10963588	42	STIM=u
10969768	42	RESP=1
10982147	42	STIM=l
10985604	42	RESP=1
11000951	42	STIM=e
11006925	42	RESP=1
11018608	42	STIM=0
11022616	42	RESP=2
11035444	42	STIM=j
11040653	42	RESP=1
11051201	42	STIM=l
11057350	42	RESP=1
11067730	42	STIM=w
11072365	42	RESP=1
11082992	42	STIM=e
11087176	42	RESP=1
11099755	42	STIM=8
11106245	42	RESP=2
11118239	42	STIM=x
11128673	42	RESP=1
11135986	42	STIM=3
11140831	42	RESP=1
11151327	42	STIM=1
11155996	42	RESP=1
11167620	42	STIM=k
11172243	42	RESP=2
11182914	42	STIM=q
11187158	42	RESP=1
11199496	42	STIM=y
11204301	42	RESP=1
11215332	42	STIM=p
11220922	42	RESP=1
11230899	42	STIM=k
11237579	42	RESP=1
11247761	42	STIM=l
11252540	42	RESP=2
11264352	42	STIM=f
11267994	42	RESP=1
11281392	42	STIM=n
11285592	42	RESP=1
11299281	42	STIM=1
11306044	42	RESP=2
11316459	42	STIM=b
11321095	42	RESP=1
11332601	42	STIM=e
11336426	42	RESP=1
11347669	42	STIM=g
11350664	42	RESP=1
11364690	42	STIM=7
11370501	42	RESP=2
11382303	42	STIM=r
11390842	42	RESP=1
11398503	42	STIM=r
11405941	42	RESP=1
11416523	42	STIM=j
11421829	42	RESP=1
11434177	42	STIM=q
11439741	42	RESP=1
11452951	42	STIM=g
11458249	42	RESP=1
11471282	42	STIM=8
11479743	42	RESP=2
11488279	42	STIM=c
11492287	42	RESP=1
11505339	42	STIM=o
11514906	42	RESP=1
11522549	42	STIM=y
11528363	42	RESP=1
11538703	42	STIM=b
11542194	42	RESP=1
11556083	42	STIM=o
11558670	42	RESP=1
11572533	42	STIM=q
11578423	42	RESP=1
11590842	42	STIM=h
11600499	42	RESP=1
11607866	42	STIM=8
11612423	42	RESP=2
11623087	42	STIM=q
11628318	42	RESP=1
11640406	42	STIM=x
11646603	42	RESP=1
11655688	42	STIM=k
11660133	42	RESP=1
11672885	42	STIM=8
11681215	42	RESP=1
11688595	42	STIM=n
11696919	42	RESP=1
11707161	42	STIM=b
11716683	42	RESP=1
11722356	42	STIM=t
11725727	42	RESP=1
11739640	42	STIM=s
11743032	42	RESP=1
11757606	42	STIM=k
11766182	42	RESP=1
11774847	42	STIM=f
11777878	42	RESP=1
11792411	42	STIM=1
11798104	42	RESP=2
11810076	42	STIM=q
11816753	42	RESP=1
11825740	42	STIM=j
11829028	42	RESP=1
11844424	42	STIM=k
11850133	42	RESP=1
11862136	42	STIM=c
11867997	42	RESP=1
11880560	42	STIM=u
11884058	42	RESP=1
11895918	42	STIM=h
11901779	42	RESP=1
11912939	42	STIM=8
11923040	42	RESP=2
11931913	42	STIM=o
11936299	42	RESP=1
11947276	42	STIM=0
11953298	42	RESP=2
11964709	42	STIM=x
11969856	42	RESP=1
11983547	42	STIM=n
11988462	42	RESP=1
11999756	42	STIM=f
12007490	42	RESP=1
12016877	42	STIM=3
12025777	42	RESP=2
12035452	42	STIM=9
12041210	42	RESP=2
12051029	42	STIM=o
12058891	42	RESP=1
12067209	42	STIM=6
12071106	42	RESP=2
12084278	42	STIM=p
12091824	42	RESP=1
12101281	42	STIM=k
12108218	42	RESP=1
12117877	42	STIM=d
12123108	42	RESP=1
12135528	42	STIM=s
12146418	42	RESP=1
12151054	42	STIM=e
12155674	42	RESP=1
12166698	42	STIM=a
12170862	42	RESP=1
12182904	42	STIM=h
12185981	42	RESP=1
12199624	42	STIM=9
12205459	42	RESP=2
12218302	42	STIM=i
12224008	42	RESP=1
12234388	42	STIM=q
12240062	42	RESP=1
12251528	42	STIM=m
12256848	42	RESP=1
12267541	42	STIM=p
12272548	42	RESP=1
12286505	42	STIM=w
12291393	42	RESP=1
12305254	42	STIM=3
12311890	42	RESP=2
12321409	42	STIM=2
12330568	42	RESP=2
12339188	42	STIM=h
12343778	42	RESP=1
12356684	42	STIM=c
12361693	42	RESP=1
12373168	42	STIM=p
12382037	42	RESP=1
12389851	42	STIM=v
12394817	42	RESP=1
12405216	42	STIM=e
12411160	42	RESP=1
12422224	42	STIM=n
12429268	42	RESP=1
12440645	42	STIM=q
12444597	42	RESP=1
12459254	42	STIM=p
12462459	42	RESP=1
12476013	42	STIM=x
12481856	42	RESP=1
12492856	42	STIM=c
12497219	42	RESP=1
12508865	42	STIM=j
12515350	42	RESP=1
12525812	42	STIM=t
12530734	42	RESP=2
12543382	42	STIM=z
12552525	42	RESP=1
12562352	42	STIM=a
12566986	42	RESP=1
12579068	42	STIM=7
12585948	42	RESP=2
12594274	42	STIM=p
12601143	42	RESP=1
12610227	42	STIM=k
12613622	42	RESP=1
12625271	42	STIM=q
12630973	42	RESP=1
12643901	42	STIM=q
12650382	42	RESP=1
12659838	42	STIM=x
12664583	42	RESP=1
12676006	42	STIM=t
12680631	42	RESP=1
12693961	42	STIM=1
12699157	42	RESP=2
12712078	42	STIM=x
12715730	42	RESP=1
12729987	42	STIM=f
12734552	42	RESP=1
12748969	42	STIM=3
12757117	42	RESP=2
12766430	42	STIM=6
12771566	42	RESP=2
12782931	42	STIM=7
12791240	42	RESP=2
12801032	42	STIM=z
12809415	42	RESP=1
12817241	42	STIM=i
12820346	42	RESP=1
12834960	42	STIM=9
12839809	42	RESP=2
12853788	42	STIM=7
12860241	42	RESP=2
12871862	42	STIM=q
12876115	42	RESP=1
12890851	42	STIM=s
12895222	42	RESP=1
12909402	42	STIM=r
12916238	42	RESP=1
12927688	42	STIM=m
12932748	42	RESP=1
12943342	42	STIM=j
12948522	42	RESP=1
12959983	42	STIM=s
12965780	42	RESP=1
12977520	42	STIM=g
12982702	42	RESP=1
12993000	42	STIM=s
13000152	42	RESP=1
13009663	42	STIM=i
13020324	42	RESP=2
13025471	42	STIM=y
13033252	42	RESP=1
13041734	42	STIM=v
13048243	42	RESP=1
13057409	42	STIM=c
13064870	42	RESP=1
13074206	42	STIM=g
13079064	42	RESP=1
13090142	42	STIM=o
13094899	42	RESP=1
13105406	42	STIM=g
13109511	42	RESP=1
13123679	42	STIM=z
13127562	42	RESP=1
13139194	42	STIM=w
13143453	42	RESP=1
13157137	42	STIM=4
13162331	42	RESP=1
13174074	42	STIM=l
13180868	42	RESP=1
13192086	42	STIM=r
13198777	42	RESP=1
13208272	42	STIM=q
13215068	42	RESP=1
13226037	42	STIM=l
13230677	42	RESP=1
13241642	42	STIM=6
13249585	42	RESP=2
13258694	42	STIM=q
13270200	42	RESP=1
13274057	42	STIM=9
13280138	42	RESP=2
13292123	42	STIM=1
13303233	42	RESP=1
13308026	42	STIM=o
13317688	42	RESP=1
13325695	42	STIM=s
13329581	42	RESP=1
13342609	42	STIM=o
13350233	42	RESP=1
13358564	42	STIM=c
13366375	42	RESP=1
13377236	42	STIM=h
13382708	42	RESP=1
13393184	42	STIM=4
13398557	42	RESP=1
13410493	42	STIM=a
13417595	42	RESP=1
13425593	42	STIM=3
13430969	42	RESP=2
13443948	42	STIM=e
13449644	42	RESP=1
13460015	42	STIM=w
13464206	42	RESP=1
13478220	42	STIM=q
13482373	42	RESP=1
13493671	42	STIM=d
13499291	42	RESP=1
13510890	42	STIM=3
13517375	42	RESP=2
13526581	42	STIM=r
13533343	42	RESP=1
13542641	42	STIM=q
13551181	42	RESP=1
13559375	42	STIM=b
13572925	42	RESP=1
13578162	42	STIM=d
13586017	42	RESP=1
13595298	42	STIM=f
13601807	42	RESP=1
13611765	42	STIM=y
13624921	42	RESP=1
13629527	42	STIM=i
13638021	42	RESP=1
13648186	42	STIM=s
13656262	42	RESP=1
13663593	42	STIM=r
13667370	42	RESP=1
13680241	42	STIM=l
13685006	42	RESP=1
13697440	42	STIM=1
13706334	42	RESP=2
13714801	42	STIM=a
13721443	42	RESP=1
13733271	42	STIM=z
13740319	42	RESP=2
13751389	42	STIM=w
13759597	42	RESP=1
13769430	42	STIM=f
13774587	42	RESP=1
13785789	42	STIM=j
13790607	42	RESP=1
13804652	42	STIM=g
13812400	42	RESP=1
13823446	42	STIM=9
13832801	42	RESP=2
13838842	42	STIM=k
13841836	42	RESP=1
13855556	42	STIM=u
13859000	42	RESP=1
13872936	42	STIM=n
13878069	42	RESP=1
13889593	42	STIM=x
13894895	42	RESP=1
13905179	42	STIM=n
13910818	42	RESP=1
13924171	42	STIM=w
13933408	42	RESP=1
13942200	42	STIM=w
13945129	42	RESP=1
13960065	42	STIM=2
13966385	42	RESP=2
13978685	42	STIM=e
13982434	42	RESP=1
13996951	42	STIM=p
14001144	42	RESP=1
14014078	42	STIM=q
14019040	42	RESP=1
14031263	42	STIM=i
14037338	42	RESP=1
14049887	42	STIM=1
14056002	42	RESP=2
14068885	42	STIM=n
14079738	42	RESP=1
14086788	42	STIM=a
14090945	42	RESP=1
14102691	42	STIM=v
14109619	42	RESP=1
14118797	42	STIM=r
14123828	42	RESP=2
14136460	42	STIM=r
14141425	42	RESP=1
14151579	42	STIM=u
14158229	42	RESP=1
14169708	42	STIM=u
14176974	42	RESP=1
14187866	42	STIM=q
14191322	42	RESP=1
14203714	42	STIM=d
14208169	42	RESP=1
14219856	42	STIM=b
14223722	42	RESP=1
14237227	42	STIM=7
14243219	42	RESP=2
14254958	42	STIM=s
14260683	42	RESP=1
14271482	42	STIM=u
14280045	42	RESP=1
14289587	42	STIM=f
14295182	42	RESP=1
14306539	42	STIM=2
14311086	42	RESP=2
14322031	42	STIM=6
14327728	42	RESP=2
14338932	42	STIM=d
14344999	42	RESP=1
14355292	42	STIM=n
14363043	42	RESP=1
14372057	42	STIM=m
14376836	42	RESP=1
14387544	42	STIM=7
14393030	42	RESP=1
14404386	42	STIM=d
14409046	42	RESP=1
14422275	42	STIM=l
14427270	42	RESP=1
14438232	42	STIM=5
14444418	42	RESP=2
14455990	42	STIM=y
14459801	42	RESP=2
14473220	42	STIM=u
14479703	42	RESP=1
14488678	42	STIM=e
14491787	42	RESP=1
14503731	42	STIM=v
14510459	42	RESP=1
14519398	42	STIM=0
14529938	42	RESP=1
14537793	42	STIM=m
14544413	42	RESP=1
14554840	42	STIM=v
14561702	42	RESP=1
14569873	42	STIM=d
14574401	42	RESP=1
14586436	42	STIM=6
14590403	42	RESP=2
14604589	42	STIM=v
14609156	42	RESP=1
14620156	42	STIM=9
14631293	42	RESP=2
14637249	42	STIM=s
14641662	42	RESP=2
14654345	42	STIM=4
14659484	42	RESP=2
14670110	42	STIM=l
14675656	42	RESP=1
14686734	42	STIM=i
14692765	42	RESP=1
14704705	42	STIM=j
14709516	42	RESP=1
14721946	42	STIM=d
14727790	42	RESP=1
14739964	42	STIM=a
14744314	42	RESP=1
14758172	42	STIM=z
14763864	42	RESP=1
14776316	42	STIM=h
14782805	42	RESP=2
14793936	42	STIM=7
14800425	42	RESP=2
14811284	42	STIM=9
14820742	42	RESP=2
14827478	42	STIM=e
14837627	42	RESP=1
14843690	42	STIM=a
14846865	42	RESP=1
14859631	42	STIM=m
14863150	42	RESP=1
14877556	42	STIM=p
14882344	42	RESP=1
14892917	42	STIM=a
14898323	42	RESP=1
14910080	42	STIM=g
14922642	42	RESP=1
14928543	42	STIM=9
14934917	42	RESP=2
14945950	42	STIM=5
14952552	42	RESP=2
14963066	42	STIM=a
14968605	42	RESP=1
14979524	42	STIM=n
14984021	42	RESP=1
14994707	42	STIM=b
15000084	42	RESP=1
15010577	42	STIM=p
15014516	42	RESP=1
15026289	42	STIM=w
15032623	42	RESP=1
15041841	42	STIM=l
15046348	42	RESP=1
15058742	42	STIM=c
15061471	42	RESP=1
15076358	42	STIM=d
15083217	42	RESP=1
15093222	42	STIM=w
15100414	42	RESP=1
15109084	42	STIM=4
15113931	42	RESP=2
15125285	42	STIM=t
15137222	42	RESP=1
15142476	42	STIM=b
15146860	42	RESP=1
15158907	42	STIM=i
15165536	42	RESP=1
15177777	42	STIM=7
15184628	42	RESP=2
15192905	42	STIM=a
15198702	42	RESP=1
15208176	42	STIM=p
15215915	42	RESP=1
15226710	42	STIM=i
15229473	42	RESP=1
15241867	42	STIM=p
15247649	42	RESP=1
15260047	42	STIM=5
15267758	42	RESP=1
15276534	42	STIM=w
15279444	42	RESP=1
15294689	42	STIM=d
15301249	42	RESP=1
15311561	42	STIM=w
15316284	42	RESP=1
15327179	42	STIM=u
15330998	42	RESP=1
15345892	42	STIM=k
15349653	42	RESP=1
15362078	42	STIM=o
15369294	42	RESP=1
15378050	42	STIM=x
15383010	42	RESP=1
15395449	42	STIM=r
15408131	42	RESP=1
15412709	42	STIM=2
15417818	42	RESP=2
15429622	42	STIM=5
15438347	42	RESP=2
15445823	42	STIM=f
15453070	42	RESP=1
15463041	42	STIM=3
15474165	42	RESP=2
15480216	42	STIM=b
15488416	42	RESP=1
15496899	42	STIM=x
15501176	42	RESP=1
15513400	42	STIM=g
15518797	42	RESP=1
15531880	42	STIM=f
15540107	42	RESP=1
15550601	42	STIM=r
15559425	42	RESP=1
15568072	42	STIM=j
15575030	42	RESP=1
15585197	42	STIM=q
15592690	42	RESP=1
15601576	42	STIM=r
15607642	42	RESP=1
15618905	42	STIM=1
15624135	42	RESP=2
15634531	42	STIM=a
15638997	42	RESP=1
15651278	42	STIM=j
15655340	42	RESP=1
15669405	42	STIM=t
15676744	42	RESP=1
15684627	42	STIM=s
15692312	42	RESP=2
15701040	42	STIM=3
15709030	42	RESP=2
15717658	42	STIM=f
15723221	42	RESP=1
15733810	42	STIM=y
15744938	42	RESP=1
15749849	42	STIM=h
15752882	42	RESP=1
15766169	42	STIM=8
15773181	42	RESP=2
15783094	42	STIM=c
15787380	42	RESP=1
15800763	42	STIM=d
15804774	42	RESP=1
15818517	42	STIM=u
15823770	42	RESP=1
15836775	42	STIM=a
15841553	42	RESP=1
15854747	42	STIM=3
15858493	42	RESP=2
15870926	42	STIM=f
15878372	42	RESP=1
15887319	42	STIM=5
15893040	42	RESP=2
15905132	42	STIM=d
15909220	42	RESP=1
15923428	42	STIM=o
15928371	42	RESP=1
15941588	42	STIM=c
15948052	42	RESP=1
15959090	42	STIM=6
15967416	42	RESP=2
15975307	42	STIM=0
15985076	42	RESP=2
15992248	42	STIM=r
15998523	42	RESP=1
16008140	42	STIM=e
16013189	42	RESP=1
16023254	42	STIM=e
16027830	42	RESP=1
16040067	42	STIM=u
16045883	42	RESP=2
16056207	42	STIM=v
16064693	42	RESP=1
16072751	42	STIM=j
16078438	42	RESP=1
16090936	42	STIM=n
16096358	42	RESP=1
16106620	42	STIM=n
16111951	42	RESP=1
16122918	42	STIM=h
16130399	42	RESP=1
16141667	42	STIM=z
16144209	42	RESP=1
16160649	42	STIM=g
16165466	42	RESP=1
16177472	42	STIM=y
16186366	42	RESP=1
16193066	42	STIM=8
16198661	42	RESP=1
16211000	42	STIM=4
16216171	42	RESP=2
16227937	42	STIM=w
16235675	42	RESP=1
16245303	42	STIM=h
16256281	42	RESP=1
16261610	42	STIM=0
16269799	42	RESP=2
16279597	42	STIM=c
16283896	42	RESP=1
16295837	42	STIM=p
16298993	42	RESP=1
16311859	42	STIM=x
16314935	42	RESP=1
16329377	42	STIM=2
16334673	42	RESP=2
16347035	42	STIM=u
16353937	42	RESP=2
16363559	42	STIM=l
16375151	42	RESP=1
16382526	42	STIM=b
16388570	42	RESP=1
16398776	42	STIM=0
16403081	42	RESP=1
16417141	42	STIM=b
16421345	42	RESP=2
16433346	42	STIM=d
16437235	42	RESP=1
16451537	42	STIM=r
16458176	42	RESP=1
16466662	42	STIM=v
16471301	42	RESP=1
16482335	42	STIM=6
16486235	42	RESP=2
16501307	42	STIM=b
16505947	42	RESP=1
16518943	42	STIM=x
16525079	42	RESP=1
16534073	42	STIM=k
16537618	42	RESP=1
16551516	42	STIM=5
16562065	42	RESP=2
16566879	42	STIM=k
16571213	42	RESP=1
16583604	42	STIM=v
16587595	42	RESP=1
16599291	42	STIM=f
16603436	42	RESP=1
16616356	42	STIM=j
16621954	42	RESP=1
16633062	42	STIM=j
16639494	42	RESP=1
16649269	42	STIM=n
16661349	42	RESP=2
16665261	42	STIM=l
16671329	42	RESP=1
16682141	42	STIM=z
16687655	42	RESP=1
16701060	42	STIM=x
16704428	42	RESP=1
16719194	42	STIM=j
16727300	42	RESP=1
16735065	42	STIM=a
16739043	42	RESP=1
16752083	42	STIM=o
16756407	42	RESP=2
16767728	42	STIM=s
16773707	42	RESP=1
16785924	42	STIM=n
16794498	42	RESP=1
16802761	42	STIM=6
16809957	42	RESP=2
16821599	42	STIM=u
16828990	42	RESP=1
16838440	42	STIM=y
16842442	42	RESP=1
16856357	42	STIM=h
16860502	42	RESP=1
16873199	42	STIM=x
16876831	42	RESP=1
16891191	42	STIM=p
16896485	42	RESP=1
16906557	42	STIM=o
16909792	42	RESP=1
16923369	42	STIM=h
16929830	42	RESP=1
16940146	42	STIM=f
16947461	42	RESP=1
16957025	42	STIM=b
16961992	42	RESP=1
16974938	42	STIM=c
16980338	42	RESP=1
16992700	42	STIM=u
16998793	42	RESP=1
17008551	42	STIM=0
17014462	42	RESP=2
17025294	42	STIM=z
17030122	42	RESP=1
17042512	42	STIM=9
17049495	42	RESP=2
17058992	42	STIM=u
17063582	42	RESP=1
17074525	42	STIM=a
17077999	42	RESP=1
17089752	42	STIM=r
17106084	42	RESP=1
17107888	42	STIM=r
17116225	42	RESP=1
17125752	42	STIM=9
17129805	42	RESP=2
17142472	42	STIM=d
17146054	42	RESP=1
17159567	42	STIM=0
17165541	42	RESP=2
17176108	42	STIM=j
17181024	42	RESP=1
17192441	42	STIM=g
17198335	42	RESP=1
17211147	42	STIM=s
17214336	42	RESP=1
17227891	42	STIM=z
17230938	42	RESP=1
17243828	42	STIM=u
17252247	42	RESP=1
17261467	42	STIM=t
17265671	42	RESP=1
17279516	42	STIM=d
17286723	42	RESP=1
17295470	42	STIM=5
17306440	42	RESP=2
17311355	42	STIM=t
17317410	42	RESP=1
17328552	42	STIM=i
17339487	42	RESP=1
17346516	42	STIM=g
17351909	42	RESP=1
17362903	42	STIM=b
17366721	42	RESP=1
17381801	42	STIM=q
17388910	42	RESP=1
17399889	42	STIM=b
17405238	42	RESP=1
17417406	42	STIM=6
17423677	42	RESP=2
17435197	42	STIM=f
17443097	42	RESP=1
17450895	42	STIM=5
17460193	42	RESP=2
17466427	42	STIM=p
17471145	42	RESP=1
17482341	42	STIM=w
17488673	42	RESP=1
17498596	42	STIM=l
17504472	42	RESP=1
17516558	42	STIM=7
17522206	42	RESP=2
17535286	42	STIM=h
17541040	42	RESP=1
17553823	42	STIM=6
17562195	42	RESP=2
17572173	42	STIM=a
17577077	42	RESP=1
17590619	42	STIM=q
17593811	42	RESP=1
17606713	42	STIM=l
17610656	42	RESP=1
17622541	42	STIM=y
17631175	42	RESP=1
17640738	42	STIM=q
17647004	42	RESP=1
17658027	42	STIM=s
17661741	42	RESP=1
17675404	42	STIM=d
17677902	42	RESP=1
17693345	42	STIM=l
17696632	42	RESP=1
17709760	42	STIM=c
17712654	42	RESP=1
17728517	42	STIM=2
17733138	42	RESP=2
17746428	42	STIM=5
17751686	42	RESP=2
17762038	42	STIM=x
17769857	42	RESP=1
17780313	42	STIM=p
17792568	42	RESP=1
17799001	42	STIM=w
17802139	42	RESP=1
17815059	42	STIM=q
17819143	42	RESP=1
17832546	42	STIM=t
17839428	42	RESP=1
17851497	42	STIM=u
17856755	42	RESP=1
17866701	42	STIM=x
17873394	42	RESP=1
17884292	42	STIM=b
17891107	42	RESP=1
17901874	42	STIM=9
17913711	42	RESP=2
17919229	42	STIM=f
17924555	42	RESP=1
17936867	42	STIM=r
17942613	42	RESP=1
17952080	42	STIM=c
17955931	42	RESP=1
17970689	42	STIM=j
17975670	42	RESP=1
17986870	42	STIM=h
17993016	42	RESP=1
18005212	42	STIM=x
18013302	42	RESP=1
18023353	42	STIM=u
18026930	42	RESP=1
18039177	42	STIM=e
18047710	42	RESP=1
18057091	42	STIM=m
18065335	42	RESP=1
18072925	42	STIM=j
18076733	42	RESP=1
18091242	42	STIM=w
18094799	42	RESP=1
18106323	42	STIM=i
18111815	42	RESP=1
18122862	42	STIM=7
18131328	42	RESP=2
18140446	42	STIM=5
18144590	42	RESP=2
18158697	42	STIM=c
18162118	42	RESP=1
18175631	42	STIM=k
18180725	42	RESP=1
18194116	42	STIM=x
18198954	42	RESP=1
18212393	42	STIM=q
18216804	42	RESP=1
18231284	42	STIM=f
18235016	42	RESP=1
18249473	42	STIM=c
18260819	42	RESP=1
18266390	42	STIM=t
18277153	42	RESP=1
18281920	42	STIM=a
18288523	42	RESP=1
18297047	42	STIM=c
18305155	42	RESP=1
18313649	42	STIM=f
18325227	42	RESP=1
18330341	42	STIM=3
18339273	42	RESP=2
18348599	42	STIM=o
18355555	42	RESP=1
18366822	42	STIM=c
18371624	42	RESP=1
18385585	42	STIM=c
18390923	42	RESP=1
18401294	42	STIM=6
18406990	42	RESP=1
18418390	42	STIM=7
18423588	42	RESP=2
18434552	42	STIM=9
18444721	42	RESP=2
18451096	42	STIM=p
18462818	42	RESP=1
18468174	42	STIM=b
18473599	42	RESP=1
18484825	42	STIM=z
18490371	42	RESP=1
18500294	42	STIM=8
18507253	42	RESP=2
18515683	42	STIM=t
18519099	42	RESP=1
18531409	42	STIM=l
18540499	42	RESP=1
18548165	42	STIM=x
18554431	42	RESP=1
18566802	42	STIM=b
18569756	42	RESP=1
18582235	42	STIM=1
18591281	42	RESP=2
18598565	42	STIM=l
18601738	42	RESP=1
18616874	42	STIM=e
18621298	42	RESP=1
18633943	42	STIM=u
18639979	42	RESP=1
18649828	42	STIM=b
18654018	42	RESP=1
18665296	42	STIM=y
18669507	42	RESP=1
18681380	42	STIM=q
18686050	42	RESP=1
18696522	42	STIM=8
18706684	42	RESP=2
18713990	42	STIM=1
18719640	42	RESP=2
18731539	42	STIM=r
18745639	42	RESP=1
18748841	42	STIM=s
18754748	42	RESP=1
18765080	42	STIM=p
18770922	42	RESP=1
18780507	42	STIM=f
18790846	42	RESP=1
18798663	42	STIM=b
18803912	42	RESP=1
18817009	42	STIM=w
18819932	42	RESP=1
18835328	42	STIM=o
18840044	42	RESP=1
18851447	42	STIM=8
18861677	42	RESP=2
18869134	42	STIM=y
18872356	42	RESP=1
18887855	42	STIM=2
18893589	42	RESP=2
18905022	42	STIM=i
18915625	42	RESP=1
18923766	42	STIM=q
18928873	42	RESP=1
18939298	42	STIM=u
18942947	42	RESP=1
18957784	42	STIM=k
18962635	42	RESP=1
18973657	42	STIM=m
18985904	42	RESP=1
18992527	42	STIM=4
19000246	42	RESP=2
19011482	42	STIM=p
19015411	42	RESP=1
19030336	42	STIM=u
19036387	42	RESP=1
19047666	42	STIM=v
19053359	42	RESP=1
19063580	42	STIM=l
19068363	42	RESP=1
19081019	42	STIM=q
19085183	42	RESP=1
19096562	42	STIM=f
19103395	42	RESP=1
19114212	42	STIM=z
19119528	42	RESP=1
19133014	42	STIM=9
19142688	42	RESP=1
19150662	42	STIM=h
19154584	42	RESP=1
19165986	42	STIM=z
19172052	42	RESP=1
19181663	42	STIM=a
19189313	42	RESP=1
19197267	42	STIM=2
19202744	42	RESP=2
19213572	42	STIM=m
19220468	42	RESP=1
19229223	42	STIM=o
19239054	42	RESP=1
19245988	42	STIM=m
19251638	42	RESP=1
19261357	42	STIM=n
19265792	42	RESP=1
19280032	42	STIM=9
19285206	42	RESP=2
19298948	42	STIM=k
19303153	42	RESP=1
19317405	42	STIM=l
19323550	42	RESP=1
19335041	42	STIM=4
19339022	42	RESP=2
19352756	42	STIM=8
19357018	42	RESP=1
19369629	42	STIM=8
19376846	42	RESP=2
19384966	42	STIM=g
19389679	42	RESP=1
19400402	42	STIM=c
19405641	42	RESP=1
19417583	42	STIM=s
19422684	42	RESP=1
19432959	42	STIM=e
19435811	42	RESP=1
19449013	42	STIM=8
19457260	42	RESP=2
19467578	42	STIM=q
19473034	42	RESP=1
19486352	42	STIM=t
19494309	42	RESP=1
19502281	42	STIM=q
19511339	42	RESP=1
19517566	42	STIM=c
19523529	42	RESP=1
19533543	42	STIM=u
19537446	42	RESP=1
19550219	42	STIM=q
19556302	42	RESP=1
19566763	42	STIM=o
19569604	42	RESP=1
19583637	42	STIM=m
19587347	42	RESP=1
19600991	42	STIM=k
19609029	42	RESP=1
19619547	42	STIM=w
19628016	42	RESP=1
19636231	42	STIM=e
19644446	42	RESP=2
19652469	42	STIM=c
19657453	42	RESP=1
19669587	42	STIM=1
19673734	42	RESP=2
19684593	42	STIM=g
19691421	42	RESP=1
19702334	42	STIM=n
19706543	42	RESP=1
19719694	42	STIM=y
19730391	42	RESP=1
19737626	42	STIM=y
19740588	42	RESP=1
19755313	42	STIM=f
19760406	42	RESP=1
19771938	42	STIM=i
19775810	42	RESP=1
19788136	42	STIM=z
19795363	42	RESP=1
19806960	42	STIM=p
19810916	42	RESP=1
19822455	42	STIM=h
19828515	42	RESP=1
19840973	42	STIM=r
19848730	42	RESP=1
19856178	42	STIM=i
19859015	42	RESP=1
19871314	42	STIM=1
19879006	42	RESP=2
19888612	42	STIM=s
19897954	42	RESP=1
19904887	42	STIM=u
19913782	42	RESP=1
19923452	42	STIM=j
19929676	42	RESP=1
19939524	42	STIM=1
19948076	42	RESP=2
19956911	42	STIM=8
19963038	42	RESP=2
19973008	42	STIM=l
19978167	42	RESP=1
19991715	42	STIM=d
19998206	42	RESP=1
20008974	42	STIM=f
20016048	42	RESP=1
20024887	42	STIM=f
20028798	42	RESP=1
20043689	42	STIM=q
20050948	42	RESP=1
20059167	42	STIM=i
20067828	42	RESP=1
20074696	42	STIM=x
20077931	42	RESP=2
20093212	42	STIM=z
20100207	42	RESP=1
20109642	42	STIM=2
20122394	42	RESP=1
20127719	42	STIM=a
20133810	42	RESP=1
20146478	42	STIM=b
20151600	42	RESP=1
20164789	42	STIM=s
20168251	42	RESP=1
20182351	42	STIM=x
20186410	42	RESP=1
20199861	42	STIM=u
20205773	42	RESP=1
20216582	42	STIM=i
20222294	42	RESP=1
20231736	42	STIM=k
20235923	42	RESP=1
20249679	42	STIM=q
20254095	42	RESP=1
20265002	42	STIM=a
20272174	42	RESP=1
20283138	42	STIM=t
20289713	42	RESP=1
20298768	42	STIM=h
20304874	42	RESP=1
20314647	42	STIM=3
20319274	42	RESP=2
20333112	42	STIM=c
20337485	42	RESP=1
20350130	42	STIM=e
20358439	42	RESP=1
20366325	42	STIM=n
20380786	42	RESP=1
20381465	42	STIM=c
20387959	42	RESP=1
20399082	42	STIM=f
20406811	42	RESP=1
20415560	42	STIM=i
20422130	42	RESP=1
20431456	42	STIM=u
20435967	42	RESP=1
20447421	42	STIM=t
20455210	42	RESP=1
20466236	42	STIM=1
20476080	42	RESP=2
20482512	42	STIM=e
20487124	42	RESP=1
20498668	42	STIM=c
20505601	42	RESP=2
20515939	42	STIM=h
20519790	42	RESP=1
20532558	42	STIM=8
20538120	42	RESP=2
20548922	42	STIM=h
20558395	42	RESP=1
20564801	42	STIM=2
20570855	42	RESP=1
20582304	42	STIM=j
20588852	42	RESP=1
20601120	42	STIM=p
20605964	42	RESP=1
20619772	42	STIM=v
20626927	42	RESP=1
20635670	42	STIM=b
20641115	42	RESP=1
20652453	42	STIM=h
20655249	42	RESP=1
20667951	42	STIM=g
20672031	42	RESP=1
20685320	42	STIM=t
20689227	42	RESP=1
20702560	42	STIM=g
20709198	42	RESP=1
20719263	42	STIM=y
20726261	42	RESP=1
20735720	42	STIM=a
20746523	42	RESP=1
20752879	42	STIM=p
20760417	42	RESP=1
20769285	42	STIM=e
20778840	42	RESP=1
20788057	42	STIM=d
20798521	42	RESP=1
20806664	42	STIM=2
20819188	42	RESP=2
20825516	42	STIM=o
20829088	42	RESP=1
20841126	42	STIM=u
20847715	42	RESP=1
20859056	42	STIM=4
20864042	42	RESP=2
20877951	42	STIM=b
20882458	42	RESP=1
20893602	42	STIM=p
20899962	42	RESP=1
20912221	42	STIM=4
20917188	42	RESP=2
20929643	42	STIM=u
20935290	42	RESP=1
20946509	42	STIM=d
20955554	42	RESP=1
20962704	42	STIM=n
20968728	42	RESP=1
20979114	42	STIM=n
20981452	42	RESP=1
20997723	42	STIM=y
21003890	42	RESP=1
21014441	42	STIM=q
21020958	42	RESP=2
21030688	42	STIM=k
21036589	42	RESP=1
21046097	42	STIM=z
21049478	42	RESP=1
21061977	42	STIM=u
21071350	42	RESP=1
21080655	42	STIM=7
21087214	42	RESP=2
21099487	42	STIM=1
21103995	42	RESP=2
21116706	42	STIM=n
21125808	42	RESP=1
21133797	42	STIM=6
21140794	42	RESP=2
21150671	42	STIM=n
21156777	42	RESP=1
21169533	42	STIM=q
21176102	42	RESP=1
21187922	42	STIM=h
21193440	42	RESP=1
21205089	42	STIM=q
21209770	42	RESP=1
21220514	42	STIM=7
21224988	42	RESP=2
21238571	42	STIM=q
21245645	42	RESP=1
21254051	42	STIM=f
21257627	42	RESP=1
21271542	42	STIM=q
21278517	42	RESP=1
21286554	42	STIM=7
21294469	42	RESP=2
21301778	42	STIM=d
21305872	42	RESP=1
21319148	42	STIM=n
21324848	42	RESP=1
21336760	42	STIM=m
21340557	42	RESP=2
21355452	42	STIM=y
21360470	42	RESP=1
21371012	42	STIM=0
21380248	42	RESP=2
21388758	42	STIM=0
21394815	42	RESP=2
21407452	42	STIM=k
21413270	42	RESP=1
21426224	42	STIM=3
21430929	42	RESP=1
21442498	42	STIM=3
21448233	42	RESP=1
21460775	42	STIM=b
21464304	42	RESP=1
21476438	42	STIM=i
21482863	42	RESP=1
21494400	42	STIM=1
21500347	42	RESP=2
21511211	42	STIM=g
21515093	42	RESP=1
21527917	42	STIM=w
21531464	42	RESP=1
21546121	42	STIM=z
21550068	42	RESP=1
21564398	42	STIM=r
21568864	42	RESP=1
21579464	42	STIM=a
21584913	42	RESP=1
21596872	42	STIM=q
21599597	42	RESP=1
21612469	42	STIM=8
21618586	42	RESP=2
21630012	42	STIM=r
21637268	42	RESP=1
21646129	42	STIM=8
21652372	42	RESP=2
21662612	42	STIM=e
21668629	42	RESP=1
21678521	42	STIM=3
21682806	42	RESP=2
21693939	42	STIM=m
21697938	42	RESP=1
21711228	42	STIM=o
21718777	42	RESP=2
21730101	42	STIM=i
21735182	42	RESP=2
21745201	42	STIM=z
21749766	42	RESP=1
21762183	42	STIM=n
21768228	42	RESP=1
