# Original filename: 0034_TRY_2016-12-16.log
# Time unit: 100 us
# RARECAT=digit
#
# Time	HHGG	Event
37999	42	STIM=o
42583	42	RESP=1
53913	42	STIM=u
61006	42	RESP=1
70481	42	STIM=v
73467	42	RESP=1
86708	42	STIM=b
95938	42	RESP=1
103991	42	STIM=v
109156	42	RESP=1
119161	42	STIM=i
124832	42	RESP=1
137143	42	STIM=5
145367	42	RESP=2
153948	42	STIM=n
157970	42	RESP=1
171260	42	STIM=k
174856	42	RESP=1
188001	42	STIM=j
198057	42	RESP=1
203532	42	STIM=z
208921	42	RESP=1
220427	42	STIM=r
226880	42	RESP=1
238637	42	STIM=n
242722	42	RESP=1
257403	42	STIM=k
264464	42	RESP=1
273280	42	STIM=c
279957	42	RESP=1
289978	42	STIM=0
298442	42	RESP=2
306910	42	STIM=d
310283	42	RESP=1
324634	42	STIM=6
330470	42	RESP=2
341470	42	STIM=m
346352	42	RESP=1
360373	42	STIM=x
363931	42	RESP=2
376149	42	STIM=m
382869	42	RESP=1
393886	42	STIM=1
401286	42	RESP=2
408896	42	STIM=j
418270	42	RESP=1
426034	42	STIM=5
432285	42	RESP=2
442183	42	STIM=r
452383	42	RESP=1
459133	42	STIM=q
463955	42	RESP=1
474782	42	STIM=e
479681	42	RESP=1
493565	42	STIM=l
497312	42	RESP=2
511682	42	STIM=i
524503	42	RESP=1
529413	42	STIM=o
533641	42	RESP=1
545920	42	STIM=3
554978	42	RESP=2
564330	42	STIM=a
568367	42	RESP=2
581085	42	STIM=t
585413	42	RESP=1
596137	42	STIM=l
606644	42	RESP=1
611916	42	STIM=h
615918	42	RESP=1
628064	42	STIM=i
637407	42	RESP=1
644119	42	STIM=0
652385	42	RESP=2
662294	42	STIM=q
665560	42	RESP=1
680687	42	STIM=p
684286	42	RESP=1
696737	42	STIM=6
702263	42	RESP=2
712194	42	STIM=o
716383	42	RESP=1
728433	42	STIM=g
732615	42	RESP=1
744152	42	STIM=h
751964	42	RESP=1
759375	42	STIM=c
765777	42	RESP=1
774899	42	STIM=e
781638	42	RESP=1
792812	42	STIM=l
797704	42	RESP=1
811567	42	STIM=l
815939	42	RESP=1
828078	42	STIM=g
832797	42	RESP=1
846901	42	STIM=i
851084	42	RESP=1
862864	42	STIM=u
869130	42	RESP=1
878475	42	STIM=1
885920	42	RESP=1
896585	42	STIM=n
901581	42	RESP=1
912709	42	STIM=2
918813	42	RESP=1
930844	42	STIM=w
935416	42	RESP=1
948103	42	STIM=e
952177	42	RESP=1
965485	42	STIM=r
969456	42	RESP=1
984151	42	STIM=5
992692	42	RESP=2
1002059	42	STIM=z
1008933	42	RESP=1
1020150	42	STIM=2
1032851	42	RESP=2
1037072	42	STIM=7
1045980	42	RESP=2
1054414	42	STIM=8
1064843	42	RESP=2
1070218	42	STIM=2
1075879	42	RESP=2
1088295	42	STIM=p
1096681	42	RESP=1
1104945	42	STIM=w
1111167	42	RESP=1
1119959	42	STIM=t
1124034	42	RESP=1
1136059	42	STIM=u
1142549	42	RESP=1
1154608	42	STIM=r
1160037	42	RESP=1
1169788	42	STIM=8
1178530	42	RESP=2
1187052	42	STIM=j
1192019	42	RESP=1
1204644	42	STIM=z
1208332	42	RESP=1
1222078	42	STIM=k
1229248	42	RESP=1
1237742	42	STIM=7
1243668	42	RESP=2
1254520	42	STIM=i
1258607	42	RESP=1
1269799	42	STIM=d
1274882	42	RESP=1
1288242	42	STIM=m
1294089	42	RESP=1
1303583	42	STIM=x
1306832	42	RESP=1
1321960	42	STIM=1
1329446	42	RESP=2
1339832	42	STIM=m
1346416	42	RESP=1
1358553	42	STIM=u
1363744	42	RESP=1
1375574	42	STIM=k
1380333	42	RESP=2
1392488	42	STIM=f
1398745	42	RESP=1
1411169	42	STIM=e
1414339	42	RESP=1
1427081	42	STIM=8
1430829	42	RESP=2
1442614	42	STIM=3
1450436	42	RESP=2
1458960	42	STIM=9
1466622	42	RESP=1
1476019	42	STIM=e
1481995	42	RESP=1
1494196	42	STIM=z
1501589	42	RESP=1
1510655	42	STIM=b
1516409	42	RESP=1
1528146	42	STIM=y
1533236	42	RESP=1
1544277	42	STIM=b
1548194	42	RESP=1
1561434	42	STIM=l
1566888	42	RESP=1
1580162	42	STIM=6
1585600	42	RESP=1
1596664	42	STIM=y
1602009	42	RESP=1
1611732	42	STIM=4
1618819	42	RESP=2
1628821	42	STIM=a
1635944	42	RESP=1
1647388	42	STIM=a
1655195	42	RESP=1
1666328	42	STIM=i
1671911	42	RESP=1
1682424	42	STIM=5
1688440	42	RESP=1
1699622	42	STIM=3
1707020	42	RESP=2
1715818	42	STIM=q
1720953	42	RESP=1
1732963	42	STIM=w
1739599	42	RESP=1
1751409	42	STIM=4
1758184	42	RESP=1
1766899	42	STIM=r
1773905	42	RESP=1
1784696	42	STIM=a
1790098	42	RESP=1
1802023	42	STIM=z
1810027	42	RESP=1
1817856	42	STIM=q
1825442	42	RESP=1
1835456	42	STIM=j
1839210	42	RESP=1
1852116	42	STIM=j
1855853	42	RESP=1
1869312	42	STIM=6
1876231	42	RESP=2
1887986	42	STIM=o
1891496	42	RESP=1
1903713	42	STIM=j
1912256	42	RESP=1
1921119	42	STIM=f
1925647	42	RESP=1
1937422	42	STIM=3
1941910	42	RESP=1
1954141	42	STIM=p
1957841	42	RESP=1
1971001	42	STIM=o
1977465	42	RESP=1
1986969	42	STIM=d
2000478	42	RESP=1
2002320	42	STIM=3
2012087	42	RESP=2
2017836	42	STIM=i
2023328	42	RESP=1
2036509	42	STIM=w
2042655	42	RESP=1
2053638	42	STIM=l
2056604	42	RESP=1
2071222	42	STIM=j
2075983	42	RESP=1
2087584	42	STIM=l
2096787	42	RESP=1
2103485	42	STIM=7
2107535	42	RESP=2
2122025	42	STIM=u
2126355	42	RESP=2
2139608	42	STIM=v
2147011	42	RESP=1
2155280	42	STIM=h
2162920	42	RESP=1
2173425	42	STIM=w
2177545	42	RESP=1
2188649	42	STIM=e
2193040	42	RESP=1
2205131	42	STIM=p
2207898	42	RESP=1
2221576	42	STIM=f
2226626	42	RESP=1
2237425	42	STIM=y
2240771	42	RESP=1
2252450	42	STIM=v
2258533	42	RESP=1
2267536	42	STIM=t
2277121	42	RESP=1
2284237	42	STIM=n
2290603	42	RESP=1
2300510	42	STIM=n
2305648	42	RESP=1
2318470	42	STIM=7
2327041	42	RESP=1
2337399	42	STIM=y
2343097	42	RESP=2
2353089	42	STIM=s
2358385	42	RESP=1
2368419	42	STIM=z
2375046	42	RESP=1
2383775	42	STIM=h
2387020	42	RESP=1
2399107	42	STIM=e
2404846	42	RESP=1
2414241	42	STIM=a
2417766	42	RESP=1
2431273	42	STIM=5
2444790	42	RESP=2
2446509	42	STIM=r
2451444	42	RESP=1
2462209	42	STIM=j
2468196	42	RESP=1
2477769	42	STIM=v
2481362	42	RESP=1
2494774	42	STIM=q
2503567	42	RESP=1
2511329	42	STIM=0
2523805	42	RESP=2
2528595	42	STIM=3
2532862	42	RESP=2
2546777	42	STIM=i
2551720	42	RESP=1
2564276	42	STIM=i
2567855	42	RESP=1
2581490	42	STIM=c
2588756	42	RESP=1
2597277	42	STIM=g
2601349	42	RESP=1
2614169	42	STIM=3
2619033	42	RESP=2
2629432	42	STIM=u
2638021	42	RESP=1
2647026	42	STIM=e
2654017	42	RESP=1
2663811	42	STIM=h
2666804	42	RESP=1
2682710	42	STIM=t
2687993	42	RESP=1
2700307	42	STIM=b
2704777	42	RESP=1
2716033	42	STIM=t
2724007	42	RESP=1
2732356	42	STIM=r
2736207	42	RESP=1
2750524	42	STIM=0
2756411	42	RESP=2
2768777	42	STIM=w
2780134	42	RESP=1
2785834	42	STIM=p
2788837	42	RESP=1
2801871	42	STIM=p
2806731	42	RESP=1
2816912	42	STIM=t
2822548	42	RESP=1
2834646	42	STIM=d
2841174	42	RESP=1
2852327	42	STIM=a
2864510	42	RESP=1
2871316	42	STIM=9
2875808	42	RESP=2
2887453	42	STIM=7
2893269	42	RESP=2
2904263	42	STIM=l
2909636	42	RESP=1
2923011	42	STIM=1
2933979	42	RESP=2
2940016	42	STIM=z
2944628	42	RESP=1
2955885	42	STIM=x
2961886	42	RESP=1
2973473	42	STIM=g
2980493	42	RESP=1
2989177	42	STIM=b
2997920	42	RESP=1
3006380	42	STIM=3
3011619	42	RESP=1
3025281	42	STIM=e
3032174	42	RESP=1
3043843	42	STIM=f
3050837	42	RESP=1
3060539	42	STIM=g
3066082	42	RESP=1
3077176	42	STIM=s
3085079	42	RESP=1
3095415	42	STIM=m
3107471	42	RESP=1
3112308	42	STIM=q
3119899	42	RESP=1
3131058	42	STIM=h
3135286	42	RESP=1
3149315	42	STIM=7
3157421	42	RESP=2
3167264	42	STIM=f
3170992	42	RESP=2
3183956	42	STIM=y
3191424	42	RESP=1
3200535	42	STIM=k
3204958	42	RESP=1
3219112	42	STIM=y
3222407	42	RESP=1
3234713	42	STIM=z
3243364	42	RESP=1
3250394	42	STIM=m
3258137	42	RESP=1
3267833	42	STIM=c
3275916	42	RESP=1
3285440	42	STIM=y
3290437	42	RESP=1
3303541	42	STIM=o
3306830	42	RESP=1
3318920	42	STIM=t
3324645	42	RESP=1
3337182	42	STIM=t
3345000	42	RESP=1
3355560	42	STIM=x
3361459	42	RESP=1
3373977	42	STIM=c
3381094	42	RESP=1
3392169	42	STIM=e
3396185	42	RESP=1
3410103	42	STIM=b
3413394	42	RESP=2
3426009	42	STIM=y
3431014	42	RESP=1
3444623	42	STIM=o
3449174	42	RESP=1
3460599	42	STIM=q
3468842	42	RESP=1
3478333	42	STIM=t
3484261	42	RESP=2
3496920	42	STIM=v
3508756	42	RESP=1
3513887	42	STIM=b
3518693	42	RESP=1
3531337	42	STIM=h
3538473	42	RESP=1
3549615	42	STIM=p
3563305	42	RESP=1
3565285	42	STIM=t
3570352	42	RESP=1
3580523	42	STIM=c
3584996	42	RESP=2
3596285	42	STIM=d
3607113	42	RESP=1
3614510	42	STIM=v
3619272	42	RESP=1
3631396	42	STIM=2
3636885	42	RESP=2
3648481	42	STIM=4
3656937	42	RESP=2
3664384	42	STIM=5
3676664	42	RESP=2
3681147	42	STIM=q
3688810	42	RESP=1
3696269	42	STIM=7
3700905	42	RESP=2
3712182	42	STIM=h
3718635	42	RESP=1
3729281	42	STIM=q
3735756	42	RESP=1
3746825	42	STIM=e
3756058	42	RESP=1
3763903	42	STIM=9
3769882	42	RESP=2
3780687	42	STIM=2
3790271	42	RESP=2
3796176	42	STIM=p
3799230	42	RESP=1
3811652	42	STIM=2
3816279	42	RESP=2
3828572	42	STIM=8
3834051	42	RESP=2
3845802	42	STIM=v
3853504	42	RESP=1
3861935	42	STIM=f
3866694	42	RESP=2
3880814	42	STIM=f
3887685	42	RESP=1
3897761	42	STIM=n
3902493	42	RESP=1
3915590	42	STIM=q
3918527	42	RESP=1
3930878	42	STIM=z
3934730	42	RESP=1
3949632	42	STIM=b
3953679	42	RESP=1
3965886	42	STIM=p
3970753	42	RESP=1
3982880	42	STIM=1
3988466	42	RESP=2
3999064	42	STIM=q
4003924	42	RESP=1
4015370	42	STIM=v
4020702	42	RESP=1
4031960	42	STIM=u
4036242	42	RESP=1
4048989	42	STIM=g
4054062	42	RESP=1
4064499	42	STIM=v
4070811	42	RESP=1
4079630	42	STIM=p
4084182	42	RESP=1
4095734	42	STIM=x
4102215	42	RESP=1
4111718	42	STIM=t
4115396	42	RESP=1
4129210	42	STIM=v
4134801	42	RESP=1
4145749	42	STIM=7
4153399	42	RESP=2
4162302	42	STIM=w
4174676	42	RESP=1
4181143	42	STIM=x
4192461	42	RESP=1
4198031	42	STIM=o
4202886	42	RESP=1
4216803	42	STIM=g
4225068	42	RESP=2
4234135	42	STIM=u
4239422	42	RESP=1
4252003	42	STIM=e
4257666	42	RESP=1
4270435	42	STIM=5
4274800	42	RESP=2
4285956	42	STIM=o
4291742	42	RESP=1
4302349	42	STIM=i
4305354	42	RESP=1
4319405	42	STIM=v
4322948	42	RESP=2
4336517	42	STIM=z
4344190	42	RESP=2
4353694	42	STIM=f
4360466	42	RESP=1
4372169	42	STIM=o
4378018	42	RESP=1
4387958	42	STIM=3
4394361	42	RESP=2
4403349	42	STIM=l
4414877	42	RESP=1
4420337	42	STIM=e
4425638	42	RESP=1
4437208	42	STIM=p
4449104	42	RESP=1
4452449	42	STIM=u
4455474	42	RESP=1
4471339	42	STIM=p
4475669	42	RESP=1
4487361	42	STIM=n
4496005	42	RESP=1
4505429	42	STIM=k
4512858	42	RESP=1
4522642	42	STIM=h
4528807	42	RESP=1
4539625	42	STIM=q
4543500	42	RESP=1
4557299	42	STIM=s
4560463	42	RESP=1
4574496	42	STIM=5
4581371	42	RESP=2
4591467	42	STIM=r
4595464	42	RESP=1
4608091	42	STIM=6
4614922	42	RESP=2
4624516	42	STIM=w
4628597	42	RESP=1
4643402	42	STIM=k
4652227	42	RESP=1
4661174	42	STIM=o
4664034	42	RESP=1
4678023	42	STIM=g
4681185	42	RESP=1
4693228	42	STIM=e
4697990	42	RESP=1
4709378	42	STIM=l
4713479	42	RESP=1
4725771	42	STIM=v
4729640	42	RESP=1
4742352	42	STIM=2
4749286	42	RESP=2
4760503	42	STIM=n
4763243	42	RESP=1
4778721	42	STIM=g
4782887	42	RESP=1
4796999	42	STIM=l
4804604	42	RESP=1
4814668	42	STIM=b
4818678	42	RESP=1
4829834	42	STIM=w
4837825	42	RESP=1
4845139	42	STIM=m
4848717	42	RESP=1
4861266	42	STIM=l
4864485	42	RESP=1
4877293	42	STIM=q
4887242	42	RESP=1
4893154	42	STIM=r
4898237	42	RESP=1
4911798	42	STIM=0
4916771	42	RESP=2
4927022	42	STIM=3
4933916	42	RESP=2
4944677	42	STIM=a
4948787	42	RESP=1
4963236	42	STIM=j
4970304	42	RESP=1
4979259	42	STIM=h
4981782	42	RESP=1
4997343	42	STIM=n
5003341	42	RESP=1
5014321	42	STIM=n
5018996	42	RESP=1
5030867	42	STIM=9
5035998	42	RESP=2
5048966	42	STIM=v
5053435	42	RESP=1
5067359	42	STIM=7
5076457	42	RESP=2
5083941	42	STIM=d
5090241	42	RESP=1
5102875	42	STIM=i
5107719	42	RESP=1
5121226	42	STIM=b
5128582	42	RESP=1
5137118	42	STIM=s
5140949	42	RESP=1
5152161	42	STIM=c
5159439	42	RESP=1
5167851	42	STIM=v
5174487	42	RESP=2
5186360	42	STIM=k
5189155	42	RESP=1
5201448	42	STIM=e
5205221	42	RESP=1
5220323	42	STIM=u
5223556	42	RESP=1
5238031	42	STIM=j
5242711	42	RESP=1
5253709	42	STIM=u
5262942	42	RESP=1
5269068	42	STIM=x
5276900	42	RESP=2
5286397	42	STIM=i
5293841	42	RESP=1
5302751	42	STIM=t
5307302	42	RESP=1
5321263	42	STIM=h
5326404	42	RESP=1
5336923	42	STIM=3
5340763	42	RESP=2
5355368	42	STIM=c
5362686	42	RESP=1
5373955	42	STIM=u
5378682	42	RESP=1
5391054	42	STIM=w
5394726	42	RESP=1
5408757	42	STIM=e
5411788	42	RESP=1
5425993	42	STIM=8
5432293	42	RESP=2
5441017	42	STIM=j
5445388	42	RESP=1
5457827	42	STIM=n
5463375	42	RESP=1
5473642	42	STIM=k
5479258	42	RESP=1
5489162	42	STIM=e
5492757	42	RESP=2
5506020	42	STIM=i
5511622	42	RESP=2
5522146	42	STIM=8
5528860	42	RESP=1
5540568	42	STIM=7
5546761	42	RESP=2
5559350	42	STIM=2
5564903	42	RESP=2
5578081	42	STIM=x
5583097	42	RESP=1
5593380	42	STIM=p
5598586	42	RESP=1
5608602	42	STIM=j
5612234	42	RESP=1
5624291	42	STIM=0
5632113	42	RESP=1
5643072	42	STIM=b
5649710	42	RESP=1
5661317	42	STIM=b
5665595	42	RESP=1
5678878	42	STIM=i
5681735	42	RESP=2
5696850	42	STIM=q
5703224	42	RESP=1
5713101	42	STIM=e
5719176	42	RESP=1
5728434	42	STIM=w
5733035	42	RESP=1
5743889	42	STIM=d
5748062	42	RESP=1
5762605	42	STIM=2
5770676	42	RESP=2
5778003	42	STIM=k
5790333	42	RESP=1
5796412	42	STIM=v
5800204	42	RESP=1
5811646	42	STIM=c
5819434	42	RESP=1
5829324	42	STIM=4
5836771	42	RESP=2
5846831	42	STIM=k
5853818	42	RESP=1
5863430	42	STIM=a
5868531	42	RESP=1
5879071	42	STIM=c
5887048	42	RESP=1
5895429	42	STIM=f
5899207	42	RESP=1
5912278	42	STIM=k
5915754	42	RESP=1
5929105	42	STIM=5
5933121	42	RESP=2
5946953	42	STIM=c
5955558	42	RESP=1
5962318	42	STIM=k
5966384	42	RESP=1
5979410	42	STIM=e
5984355	42	RESP=1
5998236	42	STIM=s
6002883	42	RESP=1
6014811	42	STIM=s
6018493	42	RESP=1
6030799	42	STIM=b
6035070	42	RESP=1
6045990	42	STIM=p
6056385	42	RESP=1
6061007	42	STIM=2
6068615	42	RESP=1
6077897	42	STIM=h
6082328	42	RESP=1
6096669	42	STIM=y
6103235	42	RESP=2
6112311	42	STIM=v
6118857	42	RESP=1
6130325	42	STIM=2
6140568	42	RESP=2
6148119	42	STIM=n
6155615	42	RESP=1
6163184	42	STIM=h
6168295	42	RESP=1
6180846	42	STIM=5
6190044	42	RESP=2
6198886	42	STIM=5
6203934	42	RESP=2
6216418	42	STIM=j
6221038	42	RESP=1
6233466	42	STIM=9
6241681	42	RESP=2
6250653	42	STIM=i
6254198	42	RESP=1
6268874	42	STIM=o
6272122	42	RESP=1
6284227	42	STIM=9
6289467	42	RESP=2
6302691	42	STIM=y
6308502	42	RESP=1
6317969	42	STIM=q
6322234	42	RESP=1
6335731	42	STIM=n
6338374	42	RESP=1
6352309	42	STIM=q
6358712	42	RESP=1
6367730	42	STIM=t
6375778	42	RESP=1
6382905	42	STIM=z
6386308	42	RESP=1
6398249	42	STIM=i
6407155	42	RESP=2
6416374	42	STIM=r
6424108	42	RESP=1
6432711	42	STIM=e
6437256	42	RESP=2
6451373	42	STIM=v
6459081	42	RESP=1
6467729	42	STIM=3
6474408	42	RESP=2
6485117	42	STIM=6
6492900	42	RESP=2
6500448	42	STIM=r
6508025	42	RESP=1
6516290	42	STIM=p
6520543	42	RESP=1
6532994	42	STIM=4
6540182	42	RESP=1
6548085	42	STIM=t
6550866	42	RESP=1
6566896	42	STIM=5
6570762	42	RESP=2
6582392	42	STIM=q
6585796	42	RESP=1
6600060	42	STIM=q
6604725	42	RESP=2
6616513	42	STIM=o
6619451	42	RESP=1
6634623	42	STIM=y
6640911	42	RESP=1
6649793	42	STIM=n
6656475	42	RESP=1
6665232	42	STIM=a
6672202	42	RESP=1
6682346	42	STIM=f
6687740	42	RESP=1
6699625	42	STIM=0
6705834	42	RESP=2
6715595	42	STIM=f
6723101	42	RESP=1
6733580	42	STIM=h
6739367	42	RESP=1
6750988	42	STIM=j
6763547	42	RESP=1
6768393	42	STIM=o
6772221	42	RESP=1
6786575	42	STIM=6
6792840	42	RESP=2
6804878	42	STIM=p
6811438	42	RESP=1
6823807	42	STIM=o
6827852	42	RESP=1
6839694	42	STIM=0
6849203	42	RESP=2
6855936	42	STIM=b
6861855	42	RESP=1
6874573	42	STIM=0
6880746	42	RESP=2
6891602	42	STIM=6
6896678	42	RESP=2
6908707	42	STIM=x
6913374	42	RESP=1
6923858	42	STIM=q
6928104	42	RESP=1
6941240	42	STIM=p
6945871	42	RESP=1
6956286	42	STIM=p
6961164	42	RESP=1
6971753	42	STIM=x
6979553	42	RESP=1
6988289	42	STIM=l
6995428	42	RESP=1
7007141	42	STIM=2
7013846	42	RESP=2
7024984	42	STIM=2
7032310	42	RESP=2
7041659	42	STIM=l
7045735	42	RESP=1
7057176	42	STIM=x
7064230	42	RESP=1
7073224	42	STIM=p
7077370	42	RESP=1
7088599	42	STIM=z
7093263	42	RESP=1
7104746	42	STIM=c
7108744	42	RESP=1
7119974	42	STIM=d
7125639	42	RESP=1
7135402	42	STIM=o
7143379	42	RESP=2
7151990	42	STIM=3
7159366	42	RESP=2
7169231	42	STIM=m
7177441	42	RESP=1
7184552	42	STIM=2
7188454	42	RESP=2
7200616	42	STIM=9
7205695	42	RESP=1
7219284	42	STIM=l
7222545	42	RESP=1
7237148	42	STIM=k
7242655	42	RESP=1
7254373	42	STIM=e
7261263	42	RESP=1
7269681	42	STIM=e
7273490	42	RESP=1
7287936	42	STIM=2
7297228	42	RESP=2
7305532	42	STIM=6
7311737	42	RESP=2
7321271	42	STIM=0
7327725	42	RESP=2
7337582	42	STIM=f
7341573	42	RESP=1
7355714	42	STIM=x
7361150	42	RESP=1
7372881	42	STIM=m
7380019	42	RESP=1
7388198	42	STIM=g
7393847	42	RESP=1
7406353	42	STIM=f
7412166	42	RESP=1
7423015	42	STIM=5
7426549	42	RESP=2
7438336	42	STIM=r
7445559	42	RESP=1
7453796	42	STIM=8
7458670	42	RESP=2
7469601	42	STIM=a
7473669	42	RESP=2
7485013	42	STIM=p
7491230	42	RESP=1
7503629	42	STIM=g
7509779	42	RESP=1
7521892	42	STIM=l
7525743	42	RESP=1
7538130	42	STIM=n
7544559	42	RESP=1
7556868	42	STIM=w
7564199	42	RESP=1
7573366	42	STIM=w
7579163	42	RESP=1
7592319	42	STIM=i
7597308	42	RESP=1
7608376	42	STIM=m
7611741	42	RESP=1
7625287	42	STIM=q
7638419	42	RESP=1
7642602	42	STIM=b
7648505	42	RESP=1
7660563	42	STIM=p
7665500	42	RESP=1
7676271	42	STIM=p
7681389	42	RESP=1
7692181	42	STIM=n
7698151	42	RESP=1
7707824	42	STIM=3
7714021	42	RESP=2
7725094	42	STIM=p
7732389	42	RESP=1
7741699	42	STIM=l
7746095	42	RESP=1
7757931	42	STIM=m
7767113	42	RESP=1
7776039	42	STIM=2
7781758	42	RESP=1
7793611	42	STIM=x
7799996	42	RESP=1
7808995	42	STIM=q
7816656	42	RESP=1
7824103	42	STIM=n
7828731	42	RESP=1
7840909	42	STIM=m
7845259	42	RESP=1
7856636	42	STIM=b
7861724	42	RESP=1
7873713	42	STIM=c
7881986	42	RESP=1
7891555	42	STIM=e
7895666	42	RESP=1
7908621	42	STIM=i
7915714	42	RESP=1
7926124	42	STIM=f
7936436	42	RESP=1
7944987	42	STIM=w
7951607	42	RESP=1
7961676	42	STIM=y
7968996	42	RESP=1
7980055	42	STIM=h
7982622	42	RESP=1
7998572	42	STIM=c
8004510	42	RESP=1
8016476	42	STIM=c
8022469	42	RESP=1
8034533	42	STIM=3
8040376	42	RESP=2
8052935	42	STIM=x
8057408	42	RESP=1
8069789	42	STIM=d
8076407	42	RESP=1
8086874	42	STIM=a
8092101	42	RESP=1
8104849	42	STIM=d
8109189	42	RESP=1
8121806	42	STIM=n
8125320	42	RESP=2
8140329	42	STIM=o
8146058	42	RESP=1
8158539	42	STIM=u
8165095	42	RESP=1
8174670	42	STIM=d
8178117	42	RESP=1
8192866	42	STIM=d
8197299	42	RESP=1
8208611	42	STIM=u
8214341	42	RESP=1
8227273	42	STIM=u
8230577	42	RESP=1
8242421	42	STIM=e
8249640	42	RESP=1
8259373	42	STIM=3
8266826	42	RESP=2
8274641	42	STIM=l
8281585	42	RESP=1
8292214	42	STIM=c
8296457	42	RESP=1
8307528	42	STIM=p
8310268	42	RESP=1
8325304	42	STIM=b
8330715	42	RESP=1
8340935	42	STIM=a
8346383	42	RESP=1
8358626	42	STIM=d
8364605	42	RESP=1
8375480	42	STIM=b
8380427	42	RESP=1
8392327	42	STIM=0
8398424	42	RESP=2
8408812	42	STIM=1
8417056	42	RESP=1
8427273	42	STIM=a
8431940	42	RESP=1
8445112	42	STIM=9
8450220	42	RESP=2
8461233	42	STIM=u
8466518	42	RESP=1
8479842	42	STIM=v
8489790	42	RESP=1
8495451	42	STIM=9
8501055	42	RESP=2
8512310	42	STIM=0
8522192	42	RESP=2
8528029	42	STIM=i
8536114	42	RESP=1
8544606	42	STIM=2
8551825	42	RESP=2
8559830	42	STIM=e
8564549	42	RESP=1
8577764	42	STIM=h
8587815	42	RESP=1
8595080	42	STIM=s
8600306	42	RESP=1
8613339	42	STIM=l
8622069	42	RESP=1
8632309	42	STIM=z
8637320	42	RESP=1
8649057	42	STIM=d
8652973	42	RESP=1
8664216	42	STIM=c
8669952	42	RESP=1
8679281	42	STIM=v
8685314	42	RESP=1
8696722	42	STIM=f
8704215	42	RESP=1
8712051	42	STIM=d
8717656	42	RESP=2
8730222	42	STIM=f
8735192	42	RESP=1
8746018	42	STIM=9
8755010	42	RESP=2
8763385	42	STIM=w
8767347	42	RESP=1
8781368	42	STIM=h
8786404	42	RESP=1
8799328	42	STIM=z
8802177	42	RESP=1
8815035	42	STIM=1
8819556	42	RESP=2
8830196	42	STIM=9
8837769	42	RESP=2
8847836	42	STIM=p
8852537	42	RESP=1
8863747	42	STIM=x
8867659	42	RESP=1
8879924	42	STIM=j
8887793	42	RESP=1
8897791	42	STIM=f
8904501	42	RESP=1
8912884	42	STIM=2
8917632	42	RESP=2
8928674	42	STIM=c
8933262	42	RESP=2
8944998	42	STIM=z
8949967	42	RESP=1
8963188	42	STIM=j
8966871	42	RESP=1
8979960	42	STIM=a
8982718	42	RESP=1
8996850	42	STIM=w
9002761	42	RESP=1
9014686	42	STIM=y
9019643	42	RESP=1
9030049	42	STIM=g
9039258	42	RESP=1
9046590	42	STIM=5
9051461	42	RESP=2
9062665	42	STIM=i
9066166	42	RESP=1
9081043	42	STIM=6
9093733	42	RESP=2
9099670	42	STIM=n
9107039	42	RESP=1
9118125	42	STIM=d
9124425	42	RESP=1
9133982	42	STIM=o
9137212	42	RESP=1
9150197	42	STIM=h
9155537	42	RESP=1
9165842	42	STIM=d
9170791	42	RESP=1
9182747	42	STIM=2
9191119	42	RESP=2
9197948	42	STIM=e
9201104	42	RESP=1
9213332	42	STIM=r
9222438	42	RESP=1
9228605	42	STIM=p
9234646	42	RESP=1
9244216	42	STIM=g
9250279	42	RESP=1
9260304	42	STIM=i
9267615	42	RESP=1
9278324	42	STIM=o
9283152	42	RESP=1
9295659	42	STIM=r
9299098	42	RESP=1
9310686	42	STIM=u
9320259	42	RESP=1
9328389	42	STIM=v
9336907	42	RESP=1
9344035	42	STIM=s
9350138	42	RESP=1
9362002	42	STIM=l
9368516	42	RESP=1
9380699	42	STIM=u
9387734	42	RESP=1
9398772	42	STIM=v
9401910	42	RESP=1
9415979	42	STIM=m
9427036	42	RESP=1
9434323	42	STIM=5
9443048	42	RESP=2
9452170	42	STIM=h
9460538	42	RESP=1
9470984	42	STIM=w
9479966	42	RESP=1
9486949	42	STIM=j
9490789	42	RESP=1
9502061	42	STIM=l
9509503	42	RESP=1
9520929	42	STIM=y
9526715	42	RESP=1
9537416	42	STIM=4
9542234	42	RESP=2
9555316	42	STIM=e
9560355	42	RESP=1
9572396	42	STIM=s
9578107	42	RESP=1
9589157	42	STIM=t
9599857	42	RESP=1
9606810	42	STIM=p
9612545	42	RESP=1
9621866	42	STIM=s
9626146	42	RESP=1
9639671	42	STIM=n
9649883	42	RESP=1
9657891	42	STIM=p
9662259	42	RESP=1
9676400	42	STIM=h
9680280	42	RESP=1
9693592	42	STIM=z
9698258	42	RESP=1
9712428	42	STIM=q
9716874	42	RESP=1
9731080	42	STIM=c
9734948	42	RESP=1
9747974	42	STIM=t
9752199	42	RESP=1
9766851	42	STIM=9
9772316	42	RESP=2
9781855	42	STIM=q
9790189	42	RESP=1
9798838	42	STIM=x
9802475	42	RESP=1
9814644	42	STIM=z
9817976	42	RESP=1
9831818	42	STIM=c
9835996	42	RESP=1
9848609	42	STIM=0
9858073	42	RESP=2
9865430	42	STIM=y
9868685	42	RESP=1
9880800	42	STIM=m
9887639	42	RESP=1
9899552	42	STIM=l
9910498	42	RESP=1
9915392	42	STIM=x
9922137	42	RESP=1
9932582	42	STIM=8
9938717	42	RESP=2
9949168	42	STIM=9
9959258	42	RESP=2
9964955	42	STIM=3
9971053	42	RESP=1
9983314	42	STIM=a
9987408	42	RESP=1
9999178	42	STIM=p
10004636	42	RESP=1
10015227	42	STIM=m
10021715	42	RESP=1
10030605	42	STIM=b
10035674	42	RESP=1
10045662	42	STIM=8
10049903	42	RESP=2
10064368	42	STIM=o
10069312	42	RESP=1
10081326	42	STIM=x
10084826	42	RESP=1
10098327	42	STIM=k
10105656	42	RESP=1
10116927	42	STIM=q
10122694	42	RESP=1
10132138	42	STIM=4
10136884	42	RESP=2
10150675	42	STIM=t
10156861	42	RESP=1
10166548	42	STIM=s
10171926	42	RESP=2
10183921	42	STIM=k
10187215	42	RESP=1
10200264	42	STIM=z
10205272	42	RESP=2
10218745	42	STIM=m
10223739	42	RESP=1
10236897	42	STIM=w
10240806	42	RESP=1
10255226	42	STIM=7
10262882	42	RESP=2
10272254	42	STIM=h
10280287	42	RESP=1
10290715	42	STIM=r
10296134	42	RESP=1
10308451	42	STIM=w
10319788	42	RESP=1
10324940	42	STIM=t
10330875	42	RESP=1
10341092	42	STIM=a
10345133	42	RESP=1
10359041	42	STIM=9
10367889	42	RESP=2
10377836	42	STIM=1
10384476	42	RESP=2
10394910	42	STIM=z
10398203	42	RESP=1
10411466	42	STIM=k
10417766	42	RESP=1
10428454	42	STIM=u
10434648	42	RESP=2
10446089	42	STIM=e
10451338	42	RESP=1
10461723	42	STIM=6
10466959	42	RESP=2
10479010	42	STIM=0
10485629	42	RESP=2
10494341	42	STIM=9
10503825	42	RESP=2
10512327	42	STIM=n
10515096	42	RESP=1
10530994	42	STIM=y
10537421	42	RESP=1
10548117	42	STIM=g
10557440	42	RESP=1
10566801	42	STIM=3
10573042	42	RESP=2
10584215	42	STIM=s
10589222	42	RESP=1
10601071	42	STIM=w
10606847	42	RESP=1
10618509	42	STIM=r
10623807	42	RESP=1
10636276	42	STIM=0
10643478	42	RESP=2
10654489	42	STIM=t
10658348	42	RESP=1
10669666	42	STIM=2
10680431	42	RESP=2
10688057	42	STIM=y
10694372	42	RESP=1
10705867	42	STIM=k
10714833	42	RESP=1
10721492	42	STIM=0
10727423	42	RESP=1
10737297	42	STIM=3
10742915	42	RESP=2
10754554	42	STIM=4
10759590	42	RESP=2
10770578	42	STIM=k
10777130	42	RESP=1
10787792	42	STIM=b
10792801	42	RESP=1
10804289	42	STIM=z
10809327	42	RESP=1
10819950	42	STIM=x
10829509	42	RESP=1
10836083	42	STIM=c
10839506	42	RESP=1
10851357	42	STIM=p
10857531	42	RESP=1
10868147	42	STIM=a
10872440	42	RESP=1
10886576	42	STIM=a
10892960	42	RESP=1
10902487	42	STIM=j
10906607	42	RESP=1
10919438	42	STIM=o
10923057	42	RESP=1
10936111	42	STIM=o
10944122	42	RESP=1
10952724	42	STIM=t
10964466	42	RESP=1
10969242	42	STIM=l
10974418	42	RESP=1
10984770	42	STIM=r
10988512	42	RESP=1
11003446	42	STIM=w
11008301	42	RESP=1
11021985	42	STIM=b
11025072	42	RESP=1
11040108	42	STIM=i
11045750	42	RESP=1
11058858	42	STIM=2
11067332	42	RESP=2
11077791	42	STIM=w
11080410	42	RESP=1
11092802	42	STIM=w
11098441	42	RESP=1
11108800	42	STIM=t
11112022	42	RESP=1
11125002	42	STIM=4
11135568	42	RESP=2
11140131	42	STIM=s
11147961	42	RESP=1
11157234	42	STIM=r
11165206	42	RESP=1
11176177	42	STIM=k
11181769	42	RESP=1
11191713	42	STIM=u
11195903	42	RESP=2
11209274	42	STIM=c
11218071	42	RESP=1
11225668	42	STIM=l
11229142	42	RESP=1
11243414	42	STIM=p
11252953	42	RESP=1
11261490	42	STIM=x
11265448	42	RESP=1
11280326	42	STIM=z
11285804	42	RESP=2
11298893	42	STIM=x
11302300	42	RESP=1
11317551	42	STIM=e
11322639	42	RESP=2
11333246	42	STIM=x
11336409	42	RESP=1
11350756	42	STIM=a
11356680	42	RESP=1
11369291	42	STIM=d
11373121	42	RESP=1
11388221	42	STIM=2
11395814	42	RESP=2
11405148	42	STIM=4
11416508	42	RESP=1
11422565	42	STIM=k
11426602	42	RESP=1
11437756	42	STIM=d
11445700	42	RESP=1
11455526	42	STIM=5
11461893	42	RESP=2
11471912	42	STIM=v
11476279	42	RESP=2
11487582	42	STIM=w
11491143	42	RESP=1
11505388	42	STIM=v
11507997	42	RESP=1
11523557	42	STIM=v
11528509	42	RESP=1
11540156	42	STIM=k
11548050	42	RESP=1
11558721	42	STIM=8
11564698	42	RESP=2
11576647	42	STIM=n
11584599	42	RESP=1
11593645	42	STIM=d
11596650	42	RESP=1
11612415	42	STIM=i
11619174	42	RESP=1
11630587	42	STIM=k
11634785	42	RESP=1
11648861	42	STIM=d
11658995	42	RESP=1
11666929	42	STIM=v
11671224	42	RESP=1
11684533	42	STIM=m
11688178	42	RESP=1
11703389	42	STIM=9
11708246	42	RESP=2
11720881	42	STIM=7
11725993	42	RESP=2
11739758	42	STIM=d
11745623	42	RESP=1
11758183	42	STIM=4
11763865	42	RESP=2
11773689	42	STIM=t
11779585	42	RESP=1
11790719	42	STIM=d
11797199	42	RESP=1
11806270	42	STIM=s
11810282	42	RESP=1
11825253	42	STIM=q
11833810	42	RESP=1
11843430	42	STIM=o
11852193	42	RESP=2
11860124	42	STIM=e
11866716	42	RESP=1
11878250	42	STIM=b
11881386	42	RESP=1
11894833	42	STIM=l
11897721	42	RESP=1
11913309	42	STIM=p
11917440	42	RESP=1
11929473	42	STIM=k
11935252	42	RESP=1
11945519	42	STIM=l
11948273	42	RESP=1
11961361	42	STIM=t
11965912	42	RESP=1
11976728	42	STIM=i
11981262	42	RESP=1
11994489	42	STIM=i
11999789	42	RESP=1
12012944	42	STIM=v
12018636	42	RESP=1
12031629	42	STIM=y
12035617	42	RESP=2
12048449	42	STIM=f
12051630	42	RESP=2
12067186	42	STIM=d
12071560	42	RESP=1
12084710	42	STIM=b
12089326	42	RESP=2
12103176	42	STIM=t
12108576	42	RESP=1
12121500	42	STIM=x
12124456	42	RESP=1
12139082	42	STIM=3
12145433	42	RESP=2
12154528	42	STIM=s
12162043	42	RESP=1
12172703	42	STIM=g
12178071	42	RESP=1
12188152	42	STIM=3
12194838	42	RESP=1
12203803	42	STIM=q
12208198	42	RESP=1
12219313	42	STIM=n
12226857	42	RESP=1
12235258	42	STIM=g
12240579	42	RESP=1
12252329	42	STIM=w
12258244	42	RESP=1
12269797	42	STIM=6
12280440	42	RESP=2
12287803	42	STIM=k
12294479	42	RESP=1
12304067	42	STIM=6
12310028	42	RESP=1
12322540	42	STIM=t
12329283	42	RESP=1
12340871	42	STIM=x
12347615	42	RESP=1
12356874	42	STIM=h
12364336	42	RESP=2
12374591	42	STIM=2
12380452	42	RESP=1
12392315	42	STIM=d
12398131	42	RESP=1
12411257	42	STIM=i
12418249	42	RESP=1
12426932	42	STIM=a
12438716	42	RESP=1
12443107	42	STIM=t
12456598	42	RESP=2
12460036	42	STIM=8
12464058	42	RESP=2
12477479	42	STIM=u
12488384	42	RESP=1
12495892	42	STIM=4
12503977	42	RESP=1
12512495	42	STIM=x
12519010	42	RESP=1
12529398	42	STIM=o
12535624	42	RESP=1
12545243	42	STIM=k
12551945	42	RESP=1
12560952	42	STIM=m
12567265	42	RESP=1
12578316	42	STIM=2
12586708	42	RESP=2
12595759	42	STIM=i
12599899	42	RESP=1
12613817	42	STIM=4
12622221	42	RESP=2
12631477	42	STIM=n
12638202	42	RESP=1
12650454	42	STIM=v
12655248	42	RESP=1
12666949	42	STIM=l
12674021	42	RESP=1
12682756	42	STIM=4
12690255	42	RESP=2
12697892	42	STIM=a
12702198	42	RESP=1
12713006	42	STIM=n
12721784	42	RESP=1
12729087	42	STIM=2
12736744	42	RESP=2
12745077	42	STIM=q
12751847	42	RESP=1
12762562	42	STIM=2
12768085	42	RESP=2
12780814	42	STIM=p
12787441	42	RESP=1
12799781	42	STIM=a
12806063	42	RESP=1
12817350	42	STIM=g
12824971	42	RESP=1
12832632	42	STIM=c
12838526	42	RESP=1
12851537	42	STIM=q
12855285	42	RESP=1
12870333	42	STIM=i
12874173	42	RESP=1
12887205	42	STIM=2
12892525	42	RESP=2
12905489	42	STIM=f
12911510	42	RESP=1
12922044	42	STIM=v
12926073	42	RESP=1
12938603	42	STIM=p
12945062	42	RESP=1
12954659	42	STIM=7
12961069	42	RESP=2
12973103	42	STIM=6
12978784	42	RESP=2
12991916	42	STIM=g
12997689	42	RESP=1
13009248	42	STIM=n
13015777	42	RESP=1
13024564	42	STIM=t
13029395	42	RESP=1
13040571	42	STIM=3
13045322	42	RESP=2
13057291	42	STIM=i
13061012	42	RESP=2
13072501	42	STIM=e
13076520	42	RESP=1
13091448	42	STIM=j
13096995	42	RESP=1
13106841	42	STIM=g
13112202	42	RESP=1
13124874	42	STIM=r
13128911	42	RESP=1
13142870	42	STIM=a
13150353	42	RESP=1
13160894	42	STIM=c
13167555	42	RESP=2
13176706	42	STIM=g
13180790	42	RESP=1
13191757	42	STIM=1
13198639	42	RESP=2
13208857	42	STIM=c
13214483	42	RESP=1
13226550	42	STIM=r
13230466	42	RESP=1
13243127	42	STIM=8
13247412	42	RESP=2
13258664	42	STIM=4
13265686	42	RESP=2
13274475	42	STIM=e
13281473	42	RESP=1
13290426	42	STIM=v
13295030	42	RESP=1
13306426	42	STIM=k
13313528	42	RESP=1
13321430	42	STIM=w
13324987	42	RESP=1
13338749	42	STIM=0
13347398	42	RESP=2
13356010	42	STIM=k
13362811	42	RESP=1
13374778	42	STIM=6
13379712	42	RESP=2
13392740	42	STIM=4
13401904	42	RESP=2
13409851	42	STIM=a
13414234	42	RESP=1
13428312	42	STIM=p
13431511	42	RESP=1
13445952	42	STIM=k
13451508	42	RESP=1
13461220	42	STIM=p
13466777	42	RESP=1
13477365	42	STIM=h
13483070	42	RESP=1
13494031	42	STIM=f
13501082	42	RESP=1
13511232	42	STIM=a
13516082	42	RESP=1
13529102	42	STIM=u
13533745	42	RESP=1
13547364	42	STIM=d
13556082	42	RESP=1
13564038	42	STIM=0
13573748	42	RESP=2
13580427	42	STIM=9
13586530	42	RESP=2
13595621	42	STIM=a
13604600	42	RESP=1
13614388	42	STIM=5
13623078	42	RESP=2
13633151	42	STIM=f
13636677	42	RESP=1
13648902	42	STIM=8
13657340	42	RESP=2
13666309	42	STIM=m
13671582	42	RESP=1
13683773	42	STIM=r
13690241	42	RESP=1
13702366	42	STIM=4
13712661	42	RESP=2
13719109	42	STIM=2
13726172	42	RESP=2
13735767	42	STIM=5
13742967	42	RESP=2
13752014	42	STIM=e
13755583	42	RESP=1
13768388	42	STIM=s
13778671	42	RESP=1
13783626	42	STIM=i
13788296	42	RESP=1
13800839	42	STIM=3
13806050	42	RESP=2
13819521	42	STIM=x
13824350	42	RESP=1
13834934	42	STIM=s
13838684	42	RESP=1
13853003	42	STIM=c
13858434	42	RESP=1
13870803	42	STIM=q
13878487	42	RESP=1
13889551	42	STIM=k
13896821	42	RESP=1
13906542	42	STIM=d
13910604	42	RESP=1
13921995	42	STIM=p
13926095	42	RESP=1
13940200	42	STIM=7
13944882	42	RESP=2
13956350	42	STIM=3
13963260	42	RESP=2
13975261	42	STIM=b
13980357	42	RESP=1
13992241	42	STIM=l
13995366	42	RESP=2
14009810	42	STIM=y
14013922	42	RESP=1
14026399	42	STIM=l
14029140	42	RESP=1
14044765	42	STIM=c
14051234	42	RESP=1
14063161	42	STIM=w
14073108	42	RESP=1
14080508	42	STIM=i
14084836	42	RESP=1
14096343	42	STIM=d
14107993	42	RESP=1
14111735	42	STIM=f
14114614	42	RESP=1
14129272	42	STIM=o
14134204	42	RESP=1
14145990	42	STIM=t
14150796	42	RESP=1
14162783	42	STIM=a
14166825	42	RESP=1
14177988	42	STIM=b
14185638	42	RESP=1
14194649	42	STIM=g
14200265	42	RESP=1
14213021	42	STIM=j
14216497	42	RESP=2
14231222	42	STIM=v
14235139	42	RESP=1
14246861	42	STIM=n
14254769	42	RESP=1
14264308	42	STIM=o
14269013	42	RESP=1
14282075	42	STIM=i
14290014	42	RESP=1
14299661	42	STIM=z
14303200	42	RESP=1
14317344	42	STIM=k
14324094	42	RESP=1
14335856	42	STIM=l
14340032	42	RESP=1
14351946	42	STIM=5
14357297	42	RESP=1
14368970	42	STIM=u
14373220	42	RESP=1
14386759	42	STIM=y
14394810	42	RESP=1
14404919	42	STIM=x
14411236	42	RESP=1
14420647	42	STIM=l
14425535	42	RESP=1
14436697	42	STIM=4
14443729	42	RESP=2
14455641	42	STIM=s
14459212	42	RESP=2
14474473	42	STIM=l
14480202	42	RESP=1
14490069	42	STIM=1
14494758	42	RESP=2
14506137	42	STIM=u
14509611	42	RESP=1
14522757	42	STIM=d
14531143	42	RESP=1
14539460	42	STIM=x
14546333	42	RESP=2
14558415	42	STIM=u
14571820	42	RESP=1
14574945	42	STIM=0
14580486	42	RESP=2
14590229	42	STIM=b
14599634	42	RESP=1
14605349	42	STIM=1
14612958	42	RESP=2
14620923	42	STIM=p
14624965	42	RESP=1
14639124	42	STIM=m
14645613	42	RESP=1
14654137	42	STIM=z
14659274	42	RESP=2
14671043	42	STIM=c
14676554	42	RESP=1
14688395	42	STIM=h
14692644	42	RESP=1
14704131	42	STIM=o
14709699	42	RESP=1
14722399	42	STIM=v
14728533	42	RESP=1
14740580	42	STIM=s
14752216	42	RESP=1
14755948	42	STIM=i
14759824	42	RESP=1
14773524	42	STIM=l
14783362	42	RESP=1
14789441	42	STIM=e
14799133	42	RESP=1
14806470	42	STIM=a
14813324	42	RESP=1
14821580	42	STIM=o
14826576	42	RESP=1
14839993	42	STIM=z
14843629	42	RESP=1
14855330	42	STIM=s
14861679	42	RESP=1
14872327	42	STIM=2
14880976	42	RESP=2
14888612	42	STIM=u
14894727	42	RESP=1
14906063	42	STIM=3
14913953	42	RESP=2
14924636	42	STIM=m
14929769	42	RESP=1
14940502	42	STIM=l
14946117	42	RESP=1
14956797	42	STIM=h
14960375	42	RESP=1
14973455	42	STIM=d
14979068	42	RESP=1
14992256	42	STIM=x
14995317	42	RESP=1
15011230	42	STIM=h
15021322	42	RESP=1
15028939	42	STIM=u
15033749	42	RESP=1
15047197	42	STIM=4
15050904	42	RESP=2
15062205	42	STIM=3
15069091	42	RESP=2
15078610	42	STIM=u
15083652	42	RESP=1
15093780	42	STIM=f
15097269	42	RESP=1
15108842	42	STIM=a
15114553	42	RESP=1
15127103	42	STIM=t
15130489	42	RESP=1
15142475	42	STIM=g
15147801	42	RESP=1
15157520	42	STIM=c
15165108	42	RESP=1
15172786	42	STIM=h
15177405	42	RESP=1
15190146	42	STIM=s
15195793	42	RESP=1
15208021	42	STIM=u
15214183	42	RESP=1
15223600	42	STIM=r
15227224	42	RESP=1
15239286	42	STIM=o
15245202	42	RESP=1
15258281	42	STIM=p
15265083	42	RESP=1
15275078	42	STIM=u
15279975	42	RESP=1
15292104	42	STIM=a
15299845	42	RESP=1
15309976	42	STIM=6
15316354	42	RESP=2
15327512	42	STIM=v
15333313	42	RESP=1
15343590	42	STIM=x
15348342	42	RESP=1
15360899	42	STIM=k
15364339	42	RESP=1
15379037	42	STIM=g
15383093	42	RESP=2
15397910	42	STIM=y
15400825	42	RESP=1
15413007	42	STIM=d
15420706	42	RESP=1
15430756	42	STIM=3
15439436	42	RESP=2
15449539	42	STIM=x
15453715	42	RESP=1
15466433	42	STIM=c
15472188	42	RESP=1
15484915	42	STIM=r
15488263	42	RESP=1
15503378	42	STIM=e
15508449	42	RESP=1
15519095	42	STIM=v
15526037	42	RESP=1
15537011	42	STIM=l
15541415	42	RESP=1
15553144	42	STIM=b
15557745	42	RESP=1
15571626	42	STIM=c
15574382	42	RESP=1
15587909	42	STIM=w
15592313	42	RESP=1
15603533	42	STIM=c
15609218	42	RESP=1
15619600	42	STIM=w
15627207	42	RESP=1
15636583	42	STIM=p
15642139	42	RESP=1
15652755	42	STIM=i
15662733	42	RESP=1
15668067	42	STIM=d
15674008	42	RESP=1
15685504	42	STIM=e
15689918	42	RESP=1
15702673	42	STIM=h
15710018	42	RESP=1
15718127	42	STIM=g
15727424	42	RESP=2
15736861	42	STIM=p
15740798	42	RESP=1
15755846	42	STIM=f
15759304	42	RESP=1
15770949	42	STIM=6
15783138	42	RESP=1
15787138	42	STIM=n
15795332	42	RESP=1
15804604	42	STIM=m
15808288	42	RESP=1
15822644	42	STIM=t
15829548	42	RESP=1
15837664	42	STIM=5
15843987	42	RESP=2
15853995	42	STIM=f
15858641	42	RESP=1
15872831	42	STIM=3
15878770	42	RESP=2
15890562	42	STIM=s
15893908	42	RESP=1
15908734	42	STIM=m
15912815	42	RESP=1
15924702	42	STIM=j
15930216	42	RESP=1
15940143	42	STIM=6
15950803	42	RESP=2
15958261	42	STIM=e
15964981	42	RESP=1
15976398	42	STIM=t
15981642	42	RESP=1
15993665	42	STIM=e
16002562	42	RESP=1
16008974	42	STIM=x
16013570	42	RESP=1
16026377	42	STIM=s
16032756	42	RESP=1
16041814	42	STIM=t
16044540	42	RESP=1
16060426	42	STIM=b
16066919	42	RESP=2
16079228	42	STIM=m
16086954	42	RESP=1
16094415	42	STIM=h
16098307	42	RESP=1
16111065	42	STIM=i
16116800	42	RESP=1
16128040	42	STIM=k
16134926	42	RESP=1
16144840	42	STIM=b
16149137	42	RESP=1
16160538	42	STIM=2
16167798	42	RESP=2
16175808	42	STIM=f
16181995	42	RESP=1
16194534	42	STIM=3
16200433	42	RESP=2
16210840	42	STIM=j
16214312	42	RESP=2
16226052	42	STIM=6
16230569	42	RESP=2
16241237	42	STIM=s
16247668	42	RESP=1
16257870	42	STIM=3
16264709	42	RESP=2
16276160	42	STIM=n
16282360	42	RESP=1
16293760	42	STIM=0
16302412	42	RESP=2
16309799	42	STIM=i
16316875	42	RESP=1
16325176	42	STIM=w
16329731	42	RESP=1
16342445	42	STIM=u
16348874	42	RESP=1
16358697	42	STIM=m
16361491	42	RESP=2
16374539	42	STIM=k
16379688	42	RESP=1
16393508	42	STIM=i
16398778	42	RESP=1
16412445	42	STIM=n
16416883	42	RESP=1
16428911	42	STIM=d
16435508	42	RESP=1
16444262	42	STIM=h
16448892	42	RESP=1
16460911	42	STIM=b
16471922	42	RESP=1
16477186	42	STIM=w
16480841	42	RESP=1
16493728	42	STIM=h
16503730	42	RESP=1
16509728	42	STIM=a
16520279	42	RESP=1
16526836	42	STIM=i
16530478	42	RESP=1
16543417	42	STIM=u
16551889	42	RESP=1
16560119	42	STIM=y
16562915	42	RESP=1
16577046	42	STIM=p
16581900	42	RESP=1
16595597	42	STIM=z
16602459	42	RESP=1
16611982	42	STIM=5
16618767	42	RESP=2
16630884	42	STIM=n
16635283	42	RESP=1
16648430	42	STIM=t
16654564	42	RESP=1
16665293	42	STIM=m
16673192	42	RESP=1
16682191	42	STIM=i
16685992	42	RESP=1
16700300	42	STIM=1
16705523	42	RESP=2
16716060	42	STIM=t
16721899	42	RESP=1
16732457	42	STIM=d
16741942	42	RESP=2
16750162	42	STIM=6
16755978	42	RESP=1
16767106	42	STIM=7
16774287	42	RESP=2
16784537	42	STIM=k
16790215	42	RESP=1
16800167	42	STIM=y
16802814	42	RESP=2
16815483	42	STIM=w
16821681	42	RESP=1
16832507	42	STIM=o
16837618	42	RESP=1
16850118	42	STIM=o
16853747	42	RESP=1
16867118	42	STIM=s
16870827	42	RESP=1
16882832	42	STIM=l
16887688	42	RESP=1
16900581	42	STIM=f
16907086	42	RESP=1
16917624	42	STIM=p
16926329	42	RESP=1
16933775	42	STIM=q
16938940	42	RESP=1
16950674	42	STIM=t
16957358	42	RESP=1
16968647	42	STIM=m
16973802	42	RESP=1
16984898	42	STIM=v
16989543	42	RESP=2
17002137	42	STIM=h
17009305	42	RESP=1
17021092	42	STIM=1
17026979	42	RESP=2
17036906	42	STIM=i
17047106	42	RESP=1
17053624	42	STIM=p
17059391	42	RESP=1
17069954	42	STIM=i
17075552	42	RESP=2
17086000	42	STIM=w
17094416	42	RESP=1
17101998	42	STIM=5
17109370	42	RESP=2
17120907	42	STIM=i
17127984	42	RESP=1
17139354	42	STIM=5
17145075	42	RESP=2
17155367	42	STIM=f
17161923	42	RESP=1
17173025	42	STIM=u
17176720	42	RESP=1
17188887	42	STIM=g
17197818	42	RESP=1
17206601	42	STIM=v
17212350	42	RESP=2
17225424	42	STIM=n
17230631	42	RESP=1
17241585	42	STIM=j
17250082	42	RESP=2
17257048	42	STIM=o
17262914	42	RESP=1
17274777	42	STIM=5
17282098	42	RESP=2
17290187	42	STIM=w
17297101	42	RESP=1
17305464	42	STIM=6
17314629	42	RESP=2
17324064	42	STIM=n
17331194	42	RESP=1
17342812	42	STIM=z
17349216	42	RESP=1
17358029	42	STIM=0
17364351	42	RESP=2
17373846	42	STIM=5
17379456	42	RESP=2
17392523	42	STIM=n
17400124	42	RESP=2
17407850	42	STIM=a
17414097	42	RESP=1
17424399	42	STIM=c
17429036	42	RESP=1
17441488	42	STIM=b
17449322	42	RESP=1
17459688	42	STIM=d
17465880	42	RESP=1
17477401	42	STIM=j
17485717	42	RESP=1
17495553	42	STIM=n
17500993	42	RESP=1
17511971	42	STIM=a
17514590	42	RESP=1
17530493	42	STIM=z
17536229	42	RESP=1
17546435	42	STIM=h
17549926	42	RESP=1
17562907	42	STIM=s
17567707	42	RESP=1
17580668	42	STIM=w
17585672	42	RESP=2
17597337	42	STIM=1
17602270	42	RESP=2
17614211	42	STIM=s
17619969	42	RESP=1
17629828	42	STIM=e
17636051	42	RESP=1
17645877	42	STIM=3
17650649	42	RESP=2
17661172	42	STIM=5
17666549	42	RESP=2
17679943	42	STIM=r
17686142	42	RESP=1
17696195	42	STIM=f
17702118	42	RESP=1
17714008	42	STIM=z
17721947	42	RESP=1
17730782	42	STIM=r
17735890	42	RESP=1
17748372	42	STIM=a
17752337	42	RESP=1
17766871	42	STIM=8
17772762	42	RESP=1
17785575	42	STIM=o
17792872	42	RESP=1
17804002	42	STIM=3
17809640	42	RESP=2
17822918	42	STIM=8
17826787	42	RESP=2
17839285	42	STIM=u
17848331	42	RESP=1
17857872	42	STIM=3
17867184	42	RESP=2
17873851	42	STIM=5
17881763	42	RESP=2
17891652	42	STIM=g
17897860	42	RESP=1
17908314	42	STIM=l
17912635	42	RESP=1
17925467	42	STIM=f
17931764	42	RESP=1
17944143	42	STIM=c
17948253	42	RESP=1
17962263	42	STIM=r
17968649	42	RESP=1
17980890	42	STIM=v
17983920	42	RESP=1
17997111	42	STIM=s
18001695	42	RESP=1
18012540	42	STIM=a
18018085	42	RESP=1
18030391	42	STIM=4
18036108	42	RESP=2
18047868	42	STIM=x
18058168	42	RESP=1
18063616	42	STIM=x
18067528	42	RESP=1
18080276	42	STIM=f
18088572	42	RESP=1
18098069	42	STIM=8
18104856	42	RESP=2
18114351	42	STIM=4
18123258	42	RESP=2
18131259	42	STIM=i
18135911	42	RESP=1
18147607	42	STIM=7
18152174	42	RESP=2
18166163	42	STIM=u
18170689	42	RESP=1
18183274	42	STIM=o
18187915	42	RESP=1
18200463	42	STIM=t
18206583	42	RESP=1
18218840	42	STIM=p
18222743	42	RESP=1
18235748	42	STIM=b
18243236	42	RESP=1
18252064	42	STIM=i
18257095	42	RESP=1
18268575	42	STIM=c
18271515	42	RESP=1
18285603	42	STIM=0
18290759	42	RESP=2
18304314	42	STIM=6
18309260	42	RESP=2
18322533	42	STIM=n
18327262	42	RESP=1
18338559	42	STIM=1
18344129	42	RESP=2
18355680	42	STIM=e
18360869	42	RESP=1
18372520	42	STIM=e
18377119	42	RESP=1
18390418	42	STIM=y
18395447	42	RESP=1
18407967	42	STIM=e
18411559	42	RESP=1
18426361	42	STIM=q
18432216	42	RESP=1
18444534	42	STIM=r
18450797	42	RESP=1
18461796	42	STIM=a
18466400	42	RESP=1
18478468	42	STIM=o
18481207	42	RESP=1
18495434	42	STIM=g
18501526	42	RESP=1
18511437	42	STIM=d
18516635	42	RESP=1
18529785	42	STIM=l
18534794	42	RESP=1
18548023	42	STIM=e
18555025	42	RESP=1
18564121	42	STIM=v
18571418	42	RESP=1
18579638	42	STIM=n
18586798	42	RESP=1
18596942	42	STIM=3
18605234	42	RESP=2
18615247	42	STIM=k
18620511	42	RESP=1
18630383	42	STIM=y
18636977	42	RESP=1
18645832	42	STIM=s
18650698	42	RESP=1
18662979	42	STIM=0
18671276	42	RESP=2
18680474	42	STIM=j
18686052	42	RESP=1
18698922	42	STIM=9
18705771	42	RESP=2
18713978	42	STIM=s
18720203	42	RESP=1
18729655	42	STIM=y
18734966	42	RESP=1
18745544	42	STIM=j
18752208	42	RESP=1
18763786	42	STIM=u
18770553	42	RESP=1
18780480	42	STIM=6
18785670	42	RESP=2
18797014	42	STIM=m
18802670	42	RESP=1
18814241	42	STIM=a
18818045	42	RESP=1
18829564	42	STIM=y
18834574	42	RESP=1
18848554	42	STIM=b
18852369	42	RESP=1
18864944	42	STIM=b
18871772	42	RESP=1
18879950	42	STIM=1
18884820	42	RESP=1
18898301	42	STIM=o
18905692	42	RESP=1
18915329	42	STIM=z
18919083	42	RESP=1
18930764	42	STIM=q
18933646	42	RESP=1
18947379	42	STIM=b
18953349	42	RESP=1
18964203	42	STIM=p
18970624	42	RESP=1
18982958	42	STIM=m
18986394	42	RESP=2
19001943	42	STIM=2
19007426	42	RESP=2
19020426	42	STIM=y
19025680	42	RESP=1
19037947	42	STIM=m
19049398	42	RESP=1
19056305	42	STIM=1
19064863	42	RESP=2
19073899	42	STIM=o
19084592	42	RESP=1
19092024	42	STIM=7
19097182	42	RESP=2
19110245	42	STIM=v
19116649	42	RESP=1
19127768	42	STIM=9
19133390	42	RESP=2
19144238	42	STIM=j
19149390	42	RESP=1
19159577	42	STIM=d
19165152	42	RESP=1
19178464	42	STIM=f
19182086	42	RESP=1
19193721	42	STIM=5
19201615	42	RESP=2
19212128	42	STIM=l
19219784	42	RESP=1
19227809	42	STIM=h
19232396	42	RESP=1
19245182	42	STIM=n
19252069	42	RESP=1
19263919	42	STIM=4
19270065	42	RESP=2
19282642	42	STIM=q
19289129	42	RESP=1
19298003	42	STIM=g
19305827	42	RESP=2
19316548	42	STIM=h
19323726	42	RESP=1
19333493	42	STIM=1
19338645	42	RESP=2
19352148	42	STIM=t
19356438	42	RESP=1
19369009	42	STIM=z
19373286	42	RESP=1
19386010	42	STIM=y
19394485	42	RESP=1
19402016	42	STIM=6
19409297	42	RESP=2
19417021	42	STIM=i
19423197	42	RESP=1
19435065	42	STIM=c
19438605	42	RESP=1
19452380	42	STIM=n
19467147	42	RESP=1
19470213	42	STIM=e
19476450	42	RESP=1
19485701	42	STIM=0
19491877	42	RESP=2
19504385	42	STIM=5
19510560	42	RESP=2
19519877	42	STIM=8
19529177	42	RESP=2
19536425	42	STIM=b
19541196	42	RESP=1
19552483	42	STIM=h
19556247	42	RESP=1
19571413	42	STIM=x
19577902	42	RESP=1
19588350	42	STIM=t
19596549	42	RESP=1
19606456	42	STIM=t
19611054	42	RESP=1
19624407	42	STIM=d
19629696	42	RESP=1
19640440	42	STIM=d
19644094	42	RESP=1
19658576	42	STIM=n
19663436	42	RESP=1
19674678	42	STIM=q
19681032	42	RESP=1
19690390	42	STIM=7
19696222	42	RESP=2
19708885	42	STIM=4
19718237	42	RESP=2
19726911	42	STIM=l
19730464	42	RESP=1
19743550	42	STIM=d
19750145	42	RESP=1
19760672	42	STIM=r
19766187	42	RESP=1
19778734	42	STIM=n
19783283	42	RESP=1
19796933	42	STIM=i
19803453	42	RESP=1
19812426	42	STIM=f
19817233	42	RESP=1
19827675	42	STIM=g
19832401	42	RESP=1
19844875	42	STIM=h
19850246	42	RESP=1
19863202	42	STIM=5
19871484	42	RESP=2
19878420	42	STIM=v
19882868	42	RESP=1
19895111	42	STIM=g
19902790	42	RESP=1
19911303	42	STIM=j
19915806	42	RESP=1
19928705	42	STIM=5
19934418	42	RESP=2
19944186	42	STIM=n
19950430	42	RESP=1
19961082	42	STIM=h
19965808	42	RESP=1
19978515	42	STIM=7
19985969	42	RESP=2
19994169	42	STIM=x
20002607	42	RESP=1
20011494	42	STIM=c
20018957	42	RESP=1
20027131	42	STIM=e
20034374	42	RESP=1
20043418	42	STIM=p
20046447	42	RESP=1
20062111	42	STIM=6
20070363	42	RESP=2
20077966	42	STIM=6
20084896	42	RESP=2
20094100	42	STIM=l
20100712	42	RESP=1
20110533	42	STIM=c
20115768	42	RESP=1
20126442	42	STIM=a
20130945	42	RESP=1
20144004	42	STIM=w
20152231	42	RESP=2
20162712	42	STIM=y
20167685	42	RESP=1
20177822	42	STIM=c
20183208	42	RESP=2
20192926	42	STIM=z
20199400	42	RESP=1
20210695	42	STIM=y
20213881	42	RESP=1
20228932	42	STIM=t
20231998	42	RESP=1
20244120	42	STIM=e
20247289	42	RESP=1
20261807	42	STIM=o
20267807	42	RESP=1
20280620	42	STIM=e
20286092	42	RESP=1
20295916	42	STIM=f
20304058	42	RESP=1
20314186	42	STIM=w
20326473	42	RESP=1
20332471	42	STIM=z
20335805	42	RESP=1
20351378	42	STIM=t
20355237	42	RESP=1
20366647	42	STIM=v
20370730	42	RESP=1
20382496	42	STIM=p
20388633	42	RESP=1
20399756	42	STIM=4
20404733	42	RESP=2
20418061	42	STIM=u
20423102	42	RESP=1
20436838	42	STIM=u
20439697	42	RESP=1
20452685	42	STIM=p
20458474	42	RESP=1
20469191	42	STIM=b
20476705	42	RESP=1
20487437	42	STIM=l
20495520	42	RESP=1
20504606	42	STIM=4
20510720	42	RESP=2
20520889	42	STIM=b
20524942	42	RESP=1
20538861	42	STIM=w
20543061	42	RESP=1
20555303	42	STIM=x
20562390	42	RESP=1
20572152	42	STIM=i
20577512	42	RESP=1
20590224	42	STIM=b
20595678	42	RESP=1
20607749	42	STIM=d
20613034	42	RESP=1
20624629	42	STIM=s
20631700	42	RESP=1
20639977	42	STIM=i
20647847	42	RESP=2
20657357	42	STIM=r
20661239	42	RESP=1
20673252	42	STIM=l
20680755	42	RESP=1
20691876	42	STIM=4
20698069	42	RESP=2
20709087	42	STIM=p
20718681	42	RESP=1
20727194	42	STIM=a
20729631	42	RESP=1
20743289	42	STIM=f
20746204	42	RESP=1
20760254	42	STIM=p
20767172	42	RESP=1
20778442	42	STIM=m
20784934	42	RESP=1
20793557	42	STIM=0
20799017	42	RESP=2
20811027	42	STIM=g
20814527	42	RESP=1
20828657	42	STIM=g
20838757	42	RESP=1
20845790	42	STIM=b
20848782	42	RESP=1
20862578	42	STIM=7
20866891	42	RESP=2
20878792	42	STIM=f
20883714	42	RESP=1
20895579	42	STIM=p
20900684	42	RESP=1
20913089	42	STIM=o
20916350	42	RESP=1
20929806	42	STIM=p
20933610	42	RESP=1
20946416	42	STIM=o
20951025	42	RESP=1
20961612	42	STIM=i
20968928	42	RESP=1
20977726	42	STIM=g
20982309	42	RESP=1
20994432	42	STIM=u
20997639	42	RESP=1
21011682	42	STIM=9
21020267	42	RESP=2
21027550	42	STIM=o
21030411	42	RESP=1
21044286	42	STIM=2
21050528	42	RESP=2
21062348	42	STIM=u
21071916	42	RESP=1
21078622	42	STIM=o
21083721	42	RESP=1
21094552	42	STIM=k
21097766	42	RESP=1
21111217	42	STIM=r
21118088	42	RESP=1
21127619	42	STIM=p
21135365	42	RESP=1
21143315	42	STIM=z
21152917	42	RESP=1
21161236	42	STIM=a
21166660	42	RESP=1
21178516	42	STIM=t
21186665	42	RESP=1
21195827	42	STIM=7
21203651	42	RESP=2
21211757	42	STIM=c
21217301	42	RESP=1
21228770	42	STIM=q
21235919	42	RESP=1
21245225	42	STIM=5
21260393	42	RESP=2
21261309	42	STIM=7
21267554	42	RESP=2
21279991	42	STIM=e
21285256	42	RESP=1
21297206	42	STIM=x
21301157	42	RESP=1
21315427	42	STIM=5
21321652	42	RESP=1
21333577	42	STIM=g
21339420	42	RESP=1
21348801	42	STIM=q
21353214	42	RESP=1
21367338	42	STIM=e
21371933	42	RESP=1
21384868	42	STIM=x
21388308	42	RESP=1
21401210	42	STIM=p
21409034	42	RESP=1
21416462	42	STIM=3
21431160	42	RESP=1
21434323	42	STIM=c
21439767	42	RESP=1
21451415	42	STIM=b
21456233	42	RESP=1
21469858	42	STIM=g
21477450	42	RESP=1
21488833	42	STIM=z
21492542	42	RESP=1
21504326	42	STIM=v
21508382	42	RESP=1
21520105	42	STIM=b
21526512	42	RESP=1
21538279	42	STIM=p
21546317	42	RESP=1
21553774	42	STIM=2
21557963	42	RESP=2
21569852	42	STIM=p
21574652	42	RESP=1
21588424	42	STIM=x
21592733	42	RESP=1
21606105	42	STIM=o
21609424	42	RESP=1
21621389	42	STIM=w
21626028	42	RESP=1
21636782	42	STIM=6
21641150	42	RESP=2
21654717	42	STIM=n
21660946	42	RESP=1
21671881	42	STIM=q
21676074	42	RESP=1
21687949	42	STIM=h
21693787	42	RESP=1
21705403	42	STIM=j
21710388	42	RESP=1
21723423	42	STIM=v
21728879	42	RESP=1
21740706	42	STIM=o
21748113	42	RESP=1
21757743	42	STIM=f
21761754	42	RESP=1
