# Original filename: 0034_GOU_2016-12-15.log
# Time unit: 100 us
# RARECAT=digit
#
# Time	HHGG	Event
29324	42	STIM=l
33212	42	RESP=1
48281	42	STIM=c
54612	42	RESP=1
63571	42	STIM=k
67352	42	RESP=1
79240	42	STIM=s
86675	42	RESP=1
96624	42	STIM=u
100955	42	RESP=2
111693	42	STIM=b
120622	42	RESP=1
128026	42	STIM=s
131203	42	RESP=1
143487	42	STIM=2
150061	42	RESP=2
160964	42	STIM=v
167704	42	RESP=1
176700	42	STIM=a
182699	42	RESP=1
194154	42	STIM=z
200858	42	RESP=1
211361	42	STIM=i
215375	42	RESP=1
229357	42	STIM=w
232833	42	RESP=1
245133	42	STIM=s
248792	42	RESP=1
262002	42	STIM=s
265192	42	RESP=1
278841	42	STIM=2
286030	42	RESP=2
294771	42	STIM=w
298461	42	RESP=1
311012	42	STIM=o
316444	42	RESP=1
328409	42	STIM=f
333229	42	RESP=1
345234	42	STIM=s
352078	42	RESP=1
362621	42	STIM=n
365976	42	RESP=1
379406	42	STIM=a
384352	42	RESP=1
395471	42	STIM=q
400156	42	RESP=1
411783	42	STIM=0
420145	42	RESP=2
428743	42	STIM=b
433332	42	RESP=1
445752	42	STIM=2
451408	42	RESP=2
462955	42	STIM=f
466295	42	RESP=2
481483	42	STIM=r
486819	42	RESP=1
497587	42	STIM=z
501174	42	RESP=1
513403	42	STIM=d
518327	42	RESP=1
531253	42	STIM=p
536640	42	RESP=1
550069	42	STIM=z
554216	42	RESP=1
565689	42	STIM=u
569707	42	RESP=1
583493	42	STIM=d
586909	42	RESP=1
601086	42	STIM=8
604700	42	RESP=2
618227	42	STIM=k
624772	42	RESP=1
635053	42	STIM=v
644580	42	RESP=1
653751	42	STIM=h
657046	42	RESP=2
669608	42	STIM=x
674220	42	RESP=1
685181	42	STIM=c
689530	42	RESP=1
701991	42	STIM=y
706070	42	RESP=1
717652	42	STIM=1
720870	42	RESP=2
733601	42	STIM=w
739310	42	RESP=1
751356	42	STIM=w
754265	42	RESP=1
768356	42	STIM=1
772617	42	RESP=2
784752	42	STIM=o
789420	42	RESP=1
803594	42	STIM=4
811187	42	RESP=1
820857	42	STIM=c
824408	42	RESP=1
839419	42	STIM=g
844481	42	RESP=1
856027	42	STIM=w
864050	42	RESP=1
874725	42	STIM=h
878637	42	RESP=2
891584	42	STIM=s
899498	42	RESP=1
906896	42	STIM=4
913676	42	RESP=2
922793	42	STIM=h
927164	42	RESP=1
937850	42	STIM=k
943118	42	RESP=1
956509	42	STIM=y
960618	42	RESP=1
973024	42	STIM=z
980363	42	RESP=1
990476	42	STIM=a
994284	42	RESP=1
1008997	42	STIM=g
1015392	42	RESP=1
1025672	42	STIM=2
1030211	42	RESP=2
1043693	42	STIM=b
1046487	42	RESP=1
1059186	42	STIM=r
1064605	42	RESP=1
1077276	42	STIM=i
1080591	42	RESP=2
1095479	42	STIM=j
1098072	42	RESP=1
1112642	42	STIM=x
1116799	42	RESP=1
1131200	42	STIM=8
1137564	42	RESP=2
1149859	42	STIM=f
1153058	42	RESP=1
1166894	42	STIM=9
1172567	42	RESP=2
1185881	42	STIM=l
1192021	42	RESP=2
1203723	42	STIM=z
1206606	42	RESP=1
1219709	42	STIM=r
1226374	42	RESP=1
1238188	42	STIM=l
1244130	42	RESP=1
1254880	42	STIM=x
1258660	42	RESP=1
1272538	42	STIM=e
1277555	42	RESP=1
1288620	42	STIM=n
1293233	42	RESP=1
1306652	42	STIM=q
1311637	42	RESP=1
1321680	42	STIM=k
1325212	42	RESP=1
1338200	42	STIM=c
1342196	42	RESP=1
1355043	42	STIM=g
1359223	42	RESP=1
1372177	42	STIM=t
1375620	42	RESP=1
1390502	42	STIM=j
1397783	42	RESP=1
1408391	42	STIM=k
1411560	42	RESP=1
1425653	42	STIM=h
1430620	42	RESP=1
1442680	42	STIM=d
1447908	42	RESP=1
1459510	42	STIM=d
1462644	42	RESP=1
1475608	42	STIM=l
1480832	42	RESP=1
1494192	42	STIM=h
1497486	42	RESP=1
1511271	42	STIM=6
1517518	42	RESP=2
1529383	42	STIM=h
1534392	42	RESP=1
1546264	42	STIM=r
1549949	42	RESP=1
1562076	42	STIM=s
1566492	42	RESP=1
1580216	42	STIM=7
1585971	42	RESP=2
1595650	42	STIM=q
1604876	42	RESP=1
1611163	42	STIM=v
1617510	42	RESP=2
1627555	42	STIM=a
1630860	42	RESP=1
1644821	42	STIM=k
1647858	42	RESP=1
1661954	42	STIM=j
1666276	42	RESP=1
1677272	42	STIM=r
1680450	42	RESP=1
1694145	42	STIM=e
1699301	42	RESP=1
1712571	42	STIM=y
1715916	42	RESP=1
1728542	42	STIM=8
1733417	42	RESP=2
1745899	42	STIM=l
1750701	42	RESP=1
1763941	42	STIM=6
1770424	42	RESP=2
1782411	42	STIM=e
1785774	42	RESP=1
1800441	42	STIM=8
1805661	42	RESP=2
1817367	42	STIM=v
1822623	42	RESP=1
1835515	42	STIM=t
1844334	42	RESP=1
1854327	42	STIM=2
1859887	42	RESP=2
1869753	42	STIM=m
1874365	42	RESP=1
1884781	42	STIM=z
1888382	42	RESP=1
1900021	42	STIM=9
1906961	42	RESP=2
1918577	42	STIM=t
1922918	42	RESP=1
1937126	42	STIM=v
1940019	42	RESP=1
1952709	42	STIM=2
1961827	42	RESP=2
1968258	42	STIM=u
1971726	42	RESP=1
1984027	42	STIM=i
1987199	42	RESP=1
1999323	42	STIM=p
2004914	42	RESP=1
2017394	42	STIM=a
2021639	42	RESP=1
2035412	42	STIM=g
2039026	42	RESP=1
2053564	42	STIM=v
2057912	42	RESP=2
2072114	42	STIM=l
2075751	42	RESP=1
2087275	42	STIM=c
2092234	42	RESP=1
2102919	42	STIM=m
2106879	42	RESP=1
2118951	42	STIM=p
2124892	42	RESP=1
2137508	42	STIM=x
2140802	42	RESP=1
2152588	42	STIM=h
2158207	42	RESP=1
2168977	42	STIM=u
2175370	42	RESP=1
2187810	42	STIM=z
2195588	42	RESP=1
2204726	42	STIM=h
2210122	42	RESP=1
2222534	42	STIM=s
2225127	42	RESP=1
2239572	42	STIM=m
2247831	42	RESP=1
2254597	42	STIM=p
2259489	42	RESP=1
2271784	42	STIM=b
2275142	42	RESP=1
2289286	42	STIM=1
2295087	42	RESP=2
2306647	42	STIM=6
2311231	42	RESP=2
2323945	42	STIM=t
2329768	42	RESP=1
2341397	42	STIM=2
2346055	42	RESP=2
2358568	42	STIM=t
2361324	42	RESP=1
2375141	42	STIM=i
2379070	42	RESP=1
2392378	42	STIM=2
2397041	42	RESP=2
2409972	42	STIM=i
2414743	42	RESP=1
2425747	42	STIM=8
2429873	42	RESP=1
2441614	42	STIM=4
2447862	42	RESP=2
2456723	42	STIM=o
2462648	42	RESP=1
2474868	42	STIM=t
2478777	42	RESP=1
2492029	42	STIM=s
2500425	42	RESP=1
2509446	42	STIM=i
2513843	42	RESP=1
2527175	42	STIM=9
2533695	42	RESP=1
2545421	42	STIM=w
2549219	42	RESP=1
2563170	42	STIM=c
2566522	42	RESP=1
2581964	42	STIM=l
2586303	42	RESP=1
2599080	42	STIM=p
2602295	42	RESP=1
2616334	42	STIM=u
2619199	42	RESP=1
2634884	42	STIM=c
2640628	42	RESP=2
2653840	42	STIM=g
2658563	42	RESP=1
2671020	42	STIM=r
2677553	42	RESP=1
2687597	42	STIM=6
2692354	42	RESP=2
2702795	42	STIM=l
2707546	42	RESP=1
2719608	42	STIM=p
2723384	42	RESP=1
2737670	42	STIM=y
2744377	42	RESP=1
2756508	42	STIM=5
2763197	42	RESP=2
2773321	42	STIM=4
2778120	42	RESP=2
2789845	42	STIM=1
2794340	42	RESP=2
2807623	42	STIM=l
2812454	42	RESP=1
2822750	42	STIM=z
2830912	42	RESP=1
2841517	42	STIM=6
2846036	42	RESP=2
2857047	42	STIM=z
2866984	42	RESP=1
2872076	42	STIM=k
2876230	42	RESP=1
2890527	42	STIM=t
2894679	42	RESP=1
2905718	42	STIM=g
2908449	42	RESP=1
2922877	42	STIM=m
2926561	42	RESP=1
2940518	42	STIM=f
2945241	42	RESP=1
2957090	42	STIM=q
2964959	42	RESP=1
2972460	42	STIM=6
2977917	42	RESP=2
2990935	42	STIM=q
2995633	42	RESP=1
3008466	42	STIM=0
3015310	42	RESP=2
3027402	42	STIM=v
3030659	42	RESP=1
3045220	42	STIM=o
3051828	42	RESP=1
3063110	42	STIM=z
3066887	42	RESP=1
3078689	42	STIM=1
3089417	42	RESP=2
3097672	42	STIM=d
3100909	42	RESP=1
3112772	42	STIM=q
3117244	42	RESP=1
3130347	42	STIM=h
3133793	42	RESP=1
3146961	42	STIM=3
3151701	42	RESP=2
3163934	42	STIM=h
3168078	42	RESP=1
3181654	42	STIM=i
3184955	42	RESP=1
3199234	42	STIM=g
3206131	42	RESP=1
3218228	42	STIM=0
3221731	42	RESP=2
3234116	42	STIM=9
3237993	42	RESP=1
3251243	42	STIM=l
3255633	42	RESP=1
3269905	42	STIM=h
3273130	42	RESP=1
3288432	42	STIM=u
3291463	42	RESP=1
3304855	42	STIM=g
3308654	42	RESP=1
3320831	42	STIM=p
3325762	42	RESP=1
3336698	42	STIM=k
3340593	42	RESP=1
3354719	42	STIM=t
3358041	42	RESP=1
3371058	42	STIM=j
3375614	42	RESP=1
3387722	42	STIM=z
3394510	42	RESP=1
3406632	42	STIM=c
3416886	42	RESP=1
3425018	42	STIM=c
3429233	42	RESP=1
3443534	42	STIM=y
3450237	42	RESP=1
3460579	42	STIM=4
3464679	42	RESP=2
3478098	42	STIM=g
3484161	42	RESP=1
3496395	42	STIM=3
3501955	42	RESP=2
3511552	42	STIM=3
3519204	42	RESP=2
3529525	42	STIM=m
3532997	42	RESP=1
3547949	42	STIM=w
3550714	42	RESP=1
3566708	42	STIM=9
3570328	42	RESP=2
3584045	42	STIM=b
3586504	42	RESP=1
3600570	42	STIM=r
3605066	42	RESP=1
3617292	42	STIM=c
3621341	42	RESP=1
3635936	42	STIM=8
3642583	42	RESP=2
3651470	42	STIM=o
3656887	42	RESP=1
3666518	42	STIM=p
3673071	42	RESP=1
3684656	42	STIM=w
3693994	42	RESP=1
3702335	42	STIM=t
3706621	42	RESP=1
3720041	42	STIM=m
3722802	42	RESP=1
3736723	42	STIM=9
3741850	42	RESP=2
3754671	42	STIM=q
3757943	42	RESP=1
3770669	42	STIM=j
3773970	42	RESP=1
3788020	42	STIM=6
3793519	42	RESP=2
3806707	42	STIM=z
3809665	42	RESP=1
3824200	42	STIM=u
3830644	42	RESP=1
3840011	42	STIM=n
3845389	42	RESP=1
3858300	42	STIM=n
3863303	42	RESP=1
3877153	42	STIM=b
3883722	42	RESP=1
3893806	42	STIM=q
3898002	42	RESP=1
3909107	42	STIM=l
3916439	42	RESP=1
3926126	42	STIM=m
3933658	42	RESP=1
3941482	42	STIM=r
3946255	42	RESP=1
3960398	42	STIM=a
3965224	42	RESP=1
3977004	42	STIM=l
3983246	42	RESP=1
3995851	42	STIM=g
4001949	42	RESP=1
4014282	42	STIM=q
4018064	42	RESP=1
4029292	42	STIM=f
4037138	42	RESP=1
4047707	42	STIM=k
4052789	42	RESP=1
4064864	42	STIM=b
4068799	42	RESP=1
4083561	42	STIM=3
4087724	42	RESP=1
4100773	42	STIM=q
4105425	42	RESP=2
4116991	42	STIM=m
4120498	42	RESP=1
4133408	42	STIM=5
4140407	42	RESP=1
4150152	42	STIM=l
4152807	42	RESP=1
4168979	42	STIM=z
4174097	42	RESP=1
4187436	42	STIM=r
4192003	42	RESP=1
4203349	42	STIM=s
4210693	42	RESP=1
4220056	42	STIM=b
4225080	42	RESP=1
4235256	42	STIM=4
4239972	42	RESP=1
4250568	42	STIM=u
4254980	42	RESP=1
4268402	42	STIM=r
4274519	42	RESP=1
4283539	42	STIM=a
4289813	42	RESP=1
4298703	42	STIM=g
4302652	42	RESP=1
4315714	42	STIM=d
4318352	42	RESP=1
4333330	42	STIM=t
4336340	42	RESP=1
4349166	42	STIM=n
4355366	42	RESP=1
4366777	42	STIM=f
4373034	42	RESP=1
4382792	42	STIM=e
4387298	42	RESP=1
4397994	42	STIM=g
4402597	42	RESP=1
4413160	42	STIM=e
4420845	42	RESP=1
4432156	42	STIM=a
4437043	42	RESP=1
4447693	42	STIM=p
4451581	42	RESP=1
4463016	42	STIM=8
4466590	42	RESP=2
4478520	42	STIM=4
4483600	42	RESP=2
4497221	42	STIM=o
4501402	42	RESP=1
4515849	42	STIM=j
4520351	42	RESP=1
4531608	42	STIM=z
4536002	42	RESP=1
4548144	42	STIM=3
4552591	42	RESP=2
4565177	42	STIM=u
4570088	42	RESP=1
4582819	42	STIM=4
4587440	42	RESP=2
4600672	42	STIM=4
4607254	42	RESP=2
4619539	42	STIM=o
4623319	42	RESP=1
4634901	42	STIM=j
4638399	42	RESP=1
4652597	42	STIM=c
4658354	42	RESP=1
4671135	42	STIM=7
4674239	42	RESP=2
4688129	42	STIM=6
4693798	42	RESP=1
4703797	42	STIM=n
4712166	42	RESP=1
4721629	42	STIM=v
4725277	42	RESP=1
4738976	42	STIM=5
4744502	42	RESP=1
4757333	42	STIM=a
4761725	42	RESP=1
4775218	42	STIM=f
4780958	42	RESP=1
4790492	42	STIM=n
4797679	42	RESP=1
4806715	42	STIM=j
4813045	42	RESP=1
4824570	42	STIM=e
4830519	42	RESP=2
4839993	42	STIM=i
4845043	42	RESP=1
4858058	42	STIM=t
4861025	42	RESP=1
4873707	42	STIM=n
4878257	42	RESP=2
4889569	42	STIM=8
4893065	42	RESP=2
4907611	42	STIM=v
4912010	42	RESP=1
4922665	42	STIM=i
4928696	42	RESP=1
4940322	42	STIM=n
4943414	42	RESP=1
4957431	42	STIM=6
4961979	42	RESP=2
4974396	42	STIM=v
4979522	42	RESP=1
4989669	42	STIM=b
4994116	42	RESP=2
5008496	42	STIM=h
5013392	42	RESP=1
5024414	42	STIM=s
5028043	42	RESP=1
5040268	42	STIM=f
5045100	42	RESP=1
5055596	42	STIM=8
5061489	42	RESP=2
5070960	42	STIM=v
5074033	42	RESP=1
5088539	42	STIM=d
5094069	42	RESP=1
5104159	42	STIM=p
5110619	42	RESP=1
5119337	42	STIM=f
5124103	42	RESP=1
5135706	42	STIM=f
5139112	42	RESP=1
5151633	42	STIM=2
5155496	42	RESP=2
5168664	42	STIM=a
5173712	42	RESP=1
5186919	42	STIM=s
5190562	42	RESP=1
5205057	42	STIM=x
5209468	42	RESP=1
5220226	42	STIM=l
5226029	42	RESP=1
5237767	42	STIM=f
5242395	42	RESP=1
5255421	42	STIM=e
5260578	42	RESP=1
5271196	42	STIM=h
5278192	42	RESP=1
5288940	42	STIM=l
5293119	42	RESP=1
5304425	42	STIM=l
5307991	42	RESP=1
5319879	42	STIM=o
5324693	42	RESP=2
5338439	42	STIM=m
5343556	42	RESP=1
5354656	42	STIM=1
5360825	42	RESP=2
5371564	42	STIM=9
5376101	42	RESP=2
5389074	42	STIM=w
5393592	42	RESP=1
5406002	42	STIM=w
5408941	42	RESP=1
5423734	42	STIM=r
5427358	42	RESP=1
5441036	42	STIM=j
5445027	42	RESP=1
5458255	42	STIM=b
5462396	42	RESP=1
5476697	42	STIM=2
5479762	42	RESP=2
5493307	42	STIM=x
5496104	42	RESP=1
5509639	42	STIM=f
5513486	42	RESP=1
5526688	42	STIM=z
5531081	42	RESP=1
5542131	42	STIM=e
5547529	42	RESP=1
5559109	42	STIM=j
5565243	42	RESP=1
5577612	42	STIM=n
5581647	42	RESP=1
5594454	42	STIM=8
5602985	42	RESP=2
5610363	42	STIM=o
5614057	42	RESP=1
5625872	42	STIM=q
5632732	42	RESP=1
5641785	42	STIM=s
5646370	42	RESP=1
5657139	42	STIM=s
5660078	42	RESP=1
5672822	42	STIM=b
5677652	42	RESP=1
5689888	42	STIM=v
5695079	42	RESP=1
5705702	42	STIM=p
5709447	42	RESP=1
5723760	42	STIM=o
5728329	42	RESP=1
5742314	42	STIM=i
5749244	42	RESP=1
5760428	42	STIM=v
5765692	42	RESP=1
5775739	42	STIM=d
5779009	42	RESP=1
5792941	42	STIM=n
5796114	42	RESP=1
5810531	42	STIM=q
5815005	42	RESP=1
5826619	42	STIM=w
5831757	42	RESP=1
5841989	42	STIM=r
5845976	42	RESP=1
5858510	42	STIM=0
5862177	42	RESP=2
5875236	42	STIM=9
5880691	42	RESP=2
5893232	42	STIM=k
5899018	42	RESP=1
5908374	42	STIM=x
5912524	42	RESP=1
5927093	42	STIM=j
5934415	42	RESP=1
5944736	42	STIM=i
5948175	42	RESP=1
5961161	42	STIM=x
5964549	42	RESP=1
5977255	42	STIM=t
5980037	42	RESP=1
5994906	42	STIM=k
6002155	42	RESP=1
6011710	42	STIM=h
6015391	42	RESP=1
6028436	42	STIM=a
6032773	42	RESP=1
6043452	42	STIM=t
6050773	42	RESP=1
6060998	42	STIM=z
6063439	42	RESP=1
6077881	42	STIM=h
6081796	42	RESP=1
6095671	42	STIM=q
6100612	42	RESP=1
6112875	42	STIM=j
6119041	42	RESP=1
6131639	42	STIM=s
6134877	42	RESP=1
6147579	42	STIM=g
6150154	42	RESP=1
6166277	42	STIM=d
6171891	42	RESP=1
6182660	42	STIM=w
6186204	42	RESP=1
6199005	42	STIM=0
6203361	42	RESP=2
6215667	42	STIM=t
6222922	42	RESP=1
6233871	42	STIM=e
6241401	42	RESP=1
6249062	42	STIM=k
6254284	42	RESP=1
6266669	42	STIM=v
6274315	42	RESP=1
6284785	42	STIM=z
6290360	42	RESP=1
6302390	42	STIM=o
6311985	42	RESP=1
6320137	42	STIM=f
6323664	42	RESP=1
6338868	42	STIM=4
6343723	42	RESP=2
6354674	42	STIM=t
6358121	42	RESP=2
6370821	42	STIM=g
6375810	42	RESP=1
6387464	42	STIM=u
6390819	42	RESP=1
6402556	42	STIM=u
6407479	42	RESP=1
6421198	42	STIM=z
6425348	42	RESP=1
6438476	42	STIM=u
6443743	42	RESP=1
6455784	42	STIM=4
6460449	42	RESP=1
6473365	42	STIM=s
6478889	42	RESP=1
6491156	42	STIM=m
6498076	42	RESP=1
6506569	42	STIM=i
6512619	42	RESP=1
6522018	42	STIM=2
6530270	42	RESP=2
6539848	42	STIM=v
6545132	42	RESP=1
6555563	42	STIM=b
6559737	42	RESP=1
6571719	42	STIM=r
6576146	42	RESP=2
6589662	42	STIM=3
6594035	42	RESP=2
6607575	42	STIM=h
6611243	42	RESP=1
6625167	42	STIM=m
6633106	42	RESP=1
6643037	42	STIM=z
6653580	42	RESP=1
6658172	42	STIM=2
6661856	42	RESP=2
6676648	42	STIM=y
6679555	42	RESP=1
6695068	42	STIM=w
6697551	42	RESP=1
6710581	42	STIM=s
6714635	42	RESP=1
6726223	42	STIM=e
6730447	42	RESP=1
6742696	42	STIM=q
6749885	42	RESP=1
6759147	42	STIM=n
6765581	42	RESP=1
6774966	42	STIM=l
6780984	42	RESP=1
6792083	42	STIM=4
6797618	42	RESP=2
6810873	42	STIM=1
6817871	42	RESP=2
6827155	42	STIM=1
6833627	42	RESP=2
6845673	42	STIM=u
6850012	42	RESP=1
6862093	42	STIM=m
6867536	42	RESP=1
6879269	42	STIM=z
6882746	42	RESP=1
6895914	42	STIM=z
6899373	42	RESP=1
6913658	42	STIM=d
6918804	42	RESP=1
6929126	42	STIM=k
6932922	42	RESP=1
6945862	42	STIM=t
6949500	42	RESP=1
6963156	42	STIM=h
6966200	42	RESP=1
6978233	42	STIM=r
6982059	42	RESP=1
6994513	42	STIM=t
7001134	42	RESP=2
7010117	42	STIM=t
7013011	42	RESP=1
7026710	42	STIM=f
7037829	42	RESP=1
7044537	42	STIM=y
7049489	42	RESP=1
7063513	42	STIM=c
7067825	42	RESP=1
7082187	42	STIM=b
7088151	42	RESP=1
7098343	42	STIM=a
7101313	42	RESP=1
7117175	42	STIM=3
7122376	42	RESP=2
7132315	42	STIM=t
7140254	42	RESP=1
7149250	42	STIM=g
7153975	42	RESP=1
7165809	42	STIM=y
7168958	42	RESP=1
7183924	42	STIM=9
7189121	42	RESP=2
7202280	42	STIM=c
7210743	42	RESP=1
7218851	42	STIM=p
7222532	42	RESP=1
7237525	42	STIM=0
7243322	42	RESP=2
7252596	42	STIM=i
7257103	42	RESP=1
7269861	42	STIM=i
7277593	42	RESP=1
7286665	42	STIM=j
7290679	42	RESP=1
7303852	42	STIM=0
7307401	42	RESP=2
7320011	42	STIM=v
7326397	42	RESP=1
7338426	42	STIM=e
7342176	42	RESP=1
7353896	42	STIM=n
7358561	42	RESP=1
7371937	42	STIM=9
7377121	42	RESP=2
7388669	42	STIM=w
7394906	42	RESP=1
7403732	42	STIM=q
7411803	42	RESP=1
7422322	42	STIM=8
7429554	42	RESP=2
7438772	42	STIM=7
7443059	42	RESP=2
7457622	42	STIM=b
7466447	42	RESP=1
7473977	42	STIM=2
7481458	42	RESP=2
7490537	42	STIM=m
7494291	42	RESP=1
7508931	42	STIM=k
7513132	42	RESP=1
7526317	42	STIM=z
7530763	42	RESP=1
7544962	42	STIM=d
7548522	42	RESP=1
7562488	42	STIM=p
7566998	42	RESP=2
7581396	42	STIM=i
7584185	42	RESP=1
7598114	42	STIM=f
7602453	42	RESP=1
7615523	42	STIM=t
7620722	42	RESP=1
7631066	42	STIM=l
7636633	42	RESP=1
7647395	42	STIM=m
7656661	42	RESP=1
7665372	42	STIM=l
7669938	42	RESP=1
7681359	42	STIM=d
7687052	42	RESP=1
7696889	42	STIM=i
7702444	42	RESP=1
7714372	42	STIM=u
7717235	42	RESP=1
7731904	42	STIM=r
7736082	42	RESP=1
7750231	42	STIM=g
7753719	42	RESP=1
7769163	42	STIM=z
7773455	42	RESP=1
7785157	42	STIM=s
7788423	42	RESP=1
7803831	42	STIM=y
7809428	42	RESP=1
7822303	42	STIM=o
7826372	42	RESP=1
7840178	42	STIM=z
7843166	42	RESP=1
7858166	42	STIM=w
7862713	42	RESP=1
7875917	42	STIM=2
7880271	42	RESP=1
7893416	42	STIM=a
7899215	42	RESP=1
7912068	42	STIM=4
7916083	42	RESP=2
7927415	42	STIM=v
7931983	42	RESP=1
7943424	42	STIM=s
7951632	42	RESP=1
7961123	42	STIM=o
7966005	42	RESP=2
7976327	42	STIM=w
7979932	42	RESP=1
7992065	42	STIM=t
7998442	42	RESP=1
8008722	42	STIM=7
8015104	42	RESP=2
8025035	42	STIM=n
8029521	42	RESP=1
8040638	42	STIM=s
8044837	42	RESP=1
8059406	42	STIM=d
8063021	42	RESP=1
8075358	42	STIM=w
8078443	42	RESP=1
8091291	42	STIM=8
8096203	42	RESP=2
8109577	42	STIM=d
8112750	42	RESP=1
8125012	42	STIM=v
8128370	42	RESP=1
8142363	42	STIM=c
8147785	42	RESP=1
8157768	42	STIM=a
8163497	42	RESP=1
8175839	42	STIM=h
8182627	42	RESP=1
8191915	42	STIM=s
8195935	42	RESP=1
8207409	42	STIM=p
8213166	42	RESP=1
8223847	42	STIM=k
8228978	42	RESP=1
8240305	42	STIM=k
8244074	42	RESP=1
8258081	42	STIM=i
8266002	42	RESP=1
8275550	42	STIM=3
8278740	42	RESP=2
8291053	42	STIM=d
8297958	42	RESP=1
8309906	42	STIM=0
8314064	42	RESP=1
8326035	42	STIM=x
8330454	42	RESP=1
8341748	42	STIM=2
8346277	42	RESP=2
8357507	42	STIM=5
8362934	42	RESP=2
8373644	42	STIM=4
8381698	42	RESP=2
8390413	42	STIM=d
8395577	42	RESP=1
8408496	42	STIM=m
8413844	42	RESP=1
8426597	42	STIM=h
8429975	42	RESP=1
8441638	42	STIM=5
8445916	42	RESP=2
8457465	42	STIM=8
8463099	42	RESP=1
8472723	42	STIM=n
8476704	42	RESP=2
8491108	42	STIM=9
8496669	42	RESP=2
8508376	42	STIM=e
8514929	42	RESP=1
8524944	42	STIM=a
8528495	42	RESP=1
8541637	42	STIM=q
8545505	42	RESP=2
8557968	42	STIM=2
8563960	42	RESP=2
8575576	42	STIM=k
8580012	42	RESP=1
8593829	42	STIM=q
8598468	42	RESP=1
8609658	42	STIM=0
8617987	42	RESP=2
8626876	42	STIM=w
8632675	42	RESP=1
8644380	42	STIM=z
8651900	42	RESP=1
8659957	42	STIM=f
8665986	42	RESP=1
8677370	42	STIM=r
8682654	42	RESP=1
8693737	42	STIM=o
8699353	42	RESP=1
8709258	42	STIM=z
8712830	42	RESP=1
8728078	42	STIM=w
8734243	42	RESP=1
8743975	42	STIM=q
8748973	42	RESP=1
8759190	42	STIM=z
8766645	42	RESP=1
8774336	42	STIM=k
8779150	42	RESP=1
8790209	42	STIM=h
8793294	42	RESP=1
8805415	42	STIM=a
8809952	42	RESP=1
8821733	42	STIM=d
8826494	42	RESP=1
8838776	42	STIM=3
8845327	42	RESP=2
8855318	42	STIM=0
8861787	42	RESP=2
8873670	42	STIM=w
8876875	42	RESP=1
8889042	42	STIM=m
8895606	42	RESP=1
8907870	42	STIM=p
8912150	42	RESP=1
8923865	42	STIM=n
8928432	42	RESP=1
8942531	42	STIM=s
8948051	42	RESP=1
8961475	42	STIM=f
8965771	42	RESP=1
8977389	42	STIM=i
8983923	42	RESP=1
8993662	42	STIM=f
8997776	42	RESP=1
9010893	42	STIM=7
9016267	42	RESP=2
9028123	42	STIM=m
9031337	42	RESP=1
9045113	42	STIM=k
9048661	42	RESP=1
9061939	42	STIM=e
9066543	42	RESP=1
9078058	42	STIM=w
9081408	42	RESP=1
9096214	42	STIM=9
9105160	42	RESP=2
9114854	42	STIM=u
9118541	42	RESP=1
9130284	42	STIM=f
9134735	42	RESP=1
9146695	42	STIM=b
9150930	42	RESP=1
9162898	42	STIM=3
9168960	42	RESP=2
9178271	42	STIM=c
9184809	42	RESP=1
9196086	42	STIM=l
9200663	42	RESP=1
9213365	42	STIM=2
9219108	42	RESP=2
9231107	42	STIM=o
9234970	42	RESP=1
9249252	42	STIM=h
9256404	42	RESP=1
9267666	42	STIM=4
9273026	42	RESP=2
9285048	42	STIM=0
9289920	42	RESP=2
9302134	42	STIM=5
9306134	42	RESP=2
9319527	42	STIM=0
9327578	42	RESP=2
9338511	42	STIM=m
9343411	42	RESP=1
9355766	42	STIM=u
9363622	42	RESP=1
9374316	42	STIM=v
9378339	42	RESP=1
9392055	42	STIM=p
9399718	42	RESP=2
9408574	42	STIM=g
9413656	42	RESP=1
9427326	42	STIM=o
9435230	42	RESP=1
9443780	42	STIM=m
9447494	42	RESP=1
9462418	42	STIM=9
9471767	42	RESP=2
9480860	42	STIM=v
9486033	42	RESP=1
9497803	42	STIM=e
9501538	42	RESP=1
9514359	42	STIM=x
9517316	42	RESP=1
9529667	42	STIM=b
9533071	42	RESP=1
9545648	42	STIM=z
9550219	42	RESP=1
9562879	42	STIM=a
9570641	42	RESP=1
9580662	42	STIM=p
9585078	42	RESP=1
9599538	42	STIM=c
9604983	42	RESP=1
9617598	42	STIM=y
9620237	42	RESP=1
9632771	42	STIM=a
9637510	42	RESP=1
9650036	42	STIM=a
9654084	42	RESP=1
9665190	42	STIM=e
9668791	42	RESP=1
9683986	42	STIM=b
9687134	42	RESP=1
9701092	42	STIM=q
9707989	42	RESP=1
9717735	42	STIM=g
9721339	42	RESP=1
9734661	42	STIM=t
9738313	42	RESP=1
9753549	42	STIM=q
9759722	42	RESP=1
9769710	42	STIM=6
9779872	42	RESP=2
9786301	42	STIM=i
9793092	42	RESP=1
9802383	42	STIM=p
9809077	42	RESP=1
9819306	42	STIM=w
9822952	42	RESP=2
9837070	42	STIM=0
9842781	42	RESP=2
9853778	42	STIM=6
9858187	42	RESP=2
9871786	42	STIM=f
9880257	42	RESP=1
9889473	42	STIM=f
9893013	42	RESP=1
9908173	42	STIM=n
9912449	42	RESP=1
9923316	42	STIM=6
9928092	42	RESP=1
9939624	42	STIM=i
9943417	42	RESP=1
9955688	42	STIM=i
9960289	42	RESP=1
9971642	42	STIM=i
9978462	42	RESP=1
9986825	42	STIM=u
9993012	42	RESP=1
10002149	42	STIM=g
10006644	42	RESP=1
10017308	42	STIM=g
10020611	42	RESP=1
10034261	42	STIM=h
10037974	42	RESP=2
10052045	42	STIM=b
10056357	42	RESP=1
10068428	42	STIM=g
10075452	42	RESP=1
10086937	42	STIM=8
10090480	42	RESP=2
10104273	42	STIM=j
10108905	42	RESP=1
10120555	42	STIM=2
10124828	42	RESP=2
10138885	42	STIM=x
10142363	42	RESP=1
10155394	42	STIM=p
10158675	42	RESP=1
10172786	42	STIM=p
10176259	42	RESP=2
10188729	42	STIM=v
10192550	42	RESP=1
10206119	42	STIM=r
10211340	42	RESP=1
10221740	42	STIM=q
10226323	42	RESP=1
10237901	42	STIM=k
10243354	42	RESP=2
10256310	42	STIM=2
10263441	42	RESP=2
10271970	42	STIM=p
10276300	42	RESP=1
10287098	42	STIM=p
10291679	42	RESP=1
10305912	42	STIM=i
10312352	42	RESP=1
10323895	42	STIM=0
10330542	42	RESP=2
10339121	42	STIM=9
10346548	42	RESP=2
10357110	42	STIM=z
10361209	42	RESP=1
10374144	42	STIM=m
10378664	42	RESP=1
10389787	42	STIM=l
10393407	42	RESP=1
10407838	42	STIM=h
10414261	42	RESP=1
10426255	42	STIM=2
10432054	42	RESP=2
10442806	42	STIM=l
10446774	42	RESP=1
10460735	42	STIM=v
10464640	42	RESP=1
10477298	42	STIM=h
10480100	42	RESP=1
10493373	42	STIM=0
10497723	42	RESP=2
10508568	42	STIM=5
10514191	42	RESP=2
10527231	42	STIM=3
10531581	42	RESP=2
10546182	42	STIM=q
10557003	42	RESP=1
10562472	42	STIM=5
10569920	42	RESP=2
10579566	42	STIM=v
10583103	42	RESP=1
10597604	42	STIM=b
10601584	42	RESP=1
10615247	42	STIM=f
10618787	42	RESP=1
10630474	42	STIM=e
10635764	42	RESP=1
10646743	42	STIM=i
10649794	42	RESP=1
10662813	42	STIM=x
10669541	42	RESP=2
10681217	42	STIM=6
10684682	42	RESP=1
10699648	42	STIM=w
10709083	42	RESP=1
10715934	42	STIM=s
10722340	42	RESP=1
10731201	42	STIM=f
10737121	42	RESP=1
10748908	42	STIM=d
10752150	42	RESP=1
10764319	42	STIM=m
10768508	42	RESP=1
10783043	42	STIM=x
10790868	42	RESP=1
10799123	42	STIM=0
10804079	42	RESP=2
10814456	42	STIM=m
10818304	42	RESP=1
10830712	42	STIM=s
10835212	42	RESP=1
10848003	42	STIM=3
10855610	42	RESP=2
10865618	42	STIM=c
10872007	42	RESP=1
10881690	42	STIM=8
10886009	42	RESP=1
10898255	42	STIM=u
10901255	42	RESP=1
10913687	42	STIM=y
10917817	42	RESP=1
10929314	42	STIM=k
10934456	42	RESP=1
10944434	42	STIM=t
10950900	42	RESP=1
10961753	42	STIM=r
10966484	42	RESP=2
10979203	42	STIM=3
10983312	42	RESP=1
10995745	42	STIM=j
10999680	42	RESP=1
11011688	42	STIM=1
11017973	42	RESP=1
11029245	42	STIM=v
11038650	42	RESP=1
11047062	42	STIM=6
11052054	42	RESP=2
11064117	42	STIM=z
11066683	42	RESP=1
11080511	42	STIM=w
11084826	42	RESP=1
11095572	42	STIM=o
11100261	42	RESP=1
11112742	42	STIM=s
11117802	42	RESP=1
11129981	42	STIM=a
11135368	42	RESP=1
11145191	42	STIM=d
11153208	42	RESP=1
11161118	42	STIM=0
11166516	42	RESP=2
11179716	42	STIM=o
11184210	42	RESP=1
11197656	42	STIM=i
11202866	42	RESP=1
11212934	42	STIM=9
11218932	42	RESP=2
11229337	42	STIM=f
11236226	42	RESP=1
11248072	42	STIM=f
11251949	42	RESP=1
11266046	42	STIM=p
11275273	42	RESP=1
11281913	42	STIM=7
11291067	42	RESP=2
11298105	42	STIM=b
11304336	42	RESP=1
11315632	42	STIM=n
11321004	42	RESP=1
11330782	42	STIM=m
11335488	42	RESP=1
11348834	42	STIM=7
11354779	42	RESP=2
11364282	42	STIM=g
11368221	42	RESP=2
11382207	42	STIM=o
11385724	42	RESP=1
11400269	42	STIM=4
11405063	42	RESP=1
11416772	42	STIM=n
11422286	42	RESP=1
11433980	42	STIM=v
11438284	42	RESP=1
11449778	42	STIM=g
11452887	42	RESP=1
11467464	42	STIM=h
11472765	42	RESP=1
11485942	42	STIM=r
11489006	42	RESP=1
11502479	42	STIM=o
11508128	42	RESP=1
11519187	42	STIM=5
11523824	42	RESP=2
11537708	42	STIM=a
11543675	42	RESP=1
11556240	42	STIM=n
11559859	42	RESP=1
11573936	42	STIM=n
11583628	42	RESP=1
11588962	42	STIM=c
11594263	42	RESP=1
11604162	42	STIM=7
11611762	42	RESP=2
11621599	42	STIM=n
11625649	42	RESP=1
11639208	42	STIM=w
11643117	42	RESP=1
11655735	42	STIM=t
11662116	42	RESP=1
11671151	42	STIM=o
11676148	42	RESP=1
11688155	42	STIM=c
11691557	42	RESP=1
11707085	42	STIM=n
11713974	42	RESP=1
11724801	42	STIM=j
11731483	42	RESP=1
11742362	42	STIM=i
11745141	42	RESP=1
11759240	42	STIM=r
11763205	42	RESP=1
11774601	42	STIM=2
11778949	42	RESP=2
11789833	42	STIM=f
11795931	42	RESP=1
11805250	42	STIM=d
11811161	42	RESP=1
11823579	42	STIM=2
11829933	42	RESP=2
11841552	42	STIM=p
11844726	42	RESP=1
11858988	42	STIM=p
11864008	42	RESP=1
11875590	42	STIM=6
11885932	42	RESP=2
11894576	42	STIM=1
11900762	42	RESP=2
11910100	42	STIM=i
11915294	42	RESP=1
11927474	42	STIM=2
11932012	42	RESP=2
11942596	42	STIM=8
11950232	42	RESP=2
11959849	42	STIM=u
11964462	42	RESP=1
11976419	42	STIM=m
11982801	42	RESP=1
11991893	42	STIM=x
11994690	42	RESP=1
12007039	42	STIM=4
12016561	42	RESP=2
12022130	42	STIM=b
12026142	42	RESP=1
12040488	42	STIM=4
12044135	42	RESP=2
12055996	42	STIM=x
12061480	42	RESP=1
12071167	42	STIM=p
12074739	42	RESP=1
12086189	42	STIM=5
12091784	42	RESP=2
12102803	42	STIM=v
12106439	42	RESP=1
12118821	42	STIM=p
12128426	42	RESP=1
12135025	42	STIM=v
12140745	42	RESP=1
12151786	42	STIM=r
12157843	42	RESP=1
12169392	42	STIM=e
12172508	42	RESP=1
12187656	42	STIM=r
12191460	42	RESP=1
12202745	42	STIM=v
12208467	42	RESP=1
12221128	42	STIM=l
12226584	42	RESP=1
12238345	42	STIM=n
12241254	42	RESP=1
12255985	42	STIM=s
12259728	42	RESP=1
12271422	42	STIM=6
12275848	42	RESP=2
12287766	42	STIM=f
12292238	42	RESP=1
12303974	42	STIM=j
12311087	42	RESP=1
12322859	42	STIM=w
12327128	42	RESP=1
12341012	42	STIM=d
12348670	42	RESP=1
12357262	42	STIM=f
12360538	42	RESP=1
12374415	42	STIM=4
12378200	42	RESP=1
12393173	42	STIM=v
12397555	42	RESP=1
12408481	42	STIM=0
12414260	42	RESP=2
12427013	42	STIM=o
12429937	42	RESP=1
12442800	42	STIM=x
12446698	42	RESP=1
12459969	42	STIM=h
12465301	42	RESP=1
12477836	42	STIM=y
12486039	42	RESP=1
12494539	42	STIM=n
12499459	42	RESP=1
12510858	42	STIM=e
12518721	42	RESP=2
12527752	42	STIM=z
12530658	42	RESP=1
12543427	42	STIM=a
12546327	42	RESP=1
12559948	42	STIM=v
12564263	42	RESP=1
12575121	42	STIM=7
12580376	42	RESP=2
12592482	42	STIM=1
12596988	42	RESP=2
12607632	42	STIM=o
12611329	42	RESP=1
12625538	42	STIM=n
12631680	42	RESP=1
12642088	42	STIM=n
12647639	42	RESP=1
12657125	42	STIM=l
12661837	42	RESP=1
12673970	42	STIM=o
12678492	42	RESP=1
12692542	42	STIM=q
12696324	42	RESP=1
12710463	42	STIM=y
12716012	42	RESP=1
12725866	42	STIM=n
12730094	42	RESP=1
12742883	42	STIM=t
12746879	42	RESP=1
12760912	42	STIM=9
12764464	42	RESP=2
12777574	42	STIM=u
12781121	42	RESP=1
12794376	42	STIM=h
12799306	42	RESP=1
12810543	42	STIM=0
12822914	42	RESP=2
12826123	42	STIM=y
12830714	42	RESP=1
12845041	42	STIM=e
12855942	42	RESP=1
12861553	42	STIM=o
12865360	42	RESP=1
12879231	42	STIM=f
12882494	42	RESP=1
12894462	42	STIM=r
12900969	42	RESP=1
12911589	42	STIM=g
12919402	42	RESP=1
12927848	42	STIM=7
12933506	42	RESP=2
12944334	42	STIM=l
12949205	42	RESP=1
12961283	42	STIM=y
12965809	42	RESP=1
12977659	42	STIM=0
12983973	42	RESP=2
12992921	42	STIM=o
12997627	42	RESP=1
13010512	42	STIM=5
13017124	42	RESP=1
13025583	42	STIM=j
13029596	42	RESP=1
13042602	42	STIM=c
13047640	42	RESP=1
13059931	42	STIM=9
13066900	42	RESP=2
13078625	42	STIM=9
13085719	42	RESP=1
13096947	42	STIM=h
13102723	42	RESP=1
13114776	42	STIM=r
13121033	42	RESP=2
13130681	42	STIM=a
13133881	42	RESP=1
13147086	42	STIM=i
13151191	42	RESP=1
13165912	42	STIM=b
13172862	42	RESP=1
13184206	42	STIM=n
13193569	42	RESP=1
13202685	42	STIM=x
13207979	42	RESP=1
13219615	42	STIM=i
13224636	42	RESP=1
13235952	42	STIM=l
13243650	42	RESP=1
13252378	42	STIM=v
13256966	42	RESP=1
13268932	42	STIM=y
13276421	42	RESP=1
13285227	42	STIM=6
13289422	42	RESP=2
13300234	42	STIM=e
13307810	42	RESP=1
13317679	42	STIM=p
13323942	42	RESP=1
13335317	42	STIM=x
13341629	42	RESP=1
13353140	42	STIM=z
13356758	42	RESP=1
13371365	42	STIM=x
13377537	42	RESP=1
13389837	42	STIM=p
13392635	42	RESP=1
13405194	42	STIM=c
13407678	42	RESP=1
13423936	42	STIM=c
13431953	42	RESP=1
13441210	42	STIM=w
13444419	42	RESP=1
13458930	42	STIM=z
13464665	42	RESP=1
13475294	42	STIM=2
13479355	42	RESP=2
13490817	42	STIM=9
13496498	42	RESP=1
13509281	42	STIM=q
13513677	42	RESP=1
13526648	42	STIM=g
13531214	42	RESP=1
13544376	42	STIM=h
13547453	42	RESP=1
13561281	42	STIM=g
13565735	42	RESP=1
13578509	42	STIM=r
13584363	42	RESP=1
13595513	42	STIM=c
13599042	42	RESP=1
13612906	42	STIM=r
13616540	42	RESP=1
13629846	42	STIM=q
13637446	42	RESP=1
13645438	42	STIM=w
13649954	42	RESP=2
13660978	42	STIM=r
13665715	42	RESP=1
13676330	42	STIM=e
13680446	42	RESP=1
13694369	42	STIM=l
13708637	42	RESP=1
13711630	42	STIM=w
13715605	42	RESP=1
13726632	42	STIM=i
13730324	42	RESP=1
13741877	42	STIM=d
13746983	42	RESP=1
13758249	42	STIM=f
13763181	42	RESP=1
13777080	42	STIM=v
13780332	42	RESP=1
13792861	42	STIM=b
13796748	42	RESP=1
13810074	42	STIM=2
13815974	42	RESP=2
13825813	42	STIM=t
13829294	42	RESP=1
13841358	42	STIM=j
13845926	42	RESP=1
13857049	42	STIM=d
13868548	42	RESP=1
13874201	42	STIM=5
13878214	42	RESP=2
13892072	42	STIM=8
13896525	42	RESP=2
13907266	42	STIM=o
13913053	42	RESP=1
13922972	42	STIM=s
13926714	42	RESP=1
13938583	42	STIM=q
13944911	42	RESP=1
13955752	42	STIM=z
13959650	42	RESP=1
13971428	42	STIM=o
13976345	42	RESP=1
13990205	42	STIM=4
13996861	42	RESP=2
14008851	42	STIM=x
14011892	42	RESP=1
14027514	42	STIM=j
14030848	42	RESP=2
14043244	42	STIM=z
14048626	42	RESP=1
14061719	42	STIM=q
14064976	42	RESP=1
14078846	42	STIM=9
14083173	42	RESP=2
14094606	42	STIM=h
14102133	42	RESP=1
14112915	42	STIM=f
14120696	42	RESP=2
14131427	42	STIM=e
14138652	42	RESP=1
14149921	42	STIM=n
14153207	42	RESP=1
14165866	42	STIM=7
14171480	42	RESP=2
14182946	42	STIM=j
14186094	42	RESP=1
14201107	42	STIM=l
14207438	42	RESP=1
14219461	42	STIM=n
14225028	42	RESP=2
14236909	42	STIM=c
14243751	42	RESP=1
14253150	42	STIM=a
14257512	42	RESP=1
14270286	42	STIM=0
14274952	42	RESP=1
14285618	42	STIM=d
14294382	42	RESP=1
14303628	42	STIM=f
14309971	42	RESP=1
14321829	42	STIM=e
14326435	42	RESP=1
14337976	42	STIM=a
14342619	42	RESP=1
14354712	42	STIM=e
14358618	42	RESP=1
14371306	42	STIM=p
14376992	42	RESP=1
14387257	42	STIM=k
14396438	42	RESP=1
14403606	42	STIM=y
14407750	42	RESP=1
14420947	42	STIM=k
14425839	42	RESP=1
14439217	42	STIM=w
14441693	42	RESP=1
14458194	42	STIM=e
14462730	42	RESP=1
14474537	42	STIM=m
14477146	42	RESP=2
14491153	42	STIM=p
14495035	42	RESP=1
14506530	42	STIM=z
14509303	42	RESP=1
14525236	42	STIM=t
14531228	42	RESP=1
14544172	42	STIM=w
14549967	42	RESP=1
14560317	42	STIM=3
14565848	42	RESP=2
14576881	42	STIM=6
14585834	42	RESP=2
14594019	42	STIM=a
14600852	42	RESP=1
14611588	42	STIM=s
14616287	42	RESP=1
14627814	42	STIM=t
14640531	42	RESP=1
14643023	42	STIM=7
14647176	42	RESP=2
14658811	42	STIM=r
14661761	42	RESP=1
14674912	42	STIM=i
14680411	42	RESP=1
14692015	42	STIM=d
14701747	42	RESP=1
14709682	42	STIM=n
14713081	42	RESP=1
14727835	42	STIM=3
14732528	42	RESP=2
14745879	42	STIM=l
14750125	42	RESP=1
14764779	42	STIM=g
14772265	42	RESP=1
14783039	42	STIM=3
14788524	42	RESP=2
14799550	42	STIM=a
14806896	42	RESP=1
14817882	42	STIM=2
14821374	42	RESP=2
14834244	42	STIM=j
14839369	42	RESP=1
14851463	42	STIM=c
14854445	42	RESP=1
14869719	42	STIM=6
14873407	42	RESP=2
14887137	42	STIM=z
14892587	42	RESP=1
14905863	42	STIM=r
14911823	42	RESP=1
14923394	42	STIM=q
14928726	42	RESP=1
14939502	42	STIM=x
14948396	42	RESP=1
14955955	42	STIM=b
14959627	42	RESP=1
14971434	42	STIM=v
14975270	42	RESP=1
14986875	42	STIM=n
14990639	42	RESP=1
15004042	42	STIM=7
15008224	42	RESP=2
15022748	42	STIM=i
15027041	42	RESP=1
15041692	42	STIM=k
15046564	42	RESP=1
15058856	42	STIM=m
15064992	42	RESP=1
15075138	42	STIM=2
15079687	42	RESP=2
15091338	42	STIM=g
15096137	42	RESP=1
15106752	42	STIM=9
15111272	42	RESP=2
15123964	42	STIM=k
15128190	42	RESP=2
15139307	42	STIM=h
15143086	42	RESP=1
15156968	42	STIM=v
15162884	42	RESP=1
15174423	42	STIM=5
15182558	42	RESP=2
15192678	42	STIM=h
15197602	42	RESP=1
15209505	42	STIM=0
15214011	42	RESP=2
15224634	42	STIM=9
15228924	42	RESP=2
15243089	42	STIM=s
15246413	42	RESP=1
15258094	42	STIM=b
15265590	42	RESP=1
15274087	42	STIM=l
15279274	42	RESP=1
15293062	42	STIM=h
15296723	42	RESP=1
15309379	42	STIM=n
15313844	42	RESP=1
15325626	42	STIM=f
15330033	42	RESP=1
15342030	42	STIM=z
15345148	42	RESP=1
15360298	42	STIM=s
15368421	42	RESP=1
15377591	42	STIM=v
15385249	42	RESP=1
15394091	42	STIM=x
15400180	42	RESP=1
15412666	42	STIM=i
15417410	42	RESP=1
15428561	42	STIM=u
15432484	42	RESP=1
15446900	42	STIM=p
15450531	42	RESP=1
15463004	42	STIM=f
15466172	42	RESP=1
15480744	42	STIM=c
15486021	42	RESP=1
15498649	42	STIM=h
15503718	42	RESP=1
15514437	42	STIM=f
15517646	42	RESP=1
15532456	42	STIM=e
15536656	42	RESP=1
15550907	42	STIM=w
15556089	42	RESP=1
15568473	42	STIM=z
15574630	42	RESP=1
15586165	42	STIM=n
15590935	42	RESP=1
15601185	42	STIM=w
15604906	42	RESP=1
15616234	42	STIM=2
15621449	42	RESP=2
15633865	42	STIM=p
15638155	42	RESP=1
15651772	42	STIM=v
15658225	42	RESP=1
15668053	42	STIM=k
15672251	42	RESP=1
15685062	42	STIM=t
15689268	42	RESP=1
15700758	42	STIM=1
15706926	42	RESP=2
15718997	42	STIM=d
15723802	42	RESP=1
15737057	42	STIM=f
15740165	42	RESP=1
15752413	42	STIM=b
15757083	42	RESP=1
15768840	42	STIM=4
15774283	42	RESP=2
15787714	42	STIM=e
15793035	42	RESP=1
15806467	42	STIM=3
15811938	42	RESP=2
15821707	42	STIM=1
15828895	42	RESP=2
15838843	42	STIM=6
15843952	42	RESP=1
15857031	42	STIM=9
15861375	42	RESP=2
15873631	42	STIM=m
15880025	42	RESP=1
15889248	42	STIM=t
15893804	42	RESP=1
15907613	42	STIM=u
15912441	42	RESP=1
15925921	42	STIM=f
15933672	42	RESP=1
15944046	42	STIM=i
15948446	42	RESP=1
15960449	42	STIM=j
15967200	42	RESP=1
15977457	42	STIM=z
15983404	42	RESP=1
15996258	42	STIM=4
16000881	42	RESP=2
16013311	42	STIM=q
16017373	42	RESP=1
16029682	42	STIM=n
16037213	42	RESP=1
16045974	42	STIM=c
16052160	42	RESP=1
16061168	42	STIM=b
16064091	42	RESP=1
16079517	42	STIM=t
16084967	42	RESP=1
16096342	42	STIM=f
16101996	42	RESP=1
16115103	42	STIM=s
16120394	42	RESP=1
16130830	42	STIM=l
16137949	42	RESP=1
16147719	42	STIM=o
16150347	42	RESP=1
16166418	42	STIM=y
16171055	42	RESP=1
16182153	42	STIM=z
16186875	42	RESP=1
16198072	42	STIM=c
16202991	42	RESP=1
16216230	42	STIM=3
16224227	42	RESP=2
16231905	42	STIM=a
16237384	42	RESP=1
16250120	42	STIM=4
16256202	42	RESP=2
16265574	42	STIM=8
16272982	42	RESP=2
16281784	42	STIM=d
16287470	42	RESP=1
16297387	42	STIM=k
16304174	42	RESP=1
16313847	42	STIM=y
16318616	42	RESP=1
16330619	42	STIM=0
16338180	42	RESP=2
16349428	42	STIM=o
16352675	42	RESP=1
16364643	42	STIM=z
16368997	42	RESP=1
16379926	42	STIM=w
16384606	42	RESP=1
16398650	42	STIM=k
16401501	42	RESP=1
16415095	42	STIM=6
16423758	42	RESP=2
16432431	42	STIM=h
16436218	42	RESP=1
16451330	42	STIM=m
16454753	42	RESP=1
16468765	42	STIM=4
16473154	42	RESP=2
16486572	42	STIM=v
16491483	42	RESP=2
16504409	42	STIM=7
16509524	42	RESP=2
16520420	42	STIM=i
16524071	42	RESP=1
16536305	42	STIM=4
16540680	42	RESP=2
16551796	42	STIM=c
16554865	42	RESP=1
16570497	42	STIM=i
16577962	42	RESP=1
16585660	42	STIM=0
16592339	42	RESP=2
16600692	42	STIM=n
16605124	42	RESP=1
16616496	42	STIM=n
16622589	42	RESP=1
16634182	42	STIM=v
16641686	42	RESP=1
16650816	42	STIM=l
16654835	42	RESP=1
16667229	42	STIM=v
16670647	42	RESP=1
16684167	42	STIM=3
16689448	42	RESP=1
16702622	42	STIM=d
16706776	42	RESP=1
16719711	42	STIM=8
16724183	42	RESP=2
16737981	42	STIM=c
16742033	42	RESP=1
16753885	42	STIM=m
16759365	42	RESP=1
16769177	42	STIM=y
16772591	42	RESP=1
16786667	42	STIM=e
16790815	42	RESP=1
16803600	42	STIM=o
16810417	42	RESP=1
16819654	42	STIM=o
16823291	42	RESP=1
16837126	42	STIM=i
16845287	42	RESP=1
16855623	42	STIM=r
16858982	42	RESP=1
16874250	42	STIM=u
16879268	42	RESP=1
16890411	42	STIM=o
16893600	42	RESP=1
16906738	42	STIM=u
16909609	42	RESP=1
16925648	42	STIM=t
16930542	42	RESP=1
16942019	42	STIM=m
16945416	42	RESP=1
16958303	42	STIM=h
16961045	42	RESP=1
16977062	42	STIM=b
16985241	42	RESP=1
16992284	42	STIM=g
16997288	42	RESP=1
17008231	42	STIM=8
17012213	42	RESP=2
17023538	42	STIM=c
17030861	42	RESP=1
17041378	42	STIM=z
17045274	42	RESP=1
17058557	42	STIM=x
17066537	42	RESP=1
17077302	42	STIM=r
17083762	42	RESP=1
17093517	42	STIM=9
17101548	42	RESP=2
17109562	42	STIM=g
17116346	42	RESP=1
17124645	42	STIM=i
17128915	42	RESP=1
17141365	42	STIM=n
17146191	42	RESP=1
17160112	42	STIM=a
17164851	42	RESP=1
17175533	42	STIM=i
17178699	42	RESP=1
17194116	42	STIM=l
17201756	42	RESP=1
17209614	42	STIM=y
17214912	42	RESP=1
17225873	42	STIM=l
17231865	42	RESP=1
17244291	42	STIM=k
17246879	42	RESP=1
17262142	42	STIM=7
17265960	42	RESP=2
17279826	42	STIM=y
17282751	42	RESP=1
17297800	42	STIM=b
17301417	42	RESP=1
17314131	42	STIM=g
17318070	42	RESP=1
17330832	42	STIM=6
17338968	42	RESP=2
17348739	42	STIM=j
17351716	42	RESP=1
17365329	42	STIM=j
17368281	42	RESP=1
17382584	42	STIM=q
17388773	42	RESP=1
17401057	42	STIM=e
17405651	42	RESP=1
17416297	42	STIM=u
17421395	42	RESP=1
17432238	42	STIM=z
17437709	42	RESP=1
17449857	42	STIM=r
17465083	42	RESP=1
17465730	42	STIM=o
17475190	42	RESP=1
17484016	42	STIM=a
17494439	42	RESP=1
17501327	42	STIM=r
17505949	42	RESP=1
17518063	42	STIM=7
17523296	42	RESP=2
17535696	42	STIM=k
17540219	42	RESP=1
17551770	42	STIM=c
17555253	42	RESP=2
17570291	42	STIM=i
17573753	42	RESP=1
17586984	42	STIM=q
17589948	42	RESP=1
17602988	42	STIM=3
17606914	42	RESP=1
17618129	42	STIM=2
17627578	42	RESP=2
17635455	42	STIM=k
17641210	42	RESP=1
17652759	42	STIM=a
17658164	42	RESP=1
17670057	42	STIM=a
17676146	42	RESP=1
17685786	42	STIM=9
17691274	42	RESP=2
17703892	42	STIM=8
17707885	42	RESP=1
17720167	42	STIM=a
17724089	42	RESP=1
17737290	42	STIM=u
17740419	42	RESP=1
17753167	42	STIM=a
17759798	42	RESP=1
17769339	42	STIM=e
17774607	42	RESP=2
17787929	42	STIM=c
17792945	42	RESP=1
17803075	42	STIM=2
17810685	42	RESP=2
17818392	42	STIM=v
17822207	42	RESP=1
17837093	42	STIM=g
17841238	42	RESP=1
17852184	42	STIM=d
17855635	42	RESP=1
17869280	42	STIM=c
17871970	42	RESP=1
17885714	42	STIM=l
17889530	42	RESP=1
17901583	42	STIM=h
17906574	42	RESP=1
17920448	42	STIM=x
17923261	42	RESP=1
17936273	42	STIM=v
17940273	42	RESP=1
17953716	42	STIM=i
17958857	42	RESP=1
17971698	42	STIM=o
17974921	42	RESP=1
17987092	42	STIM=i
17990095	42	RESP=1
18003917	42	STIM=q
18009632	42	RESP=1
18021541	42	STIM=8
18025897	42	RESP=2
18040342	42	STIM=6
18044210	42	RESP=2
18057201	42	STIM=g
18060242	42	RESP=1
18075665	42	STIM=x
18082998	42	RESP=1
18093678	42	STIM=z
18097499	42	RESP=1
18109157	42	STIM=w
18112133	42	RESP=1
18126303	42	STIM=9
18131179	42	RESP=2
18143068	42	STIM=t
18148512	42	RESP=1
18161702	42	STIM=r
18165070	42	RESP=1
18179150	42	STIM=y
18182775	42	RESP=1
18197923	42	STIM=y
18203781	42	RESP=1
18214161	42	STIM=p
18218581	42	RESP=1
18230284	42	STIM=k
18234946	42	RESP=1
18245379	42	STIM=y
18248543	42	RESP=1
18260796	42	STIM=o
18265388	42	RESP=1
18278563	42	STIM=a
18282096	42	RESP=1
18295117	42	STIM=x
18301113	42	RESP=1
18313764	42	STIM=5
18320713	42	RESP=2
18330795	42	STIM=s
18341401	42	RESP=1
18348584	42	STIM=2
18353453	42	RESP=1
18365007	42	STIM=2
18372259	42	RESP=2
18383074	42	STIM=2
18388966	42	RESP=2
18398304	42	STIM=e
18403290	42	RESP=1
18416876	42	STIM=9
18426908	42	RESP=2
18434881	42	STIM=d
18439511	42	RESP=1
18450756	42	STIM=u
18456983	42	RESP=1
18468795	42	STIM=a
18479442	42	RESP=1
18487481	42	STIM=r
18492412	42	RESP=1
18505658	42	STIM=u
18508546	42	RESP=1
18520944	42	STIM=t
18527004	42	RESP=1
18539086	42	STIM=w
18541851	42	RESP=1
18557643	42	STIM=d
18563235	42	RESP=1
18576571	42	STIM=n
18585952	42	RESP=1
18595489	42	STIM=d
18603887	42	RESP=1
18611200	42	STIM=z
18616291	42	RESP=1
18626561	42	STIM=r
18630031	42	RESP=1
18644861	42	STIM=h
18648001	42	RESP=1
18662137	42	STIM=o
18670740	42	RESP=1
18677633	42	STIM=b
18686114	42	RESP=1
18693230	42	STIM=5
18700766	42	RESP=2
18711915	42	STIM=r
18721062	42	RESP=1
18728418	42	STIM=w
18735401	42	RESP=1
18743833	42	STIM=q
18748240	42	RESP=1
18761062	42	STIM=5
18768388	42	RESP=2
18776110	42	STIM=i
18780497	42	RESP=1
18791978	42	STIM=i
18795585	42	RESP=1
18810431	42	STIM=5
18814166	42	RESP=2
18826031	42	STIM=y
18834863	42	RESP=1
18843945	42	STIM=i
18847381	42	RESP=1
18858991	42	STIM=y
18867713	42	RESP=1
18874206	42	STIM=f
18877526	42	RESP=1
18892687	42	STIM=y
18896203	42	RESP=1
18910949	42	STIM=1
18915199	42	RESP=2
18929853	42	STIM=s
18933572	42	RESP=1
18947445	42	STIM=h
18952483	42	RESP=1
18965604	42	STIM=s
18972027	42	RESP=1
18982131	42	STIM=t
18987049	42	RESP=1
18998554	42	STIM=l
19001832	42	RESP=1
19015562	42	STIM=t
19019215	42	RESP=1
19033560	42	STIM=b
19037150	42	RESP=1
19048759	42	STIM=n
19052305	42	RESP=1
19066226	42	STIM=p
19070023	42	RESP=1
19084509	42	STIM=7
19087953	42	RESP=2
19102646	42	STIM=a
19106651	42	RESP=1
19119724	42	STIM=9
19124418	42	RESP=1
19135938	42	STIM=k
19139928	42	RESP=1
19152614	42	STIM=u
19156104	42	RESP=1
19169380	42	STIM=o
19174508	42	RESP=1
19188158	42	STIM=g
19195653	42	RESP=1
19205820	42	STIM=o
19214353	42	RESP=2
19221658	42	STIM=5
19228371	42	RESP=2
19237356	42	STIM=j
19244863	42	RESP=1
19256151	42	STIM=2
19260603	42	RESP=2
19273737	42	STIM=s
19277478	42	RESP=1
19292468	42	STIM=w
19297216	42	RESP=2
19308205	42	STIM=p
19312704	42	RESP=1
19324019	42	STIM=3
19328552	42	RESP=2
19341220	42	STIM=0
19346294	42	RESP=2
19356248	42	STIM=a
19360678	42	RESP=1
19371590	42	STIM=g
19377718	42	RESP=1
19388537	42	STIM=b
19392179	42	RESP=1
19405682	42	STIM=3
19413810	42	RESP=2
19421069	42	STIM=s
19425229	42	RESP=1
19436551	42	STIM=i
19441711	42	RESP=1
19452181	42	STIM=e
19457224	42	RESP=1
19467317	42	STIM=b
19471330	42	RESP=1
19486015	42	STIM=z
19491944	42	RESP=1
19501833	42	STIM=g
19505469	42	RESP=1
19517430	42	STIM=2
19521092	42	RESP=1
19534920	42	STIM=7
19541496	42	RESP=2
19550338	42	STIM=t
19554433	42	RESP=1
19568950	42	STIM=a
19573635	42	RESP=1
19587831	42	STIM=v
19596055	42	RESP=1
19603497	42	STIM=4
19607194	42	RESP=2
19621106	42	STIM=6
19625278	42	RESP=2
19639479	42	STIM=g
19643949	42	RESP=1
19657394	42	STIM=b
19662382	42	RESP=1
19672804	42	STIM=m
19677242	42	RESP=1
19689760	42	STIM=0
19702924	42	RESP=2
19704826	42	STIM=k
19708507	42	RESP=1
19721001	42	STIM=f
19726820	42	RESP=1
19736226	42	STIM=a
19742511	42	RESP=1
19753097	42	STIM=o
19756653	42	RESP=1
19770414	42	STIM=u
19773119	42	RESP=1
19788406	42	STIM=t
19793460	42	RESP=2
19804612	42	STIM=h
19808825	42	RESP=1
19820554	42	STIM=j
19824767	42	RESP=1
19838507	42	STIM=l
19842035	42	RESP=1
19857186	42	STIM=3
19861786	42	RESP=2
19875886	42	STIM=i
19879435	42	RESP=1
19891744	42	STIM=6
19897513	42	RESP=2
19907201	42	STIM=r
19910656	42	RESP=1
19922766	42	STIM=2
19928478	42	RESP=2
19938378	42	STIM=e
19942111	42	RESP=1
19953731	42	STIM=p
19957083	42	RESP=1
19971047	42	STIM=f
19977488	42	RESP=1
19989223	42	STIM=s
19992185	42	RESP=1
20005111	42	STIM=9
20012926	42	RESP=2
20021985	42	STIM=1
20026394	42	RESP=2
20037198	42	STIM=d
20041851	42	RESP=1
20052617	42	STIM=4
20057953	42	RESP=2
20070262	42	STIM=f
20076466	42	RESP=1
20085881	42	STIM=y
20093777	42	RESP=1
20104042	42	STIM=u
20107139	42	RESP=1
20121505	42	STIM=c
20125736	42	RESP=1
20137932	42	STIM=s
20144817	42	RESP=1
20153279	42	STIM=z
20157061	42	RESP=1
20169779	42	STIM=f
20174133	42	RESP=1
20185333	42	STIM=z
20187869	42	RESP=1
20202087	42	STIM=s
20206836	42	RESP=1
20218550	42	STIM=h
20223738	42	RESP=1
20234199	42	STIM=z
20239459	42	RESP=1
20249510	42	STIM=m
20258262	42	RESP=1
20266044	42	STIM=e
20270268	42	RESP=1
20282677	42	STIM=a
20286857	42	RESP=1
20297736	42	STIM=r
20305770	42	RESP=1
20316599	42	STIM=3
20320314	42	RESP=2
20334149	42	STIM=c
20339353	42	RESP=1
20353075	42	STIM=i
20357135	42	RESP=1
20372072	42	STIM=w
20377296	42	RESP=1
20388520	42	STIM=v
20394831	42	RESP=1
20405224	42	STIM=2
20413439	42	RESP=2
20420521	42	STIM=v
20428084	42	RESP=1
20437300	42	STIM=5
20442248	42	RESP=2
20455878	42	STIM=w
20459365	42	RESP=1
20471786	42	STIM=c
20476105	42	RESP=1
20487864	42	STIM=p
20490404	42	RESP=1
20505146	42	STIM=6
20509512	42	RESP=2
20522127	42	STIM=4
20528716	42	RESP=2
20539987	42	STIM=l
20545367	42	RESP=1
20558450	42	STIM=g
20562918	42	RESP=1
20575715	42	STIM=r
20579242	42	RESP=1
20592435	42	STIM=5
20596081	42	RESP=2
20607482	42	STIM=l
20613303	42	RESP=1
20626108	42	STIM=x
20631730	42	RESP=1
20644120	42	STIM=z
20650350	42	RESP=1
20661638	42	STIM=9
20668394	42	RESP=2
20678612	42	STIM=e
20681242	42	RESP=1
20697001	42	STIM=q
20701717	42	RESP=1
20714421	42	STIM=g
20717752	42	RESP=1
20730739	42	STIM=e
20736730	42	RESP=1
20747205	42	STIM=d
20753127	42	RESP=1
20763381	42	STIM=b
20766765	42	RESP=1
20781634	42	STIM=d
20787298	42	RESP=1
20797074	42	STIM=l
20801836	42	RESP=1
20813800	42	STIM=l
20819975	42	RESP=1
20830609	42	STIM=2
20837017	42	RESP=2
20846427	42	STIM=w
20850349	42	RESP=1
20862580	42	STIM=s
20868467	42	RESP=1
20880273	42	STIM=0
20885990	42	RESP=2
20897572	42	STIM=y
20900225	42	RESP=1
20912818	42	STIM=y
20917637	42	RESP=1
20928231	42	STIM=y
20933721	42	RESP=1
20944670	42	STIM=e
20951218	42	RESP=1
20962879	42	STIM=f
20970400	42	RESP=1
20980293	42	STIM=5
20987351	42	RESP=2
20998801	42	STIM=z
21002723	42	RESP=1
21016860	42	STIM=x
21022312	42	RESP=1
21033861	42	STIM=t
21039398	42	RESP=1
21052339	42	STIM=n
21055689	42	RESP=1
21071039	42	STIM=l
21077403	42	RESP=1
21087302	42	STIM=j
21091699	42	RESP=1
21102863	42	STIM=c
21106032	42	RESP=1
21119247	42	STIM=0
21123871	42	RESP=2
21137652	42	STIM=0
21141859	42	RESP=2
21154578	42	STIM=p
21159195	42	RESP=1
21169942	42	STIM=s
21176721	42	RESP=2
21186391	42	STIM=n
21193132	42	RESP=1
21203500	42	STIM=u
21206669	42	RESP=1
21220591	42	STIM=y
21225521	42	RESP=1
21238362	42	STIM=z
21241888	42	RESP=1
21255842	42	STIM=m
21261867	42	RESP=1
21271738	42	STIM=r
21279187	42	RESP=1
21289020	42	STIM=2
21294318	42	RESP=2
21304518	42	STIM=p
21308581	42	RESP=1
21320335	42	STIM=d
21322896	42	RESP=1
21339212	42	STIM=u
21342776	42	RESP=1
21356193	42	STIM=6
21361819	42	RESP=2
21374103	42	STIM=w
21382525	42	RESP=1
21392694	42	STIM=9
21399505	42	RESP=2
21408515	42	STIM=c
21412120	42	RESP=1
21425379	42	STIM=h
21433729	42	RESP=1
21441316	42	STIM=l
21444894	42	RESP=1
21459257	42	STIM=h
21463644	42	RESP=1
21475642	42	STIM=y
21478515	42	RESP=1
21494567	42	STIM=o
21498260	42	RESP=1
21511570	42	STIM=r
21516046	42	RESP=1
21527988	42	STIM=t
21531666	42	RESP=1
21545497	42	STIM=g
21555289	42	RESP=1
21563129	42	STIM=n
21566542	42	RESP=1
21581526	42	STIM=e
21586805	42	RESP=1
21599111	42	STIM=m
21604406	42	RESP=1
21615462	42	STIM=0
21619697	42	RESP=2
21631811	42	STIM=v
21636632	42	RESP=1
21649202	42	STIM=v
21651828	42	RESP=1
21668176	42	STIM=p
21671612	42	RESP=1
21686691	42	STIM=n
21691042	42	RESP=1
21704301	42	STIM=2
21709992	42	RESP=2
21722339	42	STIM=w
21727179	42	RESP=2
