# Original filename: 0036_OIA_2016-11-27.log
# Time unit: 100 us
# RARECAT=digit
#
# Time	HHGG	Event
27433	42	STIM=l
31538	42	RESP=1
44328	42	STIM=g
48000	42	RESP=1
61558	42	STIM=5
67172	42	RESP=1
79596	42	STIM=z
83744	42	RESP=1
97738	42	STIM=d
103667	42	RESP=1
116564	42	STIM=g
119503	42	RESP=1
133117	42	STIM=9
140306	42	RESP=1
149761	42	STIM=h
152743	42	RESP=1
167182	42	STIM=7
170879	42	RESP=2
183640	42	STIM=b
187621	42	RESP=1
200186	42	STIM=v
204799	42	RESP=1
218320	42	STIM=a
224096	42	RESP=1
233627	42	STIM=u
239426	42	RESP=1
250727	42	STIM=d
257569	42	RESP=1
266099	42	STIM=p
269414	42	RESP=1
284316	42	STIM=3
289787	42	RESP=2
303296	42	STIM=w
306075	42	RESP=1
319070	42	STIM=7
325682	42	RESP=2
338050	42	STIM=b
343132	42	RESP=1
356643	42	STIM=9
364972	42	RESP=2
373587	42	STIM=i
376888	42	RESP=1
389036	42	STIM=b
393443	42	RESP=1
404181	42	STIM=u
413708	42	RESP=1
419263	42	STIM=u
424734	42	RESP=1
434364	42	STIM=o
440222	42	RESP=1
453032	42	STIM=l
459565	42	RESP=1
468628	42	STIM=h
473458	42	RESP=1
486540	42	STIM=2
493253	42	RESP=1
503316	42	STIM=g
506935	42	RESP=1
522215	42	STIM=e
525546	42	RESP=1
537674	42	STIM=6
542298	42	RESP=2
555270	42	STIM=u
560043	42	RESP=1
572980	42	STIM=d
577669	42	RESP=1
589317	42	STIM=r
594618	42	RESP=2
604562	42	STIM=v
608786	42	RESP=1
621623	42	STIM=y
626017	42	RESP=1
638289	42	STIM=i
641644	42	RESP=1
655925	42	STIM=y
659167	42	RESP=1
674826	42	STIM=q
680305	42	RESP=1
690011	42	STIM=j
693754	42	RESP=1
707336	42	STIM=x
710782	42	RESP=1
725196	42	STIM=g
732859	42	RESP=1
743385	42	STIM=b
750290	42	RESP=1
761231	42	STIM=6
767010	42	RESP=1
778660	42	STIM=v
783076	42	RESP=1
794059	42	STIM=s
798240	42	RESP=1
810344	42	STIM=m
814273	42	RESP=1
826122	42	STIM=p
830521	42	RESP=1
843742	42	STIM=i
847702	42	RESP=1
861343	42	STIM=z
864606	42	RESP=1
876687	42	STIM=r
880922	42	RESP=1
893162	42	STIM=6
898522	42	RESP=2
909380	42	STIM=0
917431	42	RESP=2
926575	42	STIM=i
929974	42	RESP=1
943549	42	STIM=0
948170	42	RESP=2
961202	42	STIM=r
967736	42	RESP=1
977603	42	STIM=w
981380	42	RESP=1
995964	42	STIM=8
1004917	42	RESP=2
1012096	42	STIM=y
1015514	42	RESP=1
1030001	42	STIM=7
1036950	42	RESP=2
1045242	42	STIM=o
1048879	42	RESP=1
1061956	42	STIM=l
1065854	42	RESP=1
1079448	42	STIM=e
1083193	42	RESP=1
1094557	42	STIM=q
1102719	42	RESP=1
1113044	42	STIM=u
1117612	42	RESP=1
1131654	42	STIM=c
1137457	42	RESP=1
1149937	42	STIM=3
1155335	42	RESP=2
1165881	42	STIM=1
1173207	42	RESP=2
1184015	42	STIM=3
1187800	42	RESP=2
1202835	42	STIM=g
1206384	42	RESP=1
1220948	42	STIM=6
1227117	42	RESP=2
1237268	42	STIM=b
1242977	42	RESP=1
1253169	42	STIM=n
1257799	42	RESP=1
1269706	42	STIM=t
1274692	42	RESP=1
1285229	42	STIM=o
1288642	42	RESP=1
1302553	42	STIM=1
1307808	42	RESP=2
1319195	42	STIM=k
1322547	42	RESP=2
1337558	42	STIM=8
1343550	42	RESP=2
1354565	42	STIM=g
1358952	42	RESP=1
1369959	42	STIM=n
1375243	42	RESP=1
1386749	42	STIM=z
1390101	42	RESP=1
1403571	42	STIM=l
1406197	42	RESP=1
1421286	42	STIM=z
1427043	42	RESP=1
1439628	42	STIM=7
1445397	42	RESP=2
1456526	42	STIM=s
1461748	42	RESP=1
1474552	42	STIM=7
1478370	42	RESP=2
1492236	42	STIM=b
1496558	42	RESP=1
1510109	42	STIM=p
1513873	42	RESP=1
1526789	42	STIM=t
1531426	42	RESP=1
1542690	42	STIM=j
1547456	42	RESP=1
1558306	42	STIM=l
1562801	42	RESP=1
1576368	42	STIM=6
1583212	42	RESP=1
1594222	42	STIM=d
1599042	42	RESP=1
1609237	42	STIM=q
1612651	42	RESP=1
1626793	42	STIM=0
1631458	42	RESP=2
1642844	42	STIM=r
1649017	42	RESP=1
1658069	42	STIM=s
1667296	42	RESP=1
1676765	42	STIM=x
1680105	42	RESP=1
1694253	42	STIM=d
1699140	42	RESP=1
1710541	42	STIM=t
1714262	42	RESP=2
1729130	42	STIM=6
1733669	42	RESP=2
1745709	42	STIM=4
1750118	42	RESP=2
1761708	42	STIM=f
1766004	42	RESP=1
1778409	42	STIM=r
1782257	42	RESP=1
1794790	42	STIM=t
1801814	42	RESP=1
1810810	42	STIM=b
1814082	42	RESP=1
1828644	42	STIM=g
1832656	42	RESP=1
1845399	42	STIM=i
1852187	42	RESP=1
1861505	42	STIM=d
1865287	42	RESP=1
1877328	42	STIM=i
1881802	42	RESP=1
1892840	42	STIM=o
1897711	42	RESP=1
1909679	42	STIM=n
1913398	42	RESP=1
1926056	42	STIM=e
1928532	42	RESP=1
1942383	42	STIM=k
1949086	42	RESP=1
1961250	42	STIM=i
1964497	42	RESP=1
1976554	42	STIM=o
1982583	42	RESP=1
1994707	42	STIM=g
1999895	42	RESP=1
2010440	42	STIM=r
2014710	42	RESP=1
2028100	42	STIM=r
2031797	42	RESP=1
2044243	42	STIM=f
2047976	42	RESP=1
2062419	42	STIM=0
2068042	42	RESP=2
2078313	42	STIM=e
2081453	42	RESP=1
2093332	42	STIM=o
2099395	42	RESP=1
2110605	42	STIM=e
2118829	42	RESP=1
2128311	42	STIM=t
2133034	42	RESP=1
2143922	42	STIM=o
2149608	42	RESP=1
2161545	42	STIM=9
2166182	42	RESP=2
2177772	42	STIM=f
2181513	42	RESP=1
2193951	42	STIM=3
2198146	42	RESP=1
2209143	42	STIM=d
2215174	42	RESP=1
2226244	42	STIM=v
2230593	42	RESP=2
2241932	42	STIM=l
2247312	42	RESP=1
2257707	42	STIM=1
2263504	42	RESP=2
2273902	42	STIM=i
2277586	42	RESP=1
2292340	42	STIM=r
2297065	42	RESP=1
2308304	42	STIM=j
2311335	42	RESP=2
2326888	42	STIM=f
2331174	42	RESP=1
2343178	42	STIM=6
2348054	42	RESP=2
2361694	42	STIM=q
2366653	42	RESP=1
2377311	42	STIM=e
2381311	42	RESP=1
2393042	42	STIM=m
2397972	42	RESP=1
2409478	42	STIM=6
2413797	42	RESP=1
2427597	42	STIM=n
2433337	42	RESP=1
2445513	42	STIM=n
2451973	42	RESP=1
2460995	42	STIM=r
2463952	42	RESP=1
2479924	42	STIM=q
2486110	42	RESP=1
2497638	42	STIM=p
2500682	42	RESP=1
2514539	42	STIM=2
2518702	42	RESP=2
2529656	42	STIM=p
2533454	42	RESP=1
2545609	42	STIM=q
2549599	42	RESP=1
2561456	42	STIM=k
2565655	42	RESP=1
2577932	42	STIM=t
2580416	42	RESP=1
2593698	42	STIM=e
2596903	42	RESP=1
2609999	42	STIM=j
2614509	42	RESP=1
2628148	42	STIM=l
2631325	42	RESP=1
2644748	42	STIM=g
2648574	42	RESP=1
2661246	42	STIM=r
2665911	42	RESP=1
2679902	42	STIM=v
2682987	42	RESP=1
2698281	42	STIM=m
2702700	42	RESP=1
2715419	42	STIM=g
2720190	42	RESP=1
2731465	42	STIM=r
2735404	42	RESP=1
2749212	42	STIM=i
2752904	42	RESP=1
2765206	42	STIM=k
2768920	42	RESP=1
2783955	42	STIM=c
2789097	42	RESP=1
2802745	42	STIM=e
2805228	42	RESP=1
2820478	42	STIM=l
2825299	42	RESP=2
2837321	42	STIM=g
2841847	42	RESP=1
2855067	42	STIM=y
2858292	42	RESP=1
2872592	42	STIM=v
2875764	42	RESP=1
2891464	42	STIM=3
2900986	42	RESP=2
2908875	42	STIM=s
2914698	42	RESP=1
2926624	42	STIM=x
2929788	42	RESP=1
2945568	42	STIM=3
2949235	42	RESP=1
2961372	42	STIM=l
2969533	42	RESP=1
2976612	42	STIM=a
2983801	42	RESP=1
2995166	42	STIM=v
2998315	42	RESP=1
3011778	42	STIM=a
3021383	42	RESP=1
3027655	42	STIM=3
3030759	42	RESP=2
3043143	42	STIM=o
3046939	42	RESP=1
3060522	42	STIM=p
3066215	42	RESP=1
3077764	42	STIM=6
3085357	42	RESP=2
3095472	42	STIM=i
3101783	42	RESP=1
3112267	42	STIM=k
3120029	42	RESP=1
3129594	42	STIM=d
3135825	42	RESP=1
3147114	42	STIM=p
3149742	42	RESP=1
3165957	42	STIM=1
3170490	42	RESP=2
3182820	42	STIM=3
3186504	42	RESP=2
3198383	42	STIM=s
3202885	42	RESP=1
3214297	42	STIM=b
3218396	42	RESP=1
3231826	42	STIM=k
3234392	42	RESP=1
3248519	42	STIM=a
3253840	42	RESP=1
3265147	42	STIM=b
3270869	42	RESP=1
3283995	42	STIM=q
3287483	42	RESP=1
3301829	42	STIM=w
3305481	42	RESP=1
3318297	42	STIM=t
3321701	42	RESP=1
3336566	42	STIM=a
3341314	42	RESP=1
3354540	42	STIM=4
3358987	42	RESP=2
3370313	42	STIM=9
3376598	42	RESP=2
3385655	42	STIM=e
3388828	42	RESP=1
3401656	42	STIM=y
3404879	42	RESP=1
3417005	42	STIM=i
3424536	42	RESP=1
3435308	42	STIM=6
3439023	42	RESP=2
3454065	42	STIM=3
3461034	42	RESP=2
3469433	42	STIM=t
3477831	42	RESP=1
3484580	42	STIM=r
3488214	42	RESP=1
3499992	42	STIM=l
3503808	42	RESP=1
3518873	42	STIM=t
3522309	42	RESP=1
3537545	42	STIM=r
3540408	42	RESP=1
3555177	42	STIM=o
3558813	42	RESP=1
3574045	42	STIM=w
3578563	42	RESP=1
3589812	42	STIM=8
3593547	42	RESP=2
3607197	42	STIM=4
3611860	42	RESP=2
3624961	42	STIM=a
3628742	42	RESP=1
3640095	42	STIM=m
3646212	42	RESP=1
3655890	42	STIM=i
3658799	42	RESP=1
3672853	42	STIM=m
3677764	42	RESP=1
3690094	42	STIM=7
3695654	42	RESP=2
3706557	42	STIM=n
3710238	42	RESP=1
3722628	42	STIM=9
3730280	42	RESP=2
3740569	42	STIM=p
3747454	42	RESP=1
3757628	42	STIM=v
3761829	42	RESP=1
3773227	42	STIM=n
3778623	42	RESP=1
3789793	42	STIM=1
3793793	42	RESP=2
3805162	42	STIM=v
3808912	42	RESP=1
3823176	42	STIM=q
3827975	42	RESP=1
3838379	42	STIM=d
3842092	42	RESP=1
3855776	42	STIM=0
3861531	42	RESP=1
3873257	42	STIM=1
3877125	42	RESP=2
3890835	42	STIM=6
3897524	42	RESP=2
3907570	42	STIM=g
3911466	42	RESP=1
3923468	42	STIM=i
3927875	42	RESP=1
3941133	42	STIM=7
3946664	42	RESP=2
3958554	42	STIM=g
3965443	42	RESP=1
3976737	42	STIM=g
3980301	42	RESP=1
3995025	42	STIM=d
4000641	42	RESP=1
4010826	42	STIM=b
4013599	42	RESP=1
4026443	42	STIM=j
4031667	42	RESP=1
4043258	42	STIM=y
4046431	42	RESP=1
4061381	42	STIM=3
4067853	42	RESP=2
4079361	42	STIM=o
4083700	42	RESP=1
4097737	42	STIM=t
4101889	42	RESP=2
4116718	42	STIM=b
4121154	42	RESP=1
4135039	42	STIM=l
4139853	42	RESP=1
4152451	42	STIM=n
4157675	42	RESP=1
4168316	42	STIM=t
4174450	42	RESP=1
4184907	42	STIM=j
4197624	42	RESP=1
4201094	42	STIM=2
4207668	42	RESP=2
4219312	42	STIM=1
4222886	42	RESP=2
4236697	42	STIM=e
4241319	42	RESP=1
4255046	42	STIM=m
4259059	42	RESP=1
4270704	42	STIM=m
4277564	42	RESP=1
4286897	42	STIM=f
4293562	42	RESP=1
4303142	42	STIM=n
4307138	42	RESP=1
4319634	42	STIM=z
4323239	42	RESP=1
4334838	42	STIM=d
4342734	42	RESP=1
4349949	42	STIM=x
4354868	42	RESP=1
4365906	42	STIM=i
4371405	42	RESP=1
4383601	42	STIM=d
4391809	42	RESP=1
4398634	42	STIM=g
4402927	42	RESP=1
4415701	42	STIM=q
4419257	42	RESP=1
4432421	42	STIM=m
4436298	42	RESP=1
4448876	42	STIM=v
4452652	42	RESP=1
4466936	42	STIM=r
4474717	42	RESP=1
4482972	42	STIM=h
4487540	42	RESP=1
4501193	42	STIM=n
4508642	42	RESP=1
4517500	42	STIM=t
4522262	42	RESP=1
4533570	42	STIM=h
4538462	42	RESP=1
4552322	42	STIM=j
4557727	42	RESP=1
4569374	42	STIM=o
4575323	42	RESP=1
4586560	42	STIM=z
4591304	42	RESP=1
4601829	42	STIM=5
4605381	42	RESP=2
4617768	42	STIM=i
4621414	42	RESP=1
4635361	42	STIM=5
4639867	42	RESP=2
4652997	42	STIM=b
4667265	42	RESP=1
4670052	42	STIM=m
4674389	42	RESP=1
4685055	42	STIM=0
4690650	42	RESP=1
4701152	42	STIM=u
4708998	42	RESP=1
4716600	42	STIM=s
4721669	42	RESP=1
4733154	42	STIM=o
4739320	42	RESP=1
4750491	42	STIM=d
4753914	42	RESP=1
4768308	42	STIM=l
4773575	42	RESP=1
4784036	42	STIM=8
4794198	42	RESP=2
4799328	42	STIM=q
4804259	42	RESP=1
4814395	42	STIM=j
4818464	42	RESP=1
4829936	42	STIM=y
4833295	42	RESP=1
4848698	42	STIM=3
4854415	42	RESP=1
4864146	42	STIM=g
4869626	42	RESP=1
4880711	42	STIM=j
4885472	42	RESP=1
4896061	42	STIM=h
4899190	42	RESP=1
4911138	42	STIM=s
4916366	42	RESP=1
4928298	42	STIM=8
4933833	42	RESP=2
4946268	42	STIM=i
4951718	42	RESP=1
4965115	42	STIM=i
4969718	42	RESP=1
4980447	42	STIM=j
4984128	42	RESP=1
4995896	42	STIM=q
4999703	42	RESP=1
5013843	42	STIM=v
5020407	42	RESP=1
5029961	42	STIM=2
5036617	42	RESP=2
5046386	42	STIM=d
5050858	42	RESP=1
5062548	42	STIM=p
5067271	42	RESP=1
5080777	42	STIM=y
5083946	42	RESP=1
5096938	42	STIM=s
5103027	42	RESP=1
5115839	42	STIM=4
5120638	42	RESP=2
5134078	42	STIM=q
5137679	42	RESP=1
5149396	42	STIM=x
5156926	42	RESP=1
5166008	42	STIM=z
5169451	42	RESP=1
5184075	42	STIM=9
5189975	42	RESP=2
5202772	42	STIM=e
5207760	42	RESP=1
5219654	42	STIM=h
5222788	42	RESP=1
5234697	42	STIM=v
5239135	42	RESP=1
5250020	42	STIM=x
5254226	42	RESP=1
5266158	42	STIM=6
5272938	42	RESP=2
5282719	42	STIM=e
5288009	42	RESP=1
5301618	42	STIM=1
5308265	42	RESP=2
5320543	42	STIM=d
5325131	42	RESP=1
5338228	42	STIM=r
5344049	42	RESP=1
5354219	42	STIM=g
5359344	42	RESP=1
5373171	42	STIM=a
5377997	42	RESP=1
5389844	42	STIM=3
5395271	42	RESP=2
5407461	42	STIM=t
5413080	42	RESP=1
5425206	42	STIM=o
5429599	42	RESP=1
5442593	42	STIM=j
5446672	42	RESP=1
5459618	42	STIM=v
5463593	42	RESP=1
5476441	42	STIM=y
5480428	42	RESP=1
5491963	42	STIM=q
5495141	42	RESP=1
5508055	42	STIM=o
5514496	42	RESP=1
5525197	42	STIM=b
5531139	42	RESP=1
5543386	42	STIM=v
5548829	42	RESP=1
5560476	42	STIM=1
5564353	42	RESP=2
5578869	42	STIM=y
5581938	42	RESP=1
5597314	42	STIM=f
5602701	42	RESP=1
5613467	42	STIM=o
5619607	42	RESP=1
5631460	42	STIM=w
5635673	42	RESP=1
5647455	42	STIM=m
5651978	42	RESP=1
5665117	42	STIM=2
5670605	42	RESP=2
5682045	42	STIM=z
5685940	42	RESP=1
5700658	42	STIM=r
5704903	42	RESP=1
5716547	42	STIM=u
5722970	42	RESP=1
5733804	42	STIM=2
5737418	42	RESP=2
5749323	42	STIM=h
5754264	42	RESP=1
5766227	42	STIM=h
5770440	42	RESP=1
5781461	42	STIM=8
5789071	42	RESP=2
5797795	42	STIM=j
5800985	42	RESP=1
5816515	42	STIM=r
5820424	42	RESP=1
5835102	42	STIM=b
5840219	42	RESP=1
5850964	42	STIM=l
5858471	42	RESP=1
5866838	42	STIM=y
5873629	42	RESP=1
5885410	42	STIM=4
5889929	42	RESP=1
5902158	42	STIM=p
5906750	42	RESP=1
5917597	42	STIM=w
5922497	42	RESP=1
5935807	42	STIM=k
5941356	42	RESP=1
5953196	42	STIM=4
5960007	42	RESP=2
5969625	42	STIM=a
5976332	42	RESP=1
5984719	42	STIM=s
5990286	42	RESP=1
6003264	42	STIM=x
6009282	42	RESP=1
6018826	42	STIM=n
6026159	42	RESP=1
6035325	42	STIM=r
6039892	42	RESP=1
6052187	42	STIM=f
6056938	42	RESP=1
6069673	42	STIM=f
6073820	42	RESP=1
6085035	42	STIM=z
6091412	42	RESP=1
6101893	42	STIM=d
6105131	42	RESP=1
6118451	42	STIM=6
6122801	42	RESP=2
6136425	42	STIM=6
6145774	42	RESP=2
6153202	42	STIM=v
6156844	42	RESP=1
6171953	42	STIM=h
6179874	42	RESP=1
6190423	42	STIM=o
6194013	42	RESP=1
6207119	42	STIM=g
6212686	42	RESP=1
6225648	42	STIM=j
6229960	42	RESP=1
6243974	42	STIM=i
6249012	42	RESP=1
6261747	42	STIM=m
6266934	42	RESP=1
6279250	42	STIM=4
6282742	42	RESP=2
6296893	42	STIM=c
6304216	42	RESP=1
6313824	42	STIM=1
6321959	42	RESP=2
6328915	42	STIM=3
6334626	42	RESP=2
6346373	42	STIM=v
6354353	42	RESP=2
6363711	42	STIM=x
6367935	42	RESP=1
6379515	42	STIM=p
6382752	42	RESP=1
6395948	42	STIM=m
6402279	42	RESP=1
6411318	42	STIM=l
6413948	42	RESP=1
6429905	42	STIM=o
6433885	42	RESP=1
6447134	42	STIM=m
6453951	42	RESP=1
6463698	42	STIM=s
6467663	42	RESP=1
6480006	42	STIM=a
6484952	42	RESP=1
6496817	42	STIM=r
6503425	42	RESP=1
6515404	42	STIM=v
6526305	42	RESP=1
6532413	42	STIM=x
6535946	42	RESP=1
6551006	42	STIM=q
6554175	42	RESP=1
6567168	42	STIM=k
6570708	42	RESP=1
6585135	42	STIM=m
6588914	42	RESP=1
6601030	42	STIM=k
6605621	42	RESP=1
6618204	42	STIM=q
6621764	42	RESP=1
6636164	42	STIM=n
6641282	42	RESP=1
6653815	42	STIM=m
6658468	42	RESP=1
6669398	42	STIM=l
6671986	42	RESP=1
6684551	42	STIM=6
6690496	42	RESP=2
6702734	42	STIM=l
6707003	42	RESP=1
6718225	42	STIM=n
6726050	42	RESP=1
6734322	42	STIM=f
6737272	42	RESP=1
6751353	42	STIM=t
6758849	42	RESP=1
6769172	42	STIM=4
6776733	42	RESP=2
6785696	42	STIM=6
6789711	42	RESP=2
6804378	42	STIM=8
6812593	42	RESP=2
6821285	42	STIM=s
6825513	42	RESP=1
6837943	42	STIM=v
6840867	42	RESP=1
6855431	42	STIM=e
6859329	42	RESP=1
6870886	42	STIM=r
6880112	42	RESP=1
6887689	42	STIM=2
6892043	42	RESP=2
6904958	42	STIM=r
6908236	42	RESP=1
6921483	42	STIM=r
6925371	42	RESP=1
6937169	42	STIM=e
6942601	42	RESP=1
6954433	42	STIM=t
6958781	42	RESP=1
6971036	42	STIM=m
6974608	42	RESP=1
6986564	42	STIM=4
6990920	42	RESP=2
7003987	42	STIM=8
7013141	42	RESP=2
7022568	42	STIM=x
7026219	42	RESP=1
7040037	42	STIM=v
7043499	42	RESP=1
7055066	42	STIM=m
7062291	42	RESP=1
7072457	42	STIM=t
7074993	42	RESP=1
7088665	42	STIM=2
7092528	42	RESP=1
7106587	42	STIM=7
7110794	42	RESP=2
7123939	42	STIM=2
7129740	42	RESP=2
7142812	42	STIM=8
7148524	42	RESP=2
7158497	42	STIM=1
7163606	42	RESP=2
7174172	42	STIM=2
7178625	42	RESP=2
7192391	42	STIM=m
7197670	42	RESP=1
7207818	42	STIM=n
7212172	42	RESP=1
7226724	42	STIM=m
7229506	42	RESP=1
7242386	42	STIM=8
7249142	42	RESP=2
7259333	42	STIM=p
7264336	42	RESP=1
7278204	42	STIM=n
7283364	42	RESP=1
7295921	42	STIM=m
7298715	42	RESP=1
7314879	42	STIM=b
7319094	42	RESP=1
7331230	42	STIM=z
7334598	42	RESP=1
7350007	42	STIM=m
7354238	42	RESP=1
7367534	42	STIM=t
7378140	42	RESP=1
7385483	42	STIM=6
7391156	42	RESP=2
7403706	42	STIM=u
7407193	42	RESP=1
7419008	42	STIM=h
7422801	42	RESP=1
7437772	42	STIM=t
7440749	42	RESP=1
7453577	42	STIM=f
7456379	42	RESP=1
7469407	42	STIM=x
7472770	42	RESP=1
7487659	42	STIM=6
7494041	42	RESP=2
7503394	42	STIM=b
7506560	42	RESP=1
7521244	42	STIM=c
7525671	42	RESP=1
7536314	42	STIM=g
7542996	42	RESP=1
7553652	42	STIM=1
7558008	42	RESP=1
7571368	42	STIM=u
7579737	42	RESP=1
7588225	42	STIM=j
7591845	42	RESP=1
7605115	42	STIM=g
7609405	42	RESP=1
7622652	42	STIM=v
7625575	42	RESP=1
7638352	42	STIM=w
7648606	42	RESP=1
7655911	42	STIM=q
7663596	42	RESP=1
7671405	42	STIM=k
7676700	42	RESP=1
7687960	42	STIM=4
7692626	42	RESP=2
7705566	42	STIM=3
7710061	42	RESP=2
7723682	42	STIM=o
7728564	42	RESP=1
7739387	42	STIM=0
7748333	42	RESP=2
7754490	42	STIM=m
7760753	42	RESP=1
7773313	42	STIM=j
7780568	42	RESP=1
7788958	42	STIM=a
7796709	42	RESP=1
7805683	42	STIM=o
7808801	42	RESP=1
7821718	42	STIM=s
7827140	42	RESP=1
7837960	42	STIM=h
7842436	42	RESP=1
7854424	42	STIM=i
7859474	42	RESP=1
7872230	42	STIM=k
7875883	42	RESP=1
7890353	42	STIM=k
7896240	42	RESP=1
7906088	42	STIM=x
7909412	42	RESP=1
7924937	42	STIM=b
7927735	42	RESP=1
7940782	42	STIM=j
7943752	42	RESP=1
7957497	42	STIM=u
7963883	42	RESP=2
7975365	42	STIM=l
7979736	42	RESP=1
7993675	42	STIM=0
7998544	42	RESP=2
8010250	42	STIM=m
8014736	42	RESP=1
8028071	42	STIM=7
8041235	42	RESP=2
8046974	42	STIM=i
8054620	42	RESP=1
8062736	42	STIM=0
8067512	42	RESP=2
8078395	42	STIM=k
8082734	42	RESP=1
8095161	42	STIM=n
8106660	42	RESP=1
8112852	42	STIM=3
8117241	42	RESP=2
8129960	42	STIM=h
8133436	42	RESP=1
8145408	42	STIM=n
8153830	42	RESP=1
8161649	42	STIM=w
8167569	42	RESP=1
8177040	42	STIM=g
8183325	42	RESP=1
8193868	42	STIM=k
8203560	42	RESP=1
8212153	42	STIM=f
8220187	42	RESP=1
8228032	42	STIM=e
8237764	42	RESP=1
8246048	42	STIM=r
8253962	42	RESP=1
8262955	42	STIM=l
8265828	42	RESP=1
8279296	42	STIM=r
8285150	42	RESP=1
8296917	42	STIM=g
8300220	42	RESP=1
8314627	42	STIM=a
8318105	42	RESP=1
8333446	42	STIM=f
8336916	42	RESP=1
8348667	42	STIM=t
8352069	42	RESP=1
8366552	42	STIM=g
8369242	42	RESP=1
8385387	42	STIM=y
8391009	42	RESP=1
8401842	42	STIM=l
8407586	42	RESP=1
8417086	42	STIM=y
8420626	42	RESP=1
8432517	42	STIM=q
8437145	42	RESP=1
8448187	42	STIM=g
8455183	42	RESP=1
8465662	42	STIM=w
8469160	42	RESP=1
8483569	42	STIM=e
8488318	42	RESP=1
8500881	42	STIM=m
8506182	42	RESP=1
8518491	42	STIM=e
8525946	42	RESP=1
8534624	42	STIM=q
8539330	42	RESP=1
8550228	42	STIM=b
8555232	42	RESP=1
8567767	42	STIM=a
8573827	42	RESP=1
8582783	42	STIM=m
8589176	42	RESP=1
8598611	42	STIM=e
8606309	42	RESP=1
8615478	42	STIM=z
8621922	42	RESP=1
8631323	42	STIM=r
8634206	42	RESP=1
8648798	42	STIM=c
8652257	42	RESP=1
8666582	42	STIM=1
8672240	42	RESP=2
8684016	42	STIM=g
8687863	42	RESP=2
8699202	42	STIM=2
8704871	42	RESP=2
8717396	42	STIM=r
8721985	42	RESP=1
8733351	42	STIM=w
8737411	42	RESP=1
8749808	42	STIM=3
8760150	42	RESP=2
8766068	42	STIM=k
8772502	42	RESP=1
8783056	42	STIM=8
8789632	42	RESP=2
8801034	42	STIM=z
8807457	42	RESP=1
8818879	42	STIM=y
8822527	42	RESP=1
8837695	42	STIM=t
8841516	42	RESP=1
8854947	42	STIM=m
8858437	42	RESP=1
8870524	42	STIM=h
8874576	42	RESP=1
8886850	42	STIM=c
8890398	42	RESP=1
8902964	42	STIM=g
8909106	42	RESP=1
8921429	42	STIM=l
8925770	42	RESP=1
8939018	42	STIM=f
8948810	42	RESP=1
8957571	42	STIM=j
8964491	42	RESP=1
8973522	42	STIM=y
8978668	42	RESP=1
8988600	42	STIM=4
8993137	42	RESP=2
9004798	42	STIM=t
9011002	42	RESP=1
9021908	42	STIM=w
9028659	42	RESP=1
9040303	42	STIM=w
9042864	42	RESP=1
9057465	42	STIM=h
9066846	42	RESP=1
9075730	42	STIM=b
9079308	42	RESP=1
9092053	42	STIM=2
9097687	42	RESP=2
9107271	42	STIM=0
9110933	42	RESP=2
9124822	42	STIM=5
9130503	42	RESP=2
9142852	42	STIM=i
9149636	42	RESP=1
9161165	42	STIM=l
9168446	42	RESP=1
9179788	42	STIM=e
9185232	42	RESP=1
9197083	42	STIM=i
9200988	42	RESP=1
9213490	42	STIM=s
9219647	42	RESP=2
9229547	42	STIM=e
9235890	42	RESP=1
9248073	42	STIM=1
9252482	42	RESP=2
9266527	42	STIM=m
9273268	42	RESP=1
9281833	42	STIM=8
9286015	42	RESP=1
9300572	42	STIM=0
9303762	42	RESP=2
9318831	42	STIM=k
9322740	42	RESP=1
9335600	42	STIM=p
9342153	42	RESP=1
9352765	42	STIM=k
9356687	42	RESP=1
9368672	42	STIM=v
9372414	42	RESP=1
9385270	42	STIM=3
9389379	42	RESP=2
9403473	42	STIM=s
9407973	42	RESP=1
9419488	42	STIM=e
9423734	42	RESP=1
9437792	42	STIM=q
9442809	42	RESP=1
9456613	42	STIM=h
9459464	42	RESP=1
9472386	42	STIM=q
9475280	42	RESP=1
9490817	42	STIM=0
9496709	42	RESP=2
9508507	42	STIM=b
9513843	42	RESP=1
9527252	42	STIM=o
9531846	42	RESP=1
9544893	42	STIM=j
9550066	42	RESP=1
9563036	42	STIM=p
9567027	42	RESP=1
9579028	42	STIM=p
9585392	42	RESP=2
9596288	42	STIM=2
9600760	42	RESP=2
9612583	42	STIM=d
9616632	42	RESP=1
9631218	42	STIM=m
9637407	42	RESP=1
9648595	42	STIM=o
9653006	42	RESP=1
9667209	42	STIM=e
9672227	42	RESP=1
9682755	42	STIM=9
9687028	42	RESP=2
9700632	42	STIM=f
9705317	42	RESP=1
9717616	42	STIM=a
9721398	42	RESP=1
9733473	42	STIM=h
9737662	42	RESP=1
9751898	42	STIM=h
9756039	42	RESP=1
9768888	42	STIM=i
9775667	42	RESP=1
9786216	42	STIM=v
9792207	42	RESP=1
9802796	42	STIM=w
9807495	42	RESP=1
9821673	42	STIM=n
9825827	42	RESP=1
9839322	42	STIM=e
9844478	42	RESP=1
9855771	42	STIM=t
9860191	42	RESP=1
9874075	42	STIM=d
9880815	42	RESP=1
9892079	42	STIM=z
9896359	42	RESP=1
9910649	42	STIM=b
9915731	42	RESP=1
9928457	42	STIM=g
9932151	42	RESP=1
9944753	42	STIM=x
9948488	42	RESP=1
9962598	42	STIM=x
9966199	42	RESP=1
9978760	42	STIM=z
9981549	42	RESP=1
9996294	42	STIM=o
9999258	42	RESP=1
10013239	42	STIM=2
10016457	42	RESP=2
10031654	42	STIM=t
10035541	42	RESP=1
10047957	42	STIM=l
10050957	42	RESP=1
10065485	42	STIM=j
10070533	42	RESP=1
10083943	42	STIM=c
10087878	42	RESP=1
10100877	42	STIM=o
10104659	42	RESP=1
10119743	42	STIM=e
10125298	42	RESP=1
10135088	42	STIM=r
10139980	42	RESP=1
10153270	42	STIM=w
10155909	42	RESP=1
10172125	42	STIM=k
10175818	42	RESP=1
10190523	42	STIM=o
10198726	42	RESP=1
10207424	42	STIM=e
10211743	42	RESP=1
10224326	42	STIM=p
10231966	42	RESP=1
10242238	42	STIM=p
10249082	42	RESP=1
10257273	42	STIM=3
10260893	42	RESP=2
10275046	42	STIM=i
10284506	42	RESP=1
10291604	42	STIM=3
10303975	42	RESP=2
10309053	42	STIM=2
10316480	42	RESP=2
10327163	42	STIM=e
10331729	42	RESP=1
10342566	42	STIM=i
10347082	42	RESP=1
10360998	42	STIM=2
10367996	42	RESP=2
10379829	42	STIM=0
10386193	42	RESP=2
10398560	42	STIM=e
10406092	42	RESP=1
10415738	42	STIM=h
10421424	42	RESP=1
10433145	42	STIM=7
10438771	42	RESP=2
10450343	42	STIM=k
10459490	42	RESP=1
10467551	42	STIM=c
10472071	42	RESP=1
10483663	42	STIM=c
10487277	42	RESP=1
10500816	42	STIM=8
10507224	42	RESP=2
10517958	42	STIM=r
10524133	42	RESP=1
10534152	42	STIM=y
10539316	42	RESP=1
10549265	42	STIM=z
10555393	42	RESP=2
10566130	42	STIM=2
10571204	42	RESP=2
10585072	42	STIM=4
10590598	42	RESP=2
10602418	42	STIM=w
10609939	42	RESP=1
10620628	42	STIM=7
10625861	42	RESP=2
10638722	42	STIM=w
10641519	42	RESP=1
10657030	42	STIM=t
10662750	42	RESP=1
10673001	42	STIM=b
10676351	42	RESP=1
10688085	42	STIM=6
10691773	42	RESP=2
10705351	42	STIM=u
10710457	42	RESP=1
10723564	42	STIM=1
10727891	42	RESP=2
10740758	42	STIM=4
10745296	42	RESP=2
10756719	42	STIM=g
10760247	42	RESP=1
10773762	42	STIM=h
10781094	42	RESP=1
10792647	42	STIM=o
10799544	42	RESP=1
10811583	42	STIM=5
10818835	42	RESP=1
10828247	42	STIM=r
10833541	42	RESP=1
10846265	42	STIM=k
10851256	42	RESP=1
10864336	42	STIM=y
10871994	42	RESP=1
10881602	42	STIM=6
10886108	42	RESP=1
10900369	42	STIM=k
10905263	42	RESP=1
10918377	42	STIM=i
10922006	42	RESP=1
10937223	42	STIM=x
10942063	42	RESP=1
10954501	42	STIM=f
10960832	42	RESP=1
10969518	42	STIM=h
10974709	42	RESP=1
10985060	42	STIM=w
10988982	42	RESP=1
11002920	42	STIM=a
11009541	42	RESP=1
11021207	42	STIM=q
11027154	42	RESP=1
11037115	42	STIM=i
11041050	42	RESP=1
11052430	42	STIM=k
11058422	42	RESP=1
11071353	42	STIM=5
11077667	42	RESP=2
11088256	42	STIM=4
11094503	42	RESP=2
11106436	42	STIM=b
11113005	42	RESP=1
11122696	42	STIM=a
11126517	42	RESP=1
11141182	42	STIM=c
11146273	42	RESP=1
11159999	42	STIM=h
11164584	42	RESP=1
11178796	42	STIM=u
11184718	42	RESP=1
11197197	42	STIM=q
11200804	42	RESP=1
11214699	42	STIM=9
11220142	42	RESP=2
11230946	42	STIM=u
11236363	42	RESP=1
11249721	42	STIM=v
11252296	42	RESP=1
11266537	42	STIM=r
11271805	42	RESP=1
11283537	42	STIM=p
11287109	42	RESP=1
11299232	42	STIM=g
11303788	42	RESP=1
11316385	42	STIM=e
11323729	42	RESP=1
11333145	42	STIM=9
11337511	42	RESP=2
11352000	42	STIM=m
11357664	42	RESP=1
11367719	42	STIM=2
11372413	42	RESP=2
11384608	42	STIM=y
11390701	42	RESP=1
11401240	42	STIM=k
11406955	42	RESP=1
11418126	42	STIM=q
11421930	42	RESP=1
11433415	42	STIM=k
11438347	42	RESP=1
11452022	42	STIM=e
11459517	42	RESP=1
11470068	42	STIM=z
11475267	42	RESP=1
11485374	42	STIM=g
11491103	42	RESP=1
11501247	42	STIM=a
11503840	42	RESP=1
11519736	42	STIM=h
11529099	42	RESP=1
11534842	42	STIM=p
11540802	42	RESP=1
11550352	42	STIM=0
11557351	42	RESP=1
11567191	42	STIM=v
11572122	42	RESP=1
11583669	42	STIM=r
11587216	42	RESP=1
11602668	42	STIM=r
11605433	42	RESP=1
11618819	42	STIM=f
11621883	42	RESP=1
11633836	42	STIM=i
11639184	42	RESP=1
11649782	42	STIM=g
11652688	42	RESP=1
11668039	42	STIM=d
11672737	42	RESP=1
11684410	42	STIM=m
11691104	42	RESP=1
11702695	42	STIM=i
11706282	42	RESP=1
11718197	42	STIM=i
11722836	42	RESP=1
11736063	42	STIM=f
11740077	42	RESP=1
11754331	42	STIM=d
11758128	42	RESP=1
11773017	42	STIM=y
11779182	42	RESP=1
11789881	42	STIM=7
11794481	42	RESP=2
11806994	42	STIM=h
11812439	42	RESP=1
11825858	42	STIM=4
11833339	42	RESP=2
11841644	42	STIM=z
11847974	42	RESP=1
11858726	42	STIM=9
11864062	42	RESP=2
11875696	42	STIM=z
11880987	42	RESP=1
11891423	42	STIM=b
11895345	42	RESP=1
11910398	42	STIM=q
11919162	42	RESP=1
11928243	42	STIM=3
11932587	42	RESP=2
11946371	42	STIM=q
11949132	42	RESP=1
11965290	42	STIM=y
11969903	42	RESP=1
11981625	42	STIM=u
11986663	42	RESP=1
12000592	42	STIM=j
12004217	42	RESP=1
12016900	42	STIM=5
12021135	42	RESP=2
12033377	42	STIM=j
12040210	42	RESP=1
12049287	42	STIM=k
12054547	42	RESP=1
12065031	42	STIM=t
12068830	42	RESP=1
12082168	42	STIM=e
12087091	42	RESP=1
12097929	42	STIM=9
12101373	42	RESP=2
12113001	42	STIM=p
12116883	42	RESP=1
12130780	42	STIM=x
12135608	42	RESP=1
12147232	42	STIM=n
12155136	42	RESP=1
12162834	42	STIM=b
12167819	42	RESP=1
12179984	42	STIM=v
12185008	42	RESP=1
12198339	42	STIM=k
12201044	42	RESP=1
12215006	42	STIM=r
12218955	42	RESP=1
12233129	42	STIM=w
12236463	42	RESP=1
12249032	42	STIM=2
12256126	42	RESP=2
12265695	42	STIM=0
12271351	42	RESP=1
12282358	42	STIM=5
12287918	42	RESP=2
12300670	42	STIM=8
12305219	42	RESP=2
12315768	42	STIM=k
12323107	42	RESP=1
12333577	42	STIM=m
12342843	42	RESP=1
12349497	42	STIM=r
12353465	42	RESP=1
12365712	42	STIM=f
12368700	42	RESP=1
12384407	42	STIM=d
12387607	42	RESP=1
12402122	42	STIM=2
12408184	42	RESP=2
12419731	42	STIM=d
12422624	42	RESP=1
12438318	42	STIM=x
12441612	42	RESP=1
12454865	42	STIM=6
12463227	42	RESP=2
12473624	42	STIM=v
12479359	42	RESP=1
12491013	42	STIM=n
12495832	42	RESP=1
12508704	42	STIM=7
12513901	42	RESP=2
12527465	42	STIM=o
12534617	42	RESP=1
12544123	42	STIM=m
12549249	42	RESP=1
12562210	42	STIM=j
12567177	42	RESP=2
12577532	42	STIM=5
12582116	42	RESP=2
12594001	42	STIM=0
12601059	42	RESP=2
12612206	42	STIM=y
12618263	42	RESP=1
12628793	42	STIM=y
12635906	42	RESP=1
12646461	42	STIM=m
12652216	42	RESP=1
12662848	42	STIM=a
12667679	42	RESP=1
12680669	42	STIM=n
12689421	42	RESP=1
12697498	42	STIM=o
12701049	42	RESP=1
12714901	42	STIM=f
12720357	42	RESP=1
12732741	42	STIM=j
12741573	42	RESP=1
12748302	42	STIM=q
12751939	42	RESP=1
12766334	42	STIM=c
12769371	42	RESP=1
12782777	42	STIM=t
12791127	42	RESP=1
12798681	42	STIM=m
12803078	42	RESP=1
12816992	42	STIM=v
12823249	42	RESP=1
12832371	42	STIM=f
12836938	42	RESP=1
12850223	42	STIM=j
12855037	42	RESP=1
12865807	42	STIM=i
12873824	42	RESP=1
12882916	42	STIM=c
12886322	42	RESP=1
12898585	42	STIM=m
12902068	42	RESP=1
12915750	42	STIM=6
12921311	42	RESP=2
12931411	42	STIM=n
12937723	42	RESP=1
12949099	42	STIM=g
12953836	42	RESP=1
12965800	42	STIM=f
12971077	42	RESP=1
12982108	42	STIM=b
12987026	42	RESP=2
13000943	42	STIM=u
13005682	42	RESP=1
13016576	42	STIM=j
13021565	42	RESP=1
13033753	42	STIM=u
13039243	42	RESP=1
13049575	42	STIM=i
13055567	42	RESP=1
13067714	42	STIM=i
13071169	42	RESP=1
13086296	42	STIM=r
13091066	42	RESP=1
13104711	42	STIM=o
13108228	42	RESP=1
13122321	42	STIM=8
13129261	42	RESP=2
13139968	42	STIM=6
13144343	42	RESP=2
13157956	42	STIM=3
13162329	42	RESP=2
13175728	42	STIM=u
13181515	42	RESP=1
13191096	42	STIM=u
13200531	42	RESP=1
13208251	42	STIM=k
13212863	42	RESP=1
13226465	42	STIM=b
13230461	42	RESP=1
13243846	42	STIM=d
13248615	42	RESP=1
13259170	42	STIM=y
13264468	42	RESP=1
13278087	42	STIM=h
13283537	42	RESP=2
13293582	42	STIM=s
13299977	42	RESP=1
13308835	42	STIM=8
13312828	42	RESP=2
13327215	42	STIM=z
13331103	42	RESP=1
13342753	42	STIM=x
13347585	42	RESP=1
13359015	42	STIM=x
13363038	42	RESP=1
13375990	42	STIM=j
13378966	42	RESP=1
13391839	42	STIM=f
13395498	42	RESP=1
13409617	42	STIM=o
13413815	42	RESP=1
13426398	42	STIM=0
13430459	42	RESP=2
13444732	42	STIM=x
13448752	42	RESP=1
13462891	42	STIM=p
13467460	42	RESP=1
13478962	42	STIM=5
13484182	42	RESP=2
13495702	42	STIM=d
13503360	42	RESP=1
13511234	42	STIM=d
13518022	42	RESP=1
13529881	42	STIM=x
13533413	42	RESP=1
13548383	42	STIM=x
13556854	42	RESP=1
13567008	42	STIM=u
13570844	42	RESP=1
13584434	42	STIM=p
13592505	42	RESP=1
13600737	42	STIM=n
13605320	42	RESP=1
13617191	42	STIM=c
13621196	42	RESP=2
13632973	42	STIM=4
13636038	42	RESP=2
13650835	42	STIM=3
13655261	42	RESP=2
13668183	42	STIM=d
13673181	42	RESP=1
13685110	42	STIM=d
13690563	42	RESP=1
13702004	42	STIM=a
13706672	42	RESP=1
13717884	42	STIM=k
13724056	42	RESP=1
13735502	42	STIM=6
13744033	42	RESP=2
13753340	42	STIM=m
13756866	42	RESP=1
13770536	42	STIM=j
13773189	42	RESP=1
13786330	42	STIM=t
13793219	42	RESP=1
13803261	42	STIM=7
13811076	42	RESP=2
13818515	42	STIM=5
13826151	42	RESP=2
13835639	42	STIM=k
13840319	42	RESP=1
13853465	42	STIM=c
13856058	42	RESP=1
13869813	42	STIM=w
13874995	42	RESP=1
13887581	42	STIM=q
13892213	42	RESP=1
13904949	42	STIM=m
13909486	42	RESP=1
13922572	42	STIM=b
13927944	42	RESP=1
13940518	42	STIM=g
13945916	42	RESP=1
13959331	42	STIM=u
13962858	42	RESP=1
13976824	42	STIM=n
13981878	42	RESP=1
13995809	42	STIM=x
13999724	42	RESP=1
14010931	42	STIM=m
14016580	42	RESP=1
14026027	42	STIM=e
14028840	42	RESP=1
14044777	42	STIM=y
14052716	42	RESP=1
14062198	42	STIM=5
14066914	42	RESP=2
14081037	42	STIM=k
14084722	42	RESP=1
14099314	42	STIM=v
14103364	42	RESP=1
14114651	42	STIM=2
14121839	42	RESP=2
14132004	42	STIM=b
14135647	42	RESP=1
14150977	42	STIM=5
14154473	42	RESP=2
14168580	42	STIM=v
14171968	42	RESP=1
14183601	42	STIM=i
14187998	42	RESP=1
14198692	42	STIM=c
14205941	42	RESP=1
14213930	42	STIM=e
14218110	42	RESP=1
14229423	42	STIM=p
14237292	42	RESP=1
14247358	42	STIM=8
14253878	42	RESP=2
14264539	42	STIM=1
14271121	42	RESP=2
14280586	42	STIM=m
14283637	42	RESP=1
14297473	42	STIM=v
14303230	42	RESP=1
14314007	42	STIM=u
14319050	42	RESP=1
14332089	42	STIM=y
14339652	42	RESP=1
14350461	42	STIM=o
14354575	42	RESP=1
14366517	42	STIM=g
14370536	42	RESP=1
14381628	42	STIM=x
14384837	42	RESP=1
14399948	42	STIM=i
14403218	42	RESP=1
14415504	42	STIM=t
14421957	42	RESP=1
14433367	42	STIM=d
14436933	42	RESP=1
14448623	42	STIM=k
14453224	42	RESP=1
14464322	42	STIM=2
14472458	42	RESP=2
14482924	42	STIM=g
14485562	42	RESP=1
14501827	42	STIM=z
14507364	42	RESP=1
14516907	42	STIM=u
14522458	42	RESP=1
14532945	42	STIM=l
14538149	42	RESP=1
14550570	42	STIM=m
14553537	42	RESP=1
14569120	42	STIM=3
14573246	42	RESP=2
14587648	42	STIM=i
14593848	42	RESP=1
14602798	42	STIM=o
14607537	42	RESP=1
14618668	42	STIM=5
14622211	42	RESP=2
14634286	42	STIM=a
14637641	42	RESP=1
14651511	42	STIM=m
14658441	42	RESP=1
14670198	42	STIM=o
14673725	42	RESP=1
14687648	42	STIM=l
14692060	42	RESP=1
14706413	42	STIM=w
14715238	42	RESP=1
14721474	42	STIM=h
14729001	42	RESP=1
14739540	42	STIM=g
14743408	42	RESP=1
14757388	42	STIM=c
14762840	42	RESP=2
14772736	42	STIM=o
14780256	42	RESP=1
14789365	42	STIM=7
14794492	42	RESP=2
14805852	42	STIM=6
14814970	42	RESP=1
14821220	42	STIM=8
14827302	42	RESP=2
14838761	42	STIM=j
14843151	42	RESP=1
14857044	42	STIM=k
14863504	42	RESP=1
14872542	42	STIM=l
14876210	42	RESP=1
14889009	42	STIM=n
14892555	42	RESP=1
14906244	42	STIM=p
14909433	42	RESP=1
14924968	42	STIM=h
14928076	42	RESP=1
14942498	42	STIM=n
14950074	42	RESP=1
14960120	42	STIM=r
14964299	42	RESP=1
14976887	42	STIM=y
14979758	42	RESP=1
14992238	42	STIM=s
14996732	42	RESP=1
15008765	42	STIM=2
15013620	42	RESP=2
15025960	42	STIM=t
15031058	42	RESP=1
15044797	42	STIM=2
15048810	42	RESP=1
15062434	42	STIM=r
15065686	42	RESP=1
15079847	42	STIM=i
15084073	42	RESP=1
15095204	42	STIM=w
15098748	42	RESP=1
15113305	42	STIM=l
15116382	42	RESP=1
15132187	42	STIM=z
15139787	42	RESP=1
15147380	42	STIM=z
15152304	42	RESP=1
15165283	42	STIM=g
15169699	42	RESP=1
15181556	42	STIM=a
15184861	42	RESP=1
15199974	42	STIM=h
15207913	42	RESP=1
15215358	42	STIM=h
15221585	42	RESP=1
15234232	42	STIM=i
15237132	42	RESP=1
15252373	42	STIM=6
15256660	42	RESP=2
15268352	42	STIM=q
15271697	42	RESP=1
15284497	42	STIM=k
15288697	42	RESP=1
15303488	42	STIM=t
15306904	42	RESP=1
15321169	42	STIM=g
15324793	42	RESP=1
15339020	42	STIM=9
15344711	42	RESP=2
15355503	42	STIM=j
15363966	42	RESP=1
15373820	42	STIM=l
15378437	42	RESP=1
15389350	42	STIM=s
15393495	42	RESP=1
15407050	42	STIM=r
15413557	42	RESP=1
15425500	42	STIM=d
15434905	42	RESP=1
15441759	42	STIM=8
15446839	42	RESP=1
15456887	42	STIM=j
15463432	42	RESP=1
15474291	42	STIM=r
15477230	42	RESP=2
15491496	42	STIM=c
15494644	42	RESP=1
15508626	42	STIM=k
15513296	42	RESP=1
15524320	42	STIM=z
15530701	42	RESP=1
15540330	42	STIM=o
15543333	42	RESP=1
15556237	42	STIM=a
15561447	42	RESP=1
15572550	42	STIM=r
15575623	42	RESP=1
15591203	42	STIM=b
15595319	42	RESP=1
15609595	42	STIM=2
15614389	42	RESP=1
15628165	42	STIM=x
15631796	42	RESP=2
15644804	42	STIM=7
15648786	42	RESP=2
15660444	42	STIM=e
15664891	42	RESP=1
15675464	42	STIM=5
15680456	42	RESP=2
15693233	42	STIM=b
15699197	42	RESP=1
15709039	42	STIM=i
15714060	42	RESP=1
15726249	42	STIM=6
15730349	42	RESP=2
15742188	42	STIM=t
15747108	42	RESP=1
15758349	42	STIM=l
15767530	42	RESP=1
15775051	42	STIM=h
15780837	42	RESP=1
15792792	42	STIM=r
15797688	42	RESP=1
15810623	42	STIM=t
15815019	42	RESP=1
15826868	42	STIM=v
15832006	42	RESP=1
15843677	42	STIM=e
15847035	42	RESP=1
15862624	42	STIM=g
15866939	42	RESP=1
15880317	42	STIM=i
15885474	42	RESP=1
15897837	42	STIM=k
15903367	42	RESP=1
15916029	42	STIM=j
15923518	42	RESP=1
15932752	42	STIM=3
15937509	42	RESP=2
15950725	42	STIM=a
15954760	42	RESP=1
15969679	42	STIM=j
15974695	42	RESP=1
15985104	42	STIM=o
15990628	42	RESP=1
16001255	42	STIM=w
16004180	42	RESP=1
16017131	42	STIM=h
16020019	42	RESP=1
16033586	42	STIM=m
16037695	42	RESP=1
16048654	42	STIM=0
16054153	42	RESP=1
16064954	42	STIM=z
16069453	42	RESP=1
16080965	42	STIM=4
16086422	42	RESP=2
16096359	42	STIM=r
16100810	42	RESP=1
16112534	42	STIM=k
16117921	42	RESP=1
16131199	42	STIM=u
16134816	42	RESP=1
16147508	42	STIM=q
16151431	42	RESP=1
16164456	42	STIM=c
16171009	42	RESP=1
16179592	42	STIM=t
16184064	42	RESP=1
16197992	42	STIM=2
16205528	42	RESP=2
16214450	42	STIM=x
16219166	42	RESP=1
16231410	42	STIM=u
16234451	42	RESP=1
16248262	42	STIM=h
16252708	42	RESP=1
16264741	42	STIM=s
16272176	42	RESP=1
16279802	42	STIM=k
16282261	42	RESP=1
16296796	42	STIM=l
16300232	42	RESP=1
16312599	42	STIM=9
16320727	42	RESP=2
16329144	42	STIM=a
16335111	42	RESP=1
16346159	42	STIM=q
16349416	42	RESP=1
16364394	42	STIM=z
16369615	42	RESP=1
16381586	42	STIM=g
16387200	42	RESP=1
16398107	42	STIM=b
16403363	42	RESP=1
16415165	42	STIM=m
16419309	42	RESP=1
16433152	42	STIM=o
16438293	42	RESP=1
16448662	42	STIM=u
16452323	42	RESP=2
16464433	42	STIM=n
16470349	42	RESP=1
16482525	42	STIM=s
16485390	42	RESP=1
16499604	42	STIM=v
16505403	42	RESP=1
16516709	42	STIM=3
16521332	42	RESP=2
16533443	42	STIM=n
16539541	42	RESP=1
16550110	42	STIM=c
16553279	42	RESP=1
16567908	42	STIM=a
16571424	42	RESP=1
16586589	42	STIM=f
16591251	42	RESP=1
16604480	42	STIM=1
16608029	42	RESP=2
16620781	42	STIM=t
16624318	42	RESP=1
16638150	42	STIM=4
16642500	42	RESP=1
16654011	42	STIM=g
16657629	42	RESP=1
16669220	42	STIM=f
16675494	42	RESP=1
16685276	42	STIM=0
16689554	42	RESP=2
16703030	42	STIM=f
16711752	42	RESP=1
16719067	42	STIM=d
16729004	42	RESP=1
16735204	42	STIM=0
16740388	42	RESP=2
16750413	42	STIM=6
16754703	42	RESP=2
16768586	42	STIM=n
16773157	42	RESP=1
16785987	42	STIM=p
16790167	42	RESP=1
16803289	42	STIM=9
16807539	42	RESP=2
16819207	42	STIM=l
16822004	42	RESP=1
16834762	42	STIM=n
16838857	42	RESP=1
16853180	42	STIM=u
16859367	42	RESP=1
16870982	42	STIM=2
16874628	42	RESP=2
16889759	42	STIM=x
16893539	42	RESP=1
16907655	42	STIM=2
16914009	42	RESP=2
16925915	42	STIM=k
16941141	42	RESP=1
16944058	42	STIM=1
16951189	42	RESP=2
16961661	42	STIM=z
16965100	42	RESP=1
16979137	42	STIM=n
16983043	42	RESP=1
16994296	42	STIM=i
16997337	42	RESP=2
17011300	42	STIM=q
17019163	42	RESP=1
17028013	42	STIM=o
17030920	42	RESP=1
17046165	42	STIM=t
17057284	42	RESP=1
17063798	42	STIM=d
17068624	42	RESP=1
17082303	42	STIM=8
17088982	42	RESP=2
17097968	42	STIM=j
17101262	42	RESP=1
17115822	42	STIM=p
17123635	42	RESP=1
17134503	42	STIM=z
17139835	42	RESP=1
17153110	42	STIM=l
17157982	42	RESP=1
17168491	42	STIM=k
17172554	42	RESP=1
17183809	42	STIM=w
17191131	42	RESP=1
17199214	42	STIM=d
17208108	42	RESP=1
17215542	42	STIM=y
17220806	42	RESP=1
17233672	42	STIM=r
17238194	42	RESP=1
17250848	42	STIM=7
17256063	42	RESP=2
17268482	42	STIM=v
17271137	42	RESP=1
17286918	42	STIM=2
17291090	42	RESP=2
17304596	42	STIM=m
17310985	42	RESP=1
17319773	42	STIM=t
17323827	42	RESP=1
17337178	42	STIM=t
17345357	42	RESP=1
17353873	42	STIM=d
17357511	42	RESP=1
17370128	42	STIM=b
17374624	42	RESP=1
17387694	42	STIM=z
17394644	42	RESP=1
17406540	42	STIM=u
17410294	42	RESP=1
17424936	42	STIM=t
17428387	42	RESP=1
17441497	42	STIM=d
17446506	42	RESP=1
17460255	42	STIM=1
17467487	42	RESP=2
17479151	42	STIM=o
17482931	42	RESP=1
17495022	42	STIM=4
17498669	42	RESP=2
17510387	42	STIM=o
17513991	42	RESP=1
17527927	42	STIM=a
17531075	42	RESP=1
17544422	42	STIM=k
17547384	42	RESP=1
17561142	42	STIM=0
17567140	42	RESP=2
17579165	42	STIM=q
17583495	42	RESP=1
17596345	42	STIM=n
17602727	42	RESP=1
17614430	42	STIM=x
17617515	42	RESP=1
17632562	42	STIM=6
17640616	42	RESP=2
17651196	42	STIM=u
17655346	42	RESP=1
17667050	42	STIM=p
17671207	42	RESP=1
17684410	42	STIM=b
17687768	42	RESP=1
17701857	42	STIM=o
17706007	42	RESP=1
17717564	42	STIM=7
17723750	42	RESP=2
17733140	42	STIM=w
17737318	42	RESP=1
17749365	42	STIM=a
17753765	42	RESP=1
17767615	42	STIM=4
17772816	42	RESP=2
17783776	42	STIM=3
17787929	42	RESP=2
17802391	42	STIM=j
17808857	42	RESP=1
17820543	42	STIM=6
17825499	42	RESP=2
17837098	42	STIM=g
17839854	42	RESP=1
17855695	42	STIM=u
17863712	42	RESP=1
17874322	42	STIM=p
17878776	42	RESP=1
17890434	42	STIM=d
17894249	42	RESP=1
17907358	42	STIM=b
17911420	42	RESP=1
17922558	42	STIM=x
17931377	42	RESP=1
17938816	42	STIM=v
17944757	42	RESP=1
17954693	42	STIM=3
17962300	42	RESP=2
17970418	42	STIM=o
17975478	42	RESP=1
17989266	42	STIM=l
17993988	42	RESP=1
18005754	42	STIM=d
18010751	42	RESP=1
18021890	42	STIM=d
18025337	42	RESP=1
18039992	42	STIM=d
18043268	42	RESP=1
18058776	42	STIM=l
18063578	42	RESP=1
18077479	42	STIM=3
18082137	42	RESP=2
18093162	42	STIM=e
18097893	42	RESP=1
18111056	42	STIM=x
18119985	42	RESP=1
18127548	42	STIM=j
18132880	42	RESP=1
18142950	42	STIM=o
18146042	42	RESP=2
18159699	42	STIM=6
18164047	42	RESP=2
18178265	42	STIM=2
18182958	42	RESP=2
18195613	42	STIM=c
18200256	42	RESP=1
18212387	42	STIM=3
18217761	42	RESP=2
18228031	42	STIM=1
18236028	42	RESP=2
18243570	42	STIM=w
18247584	42	RESP=1
18259371	42	STIM=s
18267227	42	RESP=1
18276447	42	STIM=8
18285110	42	RESP=1
18293325	42	STIM=m
18299423	42	RESP=1
18311186	42	STIM=z
18315733	42	RESP=1
18326347	42	STIM=t
18330779	42	RESP=1
18343340	42	STIM=s
18346724	42	RESP=1
18358360	42	STIM=j
18364179	42	RESP=1
18375135	42	STIM=a
18379309	42	RESP=1
18392799	42	STIM=h
18399205	42	RESP=1
18409485	42	STIM=8
18414225	42	RESP=1
18427360	42	STIM=x
18431050	42	RESP=1
18446314	42	STIM=n
18451334	42	RESP=1
18463877	42	STIM=z
18467354	42	RESP=1
18480669	42	STIM=f
18486189	42	RESP=1
18496198	42	STIM=k
18503663	42	RESP=1
18514590	42	STIM=3
18519888	42	RESP=2
18530287	42	STIM=h
18536524	42	RESP=1
18547658	42	STIM=g
18553915	42	RESP=1
18564388	42	STIM=c
18571709	42	RESP=1
18580713	42	STIM=2
18588744	42	RESP=2
18596300	42	STIM=c
18599310	42	RESP=1
18612262	42	STIM=i
18615640	42	RESP=1
18627497	42	STIM=h
18632078	42	RESP=1
18642618	42	STIM=g
18647010	42	RESP=1
18659851	42	STIM=z
18668384	42	RESP=1
18678077	42	STIM=t
18681584	42	RESP=1
18693595	42	STIM=x
18697725	42	RESP=1
18709578	42	STIM=n
18713929	42	RESP=1
18725247	42	STIM=e
18729783	42	RESP=1
18740984	42	STIM=l
18747073	42	RESP=1
18756040	42	STIM=g
18759727	42	RESP=1
18773993	42	STIM=r
18778285	42	RESP=2
18791808	42	STIM=r
18797405	42	RESP=1
18808231	42	STIM=x
18816354	42	RESP=1
18825875	42	STIM=g
18829683	42	RESP=1
18842111	42	STIM=j
18845433	42	RESP=1
18858870	42	STIM=l
18862220	42	RESP=1
18876565	42	STIM=o
18879831	42	RESP=1
18892593	42	STIM=r
18898504	42	RESP=2
18908978	42	STIM=n
18915706	42	RESP=1
18927071	42	STIM=r
18932663	42	RESP=1
18944609	42	STIM=t
18950404	42	RESP=1
18960823	42	STIM=x
18967053	42	RESP=1
18977524	42	STIM=w
18980482	42	RESP=1
18994091	42	STIM=1
18998963	42	RESP=2
19009155	42	STIM=5
19019187	42	RESP=1
19025286	42	STIM=s
19028495	42	RESP=1
19041311	42	STIM=7
19046259	42	RESP=1
19058747	42	STIM=z
19062042	42	RESP=2
19074737	42	STIM=g
19082223	42	RESP=1
19089741	42	STIM=z
19095983	42	RESP=1
19108411	42	STIM=m
19111508	42	RESP=1
19124434	42	STIM=r
19128049	42	RESP=1
19143404	42	STIM=i
19147558	42	RESP=1
19162311	42	STIM=o
19165485	42	RESP=1
19177921	42	STIM=e
19181393	42	RESP=1
19196267	42	STIM=r
19201921	42	RESP=1
19212412	42	STIM=q
19217118	42	RESP=1
19227667	42	STIM=m
19231680	42	RESP=1
19246052	42	STIM=o
19249353	42	RESP=1
19261358	42	STIM=z
19267989	42	RESP=1
19277814	42	STIM=h
19283328	42	RESP=1
19294395	42	STIM=9
19301042	42	RESP=2
19312565	42	STIM=m
19320824	42	RESP=1
19331274	42	STIM=q
19335744	42	RESP=1
19349057	42	STIM=x
19353388	42	RESP=1
19367564	42	STIM=c
19372141	42	RESP=1
19383642	42	STIM=1
19388757	42	RESP=2
19398987	42	STIM=1
19402452	42	RESP=2
19415973	42	STIM=m
19419912	42	RESP=1
19432020	42	STIM=g
19435493	42	RESP=1
19449765	42	STIM=a
19455340	42	RESP=1
19467862	42	STIM=t
19472058	42	RESP=1
19485945	42	STIM=x
19494341	42	RESP=1
19502730	42	STIM=7
19508215	42	RESP=2
19519427	42	STIM=v
19524621	42	RESP=1
19536403	42	STIM=z
19539355	42	RESP=1
19553729	42	STIM=x
19557407	42	RESP=1
19569404	42	STIM=y
19572618	42	RESP=1
19586018	42	STIM=3
19592186	42	RESP=2
19604785	42	STIM=9
19610528	42	RESP=2
19623659	42	STIM=u
19626568	42	RESP=1
19640150	42	STIM=x
19650971	42	RESP=1
19656808	42	STIM=g
19661732	42	RESP=1
19671876	42	STIM=f
19680357	42	RESP=1
19689993	42	STIM=w
19694559	42	RESP=1
19707931	42	STIM=o
19714469	42	RESP=1
19725025	42	STIM=c
19728306	42	RESP=2
19740615	42	STIM=3
19746414	42	RESP=2
19755992	42	STIM=6
19759918	42	RESP=2
19774146	42	STIM=8
19778407	42	RESP=2
19792630	42	STIM=y
19795950	42	RESP=1
19808935	42	STIM=v
19811376	42	RESP=1
19824114	42	STIM=z
19830554	42	RESP=1
19841189	42	STIM=e
19843954	42	RESP=1
19857411	42	STIM=d
19860527	42	RESP=1
19875585	42	STIM=j
19880869	42	RESP=1
19893030	42	STIM=b
19899358	42	RESP=1
19911078	42	STIM=c
19914990	42	RESP=1
19927280	42	STIM=n
19929889	42	RESP=1
19944619	42	STIM=u
19949536	42	RESP=1
19959910	42	STIM=z
19963461	42	RESP=1
19975191	42	STIM=l
19981538	42	RESP=1
19992573	42	STIM=a
19996254	42	RESP=1
20010391	42	STIM=5
20014939	42	RESP=2
20029262	42	STIM=x
20035966	42	RESP=1
20046729	42	STIM=l
20050126	42	RESP=2
20065688	42	STIM=q
20068797	42	RESP=1
20082895	42	STIM=v
20086363	42	RESP=1
20099773	42	STIM=e
20105823	42	RESP=1
20115871	42	STIM=0
20119374	42	RESP=2
20134435	42	STIM=i
20145082	42	RESP=2
20152994	42	STIM=0
20161246	42	RESP=1
20169900	42	STIM=6
20175793	42	RESP=2
20187655	42	STIM=k
20192367	42	RESP=1
20203292	42	STIM=0
20210740	42	RESP=2
20219246	42	STIM=n
20225271	42	RESP=1
20237811	42	STIM=o
20248354	42	RESP=1
20255894	42	STIM=o
20262030	42	RESP=1
20274682	42	STIM=g
20280064	42	RESP=1
20291590	42	STIM=v
20294130	42	RESP=1
20309848	42	STIM=1
20316096	42	RESP=2
20327957	42	STIM=w
20332344	42	RESP=1
20344253	42	STIM=m
20351440	42	RESP=1
20360663	42	STIM=5
20364821	42	RESP=2
20377708	42	STIM=x
20381868	42	RESP=1
20396220	42	STIM=g
20401639	42	RESP=1
20414032	42	STIM=8
20420501	42	RESP=2
20432239	42	STIM=u
20436621	42	RESP=1
20447833	42	STIM=l
20452137	42	RESP=1
20463674	42	STIM=o
20468280	42	RESP=1
20480483	42	STIM=i
20488261	42	RESP=1
20497412	42	STIM=h
20501774	42	RESP=1
20512900	42	STIM=d
20516381	42	RESP=1
20529680	42	STIM=m
20536663	42	RESP=1
20546753	42	STIM=c
20551092	42	RESP=1
20563262	42	STIM=i
20566477	42	RESP=1
20581069	42	STIM=0
20585521	42	RESP=2
20598988	42	STIM=s
20605775	42	RESP=1
20614361	42	STIM=f
20618637	42	RESP=1
20632426	42	STIM=s
20636891	42	RESP=1
20647498	42	STIM=w
20655521	42	RESP=1
20663514	42	STIM=o
20667944	42	RESP=1
20682473	42	STIM=n
20691811	42	RESP=1
20697894	42	STIM=o
20703485	42	RESP=1
20715690	42	STIM=2
20722173	42	RESP=2
20732841	42	STIM=o
20735572	42	RESP=1
20749154	42	STIM=5
20755743	42	RESP=2
20764819	42	STIM=a
20770197	42	RESP=1
20781690	42	STIM=a
20786495	42	RESP=1
20798248	42	STIM=w
20802933	42	RESP=2
20815321	42	STIM=0
20820233	42	RESP=2
20833322	42	STIM=r
20837828	42	RESP=1
20851298	42	STIM=t
20857223	42	RESP=1
20866763	42	STIM=g
20874267	42	RESP=1
20883218	42	STIM=z
20888170	42	RESP=1
20900481	42	STIM=4
20911209	42	RESP=2
20918943	42	STIM=2
20928392	42	RESP=2
20933981	42	STIM=b
20938633	42	RESP=1
20951101	42	STIM=y
20954706	42	RESP=1
20968576	42	STIM=v
20972720	42	RESP=1
20984426	42	STIM=t
20991772	42	RESP=1
21000921	42	STIM=r
21005236	42	RESP=1
21016302	42	STIM=f
21020906	42	RESP=1
21033663	42	STIM=c
21037299	42	RESP=1
21049787	42	STIM=i
21055055	42	RESP=1
21068670	42	STIM=g
21075064	42	RESP=1
21084698	42	STIM=k
21090694	42	RESP=1
21103204	42	STIM=t
21106372	42	RESP=1
21118378	42	STIM=6
21122907	42	RESP=2
21133762	42	STIM=o
21137048	42	RESP=1
21149157	42	STIM=7
21154032	42	RESP=2
21164206	42	STIM=w
21173801	42	RESP=1
21181721	42	STIM=h
21188618	42	RESP=1
21197373	42	STIM=8
21202654	42	RESP=1
21216191	42	STIM=q
21219978	42	RESP=1
21231425	42	STIM=a
21234682	42	RESP=1
21248829	42	STIM=4
21255380	42	RESP=2
21265520	42	STIM=g
21270132	42	RESP=1
21284300	42	STIM=u
21288856	42	RESP=1
21300547	42	STIM=l
21307367	42	RESP=1
21316035	42	STIM=u
21320585	42	RESP=1
21334474	42	STIM=y
21338003	42	RESP=1
21350924	42	STIM=y
21354972	42	RESP=1
21367723	42	STIM=j
21372634	42	RESP=1
21385302	42	STIM=c
21390364	42	RESP=2
21403522	42	STIM=q
21407385	42	RESP=1
21421179	42	STIM=y
21428911	42	RESP=1
21437710	42	STIM=1
21445118	42	RESP=2
21456425	42	STIM=c
21460194	42	RESP=1
21474999	42	STIM=x
21480483	42	RESP=1
21490026	42	STIM=f
21495154	42	RESP=1
21505236	42	STIM=8
21509756	42	RESP=2
21522105	42	STIM=g
21525304	42	RESP=2
21540395	42	STIM=v
21547514	42	RESP=1
21558784	42	STIM=r
21563096	42	RESP=1
21577265	42	STIM=g
21583264	42	RESP=1
21596158	42	STIM=q
21600176	42	RESP=1
21614273	42	STIM=s
21620821	42	RESP=1
21632121	42	STIM=l
21636475	42	RESP=1
21649250	42	STIM=a
21657853	42	RESP=1
21664292	42	STIM=6
21669747	42	RESP=2
21680779	42	STIM=v
21691202	42	RESP=1
21698686	42	STIM=e
21703154	42	RESP=1
21717265	42	STIM=7
21724865	42	RESP=2
21735535	42	STIM=b
21740465	42	RESP=1
21752115	42	STIM=e
21757246	42	RESP=1
21770505	42	STIM=g
21775012	42	RESP=1
21785631	42	STIM=i
21788373	42	RESP=1
