# Original filename: 0037_FMC_2017-01-28.log
# Time unit: 100 us
# RARECAT=digit
#
# Time	HHGG	Event
37382	42	STIM=0
46715	42	RESP=2
52419	42	STIM=e
58585	42	RESP=1
68367	42	STIM=q
73727	42	RESP=1
83857	42	STIM=g
90202	42	RESP=1
100243	42	STIM=v
105237	42	RESP=1
115449	42	STIM=s
122024	42	RESP=1
133362	42	STIM=z
137264	42	RESP=1
150311	42	STIM=l
153812	42	RESP=1
168209	42	STIM=f
180410	42	RESP=1
184216	42	STIM=w
187587	42	RESP=2
199491	42	STIM=y
205756	42	RESP=1
217366	42	STIM=e
221903	42	RESP=1
236106	42	STIM=b
240562	42	RESP=1
251533	42	STIM=t
254510	42	RESP=1
267409	42	STIM=y
272441	42	RESP=1
284439	42	STIM=r
289570	42	RESP=1
300689	42	STIM=o
304132	42	RESP=1
315821	42	STIM=n
320649	42	RESP=1
334071	42	STIM=d
340017	42	RESP=1
349620	42	STIM=j
356134	42	RESP=1
366593	42	STIM=x
372877	42	RESP=1
383168	42	STIM=f
386573	42	RESP=1
399517	42	STIM=3
409822	42	RESP=2
416057	42	STIM=n
420107	42	RESP=2
432183	42	STIM=4
435945	42	RESP=2
451114	42	STIM=r
455786	42	RESP=1
468273	42	STIM=9
474335	42	RESP=2
483541	42	STIM=r
490772	42	RESP=1
501409	42	STIM=h
504342	42	RESP=1
520370	42	STIM=8
525727	42	RESP=2
535972	42	STIM=1
540163	42	RESP=2
553955	42	STIM=s
558054	42	RESP=1
570406	42	STIM=k
576497	42	RESP=1
587114	42	STIM=n
593719	42	RESP=1
605633	42	STIM=d
610779	42	RESP=1
624192	42	STIM=f
628555	42	RESP=1
640750	42	STIM=f
645703	42	RESP=1
658521	42	STIM=l
662450	42	RESP=1
675534	42	STIM=n
682463	42	RESP=1
692102	42	STIM=k
695628	42	RESP=1
708467	42	STIM=t
713943	42	RESP=1
724336	42	STIM=3
730197	42	RESP=2
742889	42	STIM=2
748900	42	RESP=2
760307	42	STIM=c
763177	42	RESP=1
776168	42	STIM=g
781317	42	RESP=1
794839	42	STIM=h
799079	42	RESP=1
810949	42	STIM=c
816256	42	RESP=1
829404	42	STIM=o
835104	42	RESP=1
845543	42	STIM=v
850904	42	RESP=1
862736	42	STIM=0
869074	42	RESP=2
878867	42	STIM=d
884591	42	RESP=2
893907	42	STIM=q
900451	42	RESP=1
910336	42	STIM=w
914216	42	RESP=1
926559	42	STIM=p
932202	42	RESP=1
943045	42	STIM=t
946424	42	RESP=1
958986	42	STIM=y
961620	42	RESP=1
974239	42	STIM=r
977313	42	RESP=1
991334	42	STIM=t
995069	42	RESP=1
1007685	42	STIM=c
1015174	42	RESP=1
1023905	42	STIM=m
1026900	42	RESP=1
1040570	42	STIM=y
1046177	42	RESP=1
1057445	42	STIM=k
1062483	42	RESP=1
1074449	42	STIM=i
1078487	42	RESP=1
1091639	42	STIM=n
1095841	42	RESP=1
1109502	42	STIM=x
1114500	42	RESP=1
1124553	42	STIM=l
1129041	42	RESP=2
1139683	42	STIM=i
1143641	42	RESP=1
1154978	42	STIM=q
1159188	42	RESP=1
1173163	42	STIM=j
1180085	42	RESP=1
1190806	42	STIM=e
1195041	42	RESP=1
1209485	42	STIM=e
1216031	42	RESP=1
1224941	42	STIM=o
1230250	42	RESP=1
1241466	42	STIM=i
1248414	42	RESP=1
1257100	42	STIM=5
1262523	42	RESP=2
1272155	42	STIM=f
1274663	42	RESP=1
1289608	42	STIM=w
1295496	42	RESP=1
1305307	42	STIM=4
1313388	42	RESP=2
1323684	42	STIM=4
1328254	42	RESP=2
1340606	42	STIM=l
1345707	42	RESP=1
1359452	42	STIM=t
1363448	42	RESP=1
1375862	42	STIM=f
1379061	42	RESP=1
1390980	42	STIM=n
1396822	42	RESP=1
1406410	42	STIM=r
1414526	42	RESP=1
1425384	42	STIM=q
1430683	42	RESP=1
1443931	42	STIM=n
1447676	42	RESP=1
1460410	42	STIM=g
1467156	42	RESP=1
1478588	42	STIM=1
1482957	42	RESP=2
1495327	42	STIM=n
1500650	42	RESP=1
1510914	42	STIM=k
1515946	42	RESP=1
1526477	42	STIM=v
1532135	42	RESP=1
1542277	42	STIM=y
1550496	42	RESP=1
1561177	42	STIM=p
1564635	42	RESP=1
1580094	42	STIM=z
1588526	42	RESP=1
1598586	42	STIM=x
1603943	42	RESP=1
1615756	42	STIM=7
1620022	42	RESP=2
1630815	42	STIM=m
1635106	42	RESP=1
1646673	42	STIM=r
1653574	42	RESP=1
1662398	42	STIM=8
1666972	42	RESP=2
1678545	42	STIM=p
1685309	42	RESP=1
1694756	42	STIM=w
1697914	42	RESP=1
1710207	42	STIM=m
1714854	42	RESP=1
1726522	42	STIM=1
1732448	42	RESP=1
1742985	42	STIM=z
1746395	42	RESP=1
1760438	42	STIM=u
1764483	42	RESP=1
1776517	42	STIM=a
1780435	42	RESP=1
1792139	42	STIM=l
1798826	42	RESP=1
1808395	42	STIM=q
1811958	42	RESP=1
1825511	42	STIM=n
1829267	42	RESP=2
1841144	42	STIM=1
1847297	42	RESP=2
1856462	42	STIM=f
1860115	42	RESP=1
1875003	42	STIM=q
1883598	42	RESP=1
1890390	42	STIM=g
1895982	42	RESP=1
1906065	42	STIM=s
1911143	42	RESP=1
1922737	42	STIM=0
1927575	42	RESP=2
1939455	42	STIM=8
1944232	42	RESP=2
1958305	42	STIM=g
1964180	42	RESP=1
1975064	42	STIM=x
1981991	42	RESP=1
1994061	42	STIM=t
1998744	42	RESP=1
2009780	42	STIM=f
2013278	42	RESP=1
2028768	42	STIM=3
2033343	42	RESP=2
2046217	42	STIM=d
2054113	42	RESP=1
2065135	42	STIM=q
2068500	42	RESP=1
2083007	42	STIM=u
2086784	42	RESP=2
2101723	42	STIM=m
2105339	42	RESP=1
2120704	42	STIM=p
2126621	42	RESP=1
2136491	42	STIM=a
2142343	42	RESP=1
2153831	42	STIM=y
2160237	42	RESP=1
2169454	42	STIM=o
2172926	42	RESP=1
2187759	42	STIM=w
2191194	42	RESP=1
2203939	42	STIM=t
2208018	42	RESP=1
2222506	42	STIM=w
2225599	42	RESP=1
2241349	42	STIM=4
2248041	42	RESP=2
2257789	42	STIM=7
2264506	42	RESP=2
2275291	42	STIM=j
2279039	42	RESP=1
2293593	42	STIM=d
2297720	42	RESP=1
2310995	42	STIM=r
2319052	42	RESP=1
2328313	42	STIM=f
2333123	42	RESP=1
2343805	42	STIM=a
2351396	42	RESP=1
2360622	42	STIM=f
2365069	42	RESP=1
2377507	42	STIM=o
2382544	42	RESP=1
2393043	42	STIM=m
2397090	42	RESP=1
2408551	42	STIM=z
2414627	42	RESP=1
2427324	42	STIM=f
2432116	42	RESP=1
2446255	42	STIM=8
2452005	42	RESP=2
2465135	42	STIM=r
2470198	42	RESP=1
2482068	42	STIM=6
2486050	42	RESP=2
2500247	42	STIM=4
2505095	42	RESP=2
2518242	42	STIM=0
2523115	42	RESP=2
2534582	42	STIM=8
2537771	42	RESP=2
2552383	42	STIM=9
2561610	42	RESP=2
2568074	42	STIM=l
2574135	42	RESP=1
2584093	42	STIM=2
2589501	42	RESP=2
2601216	42	STIM=o
2604292	42	RESP=1
2620100	42	STIM=3
2624276	42	RESP=2
2636279	42	STIM=3
2642028	42	RESP=2
2653076	42	STIM=o
2656891	42	RESP=1
2669619	42	STIM=k
2672964	42	RESP=1
2685830	42	STIM=5
2689501	42	RESP=1
2703533	42	STIM=w
2709261	42	RESP=1
2719941	42	STIM=o
2723230	42	RESP=1
2736061	42	STIM=c
2741183	42	RESP=1
2753134	42	STIM=6
2759082	42	RESP=2
2770632	42	STIM=i
2775780	42	RESP=1
2788448	42	STIM=n
2791489	42	RESP=1
2806954	42	STIM=z
2812067	42	RESP=1
2823343	42	STIM=g
2827482	42	RESP=2
2839406	42	STIM=1
2844036	42	RESP=2
2856131	42	STIM=t
2859811	42	RESP=1
2871732	42	STIM=p
2875469	42	RESP=1
2888820	42	STIM=r
2892105	42	RESP=2
2905031	42	STIM=h
2909173	42	RESP=1
2923804	42	STIM=c
2928022	42	RESP=1
2939649	42	STIM=a
2945818	42	RESP=2
2956296	42	STIM=a
2959189	42	RESP=1
2971433	42	STIM=r
2979432	42	RESP=1
2989074	42	STIM=n
2992580	42	RESP=1
3005380	42	STIM=a
3010528	42	RESP=1
3021483	42	STIM=y
3027384	42	RESP=1
3037129	42	STIM=m
3042769	42	RESP=1
3054621	42	STIM=y
3063799	42	RESP=1
3069974	42	STIM=6
3075821	42	RESP=2
3088712	42	STIM=y
3093442	42	RESP=2
3105007	42	STIM=p
3111245	42	RESP=1
3122191	42	STIM=n
3126484	42	RESP=1
3137992	42	STIM=o
3142314	42	RESP=1
3156705	42	STIM=u
3162936	42	RESP=1
3173011	42	STIM=6
3178599	42	RESP=2
3189821	42	STIM=c
3194247	42	RESP=1
3206903	42	STIM=m
3211078	42	RESP=1
3223686	42	STIM=p
3228697	42	RESP=2
3241422	42	STIM=c
3246115	42	RESP=1
3257102	42	STIM=j
3264311	42	RESP=1
3273656	42	STIM=q
3278487	42	RESP=1
3290331	42	STIM=5
3297019	42	RESP=1
3306882	42	STIM=0
3312506	42	RESP=2
3324932	42	STIM=8
3330255	42	RESP=2
3341285	42	STIM=c
3346306	42	RESP=1
3356531	42	STIM=x
3359610	42	RESP=1
3373427	42	STIM=7
3377104	42	RESP=2
3390475	42	STIM=5
3398858	42	RESP=2
3407974	42	STIM=b
3411259	42	RESP=1
3426339	42	STIM=k
3428907	42	RESP=1
3444340	42	STIM=l
3448259	42	RESP=1
3459545	42	STIM=6
3464594	42	RESP=2
3477809	42	STIM=c
3481287	42	RESP=1
3494557	42	STIM=s
3497735	42	RESP=1
3511545	42	STIM=2
3515845	42	RESP=2
3527921	42	STIM=l
3532553	42	RESP=1
3543959	42	STIM=z
3548463	42	RESP=1
3559545	42	STIM=l
3562781	42	RESP=1
3577218	42	STIM=k
3583429	42	RESP=1
3595258	42	STIM=j
3600010	42	RESP=1
3611323	42	STIM=2
3617413	42	RESP=2
3628044	42	STIM=v
3633151	42	RESP=1
3643536	42	STIM=k
3646840	42	RESP=1
3660398	42	STIM=d
3666602	42	RESP=1
3676243	42	STIM=l
3679090	42	RESP=1
3693973	42	STIM=f
3699890	42	RESP=1
3709787	42	STIM=2
3713110	42	RESP=2
3725426	42	STIM=b
3729568	42	RESP=1
3743399	42	STIM=r
3747099	42	RESP=1
3759295	42	STIM=c
3762736	42	RESP=2
3774666	42	STIM=w
3778672	42	RESP=1
3790126	42	STIM=4
3794216	42	RESP=2
3806938	42	STIM=r
3817737	42	RESP=1
3822153	42	STIM=x
3828033	42	RESP=1
3838853	42	STIM=b
3846764	42	RESP=1
3857535	42	STIM=f
3861779	42	RESP=1
3873998	42	STIM=m
3881389	42	RESP=1
3891860	42	STIM=v
3898003	42	RESP=1
3910668	42	STIM=v
3916296	42	RESP=1
3926444	42	STIM=p
3930374	42	RESP=1
3943963	42	STIM=d
3951317	42	RESP=1
3959494	42	STIM=f
3964594	42	RESP=1
3977368	42	STIM=a
3981419	42	RESP=1
3993352	42	STIM=p
3998071	42	RESP=1
4010792	42	STIM=b
4017622	42	RESP=1
4026096	42	STIM=6
4032641	42	RESP=2
4044127	42	STIM=b
4051794	42	RESP=1
4060492	42	STIM=5
4064663	42	RESP=2
4076752	42	STIM=k
4079867	42	RESP=1
4095725	42	STIM=v
4102330	42	RESP=1
4110925	42	STIM=3
4117775	42	RESP=2
4126739	42	STIM=e
4133962	42	RESP=1
4144338	42	STIM=4
4149309	42	RESP=2
4161830	42	STIM=b
4165355	42	RESP=1
4177608	42	STIM=1
4181165	42	RESP=2
4193095	42	STIM=x
4197067	42	RESP=1
4210552	42	STIM=r
4223101	42	RESP=1
4227243	42	STIM=g
4232519	42	RESP=1
4245744	42	STIM=x
4250912	42	RESP=1
4261744	42	STIM=o
4265060	42	RESP=1
4279356	42	STIM=x
4283539	42	RESP=1
4295828	42	STIM=t
4305420	42	RESP=1
4314795	42	STIM=v
4319789	42	RESP=1
4330674	42	STIM=i
4338299	42	RESP=1
4347759	42	STIM=5
4351366	42	RESP=2
4366049	42	STIM=k
4370727	42	RESP=1
4384969	42	STIM=s
4388526	42	RESP=1
4400879	42	STIM=p
4407660	42	RESP=1
4419342	42	STIM=g
4422480	42	RESP=1
4434823	42	STIM=n
4441123	42	RESP=1
4451400	42	STIM=y
4459642	42	RESP=1
4466624	42	STIM=1
4471787	42	RESP=2
4483843	42	STIM=x
4491722	42	RESP=1
4499180	42	STIM=f
4505445	42	RESP=1
4516742	42	STIM=3
4522772	42	RESP=1
4533539	42	STIM=d
4537653	42	RESP=1
4551993	42	STIM=r
4554790	42	RESP=1
4570022	42	STIM=c
4573753	42	RESP=1
4586041	42	STIM=w
4590201	42	RESP=1
4602218	42	STIM=r
4607252	42	RESP=1
4621112	42	STIM=z
4625035	42	RESP=1
4637867	42	STIM=p
4644290	42	RESP=1
4653446	42	STIM=2
4660892	42	RESP=2
4672404	42	STIM=a
4678928	42	RESP=1
4690916	42	STIM=2
4695723	42	RESP=2
4709595	42	STIM=a
4713203	42	RESP=1
4727394	42	STIM=a
4737503	42	RESP=1
4745400	42	STIM=y
4751551	42	RESP=1
4760888	42	STIM=r
4767208	42	RESP=1
4779787	42	STIM=2
4787142	42	RESP=2
4795509	42	STIM=q
4800931	42	RESP=1
4813066	42	STIM=b
4815682	42	RESP=1
4829416	42	STIM=k
4840834	42	RESP=1
4847409	42	STIM=u
4855198	42	RESP=1
4866277	42	STIM=h
4870850	42	RESP=1
4882722	42	STIM=1
4889228	42	RESP=2
4898687	42	STIM=3
4904657	42	RESP=2
4915203	42	STIM=z
4918331	42	RESP=1
4931638	42	STIM=3
4936327	42	RESP=1
4949885	42	STIM=l
4955313	42	RESP=1
4966240	42	STIM=f
4970602	42	RESP=1
4981539	42	STIM=u
4984665	42	RESP=1
4998078	42	STIM=u
5002940	42	RESP=1
5015059	42	STIM=j
5023455	42	RESP=1
5033478	42	STIM=t
5037221	42	RESP=1
5050170	42	STIM=o
5052705	42	RESP=1
5065657	42	STIM=u
5069858	42	RESP=1
5083093	42	STIM=z
5086641	42	RESP=1
5098847	42	STIM=r
5106791	42	RESP=1
5117172	42	STIM=m
5123248	42	RESP=1
5133830	42	STIM=p
5140661	42	RESP=1
5149591	42	STIM=8
5156054	42	RESP=1
5164632	42	STIM=s
5168524	42	RESP=2
5183441	42	STIM=o
5187618	42	RESP=1
5201795	42	STIM=2
5208312	42	RESP=1
5218088	42	STIM=k
5220937	42	RESP=1
5233811	42	STIM=s
5238624	42	RESP=1
5250159	42	STIM=q
5255496	42	RESP=1
5268625	42	STIM=c
5271865	42	RESP=1
5285580	42	STIM=z
5289497	42	RESP=1
5301932	42	STIM=u
5308130	42	RESP=1
5317760	42	STIM=r
5321230	42	RESP=1
5334730	42	STIM=s
5337820	42	RESP=1
5350295	42	STIM=3
5360022	42	RESP=2
5365933	42	STIM=1
5372378	42	RESP=2
5383539	42	STIM=7
5389220	42	RESP=2
5400433	42	STIM=7
5405882	42	RESP=2
5417844	42	STIM=n
5423165	42	RESP=1
5435393	42	STIM=s
5440016	42	RESP=1
5453588	42	STIM=p
5459464	42	RESP=1
5471631	42	STIM=x
5475598	42	RESP=1
5486909	42	STIM=x
5493419	42	RESP=1
5505494	42	STIM=f
5512285	42	RESP=1
5521116	42	STIM=a
5526076	42	RESP=1
5538857	42	STIM=k
5543954	42	RESP=1
5555187	42	STIM=d
5558727	42	RESP=1
5570442	42	STIM=o
5574222	42	RESP=1
5587219	42	STIM=d
5594514	42	RESP=1
5604289	42	STIM=m
5609808	42	RESP=1
5620451	42	STIM=g
5624121	42	RESP=1
5638189	42	STIM=t
5641348	42	RESP=1
5654620	42	STIM=w
5660646	42	RESP=1
5672897	42	STIM=w
5676859	42	RESP=1
5691280	42	STIM=n
5694931	42	RESP=1
5709391	42	STIM=x
5717818	42	RESP=1
5727531	42	STIM=7
5730888	42	RESP=2
5745058	42	STIM=z
5750512	42	RESP=1
5760537	42	STIM=p
5764141	42	RESP=1
5777555	42	STIM=j
5781274	42	RESP=1
5792665	42	STIM=y
5799794	42	RESP=1
5808317	42	STIM=t
5811876	42	RESP=1
5826319	42	STIM=5
5836153	42	RESP=2
5842064	42	STIM=o
5846310	42	RESP=1
5859728	42	STIM=c
5864851	42	RESP=1
5877914	42	STIM=t
5881980	42	RESP=1
5893509	42	STIM=b
5897895	42	RESP=1
5909540	42	STIM=s
5913946	42	RESP=1
5926579	42	STIM=p
5931432	42	RESP=1
5945497	42	STIM=2
5949378	42	RESP=2
5963921	42	STIM=j
5967988	42	RESP=1
5981659	42	STIM=8
5986126	42	RESP=2
5998869	42	STIM=z
6005491	42	RESP=1
6015082	42	STIM=j
6022091	42	RESP=1
6033604	42	STIM=a
6041136	42	RESP=1
6050224	42	STIM=9
6053547	42	RESP=2
6065968	42	STIM=y
6069103	42	RESP=1
6082352	42	STIM=p
6086610	42	RESP=1
6097479	42	STIM=n
6103826	42	RESP=1
6112674	42	STIM=y
6116795	42	RESP=1
6128056	42	STIM=f
6133334	42	RESP=1
6144778	42	STIM=l
6154865	42	RESP=1
6163387	42	STIM=s
6167925	42	RESP=1
6179388	42	STIM=v
6183619	42	RESP=1
6196015	42	STIM=h
6202411	42	RESP=1
6212071	42	STIM=0
6218226	42	RESP=2
6227507	42	STIM=7
6231743	42	RESP=2
6246442	42	STIM=z
6250118	42	RESP=1
6262678	42	STIM=m
6267203	42	RESP=1
6280651	42	STIM=s
6285171	42	RESP=1
6295832	42	STIM=l
6301869	42	RESP=1
6311542	42	STIM=f
6314523	42	RESP=1
6328578	42	STIM=4
6336417	42	RESP=2
6345910	42	STIM=q
6352204	42	RESP=1
6363598	42	STIM=x
6368112	42	RESP=1
6380982	42	STIM=j
6384329	42	RESP=1
6399311	42	STIM=4
6406446	42	RESP=2
6417358	42	STIM=v
6421341	42	RESP=2
6435958	42	STIM=b
6438963	42	RESP=1
6454168	42	STIM=u
6458828	42	RESP=1
6471443	42	STIM=i
6476285	42	RESP=1
6486523	42	STIM=k
6491870	42	RESP=1
6502947	42	STIM=7
6508552	42	RESP=2
6521546	42	STIM=r
6525665	42	RESP=1
6537971	42	STIM=v
6541710	42	RESP=1
6554719	42	STIM=0
6562578	42	RESP=2
6570217	42	STIM=p
6577422	42	RESP=1
6585349	42	STIM=x
6590706	42	RESP=1
6601110	42	STIM=3
6608788	42	RESP=2
6617196	42	STIM=p
6627985	42	RESP=1
6634335	42	STIM=w
6638016	42	RESP=1
6652190	42	STIM=5
6660656	42	RESP=2
6669831	42	STIM=r
6673373	42	RESP=1
6685030	42	STIM=n
6690119	42	RESP=1
6702526	42	STIM=1
6707734	42	RESP=2
6717997	42	STIM=f
6722492	42	RESP=1
6733618	42	STIM=l
6736407	42	RESP=1
6749167	42	STIM=a
6753795	42	RESP=1
6767017	42	STIM=k
6770802	42	RESP=1
6785449	42	STIM=b
6790834	42	RESP=1
6801141	42	STIM=y
6806525	42	RESP=1
6816545	42	STIM=3
6821672	42	RESP=2
6834638	42	STIM=z
6837760	42	RESP=1
6850770	42	STIM=p
6857324	42	RESP=1
6868641	42	STIM=0
6876022	42	RESP=2
6885301	42	STIM=g
6891408	42	RESP=1
6900309	42	STIM=1
6906776	42	RESP=2
6915360	42	STIM=i
6919883	42	RESP=1
6933575	42	STIM=a
6940095	42	RESP=1
6950015	42	STIM=q
6957286	42	RESP=1
6965622	42	STIM=c
6969306	42	RESP=1
6981004	42	STIM=o
6984545	42	RESP=1
6999705	42	STIM=7
7006981	42	RESP=2
7015287	42	STIM=r
7022263	42	RESP=1
7030865	42	STIM=k
7033533	42	RESP=1
7047330	42	STIM=3
7053081	42	RESP=1
7062642	42	STIM=b
7067525	42	RESP=1
7079379	42	STIM=6
7085748	42	RESP=2
7097318	42	STIM=8
7105218	42	RESP=2
7115354	42	STIM=0
7120774	42	RESP=2
7133052	42	STIM=v
7139409	42	RESP=1
7150894	42	STIM=a
7156886	42	RESP=1
7167277	42	STIM=x
7170096	42	RESP=1
7186035	42	STIM=o
7188818	42	RESP=2
7204411	42	STIM=9
7212910	42	RESP=2
7222182	42	STIM=z
7226315	42	RESP=1
7240625	42	STIM=5
7244043	42	RESP=2
7255763	42	STIM=g
7259882	42	RESP=1
7271392	42	STIM=j
7277439	42	RESP=1
7288759	42	STIM=i
7295567	42	RESP=1
7307472	42	STIM=8
7311976	42	RESP=2
7324855	42	STIM=s
7329457	42	RESP=1
7343223	42	STIM=j
7346908	42	RESP=1
7360981	42	STIM=o
7365361	42	RESP=1
7377316	42	STIM=6
7382971	42	RESP=2
7394838	42	STIM=o
7399043	42	RESP=2
7410139	42	STIM=n
7416073	42	RESP=1
7428515	42	STIM=j
7434744	42	RESP=1
7447028	42	STIM=e
7454451	42	RESP=1
7463758	42	STIM=y
7467456	42	RESP=1
7481262	42	STIM=n
7485712	42	RESP=1
7499016	42	STIM=8
7503097	42	RESP=2
7517991	42	STIM=j
7520851	42	RESP=1
7534212	42	STIM=m
7537228	42	RESP=1
7551844	42	STIM=y
7556853	42	RESP=1
7569690	42	STIM=m
7576804	42	RESP=1
7586980	42	STIM=v
7591969	42	RESP=1
7604347	42	STIM=n
7609565	42	RESP=1
7619581	42	STIM=n
7623727	42	RESP=1
7636008	42	STIM=u
7640088	42	RESP=1
7651103	42	STIM=v
7655601	42	RESP=1
7668514	42	STIM=r
7674548	42	RESP=1
7685667	42	STIM=n
7690787	42	RESP=1
7702510	42	STIM=l
7708412	42	RESP=1
7721067	42	STIM=s
7725897	42	RESP=1
7737669	42	STIM=d
7742032	42	RESP=1
7754404	42	STIM=f
7758388	42	RESP=1
7770155	42	STIM=k
7774606	42	RESP=1
7786265	42	STIM=x
7789887	42	RESP=1
7804199	42	STIM=3
7811298	42	RESP=2
7821068	42	STIM=p
7826263	42	RESP=1
7838151	42	STIM=t
7841273	42	RESP=1
7853991	42	STIM=j
7859852	42	RESP=1
7870027	42	STIM=e
7874814	42	RESP=1
7888446	42	STIM=t
7894105	42	RESP=1
7905813	42	STIM=c
7908954	42	RESP=1
7922368	42	STIM=s
7925884	42	RESP=1
7940018	42	STIM=i
7943511	42	RESP=2
7957185	42	STIM=k
7960143	42	RESP=1
7974898	42	STIM=o
7979761	42	RESP=1
7990248	42	STIM=b
7994356	42	RESP=1
8008463	42	STIM=r
8013707	42	RESP=1
8026324	42	STIM=8
8029861	42	RESP=2
8042417	42	STIM=v
8045642	42	RESP=1
8061399	42	STIM=7
8065775	42	RESP=2
8079342	42	STIM=2
8085415	42	RESP=2
8097270	42	STIM=6
8102911	42	RESP=1
8114896	42	STIM=y
8121103	42	RESP=1
8130220	42	STIM=w
8135133	42	RESP=1
8148098	42	STIM=k
8150590	42	RESP=2
8165329	42	STIM=e
8173415	42	RESP=1
8184242	42	STIM=o
8187089	42	RESP=1
8200700	42	STIM=x
8203526	42	RESP=1
8219406	42	STIM=i
8228247	42	RESP=1
8237790	42	STIM=s
8241874	42	RESP=1
8254702	42	STIM=v
8257654	42	RESP=1
8272465	42	STIM=c
8276422	42	RESP=1
8287915	42	STIM=1
8293864	42	RESP=2
8305024	42	STIM=e
8309846	42	RESP=1
8320342	42	STIM=g
8325181	42	RESP=1
8337066	42	STIM=6
8341314	42	RESP=2
8352320	42	STIM=i
8355329	42	RESP=1
8370654	42	STIM=i
8374208	42	RESP=2
8388770	42	STIM=f
8397266	42	RESP=1
8404242	42	STIM=e
8409151	42	RESP=1
8419300	42	STIM=o
8423679	42	RESP=1
8435433	42	STIM=g
8440190	42	RESP=1
8452016	42	STIM=y
8456034	42	RESP=1
8469156	42	STIM=p
8473481	42	RESP=1
8485569	42	STIM=d
8490992	42	RESP=1
8501837	42	STIM=p
8508397	42	RESP=1
8519711	42	STIM=y
8524124	42	RESP=1
8537193	42	STIM=e
8540166	42	RESP=1
8553396	42	STIM=2
8558151	42	RESP=2
8568916	42	STIM=c
8573017	42	RESP=1
8586951	42	STIM=w
8593090	42	RESP=1
8603986	42	STIM=k
8609763	42	RESP=1
8620337	42	STIM=q
8623144	42	RESP=1
8637239	42	STIM=c
8641396	42	RESP=1
8656150	42	STIM=e
8661132	42	RESP=1
8673189	42	STIM=b
8676734	42	RESP=1
8692092	42	STIM=q
8696237	42	RESP=1
8708878	42	STIM=k
8711315	42	RESP=1
8726148	42	STIM=2
8730566	42	RESP=2
8742351	42	STIM=y
8746782	42	RESP=1
8760352	42	STIM=v
8765595	42	RESP=1
8776150	42	STIM=j
8782106	42	RESP=1
8793292	42	STIM=l
8800826	42	RESP=1
8810189	42	STIM=o
8813984	42	RESP=1
8826240	42	STIM=u
8832707	42	RESP=1
8843768	42	STIM=9
8850485	42	RESP=2
8858768	42	STIM=x
8861747	42	RESP=1
8876647	42	STIM=e
8881373	42	RESP=1
8894638	42	STIM=e
8900259	42	RESP=1
8911944	42	STIM=z
8917473	42	RESP=1
8928403	42	STIM=b
8932241	42	RESP=1
8945633	42	STIM=a
8949940	42	RESP=2
8962908	42	STIM=l
8965932	42	RESP=1
8980485	42	STIM=v
8985022	42	RESP=1
8996426	42	STIM=c
8999794	42	RESP=1
9013859	42	STIM=n
9018523	42	RESP=1
9032092	42	STIM=x
9039792	42	RESP=1
9049234	42	STIM=g
9055042	42	RESP=2
9066973	42	STIM=v
9072413	42	RESP=1
9085488	42	STIM=y
9092367	42	RESP=1
9102735	42	STIM=t
9107195	42	RESP=1
9121546	42	STIM=g
9126341	42	RESP=1
9138672	42	STIM=o
9143622	42	RESP=1
9156831	42	STIM=j
9162209	42	RESP=1
9174568	42	STIM=i
9179671	42	RESP=1
9192580	42	STIM=9
9197107	42	RESP=2
9208951	42	STIM=l
9214192	42	RESP=1
9227431	42	STIM=6
9233219	42	RESP=2
9242782	42	STIM=l
9247742	42	RESP=1
9259245	42	STIM=k
9263414	42	RESP=1
9276630	42	STIM=4
9280633	42	RESP=2
9292438	42	STIM=1
9297975	42	RESP=2
9310397	42	STIM=h
9314910	42	RESP=1
9326005	42	STIM=w
9331198	42	RESP=1
9344417	42	STIM=v
9348690	42	RESP=2
9363173	42	STIM=x
9368716	42	RESP=1
9380520	42	STIM=n
9384947	42	RESP=1
9399185	42	STIM=r
9403817	42	RESP=1
9415471	42	STIM=i
9421573	42	RESP=1
9433195	42	STIM=6
9438038	42	RESP=2
9451144	42	STIM=1
9454260	42	RESP=2
9466163	42	STIM=s
9469101	42	RESP=1
9483993	42	STIM=l
9487911	42	RESP=1
9499852	42	STIM=b
9503230	42	RESP=1
9518725	42	STIM=b
9521916	42	RESP=1
9533800	42	STIM=m
9538468	42	RESP=1
9549199	42	STIM=h
9555229	42	RESP=1
9566741	42	STIM=0
9571756	42	RESP=2
9584088	42	STIM=o
9588541	42	RESP=1
9599599	42	STIM=k
9602777	42	RESP=1
9615964	42	STIM=u
9620228	42	RESP=1
9633609	42	STIM=n
9637959	42	RESP=1
9652069	42	STIM=e
9657329	42	RESP=1
9670457	42	STIM=i
9676262	42	RESP=1
9689005	42	STIM=f
9696257	42	RESP=1
9704871	42	STIM=z
9710648	42	RESP=1
9720324	42	STIM=t
9729343	42	RESP=1
9735487	42	STIM=6
9739262	42	RESP=2
9753919	42	STIM=r
9757400	42	RESP=1
9772394	42	STIM=c
9776653	42	RESP=1
9788861	42	STIM=e
9794029	42	RESP=1
9806493	42	STIM=r
9811583	42	RESP=1
9823338	42	STIM=v
9828486	42	RESP=1
9838488	42	STIM=o
9844100	42	RESP=1
9854859	42	STIM=n
9859448	42	RESP=1
9873396	42	STIM=w
9878608	42	RESP=1
9891766	42	STIM=r
9899005	42	RESP=1
9909496	42	STIM=e
9915463	42	RESP=1
9925649	42	STIM=x
9937854	42	RESP=1
9943619	42	STIM=z
9947878	42	RESP=1
9961523	42	STIM=n
9964778	42	RESP=1
9977008	42	STIM=9
9984672	42	RESP=2
9994792	42	STIM=2
10000436	42	RESP=2
10013380	42	STIM=a
10017704	42	RESP=1
10028778	42	STIM=c
10034252	42	RESP=1
10045363	42	STIM=i
10050393	42	RESP=1
10060697	42	STIM=g
10066483	42	RESP=1
10078199	42	STIM=c
10083912	42	RESP=1
10096184	42	STIM=2
10106459	42	RESP=1
10112228	42	STIM=y
10117102	42	RESP=1
10129150	42	STIM=e
10133766	42	RESP=1
10144185	42	STIM=v
10148093	42	RESP=1
10160711	42	STIM=e
10165229	42	RESP=1
10178465	42	STIM=s
10183162	42	RESP=1
10193878	42	STIM=h
10198424	42	RESP=1
10209310	42	STIM=o
10212101	42	RESP=1
10227816	42	STIM=g
10231955	42	RESP=1
10243874	42	STIM=x
10248582	42	RESP=1
10260215	42	STIM=w
10266198	42	RESP=1
10276926	42	STIM=r
10281135	42	RESP=1
10292386	42	STIM=h
10295626	42	RESP=1
10310814	42	STIM=l
10316477	42	RESP=1
10328571	42	STIM=r
10333763	42	RESP=1
10346317	42	STIM=3
10350231	42	RESP=2
10361562	42	STIM=a
10364362	42	RESP=1
10378641	42	STIM=l
10382966	42	RESP=1
10394686	42	STIM=r
10398167	42	RESP=1
10411026	42	STIM=8
10417787	42	RESP=2
10426187	42	STIM=b
10431553	42	RESP=2
10443418	42	STIM=x
10448747	42	RESP=1
10462061	42	STIM=f
10467800	42	RESP=1
10479421	42	STIM=m
10483745	42	RESP=1
10496917	42	STIM=b
10500839	42	RESP=1
10515018	42	STIM=8
10518202	42	RESP=2
10533555	42	STIM=0
10542868	42	RESP=2
10549023	42	STIM=7
10554744	42	RESP=2
10567281	42	STIM=c
10573595	42	RESP=1
10584369	42	STIM=8
10588092	42	RESP=2
10601574	42	STIM=t
10609418	42	RESP=1
10618298	42	STIM=t
10622328	42	RESP=1
10633424	42	STIM=6
10637540	42	RESP=2
10648427	42	STIM=8
10651832	42	RESP=1
10663818	42	STIM=a
10671431	42	RESP=1
10679050	42	STIM=q
10685023	42	RESP=1
10697553	42	STIM=g
10702589	42	RESP=1
10714523	42	STIM=n
10718104	42	RESP=1
10730782	42	STIM=o
10735526	42	RESP=1
10748984	42	STIM=k
10752180	42	RESP=1
10764821	42	STIM=l
10769349	42	RESP=1
10782588	42	STIM=m
10786607	42	RESP=1
10797712	42	STIM=n
10802785	42	RESP=1
10815371	42	STIM=r
10819463	42	RESP=1
10833703	42	STIM=9
10838914	42	RESP=2
10852075	42	STIM=o
10861351	42	RESP=1
10871060	42	STIM=h
10875015	42	RESP=1
10889497	42	STIM=j
10893552	42	RESP=1
10908373	42	STIM=n
10917293	42	RESP=1
10926166	42	STIM=e
10931457	42	RESP=1
10942922	42	STIM=i
10946178	42	RESP=1
10958222	42	STIM=n
10965525	42	RESP=1
10973409	42	STIM=q
10976775	42	RESP=1
10990493	42	STIM=t
10995596	42	RESP=1
11008528	42	STIM=a
11014232	42	RESP=1
11025295	42	STIM=a
11030206	42	RESP=1
11041571	42	STIM=k
11046022	42	RESP=1
11059062	42	STIM=8
11064828	42	RESP=2
11077313	42	STIM=u
11081449	42	RESP=1
11094980	42	STIM=b
11098801	42	RESP=2
11109988	42	STIM=k
11117873	42	RESP=1
11127223	42	STIM=e
11131511	42	RESP=1
11144088	42	STIM=7
11148071	42	RESP=2
11160483	42	STIM=d
11170248	42	RESP=1
11178473	42	STIM=t
11183165	42	RESP=1
11196786	42	STIM=b
11202036	42	RESP=1
11215500	42	STIM=8
11219283	42	RESP=2
11231915	42	STIM=t
11237742	42	RESP=1
11249610	42	STIM=c
11254670	42	RESP=1
11266879	42	STIM=3
11271751	42	RESP=2
11285375	42	STIM=y
11292610	42	RESP=1
11301285	42	STIM=z
11305432	42	RESP=2
11319389	42	STIM=g
11324439	42	RESP=1
11335270	42	STIM=v
11339138	42	RESP=1
11350368	42	STIM=h
11353809	42	RESP=1
11367841	42	STIM=6
11373501	42	RESP=2
11385679	42	STIM=5
11391748	42	RESP=2
11402245	42	STIM=5
11408448	42	RESP=2
11419445	42	STIM=n
11423776	42	RESP=1
11436707	42	STIM=g
11440611	42	RESP=1
11454075	42	STIM=3
11458814	42	RESP=2
11470519	42	STIM=m
11474211	42	RESP=1
11486079	42	STIM=j
11490626	42	RESP=1
11503044	42	STIM=3
11508155	42	RESP=2
11518328	42	STIM=n
11522130	42	RESP=1
11533811	42	STIM=c
11538345	42	RESP=1
11549644	42	STIM=f
11553356	42	RESP=1
11568585	42	STIM=u
11573105	42	RESP=1
11585449	42	STIM=z
11589968	42	RESP=1
11602367	42	STIM=w
11607300	42	RESP=1
11620001	42	STIM=a
11624096	42	RESP=1
11637459	42	STIM=r
11641012	42	RESP=1
11652476	42	STIM=w
11656383	42	RESP=1
11667811	42	STIM=r
11675988	42	RESP=1
11686541	42	STIM=u
11692266	42	RESP=1
11702797	42	STIM=h
11708760	42	RESP=1
11719765	42	STIM=1
11726617	42	RESP=2
11736231	42	STIM=1
11740477	42	RESP=2
11754496	42	STIM=p
11758345	42	RESP=1
11770697	42	STIM=p
11774889	42	RESP=1
11787377	42	STIM=s
11793341	42	RESP=1
11804377	42	STIM=l
11810376	42	RESP=1
11820131	42	STIM=2
11828093	42	RESP=2
11835501	42	STIM=1
11841109	42	RESP=2
11851969	42	STIM=y
11855597	42	RESP=1
11870438	42	STIM=5
11875378	42	RESP=2
11888452	42	STIM=d
11893897	42	RESP=1
11905404	42	STIM=f
11908844	42	RESP=1
11923359	42	STIM=x
11927978	42	RESP=1
11939126	42	STIM=q
11946027	42	RESP=1
11954814	42	STIM=n
11958761	42	RESP=1
11972675	42	STIM=s
11978390	42	RESP=1
11989934	42	STIM=3
11997306	42	RESP=1
12007854	42	STIM=h
12013399	42	RESP=1
12026502	42	STIM=t
12033859	42	RESP=1
12043056	42	STIM=v
12046752	42	RESP=1
12062024	42	STIM=j
12065483	42	RESP=1
12077606	42	STIM=n
12082589	42	RESP=1
12093304	42	STIM=w
12097840	42	RESP=1
12111977	42	STIM=s
12115104	42	RESP=1
12130753	42	STIM=y
12134996	42	RESP=1
12148286	42	STIM=9
12152595	42	RESP=2
12164950	42	STIM=y
12168099	42	RESP=1
12183729	42	STIM=b
12188433	42	RESP=1
12199851	42	STIM=p
12207458	42	RESP=1
12218319	42	STIM=n
12221145	42	RESP=1
12235551	42	STIM=q
12239799	42	RESP=1
12251764	42	STIM=y
12255987	42	RESP=1
12270173	42	STIM=n
12274049	42	RESP=1
12287272	42	STIM=1
12292928	42	RESP=2
12305630	42	STIM=n
12310001	42	RESP=1
12322893	42	STIM=r
12327523	42	RESP=1
12339965	42	STIM=5
12344764	42	RESP=2
12355671	42	STIM=a
12362902	42	RESP=1
12371837	42	STIM=6
12378587	42	RESP=2
12388770	42	STIM=q
12392114	42	RESP=1
12405800	42	STIM=5
12411454	42	RESP=2
12421432	42	STIM=b
12428127	42	RESP=1
12438497	42	STIM=n
12441948	42	RESP=1
12454179	42	STIM=z
12459738	42	RESP=1
12472610	42	STIM=c
12475896	42	RESP=1
12491159	42	STIM=8
12494825	42	RESP=2
12506389	42	STIM=z
12512818	42	RESP=1
12522951	42	STIM=h
12527551	42	RESP=1
12540909	42	STIM=4
12545332	42	RESP=2
12557319	42	STIM=l
12560840	42	RESP=1
12573167	42	STIM=d
12580307	42	RESP=1
12591101	42	STIM=j
12595554	42	RESP=1
12607723	42	STIM=d
12612385	42	RESP=1
12624217	42	STIM=u
12627543	42	RESP=1
12640945	42	STIM=8
12648457	42	RESP=2
12655989	42	STIM=h
12659281	42	RESP=1
12674830	42	STIM=j
12678977	42	RESP=1
12692611	42	STIM=u
12698360	42	RESP=1
12709901	42	STIM=y
12716630	42	RESP=1
12725892	42	STIM=e
12731153	42	RESP=1
12741947	42	STIM=z
12749332	42	RESP=1
12757019	42	STIM=g
12762415	42	RESP=1
12772177	42	STIM=a
12780902	42	RESP=1
12788429	42	STIM=x
12792298	42	RESP=1
12805752	42	STIM=6
12811361	42	RESP=2
12821730	42	STIM=c
12825380	42	RESP=1
12839930	42	STIM=u
12844872	42	RESP=1
12855706	42	STIM=e
12861213	42	RESP=1
12873996	42	STIM=n
12880124	42	RESP=1
12892866	42	STIM=c
12896454	42	RESP=1
12911509	42	STIM=s
12918245	42	RESP=1
12927048	42	STIM=h
12933186	42	RESP=1
12944273	42	STIM=1
12949599	42	RESP=2
12961134	42	STIM=c
12965821	42	RESP=1
12978843	42	STIM=o
12984204	42	RESP=1
12994017	42	STIM=v
12998502	42	RESP=1
13009521	42	STIM=a
13015610	42	RESP=1
13024525	42	STIM=e
13027536	42	RESP=1
13042218	42	STIM=l
13045678	42	RESP=1
13058306	42	STIM=m
13064965	42	RESP=1
13076194	42	STIM=x
13081409	42	RESP=1
13094679	42	STIM=k
13098523	42	RESP=1
13110027	42	STIM=l
13114999	42	RESP=1
13126785	42	STIM=r
13134092	42	RESP=1
13145284	42	STIM=x
13149883	42	RESP=1
13164058	42	STIM=b
13169295	42	RESP=1
13182649	42	STIM=d
13187468	42	RESP=1
13199059	42	STIM=w
13206087	42	RESP=1
13215937	42	STIM=w
13218676	42	RESP=1
13231515	42	STIM=y
13237238	42	RESP=1
13248522	42	STIM=h
13253811	42	RESP=1
13264233	42	STIM=e
13267600	42	RESP=1
13280176	42	STIM=3
13286067	42	RESP=2
13295887	42	STIM=x
13302045	42	RESP=2
13314444	42	STIM=s
13318017	42	RESP=1
13332942	42	STIM=h
13335908	42	RESP=1
13351781	42	STIM=9
13356358	42	RESP=1
13368062	42	STIM=e
13372078	42	RESP=1
13386749	42	STIM=n
13392482	42	RESP=1
13405116	42	STIM=k
13408501	42	RESP=1
13423474	42	STIM=j
13426021	42	RESP=2
13441868	42	STIM=r
13446263	42	RESP=1
13458465	42	STIM=0
13462264	42	RESP=2
13474930	42	STIM=h
13479145	42	RESP=1
13492677	42	STIM=l
13500240	42	RESP=1
13510716	42	STIM=e
13516624	42	RESP=1
13529590	42	STIM=6
13533122	42	RESP=2
13547510	42	STIM=z
13551100	42	RESP=1
13564799	42	STIM=s
13567741	42	RESP=1
13583431	42	STIM=r
13592449	42	RESP=1
13599212	42	STIM=o
13604361	42	RESP=1
13617058	42	STIM=s
13629073	42	RESP=1
13632237	42	STIM=b
13639369	42	RESP=1
13649721	42	STIM=n
13654422	42	RESP=1
13667694	42	STIM=y
13671557	42	RESP=1
13685933	42	STIM=j
13695925	42	RESP=1
13703939	42	STIM=x
13707847	42	RESP=1
13721581	42	STIM=y
13725671	42	RESP=1
13737418	42	STIM=0
13744801	42	RESP=1
13755648	42	STIM=t
13758238	42	RESP=1
13772803	42	STIM=c
13778365	42	RESP=1
13789472	42	STIM=q
13794000	42	RESP=1
13805266	42	STIM=s
13810679	42	RESP=1
13821134	42	STIM=m
13824112	42	RESP=1
13837290	42	STIM=e
13841750	42	RESP=1
13852354	42	STIM=3
13862928	42	RESP=2
13869274	42	STIM=q
13876352	42	RESP=1
13888209	42	STIM=f
13894343	42	RESP=1
13904985	42	STIM=m
13908608	42	RESP=1
13920118	42	STIM=l
13924366	42	RESP=1
13935975	42	STIM=i
13939237	42	RESP=1
13951155	42	STIM=z
13957858	42	RESP=1
13969372	42	STIM=5
13974042	42	RESP=2
13985046	42	STIM=i
13987894	42	RESP=1
14002006	42	STIM=f
14012096	42	RESP=1
14019230	42	STIM=z
14024820	42	RESP=1
14036662	42	STIM=m
14043783	42	RESP=1
14055372	42	STIM=0
14060919	42	RESP=2
14073606	42	STIM=y
14076649	42	RESP=1
14090520	42	STIM=e
14094556	42	RESP=1
14108542	42	STIM=n
14112797	42	RESP=1
14126298	42	STIM=9
14132022	42	RESP=2
14145009	42	STIM=1
14150308	42	RESP=2
14163571	42	STIM=0
14169267	42	RESP=2
14180436	42	STIM=y
14184531	42	RESP=1
14197865	42	STIM=9
14204567	42	RESP=2
14213315	42	STIM=w
14218040	42	RESP=1
14231424	42	STIM=g
14236552	42	RESP=1
14248462	42	STIM=y
14253014	42	RESP=1
14267372	42	STIM=d
14271928	42	RESP=1
14283686	42	STIM=5
14287629	42	RESP=2
14299773	42	STIM=x
14304155	42	RESP=1
14317170	42	STIM=z
14320658	42	RESP=1
14332449	42	STIM=h
14338283	42	RESP=1
14350481	42	STIM=v
14354070	42	RESP=1
14367166	42	STIM=7
14371634	42	RESP=2
14385140	42	STIM=z
14390434	42	RESP=1
14402102	42	STIM=8
14406887	42	RESP=2
14420785	42	STIM=5
14425569	42	RESP=2
14439123	42	STIM=j
14444167	42	RESP=1
14455712	42	STIM=d
14460361	42	RESP=1
14474621	42	STIM=0
14479371	42	RESP=2
14490097	42	STIM=v
14496615	42	RESP=1
14505191	42	STIM=v
14510031	42	RESP=1
14522945	42	STIM=h
14526389	42	RESP=1
14540358	42	STIM=q
14543626	42	RESP=1
14556732	42	STIM=j
14562140	42	RESP=1
14575086	42	STIM=j
14578512	42	RESP=1
14592110	42	STIM=i
14599354	42	RESP=1
14610890	42	STIM=f
14614917	42	RESP=1
14627844	42	STIM=w
14634505	42	RESP=1
14644551	42	STIM=x
14650990	42	RESP=1
14661588	42	STIM=3
14667146	42	RESP=1
14677218	42	STIM=5
14681387	42	RESP=2
14695979	42	STIM=6
14705455	42	RESP=2
14711566	42	STIM=j
14716503	42	RESP=1
14729079	42	STIM=z
14734736	42	RESP=1
14744456	42	STIM=1
14750252	42	RESP=2
14761422	42	STIM=e
14764894	42	RESP=1
14780324	42	STIM=s
14787403	42	RESP=1
14795979	42	STIM=2
14802272	42	RESP=2
14812874	42	STIM=l
14819789	42	RESP=2
14830386	42	STIM=r
14833692	42	RESP=1
14848361	42	STIM=g
14852679	42	RESP=1
14865904	42	STIM=f
14871118	42	RESP=1
14882552	42	STIM=x
14886455	42	RESP=1
14899696	42	STIM=5
14904324	42	RESP=2
14915359	42	STIM=z
14922011	42	RESP=1
14932835	42	STIM=a
14936351	42	RESP=1
14951059	42	STIM=h
14956457	42	RESP=1
14966145	42	STIM=0
14970422	42	RESP=2
14982419	42	STIM=1
14991958	42	RESP=2
15001177	42	STIM=s
15004828	42	RESP=1
15017665	42	STIM=0
15022231	42	RESP=2
15035443	42	STIM=v
15038285	42	RESP=1
15054146	42	STIM=9
15057304	42	RESP=2
15069783	42	STIM=z
15074933	42	RESP=1
15085779	42	STIM=l
15090060	42	RESP=1
15104081	42	STIM=o
15110151	42	RESP=1
15120837	42	STIM=v
15127104	42	RESP=1
15138202	42	STIM=5
15144676	42	RESP=2
15154982	42	STIM=0
15159495	42	RESP=2
15172350	42	STIM=j
15177577	42	RESP=1
15190072	42	STIM=i
15195448	42	RESP=1
15207864	42	STIM=5
15216894	42	RESP=2
15224036	42	STIM=d
15228840	42	RESP=1
15239927	42	STIM=9
15243712	42	RESP=2
15257560	42	STIM=r
15262672	42	RESP=1
15274040	42	STIM=l
15280007	42	RESP=1
15289947	42	STIM=j
15293823	42	RESP=1
15307409	42	STIM=z
15311237	42	RESP=1
15322938	42	STIM=c
15328587	42	RESP=1
15338261	42	STIM=x
15342944	42	RESP=1
15356683	42	STIM=u
15359668	42	RESP=1
15373593	42	STIM=f
15377770	42	RESP=1
15389100	42	STIM=t
15393345	42	RESP=1
15405534	42	STIM=u
15408664	42	RESP=1
15421828	42	STIM=g
15427520	42	RESP=1
15439603	42	STIM=i
15442906	42	RESP=1
15456241	42	STIM=r
15459060	42	RESP=1
15471928	42	STIM=i
15480958	42	RESP=1
15489991	42	STIM=8
15495320	42	RESP=2
15508722	42	STIM=r
15511660	42	RESP=1
15524814	42	STIM=q
15528404	42	RESP=1
15541842	42	STIM=t
15548120	42	RESP=1
15560734	42	STIM=m
15563806	42	RESP=1
15578484	42	STIM=g
15583182	42	RESP=1
15594073	42	STIM=o
15599181	42	RESP=1
15611343	42	STIM=h
15615514	42	RESP=1
15626792	42	STIM=q
15631493	42	RESP=2
15642287	42	STIM=3
15647531	42	RESP=2
15659552	42	STIM=v
15663848	42	RESP=1
15674667	42	STIM=c
15678856	42	RESP=1
15689779	42	STIM=m
15698540	42	RESP=1
15705272	42	STIM=i
15709731	42	RESP=1
15720931	42	STIM=w
15725516	42	RESP=1
15737329	42	STIM=v
15740643	42	RESP=2
15756094	42	STIM=k
15760162	42	RESP=1
15772874	42	STIM=t
15776602	42	RESP=1
15789743	42	STIM=l
15794728	42	RESP=1
15808652	42	STIM=y
15813608	42	RESP=1
15824722	42	STIM=x
15830100	42	RESP=1
15841523	42	STIM=z
15850774	42	RESP=1
15858533	42	STIM=8
15863925	42	RESP=2
15875602	42	STIM=l
15882413	42	RESP=1
15891566	42	STIM=g
15896372	42	RESP=1
15910414	42	STIM=h
15915144	42	RESP=1
15928484	42	STIM=i
15932071	42	RESP=1
15946669	42	STIM=z
15952786	42	RESP=1
15962728	42	STIM=w
15966938	42	RESP=1
15981159	42	STIM=m
15985606	42	RESP=1
15997926	42	STIM=3
16002214	42	RESP=2
16016658	42	STIM=e
16020555	42	RESP=1
16033684	42	STIM=j
16039529	42	RESP=1
16049500	42	STIM=r
16056662	42	RESP=1
16068189	42	STIM=n
16072150	42	RESP=1
16083855	42	STIM=i
16089851	42	RESP=1
16102620	42	STIM=h
16109300	42	RESP=1
16118617	42	STIM=c
16122432	42	RESP=1
16136943	42	STIM=k
16141412	42	RESP=1
16153917	42	STIM=i
16161172	42	RESP=2
16172168	42	STIM=k
16175292	42	RESP=1
16189133	42	STIM=2
16195299	42	RESP=2
16207625	42	STIM=w
16214709	42	RESP=1
16224813	42	STIM=x
16232637	42	RESP=1
16240326	42	STIM=5
16245231	42	RESP=2
16258917	42	STIM=m
16264766	42	RESP=1
16274991	42	STIM=1
16281227	42	RESP=2
16291323	42	STIM=m
16296831	42	RESP=1
16309876	42	STIM=o
16314561	42	RESP=1
16326278	42	STIM=6
16330380	42	RESP=2
16342370	42	STIM=2
16348285	42	RESP=2
16360043	42	STIM=s
16367256	42	RESP=1
16376873	42	STIM=0
16385106	42	RESP=2
16395387	42	STIM=v
16398809	42	RESP=1
16413702	42	STIM=k
16416622	42	RESP=1
16431256	42	STIM=2
16437438	42	RESP=2
16447431	42	STIM=k
16451621	42	RESP=1
16464832	42	STIM=b
16472033	42	RESP=1
16479858	42	STIM=4
16484772	42	RESP=2
16496429	42	STIM=z
16500842	42	RESP=1
16515326	42	STIM=t
16519265	42	RESP=1
16533383	42	STIM=a
16536006	42	RESP=2
16550859	42	STIM=q
16557441	42	RESP=1
16567283	42	STIM=5
16570482	42	RESP=2
16583131	42	STIM=h
16589970	42	RESP=1
16600027	42	STIM=z
16604046	42	RESP=1
16615330	42	STIM=d
16621261	42	RESP=1
16633203	42	STIM=r
16639205	42	RESP=1
16651783	42	STIM=x
16655319	42	RESP=1
16669963	42	STIM=k
16675669	42	RESP=1
16686381	42	STIM=v
16692357	42	RESP=1
16704174	42	STIM=6
16709143	42	RESP=2
16719649	42	STIM=e
16724413	42	RESP=1
16737012	42	STIM=q
16745115	42	RESP=1
16753516	42	STIM=0
16758693	42	RESP=2
16769641	42	STIM=7
16773517	42	RESP=2
16787947	42	STIM=y
16791555	42	RESP=1
16804215	42	STIM=8
16812001	42	RESP=2
16819235	42	STIM=0
16822709	42	RESP=1
16837053	42	STIM=y
16841568	42	RESP=1
16853814	42	STIM=t
16864598	42	RESP=1
16871260	42	STIM=p
16877442	42	RESP=1
16887147	42	STIM=p
16891717	42	RESP=1
16905735	42	STIM=d
16910145	42	RESP=1
16922519	42	STIM=h
16925330	42	RESP=1
16939556	42	STIM=6
16946279	42	RESP=2
16956558	42	STIM=i
16961848	42	RESP=1
16975133	42	STIM=n
16978709	42	RESP=1
16994117	42	STIM=l
16996931	42	RESP=1
17010230	42	STIM=1
17014984	42	RESP=2
17026677	42	STIM=k
17030720	42	RESP=1
17043315	42	STIM=1
17047758	42	RESP=2
17060686	42	STIM=0
17069865	42	RESP=2
17078947	42	STIM=k
17082474	42	RESP=1
17094546	42	STIM=8
17101119	42	RESP=2
17111278	42	STIM=o
17115499	42	RESP=1
17127242	42	STIM=8
17132576	42	RESP=2
17144293	42	STIM=x
17147342	42	RESP=1
17162046	42	STIM=d
17166640	42	RESP=1
17177752	42	STIM=h
17181485	42	RESP=1
17192901	42	STIM=j
17196723	42	RESP=1
17211698	42	STIM=z
17215999	42	RESP=1
17227634	42	STIM=x
17235491	42	RESP=1
17244901	42	STIM=c
17249599	42	RESP=1
17261252	42	STIM=d
17265451	42	RESP=1
17277108	42	STIM=5
17282822	42	RESP=2
17293296	42	STIM=k
17297804	42	RESP=1
17311589	42	STIM=x
17316982	42	RESP=1
17328410	42	STIM=e
17334151	42	RESP=1
17344583	42	STIM=4
17349934	42	RESP=2
17360887	42	STIM=b
17363744	42	RESP=1
17377682	42	STIM=0
17383073	42	RESP=2
17396589	42	STIM=x
17400938	42	RESP=1
17414945	42	STIM=s
17418253	42	RESP=1
17432861	42	STIM=k
17437042	42	RESP=1
17448141	42	STIM=a
17452287	42	RESP=1
17465820	42	STIM=n
17469810	42	RESP=1
17482232	42	STIM=w
17486896	42	RESP=1
17497612	42	STIM=j
17500375	42	RESP=1
17516566	42	STIM=7
17520605	42	RESP=2
17535035	42	STIM=w
17540815	42	RESP=1
17550804	42	STIM=i
17554860	42	RESP=1
17569070	42	STIM=m
17574146	42	RESP=1
17584451	42	STIM=k
17590715	42	RESP=1
17601729	42	STIM=n
17606307	42	RESP=1
17617869	42	STIM=e
17621574	42	RESP=1
17634041	42	STIM=t
17639461	42	RESP=1
17651512	42	STIM=w
17656186	42	RESP=1
17667660	42	STIM=5
17675317	42	RESP=2
17683827	42	STIM=c
17691652	42	RESP=1
17701230	42	STIM=z
17706536	42	RESP=1
17717126	42	STIM=t
17721771	42	RESP=2
17735736	42	STIM=k
17740604	42	RESP=1
17751537	42	STIM=o
17755377	42	RESP=1
17770169	42	STIM=c
17776506	42	RESP=1
17786073	42	STIM=y
17789344	42	RESP=1
17801264	42	STIM=s
17805158	42	RESP=1
17819771	42	STIM=y
17823605	42	RESP=1
17835412	42	STIM=b
17839003	42	RESP=2
17853014	42	STIM=b
17856166	42	RESP=1
17868305	42	STIM=j
17873336	42	RESP=1
17883750	42	STIM=q
17887825	42	RESP=1
17902230	42	STIM=k
17908268	42	RESP=1
17921010	42	STIM=7
17927981	42	RESP=2
17938951	42	STIM=c
17942122	42	RESP=1
17956628	42	STIM=x
17961522	42	RESP=1
17972566	42	STIM=m
17976128	42	RESP=1
17988833	42	STIM=h
17992848	42	RESP=1
18004796	42	STIM=c
18011868	42	RESP=1
18021624	42	STIM=b
18031278	42	RESP=1
18037451	42	STIM=i
18041051	42	RESP=1
18052518	42	STIM=4
18057228	42	RESP=2
18071139	42	STIM=n
18075503	42	RESP=1
18086952	42	STIM=j
18092439	42	RESP=1
18104625	42	STIM=a
18107166	42	RESP=2
18122940	42	STIM=c
18126600	42	RESP=1
18140981	42	STIM=d
18144932	42	RESP=1
18158803	42	STIM=2
18164961	42	RESP=2
18174441	42	STIM=2
18179045	42	RESP=2
18191301	42	STIM=9
18196833	42	RESP=2
18207463	42	STIM=x
18213637	42	RESP=1
18225414	42	STIM=t
18231084	42	RESP=1
18242596	42	STIM=z
18246025	42	RESP=1
18257750	42	STIM=l
18263038	42	RESP=1
18273164	42	STIM=e
18276235	42	RESP=1
18289491	42	STIM=p
18291934	42	RESP=1
18306728	42	STIM=x
18310643	42	RESP=1
18321957	42	STIM=w
18325756	42	RESP=1
18337235	42	STIM=o
18342011	42	RESP=2
18355570	42	STIM=1
18359895	42	RESP=2
18372281	42	STIM=2
18377790	42	RESP=2
18389186	42	STIM=s
18395516	42	RESP=1
18406220	42	STIM=c
18411926	42	RESP=1
18421934	42	STIM=0
18426796	42	RESP=2
18439532	42	STIM=f
18445026	42	RESP=1
18454910	42	STIM=g
18460007	42	RESP=1
18470358	42	STIM=i
18475353	42	RESP=1
18487698	42	STIM=j
18490327	42	RESP=1
18504614	42	STIM=w
18509371	42	RESP=1
18520493	42	STIM=e
18525813	42	RESP=1
18536282	42	STIM=0
18541787	42	RESP=2
18554363	42	STIM=y
18558152	42	RESP=1
18571371	42	STIM=1
18575994	42	RESP=1
18587594	42	STIM=b
18591333	42	RESP=1
18603333	42	STIM=z
18607494	42	RESP=1
18618436	42	STIM=r
18623742	42	RESP=1
18633832	42	STIM=u
18638115	42	RESP=1
18649237	42	STIM=9
18653139	42	RESP=2
18667530	42	STIM=w
18673732	42	RESP=1
18684646	42	STIM=v
18687892	42	RESP=1
18701667	42	STIM=w
18707697	42	RESP=1
18718254	42	STIM=p
18721794	42	RESP=1
18736815	42	STIM=n
18741326	42	RESP=1
18755294	42	STIM=3
18759439	42	RESP=2
18770719	42	STIM=f
18775871	42	RESP=1
18786202	42	STIM=c
18791471	42	RESP=1
18801309	42	STIM=l
18810578	42	RESP=1
18819020	42	STIM=i
18821929	42	RESP=1
18836879	42	STIM=f
18841747	42	RESP=1
18853853	42	STIM=a
18858109	42	RESP=1
18870400	42	STIM=t
18874378	42	RESP=1
18888636	42	STIM=m
18893550	42	RESP=1
18906094	42	STIM=x
18909707	42	RESP=1
18922055	42	STIM=v
18927162	42	RESP=1
18939763	42	STIM=3
18947895	42	RESP=2
18955547	42	STIM=g
18961733	42	RESP=1
18972563	42	STIM=i
18978797	42	RESP=1
18990485	42	STIM=e
18994517	42	RESP=1
19006496	42	STIM=x
19013769	42	RESP=1
19025281	42	STIM=f
19028713	42	RESP=1
19042416	42	STIM=s
19046611	42	RESP=1
19058272	42	STIM=v
19061766	42	RESP=1
19075680	42	STIM=c
19079413	42	RESP=1
19092731	42	STIM=t
19096379	42	RESP=1
19111064	42	STIM=d
19116220	42	RESP=1
19127958	42	STIM=4
19131417	42	RESP=2
19143857	42	STIM=2
19148859	42	RESP=2
19159854	42	STIM=q
19167945	42	RESP=1
19176894	42	STIM=q
19181556	42	RESP=1
19192492	42	STIM=f
19198376	42	RESP=1
19210018	42	STIM=u
19215448	42	RESP=1
19226588	42	STIM=1
19231100	42	RESP=2
19245215	42	STIM=r
19248361	42	RESP=1
19260910	42	STIM=g
19264029	42	RESP=1
19277945	42	STIM=g
19281567	42	RESP=1
19294398	42	STIM=e
19299992	42	RESP=2
19309938	42	STIM=r
19312675	42	RESP=1
19326719	42	STIM=2
19338425	42	RESP=1
19342208	42	STIM=q
19346892	42	RESP=1
19357516	42	STIM=r
19362230	42	RESP=1
19375548	42	STIM=5
19380021	42	RESP=2
19394469	42	STIM=e
19397929	42	RESP=1
19409730	42	STIM=3
19417802	42	RESP=2
19428366	42	STIM=i
19432817	42	RESP=1
19443543	42	STIM=3
19449311	42	RESP=2
19461768	42	STIM=w
19467915	42	RESP=1
19479433	42	STIM=l
19483275	42	RESP=1
19496057	42	STIM=u
19501194	42	RESP=1
19513822	42	STIM=b
19519376	42	RESP=1
19531077	42	STIM=z
19533961	42	RESP=1
19547499	42	STIM=4
19553547	42	RESP=2
19565178	42	STIM=p
19569189	42	RESP=1
19581021	42	STIM=w
19588686	42	RESP=1
19596873	42	STIM=2
19601499	42	RESP=2
19615645	42	STIM=y
19619844	42	RESP=1
19634040	42	STIM=k
19638579	42	RESP=1
19652552	42	STIM=6
19659048	42	RESP=2
19667765	42	STIM=y
19673983	42	RESP=1
19686606	42	STIM=o
19690455	42	RESP=1
19705365	42	STIM=4
19712194	42	RESP=2
19722622	42	STIM=x
19728201	42	RESP=1
19738384	42	STIM=e
19745403	42	RESP=1
19754212	42	STIM=y
19759313	42	RESP=1
19773086	42	STIM=c
19776225	42	RESP=1
19791461	42	STIM=a
19793953	42	RESP=1
19809884	42	STIM=n
19814610	42	RESP=1
19827752	42	STIM=h
19832732	42	RESP=1
19844372	42	STIM=a
19848331	42	RESP=2
19862587	42	STIM=s
19867424	42	RESP=1
19878190	42	STIM=i
19881896	42	RESP=1
19896799	42	STIM=k
19901782	42	RESP=1
19915280	42	STIM=7
19921875	42	RESP=2
19934203	42	STIM=v
19938998	42	RESP=1
19953041	42	STIM=o
19957310	42	RESP=1
19969188	42	STIM=n
19973445	42	RESP=1
19988126	42	STIM=8
19991886	42	RESP=2
20003916	42	STIM=r
20008439	42	RESP=1
20019188	42	STIM=h
20023528	42	RESP=1
20037639	42	STIM=x
20043228	42	RESP=1
20055409	42	STIM=n
20060220	42	RESP=1
20070750	42	STIM=0
20076330	42	RESP=2
20086202	42	STIM=5
20089639	42	RESP=2
20103674	42	STIM=8
20107671	42	RESP=2
20119707	42	STIM=m
20124052	42	RESP=1
20136685	42	STIM=l
20142324	42	RESP=1
20154028	42	STIM=f
20157189	42	RESP=1
20172052	42	STIM=x
20178392	42	RESP=1
20190790	42	STIM=v
20198044	42	RESP=1
20208088	42	STIM=9
20215287	42	RESP=1
20225757	42	STIM=o
20229068	42	RESP=1
20244376	42	STIM=q
20249484	42	RESP=1
20261397	42	STIM=2
20269015	42	RESP=1
20279465	42	STIM=0
20286569	42	RESP=2
20298062	42	STIM=e
20303244	42	RESP=1
20315745	42	STIM=4
20322138	42	RESP=1
20334669	42	STIM=7
20341326	42	RESP=2
20350422	42	STIM=x
20353476	42	RESP=1
20368557	42	STIM=8
20376036	42	RESP=2
20386216	42	STIM=b
20393787	42	RESP=1
20401553	42	STIM=8
20409671	42	RESP=2
20420375	42	STIM=c
20425462	42	RESP=1
20435408	42	STIM=s
20438521	42	RESP=1
20452217	42	STIM=x
20459999	42	RESP=1
20471116	42	STIM=z
20479557	42	RESP=1
20487293	42	STIM=b
20491788	42	RESP=2
20503034	42	STIM=a
20508031	42	RESP=1
20521690	42	STIM=b
20526416	42	RESP=1
20536716	42	STIM=q
20542415	42	RESP=1
20553953	42	STIM=s
20557649	42	RESP=1
20572170	42	STIM=i
20575546	42	RESP=1
20588708	42	STIM=r
20593506	42	RESP=1
20604973	42	STIM=h
20608856	42	RESP=1
20622545	42	STIM=b
20627107	42	RESP=1
20641121	42	STIM=y
20644328	42	RESP=1
20659697	42	STIM=c
20665998	42	RESP=1
20678170	42	STIM=l
20685194	42	RESP=1
20695774	42	STIM=7
20700977	42	RESP=2
20712575	42	STIM=6
20716124	42	RESP=2
20731016	42	STIM=0
20735818	42	RESP=2
20747677	42	STIM=b
20753268	42	RESP=1
20763087	42	STIM=p
20768084	42	RESP=1
20781680	42	STIM=r
20784958	42	RESP=1
20798730	42	STIM=v
20802448	42	RESP=2
20814584	42	STIM=1
20819752	42	RESP=1
20830190	42	STIM=t
20836878	42	RESP=1
20846104	42	STIM=d
20850877	42	RESP=1
20864503	42	STIM=6
20872221	42	RESP=2
20879503	42	STIM=l
20884092	42	RESP=1
20894786	42	STIM=v
20898668	42	RESP=1
20912419	42	STIM=5
20920352	42	RESP=2
20930748	42	STIM=w
20934895	42	RESP=1
20947954	42	STIM=w
20952339	42	RESP=1
20963255	42	STIM=r
20968160	42	RESP=1
20981250	42	STIM=a
20985361	42	RESP=1
20999838	42	STIM=0
21006452	42	RESP=2
21015971	42	STIM=r
21021175	42	RESP=1
21034508	42	STIM=f
21038885	42	RESP=1
21050984	42	STIM=o
21055135	42	RESP=1
21068661	42	STIM=u
21072575	42	RESP=1
21086813	42	STIM=b
21095361	42	RESP=1
21105271	42	STIM=y
21110179	42	RESP=1
21121197	42	STIM=4
21126849	42	RESP=2
21136926	42	STIM=b
21141839	42	RESP=1
21154560	42	STIM=h
21159054	42	RESP=1
21173293	42	STIM=3
21179184	42	RESP=2
21189961	42	STIM=j
21196620	42	RESP=1
21208028	42	STIM=e
21211875	42	RESP=1
21224015	42	STIM=1
21229093	42	RESP=2
21241014	42	STIM=u
21244816	42	RESP=1
21256357	42	STIM=w
21262036	42	RESP=1
21271423	42	STIM=v
21276883	42	RESP=1
21288960	42	STIM=s
21297037	42	RESP=1
21303974	42	STIM=t
21311046	42	RESP=1
21319178	42	STIM=m
21324691	42	RESP=1
21337025	42	STIM=l
21340887	42	RESP=1
21355350	42	STIM=z
21358559	42	RESP=1
21370874	42	STIM=a
21374393	42	RESP=1
21389042	42	STIM=u
21392972	42	RESP=1
21406097	42	STIM=c
21409666	42	RESP=1
21423264	42	STIM=c
21428602	42	RESP=1
21438365	42	STIM=c
21442731	42	RESP=1
21454025	42	STIM=w
21459100	42	RESP=1
21470052	42	STIM=y
21475474	42	RESP=1
21486572	42	STIM=w
21490360	42	RESP=1
21504643	42	STIM=2
21510322	42	RESP=2
21520494	42	STIM=n
21524784	42	RESP=1
21539103	42	STIM=g
21544454	42	RESP=1
21554996	42	STIM=h
21560986	42	RESP=2
21572801	42	STIM=r
21577312	42	RESP=1
21590235	42	STIM=p
21598240	42	RESP=1
21606051	42	STIM=g
21610589	42	RESP=1
21624819	42	STIM=r
21629284	42	RESP=1
21639999	42	STIM=j
21647199	42	RESP=1
21657924	42	STIM=s
21661995	42	RESP=1
21675461	42	STIM=d
21683306	42	RESP=1
21691100	42	STIM=a
21696422	42	RESP=1
21708351	42	STIM=3
21714615	42	RESP=2
21724989	42	STIM=e
21730015	42	RESP=1
21741561	42	STIM=h
21750669	42	RESP=1
