# Original filename: 0038_WOT_2017-04-29.log
# Time unit: 100 us
# RARECAT=digit
#
# Time	HHGG	Event
37207	42	STIM=o
41055	42	RESP=1
53835	42	STIM=p
60509	42	RESP=1
68986	42	STIM=5
75531	42	RESP=2
85236	42	STIM=v
97176	42	RESP=1
103544	42	STIM=1
111832	42	RESP=2
119116	42	STIM=q
124616	42	RESP=2
137217	42	STIM=3
150203	42	RESP=2
153935	42	STIM=y
161251	42	RESP=1
170432	42	STIM=j
173460	42	RESP=1
187457	42	STIM=u
195004	42	RESP=1
202610	42	STIM=9
212294	42	RESP=2
219273	42	STIM=4
223970	42	RESP=2
235107	42	STIM=2
238545	42	RESP=2
253167	42	STIM=o
258549	42	RESP=1
271607	42	STIM=i
275613	42	RESP=1
287657	42	STIM=g
291456	42	RESP=1
302743	42	STIM=n
306018	42	RESP=1
320285	42	STIM=s
327934	42	RESP=1
338942	42	STIM=3
346317	42	RESP=2
354691	42	STIM=h
365221	42	RESP=1
370363	42	STIM=9
376654	42	RESP=2
387331	42	STIM=i
393990	42	RESP=1
404615	42	STIM=q
410825	42	RESP=2
423195	42	STIM=9
429762	42	RESP=1
442166	42	STIM=p
447996	42	RESP=1
459792	42	STIM=j
471472	42	RESP=1
476469	42	STIM=6
485894	42	RESP=2
493294	42	STIM=b
498419	42	RESP=1
510182	42	STIM=b
515590	42	RESP=1
526697	42	STIM=a
531643	42	RESP=1
543906	42	STIM=l
549080	42	RESP=1
561889	42	STIM=8
566782	42	RESP=1
579215	42	STIM=r
586095	42	RESP=1
596921	42	STIM=u
603182	42	RESP=1
615242	42	STIM=x
619088	42	RESP=1
630786	42	STIM=t
638145	42	RESP=1
646144	42	STIM=j
651314	42	RESP=1
663854	42	STIM=r
668754	42	RESP=1
679981	42	STIM=f
682436	42	RESP=1
695298	42	STIM=0
701808	42	RESP=2
712841	42	STIM=k
719651	42	RESP=1
730288	42	STIM=o
736087	42	RESP=1
746683	42	STIM=j
751130	42	RESP=1
764309	42	STIM=9
768212	42	RESP=1
782336	42	STIM=a
789128	42	RESP=1
800814	42	STIM=f
806529	42	RESP=1
818652	42	STIM=k
823811	42	RESP=1
837105	42	STIM=h
842767	42	RESP=1
855960	42	STIM=k
860482	42	RESP=1
871770	42	STIM=0
879883	42	RESP=2
887733	42	STIM=9
897242	42	RESP=1
904798	42	STIM=o
912196	42	RESP=1
920149	42	STIM=u
925044	42	RESP=1
937648	42	STIM=b
942044	42	RESP=1
955703	42	STIM=s
961867	42	RESP=1
971998	42	STIM=z
974606	42	RESP=2
988107	42	STIM=c
991830	42	RESP=1
1004902	42	STIM=m
1012169	42	RESP=1
1021170	42	STIM=j
1025805	42	RESP=1
1037431	42	STIM=h
1043149	42	RESP=1
1052562	42	STIM=x
1058723	42	RESP=1
1070736	42	STIM=n
1075596	42	RESP=1
1086385	42	STIM=f
1091863	42	RESP=1
1104487	42	STIM=4
1114190	42	RESP=1
1119897	42	STIM=a
1125249	42	RESP=1
1135003	42	STIM=d
1142799	42	RESP=1
1153460	42	STIM=o
1158272	42	RESP=2
1170827	42	STIM=r
1176444	42	RESP=1
1189300	42	STIM=4
1193949	42	RESP=2
1206799	42	STIM=t
1212957	42	RESP=1
1221864	42	STIM=m
1227877	42	RESP=1
1240815	42	STIM=y
1243884	42	RESP=1
1257018	42	STIM=e
1263636	42	RESP=1
1272239	42	STIM=i
1278602	42	RESP=1
1288786	42	STIM=9
1293453	42	RESP=2
1305162	42	STIM=m
1311763	42	RESP=1
1323128	42	STIM=r
1327571	42	RESP=1
1341302	42	STIM=4
1347647	42	RESP=2
1357181	42	STIM=9
1363160	42	RESP=2
1372345	42	STIM=w
1380441	42	RESP=1
1388502	42	STIM=f
1394644	42	RESP=1
1406064	42	STIM=b
1410892	42	RESP=1
1422226	42	STIM=7
1429337	42	RESP=1
1439066	42	STIM=o
1448227	42	RESP=1
1454345	42	STIM=k
1458362	42	RESP=1
1472434	42	STIM=p
1475352	42	RESP=1
1489826	42	STIM=j
1494558	42	RESP=1
1507757	42	STIM=o
1517287	42	RESP=1
1522928	42	STIM=k
1528530	42	RESP=1
1539572	42	STIM=a
1544305	42	RESP=1
1556625	42	STIM=4
1563598	42	RESP=2
1572275	42	STIM=u
1576504	42	RESP=1
1588821	42	STIM=z
1591883	42	RESP=1
1603973	42	STIM=a
1611607	42	RESP=1
1619325	42	STIM=t
1626729	42	RESP=1
1637469	42	STIM=8
1644209	42	RESP=2
1654573	42	STIM=e
1663509	42	RESP=1
1672245	42	STIM=i
1677394	42	RESP=1
1688299	42	STIM=i
1693917	42	RESP=1
1706490	42	STIM=n
1711799	42	RESP=1
1724578	42	STIM=j
1730542	42	RESP=1
1740315	42	STIM=2
1747831	42	RESP=2
1755353	42	STIM=y
1759584	42	RESP=1
1772772	42	STIM=o
1776530	42	RESP=1
1789220	42	STIM=0
1798046	42	RESP=2
1804711	42	STIM=o
1808153	42	RESP=1
1821683	42	STIM=e
1827523	42	RESP=1
1837075	42	STIM=a
1842329	42	RESP=1
1852896	42	STIM=q
1858039	42	RESP=1
1870993	42	STIM=0
1881449	42	RESP=2
1887582	42	STIM=v
1892416	42	RESP=1
1904545	42	STIM=f
1910499	42	RESP=1
1919695	42	STIM=2
1933594	42	RESP=1
1935252	42	STIM=c
1938321	42	RESP=1
1951162	42	STIM=q
1956307	42	RESP=1
1967195	42	STIM=d
1970968	42	RESP=1
1984952	42	STIM=0
1990759	42	RESP=2
2003449	42	STIM=i
2010064	42	RESP=1
2019205	42	STIM=b
2024274	42	RESP=1
2035437	42	STIM=9
2042624	42	RESP=2
2051697	42	STIM=f
2056350	42	RESP=1
2068547	42	STIM=u
2076320	42	RESP=1
2086655	42	STIM=a
2091778	42	RESP=1
2102810	42	STIM=k
2107781	42	RESP=1
2119843	42	STIM=a
2124243	42	RESP=1
2135468	42	STIM=1
2145682	42	RESP=1
2153399	42	STIM=d
2161442	42	RESP=1
2170005	42	STIM=z
2174871	42	RESP=1
2186270	42	STIM=2
2190266	42	RESP=2
2202451	42	STIM=3
2208834	42	RESP=2
2217640	42	STIM=v
2221894	42	RESP=1
2234282	42	STIM=o
2239023	42	RESP=1
2250742	42	STIM=n
2257696	42	RESP=1
2268302	42	STIM=m
2274561	42	RESP=1
2287250	42	STIM=k
2292114	42	RESP=1
2304483	42	STIM=6
2309525	42	RESP=2
2321641	42	STIM=i
2325741	42	RESP=1
2338521	42	STIM=2
2344799	42	RESP=2
2354031	42	STIM=x
2358592	42	RESP=1
2370511	42	STIM=o
2374349	42	RESP=1
2387431	42	STIM=6
2393923	42	RESP=2
2405983	42	STIM=z
2411174	42	RESP=1
2424273	42	STIM=1
2432291	42	RESP=2
2441181	42	STIM=4
2449096	42	RESP=1
2458172	42	STIM=e
2464850	42	RESP=1
2473609	42	STIM=g
2480612	42	RESP=1
2492339	42	STIM=a
2499153	42	RESP=1
2509316	42	STIM=a
2514361	42	RESP=1
2527144	42	STIM=n
2536195	42	RESP=2
2544473	42	STIM=m
2549299	42	RESP=1
2561647	42	STIM=t
2569228	42	RESP=1
2579154	42	STIM=b
2584054	42	RESP=1
2596177	42	STIM=s
2605069	42	RESP=1
2614687	42	STIM=n
2619152	42	RESP=1
2630104	42	STIM=d
2635995	42	RESP=1
2645639	42	STIM=i
2649165	42	RESP=2
2662396	42	STIM=x
2667048	42	RESP=1
2679980	42	STIM=h
2684069	42	RESP=1
2695618	42	STIM=1
2700092	42	RESP=2
2714493	42	STIM=r
2717693	42	RESP=1
2729738	42	STIM=8
2736293	42	RESP=2
2745274	42	STIM=c
2752031	42	RESP=1
2762557	42	STIM=g
2768019	42	RESP=1
2780707	42	STIM=f
2783795	42	RESP=1
2798778	42	STIM=y
2805417	42	RESP=1
2817120	42	STIM=4
2822188	42	RESP=2
2833226	42	STIM=u
2841314	42	RESP=2
2850925	42	STIM=l
2856109	42	RESP=1
2866708	42	STIM=f
2870967	42	RESP=1
2883296	42	STIM=b
2887724	42	RESP=1
2899130	42	STIM=b
2911218	42	RESP=1
2915142	42	STIM=w
2922747	42	RESP=1
2932031	42	STIM=9
2937751	42	RESP=2
2950951	42	STIM=k
2957210	42	RESP=1
2967441	42	STIM=f
2972383	42	RESP=1
2984547	42	STIM=o
2989993	42	RESP=2
3001616	42	STIM=p
3012323	42	RESP=1
3020595	42	STIM=n
3026590	42	RESP=1
3039245	42	STIM=n
3043692	42	RESP=1
3057525	42	STIM=s
3063458	42	RESP=1
3076338	42	STIM=o
3079705	42	RESP=1
3093853	42	STIM=6
3100401	42	RESP=2
3109883	42	STIM=k
3113850	42	RESP=1
3126410	42	STIM=k
3132479	42	RESP=1
3144190	42	STIM=t
3148449	42	RESP=1
3161773	42	STIM=k
3166296	42	RESP=1
3178987	42	STIM=x
3186423	42	RESP=1
3195229	42	STIM=7
3201570	42	RESP=2
3213167	42	STIM=c
3222794	42	RESP=1
3231936	42	STIM=n
3236507	42	RESP=1
3247722	42	STIM=d
3252848	42	RESP=1
3265211	42	STIM=y
3275368	42	RESP=1
3280679	42	STIM=w
3287139	42	RESP=1
3296575	42	STIM=r
3306394	42	RESP=1
3313464	42	STIM=g
3321189	42	RESP=2
3329536	42	STIM=m
3337845	42	RESP=1
3346888	42	STIM=4
3353589	42	RESP=2
3362783	42	STIM=9
3373495	42	RESP=2
3380499	42	STIM=z
3388961	42	RESP=1
3395984	42	STIM=w
3401982	42	RESP=1
3411070	42	STIM=5
3415771	42	RESP=2
3429459	42	STIM=g
3435430	42	RESP=1
3445105	42	STIM=2
3449665	42	RESP=2
3460611	42	STIM=q
3467587	42	RESP=1
3476322	42	STIM=l
3484166	42	RESP=1
3492830	42	STIM=n
3496872	42	RESP=1
3508567	42	STIM=m
3515598	42	RESP=1
3524873	42	STIM=l
3533681	42	RESP=1
3543806	42	STIM=l
3547898	42	RESP=1
3561139	42	STIM=v
3565841	42	RESP=1
3578930	42	STIM=n
3581883	42	RESP=1
3595682	42	STIM=l
3600442	42	RESP=1
3613713	42	STIM=u
3623846	42	RESP=1
3629999	42	STIM=5
3633925	42	RESP=2
3647949	42	STIM=o
3653012	42	RESP=1
3665132	42	STIM=g
3668255	42	RESP=1
3683722	42	STIM=3
3689186	42	RESP=1
3702023	42	STIM=i
3708039	42	RESP=1
3721004	42	STIM=s
3727862	42	RESP=1
3738845	42	STIM=q
3744048	42	RESP=1
3757502	42	STIM=g
3763310	42	RESP=1
3772968	42	STIM=a
3776509	42	RESP=1
3791003	42	STIM=w
3794958	42	RESP=1
3809898	42	STIM=z
3815905	42	RESP=1
3828145	42	STIM=7
3833298	42	RESP=1
3845541	42	STIM=z
3848991	42	RESP=2
3863921	42	STIM=l
3867243	42	RESP=1
3879594	42	STIM=t
3883133	42	RESP=2
3895305	42	STIM=4
3903422	42	RESP=2
3914135	42	STIM=f
3934197	42	RESP=1
3934297	42	STIM=h
3938317	42	RESP=1
3951159	42	STIM=n
3954864	42	RESP=1
3969114	42	STIM=i
3973875	42	RESP=1
3985550	42	STIM=k
3997464	42	RESP=1
4001640	42	STIM=6
4006301	42	RESP=2
4017585	42	STIM=o
4021956	42	RESP=1
4032804	42	STIM=z
4037079	42	RESP=1
4048377	42	STIM=o
4055443	42	RESP=1
4063587	42	STIM=w
4067254	42	RESP=1
4081687	42	STIM=o
4088029	42	RESP=1
4098294	42	STIM=z
4104078	42	RESP=1
4115493	42	STIM=x
4118847	42	RESP=1
4132697	42	STIM=j
4136677	42	RESP=1
4151693	42	STIM=0
4158522	42	RESP=2
4167292	42	STIM=x
4174582	42	RESP=1
4185608	42	STIM=l
4190169	42	RESP=1
4202520	42	STIM=8
4209451	42	RESP=1
4219950	42	STIM=7
4224174	42	RESP=1
4237103	42	STIM=u
4240607	42	RESP=1
4255050	42	STIM=5
4259916	42	RESP=2
4270767	42	STIM=b
4274667	42	RESP=1
4287325	42	STIM=s
4292220	42	RESP=1
4302897	42	STIM=y
4308813	42	RESP=1
4320631	42	STIM=i
4325883	42	RESP=1
4338100	42	STIM=f
4345510	42	RESP=1
4356436	42	STIM=j
4364877	42	RESP=1
4373544	42	STIM=q
4377027	42	RESP=1
4389660	42	STIM=d
4395298	42	RESP=1
4407561	42	STIM=8
4417623	42	RESP=2
4424840	42	STIM=t
4429869	42	RESP=1
4442749	42	STIM=f
4448742	42	RESP=1
4459571	42	STIM=g
4463322	42	RESP=1
4477635	42	STIM=r
4486043	42	RESP=1
4493015	42	STIM=g
4498992	42	RESP=1
4510197	42	STIM=o
4514802	42	RESP=1
4526518	42	STIM=v
4534187	42	RESP=1
4543249	42	STIM=e
4550857	42	RESP=1
4559787	42	STIM=d
4565142	42	RESP=1
4577915	42	STIM=y
4582356	42	RESP=1
4596678	42	STIM=s
4600336	42	RESP=1
4614282	42	STIM=s
4623217	42	RESP=1
4632745	42	STIM=u
4637611	42	RESP=1
4650416	42	STIM=s
4656743	42	RESP=1
4667632	42	STIM=j
4674187	42	RESP=1
4683494	42	STIM=f
4687058	42	RESP=1
4699722	42	STIM=y
4702938	42	RESP=1
4717004	42	STIM=c
4723445	42	RESP=1
4732059	42	STIM=r
4744689	42	RESP=1
4748980	42	STIM=w
4758055	42	RESP=1
4765648	42	STIM=g
4769777	42	RESP=1
4784521	42	STIM=x
4789925	42	RESP=1
4801841	42	STIM=0
4809331	42	RESP=2
4820566	42	STIM=h
4828228	42	RESP=1
4839039	42	STIM=f
4843418	42	RESP=1
4856467	42	STIM=t
4862958	42	RESP=1
4874515	42	STIM=s
4878055	42	RESP=2
4891137	42	STIM=n
4896144	42	RESP=1
4909084	42	STIM=r
4912706	42	RESP=1
4926946	42	STIM=q
4929822	42	RESP=1
4943998	42	STIM=u
4948371	42	RESP=1
4962195	42	STIM=p
4968188	42	RESP=1
4978271	42	STIM=m
4988138	42	RESP=1
4994687	42	STIM=7
5002644	42	RESP=2
5013214	42	STIM=5
5020385	42	RESP=1
5031347	42	STIM=m
5034267	42	RESP=1
5049731	42	STIM=h
5054067	42	RESP=1
5066570	42	STIM=l
5073176	42	RESP=1
5083017	42	STIM=g
5086465	42	RESP=1
5101100	42	STIM=9
5107091	42	RESP=2
5119298	42	STIM=g
5126707	42	RESP=1
5134904	42	STIM=k
5139517	42	RESP=1
5150649	42	STIM=y
5157434	42	RESP=1
5168261	42	STIM=f
5173836	42	RESP=1
5183411	42	STIM=2
5188812	42	RESP=2
5198495	42	STIM=c
5202311	42	RESP=1
5214589	42	STIM=b
5220816	42	RESP=1
5231047	42	STIM=q
5236671	42	RESP=1
5249473	42	STIM=v
5253950	42	RESP=2
5267798	42	STIM=c
5274261	42	RESP=1
5284715	42	STIM=b
5290131	42	RESP=1
5303028	42	STIM=d
5308979	42	RESP=1
5318441	42	STIM=q
5323373	42	RESP=1
5334057	42	STIM=8
5340247	42	RESP=1
5352549	42	STIM=j
5355559	42	RESP=1
5368251	42	STIM=a
5373736	42	RESP=1
5385092	42	STIM=l
5390541	42	RESP=1
5400711	42	STIM=m
5405895	42	RESP=1
5416841	42	STIM=3
5422839	42	RESP=2
5432415	42	STIM=n
5436715	42	RESP=1
5449425	42	STIM=k
5456677	42	RESP=1
5466135	42	STIM=k
5470636	42	RESP=1
5481662	42	STIM=d
5488241	42	RESP=1
5497021	42	STIM=h
5500101	42	RESP=2
5515139	42	STIM=c
5520149	42	RESP=1
5533513	42	STIM=c
5549286	42	RESP=1
5550279	42	STIM=k
5555507	42	RESP=1
5567409	42	STIM=4
5573044	42	RESP=2
5585671	42	STIM=2
5596433	42	RESP=2
5603600	42	STIM=f
5606650	42	RESP=1
5619180	42	STIM=b
5630862	42	RESP=1
5635243	42	STIM=6
5640386	42	RESP=2
5650742	42	STIM=2
5655770	42	RESP=2
5665884	42	STIM=r
5673463	42	RESP=1
5683719	42	STIM=k
5688301	42	RESP=1
5699290	42	STIM=n
5703225	42	RESP=1
5718004	42	STIM=2
5721959	42	RESP=2
5736917	42	STIM=j
5742814	42	RESP=1
5754044	42	STIM=u
5763951	42	RESP=1
5770388	42	STIM=t
5775286	42	RESP=1
5786983	42	STIM=l
5790716	42	RESP=1
5803989	42	STIM=d
5812267	42	RESP=1
5821996	42	STIM=s
5826918	42	RESP=1
5837644	42	STIM=g
5846662	42	RESP=1
5856614	42	STIM=w
5860810	42	RESP=1
5872138	42	STIM=n
5883353	42	RESP=1
5890361	42	STIM=v
5898092	42	RESP=1
5907334	42	STIM=q
5916056	42	RESP=1
5924303	42	STIM=c
5930225	42	RESP=1
5940928	42	STIM=n
5946752	42	RESP=2
5956043	42	STIM=5
5964266	42	RESP=2
5973542	42	STIM=2
5979628	42	RESP=2
5991632	42	STIM=w
5999956	42	RESP=1
6010351	42	STIM=o
6014274	42	RESP=1
6027924	42	STIM=f
6032194	42	RESP=1
6044194	42	STIM=n
6048240	42	RESP=1
6062806	42	STIM=p
6065965	42	RESP=1
6080427	42	STIM=8
6086315	42	RESP=2
6097127	42	STIM=e
6107248	42	RESP=1
6115502	42	STIM=k
6121006	42	RESP=1
6131449	42	STIM=b
6137906	42	RESP=1
6149529	42	STIM=t
6157872	42	RESP=1
6167771	42	STIM=i
6172496	42	RESP=1
6185619	42	STIM=y
6189695	42	RESP=1
6200766	42	STIM=d
6205662	42	RESP=1
6216182	42	STIM=p
6218969	42	RESP=2
6232355	42	STIM=u
6236330	42	RESP=1
6250310	42	STIM=e
6253292	42	RESP=1
6267149	42	STIM=l
6275945	42	RESP=1
6283915	42	STIM=c
6290137	42	RESP=1
6299769	42	STIM=s
6303589	42	RESP=1
6316595	42	STIM=f
6320608	42	RESP=1
6331610	42	STIM=p
6335716	42	RESP=1
6350296	42	STIM=v
6355976	42	RESP=1
6365336	42	STIM=l
6371952	42	RESP=1
6382217	42	STIM=h
6386392	42	RESP=1
6399357	42	STIM=f
6405114	42	RESP=1
6418008	42	STIM=n
6426772	42	RESP=1
6434187	42	STIM=y
6438661	42	RESP=1
6449926	42	STIM=6
6454923	42	RESP=2
6467947	42	STIM=n
6471584	42	RESP=1
6486068	42	STIM=c
6490635	42	RESP=1
6502996	42	STIM=8
6510036	42	RESP=2
6519350	42	STIM=t
6523635	42	RESP=1
6536371	42	STIM=5
6542350	42	RESP=1
6555195	42	STIM=u
6562641	42	RESP=1
6573272	42	STIM=t
6577356	42	RESP=1
6588477	42	STIM=n
6595483	42	RESP=1
6605214	42	STIM=l
6608352	42	RESP=1
6621007	42	STIM=8
6625471	42	RESP=2
6639352	42	STIM=n
6644218	42	RESP=1
6654846	42	STIM=a
6658531	42	RESP=2
6672925	42	STIM=s
6676744	42	RESP=1
6690739	42	STIM=j
6698073	42	RESP=1
6706693	42	STIM=n
6711637	42	RESP=1
6723870	42	STIM=v
6730334	42	RESP=1
6742460	42	STIM=7
6747228	42	RESP=2
6759368	42	STIM=6
6771275	42	RESP=1
6775232	42	STIM=8
6782675	42	RESP=2
6791571	42	STIM=o
6795869	42	RESP=1
6810348	42	STIM=k
6815331	42	RESP=1
6827735	42	STIM=r
6831488	42	RESP=1
6843811	42	STIM=z
6848789	42	RESP=1
6860053	42	STIM=z
6866348	42	RESP=1
6878640	42	STIM=5
6885535	42	RESP=2
6895517	42	STIM=v
6898993	42	RESP=1
6910538	42	STIM=o
6913881	42	RESP=1
6929079	42	STIM=7
6932580	42	RESP=2
6944597	42	STIM=a
6951362	42	RESP=2
6961243	42	STIM=8
6966170	42	RESP=2
6978870	42	STIM=9
6988462	42	RESP=2
6994533	42	STIM=b
7005018	42	RESP=1
7010504	42	STIM=5
7016923	42	RESP=2
7025921	42	STIM=p
7031805	42	RESP=1
7044380	42	STIM=2
7051340	42	RESP=1
7059701	42	STIM=t
7064076	42	RESP=1
7074709	42	STIM=y
7083093	42	RESP=1
7091960	42	STIM=z
7095147	42	RESP=1
7109825	42	STIM=2
7114997	42	RESP=2
7125301	42	STIM=y
7134275	42	RESP=1
7143539	42	STIM=h
7149449	42	RESP=1
7160178	42	STIM=o
7163574	42	RESP=1
7176234	42	STIM=c
7180135	42	RESP=1
7194170	42	STIM=l
7198708	42	RESP=1
7209350	42	STIM=f
7216567	42	RESP=1
7227238	42	STIM=y
7233603	42	RESP=1
7246171	42	STIM=e
7253002	42	RESP=1
7261548	42	STIM=p
7264990	42	RESP=1
7276736	42	STIM=j
7285460	42	RESP=1
7292805	42	STIM=h
7296650	42	RESP=1
7310004	42	STIM=9
7316631	42	RESP=2
7325026	42	STIM=z
7330334	42	RESP=1
7342128	42	STIM=h
7351960	42	RESP=1
7359518	42	STIM=x
7367102	42	RESP=1
7376252	42	STIM=d
7382411	42	RESP=1
7394323	42	STIM=j
7399736	42	RESP=1
7410116	42	STIM=i
7415904	42	RESP=1
7426629	42	STIM=t
7434174	42	RESP=1
7443821	42	STIM=o
7452704	42	RESP=1
7461237	42	STIM=5
7466395	42	RESP=2
7476565	42	STIM=z
7482256	42	RESP=1
7492259	42	STIM=r
7501066	42	RESP=1
7510325	42	STIM=y
7517571	42	RESP=1
7528890	42	STIM=p
7536862	42	RESP=1
7545927	42	STIM=v
7550938	42	RESP=1
7563459	42	STIM=j
7569087	42	RESP=1
7581193	42	STIM=u
7589624	42	RESP=1
7597691	42	STIM=4
7605521	42	RESP=2
7615781	42	STIM=f
7622409	42	RESP=1
7631364	42	STIM=8
7637520	42	RESP=1
7649610	42	STIM=7
7655560	42	RESP=2
7667943	42	STIM=2
7673210	42	RESP=2
7684432	42	STIM=0
7689914	42	RESP=2
7702427	42	STIM=1
7711774	42	RESP=2
7719428	42	STIM=4
7724523	42	RESP=2
7735172	42	STIM=l
7741255	42	RESP=1
7752398	42	STIM=4
7762538	42	RESP=2
7767906	42	STIM=7
7775835	42	RESP=2
7786302	42	STIM=t
7793746	42	RESP=1
7805120	42	STIM=s
7811318	42	RESP=1
7822936	42	STIM=k
7832642	42	RESP=1
7839234	42	STIM=4
7845900	42	RESP=2
7854639	42	STIM=4
7862205	42	RESP=2
7869950	42	STIM=h
7873070	42	RESP=1
7885226	42	STIM=e
7890671	42	RESP=1
7903119	42	STIM=w
7910313	42	RESP=1
7921482	42	STIM=r
7928161	42	RESP=1
7938900	42	STIM=p
7947194	42	RESP=2
7955760	42	STIM=j
7960238	42	RESP=1
7971589	42	STIM=l
7975666	42	RESP=1
7988320	42	STIM=r
7992480	42	RESP=1
8005473	42	STIM=j
8010890	42	RESP=1
8023946	42	STIM=6
8031759	42	RESP=1
8042284	42	STIM=x
8046791	42	RESP=1
8057979	42	STIM=m
8064244	42	RESP=1
8075307	42	STIM=l
8078244	42	RESP=1
8092455	42	STIM=e
8098189	42	RESP=1
8109262	42	STIM=e
8112941	42	RESP=2
8124688	42	STIM=k
8137401	42	RESP=1
8142858	42	STIM=1
8150470	42	RESP=2
8158585	42	STIM=v
8164774	42	RESP=1
8175364	42	STIM=w
8180267	42	RESP=1
8193685	42	STIM=m
8197625	42	RESP=1
8212402	42	STIM=o
8217348	42	RESP=2
8230471	42	STIM=6
8236017	42	RESP=2
8248008	42	STIM=x
8252965	42	RESP=1
8264792	42	STIM=g
8273237	42	RESP=1
8280662	42	STIM=m
8285417	42	RESP=1
8296395	42	STIM=q
8301546	42	RESP=1
8313760	42	STIM=c
8317033	42	RESP=1
8329361	42	STIM=h
8334672	42	RESP=1
8346983	42	STIM=n
8355523	42	RESP=1
8362977	42	STIM=2
8367798	42	RESP=2
8378079	42	STIM=r
8384122	42	RESP=1
8393195	42	STIM=0
8398515	42	RESP=2
8410866	42	STIM=y
8417066	42	RESP=1
8426091	42	STIM=w
8434679	42	RESP=1
8441119	42	STIM=w
8449961	42	RESP=1
8459883	42	STIM=a
8464736	42	RESP=1
8475289	42	STIM=k
8477991	42	RESP=1
8492574	42	STIM=x
8497255	42	RESP=1
8508497	42	STIM=1
8522899	42	RESP=2
8524540	42	STIM=v
8528684	42	RESP=2
8542535	42	STIM=e
8548486	42	RESP=1
8558973	42	STIM=0
8564903	42	RESP=2
8577679	42	STIM=h
8583488	42	RESP=1
8594814	42	STIM=5
8601753	42	RESP=2
8612944	42	STIM=6
8620021	42	RESP=2
8629170	42	STIM=c
8635833	42	RESP=1
8645076	42	STIM=3
8653021	42	RESP=2
8661079	42	STIM=q
8666218	42	RESP=1
8678441	42	STIM=q
8682980	42	RESP=1
8694256	42	STIM=8
8699189	42	RESP=2
8709624	42	STIM=r
8713604	42	RESP=1
8726324	42	STIM=7
8731744	42	RESP=2
8743783	42	STIM=h
8747906	42	RESP=1
8760860	42	STIM=q
8766847	42	RESP=1
8777957	42	STIM=5
8784665	42	RESP=2
8796691	42	STIM=u
8803436	42	RESP=1
8812094	42	STIM=w
8817178	42	RESP=1
8828176	42	STIM=r
8838296	42	RESP=1
8845058	42	STIM=v
8851083	42	RESP=1
8863139	42	STIM=j
8868805	42	RESP=1
8878912	42	STIM=6
8886648	42	RESP=1
8894803	42	STIM=v
8903034	42	RESP=1
8911442	42	STIM=u
8916453	42	RESP=1
8929152	42	STIM=e
8933461	42	RESP=1
8944209	42	STIM=n
8951373	42	RESP=1
8963082	42	STIM=o
8970050	42	RESP=1
8978308	42	STIM=g
8984391	42	RESP=1
8993976	42	STIM=l
8999468	42	RESP=1
9012270	42	STIM=f
9016551	42	RESP=1
9030101	42	STIM=d
9033776	42	RESP=1
9046436	42	STIM=z
9050889	42	RESP=1
9063318	42	STIM=z
9066111	42	RESP=1
9080149	42	STIM=8
9088313	42	RESP=2
9097556	42	STIM=p
9107456	42	RESP=1
9113566	42	STIM=k
9122633	42	RESP=1
9131756	42	STIM=q
9139212	42	RESP=1
9150177	42	STIM=m
9157732	42	RESP=1
9166205	42	STIM=z
9171777	42	RESP=1
9181302	42	STIM=s
9192037	42	RESP=1
9196579	42	STIM=f
9201275	42	RESP=1
9212565	42	STIM=6
9217459	42	RESP=2
9230148	42	STIM=b
9244342	42	RESP=1
9248633	42	STIM=i
9251731	42	RESP=1
9266646	42	STIM=r
9269821	42	RESP=1
9282155	42	STIM=h
9291875	42	RESP=1
9299547	42	STIM=g
9306638	42	RESP=1
9315379	42	STIM=q
9323808	42	RESP=1
9331180	42	STIM=s
9336955	42	RESP=1
9348483	42	STIM=x
9354950	42	RESP=1
9364025	42	STIM=z
9367926	42	RESP=2
9380979	42	STIM=e
9385456	42	RESP=1
9399146	42	STIM=w
9406510	42	RESP=1
9417669	42	STIM=r
9420933	42	RESP=1
9436031	42	STIM=f
9440687	42	RESP=2
9453923	42	STIM=t
9460520	42	RESP=1
9470462	42	STIM=r
9479333	42	RESP=1
9487439	42	STIM=n
9493814	42	RESP=1
9502517	42	STIM=0
9509980	42	RESP=2
9519950	42	STIM=e
9525316	42	RESP=1
9538049	42	STIM=r
9549924	42	RESP=2
9553123	42	STIM=y
9558353	42	RESP=1
9569029	42	STIM=h
9573890	42	RESP=1
9587111	42	STIM=c
9591771	42	RESP=1
9604902	42	STIM=r
9609775	42	RESP=1
9622957	42	STIM=b
9625877	42	RESP=1
9641078	42	STIM=b
9648319	42	RESP=1
9657066	42	STIM=l
9661893	42	RESP=1
9672637	42	STIM=a
9677711	42	RESP=1
9688445	42	STIM=t
9693784	42	RESP=1
9704973	42	STIM=x
9713931	42	RESP=1
9722986	42	STIM=o
9728725	42	RESP=1
9738850	42	STIM=9
9743739	42	RESP=2
9754460	42	STIM=2
9761046	42	RESP=2
9772129	42	STIM=h
9783140	42	RESP=2
9787519	42	STIM=q
9792741	42	RESP=1
9802782	42	STIM=p
9805445	42	RESP=1
9817883	42	STIM=g
9822986	42	RESP=1
9833446	42	STIM=y
9839041	42	RESP=1
9850610	42	STIM=y
9857534	42	RESP=1
9868907	42	STIM=j
9877302	42	RESP=1
9887723	42	STIM=i
9893425	42	RESP=1
9903066	42	STIM=y
9907112	42	RESP=1
9919931	42	STIM=1
9926661	42	RESP=2
9936384	42	STIM=y
9942309	42	RESP=1
9953282	42	STIM=j
9958049	42	RESP=1
9971835	42	STIM=3
9976399	42	RESP=1
9987309	42	STIM=p
9995544	42	RESP=1
10003974	42	STIM=g
10009081	42	RESP=1
10020719	42	STIM=s
10025571	42	RESP=1
10038876	42	STIM=q
10050118	42	RESP=1
10057458	42	STIM=3
10063762	42	RESP=2
10074308	42	STIM=o
10080592	42	RESP=1
10090561	42	STIM=a
10098500	42	RESP=1
10109045	42	STIM=g
10114616	42	RESP=1
10125937	42	STIM=a
10129934	42	RESP=2
10142178	42	STIM=1
10146212	42	RESP=2
10160389	42	STIM=x
10168264	42	RESP=1
10178318	42	STIM=i
10181836	42	RESP=1
10195078	42	STIM=s
10200183	42	RESP=1
10213181	42	STIM=k
10219414	42	RESP=1
10229291	42	STIM=l
10233302	42	RESP=1
10246591	42	STIM=y
10252371	42	RESP=1
10265378	42	STIM=x
10269659	42	RESP=1
10281531	42	STIM=k
10288123	42	RESP=1
10299134	42	STIM=p
10304107	42	RESP=1
10315948	42	STIM=i
10321515	42	RESP=1
10333431	42	STIM=j
10338829	42	RESP=1
10349623	42	STIM=a
10356810	42	RESP=1
10366835	42	STIM=z
10378679	42	RESP=1
10382779	42	STIM=n
10387699	42	RESP=1
10398658	42	STIM=w
10403437	42	RESP=1
10416715	42	STIM=p
10421273	42	RESP=1
10434035	42	STIM=j
10442855	42	RESP=2
10452349	42	STIM=r
10459147	42	RESP=1
10470762	42	STIM=x
10474870	42	RESP=1
10489670	42	STIM=n
10493088	42	RESP=1
10505038	42	STIM=f
10509155	42	RESP=1
10522680	42	STIM=l
10528106	42	RESP=1
10538469	42	STIM=z
10542885	42	RESP=1
10556809	42	STIM=n
10561364	42	RESP=1
10572276	42	STIM=i
10576272	42	RESP=1
10587409	42	STIM=2
10596260	42	RESP=1
10604584	42	STIM=4
10612327	42	RESP=2
10620087	42	STIM=o
10624133	42	RESP=1
10638225	42	STIM=v
10641044	42	RESP=1
10656864	42	STIM=q
10662764	42	RESP=2
10672362	42	STIM=e
10679620	42	RESP=1
10690283	42	STIM=d
10699923	42	RESP=1
10708653	42	STIM=v
10714320	42	RESP=1
10725591	42	STIM=d
10731815	42	RESP=1
10741176	42	STIM=h
10745252	42	RESP=1
10757197	42	STIM=r
10763944	42	RESP=1
10775841	42	STIM=8
10783329	42	RESP=2
10792831	42	STIM=x
10799546	42	RESP=1
10807862	42	STIM=r
10813729	42	RESP=1
10826456	42	STIM=m
10829573	42	RESP=1
10843668	42	STIM=f
10849175	42	RESP=1
10861228	42	STIM=t
10865845	42	RESP=1
10879932	42	STIM=n
10886093	42	RESP=1
10898274	42	STIM=i
10906870	42	RESP=1
10916363	42	STIM=y
10919837	42	RESP=1
10932310	42	STIM=7
10937772	42	RESP=2
10950664	42	STIM=s
10958153	42	RESP=1
10966741	42	STIM=0
10973213	42	RESP=2
10984837	42	STIM=m
10989732	42	RESP=1
11002365	42	STIM=d
11008061	42	RESP=1
11020236	42	STIM=v
11025469	42	RESP=1
11038673	42	STIM=6
11047253	42	RESP=2
11055236	42	STIM=k
11061769	42	RESP=1
11070371	42	STIM=l
11076343	42	RESP=1
11086439	42	STIM=1
11093794	42	RESP=2
11101920	42	STIM=v
11106030	42	RESP=1
11119337	42	STIM=r
11123091	42	RESP=1
11137193	42	STIM=q
11142650	42	RESP=1
11153637	42	STIM=z
11157748	42	RESP=1
11168689	42	STIM=t
11173396	42	RESP=1
11184429	42	STIM=a
11188031	42	RESP=1
11200801	42	STIM=z
11208369	42	RESP=1
11219424	42	STIM=c
11223655	42	RESP=1
11235168	42	STIM=j
11239845	42	RESP=1
11252797	42	STIM=n
11257937	42	RESP=1
11269400	42	STIM=f
11274996	42	RESP=1
11286199	42	STIM=r
11291073	42	RESP=1
11301818	42	STIM=f
11307422	42	RESP=1
11318904	42	STIM=f
11324000	42	RESP=1
11337870	42	STIM=1
11344506	42	RESP=2
11355382	42	STIM=o
11364211	42	RESP=1
11374185	42	STIM=v
11379844	42	RESP=1
11390647	42	STIM=t
11400493	42	RESP=1
11408028	42	STIM=j
11413106	42	RESP=1
11425937	42	STIM=4
11434347	42	RESP=2
11444492	42	STIM=u
11449672	42	RESP=1
11461717	42	STIM=f
11467751	42	RESP=1
11480289	42	STIM=z
11489976	42	RESP=1
11495373	42	STIM=l
11498736	42	RESP=1
11514182	42	STIM=k
11520797	42	RESP=1
11531991	42	STIM=x
11538752	42	RESP=1
11549577	42	STIM=7
11558983	42	RESP=2
11566684	42	STIM=q
11572164	42	RESP=1
11582674	42	STIM=p
11586095	42	RESP=1
11600253	42	STIM=m
11602960	42	RESP=1
11616392	42	STIM=t
11622444	42	RESP=1
11634667	42	STIM=s
11639811	42	RESP=1
11651875	42	STIM=8
11661088	42	RESP=2
11668836	42	STIM=e
11672586	42	RESP=1
11687221	42	STIM=v
11689808	42	RESP=1
11705199	42	STIM=s
11709503	42	RESP=1
11720695	42	STIM=r
11726442	42	RESP=1
11736904	42	STIM=b
11744731	42	RESP=1
11755388	42	STIM=y
11759265	42	RESP=1
11772460	42	STIM=x
11778723	42	RESP=1
11791124	42	STIM=y
11796659	42	RESP=1
11807739	42	STIM=i
11814309	42	RESP=1
11825848	42	STIM=u
11832468	42	RESP=2
11844119	42	STIM=q
11847484	42	RESP=1
11861748	42	STIM=m
11868440	42	RESP=1
11878228	42	STIM=p
11882544	42	RESP=1
11895427	42	STIM=r
11902254	42	RESP=1
11911884	42	STIM=y
11916872	42	RESP=1
11928343	42	STIM=y
11934856	42	RESP=1
11943546	42	STIM=o
11950931	42	RESP=1
11960490	42	STIM=k
11966616	42	RESP=1
11978934	42	STIM=8
11989002	42	RESP=2
11994996	42	STIM=l
12002812	42	RESP=1
12013235	42	STIM=9
12017686	42	RESP=2
12029216	42	STIM=p
12034100	42	RESP=1
12044313	42	STIM=u
12047483	42	RESP=1
12060406	42	STIM=m
12065823	42	RESP=1
12077399	42	STIM=h
12083286	42	RESP=1
12095227	42	STIM=b
12099907	42	RESP=1
12113737	42	STIM=m
12120819	42	RESP=1
12128907	42	STIM=i
12137885	42	RESP=1
12144166	42	STIM=j
12151277	42	RESP=1
12161184	42	STIM=f
12165778	42	RESP=1
12179674	42	STIM=9
12185084	42	RESP=2
12194856	42	STIM=q
12200325	42	RESP=1
12213089	42	STIM=c
12219373	42	RESP=1
12232009	42	STIM=y
12236767	42	RESP=1
12250901	42	STIM=n
12258053	42	RESP=1
12266982	42	STIM=p
12277121	42	RESP=1
12285072	42	STIM=l
12288332	42	RESP=2
12303898	42	STIM=m
12311782	42	RESP=1
12321075	42	STIM=3
12328685	42	RESP=2
12336657	42	STIM=a
12340525	42	RESP=1
12352821	42	STIM=d
12360353	42	RESP=1
12371237	42	STIM=4
12375949	42	RESP=2
12389538	42	STIM=d
12396414	42	RESP=1
12406289	42	STIM=t
12411277	42	RESP=1
12423552	42	STIM=w
12428198	42	RESP=1
12438667	42	STIM=2
12442467	42	RESP=2
12455311	42	STIM=2
12462265	42	RESP=2
12473941	42	STIM=8
12481147	42	RESP=2
12491504	42	STIM=y
12495167	42	RESP=1
12506615	42	STIM=v
12510849	42	RESP=1
12522303	42	STIM=m
12527252	42	RESP=1
12540426	42	STIM=i
12547995	42	RESP=1
12555880	42	STIM=l
12560607	42	RESP=1
12571541	42	STIM=z
12578729	42	RESP=1
12588273	42	STIM=x
12596046	42	RESP=1
12605014	42	STIM=z
12608754	42	RESP=1
12622729	42	STIM=v
12627434	42	RESP=1
12641575	42	STIM=t
12644897	42	RESP=1
12660248	42	STIM=w
12665687	42	RESP=1
12678280	42	STIM=k
12689574	42	RESP=1
12696150	42	STIM=k
12704475	42	RESP=1
12714114	42	STIM=8
12726136	42	RESP=2
12733032	42	STIM=f
12742762	42	RESP=1
12750495	42	STIM=r
12755385	42	RESP=1
12768210	42	STIM=9
12771875	42	RESP=2
12783917	42	STIM=i
12788120	42	RESP=1
12800921	42	STIM=5
12806495	42	RESP=2
12818609	42	STIM=c
12821995	42	RESP=1
12835299	42	STIM=l
12839879	42	RESP=1
12851857	42	STIM=n
12855137	42	RESP=1
12868614	42	STIM=4
12875671	42	RESP=2
12884072	42	STIM=w
12888439	42	RESP=1
12901628	42	STIM=o
12904972	42	RESP=1
12918708	42	STIM=s
12922857	42	RESP=1
12936148	42	STIM=a
12941163	42	RESP=1
12955092	42	STIM=g
12961738	42	RESP=1
12973054	42	STIM=j
12976684	42	RESP=2
12990150	42	STIM=8
12996295	42	RESP=2
13007701	42	STIM=z
13012285	42	RESP=1
13023845	42	STIM=p
13030323	42	RESP=1
13040707	42	STIM=l
13046418	42	RESP=1
13057703	42	STIM=l
13061352	42	RESP=1
13073536	42	STIM=l
13079024	42	RESP=1
13090261	42	STIM=p
13094265	42	RESP=1
13106328	42	STIM=v
13109487	42	RESP=1
13125047	42	STIM=h
13128375	42	RESP=1
13143373	42	STIM=k
13149133	42	RESP=1
13161817	42	STIM=4
13165802	42	RESP=2
13179904	42	STIM=k
13183959	42	RESP=2
13195129	42	STIM=f
13203967	42	RESP=2
13210142	42	STIM=h
13213498	42	RESP=1
13227006	42	STIM=b
13236685	42	RESP=1
13245731	42	STIM=y
13248522	42	RESP=1
13261764	42	STIM=l
13267016	42	RESP=1
13277939	42	STIM=y
13282844	42	RESP=1
13294202	42	STIM=b
13299587	42	RESP=1
13309638	42	STIM=o
13316112	42	RESP=1
13326942	42	STIM=k
13333497	42	RESP=1
13343046	42	STIM=6
13347268	42	RESP=1
13361864	42	STIM=8
13369578	42	RESP=2
13377053	42	STIM=a
13382355	42	RESP=1
13394943	42	STIM=6
13400788	42	RESP=1
13410149	42	STIM=g
13416673	42	RESP=1
13428961	42	STIM=1
13433855	42	RESP=2
13446499	42	STIM=s
13451806	42	RESP=1
13463699	42	STIM=e
13469695	42	RESP=1
13480728	42	STIM=6
13486172	42	RESP=2
13496176	42	STIM=t
13499230	42	RESP=1
13511459	42	STIM=f
13519433	42	RESP=1
13530242	42	STIM=d
13536003	42	RESP=1
13548004	42	STIM=t
13552329	42	RESP=1
13563296	42	STIM=8
13571812	42	RESP=2
13580296	42	STIM=s
13583303	42	RESP=1
13598852	42	STIM=r
13603102	42	RESP=1
13614520	42	STIM=9
13620763	42	RESP=1
13631905	42	STIM=c
13636237	42	RESP=1
13650861	42	STIM=b
13657591	42	RESP=1
13668213	42	STIM=q
13674586	42	RESP=1
13683293	42	STIM=p
13693738	42	RESP=1
13698865	42	STIM=8
13708897	42	RESP=2
13714271	42	STIM=7
13722066	42	RESP=2
13733148	42	STIM=v
13738839	42	RESP=1
13748838	42	STIM=0
13753711	42	RESP=2
13764960	42	STIM=x
13768588	42	RESP=1
13782582	42	STIM=1
13790201	42	RESP=2
13799060	42	STIM=z
13803398	42	RESP=1
13817051	42	STIM=f
13820445	42	RESP=1
13835787	42	STIM=0
13844990	42	RESP=1
13851271	42	STIM=s
13855821	42	RESP=1
13868478	42	STIM=e
13874352	42	RESP=1
13884782	42	STIM=p
13889778	42	RESP=1
13901790	42	STIM=d
13907965	42	RESP=1
13919864	42	STIM=p
13926887	42	RESP=1
13936441	42	STIM=b
13942015	42	RESP=1
13955242	42	STIM=h
13959914	42	RESP=1
13972370	42	STIM=x
13979906	42	RESP=1
13988722	42	STIM=w
13993017	42	RESP=1
14005096	42	STIM=k
14014822	42	RESP=1
14022411	42	STIM=6
14029169	42	RESP=2
14040861	42	STIM=3
14046125	42	RESP=2
14056436	42	STIM=2
14062660	42	RESP=2
14074186	42	STIM=z
14078917	42	RESP=1
14089556	42	STIM=s
14097859	42	RESP=1
14105395	42	STIM=5
14111446	42	RESP=2
14123742	42	STIM=d
14130785	42	RESP=1
14142063	42	STIM=o
14145828	42	RESP=1
14160655	42	STIM=t
14167255	42	RESP=1
14177920	42	STIM=k
14183080	42	RESP=1
14195790	42	STIM=d
14199231	42	RESP=1
14214362	42	STIM=d
14218707	42	RESP=1
14232676	42	STIM=o
14236211	42	RESP=1
14249137	42	STIM=d
14253190	42	RESP=1
14267902	42	STIM=m
14273437	42	RESP=1
14285781	42	STIM=p
14290285	42	RESP=1
14304045	42	STIM=o
14308864	42	RESP=1
14321371	42	STIM=d
14331041	42	RESP=1
14337670	42	STIM=z
14344049	42	RESP=1
14352811	42	STIM=o
14364396	42	RESP=1
14369182	42	STIM=o
14374512	42	RESP=1
14384357	42	STIM=o
14389704	42	RESP=1
14402702	42	STIM=3
14410371	42	RESP=1
14420045	42	STIM=l
14425470	42	RESP=1
14438826	42	STIM=x
14446199	42	RESP=1
14457126	42	STIM=r
14464122	42	RESP=1
14473139	42	STIM=o
14477062	42	RESP=1
14491953	42	STIM=4
14501064	42	RESP=2
14509179	42	STIM=v
14518289	42	RESP=1
14527178	42	STIM=e
14533481	42	RESP=1
14546086	42	STIM=c
14549640	42	RESP=1
14564124	42	STIM=o
14569747	42	RESP=1
14581258	42	STIM=p
14589235	42	RESP=1
14597433	42	STIM=h
14602088	42	RESP=1
14615720	42	STIM=7
14620909	42	RESP=2
14634049	42	STIM=v
14639365	42	RESP=1
14649266	42	STIM=i
14654907	42	RESP=2
14666236	42	STIM=q
14671377	42	RESP=1
14681706	42	STIM=h
14692655	42	RESP=1
14699697	42	STIM=a
14704447	42	RESP=1
14715855	42	STIM=m
14720084	42	RESP=1
14732468	42	STIM=1
14738108	42	RESP=1
14750929	42	STIM=r
14759351	42	RESP=1
14767464	42	STIM=r
14771134	42	RESP=1
14782959	42	STIM=b
14788929	42	RESP=1
14798803	42	STIM=y
14804820	42	RESP=1
14817204	42	STIM=m
14829178	42	RESP=1
14832745	42	STIM=n
14842034	42	RESP=1
14847970	42	STIM=i
14850984	42	RESP=1
14865132	42	STIM=h
14870342	42	RESP=1
14881334	42	STIM=4
14888494	42	RESP=1
14896614	42	STIM=3
14905734	42	RESP=2
14913410	42	STIM=p
14918674	42	RESP=1
14930585	42	STIM=k
14939376	42	RESP=1
14945682	42	STIM=q
14951106	42	RESP=1
14963820	42	STIM=b
14969728	42	RESP=1
14981285	42	STIM=k
14986288	42	RESP=1
14996839	42	STIM=x
15003316	42	RESP=2
15013351	42	STIM=e
15022409	42	RESP=1
15030592	42	STIM=4
15036572	42	RESP=2
15049415	42	STIM=o
15054395	42	RESP=1
15065625	42	STIM=j
15072320	42	RESP=1
15081129	42	STIM=a
15085053	42	RESP=1
15096736	42	STIM=p
15104588	42	RESP=1
15113517	42	STIM=k
15118675	42	RESP=1
15131322	42	STIM=a
15135261	42	RESP=2
15149084	42	STIM=8
15156482	42	RESP=2
15165729	42	STIM=h
15170471	42	RESP=1
15183946	42	STIM=4
15188826	42	RESP=2
15201915	42	STIM=3
15211712	42	RESP=2
15217474	42	STIM=b
15227134	42	RESP=1
15233399	42	STIM=o
15239728	42	RESP=1
15252230	42	STIM=u
15257471	42	RESP=1
15270876	42	STIM=b
15277713	42	RESP=1
15288608	42	STIM=f
15298443	42	RESP=1
15306331	42	STIM=h
15310009	42	RESP=1
15324302	42	STIM=n
15328267	42	RESP=1
15340063	42	STIM=b
15349326	42	RESP=2
15358958	42	STIM=n
15362742	42	RESP=1
15376860	42	STIM=g
15380064	42	RESP=1
15395194	42	STIM=f
15398214	42	RESP=1
15412337	42	STIM=6
15418434	42	RESP=2
15427621	42	STIM=z
15432183	42	RESP=1
15445006	42	STIM=y
15451031	42	RESP=1
15461804	42	STIM=b
15465123	42	RESP=1
15478422	42	STIM=p
15484117	42	RESP=1
15494724	42	STIM=v
15501461	42	RESP=1
15511317	42	STIM=u
15514841	42	RESP=2
15529039	42	STIM=u
15533181	42	RESP=1
15545222	42	STIM=f
15548803	42	RESP=1
15563328	42	STIM=a
15570871	42	RESP=1
15580123	42	STIM=z
15587751	42	RESP=2
15595513	42	STIM=u
15600616	42	RESP=2
15613446	42	STIM=p
15620327	42	RESP=1
15631601	42	STIM=i
15638275	42	RESP=1
15649855	42	STIM=0
15654504	42	RESP=2
15666160	42	STIM=2
15673533	42	RESP=2
15683777	42	STIM=f
15688820	42	RESP=2
15699050	42	STIM=9
15705154	42	RESP=2
15716801	42	STIM=1
15730580	42	RESP=2
15732150	42	STIM=y
15737348	42	RESP=1
15748801	42	STIM=a
15752948	42	RESP=1
15765248	42	STIM=q
15772271	42	RESP=1
15782470	42	STIM=j
15790143	42	RESP=1
15797962	42	STIM=a
15806134	42	RESP=1
15815410	42	STIM=w
15819778	42	RESP=1
15832649	42	STIM=d
15837781	42	RESP=2
15848729	42	STIM=4
15853572	42	RESP=2
15866321	42	STIM=5
15872769	42	RESP=2
15883244	42	STIM=h
15887560	42	RESP=1
15901159	42	STIM=n
15905560	42	RESP=1
15919906	42	STIM=y
15923294	42	RESP=1
15936295	42	STIM=v
15945298	42	RESP=2
15951305	42	STIM=q
15957322	42	RESP=1
15968485	42	STIM=i
15974250	42	RESP=1
15987116	42	STIM=t
15993394	42	RESP=1
16003964	42	STIM=u
16015268	42	RESP=1
16022843	42	STIM=e
16030486	42	RESP=1
16041341	42	STIM=c
16044671	42	RESP=1
16057931	42	STIM=x
16065837	42	RESP=1
16075665	42	STIM=u
16079358	42	RESP=1
16093641	42	STIM=l
16097636	42	RESP=1
16112203	42	STIM=y
16116508	42	RESP=1
16127589	42	STIM=y
16136209	42	RESP=1
16142951	42	STIM=3
16147787	42	RESP=2
16160077	42	STIM=o
16164118	42	RESP=1
16177515	42	STIM=b
16182126	42	RESP=1
16196465	42	STIM=d
16202939	42	RESP=1
16214350	42	STIM=t
16217645	42	RESP=1
16231920	42	STIM=h
16236211	42	RESP=1
16248252	42	STIM=y
16251434	42	RESP=1
16267102	42	STIM=j
16272257	42	RESP=1
16282743	42	STIM=o
16287076	42	RESP=1
16301352	42	STIM=r
16305276	42	RESP=1
16319680	42	STIM=a
16326655	42	RESP=1
16338348	42	STIM=v
16344913	42	RESP=1
16354173	42	STIM=d
16361753	42	RESP=1
16371912	42	STIM=q
16376542	42	RESP=1
16389749	42	STIM=s
16394089	42	RESP=1
16404809	42	STIM=y
16410265	42	RESP=1
16421735	42	STIM=k
16428508	42	RESP=1
16439740	42	STIM=i
16443301	42	RESP=1
16454834	42	STIM=r
16461031	42	RESP=1
16470847	42	STIM=u
16477519	42	RESP=1
16488175	42	STIM=s
16492899	42	RESP=1
16505238	42	STIM=9
16512114	42	RESP=2
16522953	42	STIM=b
16532038	42	RESP=1
16538166	42	STIM=r
16543072	42	RESP=1
16554894	42	STIM=s
16562423	42	RESP=1
16570348	42	STIM=e
16575464	42	RESP=1
16588578	42	STIM=t
16600051	42	RESP=1
16603955	42	STIM=x
16608847	42	RESP=1
16622400	42	STIM=y
16627452	42	RESP=1
16640181	42	STIM=c
16647108	42	RESP=1
16658770	42	STIM=6
16667899	42	RESP=2
16675583	42	STIM=z
16679683	42	RESP=1
16692116	42	STIM=o
16695644	42	RESP=1
16710275	42	STIM=i
16713990	42	RESP=1
16725435	42	STIM=s
16737998	42	RESP=1
16742001	42	STIM=u
16747913	42	RESP=1
16759178	42	STIM=y
16765146	42	RESP=1
16777277	42	STIM=z
16780671	42	RESP=1
16793702	42	STIM=x
16801429	42	RESP=1
16811469	42	STIM=4
16817730	42	RESP=2
16829464	42	STIM=x
16835449	42	RESP=1
16848312	42	STIM=c
16852157	42	RESP=1
16864242	42	STIM=7
16868539	42	RESP=2
16883123	42	STIM=o
16886784	42	RESP=1
16898683	42	STIM=y
16901883	42	RESP=1
16914221	42	STIM=l
16918006	42	RESP=1
16929591	42	STIM=p
16935016	42	RESP=1
16946844	42	STIM=a
16951741	42	RESP=1
16963517	42	STIM=l
16970306	42	RESP=1
16982184	42	STIM=7
16987253	42	RESP=2
16998937	42	STIM=s
17004809	42	RESP=1
17016312	42	STIM=7
17022748	42	RESP=2
17032940	42	STIM=u
17037372	42	RESP=1
17051313	42	STIM=m
17054114	42	RESP=1
17067023	42	STIM=7
17076712	42	RESP=2
17082621	42	STIM=h
17086648	42	RESP=1
17101163	42	STIM=b
17105449	42	RESP=1
17116575	42	STIM=8
17121042	42	RESP=2
17133125	42	STIM=0
17137854	42	RESP=2
17148819	42	STIM=2
17155413	42	RESP=2
17167353	42	STIM=y
17170888	42	RESP=1
17184638	42	STIM=j
17188963	42	RESP=1
17201347	42	STIM=5
17206789	42	RESP=2
17219589	42	STIM=o
17227233	42	RESP=1
17235194	42	STIM=o
17243698	42	RESP=1
17252089	42	STIM=l
17260173	42	RESP=1
17268036	42	STIM=z
17272362	42	RESP=1
17284269	42	STIM=i
17287478	42	RESP=1
17302194	42	STIM=v
17310697	42	RESP=1
17317724	42	STIM=8
17322601	42	RESP=2
17333397	42	STIM=1
17340967	42	RESP=1
17350965	42	STIM=1
17357237	42	RESP=1
17366228	42	STIM=b
17372946	42	RESP=1
17381534	42	STIM=x
17385829	42	RESP=1
17399629	42	STIM=8
17404331	42	RESP=1
17415759	42	STIM=j
17422234	42	RESP=1
17434088	42	STIM=f
17438488	42	RESP=1
17451132	42	STIM=4
17457030	42	RESP=2
17470110	42	STIM=f
17473718	42	RESP=1
17485349	42	STIM=0
17490256	42	RESP=2
17504107	42	STIM=e
17506840	42	RESP=1
17521840	42	STIM=s
17526397	42	RESP=1
17540227	42	STIM=w
17545168	42	RESP=1
17556348	42	STIM=d
17560974	42	RESP=1
17574927	42	STIM=3
17582038	42	RESP=2
17591041	42	STIM=m
17594114	42	RESP=1
17606469	42	STIM=2
17610765	42	RESP=2
17623377	42	STIM=1
17630613	42	RESP=2
17639170	42	STIM=7
17644904	42	RESP=2
17654215	42	STIM=q
17659766	42	RESP=1
17669650	42	STIM=q
17675476	42	RESP=1
17685148	42	STIM=e
17693163	42	RESP=1
17703955	42	STIM=s
17709492	42	RESP=1
17722428	42	STIM=q
17725956	42	RESP=1
17739976	42	STIM=l
17743403	42	RESP=1
17757893	42	STIM=a
17763401	42	RESP=1
17772909	42	STIM=1
17777482	42	RESP=2
17790994	42	STIM=s
17797065	42	RESP=1
17807201	42	STIM=x
17812659	42	RESP=1
17825472	42	STIM=0
17831124	42	RESP=2
17841269	42	STIM=v
17847364	42	RESP=1
17856770	42	STIM=h
17860159	42	RESP=1
17875590	42	STIM=v
17878997	42	RESP=1
17890851	42	STIM=u
17897447	42	RESP=1
17906867	42	STIM=3
17914509	42	RESP=2
17924905	42	STIM=k
17929948	42	RESP=1
17941082	42	STIM=y
17945134	42	RESP=1
17959778	42	STIM=z
17964491	42	RESP=2
17975917	42	STIM=u
17985788	42	RESP=1
17993844	42	STIM=q
18001119	42	RESP=1
18009746	42	STIM=c
18013417	42	RESP=1
18025601	42	STIM=g
18034221	42	RESP=1
18042576	42	STIM=z
18051314	42	RESP=1
18058446	42	STIM=o
18066615	42	RESP=1
18074853	42	STIM=d
18078820	42	RESP=1
18092857	42	STIM=d
18097289	42	RESP=1
18111119	42	STIM=x
18118533	42	RESP=1
18128775	42	STIM=o
18133958	42	RESP=1
18144984	42	STIM=i
18149349	42	RESP=1
18162006	42	STIM=9
18169516	42	RESP=2
18179100	42	STIM=5
18184041	42	RESP=2
18197429	42	STIM=v
18201633	42	RESP=1
18215277	42	STIM=x
18222634	42	RESP=1
18231295	42	STIM=w
18235498	42	RESP=1
18247753	42	STIM=7
18254244	42	RESP=2
18266167	42	STIM=p
18273506	42	RESP=1
18282074	42	STIM=1
18288145	42	RESP=1
18299524	42	STIM=i
18304450	42	RESP=1
18314559	42	STIM=m
18318783	42	RESP=1
18333176	42	STIM=m
18344343	42	RESP=1
18350338	42	STIM=l
18359134	42	RESP=1
18365343	42	STIM=y
18370961	42	RESP=1
18382492	42	STIM=6
18390190	42	RESP=2
18399777	42	STIM=u
18403494	42	RESP=1
18418216	42	STIM=b
18426584	42	RESP=1
18434618	42	STIM=0
18439579	42	RESP=1
18450307	42	STIM=j
18457119	42	RESP=1
18466077	42	STIM=h
18471984	42	RESP=1
18483541	42	STIM=p
18489303	42	RESP=1
18499730	42	STIM=s
18505084	42	RESP=1
18517051	42	STIM=9
18525122	42	RESP=2
18532645	42	STIM=a
18537920	42	RESP=1
18551264	42	STIM=a
18560361	42	RESP=1
18568911	42	STIM=8
18575927	42	RESP=2
18585196	42	STIM=c
18591147	42	RESP=2
18603450	42	STIM=h
18608497	42	RESP=1
18620422	42	STIM=8
18626992	42	RESP=2
18638815	42	STIM=w
18644372	42	RESP=1
18656494	42	STIM=g
18664550	42	RESP=1
18674806	42	STIM=q
18678570	42	RESP=1
18692245	42	STIM=b
18695706	42	RESP=1
18711010	42	STIM=7
18716402	42	RESP=2
18727200	42	STIM=g
18735913	42	RESP=1
18743739	42	STIM=v
18749461	42	RESP=1
18759494	42	STIM=l
18765675	42	RESP=1
18776340	42	STIM=i
18779150	42	RESP=1
18794955	42	STIM=r
18800284	42	RESP=1
18813727	42	STIM=0
18821085	42	RESP=2
18829886	42	STIM=n
18835258	42	RESP=1
18847360	42	STIM=2
18854190	42	RESP=2
18865875	42	STIM=9
18873775	42	RESP=2
18884352	42	STIM=j
18890832	42	RESP=1
18900891	42	STIM=s
18904697	42	RESP=1
18916671	42	STIM=4
18920917	42	RESP=2
18935476	42	STIM=x
18940743	42	RESP=1
18954009	42	STIM=2
18964144	42	RESP=1
18970447	42	STIM=4
18976159	42	RESP=2
18987920	42	STIM=m
18992418	42	RESP=1
19004389	42	STIM=0
19010849	42	RESP=2
19022176	42	STIM=b
19027631	42	RESP=1
19040165	42	STIM=b
19043219	42	RESP=2
19056979	42	STIM=r
19061357	42	RESP=1
19074912	42	STIM=0
19080677	42	RESP=1
19090160	42	STIM=i
19093976	42	RESP=2
19106492	42	STIM=3
19113269	42	RESP=2
19125459	42	STIM=s
19131546	42	RESP=1
19143952	42	STIM=j
19149429	42	RESP=1
19162408	42	STIM=g
19168824	42	RESP=1
19178321	42	STIM=u
19182731	42	RESP=1
19195360	42	STIM=1
19200226	42	RESP=2
19212216	42	STIM=t
19217276	42	RESP=1
19230260	42	STIM=d
19240742	42	RESP=1
19245536	42	STIM=u
19250401	42	RESP=1
19264181	42	STIM=y
19270775	42	RESP=1
19282975	42	STIM=d
19288284	42	RESP=1
19298795	42	STIM=5
19306560	42	RESP=1
19316643	42	STIM=e
19325648	42	RESP=1
19334553	42	STIM=c
19341998	42	RESP=1
19352222	42	STIM=k
19356020	42	RESP=1
19370178	42	STIM=w
19374311	42	RESP=1
19387116	42	STIM=m
19401692	42	RESP=1
19402922	42	STIM=p
19409340	42	RESP=1
19418030	42	STIM=y
19422597	42	RESP=1
19436285	42	STIM=d
19445882	42	RESP=1
19455253	42	STIM=p
19460669	42	RESP=1
19470824	42	STIM=f
19476357	42	RESP=1
19488053	42	STIM=v
19494843	42	RESP=1
19504157	42	STIM=i
19507040	42	RESP=2
19520757	42	STIM=k
19523923	42	RESP=1
19539554	42	STIM=1
19545873	42	RESP=2
19556193	42	STIM=f
19561189	42	RESP=1
19572887	42	STIM=r
19576758	42	RESP=1
19589847	42	STIM=7
19594438	42	RESP=2
19607033	42	STIM=1
19611081	42	RESP=1
19624214	42	STIM=p
19636522	42	RESP=1
19642175	42	STIM=g
19649003	42	RESP=1
19660449	42	STIM=z
19664062	42	RESP=1
19676717	42	STIM=t
19682091	42	RESP=1
19693197	42	STIM=g
19702360	42	RESP=1
19708518	42	STIM=c
19711681	42	RESP=1
19724461	42	STIM=s
19729534	42	RESP=1
19742191	42	STIM=y
19746269	42	RESP=1
19760677	42	STIM=0
19767060	42	RESP=2
19777039	42	STIM=f
19782688	42	RESP=1
19795579	42	STIM=5
19803045	42	RESP=2
19813889	42	STIM=u
19820760	42	RESP=1
19828936	42	STIM=u
19831450	42	RESP=1
19844031	42	STIM=r
19855066	42	RESP=1
19860393	42	STIM=2
19867854	42	RESP=2
19879316	42	STIM=n
19889438	42	RESP=1
19896159	42	STIM=m
19899193	42	RESP=1
19914496	42	STIM=g
19920032	42	RESP=1
19931248	42	STIM=d
19938292	42	RESP=1
19946814	42	STIM=g
19950806	42	RESP=1
19963561	42	STIM=8
19970001	42	RESP=2
19981172	42	STIM=7
19986237	42	RESP=2
19998577	42	STIM=t
20004252	42	RESP=1
20014414	42	STIM=t
20019421	42	RESP=1
20032459	42	STIM=o
20039313	42	RESP=1
20050925	42	STIM=4
20057866	42	RESP=2
20069267	42	STIM=5
20076031	42	RESP=2
20086801	42	STIM=m
20090025	42	RESP=1
20105676	42	STIM=e
20109737	42	RESP=1
20124115	42	STIM=n
20132037	42	RESP=1
20142254	42	STIM=p
20149758	42	RESP=1
20160534	42	STIM=e
20163758	42	RESP=1
20177754	42	STIM=i
20183007	42	RESP=1
20193134	42	STIM=r
20199036	42	RESP=1
20210248	42	STIM=j
20214385	42	RESP=1
20227891	42	STIM=6
20235557	42	RESP=2
20246172	42	STIM=x
20251699	42	RESP=1
20262536	42	STIM=m
20270327	42	RESP=1
20280247	42	STIM=v
20284891	42	RESP=1
20298137	42	STIM=0
20312330	42	RESP=1
20316045	42	STIM=v
20321451	42	RESP=1
20331266	42	STIM=m
20334667	42	RESP=1
20347889	42	STIM=x
20354577	42	RESP=1
20365772	42	STIM=b
20371883	42	RESP=1
20384224	42	STIM=5
20390068	42	RESP=2
20400391	42	STIM=7
20405368	42	RESP=2
20415711	42	STIM=b
20418505	42	RESP=1
20430800	42	STIM=n
20434584	42	RESP=2
20448321	42	STIM=b
20451958	42	RESP=1
20464158	42	STIM=7
20468914	42	RESP=2
20479914	42	STIM=x
20487131	42	RESP=1
20497678	42	STIM=z
20506639	42	RESP=1
20514447	42	STIM=f
20525214	42	RESP=1
20532266	42	STIM=c
20539873	42	RESP=1
20550190	42	STIM=5
20556277	42	RESP=1
20568251	42	STIM=t
20574058	42	RESP=1
20585382	42	STIM=m
20591863	42	RESP=1
20600888	42	STIM=m
20611600	42	RESP=1
20618249	42	STIM=z
20624417	42	RESP=1
20634226	42	STIM=j
20639894	42	RESP=1
20651405	42	STIM=o
20663483	42	RESP=1
20670087	42	STIM=i
20674265	42	RESP=1
20686470	42	STIM=t
20691552	42	RESP=1
20702643	42	STIM=l
20706081	42	RESP=1
20718469	42	STIM=r
20724503	42	RESP=1
20737359	42	STIM=2
20743849	42	RESP=1
20754538	42	STIM=1
20758293	42	RESP=1
20772202	42	STIM=c
20776985	42	RESP=1
20787654	42	STIM=1
20796668	42	RESP=1
20803744	42	STIM=a
20812243	42	RESP=1
20822679	42	STIM=w
20831492	42	RESP=1
20838893	42	STIM=i
20844153	42	RESP=1
20856504	42	STIM=u
20866531	42	RESP=1
20873681	42	STIM=x
20879396	42	RESP=1
20889473	42	STIM=5
20895001	42	RESP=2
20905871	42	STIM=f
20910716	42	RESP=1
20922370	42	STIM=r
20929438	42	RESP=1
20938866	42	STIM=v
20942639	42	RESP=1
20957143	42	STIM=e
20961018	42	RESP=1
20975444	42	STIM=r
20980066	42	RESP=1
20994436	42	STIM=0
21002083	42	RESP=2
21012779	42	STIM=g
21019252	42	RESP=1
21031636	42	STIM=l
21038757	42	RESP=1
21049102	42	STIM=p
21052970	42	RESP=1
21065802	42	STIM=b
21071382	42	RESP=1
21084094	42	STIM=9
21091158	42	RESP=2
21100686	42	STIM=m
21106570	42	RESP=1
21119508	42	STIM=n
21128112	42	RESP=1
21137686	42	STIM=j
21142061	42	RESP=1
21153392	42	STIM=4
21157589	42	RESP=2
21169800	42	STIM=f
21182012	42	RESP=1
21187262	42	STIM=r
21191000	42	RESP=1
21204619	42	STIM=c
21208971	42	RESP=1
21219930	42	STIM=t
21226552	42	RESP=1
21238885	42	STIM=z
21246473	42	RESP=1
21255533	42	STIM=3
21261203	42	RESP=2
21273036	42	STIM=g
21280191	42	RESP=1
21290860	42	STIM=y
21299672	42	RESP=1
21307513	42	STIM=d
21311506	42	RESP=1
21322949	42	STIM=c
21330126	42	RESP=1
21339905	42	STIM=2
21346766	42	RESP=2
21358847	42	STIM=l
21363144	42	RESP=1
21374313	42	STIM=l
21381481	42	RESP=1
21392877	42	STIM=a
21398629	42	RESP=1
21407912	42	STIM=f
21417148	42	RESP=1
21425536	42	STIM=t
21430436	42	RESP=1
21440576	42	STIM=p
21446158	42	RESP=1
21458977	42	STIM=o
21462436	42	RESP=1
21477324	42	STIM=v
21481770	42	RESP=1
21492923	42	STIM=k
21495635	42	RESP=1
21510628	42	STIM=a
21517872	42	RESP=1
21528713	42	STIM=q
21538706	42	RESP=1
21543773	42	STIM=q
21549072	42	RESP=1
21561898	42	STIM=5
21571359	42	RESP=2
21580819	42	STIM=5
21587143	42	RESP=2
21599210	42	STIM=w
21603269	42	RESP=1
21615319	42	STIM=1
21627861	42	RESP=2
21630620	42	STIM=u
21636055	42	RESP=1
21648412	42	STIM=a
21656949	42	RESP=1
21664937	42	STIM=9
21671921	42	RESP=2
21682923	42	STIM=2
21688614	42	RESP=2
21699894	42	STIM=o
21703927	42	RESP=1
21718116	42	STIM=w
21723018	42	RESP=1
21735492	42	STIM=n
21740040	42	RESP=1
21751919	42	STIM=m
21759292	42	RESP=1
21770112	42	STIM=m
21775038	42	RESP=1
21785464	42	STIM=m
21792830	42	RESP=1
21801224	42	STIM=e
21805128	42	RESP=1
