# Original filename: 0039_LYN_2016-09-26.log
# Time unit: 100 us
# RARECAT=digit
#
# Time	HHGG	Event
28519	42	STIM=v
32408	42	RESP=1
44539	42	STIM=l
52932	42	RESP=1
63357	42	STIM=3
67984	42	RESP=2
80035	42	STIM=r
84671	42	RESP=1
95632	42	STIM=w
102761	42	RESP=1
112623	42	STIM=z
119560	42	RESP=1
128979	42	STIM=n
138818	42	RESP=1
147288	42	STIM=v
151546	42	RESP=1
163015	42	STIM=r
166171	42	RESP=1
181474	42	STIM=r
187029	42	RESP=1
196886	42	STIM=e
204277	42	RESP=2
215864	42	STIM=r
225563	42	RESP=1
231532	42	STIM=x
240259	42	RESP=1
250273	42	STIM=q
253060	42	RESP=1
265877	42	STIM=d
271440	42	RESP=1
284305	42	STIM=v
290515	42	RESP=1
299849	42	STIM=o
303635	42	RESP=1
318748	42	STIM=4
325307	42	RESP=2
335314	42	STIM=n
341486	42	RESP=1
354253	42	STIM=d
360717	42	RESP=1
372457	42	STIM=g
377800	42	RESP=1
389392	42	STIM=w
396751	42	RESP=1
406441	42	STIM=m
413273	42	RESP=1
423618	42	STIM=e
432211	42	RESP=1
440730	42	STIM=x
444249	42	RESP=1
457420	42	STIM=n
462507	42	RESP=2
473420	42	STIM=3
477746	42	RESP=2
491321	42	STIM=i
502174	42	RESP=1
508404	42	STIM=x
513943	42	RESP=1
525175	42	STIM=p
530957	42	RESP=1
541167	42	STIM=r
546289	42	RESP=1
559791	42	STIM=u
564874	42	RESP=1
576165	42	STIM=e
583904	42	RESP=2
593027	42	STIM=m
601146	42	RESP=1
608890	42	STIM=x
611937	42	RESP=1
625679	42	STIM=h
629884	42	RESP=1
641977	42	STIM=d
646659	42	RESP=1
659178	42	STIM=r
664872	42	RESP=1
674849	42	STIM=6
680796	42	RESP=2
690505	42	STIM=h
695128	42	RESP=1
709318	42	STIM=g
714421	42	RESP=1
725468	42	STIM=0
730495	42	RESP=2
742543	42	STIM=z
746754	42	RESP=1
758583	42	STIM=4
763430	42	RESP=2
774313	42	STIM=r
778820	42	RESP=2
791808	42	STIM=y
796489	42	RESP=1
810522	42	STIM=q
818479	42	RESP=1
828418	42	STIM=q
835799	42	RESP=1
845251	42	STIM=3
850547	42	RESP=2
860553	42	STIM=e
868291	42	RESP=1
879366	42	STIM=n
882829	42	RESP=1
896717	42	STIM=z
900823	42	RESP=1
915529	42	STIM=o
922619	42	RESP=1
934439	42	STIM=r
939130	42	RESP=1
952501	42	STIM=f
966601	42	RESP=1
970861	42	STIM=w
977322	42	RESP=1
986080	42	STIM=t
991480	42	RESP=1
1001531	42	STIM=a
1008050	42	RESP=1
1020337	42	STIM=g
1027344	42	RESP=1
1036361	42	STIM=l
1043888	42	RESP=1
1051553	42	STIM=v
1055009	42	RESP=1
1066974	42	STIM=c
1073332	42	RESP=1
1082649	42	STIM=6
1089139	42	RESP=2
1099248	42	STIM=d
1108770	42	RESP=1
1115540	42	STIM=0
1125702	42	RESP=2
1132389	42	STIM=o
1135760	42	RESP=1
1151345	42	STIM=k
1155984	42	RESP=1
1168316	42	STIM=9
1175081	42	RESP=2
1185573	42	STIM=1
1190903	42	RESP=1
1204103	42	STIM=9
1212828	42	RESP=2
1220660	42	STIM=l
1227143	42	RESP=1
1237566	42	STIM=3
1246931	42	RESP=2
1254184	42	STIM=y
1264915	42	RESP=1
1269423	42	STIM=p
1278842	42	RESP=1
1287364	42	STIM=h
1294286	42	RESP=1
1304426	42	STIM=m
1308522	42	RESP=1
1320392	42	STIM=q
1326940	42	RESP=1
1337199	42	STIM=j
1343310	42	RESP=1
1354159	42	STIM=e
1364820	42	RESP=2
1371752	42	STIM=3
1376746	42	RESP=2
1386912	42	STIM=p
1392875	42	RESP=1
1403199	42	STIM=g
1407859	42	RESP=1
1419786	42	STIM=i
1423343	42	RESP=1
1436848	42	STIM=g
1443271	42	RESP=1
1455290	42	STIM=a
1461355	42	RESP=1
1470340	42	STIM=a
1477378	42	RESP=1
1487348	42	STIM=t
1493528	42	RESP=1
1503352	42	STIM=b
1506115	42	RESP=1
1519288	42	STIM=z
1525262	42	RESP=1
1534507	42	STIM=u
1538457	42	RESP=1
1550149	42	STIM=j
1553287	42	RESP=1
1568378	42	STIM=a
1574192	42	RESP=1
1586150	42	STIM=8
1592576	42	RESP=2
1604013	42	STIM=k
1611982	42	RESP=1
1620484	42	STIM=o
1627072	42	RESP=1
1639419	42	STIM=k
1648313	42	RESP=2
1655182	42	STIM=e
1658727	42	RESP=1
1673308	42	STIM=s
1685160	42	RESP=1
1689527	42	STIM=q
1692971	42	RESP=1
1704873	42	STIM=5
1710927	42	RESP=2
1721303	42	STIM=v
1724945	42	RESP=1
1739197	42	STIM=9
1748129	42	RESP=2
1756555	42	STIM=s
1760491	42	RESP=1
1772797	42	STIM=r
1779593	42	RESP=1
1788086	42	STIM=d
1791718	42	RESP=1
1806548	42	STIM=o
1816697	42	RESP=1
1824526	42	STIM=m
1830195	42	RESP=1
1842593	42	STIM=x
1849908	42	RESP=1
1858639	42	STIM=k
1864842	42	RESP=1
1875700	42	STIM=x
1880994	42	RESP=1
1891114	42	STIM=0
1899882	42	RESP=2
1908588	42	STIM=2
1914648	42	RESP=2
1927317	42	STIM=k
1932253	42	RESP=2
1942550	42	STIM=d
1947512	42	RESP=1
1958859	42	STIM=c
1965320	42	RESP=1
1975177	42	STIM=n
1981458	42	RESP=1
1990726	42	STIM=t
1995396	42	RESP=1
2006509	42	STIM=c
2009361	42	RESP=1
2025060	42	STIM=w
2028878	42	RESP=1
2041264	42	STIM=n
2047315	42	RESP=1
2058566	42	STIM=2
2065446	42	RESP=2
2076290	42	STIM=g
2082650	42	RESP=1
2094760	42	STIM=r
2101869	42	RESP=1
2111901	42	STIM=5
2119294	42	RESP=2
2128925	42	STIM=z
2134026	42	RESP=1
2146994	42	STIM=h
2150844	42	RESP=1
2163364	42	STIM=b
2169638	42	RESP=1
2180323	42	STIM=2
2188426	42	RESP=2
2197080	42	STIM=8
2208176	42	RESP=2
2212551	42	STIM=y
2224798	42	RESP=1
2231058	42	STIM=o
2240610	42	RESP=1
2246918	42	STIM=f
2258264	42	RESP=1
2265097	42	STIM=b
2268761	42	RESP=1
2282807	42	STIM=l
2294313	42	RESP=1
2299374	42	STIM=j
2305268	42	RESP=1
2315475	42	STIM=v
2320196	42	RESP=1
2331987	42	STIM=l
2335346	42	RESP=1
2347081	42	STIM=p
2354810	42	RESP=1
2365308	42	STIM=c
2372624	42	RESP=1
2381113	42	STIM=v
2390594	42	RESP=1
2399734	42	STIM=2
2404968	42	RESP=2
2417566	42	STIM=i
2421513	42	RESP=1
2432855	42	STIM=l
2436077	42	RESP=1
2450645	42	STIM=v
2459451	42	RESP=1
2468910	42	STIM=j
2473715	42	RESP=1
2484859	42	STIM=2
2490452	42	RESP=2
2501117	42	STIM=x
2507767	42	RESP=1
2519479	42	STIM=c
2525754	42	RESP=1
2538238	42	STIM=8
2546332	42	RESP=2
2554580	42	STIM=k
2558829	42	RESP=1
2572370	42	STIM=j
2578020	42	RESP=1
2590379	42	STIM=y
2593263	42	RESP=1
2606298	42	STIM=i
2612325	42	RESP=1
2623581	42	STIM=w
2629218	42	RESP=1
2639052	42	STIM=s
2643355	42	RESP=1
2654614	42	STIM=o
2660178	42	RESP=1
2670809	42	STIM=g
2675758	42	RESP=1
2689174	42	STIM=p
2693786	42	RESP=1
2704336	42	STIM=q
2712822	42	RESP=1
2720296	42	STIM=7
2727589	42	RESP=2
2736839	42	STIM=c
2745370	42	RESP=1
2755786	42	STIM=4
2764010	42	RESP=2
2772125	42	STIM=n
2780508	42	RESP=1
2788169	42	STIM=p
2792121	42	RESP=1
2804870	42	STIM=2
2810671	42	RESP=2
2822273	42	STIM=k
2825660	42	RESP=1
2838920	42	STIM=3
2851364	42	RESP=1
2855601	42	STIM=n
2858996	42	RESP=1
2874595	42	STIM=a
2881454	42	RESP=1
2891384	42	STIM=l
2896871	42	RESP=1
2907262	42	STIM=4
2913505	42	RESP=2
2926255	42	STIM=h
2931551	42	RESP=1
2942383	42	STIM=p
2946783	42	RESP=1
2960135	42	STIM=9
2966192	42	RESP=2
2976729	42	STIM=s
2983090	42	RESP=1
2993796	42	STIM=o
2998386	42	RESP=1
3011600	42	STIM=x
3016026	42	RESP=1
3030380	42	STIM=d
3037142	42	RESP=1
3046931	42	STIM=3
3052526	42	RESP=2
3062223	42	STIM=k
3068733	42	RESP=1
3079245	42	STIM=j
3084063	42	RESP=1
3097352	42	STIM=2
3103740	42	RESP=1
3113146	42	STIM=i
3118820	42	RESP=1
3129302	42	STIM=l
3135877	42	RESP=1
3147333	42	STIM=a
3151819	42	RESP=1
3164427	42	STIM=l
3169265	42	RESP=1
3179649	42	STIM=u
3185167	42	RESP=1
3195301	42	STIM=p
3203875	42	RESP=1
3213025	42	STIM=q
3218356	42	RESP=1
3229319	42	STIM=f
3235043	42	RESP=1
3245743	42	STIM=t
3250320	42	RESP=1
3264351	42	STIM=i
3268786	42	RESP=2
3281777	42	STIM=y
3288477	42	RESP=2
3298732	42	STIM=k
3303971	42	RESP=1
3317200	42	STIM=x
3327031	42	RESP=1
3333962	42	STIM=f
3339552	42	RESP=1
3349136	42	STIM=p
3354883	42	RESP=1
3364959	42	STIM=v
3367918	42	RESP=1
3382255	42	STIM=j
3392350	42	RESP=1
3399171	42	STIM=z
3409414	42	RESP=1
3416607	42	STIM=i
3425404	42	RESP=1
3433442	42	STIM=v
3438766	42	RESP=1
3452201	42	STIM=l
3459952	42	RESP=1
3470415	42	STIM=9
3475036	42	RESP=2
3486693	42	STIM=s
3492621	42	RESP=1
3503277	42	STIM=9
3510260	42	RESP=2
3518633	42	STIM=2
3523829	42	RESP=2
3536383	42	STIM=w
3541171	42	RESP=1
3555200	42	STIM=f
3562274	42	RESP=1
3572166	42	STIM=z
3580181	42	RESP=1
3590648	42	STIM=2
3594615	42	RESP=1
3608763	42	STIM=s
3613165	42	RESP=1
3624946	42	STIM=2
3629446	42	RESP=2
3641825	42	STIM=3
3646139	42	RESP=2
3656930	42	STIM=z
3664076	42	RESP=1
3674901	42	STIM=b
3681404	42	RESP=1
3693108	42	STIM=r
3697190	42	RESP=1
3711167	42	STIM=d
3719275	42	RESP=1
3726854	42	STIM=i
3732112	42	RESP=1
3744651	42	STIM=o
3750734	42	RESP=1
3762177	42	STIM=b
3768374	42	RESP=1
3778733	42	STIM=q
3784826	42	RESP=1
3793991	42	STIM=c
3797625	42	RESP=1
3809051	42	STIM=r
3813781	42	RESP=1
3825269	42	STIM=p
3832135	42	RESP=1
3843425	42	STIM=1
3853655	42	RESP=2
3860124	42	STIM=n
3865272	42	RESP=1
3876933	42	STIM=l
3889615	42	RESP=1
3893189	42	STIM=g
3896852	42	RESP=1
3908331	42	STIM=e
3915538	42	RESP=1
3925525	42	STIM=s
3930873	42	RESP=1
3942636	42	STIM=x
3951105	42	RESP=1
3960081	42	STIM=a
3965474	42	RESP=1
3976091	42	STIM=t
3984999	42	RESP=1
3993592	42	STIM=r
3999560	42	RESP=1
4009405	42	STIM=h
4014118	42	RESP=1
4027641	42	STIM=8
4032750	42	RESP=1
4044119	42	STIM=l
4050730	42	RESP=1
4063056	42	STIM=m
4067632	42	RESP=1
4081668	42	STIM=a
4089275	42	RESP=1
4098882	42	STIM=h
4105391	42	RESP=1
4115485	42	STIM=4
4119770	42	RESP=2
4133688	42	STIM=r
4139756	42	RESP=1
4151717	42	STIM=i
4157878	42	RESP=1
4168075	42	STIM=s
4172926	42	RESP=1
4183431	42	STIM=a
4188438	42	RESP=1
4198558	42	STIM=7
4203405	42	RESP=2
4215547	42	STIM=j
4221743	42	RESP=1
4232186	42	STIM=w
4236379	42	RESP=1
4249385	42	STIM=c
4256343	42	RESP=1
4264562	42	STIM=v
4268211	42	RESP=1
4283039	42	STIM=m
4288793	42	RESP=1
4300089	42	STIM=z
4305032	42	RESP=2
4317439	42	STIM=r
4323422	42	RESP=1
4336347	42	STIM=m
4339845	42	RESP=1
4355157	42	STIM=w
4361444	42	RESP=1
4370272	42	STIM=d
4377270	42	RESP=1
4387237	42	STIM=n
4392731	42	RESP=1
4403182	42	STIM=l
4412006	42	RESP=1
4419105	42	STIM=9
4427288	42	RESP=2
4437345	42	STIM=a
4443289	42	RESP=1
4453977	42	STIM=7
4460861	42	RESP=2
4469848	42	STIM=k
4472869	42	RESP=1
4488675	42	STIM=6
4494995	42	RESP=2
4506504	42	STIM=p
4509830	42	RESP=1
4522539	42	STIM=g
4525268	42	RESP=1
4537913	42	STIM=y
4545084	42	RESP=1
4554708	42	STIM=i
4558157	42	RESP=1
4571659	42	STIM=w
4576587	42	RESP=2
4589559	42	STIM=y
4595825	42	RESP=1
4608015	42	STIM=z
4611046	42	RESP=1
4626258	42	STIM=v
4637386	42	RESP=1
4644198	42	STIM=b
4649516	42	RESP=1
4659545	42	STIM=i
4665093	42	RESP=1
4676282	42	STIM=0
4680938	42	RESP=2
4692575	42	STIM=h
4699135	42	RESP=1
4709000	42	STIM=v
4714796	42	RESP=1
4725524	42	STIM=4
4732920	42	RESP=1
4742096	42	STIM=l
4748693	42	RESP=1
4759956	42	STIM=k
4765186	42	RESP=1
4775930	42	STIM=t
4782568	42	RESP=1
4793324	42	STIM=c
4796120	42	RESP=1
4810762	42	STIM=a
4816747	42	RESP=1
4829060	42	STIM=e
4832014	42	RESP=1
4844308	42	STIM=u
4851954	42	RESP=1
4859623	42	STIM=b
4863052	42	RESP=1
4876706	42	STIM=a
4884561	42	RESP=1
4891831	42	STIM=i
4894793	42	RESP=1
4909824	42	STIM=a
4915256	42	RESP=1
4926842	42	STIM=6
4932297	42	RESP=2
4945740	42	STIM=x
4948583	42	RESP=1
4962886	42	STIM=p
4967643	42	RESP=1
4978942	42	STIM=9
4985901	42	RESP=2
4995116	42	STIM=k
4999819	42	RESP=1
5012362	42	STIM=1
5018059	42	RESP=2
5030405	42	STIM=4
5038704	42	RESP=2
5048883	42	STIM=7
5054259	42	RESP=2
5067453	42	STIM=n
5072157	42	RESP=1
5085158	42	STIM=s
5092385	42	RESP=1
5101432	42	STIM=m
5109522	42	RESP=1
5117193	42	STIM=w
5125012	42	RESP=1
5133612	42	STIM=z
5140052	42	RESP=1
5151061	42	STIM=q
5155516	42	RESP=1
5168846	42	STIM=i
5175331	42	RESP=1
5185133	42	STIM=4
5192329	42	RESP=1
5203998	42	STIM=z
5210053	42	RESP=1
5221669	42	STIM=z
5225341	42	RESP=1
5237307	42	STIM=g
5249244	42	RESP=1
5255458	42	STIM=4
5262592	42	RESP=2
5270962	42	STIM=z
5274561	42	RESP=2
5287550	42	STIM=1
5291697	42	RESP=2
5306105	42	STIM=j
5311355	42	RESP=1
5322286	42	STIM=u
5326793	42	RESP=1
5341220	42	STIM=o
5348119	42	RESP=1
5357698	42	STIM=u
5361280	42	RESP=1
5372724	42	STIM=q
5379808	42	RESP=1
5389370	42	STIM=9
5395664	42	RESP=2
5404499	42	STIM=e
5413341	42	RESP=1
5421252	42	STIM=6
5425760	42	RESP=2
5438737	42	STIM=q
5446293	42	RESP=1
5455114	42	STIM=2
5459376	42	RESP=1
5473169	42	STIM=f
5481622	42	RESP=1
5489038	42	STIM=w
5498411	42	RESP=1
5506590	42	STIM=0
5510341	42	RESP=2
5522569	42	STIM=e
5528014	42	RESP=2
5540171	42	STIM=5
5548469	42	RESP=2
5557675	42	STIM=u
5565423	42	RESP=1
5573612	42	STIM=s
5576265	42	RESP=1
5591821	42	STIM=o
5597243	42	RESP=1
5607725	42	STIM=i
5611187	42	RESP=1
5624167	42	STIM=m
5629148	42	RESP=2
5641235	42	STIM=x
5650505	42	RESP=1
5660217	42	STIM=j
5665440	42	RESP=1
5676678	42	STIM=m
5681593	42	RESP=1
5694033	42	STIM=v
5700915	42	RESP=1
5712393	42	STIM=i
5717158	42	RESP=1
5731332	42	STIM=f
5737032	42	RESP=1
5749781	42	STIM=j
5753667	42	RESP=1
5768746	42	STIM=e
5773724	42	RESP=1
5786175	42	STIM=z
5790461	42	RESP=1
5801393	42	STIM=y
5806563	42	RESP=1
5816816	42	STIM=d
5820593	42	RESP=2
5832082	42	STIM=k
5837077	42	RESP=1
5848236	42	STIM=e
5851950	42	RESP=1
5866276	42	STIM=p
5872336	42	RESP=1
5883464	42	STIM=a
5887475	42	RESP=1
5900288	42	STIM=n
5903367	42	RESP=1
5918709	42	STIM=0
5924082	42	RESP=2
5934646	42	STIM=4
5940700	42	RESP=2
5952890	42	STIM=q
5957547	42	RESP=1
5968543	42	STIM=s
5977412	42	RESP=1
5986397	42	STIM=f
5992922	42	RESP=1
6001806	42	STIM=l
6004144	42	RESP=1
6017523	42	STIM=r
6021543	42	RESP=1
6034445	42	STIM=z
6037440	42	RESP=1
6053254	42	STIM=o
6058704	42	RESP=1
6068394	42	STIM=0
6073296	42	RESP=2
6086683	42	STIM=w
6091267	42	RESP=1
6103646	42	STIM=h
6114422	42	RESP=1
6119099	42	STIM=w
6125354	42	RESP=1
6137995	42	STIM=c
6142239	42	RESP=1
6153645	42	STIM=h
6160373	42	RESP=1
6170482	42	STIM=o
6174686	42	RESP=2
6188639	42	STIM=y
6196051	42	RESP=1
6204626	42	STIM=k
6207462	42	RESP=1
6221927	42	STIM=i
6231584	42	RESP=1
6237323	42	STIM=n
6243892	42	RESP=1
6254630	42	STIM=b
6260544	42	RESP=1
6271278	42	STIM=i
6279602	42	RESP=1
6290207	42	STIM=d
6295039	42	RESP=1
6305398	42	STIM=o
6310736	42	RESP=1
6323691	42	STIM=q
6329757	42	RESP=1
6340781	42	STIM=h
6346635	42	RESP=1
6356041	42	STIM=s
6361343	42	RESP=1
6374638	42	STIM=d
6380363	42	RESP=1
6389899	42	STIM=f
6392782	42	RESP=1
6406730	42	STIM=i
6414119	42	RESP=1
6425021	42	STIM=w
6432984	42	RESP=1
6440175	42	STIM=7
6450582	42	RESP=1
6458832	42	STIM=k
6464547	42	RESP=1
6476531	42	STIM=m
6480944	42	RESP=1
6493027	42	STIM=d
6497463	42	RESP=1
6509648	42	STIM=d
6514838	42	RESP=1
6525037	42	STIM=h
6533281	42	RESP=1
6542855	42	STIM=6
6549154	42	RESP=1
6560180	42	STIM=j
6569282	42	RESP=1
6575866	42	STIM=1
6584175	42	RESP=2
6594339	42	STIM=g
6599196	42	RESP=2
6613242	42	STIM=q
6616311	42	RESP=1
6631608	42	STIM=a
6636530	42	RESP=1
6647126	42	STIM=b
6650304	42	RESP=1
6663309	42	STIM=d
6671646	42	RESP=1
6679770	42	STIM=n
6684143	42	RESP=2
6698258	42	STIM=y
6704675	42	RESP=1
6717099	42	STIM=3
6722934	42	RESP=2
6732846	42	STIM=k
6740021	42	RESP=1
6748371	42	STIM=g
6751794	42	RESP=1
6766522	42	STIM=3
6774104	42	RESP=2
6782913	42	STIM=a
6787066	42	RESP=1
6799973	42	STIM=b
6804130	42	RESP=1
6815050	42	STIM=8
6823944	42	RESP=2
6832622	42	STIM=k
6835699	42	RESP=1
6851206	42	STIM=w
6856102	42	RESP=1
6866590	42	STIM=e
6874889	42	RESP=1
6883877	42	STIM=k
6887609	42	RESP=1
6900575	42	STIM=1
6905833	42	RESP=2
6919372	42	STIM=p
6923752	42	RESP=1
6934937	42	STIM=z
6939042	42	RESP=1
6951436	42	STIM=k
6958652	42	RESP=1
6969273	42	STIM=y
6976347	42	RESP=1
6986539	42	STIM=c
6991104	42	RESP=1
7004417	42	STIM=q
7009477	42	RESP=1
7020737	42	STIM=7
7026397	42	RESP=2
7039340	42	STIM=k
7044791	42	RESP=1
7057999	42	STIM=x
7061748	42	RESP=1
7073335	42	STIM=k
7078593	42	RESP=1
7089049	42	STIM=p
7097685	42	RESP=1
7104612	42	STIM=4
7108917	42	RESP=2
7121619	42	STIM=t
7129576	42	RESP=1
7137217	42	STIM=1
7142188	42	RESP=2
7152887	42	STIM=2
7159884	42	RESP=2
7170462	42	STIM=h
7175844	42	RESP=1
7188880	42	STIM=k
7196145	42	RESP=1
7206687	42	STIM=8
7211881	42	RESP=2
7224217	42	STIM=c
7231686	42	RESP=1
7239769	42	STIM=n
7243479	42	RESP=1
7256238	42	STIM=z
7260498	42	RESP=1
7275054	42	STIM=t
7281272	42	RESP=1
7290244	42	STIM=q
7293703	42	RESP=1
7308723	42	STIM=i
7316567	42	RESP=1
7325612	42	STIM=w
7330357	42	RESP=1
7341867	42	STIM=m
7346578	42	RESP=1
7357420	42	STIM=r
7363468	42	RESP=1
7375449	42	STIM=o
7380629	42	RESP=1
7393318	42	STIM=o
7400276	42	RESP=1
7409388	42	STIM=m
7416436	42	RESP=1
7425230	42	STIM=c
7431296	42	RESP=1
7441388	42	STIM=8
7449940	42	RESP=1
7458798	42	STIM=g
7464705	42	RESP=1
7477451	42	STIM=4
7482418	42	RESP=2
7493416	42	STIM=9
7497560	42	RESP=2
7511709	42	STIM=t
7515246	42	RESP=1
7526760	42	STIM=y
7533192	42	RESP=1
7542097	42	STIM=z
7547663	42	RESP=1
7558600	42	STIM=1
7570437	42	RESP=2
7575694	42	STIM=c
7584739	42	RESP=1
7593646	42	STIM=p
7599416	42	RESP=2
7611522	42	STIM=s
7618424	42	RESP=1
7627071	42	STIM=q
7634902	42	RESP=1
7642888	42	STIM=m
7646795	42	RESP=1
7659612	42	STIM=3
7665140	42	RESP=2
7678344	42	STIM=f
7686952	42	RESP=1
7696758	42	STIM=1
7702493	42	RESP=2
7711778	42	STIM=f
7719978	42	RESP=1
7726987	42	STIM=y
7733664	42	RESP=2
7745356	42	STIM=a
7749146	42	RESP=1
7760358	42	STIM=v
7763815	42	RESP=1
7775592	42	STIM=t
7780226	42	RESP=2
7794239	42	STIM=f
7802772	42	RESP=1
7813102	42	STIM=6
7819955	42	RESP=2
7829609	42	STIM=g
7835101	42	RESP=1
7846491	42	STIM=d
7851368	42	RESP=1
7861717	42	STIM=y
7864291	42	RESP=1
7877001	42	STIM=w
7882407	42	RESP=1
7892541	42	STIM=h
7897550	42	RESP=1
7908477	42	STIM=s
7914151	42	RESP=1
7925727	42	STIM=o
7933461	42	RESP=1
7941535	42	STIM=n
7948537	42	RESP=1
7958037	42	STIM=4
7965003	42	RESP=2
7973744	42	STIM=p
7978595	42	RESP=1
7990062	42	STIM=w
7996538	42	RESP=1
8008871	42	STIM=e
8011851	42	RESP=1
8027249	42	STIM=v
8032536	42	RESP=2
8044675	42	STIM=o
8049232	42	RESP=1
8061013	42	STIM=f
8066684	42	RESP=1
8078339	42	STIM=u
8092673	42	RESP=1
8094209	42	STIM=u
8098211	42	RESP=1
8110956	42	STIM=e
8117078	42	RESP=1
8129177	42	STIM=2
8135362	42	RESP=2
8144421	42	STIM=z
8147997	42	RESP=1
8160004	42	STIM=d
8169062	42	RESP=1
8177057	42	STIM=d
8182066	42	RESP=1
8192523	42	STIM=d
8198495	42	RESP=1
8211221	42	STIM=h
8215797	42	RESP=1
8229154	42	STIM=4
8237484	42	RESP=1
8245248	42	STIM=0
8253574	42	RESP=2
8261736	42	STIM=x
8267193	42	RESP=1
8280583	42	STIM=y
8286275	42	RESP=1
8296066	42	STIM=5
8301447	42	RESP=2
8314442	42	STIM=h
8319409	42	RESP=1
8332108	42	STIM=7
8336582	42	RESP=2
8348648	42	STIM=n
8353795	42	RESP=1
8365044	42	STIM=2
8374371	42	RESP=2
8380730	42	STIM=y
8387219	42	RESP=1
8398710	42	STIM=4
8404841	42	RESP=2
8416267	42	STIM=7
8422025	42	RESP=2
8431946	42	STIM=s
8436862	42	RESP=1
8448090	42	STIM=d
8460652	42	RESP=2
8463694	42	STIM=p
8469491	42	RESP=1
8479278	42	STIM=h
8484727	42	RESP=1
8495114	42	STIM=l
8498612	42	RESP=1
8513006	42	STIM=o
8518867	42	RESP=1
8528860	42	STIM=a
8536638	42	RESP=1
8546368	42	STIM=z
8551150	42	RESP=1
8563667	42	STIM=h
8566743	42	RESP=1
8580858	42	STIM=z
8585823	42	RESP=1
8599537	42	STIM=v
8604034	42	RESP=1
8615946	42	STIM=i
8621007	42	RESP=1
8634590	42	STIM=6
8641759	42	RESP=1
8651734	42	STIM=4
8658951	42	RESP=2
8668821	42	STIM=e
8673461	42	RESP=1
8685401	42	STIM=q
8692839	42	RESP=1
8703137	42	STIM=4
8708833	42	RESP=2
8718301	42	STIM=s
8728635	42	RESP=1
8737130	42	STIM=7
8741436	42	RESP=2
8753551	42	STIM=j
8759348	42	RESP=1
8770630	42	STIM=l
8776127	42	RESP=1
8787096	42	STIM=k
8797699	42	RESP=1
8802146	42	STIM=s
8805434	42	RESP=1
8820538	42	STIM=o
8826084	42	RESP=1
8838226	42	STIM=u
8842944	42	RESP=1
8856741	42	STIM=u
8866637	42	RESP=1
8873059	42	STIM=d
8878469	42	RESP=1
8890904	42	STIM=3
8899563	42	RESP=2
8907794	42	STIM=t
8911502	42	RESP=1
8923298	42	STIM=u
8927357	42	RESP=1
8941501	42	STIM=3
8949649	42	RESP=2
8958663	42	STIM=j
8963948	42	RESP=1
8976754	42	STIM=3
8981925	42	RESP=2
8992029	42	STIM=o
8996917	42	RESP=1
9007199	42	STIM=k
9011071	42	RESP=1
9024732	42	STIM=9
9030294	42	RESP=2
9041793	42	STIM=t
9050796	42	RESP=1
9056963	42	STIM=p
9062713	42	RESP=1
9072366	42	STIM=h
9076768	42	RESP=1
9091315	42	STIM=i
9101338	42	RESP=1
9107539	42	STIM=l
9111927	42	RESP=1
9125669	42	STIM=a
9132562	42	RESP=1
9142951	42	STIM=f
9147296	42	RESP=1
9159589	42	STIM=b
9167075	42	RESP=1
9178446	42	STIM=t
9183229	42	RESP=1
9194944	42	STIM=t
9199197	42	RESP=1
9213070	42	STIM=0
9218244	42	RESP=2
9228938	42	STIM=r
9232098	42	RESP=1
9246229	42	STIM=1
9251877	42	RESP=2
9261594	42	STIM=u
9265460	42	RESP=1
9279555	42	STIM=c
9284629	42	RESP=1
9297575	42	STIM=3
9305255	42	RESP=1
9313055	42	STIM=x
9317607	42	RESP=1
9329234	42	STIM=y
9337340	42	RESP=1
9348083	42	STIM=v
9355147	42	RESP=1
9365758	42	STIM=0
9372521	42	RESP=2
9383973	42	STIM=0
9389459	42	RESP=1
9400061	42	STIM=4
9407780	42	RESP=2
9418282	42	STIM=g
9424180	42	RESP=1
9434594	42	STIM=i
9438925	42	RESP=1
9453095	42	STIM=0
9460607	42	RESP=2
9471490	42	STIM=e
9478318	42	RESP=1
9487242	42	STIM=a
9496133	42	RESP=1
9502709	42	STIM=d
9508270	42	RESP=1
9519637	42	STIM=v
9524903	42	RESP=1
9537279	42	STIM=s
9541076	42	RESP=1
9555816	42	STIM=r
9562199	42	RESP=1
9574567	42	STIM=9
9580648	42	RESP=2
9591561	42	STIM=e
9602496	42	RESP=1
9606669	42	STIM=a
9612378	42	RESP=1
9622493	42	STIM=l
9626087	42	RESP=1
9639457	42	STIM=i
9644913	42	RESP=1
9656122	42	STIM=d
9660312	42	RESP=1
9671284	42	STIM=d
9675543	42	RESP=1
9690002	42	STIM=5
9696006	42	RESP=2
9708040	42	STIM=r
9711996	42	RESP=1
9724429	42	STIM=1
9730340	42	RESP=2
9741352	42	STIM=l
9748890	42	RESP=1
9760207	42	STIM=o
9765227	42	RESP=1
9777612	42	STIM=u
9782177	42	RESP=1
9794417	42	STIM=y
9798775	42	RESP=1
9810170	42	STIM=g
9815039	42	RESP=1
9826075	42	STIM=5
9832887	42	RESP=2
9844358	42	STIM=6
9853517	42	RESP=2
9861048	42	STIM=p
9870676	42	RESP=1
9876600	42	STIM=2
9886664	42	RESP=2
9893198	42	STIM=h
9899012	42	RESP=1
9910638	42	STIM=7
9917150	42	RESP=2
9928964	42	STIM=c
9932466	42	RESP=1
9946921	42	STIM=s
9951814	42	RESP=1
9962248	42	STIM=t
9965318	42	RESP=1
9980280	42	STIM=i
9989151	42	RESP=1
9996351	42	STIM=i
10001701	42	RESP=1
10013270	42	STIM=u
10019708	42	RESP=1
10029475	42	STIM=v
10034497	42	RESP=1
10045968	42	STIM=l
10052142	42	RESP=1
10063206	42	STIM=d
10069185	42	RESP=1
10078700	42	STIM=n
10084347	42	RESP=1
10096552	42	STIM=u
10104083	42	RESP=1
10115142	42	STIM=n
10119608	42	RESP=1
10132933	42	STIM=a
10136349	42	RESP=1
10148469	42	STIM=k
10157559	42	RESP=1
10166329	42	STIM=y
10170904	42	RESP=1
10183998	42	STIM=s
10188989	42	RESP=1
10200121	42	STIM=g
10205537	42	RESP=1
10216844	42	STIM=c
10223680	42	RESP=1
10235698	42	STIM=i
10239778	42	RESP=1
10253381	42	STIM=h
10260573	42	RESP=1
10270869	42	STIM=n
10274964	42	RESP=1
10289367	42	STIM=7
10295788	42	RESP=2
10306332	42	STIM=r
10315195	42	RESP=1
10323653	42	STIM=p
10328946	42	RESP=1
10340090	42	STIM=o
10346883	42	RESP=1
10357210	42	STIM=u
10360345	42	RESP=1
10373437	42	STIM=g
10378295	42	RESP=1
10390427	42	STIM=n
10395162	42	RESP=1
10407788	42	STIM=u
10415094	42	RESP=1
10426327	42	STIM=c
10429436	42	RESP=1
10444905	42	STIM=t
10448883	42	RESP=1
10463320	42	STIM=o
10468171	42	RESP=1
10479733	42	STIM=2
10484562	42	RESP=2
10497141	42	STIM=p
10505349	42	RESP=1
10513196	42	STIM=4
10519188	42	RESP=2
10531812	42	STIM=k
10543858	42	RESP=1
10546916	42	STIM=b
10555492	42	RESP=1
10565217	42	STIM=u
10570156	42	RESP=1
10583501	42	STIM=9
10591873	42	RESP=2
10600566	42	STIM=v
10604365	42	RESP=1
10618381	42	STIM=i
10621570	42	RESP=1
10635248	42	STIM=p
10641789	42	RESP=1
10653429	42	STIM=e
10658894	42	RESP=1
10668705	42	STIM=u
10676711	42	RESP=1
10687449	42	STIM=x
10691332	42	RESP=1
10706052	42	STIM=c
10710956	42	RESP=1
10721593	42	STIM=2
10727459	42	RESP=2
10738685	42	STIM=6
10742666	42	RESP=1
10757568	42	STIM=q
10767123	42	RESP=1
10774814	42	STIM=3
10780464	42	RESP=2
10792352	42	STIM=n
10796092	42	RESP=1
10808079	42	STIM=i
10813579	42	RESP=1
10824304	42	STIM=a
10827936	42	RESP=2
10843183	42	STIM=a
10847710	42	RESP=1
10861527	42	STIM=m
10864450	42	RESP=1
10878459	42	STIM=e
10883973	42	RESP=1
10893648	42	STIM=z
10901129	42	RESP=1
10908716	42	STIM=2
10917834	42	RESP=1
10926816	42	STIM=u
10932782	42	RESP=1
10942466	42	STIM=a
10948310	42	RESP=1
10961377	42	STIM=j
10966156	42	RESP=1
10978854	42	STIM=f
10986898	42	RESP=1
10993967	42	STIM=m
10998301	42	RESP=1
11011980	42	STIM=z
11015205	42	RESP=1
11028009	42	STIM=7
11033178	42	RESP=2
11044694	42	STIM=2
11050811	42	RESP=2
11060117	42	STIM=k
11064074	42	RESP=1
11076390	42	STIM=z
11081705	42	RESP=1
11092045	42	STIM=i
11096461	42	RESP=1
11107179	42	STIM=j
11114154	42	RESP=1
11125333	42	STIM=s
11138489	42	RESP=1
11143418	42	STIM=g
11147717	42	RESP=1
11159840	42	STIM=v
11172095	42	RESP=1
11176177	42	STIM=d
11181418	42	RESP=1
11192967	42	STIM=j
11195937	42	RESP=1
11209305	42	STIM=i
11214299	42	RESP=2
11225240	42	STIM=k
11229165	42	RESP=1
11242829	42	STIM=1
11249002	42	RESP=2
11258427	42	STIM=w
11267587	42	RESP=1
11273792	42	STIM=h
11280434	42	RESP=1
11292529	42	STIM=4
11298800	42	RESP=2
11310062	42	STIM=z
11314976	42	RESP=1
11326818	42	STIM=d
11334709	42	RESP=1
11344296	42	STIM=i
11348424	42	RESP=1
11363084	42	STIM=2
11371762	42	RESP=2
11381922	42	STIM=h
11388165	42	RESP=1
11399110	42	STIM=w
11402638	42	RESP=1
11416864	42	STIM=4
11422321	42	RESP=1
11432828	42	STIM=2
11439739	42	RESP=2
11450094	42	STIM=3
11455684	42	RESP=2
11466337	42	STIM=y
11472769	42	RESP=1
11482058	42	STIM=2
11489697	42	RESP=2
11497132	42	STIM=y
11503481	42	RESP=1
11514701	42	STIM=8
11520740	42	RESP=2
11532966	42	STIM=p
11540081	42	RESP=1
11551771	42	STIM=r
11554496	42	RESP=1
11570626	42	STIM=n
11575185	42	RESP=1
11587151	42	STIM=2
11596825	42	RESP=1
11602656	42	STIM=y
11607157	42	RESP=1
11618877	42	STIM=r
11624036	42	RESP=1
11637139	42	STIM=q
11640740	42	RESP=2
11653689	42	STIM=1
11660853	42	RESP=2
11671491	42	STIM=g
11676946	42	RESP=1
11687236	42	STIM=9
11691978	42	RESP=2
11703360	42	STIM=v
11711923	42	RESP=1
11720342	42	STIM=k
11728270	42	RESP=1
11737930	42	STIM=t
11742075	42	RESP=1
11755259	42	STIM=v
11758241	42	RESP=1
11773994	42	STIM=j
11777514	42	RESP=1
11790347	42	STIM=7
11796761	42	RESP=2
11807749	42	STIM=i
11813495	42	RESP=1
11824625	42	STIM=8
11831035	42	RESP=2
11840264	42	STIM=h
11848268	42	RESP=1
11856385	42	STIM=p
11860404	42	RESP=1
11873001	42	STIM=o
11879146	42	RESP=1
11890829	42	STIM=5
11901378	42	RESP=2
11909277	42	STIM=d
11918844	42	RESP=2
11924343	42	STIM=h
11930449	42	RESP=1
11942337	42	STIM=7
11948826	42	RESP=2
11960414	42	STIM=t
11966521	42	RESP=1
11975949	42	STIM=z
11983017	42	RESP=1
11994917	42	STIM=u
11998908	42	RESP=1
12009950	42	STIM=m
12014017	42	RESP=1
12026987	42	STIM=b
12030599	42	RESP=1
12045544	42	STIM=x
12049116	42	RESP=1
12061600	42	STIM=9
12066739	42	RESP=2
12080328	42	STIM=t
12084148	42	RESP=1
12096096	42	STIM=9
12105554	42	RESP=2
12114347	42	STIM=y
12121004	42	RESP=1
12130441	42	STIM=j
12135890	42	RESP=1
12146063	42	STIM=y
12150387	42	RESP=1
12161474	42	STIM=1
12167328	42	RESP=2
12178170	42	STIM=g
12186714	42	RESP=1
12196543	42	STIM=j
12203075	42	RESP=1
12212161	42	STIM=e
12217209	42	RESP=1
12229260	42	STIM=y
12234956	42	RESP=1
12247583	42	STIM=t
12255449	42	RESP=1
12266490	42	STIM=o
12272519	42	RESP=1
12281530	42	STIM=s
12288555	42	RESP=1
12298902	42	STIM=q
12305006	42	RESP=1
12317141	42	STIM=a
12326614	42	RESP=1
12333109	42	STIM=d
12337052	42	RESP=1
12348356	42	STIM=e
12353489	42	RESP=1
12364800	42	STIM=4
12372129	42	RESP=1
12382126	42	STIM=z
12386592	42	RESP=2
12397301	42	STIM=b
12406196	42	RESP=1
12415429	42	STIM=v
12421346	42	RESP=1
12434190	42	STIM=s
12441636	42	RESP=1
12452116	42	STIM=2
12458193	42	RESP=2
12467444	42	STIM=0
12475691	42	RESP=2
12485658	42	STIM=2
12493961	42	RESP=2
12501431	42	STIM=c
12513009	42	RESP=1
12520270	42	STIM=n
12526131	42	RESP=1
12538867	42	STIM=3
12547596	42	RESP=2
12557841	42	STIM=l
12561929	42	RESP=2
12573846	42	STIM=v
12579798	42	RESP=1
12592756	42	STIM=f
12598850	42	RESP=1
12609004	42	STIM=p
12613799	42	RESP=1
12624107	42	STIM=k
12629305	42	RESP=1
12641206	42	STIM=3
12647233	42	RESP=2
12657214	42	STIM=u
12668400	42	RESP=2
12676161	42	STIM=e
12680743	42	RESP=1
12691172	42	STIM=l
12697086	42	RESP=1
12708209	42	STIM=1
12713054	42	RESP=1
12724087	42	STIM=2
12728602	42	RESP=2
12742785	42	STIM=o
12746696	42	RESP=1
12760056	42	STIM=y
12765002	42	RESP=1
12775067	42	STIM=v
12781391	42	RESP=1
12791673	42	STIM=5
12796230	42	RESP=2
12808215	42	STIM=2
12818755	42	RESP=2
12826202	42	STIM=r
12834513	42	RESP=1
12845086	42	STIM=1
12850248	42	RESP=2
12862829	42	STIM=g
12866934	42	RESP=2
12878906	42	STIM=o
12883532	42	RESP=1
12897289	42	STIM=2
12908399	42	RESP=2
12913223	42	STIM=2
12923392	42	RESP=2
12928234	42	STIM=r
12930776	42	RESP=1
12944683	42	STIM=a
12951625	42	RESP=1
12962549	42	STIM=7
12968031	42	RESP=2
12980338	42	STIM=b
12984346	42	RESP=1
12995645	42	STIM=x
13011977	42	RESP=1
13012077	42	STIM=o
13019994	42	RESP=1
13027604	42	STIM=s
13031486	42	RESP=1
13044030	42	STIM=q
13051277	42	RESP=1
13059683	42	STIM=7
13065315	42	RESP=2
13076121	42	STIM=2
13085357	42	RESP=1
13091595	42	STIM=r
13096123	42	RESP=1
13107112	42	STIM=c
13113621	42	RESP=1
13125679	42	STIM=t
13129208	42	RESP=1
13141629	42	STIM=c
13149724	42	RESP=1
13159932	42	STIM=e
13165822	42	RESP=1
13177969	42	STIM=o
13182485	42	RESP=1
13196847	42	STIM=u
13200433	42	RESP=1
13214167	42	STIM=i
13218517	42	RESP=1
13232528	42	STIM=b
13236973	42	RESP=1
13250466	42	STIM=u
13253996	42	RESP=1
13266901	42	STIM=q
13273592	42	RESP=1
13282738	42	STIM=i
13288556	42	RESP=1
13299944	42	STIM=w
13305491	42	RESP=1
13318626	42	STIM=x
13324732	42	RESP=1
13334028	42	STIM=h
13338265	42	RESP=1
13351021	42	STIM=s
13356911	42	RESP=1
13368997	42	STIM=q
13374308	42	RESP=1
13386340	42	STIM=1
13390393	42	RESP=2
13405060	42	STIM=e
13409809	42	RESP=1
13422804	42	STIM=u
13433694	42	RESP=1
13438402	42	STIM=u
13441823	42	RESP=1
13454651	42	STIM=h
13459678	42	RESP=1
13473189	42	STIM=2
13482593	42	RESP=2
13489843	42	STIM=h
13495149	42	RESP=1
13506239	42	STIM=k
13513054	42	RESP=1
13523838	42	STIM=6
13530474	42	RESP=2
13541702	42	STIM=5
13549645	42	RESP=2
13558426	42	STIM=v
13565106	42	RESP=1
13575726	42	STIM=i
13581893	42	RESP=1
13591019	42	STIM=l
13595419	42	RESP=1
13609725	42	STIM=4
13616189	42	RESP=2
13626988	42	STIM=e
13632286	42	RESP=1
13643526	42	STIM=x
13652066	42	RESP=1
13662248	42	STIM=6
13670623	42	RESP=2
13679081	42	STIM=t
13682853	42	RESP=1
13695380	42	STIM=t
13700562	42	RESP=1
13710456	42	STIM=4
13714060	42	RESP=2
13728026	42	STIM=k
13735292	42	RESP=1
13744837	42	STIM=q
13752594	42	RESP=1
13760760	42	STIM=3
13769799	42	RESP=1
13776185	42	STIM=7
13784631	42	RESP=2
13795050	42	STIM=f
13799617	42	RESP=1
13813267	42	STIM=w
13817361	42	RESP=1
13831771	42	STIM=6
13842108	42	RESP=1
13850455	42	STIM=o
13857063	42	RESP=1
13865699	42	STIM=l
13875384	42	RESP=1
13881326	42	STIM=y
13885921	42	RESP=1
13897446	42	STIM=r
13903074	42	RESP=1
13915688	42	STIM=l
13922205	42	RESP=1
13932983	42	STIM=k
13939982	42	RESP=1
13948112	42	STIM=c
13952523	42	RESP=1
13966414	42	STIM=h
13970066	42	RESP=2
13984566	42	STIM=8
13990753	42	RESP=2
14003365	42	STIM=a
14008911	42	RESP=1
14018519	42	STIM=k
14023591	42	RESP=1
14035338	42	STIM=x
14039709	42	RESP=1
14053855	42	STIM=q
14061662	42	RESP=1
14071524	42	STIM=z
14078103	42	RESP=2
14086663	42	STIM=w
14098743	42	RESP=1
14104372	42	STIM=b
14107902	42	RESP=1
14122923	42	STIM=n
14126809	42	RESP=1
14138291	42	STIM=i
14144736	42	RESP=2
14153738	42	STIM=s
14158698	42	RESP=1
14172732	42	STIM=2
14180647	42	RESP=2
14187930	42	STIM=9
14193697	42	RESP=2
14206577	42	STIM=e
14221154	42	RESP=1
14224940	42	STIM=x
14229290	42	RESP=1
14243676	42	STIM=r
14254844	42	RESP=1
14259851	42	STIM=o
14265200	42	RESP=1
14277338	42	STIM=n
14280511	42	RESP=1
14293755	42	STIM=p
14297136	42	RESP=1
14312746	42	STIM=0
14320457	42	RESP=2
14328819	42	STIM=p
14332926	42	RESP=1
14344102	42	STIM=4
14349836	42	RESP=2
14359321	42	STIM=f
14364879	42	RESP=1
14376770	42	STIM=u
14386056	42	RESP=1
14392690	42	STIM=a
14397518	42	RESP=1
14411252	42	STIM=w
14420395	42	RESP=1
14427904	42	STIM=o
14434385	42	RESP=1
14443160	42	STIM=b
14453805	42	RESP=2
14461443	42	STIM=b
14474993	42	RESP=1
14476445	42	STIM=k
14482138	42	RESP=1
14495114	42	STIM=v
14503190	42	RESP=1
14513874	42	STIM=h
14523414	42	RESP=1
14531234	42	STIM=j
14536483	42	RESP=1
14548921	42	STIM=h
14551419	42	RESP=1
14567371	42	STIM=y
14578068	42	RESP=1
14585462	42	STIM=a
14591608	42	RESP=1
14602905	42	STIM=e
14607530	42	RESP=1
14621587	42	STIM=b
14627883	42	RESP=1
14638099	42	STIM=5
14643329	42	RESP=2
14656047	42	STIM=p
14660256	42	RESP=1
14674124	42	STIM=p
14678674	42	RESP=1
14689425	42	STIM=o
14693570	42	RESP=1
14707384	42	STIM=n
14709967	42	RESP=1
14723282	42	STIM=4
14731272	42	RESP=2
14740433	42	STIM=c
14745482	42	RESP=1
14756964	42	STIM=l
14763758	42	RESP=1
14774744	42	STIM=q
14778125	42	RESP=1
14791845	42	STIM=1
14797843	42	RESP=1
14810449	42	STIM=h
14813688	42	RESP=1
14827611	42	STIM=7
14831357	42	RESP=2
14845714	42	STIM=m
14851867	42	RESP=1
14861238	42	STIM=z
14864540	42	RESP=1
14879045	42	STIM=y
14883129	42	RESP=1
14896465	42	STIM=2
14902439	42	RESP=2
14911878	42	STIM=l
14916185	42	RESP=1
14929768	42	STIM=0
14935461	42	RESP=1
14946036	42	STIM=g
14955698	42	RESP=1
14961194	42	STIM=6
14969387	42	RESP=2
14980116	42	STIM=q
14985508	42	RESP=1
14997771	42	STIM=r
15000946	42	RESP=1
15013516	42	STIM=7
15024802	42	RESP=2
15032020	42	STIM=2
15038042	42	RESP=2
15048141	42	STIM=a
15056368	42	RESP=1
15064689	42	STIM=o
15069279	42	RESP=2
15080378	42	STIM=b
15083272	42	RESP=1
15097987	42	STIM=c
15104668	42	RESP=1
15114811	42	STIM=q
15120900	42	RESP=1
15132991	42	STIM=x
15137436	42	RESP=1
15148084	42	STIM=t
15153796	42	RESP=1
15164022	42	STIM=4
15169833	42	RESP=2
15181809	42	STIM=5
15188183	42	RESP=2
15198442	42	STIM=j
15205825	42	RESP=1
15216998	42	STIM=t
15222979	42	RESP=1
15232560	42	STIM=x
15243024	42	RESP=1
15251512	42	STIM=m
15255676	42	RESP=1
15267951	42	STIM=g
15272664	42	RESP=1
15285861	42	STIM=x
15296624	42	RESP=1
15301098	42	STIM=9
15308110	42	RESP=2
15317258	42	STIM=2
15328372	42	RESP=2
15333078	42	STIM=d
15337348	42	RESP=1
15351267	42	STIM=u
15356354	42	RESP=1
15368375	42	STIM=g
15373015	42	RESP=1
15387373	42	STIM=p
15392965	42	RESP=1
15404121	42	STIM=c
15410675	42	RESP=1
15422100	42	STIM=x
15431340	42	RESP=1
15438415	42	STIM=f
15441877	42	RESP=1
15455321	42	STIM=h
15461653	42	RESP=1
15471400	42	STIM=i
15475211	42	RESP=1
15489585	42	STIM=o
15497623	42	RESP=1
15507067	42	STIM=d
15512282	42	RESP=1
15522262	42	STIM=f
15533533	42	RESP=1
15538565	42	STIM=y
15545914	42	RESP=1
15557380	42	STIM=f
15562978	42	RESP=1
15574407	42	STIM=h
15579832	42	RESP=1
15592162	42	STIM=g
15599951	42	RESP=1
15608401	42	STIM=8
15614734	42	RESP=1
15624555	42	STIM=a
15633628	42	RESP=1
15639888	42	STIM=c
15644874	42	RESP=1
15655552	42	STIM=w
15661024	42	RESP=1
15671740	42	STIM=e
15676397	42	RESP=1
15688626	42	STIM=w
15693470	42	RESP=1
15705086	42	STIM=q
15710792	42	RESP=1
15723972	42	STIM=l
15728091	42	RESP=1
15741594	42	STIM=2
15747071	42	RESP=2
15758464	42	STIM=b
15762616	42	RESP=1
15774615	42	STIM=6
15781100	42	RESP=2
15793345	42	STIM=b
15798671	42	RESP=1
15809854	42	STIM=d
15813503	42	RESP=1
15825098	42	STIM=a
15832904	42	RESP=1
15841137	42	STIM=y
15846919	42	RESP=1
15859187	42	STIM=d
15865218	42	RESP=1
15877126	42	STIM=q
15880055	42	RESP=1
15892844	42	STIM=m
15898868	42	RESP=1
15907933	42	STIM=w
15913562	42	RESP=1
15925281	42	STIM=t
15928967	42	RESP=1
15943578	42	STIM=r
15949473	42	RESP=1
15962562	42	STIM=l
15970555	42	RESP=2
15979425	42	STIM=e
15984298	42	RESP=1
15997926	42	STIM=d
16002892	42	RESP=1
16016536	42	STIM=d
16020257	42	RESP=1
16032245	42	STIM=g
16045843	42	RESP=1
16048885	42	STIM=l
16055087	42	RESP=1
16065526	42	STIM=n
16069940	42	RESP=1
16081380	42	STIM=f
16089065	42	RESP=1
16097234	42	STIM=9
16106134	42	RESP=2
16113078	42	STIM=h
16118554	42	RESP=1
16128577	42	STIM=x
16132781	42	RESP=1
16147090	42	STIM=y
16154887	42	RESP=1
16165636	42	STIM=u
16172120	42	RESP=1
16181979	42	STIM=8
16185879	42	RESP=2
16199452	42	STIM=l
16204355	42	RESP=1
16216327	42	STIM=e
16222029	42	RESP=1
16231893	42	STIM=g
16241957	42	RESP=1
16249813	42	STIM=j
16254013	42	RESP=1
16266343	42	STIM=u
16270194	42	RESP=1
16282584	42	STIM=k
16285421	42	RESP=1
16301411	42	STIM=8
16305419	42	RESP=2
16317995	42	STIM=l
16321288	42	RESP=1
16335566	42	STIM=g
16341478	42	RESP=1
16352921	42	STIM=a
16356395	42	RESP=1
16371076	42	STIM=e
16374514	42	RESP=1
16387655	42	STIM=t
16391783	42	RESP=1
16405453	42	STIM=y
16412448	42	RESP=1
16423438	42	STIM=o
16429860	42	RESP=1
16439371	42	STIM=k
16446422	42	RESP=1
16455458	42	STIM=e
16458563	42	RESP=1
16474230	42	STIM=q
16481645	42	RESP=1
16492060	42	STIM=8
16497987	42	RESP=2
16511038	42	STIM=x
16518938	42	RESP=1
16527665	42	STIM=0
16538789	42	RESP=2
16545758	42	STIM=6
16549655	42	RESP=2
16561935	42	STIM=r
16568114	42	RESP=1
16578961	42	STIM=y
16585977	42	RESP=1
16593963	42	STIM=z
16599805	42	RESP=1
16610293	42	STIM=d
16615104	42	RESP=1
16627095	42	STIM=c
16631286	42	RESP=1
16645272	42	STIM=a
16651339	42	RESP=1
16661089	42	STIM=l
16665513	42	RESP=1
16679423	42	STIM=j
16687134	42	RESP=1
16695557	42	STIM=3
16703746	42	RESP=2
16712447	42	STIM=b
16718390	42	RESP=1
16729048	42	STIM=l
16733500	42	RESP=1
16746398	42	STIM=s
16753550	42	RESP=1
16763450	42	STIM=g
16772132	42	RESP=1
16779738	42	STIM=x
16789100	42	RESP=1
16798104	42	STIM=g
16802078	42	RESP=1
16814160	42	STIM=u
16821257	42	RESP=1
16832381	42	STIM=o
16838872	42	RESP=1
16850043	42	STIM=j
16857854	42	RESP=1
16868327	42	STIM=r
16874900	42	RESP=1
16885234	42	STIM=q
16889869	42	RESP=1
16901321	42	STIM=3
16906812	42	RESP=2
16920062	42	STIM=b
16925336	42	RESP=1
16937500	42	STIM=1
16944746	42	RESP=2
16954458	42	STIM=e
16962877	42	RESP=1
16973044	42	STIM=a
16977321	42	RESP=1
16990224	42	STIM=2
17000325	42	RESP=2
17008214	42	STIM=4
17014329	42	RESP=2
17023423	42	STIM=9
17027599	42	RESP=2
17040851	42	STIM=d
17045059	42	RESP=1
17059808	42	STIM=0
17065506	42	RESP=2
17076116	42	STIM=j
17079941	42	RESP=1
17094361	42	STIM=m
17097355	42	RESP=1
17111950	42	STIM=g
17115441	42	RESP=1
17129136	42	STIM=s
17137987	42	RESP=1
17146061	42	STIM=k
17152930	42	RESP=2
17164776	42	STIM=h
17171931	42	RESP=1
17182077	42	STIM=w
17188113	42	RESP=1
17200463	42	STIM=q
17203050	42	RESP=1
17215899	42	STIM=k
17223448	42	RESP=1
17234889	42	STIM=o
17239076	42	RESP=1
17253304	42	STIM=j
17259379	42	RESP=1
17271645	42	STIM=g
17275395	42	RESP=2
17287090	42	STIM=5
17298060	42	RESP=2
17304367	42	STIM=n
17314801	42	RESP=1
17322124	42	STIM=m
17329774	42	RESP=1
17340873	42	STIM=z
17345854	42	RESP=1
17356164	42	STIM=o
17359097	42	RESP=1
17371852	42	STIM=y
17377423	42	RESP=1
17389665	42	STIM=2
17396118	42	RESP=2
17404991	42	STIM=q
17410368	42	RESP=1
17421224	42	STIM=f
17427921	42	RESP=2
17438391	42	STIM=x
17441596	42	RESP=1
17456236	42	STIM=f
17462806	42	RESP=1
17473033	42	STIM=4
17482501	42	RESP=2
17489720	42	STIM=3
17494856	42	RESP=2
17508034	42	STIM=6
17513677	42	RESP=1
17523825	42	STIM=0
17532986	42	RESP=2
17539446	42	STIM=m
17549424	42	RESP=1
17557676	42	STIM=b
17564775	42	RESP=1
17573853	42	STIM=h
17578623	42	RESP=1
17591644	42	STIM=l
17594931	42	RESP=1
17607725	42	STIM=k
17614991	42	RESP=1
17623276	42	STIM=x
17630532	42	RESP=1
17642070	42	STIM=n
17649932	42	RESP=1
17660160	42	STIM=a
17668469	42	RESP=1
17676325	42	STIM=o
17681127	42	RESP=1
17693230	42	STIM=l
17696686	42	RESP=1
17712050	42	STIM=i
17718670	42	RESP=1
17727846	42	STIM=o
17732141	42	RESP=1
17744727	42	STIM=3
17752419	42	RESP=2
17759896	42	STIM=a
17766794	42	RESP=2
17778408	42	STIM=k
17784047	42	RESP=1
17793972	42	STIM=u
17802565	42	RESP=2
17812691	42	STIM=r
17821081	42	RESP=1
17829417	42	STIM=a
17837742	42	RESP=1
17845380	42	STIM=u
17849527	42	RESP=1
17862915	42	STIM=l
17874507	42	RESP=1
17881656	42	STIM=e
17887053	42	RESP=1
17899047	42	STIM=y
17902738	42	RESP=1
17914299	42	STIM=f
17921401	42	RESP=1
17931230	42	STIM=0
17937974	42	RESP=1
17947364	42	STIM=j
17951363	42	RESP=1
17962429	42	STIM=c
17967749	42	RESP=1
17979921	42	STIM=9
17985781	42	RESP=2
17996943	42	STIM=z
18000865	42	RESP=1
18013681	42	STIM=o
18022918	42	RESP=1
18031312	42	STIM=p
18037954	42	RESP=1
18046685	42	STIM=t
18053324	42	RESP=1
18065028	42	STIM=3
18073042	42	RESP=2
18080720	42	STIM=r
18087323	42	RESP=1
18096228	42	STIM=o
18102857	42	RESP=1
18114309	42	STIM=p
18119996	42	RESP=1
18131193	42	STIM=n
18134428	42	RESP=1
18149008	42	STIM=j
18155274	42	RESP=1
18164190	42	STIM=f
18169297	42	RESP=1
18180134	42	STIM=m
18185291	42	RESP=1
18196355	42	STIM=m
18207223	42	RESP=1
18212916	42	STIM=m
18217694	42	RESP=1
18230293	42	STIM=l
18236656	42	RESP=1
18246306	42	STIM=y
18258294	42	RESP=1
18263623	42	STIM=x
18269230	42	RESP=1
18282385	42	STIM=d
18288976	42	RESP=1
18297494	42	STIM=q
18301450	42	RESP=2
18313981	42	STIM=d
18318965	42	RESP=1
18330120	42	STIM=b
18336412	42	RESP=1
18348461	42	STIM=a
18352062	42	RESP=1
18366094	42	STIM=i
18375988	42	RESP=1
18382444	42	STIM=7
18387113	42	RESP=2
18400629	42	STIM=c
18404532	42	RESP=1
18418567	42	STIM=c
18424541	42	RESP=1
18436883	42	STIM=2
18446238	42	RESP=2
18454925	42	STIM=j
18459311	42	RESP=1
18470441	42	STIM=a
18476595	42	RESP=1
18487871	42	STIM=l
18495638	42	RESP=1
18503126	42	STIM=g
18506945	42	RESP=1
18519890	42	STIM=t
18525901	42	RESP=1
18536639	42	STIM=d
18540220	42	RESP=1
18553623	42	STIM=j
18560316	42	RESP=1
18572509	42	STIM=e
18581048	42	RESP=1
18589063	42	STIM=1
18597529	42	RESP=2
18604175	42	STIM=0
18616927	42	RESP=2
18622998	42	STIM=o
18626190	42	RESP=1
18640751	42	STIM=z
18645520	42	RESP=1
18658062	42	STIM=j
18661913	42	RESP=1
18675618	42	STIM=l
18683150	42	RESP=2
18692302	42	STIM=r
18697174	42	RESP=1
18709534	42	STIM=f
18714765	42	RESP=1
18726436	42	STIM=9
18730510	42	RESP=2
18743767	42	STIM=b
18751590	42	RESP=1
18760974	42	STIM=t
18766183	42	RESP=2
18778034	42	STIM=e
18787811	42	RESP=1
18795606	42	STIM=m
18802539	42	RESP=1
18812531	42	STIM=k
18816293	42	RESP=1
18830391	42	STIM=q
18837865	42	RESP=1
18847094	42	STIM=9
18854134	42	RESP=2
18864328	42	STIM=j
18869732	42	RESP=1
18880078	42	STIM=y
18884834	42	RESP=1
18896836	42	STIM=w
18903321	42	RESP=1
18913719	42	STIM=4
18918705	42	RESP=2
18929716	42	STIM=e
18933894	42	RESP=1
18946851	42	STIM=m
18952727	42	RESP=1
18965538	42	STIM=h
18972407	42	RESP=1
18981815	42	STIM=w
18984656	42	RESP=1
19000689	42	STIM=o
19007491	42	RESP=1
19016326	42	STIM=h
19020215	42	RESP=1
19034080	42	STIM=v
19038199	42	RESP=1
19050110	42	STIM=d
19057154	42	RESP=1
19066693	42	STIM=h
19073952	42	RESP=1
19083872	42	STIM=2
19088577	42	RESP=1
19102504	42	STIM=q
19107283	42	RESP=1
19117822	42	STIM=a
19128800	42	RESP=1
19135056	42	STIM=8
19141658	42	RESP=1
19152243	42	STIM=w
19157415	42	RESP=1
19167587	42	STIM=x
19171897	42	RESP=1
19185259	42	STIM=b
19193114	42	RESP=1
19203063	42	STIM=t
19208906	42	RESP=1
19218635	42	STIM=f
19221545	42	RESP=1
19233914	42	STIM=s
19245947	42	RESP=1
19251708	42	STIM=4
19256557	42	RESP=1
19268304	42	STIM=7
19272809	42	RESP=2
19284418	42	STIM=d
19290912	42	RESP=1
19301783	42	STIM=s
19307014	42	RESP=1
19317418	42	STIM=k
19324227	42	RESP=2
19333845	42	STIM=p
19338010	42	RESP=1
19351143	42	STIM=q
19355859	42	RESP=1
19369223	42	STIM=z
19376480	42	RESP=1
19388164	42	STIM=f
19397506	42	RESP=1
19405359	42	STIM=n
19411784	42	RESP=1
19422246	42	STIM=v
19428263	42	RESP=1
19438037	42	STIM=p
19444261	42	RESP=1
19456037	42	STIM=y
19462993	42	RESP=1
19473048	42	STIM=e
19483851	42	RESP=1
19491735	42	STIM=l
19496816	42	RESP=1
19508687	42	STIM=o
19519026	42	RESP=1
19527537	42	STIM=v
19532898	42	RESP=1
19542679	42	STIM=5
19552868	42	RESP=2
19561292	42	STIM=l
19565994	42	RESP=1
19577895	42	STIM=t
19581996	42	RESP=1
19595349	42	STIM=b
19600969	42	RESP=1
19610777	42	STIM=n
19616593	42	RESP=2
19628254	42	STIM=7
19635095	42	RESP=2
19643694	42	STIM=w
19649004	42	RESP=1
19661672	42	STIM=o
19665946	42	RESP=1
19677880	42	STIM=9
19682982	42	RESP=2
19694118	42	STIM=p
19702001	42	RESP=1
19713000	42	STIM=f
19720624	42	RESP=1
19730741	42	STIM=f
19737095	42	RESP=1
19747956	42	STIM=b
19751147	42	RESP=2
19764560	42	STIM=2
19769758	42	RESP=2
19779975	42	STIM=k
19789551	42	RESP=1
19796510	42	STIM=q
19800141	42	RESP=1
19813554	42	STIM=t
19817917	42	RESP=1
19831754	42	STIM=2
19837475	42	RESP=2
19850481	42	STIM=p
19854897	42	RESP=1
19867088	42	STIM=q
19870896	42	RESP=1
19886071	42	STIM=f
19891588	42	RESP=1
19905024	42	STIM=o
19911173	42	RESP=1
19920471	42	STIM=d
19927304	42	RESP=1
19938341	42	STIM=v
19941443	42	RESP=1
19956347	42	STIM=f
19959747	42	RESP=1
19972974	42	STIM=3
19978547	42	RESP=2
19989955	42	STIM=q
19993323	42	RESP=1
20006376	42	STIM=y
20011470	42	RESP=1
20023336	42	STIM=u
20027398	42	RESP=1
20039833	42	STIM=r
20044344	42	RESP=1
20057145	42	STIM=v
20067546	42	RESP=1
20073899	42	STIM=j
20079496	42	RESP=1
20090719	42	STIM=1
20099534	42	RESP=2
20107543	42	STIM=4
20116589	42	RESP=2
20126216	42	STIM=t
20131943	42	RESP=1
20144258	42	STIM=q
20152821	42	RESP=1
20161154	42	STIM=e
20166470	42	RESP=1
20177403	42	STIM=v
20181567	42	RESP=1
20195539	42	STIM=a
20200356	42	RESP=1
20211380	42	STIM=v
20216070	42	RESP=1
20229382	42	STIM=d
20234475	42	RESP=1
20246570	42	STIM=0
20260788	42	RESP=2
20264537	42	STIM=p
20271126	42	RESP=1
20280772	42	STIM=8
20285319	42	RESP=2
20295803	42	STIM=9
20300938	42	RESP=2
20310954	42	STIM=l
20314346	42	RESP=1
20329567	42	STIM=k
20334348	42	RESP=1
20346979	42	STIM=b
20351472	42	RESP=1
20362460	42	STIM=4
20374984	42	RESP=2
20378112	42	STIM=5
20384963	42	RESP=2
20396775	42	STIM=h
20411236	42	RESP=1
20415604	42	STIM=g
20419542	42	RESP=1
20431469	42	STIM=8
20440767	42	RESP=2
20449728	42	STIM=f
20453204	42	RESP=1
20465308	42	STIM=4
20471026	42	RESP=1
20481455	42	STIM=y
20487277	42	RESP=1
20497984	42	STIM=a
20501057	42	RESP=1
20516840	42	STIM=o
20521748	42	RESP=1
20532287	42	STIM=d
20536744	42	RESP=1
20547517	42	STIM=s
20553653	42	RESP=1
20562640	42	STIM=7
20573777	42	RESP=2
20579606	42	STIM=b
20589587	42	RESP=1
20596231	42	STIM=o
20603570	42	RESP=1
20614758	42	STIM=j
20620982	42	RESP=1
20631637	42	STIM=z
20636890	42	RESP=1
20650226	42	STIM=6
20656890	42	RESP=2
20668058	42	STIM=n
20671819	42	RESP=1
20686357	42	STIM=c
20689592	42	RESP=1
20703814	42	STIM=2
20712275	42	RESP=2
20719683	42	STIM=k
20726579	42	RESP=1
20735742	42	STIM=d
20744236	42	RESP=1
20751688	42	STIM=t
20763410	42	RESP=1
20767032	42	STIM=z
20773123	42	RESP=1
20782569	42	STIM=i
20788613	42	RESP=1
20799619	42	STIM=r
20804749	42	RESP=1
20815426	42	STIM=z
20819831	42	RESP=1
20833509	42	STIM=k
20839104	42	RESP=1
20852392	42	STIM=j
20855969	42	RESP=2
20868591	42	STIM=x
20872530	42	RESP=1
20885884	42	STIM=f
20888917	42	RESP=1
20902859	42	STIM=w
20910320	42	RESP=1
20920338	42	STIM=9
20926465	42	RESP=2
20938877	42	STIM=e
20946370	42	RESP=1
20955527	42	STIM=i
20961861	42	RESP=1
20973567	42	STIM=n
20980429	42	RESP=1
20989607	42	STIM=2
20995423	42	RESP=2
21006433	42	STIM=7
21012185	42	RESP=2
21023384	42	STIM=x
21027768	42	RESP=1
21041593	42	STIM=s
21050227	42	RESP=1
21058442	42	STIM=o
21066657	42	RESP=1
21073665	42	STIM=f
21078439	42	RESP=1
21090673	42	STIM=q
21094857	42	RESP=1
21109485	42	STIM=0
21115680	42	RESP=2
21127177	42	STIM=d
21131895	42	RESP=1
21142770	42	STIM=e
21149184	42	RESP=1
21158699	42	STIM=4
21164885	42	RESP=1
21176157	42	STIM=u
21179948	42	RESP=1
21193843	42	STIM=t
21196756	42	RESP=1
21211902	42	STIM=l
21219448	42	RESP=1
21227935	42	STIM=b
21231864	42	RESP=1
21246201	42	STIM=g
21253982	42	RESP=1
21264381	42	STIM=x
21269256	42	RESP=1
21282240	42	STIM=j
21288141	42	RESP=1
21298509	42	STIM=z
21307170	42	RESP=1
21314862	42	STIM=b
21317817	42	RESP=1
21333363	42	STIM=k
21338381	42	RESP=1
21349341	42	STIM=w
21353019	42	RESP=1
21364783	42	STIM=b
21371337	42	RESP=1
21379802	42	STIM=a
21385460	42	RESP=1
21397416	42	STIM=i
21403196	42	RESP=1
21414589	42	STIM=0
21420870	42	RESP=2
21430528	42	STIM=0
21436540	42	RESP=2
21446332	42	STIM=w
21452368	42	RESP=1
21464375	42	STIM=4
21469426	42	RESP=2
21482002	42	STIM=2
21493592	42	RESP=2
21497020	42	STIM=d
21501743	42	RESP=1
21514607	42	STIM=k
21518154	42	RESP=1
21529962	42	STIM=p
21534471	42	RESP=1
21548258	42	STIM=y
21554303	42	RESP=1
21565847	42	STIM=6
21574152	42	RESP=2
21583993	42	STIM=r
21592129	42	RESP=1
21600826	42	STIM=w
21606662	42	RESP=1
21616126	42	STIM=0
21621876	42	RESP=2
21632900	42	STIM=g
21637520	42	RESP=1
21649800	42	STIM=s
21655091	42	RESP=1
21666327	42	STIM=d
21671358	42	RESP=1
21683439	42	STIM=h
21688759	42	RESP=1
21701065	42	STIM=q
21708237	42	RESP=1
21717958	42	STIM=c
21724886	42	RESP=2
21733096	42	STIM=2
21738758	42	RESP=2
21750340	42	STIM=2
21760109	42	RESP=2
21768958	42	STIM=5
21778802	42	RESP=2
