# Original filename: 0040_THX_2017-04-06.log
# Time unit: 100 us
# RARECAT=digit
#
# Time	HHGG	Event
34445	42	STIM=k
39043	42	RESP=1
51117	42	STIM=5
61348	42	RESP=1
70038	42	STIM=q
77260	42	RESP=1
85734	42	STIM=j
91570	42	RESP=1
102671	42	STIM=2
107461	42	RESP=2
121427	42	STIM=2
126286	42	RESP=2
139173	42	STIM=d
145120	42	RESP=1
156213	42	STIM=8
159900	42	RESP=2
171660	42	STIM=d
176956	42	RESP=1
187547	42	STIM=v
192218	42	RESP=1
202742	42	STIM=e
207152	42	RESP=1
218799	42	STIM=u
222831	42	RESP=1
237439	42	STIM=w
243034	42	RESP=1
254710	42	STIM=j
262123	42	RESP=1
270921	42	STIM=i
276628	42	RESP=1
287877	42	STIM=j
296112	42	RESP=1
303990	42	STIM=2
313615	42	RESP=2
319308	42	STIM=3
323780	42	RESP=2
337933	42	STIM=5
345063	42	RESP=2
354921	42	STIM=x
359395	42	RESP=1
371673	42	STIM=c
379413	42	RESP=1
390596	42	STIM=k
394756	42	RESP=1
408474	42	STIM=d
413822	42	RESP=1
425068	42	STIM=p
430291	42	RESP=1
440490	42	STIM=y
446045	42	RESP=1
457330	42	STIM=n
465767	42	RESP=1
475207	42	STIM=k
482311	42	RESP=1
493419	42	STIM=6
497700	42	RESP=2
511733	42	STIM=y
516231	42	RESP=1
529657	42	STIM=j
535386	42	RESP=1
545048	42	STIM=q
548753	42	RESP=1
560886	42	STIM=a
567682	42	RESP=1
579202	42	STIM=n
582566	42	RESP=1
596085	42	STIM=0
601041	42	RESP=2
613464	42	STIM=v
618725	42	RESP=1
631462	42	STIM=r
635103	42	RESP=1
646902	42	STIM=q
651033	42	RESP=1
664266	42	STIM=3
669764	42	RESP=2
680477	42	STIM=8
689174	42	RESP=2
699113	42	STIM=b
703644	42	RESP=1
717159	42	STIM=u
721260	42	RESP=1
734582	42	STIM=e
739799	42	RESP=1
752173	42	STIM=g
755526	42	RESP=1
769554	42	STIM=t
773799	42	RESP=1
786189	42	STIM=e
792342	42	RESP=1
804410	42	STIM=v
808941	42	RESP=1
820058	42	STIM=n
823244	42	RESP=2
838713	42	STIM=a
842748	42	RESP=1
853895	42	STIM=5
858911	42	RESP=2
869410	42	STIM=0
875325	42	RESP=2
887354	42	STIM=g
893627	42	RESP=1
905180	42	STIM=5
910618	42	RESP=2
922119	42	STIM=e
926521	42	RESP=1
939348	42	STIM=e
943491	42	RESP=1
956167	42	STIM=s
959083	42	RESP=1
973113	42	STIM=f
977998	42	RESP=1
989219	42	STIM=i
994878	42	RESP=1
1007085	42	STIM=7
1012480	42	RESP=2
1024546	42	STIM=h
1029907	42	RESP=1
1040909	42	STIM=k
1047096	42	RESP=1
1059541	42	STIM=k
1064072	42	RESP=1
1078018	42	STIM=i
1081887	42	RESP=1
1096415	42	STIM=y
1101636	42	RESP=1
1112898	42	STIM=y
1117070	42	RESP=2
1128955	42	STIM=x
1133045	42	RESP=1
1146138	42	STIM=q
1149450	42	RESP=1
1162825	42	STIM=n
1169827	42	RESP=1
1181216	42	STIM=y
1184680	42	RESP=1
1198722	42	STIM=m
1204267	42	RESP=1
1217369	42	STIM=1
1222365	42	RESP=2
1234633	42	STIM=4
1238789	42	RESP=1
1251740	42	STIM=0
1255089	42	RESP=1
1267708	42	STIM=i
1274562	42	RESP=1
1285640	42	STIM=t
1290831	42	RESP=1
1302663	42	STIM=t
1312276	42	RESP=1
1319485	42	STIM=i
1324041	42	RESP=1
1336682	42	STIM=f
1342960	42	RESP=2
1351749	42	STIM=r
1363956	42	RESP=1
1367161	42	STIM=x
1370040	42	RESP=1
1383229	42	STIM=d
1387382	42	RESP=1
1402225	42	STIM=8
1407726	42	RESP=2
1417260	42	STIM=z
1423457	42	RESP=1
1433590	42	STIM=r
1444444	42	RESP=1
1452379	42	STIM=4
1457056	42	RESP=2
1467499	42	STIM=z
1476271	42	RESP=1
1485983	42	STIM=d
1488652	42	RESP=1
1504795	42	STIM=2
1512013	42	RESP=2
1523229	42	STIM=y
1526949	42	RESP=1
1539861	42	STIM=a
1545671	42	RESP=1
1557407	42	STIM=w
1560264	42	RESP=1
1573250	42	STIM=h
1577344	42	RESP=1
1592225	42	STIM=5
1595590	42	RESP=2
1609023	42	STIM=a
1614741	42	RESP=1
1626753	42	STIM=o
1633341	42	RESP=1
1643454	42	STIM=f
1647251	42	RESP=1
1659241	42	STIM=i
1663546	42	RESP=1
1674724	42	STIM=t
1681832	42	RESP=1
1689964	42	STIM=b
1694541	42	RESP=1
1705693	42	STIM=v
1709723	42	RESP=1
1721983	42	STIM=w
1727119	42	RESP=1
1737331	42	STIM=r
1742638	42	RESP=1
1754658	42	STIM=3
1759583	42	RESP=2
1770214	42	STIM=t
1774515	42	RESP=1
1788136	42	STIM=l
1792043	42	RESP=2
1803302	42	STIM=g
1809201	42	RESP=1
1822122	42	STIM=h
1826535	42	RESP=1
1839987	42	STIM=y
1843028	42	RESP=1
1858795	42	STIM=p
1861291	42	RESP=1
1876070	42	STIM=9
1882714	42	RESP=2
1893052	42	STIM=1
1898635	42	RESP=2
1910051	42	STIM=f
1913496	42	RESP=1
1926290	42	STIM=r
1928993	42	RESP=1
1942810	42	STIM=q
1946931	42	RESP=1
1959218	42	STIM=h
1965974	42	RESP=1
1975578	42	STIM=4
1980761	42	RESP=2
1993661	42	STIM=v
1998801	42	RESP=1
2010754	42	STIM=7
2018269	42	RESP=2
2027087	42	STIM=a
2033503	42	RESP=1
2042953	42	STIM=v
2048202	42	RESP=1
2059151	42	STIM=e
2064463	42	RESP=1
2074713	42	STIM=g
2082691	42	RESP=1
2091132	42	STIM=o
2094386	42	RESP=1
2106887	42	STIM=m
2110908	42	RESP=1
2122819	42	STIM=o
2126254	42	RESP=1
2138173	42	STIM=e
2141713	42	RESP=1
2154436	42	STIM=k
2159624	42	RESP=1
2172403	42	STIM=u
2178149	42	RESP=1
2191023	42	STIM=x
2195082	42	RESP=2
2207468	42	STIM=c
2211711	42	RESP=1
2222558	42	STIM=j
2224979	42	RESP=1
2237941	42	STIM=q
2243912	42	RESP=1
2253820	42	STIM=4
2257376	42	RESP=2
2269444	42	STIM=e
2277916	42	RESP=1
2286078	42	STIM=z
2289029	42	RESP=1
2303188	42	STIM=w
2307199	42	RESP=1
2321335	42	STIM=j
2327794	42	RESP=1
2339505	42	STIM=x
2346272	42	RESP=1
2356854	42	STIM=v
2360924	42	RESP=1
2375318	42	STIM=r
2380979	42	RESP=1
2394205	42	STIM=a
2397582	42	RESP=1
2409597	42	STIM=a
2413609	42	RESP=1
2425446	42	STIM=8
2430035	42	RESP=2
2441292	42	STIM=y
2445707	42	RESP=1
2459136	42	STIM=h
2462735	42	RESP=1
2475213	42	STIM=y
2478549	42	RESP=1
2490640	42	STIM=w
2493357	42	RESP=1
2505995	42	STIM=8
2510178	42	RESP=2
2521152	42	STIM=5
2527205	42	RESP=1
2537754	42	STIM=a
2544127	42	RESP=1
2552933	42	STIM=q
2560258	42	RESP=1
2568177	42	STIM=k
2573700	42	RESP=1
2584840	42	STIM=z
2595609	42	RESP=1
2602252	42	STIM=z
2605529	42	RESP=1
2620334	42	STIM=t
2625538	42	RESP=1
2637108	42	STIM=g
2645519	42	RESP=1
2652555	42	STIM=z
2658097	42	RESP=1
2671111	42	STIM=b
2676406	42	RESP=1
2687744	42	STIM=c
2694266	42	RESP=1
2703762	42	STIM=g
2709385	42	RESP=1
2721675	42	STIM=d
2726096	42	RESP=1
2739727	42	STIM=6
2747456	42	RESP=1
2756145	42	STIM=d
2759688	42	RESP=1
2772766	42	STIM=3
2778066	42	RESP=2
2787915	42	STIM=r
2793789	42	RESP=1
2806877	42	STIM=i
2813253	42	RESP=1
2822971	42	STIM=a
2826491	42	RESP=1
2841201	42	STIM=g
2849081	42	RESP=1
2857850	42	STIM=9
2861806	42	RESP=2
2874602	42	STIM=b
2881748	42	RESP=1
2892774	42	STIM=l
2898615	42	RESP=1
2908779	42	STIM=j
2915476	42	RESP=1
2927514	42	STIM=a
2930428	42	RESP=1
2943544	42	STIM=i
2951599	42	RESP=1
2958815	42	STIM=h
2961813	42	RESP=1
2977043	42	STIM=w
2981024	42	RESP=1
2993228	42	STIM=g
2997676	42	RESP=1
3008241	42	STIM=p
3012125	42	RESP=1
3023722	42	STIM=j
3027830	42	RESP=1
3039017	42	STIM=c
3041857	42	RESP=1
3057457	42	STIM=9
3063893	42	RESP=2
3075134	42	STIM=i
3079309	42	RESP=1
3091422	42	STIM=r
3098581	42	RESP=1
3108306	42	STIM=u
3111257	42	RESP=1
3125600	42	STIM=1
3130563	42	RESP=2
3141025	42	STIM=a
3148048	42	RESP=1
3157630	42	STIM=r
3167742	42	RESP=1
3173033	42	STIM=i
3178537	42	RESP=1
3190934	42	STIM=j
3195903	42	RESP=1
3207052	42	STIM=y
3211954	42	RESP=1
3225349	42	STIM=l
3230154	42	RESP=1
3241528	42	STIM=p
3246814	42	RESP=1
3257888	42	STIM=o
3266296	42	RESP=1
3275100	42	STIM=c
3282984	42	RESP=1
3293354	42	STIM=y
3301865	42	RESP=1
3310823	42	STIM=k
3314747	42	RESP=1
3327832	42	STIM=8
3334574	42	RESP=2
3346350	42	STIM=q
3351039	42	RESP=1
3364763	42	STIM=6
3368777	42	RESP=2
3381494	42	STIM=j
3385868	42	RESP=1
3400221	42	STIM=k
3404302	42	RESP=1
3416808	42	STIM=k
3421665	42	RESP=1
3435164	42	STIM=d
3439568	42	RESP=1
3453579	42	STIM=z
3460187	42	RESP=2
3471345	42	STIM=d
3475346	42	RESP=1
3486371	42	STIM=d
3493235	42	RESP=1
3503209	42	STIM=t
3506392	42	RESP=1
3518734	42	STIM=q
3524316	42	RESP=1
3533778	42	STIM=q
3538905	42	RESP=1
3551796	42	STIM=a
3556986	42	RESP=1
3568345	42	STIM=k
3571785	42	RESP=1
3583694	42	STIM=x
3588029	42	RESP=1
3599227	42	STIM=0
3608049	42	RESP=2
3616303	42	STIM=p
3620275	42	RESP=1
3635193	42	STIM=i
3638954	42	RESP=1
3652166	42	STIM=8
3657770	42	RESP=2
3669637	42	STIM=7
3673518	42	RESP=2
3686105	42	STIM=h
3691738	42	RESP=2
3702778	42	STIM=p
3706262	42	RESP=1
3718870	42	STIM=i
3723498	42	RESP=1
3734887	42	STIM=l
3738916	42	RESP=1
3753558	42	STIM=t
3758784	42	RESP=1
3769346	42	STIM=q
3776263	42	RESP=1
3787836	42	STIM=2
3791947	42	RESP=2
3803962	42	STIM=4
3811110	42	RESP=2
3821988	42	STIM=i
3826715	42	RESP=1
3840542	42	STIM=r
3844412	42	RESP=1
3856646	42	STIM=h
3860746	42	RESP=1
3874270	42	STIM=h
3878470	42	RESP=1
3890352	42	STIM=a
3899440	42	RESP=1
3909265	42	STIM=i
3911718	42	RESP=1
3926480	42	STIM=v
3933240	42	RESP=1
3943268	42	STIM=9
3949966	42	RESP=2
3960385	42	STIM=g
3965989	42	RESP=1
3978717	42	STIM=c
3984542	42	RESP=1
3994270	42	STIM=i
4004736	42	RESP=1
4011177	42	STIM=d
4016777	42	RESP=1
4029297	42	STIM=2
4042082	42	RESP=2
4046906	42	STIM=m
4052238	42	RESP=1
4065078	42	STIM=q
4071234	42	RESP=1
4084007	42	STIM=l
4086891	42	RESP=1
4101151	42	STIM=j
4105238	42	RESP=1
4119958	42	STIM=e
4126600	42	RESP=1
4137471	42	STIM=n
4140887	42	RESP=1
4153981	42	STIM=0
4163086	42	RESP=2
4170878	42	STIM=j
4175236	42	RESP=1
4189489	42	STIM=2
4196318	42	RESP=2
4206168	42	STIM=s
4214327	42	RESP=1
4223412	42	STIM=6
4229109	42	RESP=2
4238781	42	STIM=j
4242949	42	RESP=1
4255325	42	STIM=s
4259046	42	RESP=1
4272493	42	STIM=p
4276086	42	RESP=1
4289210	42	STIM=a
4295141	42	RESP=1
4308038	42	STIM=q
4318938	42	RESP=1
4324959	42	STIM=o
4333836	42	RESP=1
4343737	42	STIM=w
4348557	42	RESP=1
4362158	42	STIM=r
4366833	42	RESP=1
4380561	42	STIM=h
4385529	42	RESP=2
4396459	42	STIM=p
4402902	42	RESP=1
4413652	42	STIM=r
4417393	42	RESP=1
4431344	42	STIM=k
4439188	42	RESP=1
4449279	42	STIM=y
4454611	42	RESP=1
4465226	42	STIM=h
4471980	42	RESP=1
4482120	42	STIM=x
4486133	42	RESP=1
4497261	42	STIM=p
4502547	42	RESP=1
4515608	42	STIM=g
4519986	42	RESP=1
4531927	42	STIM=x
4534416	42	RESP=1
4549846	42	STIM=e
4554291	42	RESP=1
4566424	42	STIM=u
4570464	42	RESP=1
4581996	42	STIM=5
4590012	42	RESP=2
4597012	42	STIM=v
4601672	42	RESP=1
4615130	42	STIM=7
4620721	42	RESP=2
4632618	42	STIM=f
4638294	42	RESP=2
4650066	42	STIM=o
4652758	42	RESP=1
4666730	42	STIM=2
4674711	42	RESP=2
4685641	42	STIM=q
4693529	42	RESP=2
4702335	42	STIM=i
4708812	42	RESP=1
4719030	42	STIM=z
4722963	42	RESP=1
4735327	42	STIM=d
4740139	42	RESP=1
4751989	42	STIM=n
4756556	42	RESP=1
4768144	42	STIM=v
4772535	42	RESP=1
4784505	42	STIM=v
4788981	42	RESP=1
4802957	42	STIM=3
4806119	42	RESP=2
4818971	42	STIM=d
4824264	42	RESP=1
4835456	42	STIM=q
4841117	42	RESP=1
4854423	42	STIM=q
4857157	42	RESP=1
4869973	42	STIM=k
4874678	42	RESP=1
4887954	42	STIM=h
4893710	42	RESP=1
4903720	42	STIM=n
4907550	42	RESP=1
4919648	42	STIM=s
4922410	42	RESP=1
4934754	42	STIM=f
4943715	42	RESP=1
4952495	42	STIM=l
4958489	42	RESP=1
4969142	42	STIM=j
4974360	42	RESP=1
4984413	42	STIM=9
4990631	42	RESP=2
5002644	42	STIM=m
5006027	42	RESP=1
5018539	42	STIM=i
5023360	42	RESP=1
5037085	42	STIM=a
5040077	42	RESP=1
5052206	42	STIM=h
5057223	42	RESP=1
5070337	42	STIM=7
5077646	42	RESP=2
5086984	42	STIM=i
5091289	42	RESP=1
5102072	42	STIM=l
5106330	42	RESP=1
5119936	42	STIM=w
5123265	42	RESP=1
5136813	42	STIM=s
5139934	42	RESP=1
5155432	42	STIM=p
5160279	42	RESP=1
5171514	42	STIM=s
5175515	42	RESP=1
5188384	42	STIM=6
5193988	42	RESP=2
5204989	42	STIM=c
5210080	42	RESP=1
5222402	42	STIM=7
5227266	42	RESP=2
5239776	42	STIM=h
5244807	42	RESP=1
5255665	42	STIM=m
5266062	42	RESP=1
5271446	42	STIM=h
5277204	42	RESP=1
5287086	42	STIM=z
5292222	42	RESP=1
5305771	42	STIM=o
5309501	42	RESP=1
5320939	42	STIM=j
5325366	42	RESP=1
5338542	42	STIM=l
5342091	42	RESP=1
5354233	42	STIM=z
5360207	42	RESP=1
5370541	42	STIM=t
5375609	42	RESP=1
5387919	42	STIM=t
5395434	42	RESP=1
5404315	42	STIM=4
5410218	42	RESP=2
5422081	42	STIM=4
5428022	42	RESP=1
5437655	42	STIM=t
5441971	42	RESP=1
5453428	42	STIM=v
5459062	42	RESP=1
5469774	42	STIM=k
5477473	42	RESP=1
5487168	42	STIM=p
5494919	42	RESP=1
5504856	42	STIM=v
5513650	42	RESP=1
5521911	42	STIM=g
5525994	42	RESP=1
5539892	42	STIM=s
5546069	42	RESP=1
5555249	42	STIM=4
5559863	42	RESP=2
5571134	42	STIM=0
5576195	42	RESP=1
5587311	42	STIM=n
5591650	42	RESP=1
5604130	42	STIM=7
5612554	42	RESP=2
5620616	42	STIM=s
5627991	42	RESP=1
5637976	42	STIM=c
5641931	42	RESP=1
5653351	42	STIM=s
5657311	42	RESP=1
5669077	42	STIM=x
5672982	42	RESP=1
5684820	42	STIM=4
5690556	42	RESP=2
5702462	42	STIM=e
5705426	42	RESP=1
5718961	42	STIM=d
5725315	42	RESP=1
5736769	42	STIM=u
5741905	42	RESP=1
5752322	42	STIM=q
5757908	42	RESP=1
5770743	42	STIM=d
5775815	42	RESP=1
5786952	42	STIM=n
5792306	42	RESP=1
5805601	42	STIM=k
5813662	42	RESP=1
5822441	42	STIM=z
5826381	42	RESP=1
5839016	42	STIM=a
5845946	42	RESP=2
5855307	42	STIM=v
5860401	42	RESP=1
5873940	42	STIM=k
5880156	42	RESP=1
5889771	42	STIM=o
5892665	42	RESP=1
5905578	42	STIM=5
5910926	42	RESP=2
5923228	42	STIM=b
5927770	42	RESP=1
5941916	42	STIM=c
5948916	42	RESP=1
5957881	42	STIM=g
5965205	42	RESP=1
5973838	42	STIM=t
5976658	42	RESP=1
5990085	42	STIM=h
5993694	42	RESP=1
6005555	42	STIM=v
6009529	42	RESP=1
6022193	42	STIM=e
6025856	42	RESP=1
6038640	42	STIM=f
6042478	42	RESP=1
6054496	42	STIM=f
6058363	42	RESP=1
6071119	42	STIM=q
6074871	42	RESP=1
6089038	42	STIM=s
6094544	42	RESP=1
6105371	42	STIM=n
6109177	42	RESP=1
6121944	42	STIM=m
6126575	42	RESP=1
6138943	42	STIM=8
6144215	42	RESP=2
6155630	42	STIM=p
6161995	42	RESP=1
6173650	42	STIM=t
6177625	42	RESP=1
6190747	42	STIM=7
6194207	42	RESP=1
6207677	42	STIM=d
6211058	42	RESP=1
6224768	42	STIM=a
6228503	42	RESP=1
6241723	42	STIM=m
6245110	42	RESP=1
6256802	42	STIM=n
6263394	42	RESP=1
6274052	42	STIM=4
6280650	42	RESP=2
6289539	42	STIM=f
6297286	42	RESP=1
6308163	42	STIM=3
6312025	42	RESP=2
6326575	42	STIM=v
6332453	42	RESP=1
6345461	42	STIM=i
6349082	42	RESP=1
6362790	42	STIM=5
6366592	42	RESP=2
6379169	42	STIM=q
6384119	42	RESP=1
6394646	42	STIM=w
6403740	42	RESP=1
6411311	42	STIM=e
6416125	42	RESP=1
6430193	42	STIM=h
6434092	42	RESP=1
6446220	42	STIM=q
6451343	42	RESP=1
6463023	42	STIM=f
6466529	42	RESP=1
6480644	42	STIM=a
6484342	42	RESP=1
6499435	42	STIM=k
6504357	42	RESP=1
6517534	42	STIM=2
6522756	42	RESP=2
6536107	42	STIM=t
6541017	42	RESP=1
6554293	42	STIM=v
6561264	42	RESP=1
6570754	42	STIM=0
6576956	42	RESP=2
6588622	42	STIM=q
6591605	42	RESP=1
6605795	42	STIM=m
6608700	42	RESP=1
6624173	42	STIM=c
6628237	42	RESP=1
6640943	42	STIM=s
6647799	42	RESP=1
6657923	42	STIM=4
6663808	42	RESP=2
6673459	42	STIM=f
6677076	42	RESP=1
6690484	42	STIM=l
6694888	42	RESP=1
6708049	42	STIM=l
6718533	42	RESP=1
6723872	42	STIM=j
6728096	42	RESP=1
6741478	42	STIM=5
6745521	42	RESP=2
6759858	42	STIM=8
6763541	42	RESP=2
6775729	42	STIM=v
6780119	42	RESP=1
6793149	42	STIM=5
6798663	42	RESP=1
6808171	42	STIM=p
6812421	42	RESP=1
6826491	42	STIM=d
6831556	42	RESP=1
6841683	42	STIM=f
6846752	42	RESP=1
6858161	42	STIM=i
6862212	42	RESP=1
6874008	42	STIM=x
6880849	42	RESP=1
6892668	42	STIM=1
6897028	42	RESP=2
6910097	42	STIM=z
6913803	42	RESP=1
6927438	42	STIM=i
6930379	42	RESP=1
6942714	42	STIM=o
6947945	42	RESP=1
6960715	42	STIM=v
6963985	42	RESP=1
6977070	42	STIM=n
6981084	42	RESP=1
6992248	42	STIM=p
7000683	42	RESP=1
7007561	42	STIM=a
7011003	42	RESP=1
7025642	42	STIM=w
7031211	42	RESP=1
7043538	42	STIM=j
7051057	42	RESP=1
7059219	42	STIM=b
7063279	42	RESP=1
7075670	42	STIM=u
7081922	42	RESP=1
7093222	42	STIM=n
7097509	42	RESP=1
7111231	42	STIM=m
7116636	42	RESP=1
7129093	42	STIM=e
7133440	42	RESP=1
7147004	42	STIM=b
7154678	42	RESP=1
7162571	42	STIM=z
7168438	42	RESP=1
7177607	42	STIM=p
7184553	42	RESP=1
7193499	42	STIM=r
7197442	42	RESP=1
7211348	42	STIM=p
7220834	42	RESP=1
7229332	42	STIM=p
7233859	42	RESP=1
7247198	42	STIM=z
7250843	42	RESP=1
7264360	42	STIM=n
7268194	42	RESP=1
7279528	42	STIM=g
7282504	42	RESP=1
7298083	42	STIM=6
7303534	42	RESP=2
7316310	42	STIM=q
7320482	42	RESP=1
7331760	42	STIM=p
7334138	42	RESP=1
7349346	42	STIM=c
7353309	42	RESP=1
7366306	42	STIM=5
7371826	42	RESP=2
7381860	42	STIM=f
7385486	42	RESP=1
7398359	42	STIM=z
7404864	42	RESP=1
7416926	42	STIM=h
7421752	42	RESP=1
7432538	42	STIM=i
7436950	42	RESP=1
7449673	42	STIM=u
7452453	42	RESP=1
7465899	42	STIM=a
7469566	42	RESP=1
7482490	42	STIM=n
7486193	42	RESP=1
7498218	42	STIM=z
7501042	42	RESP=1
7515618	42	STIM=l
7519448	42	RESP=1
7531353	42	STIM=8
7538664	42	RESP=2
7549406	42	STIM=p
7552896	42	RESP=1
7565778	42	STIM=z
7570565	42	RESP=1
7581213	42	STIM=6
7586199	42	RESP=2
7598232	42	STIM=u
7603614	42	RESP=1
7615188	42	STIM=z
7620795	42	RESP=1
7630297	42	STIM=l
7634141	42	RESP=1
7646717	42	STIM=f
7651060	42	RESP=2
7662252	42	STIM=s
7665368	42	RESP=1
7679858	42	STIM=h
7683384	42	RESP=1
7695275	42	STIM=i
7699798	42	RESP=1
7711825	42	STIM=s
7715694	42	RESP=1
7730056	42	STIM=i
7733476	42	RESP=1
7748224	42	STIM=f
7752161	42	RESP=1
7766000	42	STIM=g
7770780	42	RESP=1
7782943	42	STIM=x
7787331	42	RESP=1
7799770	42	STIM=g
7803059	42	RESP=1
7816527	42	STIM=k
7819198	42	RESP=1
7834198	42	STIM=9
7839976	42	RESP=2
7853089	42	STIM=h
7857007	42	RESP=1
7869710	42	STIM=r
7878397	42	RESP=1
7887566	42	STIM=g
7892606	42	RESP=2
7904591	42	STIM=8
7908084	42	RESP=2
7920109	42	STIM=e
7926074	42	RESP=1
7935131	42	STIM=o
7939075	42	RESP=1
7952481	42	STIM=g
7957509	42	RESP=1
7970915	42	STIM=t
7974453	42	RESP=1
7989187	42	STIM=3
7993592	42	RESP=2
8006045	42	STIM=q
8011921	42	RESP=1
8021576	42	STIM=1
8026115	42	RESP=2
8037687	42	STIM=2
8044852	42	RESP=2
8055627	42	STIM=l
8060472	42	RESP=1
8071889	42	STIM=1
8076153	42	RESP=2
8087816	42	STIM=j
8093556	42	RESP=1
8103922	42	STIM=j
8108352	42	RESP=1
8122224	42	STIM=e
8125267	42	RESP=1
8139781	42	STIM=j
8147082	42	RESP=1
8158575	42	STIM=u
8162748	42	RESP=1
8175306	42	STIM=c
8180374	42	RESP=1
8192177	42	STIM=6
8196970	42	RESP=2
8208598	42	STIM=5
8212138	42	RESP=2
8224206	42	STIM=e
8227365	42	RESP=1
8240550	42	STIM=4
8246320	42	RESP=2
8257484	42	STIM=b
8266552	42	RESP=1
8275867	42	STIM=v
8279971	42	RESP=1
8290909	42	STIM=n
8293828	42	RESP=1
8305994	42	STIM=h
8308709	42	RESP=1
8322432	42	STIM=t
8327563	42	RESP=1
8341285	42	STIM=v
8347047	42	RESP=1
8356453	42	STIM=m
8362467	42	RESP=1
8372267	42	STIM=x
8376883	42	RESP=1
8389285	42	STIM=f
8392903	42	RESP=1
8407383	42	STIM=a
8413604	42	RESP=1
8425535	42	STIM=v
8430773	42	RESP=1
8442179	42	STIM=h
8445681	42	RESP=1
8461150	42	STIM=d
8464478	42	RESP=1
8476410	42	STIM=c
8481668	42	RESP=1
8492474	42	STIM=0
8497865	42	RESP=2
8509906	42	STIM=p
8514492	42	RESP=1
8528402	42	STIM=s
8532916	42	RESP=1
8546562	42	STIM=z
8550042	42	RESP=1
8563331	42	STIM=o
8568042	42	RESP=1
8578378	42	STIM=4
8584039	42	RESP=2
8596953	42	STIM=x
8600596	42	RESP=1
8614628	42	STIM=q
8620505	42	RESP=1
8630251	42	STIM=s
8633889	42	RESP=1
8648704	42	STIM=j
8652420	42	RESP=1
8667419	42	STIM=d
8672351	42	RESP=1
8683192	42	STIM=n
8687131	42	RESP=1
8699594	42	STIM=9
8707540	42	RESP=2
8717362	42	STIM=v
8722533	42	RESP=1
8732999	42	STIM=1
8737102	42	RESP=2
8751939	42	STIM=w
8759176	42	RESP=1
8767535	42	STIM=g
8772212	42	RESP=1
8785979	42	STIM=c
8794852	42	RESP=1
8804673	42	STIM=q
8809431	42	RESP=1
8821700	42	STIM=w
8825506	42	RESP=1
8839391	42	STIM=1
8845491	42	RESP=2
8857482	42	STIM=a
8860028	42	RESP=1
8872557	42	STIM=v
8875592	42	RESP=1
8888042	42	STIM=j
8890966	42	RESP=1
8905441	42	STIM=w
8909355	42	RESP=1
8923893	42	STIM=o
8928226	42	RESP=1
8939862	42	STIM=5
8944329	42	RESP=1
8957338	42	STIM=p
8961441	42	RESP=1
8973176	42	STIM=f
8980183	42	RESP=1
8991581	42	STIM=p
8997459	42	RESP=1
9008807	42	STIM=k
9013495	42	RESP=1
9025710	42	STIM=c
9028713	42	RESP=1
9042052	42	STIM=n
9048961	42	RESP=1
9058361	42	STIM=6
9064242	42	RESP=2
9077252	42	STIM=c
9081979	42	RESP=1
9095376	42	STIM=x
9101303	42	RESP=1
9113827	42	STIM=4
9118017	42	RESP=2
9132741	42	STIM=w
9137178	42	RESP=1
9151033	42	STIM=j
9154439	42	RESP=1
9168475	42	STIM=v
9175079	42	RESP=1
9185489	42	STIM=c
9192974	42	RESP=1
9201816	42	STIM=y
9206989	42	RESP=1
9218528	42	STIM=3
9222540	42	RESP=2
9234414	42	STIM=j
9239391	42	RESP=1
9250075	42	STIM=u
9254467	42	RESP=1
9266898	42	STIM=3
9272432	42	RESP=1
9284335	42	STIM=a
9288118	42	RESP=1
9300091	42	STIM=k
9304430	42	RESP=1
9315260	42	STIM=y
9320145	42	RESP=1
9334119	42	STIM=k
9337857	42	RESP=1
9351480	42	STIM=e
9356800	42	RESP=1
9369845	42	STIM=u
9372541	42	RESP=2
9385114	42	STIM=t
9391620	42	RESP=1
9402360	42	STIM=y
9406510	42	RESP=1
9420566	42	STIM=n
9425265	42	RESP=1
9437059	42	STIM=h
9440304	42	RESP=1
9453322	42	STIM=0
9458076	42	RESP=2
9470369	42	STIM=8
9475688	42	RESP=2
9485458	42	STIM=4
9494285	42	RESP=2
9502131	42	STIM=9
9510109	42	RESP=2
9520870	42	STIM=n
9524729	42	RESP=1
9537579	42	STIM=9
9544042	42	RESP=2
9553887	42	STIM=k
9558506	42	RESP=1
9569514	42	STIM=t
9575461	42	RESP=1
9587344	42	STIM=7
9593289	42	RESP=2
9604986	42	STIM=l
9609271	42	RESP=2
9622646	42	STIM=u
9627109	42	RESP=1
9640081	42	STIM=u
9644762	42	RESP=1
9658693	42	STIM=y
9663857	42	RESP=1
9674889	42	STIM=7
9680515	42	RESP=2
9691838	42	STIM=w
9695503	42	RESP=1
9708759	42	STIM=l
9712091	42	RESP=1
9724029	42	STIM=x
9729913	42	RESP=1
9739452	42	STIM=k
9743158	42	RESP=1
9754988	42	STIM=7
9759548	42	RESP=2
9772929	42	STIM=a
9777008	42	RESP=1
9790139	42	STIM=l
9795967	42	RESP=1
9806295	42	STIM=0
9811535	42	RESP=2
9821749	42	STIM=n
9826291	42	RESP=1
9838366	42	STIM=2
9845811	42	RESP=2
9854671	42	STIM=e
9859409	42	RESP=1
9871435	42	STIM=8
9879494	42	RESP=1
9889131	42	STIM=w
9893208	42	RESP=1
9908020	42	STIM=4
9912507	42	RESP=1
9925251	42	STIM=3
9937341	42	RESP=2
9943141	42	STIM=h
9948133	42	RESP=1
9959408	42	STIM=i
9966989	42	RESP=1
9978123	42	STIM=v
9982613	42	RESP=1
9996678	42	STIM=t
9999587	42	RESP=1
10014268	42	STIM=m
10019819	42	RESP=1
10029286	42	STIM=4
10036102	42	RESP=1
10047261	42	STIM=c
10051077	42	RESP=1
10064496	42	STIM=k
10067743	42	RESP=2
10081886	42	STIM=k
10085922	42	RESP=1
10100647	42	STIM=p
10106659	42	RESP=1
10116524	42	STIM=7
10123961	42	RESP=2
10135011	42	STIM=g
10138912	42	RESP=1
10153963	42	STIM=0
10160486	42	RESP=2
10169314	42	STIM=e
10174471	42	RESP=1
10184437	42	STIM=8
10189304	42	RESP=2
10200484	42	STIM=y
10206793	42	RESP=1
10216384	42	STIM=l
10220291	42	RESP=1
10233009	42	STIM=f
10239049	42	RESP=1
10250478	42	STIM=w
10253696	42	RESP=1
10267302	42	STIM=k
10273741	42	RESP=1
10283388	42	STIM=0
10290735	42	RESP=2
10301320	42	STIM=v
10305810	42	RESP=1
10319375	42	STIM=4
10325451	42	RESP=1
10337952	42	STIM=n
10342298	42	RESP=1
10354374	42	STIM=h
10359763	42	RESP=1
10370262	42	STIM=e
10373355	42	RESP=1
10388158	42	STIM=w
10394057	42	RESP=1
10405782	42	STIM=l
10410782	42	RESP=1
10424774	42	STIM=4
10430819	42	RESP=2
10442042	42	STIM=v
10446503	42	RESP=1
10460185	42	STIM=u
10465309	42	RESP=1
10478775	42	STIM=c
10484049	42	RESP=1
10497647	42	STIM=0
10502503	42	RESP=2
10513604	42	STIM=i
10520651	42	RESP=1
10531327	42	STIM=b
10537932	42	RESP=1
10549421	42	STIM=g
10554866	42	RESP=1
10566079	42	STIM=6
10571646	42	RESP=2
10584500	42	STIM=a
10588675	42	RESP=2
10601392	42	STIM=y
10611295	42	RESP=1
10618127	42	STIM=g
10622074	42	RESP=1
10635950	42	STIM=m
10642983	42	RESP=1
10651039	42	STIM=j
10657621	42	RESP=1
10668706	42	STIM=g
10672717	42	RESP=1
10684316	42	STIM=j
10692142	42	RESP=1
10701116	42	STIM=u
10706536	42	RESP=1
10719312	42	STIM=y
10723321	42	RESP=1
10738100	42	STIM=e
10743205	42	RESP=1
10753883	42	STIM=y
10759319	42	RESP=1
10771931	42	STIM=w
10776140	42	RESP=1
10790690	42	STIM=q
10793141	42	RESP=1
10806973	42	STIM=g
10814472	42	RESP=1
10824135	42	STIM=k
10827442	42	RESP=1
10842857	42	STIM=f
10847540	42	RESP=1
10860001	42	STIM=h
10864707	42	RESP=1
10878339	42	STIM=u
10881689	42	RESP=1
10895550	42	STIM=m
10899665	42	RESP=1
10912723	42	STIM=6
10917481	42	RESP=2
10931425	42	STIM=g
10936921	42	RESP=1
10948529	42	STIM=b
10954302	42	RESP=1
10964441	42	STIM=t
10970816	42	RESP=1
10982791	42	STIM=h
10987140	42	RESP=1
10998282	42	STIM=m
11004840	42	RESP=1
11016898	42	STIM=s
11022142	42	RESP=1
11032980	42	STIM=h
11037353	42	RESP=1
11049653	42	STIM=w
11053858	42	RESP=1
11068012	42	STIM=g
11074870	42	RESP=1
11085577	42	STIM=g
11088418	42	RESP=1
11102698	42	STIM=s
11107388	42	RESP=1
11120868	42	STIM=z
11127480	42	RESP=1
11139124	42	STIM=0
11144715	42	RESP=2
11157451	42	STIM=c
11165154	42	RESP=1
11174898	42	STIM=z
11182389	42	RESP=1
11190560	42	STIM=s
11194545	42	RESP=2
11208464	42	STIM=y
11212192	42	RESP=1
11226236	42	STIM=x
11235397	42	RESP=1
11245172	42	STIM=s
11249401	42	RESP=1
11263849	42	STIM=8
11268372	42	RESP=1
11280411	42	STIM=y
11284593	42	RESP=1
11298693	42	STIM=r
11303560	42	RESP=1
11313718	42	STIM=7
11318484	42	RESP=2
11330049	42	STIM=n
11334827	42	RESP=1
11346004	42	STIM=a
11349493	42	RESP=1
11363350	42	STIM=r
11366658	42	RESP=1
11382335	42	STIM=4
11389457	42	RESP=2
11397862	42	STIM=g
11406513	42	RESP=1
11415790	42	STIM=2
11423023	42	RESP=2
11433542	42	STIM=t
11437855	42	RESP=1
11451868	42	STIM=w
11455119	42	RESP=1
11467635	42	STIM=b
11475512	42	RESP=1
11483487	42	STIM=j
11487209	42	RESP=1
11499253	42	STIM=v
11503573	42	RESP=1
11517892	42	STIM=q
11522454	42	RESP=1
11536712	42	STIM=x
11540719	42	RESP=1
11553723	42	STIM=d
11557213	42	RESP=1
11571441	42	STIM=3
11577056	42	RESP=2
11589060	42	STIM=m
11595820	42	RESP=1
11607941	42	STIM=l
11611606	42	RESP=1
11623401	42	STIM=x
11627192	42	RESP=1
11641393	42	STIM=4
11646183	42	RESP=2
11659677	42	STIM=d
11664216	42	RESP=1
11675379	42	STIM=e
11679990	42	RESP=1
11691577	42	STIM=g
11701062	42	RESP=1
11707673	42	STIM=l
11711255	42	RESP=1
11726132	42	STIM=d
11731025	42	RESP=1
11743453	42	STIM=n
11748737	42	RESP=1
11762050	42	STIM=e
11767381	42	RESP=1
11780563	42	STIM=u
11784955	42	RESP=1
11799213	42	STIM=8
11804014	42	RESP=2
11815793	42	STIM=t
11825792	42	RESP=1
11832987	42	STIM=a
11837411	42	RESP=1
11849366	42	STIM=3
11857601	42	RESP=2
11865035	42	STIM=y
11868636	42	RESP=1
11883039	42	STIM=l
11887870	42	RESP=1
11898049	42	STIM=n
11902663	42	RESP=1
11913716	42	STIM=6
11920129	42	RESP=1
11931350	42	STIM=z
11936450	42	RESP=1
11948236	42	STIM=s
11952740	42	RESP=1
11963964	42	STIM=f
11970107	42	RESP=1
11980188	42	STIM=a
11983025	42	RESP=1
11996853	42	STIM=4
12002849	42	RESP=2
12014038	42	STIM=t
12021504	42	RESP=2
12031041	42	STIM=f
12035495	42	RESP=1
12046596	42	STIM=b
12049774	42	RESP=1
12064641	42	STIM=5
12069042	42	RESP=2
12083276	42	STIM=0
12091079	42	RESP=2
12099885	42	STIM=p
12104090	42	RESP=1
12117764	42	STIM=5
12124085	42	RESP=2
12135523	42	STIM=v
12139561	42	RESP=1
12152404	42	STIM=k
12158523	42	RESP=1
12171203	42	STIM=b
12178691	42	RESP=1
12187093	42	STIM=l
12190773	42	RESP=1
12202600	42	STIM=k
12208867	42	RESP=1
12218372	42	STIM=q
12222406	42	RESP=1
12236785	42	STIM=g
12243115	42	RESP=1
12252065	42	STIM=b
12255341	42	RESP=1
12270615	42	STIM=c
12275284	42	RESP=1
12286309	42	STIM=7
12291669	42	RESP=2
12302375	42	STIM=p
12311452	42	RESP=1
12320995	42	STIM=0
12324920	42	RESP=2
12337131	42	STIM=q
12343491	42	RESP=1
12352168	42	STIM=r
12357015	42	RESP=1
12368745	42	STIM=t
12376731	42	RESP=1
12386033	42	STIM=y
12389955	42	RESP=1
12403997	42	STIM=p
12411473	42	RESP=1
12420299	42	STIM=x
12425310	42	RESP=2
12436972	42	STIM=v
12442076	42	RESP=1
12454112	42	STIM=1
12459371	42	RESP=2
12472931	42	STIM=0
12477833	42	RESP=1
12490999	42	STIM=d
12498670	42	RESP=1
12507647	42	STIM=p
12516085	42	RESP=1
12525620	42	STIM=5
12530286	42	RESP=2
12541449	42	STIM=o
12544453	42	RESP=1
12557972	42	STIM=h
12562532	42	RESP=1
12574042	42	STIM=e
12577731	42	RESP=2
12589598	42	STIM=g
12593139	42	RESP=1
12607271	42	STIM=b
12612272	42	RESP=1
12622890	42	STIM=7
12631776	42	RESP=2
12639093	42	STIM=r
12642794	42	RESP=1
12655616	42	STIM=u
12659006	42	RESP=1
12673630	42	STIM=1
12677634	42	RESP=2
12689941	42	STIM=w
12694993	42	RESP=1
12707792	42	STIM=j
12710892	42	RESP=1
12724620	42	STIM=i
12729062	42	RESP=1
12743137	42	STIM=c
12748182	42	RESP=1
12759265	42	STIM=b
12766689	42	RESP=1
12778257	42	STIM=g
12783016	42	RESP=1
12796385	42	STIM=h
12802777	42	RESP=1
12812397	42	STIM=7
12816211	42	RESP=2
12827967	42	STIM=n
12833994	42	RESP=1
12845270	42	STIM=v
12851788	42	RESP=1
12862822	42	STIM=u
12867118	42	RESP=1
12880239	42	STIM=k
12886149	42	RESP=1
12898387	42	STIM=d
12905896	42	RESP=1
12913944	42	STIM=b
12922550	42	RESP=1
12929657	42	STIM=m
12934553	42	RESP=1
12945534	42	STIM=w
12951937	42	RESP=1
12963595	42	STIM=b
12967205	42	RESP=1
12982327	42	STIM=m
12986044	42	RESP=1
13000144	42	STIM=c
13005943	42	RESP=1
13017852	42	STIM=n
13023461	42	RESP=1
13035299	42	STIM=0
13042288	42	RESP=2
13050891	42	STIM=0
13055212	42	RESP=2
13066679	42	STIM=w
13070519	42	RESP=1
13083206	42	STIM=z
13088701	42	RESP=1
13100020	42	STIM=g
13105041	42	RESP=1
13115874	42	STIM=n
13121191	42	RESP=1
13132661	42	STIM=c
13137696	42	RESP=1
13151650	42	STIM=d
13155922	42	RESP=1
13168391	42	STIM=x
13172825	42	RESP=1
13186748	42	STIM=l
13191010	42	RESP=1
13201761	42	STIM=2
13205063	42	RESP=2
13220494	42	STIM=c
13223930	42	RESP=1
13237356	42	STIM=q
13241430	42	RESP=1
13254040	42	STIM=n
13258652	42	RESP=1
13270601	42	STIM=4
13274927	42	RESP=2
13286176	42	STIM=z
13291152	42	RESP=1
13301225	42	STIM=y
13304645	42	RESP=2
13316396	42	STIM=v
13321175	42	RESP=1
13335040	42	STIM=d
13342810	42	RESP=1
13353614	42	STIM=k
13356440	42	RESP=1
13370036	42	STIM=y
13373373	42	RESP=1
13385434	42	STIM=j
13389305	42	RESP=1
13402753	42	STIM=k
13410427	42	RESP=1
13421475	42	STIM=o
13424567	42	RESP=1
13437301	42	STIM=y
13443415	42	RESP=1
13455417	42	STIM=d
13460527	42	RESP=1
13471966	42	STIM=c
13476662	42	RESP=1
13490958	42	STIM=i
13496650	42	RESP=1
13506595	42	STIM=x
13512876	42	RESP=1
13522728	42	STIM=q
13526409	42	RESP=1
13539138	42	STIM=j
13545702	42	RESP=1
13554675	42	STIM=n
13559066	42	RESP=1
13572263	42	STIM=v
13575137	42	RESP=1
13590180	42	STIM=r
13595695	42	RESP=1
13608167	42	STIM=l
13611706	42	RESP=1
13625222	42	STIM=n
13628899	42	RESP=1
13641657	42	STIM=k
13644706	42	RESP=1
13660360	42	STIM=n
13670407	42	RESP=1
13677972	42	STIM=d
13683050	42	RESP=1
13693073	42	STIM=z
13699642	42	RESP=1
13709250	42	STIM=x
13715093	42	RESP=1
13725602	42	STIM=w
13730128	42	RESP=1
13741101	42	STIM=f
13744732	42	RESP=1
13759511	42	STIM=o
13765678	42	RESP=1
13777011	42	STIM=q
13779779	42	RESP=1
13794449	42	STIM=v
13799730	42	RESP=1
13812185	42	STIM=t
13816628	42	RESP=1
13829244	42	STIM=m
13833777	42	RESP=1
13846501	42	STIM=k
13853484	42	RESP=1
13863781	42	STIM=9
13869148	42	RESP=2
13882587	42	STIM=m
13889297	42	RESP=1
13899018	42	STIM=e
13908086	42	RESP=1
13917623	42	STIM=6
13924779	42	RESP=2
13934607	42	STIM=j
13940965	42	RESP=1
13952159	42	STIM=0
13956831	42	RESP=2
13968886	42	STIM=0
13976486	42	RESP=2
13986717	42	STIM=0
13992528	42	RESP=2
14005243	42	STIM=c
14009985	42	RESP=1
14022367	42	STIM=1
14028157	42	RESP=1
14041130	42	STIM=v
14047298	42	RESP=1
14058105	42	STIM=e
14061457	42	RESP=1
14075573	42	STIM=0
14080665	42	RESP=2
14090584	42	STIM=v
14094100	42	RESP=1
14107187	42	STIM=c
14112322	42	RESP=1
14122246	42	STIM=e
14124786	42	RESP=1
14140116	42	STIM=h
14145664	42	RESP=1
14156125	42	STIM=i
14159311	42	RESP=1
14171424	42	STIM=1
14176965	42	RESP=2
14187536	42	STIM=7
14190848	42	RESP=2
14205468	42	STIM=u
14208601	42	RESP=1
14222292	42	STIM=f
14226806	42	RESP=1
14238052	42	STIM=a
14241910	42	RESP=1
14254251	42	STIM=8
14259141	42	RESP=2
14270420	42	STIM=s
14275534	42	RESP=1
14289308	42	STIM=m
14296901	42	RESP=1
14306280	42	STIM=8
14309568	42	RESP=1
14324376	42	STIM=q
14329233	42	RESP=1
14342895	42	STIM=i
14345955	42	RESP=1
14359071	42	STIM=a
14366272	42	RESP=1
14374784	42	STIM=e
14379033	42	RESP=1
14389878	42	STIM=z
14396327	42	RESP=1
14406161	42	STIM=x
14408886	42	RESP=1
14422862	42	STIM=i
14428485	42	RESP=1
14438726	42	STIM=9
14442602	42	RESP=2
14455381	42	STIM=n
14459142	42	RESP=1
14473838	42	STIM=u
14477823	42	RESP=1
14492020	42	STIM=9
14499379	42	RESP=2
14510190	42	STIM=r
14513346	42	RESP=1
14527600	42	STIM=u
14535336	42	RESP=1
14542973	42	STIM=u
14547661	42	RESP=1
14559230	42	STIM=x
14563114	42	RESP=1
14575830	42	STIM=0
14579432	42	RESP=2
14590931	42	STIM=m
14596067	42	RESP=1
14607022	42	STIM=b
14611963	42	RESP=1
14625044	42	STIM=7
14630927	42	RESP=2
14643194	42	STIM=9
14647800	42	RESP=2
14660369	42	STIM=c
14665512	42	RESP=1
14676086	42	STIM=n
14682718	42	RESP=1
14692623	42	STIM=7
14697841	42	RESP=2
14710111	42	STIM=5
14713402	42	RESP=2
14727194	42	STIM=b
14732214	42	RESP=1
14743767	42	STIM=m
14747457	42	RESP=1
14760501	42	STIM=c
14765371	42	RESP=1
14777363	42	STIM=u
14782636	42	RESP=1
14793787	42	STIM=h
14799386	42	RESP=1
14812035	42	STIM=1
14821597	42	RESP=2
14827522	42	STIM=n
14833611	42	RESP=1
14843783	42	STIM=k
14847711	42	RESP=1
14858988	42	STIM=h
14865686	42	RESP=1
14876840	42	STIM=w
14885884	42	RESP=1
14894053	42	STIM=r
14896820	42	RESP=1
14912466	42	STIM=h
14918578	42	RESP=1
14929414	42	STIM=o
14933357	42	RESP=1
14946542	42	STIM=x
14949777	42	RESP=1
14965374	42	STIM=j
14969562	42	RESP=1
14981803	42	STIM=z
14986084	42	RESP=1
14997797	42	STIM=u
15002989	42	RESP=1
15016543	42	STIM=r
15021213	42	RESP=1
15032665	42	STIM=y
15035433	42	RESP=2
15050947	42	STIM=8
15057551	42	RESP=2
15066903	42	STIM=8
15073516	42	RESP=2
15084933	42	STIM=8
15089117	42	RESP=2
15100840	42	STIM=v
15106010	42	RESP=1
15119252	42	STIM=a
15121702	42	RESP=1
15134575	42	STIM=t
15140051	42	RESP=1
15150726	42	STIM=5
15154241	42	RESP=2
15169567	42	STIM=f
15175977	42	RESP=1
15185511	42	STIM=o
15191340	42	RESP=1
15204042	42	STIM=y
15209205	42	RESP=1
15219103	42	STIM=1
15223707	42	RESP=2
15235524	42	STIM=j
15238952	42	RESP=1
15253706	42	STIM=d
15256897	42	RESP=2
15272290	42	STIM=n
15275996	42	RESP=1
15289286	42	STIM=d
15294000	42	RESP=1
15304466	42	STIM=x
15309759	42	RESP=1
15321494	42	STIM=x
15328746	42	RESP=2
15337611	42	STIM=1
15342265	42	RESP=2
15356414	42	STIM=y
15360111	42	RESP=1
15374683	42	STIM=i
15378072	42	RESP=1
15391606	42	STIM=5
15395079	42	RESP=2
15410051	42	STIM=l
15413523	42	RESP=1
15426989	42	STIM=1
15440726	42	RESP=2
15442437	42	STIM=s
15447707	42	RESP=1
15458891	42	STIM=4
15463782	42	RESP=2
15474805	42	STIM=s
15479305	42	RESP=1
15492962	42	STIM=8
15502291	42	RESP=2
15511039	42	STIM=7
15517468	42	RESP=2
15528988	42	STIM=e
15531828	42	RESP=1
15545197	42	STIM=w
15548710	42	RESP=1
15560374	42	STIM=a
15565331	42	RESP=1
15578856	42	STIM=i
15583573	42	RESP=1
15596124	42	STIM=3
15603570	42	RESP=2
15611384	42	STIM=1
15615177	42	RESP=2
15629198	42	STIM=i
15631637	42	RESP=1
15645936	42	STIM=r
15649644	42	RESP=1
15661540	42	STIM=r
15665583	42	RESP=1
15678080	42	STIM=o
15680773	42	RESP=1
15693950	42	STIM=t
15698978	42	RESP=1
15710507	42	STIM=w
15720695	42	RESP=1
15729481	42	STIM=a
15734971	42	RESP=2
15746000	42	STIM=y
15748705	42	RESP=1
15764034	42	STIM=f
15769688	42	RESP=1
15782569	42	STIM=u
15786586	42	RESP=1
15797599	42	STIM=v
15802101	42	RESP=1
15816160	42	STIM=g
15823380	42	RESP=1
15834983	42	STIM=b
15841044	42	RESP=2
15852191	42	STIM=7
15856798	42	RESP=2
15870915	42	STIM=1
15876051	42	RESP=2
15888884	42	STIM=u
15895048	42	RESP=1
15904605	42	STIM=x
15907638	42	RESP=1
15921764	42	STIM=e
15926212	42	RESP=1
15939111	42	STIM=7
15944371	42	RESP=2
15954961	42	STIM=0
15960278	42	RESP=2
15973900	42	STIM=s
15976919	42	RESP=1
15990394	42	STIM=p
15996013	42	RESP=1
16006255	42	STIM=t
16009618	42	RESP=1
16022544	42	STIM=j
16026141	42	RESP=1
16040041	42	STIM=o
16043820	42	RESP=1
16058013	42	STIM=9
16063695	42	RESP=2
16073556	42	STIM=n
16078935	42	RESP=1
16088994	42	STIM=a
16094097	42	RESP=1
16105292	42	STIM=r
16110066	42	RESP=1
16122071	42	STIM=6
16128323	42	RESP=2
16140893	42	STIM=l
16151418	42	RESP=1
16159782	42	STIM=4
16164732	42	RESP=2
16177461	42	STIM=m
16185555	42	RESP=1
16193269	42	STIM=r
16197311	42	RESP=1
16210782	42	STIM=z
16214594	42	RESP=1
16229014	42	STIM=2
16233429	42	RESP=2
16246070	42	STIM=a
16251365	42	RESP=1
16264693	42	STIM=3
16268498	42	RESP=2
16282369	42	STIM=8
16287253	42	RESP=2
16298002	42	STIM=q
16301719	42	RESP=1
16314107	42	STIM=h
16317869	42	RESP=1
16330572	42	STIM=b
16334079	42	RESP=1
16346207	42	STIM=e
16354336	42	RESP=1
16364398	42	STIM=u
16369391	42	RESP=1
16380669	42	STIM=y
16386380	42	RESP=1
16396584	42	STIM=v
16401978	42	RESP=1
16414760	42	STIM=f
16420892	42	RESP=1
16432391	42	STIM=4
16438506	42	RESP=1
16450007	42	STIM=e
16455084	42	RESP=1
16466502	42	STIM=r
16471069	42	RESP=1
16482770	42	STIM=n
16487325	42	RESP=1
16500621	42	STIM=2
16507807	42	RESP=2
16518822	42	STIM=o
16523811	42	RESP=1
16534274	42	STIM=7
16538419	42	RESP=2
16551058	42	STIM=f
16556624	42	RESP=1
16566073	42	STIM=d
16572136	42	RESP=1
16582468	42	STIM=p
16585547	42	RESP=1
16599012	42	STIM=x
16602962	42	RESP=1
16617179	42	STIM=6
16622978	42	RESP=2
16635333	42	STIM=e
16639354	42	RESP=1
16652630	42	STIM=t
16655214	42	RESP=1
16668050	42	STIM=r
16671838	42	RESP=1
16685598	42	STIM=b
16690329	42	RESP=1
16700769	42	STIM=b
16704730	42	RESP=1
16718093	42	STIM=8
16721904	42	RESP=2
16736666	42	STIM=f
16743565	42	RESP=1
16753037	42	STIM=u
16756051	42	RESP=1
16769487	42	STIM=8
16775235	42	RESP=1
16785223	42	STIM=n
16788707	42	RESP=1
16803672	42	STIM=m
16810341	42	RESP=1
16819190	42	STIM=1
16823665	42	RESP=2
16834434	42	STIM=n
16840366	42	RESP=1
16850216	42	STIM=q
16855857	42	RESP=1
16866977	42	STIM=n
16874427	42	RESP=1
16885155	42	STIM=9
16891982	42	RESP=2
16902245	42	STIM=r
16907597	42	RESP=1
16918755	42	STIM=3
16924504	42	RESP=2
16937680	42	STIM=1
16944983	42	RESP=2
16954686	42	STIM=r
16958728	42	RESP=1
16970405	42	STIM=0
16974874	42	RESP=1
16987035	42	STIM=q
16991533	42	RESP=1
17003153	42	STIM=m
17007820	42	RESP=1
17020138	42	STIM=6
17025004	42	RESP=2
17039066	42	STIM=z
17043546	42	RESP=2
17054809	42	STIM=f
17059289	42	RESP=1
17070767	42	STIM=i
17078100	42	RESP=1
17086008	42	STIM=j
17089096	42	RESP=1
17103799	42	STIM=y
17106672	42	RESP=1
17119375	42	STIM=v
17123551	42	RESP=1
17136905	42	STIM=l
17142429	42	RESP=1
17153370	42	STIM=2
17157228	42	RESP=1
17172316	42	STIM=e
17175704	42	RESP=1
17189762	42	STIM=b
17195796	42	RESP=1
17206240	42	STIM=k
17212985	42	RESP=1
17221242	42	STIM=l
17226665	42	RESP=1
17238347	42	STIM=o
17243109	42	RESP=1
17256940	42	STIM=o
17262487	42	RESP=1
17275710	42	STIM=n
17283276	42	RESP=1
17292720	42	STIM=j
17297113	42	RESP=1
17310809	42	STIM=j
17315460	42	RESP=2
17328100	42	STIM=v
17333283	42	RESP=1
17345168	42	STIM=p
17354083	42	RESP=1
17363569	42	STIM=7
17367916	42	RESP=2
17379843	42	STIM=x
17383806	42	RESP=1
17396229	42	STIM=r
17400617	42	RESP=1
17413658	42	STIM=f
17416618	42	RESP=1
17430960	42	STIM=1
17436608	42	RESP=1
17448854	42	STIM=o
17453953	42	RESP=2
17467305	42	STIM=l
17471619	42	RESP=1
17483037	42	STIM=x
17486293	42	RESP=1
17500926	42	STIM=d
17507697	42	RESP=1
17519195	42	STIM=j
17523463	42	RESP=1
17538158	42	STIM=j
17548220	42	RESP=1
17554047	42	STIM=g
17559391	42	RESP=1
17569928	42	STIM=x
17573085	42	RESP=2
17586228	42	STIM=9
17591949	42	RESP=2
17602418	42	STIM=b
17612713	42	RESP=1
17621245	42	STIM=m
17624760	42	RESP=1
17637968	42	STIM=s
17643507	42	RESP=1
17656319	42	STIM=g
17661246	42	RESP=1
17673393	42	STIM=o
17681406	42	RESP=1
17689112	42	STIM=z
17692170	42	RESP=1
17707323	42	STIM=2
17713577	42	RESP=2
17724795	42	STIM=m
17730467	42	RESP=1
17741567	42	STIM=6
17748826	42	RESP=2
17757820	42	STIM=t
17764108	42	RESP=1
17773686	42	STIM=f
17777892	42	RESP=1
17790464	42	STIM=2
17796929	42	RESP=1
17807416	42	STIM=x
17813340	42	RESP=1
17825645	42	STIM=s
17829805	42	RESP=1
17841211	42	STIM=d
17844036	42	RESP=1
17858282	42	STIM=t
17862600	42	RESP=1
17874101	42	STIM=a
17877069	42	RESP=1
17891633	42	STIM=c
17895450	42	RESP=1
17906861	42	STIM=c
17911802	42	RESP=1
17924338	42	STIM=v
17930162	42	RESP=1
17942587	42	STIM=g
17946586	42	RESP=2
17959395	42	STIM=8
17964085	42	RESP=2
17977659	42	STIM=d
17981145	42	RESP=1
17994140	42	STIM=m
18000282	42	RESP=1
18012073	42	STIM=m
18016016	42	RESP=1
18031026	42	STIM=8
18037556	42	RESP=2
18048632	42	STIM=w
18053186	42	RESP=1
18063966	42	STIM=f
18072261	42	RESP=1
18081243	42	STIM=6
18086233	42	RESP=2
18099365	42	STIM=f
18103011	42	RESP=1
18115852	42	STIM=x
18120586	42	RESP=1
18132191	42	STIM=9
18138375	42	RESP=2
18148729	42	STIM=8
18153440	42	RESP=2
18164427	42	STIM=c
18174408	42	RESP=1
18182623	42	STIM=w
18186677	42	RESP=1
18200480	42	STIM=x
18208183	42	RESP=1
18218851	42	STIM=x
18221982	42	RESP=1
18236672	42	STIM=s
18241374	42	RESP=1
18252011	42	STIM=o
18258499	42	RESP=1
18269872	42	STIM=s
18276183	42	RESP=1
18286291	42	STIM=t
18291314	42	RESP=1
18303530	42	STIM=e
18310322	42	RESP=1
18320101	42	STIM=w
18324004	42	RESP=1
18337166	42	STIM=s
18341560	42	RESP=1
18356015	42	STIM=9
18360975	42	RESP=2
18372927	42	STIM=t
18377946	42	RESP=1
18389776	42	STIM=z
18394241	42	RESP=1
18405511	42	STIM=p
18409675	42	RESP=1
18422402	42	STIM=n
18427469	42	RESP=2
18440676	42	STIM=i
18444109	42	RESP=1
18456224	42	STIM=5
18462556	42	RESP=2
18474473	42	STIM=s
18479140	42	RESP=1
18490476	42	STIM=7
18494992	42	RESP=2
18509181	42	STIM=e
18515775	42	RESP=1
18527462	42	STIM=p
18533555	42	RESP=1
18543428	42	STIM=f
18548032	42	RESP=1
18561380	42	STIM=h
18565705	42	RESP=1
18580093	42	STIM=q
18583669	42	RESP=1
18598348	42	STIM=2
18605162	42	RESP=2
18614965	42	STIM=m
18623294	42	RESP=1
18632623	42	STIM=8
18636229	42	RESP=2
18647838	42	STIM=t
18652271	42	RESP=1
18664903	42	STIM=7
18671450	42	RESP=2
18683764	42	STIM=b
18688802	42	RESP=1
18699556	42	STIM=j
18709106	42	RESP=1
18714764	42	STIM=q
18718626	42	RESP=1
18730895	42	STIM=q
18733772	42	RESP=1
18746579	42	STIM=j
18749531	42	RESP=1
18763665	42	STIM=m
18769479	42	RESP=1
18779131	42	STIM=k
18784498	42	RESP=1
18796719	42	STIM=e
18801030	42	RESP=1
18811944	42	STIM=h
18816433	42	RESP=1
18827708	42	STIM=c
18834629	42	RESP=1
18843940	42	STIM=3
18848016	42	RESP=1
18859698	42	STIM=8
18864047	42	RESP=2
18877720	42	STIM=s
18885034	42	RESP=1
18895193	42	STIM=6
18899678	42	RESP=2
18912450	42	STIM=2
18916820	42	RESP=1
18927869	42	STIM=k
18933041	42	RESP=1
18946078	42	STIM=y
18950240	42	RESP=1
18962408	42	STIM=m
18970004	42	RESP=1
18980645	42	STIM=d
18984554	42	RESP=1
18995807	42	STIM=k
18999796	42	RESP=1
19013378	42	STIM=u
19015793	42	RESP=1
19028509	42	STIM=f
19032790	42	RESP=1
19043543	42	STIM=9
19047518	42	RESP=2
19060753	42	STIM=7
19068732	42	RESP=2
19078254	42	STIM=d
19084051	42	RESP=2
19093459	42	STIM=j
19098190	42	RESP=1
19111558	42	STIM=b
19114912	42	RESP=1
19126621	42	STIM=a
19130800	42	RESP=1
19143542	42	STIM=z
19148069	42	RESP=1
19158872	42	STIM=v
19162417	42	RESP=1
19174103	42	STIM=t
19182827	42	RESP=1
19189280	42	STIM=g
19192759	42	RESP=1
19208038	42	STIM=u
19215139	42	RESP=2
19224215	42	STIM=c
19226834	42	RESP=1
19242404	42	STIM=b
19249042	42	RESP=1
19257665	42	STIM=g
19260809	42	RESP=1
19274572	42	STIM=3
19282873	42	RESP=2
19293306	42	STIM=7
19298722	42	RESP=2
19312263	42	STIM=d
19316292	42	RESP=1
19327623	42	STIM=o
19331302	42	RESP=1
19344003	42	STIM=b
19348036	42	RESP=2
19361474	42	STIM=z
19365916	42	RESP=1
19378952	42	STIM=d
19383272	42	RESP=1
19395889	42	STIM=p
19399939	42	RESP=1
19414394	42	STIM=g
19417715	42	RESP=1
19432458	42	STIM=b
19436230	42	RESP=1
19448236	42	STIM=n
19451712	42	RESP=1
19466047	42	STIM=k
19473210	42	RESP=1
19483605	42	STIM=x
19493025	42	RESP=1
19500793	42	STIM=4
19506304	42	RESP=2
19517485	42	STIM=w
19523333	42	RESP=1
19534633	42	STIM=i
19539942	42	RESP=1
19552856	42	STIM=g
19556843	42	RESP=1
19569953	42	STIM=i
19575240	42	RESP=1
19585754	42	STIM=8
19591275	42	RESP=2
19604102	42	STIM=1
19607831	42	RESP=2
19622359	42	STIM=n
19628966	42	RESP=1
19638152	42	STIM=y
19642256	42	RESP=1
19653781	42	STIM=t
19659440	42	RESP=1
19669299	42	STIM=r
19672129	42	RESP=1
19688172	42	STIM=k
19691857	42	RESP=1
19704883	42	STIM=k
19708511	42	RESP=1
19722393	42	STIM=d
19726617	42	RESP=1
19740907	42	STIM=s
19744053	42	RESP=1
19757565	42	STIM=1
19764560	42	RESP=2
19776004	42	STIM=i
19778675	42	RESP=1
19793495	42	STIM=z
19796317	42	RESP=1
19809296	42	STIM=n
19814777	42	RESP=1
19826645	42	STIM=j
19831006	42	RESP=1
19844596	42	STIM=0
19848862	42	RESP=2
19861706	42	STIM=q
19865626	42	RESP=1
19879184	42	STIM=b
19888984	42	RESP=1
19897963	42	STIM=k
19902015	42	RESP=1
19914517	42	STIM=4
19918176	42	RESP=2
19931435	42	STIM=b
19934685	42	RESP=1
19948936	42	STIM=n
19954550	42	RESP=1
19966167	42	STIM=b
19971605	42	RESP=1
19983969	42	STIM=t
19988927	42	RESP=1
20001821	42	STIM=i
20006379	42	RESP=1
20019075	42	STIM=z
20022816	42	RESP=1
20034980	42	STIM=8
20039237	42	RESP=2
20052214	42	STIM=l
20059347	42	RESP=1
20070765	42	STIM=i
20074099	42	RESP=1
20088113	42	STIM=4
20096091	42	RESP=2
20105010	42	STIM=m
20109174	42	RESP=1
20123985	42	STIM=a
20126864	42	RESP=1
20140259	42	STIM=a
20144303	42	RESP=1
20157869	42	STIM=o
20164444	42	RESP=1
20176321	42	STIM=u
20180521	42	RESP=1
20195217	42	STIM=u
20200994	42	RESP=1
20210446	42	STIM=6
20216830	42	RESP=2
20227444	42	STIM=2
20233091	42	RESP=2
20244004	42	STIM=v
20248807	42	RESP=1
20259513	42	STIM=q
20267909	42	RESP=1
20276325	42	STIM=o
20281779	42	RESP=1
20294588	42	STIM=5
20302273	42	RESP=2
20311922	42	STIM=y
20316640	42	RESP=1
20328335	42	STIM=o
20334067	42	RESP=1
20346080	42	STIM=e
20350986	42	RESP=1
20361711	42	STIM=r
20369395	42	RESP=1
20378922	42	STIM=4
20383540	42	RESP=1
20395300	42	STIM=p
20402251	42	RESP=1
20412879	42	STIM=c
20417005	42	RESP=1
20429458	42	STIM=7
20432725	42	RESP=2
20447214	42	STIM=t
20451572	42	RESP=1
20465704	42	STIM=3
20470297	42	RESP=2
20481807	42	STIM=0
20485678	42	RESP=2
20500575	42	STIM=c
20504998	42	RESP=1
20517238	42	STIM=r
20521526	42	RESP=1
20534516	42	STIM=o
20540426	42	RESP=1
20551547	42	STIM=j
20556131	42	RESP=2
20568516	42	STIM=t
20574532	42	RESP=1
20587002	42	STIM=p
20590402	42	RESP=1
20602484	42	STIM=3
20611555	42	RESP=2
20620503	42	STIM=e
20625733	42	RESP=1
20636253	42	STIM=j
20642569	42	RESP=1
20654976	42	STIM=p
20658566	42	RESP=1
20670211	42	STIM=c
20674212	42	RESP=1
20686573	42	STIM=7
20690774	42	RESP=2
20701709	42	STIM=y
20704797	42	RESP=1
20718161	42	STIM=v
20721506	42	RESP=1
20735011	42	STIM=d
20742598	42	RESP=1
20752988	42	STIM=g
20756309	42	RESP=1
20768421	42	STIM=u
20772658	42	RESP=1
20785493	42	STIM=1
20791674	42	RESP=2
20801825	42	STIM=3
20810364	42	RESP=2
20820208	42	STIM=e
20823074	42	RESP=1
20836608	42	STIM=g
20843503	42	RESP=1
20851791	42	STIM=d
20863134	42	RESP=1
20867043	42	STIM=k
20873198	42	RESP=1
20883849	42	STIM=g
20887051	42	RESP=1
20900727	42	STIM=k
20906984	42	RESP=1
20916019	42	STIM=6
20920565	42	RESP=2
20931236	42	STIM=m
20936449	42	RESP=1
20949607	42	STIM=8
20953981	42	RESP=2
20968234	42	STIM=x
20973786	42	RESP=1
20983872	42	STIM=g
20987453	42	RESP=1
20999511	42	STIM=l
21003207	42	RESP=1
21017036	42	STIM=3
21024180	42	RESP=2
21036028	42	STIM=t
21043388	42	RESP=1
21054130	42	STIM=n
21060244	42	RESP=1
21069907	42	STIM=c
21076361	42	RESP=1
21085684	42	STIM=v
21091480	42	RESP=1
21102486	42	STIM=c
21107321	42	RESP=1
21119845	42	STIM=l
21124151	42	RESP=1
21138834	42	STIM=d
21142681	42	RESP=1
21157454	42	STIM=0
21162491	42	RESP=2
21173320	42	STIM=h
21179781	42	RESP=1
21191755	42	STIM=x
21196806	42	RESP=1
21210573	42	STIM=e
21214047	42	RESP=1
21228965	42	STIM=w
21231828	42	RESP=1
21245118	42	STIM=r
21250245	42	RESP=1
21262813	42	STIM=f
21267852	42	RESP=1
21278904	42	STIM=j
21284006	42	RESP=1
21295294	42	STIM=w
21297716	42	RESP=1
21310770	42	STIM=c
21315548	42	RESP=1
21329382	42	STIM=u
21333575	42	RESP=1
21346661	42	STIM=j
21351899	42	RESP=1
21362074	42	STIM=i
21366947	42	RESP=1
21379231	42	STIM=4
21385541	42	RESP=2
21394706	42	STIM=2
21402535	42	RESP=2
21412399	42	STIM=i
21416865	42	RESP=1
21429328	42	STIM=6
21434845	42	RESP=2
21446113	42	STIM=a
21450152	42	RESP=1
21462684	42	STIM=h
21467195	42	RESP=1
21477696	42	STIM=h
21482945	42	RESP=1
21495493	42	STIM=c
21500580	42	RESP=1
21512453	42	STIM=n
21515374	42	RESP=1
21530806	42	STIM=v
21536822	42	RESP=1
21545924	42	STIM=8
21550027	42	RESP=2
21561870	42	STIM=5
21571038	42	RESP=2
21578563	42	STIM=i
21583014	42	RESP=1
21596852	42	STIM=n
21601054	42	RESP=1
21615517	42	STIM=k
21622552	42	RESP=1
21634313	42	STIM=e
21640188	42	RESP=1
21651544	42	STIM=p
21655041	42	RESP=1
21667126	42	STIM=x
21671707	42	RESP=1
21684454	42	STIM=f
21688828	42	RESP=1
21699495	42	STIM=f
21702941	42	RESP=1
21716152	42	STIM=s
21720358	42	RESP=1
21734119	42	STIM=g
21737400	42	RESP=1
21749467	42	STIM=e
21755361	42	RESP=2
21767066	42	STIM=4
21770562	42	RESP=2
