# Original filename: 0040_MSP_2017-04-25.log
# Time unit: 100 us
# RARECAT=digit
#
# Time	HHGG	Event
30105	42	STIM=l
33593	42	RESP=1
48586	42	STIM=k
53571	42	RESP=1
64852	42	STIM=7
72906	42	RESP=2
80047	42	STIM=j
84337	42	RESP=1
97717	42	STIM=y
101913	42	RESP=1
115510	42	STIM=h
123581	42	RESP=1
133724	42	STIM=c
140164	42	RESP=1
149112	42	STIM=s
153398	42	RESP=1
167972	42	STIM=w
171322	42	RESP=1
183750	42	STIM=x
188177	42	RESP=1
201690	42	STIM=5
206805	42	RESP=2
218323	42	STIM=c
221311	42	RESP=1
236355	42	STIM=z
240323	42	RESP=1
254803	42	STIM=i
258607	42	RESP=1
272597	42	STIM=z
275898	42	RESP=1
288876	42	STIM=9
293670	42	RESP=2
306066	42	STIM=z
309313	42	RESP=1
322973	42	STIM=t
326753	42	RESP=1
340575	42	STIM=l
347366	42	RESP=1
355608	42	STIM=d
361427	42	RESP=1
370816	42	STIM=6
375481	42	RESP=2
387911	42	STIM=d
393115	42	RESP=1
403313	42	STIM=g
408732	42	RESP=1
418969	42	STIM=7
423845	42	RESP=1
436811	42	STIM=s
441415	42	RESP=1
454163	42	STIM=p
460506	42	RESP=1
469356	42	STIM=w
473671	42	RESP=2
486370	42	STIM=3
490817	42	RESP=2
503960	42	STIM=y
508572	42	RESP=1
519232	42	STIM=e
524637	42	RESP=1
535197	42	STIM=j
539188	42	RESP=1
550772	42	STIM=m
555763	42	RESP=1
566557	42	STIM=g
569016	42	RESP=1
583553	42	STIM=d
589175	42	RESP=1
600756	42	STIM=d
605517	42	RESP=1
617388	42	STIM=3
626341	42	RESP=2
635902	42	STIM=i
638809	42	RESP=1
652410	42	STIM=l
657501	42	RESP=1
669327	42	STIM=e
674826	42	RESP=1
684854	42	STIM=q
688917	42	RESP=1
701540	42	STIM=m
706361	42	RESP=1
719048	42	STIM=m
726810	42	RESP=1
736301	42	STIM=6
743862	42	RESP=2
754565	42	STIM=t
757924	42	RESP=1
771214	42	STIM=i
774519	42	RESP=1
787450	42	STIM=m
793780	42	RESP=1
802606	42	STIM=u
812011	42	RESP=1
819451	42	STIM=8
823795	42	RESP=2
835187	42	STIM=1
840810	42	RESP=2
853628	42	STIM=z
860368	42	RESP=2
868664	42	STIM=y
873362	42	RESP=1
884005	42	STIM=6
888295	42	RESP=1
902558	42	STIM=g
906211	42	RESP=1
918113	42	STIM=t
922167	42	RESP=1
936199	42	STIM=e
942456	42	RESP=1
954979	42	STIM=0
958764	42	RESP=2
972257	42	STIM=f
977637	42	RESP=1
989924	42	STIM=v
992901	42	RESP=1
1006319	42	STIM=f
1014336	42	RESP=1
1022741	42	STIM=d
1028186	42	RESP=1
1039658	42	STIM=i
1045823	42	RESP=1
1057322	42	STIM=q
1060849	42	RESP=1
1075501	42	STIM=i
1078650	42	RESP=1
1093252	42	STIM=r
1100149	42	RESP=1
1110911	42	STIM=d
1117028	42	RESP=1
1129833	42	STIM=p
1134602	42	RESP=1
1146715	42	STIM=m
1151529	42	RESP=1
1162096	42	STIM=y
1166011	42	RESP=1
1178800	42	STIM=l
1183392	42	RESP=1
1196962	42	STIM=l
1202153	42	RESP=1
1213321	42	STIM=0
1220270	42	RESP=2
1229205	42	STIM=g
1233858	42	RESP=1
1244332	42	STIM=6
1247999	42	RESP=2
1260295	42	STIM=m
1262933	42	RESP=1
1276914	42	STIM=q
1280330	42	RESP=1
1294973	42	STIM=u
1298245	42	RESP=1
1313206	42	STIM=b
1318106	42	RESP=1
1328361	42	STIM=f
1333571	42	RESP=1
1346984	42	STIM=y
1350183	42	RESP=1
1363493	42	STIM=k
1369553	42	RESP=1
1382133	42	STIM=u
1387005	42	RESP=1
1399377	42	STIM=x
1402586	42	RESP=1
1417972	42	STIM=3
1422630	42	RESP=1
1433650	42	STIM=n
1441858	42	RESP=1
1449163	42	STIM=u
1452764	42	RESP=1
1465742	42	STIM=6
1470096	42	RESP=2
1484579	42	STIM=u
1488292	42	RESP=1
1502282	42	STIM=p
1512929	42	RESP=1
1521187	42	STIM=6
1525359	42	RESP=2
1539417	42	STIM=w
1543617	42	RESP=1
1554817	42	STIM=5
1562265	42	RESP=1
1572977	42	STIM=k
1576645	42	RESP=1
1590730	42	STIM=f
1593339	42	RESP=1
1606818	42	STIM=w
1613559	42	RESP=1
1625281	42	STIM=2
1632933	42	RESP=2
1641727	42	STIM=8
1649724	42	RESP=2
1658821	42	STIM=y
1665203	42	RESP=1
1674978	42	STIM=s
1680733	42	RESP=1
1692965	42	STIM=z
1697465	42	RESP=1
1710796	42	STIM=x
1717330	42	RESP=1
1729286	42	STIM=n
1733806	42	RESP=1
1745647	42	STIM=h
1749860	42	RESP=1
1763460	42	STIM=h
1766941	42	RESP=1
1779063	42	STIM=o
1784519	42	RESP=1
1795798	42	STIM=j
1798762	42	RESP=1
1812920	42	STIM=w
1822101	42	RESP=1
1829955	42	STIM=9
1838486	42	RESP=2
1848031	42	STIM=g
1852043	42	RESP=1
1866607	42	STIM=h
1875070	42	RESP=1
1883743	42	STIM=n
1889193	42	RESP=1
1901002	42	STIM=f
1906005	42	RESP=1
1917804	42	STIM=0
1923485	42	RESP=2
1934743	42	STIM=j
1938395	42	RESP=1
1951574	42	STIM=v
1957141	42	RESP=1
1969308	42	STIM=1
1982472	42	RESP=2
1985819	42	STIM=q
1991505	42	RESP=1
2003811	42	STIM=f
2010628	42	RESP=1
2018982	42	STIM=p
2022182	42	RESP=1
2035052	42	STIM=b
2040193	42	RESP=1
2051553	42	STIM=p
2055214	42	RESP=1
2067320	42	STIM=g
2070323	42	RESP=1
2084912	42	STIM=9
2089407	42	RESP=2
2102436	42	STIM=4
2109668	42	RESP=2
2120072	42	STIM=e
2123297	42	RESP=1
2137738	42	STIM=y
2141435	42	RESP=1
2152748	42	STIM=3
2159879	42	RESP=2
2171597	42	STIM=x
2176262	42	RESP=1
2187675	42	STIM=u
2191313	42	RESP=1
2203269	42	STIM=n
2207265	42	RESP=1
2218960	42	STIM=9
2222960	42	RESP=2
2234300	42	STIM=r
2238937	42	RESP=1
2250283	42	STIM=m
2253847	42	RESP=1
2268077	42	STIM=5
2272626	42	RESP=2
2284981	42	STIM=p
2288301	42	RESP=1
2300765	42	STIM=o
2304457	42	RESP=1
2318294	42	STIM=g
2322820	42	RESP=1
2333974	42	STIM=f
2338336	42	RESP=1
2352573	42	STIM=x
2356117	42	RESP=1
2371494	42	STIM=7
2376210	42	RESP=2
2387081	42	STIM=3
2391618	42	RESP=2
2405206	42	STIM=5
2408820	42	RESP=2
2421255	42	STIM=z
2427246	42	RESP=1
2437657	42	STIM=a
2441338	42	RESP=1
2452921	42	STIM=4
2457678	42	RESP=2
2469517	42	STIM=p
2473033	42	RESP=1
2488184	42	STIM=t
2490814	42	RESP=1
2503801	42	STIM=v
2507491	42	RESP=1
2520313	42	STIM=t
2523785	42	RESP=1
2535500	42	STIM=m
2540089	42	RESP=1
2550647	42	STIM=a
2558112	42	RESP=1
2568822	42	STIM=7
2573294	42	RESP=1
2586849	42	STIM=u
2595668	42	RESP=1
2604458	42	STIM=y
2614063	42	RESP=1
2621898	42	STIM=s
2626664	42	RESP=1
2637164	42	STIM=t
2642454	42	RESP=1
2653131	42	STIM=u
2659051	42	RESP=1
2670159	42	STIM=m
2675079	42	RESP=1
2687112	42	STIM=m
2692805	42	RESP=1
2702409	42	STIM=q
2707540	42	RESP=1
2719643	42	STIM=e
2722119	42	RESP=1
2736875	42	STIM=a
2743309	42	RESP=1
2752656	42	STIM=3
2760707	42	RESP=2
2769508	42	STIM=x
2783776	42	RESP=1
2785474	42	STIM=w
2792177	42	RESP=1
2802737	42	STIM=v
2806309	42	RESP=1
2821491	42	STIM=w
2825761	42	RESP=1
2837767	42	STIM=m
2843562	42	RESP=1
2856053	42	STIM=q
2858992	42	RESP=1
2873266	42	STIM=8
2877805	42	RESP=2
2889739	42	STIM=e
2895626	42	RESP=1
2906282	42	STIM=w
2915663	42	RESP=1
2924641	42	STIM=2
2930420	42	RESP=2
2940708	42	STIM=p
2945128	42	RESP=1
2957444	42	STIM=9
2964033	42	RESP=1
2975976	42	STIM=t
2980026	42	RESP=1
2992415	42	STIM=d
2997847	42	RESP=1
3008375	42	STIM=2
3012072	42	RESP=2
3024258	42	STIM=z
3030489	42	RESP=1
3043186	42	STIM=h
3048737	42	RESP=1
3059432	42	STIM=e
3066219	42	RESP=1
3078086	42	STIM=z
3083224	42	RESP=1
3095421	42	STIM=j
3098182	42	RESP=1
3111297	42	STIM=i
3114341	42	RESP=1
3127253	42	STIM=i
3135031	42	RESP=1
3145534	42	STIM=z
3149981	42	RESP=1
3162084	42	STIM=j
3167420	42	RESP=1
3180198	42	STIM=m
3183749	42	RESP=1
3196667	42	STIM=9
3199857	42	RESP=2
3212748	42	STIM=t
3216390	42	RESP=1
3228373	42	STIM=s
3234839	42	RESP=1
3244562	42	STIM=d
3248256	42	RESP=1
3262681	42	STIM=1
3267556	42	RESP=1
3279759	42	STIM=a
3284039	42	RESP=1
3296310	42	STIM=l
3301227	42	RESP=1
3313203	42	STIM=u
3318653	42	RESP=1
3330878	42	STIM=g
3335797	42	RESP=1
3346204	42	STIM=s
3350872	42	RESP=1
3362754	42	STIM=w
3367665	42	RESP=1
3380465	42	STIM=z
3384804	42	RESP=1
3395864	42	STIM=u
3402106	42	RESP=1
3411089	42	STIM=q
3415404	42	RESP=1
3429098	42	STIM=3
3439440	42	RESP=2
3447725	42	STIM=u
3452112	42	RESP=1
3465281	42	STIM=b
3469186	42	RESP=1
3483413	42	STIM=a
3488380	42	RESP=1
3499289	42	STIM=f
3503436	42	RESP=1
3516573	42	STIM=5
3520588	42	RESP=2
3532760	42	STIM=h
3535837	42	RESP=1
3549016	42	STIM=p
3555946	42	RESP=1
3565037	42	STIM=s
3568300	42	RESP=1
3582363	42	STIM=y
3587195	42	RESP=1
3599309	42	STIM=8
3604794	42	RESP=2
3617537	42	STIM=4
3624631	42	RESP=2
3632922	42	STIM=8
3636568	42	RESP=2
3648597	42	STIM=o
3656536	42	RESP=1
3663976	42	STIM=e
3666870	42	RESP=1
3682963	42	STIM=l
3686840	42	RESP=1
3700290	42	STIM=r
3705214	42	RESP=1
3715591	42	STIM=n
3720276	42	RESP=1
3730824	42	STIM=0
3737375	42	RESP=2
3749252	42	STIM=h
3753321	42	RESP=1
3766398	42	STIM=d
3769538	42	RESP=1
3783336	42	STIM=k
3789065	42	RESP=1
3800098	42	STIM=x
3805016	42	RESP=1
3818934	42	STIM=h
3823132	42	RESP=1
3837499	42	STIM=j
3840204	42	RESP=1
3852645	42	STIM=j
3855284	42	RESP=1
3870987	42	STIM=0
3877569	42	RESP=2
3889377	42	STIM=g
3893390	42	RESP=1
3904483	42	STIM=u
3909122	42	RESP=1
3921864	42	STIM=k
3927483	42	RESP=1
3938496	42	STIM=h
3941827	42	RESP=1
3954430	42	STIM=q
3960359	42	RESP=1
3971345	42	STIM=e
3976959	42	RESP=1
3987803	42	STIM=d
3992099	42	RESP=1
4003868	42	STIM=1
4011996	42	RESP=2
4021010	42	STIM=c
4025627	42	RESP=1
4036464	42	STIM=m
4044643	42	RESP=1
4052768	42	STIM=2
4058267	42	RESP=2
4067771	42	STIM=s
4072791	42	RESP=1
4085094	42	STIM=y
4089413	42	RESP=1
4103979	42	STIM=n
4110068	42	RESP=1
4119976	42	STIM=i
4127496	42	RESP=2
4135576	42	STIM=o
4141298	42	RESP=1
4153769	42	STIM=k
4159590	42	RESP=1
4170712	42	STIM=v
4177024	42	RESP=1
4189168	42	STIM=u
4198000	42	RESP=1
4205116	42	STIM=q
4209535	42	RESP=1
4220472	42	STIM=d
4224091	42	RESP=1
4236484	42	STIM=h
4239632	42	RESP=1
4253080	42	STIM=7
4258361	42	RESP=2
4269097	42	STIM=n
4273321	42	RESP=1
4286881	42	STIM=k
4293212	42	RESP=1
4304503	42	STIM=p
4310692	42	RESP=1
4322431	42	STIM=f
4330912	42	RESP=1
4338514	42	STIM=8
4343098	42	RESP=2
4354311	42	STIM=x
4360864	42	RESP=1
4372121	42	STIM=0
4382283	42	RESP=1
4388097	42	STIM=z
4391643	42	RESP=1
4405167	42	STIM=k
4409506	42	RESP=1
4422370	42	STIM=y
4428939	42	RESP=1
4438146	42	STIM=s
4445804	42	RESP=1
4456241	42	STIM=z
4460420	42	RESP=1
4472261	42	STIM=u
4481488	42	RESP=1
4488052	42	STIM=u
4493312	42	RESP=1
4506986	42	STIM=j
4514849	42	RESP=1
4522894	42	STIM=2
4528109	42	RESP=2
4540157	42	STIM=k
4544461	42	RESP=1
4556668	42	STIM=o
4561496	42	RESP=1
4573778	42	STIM=q
4579535	42	RESP=1
4590534	42	STIM=e
4595257	42	RESP=1
4606211	42	STIM=y
4609449	42	RESP=1
4623842	42	STIM=q
4628348	42	RESP=1
4641915	42	STIM=n
4646802	42	RESP=1
4658040	42	STIM=i
4662999	42	RESP=1
4674098	42	STIM=7
4678024	42	RESP=1
4692644	42	STIM=q
4698219	42	RESP=1
4709274	42	STIM=c
4716596	42	RESP=1
4724670	42	STIM=i
4730207	42	RESP=1
4740878	42	STIM=d
4744592	42	RESP=1
4756944	42	STIM=m
4762276	42	RESP=1
4774529	42	STIM=c
4779827	42	RESP=1
4791358	42	STIM=t
4794982	42	RESP=1
4809968	42	STIM=z
4815085	42	RESP=1
4825001	42	STIM=r
4830063	42	RESP=1
4841884	42	STIM=n
4845160	42	RESP=1
4858701	42	STIM=a
4864436	42	RESP=1
4877057	42	STIM=9
4881413	42	RESP=2
4893542	42	STIM=o
4897223	42	RESP=1
4912144	42	STIM=3
4915696	42	RESP=2
4928699	42	STIM=k
4936923	42	RESP=1
4944196	42	STIM=c
4946736	42	RESP=1
4961361	42	STIM=g
4965104	42	RESP=1
4977782	42	STIM=b
4982363	42	RESP=1
4994015	42	STIM=g
4997632	42	RESP=1
5011986	42	STIM=x
5014742	42	RESP=1
5027841	42	STIM=d
5030494	42	RESP=1
5046562	42	STIM=t
5051069	42	RESP=1
5063228	42	STIM=5
5067501	42	RESP=2
5080526	42	STIM=s
5084362	42	RESP=1
5098555	42	STIM=5
5107218	42	RESP=2
5115675	42	STIM=d
5118473	42	RESP=1
5132994	42	STIM=9
5140052	42	RESP=2
5150556	42	STIM=s
5156414	42	RESP=1
5166635	42	STIM=8
5172580	42	RESP=2
5185193	42	STIM=3
5190273	42	RESP=2
5200950	42	STIM=q
5204216	42	RESP=1
5219806	42	STIM=o
5222940	42	RESP=1
5238459	42	STIM=v
5244744	42	RESP=1
5253951	42	STIM=e
5258594	42	RESP=1
5271192	42	STIM=k
5275662	42	RESP=1
5288510	42	STIM=l
5292243	42	RESP=1
5305252	42	STIM=5
5310472	42	RESP=2
5323283	42	STIM=k
5327632	42	RESP=1
5338562	42	STIM=3
5343091	42	RESP=2
5354141	42	STIM=6
5358202	42	RESP=2
5370606	42	STIM=i
5375124	42	RESP=1
5389447	42	STIM=f
5392236	42	RESP=1
5406575	42	STIM=q
5411377	42	RESP=1
5423655	42	STIM=j
5429179	42	RESP=1
5440466	42	STIM=m
5444471	42	RESP=1
5456158	42	STIM=u
5459046	42	RESP=2
5471298	42	STIM=a
5477391	42	RESP=1
5489430	42	STIM=y
5492224	42	RESP=1
5505678	42	STIM=y
5509627	42	RESP=1
5522492	42	STIM=j
5526885	42	RESP=1
5538551	42	STIM=u
5541518	42	RESP=1
5555143	42	STIM=r
5558184	42	RESP=1
5571884	42	STIM=x
5580648	42	RESP=1
5590439	42	STIM=2
5594812	42	RESP=1
5607574	42	STIM=e
5616326	42	RESP=1
5626089	42	STIM=8
5631081	42	RESP=2
5641416	42	STIM=u
5645815	42	RESP=1
5658283	42	STIM=h
5665203	42	RESP=1
5676502	42	STIM=p
5680482	42	RESP=1
5692582	42	STIM=n
5697033	42	RESP=1
5708860	42	STIM=w
5719979	42	RESP=1
5724617	42	STIM=4
5728332	42	RESP=2
5741467	42	STIM=a
5747058	42	RESP=1
5758444	42	STIM=c
5763723	42	RESP=1
5773827	42	STIM=s
5777608	42	RESP=2
5789267	42	STIM=d
5796907	42	RESP=1
5805273	42	STIM=v
5811030	42	RESP=1
5821380	42	STIM=w
5824472	42	RESP=1
5839706	42	STIM=z
5846702	42	RESP=1
5856207	42	STIM=4
5865153	42	RESP=2
5872113	42	STIM=q
5874878	42	RESP=1
5889470	42	STIM=s
5895568	42	RESP=1
5905017	42	STIM=5
5910577	42	RESP=2
5923128	42	STIM=v
5927142	42	RESP=1
5940084	42	STIM=j
5943979	42	RESP=1
5957901	42	STIM=m
5961526	42	RESP=1
5974633	42	STIM=p
5977684	42	RESP=1
5990759	42	STIM=c
5995224	42	RESP=1
6006705	42	STIM=r
6012646	42	RESP=1
6022565	42	STIM=i
6026617	42	RESP=1
6039445	42	STIM=7
6047045	42	RESP=2
6054644	42	STIM=h
6058872	42	RESP=1
6070818	42	STIM=6
6075193	42	RESP=2
6086864	42	STIM=v
6092148	42	RESP=1
6105392	42	STIM=j
6109070	42	RESP=1
6120954	42	STIM=y
6126865	42	RESP=1
6136807	42	STIM=3
6143587	42	RESP=2
6153194	42	STIM=l
6159617	42	RESP=1
6171764	42	STIM=7
6175959	42	RESP=2
6186916	42	STIM=b
6190930	42	RESP=1
6204208	42	STIM=v
6208888	42	RESP=1
6221735	42	STIM=e
6231467	42	RESP=1
6239589	42	STIM=o
6242626	42	RESP=2
6257989	42	STIM=i
6263788	42	RESP=1
6273819	42	STIM=n
6278531	42	RESP=1
6291464	42	STIM=y
6297562	42	RESP=1
6308841	42	STIM=i
6313235	42	RESP=2
6324512	42	STIM=s
6329035	42	RESP=1
6340788	42	STIM=x
6345159	42	RESP=1
6358627	42	STIM=i
6362781	42	RESP=1
6374772	42	STIM=l
6382267	42	RESP=1
6389935	42	STIM=y
6394520	42	RESP=1
6406997	42	STIM=0
6414249	42	RESP=2
6425385	42	STIM=c
6433588	42	RESP=1
6443062	42	STIM=q
6448748	42	RESP=1
6460672	42	STIM=j
6465661	42	RESP=1
6476625	42	STIM=d
6480254	42	RESP=1
6493547	42	STIM=a
6496925	42	RESP=1
6508813	42	STIM=s
6511374	42	RESP=1
6527382	42	STIM=b
6534631	42	RESP=1
6542564	42	STIM=a
6546583	42	RESP=1
6560917	42	STIM=1
6564409	42	RESP=2
6576328	42	STIM=8
6581664	42	RESP=2
6592797	42	STIM=k
6596787	42	RESP=1
6610396	42	STIM=e
6616903	42	RESP=1
6628627	42	STIM=y
6635172	42	RESP=1
6644904	42	STIM=a
6648540	42	RESP=1
6660640	42	STIM=q
6666815	42	RESP=1
6678499	42	STIM=t
6684588	42	RESP=1
6696903	42	STIM=c
6700160	42	RESP=1
6715824	42	STIM=y
6723156	42	RESP=1
6733292	42	STIM=7
6738489	42	RESP=2
6750339	42	STIM=a
6753321	42	RESP=1
6765635	42	STIM=s
6769780	42	RESP=1
6782196	42	STIM=k
6785632	42	RESP=1
6800571	42	STIM=w
6803744	42	RESP=1
6819457	42	STIM=x
6823142	42	RESP=1
6837713	42	STIM=a
6841902	42	RESP=1
6855466	42	STIM=4
6862155	42	RESP=2
6871558	42	STIM=4
6875178	42	RESP=2
6887696	42	STIM=p
6895342	42	RESP=1
6904346	42	STIM=3
6909834	42	RESP=2
6920105	42	STIM=m
6926494	42	RESP=1
6936966	42	STIM=d
6941792	42	RESP=1
6954022	42	STIM=q
6958728	42	RESP=1
6969895	42	STIM=p
6974164	42	RESP=1
6985336	42	STIM=u
6989919	42	RESP=1
7001040	42	STIM=5
7006809	42	RESP=2
7018407	42	STIM=d
7022011	42	RESP=1
7034564	42	STIM=e
7038912	42	RESP=1
7050000	42	STIM=z
7054568	42	RESP=1
7068401	42	STIM=3
7074144	42	RESP=2
7085109	42	STIM=g
7088660	42	RESP=2
7101647	42	STIM=d
7110794	42	RESP=2
7118152	42	STIM=3
7123825	42	RESP=2
7136107	42	STIM=n
7139506	42	RESP=1
7152120	42	STIM=k
7157293	42	RESP=1
7167728	42	STIM=o
7171096	42	RESP=1
7183929	42	STIM=o
7188365	42	RESP=1
7201899	42	STIM=s
7208162	42	RESP=1
7217350	42	STIM=w
7220955	42	RESP=1
7236321	42	STIM=c
7241092	42	RESP=1
7253179	42	STIM=l
7257748	42	RESP=1
7272159	42	STIM=2
7276935	42	RESP=2
7290628	42	STIM=d
7294515	42	RESP=1
7307210	42	STIM=4
7311566	42	RESP=2
7322470	42	STIM=d
7327092	42	RESP=1
7339968	42	STIM=e
7343943	42	RESP=1
7355783	42	STIM=x
7361637	42	RESP=1
7373622	42	STIM=b
7378234	42	RESP=1
7390812	42	STIM=8
7399966	42	RESP=2
7409547	42	STIM=p
7413663	42	RESP=1
7426667	42	STIM=4
7433150	42	RESP=2
7442344	42	STIM=p
7447092	42	RESP=1
7460671	42	STIM=j
7464684	42	RESP=1
7477384	42	STIM=t
7480911	42	RESP=2
7493594	42	STIM=g
7496772	42	RESP=1
7512267	42	STIM=d
7518504	42	RESP=1
7530811	42	STIM=w
7533404	42	RESP=1
7548592	42	STIM=l
7551782	42	RESP=1
7565365	42	STIM=o
7569901	42	RESP=1
7583310	42	STIM=r
7587372	42	RESP=2
7598805	42	STIM=1
7605745	42	RESP=2
7617578	42	STIM=j
7620449	42	RESP=1
7633116	42	STIM=v
7638057	42	RESP=1
7649219	42	STIM=m
7654376	42	RESP=1
7664468	42	STIM=z
7668390	42	RESP=1
7681515	42	STIM=l
7684992	42	RESP=1
7697533	42	STIM=0
7701768	42	RESP=2
7716271	42	STIM=j
7721548	42	RESP=1
7733309	42	STIM=a
7740003	42	RESP=1
7749950	42	STIM=q
7754426	42	RESP=1
7766951	42	STIM=l
7770488	42	RESP=1
7785806	42	STIM=x
7789346	42	RESP=1
7804700	42	STIM=1
7809019	42	RESP=2
7820437	42	STIM=o
7825176	42	RESP=1
7838587	42	STIM=7
7845266	42	RESP=2
7853916	42	STIM=z
7861492	42	RESP=1
7869351	42	STIM=8
7874584	42	RESP=2
7886247	42	STIM=0
7891808	42	RESP=2
7904862	42	STIM=m
7909883	42	RESP=1
7921305	42	STIM=g
7926785	42	RESP=1
7939684	42	STIM=f
7942167	42	RESP=1
7957381	42	STIM=x
7961948	42	RESP=1
7975308	42	STIM=y
7982087	42	RESP=1
7992206	42	STIM=y
7995145	42	RESP=1
8010705	42	STIM=f
8014231	42	RESP=1
8028760	42	STIM=d
8033459	42	RESP=2
8046688	42	STIM=k
8053801	42	RESP=1
8061883	42	STIM=h
8066295	42	RESP=1
8079569	42	STIM=s
8089506	42	RESP=1
8098151	42	STIM=z
8104214	42	RESP=1
8116241	42	STIM=q
8120657	42	RESP=1
8133747	42	STIM=m
8136188	42	RESP=1
8148774	42	STIM=g
8152176	42	RESP=1
8165754	42	STIM=e
8170580	42	RESP=1
8183095	42	STIM=r
8186696	42	RESP=1
8199761	42	STIM=0
8204560	42	RESP=2
8215445	42	STIM=y
8219524	42	RESP=1
8233873	42	STIM=n
8240555	42	RESP=1
8251991	42	STIM=g
8255726	42	RESP=1
8270784	42	STIM=a
8276236	42	RESP=1
8286516	42	STIM=u
8295049	42	RESP=1
8304315	42	STIM=4
8308192	42	RESP=2
8321217	42	STIM=k
8324503	42	RESP=1
8337379	42	STIM=i
8340545	42	RESP=1
8354851	42	STIM=x
8360172	42	RESP=1
8371846	42	STIM=e
8379880	42	RESP=1
8389732	42	STIM=u
8394122	42	RESP=1
8407841	42	STIM=9
8411059	42	RESP=2
8426212	42	STIM=a
8432262	42	RESP=1
8444154	42	STIM=k
8448495	42	RESP=1
8462902	42	STIM=w
8468158	42	RESP=1
8480358	42	STIM=r
8484538	42	RESP=1
8498690	42	STIM=1
8507052	42	RESP=1
8514064	42	STIM=u
8517630	42	RESP=1
8532950	42	STIM=s
8539835	42	RESP=1
8551326	42	STIM=6
8555676	42	RESP=2
8566920	42	STIM=t
8573648	42	RESP=1
8585269	42	STIM=s
8588034	42	RESP=1
8601337	42	STIM=a
8605491	42	RESP=1
8618894	42	STIM=1
8623413	42	RESP=2
8636200	42	STIM=j
8641360	42	RESP=1
8652564	42	STIM=r
8657788	42	RESP=1
8668509	42	STIM=k
8673231	42	RESP=1
8685658	42	STIM=i
8688567	42	RESP=1
8704526	42	STIM=4
8709635	42	RESP=1
8720177	42	STIM=8
8725846	42	RESP=2
8736297	42	STIM=m
8739945	42	RESP=1
8754599	42	STIM=4
8759223	42	RESP=2
8770898	42	STIM=o
8774007	42	RESP=1
8789098	42	STIM=5
8794472	42	RESP=2
8804749	42	STIM=x
8809787	42	RESP=1
8823664	42	STIM=o
8827444	42	RESP=1
8839271	42	STIM=e
8846760	42	RESP=1
8856857	42	STIM=z
8864203	42	RESP=1
8871928	42	STIM=6
8878010	42	RESP=2
8890271	42	STIM=i
8893741	42	RESP=1
8908922	42	STIM=4
8913834	42	RESP=2
8924686	42	STIM=v
8931351	42	RESP=1
8943505	42	STIM=o
8946747	42	RESP=1
8962379	42	STIM=w
8967011	42	RESP=1
8979438	42	STIM=8
8985033	42	RESP=2
8997924	42	STIM=n
9000882	42	RESP=1
9016638	42	STIM=h
9021375	42	RESP=2
9034026	42	STIM=5
9038649	42	RESP=2
9052658	42	STIM=s
9057397	42	RESP=1
9068797	42	STIM=9
9073397	42	RESP=2
9083995	42	STIM=i
9088505	42	RESP=1
9102000	42	STIM=q
9104893	42	RESP=1
9118525	42	STIM=l
9123542	42	RESP=2
9137459	42	STIM=6
9143093	42	RESP=2
9154899	42	STIM=0
9158546	42	RESP=2
9172372	42	STIM=z
9175834	42	RESP=1
9188487	42	STIM=7
9192737	42	RESP=2
9204764	42	STIM=k
9209394	42	RESP=1
9223489	42	STIM=y
9226607	42	RESP=1
9241348	42	STIM=8
9246879	42	RESP=2
9256565	42	STIM=p
9259638	42	RESP=1
9271691	42	STIM=z
9276247	42	RESP=1
9290113	42	STIM=4
9293848	42	RESP=2
9308508	42	STIM=l
9312287	42	RESP=1
9325415	42	STIM=v
9328500	42	RESP=1
9342615	42	STIM=b
9349959	42	RESP=1
9358689	42	STIM=m
9366706	42	RESP=2
9376447	42	STIM=x
9384368	42	RESP=1
9391848	42	STIM=8
9396717	42	RESP=1
9410411	42	STIM=p
9414561	42	RESP=1
9429204	42	STIM=n
9432505	42	RESP=1
9444428	42	STIM=b
9448463	42	RESP=1
9460646	42	STIM=5
9470168	42	RESP=2
9476897	42	STIM=6
9483653	42	RESP=2
9492158	42	STIM=g
9501496	42	RESP=1
9511005	42	STIM=6
9514998	42	RESP=2
9529645	42	STIM=k
9532960	42	RESP=1
9547936	42	STIM=6
9555125	42	RESP=2
9563762	42	STIM=o
9571017	42	RESP=1
9579660	42	STIM=g
9583410	42	RESP=1
9597955	42	STIM=y
9602181	42	RESP=1
9616829	42	STIM=4
9622540	42	RESP=2
9634825	42	STIM=5
9641294	42	RESP=2
9652936	42	STIM=b
9658585	42	RESP=1
9671047	42	STIM=w
9673930	42	RESP=1
9689321	42	STIM=o
9695313	42	RESP=1
9707254	42	STIM=d
9714939	42	RESP=1
9723719	42	STIM=e
9727517	42	RESP=1
9742258	42	STIM=v
9745807	42	RESP=1
9759431	42	STIM=w
9762228	42	RESP=1
9774588	42	STIM=1
9780031	42	RESP=2
9791533	42	STIM=6
9797595	42	RESP=2
9808126	42	STIM=o
9813314	42	RESP=1
9826288	42	STIM=n
9831087	42	RESP=1
9842616	42	STIM=e
9846851	42	RESP=1
9861578	42	STIM=m
9866596	42	RESP=1
9879563	42	STIM=g
9884166	42	RESP=1
9897331	42	STIM=j
9902595	42	RESP=1
9916070	42	STIM=g
9919111	42	RESP=1
9932523	42	STIM=p
9936541	42	RESP=1
9951101	42	STIM=a
9956888	42	RESP=1
9967288	42	STIM=r
9971445	42	RESP=1
9985367	42	STIM=h
9993030	42	RESP=1
10000713	42	STIM=a
10004242	42	RESP=1
10018307	42	STIM=j
10021392	42	RESP=1
10036406	42	STIM=r
10043356	42	RESP=1
10052748	42	STIM=j
10060275	42	RESP=1
10071005	42	STIM=h
10074903	42	RESP=1
10089468	42	STIM=y
10093620	42	RESP=1
10107649	42	STIM=h
10111001	42	RESP=1
10124409	42	STIM=h
10129397	42	RESP=1
10141581	42	STIM=t
10145893	42	RESP=1
10157152	42	STIM=e
10164377	42	RESP=1
10174581	42	STIM=f
10178690	42	RESP=1
10190126	42	STIM=z
10195417	42	RESP=1
10205139	42	STIM=e
10213537	42	RESP=1
10221914	42	STIM=l
10226658	42	RESP=1
10239084	42	STIM=e
10244828	42	RESP=1
10255947	42	STIM=t
10263510	42	RESP=1
10273444	42	STIM=m
10277367	42	RESP=1
10288793	42	STIM=w
10293124	42	RESP=1
10305183	42	STIM=j
10311311	42	RESP=1
10321089	42	STIM=p
10325269	42	RESP=1
10338632	42	STIM=4
10342294	42	RESP=1
10357340	42	STIM=d
10361116	42	RESP=1
10376202	42	STIM=n
10382429	42	RESP=1
10394541	42	STIM=h
10397755	42	RESP=1
10412208	42	STIM=y
10422462	42	RESP=1
10430892	42	STIM=h
10436270	42	RESP=1
10447030	42	STIM=1
10454640	42	RESP=2
10465107	42	STIM=4
10472295	42	RESP=2
10484069	42	STIM=v
10487602	42	RESP=1
10501058	42	STIM=f
10504812	42	RESP=1
10518624	42	STIM=b
10524655	42	RESP=1
10535399	42	STIM=5
10540600	42	RESP=2
10552170	42	STIM=0
10558642	42	RESP=1
10570444	42	STIM=k
10573922	42	RESP=1
10585947	42	STIM=v
10591241	42	RESP=1
10602900	42	STIM=u
10609295	42	RESP=2
10618840	42	STIM=e
10623771	42	RESP=1
10637216	42	STIM=e
10641360	42	RESP=1
10653474	42	STIM=h
10659214	42	RESP=1
10671821	42	STIM=a
10679160	42	RESP=1
10689334	42	STIM=f
10697066	42	RESP=1
10706595	42	STIM=2
10711289	42	RESP=2
10722980	42	STIM=c
10727891	42	RESP=1
10740626	42	STIM=m
10743989	42	RESP=1
10758413	42	STIM=0
10770784	42	RESP=2
10775032	42	STIM=u
10780430	42	RESP=1
10790815	42	STIM=q
10795392	42	RESP=1
10806611	42	STIM=z
10816138	42	RESP=1
10825171	42	STIM=j
10830168	42	RESP=1
10843668	42	STIM=x
10847282	42	RESP=1
10862547	42	STIM=r
10866748	42	RESP=1
10880606	42	STIM=g
10890041	42	RESP=1
10899190	42	STIM=k
10905584	42	RESP=1
10915592	42	STIM=f
10920298	42	RESP=1
10934509	42	STIM=n
10940218	42	RESP=1
10952567	42	STIM=r
10958895	42	RESP=1
10969608	42	STIM=3
10973292	42	RESP=2
10985836	42	STIM=l
10990082	42	RESP=1
11001504	42	STIM=q
11004668	42	RESP=1
11018194	42	STIM=7
11022303	42	RESP=2
11036065	42	STIM=g
11045660	42	RESP=1
11054228	42	STIM=a
11061211	42	RESP=1
11071354	42	STIM=z
11074961	42	RESP=1
11089702	42	STIM=z
11095186	42	RESP=1
11105198	42	STIM=w
11110012	42	RESP=1
11120964	42	STIM=q
11126351	42	RESP=1
11138431	42	STIM=4
11142951	42	RESP=2
11154245	42	STIM=6
11159871	42	RESP=2
11172155	42	STIM=r
11176878	42	RESP=1
11187545	42	STIM=h
11191686	42	RESP=1
11204804	42	STIM=r
11214596	42	RESP=1
11220447	42	STIM=s
11223902	42	RESP=1
11237650	42	STIM=i
11242302	42	RESP=1
11256437	42	STIM=t
11260567	42	RESP=1
11272239	42	STIM=l
11277507	42	RESP=1
11287903	42	STIM=b
11294045	42	RESP=1
11306370	42	STIM=d
11309846	42	RESP=1
11321841	42	STIM=j
11326223	42	RESP=1
11337959	42	STIM=u
11342370	42	RESP=1
11354567	42	STIM=n
11358201	42	RESP=1
11370943	42	STIM=p
11374685	42	RESP=1
11389649	42	STIM=v
11394791	42	RESP=1
11404829	42	STIM=b
11407602	42	RESP=1
11422721	42	STIM=i
11426442	42	RESP=1
11441233	42	STIM=u
11444209	42	RESP=1
11456692	42	STIM=p
11460614	42	RESP=1
11472832	42	STIM=y
11478998	42	RESP=1
11489089	42	STIM=a
11493920	42	RESP=1
11505363	42	STIM=a
11510780	42	RESP=1
11522119	42	STIM=v
11528979	42	RESP=1
11540407	42	STIM=l
11547304	42	RESP=1
11557450	42	STIM=h
11560997	42	RESP=1
11574762	42	STIM=i
11578549	42	RESP=1
11591264	42	STIM=a
11595312	42	RESP=1
11607908	42	STIM=c
11610598	42	RESP=1
11625026	42	STIM=c
11631226	42	RESP=1
11643418	42	STIM=y
11649554	42	RESP=1
11661477	42	STIM=c
11664700	42	RESP=1
11676728	42	STIM=p
11681200	42	RESP=1
11692188	42	STIM=9
11697643	42	RESP=2
11710915	42	STIM=a
11714388	42	RESP=1
11729846	42	STIM=r
11734243	42	RESP=1
11745238	42	STIM=r
11751682	42	RESP=1
11761054	42	STIM=0
11766589	42	RESP=2
11778867	42	STIM=j
11782660	42	RESP=1
11796499	42	STIM=o
11802672	42	RESP=1
11814964	42	STIM=d
11820787	42	RESP=2
11830177	42	STIM=m
11832974	42	RESP=1
11846016	42	STIM=5
11851672	42	RESP=1
11864539	42	STIM=e
11872290	42	RESP=1
11880870	42	STIM=f
11884652	42	RESP=1
11896628	42	STIM=4
11901081	42	RESP=2
11915316	42	STIM=a
11921276	42	RESP=1
11932491	42	STIM=u
11937362	42	RESP=1
11949448	42	STIM=t
11952884	42	RESP=1
11968419	42	STIM=o
11973687	42	RESP=1
11985279	42	STIM=7
11993494	42	RESP=2
12004274	42	STIM=4
12008427	42	RESP=2
12022341	42	STIM=q
12026840	42	RESP=1
12037852	42	STIM=0
12043466	42	RESP=2
12053445	42	STIM=c
12058391	42	RESP=1
12071014	42	STIM=d
12076396	42	RESP=1
12086544	42	STIM=b
12092074	42	RESP=2
12101849	42	STIM=r
12105292	42	RESP=1
12118204	42	STIM=k
12124992	42	RESP=1
12134710	42	STIM=r
12138258	42	RESP=1
12150299	42	STIM=8
12154481	42	RESP=2
12165948	42	STIM=5
12171508	42	RESP=1
12181845	42	STIM=c
12185780	42	RESP=1
12196934	42	STIM=x
12200268	42	RESP=1
12213453	42	STIM=s
12216108	42	RESP=1
12231100	42	STIM=v
12234781	42	RESP=1
12249076	42	STIM=5
12255262	42	RESP=2
12266016	42	STIM=8
12273015	42	RESP=1
12284553	42	STIM=c
12292676	42	RESP=1
12302211	42	STIM=c
12305211	42	RESP=1
12320198	42	STIM=z
12323994	42	RESP=1
12338557	42	STIM=h
12343123	42	RESP=1
12357460	42	STIM=b
12360369	42	RESP=1
12376008	42	STIM=o
12382165	42	RESP=1
12393649	42	STIM=p
12398262	42	RESP=1
12409242	42	STIM=h
12413830	42	RESP=1
12427005	42	STIM=a
12429541	42	RESP=1
12445873	42	STIM=u
12448825	42	RESP=1
12462876	42	STIM=i
12467426	42	RESP=1
12481869	42	STIM=t
12486919	42	RESP=1
12497043	42	STIM=8
12502341	42	RESP=2
12516036	42	STIM=l
12521118	42	RESP=1
12531650	42	STIM=8
12537648	42	RESP=2
12546940	42	STIM=v
12551114	42	RESP=1
12565609	42	STIM=b
12569107	42	RESP=1
12583915	42	STIM=y
12587854	42	RESP=1
12601222	42	STIM=b
12607645	42	RESP=1
12620150	42	STIM=g
12622716	42	RESP=1
12638182	42	STIM=m
12643225	42	RESP=1
12655334	42	STIM=l
12659721	42	RESP=1
12673519	42	STIM=6
12678774	42	RESP=2
12689880	42	STIM=9
12695872	42	RESP=2
12705481	42	STIM=i
12713740	42	RESP=1
12723250	42	STIM=g
12726922	42	RESP=1
12739557	42	STIM=b
12742145	42	RESP=1
12757262	42	STIM=s
12764748	42	RESP=2
12775948	42	STIM=6
12782116	42	RESP=1
12791993	42	STIM=1
12798991	42	RESP=2
12810200	42	STIM=8
12819549	42	RESP=2
12828157	42	STIM=e
12834156	42	RESP=1
12845922	42	STIM=s
12851116	42	RESP=1
12862367	42	STIM=9
12866645	42	RESP=2
12878280	42	STIM=q
12882942	42	RESP=1
12894541	42	STIM=n
12898453	42	RESP=1
12911398	42	STIM=p
12916396	42	RESP=1
12928893	42	STIM=i
12933845	42	RESP=1
12946596	42	STIM=4
12953922	42	RESP=2
12964061	42	STIM=p
12967190	42	RESP=1
12981100	42	STIM=e
12985572	42	RESP=1
12997927	42	STIM=z
13002498	42	RESP=1
13014006	42	STIM=u
13021862	42	RESP=1
13032703	42	STIM=w
13036918	42	RESP=1
13048127	42	STIM=8
13052633	42	RESP=2
13063811	42	STIM=w
13067658	42	RESP=1
13079805	42	STIM=a
13087309	42	RESP=1
13096261	42	STIM=h
13100735	42	RESP=1
13111745	42	STIM=w
13114670	42	RESP=1
13129294	42	STIM=n
13137140	42	RESP=1
13147040	42	STIM=x
13150446	42	RESP=1
13165427	42	STIM=6
13170501	42	RESP=2
13184099	42	STIM=w
13189543	42	RESP=1
13199916	42	STIM=m
13204060	42	RESP=1
13218541	42	STIM=x
13222048	42	RESP=1
13235435	42	STIM=d
13238729	42	RESP=1
13253289	42	STIM=u
13262183	42	RESP=1
13271766	42	STIM=r
13275695	42	RESP=1
13290139	42	STIM=l
13294074	42	RESP=1
13307757	42	STIM=b
13311009	42	RESP=1
13323635	42	STIM=o
13327048	42	RESP=1
13340232	42	STIM=l
13343951	42	RESP=1
13356414	42	STIM=0
13363127	42	RESP=2
13371461	42	STIM=y
13376543	42	RESP=1
13387828	42	STIM=v
13392384	42	RESP=1
13403179	42	STIM=q
13406976	42	RESP=1
13421075	42	STIM=e
13427247	42	RESP=1
13437974	42	STIM=1
13444621	42	RESP=2
13453020	42	STIM=h
13456835	42	RESP=1
13470080	42	STIM=g
13475149	42	RESP=1
13487046	42	STIM=z
13493423	42	RESP=1
13505051	42	STIM=7
13511336	42	RESP=2
13522476	42	STIM=p
13528750	42	RESP=1
13539754	42	STIM=q
13544424	42	RESP=1
13557939	42	STIM=u
13561926	42	RESP=1
13574014	42	STIM=d
13578421	42	RESP=1
13590272	42	STIM=7
13594935	42	RESP=2
13606886	42	STIM=n
13611659	42	RESP=1
13623188	42	STIM=e
13628584	42	RESP=1
13640537	42	STIM=8
13645493	42	RESP=1
13655966	42	STIM=b
13663862	42	RESP=1
13674732	42	STIM=w
13678116	42	RESP=2
13690441	42	STIM=j
13701262	42	RESP=1
13705984	42	STIM=l
13709766	42	RESP=1
13723108	42	STIM=6
13727090	42	RESP=2
13738825	42	STIM=p
13743362	42	RESP=1
13754579	42	STIM=0
13758442	42	RESP=2
13770924	42	STIM=b
13774096	42	RESP=1
13789110	42	STIM=q
13795496	42	RESP=1
13805952	42	STIM=e
13813891	42	RESP=1
13823704	42	STIM=o
13829419	42	RESP=1
13842194	42	STIM=7
13849163	42	RESP=2
13859729	42	STIM=1
13865976	42	RESP=2
13877844	42	STIM=h
13881013	42	RESP=1
13892913	42	STIM=m
13895695	42	RESP=1
13910747	42	STIM=m
13913340	42	RESP=1
13926309	42	STIM=x
13929233	42	RESP=1
13942036	42	STIM=n
13945391	42	RESP=1
13957460	42	STIM=c
13960422	42	RESP=1
13975635	42	STIM=6
13985084	42	RESP=2
13993245	42	STIM=b
13997014	42	RESP=1
14011486	42	STIM=n
14018050	42	RESP=2
14027095	42	STIM=b
14032220	42	RESP=1
14043565	42	STIM=c
14047474	42	RESP=1
14062156	42	STIM=g
14066493	42	RESP=1
14077861	42	STIM=3
14083318	42	RESP=2
14096547	42	STIM=e
14103251	42	RESP=1
14114662	42	STIM=q
14120438	42	RESP=1
14133646	42	STIM=v
14140199	42	RESP=1
14152069	42	STIM=a
14159350	42	RESP=1
14169926	42	STIM=b
14175147	42	RESP=1
14186911	42	STIM=d
14190315	42	RESP=1
14202087	42	STIM=f
14208708	42	RESP=1
14219311	42	STIM=2
14225665	42	RESP=2
14237795	42	STIM=f
14243744	42	RESP=1
14255869	42	STIM=b
14259084	42	RESP=1
14271062	42	STIM=n
14277266	42	RESP=1
14289046	42	STIM=t
14293492	42	RESP=1
14307750	42	STIM=0
14311568	42	RESP=2
14322951	42	STIM=s
14326911	42	RESP=1
14338667	42	STIM=g
14341736	42	RESP=1
14356074	42	STIM=b
14359182	42	RESP=1
14374644	42	STIM=l
14378389	42	RESP=1
14393034	42	STIM=4
14398926	42	RESP=2
14410240	42	STIM=z
14421739	42	RESP=1
14428475	42	STIM=7
14434723	42	RESP=2
14444296	42	STIM=x
14447161	42	RESP=1
14463078	42	STIM=r
14466894	42	RESP=1
14478757	42	STIM=n
14484699	42	RESP=1
14497019	42	STIM=s
14499969	42	RESP=1
14515431	42	STIM=1
14520957	42	RESP=2
14531217	42	STIM=q
14536784	42	RESP=1
14548656	42	STIM=3
14552121	42	RESP=2
14565141	42	STIM=d
14568444	42	RESP=1
14583073	42	STIM=c
14586512	42	RESP=1
14600029	42	STIM=3
14605830	42	RESP=2
14615106	42	STIM=f
14618280	42	RESP=1
14633535	42	STIM=n
14637417	42	RESP=1
14649702	42	STIM=x
14652575	42	RESP=1
14667324	42	STIM=m
14672255	42	RESP=1
14685975	42	STIM=j
14688601	42	RESP=1
14701952	42	STIM=j
14708316	42	RESP=1
14718778	42	STIM=r
14721809	42	RESP=1
14737609	42	STIM=1
14745090	42	RESP=2
14755647	42	STIM=m
14760260	42	RESP=1
14772413	42	STIM=v
14776561	42	RESP=1
14790382	42	STIM=l
14793833	42	RESP=1
14806713	42	STIM=k
14811005	42	RESP=1
14824856	42	STIM=s
14831676	42	RESP=1
14843598	42	STIM=h
14848014	42	RESP=1
14861115	42	STIM=c
14865662	42	RESP=1
14879464	42	STIM=z
14882474	42	RESP=1
14895534	42	STIM=3
14901246	42	RESP=2
14912968	42	STIM=3
14920504	42	RESP=2
14928549	42	STIM=8
14934442	42	RESP=2
14947319	42	STIM=z
14951182	42	RESP=1
14965725	42	STIM=c
14971317	42	RESP=1
14983452	42	STIM=z
14987042	42	RESP=1
15001356	42	STIM=3
15005224	42	RESP=2
15019155	42	STIM=e
15023336	42	RESP=1
15036361	42	STIM=1
15044690	42	RESP=2
15053891	42	STIM=1
15060702	42	RESP=2
15069955	42	STIM=x
15075504	42	RESP=1
15085400	42	STIM=u
15089018	42	RESP=1
15102558	42	STIM=t
15108155	42	RESP=1
15121031	42	STIM=p
15124147	42	RESP=1
15137821	42	STIM=a
15141209	42	RESP=1
15156570	42	STIM=n
15162901	42	RESP=2
15172844	42	STIM=x
15179733	42	RESP=1
15189965	42	STIM=q
15194178	42	RESP=1
15206733	42	STIM=u
15214391	42	RESP=1
15222561	42	STIM=p
15229021	42	RESP=1
15241519	42	STIM=7
15249126	42	RESP=2
15258081	42	STIM=2
15263880	42	RESP=2
15275935	42	STIM=d
15280765	42	RESP=1
15294437	42	STIM=9
15298724	42	RESP=2
15311403	42	STIM=2
15315751	42	RESP=1
15330254	42	STIM=z
15336802	42	RESP=1
15348868	42	STIM=q
15356693	42	RESP=1
15365635	42	STIM=1
15373043	42	RESP=2
15381871	42	STIM=c
15385491	42	RESP=1
15398806	42	STIM=m
15402063	42	RESP=1
15414232	42	STIM=w
15420840	42	RESP=1
15433124	42	STIM=o
15439310	42	RESP=1
15450512	42	STIM=l
15454912	42	RESP=1
15469276	42	STIM=q
15472881	42	RESP=1
15488176	42	STIM=i
15491146	42	RESP=1
15504311	42	STIM=l
15509417	42	RESP=1
15520052	42	STIM=e
15524574	42	RESP=1
15537478	42	STIM=h
15540937	42	RESP=1
15553410	42	STIM=f
15557848	42	RESP=1
15568532	42	STIM=u
15574335	42	RESP=1
15584302	42	STIM=4
15590666	42	RESP=2
15602796	42	STIM=u
15605965	42	RESP=1
15619889	42	STIM=k
15627410	42	RESP=1
15636590	42	STIM=9
15644183	42	RESP=2
15652093	42	STIM=0
15655642	42	RESP=2
15669946	42	STIM=d
15674970	42	RESP=1
15687303	42	STIM=2
15691996	42	RESP=2
15704286	42	STIM=3
15708299	42	RESP=2
15722217	42	STIM=s
15730820	42	RESP=1
15739735	42	STIM=g
15744959	42	RESP=1
15755261	42	STIM=b
15758161	42	RESP=1
15772682	42	STIM=z
15776678	42	RESP=1
15789130	42	STIM=u
15794312	42	RESP=1
15806631	42	STIM=e
15811316	42	RESP=1
15823865	42	STIM=j
15830649	42	RESP=1
15841346	42	STIM=y
15847739	42	RESP=1
15859247	42	STIM=y
15863471	42	RESP=1
15877555	42	STIM=y
15882887	42	RESP=1
15893916	42	STIM=z
15899471	42	RESP=1
15910138	42	STIM=v
15914900	42	RESP=1
15926169	42	STIM=i
15930414	42	RESP=1
15944844	42	STIM=g
15951191	42	RESP=1
15962857	42	STIM=f
15967150	42	RESP=1
15981389	42	STIM=i
15984961	42	RESP=1
15998799	42	STIM=4
16006614	42	RESP=2
16014839	42	STIM=r
16018532	42	RESP=1
16033609	42	STIM=5
16037975	42	RESP=2
16049236	42	STIM=7
16052739	42	RESP=2
16064263	42	STIM=7
16069954	42	RESP=2
16080300	42	STIM=t
16084891	42	RESP=1
16097647	42	STIM=m
16103877	42	RESP=1
16116571	42	STIM=h
16122758	42	RESP=1
16135247	42	STIM=6
16140607	42	RESP=2
16152317	42	STIM=m
16156833	42	RESP=1
16169811	42	STIM=c
16173709	42	RESP=1
16185999	42	STIM=8
16190125	42	RESP=2
16202815	42	STIM=y
16207504	42	RESP=1
16221464	42	STIM=r
16230730	42	RESP=1
16239375	42	STIM=x
16243182	42	RESP=1
16257993	42	STIM=q
16264250	42	RESP=1
16272993	42	STIM=y
16277559	42	RESP=1
16290468	42	STIM=4
16294877	42	RESP=2
16306198	42	STIM=x
16309435	42	RESP=1
16324853	42	STIM=v
16328062	42	RESP=1
16340814	42	STIM=m
16348344	42	RESP=1
16358164	42	STIM=e
16362395	42	RESP=1
16375238	42	STIM=m
16382571	42	RESP=1
16394136	42	STIM=l
16399358	42	RESP=1
16413052	42	STIM=i
16417801	42	RESP=1
16430662	42	STIM=g
16435393	42	RESP=1
16448997	42	STIM=n
16451625	42	RESP=1
16465143	42	STIM=k
16468774	42	RESP=1
16482374	42	STIM=k
16484949	42	RESP=1
16500649	42	STIM=t
16505543	42	RESP=1
16517388	42	STIM=h
16520251	42	RESP=1
16532640	42	STIM=v
16536970	42	RESP=1
16548408	42	STIM=n
16552586	42	RESP=1
16565309	42	STIM=7
16569409	42	RESP=2
16582230	42	STIM=6
16588612	42	RESP=2
16600845	42	STIM=h
16607678	42	RESP=1
16617141	42	STIM=r
16620538	42	RESP=1
16634557	42	STIM=5
16641077	42	RESP=2
16650186	42	STIM=i
16653526	42	RESP=1
16665519	42	STIM=j
16670706	42	RESP=1
16683284	42	STIM=q
16688402	42	RESP=1
16699282	42	STIM=k
16703998	42	RESP=1
16716125	42	STIM=r
16722050	42	RESP=1
16731887	42	STIM=u
16735232	42	RESP=1
16747225	42	STIM=d
16753856	42	RESP=1
16764576	42	STIM=u
16772389	42	RESP=1
16782226	42	STIM=z
16786793	42	RESP=1
16799801	42	STIM=s
16804571	42	RESP=1
16818699	42	STIM=8
16826126	42	RESP=2
16833731	42	STIM=5
16839202	42	RESP=2
16851959	42	STIM=q
16859078	42	RESP=1
16868898	42	STIM=u
16872820	42	RESP=1
16885861	42	STIM=w
16891145	42	RESP=1
16901957	42	STIM=2
16907754	42	RESP=2
16919408	42	STIM=w
16925375	42	RESP=2
16936691	42	STIM=y
16942687	42	RESP=2
16952364	42	STIM=n
16956273	42	RESP=1
16968092	42	STIM=q
16971582	42	RESP=1
16984344	42	STIM=x
16989998	42	RESP=2
17002996	42	STIM=y
17008124	42	RESP=1
17020289	42	STIM=n
17023707	42	RESP=1
17036400	42	STIM=c
17040754	42	RESP=1
17053399	42	STIM=n
17056201	42	RESP=1
17068504	42	STIM=u
17074561	42	RESP=1
17086351	42	STIM=4
17090039	42	RESP=2
17101579	42	STIM=h
17104934	42	RESP=1
17118644	42	STIM=k
17123449	42	RESP=1
17137423	42	STIM=g
17142346	42	RESP=1
17155808	42	STIM=4
17160548	42	RESP=2
17172956	42	STIM=d
17181118	42	RESP=2
17188689	42	STIM=j
17193585	42	RESP=1
17205332	42	STIM=x
17208800	42	RESP=1
17224161	42	STIM=y
17229456	42	RESP=1
17240634	42	STIM=m
17246945	42	RESP=1
17257987	42	STIM=1
17262396	42	RESP=2
17275641	42	STIM=n
17281112	42	RESP=1
17292321	42	STIM=g
17299165	42	RESP=1
17311223	42	STIM=r
17315322	42	RESP=2
17329244	42	STIM=p
17334734	42	RESP=1
17346604	42	STIM=a
17352083	42	RESP=1
17362928	42	STIM=u
17369817	42	RESP=1
17379549	42	STIM=1
17385304	42	RESP=2
17398109	42	STIM=o
17406934	42	RESP=1
17414921	42	STIM=a
17420308	42	RESP=1
17430039	42	STIM=8
17435939	42	RESP=2
17446845	42	STIM=0
17451008	42	RESP=2
17462009	42	STIM=k
17465423	42	RESP=1
17480249	42	STIM=9
17486905	42	RESP=2
17498846	42	STIM=g
17502170	42	RESP=1
17517771	42	STIM=k
17522787	42	RESP=1
17533958	42	STIM=0
17538410	42	RESP=2
17549112	42	STIM=p
17555493	42	RESP=1
17566807	42	STIM=0
17574943	42	RESP=2
17584002	42	STIM=n
17586925	42	RESP=1
17600234	42	STIM=t
17605748	42	RESP=2
17618692	42	STIM=m
17621176	42	RESP=1
17635302	42	STIM=0
17641710	42	RESP=2
17652882	42	STIM=u
17656770	42	RESP=1
17668369	42	STIM=1
17674027	42	RESP=2
17684355	42	STIM=m
17688747	42	RESP=1
17700492	42	STIM=j
17707681	42	RESP=1
17718507	42	STIM=v
17729113	42	RESP=1
17733636	42	STIM=p
17737601	42	RESP=1
17751845	42	STIM=j
17755405	42	RESP=1
17769024	42	STIM=h
17772667	42	RESP=1
17786085	42	STIM=j
17791015	42	RESP=1
17803886	42	STIM=d
17808934	42	RESP=1
17819180	42	STIM=r
17823905	42	RESP=1
17835987	42	STIM=3
17844239	42	RESP=2
17851923	42	STIM=o
17856425	42	RESP=1
17867938	42	STIM=v
17872830	42	RESP=1
17883384	42	STIM=m
17887479	42	RESP=1
17899247	42	STIM=0
17905859	42	RESP=2
17917797	42	STIM=f
17922403	42	RESP=1
17934526	42	STIM=s
17938838	42	RESP=1
17949686	42	STIM=f
17954506	42	RESP=1
17966364	42	STIM=y
17971510	42	RESP=1
17984608	42	STIM=p
17988959	42	RESP=1
17999823	42	STIM=m
18006264	42	RESP=1
18015354	42	STIM=0
18021930	42	RESP=2
18034293	42	STIM=r
18038443	42	RESP=1
18052195	42	STIM=y
18055810	42	RESP=1
18068551	42	STIM=d
18072079	42	RESP=2
18084009	42	STIM=4
18093127	42	RESP=2
18099203	42	STIM=z
18102720	42	RESP=1
18114491	42	STIM=p
18117785	42	RESP=1
18130818	42	STIM=l
18138253	42	RESP=1
18148409	42	STIM=n
18154331	42	RESP=1
18163410	42	STIM=d
18167433	42	RESP=1
18180864	42	STIM=m
18188768	42	RESP=2
18197128	42	STIM=q
18200192	42	RESP=1
18212210	42	STIM=r
18218670	42	RESP=1
18229974	42	STIM=n
18235417	42	RESP=1
18245655	42	STIM=g
18249715	42	RESP=1
18261183	42	STIM=g
18265677	42	RESP=1
18278717	42	STIM=t
18282075	42	RESP=1
18295374	42	STIM=i
18302162	42	RESP=1
18313061	42	STIM=6
18320697	42	RESP=2
18329614	42	STIM=s
18334740	42	RESP=1
18344799	42	STIM=u
18349005	42	RESP=1
18362815	42	STIM=f
18367697	42	RESP=1
18381681	42	STIM=x
18385128	42	RESP=1
18397575	42	STIM=5
18401118	42	RESP=2
18415714	42	STIM=4
18420103	42	RESP=2
18434319	42	STIM=v
18439839	42	RESP=1
18452480	42	STIM=p
18457781	42	RESP=1
18468039	42	STIM=v
18474572	42	RESP=1
18486792	42	STIM=o
18490429	42	RESP=1
18505765	42	STIM=f
18512171	42	RESP=1
18521256	42	STIM=k
18526872	42	RESP=1
18538146	42	STIM=e
18542485	42	RESP=1
18553882	42	STIM=z
18557050	42	RESP=1
18572417	42	STIM=u
18576522	42	RESP=1
18590090	42	STIM=d
18595357	42	RESP=1
18607913	42	STIM=x
18611734	42	RESP=1
18624495	42	STIM=v
18629593	42	RESP=1
18642221	42	STIM=p
18645962	42	RESP=1
18660490	42	STIM=w
18663771	42	RESP=1
18676775	42	STIM=3
18681723	42	RESP=2
18693606	42	STIM=a
18699624	42	RESP=1
18710671	42	STIM=w
18715972	42	RESP=1
18729385	42	STIM=u
18732558	42	RESP=1
18746523	42	STIM=s
18753230	42	RESP=1
18763145	42	STIM=f
18766051	42	RESP=1
18779907	42	STIM=e
18783715	42	RESP=1
18797252	42	STIM=u
18802972	42	RESP=1
18814353	42	STIM=k
18820378	42	RESP=1
18831205	42	STIM=3
18836603	42	RESP=2
18848740	42	STIM=x
18857966	42	RESP=1
18866758	42	STIM=j
18870957	42	RESP=1
18882736	42	STIM=y
18890650	42	RESP=1
18900841	42	STIM=x
18907993	42	RESP=1
18915930	42	STIM=8
18920468	42	RESP=2
18932883	42	STIM=2
18937738	42	RESP=2
18948054	42	STIM=h
18956404	42	RESP=1
18963958	42	STIM=u
18971454	42	RESP=1
18982538	42	STIM=g
18986222	42	RESP=1
18999963	42	STIM=5
19005390	42	RESP=2
19016987	42	STIM=d
19020808	42	RESP=1
19033210	42	STIM=o
19037116	42	RESP=1
19048277	42	STIM=4
19054924	42	RESP=2
19065396	42	STIM=6
19071970	42	RESP=2
19080468	42	STIM=7
19084974	42	RESP=2
19095803	42	STIM=a
19100695	42	RESP=1
19114727	42	STIM=x
19117458	42	RESP=2
19131540	42	STIM=n
19136008	42	RESP=1
19150485	42	STIM=h
19155641	42	RESP=1
19168785	42	STIM=o
19172055	42	RESP=1
19186660	42	STIM=n
19195589	42	RESP=1
19202756	42	STIM=w
19206916	42	RESP=1
19219960	42	STIM=9
19228095	42	RESP=2
19237919	42	STIM=x
19245426	42	RESP=1
19253221	42	STIM=o
19261692	42	RESP=2
19270655	42	STIM=w
19279077	42	RESP=1
19286400	42	STIM=q
19290087	42	RESP=1
19303290	42	STIM=c
19308344	42	RESP=1
19320269	42	STIM=j
19328638	42	RESP=1
19337198	42	STIM=b
19343736	42	RESP=1
19353562	42	STIM=f
19359361	42	RESP=1
19370685	42	STIM=o
19374035	42	RESP=2
19386384	42	STIM=g
19391583	42	RESP=2
19403050	42	STIM=a
19413593	42	RESP=1
19420293	42	STIM=a
19424700	42	RESP=1
19438073	42	STIM=f
19442913	42	RESP=1
19453379	42	STIM=2
19458016	42	RESP=2
19469418	42	STIM=p
19473467	42	RESP=1
19486720	42	STIM=m
19490298	42	RESP=1
19505278	42	STIM=i
19508129	42	RESP=1
19520582	42	STIM=c
19526498	42	RESP=1
19538641	42	STIM=o
19543127	42	RESP=1
19553647	42	STIM=x
19558811	42	RESP=1
19570564	42	STIM=x
19574201	42	RESP=1
19589169	42	STIM=p
19593017	42	RESP=1
19607606	42	STIM=n
19612425	42	RESP=1
19623093	42	STIM=8
19627251	42	RESP=2
19641528	42	STIM=e
19648849	42	RESP=1
19658752	42	STIM=d
19662733	42	RESP=1
19674196	42	STIM=u
19683888	42	RESP=1
19690251	42	STIM=p
19695673	42	RESP=2
19707103	42	STIM=b
19710425	42	RESP=2
19724327	42	STIM=o
19730461	42	RESP=1
19740771	42	STIM=f
19751672	42	RESP=1
19756996	42	STIM=m
19762960	42	RESP=1
19775949	42	STIM=f
19781941	42	RESP=1
19794476	42	STIM=3
19802507	42	RESP=2
19810374	42	STIM=x
19816038	42	RESP=1
19828199	42	STIM=g
19838622	42	RESP=1
19847091	42	STIM=m
19850239	42	RESP=1
19863029	42	STIM=c
19866218	42	RESP=1
19878044	42	STIM=n
19882638	42	RESP=2
19896152	42	STIM=7
19901024	42	RESP=2
19912790	42	STIM=n
19917358	42	RESP=1
19927879	42	STIM=g
19930621	42	RESP=1
19943657	42	STIM=6
19947231	42	RESP=2
19959581	42	STIM=m
19962360	42	RESP=1
19977646	42	STIM=y
19982655	42	RESP=1
19995353	42	STIM=j
20003222	42	RESP=1
20012883	42	STIM=d
20019907	42	RESP=1
20029447	42	STIM=y
20035587	42	RESP=1
20047477	42	STIM=z
20055500	42	RESP=1
20064262	42	STIM=b
20067467	42	RESP=1
20082405	42	STIM=i
20087156	42	RESP=1
20100377	42	STIM=p
20103474	42	RESP=1
20116883	42	STIM=q
20120529	42	RESP=1
20133762	42	STIM=c
20137588	42	RESP=1
20149387	42	STIM=m
20152344	42	RESP=1
20168300	42	STIM=7
20173484	42	RESP=2
20185176	42	STIM=3
20188241	42	RESP=2
20204130	42	STIM=x
20210583	42	RESP=1
20222530	42	STIM=7
20227063	42	RESP=2
20237617	42	STIM=h
20245148	42	RESP=1
20253178	42	STIM=v
20256347	42	RESP=1
20268742	42	STIM=0
20273408	42	RESP=1
20285767	42	STIM=w
20290395	42	RESP=1
20304026	42	STIM=a
20310055	42	RESP=1
20321566	42	STIM=a
20324861	42	RESP=1
20338746	42	STIM=p
20342333	42	RESP=1
20356682	42	STIM=d
20364131	42	RESP=1
20372686	42	STIM=e
20376038	42	RESP=1
20388557	42	STIM=p
20396255	42	RESP=1
20406384	42	STIM=w
20410384	42	RESP=1
20422390	42	STIM=k
20427428	42	RESP=1
20439570	42	STIM=g
20447731	42	RESP=1
20455841	42	STIM=h
20460336	42	RESP=1
20471580	42	STIM=7
20476201	42	RESP=2
20489552	42	STIM=t
20496875	42	RESP=1
20505273	42	STIM=d
20509705	42	RESP=1
20520576	42	STIM=o
20525924	42	RESP=1
20539269	42	STIM=m
20543289	42	RESP=1
20556947	42	STIM=s
20564479	42	RESP=1
20572319	42	STIM=j
20581041	42	RESP=1
20589603	42	STIM=q
20594831	42	RESP=1
20606885	42	STIM=w
20610368	42	RESP=1
20623461	42	STIM=z
20627737	42	RESP=1
20641499	42	STIM=p
20646485	42	RESP=1
20660221	42	STIM=4
20664647	42	RESP=2
20677571	42	STIM=6
20681015	42	RESP=2
20695707	42	STIM=l
20700639	42	RESP=1
20712097	42	STIM=y
20715965	42	RESP=1
20727805	42	STIM=w
20740522	42	RESP=1
20744412	42	STIM=c
20747835	42	RESP=1
20762378	42	STIM=g
20770358	42	RESP=1
20777873	42	STIM=s
20781429	42	RESP=1
20794349	42	STIM=j
20801191	42	RESP=2
20809754	42	STIM=v
20817535	42	RESP=1
20826682	42	STIM=a
20830621	42	RESP=1
20845107	42	STIM=2
20849434	42	RESP=2
20862131	42	STIM=o
20867061	42	RESP=1
20879200	42	STIM=c
20885147	42	RESP=1
20897409	42	STIM=l
20912635	42	RESP=1
20912735	42	STIM=z
20918188	42	RESP=1
20928557	42	STIM=6
20934871	42	RESP=2
20945779	42	STIM=0
20951496	42	RESP=2
20964020	42	STIM=o
20971475	42	RESP=1
20980383	42	STIM=g
20987288	42	RESP=1
20999103	42	STIM=t
21002902	42	RESP=1
21016860	42	STIM=d
21021314	42	RESP=1
21035754	42	STIM=g
21039200	42	RESP=1
21053373	42	STIM=q
21061769	42	RESP=1
21070849	42	STIM=l
21074613	42	RESP=1
21087273	42	STIM=t
21091050	42	RESP=1
21104908	42	STIM=n
21108567	42	RESP=1
21120218	42	STIM=6
21124479	42	RESP=1
21137192	42	STIM=2
21143361	42	RESP=2
21155096	42	STIM=u
21161847	42	RESP=1
21171118	42	STIM=m
21175440	42	RESP=1
21188180	42	STIM=i
21191667	42	RESP=1
21203985	42	STIM=n
21207263	42	RESP=1
21221463	42	STIM=d
21226387	42	RESP=1
21238555	42	STIM=u
21243927	42	RESP=1
21256591	42	STIM=r
21260373	42	RESP=1
21273729	42	STIM=x
21276906	42	RESP=1
21291472	42	STIM=n
21296073	42	RESP=1
21308808	42	STIM=h
21312444	42	RESP=1
21326324	42	STIM=6
21329428	42	RESP=2
21344385	42	STIM=p
21347743	42	RESP=1
21361592	42	STIM=i
21365989	42	RESP=1
21380461	42	STIM=2
21391189	42	RESP=2
21396376	42	STIM=k
21405836	42	RESP=2
21413531	42	STIM=k
21416344	42	RESP=1
21431092	42	STIM=g
21435446	42	RESP=1
21446856	42	STIM=r
21451916	42	RESP=1
21465846	42	STIM=u
21469378	42	RESP=1
21483586	42	STIM=x
21488590	42	RESP=1
21499697	42	STIM=2
21503904	42	RESP=2
21517121	42	STIM=v
21524721	42	RESP=1
21533210	42	STIM=u
21537606	42	RESP=1
21550840	42	STIM=o
21554491	42	RESP=1
21567303	42	STIM=2
21571851	42	RESP=2
21582600	42	STIM=0
21586950	42	RESP=2
21600239	42	STIM=j
21604353	42	RESP=1
21617057	42	STIM=p
21622843	42	RESP=1
21634984	42	STIM=1
21638480	42	RESP=2
21653092	42	STIM=7
21658219	42	RESP=2
21668716	42	STIM=f
21673146	42	RESP=1
21687445	42	STIM=m
21691341	42	RESP=1
21702446	42	STIM=9
21709290	42	RESP=2
21720902	42	STIM=1
21730934	42	RESP=1
21736290	42	STIM=f
21745653	42	RESP=1
21753244	42	STIM=o
21756784	42	RESP=1
21768522	42	STIM=b
21775709	42	RESP=1
21785825	42	STIM=k
21790321	42	RESP=1
21801610	42	STIM=j
21805498	42	RESP=1
