# Original filename: 0043_BFO_2017-06-19.log
# Time unit: 100 us
# RARECAT=digit
#
# Time	HHGG	Event
26961	42	STIM=j
32856	42	RESP=1
43877	42	STIM=o
47802	42	RESP=1
59428	42	STIM=t
62563	42	RESP=1
77476	42	STIM=f
84733	42	RESP=1
95444	42	STIM=d
100126	42	RESP=2
111722	42	STIM=1
123008	42	RESP=1
128040	42	STIM=l
132326	42	RESP=1
146648	42	STIM=7
150629	42	RESP=1
162080	42	STIM=g
168777	42	RESP=1
179170	42	STIM=8
185030	42	RESP=2
195356	42	STIM=9
203271	42	RESP=2
212940	42	STIM=m
217340	42	RESP=1
230488	42	STIM=2
242078	42	RESP=2
248843	42	STIM=h
255328	42	RESP=2
265507	42	STIM=v
272866	42	RESP=2
283601	42	STIM=d
288357	42	RESP=1
302023	42	STIM=0
308343	42	RESP=2
320758	42	STIM=b
327397	42	RESP=1
338585	42	STIM=1
346575	42	RESP=2
356045	42	STIM=x
363160	42	RESP=1
372428	42	STIM=v
377146	42	RESP=1
389206	42	STIM=u
394376	42	RESP=1
406833	42	STIM=c
409903	42	RESP=1
424275	42	STIM=0
428832	42	RESP=2
440334	42	STIM=7
449380	42	RESP=2
458087	42	STIM=s
461067	42	RESP=1
473857	42	STIM=w
478497	42	RESP=1
488981	42	STIM=k
493786	42	RESP=1
507849	42	STIM=o
511805	42	RESP=1
525442	42	STIM=8
532611	42	RESP=1
544167	42	STIM=7
550500	42	RESP=2
561542	42	STIM=s
564717	42	RESP=1
578959	42	STIM=9
585971	42	RESP=2
595412	42	STIM=f
601592	42	RESP=1
612651	42	STIM=i
617386	42	RESP=1
628854	42	STIM=g
632032	42	RESP=1
645718	42	STIM=a
650091	42	RESP=1
661788	42	STIM=m
669569	42	RESP=1
678660	42	STIM=b
683918	42	RESP=1
697033	42	STIM=r
702525	42	RESP=1
714208	42	STIM=4
721020	42	RESP=2
733072	42	STIM=h
737649	42	RESP=1
749630	42	STIM=q
754853	42	RESP=1
765189	42	STIM=u
769308	42	RESP=1
782075	42	STIM=d
789760	42	RESP=1
798571	42	STIM=3
803418	42	RESP=2
813931	42	STIM=s
820864	42	RESP=1
829727	42	STIM=0
839054	42	RESP=2
844923	42	STIM=a
859023	42	RESP=1
860590	42	STIM=3
867334	42	RESP=2
877968	42	STIM=4
884965	42	RESP=2
893439	42	STIM=f
897955	42	RESP=1
909297	42	STIM=o
916399	42	RESP=1
925504	42	STIM=b
929503	42	RESP=1
941830	42	STIM=p
951116	42	RESP=1
958381	42	STIM=p
961310	42	RESP=1
974557	42	STIM=9
979933	42	RESP=2
990335	42	STIM=u
994440	42	RESP=1
1009042	42	STIM=i
1014333	42	RESP=1
1027103	42	STIM=t
1032197	42	RESP=1
1045126	42	STIM=n
1048998	42	RESP=1
1062752	42	STIM=m
1068249	42	RESP=1
1078308	42	STIM=x
1083549	42	RESP=1
1095858	42	STIM=9
1110076	42	RESP=2
1111635	42	STIM=s
1115485	42	RESP=1
1129472	42	STIM=9
1135122	42	RESP=2
1144668	42	STIM=4
1153134	42	RESP=2
1161743	42	STIM=e
1166710	42	RESP=1
1177559	42	STIM=6
1186218	42	RESP=2
1194463	42	STIM=s
1198345	42	RESP=1
1211269	42	STIM=2
1215890	42	RESP=2
1228245	42	STIM=s
1233702	42	RESP=1
1245499	42	STIM=u
1256144	42	RESP=1
1263934	42	STIM=h
1272467	42	RESP=1
1279150	42	STIM=3
1286396	42	RESP=2
1298042	42	STIM=0
1304054	42	RESP=2
1313265	42	STIM=k
1320221	42	RESP=1
1331771	42	STIM=v
1337862	42	RESP=1
1350553	42	STIM=7
1356364	42	RESP=2
1369315	42	STIM=8
1380285	42	RESP=2
1384392	42	STIM=t
1391092	42	RESP=1
1401804	42	STIM=q
1412580	42	RESP=1
1418485	42	STIM=v
1424043	42	RESP=1
1435717	42	STIM=5
1441583	42	RESP=2
1453900	42	STIM=6
1459035	42	RESP=2
1472435	42	STIM=a
1476246	42	RESP=1
1487527	42	STIM=2
1492761	42	RESP=2
1505493	42	STIM=0
1509097	42	RESP=2
1522640	42	STIM=e
1530471	42	RESP=1
1539723	42	STIM=t
1551978	42	RESP=1
1555038	42	STIM=y
1559483	42	RESP=1
1570699	42	STIM=v
1574490	42	RESP=1
1588760	42	STIM=q
1592907	42	RESP=1
1607627	42	STIM=j
1615733	42	RESP=2
1623732	42	STIM=p
1628922	42	RESP=1
1641800	42	STIM=w
1647694	42	RESP=1
1659344	42	STIM=j
1665392	42	RESP=1
1675754	42	STIM=y
1680411	42	RESP=1
1694700	42	STIM=o
1700766	42	RESP=1
1712419	42	STIM=w
1718201	42	RESP=1
1730826	42	STIM=y
1734762	42	RESP=1
1747822	42	STIM=v
1752540	42	RESP=1
1766018	42	STIM=x
1770748	42	RESP=1
1784561	42	STIM=a
1791498	42	RESP=1
1801638	42	STIM=o
1806964	42	RESP=1
1819670	42	STIM=0
1825797	42	RESP=2
1836082	42	STIM=x
1842591	42	RESP=1
1854713	42	STIM=q
1860923	42	RESP=1
1872471	42	STIM=a
1881342	42	RESP=1
1888607	42	STIM=b
1897404	42	RESP=1
1904848	42	STIM=f
1907881	42	RESP=1
1922906	42	STIM=a
1927481	42	RESP=1
1940096	42	STIM=c
1950074	42	RESP=1
1955565	42	STIM=d
1961059	42	RESP=1
1973281	42	STIM=c
1979387	42	RESP=1
1991492	42	STIM=0
1999640	42	RESP=1
2009616	42	STIM=d
2015398	42	RESP=1
2028561	42	STIM=e
2033819	42	RESP=1
2045918	42	STIM=n
2049821	42	RESP=1
2062931	42	STIM=g
2066609	42	RESP=1
2080696	42	STIM=o
2084410	42	RESP=1
2097835	42	STIM=j
2106677	42	RESP=1
2115572	42	STIM=g
2120865	42	RESP=1
2132605	42	STIM=g
2136706	42	RESP=1
2151574	42	STIM=h
2162702	42	RESP=1
2167413	42	STIM=x
2173679	42	RESP=1
2183696	42	STIM=r
2187698	42	RESP=1
2199883	42	STIM=a
2206858	42	RESP=1
2217969	42	STIM=c
2222053	42	RESP=1
2235494	42	STIM=e
2240597	42	RESP=1
2253990	42	STIM=d
2259507	42	RESP=1
2269407	42	STIM=7
2275261	42	RESP=1
2284841	42	STIM=x
2289406	42	RESP=1
2300583	42	STIM=b
2304996	42	RESP=1
2316795	42	STIM=t
2322133	42	RESP=1
2335371	42	STIM=o
2341415	42	RESP=1
2354317	42	STIM=1
2359698	42	RESP=2
2370548	42	STIM=r
2374239	42	RESP=1
2388857	42	STIM=9
2398222	42	RESP=2
2405824	42	STIM=g
2412247	42	RESP=1
2421844	42	STIM=3
2428827	42	RESP=2
2437144	42	STIM=n
2446699	42	RESP=1
2455074	42	STIM=y
2458593	42	RESP=1
2471567	42	STIM=a
2478525	42	RESP=1
2488385	42	STIM=j
2491678	42	RESP=1
2503857	42	STIM=s
2509263	42	RESP=1
2522682	42	STIM=v
2528311	42	RESP=1
2540808	42	STIM=n
2543887	42	RESP=1
2558278	42	STIM=e
2563129	42	RESP=1
2574958	42	STIM=6
2580932	42	RESP=2
2591425	42	STIM=t
2596973	42	RESP=1
2607602	42	STIM=y
2612662	42	RESP=1
2624007	42	STIM=m
2628103	42	RESP=1
2641559	42	STIM=l
2649356	42	RESP=1
2657610	42	STIM=0
2663183	42	RESP=2
2676326	42	STIM=k
2684902	42	RESP=1
2694567	42	STIM=s
2702390	42	RESP=1
2712240	42	STIM=o
2715770	42	RESP=1
2728771	42	STIM=j
2732434	42	RESP=1
2746402	42	STIM=f
2752574	42	RESP=1
2765217	42	STIM=k
2768069	42	RESP=1
2781828	42	STIM=p
2784669	42	RESP=1
2800166	42	STIM=c
2805516	42	RESP=1
2817825	42	STIM=a
2823918	42	RESP=1
2833787	42	STIM=4
2844924	42	RESP=2
2850990	42	STIM=b
2860063	42	RESP=1
2866777	42	STIM=i
2871522	42	RESP=1
2883391	42	STIM=k
2887900	42	RESP=2
2901010	42	STIM=i
2907234	42	RESP=1
2917760	42	STIM=n
2923602	42	RESP=2
2933732	42	STIM=i
2940157	42	RESP=1
2952192	42	STIM=u
2957279	42	RESP=2
2969267	42	STIM=q
2974833	42	RESP=1
2986920	42	STIM=8
2992977	42	RESP=1
3004368	42	STIM=0
3010927	42	RESP=2
3019929	42	STIM=3
3027943	42	RESP=2
3038754	42	STIM=i
3042944	42	RESP=1
3053906	42	STIM=x
3062469	42	RESP=1
3072538	42	STIM=c
3080674	42	RESP=1
3087613	42	STIM=d
3094710	42	RESP=1
3106370	42	STIM=x
3111306	42	RESP=1
3121581	42	STIM=e
3128840	42	RESP=1
3138289	42	STIM=w
3144456	42	RESP=1
3156796	42	STIM=j
3163156	42	RESP=1
3173791	42	STIM=p
3181520	42	RESP=1
3189281	42	STIM=v
3196696	42	RESP=1
3207641	42	STIM=r
3215032	42	RESP=1
3225964	42	STIM=w
3236767	42	RESP=1
3242923	42	STIM=0
3249194	42	RESP=2
3258313	42	STIM=t
3264609	42	RESP=1
3275376	42	STIM=s
3281512	42	RESP=1
3292829	42	STIM=y
3300375	42	RESP=1
3310187	42	STIM=h
3318640	42	RESP=1
3328954	42	STIM=s
3338653	42	RESP=1
3347604	42	STIM=f
3353664	42	RESP=1
3363047	42	STIM=d
3369430	42	RESP=1
3378888	42	STIM=z
3383195	42	RESP=1
3394591	42	STIM=h
3399186	42	RESP=1
3412465	42	STIM=b
3417781	42	RESP=1
3430956	42	STIM=4
3436154	42	RESP=2
3448846	42	STIM=a
3452495	42	RESP=1
3466372	42	STIM=d
3472476	42	RESP=2
3483934	42	STIM=e
3488510	42	RESP=1
3499414	42	STIM=x
3506208	42	RESP=1
3517495	42	STIM=z
3522569	42	RESP=1
3534731	42	STIM=w
3539157	42	RESP=1
3551092	42	STIM=3
3557373	42	RESP=2
3568779	42	STIM=1
3578453	42	RESP=2
3587587	42	STIM=p
3592310	42	RESP=1
3604351	42	STIM=n
3610861	42	RESP=1
3623170	42	STIM=r
3628684	42	RESP=1
3640893	42	STIM=5
3644639	42	RESP=1
3657754	42	STIM=g
3666147	42	RESP=1
3673323	42	STIM=4
3679787	42	RESP=2
3689688	42	STIM=f
3695285	42	RESP=1
3706622	42	STIM=m
3711206	42	RESP=1
3722582	42	STIM=t
3732244	42	RESP=1
3740548	42	STIM=i
3746613	42	RESP=1
3759056	42	STIM=h
3763267	42	RESP=2
3775132	42	STIM=e
3778419	42	RESP=1
3790651	42	STIM=q
3796634	42	RESP=1
3809557	42	STIM=v
3814535	42	RESP=1
3827130	42	STIM=c
3834662	42	RESP=1
3845530	42	STIM=j
3852055	42	RESP=1
3861465	42	STIM=u
3865107	42	RESP=2
3877093	42	STIM=b
3881910	42	RESP=1
3895112	42	STIM=w
3898694	42	RESP=1
3913392	42	STIM=o
3919460	42	RESP=1
3931040	42	STIM=g
3936714	42	RESP=1
3946440	42	STIM=g
3949662	42	RESP=1
3961593	42	STIM=a
3966094	42	RESP=1
3979708	42	STIM=n
3983307	42	RESP=1
3995787	42	STIM=a
4006251	42	RESP=1
4012364	42	STIM=h
4020903	42	RESP=1
4027405	42	STIM=k
4032498	42	RESP=1
4044805	42	STIM=m
4048885	42	RESP=1
4060001	42	STIM=n
4065945	42	RESP=1
4076514	42	STIM=a
4082075	42	RESP=1
4095279	42	STIM=q
4098928	42	RESP=1
4110833	42	STIM=k
4119319	42	RESP=1
4129127	42	STIM=q
4136878	42	RESP=1
4146657	42	STIM=l
4150614	42	RESP=1
4162015	42	STIM=r
4166292	42	RESP=1
4179157	42	STIM=0
4183657	42	RESP=2
4194188	42	STIM=e
4198458	42	RESP=1
4209372	42	STIM=b
4213758	42	RESP=1
4225925	42	STIM=w
4230551	42	RESP=1
4243635	42	STIM=y
4246605	42	RESP=1
4261138	42	STIM=0
4266888	42	RESP=2
4276536	42	STIM=i
4281086	42	RESP=1
4295420	42	STIM=v
4300592	42	RESP=1
4312086	42	STIM=z
4316385	42	RESP=1
4327156	42	STIM=o
4330933	42	RESP=1
4342290	42	STIM=1
4347586	42	RESP=2
4360116	42	STIM=r
4366465	42	RESP=1
4377058	42	STIM=6
4388168	42	RESP=2
4394569	42	STIM=g
4398516	42	RESP=1
4411900	42	STIM=p
4417355	42	RESP=1
4428512	42	STIM=r
4432690	42	RESP=1
4443756	42	STIM=c
4449953	42	RESP=1
4461873	42	STIM=k
4469830	42	RESP=1
4479099	42	STIM=u
4486167	42	RESP=1
4496140	42	STIM=s
4500304	42	RESP=1
4514877	42	STIM=9
4520931	42	RESP=2
4531985	42	STIM=1
4537440	42	RESP=1
4550131	42	STIM=u
4555149	42	RESP=1
4567219	42	STIM=y
4573437	42	RESP=1
4585761	42	STIM=2
4590755	42	RESP=2
4602604	42	STIM=s
4609599	42	RESP=1
4621231	42	STIM=j
4628097	42	RESP=1
4637965	42	STIM=i
4651121	42	RESP=1
4655619	42	STIM=b
4661165	42	RESP=1
4674224	42	STIM=o
4685946	42	RESP=1
4689225	42	STIM=o
4692699	42	RESP=1
4707336	42	STIM=u
4711793	42	RESP=1
4723096	42	STIM=s
4728127	42	RESP=1
4741899	42	STIM=u
4745698	42	RESP=1
4759110	42	STIM=p
4766641	42	RESP=1
4775249	42	STIM=y
4780721	42	RESP=1
4792965	42	STIM=q
4803299	42	RESP=1
4811327	42	STIM=8
4821734	42	RESP=1
4828741	42	STIM=3
4835226	42	RESP=2
4845138	42	STIM=s
4851183	42	RESP=1
4861189	42	STIM=y
4868344	42	RESP=1
4878508	42	STIM=m
4882327	42	RESP=1
4895907	42	STIM=x
4901192	42	RESP=1
4911985	42	STIM=k
4921347	42	RESP=1
4928770	42	STIM=j
4934550	42	RESP=1
4945014	42	STIM=n
4950577	42	RESP=1
4960111	42	STIM=f
4964885	42	RESP=1
4975299	42	STIM=t
4983624	42	RESP=1
4991356	42	STIM=a
4995066	42	RESP=1
5009871	42	STIM=m
5017136	42	RESP=1
5026108	42	STIM=r
5032990	42	RESP=1
5041762	42	STIM=t
5045534	42	RESP=2
5060560	42	STIM=w
5063947	42	RESP=1
5077834	42	STIM=d
5083043	42	RESP=1
5093547	42	STIM=u
5100136	42	RESP=1
5109388	42	STIM=j
5112231	42	RESP=1
5124796	42	STIM=j
5129421	42	RESP=2
5141987	42	STIM=j
5151468	42	RESP=1
5159049	42	STIM=c
5163494	42	RESP=1
5177013	42	STIM=p
5180315	42	RESP=1
5194889	42	STIM=7
5200484	42	RESP=1
5212706	42	STIM=m
5221764	42	RESP=1
5228561	42	STIM=c
5234527	42	RESP=1
5246626	42	STIM=f
5258478	42	RESP=1
5265021	42	STIM=8
5273836	42	RESP=2
5281618	42	STIM=r
5292052	42	RESP=2
5299634	42	STIM=6
5305332	42	RESP=1
5315626	42	STIM=q
5318861	42	RESP=1
5331253	42	STIM=m
5341348	42	RESP=1
5349438	42	STIM=s
5356819	42	RESP=1
5365392	42	STIM=i
5368939	42	RESP=1
5381485	42	STIM=6
5386858	42	RESP=2
5400137	42	STIM=c
5407095	42	RESP=1
5416376	42	STIM=6
5421545	42	RESP=1
5433584	42	STIM=i
5439998	42	RESP=1
5452035	42	STIM=8
5456864	42	RESP=2
5468497	42	STIM=3
5473468	42	RESP=2
5486104	42	STIM=y
5492677	42	RESP=2
5501681	42	STIM=o
5506620	42	RESP=1
5520633	42	STIM=i
5529207	42	RESP=1
5538757	42	STIM=y
5545679	42	RESP=1
5556920	42	STIM=d
5560465	42	RESP=1
5573753	42	STIM=t
5577514	42	RESP=1
5590787	42	STIM=7
5598980	42	RESP=2
5607814	42	STIM=y
5610651	42	RESP=1
5625788	42	STIM=r
5633274	42	RESP=1
5643108	42	STIM=8
5648590	42	RESP=2
5659712	42	STIM=l
5668036	42	RESP=1
5675966	42	STIM=0
5683548	42	RESP=2
5691518	42	STIM=l
5701919	42	RESP=1
5708432	42	STIM=4
5714513	42	RESP=2
5724806	42	STIM=w
5727739	42	RESP=1
5741488	42	STIM=n
5747599	42	RESP=1
5760057	42	STIM=g
5765323	42	RESP=1
5777975	42	STIM=x
5784973	42	RESP=1
5794591	42	STIM=w
5801763	42	RESP=1
5812580	42	STIM=g
5816764	42	RESP=1
5829806	42	STIM=0
5835334	42	RESP=2
5847783	42	STIM=q
5856391	42	RESP=2
5866522	42	STIM=s
5870726	42	RESP=1
5885494	42	STIM=h
5890555	42	RESP=1
5903369	42	STIM=l
5909212	42	RESP=1
5920034	42	STIM=t
5924750	42	RESP=1
5938255	42	STIM=j
5942446	42	RESP=1
5953646	42	STIM=l
5962736	42	RESP=1
5971969	42	STIM=o
5977608	42	RESP=1
5988551	42	STIM=2
5992625	42	RESP=2
6005335	42	STIM=q
6011489	42	RESP=1
6022917	42	STIM=w
6035479	42	RESP=1
6039565	42	STIM=x
6043584	42	RESP=1
6055225	42	STIM=l
6060252	42	RESP=1
6070995	42	STIM=9
6076691	42	RESP=2
6086645	42	STIM=o
6092794	42	RESP=1
6104997	42	STIM=b
6116503	42	RESP=1
6120530	42	STIM=8
6132974	42	RESP=1
6136853	42	STIM=w
6145384	42	RESP=1
6155516	42	STIM=e
6159900	42	RESP=1
6171060	42	STIM=3
6178026	42	RESP=2
6189659	42	STIM=f
6192848	42	RESP=1
6205715	42	STIM=s
6210964	42	RESP=1
6223973	42	STIM=c
6229423	42	RESP=1
6241886	42	STIM=x
6248566	42	RESP=1
6259245	42	STIM=y
6262775	42	RESP=1
6274881	42	STIM=l
6283515	42	RESP=1
6291935	42	STIM=t
6298577	42	RESP=1
6310648	42	STIM=r
6317202	42	RESP=1
6329352	42	STIM=1
6338820	42	RESP=2
6346828	42	STIM=m
6351339	42	RESP=1
6365212	42	STIM=w
6368171	42	RESP=2
6381911	42	STIM=b
6386039	42	RESP=1
6398564	42	STIM=e
6402721	42	RESP=1
6416466	42	STIM=x
6424710	42	RESP=1
6434759	42	STIM=5
6441147	42	RESP=2
6451649	42	STIM=y
6457563	42	RESP=1
6469034	42	STIM=y
6476078	42	RESP=1
6486839	42	STIM=s
6497602	42	RESP=1
6503622	42	STIM=t
6511830	42	RESP=1
6520674	42	STIM=y
6524878	42	RESP=1
6538835	42	STIM=a
6543784	42	RESP=1
6555480	42	STIM=u
6560308	42	RESP=1
6572698	42	STIM=i
6579162	42	RESP=1
6588297	42	STIM=h
6596524	42	RESP=1
6605421	42	STIM=t
6611071	42	RESP=1
6624045	42	STIM=3
6630929	42	RESP=2
6642805	42	STIM=s
6645799	42	RESP=1
6661181	42	STIM=i
6669289	42	RESP=1
6676814	42	STIM=l
6681450	42	RESP=1
6692199	42	STIM=u
6700156	42	RESP=1
6707259	42	STIM=z
6716128	42	RESP=1
6723795	42	STIM=x
6729115	42	RESP=1
6740806	42	STIM=m
6744901	42	RESP=1
6756440	42	STIM=2
6762952	42	RESP=2
6773164	42	STIM=h
6776796	42	RESP=1
6790862	42	STIM=g
6797220	42	RESP=1
6808495	42	STIM=w
6814776	42	RESP=1
6823904	42	STIM=e
6829336	42	RESP=1
6839452	42	STIM=x
6846012	42	RESP=1
6855685	42	STIM=j
6861768	42	RESP=1
6874661	42	STIM=l
6883901	42	RESP=1
6893212	42	STIM=k
6897377	42	RESP=1
6910647	42	STIM=c
6916676	42	RESP=1
6927573	42	STIM=g
6931167	42	RESP=1
6945509	42	STIM=w
6954982	42	RESP=1
6963009	42	STIM=u
6970659	42	RESP=1
6980207	42	STIM=a
6984898	42	RESP=1
6996536	42	STIM=x
6999761	42	RESP=1
7011817	42	STIM=3
7020115	42	RESP=2
7030370	42	STIM=x
7034701	42	RESP=1
7046967	42	STIM=m
7052721	42	RESP=1
7062838	42	STIM=z
7066295	42	RESP=1
7081460	42	STIM=1
7088311	42	RESP=2
7099050	42	STIM=7
7107818	42	RESP=2
7116718	42	STIM=b
7122140	42	RESP=1
7135163	42	STIM=5
7143609	42	RESP=2
7150810	42	STIM=w
7155422	42	RESP=1
7166973	42	STIM=p
7170299	42	RESP=1
7184297	42	STIM=o
7188186	42	RESP=1
7199486	42	STIM=m
7202073	42	RESP=1
7215928	42	STIM=o
7221000	42	RESP=1
7231456	42	STIM=s
7238494	42	RESP=1
7247817	42	STIM=i
7253388	42	RESP=1
7266767	42	STIM=w
7271889	42	RESP=2
7283990	42	STIM=6
7289152	42	RESP=2
7300224	42	STIM=g
7306125	42	RESP=1
7315314	42	STIM=4
7323497	42	RESP=1
7330677	42	STIM=y
7337510	42	RESP=1
7349121	42	STIM=k
7359724	42	RESP=1
7367266	42	STIM=6
7371580	42	RESP=2
7383738	42	STIM=u
7387546	42	RESP=1
7402061	42	STIM=y
7407959	42	RESP=1
7420330	42	STIM=n
7425925	42	RESP=1
7438594	42	STIM=s
7444688	42	RESP=1
7455423	42	STIM=g
7464105	42	RESP=1
7472599	42	STIM=h
7480377	42	RESP=1
7490280	42	STIM=e
7495001	42	RESP=1
7507846	42	STIM=s
7516229	42	RESP=1
7526647	42	STIM=1
7532463	42	RESP=2
7543374	42	STIM=s
7547785	42	RESP=1
7559430	42	STIM=i
7563866	42	RESP=1
7574627	42	STIM=q
7588961	42	RESP=1
7591034	42	STIM=k
7594611	42	RESP=1
7609731	42	STIM=b
7613790	42	RESP=1
7628309	42	STIM=r
7635205	42	RESP=1
7644583	42	STIM=b
7650551	42	RESP=1
7661915	42	STIM=c
7667391	42	RESP=1
7677470	42	STIM=a
7682385	42	RESP=1
7694379	42	STIM=p
7703230	42	RESP=1
7712027	42	STIM=i
7719583	42	RESP=1
7730733	42	STIM=6
7735580	42	RESP=2
7746155	42	STIM=f
7754699	42	RESP=1
7762379	42	STIM=a
7767761	42	RESP=1
7780802	42	STIM=p
7786838	42	RESP=1
7798208	42	STIM=q
7803228	42	RESP=1
7815469	42	STIM=c
7821544	42	RESP=1
7830759	42	STIM=m
7834345	42	RESP=1
7846163	42	STIM=8
7853855	42	RESP=2
7863322	42	STIM=x
7866232	42	RESP=1
7882087	42	STIM=7
7890816	42	RESP=2
7897470	42	STIM=l
7900829	42	RESP=1
7915663	42	STIM=9
7920772	42	RESP=1
7933138	42	STIM=m
7936600	42	RESP=1
7948976	42	STIM=7
7954887	42	RESP=2
7966994	42	STIM=6
7973125	42	RESP=2
7985174	42	STIM=a
7992523	42	RESP=1
8002090	42	STIM=l
8006750	42	RESP=1
8019813	42	STIM=s
8023304	42	RESP=1
8037347	42	STIM=f
8043093	42	RESP=1
8053477	42	STIM=y
8060586	42	RESP=1
8070322	42	STIM=z
8074672	42	RESP=2
8088857	42	STIM=x
8097247	42	RESP=1
8105507	42	STIM=9
8111534	42	RESP=1
8123970	42	STIM=m
8128467	42	RESP=2
8141371	42	STIM=i
8149911	42	RESP=1
8159512	42	STIM=z
8164277	42	RESP=1
8174793	42	STIM=k
8183936	42	RESP=1
8190894	42	STIM=l
8196200	42	RESP=1
8207379	42	STIM=4
8212573	42	RESP=1
8224923	42	STIM=n
8231614	42	RESP=1
8241554	42	STIM=8
8248317	42	RESP=2
8256978	42	STIM=o
8261413	42	RESP=1
8275762	42	STIM=h
8281512	42	RESP=1
8294161	42	STIM=r
8300068	42	RESP=1
8312782	42	STIM=p
8318672	42	RESP=1
8328819	42	STIM=n
8331361	42	RESP=1
8347534	42	STIM=e
8354427	42	RESP=1
8366454	42	STIM=s
8371954	42	RESP=1
8382825	42	STIM=7
8388021	42	RESP=2
8398547	42	STIM=l
8405718	42	RESP=1
8416049	42	STIM=q
8419154	42	RESP=1
8434000	42	STIM=1
8444162	42	RESP=2
8450437	42	STIM=p
8457918	42	RESP=1
8466238	42	STIM=k
8476577	42	RESP=1
8482843	42	STIM=q
8487096	42	RESP=1
8498875	42	STIM=q
8504326	42	RESP=2
8515822	42	STIM=w
8520015	42	RESP=1
8533489	42	STIM=a
8541983	42	RESP=1
8549277	42	STIM=3
8555472	42	RESP=2
8565808	42	STIM=k
8568981	42	RESP=1
8583467	42	STIM=l
8589754	42	RESP=1
8599493	42	STIM=r
8606302	42	RESP=1
8618444	42	STIM=t
8622532	42	RESP=1
8637418	42	STIM=f
8641158	42	RESP=1
8654934	42	STIM=c
8663134	42	RESP=1
8673863	42	STIM=t
8677325	42	RESP=1
8689977	42	STIM=7
8694879	42	RESP=1
8708525	42	STIM=s
8714614	42	RESP=1
8724405	42	STIM=u
8730319	42	RESP=2
8740546	42	STIM=3
8745215	42	RESP=1
8757071	42	STIM=o
8760306	42	RESP=1
8772852	42	STIM=o
8778301	42	RESP=1
8790411	42	STIM=m
8795001	42	RESP=1
8809025	42	STIM=2
8813310	42	RESP=2
8824230	42	STIM=0
8831110	42	RESP=1
8841218	42	STIM=0
8847983	42	RESP=2
8857712	42	STIM=x
8861650	42	RESP=1
8874237	42	STIM=q
8880383	42	RESP=1
8893036	42	STIM=6
8901497	42	RESP=1
8909747	42	STIM=c
8918792	42	RESP=1
8927503	42	STIM=x
8934505	42	RESP=1
8944468	42	STIM=o
8951734	42	RESP=1
8959599	42	STIM=k
8966075	42	RESP=1
8975588	42	STIM=l
8981605	42	RESP=1
8992228	42	STIM=q
8998660	42	RESP=1
9008582	42	STIM=s
9011977	42	RESP=2
9025411	42	STIM=y
9031828	42	RESP=1
9040989	42	STIM=s
9049897	42	RESP=1
9057018	42	STIM=k
9061262	42	RESP=1
9073464	42	STIM=a
9078282	42	RESP=1
9092072	42	STIM=w
9103050	42	RESP=1
9109508	42	STIM=0
9115242	42	RESP=2
9127124	42	STIM=b
9132871	42	RESP=1
9143079	42	STIM=a
9149282	42	RESP=1
9161791	42	STIM=j
9171814	42	RESP=2
9179750	42	STIM=a
9185442	42	RESP=1
9198565	42	STIM=e
9208396	42	RESP=1
9214151	42	STIM=n
9217803	42	RESP=1
9232467	42	STIM=x
9235923	42	RESP=1
9249923	42	STIM=8
9257435	42	RESP=2
9268410	42	STIM=c
9273708	42	RESP=1
9287089	42	STIM=c
9301550	42	RESP=1
9303781	42	STIM=e
9309012	42	RESP=1
9320985	42	STIM=l
9326531	42	RESP=1
9338423	42	STIM=u
9343046	42	RESP=1
9355995	42	STIM=q
9358791	42	RESP=1
9371865	42	STIM=z
9376846	42	RESP=1
9387481	42	STIM=z
9392377	42	RESP=1
9405703	42	STIM=q
9417281	42	RESP=1
9423326	42	STIM=r
9429983	42	RESP=1
9440713	42	STIM=k
9443918	42	RESP=2
9456065	42	STIM=e
9461774	42	RESP=1
9472640	42	STIM=v
9477770	42	RESP=1
9487661	42	STIM=3
9495885	42	RESP=2
9503785	42	STIM=0
9508956	42	RESP=2
9522306	42	STIM=l
9527439	42	RESP=1
9539781	42	STIM=t
9542675	42	RESP=1
9555819	42	STIM=3
9562004	42	RESP=2
9572389	42	STIM=j
9576956	42	RESP=1
9588482	42	STIM=3
9594130	42	RESP=1
9606052	42	STIM=2
9612167	42	RESP=2
9624751	42	STIM=q
9629310	42	RESP=1
9640904	42	STIM=g
9645214	42	RESP=1
9656915	42	STIM=r
9662225	42	RESP=2
9673344	42	STIM=j
9683493	42	RESP=1
9689468	42	STIM=i
9695161	42	RESP=1
9705537	42	STIM=7
9709434	42	RESP=2
9723932	42	STIM=w
9731198	42	RESP=1
9741007	42	STIM=h
9750903	42	RESP=1
9757351	42	STIM=i
9760880	42	RESP=1
9775525	42	STIM=s
9783529	42	RESP=1
9791290	42	STIM=4
9796883	42	RESP=2
9809160	42	STIM=y
9818727	42	RESP=1
9827921	42	STIM=3
9833639	42	RESP=2
9846564	42	STIM=y
9850572	42	RESP=1
9865454	42	STIM=w
9871505	42	RESP=1
9883978	42	STIM=m
9894868	42	RESP=1
9900992	42	STIM=e
9908920	42	RESP=1
9917780	42	STIM=t
9926249	42	RESP=1
9933776	42	STIM=7
9942676	42	RESP=2
9951507	42	STIM=p
9956818	42	RESP=1
9969527	42	STIM=s
9975972	42	RESP=1
9985006	42	STIM=v
9993642	42	RESP=1
10000103	42	STIM=t
10003601	42	RESP=1
10017477	42	STIM=6
10022444	42	RESP=2
10033555	42	STIM=i
10039498	42	RESP=1
10048568	42	STIM=r
10052721	42	RESP=1
10066884	42	STIM=b
10074140	42	RESP=1
10082980	42	STIM=q
10085554	42	RESP=1
10098573	42	STIM=v
10106362	42	RESP=1
10116724	42	STIM=u
10121718	42	RESP=1
10133503	42	STIM=w
10140972	42	RESP=1
10152486	42	STIM=a
10157432	42	RESP=1
10170647	42	STIM=y
10184245	42	RESP=1
10188347	42	STIM=x
10191416	42	RESP=2
10204424	42	STIM=0
10213463	42	RESP=2
10220587	42	STIM=c
10225344	42	RESP=1
10237254	42	STIM=z
10241889	42	RESP=1
10253409	42	STIM=d
10264106	42	RESP=1
10268891	42	STIM=h
10272367	42	RESP=1
10285901	42	STIM=v
10288630	42	RESP=1
10301629	42	STIM=y
10305449	42	RESP=1
10319583	42	STIM=c
10322081	42	RESP=1
10335994	42	STIM=d
10341810	42	RESP=1
10351701	42	STIM=d
10355387	42	RESP=1
10370300	42	STIM=o
10375620	42	RESP=1
10387348	42	STIM=d
10394794	42	RESP=2
10406345	42	STIM=3
10415749	42	RESP=2
10423218	42	STIM=l
10426939	42	RESP=1
10438420	42	STIM=j
10443442	42	RESP=2
10456763	42	STIM=v
10460927	42	RESP=1
10472149	42	STIM=q
10478328	42	RESP=1
10488131	42	STIM=c
10492238	42	RESP=1
10505622	42	STIM=1
10514781	42	RESP=2
10521527	42	STIM=i
10527770	42	RESP=1
10538194	42	STIM=u
10542116	42	RESP=1
10555128	42	STIM=6
10566965	42	RESP=1
10570560	42	STIM=4
10576051	42	RESP=2
10587110	42	STIM=w
10589993	42	RESP=1
10605946	42	STIM=6
10614878	42	RESP=2
10621206	42	STIM=o
10628521	42	RESP=1
10636837	42	STIM=t
10642549	42	RESP=1
10652986	42	STIM=f
10658201	42	RESP=1
10668907	42	STIM=y
10673955	42	RESP=1
10687018	42	STIM=i
10691575	42	RESP=1
10702342	42	STIM=y
10708038	42	RESP=1
10717777	42	STIM=1
10730529	42	RESP=2
10735266	42	STIM=f
10740516	42	RESP=1
10753892	42	STIM=t
10756913	42	RESP=1
10770627	42	STIM=w
10776638	42	RESP=1
10785874	42	STIM=a
10789936	42	RESP=1
10803662	42	STIM=6
10812823	42	RESP=2
10818929	42	STIM=p
10822780	42	RESP=1
10837750	42	STIM=t
10843237	42	RESP=2
10855317	42	STIM=i
10863361	42	RESP=1
10871820	42	STIM=n
10875401	42	RESP=1
10888312	42	STIM=0
10897667	42	RESP=1
10905620	42	STIM=z
10912619	42	RESP=1
10921583	42	STIM=g
10925255	42	RESP=1
10937004	42	STIM=a
10941674	42	RESP=1
10953190	42	STIM=m
10958065	42	RESP=2
10970194	42	STIM=u
10975512	42	RESP=1
10988689	42	STIM=u
10993113	42	RESP=1
11006303	42	STIM=u
11012275	42	RESP=1
11022704	42	STIM=z
11027561	42	RESP=1
11040582	42	STIM=y
11045134	42	RESP=2
11055589	42	STIM=4
11062430	42	RESP=2
11073678	42	STIM=l
11082097	42	RESP=1
11092067	42	STIM=1
11096214	42	RESP=2
11110883	42	STIM=o
11115864	42	RESP=1
11127375	42	STIM=g
11131780	42	RESP=1
11143327	42	STIM=c
11147729	42	RESP=1
11161647	42	STIM=q
11166990	42	RESP=1
11179713	42	STIM=j
11191746	42	RESP=1
11195286	42	STIM=9
11200272	42	RESP=2
11213723	42	STIM=n
11223275	42	RESP=1
11232708	42	STIM=0
11245232	42	RESP=1
11249136	42	STIM=p
11258139	42	RESP=1
11265264	42	STIM=v
11271078	42	RESP=1
11284024	42	STIM=v
11289480	42	RESP=1
11300326	42	STIM=e
11309220	42	RESP=1
11319264	42	STIM=g
11325704	42	RESP=1
11335762	42	STIM=y
11342184	42	RESP=1
11354171	42	STIM=i
11360445	42	RESP=1
11370652	42	STIM=x
11375355	42	RESP=2
11388670	42	STIM=l
11394364	42	RESP=1
11407346	42	STIM=q
11413988	42	RESP=1
11423327	42	STIM=n
11428428	42	RESP=1
11441106	42	STIM=0
11447959	42	RESP=2
11459009	42	STIM=a
11463975	42	RESP=1
11474224	42	STIM=e
11479215	42	RESP=1
11489277	42	STIM=p
11493743	42	RESP=1
11505092	42	STIM=n
11515073	42	RESP=1
11521870	42	STIM=p
11526763	42	RESP=1
11537623	42	STIM=6
11543100	42	RESP=2
11554262	42	STIM=y
11559687	42	RESP=1
11569927	42	STIM=2
11575854	42	RESP=1
11585595	42	STIM=p
11590987	42	RESP=1
11602211	42	STIM=y
11610018	42	RESP=1
11617657	42	STIM=4
11624321	42	RESP=1
11636426	42	STIM=m
11644281	42	RESP=1
11653600	42	STIM=k
11662491	42	RESP=2
11671941	42	STIM=o
11678402	42	RESP=1
11689728	42	STIM=3
11695720	42	RESP=1
11707137	42	STIM=5
11715862	42	RESP=2
11722192	42	STIM=z
11729508	42	RESP=1
11739611	42	STIM=y
11746043	42	RESP=1
11754883	42	STIM=j
11760583	42	RESP=1
11770177	42	STIM=m
11776752	42	RESP=1
11788899	42	STIM=i
11793533	42	RESP=1
11804907	42	STIM=2
11813001	42	RESP=2
11822394	42	STIM=g
11828118	42	RESP=1
11838394	42	STIM=s
11843475	42	RESP=2
11854714	42	STIM=u
11861322	42	RESP=1
11872302	42	STIM=c
11877080	42	RESP=1
11888729	42	STIM=0
11892696	42	RESP=2
11907475	42	STIM=b
11911386	42	RESP=1
11925780	42	STIM=e
11930168	42	RESP=1
11941530	42	STIM=6
11949241	42	RESP=2
11958056	42	STIM=w
11966717	42	RESP=1
11976022	42	STIM=b
11988010	42	RESP=1
11994179	42	STIM=z
11999056	42	RESP=1
12011582	42	STIM=5
12018746	42	RESP=2
12030109	42	STIM=v
12034129	42	RESP=1
12046643	42	STIM=a
12051150	42	RESP=1
12061724	42	STIM=8
12071913	42	RESP=2
12077931	42	STIM=o
12084519	42	RESP=1
12096209	42	STIM=h
12102194	42	RESP=1
12111633	42	STIM=m
12117899	42	RESP=1
12128401	42	STIM=e
12132219	42	RESP=1
12143916	42	STIM=l
12150818	42	RESP=1
12161160	42	STIM=r
12165523	42	RESP=2
12177657	42	STIM=j
12183050	42	RESP=1
12193563	42	STIM=r
12200432	42	RESP=1
12210612	42	STIM=h
12218161	42	RESP=1
12226613	42	STIM=s
12231303	42	RESP=1
12243093	42	STIM=2
12249514	42	RESP=2
12260524	42	STIM=w
12263478	42	RESP=1
12278252	42	STIM=m
12285336	42	RESP=1
12293303	42	STIM=n
12296591	42	RESP=1
12308390	42	STIM=l
12311853	42	RESP=1
12325368	42	STIM=w
12333135	42	RESP=1
12342652	42	STIM=p
12351754	42	RESP=1
12361511	42	STIM=h
12365112	42	RESP=1
12378103	42	STIM=l
12382209	42	RESP=1
12394550	42	STIM=b
12399453	42	RESP=1
12413524	42	STIM=z
12416924	42	RESP=1
12430811	42	STIM=6
12437225	42	RESP=2
12446633	42	STIM=6
12452330	42	RESP=1
12463447	42	STIM=g
12472271	42	RESP=1
12482207	42	STIM=t
12486918	42	RESP=1
12499001	42	STIM=4
12505061	42	RESP=2
12514385	42	STIM=9
12519871	42	RESP=2
12533247	42	STIM=q
12539278	42	RESP=1
12548981	42	STIM=b
12552083	42	RESP=2
12567360	42	STIM=u
12570244	42	RESP=1
12583161	42	STIM=c
12589385	42	RESP=2
12598942	42	STIM=g
12604489	42	RESP=1
12616791	42	STIM=c
12621207	42	RESP=1
12632147	42	STIM=j
12636492	42	RESP=1
12648832	42	STIM=a
12653339	42	RESP=1
12665269	42	STIM=g
12670191	42	RESP=1
12682860	42	STIM=z
12692517	42	RESP=1
12700368	42	STIM=r
12705226	42	RESP=1
12718882	42	STIM=w
12726621	42	RESP=1
12734609	42	STIM=n
12741683	42	RESP=2
12750195	42	STIM=g
12757294	42	RESP=1
12765682	42	STIM=w
12770386	42	RESP=1
12782632	42	STIM=d
12788806	42	RESP=1
12798264	42	STIM=5
12806367	42	RESP=2
12813406	42	STIM=p
12817551	42	RESP=1
12828501	42	STIM=u
12832606	42	RESP=1
12843686	42	STIM=y
12849847	42	RESP=1
12860417	42	STIM=6
12864722	42	RESP=2
12878752	42	STIM=i
12883409	42	RESP=1
12896123	42	STIM=l
12905962	42	RESP=1
12914241	42	STIM=m
12919388	42	RESP=1
12932356	42	STIM=h
12941083	42	RESP=2
12948496	42	STIM=s
12953945	42	RESP=1
12966177	42	STIM=s
12970663	42	RESP=1
12983255	42	STIM=y
12989948	42	RESP=1
12998638	42	STIM=p
13008323	42	RESP=1
13017389	42	STIM=z
13023874	42	RESP=1
13035842	42	STIM=l
13039574	42	RESP=1
13051741	42	STIM=0
13062281	42	RESP=2
13067564	42	STIM=o
13074654	42	RESP=1
13085785	42	STIM=l
13092423	42	RESP=1
13102345	42	STIM=s
13109474	42	RESP=2
13118353	42	STIM=z
13121809	42	RESP=1
13133447	42	STIM=x
13137081	42	RESP=2
13151888	42	STIM=e
13156222	42	RESP=1
13167912	42	STIM=b
13172494	42	RESP=1
13186311	42	STIM=u
13192865	42	RESP=1
13204630	42	STIM=5
13209732	42	RESP=2
13220551	42	STIM=r
13227940	42	RESP=1
13235911	42	STIM=v
13242235	42	RESP=1
13253067	42	STIM=h
13257918	42	RESP=1
13270763	42	STIM=7
13279999	42	RESP=2
13289585	42	STIM=c
13294298	42	RESP=1
13306263	42	STIM=k
13314118	42	RESP=1
13324473	42	STIM=u
13329877	42	RESP=1
13341844	42	STIM=a
13345996	42	RESP=1
13357872	42	STIM=7
13362899	42	RESP=1
13374901	42	STIM=r
13378912	42	RESP=1
13393238	42	STIM=v
13400180	42	RESP=1
13408519	42	STIM=d
13413867	42	RESP=1
13426959	42	STIM=h
13429914	42	RESP=1
13443343	42	STIM=8
13447094	42	RESP=2
13461219	42	STIM=6
13465734	42	RESP=2
13478828	42	STIM=i
13482947	42	RESP=2
13497193	42	STIM=k
13502603	42	RESP=1
13513427	42	STIM=z
13521390	42	RESP=1
13528804	42	STIM=8
13534977	42	RESP=2
13544985	42	STIM=9
13551039	42	RESP=2
13560657	42	STIM=f
13565439	42	RESP=1
13578616	42	STIM=4
13584276	42	RESP=2
13596634	42	STIM=z
13600002	42	RESP=1
13615004	42	STIM=w
13619785	42	RESP=1
13633436	42	STIM=7
13641762	42	RESP=2
13651555	42	STIM=f
13657351	42	RESP=1
13667394	42	STIM=n
13672647	42	RESP=1
13683238	42	STIM=f
13690621	42	RESP=1
13700448	42	STIM=h
13711179	42	RESP=1
13718234	42	STIM=6
13723285	42	RESP=2
13735001	42	STIM=d
13740703	42	RESP=1
13750557	42	STIM=w
13758856	42	RESP=1
13767185	42	STIM=q
13774084	42	RESP=1
13783244	42	STIM=l
13787187	42	RESP=1
13798866	42	STIM=i
13801204	42	RESP=2
13815533	42	STIM=i
13826701	42	RESP=1
13831406	42	STIM=n
13835615	42	RESP=1
13846554	42	STIM=p
13851752	42	RESP=1
13864435	42	STIM=h
13868301	42	RESP=1
13881613	42	STIM=2
13889252	42	RESP=2
13898462	42	STIM=u
13903241	42	RESP=1
13913710	42	STIM=2
13921429	42	RESP=2
13930069	42	STIM=g
13937693	42	RESP=1
13945889	42	STIM=x
13950896	42	RESP=1
13961829	42	STIM=p
13969290	42	RESP=1
13978332	42	STIM=i
13982922	42	RESP=1
13993677	42	STIM=m
13999651	42	RESP=2
14010341	42	STIM=9
14015083	42	RESP=2
14029242	42	STIM=r
14032204	42	RESP=1
14045699	42	STIM=b
14051254	42	RESP=1
14063531	42	STIM=u
14070758	42	RESP=1
14081768	42	STIM=v
14088285	42	RESP=1
14097468	42	STIM=i
14104942	42	RESP=1
14112541	42	STIM=q
14117310	42	RESP=1
14129791	42	STIM=4
14134053	42	RESP=2
14144957	42	STIM=v
14148328	42	RESP=1
14160604	42	STIM=k
14168642	42	RESP=1
14177031	42	STIM=d
14181447	42	RESP=1
14193281	42	STIM=t
14196006	42	RESP=1
14212057	42	STIM=f
14217164	42	RESP=1
14228664	42	STIM=v
14237227	42	RESP=1
14246733	42	STIM=1
14251963	42	RESP=2
14263906	42	STIM=2
14269627	42	RESP=2
14280303	42	STIM=r
14285176	42	RESP=1
14297461	42	STIM=t
14301989	42	RESP=1
14313186	42	STIM=r
14316976	42	RESP=1
14332177	42	STIM=i
14339988	42	RESP=1
14350016	42	STIM=9
14356038	42	RESP=2
14366653	42	STIM=8
14373079	42	RESP=1
14383682	42	STIM=c
14387254	42	RESP=1
14399232	42	STIM=h
14402279	42	RESP=1
14414933	42	STIM=3
14422876	42	RESP=2
14430732	42	STIM=k
14437979	42	RESP=1
14445752	42	STIM=b
14452680	42	RESP=1
14464287	42	STIM=n
14471119	42	RESP=1
14480286	42	STIM=e
14484741	42	RESP=1
14496965	42	STIM=w
14503474	42	RESP=1
14512211	42	STIM=l
14523397	42	RESP=1
14528020	42	STIM=4
14534979	42	RESP=2
14543860	42	STIM=m
14548312	42	RESP=1
14560173	42	STIM=f
14563155	42	RESP=1
14575741	42	STIM=2
14585510	42	RESP=2
14591414	42	STIM=r
14595200	42	RESP=2
14606422	42	STIM=w
14611336	42	RESP=1
14621441	42	STIM=v
14627147	42	RESP=1
14640179	42	STIM=b
14645475	42	RESP=1
14657502	42	STIM=x
14662251	42	RESP=1
14674149	42	STIM=z
14681200	42	RESP=1
14691297	42	STIM=7
14701398	42	RESP=2
14707118	42	STIM=z
14712022	42	RESP=1
14722620	42	STIM=0
14726796	42	RESP=2
14738827	42	STIM=s
14745456	42	RESP=1
14755470	42	STIM=2
14764364	42	RESP=2
14771714	42	STIM=2
14777753	42	RESP=2
14787872	42	STIM=y
14793979	42	RESP=1
14803548	42	STIM=n
14806992	42	RESP=1
14820519	42	STIM=s
14826546	42	RESP=1
14836333	42	STIM=m
14839934	42	RESP=1
14851992	42	STIM=i
14857810	42	RESP=1
14869801	42	STIM=p
14874061	42	RESP=1
14887153	42	STIM=n
14892822	42	RESP=1
14906142	42	STIM=5
14911894	42	RESP=2
14923929	42	STIM=7
14929259	42	RESP=2
14940604	42	STIM=p
14947087	42	RESP=1
14959336	42	STIM=z
14965391	42	RESP=1
14978328	42	STIM=4
14984445	42	RESP=2
14995262	42	STIM=k
15004802	42	RESP=1
15014021	42	STIM=n
15021883	42	RESP=1
15030527	42	STIM=i
15037177	42	RESP=1
15048371	42	STIM=a
15054663	42	RESP=1
15065421	42	STIM=h
15068494	42	RESP=1
15083096	42	STIM=2
15090292	42	RESP=2
15099112	42	STIM=b
15106719	42	RESP=1
15117031	42	STIM=i
15121869	42	RESP=1
15134997	42	STIM=x
15141064	42	RESP=1
15150441	42	STIM=v
15157203	42	RESP=1
15167987	42	STIM=l
15173841	42	RESP=1
15186108	42	STIM=y
15189524	42	RESP=1
15201782	42	STIM=e
15208057	42	RESP=1
15220013	42	STIM=w
15227020	42	RESP=1
15235251	42	STIM=a
15243008	42	RESP=1
15253905	42	STIM=6
15262210	42	RESP=2
15272045	42	STIM=r
15279889	42	RESP=1
15289418	42	STIM=4
15294263	42	RESP=2
15307506	42	STIM=u
15310898	42	RESP=1
15324690	42	STIM=f
15329392	42	RESP=2
15341349	42	STIM=j
15344798	42	RESP=1
15357165	42	STIM=5
15364494	42	RESP=1
15375345	42	STIM=j
15381498	42	RESP=1
15394257	42	STIM=u
15399340	42	RESP=1
15412453	42	STIM=h
15417134	42	RESP=1
15429493	42	STIM=p
15441740	42	RESP=1
15448448	42	STIM=h
15454554	42	RESP=1
15465560	42	STIM=n
15469551	42	RESP=1
15483266	42	STIM=t
15488036	42	RESP=1
15500148	42	STIM=t
15509011	42	RESP=1
15515275	42	STIM=p
15521766	42	RESP=1
15530905	42	STIM=m
15536144	42	RESP=1
15547900	42	STIM=e
15551281	42	RESP=1
15566672	42	STIM=p
15572346	42	RESP=1
15584959	42	STIM=y
15591529	42	RESP=1
15601104	42	STIM=r
15612696	42	RESP=1
15619601	42	STIM=6
15623745	42	RESP=2
15635777	42	STIM=w
15640959	42	RESP=1
15652475	42	STIM=4
15656983	42	RESP=2
15669041	42	STIM=1
15677350	42	RESP=2
15687023	42	STIM=n
15694992	42	RESP=1
15703828	42	STIM=m
15709418	42	RESP=1
15722634	42	STIM=4
15730881	42	RESP=1
15740873	42	STIM=v
15744401	42	RESP=1
15757313	42	STIM=x
15763797	42	RESP=1
15775866	42	STIM=m
15783393	42	RESP=1
15791055	42	STIM=0
15795063	42	RESP=2
15806650	42	STIM=0
15815328	42	RESP=2
15822894	42	STIM=l
15834240	42	RESP=1
15838824	42	STIM=c
15841900	42	RESP=1
15855567	42	STIM=o
15859523	42	RESP=1
15871359	42	STIM=y
15879374	42	RESP=1
15887422	42	STIM=d
15893776	42	RESP=1
15903139	42	STIM=c
15907779	42	RESP=1
15920744	42	STIM=s
15931597	42	RESP=1
15938414	42	STIM=u
15945478	42	RESP=1
15956975	42	STIM=z
15963652	42	RESP=1
15972957	42	STIM=g
15979489	42	RESP=1
15988255	42	STIM=c
15996470	42	RESP=1
16006047	42	STIM=n
16013072	42	RESP=1
16022206	42	STIM=3
16026833	42	RESP=2
16038029	42	STIM=u
16041880	42	RESP=1
16053918	42	STIM=2
16060958	42	RESP=2
16070004	42	STIM=r
16074404	42	RESP=1
16086521	42	STIM=6
16092183	42	RESP=2
16105205	42	STIM=z
16110744	42	RESP=1
16121180	42	STIM=p
16128254	42	RESP=1
16136716	42	STIM=f
16144022	42	RESP=1
16153602	42	STIM=3
16158307	42	RESP=2
16169199	42	STIM=q
16174493	42	RESP=1
16185732	42	STIM=c
16191593	42	RESP=1
16204581	42	STIM=x
16210944	42	RESP=2
16219934	42	STIM=5
16229998	42	RESP=2
16237168	42	STIM=x
16243964	42	RESP=1
16255065	42	STIM=h
16260396	42	RESP=1
16271355	42	STIM=6
16278751	42	RESP=2
16287276	42	STIM=m
16290432	42	RESP=1
16305849	42	STIM=y
16312711	42	RESP=1
16321476	42	STIM=m
16332411	42	RESP=1
16340116	42	STIM=q
16346079	42	RESP=1
16357650	42	STIM=y
16363365	42	RESP=1
16373031	42	STIM=b
16377381	42	RESP=1
16391764	42	STIM=i
16397600	42	RESP=1
16410145	42	STIM=q
16415743	42	RESP=1
16427919	42	STIM=a
16433319	42	RESP=1
16445745	42	STIM=x
16452538	42	RESP=1
16462856	42	STIM=u
16468527	42	RESP=1
16480986	42	STIM=9
16487229	42	RESP=2
16499419	42	STIM=9
16505606	42	RESP=1
16516644	42	STIM=j
16523472	42	RESP=1
16533588	42	STIM=a
16537655	42	RESP=1
16548901	42	STIM=i
16553866	42	RESP=1
16567064	42	STIM=d
16575373	42	RESP=1
16584811	42	STIM=s
16589011	42	RESP=1
16600743	42	STIM=e
16605792	42	RESP=1
16616888	42	STIM=s
16622212	42	RESP=1
16634088	42	STIM=a
16640591	42	RESP=1
16652164	42	STIM=b
16658761	42	RESP=1
16668325	42	STIM=z
16674122	42	RESP=1
16684067	42	STIM=b
16690556	42	RESP=1
16702766	42	STIM=g
16709814	42	RESP=1
16721330	42	STIM=t
16729196	42	RESP=1
16738316	42	STIM=m
16743104	42	RESP=1
16754143	42	STIM=x
16757968	42	RESP=2
16772942	42	STIM=r
16779064	42	RESP=1
16789294	42	STIM=2
16794430	42	RESP=2
16804766	42	STIM=g
16814185	42	RESP=1
16822823	42	STIM=x
16827832	42	RESP=2
16840293	42	STIM=k
16844480	42	RESP=1
16855760	42	STIM=y
16859854	42	RESP=1
16873563	42	STIM=q
16883340	42	RESP=1
16890897	42	STIM=p
16894783	42	RESP=1
16907321	42	STIM=a
16912172	42	RESP=2
16923247	42	STIM=f
16931558	42	RESP=1
16940985	42	STIM=u
16947021	42	RESP=1
16957437	42	STIM=a
16969374	42	RESP=1
16975429	42	STIM=i
16979318	42	RESP=2
16994066	42	STIM=a
17001258	42	RESP=1
17011807	42	STIM=5
17017811	42	RESP=2
17027710	42	STIM=5
17037168	42	RESP=2
17046222	42	STIM=p
17052791	42	RESP=1
17063888	42	STIM=8
17068393	42	RESP=2
17081166	42	STIM=r
17088704	42	RESP=1
17100069	42	STIM=d
17106530	42	RESP=1
17115733	42	STIM=i
17125309	42	RESP=2
17134400	42	STIM=7
17143518	42	RESP=2
17151209	42	STIM=f
17160837	42	RESP=1
17167406	42	STIM=f
17172045	42	RESP=1
17184073	42	STIM=o
17189347	42	RESP=1
17202732	42	STIM=z
17207741	42	RESP=1
17220377	42	STIM=q
17226289	42	RESP=1
17237619	42	STIM=b
17244794	42	RESP=1
17252820	42	STIM=l
17256322	42	RESP=2
17270214	42	STIM=p
17275445	42	RESP=1
17286790	42	STIM=u
17290366	42	RESP=1
17301957	42	STIM=v
17308498	42	RESP=1
17319812	42	STIM=g
17325189	42	RESP=1
17335024	42	STIM=v
17341220	42	RESP=1
17353981	42	STIM=7
17360617	42	RESP=2
17370866	42	STIM=f
17375074	42	RESP=1
17385896	42	STIM=m
17393644	42	RESP=1
17403544	42	STIM=a
17411282	42	RESP=1
17421006	42	STIM=4
17427496	42	RESP=2
17438238	42	STIM=e
17443635	42	RESP=1
17457060	42	STIM=8
17464740	42	RESP=1
17475632	42	STIM=t
17481269	42	RESP=1
17492864	42	STIM=f
17500010	42	RESP=1
17510721	42	STIM=y
17517240	42	RESP=2
17527736	42	STIM=x
17533533	42	RESP=1
17544911	42	STIM=s
17550569	42	RESP=1
17562381	42	STIM=c
17567250	42	RESP=1
17577994	42	STIM=2
17583133	42	RESP=2
17596987	42	STIM=j
17603242	42	RESP=1
17614064	42	STIM=n
17616900	42	RESP=1
17631714	42	STIM=g
17636944	42	RESP=1
17650627	42	STIM=t
17655714	42	RESP=1
17667167	42	STIM=c
17671295	42	RESP=2
17682486	42	STIM=k
17687374	42	RESP=1
17699031	42	STIM=6
17710127	42	RESP=2
17714378	42	STIM=z
17720859	42	RESP=1
17730981	42	STIM=f
17737126	42	RESP=1
17746371	42	STIM=q
17755531	42	RESP=1
17763253	42	STIM=1
17773483	42	RESP=2
17779823	42	STIM=j
17782983	42	RESP=1
17795858	42	STIM=3
17803075	42	RESP=2
17812753	42	STIM=s
17819085	42	RESP=1
17829713	42	STIM=i
17834673	42	RESP=1
17845460	42	STIM=w
17853555	42	RESP=1
17861571	42	STIM=6
17867264	42	RESP=2
17878393	42	STIM=e
17881632	42	RESP=1
17894804	42	STIM=c
17900529	42	RESP=1
17909942	42	STIM=h
17913440	42	RESP=1
17926457	42	STIM=3
17931306	42	RESP=2
17945313	42	STIM=5
17949639	42	RESP=2
17963814	42	STIM=j
17970616	42	RESP=1
17981130	42	STIM=z
17983783	42	RESP=1
17998540	42	STIM=l
18004978	42	RESP=1
18014082	42	STIM=7
18019340	42	RESP=1
18031759	42	STIM=0
18036065	42	RESP=2
18050692	42	STIM=g
18056339	42	RESP=1
18066636	42	STIM=l
18070248	42	RESP=1
18081752	42	STIM=y
18088968	42	RESP=1
18099917	42	STIM=2
18107210	42	RESP=2
18115369	42	STIM=e
18123286	42	RESP=1
18133378	42	STIM=6
18141750	42	RESP=2
18149073	42	STIM=o
18154230	42	RESP=1
18167019	42	STIM=h
18171293	42	RESP=1
18184503	42	STIM=y
18192386	42	RESP=2
18200352	42	STIM=m
18203347	42	RESP=1
18218678	42	STIM=k
18225830	42	RESP=1
18236968	42	STIM=x
18243516	42	RESP=1
18252404	42	STIM=w
18258321	42	RESP=1
18269248	42	STIM=y
18276455	42	RESP=1
18288132	42	STIM=v
18291570	42	RESP=1
18303670	42	STIM=s
18313012	42	RESP=1
18321830	42	STIM=t
18329823	42	RESP=1
18337047	42	STIM=x
18342206	42	RESP=1
18353093	42	STIM=r
18359908	42	RESP=1
18369910	42	STIM=k
18375889	42	RESP=1
18386429	42	STIM=5
18393031	42	RESP=2
18403796	42	STIM=8
18409794	42	RESP=2
18420242	42	STIM=t
18428061	42	RESP=1
18437421	42	STIM=j
18441566	42	RESP=1
18454317	42	STIM=m
18461176	42	RESP=1
18473068	42	STIM=d
18476997	42	RESP=1
18490319	42	STIM=7
18500488	42	RESP=1
18508286	42	STIM=k
18517181	42	RESP=1
18523834	42	STIM=1
18534958	42	RESP=2
18541958	42	STIM=j
18547780	42	RESP=1
18560231	42	STIM=9
18568534	42	RESP=2
18578603	42	STIM=5
18587901	42	RESP=2
18595012	42	STIM=6
18603342	42	RESP=2
18612297	42	STIM=i
18617108	42	RESP=1
18631192	42	STIM=f
18634954	42	RESP=1
18646748	42	STIM=r
18651743	42	RESP=1
18665365	42	STIM=k
18671293	42	RESP=1
18683290	42	STIM=6
18693134	42	RESP=2
18701873	42	STIM=w
18709879	42	RESP=1
18719850	42	STIM=r
18725266	42	RESP=1
18736351	42	STIM=h
18741971	42	RESP=1
18753986	42	STIM=5
18760439	42	RESP=2
18770813	42	STIM=2
18776648	42	RESP=1
18788649	42	STIM=d
18799920	42	RESP=1
18804296	42	STIM=7
18809928	42	RESP=2
18821288	42	STIM=k
18833368	42	RESP=1
18838330	42	STIM=e
18843922	42	RESP=1
18856434	42	STIM=e
18860961	42	RESP=1
18872782	42	STIM=3
18878729	42	RESP=2
18890585	42	STIM=3
18896320	42	RESP=2
18909513	42	STIM=h
18913979	42	RESP=1
18927264	42	STIM=o
18930373	42	RESP=1
18945461	42	STIM=t
18950240	42	RESP=1
18964019	42	STIM=s
18969626	42	RESP=1
18982321	42	STIM=p
18986260	42	RESP=1
19000034	42	STIM=h
19004392	42	RESP=1
19016982	42	STIM=o
19023851	42	RESP=1
19032103	42	STIM=e
19039994	42	RESP=1
19047454	42	STIM=z
19057518	42	RESP=1
19063388	42	STIM=w
19070881	42	RESP=1
19080273	42	STIM=p
19085901	42	RESP=1
19096855	42	STIM=f
19102003	42	RESP=1
19115516	42	STIM=x
19118654	42	RESP=1
19133287	42	STIM=g
19138131	42	RESP=1
19150785	42	STIM=t
19155278	42	RESP=1
19168643	42	STIM=h
19174624	42	RESP=1
19184911	42	STIM=t
19190885	42	RESP=1
19201118	42	STIM=a
19211361	42	RESP=1
19216876	42	STIM=m
19221860	42	RESP=1
19232913	42	STIM=z
19239115	42	RESP=1
19249964	42	STIM=q
19254540	42	RESP=1
19268366	42	STIM=p
19271998	42	RESP=1
19286338	42	STIM=o
19289415	42	RESP=1
19301859	42	STIM=2
19308993	42	RESP=2
19319558	42	STIM=b
19326996	42	RESP=1
19334654	42	STIM=q
19338604	42	RESP=2
19349936	42	STIM=w
19354556	42	RESP=1
19367197	42	STIM=u
19371080	42	RESP=1
19383371	42	STIM=1
19391560	42	RESP=2
19401688	42	STIM=w
19405225	42	RESP=1
19418407	42	STIM=y
19426483	42	RESP=1
19436749	42	STIM=w
19439940	42	RESP=1
19454371	42	STIM=k
19460232	42	RESP=1
19470482	42	STIM=a
19478288	42	RESP=1
19487741	42	STIM=q
19491170	42	RESP=1
19505097	42	STIM=7
19513649	42	RESP=2
19520761	42	STIM=x
19524220	42	RESP=1
19537295	42	STIM=j
19543629	42	RESP=1
19554032	42	STIM=e
19561678	42	RESP=1
19572750	42	STIM=x
19576414	42	RESP=1
19589790	42	STIM=3
19598089	42	RESP=2
19607077	42	STIM=n
19614977	42	RESP=1
19623709	42	STIM=w
19628004	42	RESP=1
19639651	42	STIM=i
19644594	42	RESP=1
19654681	42	STIM=g
19661042	42	RESP=1
19670794	42	STIM=d
19674425	42	RESP=1
19686543	42	STIM=e
19692567	42	RESP=1
19702072	42	STIM=w
19706330	42	RESP=1
19717822	42	STIM=s
19726415	42	RESP=1
19734373	42	STIM=j
19743179	42	RESP=1
19753147	42	STIM=3
19759224	42	RESP=2
19770088	42	STIM=l
19774337	42	RESP=1
19786899	42	STIM=f
19789482	42	RESP=1
19803913	42	STIM=q
19808237	42	RESP=1
19821401	42	STIM=k
19829738	42	RESP=1
19838744	42	STIM=v
19844105	42	RESP=1
19855977	42	STIM=r
19859884	42	RESP=1
19872363	42	STIM=s
19876341	42	RESP=1
19889192	42	STIM=6
19895486	42	RESP=2
19906038	42	STIM=v
19911765	42	RESP=1
19924372	42	STIM=5
19929829	42	RESP=2
19943164	42	STIM=y
19950576	42	RESP=1
19959269	42	STIM=i
19964787	42	RESP=1
19976737	42	STIM=4
19981284	42	RESP=2
19994847	42	STIM=w
19998733	42	RESP=1
20013578	42	STIM=n
20018410	42	RESP=1
20031594	42	STIM=l
20035151	42	RESP=2
20048016	42	STIM=d
20052253	42	RESP=2
20064702	42	STIM=m
20069267	42	RESP=1
20080624	42	STIM=y
20085026	42	RESP=1
20099455	42	STIM=6
20103355	42	RESP=1
20116016	42	STIM=0
20120672	42	RESP=2
20133185	42	STIM=e
20136377	42	RESP=1
20150077	42	STIM=b
20156571	42	RESP=1
20168113	42	STIM=8
20174523	42	RESP=2
20183186	42	STIM=6
20193523	42	RESP=1
20199049	42	STIM=q
20206760	42	RESP=1
20217480	42	STIM=c
20225570	42	RESP=1
20235199	42	STIM=g
20245860	42	RESP=1
20253736	42	STIM=a
20260339	42	RESP=1
20269621	42	STIM=j
20278994	42	RESP=1
20285023	42	STIM=u
20294545	42	RESP=1
20303581	42	STIM=j
20308376	42	RESP=1
20321339	42	STIM=f
20326141	42	RESP=1
20336563	42	STIM=u
20341276	42	RESP=1
20352904	42	STIM=e
20358084	42	RESP=1
20369132	42	STIM=s
20372652	42	RESP=1
20386928	42	STIM=j
20396198	42	RESP=1
20405792	42	STIM=n
20409744	42	RESP=1
20423199	42	STIM=7
20428789	42	RESP=2
20440281	42	STIM=t
20443989	42	RESP=1
20458333	42	STIM=y
20462704	42	RESP=1
20476173	42	STIM=d
20482784	42	RESP=1
20491928	42	STIM=9
20496402	42	RESP=2
20507901	42	STIM=n
20511651	42	RESP=1
20526736	42	STIM=6
20533225	42	RESP=2
20543412	42	STIM=c
20548727	42	RESP=1
20560268	42	STIM=7
20567661	42	RESP=2
20575528	42	STIM=m
20579502	42	RESP=1
20592834	42	STIM=u
20598121	42	RESP=1
20611581	42	STIM=v
20626158	42	RESP=1
20627000	42	STIM=7
20632758	42	RESP=2
20642395	42	STIM=j
20647178	42	RESP=1
20658212	42	STIM=l
20664164	42	RESP=1
20676326	42	STIM=7
20682700	42	RESP=2
20693832	42	STIM=r
20705878	42	RESP=1
20710187	42	STIM=l
20715751	42	RESP=1
20728508	42	STIM=h
20735236	42	RESP=1
20744487	42	STIM=5
20750786	42	RESP=2
20762453	42	STIM=l
20767755	42	RESP=1
20779068	42	STIM=n
20784513	42	RESP=1
20796426	42	STIM=s
20806320	42	RESP=1
20813187	42	STIM=q
20817490	42	RESP=1
20828188	42	STIM=y
20841738	42	RESP=1
20844886	42	STIM=k
20847917	42	RESP=1
20863783	42	STIM=c
20867988	42	RESP=1
20880741	42	STIM=7
20886384	42	RESP=2
20897620	42	STIM=e
20903496	42	RESP=1
20915655	42	STIM=4
20921422	42	RESP=2
20934577	42	STIM=8
20945691	42	RESP=2
20950846	42	STIM=c
20953759	42	RESP=1
20967211	42	STIM=6
20972773	42	RESP=1
20982394	42	STIM=n
20986143	42	RESP=1
21000806	42	STIM=5
21007717	42	RESP=2
21018227	42	STIM=x
21024847	42	RESP=1
21036785	42	STIM=i
21042629	42	RESP=1
21053896	42	STIM=j
21057277	42	RESP=1
21070343	42	STIM=s
21075259	42	RESP=1
21085884	42	STIM=l
21093618	42	RESP=1
21103856	42	STIM=j
21111975	42	RESP=1
21119221	42	STIM=y
21126237	42	RESP=1
21137771	42	STIM=s
21140694	42	RESP=1
21156314	42	STIM=r
21161779	42	RESP=1
21174434	42	STIM=e
21187116	42	RESP=1
21192544	42	STIM=c
21198358	42	RESP=1
21208177	42	STIM=3
21218726	42	RESP=2
21226349	42	STIM=p
21232036	42	RESP=1
21241755	42	STIM=d
21244518	42	RESP=1
21259039	42	STIM=d
21265937	42	RESP=1
21275169	42	STIM=e
21279549	42	RESP=1
21294088	42	STIM=y
21299858	42	RESP=1
21312331	42	STIM=j
21315118	42	RESP=1
21331009	42	STIM=n
21341877	42	RESP=1
21347662	42	STIM=n
21352624	42	RESP=1
21364459	42	STIM=x
21371140	42	RESP=1
21380113	42	STIM=l
21383910	42	RESP=1
21395502	42	STIM=o
21401392	42	RESP=1
21410784	42	STIM=i
21415198	42	RESP=1
21426386	42	STIM=1
21430439	42	RESP=2
21441960	42	STIM=0
21447761	42	RESP=2
21457414	42	STIM=l
21460835	42	RESP=1
21474647	42	STIM=r
21479575	42	RESP=1
21490485	42	STIM=f
21499722	42	RESP=2
21509352	42	STIM=k
21515943	42	RESP=1
21526208	42	STIM=v
21531557	42	RESP=1
21544280	42	STIM=o
21550346	42	RESP=1
21562044	42	STIM=a
21568880	42	RESP=1
21579350	42	STIM=d
21582773	42	RESP=1
21597126	42	STIM=5
21605501	42	RESP=1
21614752	42	STIM=i
21623345	42	RESP=1
21630146	42	STIM=m
21646478	42	RESP=1
21647570	42	STIM=p
21654149	42	RESP=1
21665553	42	STIM=6
21671739	42	RESP=2
21682041	42	STIM=h
21686300	42	RESP=1
21697304	42	STIM=n
21702176	42	RESP=1
21713708	42	STIM=6
21718882	42	RESP=2
21731857	42	STIM=n
21736843	42	RESP=1
21747181	42	STIM=p
21751263	42	RESP=1
21764515	42	STIM=y
21769423	42	RESP=1
21782550	42	STIM=x
21789889	42	RESP=1
