# Original filename: 0043_WOY_2016-12-25.log
# Time unit: 100 us
# RARECAT=digit
#
# Time	HHGG	Event
37238	42	STIM=g
45557	42	RESP=1
52867	42	STIM=8
56671	42	RESP=2
71214	42	STIM=k
74526	42	RESP=2
88353	42	STIM=5
97047	42	RESP=2
105012	42	STIM=n
114364	42	RESP=1
120639	42	STIM=n
124639	42	RESP=1
138818	42	STIM=s
143985	42	RESP=1
157722	42	STIM=i
163226	42	RESP=1
173126	42	STIM=s
177198	42	RESP=1
188517	42	STIM=o
191959	42	RESP=1
204918	42	STIM=k
208936	42	RESP=1
220154	42	STIM=c
224084	42	RESP=1
236696	42	STIM=w
242565	42	RESP=1
253607	42	STIM=t
256231	42	RESP=2
269906	42	STIM=q
274752	42	RESP=1
287881	42	STIM=d
292760	42	RESP=1
303103	42	STIM=t
307518	42	RESP=1
321432	42	STIM=3
328087	42	RESP=2
336703	42	STIM=m
341484	42	RESP=1
353370	42	STIM=2
358301	42	RESP=2
370035	42	STIM=0
375251	42	RESP=2
387431	42	STIM=4
391607	42	RESP=2
406387	42	STIM=z
409855	42	RESP=1
425358	42	STIM=c
430858	42	RESP=1
443713	42	STIM=l
448051	42	RESP=1
459298	42	STIM=l
466824	42	RESP=1
478022	42	STIM=0
483430	42	RESP=2
494469	42	STIM=n
498741	42	RESP=1
513009	42	STIM=a
517386	42	RESP=1
531533	42	STIM=o
536341	42	RESP=1
548031	42	STIM=n
553765	42	RESP=1
564483	42	STIM=p
571401	42	RESP=1
583053	42	STIM=j
588007	42	RESP=1
601741	42	STIM=4
606922	42	RESP=2
618045	42	STIM=o
626012	42	RESP=1
636329	42	STIM=u
643894	42	RESP=1
652872	42	STIM=p
656127	42	RESP=1
671164	42	STIM=x
674919	42	RESP=1
688302	42	STIM=3
696010	42	RESP=2
704732	42	STIM=f
707523	42	RESP=1
719841	42	STIM=a
724718	42	RESP=1
738577	42	STIM=t
743613	42	RESP=1
754077	42	STIM=7
760754	42	RESP=2
772684	42	STIM=3
777508	42	RESP=2
789548	42	STIM=f
796427	42	RESP=1
805365	42	STIM=y
809148	42	RESP=1
824218	42	STIM=7
831685	42	RESP=2
842305	42	STIM=4
846204	42	RESP=2
857462	42	STIM=r
864474	42	RESP=1
874390	42	STIM=h
879034	42	RESP=1
890723	42	STIM=j
893919	42	RESP=1
905889	42	STIM=a
910585	42	RESP=1
921116	42	STIM=y
928366	42	RESP=1
937371	42	STIM=k
942800	42	RESP=1
956326	42	STIM=l
963524	42	RESP=1
975082	42	STIM=a
978559	42	RESP=2
992068	42	STIM=g
995829	42	RESP=1
1010545	42	STIM=p
1014788	42	RESP=1
1028379	42	STIM=a
1033990	42	RESP=1
1043441	42	STIM=i
1048530	42	RESP=1
1061104	42	STIM=g
1068957	42	RESP=1
1077799	42	STIM=d
1087417	42	RESP=1
1095547	42	STIM=v
1098829	42	RESP=1
1112192	42	STIM=p
1115099	42	RESP=1
1129677	42	STIM=r
1137372	42	RESP=1
1147227	42	STIM=k
1154012	42	RESP=1
1162397	42	STIM=c
1166379	42	RESP=1
1179024	42	STIM=o
1184032	42	RESP=1
1197563	42	STIM=2
1204233	42	RESP=1
1212608	42	STIM=k
1216124	42	RESP=1
1229699	42	STIM=c
1232533	42	RESP=1
1245209	42	STIM=1
1250017	42	RESP=1
1263769	42	STIM=n
1268998	42	RESP=1
1279783	42	STIM=x
1285928	42	RESP=1
1296470	42	STIM=p
1302725	42	RESP=1
1312177	42	STIM=i
1316272	42	RESP=1
1329103	42	STIM=j
1332809	42	RESP=1
1347986	42	STIM=z
1353774	42	RESP=1
1365709	42	STIM=a
1371129	42	RESP=1
1383064	42	STIM=8
1388703	42	RESP=2
1401119	42	STIM=i
1406010	42	RESP=1
1416478	42	STIM=a
1424428	42	RESP=1
1433107	42	STIM=z
1437031	42	RESP=1
1449952	42	STIM=6
1456791	42	RESP=2
1468859	42	STIM=z
1475040	42	RESP=1
1486376	42	STIM=w
1490356	42	RESP=1
1502774	42	STIM=i
1507171	42	RESP=1
1517901	42	STIM=n
1523973	42	RESP=2
1533566	42	STIM=7
1537988	42	RESP=2
1550432	42	STIM=m
1553378	42	RESP=1
1567741	42	STIM=c
1570449	42	RESP=1
1585753	42	STIM=f
1590733	42	RESP=1
1604606	42	STIM=8
1609687	42	RESP=2
1622029	42	STIM=h
1625295	42	RESP=1
1640219	42	STIM=z
1645643	42	RESP=1
1659203	42	STIM=y
1666032	42	RESP=1
1674411	42	STIM=u
1684341	42	RESP=1
1691072	42	STIM=k
1694162	42	RESP=1
1706499	42	STIM=4
1712557	42	RESP=2
1725105	42	STIM=7
1731362	42	RESP=2
1743375	42	STIM=a
1749971	42	RESP=1
1761622	42	STIM=r
1765730	42	RESP=1
1780036	42	STIM=7
1785471	42	RESP=2
1796809	42	STIM=x
1799552	42	RESP=1
1815719	42	STIM=2
1821345	42	RESP=2
1833656	42	STIM=h
1837723	42	RESP=1
1850570	42	STIM=e
1857882	42	RESP=1
1865749	42	STIM=d
1873502	42	RESP=1
1882657	42	STIM=y
1886351	42	RESP=1
1899583	42	STIM=j
1907538	42	RESP=1
1915833	42	STIM=b
1920484	42	RESP=1
1933350	42	STIM=3
1937467	42	RESP=2
1951445	42	STIM=q
1956039	42	RESP=1
1970057	42	STIM=c
1974484	42	RESP=1
1988089	42	STIM=q
1991016	42	RESP=1
2004056	42	STIM=s
2010685	42	RESP=2
2021796	42	STIM=w
2024976	42	RESP=1
2038007	42	STIM=e
2044473	42	RESP=1
2055377	42	STIM=e
2061478	42	RESP=1
2072889	42	STIM=y
2075647	42	RESP=1
2089767	42	STIM=8
2095594	42	RESP=2
2104986	42	STIM=u
2108489	42	RESP=1
2122020	42	STIM=y
2126137	42	RESP=1
2140556	42	STIM=p
2147885	42	RESP=1
2157529	42	STIM=g
2160763	42	RESP=1
2175474	42	STIM=h
2181329	42	RESP=1
2193925	42	STIM=0
2200401	42	RESP=2
2209016	42	STIM=i
2212314	42	RESP=1
2225483	42	STIM=h
2230238	42	RESP=1
2244019	42	STIM=d
2249993	42	RESP=1
2259222	42	STIM=q
2264228	42	RESP=1
2277392	42	STIM=k
2284511	42	RESP=1
2294749	42	STIM=l
2298802	42	RESP=1
2312951	42	STIM=r
2319528	42	RESP=1
2328557	42	STIM=l
2333912	42	RESP=1
2345673	42	STIM=3
2354539	42	RESP=2
2364164	42	STIM=t
2367326	42	RESP=1
2381427	42	STIM=1
2387243	42	RESP=2
2397733	42	STIM=m
2403087	42	RESP=1
2416673	42	STIM=3
2422586	42	RESP=1
2434243	42	STIM=3
2442255	42	RESP=2
2451833	42	STIM=n
2455193	42	RESP=1
2468391	42	STIM=m
2475276	42	RESP=1
2486548	42	STIM=u
2490320	42	RESP=1
2505060	42	STIM=v
2511631	42	RESP=1
2521636	42	STIM=4
2528736	42	RESP=2
2539966	42	STIM=p
2544962	42	RESP=2
2556505	42	STIM=q
2563230	42	RESP=1
2571765	42	STIM=q
2577785	42	RESP=1
2590302	42	STIM=0
2594306	42	RESP=2
2605959	42	STIM=l
2610455	42	RESP=1
2621392	42	STIM=t
2628837	42	RESP=1
2637979	42	STIM=b
2642629	42	RESP=1
2654050	42	STIM=t
2662886	42	RESP=1
2669655	42	STIM=g
2676051	42	RESP=1
2686476	42	STIM=0
2694229	42	RESP=1
2705360	42	STIM=c
2711280	42	RESP=1
2723506	42	STIM=h
2728893	42	RESP=1
2739237	42	STIM=p
2744751	42	RESP=1
2755687	42	STIM=v
2764520	42	RESP=1
2773231	42	STIM=b
2777225	42	RESP=1
2788803	42	STIM=0
2794477	42	RESP=2
2804215	42	STIM=3
2809233	42	RESP=1
2819251	42	STIM=b
2823679	42	RESP=1
2835851	42	STIM=8
2841220	42	RESP=2
2853375	42	STIM=0
2862723	42	RESP=2
2868856	42	STIM=q
2872250	42	RESP=1
2885773	42	STIM=j
2890065	42	RESP=1
2902464	42	STIM=q
2907100	42	RESP=1
2919803	42	STIM=a
2923186	42	RESP=1
2937989	42	STIM=n
2943694	42	RESP=1
2953010	42	STIM=5
2957350	42	RESP=2
2969522	42	STIM=n
2974932	42	RESP=1
2986937	42	STIM=8
2990398	42	RESP=1
3005115	42	STIM=3
3012080	42	RESP=2
3022293	42	STIM=c
3028388	42	RESP=1
3039842	42	STIM=7
3044243	42	RESP=2
3056644	42	STIM=i
3060849	42	RESP=1
3071839	42	STIM=l
3076511	42	RESP=1
3086965	42	STIM=q
3092430	42	RESP=1
3105636	42	STIM=q
3112872	42	RESP=1
3120643	42	STIM=1
3126051	42	RESP=2
3136081	42	STIM=9
3143242	42	RESP=2
3153117	42	STIM=k
3157121	42	RESP=1
3171338	42	STIM=c
3174735	42	RESP=1
3187127	42	STIM=1
3194933	42	RESP=2
3203905	42	STIM=b
3206704	42	RESP=1
3222652	42	STIM=c
3227796	42	RESP=1
3239535	42	STIM=x
3247224	42	RESP=1
3257367	42	STIM=l
3263602	42	RESP=1
3273743	42	STIM=o
3278281	42	RESP=1
3291864	42	STIM=g
3295884	42	RESP=1
3308046	42	STIM=x
3312045	42	RESP=1
3326463	42	STIM=t
3334336	42	RESP=1
3344334	42	STIM=x
3347985	42	RESP=1
3361514	42	STIM=x
3365306	42	RESP=1
3377627	42	STIM=i
3382733	42	RESP=1
3395527	42	STIM=a
3400841	42	RESP=1
3412169	42	STIM=s
3416101	42	RESP=1
3429297	42	STIM=k
3435143	42	RESP=1
3445036	42	STIM=f
3449093	42	RESP=1
3462731	42	STIM=k
3467676	42	RESP=1
3479397	42	STIM=g
3482897	42	RESP=1
3496549	42	STIM=u
3502107	42	RESP=1
3514913	42	STIM=t
3519980	42	RESP=1
3532319	42	STIM=9
3538178	42	RESP=2
3548968	42	STIM=b
3555626	42	RESP=1
3564786	42	STIM=8
3568205	42	RESP=2
3583152	42	STIM=e
3586905	42	RESP=1
3600873	42	STIM=c
3604268	42	RESP=1
3619649	42	STIM=a
3622981	42	RESP=1
3638476	42	STIM=z
3642059	42	RESP=1
3653957	42	STIM=m
3657446	42	RESP=1
3672587	42	STIM=r
3674949	42	RESP=1
3689378	42	STIM=g
3694489	42	RESP=1
3707439	42	STIM=j
3711565	42	RESP=1
3726184	42	STIM=p
3732683	42	RESP=1
3743502	42	STIM=p
3748781	42	RESP=1
3760038	42	STIM=h
3767740	42	RESP=1
3778423	42	STIM=0
3783316	42	RESP=2
3795598	42	STIM=v
3802794	42	RESP=1
3812824	42	STIM=z
3817459	42	RESP=1
3830523	42	STIM=d
3833082	42	RESP=1
3845697	42	STIM=l
3851463	42	RESP=1
3862210	42	STIM=f
3866144	42	RESP=1
3880466	42	STIM=d
3885683	42	RESP=1
3898680	42	STIM=o
3901207	42	RESP=1
3916978	42	STIM=y
3922761	42	RESP=1
3932521	42	STIM=3
3938448	42	RESP=1
3947540	42	STIM=y
3950926	42	RESP=1
3964111	42	STIM=y
3968297	42	RESP=1
3979793	42	STIM=t
3986316	42	RESP=1
3997212	42	STIM=5
4001881	42	RESP=2
4014029	42	STIM=o
4017515	42	RESP=1
4029260	42	STIM=e
4035958	42	RESP=1
4046934	42	STIM=j
4051080	42	RESP=1
4062148	42	STIM=o
4066082	42	RESP=1
4077746	42	STIM=m
4083732	42	RESP=1
4093602	42	STIM=m
4098597	42	RESP=1
4110619	42	STIM=w
4114468	42	RESP=1
4127768	42	STIM=o
4133030	42	RESP=1
4146043	42	STIM=r
4150710	42	RESP=1
4163797	42	STIM=w
4168235	42	RESP=1
4181168	42	STIM=m
4188206	42	RESP=1
4198531	42	STIM=1
4207828	42	RESP=1
4216781	42	STIM=z
4223044	42	RESP=1
4234673	42	STIM=l
4244832	42	RESP=1
4252634	42	STIM=i
4255295	42	RESP=1
4270710	42	STIM=2
4275470	42	RESP=2
4288552	42	STIM=g
4292348	42	RESP=1
4306708	42	STIM=k
4311352	42	RESP=1
4323592	42	STIM=y
4326691	42	RESP=1
4342311	42	STIM=x
4346384	42	RESP=1
4359155	42	STIM=z
4363038	42	RESP=1
4377654	42	STIM=f
4380046	42	RESP=1
4395462	42	STIM=b
4399202	42	RESP=1
4411418	42	STIM=x
4424104	42	RESP=1
4429635	42	STIM=l
4432623	42	RESP=1
4446604	42	STIM=k
4452962	42	RESP=1
4462919	42	STIM=5
4466698	42	RESP=2
4478880	42	STIM=l
4484372	42	RESP=1
4496276	42	STIM=4
4500159	42	RESP=2
4514680	42	STIM=h
4517680	42	RESP=1
4533518	42	STIM=7
4540560	42	RESP=2
4552199	42	STIM=h
4555499	42	RESP=1
4571063	42	STIM=9
4575121	42	RESP=2
4589624	42	STIM=n
4595516	42	RESP=1
4604955	42	STIM=z
4610279	42	RESP=1
4620872	42	STIM=h
4628669	42	RESP=1
4636364	42	STIM=g
4639876	42	RESP=1
4654440	42	STIM=t
4660139	42	RESP=1
4672531	42	STIM=w
4677545	42	RESP=1
4690977	42	STIM=t
4695047	42	RESP=1
4707203	42	STIM=y
4710933	42	RESP=1
4724663	42	STIM=0
4728519	42	RESP=2
4741355	42	STIM=v
4749388	42	RESP=1
4760336	42	STIM=x
4764695	42	RESP=1
4779146	42	STIM=o
4786530	42	RESP=1
4796636	42	STIM=z
4802139	42	RESP=1
4812412	42	STIM=r
4816692	42	RESP=1
4829801	42	STIM=9
4833843	42	RESP=2
4847327	42	STIM=d
4852748	42	RESP=1
4863997	42	STIM=f
4871955	42	RESP=1
4879278	42	STIM=c
4884323	42	RESP=1
4895850	42	STIM=i
4901526	42	RESP=1
4911624	42	STIM=o
4915147	42	RESP=1
4927068	42	STIM=m
4931220	42	RESP=1
4945399	42	STIM=2
4952180	42	RESP=2
4961086	42	STIM=c
4966232	42	RESP=1
4978753	42	STIM=j
4982995	42	RESP=1
4997522	42	STIM=8
5003670	42	RESP=2
5012964	42	STIM=z
5018917	42	RESP=1
5030665	42	STIM=a
5037562	42	RESP=1
5045938	42	STIM=v
5053086	42	RESP=1
5061956	42	STIM=m
5065630	42	RESP=1
5080248	42	STIM=h
5085300	42	RESP=2
5099182	42	STIM=1
5103951	42	RESP=2
5116101	42	STIM=w
5121217	42	RESP=1
5131207	42	STIM=w
5134720	42	RESP=2
5148671	42	STIM=i
5155355	42	RESP=1
5165091	42	STIM=y
5170153	42	RESP=1
5180171	42	STIM=u
5186024	42	RESP=1
5197519	42	STIM=j
5202557	42	RESP=1
5216173	42	STIM=w
5220612	42	RESP=1
5233275	42	STIM=l
5236394	42	RESP=1
5252049	42	STIM=4
5257924	42	RESP=2
5268021	42	STIM=y
5270953	42	RESP=1
5283100	42	STIM=e
5288934	42	RESP=1
5299246	42	STIM=x
5304209	42	RESP=1
5316478	42	STIM=u
5321573	42	RESP=1
5334632	42	STIM=y
5338245	42	RESP=1
5352547	42	STIM=7
5359361	42	RESP=2
5370071	42	STIM=s
5374037	42	RESP=1
5388154	42	STIM=m
5395431	42	RESP=1
5406802	42	STIM=e
5411720	42	RESP=1
5423093	42	STIM=a
5429088	42	RESP=1
5439402	42	STIM=h
5444372	42	RESP=1
5455125	42	STIM=g
5458064	42	RESP=1
5472026	42	STIM=c
5481875	42	RESP=1
5488911	42	STIM=5
5496165	42	RESP=2
5505292	42	STIM=p
5510755	42	RESP=1
5524115	42	STIM=j
5528737	42	RESP=1
5541422	42	STIM=1
5545889	42	RESP=2
5556778	42	STIM=j
5559123	42	RESP=1
5572460	42	STIM=2
5577411	42	RESP=2
5590011	42	STIM=w
5593846	42	RESP=1
5606795	42	STIM=d
5612370	42	RESP=1
5622056	42	STIM=l
5625234	42	RESP=1
5640271	42	STIM=7
5648498	42	RESP=2
5655562	42	STIM=b
5661237	42	RESP=1
5672664	42	STIM=f
5679673	42	RESP=1
5687905	42	STIM=0
5694730	42	RESP=2
5705810	42	STIM=v
5714743	42	RESP=1
5724699	42	STIM=m
5731880	42	RESP=1
5740042	42	STIM=b
5746914	42	RESP=1
5757625	42	STIM=t
5765173	42	RESP=1
5773042	42	STIM=n
5779312	42	RESP=1
5790168	42	STIM=k
5795816	42	RESP=1
5806276	42	STIM=x
5810862	42	RESP=1
5822401	42	STIM=r
5825774	42	RESP=1
5840683	42	STIM=n
5848402	42	RESP=1
5859048	42	STIM=d
5863744	42	RESP=1
5875046	42	STIM=1
5881956	42	RESP=2
5892211	42	STIM=x
5896581	42	RESP=1
5910364	42	STIM=i
5915493	42	RESP=1
5928503	42	STIM=9
5936491	42	RESP=2
5943679	42	STIM=2
5948866	42	RESP=2
5958705	42	STIM=0
5963178	42	RESP=2
5977131	42	STIM=o
5981995	42	RESP=1
5993425	42	STIM=p
5998380	42	RESP=1
6010895	42	STIM=z
6016350	42	RESP=1
6028455	42	STIM=3
6032137	42	RESP=1
6045037	42	STIM=l
6048860	42	RESP=1
6063612	42	STIM=b
6068318	42	RESP=1
6081519	42	STIM=s
6086204	42	RESP=1
6098367	42	STIM=0
6103263	42	RESP=2
6114923	42	STIM=g
6119501	42	RESP=1
6131339	42	STIM=t
6137738	42	RESP=1
6149768	42	STIM=k
6153456	42	RESP=1
6168527	42	STIM=f
6171411	42	RESP=1
6183855	42	STIM=m
6188071	42	RESP=1
6201174	42	STIM=6
6205798	42	RESP=2
6219285	42	STIM=4
6226428	42	RESP=2
6234560	42	STIM=z
6243136	42	RESP=1
6252449	42	STIM=e
6257185	42	RESP=2
6267708	42	STIM=z
6271672	42	RESP=1
6285445	42	STIM=7
6293589	42	RESP=2
6303540	42	STIM=p
6309239	42	RESP=1
6322114	42	STIM=8
6327527	42	RESP=2
6337570	42	STIM=h
6343243	42	RESP=1
6354880	42	STIM=v
6361199	42	RESP=1
6369903	42	STIM=d
6374895	42	RESP=1
6387895	42	STIM=p
6391606	42	RESP=1
6405905	42	STIM=g
6409519	42	RESP=1
6421008	42	STIM=7
6425310	42	RESP=2
6438397	42	STIM=d
6442371	42	RESP=1
6456800	42	STIM=0
6461761	42	RESP=2
6475752	42	STIM=q
6480595	42	RESP=1
6491349	42	STIM=l
6496287	42	RESP=1
6506447	42	STIM=p
6511650	42	RESP=1
6521533	42	STIM=l
6524017	42	RESP=1
6538449	42	STIM=2
6542958	42	RESP=2
6555532	42	STIM=x
6560481	42	RESP=1
6571335	42	STIM=1
6581718	42	RESP=2
6588093	42	STIM=1
6593688	42	RESP=2
6603408	42	STIM=t
6609561	42	RESP=1
6619405	42	STIM=m
6622291	42	RESP=1
6635785	42	STIM=o
6647705	42	RESP=1
6651744	42	STIM=e
6656704	42	RESP=1
6670453	42	STIM=r
6674869	42	RESP=1
6685930	42	STIM=v
6691124	42	RESP=1
6703287	42	STIM=0
6706690	42	RESP=2
6719465	42	STIM=5
6724642	42	RESP=2
6734999	42	STIM=u
6742579	42	RESP=1
6750758	42	STIM=l
6756437	42	RESP=1
6769326	42	STIM=f
6775258	42	RESP=1
6787915	42	STIM=m
6791412	42	RESP=1
6803081	42	STIM=f
6807346	42	RESP=1
6820517	42	STIM=q
6823934	42	RESP=1
6838899	42	STIM=9
6843175	42	RESP=2
6854370	42	STIM=o
6859681	42	RESP=1
6872536	42	STIM=k
6875989	42	RESP=1
6888487	42	STIM=l
6892675	42	RESP=1
6903988	42	STIM=o
6907928	42	RESP=1
6919725	42	STIM=p
6925173	42	RESP=1
6936258	42	STIM=n
6939806	42	RESP=1
6954324	42	STIM=b
6957915	42	RESP=1
6969761	42	STIM=p
6973072	42	RESP=1
6984802	42	STIM=h
6990263	42	RESP=1
7000018	42	STIM=i
7004714	42	RESP=1
7017777	42	STIM=y
7021979	42	RESP=1
7035502	42	STIM=n
7040894	42	RESP=1
7053920	42	STIM=n
7057987	42	RESP=1
7072300	42	STIM=x
7077373	42	RESP=1
7087908	42	STIM=z
7092343	42	RESP=1
7104031	42	STIM=y
7108167	42	RESP=1
7120782	42	STIM=f
7127266	42	RESP=1
7138775	42	STIM=e
7143611	42	RESP=1
7156679	42	STIM=g
7163928	42	RESP=1
7175455	42	STIM=2
7179741	42	RESP=2
7191013	42	STIM=u
7196603	42	RESP=1
7208441	42	STIM=k
7212654	42	RESP=1
7226202	42	STIM=v
7230233	42	RESP=1
7244041	42	STIM=p
7247080	42	RESP=1
7260472	42	STIM=u
7264654	42	RESP=1
7275697	42	STIM=x
7280892	42	RESP=1
7293743	42	STIM=o
7299365	42	RESP=1
7312715	42	STIM=y
7317632	42	RESP=1
7328654	42	STIM=v
7338222	42	RESP=1
7346372	42	STIM=9
7349927	42	RESP=2
7361781	42	STIM=5
7366877	42	RESP=2
7378959	42	STIM=x
7382705	42	RESP=1
7394372	42	STIM=q
7399570	42	RESP=1
7411663	42	STIM=c
7416732	42	RESP=1
7427682	42	STIM=9
7435200	42	RESP=2
7443807	42	STIM=o
7452248	42	RESP=1
7461933	42	STIM=7
7466812	42	RESP=2
7480854	42	STIM=l
7488422	42	RESP=2
7496233	42	STIM=y
7498990	42	RESP=1
7513669	42	STIM=a
7518724	42	RESP=1
7531199	42	STIM=4
7537808	42	RESP=2
7546414	42	STIM=j
7553446	42	RESP=1
7562391	42	STIM=8
7566221	42	RESP=2
7578971	42	STIM=y
7586441	42	RESP=1
7595927	42	STIM=3
7600131	42	RESP=2
7613350	42	STIM=o
7618885	42	RESP=1
7630574	42	STIM=v
7634922	42	RESP=1
7649194	42	STIM=8
7654578	42	RESP=2
7664222	42	STIM=j
7668366	42	RESP=1
7680205	42	STIM=z
7685666	42	RESP=1
7698359	42	STIM=2
7703568	42	RESP=2
7715048	42	STIM=p
7720138	42	RESP=1
7731374	42	STIM=j
7735026	42	RESP=1
7749317	42	STIM=7
7756661	42	RESP=2
7768062	42	STIM=g
7770827	42	RESP=1
7783723	42	STIM=j
7790018	42	RESP=1
7802287	42	STIM=j
7805003	42	RESP=1
7820790	42	STIM=u
7826185	42	RESP=1
7836087	42	STIM=i
7840514	42	RESP=1
7852659	42	STIM=9
7858936	42	RESP=2
7869772	42	STIM=z
7873006	42	RESP=1
7885143	42	STIM=1
7889657	42	RESP=2
7902792	42	STIM=u
7909785	42	RESP=1
7921387	42	STIM=i
7925564	42	RESP=1
7939113	42	STIM=0
7942586	42	RESP=2
7955319	42	STIM=4
7962658	42	RESP=1
7973723	42	STIM=h
7982056	42	RESP=1
7991905	42	STIM=e
7996562	42	RESP=1
8009029	42	STIM=j
8013177	42	RESP=1
8027987	42	STIM=d
8033225	42	RESP=1
8045905	42	STIM=g
8051085	42	RESP=2
8061629	42	STIM=d
8068149	42	RESP=2
8080549	42	STIM=g
8087253	42	RESP=1
8096028	42	STIM=b
8100926	42	RESP=1
8114480	42	STIM=m
8120404	42	RESP=1
8131814	42	STIM=v
8136109	42	RESP=1
8150360	42	STIM=o
8156302	42	RESP=1
8165575	42	STIM=h
8174672	42	RESP=1
8180983	42	STIM=a
8184310	42	RESP=1
8198932	42	STIM=t
8202588	42	RESP=1
8216689	42	STIM=t
8225033	42	RESP=1
8233200	42	STIM=u
8238154	42	RESP=1
8249062	42	STIM=n
8253737	42	RESP=1
8264197	42	STIM=b
8268701	42	RESP=1
8283023	42	STIM=7
8289881	42	RESP=2
8301734	42	STIM=w
8306797	42	RESP=1
8318924	42	STIM=b
8321829	42	RESP=1
8334426	42	STIM=i
8339567	42	RESP=1
8349987	42	STIM=a
8354383	42	RESP=1
8365384	42	STIM=c
8372877	42	RESP=1
8382039	42	STIM=i
8387195	42	RESP=1
8398793	42	STIM=w
8403368	42	RESP=1
8416453	42	STIM=d
8421314	42	RESP=1
8434323	42	STIM=l
8438586	42	RESP=1
8451626	42	STIM=s
8459068	42	RESP=1
8470450	42	STIM=1
8476953	42	RESP=2
8487818	42	STIM=9
8491873	42	RESP=2
8504946	42	STIM=g
8514814	42	RESP=1
8521341	42	STIM=k
8527988	42	RESP=2
8539830	42	STIM=w
8546112	42	RESP=1
8555694	42	STIM=9
8561206	42	RESP=2
8573472	42	STIM=3
8580629	42	RESP=2
8589433	42	STIM=g
8594700	42	RESP=2
8606620	42	STIM=2
8610804	42	RESP=2
8624901	42	STIM=7
8631430	42	RESP=2
8640743	42	STIM=b
8649394	42	RESP=1
8657302	42	STIM=u
8660198	42	RESP=1
8675369	42	STIM=d
8679717	42	RESP=1
8690466	42	STIM=i
8695442	42	RESP=1
8709059	42	STIM=v
8714235	42	RESP=1
8726982	42	STIM=x
8731614	42	RESP=1
8745895	42	STIM=1
8755281	42	RESP=2
8762458	42	STIM=m
8766544	42	RESP=1
8777838	42	STIM=b
8781982	42	RESP=1
8793328	42	STIM=m
8799891	42	RESP=1
8811220	42	STIM=l
8814461	42	RESP=1
8828935	42	STIM=s
8834505	42	RESP=1
8847357	42	STIM=d
8851854	42	RESP=1
8865966	42	STIM=i
8869207	42	RESP=1
8883848	42	STIM=k
8894590	42	RESP=1
8899343	42	STIM=y
8903023	42	RESP=1
8914497	42	STIM=2
8918295	42	RESP=2
8930896	42	STIM=s
8934241	42	RESP=1
8949882	42	STIM=e
8953181	42	RESP=1
8965519	42	STIM=0
8972760	42	RESP=2
8982914	42	STIM=g
8987421	42	RESP=1
9000538	42	STIM=f
9005220	42	RESP=1
9015692	42	STIM=d
9019033	42	RESP=1
9031868	42	STIM=b
9035519	42	RESP=1
9050182	42	STIM=m
9054423	42	RESP=1
9068372	42	STIM=u
9071792	42	RESP=1
9085236	42	STIM=7
9091596	42	RESP=2
9103375	42	STIM=e
9110630	42	RESP=1
9119780	42	STIM=v
9124201	42	RESP=1
9136868	42	STIM=l
9141356	42	RESP=1
9152653	42	STIM=1
9158957	42	RESP=2
9169032	42	STIM=s
9172520	42	RESP=1
9187067	42	STIM=l
9193336	42	RESP=1
9205174	42	STIM=d
9207830	42	RESP=1
9222094	42	STIM=j
9228969	42	RESP=1
9239801	42	STIM=k
9245408	42	RESP=1
9256404	42	STIM=p
9259548	42	RESP=1
9274214	42	STIM=4
9279050	42	RESP=2
9293135	42	STIM=l
9296849	42	RESP=1
9311981	42	STIM=o
9317239	42	RESP=1
9330464	42	STIM=a
9333404	42	RESP=1
9346010	42	STIM=i
9349237	42	RESP=1
9362539	42	STIM=h
9366400	42	RESP=1
9378072	42	STIM=k
9382742	42	RESP=1
9393172	42	STIM=h
9400180	42	RESP=1
9409000	42	STIM=v
9416763	42	RESP=1
9424231	42	STIM=u
9431268	42	RESP=1
9443161	42	STIM=t
9449173	42	RESP=1
9458910	42	STIM=n
9467060	42	RESP=1
9474465	42	STIM=i
9481501	42	RESP=1
9490644	42	STIM=r
9493932	42	RESP=1
9508356	42	STIM=v
9513119	42	RESP=1
9526037	42	STIM=q
9532935	42	RESP=1
9542075	42	STIM=v
9550030	42	RESP=1
9559341	42	STIM=x
9564549	42	RESP=1
9575633	42	STIM=p
9581799	42	RESP=2
9594287	42	STIM=r
9598863	42	RESP=1
9610364	42	STIM=d
9618360	42	RESP=1
9628717	42	STIM=w
9639678	42	RESP=2
9646618	42	STIM=g
9651823	42	RESP=1
9662867	42	STIM=i
9670885	42	RESP=1
9679069	42	STIM=c
9683373	42	RESP=1
9697877	42	STIM=d
9701219	42	RESP=1
9714751	42	STIM=k
9719727	42	RESP=1
9732706	42	STIM=2
9742399	42	RESP=2
9748159	42	STIM=s
9753224	42	RESP=1
9765739	42	STIM=a
9772426	42	RESP=1
9783419	42	STIM=6
9787576	42	RESP=2
9798508	42	STIM=h
9804904	42	RESP=1
9816960	42	STIM=i
9823884	42	RESP=1
9832636	42	STIM=5
9837240	42	RESP=2
9851220	42	STIM=r
9854423	42	RESP=1
9866299	42	STIM=y
9872087	42	RESP=1
9883730	42	STIM=9
9888287	42	RESP=2
9899234	42	STIM=v
9902557	42	RESP=1
9914740	42	STIM=r
9919066	42	RESP=1
9929867	42	STIM=w
9933580	42	RESP=1
9946797	42	STIM=0
9952636	42	RESP=2
9962965	42	STIM=s
9967599	42	RESP=1
9978451	42	STIM=l
9981867	42	RESP=1
9996257	42	STIM=t
9999972	42	RESP=1
10014289	42	STIM=l
10022776	42	RESP=1
10032587	42	STIM=u
10038266	42	RESP=1
10050955	42	STIM=2
10055151	42	RESP=2
10067195	42	STIM=y
10071123	42	RESP=1
10083083	42	STIM=l
10086683	42	RESP=1
10099567	42	STIM=o
10103394	42	RESP=1
10117342	42	STIM=3
10121243	42	RESP=1
10133677	42	STIM=s
10141900	42	RESP=1
10151800	42	STIM=3
10156619	42	RESP=2
10170753	42	STIM=d
10174716	42	RESP=1
10185875	42	STIM=c
10194283	42	RESP=1
10201051	42	STIM=h
10205459	42	RESP=1
10216188	42	STIM=f
10219939	42	RESP=1
10232647	42	STIM=3
10238178	42	RESP=2
10248483	42	STIM=i
10252368	42	RESP=1
10265515	42	STIM=j
10269093	42	RESP=1
10281792	42	STIM=6
10285432	42	RESP=2
10300331	42	STIM=9
10305516	42	RESP=1
10319091	42	STIM=o
10325340	42	RESP=1
10337469	42	STIM=4
10345716	42	RESP=2
10354166	42	STIM=d
10357947	42	RESP=2
10373099	42	STIM=j
10379191	42	RESP=1
10389179	42	STIM=1
10393519	42	RESP=1
10406681	42	STIM=x
10411769	42	RESP=1
10425215	42	STIM=9
10429242	42	RESP=1
10441115	42	STIM=t
10443981	42	RESP=1
10457493	42	STIM=o
10462862	42	RESP=1
10476464	42	STIM=q
10481308	42	RESP=1
10492489	42	STIM=p
10495877	42	RESP=1
10509898	42	STIM=1
10514855	42	RESP=2
10525207	42	STIM=l
10528532	42	RESP=1
10540311	42	STIM=0
10545561	42	RESP=2
10558336	42	STIM=v
10564669	42	RESP=1
10576440	42	STIM=n
10580617	42	RESP=1
10593886	42	STIM=c
10599343	42	RESP=1
10611464	42	STIM=p
10618148	42	RESP=1
10629483	42	STIM=y
10633298	42	RESP=1
10647586	42	STIM=3
10655621	42	RESP=2
10664156	42	STIM=t
10666818	42	RESP=1
10681262	42	STIM=t
10687389	42	RESP=1
10696924	42	STIM=x
10702764	42	RESP=1
10714053	42	STIM=e
10719701	42	RESP=2
10729182	42	STIM=o
10732650	42	RESP=1
10746039	42	STIM=f
10750207	42	RESP=1
10763303	42	STIM=3
10769102	42	RESP=2
10779916	42	STIM=a
10785439	42	RESP=1
10797102	42	STIM=n
10800971	42	RESP=1
10815108	42	STIM=l
10818966	42	RESP=1
10833469	42	STIM=o
10836755	42	RESP=1
10852258	42	STIM=y
10857153	42	RESP=1
10867276	42	STIM=f
10872092	42	RESP=1
10882990	42	STIM=k
10891909	42	RESP=1
10901643	42	STIM=g
10904137	42	RESP=1
10917303	42	STIM=n
10927986	42	RESP=1
10934140	42	STIM=6
10938059	42	RESP=1
10950387	42	STIM=k
10953101	42	RESP=1
10967162	42	STIM=b
10972093	42	RESP=1
10985246	42	STIM=n
10988476	42	RESP=1
11002608	42	STIM=m
11007070	42	RESP=1
11021388	42	STIM=r
11025660	42	RESP=1
11039254	42	STIM=b
11046138	42	RESP=1
11057822	42	STIM=3
11061430	42	RESP=2
11073714	42	STIM=m
11078911	42	RESP=1
11092074	42	STIM=k
11098332	42	RESP=1
11109870	42	STIM=o
11115300	42	RESP=1
11125888	42	STIM=8
11132725	42	RESP=1
11142637	42	STIM=c
11147838	42	RESP=1
11159142	42	STIM=v
11163368	42	RESP=1
11175164	42	STIM=m
11178360	42	RESP=1
11190657	42	STIM=a
11195780	42	RESP=1
11206402	42	STIM=d
11210218	42	RESP=1
11224697	42	STIM=t
11227973	42	RESP=1
11241598	42	STIM=o
11248021	42	RESP=1
11260164	42	STIM=y
11266127	42	RESP=1
11275464	42	STIM=c
11281203	42	RESP=1
11291003	42	STIM=b
11294116	42	RESP=1
11307910	42	STIM=b
11313355	42	RESP=2
11326703	42	STIM=z
11331696	42	RESP=1
11344014	42	STIM=9
11348802	42	RESP=2
11361069	42	STIM=i
11366639	42	RESP=1
11376677	42	STIM=i
11380534	42	RESP=1
11394928	42	STIM=e
11399204	42	RESP=1
11411852	42	STIM=j
11418457	42	RESP=1
11429919	42	STIM=s
11434807	42	RESP=1
11447111	42	STIM=h
11454101	42	RESP=1
11463329	42	STIM=b
11470422	42	RESP=1
11479053	42	STIM=7
11484021	42	RESP=2
11497542	42	STIM=e
11502349	42	RESP=1
11515992	42	STIM=a
11522750	42	RESP=1
11534814	42	STIM=r
11544514	42	RESP=1
11551590	42	STIM=n
11555355	42	RESP=1
11569822	42	STIM=b
11573253	42	RESP=1
11586209	42	STIM=l
11589390	42	RESP=1
11603017	42	STIM=a
11606035	42	RESP=1
11621119	42	STIM=y
11623904	42	RESP=1
11636892	42	STIM=r
11641761	42	RESP=1
11654147	42	STIM=a
11658047	42	RESP=1
11672024	42	STIM=w
11678511	42	RESP=1
11687675	42	STIM=2
11693534	42	RESP=2
11705305	42	STIM=v
11709289	42	RESP=1
11722527	42	STIM=a
11726267	42	RESP=1
11740939	42	STIM=t
11745856	42	RESP=1
11756937	42	STIM=c
11762209	42	RESP=1
11774135	42	STIM=h
11778800	42	RESP=1
11791653	42	STIM=o
11795151	42	RESP=1
11807830	42	STIM=b
11813368	42	RESP=1
11824371	42	STIM=v
11827952	42	RESP=1
11843146	42	STIM=x
11851121	42	RESP=1
11859570	42	STIM=6
11864384	42	RESP=1
11876108	42	STIM=s
11881187	42	RESP=1
11891635	42	STIM=t
11899875	42	RESP=1
11910377	42	STIM=3
11914264	42	RESP=1
11925526	42	STIM=i
11929097	42	RESP=1
11940873	42	STIM=6
11946661	42	RESP=2
11958659	42	STIM=p
11963833	42	RESP=1
11976600	42	STIM=k
11979412	42	RESP=1
11992623	42	STIM=b
11997687	42	RESP=1
12011356	42	STIM=p
12015289	42	RESP=1
12029022	42	STIM=z
12035336	42	RESP=1
12045809	42	STIM=6
12051639	42	RESP=2
12062191	42	STIM=i
12067725	42	RESP=1
12079558	42	STIM=w
12083836	42	RESP=1
12097750	42	STIM=o
12102502	42	RESP=1
12116162	42	STIM=s
12119239	42	RESP=1
12134560	42	STIM=j
12139764	42	RESP=1
12150911	42	STIM=r
12162193	42	RESP=1
12166165	42	STIM=a
12169547	42	RESP=1
12185122	42	STIM=v
12188736	42	RESP=1
12203474	42	STIM=8
12211827	42	RESP=1
12220871	42	STIM=1
12226107	42	RESP=2
12236726	42	STIM=s
12241188	42	RESP=1
12254921	42	STIM=s
12262249	42	RESP=1
12270813	42	STIM=v
12274061	42	RESP=1
12287941	42	STIM=t
12294041	42	RESP=1
12305425	42	STIM=3
12311618	42	RESP=2
12323659	42	STIM=a
12327528	42	RESP=1
12340732	42	STIM=x
12346675	42	RESP=1
12357610	42	STIM=q
12362348	42	RESP=1
12375474	42	STIM=1
12379484	42	RESP=2
12390695	42	STIM=k
12394062	42	RESP=1
12407497	42	STIM=6
12416045	42	RESP=2
12425034	42	STIM=s
12429481	42	RESP=1
12443893	42	STIM=c
12447652	42	RESP=1
12460752	42	STIM=7
12465368	42	RESP=2
12479021	42	STIM=k
12484225	42	RESP=1
12496264	42	STIM=p
12500305	42	RESP=1
12511383	42	STIM=1
12515699	42	RESP=2
12530203	42	STIM=a
12534877	42	RESP=2
12547358	42	STIM=n
12550666	42	RESP=1
12563019	42	STIM=t
12569200	42	RESP=1
12578963	42	STIM=y
12581745	42	RESP=1
12596556	42	STIM=t
12601777	42	RESP=1
12613256	42	STIM=0
12616743	42	RESP=2
12628271	42	STIM=j
12633327	42	RESP=1
12643733	42	STIM=o
12651627	42	RESP=1
12662267	42	STIM=f
12668475	42	RESP=1
12680778	42	STIM=i
12685213	42	RESP=1
12697519	42	STIM=q
12701630	42	RESP=1
12715892	42	STIM=m
12719842	42	RESP=1
12732297	42	STIM=k
12738900	42	RESP=1
12751263	42	STIM=0
12760109	42	RESP=2
12769316	42	STIM=g
12773273	42	RESP=1
12785217	42	STIM=o
12793258	42	RESP=1
12800790	42	STIM=6
12805060	42	RESP=2
12818562	42	STIM=b
12825222	42	RESP=2
12835367	42	STIM=o
12839977	42	RESP=1
12851527	42	STIM=7
12857835	42	RESP=2
12869020	42	STIM=l
12873143	42	RESP=1
12886805	42	STIM=r
12891824	42	RESP=1
12904051	42	STIM=y
12907993	42	RESP=1
12919742	42	STIM=i
12925331	42	RESP=1
12938571	42	STIM=1
12943739	42	RESP=2
12956081	42	STIM=5
12963969	42	RESP=2
12971776	42	STIM=s
12976303	42	RESP=1
12990390	42	STIM=n
12996898	42	RESP=1
13007765	42	STIM=f
13011200	42	RESP=1
13026006	42	STIM=f
13031694	42	RESP=1
13042755	42	STIM=q
13050097	42	RESP=1
13061500	42	STIM=q
13067440	42	RESP=1
13077900	42	STIM=3
13082424	42	RESP=2
13094086	42	STIM=f
13102535	42	RESP=1
13109473	42	STIM=i
13115312	42	RESP=1
13127767	42	STIM=b
13131201	42	RESP=1
13144364	42	STIM=3
13148408	42	RESP=2
13162083	42	STIM=n
13166864	42	RESP=1
13177477	42	STIM=5
13182185	42	RESP=1
13194383	42	STIM=2
13198791	42	RESP=2
13212061	42	STIM=v
13217429	42	RESP=1
13229185	42	STIM=h
13234604	42	RESP=1
13244597	42	STIM=8
13249873	42	RESP=2
13260026	42	STIM=h
13266574	42	RESP=1
13278374	42	STIM=v
13283284	42	RESP=2
13295054	42	STIM=6
13302773	42	RESP=2
13310081	42	STIM=b
13314495	42	RESP=1
13328303	42	STIM=v
13333443	42	RESP=1
13347181	42	STIM=c
13353936	42	RESP=1
13362783	42	STIM=8
13367168	42	RESP=2
13378540	42	STIM=p
13386653	42	RESP=1
13397498	42	STIM=i
13402078	42	RESP=1
13416362	42	STIM=1
13420424	42	RESP=2
13433369	42	STIM=j
13438773	42	RESP=1
13449302	42	STIM=e
13452202	42	RESP=1
13467641	42	STIM=e
13472478	42	RESP=1
13483828	42	STIM=q
13488636	42	RESP=1
13501911	42	STIM=l
13508459	42	RESP=1
13518388	42	STIM=6
13522708	42	RESP=2
13536323	42	STIM=3
13541554	42	RESP=2
13551473	42	STIM=5
13555349	42	RESP=1
13570191	42	STIM=y
13575535	42	RESP=1
13587990	42	STIM=6
13593570	42	RESP=2
13604398	42	STIM=5
13611521	42	RESP=2
13620255	42	STIM=l
13622814	42	RESP=1
13638333	42	STIM=f
13643836	42	RESP=1
13656718	42	STIM=e
13661941	42	RESP=1
13674194	42	STIM=x
13680474	42	RESP=1
13692545	42	STIM=t
13699177	42	RESP=1
13710915	42	STIM=2
13717619	42	RESP=2
13727841	42	STIM=p
13732555	42	RESP=1
13746803	42	STIM=u
13754239	42	RESP=1
13764695	42	STIM=d
13769537	42	RESP=1
13780165	42	STIM=u
13784525	42	RESP=1
13797488	42	STIM=a
13802991	42	RESP=1
13814469	42	STIM=j
13820665	42	RESP=1
13833190	42	STIM=j
13843083	42	RESP=1
13848821	42	STIM=f
13855249	42	RESP=1
13866128	42	STIM=e
13869791	42	RESP=1
13882191	42	STIM=t
13885960	42	RESP=1
13899743	42	STIM=v
13904821	42	RESP=1
13917032	42	STIM=x
13922128	42	RESP=1
13934801	42	STIM=n
13938417	42	RESP=1
13951311	42	STIM=b
13956796	42	RESP=1
13968771	42	STIM=j
13972325	42	RESP=1
13987284	42	STIM=w
13992347	42	RESP=1
14003924	42	STIM=o
14007313	42	RESP=1
14019903	42	STIM=y
14025499	42	RESP=2
14035029	42	STIM=n
14040214	42	RESP=1
14050992	42	STIM=s
14058519	42	RESP=1
14068358	42	STIM=a
14074952	42	RESP=1
14084073	42	STIM=b
14087122	42	RESP=1
14099538	42	STIM=h
14102747	42	RESP=1
14116299	42	STIM=e
14120026	42	RESP=1
14133336	42	STIM=j
14141146	42	RESP=1
14148603	42	STIM=d
14152606	42	RESP=1
14165408	42	STIM=z
14169468	42	RESP=1
14181128	42	STIM=f
14185547	42	RESP=1
14197155	42	STIM=o
14202683	42	RESP=1
14214315	42	STIM=g
14219041	42	RESP=1
14233081	42	STIM=c
14238779	42	RESP=1
14250879	42	STIM=c
14254341	42	RESP=2
14267581	42	STIM=m
14271211	42	RESP=1
14284189	42	STIM=3
14291453	42	RESP=2
14301827	42	STIM=o
14310805	42	RESP=1
14319827	42	STIM=j
14325793	42	RESP=1
14335807	42	STIM=h
14340557	42	RESP=1
14354645	42	STIM=p
14362871	42	RESP=2
14370491	42	STIM=c
14375370	42	RESP=1
14385845	42	STIM=y
14392209	42	RESP=1
14401723	42	STIM=l
14404696	42	RESP=1
14417790	42	STIM=z
14424797	42	RESP=1
14434999	42	STIM=o
14443519	42	RESP=1
14453153	42	STIM=5
14457865	42	RESP=2
14470418	42	STIM=w
14475960	42	RESP=1
14488950	42	STIM=9
14493801	42	RESP=1
14505358	42	STIM=e
14510308	42	RESP=1
14521465	42	STIM=c
14528641	42	RESP=1
14539756	42	STIM=f
14545247	42	RESP=1
14558060	42	STIM=f
14561677	42	RESP=1
14576660	42	STIM=8
14581906	42	RESP=2
14595623	42	STIM=d
14604399	42	RESP=1
14611024	42	STIM=l
14615585	42	RESP=2
14626642	42	STIM=g
14632553	42	RESP=1
14644568	42	STIM=f
14647822	42	RESP=1
14663303	42	STIM=5
14669084	42	RESP=2
14679486	42	STIM=p
14684951	42	RESP=1
14695288	42	STIM=d
14700103	42	RESP=2
14710945	42	STIM=y
14717935	42	RESP=1
14727275	42	STIM=i
14732236	42	RESP=1
14746145	42	STIM=e
14749894	42	RESP=1
14762397	42	STIM=u
14769319	42	RESP=1
14780859	42	STIM=6
14787880	42	RESP=2
14799610	42	STIM=0
14805917	42	RESP=2
14816653	42	STIM=i
14820236	42	RESP=1
14833343	42	STIM=t
14837150	42	RESP=1
14849100	42	STIM=9
14853771	42	RESP=1
14864464	42	STIM=0
14869787	42	RESP=2
14879576	42	STIM=4
14883934	42	RESP=2
14894796	42	STIM=2
14902748	42	RESP=2
14911080	42	STIM=c
14914222	42	RESP=1
14929265	42	STIM=z
14932871	42	RESP=1
14948163	42	STIM=t
14951853	42	RESP=2
14965883	42	STIM=o
14969944	42	RESP=1
14983078	42	STIM=1
14989370	42	RESP=2
15000458	42	STIM=w
15003344	42	RESP=1
15018160	42	STIM=z
15023598	42	RESP=1
15033747	42	STIM=d
15036978	42	RESP=1
15051929	42	STIM=u
15058818	42	RESP=1
15070106	42	STIM=c
15075311	42	RESP=1
15087785	42	STIM=7
15092987	42	RESP=2
15103989	42	STIM=r
15111422	42	RESP=1
15119677	42	STIM=d
15124501	42	RESP=2
15137118	42	STIM=r
15142628	42	RESP=1
15155054	42	STIM=e
15160862	42	RESP=1
15170360	42	STIM=z
15173236	42	RESP=1
15186878	42	STIM=i
15191436	42	RESP=1
15204275	42	STIM=p
15207138	42	RESP=1
15220616	42	STIM=6
15224127	42	RESP=2
15237594	42	STIM=4
15243244	42	RESP=2
15253700	42	STIM=y
15258300	42	RESP=1
15270402	42	STIM=p
15275693	42	RESP=1
15287726	42	STIM=6
15291625	42	RESP=2
15304102	42	STIM=4
15308103	42	RESP=2
15319344	42	STIM=9
15324144	42	RESP=2
15337698	42	STIM=q
15344638	42	RESP=1
15354754	42	STIM=n
15359520	42	RESP=1
15370736	42	STIM=n
15375859	42	RESP=1
15388004	42	STIM=n
15395535	42	RESP=1
15404949	42	STIM=m
15408180	42	RESP=1
15421609	42	STIM=4
15425974	42	RESP=2
15437942	42	STIM=l
15441106	42	RESP=1
15456894	42	STIM=s
15461279	42	RESP=1
15475513	42	STIM=x
15479883	42	RESP=1
15493838	42	STIM=y
15499778	42	RESP=1
15509450	42	STIM=y
15513209	42	RESP=1
15525915	42	STIM=h
15531666	42	RESP=1
15541195	42	STIM=e
15544143	42	RESP=1
15556737	42	STIM=j
15562670	42	RESP=1
15575383	42	STIM=w
15580037	42	RESP=1
15594301	42	STIM=a
15599965	42	RESP=1
15611647	42	STIM=b
15617226	42	RESP=1
15627352	42	STIM=r
15636932	42	RESP=1
15645535	42	STIM=a
15648883	42	RESP=1
15661762	42	STIM=y
15668969	42	RESP=1
15677272	42	STIM=r
15680392	42	RESP=1
15695956	42	STIM=q
15701321	42	RESP=1
15712390	42	STIM=2
15717102	42	RESP=2
15729714	42	STIM=p
15737579	42	RESP=1
15746667	42	STIM=0
15752987	42	RESP=2
15762608	42	STIM=2
15771306	42	RESP=1
15780918	42	STIM=v
15785795	42	RESP=1
15796469	42	STIM=u
15801050	42	RESP=1
15813494	42	STIM=m
15819341	42	RESP=1
15830769	42	STIM=y
15833823	42	RESP=1
15847023	42	STIM=w
15851284	42	RESP=1
15862357	42	STIM=x
15866224	42	RESP=1
15878208	42	STIM=i
15883585	42	RESP=1
15894593	42	STIM=v
15898532	42	RESP=1
15909726	42	STIM=n
15915715	42	RESP=1
15925767	42	STIM=4
15929930	42	RESP=2
15942522	42	STIM=k
15945272	42	RESP=1
15961393	42	STIM=p
15967615	42	RESP=1
15976646	42	STIM=k
15981494	42	RESP=1
15995371	42	STIM=h
16001665	42	RESP=1
16010688	42	STIM=b
16015587	42	RESP=1
16028435	42	STIM=w
16033899	42	RESP=1
16044838	42	STIM=x
16051755	42	RESP=1
16061366	42	STIM=x
16067229	42	RESP=1
16079460	42	STIM=p
16083424	42	RESP=1
16095283	42	STIM=h
16100197	42	RESP=1
16112442	42	STIM=3
16117370	42	RESP=2
16128226	42	STIM=e
16131155	42	RESP=1
16143790	42	STIM=b
16146814	42	RESP=1
16159657	42	STIM=c
16168024	42	RESP=1
16178594	42	STIM=r
16184389	42	RESP=1
16193600	42	STIM=s
16197640	42	RESP=1
16210812	42	STIM=u
16215945	42	RESP=1
16227722	42	STIM=h
16231714	42	RESP=1
16243230	42	STIM=e
16251771	42	RESP=1
16258976	42	STIM=x
16262599	42	RESP=1
16274463	42	STIM=k
16277833	42	RESP=1
16292051	42	STIM=v
16296030	42	RESP=1
16310123	42	STIM=d
16314225	42	RESP=1
16327789	42	STIM=n
16331231	42	RESP=1
16345805	42	STIM=y
16352544	42	RESP=1
16363894	42	STIM=1
16369893	42	RESP=2
16381523	42	STIM=q
16385285	42	RESP=1
16398086	42	STIM=4
16402404	42	RESP=2
16414896	42	STIM=x
16419564	42	RESP=1
16431930	42	STIM=c
16435372	42	RESP=1
16449058	42	STIM=d
16452648	42	RESP=1
16467488	42	STIM=i
16476936	42	RESP=1
16486332	42	STIM=g
16492901	42	RESP=1
16503418	42	STIM=t
16509632	42	RESP=1
16519246	42	STIM=h
16525046	42	RESP=1
16535168	42	STIM=3
16538598	42	RESP=2
16551346	42	STIM=i
16556633	42	RESP=1
16569383	42	STIM=g
16572519	42	RESP=1
16587833	42	STIM=m
16593668	42	RESP=1
16606578	42	STIM=0
16613795	42	RESP=2
16623993	42	STIM=q
16627485	42	RESP=1
16640041	42	STIM=f
16645312	42	RESP=1
16656407	42	STIM=w
16659706	42	RESP=1
16674775	42	STIM=1
16679055	42	RESP=2
16691277	42	STIM=l
16695504	42	RESP=1
16708356	42	STIM=x
16714981	42	RESP=1
16724234	42	STIM=5
16727959	42	RESP=1
16740481	42	STIM=b
16744202	42	RESP=1
16759217	42	STIM=m
16762463	42	RESP=1
16775507	42	STIM=g
16779337	42	RESP=1
16794120	42	STIM=w
16800576	42	RESP=1
16812201	42	STIM=l
16815450	42	RESP=1
16830098	42	STIM=d
16833770	42	RESP=1
16848595	42	STIM=z
16853776	42	RESP=1
16865180	42	STIM=i
16868548	42	RESP=1
16880952	42	STIM=c
16890393	42	RESP=1
16896876	42	STIM=d
16900015	42	RESP=1
16912223	42	STIM=x
16915317	42	RESP=1
16929063	42	STIM=h
16935853	42	RESP=1
16947894	42	STIM=4
16952230	42	RESP=2
16963348	42	STIM=t
16969714	42	RESP=1
16980897	42	STIM=o
16984298	42	RESP=1
16996519	42	STIM=v
17001415	42	RESP=2
17012664	42	STIM=6
17022394	42	RESP=1
17030954	42	STIM=o
17034995	42	RESP=1
17047318	42	STIM=c
17051198	42	RESP=1
17064985	42	STIM=7
17070104	42	RESP=2
17081217	42	STIM=c
17086081	42	RESP=1
17097780	42	STIM=i
17104317	42	RESP=1
17114293	42	STIM=r
17119421	42	RESP=1
17132745	42	STIM=y
17135767	42	RESP=1
17151483	42	STIM=p
17159927	42	RESP=1
17170399	42	STIM=7
17175953	42	RESP=2
17187102	42	STIM=d
17190996	42	RESP=1
17202352	42	STIM=x
17205096	42	RESP=1
17218666	42	STIM=d
17224254	42	RESP=1
17235479	42	STIM=u
17238680	42	RESP=1
17251192	42	STIM=t
17254801	42	RESP=1
17267041	42	STIM=5
17274295	42	RESP=2
17284492	42	STIM=0
17292313	42	RESP=2
17303173	42	STIM=1
17307491	42	RESP=2
17321948	42	STIM=z
17329235	42	RESP=1
17339937	42	STIM=9
17345297	42	RESP=2
17357346	42	STIM=k
17361484	42	RESP=1
17373340	42	STIM=n
17377935	42	RESP=1
17388982	42	STIM=1
17394157	42	RESP=2
17407383	42	STIM=c
17411635	42	RESP=1
17424198	42	STIM=5
17428439	42	RESP=1
17442978	42	STIM=g
17446056	42	RESP=1
17460674	42	STIM=d
17465378	42	RESP=1
17477019	42	STIM=k
17480515	42	RESP=1
17494021	42	STIM=g
17501171	42	RESP=1
17509372	42	STIM=f
17514481	42	RESP=1
17524843	42	STIM=r
17530330	42	RESP=1
17542091	42	STIM=x
17546051	42	RESP=1
17558209	42	STIM=1
17563420	42	RESP=2
17573219	42	STIM=p
17578175	42	RESP=1
17590109	42	STIM=g
17593172	42	RESP=1
17608264	42	STIM=r
17614181	42	RESP=1
17626794	42	STIM=2
17633497	42	RESP=2
17645093	42	STIM=l
17649109	42	RESP=1
17663474	42	STIM=u
17666179	42	RESP=1
17679158	42	STIM=l
17687061	42	RESP=1
17697694	42	STIM=v
17706919	42	RESP=1
17714751	42	STIM=h
17718383	42	RESP=1
17731480	42	STIM=2
17737677	42	RESP=2
17749734	42	STIM=z
17758811	42	RESP=1
17767216	42	STIM=w
17771720	42	RESP=1
17784265	42	STIM=o
17789556	42	RESP=1
17802145	42	STIM=j
17806984	42	RESP=1
17818165	42	STIM=g
17821443	42	RESP=1
17835537	42	STIM=n
17839541	42	RESP=1
17850600	42	STIM=m
17855653	42	RESP=1
17869342	42	STIM=x
17878756	42	RESP=1
17887797	42	STIM=7
17893880	42	RESP=2
17902825	42	STIM=v
17911211	42	RESP=1
17917864	42	STIM=m
17922248	42	RESP=1
17936247	42	STIM=q
17939515	42	RESP=2
17953473	42	STIM=j
17961063	42	RESP=1
17971569	42	STIM=a
17974569	42	RESP=1
17989214	42	STIM=k
17995242	42	RESP=1
18005564	42	STIM=r
18008763	42	RESP=1
18020891	42	STIM=q
18025726	42	RESP=1
18039675	42	STIM=6
18043252	42	RESP=2
18056461	42	STIM=e
18060366	42	RESP=1
18072414	42	STIM=l
18078950	42	RESP=1
18088647	42	STIM=w
18092602	42	RESP=1
18106672	42	STIM=a
18112547	42	RESP=1
18123188	42	STIM=2
18128673	42	RESP=2
18140142	42	STIM=i
18144962	42	RESP=1
18158651	42	STIM=2
18162668	42	RESP=2
18174167	42	STIM=i
18179567	42	RESP=1
18189290	42	STIM=g
18193755	42	RESP=1
18206618	42	STIM=2
18211872	42	RESP=2
18225375	42	STIM=6
18229960	42	RESP=2
18240756	42	STIM=d
18245980	42	RESP=1
18259376	42	STIM=a
18264577	42	RESP=1
18275049	42	STIM=n
18278758	42	RESP=1
18293553	42	STIM=3
18296865	42	RESP=2
18312353	42	STIM=r
18317697	42	RESP=1
18328767	42	STIM=t
18332981	42	RESP=1
18345384	42	STIM=9
18354895	42	RESP=2
18363802	42	STIM=x
18369290	42	RESP=1
18379778	42	STIM=v
18382828	42	RESP=1
18397741	42	STIM=g
18403617	42	RESP=1
18415499	42	STIM=b
18421388	42	RESP=1
18433137	42	STIM=k
18438579	42	RESP=1
18450196	42	STIM=v
18454219	42	RESP=1
18468354	42	STIM=l
18474803	42	RESP=1
18486860	42	STIM=c
18491014	42	RESP=1
18505642	42	STIM=n
18509785	42	RESP=1
18524431	42	STIM=m
18530087	42	RESP=1
18540836	42	STIM=e
18545155	42	RESP=1
18555958	42	STIM=2
18560486	42	RESP=2
18572068	42	STIM=d
18577222	42	RESP=1
18588790	42	STIM=b
18594476	42	RESP=1
18604425	42	STIM=r
18607351	42	RESP=1
18623380	42	STIM=g
18628682	42	RESP=1
18641227	42	STIM=b
18644434	42	RESP=1
18660005	42	STIM=k
18663978	42	RESP=1
18676644	42	STIM=z
18680847	42	RESP=1
18693098	42	STIM=q
18696910	42	RESP=1
18710009	42	STIM=0
18713907	42	RESP=2
18728354	42	STIM=b
18734495	42	RESP=1
18743718	42	STIM=g
18747654	42	RESP=1
18762547	42	STIM=m
18768864	42	RESP=1
18780854	42	STIM=9
18787976	42	RESP=2
18797864	42	STIM=9
18801394	42	RESP=2
18813758	42	STIM=s
18817857	42	RESP=1
18832443	42	STIM=f
18844322	42	RESP=1
18850383	42	STIM=3
18854781	42	RESP=2
18866619	42	STIM=6
18871456	42	RESP=2
18882512	42	STIM=w
18887659	42	RESP=1
18899244	42	STIM=x
18902747	42	RESP=1
18916948	42	STIM=2
18921037	42	RESP=2
18934156	42	STIM=n
18938860	42	RESP=1
18951282	42	STIM=3
18958102	42	RESP=2
18969937	42	STIM=z
18977202	42	RESP=1
18986963	42	STIM=5
18993266	42	RESP=2
19003556	42	STIM=r
19008464	42	RESP=1
19021302	42	STIM=m
19029273	42	RESP=1
19038850	42	STIM=j
19042307	42	RESP=1
19057354	42	STIM=1
19061571	42	RESP=2
19073234	42	STIM=l
19076505	42	RESP=1
19089937	42	STIM=w
19100290	42	RESP=1
19108696	42	STIM=g
19114141	42	RESP=1
19127103	42	STIM=j
19134103	42	RESP=1
19145133	42	STIM=e
19152899	42	RESP=1
19162760	42	STIM=q
19167012	42	RESP=1
19179307	42	STIM=i
19183171	42	RESP=1
19197713	42	STIM=8
19204054	42	RESP=2
19214722	42	STIM=m
19219163	42	RESP=1
19232965	42	STIM=d
19240472	42	RESP=1
19249244	42	STIM=h
19252807	42	RESP=1
19267687	42	STIM=l
19270985	42	RESP=1
19285703	42	STIM=f
19289107	42	RESP=1
19303165	42	STIM=b
19307421	42	RESP=2
19320807	42	STIM=d
19326187	42	RESP=1
19338563	42	STIM=l
19346926	42	RESP=1
19357413	42	STIM=j
19361130	42	RESP=1
19372846	42	STIM=x
19377105	42	RESP=1
19391610	42	STIM=l
19397531	42	RESP=1
19409292	42	STIM=j
19412020	42	RESP=1
19424458	42	STIM=3
19430769	42	RESP=2
19442892	42	STIM=j
19445417	42	RESP=2
19460563	42	STIM=g
19465863	42	RESP=1
19477650	42	STIM=q
19481510	42	RESP=1
19495598	42	STIM=g
19499739	42	RESP=1
19511919	42	STIM=j
19514396	42	RESP=1
19530871	42	STIM=8
19535331	42	RESP=2
19548983	42	STIM=6
19555373	42	RESP=1
19565486	42	STIM=w
19570471	42	RESP=1
19584050	42	STIM=w
19586946	42	RESP=1
19600787	42	STIM=q
19605712	42	RESP=2
19618227	42	STIM=p
19622469	42	RESP=1
19634517	42	STIM=f
19637643	42	RESP=1
19650608	42	STIM=z
19654721	42	RESP=1
19668742	42	STIM=u
19673523	42	RESP=1
19686631	42	STIM=d
19689463	42	RESP=1
19702675	42	STIM=o
19713660	42	RESP=1
19718099	42	STIM=2
19723890	42	RESP=2
19733873	42	STIM=t
19738340	42	RESP=1
19749914	42	STIM=0
19754826	42	RESP=2
19767494	42	STIM=u
19770740	42	RESP=1
19785775	42	STIM=m
19792427	42	RESP=1
19804024	42	STIM=n
19813981	42	RESP=1
19820123	42	STIM=a
19826490	42	RESP=1
19836644	42	STIM=u
19840360	42	RESP=2
19853555	42	STIM=i
19857149	42	RESP=1
19872451	42	STIM=e
19875911	42	RESP=1
19890449	42	STIM=y
19895132	42	RESP=1
19908085	42	STIM=a
19913928	42	RESP=1
19925736	42	STIM=9
19929907	42	RESP=2
19941969	42	STIM=l
19946428	42	RESP=1
19958817	42	STIM=y
19961805	42	RESP=2
19975496	42	STIM=e
19980768	42	RESP=2
19992723	42	STIM=6
19997892	42	RESP=2
20009119	42	STIM=u
20014135	42	RESP=1
20024361	42	STIM=1
20028534	42	RESP=2
20039976	42	STIM=f
20044956	42	RESP=1
20058218	42	STIM=a
20061681	42	RESP=1
20075435	42	STIM=7
20081810	42	RESP=2
20092365	42	STIM=b
20099943	42	RESP=1
20107898	42	STIM=j
20110511	42	RESP=1
20123321	42	STIM=s
20127670	42	RESP=2
20139968	42	STIM=5
20145633	42	RESP=2
20158232	42	STIM=t
20164278	42	RESP=2
20175875	42	STIM=w
20179352	42	RESP=1
20191915	42	STIM=d
20195756	42	RESP=1
20208812	42	STIM=x
20214503	42	RESP=1
20227569	42	STIM=w
20230662	42	RESP=1
20243595	42	STIM=7
20249415	42	RESP=2
20261915	42	STIM=e
20266170	42	RESP=1
20277650	42	STIM=v
20282289	42	RESP=1
20295656	42	STIM=c
20302109	42	RESP=1
20310987	42	STIM=f
20315380	42	RESP=1
20327461	42	STIM=j
20331257	42	RESP=1
20345800	42	STIM=1
20349441	42	RESP=2
20362949	42	STIM=w
20368297	42	RESP=1
20381943	42	STIM=z
20384690	42	RESP=1
20397619	42	STIM=l
20402614	42	RESP=1
20416437	42	STIM=v
20421930	42	RESP=1
20432368	42	STIM=x
20434708	42	RESP=1
20447963	42	STIM=m
20454655	42	RESP=1
20464522	42	STIM=d
20468580	42	RESP=1
20482866	42	STIM=z
20497021	42	RESP=1
20499173	42	STIM=h
20501703	42	RESP=1
20514743	42	STIM=h
20518826	42	RESP=1
20529998	42	STIM=e
20535316	42	RESP=1
20546549	42	STIM=h
20552851	42	RESP=1
20563883	42	STIM=w
20567600	42	RESP=1
20579364	42	STIM=c
20583387	42	RESP=1
20597119	42	STIM=u
20599910	42	RESP=1
20614192	42	STIM=s
20619000	42	RESP=1
20632706	42	STIM=0
20640842	42	RESP=2
20648949	42	STIM=8
20654092	42	RESP=2
20665634	42	STIM=1
20672040	42	RESP=2
20683756	42	STIM=x
20687827	42	RESP=1
20701421	42	STIM=r
20706846	42	RESP=1
20720266	42	STIM=m
20723736	42	RESP=1
20737870	42	STIM=o
20743744	42	RESP=1
20754232	42	STIM=y
20758643	42	RESP=1
20770210	42	STIM=j
20773799	42	RESP=1
20785345	42	STIM=z
20788531	42	RESP=1
20803603	42	STIM=y
20807816	42	RESP=1
20821590	42	STIM=t
20826349	42	RESP=1
20839204	42	STIM=1
20845123	42	RESP=2
20855839	42	STIM=y
20861980	42	RESP=1
20872881	42	STIM=r
20878675	42	RESP=1
20889545	42	STIM=j
20893631	42	RESP=1
20905783	42	STIM=e
20910012	42	RESP=1
20922926	42	STIM=z
20928177	42	RESP=1
20941856	42	STIM=b
20945317	42	RESP=1
20957217	42	STIM=c
20969339	42	RESP=1
20972680	42	STIM=c
20979632	42	RESP=1
20987732	42	STIM=3
20992833	42	RESP=2
21004162	42	STIM=8
21013310	42	RESP=2
21020823	42	STIM=o
21027515	42	RESP=1
21037781	42	STIM=r
21042015	42	RESP=1
21054228	42	STIM=y
21059148	42	RESP=1
21073028	42	STIM=n
21075630	42	RESP=1
21091352	42	STIM=e
21095500	42	RESP=1
21106463	42	STIM=a
21111833	42	RESP=1
21122894	42	STIM=h
21127259	42	RESP=1
21140583	42	STIM=j
21146119	42	RESP=1
21156192	42	STIM=8
21161850	42	RESP=1
21174787	42	STIM=4
21181551	42	RESP=2
21192382	42	STIM=9
21199294	42	RESP=2
21208285	42	STIM=j
21212111	42	RESP=1
21223579	42	STIM=d
21232193	42	RESP=1
21240242	42	STIM=m
21245465	42	RESP=1
21256742	42	STIM=z
21260990	42	RESP=1
21275325	42	STIM=8
21282116	42	RESP=2
21293848	42	STIM=w
21299124	42	RESP=1
21311564	42	STIM=h
21316500	42	RESP=1
21326873	42	STIM=z
21331639	42	RESP=1
21342736	42	STIM=c
21345985	42	RESP=1
21358775	42	STIM=i
21363281	42	RESP=1
21373949	42	STIM=x
21378648	42	RESP=1
21391198	42	STIM=a
21400262	42	RESP=1
21407961	42	STIM=z
21413387	42	RESP=1
21424374	42	STIM=a
21427391	42	RESP=1
21439692	42	STIM=o
21445320	42	RESP=1
21458568	42	STIM=e
21463136	42	RESP=1
21474088	42	STIM=r
21477477	42	RESP=1
21491518	42	STIM=i
21495429	42	RESP=1
21508996	42	STIM=w
21512506	42	RESP=1
21524577	42	STIM=0
21530656	42	RESP=2
21541308	42	STIM=4
21545883	42	RESP=2
21558858	42	STIM=3
21565344	42	RESP=2
21577663	42	STIM=s
21584832	42	RESP=1
21595819	42	STIM=k
21604972	42	RESP=1
21613376	42	STIM=e
21618963	42	RESP=1
21631686	42	STIM=u
21637597	42	RESP=1
21649808	42	STIM=u
21653343	42	RESP=1
21665879	42	STIM=t
21668781	42	RESP=1
21684052	42	STIM=h
21690789	42	RESP=1
21701143	42	STIM=6
21706450	42	RESP=2
21718220	42	STIM=b
21723019	42	RESP=1
21733566	42	STIM=p
21739872	42	RESP=1
21752205	42	STIM=m
21758179	42	RESP=2
21769048	42	STIM=l
21772459	42	RESP=1
21788006	42	STIM=l
21791030	42	RESP=1
21804628	42	STIM=x
21808303	42	RESP=1
21821923	42	STIM=a
21828779	42	RESP=1
21839585	42	STIM=y
21849114	42	RESP=1
