# Original filename: 0044_GWQ_2017-08-19.log
# Time unit: 100 us
# RARECAT=digit
#
# Time	HHGG	Event
34880	42	STIM=a
37680	42	RESP=1
50297	42	STIM=d
53762	42	RESP=1
66990	42	STIM=4
72295	42	RESP=2
85709	42	STIM=6
91143	42	RESP=2
104332	42	STIM=6
109688	42	RESP=2
120333	42	STIM=o
124646	42	RESP=1
136378	42	STIM=r
140702	42	RESP=1
154269	42	STIM=4
158356	42	RESP=2
171666	42	STIM=b
176262	42	RESP=1
187445	42	STIM=3
193608	42	RESP=2
205021	42	STIM=n
209938	42	RESP=1
223980	42	STIM=p
227509	42	RESP=1
240911	42	STIM=h
246830	42	RESP=1
258673	42	STIM=i
261242	42	RESP=1
273948	42	STIM=y
278380	42	RESP=1
289876	42	STIM=e
294490	42	RESP=1
308182	42	STIM=m
314868	42	RESP=1
323295	42	STIM=j
327718	42	RESP=1
340326	42	STIM=6
344628	42	RESP=2
358386	42	STIM=l
361902	42	RESP=1
374719	42	STIM=t
379996	42	RESP=1
392742	42	STIM=n
398007	42	RESP=1
411076	42	STIM=i
416383	42	RESP=1
428783	42	STIM=j
435300	42	RESP=2
445153	42	STIM=c
448673	42	RESP=1
461843	42	STIM=3
468976	42	RESP=2
478569	42	STIM=5
486578	42	RESP=2
494085	42	STIM=e
498376	42	RESP=1
511148	42	STIM=c
516026	42	RESP=1
528261	42	STIM=y
532101	42	RESP=1
543428	42	STIM=i
548692	42	RESP=1
561828	42	STIM=d
568055	42	RESP=1
579415	42	STIM=x
582718	42	RESP=1
594774	42	STIM=t
598690	42	RESP=1
613035	42	STIM=i
617979	42	RESP=1
631399	42	STIM=5
636205	42	RESP=2
647903	42	STIM=i
653845	42	RESP=1
663876	42	STIM=1
670367	42	RESP=2
682050	42	STIM=c
689737	42	RESP=1
697952	42	STIM=m
700944	42	RESP=1
715180	42	STIM=l
719510	42	RESP=1
733319	42	STIM=d
737205	42	RESP=1
751981	42	STIM=x
755803	42	RESP=1
767105	42	STIM=1
772254	42	RESP=2
782298	42	STIM=w
787230	42	RESP=1
797675	42	STIM=s
800987	42	RESP=1
813618	42	STIM=p
818514	42	RESP=1
831869	42	STIM=g
834868	42	RESP=1
848694	42	STIM=i
852971	42	RESP=1
867560	42	STIM=q
875902	42	RESP=1
884131	42	STIM=u
886627	42	RESP=1
902242	42	STIM=w
905641	42	RESP=1
919178	42	STIM=l
922415	42	RESP=1
937519	42	STIM=d
941408	42	RESP=1
954094	42	STIM=o
956963	42	RESP=1
969656	42	STIM=q
977308	42	RESP=1
987492	42	STIM=n
990893	42	RESP=1
1004880	42	STIM=6
1009002	42	RESP=2
1022757	42	STIM=m
1030199	42	RESP=1
1038845	42	STIM=t
1042177	42	RESP=1
1056718	42	STIM=s
1059568	42	RESP=2
1074679	42	STIM=f
1080284	42	RESP=1
1092487	42	STIM=w
1098229	42	RESP=1
1107558	42	STIM=f
1112379	42	RESP=1
1123286	42	STIM=g
1126210	42	RESP=1
1140020	42	STIM=c
1148060	42	RESP=1
1157656	42	STIM=r
1164896	42	RESP=1
1176126	42	STIM=x
1183646	42	RESP=1
1191501	42	STIM=0
1195179	42	RESP=1
1210428	42	STIM=s
1213700	42	RESP=1
1227200	42	STIM=s
1232992	42	RESP=1
1246144	42	STIM=3
1252390	42	RESP=2
1265051	42	STIM=z
1270503	42	RESP=1
1281497	42	STIM=m
1287149	42	RESP=1
1300035	42	STIM=8
1303721	42	RESP=2
1315971	42	STIM=p
1320436	42	RESP=1
1333656	42	STIM=t
1338026	42	RESP=1
1351352	42	STIM=v
1355621	42	RESP=1
1368553	42	STIM=8
1372614	42	RESP=2
1384726	42	STIM=b
1389100	42	RESP=1
1403626	42	STIM=9
1409860	42	RESP=2
1420738	42	STIM=i
1426411	42	RESP=1
1436496	42	STIM=e
1439507	42	RESP=1
1452797	42	STIM=c
1455882	42	RESP=1
1470463	42	STIM=q
1476122	42	RESP=1
1485947	42	STIM=8
1490972	42	RESP=2
1502342	42	STIM=f
1506833	42	RESP=1
1518158	42	STIM=h
1526308	42	RESP=2
1535792	42	STIM=h
1540889	42	RESP=1
1551686	42	STIM=m
1559370	42	RESP=1
1567608	42	STIM=v
1572516	42	RESP=1
1585361	42	STIM=u
1592635	42	RESP=1
1601138	42	STIM=o
1603775	42	RESP=1
1619765	42	STIM=r
1623750	42	RESP=2
1637168	42	STIM=p
1641019	42	RESP=1
1652493	42	STIM=w
1657350	42	RESP=1
1667584	42	STIM=9
1671227	42	RESP=2
1683485	42	STIM=7
1690626	42	RESP=2
1702225	42	STIM=3
1711319	42	RESP=2
1717584	42	STIM=s
1724981	42	RESP=1
1734464	42	STIM=5
1739936	42	RESP=2
1753446	42	STIM=d
1759017	42	RESP=1
1771511	42	STIM=o
1774013	42	RESP=1
1790021	42	STIM=5
1796139	42	RESP=2
1808196	42	STIM=t
1814499	42	RESP=1
1825832	42	STIM=x
1829797	42	RESP=1
1841375	42	STIM=c
1848758	42	RESP=1
1858170	42	STIM=c
1861846	42	RESP=1
1874672	42	STIM=d
1881633	42	RESP=2
1893258	42	STIM=w
1896430	42	RESP=1
1908917	42	STIM=3
1914217	42	RESP=2
1925475	42	STIM=p
1928881	42	RESP=1
1943095	42	STIM=8
1949431	42	RESP=2
1959158	42	STIM=r
1963045	42	RESP=1
1974595	42	STIM=p
1979834	42	RESP=1
1992603	42	STIM=a
1995702	42	RESP=1
2009834	42	STIM=7
2015666	42	RESP=2
2027213	42	STIM=k
2030807	42	RESP=1
2045831	42	STIM=s
2050616	42	RESP=2
2062509	42	STIM=n
2067188	42	RESP=1
2080777	42	STIM=r
2086010	42	RESP=1
2096568	42	STIM=w
2101096	42	RESP=1
2111942	42	STIM=e
2115873	42	RESP=1
2127420	42	STIM=2
2131046	42	RESP=2
2146007	42	STIM=w
2151042	42	RESP=1
2163617	42	STIM=m
2170126	42	RESP=1
2178674	42	STIM=3
2183275	42	RESP=2
2195532	42	STIM=n
2200504	42	RESP=1
2212921	42	STIM=j
2218442	42	RESP=1
2230971	42	STIM=s
2234751	42	RESP=1
2246381	42	STIM=n
2253493	42	RESP=1
2263516	42	STIM=h
2271305	42	RESP=1
2280665	42	STIM=v
2286463	42	RESP=1
2298191	42	STIM=x
2302122	42	RESP=2
2315928	42	STIM=s
2320112	42	RESP=1
2334875	42	STIM=u
2338568	42	RESP=1
2351532	42	STIM=5
2356495	42	RESP=2
2367314	42	STIM=r
2370644	42	RESP=1
2382449	42	STIM=r
2387266	42	RESP=1
2399580	42	STIM=f
2405064	42	RESP=1
2414910	42	STIM=y
2418861	42	RESP=1
2430426	42	STIM=i
2433469	42	RESP=1
2449241	42	STIM=7
2455958	42	RESP=2
2466321	42	STIM=6
2475942	42	RESP=2
2484636	42	STIM=p
2488922	42	RESP=1
2503558	42	STIM=m
2506758	42	RESP=1
2520157	42	STIM=a
2523036	42	RESP=1
2538344	42	STIM=1
2543120	42	RESP=2
2554831	42	STIM=s
2557991	42	RESP=1
2571932	42	STIM=6
2576897	42	RESP=1
2587694	42	STIM=e
2592817	42	RESP=1
2603130	42	STIM=t
2607224	42	RESP=1
2618349	42	STIM=f
2625935	42	RESP=1
2634402	42	STIM=i
2640499	42	RESP=1
2652703	42	STIM=l
2658352	42	RESP=1
2669299	42	STIM=u
2674396	42	RESP=2
2686295	42	STIM=q
2694831	42	RESP=1
2703432	42	STIM=l
2707649	42	RESP=1
2718892	42	STIM=g
2723651	42	RESP=1
2734661	42	STIM=f
2738037	42	RESP=1
2752090	42	STIM=l
2758014	42	RESP=1
2770425	42	STIM=3
2773691	42	RESP=2
2788867	42	STIM=o
2793403	42	RESP=1
2803981	42	STIM=v
2808796	42	RESP=1
2819882	42	STIM=3
2824647	42	RESP=2
2836397	42	STIM=d
2839839	42	RESP=1
2855308	42	STIM=0
2859574	42	RESP=1
2871696	42	STIM=h
2878455	42	RESP=1
2887208	42	STIM=v
2889527	42	RESP=1
2903798	42	STIM=i
2907506	42	RESP=1
2919835	42	STIM=n
2924359	42	RESP=1
2937488	42	STIM=e
2941174	42	RESP=1
2955101	42	STIM=a
2961262	42	RESP=1
2972769	42	STIM=e
2976678	42	RESP=1
2990516	42	STIM=z
2994313	42	RESP=1
3008780	42	STIM=d
3011837	42	RESP=2
3024268	42	STIM=h
3027850	42	RESP=1
3039959	42	STIM=v
3046321	42	RESP=1
3057886	42	STIM=x
3062240	42	RESP=1
3074840	42	STIM=6
3079882	42	RESP=2
3092987	42	STIM=a
3097226	42	RESP=1
3110023	42	STIM=b
3115065	42	RESP=1
3127236	42	STIM=x
3131433	42	RESP=1
3144432	42	STIM=3
3149005	42	RESP=2
3160924	42	STIM=n
3165830	42	RESP=1
3179082	42	STIM=w
3183906	42	RESP=1
3195930	42	STIM=l
3198888	42	RESP=1
3214289	42	STIM=o
3217846	42	RESP=1
3232158	42	STIM=2
3237120	42	RESP=2
3250909	42	STIM=1
3255833	42	RESP=2
3268898	42	STIM=1
3273910	42	RESP=2
3287001	42	STIM=m
3293449	42	RESP=1
3305446	42	STIM=d
3309931	42	RESP=1
3321823	42	STIM=t
3328533	42	RESP=1
3340604	42	STIM=1
3346873	42	RESP=2
3359391	42	STIM=u
3364934	42	RESP=1
3376592	42	STIM=v
3380953	42	RESP=1
3395442	42	STIM=2
3400483	42	RESP=2
3411616	42	STIM=0
3421546	42	RESP=2
3430556	42	STIM=8
3435611	42	RESP=1
3448982	42	STIM=t
3456951	42	RESP=1
3466012	42	STIM=w
3471753	42	RESP=1
3482558	42	STIM=1
3486264	42	RESP=2
3498203	42	STIM=n
3500520	42	RESP=1
3515510	42	STIM=6
3519941	42	RESP=1
3533928	42	STIM=q
3539806	42	RESP=1
3551502	42	STIM=t
3558988	42	RESP=2
3567855	42	STIM=6
3571493	42	RESP=2
3585618	42	STIM=v
3588729	42	RESP=1
3601931	42	STIM=b
3606988	42	RESP=1
3620160	42	STIM=g
3623736	42	RESP=1
3635923	42	STIM=5
3640704	42	RESP=2
3653536	42	STIM=h
3657330	42	RESP=2
3672139	42	STIM=o
3677068	42	RESP=1
3690398	42	STIM=a
3694624	42	RESP=1
3708509	42	STIM=v
3711321	42	RESP=1
3723945	42	STIM=1
3727961	42	RESP=1
3742413	42	STIM=p
3746916	42	RESP=1
3759388	42	STIM=f
3763980	42	RESP=1
3775722	42	STIM=2
3782236	42	RESP=2
3791490	42	STIM=m
3794644	42	RESP=1
3809699	42	STIM=y
3813875	42	RESP=1
3828095	42	STIM=x
3835232	42	RESP=1
3843340	42	STIM=a
3847340	42	RESP=2
3859535	42	STIM=o
3862498	42	RESP=1
3874937	42	STIM=v
3880237	42	RESP=1
3892657	42	STIM=w
3896983	42	RESP=1
3909151	42	STIM=o
3913802	42	RESP=1
3925410	42	STIM=e
3931218	42	RESP=1
3942615	42	STIM=r
3946117	42	RESP=1
3961058	42	STIM=r
3965170	42	RESP=1
3979408	42	STIM=4
3982854	42	RESP=2
3996682	42	STIM=k
4003255	42	RESP=1
4012749	42	STIM=e
4020644	42	RESP=1
4027915	42	STIM=4
4032610	42	RESP=2
4044338	42	STIM=9
4048396	42	RESP=2
4060592	42	STIM=2
4065528	42	RESP=2
4077636	42	STIM=c
4084790	42	RESP=1
4093712	42	STIM=g
4096425	42	RESP=1
4111580	42	STIM=g
4115897	42	RESP=1
4130361	42	STIM=k
4134597	42	RESP=1
4145537	42	STIM=j
4149411	42	RESP=1
4160927	42	STIM=o
4164414	42	RESP=1
4178510	42	STIM=p
4182969	42	RESP=1
4194257	42	STIM=m
4197332	42	RESP=1
4212681	42	STIM=x
4220561	42	RESP=1
4230783	42	STIM=b
4237340	42	RESP=1
4247767	42	STIM=w
4253911	42	RESP=1
4263203	42	STIM=5
4266915	42	RESP=2
4282059	42	STIM=3
4286218	42	RESP=2
4298745	42	STIM=q
4304231	42	RESP=1
4313747	42	STIM=k
4317954	42	RESP=1
4332308	42	STIM=c
4336300	42	RESP=1
4351252	42	STIM=y
4357018	42	RESP=1
4367698	42	STIM=4
4372850	42	RESP=2
4383728	42	STIM=2
4394345	42	RESP=1
4400229	42	STIM=t
4405205	42	RESP=1
4416444	42	STIM=6
4422168	42	RESP=2
4432398	42	STIM=n
4436624	42	RESP=1
4449523	42	STIM=r
4455048	42	RESP=2
4467475	42	STIM=c
4473453	42	RESP=1
4485083	42	STIM=3
4492180	42	RESP=2
4503824	42	STIM=8
4514644	42	RESP=1
4520480	42	STIM=h
4524230	42	RESP=1
4538578	42	STIM=6
4544396	42	RESP=2
4557307	42	STIM=p
4559832	42	RESP=1
4574533	42	STIM=q
4579733	42	RESP=1
4590571	42	STIM=p
4595285	42	RESP=1
4609099	42	STIM=a
4613895	42	RESP=1
4626374	42	STIM=5
4631130	42	RESP=2
4641569	42	STIM=n
4646392	42	RESP=1
4659638	42	STIM=r
4664424	42	RESP=1
4676818	42	STIM=h
4681963	42	RESP=1
4695312	42	STIM=q
4699302	42	RESP=1
4714077	42	STIM=s
4717899	42	RESP=1
4732612	42	STIM=s
4737435	42	RESP=1
4751039	42	STIM=w
4754231	42	RESP=1
4768657	42	STIM=b
4772125	42	RESP=1
4786311	42	STIM=w
4790991	42	RESP=1
4804413	42	STIM=q
4809191	42	RESP=1
4821735	42	STIM=z
4829562	42	RESP=1
4839610	42	STIM=y
4845159	42	RESP=1
4856386	42	STIM=y
4859413	42	RESP=1
4875367	42	STIM=0
4878753	42	RESP=2
4893101	42	STIM=c
4897939	42	RESP=1
4909080	42	STIM=8
4913762	42	RESP=2
4925762	42	STIM=r
4930784	42	RESP=1
4942787	42	STIM=l
4948118	42	RESP=1
4958205	42	STIM=u
4962827	42	RESP=1
4977030	42	STIM=d
4982548	42	RESP=1
4995975	42	STIM=c
5001519	42	RESP=1
5014465	42	STIM=n
5016976	42	RESP=1
5031194	42	STIM=t
5038003	42	RESP=1
5050028	42	STIM=a
5053823	42	RESP=1
5067256	42	STIM=j
5071473	42	RESP=1
5083181	42	STIM=i
5087457	42	RESP=1
5098259	42	STIM=r
5103606	42	RESP=1
5116106	42	STIM=2
5123590	42	RESP=1
5132881	42	STIM=8
5139815	42	RESP=2
5150327	42	STIM=z
5154250	42	RESP=1
5168834	42	STIM=k
5171772	42	RESP=1
5185158	42	STIM=p
5189355	42	RESP=1
5203583	42	STIM=9
5208750	42	RESP=2
5222304	42	STIM=s
5228558	42	RESP=1
5240944	42	STIM=u
5244898	42	RESP=1
5258411	42	STIM=k
5263742	42	RESP=1
5274304	42	STIM=m
5277989	42	RESP=1
5290381	42	STIM=8
5297202	42	RESP=2
5308920	42	STIM=p
5315910	42	RESP=1
5326054	42	STIM=q
5331546	42	RESP=1
5341533	42	STIM=m
5344622	42	RESP=1
5358789	42	STIM=t
5361578	42	RESP=1
5376395	42	STIM=c
5379547	42	RESP=1
5392218	42	STIM=t
5395948	42	RESP=1
5408056	42	STIM=t
5411189	42	RESP=1
5424374	42	STIM=s
5427093	42	RESP=1
5442612	42	STIM=g
5447421	42	RESP=1
5458663	42	STIM=q
5461869	42	RESP=1
5476664	42	STIM=v
5481397	42	RESP=1
5493004	42	STIM=p
5496286	42	RESP=1
5510130	42	STIM=8
5517795	42	RESP=1
5525642	42	STIM=g
5529121	42	RESP=1
5542969	42	STIM=i
5548385	42	RESP=1
5558921	42	STIM=f
5563680	42	RESP=1
5575094	42	STIM=b
5581632	42	RESP=1
5592910	42	STIM=4
5597990	42	RESP=2
5610694	42	STIM=l
5614936	42	RESP=1
5628448	42	STIM=q
5635428	42	RESP=1
5643729	42	STIM=c
5647729	42	RESP=1
5662632	42	STIM=y
5669076	42	RESP=1
5681012	42	STIM=c
5685200	42	RESP=1
5698558	42	STIM=7
5702168	42	RESP=2
5715990	42	STIM=t
5718862	42	RESP=1
5732932	42	STIM=y
5740113	42	RESP=1
5751374	42	STIM=b
5756065	42	RESP=1
5767067	42	STIM=s
5770286	42	RESP=1
5782983	42	STIM=n
5788041	42	RESP=1
5798212	42	STIM=p
5802902	42	RESP=1
5814903	42	STIM=l
5818291	42	RESP=1
5830388	42	STIM=x
5837987	42	RESP=1
5848592	42	STIM=z
5852244	42	RESP=1
5867048	42	STIM=x
5875081	42	RESP=1
5885844	42	STIM=e
5892319	42	RESP=1
5903591	42	STIM=f
5907341	42	RESP=1
5922331	42	STIM=5
5926505	42	RESP=2
5938968	42	STIM=c
5942897	42	RESP=1
5957361	42	STIM=f
5964440	42	RESP=1
5972763	42	STIM=z
5977449	42	RESP=1
5991048	42	STIM=8
5995125	42	RESP=2
6006673	42	STIM=3
6015338	42	RESP=2
6025494	42	STIM=7
6029232	42	RESP=2
6043736	42	STIM=o
6046829	42	RESP=1
6059794	42	STIM=e
6064273	42	RESP=1
6077189	42	STIM=j
6080507	42	RESP=1
6095716	42	STIM=z
6099974	42	RESP=1
6111152	42	STIM=0
6116565	42	RESP=2
6127073	42	STIM=6
6131572	42	RESP=2
6145084	42	STIM=o
6151081	42	RESP=1
6163743	42	STIM=i
6166819	42	RESP=1
6181261	42	STIM=2
6187058	42	RESP=2
6196481	42	STIM=m
6199381	42	RESP=1
6214366	42	STIM=d
6225331	42	RESP=1
6232875	42	STIM=4
6236688	42	RESP=1
6251057	42	STIM=c
6254263	42	RESP=1
6269223	42	STIM=x
6273297	42	RESP=1
6287799	42	STIM=t
6291768	42	RESP=2
6303996	42	STIM=q
6308507	42	RESP=1
6321765	42	STIM=n
6325336	42	RESP=1
6337608	42	STIM=i
6340870	42	RESP=1
6353918	42	STIM=a
6360935	42	RESP=1
6369950	42	STIM=u
6376535	42	RESP=1
6386944	42	STIM=b
6392523	42	RESP=1
6403765	42	STIM=1
6410164	42	RESP=2
6419368	42	STIM=i
6426627	42	RESP=1
6435312	42	STIM=4
6441352	42	RESP=2
6453213	42	STIM=0
6458309	42	RESP=2
6468436	42	STIM=x
6472655	42	RESP=1
6483861	42	STIM=r
6491064	42	RESP=1
6501675	42	STIM=y
6507737	42	RESP=1
6518484	42	STIM=2
6524100	42	RESP=2
6534183	42	STIM=3
6538786	42	RESP=2
6551036	42	STIM=y
6556593	42	RESP=1
6568720	42	STIM=r
6575959	42	RESP=1
6584787	42	STIM=y
6589542	42	RESP=1
6602056	42	STIM=a
6606976	42	RESP=1
6620810	42	STIM=o
6625959	42	RESP=1
6639406	42	STIM=t
6643867	42	RESP=1
6654759	42	STIM=9
6660457	42	RESP=2
6669788	42	STIM=p
6673785	42	RESP=1
6687541	42	STIM=j
6691325	42	RESP=1
6703468	42	STIM=b
6707276	42	RESP=1
6720655	42	STIM=c
6725458	42	RESP=1
6735884	42	STIM=7
6748158	42	RESP=2
6750982	42	STIM=8
6755977	42	RESP=1
6768183	42	STIM=1
6777252	42	RESP=1
6784746	42	STIM=o
6790003	42	RESP=1
6801612	42	STIM=m
6806301	42	RESP=1
6818711	42	STIM=e
6825521	42	RESP=1
6834366	42	STIM=d
6838573	42	RESP=1
6850997	42	STIM=v
6856654	42	RESP=1
6869634	42	STIM=m
6874563	42	RESP=1
6885643	42	STIM=z
6890437	42	RESP=1
6901865	42	STIM=t
6906703	42	RESP=1
6918620	42	STIM=f
6926122	42	RESP=1
6934750	42	STIM=e
6938885	42	RESP=1
6950044	42	STIM=2
6955237	42	RESP=2
6966716	42	STIM=1
6973006	42	RESP=2
6985701	42	STIM=g
6989843	42	RESP=1
7004293	42	STIM=7
7010912	42	RESP=2
7019913	42	STIM=6
7026671	42	RESP=2
7036961	42	STIM=n
7042403	42	RESP=1
7052243	42	STIM=k
7057797	42	RESP=1
7069792	42	STIM=v
7073873	42	RESP=1
7085771	42	STIM=j
7090069	42	RESP=1
7102162	42	STIM=x
7106956	42	RESP=1
7117825	42	STIM=5
7125024	42	RESP=2
7135699	42	STIM=0
7142528	42	RESP=2
7153344	42	STIM=b
7157982	42	RESP=1
7171887	42	STIM=w
7174819	42	RESP=1
7189126	42	STIM=y
7197724	42	RESP=1
7204331	42	STIM=c
7208985	42	RESP=1
7221749	42	STIM=m
7224919	42	RESP=1
7239522	42	STIM=8
7243785	42	RESP=2
7254685	42	STIM=d
7257927	42	RESP=1
7272903	42	STIM=h
7276360	42	RESP=1
7289089	42	STIM=x
7292579	42	RESP=1
7306211	42	STIM=p
7309764	42	RESP=1
7323417	42	STIM=r
7327372	42	RESP=1
7339049	42	STIM=e
7342210	42	RESP=1
7354127	42	STIM=p
7359154	42	RESP=1
7369887	42	STIM=w
7373992	42	RESP=1
7384950	42	STIM=7
7390709	42	RESP=1
7403066	42	STIM=9
7412204	42	RESP=2
7421061	42	STIM=e
7425637	42	RESP=1
7439681	42	STIM=d
7445479	42	RESP=1
7458399	42	STIM=9
7464954	42	RESP=2
7476945	42	STIM=l
7481867	42	RESP=1
7494767	42	STIM=f
7498138	42	RESP=1
7511447	42	STIM=2
7514992	42	RESP=2
7526697	42	STIM=j
7529182	42	RESP=1
7542585	42	STIM=l
7546097	42	RESP=2
7558730	42	STIM=u
7564007	42	RESP=1
7576899	42	STIM=n
7580976	42	RESP=1
7593834	42	STIM=x
7598095	42	RESP=1
7610983	42	STIM=i
7614683	42	RESP=2
7629021	42	STIM=f
7640644	42	RESP=1
7645285	42	STIM=b
7652386	42	RESP=1
7661850	42	STIM=o
7665977	42	RESP=1
7677346	42	STIM=z
7681254	42	RESP=1
7695647	42	STIM=q
7698745	42	RESP=1
7713474	42	STIM=o
7717352	42	RESP=1
7729973	42	STIM=6
7737193	42	RESP=2
7746090	42	STIM=p
7755323	42	RESP=1
7762170	42	STIM=o
7766200	42	RESP=1
7779492	42	STIM=t
7784805	42	RESP=1
7797621	42	STIM=j
7801636	42	RESP=1
7812762	42	STIM=o
7818044	42	RESP=1
7830981	42	STIM=c
7833416	42	RESP=1
7847025	42	STIM=5
7853900	42	RESP=2
7864909	42	STIM=l
7872072	42	RESP=1
7883086	42	STIM=s
7888478	42	RESP=1
7898213	42	STIM=o
7901083	42	RESP=1
7917150	42	STIM=b
7924044	42	RESP=1
7933571	42	STIM=m
7938267	42	RESP=1
7949668	42	STIM=n
7955467	42	RESP=1
7964812	42	STIM=i
7969898	42	RESP=1
7980678	42	STIM=y
7986706	42	RESP=1
7999251	42	STIM=w
8004006	42	RESP=1
8018069	42	STIM=p
8026377	42	RESP=1
8035181	42	STIM=r
8039937	42	RESP=1
8053070	42	STIM=p
8058129	42	RESP=1
8071163	42	STIM=f
8076981	42	RESP=1
8090051	42	STIM=z
8096258	42	RESP=1
8108194	42	STIM=n
8111173	42	RESP=1
8123963	42	STIM=a
8131925	42	RESP=1
8141283	42	STIM=f
8146366	42	RESP=1
8159390	42	STIM=m
8162464	42	RESP=1
8177188	42	STIM=c
8183372	42	RESP=1
8194980	42	STIM=l
8199603	42	RESP=2
8210495	42	STIM=d
8215890	42	RESP=1
8226820	42	STIM=q
8230532	42	RESP=1
8245044	42	STIM=n
8249732	42	RESP=1
8264042	42	STIM=u
8268019	42	RESP=2
8281886	42	STIM=t
8293261	42	RESP=1
8298606	42	STIM=i
8302524	42	RESP=1
8313977	42	STIM=s
8319289	42	RESP=1
8331680	42	STIM=h
8337340	42	RESP=1
8348229	42	STIM=y
8351700	42	RESP=1
8367073	42	STIM=9
8373683	42	RESP=2
8383912	42	STIM=q
8386238	42	RESP=1
8401525	42	STIM=k
8406995	42	RESP=1
8418503	42	STIM=4
8423980	42	RESP=2
8435288	42	STIM=z
8441509	42	RESP=1
8452832	42	STIM=0
8457878	42	RESP=2
8468173	42	STIM=g
8478854	42	RESP=1
8484522	42	STIM=z
8489751	42	RESP=1
8502958	42	STIM=t
8509766	42	RESP=1
8521866	42	STIM=3
8528808	42	RESP=2
8539367	42	STIM=r
8544721	42	RESP=1
8558326	42	STIM=u
8564718	42	RESP=1
8574756	42	STIM=7
8581309	42	RESP=2
8590430	42	STIM=n
8594158	42	RESP=1
8607706	42	STIM=m
8611550	42	RESP=1
8625547	42	STIM=g
8629211	42	RESP=1
8641607	42	STIM=0
8645344	42	RESP=2
8656725	42	STIM=v
8661610	42	RESP=1
8673550	42	STIM=w
8678517	42	RESP=1
8692447	42	STIM=z
8696825	42	RESP=1
8709242	42	STIM=x
8713512	42	RESP=1
8727432	42	STIM=y
8731052	42	RESP=1
8744885	42	STIM=e
8748570	42	RESP=1
8763614	42	STIM=i
8766841	42	RESP=1
8780496	42	STIM=c
8784342	42	RESP=1
8796520	42	STIM=j
8805327	42	RESP=1
8813568	42	STIM=s
8818990	42	RESP=1
8830925	42	STIM=b
8835984	42	RESP=2
8847846	42	STIM=t
8854074	42	RESP=1
8864676	42	STIM=f
8872162	42	RESP=1
8881930	42	STIM=y
8885072	42	RESP=1
8900767	42	STIM=a
8904881	42	RESP=1
8918011	42	STIM=j
8922301	42	RESP=1
8934563	42	STIM=7
8938663	42	RESP=2
8953339	42	STIM=q
8960953	42	RESP=1
8970150	42	STIM=x
8973921	42	RESP=1
8988550	42	STIM=e
8992105	42	RESP=1
9005590	42	STIM=x
9012431	42	RESP=1
9022188	42	STIM=f
9026131	42	RESP=1
9040354	42	STIM=n
9042888	42	RESP=2
9056882	42	STIM=0
9062648	42	RESP=2
9075142	42	STIM=v
9080049	42	RESP=1
9092360	42	STIM=f
9096517	42	RESP=2
9111331	42	STIM=c
9114832	42	RESP=1
9129547	42	STIM=x
9137792	42	RESP=1
9144874	42	STIM=j
9150032	42	RESP=1
9161293	42	STIM=5
9166424	42	RESP=2
9178312	42	STIM=z
9182528	42	RESP=1
9195615	42	STIM=y
9199030	42	RESP=1
9213463	42	STIM=v
9218722	42	RESP=1
9231295	42	STIM=2
9235799	42	RESP=2
9247160	42	STIM=e
9255326	42	RESP=1
9263514	42	STIM=p
9267849	42	RESP=1
9279305	42	STIM=8
9284433	42	RESP=2
9295588	42	STIM=0
9302371	42	RESP=2
9313960	42	STIM=a
9316886	42	RESP=1
9331495	42	STIM=n
9339746	42	RESP=1
9348063	42	STIM=w
9354278	42	RESP=1
9363763	42	STIM=m
9370112	42	RESP=1
9380167	42	STIM=y
9384360	42	RESP=1
9396224	42	STIM=n
9401850	42	RESP=1
9415058	42	STIM=m
9419245	42	RESP=1
9432509	42	STIM=r
9436758	42	RESP=1
9451174	42	STIM=a
9459462	42	RESP=1
9466962	42	STIM=s
9470713	42	RESP=1
9482302	42	STIM=7
9487896	42	RESP=2
9501058	42	STIM=q
9511730	42	RESP=1
9516788	42	STIM=b
9521911	42	RESP=1
9533324	42	STIM=j
9536514	42	RESP=1
9551691	42	STIM=y
9554655	42	RESP=1
9570559	42	STIM=5
9576105	42	RESP=2
9586264	42	STIM=m
9593788	42	RESP=1
9602120	42	STIM=2
9606685	42	RESP=2
9619062	42	STIM=u
9624570	42	RESP=1
9637172	42	STIM=d
9640211	42	RESP=1
9653602	42	STIM=g
9658491	42	RESP=1
9670061	42	STIM=y
9678840	42	RESP=1
9686475	42	STIM=4
9694010	42	RESP=2
9702612	42	STIM=2
9707803	42	RESP=2
9719307	42	STIM=o
9723778	42	RESP=1
9736081	42	STIM=x
9742510	42	RESP=1
9755032	42	STIM=o
9759101	42	RESP=1
9772104	42	STIM=o
9782073	42	RESP=1
9790566	42	STIM=x
9794364	42	RESP=1
9805711	42	STIM=b
9809697	42	RESP=1
9823965	42	STIM=z
9829904	42	RESP=1
9840080	42	STIM=p
9844892	42	RESP=1
9857979	42	STIM=6
9862712	42	RESP=1
9874112	42	STIM=w
9880250	42	RESP=1
9889164	42	STIM=2
9895303	42	RESP=2
9907000	42	STIM=i
9911608	42	RESP=1
9922028	42	STIM=8
9929225	42	RESP=2
9938594	42	STIM=w
9944373	42	RESP=1
9956694	42	STIM=n
9960237	42	RESP=1
9971811	42	STIM=3
9975792	42	RESP=2
9986863	42	STIM=m
9990578	42	RESP=1
10002734	42	STIM=p
10008165	42	RESP=2
10018313	42	STIM=u
10027367	42	RESP=1
10034613	42	STIM=m
10037691	42	RESP=1
10051641	42	STIM=h
10058359	42	RESP=1
10070339	42	STIM=g
10073869	42	RESP=1
10085969	42	STIM=i
10090079	42	RESP=1
10103638	42	STIM=f
10107696	42	RESP=1
10121166	42	STIM=g
10124585	42	RESP=1
10137640	42	STIM=h
10143945	42	RESP=1
10154453	42	STIM=q
10158365	42	RESP=1
10172213	42	STIM=d
10177033	42	RESP=1
10187696	42	STIM=m
10191500	42	RESP=1
10202765	42	STIM=a
10205917	42	RESP=1
10218133	42	STIM=t
10225615	42	RESP=1
10234771	42	STIM=y
10238317	42	RESP=1
10252329	42	STIM=k
10255377	42	RESP=1
10270917	42	STIM=v
10274906	42	RESP=1
10286318	42	STIM=q
10289427	42	RESP=1
10302487	42	STIM=k
10310025	42	RESP=1
10320124	42	STIM=n
10325819	42	RESP=1
10335678	42	STIM=d
10338961	42	RESP=1
10354348	42	STIM=2
10365126	42	RESP=2
10369922	42	STIM=e
10374211	42	RESP=1
10385633	42	STIM=z
10388157	42	RESP=1
10403998	42	STIM=g
10411384	42	RESP=1
10421813	42	STIM=r
10427484	42	RESP=1
10438191	42	STIM=r
10442661	42	RESP=1
10457049	42	STIM=0
10465875	42	RESP=2
10475331	42	STIM=6
10483764	42	RESP=2
10493221	42	STIM=q
10496974	42	RESP=1
10509037	42	STIM=d
10513669	42	RESP=1
10525160	42	STIM=f
10527559	42	RESP=1
10543073	42	STIM=k
10546137	42	RESP=1
10561725	42	STIM=4
10569461	42	RESP=2
10579958	42	STIM=4
10585699	42	RESP=1
10596486	42	STIM=l
10602942	42	RESP=1
10613958	42	STIM=5
10619199	42	RESP=2
10632631	42	STIM=e
10636472	42	RESP=1
10648355	42	STIM=w
10656072	42	RESP=1
10665165	42	STIM=i
10668432	42	RESP=1
10681891	42	STIM=h
10686219	42	RESP=1
10699233	42	STIM=s
10702181	42	RESP=1
10717493	42	STIM=e
10720963	42	RESP=1
10734106	42	STIM=i
10738450	42	RESP=1
10749115	42	STIM=u
10751945	42	RESP=1
10766571	42	STIM=v
10771095	42	RESP=1
10785032	42	STIM=e
10789871	42	RESP=2
10803941	42	STIM=0
10811945	42	RESP=2
10820431	42	STIM=w
10823872	42	RESP=1
10837357	42	STIM=7
10844268	42	RESP=2
10855915	42	STIM=a
10860730	42	RESP=1
10873994	42	STIM=r
10877768	42	RESP=1
10889520	42	STIM=k
10894588	42	RESP=1
10906870	42	STIM=b
10910212	42	RESP=1
10922113	42	STIM=a
10924634	42	RESP=1
10940262	42	STIM=y
10944731	42	RESP=1
10956589	42	STIM=j
10963265	42	RESP=1
10973264	42	STIM=k
10979655	42	RESP=1
10991386	42	STIM=d
10997613	42	RESP=1
11008937	42	STIM=e
11015365	42	RESP=1
11024617	42	STIM=w
11028531	42	RESP=1
11039812	42	STIM=u
11046183	42	RESP=1
11055665	42	STIM=p
11061429	42	RESP=1
11073324	42	STIM=d
11078270	42	RESP=1
11092195	42	STIM=j
11097131	42	RESP=1
11110301	42	STIM=f
11119953	42	RESP=1
11126370	42	STIM=k
11131704	42	RESP=1
11145154	42	STIM=v
11149814	42	RESP=1
11161450	42	STIM=a
11168674	42	RESP=1
11176742	42	STIM=8
11184861	42	RESP=2
11195637	42	STIM=y
11198838	42	RESP=1
11213056	42	STIM=n
11216500	42	RESP=1
11228664	42	STIM=t
11233167	42	RESP=1
11245596	42	STIM=d
11254553	42	RESP=1
11261681	42	STIM=3
11265689	42	RESP=2
11280646	42	STIM=b
11284366	42	RESP=1
11298125	42	STIM=7
11305627	42	RESP=2
11316829	42	STIM=c
11319561	42	RESP=1
11331930	42	STIM=l
11335996	42	RESP=1
11349634	42	STIM=z
11353236	42	RESP=1
11364708	42	STIM=w
11369267	42	RESP=1
11381477	42	STIM=5
11388120	42	RESP=2
11399522	42	STIM=d
11403516	42	RESP=1
11417918	42	STIM=j
11421554	42	RESP=1
11433467	42	STIM=z
11438404	42	RESP=1
11450567	42	STIM=a
11455120	42	RESP=1
11465569	42	STIM=j
11470551	42	RESP=1
11482778	42	STIM=0
11490630	42	RESP=2
11501706	42	STIM=o
11506161	42	RESP=1
11517609	42	STIM=t
11520777	42	RESP=1
11534554	42	STIM=b
11539362	42	RESP=1
11551666	42	STIM=e
11555316	42	RESP=2
11566884	42	STIM=c
11570811	42	RESP=1
11584718	42	STIM=i
11589333	42	RESP=1
11602876	42	STIM=m
11610249	42	RESP=1
11621448	42	STIM=z
11624355	42	RESP=1
11638448	42	STIM=1
11642648	42	RESP=2
11653948	42	STIM=s
11657072	42	RESP=1
11669387	42	STIM=1
11674384	42	RESP=1
11686136	42	STIM=0
11694502	42	RESP=2
11703009	42	STIM=a
11708795	42	RESP=1
11718519	42	STIM=e
11722528	42	RESP=1
11734627	42	STIM=4
11741166	42	RESP=1
11751996	42	STIM=x
11755912	42	RESP=1
11768450	42	STIM=x
11773839	42	RESP=1
11787193	42	STIM=v
11794805	42	RESP=1
11802916	42	STIM=z
11810104	42	RESP=1
11820473	42	STIM=h
11823716	42	RESP=1
11835697	42	STIM=o
11839928	42	RESP=1
11854213	42	STIM=w
11856997	42	RESP=1
11870578	42	STIM=7
11876456	42	RESP=2
11887407	42	STIM=4
11893615	42	RESP=2
11903834	42	STIM=s
11907968	42	RESP=1
11922098	42	STIM=8
11925279	42	RESP=2
11937258	42	STIM=v
11944192	42	RESP=1
11954409	42	STIM=g
11958200	42	RESP=1
11972120	42	STIM=8
11980681	42	RESP=1
11988993	42	STIM=s
11994026	42	RESP=1
12007292	42	STIM=t
12011979	42	RESP=1
12023790	42	STIM=m
12027721	42	RESP=1
12039089	42	STIM=d
12048382	42	RESP=1
12055181	42	STIM=m
12059697	42	RESP=1
12072214	42	STIM=b
12077835	42	RESP=1
12090077	42	STIM=h
12093867	42	RESP=1
12107666	42	STIM=z
12113180	42	RESP=1
12125592	42	STIM=a
12130240	42	RESP=1
12144413	42	STIM=6
12151334	42	RESP=2
12163412	42	STIM=b
12171468	42	RESP=1
12179737	42	STIM=k
12185895	42	RESP=1
12198391	42	STIM=m
12201976	42	RESP=1
12216183	42	STIM=j
12221270	42	RESP=1
12232337	42	STIM=g
12239833	42	RESP=1
12251299	42	STIM=g
12256771	42	RESP=1
12268574	42	STIM=9
12273305	42	RESP=2
12285309	42	STIM=6
12291503	42	RESP=2
12302169	42	STIM=n
12306821	42	RESP=1
12317846	42	STIM=4
12323966	42	RESP=2
12335957	42	STIM=j
12341531	42	RESP=1
12353702	42	STIM=t
12357823	42	RESP=1
12372108	42	STIM=a
12376894	42	RESP=1
12391083	42	STIM=a
12395394	42	RESP=1
12409095	42	STIM=w
12413305	42	RESP=2
12426656	42	STIM=n
12430862	42	RESP=1
12444411	42	STIM=x
12448467	42	RESP=1
12460332	42	STIM=x
12466815	42	RESP=1
12476737	42	STIM=w
12481125	42	RESP=1
12491788	42	STIM=f
12496918	42	RESP=1
12509315	42	STIM=7
12519025	42	RESP=2
12527846	42	STIM=a
12533213	42	RESP=1
12545850	42	STIM=m
12549281	42	RESP=1
12561526	42	STIM=q
12568271	42	RESP=1
12576812	42	STIM=9
12580200	42	RESP=1
12593806	42	STIM=0
12598585	42	RESP=2
12610223	42	STIM=a
12613754	42	RESP=1
12628068	42	STIM=d
12630972	42	RESP=1
12643846	42	STIM=b
12649262	42	RESP=1
12662711	42	STIM=e
12667939	42	RESP=1
12679046	42	STIM=t
12684268	42	RESP=1
12694991	42	STIM=h
12701913	42	RESP=1
12711775	42	STIM=m
12715063	42	RESP=1
12730636	42	STIM=n
12734812	42	RESP=1
12748454	42	STIM=7
12752208	42	RESP=2
12763998	42	STIM=3
12772292	42	RESP=2
12779949	42	STIM=m
12785270	42	RESP=2
12796001	42	STIM=p
12800788	42	RESP=1
12814910	42	STIM=f
12818743	42	RESP=1
12831425	42	STIM=l
12835113	42	RESP=1
12849480	42	STIM=b
12854741	42	RESP=2
12865091	42	STIM=l
12868336	42	RESP=1
12880597	42	STIM=t
12885414	42	RESP=1
12897413	42	STIM=e
12900275	42	RESP=1
12913886	42	STIM=3
12921427	42	RESP=2
12930510	42	STIM=y
12933838	42	RESP=1
12948027	42	STIM=c
12951498	42	RESP=1
12966136	42	STIM=y
12973045	42	RESP=1
12981652	42	STIM=g
12985297	42	RESP=1
12997387	42	STIM=2
13002272	42	RESP=2
13015244	42	STIM=d
13018573	42	RESP=1
13033273	42	STIM=j
13037115	42	RESP=1
13048579	42	STIM=h
13054800	42	RESP=1
13065270	42	STIM=0
13070079	42	RESP=1
13082010	42	STIM=0
13089893	42	RESP=2
13099294	42	STIM=u
13103553	42	RESP=1
13116013	42	STIM=b
13119623	42	RESP=1
13134317	42	STIM=o
13140829	42	RESP=1
13152392	42	STIM=6
13158327	42	RESP=2
13167715	42	STIM=e
13170319	42	RESP=1
13185670	42	STIM=u
13190312	42	RESP=1
13202837	42	STIM=t
13210293	42	RESP=1
13218807	42	STIM=e
13223137	42	RESP=1
13236489	42	STIM=y
13240025	42	RESP=1
13252668	42	STIM=j
13257914	42	RESP=1
13269903	42	STIM=n
13275156	42	RESP=1
13288142	42	STIM=x
13293109	42	RESP=1
13303807	42	STIM=r
13307764	42	RESP=1
13320833	42	STIM=v
13325722	42	RESP=1
13338499	42	STIM=k
13342294	42	RESP=1
13354999	42	STIM=h
13361604	42	RESP=1
13370136	42	STIM=m
13373021	42	RESP=1
13387542	42	STIM=j
13391629	42	RESP=1
13403874	42	STIM=s
13408333	42	RESP=2
13420826	42	STIM=w
13425052	42	RESP=1
13436889	42	STIM=6
13442528	42	RESP=2
13452899	42	STIM=k
13459105	42	RESP=1
13468252	42	STIM=v
13471277	42	RESP=1
13485723	42	STIM=i
13489188	42	RESP=1
13503450	42	STIM=s
13510125	42	RESP=1
13519507	42	STIM=3
13524080	42	RESP=2
13535679	42	STIM=c
13541250	42	RESP=2
13551064	42	STIM=v
13556936	42	RESP=1
13566468	42	STIM=v
13573140	42	RESP=1
13584343	42	STIM=l
13589712	42	RESP=1
13599444	42	STIM=e
13604554	42	RESP=1
13616506	42	STIM=a
13620221	42	RESP=1
13633863	42	STIM=s
13638081	42	RESP=1
13651687	42	STIM=c
13655491	42	RESP=1
13666947	42	STIM=1
13670473	42	RESP=2
13684655	42	STIM=x
13691183	42	RESP=1
13701663	42	STIM=i
13704949	42	RESP=1
13719420	42	STIM=x
13723921	42	RESP=1
13737259	42	STIM=8
13741065	42	RESP=2
13755992	42	STIM=f
13761013	42	RESP=1
13774587	42	STIM=n
13777590	42	RESP=1
13791208	42	STIM=b
13797719	42	RESP=1
13809204	42	STIM=b
13813506	42	RESP=1
13827644	42	STIM=m
13832035	42	RESP=1
13843639	42	STIM=c
13850721	42	RESP=1
13862542	42	STIM=u
13866137	42	RESP=1
13877705	42	STIM=e
13882130	42	RESP=1
13895039	42	STIM=1
13899589	42	RESP=2
13912415	42	STIM=w
13919545	42	RESP=1
13928312	42	STIM=v
13933548	42	RESP=1
13945809	42	STIM=6
13949703	42	RESP=2
13964452	42	STIM=r
13968561	42	RESP=1
13982389	42	STIM=6
13986990	42	RESP=2
13998062	42	STIM=8
14005096	42	RESP=2
14013682	42	STIM=y
14017307	42	RESP=1
14031355	42	STIM=0
14036667	42	RESP=2
14048849	42	STIM=t
14052953	42	RESP=1
14065104	42	STIM=f
14073904	42	RESP=1
14083014	42	STIM=i
14087168	42	RESP=1
14099515	42	STIM=z
14104544	42	RESP=1
14114717	42	STIM=y
14118614	42	RESP=1
14131654	42	STIM=a
14135853	42	RESP=1
14150526	42	STIM=d
14154721	42	RESP=1
14166539	42	STIM=t
14169854	42	RESP=1
14184330	42	STIM=p
14187129	42	RESP=1
14200451	42	STIM=9
14205693	42	RESP=1
14218890	42	STIM=i
14222248	42	RESP=1
14237832	42	STIM=6
14243463	42	RESP=2
14256668	42	STIM=e
14260105	42	RESP=1
14271900	42	STIM=d
14275490	42	RESP=1
14289279	42	STIM=t
14293015	42	RESP=2
14304990	42	STIM=o
14308203	42	RESP=1
14322155	42	STIM=q
14325403	42	RESP=1
14340810	42	STIM=s
14343835	42	RESP=1
14356015	42	STIM=x
14361957	42	RESP=1
14371055	42	STIM=z
14374763	42	RESP=1
14389824	42	STIM=1
14395531	42	RESP=2
14406162	42	STIM=m
14411599	42	RESP=1
14421860	42	STIM=r
14425373	42	RESP=1
14440715	42	STIM=h
14444210	42	RESP=1
14458206	42	STIM=l
14466437	42	RESP=1
14475534	42	STIM=e
14480019	42	RESP=1
14491394	42	STIM=a
14496207	42	RESP=1
14506399	42	STIM=d
14512098	42	RESP=1
14524798	42	STIM=7
14531945	42	RESP=2
14541362	42	STIM=u
14545079	42	RESP=1
14559165	42	STIM=u
14566162	42	RESP=1
14576479	42	STIM=1
14582627	42	RESP=2
14593069	42	STIM=7
14600662	42	RESP=2
14609614	42	STIM=c
14613598	42	RESP=1
14625681	42	STIM=6
14631150	42	RESP=2
14641907	42	STIM=v
14645893	42	RESP=1
14658129	42	STIM=f
14663291	42	RESP=1
14676219	42	STIM=s
14679168	42	RESP=1
14693324	42	STIM=o
14699215	42	RESP=1
14711586	42	STIM=9
14716485	42	RESP=2
14728058	42	STIM=r
14733775	42	RESP=1
14746712	42	STIM=8
14751701	42	RESP=2
14762728	42	STIM=p
14768118	42	RESP=1
14780214	42	STIM=k
14784653	42	RESP=1
14798671	42	STIM=q
14807383	42	RESP=1
14815839	42	STIM=y
14819351	42	RESP=1
14833688	42	STIM=o
14838010	42	RESP=1
14849912	42	STIM=m
14853838	42	RESP=1
14868360	42	STIM=d
14873072	42	RESP=1
14883883	42	STIM=t
14886973	42	RESP=1
14899566	42	STIM=t
14905163	42	RESP=1
14917112	42	STIM=k
14922428	42	RESP=2
14933381	42	STIM=n
14936383	42	RESP=1
14949774	42	STIM=2
14954657	42	RESP=2
14964849	42	STIM=0
14969963	42	RESP=2
14982193	42	STIM=f
14989377	42	RESP=1
14998046	42	STIM=x
15003006	42	RESP=1
15016805	42	STIM=l
15021393	42	RESP=1
15032761	42	STIM=v
15038244	42	RESP=1
15049201	42	STIM=w
15058470	42	RESP=1
15067778	42	STIM=8
15075853	42	RESP=2
15085422	42	STIM=u
15089533	42	RESP=1
15101315	42	STIM=k
15105173	42	RESP=1
15118906	42	STIM=u
15126491	42	RESP=1
15137241	42	STIM=j
15141353	42	RESP=1
15153104	42	STIM=a
15157099	42	RESP=1
15171914	42	STIM=o
15177364	42	RESP=1
15190093	42	STIM=g
15195500	42	RESP=1
15209045	42	STIM=d
15213599	42	RESP=1
15224093	42	STIM=y
15227864	42	RESP=1
15240320	42	STIM=z
15244735	42	RESP=1
15259301	42	STIM=x
15263630	42	RESP=2
15277997	42	STIM=n
15282732	42	RESP=1
15293608	42	STIM=m
15302435	42	RESP=1
15311098	42	STIM=g
15316703	42	RESP=1
15328299	42	STIM=0
15334689	42	RESP=2
15346745	42	STIM=d
15350818	42	RESP=1
15362592	42	STIM=w
15365554	42	RESP=1
15378217	42	STIM=2
15383047	42	RESP=2
15397014	42	STIM=7
15400273	42	RESP=2
15412373	42	STIM=k
15417049	42	RESP=1
15430850	42	STIM=l
15435177	42	RESP=1
15448269	42	STIM=p
15451284	42	RESP=1
15464688	42	STIM=f
15469461	42	RESP=1
15480666	42	STIM=o
15484924	42	RESP=2
15499604	42	STIM=e
15505057	42	RESP=1
15517150	42	STIM=h
15523311	42	RESP=1
15535411	42	STIM=q
15545982	42	RESP=1
15554247	42	STIM=4
15559784	42	RESP=2
15573215	42	STIM=n
15579978	42	RESP=1
15590519	42	STIM=z
15594788	42	RESP=1
15609008	42	STIM=h
15615528	42	RESP=1
15624323	42	STIM=f
15630984	42	RESP=1
15640489	42	STIM=o
15646321	42	RESP=1
15655666	42	STIM=m
15660004	42	RESP=1
15671742	42	STIM=c
15675407	42	RESP=1
15688809	42	STIM=7
15695679	42	RESP=2
15706827	42	STIM=k
15712837	42	RESP=1
15725259	42	STIM=l
15733846	42	RESP=1
15743951	42	STIM=b
15750967	42	RESP=1
15760491	42	STIM=z
15762924	42	RESP=1
15776536	42	STIM=y
15781526	42	RESP=1
15791695	42	STIM=c
15802783	42	RESP=1
15807663	42	STIM=r
15810594	42	RESP=1
15824943	42	STIM=1
15833370	42	RESP=1
15843460	42	STIM=y
15846615	42	RESP=1
15860474	42	STIM=u
15865243	42	RESP=1
15879297	42	STIM=z
15884175	42	RESP=1
15898085	42	STIM=9
15902620	42	RESP=2
15915579	42	STIM=c
15921339	42	RESP=1
15934538	42	STIM=l
15938665	42	RESP=1
15951559	42	STIM=v
15957745	42	RESP=1
15970122	42	STIM=t
15973638	42	RESP=1
15986901	42	STIM=3
15993619	42	RESP=2
16005343	42	STIM=d
16009649	42	RESP=2
16022566	42	STIM=t
16028650	42	RESP=1
16038489	42	STIM=t
16043519	42	RESP=1
16056002	42	STIM=t
16059761	42	RESP=1
16073963	42	STIM=9
16078120	42	RESP=2
16088984	42	STIM=j
16095734	42	RESP=1
16107812	42	STIM=3
16113783	42	RESP=2
16125578	42	STIM=h
16132229	42	RESP=1
16144199	42	STIM=9
16150926	42	RESP=2
16161931	42	STIM=u
16170875	42	RESP=1
16179680	42	STIM=d
16186831	42	RESP=1
16195052	42	STIM=6
16200342	42	RESP=2
16210393	42	STIM=b
16216975	42	RESP=1
16226268	42	STIM=c
16230386	42	RESP=1
16244216	42	STIM=h
16249444	42	RESP=1
16261663	42	STIM=y
16267066	42	RESP=1
16276874	42	STIM=p
16284215	42	RESP=1
16294640	42	STIM=f
16299036	42	RESP=1
16311877	42	STIM=e
16323165	42	RESP=1
16327942	42	STIM=w
16334044	42	RESP=1
16345696	42	STIM=i
16349471	42	RESP=1
16361205	42	STIM=9
16371694	42	RESP=2
16377490	42	STIM=w
16383779	42	RESP=1
16396132	42	STIM=6
16402289	42	RESP=2
16413467	42	STIM=l
16418786	42	RESP=1
16428715	42	STIM=x
16433559	42	RESP=1
16446832	42	STIM=7
16452517	42	RESP=2
16463820	42	STIM=5
16472447	42	RESP=2
16479399	42	STIM=m
16487563	42	RESP=1
16497364	42	STIM=z
16500394	42	RESP=1
16515604	42	STIM=h
16522425	42	RESP=1
16533986	42	STIM=4
16540352	42	RESP=2
16552156	42	STIM=p
16556025	42	RESP=1
16567657	42	STIM=7
16573021	42	RESP=2
16583468	42	STIM=9
16590071	42	RESP=1
16600228	42	STIM=0
16606309	42	RESP=2
16616638	42	STIM=u
16620528	42	RESP=1
16634069	42	STIM=y
16638152	42	RESP=1
16652090	42	STIM=7
16658728	42	RESP=2
16669707	42	STIM=d
16675673	42	RESP=1
16685963	42	STIM=p
16691094	42	RESP=1
16704751	42	STIM=f
16708409	42	RESP=1
16722719	42	STIM=w
16728718	42	RESP=1
16738328	42	STIM=q
16743840	42	RESP=1
16756783	42	STIM=9
16763227	42	RESP=2
16773189	42	STIM=v
16777313	42	RESP=1
16789147	42	STIM=l
16796029	42	RESP=1
16807758	42	STIM=v
16812844	42	RESP=1
16823772	42	STIM=e
16830311	42	RESP=1
16840392	42	STIM=i
16843805	42	RESP=1
16858878	42	STIM=q
16865127	42	RESP=1
16874290	42	STIM=q
16881425	42	RESP=1
16889520	42	STIM=f
16897399	42	RESP=1
16905613	42	STIM=d
16908491	42	RESP=1
16923988	42	STIM=h
16930665	42	RESP=1
16941595	42	STIM=j
16945998	42	RESP=1
16959465	42	STIM=b
16964104	42	RESP=1
16977543	42	STIM=s
16981644	42	RESP=1
16993975	42	STIM=l
17002304	42	RESP=1
17009281	42	STIM=o
17012689	42	RESP=1
17028267	42	STIM=s
17032510	42	RESP=1
17045350	42	STIM=h
17050208	42	RESP=1
17063481	42	STIM=6
17068619	42	RESP=2
17080824	42	STIM=q
17085081	42	RESP=1
17095942	42	STIM=u
17098406	42	RESP=1
17114373	42	STIM=k
17121381	42	RESP=1
17133082	42	STIM=f
17136795	42	RESP=1
17149115	42	STIM=u
17152183	42	RESP=1
17166510	42	STIM=3
17174731	42	RESP=2
17182437	42	STIM=b
17186390	42	RESP=1
17197964	42	STIM=4
17201777	42	RESP=2
17214271	42	STIM=z
17217978	42	RESP=1
17229540	42	STIM=x
17234421	42	RESP=1
17246637	42	STIM=e
17253902	42	RESP=1
17264824	42	STIM=y
17268788	42	RESP=1
17281924	42	STIM=8
17286336	42	RESP=2
17298632	42	STIM=k
17303853	42	RESP=1
17314457	42	STIM=l
17317832	42	RESP=1
17329757	42	STIM=h
17335577	42	RESP=1
17345967	42	STIM=4
17349472	42	RESP=2
17363124	42	STIM=n
17367046	42	RESP=1
17381712	42	STIM=c
17386337	42	RESP=1
17399650	42	STIM=n
17403869	42	RESP=1
17417548	42	STIM=3
17422503	42	RESP=1
17435338	42	STIM=s
17441774	42	RESP=1
17451701	42	STIM=t
17457308	42	RESP=1
17468922	42	STIM=7
17475010	42	RESP=2
17485950	42	STIM=5
17493237	42	RESP=2
17504465	42	STIM=s
17509186	42	RESP=1
17522334	42	STIM=a
17526925	42	RESP=1
17541165	42	STIM=9
17550467	42	RESP=2
17557561	42	STIM=q
17560350	42	RESP=1
17574904	42	STIM=b
17580888	42	RESP=1
17592384	42	STIM=u
17595827	42	RESP=1
17610295	42	STIM=y
17613084	42	RESP=1
17628809	42	STIM=a
17633361	42	RESP=1
17646054	42	STIM=x
17649817	42	RESP=1
17662607	42	STIM=l
17667913	42	RESP=1
17678597	42	STIM=k
17681727	42	RESP=1
17695362	42	STIM=8
17700520	42	RESP=2
17713166	42	STIM=n
17720492	42	RESP=1
17731568	42	STIM=p
17735534	42	RESP=1
17749390	42	STIM=8
17753169	42	RESP=2
17765071	42	STIM=p
17768279	42	RESP=1
17782364	42	STIM=5
17785604	42	RESP=2
17801237	42	STIM=j
17807786	42	RESP=1
17819006	42	STIM=p
17823442	42	RESP=1
17835553	42	STIM=c
17841280	42	RESP=1
17853961	42	STIM=5
17859849	42	RESP=2
17872053	42	STIM=0
17876439	42	RESP=2
17890882	42	STIM=9
17896260	42	RESP=2
17909190	42	STIM=c
17912803	42	RESP=1
17924536	42	STIM=m
17930084	42	RESP=1
17942583	42	STIM=r
17948362	42	RESP=1
17958712	42	STIM=6
17965350	42	RESP=2
17976900	42	STIM=o
17980248	42	RESP=1
17994092	42	STIM=r
17996862	42	RESP=1
18013066	42	STIM=3
18019780	42	RESP=2
18030543	42	STIM=i
18036659	42	RESP=1
18049090	42	STIM=l
18053406	42	RESP=1
18064649	42	STIM=j
18069452	42	RESP=1
18082633	42	STIM=m
18086480	42	RESP=1
18100319	42	STIM=z
18105057	42	RESP=1
18117765	42	STIM=q
18123754	42	RESP=1
18133590	42	STIM=i
18143747	42	RESP=2
18152458	42	STIM=e
18156571	42	RESP=1
18169973	42	STIM=z
18174024	42	RESP=2
18186238	42	STIM=m
18190062	42	RESP=1
18203508	42	STIM=n
18207410	42	RESP=1
18219474	42	STIM=j
18223869	42	RESP=1
18235344	42	STIM=9
18248653	42	RESP=2
18250399	42	STIM=y
18256816	42	RESP=1
18266962	42	STIM=1
18270538	42	RESP=2
18284468	42	STIM=e
18288747	42	RESP=1
18301916	42	STIM=w
18305435	42	RESP=1
18320397	42	STIM=y
18325753	42	RESP=1
18336050	42	STIM=e
18346794	42	RESP=1
18353174	42	STIM=x
18356073	42	RESP=1
18370381	42	STIM=q
18373708	42	RESP=1
18386247	42	STIM=0
18392615	42	RESP=2
18402774	42	STIM=t
18409212	42	RESP=1
18419303	42	STIM=q
18425254	42	RESP=1
18438029	42	STIM=j
18441742	42	RESP=1
18455023	42	STIM=x
18463356	42	RESP=1
18471308	42	STIM=q
18474165	42	RESP=1
18486830	42	STIM=s
18491458	42	RESP=1
18505113	42	STIM=2
18510204	42	RESP=2
18524102	42	STIM=g
18528316	42	RESP=1
18541021	42	STIM=4
18546130	42	RESP=2
18559850	42	STIM=p
18563780	42	RESP=1
18575196	42	STIM=h
18579922	42	RESP=1
18591103	42	STIM=l
18597490	42	RESP=1
18608682	42	STIM=m
18614680	42	RESP=1
18625855	42	STIM=6
18631590	42	RESP=2
18642096	42	STIM=s
18645127	42	RESP=1
18658493	42	STIM=j
18664099	42	RESP=1
18676688	42	STIM=9
18683187	42	RESP=2
18694737	42	STIM=l
18697406	42	RESP=1
18710427	42	STIM=q
18714103	42	RESP=1
18728536	42	STIM=j
18732845	42	RESP=1
18744121	42	STIM=0
18749303	42	RESP=2
18760325	42	STIM=x
18765408	42	RESP=1
18776628	42	STIM=m
18783672	42	RESP=1
18792386	42	STIM=j
18795832	42	RESP=1
18810419	42	STIM=m
18816815	42	RESP=1
18829005	42	STIM=e
18834118	42	RESP=1
18845089	42	STIM=j
18850773	42	RESP=1
18860190	42	STIM=m
18867620	42	RESP=1
18877491	42	STIM=1
18882658	42	RESP=2
18895990	42	STIM=6
18899960	42	RESP=2
18913583	42	STIM=5
18919361	42	RESP=2
18930445	42	STIM=b
18933875	42	RESP=1
18945796	42	STIM=l
18949932	42	RESP=1
18963004	42	STIM=c
18968225	42	RESP=1
18981633	42	STIM=4
18987901	42	RESP=2
18997221	42	STIM=o
19000421	42	RESP=1
19015747	42	STIM=d
19019542	42	RESP=1
19032606	42	STIM=s
19036862	42	RESP=1
19050073	42	STIM=q
19053291	42	RESP=2
19066116	42	STIM=s
19069505	42	RESP=1
19082982	42	STIM=8
19089699	42	RESP=2
19097983	42	STIM=x
19102138	42	RESP=1
19113038	42	STIM=z
19117688	42	RESP=1
19131854	42	STIM=r
19136459	42	RESP=1
19149752	42	STIM=4
19154284	42	RESP=2
19167399	42	STIM=m
19173906	42	RESP=1
19182919	42	STIM=v
19186709	42	RESP=1
19198924	42	STIM=p
19203209	42	RESP=1
19215958	42	STIM=4
19221821	42	RESP=2
19231570	42	STIM=7
19238095	42	RESP=2
19248511	42	STIM=2
19255887	42	RESP=2
19265269	42	STIM=t
19270786	42	RESP=1
19282653	42	STIM=f
19287530	42	RESP=1
19299636	42	STIM=r
19303229	42	RESP=1
19315311	42	STIM=n
19320577	42	RESP=1
19331788	42	STIM=n
19338347	42	RESP=1
19349751	42	STIM=q
19353238	42	RESP=1
19364793	42	STIM=i
19371701	42	RESP=1
19381655	42	STIM=7
19386131	42	RESP=2
19397626	42	STIM=z
19402642	42	RESP=1
19414684	42	STIM=t
19419964	42	RESP=2
19430545	42	STIM=i
19437324	42	RESP=1
19447335	42	STIM=q
19449990	42	RESP=1
19464485	42	STIM=z
19469799	42	RESP=1
19482043	42	STIM=d
19486628	42	RESP=1
19497390	42	STIM=g
19503655	42	RESP=1
19514572	42	STIM=4
19521377	42	RESP=2
19531456	42	STIM=p
19534804	42	RESP=1
19549034	42	STIM=t
19551673	42	RESP=1
19566425	42	STIM=k
19575279	42	RESP=1
19583505	42	STIM=z
19587547	42	RESP=1
19601809	42	STIM=k
19607726	42	RESP=1
19617346	42	STIM=i
19622337	42	RESP=1
19635375	42	STIM=h
19642124	42	RESP=1
19650382	42	STIM=w
19654550	42	RESP=2
19667004	42	STIM=c
19672168	42	RESP=2
19685455	42	STIM=3
19689205	42	RESP=1
19703770	42	STIM=a
19709407	42	RESP=1
19721201	42	STIM=z
19725019	42	RESP=1
19738554	42	STIM=v
19742109	42	RESP=1
19753879	42	STIM=v
19757496	42	RESP=1
19771163	42	STIM=j
19774985	42	RESP=1
19787664	42	STIM=u
19791363	42	RESP=1
19806557	42	STIM=y
19810575	42	RESP=1
19825271	42	STIM=h
19830081	42	RESP=2
19842575	42	STIM=w
19846002	42	RESP=1
19860486	42	STIM=d
19865181	42	RESP=1
19877771	42	STIM=f
19881690	42	RESP=1
19896320	42	STIM=w
19901304	42	RESP=1
19913972	42	STIM=y
19917658	42	RESP=1
19929540	42	STIM=i
19933869	42	RESP=1
19947901	42	STIM=k
19951674	42	RESP=1
19966416	42	STIM=k
19969372	42	RESP=1
19981645	42	STIM=1
19990321	42	RESP=2
19996653	42	STIM=g
20002162	42	RESP=1
20012249	42	STIM=g
20019343	42	RESP=1
20027924	42	STIM=x
20030942	42	RESP=1
20044163	42	STIM=i
20048300	42	RESP=1
20063022	42	STIM=3
20068460	42	RESP=2
20081983	42	STIM=5
20086818	42	RESP=2
20100518	42	STIM=1
20104908	42	RESP=2
20117371	42	STIM=c
20122925	42	RESP=1
20133008	42	STIM=c
20137769	42	RESP=1
20151100	42	STIM=9
20157533	42	RESP=2
20169515	42	STIM=s
20173855	42	RESP=1
20184728	42	STIM=i
20187789	42	RESP=1
20201020	42	STIM=r
20204875	42	RESP=2
20219684	42	STIM=a
20225752	42	RESP=1
20234956	42	STIM=e
20238493	42	RESP=1
20253562	42	STIM=k
20257154	42	RESP=1
20269261	42	STIM=s
20272567	42	RESP=1
20287635	42	STIM=m
20293127	42	RESP=1
20304003	42	STIM=i
20308638	42	RESP=1
20319339	42	STIM=b
20323441	42	RESP=1
20334525	42	STIM=7
20342878	42	RESP=1
20350321	42	STIM=4
20358230	42	RESP=2
20368545	42	STIM=s
20376397	42	RESP=1
20386810	42	STIM=m
20389887	42	RESP=2
20403968	42	STIM=p
20408440	42	RESP=1
20420003	42	STIM=1
20424718	42	RESP=2
20435014	42	STIM=y
20440365	42	RESP=1
20451446	42	STIM=c
20459114	42	RESP=2
20468287	42	STIM=s
20472175	42	RESP=1
20485111	42	STIM=o
20490529	42	RESP=1
20502111	42	STIM=6
20506321	42	RESP=2
20521050	42	STIM=o
20525333	42	RESP=1
20536453	42	STIM=v
20539873	42	RESP=1
20552248	42	STIM=u
20556393	42	RESP=1
20570992	42	STIM=5
20575233	42	RESP=1
20588228	42	STIM=t
20592911	42	RESP=1
20607123	42	STIM=2
20611065	42	RESP=2
20624482	42	STIM=i
20629303	42	RESP=1
20642296	42	STIM=i
20646173	42	RESP=1
20660441	42	STIM=w
20664847	42	RESP=1
20676429	42	STIM=r
20680213	42	RESP=1
20694969	42	STIM=m
20701271	42	RESP=2
20711596	42	STIM=m
20716020	42	RESP=1
20727132	42	STIM=o
20733085	42	RESP=1
20744964	42	STIM=q
20749475	42	RESP=1
20760545	42	STIM=o
20763481	42	RESP=1
20777030	42	STIM=j
20787517	42	RESP=1
20792839	42	STIM=n
20798513	42	RESP=1
20809033	42	STIM=z
20813253	42	RESP=1
20825186	42	STIM=d
20833172	42	RESP=1
20840282	42	STIM=x
20845608	42	RESP=2
20857704	42	STIM=v
20867283	42	RESP=1
20875497	42	STIM=a
20879838	42	RESP=1
20894203	42	STIM=x
20902459	42	RESP=1
20911103	42	STIM=y
20915141	42	RESP=1
20927696	42	STIM=j
20933648	42	RESP=1
20944246	42	STIM=d
20947631	42	RESP=1
20961230	42	STIM=g
20964469	42	RESP=1
20979746	42	STIM=y
20988397	42	RESP=1
20995520	42	STIM=y
21001639	42	RESP=1
21011811	42	STIM=8
21018767	42	RESP=2
21028895	42	STIM=j
21035138	42	RESP=1
21047205	42	STIM=q
21051995	42	RESP=1
21063509	42	STIM=n
21069415	42	RESP=1
21081158	42	STIM=u
21084094	42	RESP=2
21099566	42	STIM=1
21108248	42	RESP=1
21115328	42	STIM=i
21117926	42	RESP=1
21130864	42	STIM=b
21136144	42	RESP=1
21148060	42	STIM=j
21153279	42	RESP=1
21163274	42	STIM=d
21166512	42	RESP=1
21178888	42	STIM=w
21184648	42	RESP=1
21194052	42	STIM=s
21199029	42	RESP=1
21209082	42	STIM=g
21213090	42	RESP=1
21226715	42	STIM=e
21230359	42	RESP=1
21243601	42	STIM=w
21247996	42	RESP=1
21261747	42	STIM=3
21267898	42	RESP=2
21278765	42	STIM=8
21283954	42	RESP=2
21296955	42	STIM=w
21303772	42	RESP=1
21313677	42	STIM=7
21321246	42	RESP=2
21329084	42	STIM=k
21335075	42	RESP=1
21347154	42	STIM=e
21351864	42	RESP=1
21362709	42	STIM=w
21368008	42	RESP=1
21380922	42	STIM=u
21385520	42	RESP=1
21396246	42	STIM=h
21398811	42	RESP=2
21412490	42	STIM=k
21417537	42	RESP=1
21430505	42	STIM=m
21436243	42	RESP=1
21446037	42	STIM=e
21452012	42	RESP=1
21462621	42	STIM=t
21466891	42	RESP=1
21477864	42	STIM=p
21484094	42	RESP=1
21495582	42	STIM=u
21500412	42	RESP=1
21511086	42	STIM=c
21517487	42	RESP=1
21528288	42	STIM=g
21531565	42	RESP=1
21545273	42	STIM=i
21548437	42	RESP=1
21560427	42	STIM=t
21568260	42	RESP=1
21578801	42	STIM=i
21585684	42	RESP=1
21594329	42	STIM=g
21597382	42	RESP=1
21612792	42	STIM=j
21618084	42	RESP=1
21628530	42	STIM=p
21632333	42	RESP=2
21646932	42	STIM=b
21651850	42	RESP=1
21663389	42	STIM=j
21667640	42	RESP=1
21679517	42	STIM=t
21683590	42	RESP=2
21696860	42	STIM=t
21700702	42	RESP=1
21715270	42	STIM=e
21719829	42	RESP=1
21730526	42	STIM=f
21734637	42	RESP=1
21747420	42	STIM=p
21751676	42	RESP=1
21763951	42	STIM=v
21768836	42	RESP=1
21781349	42	STIM=2
21788635	42	RESP=2
21798654	42	STIM=q
21802697	42	RESP=1
21814011	42	STIM=f
21819200	42	RESP=1
21829181	42	STIM=b
21835108	42	RESP=1
