# Original filename: 0044_UBJ_2017-06-14.log
# Time unit: 100 us
# RARECAT=digit
#
# Time	HHGG	Event
30379	42	STIM=j
34672	42	RESP=1
45979	42	STIM=p
49786	42	RESP=1
63890	42	STIM=3
69416	42	RESP=2
79369	42	STIM=o
82594	42	RESP=1
97961	42	STIM=8
103446	42	RESP=2
114937	42	STIM=z
119985	42	RESP=1
133473	42	STIM=u
138683	42	RESP=1
151933	42	STIM=f
157470	42	RESP=1
166947	42	STIM=b
171379	42	RESP=1
183467	42	STIM=a
190001	42	RESP=1
198920	42	STIM=o
204723	42	RESP=2
216090	42	STIM=r
219986	42	RESP=1
231736	42	STIM=h
236452	42	RESP=1
247850	42	STIM=e
252904	42	RESP=1
266816	42	STIM=g
269934	42	RESP=1
283244	42	STIM=a
289333	42	RESP=1
300860	42	STIM=y
306310	42	RESP=1
318823	42	STIM=q
324102	42	RESP=2
336339	42	STIM=n
341931	42	RESP=1
352690	42	STIM=7
356310	42	RESP=2
368064	42	STIM=z
374908	42	RESP=1
385334	42	STIM=w
392589	42	RESP=1
402751	42	STIM=g
406109	42	RESP=1
420873	42	STIM=8
425393	42	RESP=2
436556	42	STIM=r
440120	42	RESP=1
453556	42	STIM=1
459353	42	RESP=2
469364	42	STIM=0
475532	42	RESP=2
487096	42	STIM=m
490441	42	RESP=2
504386	42	STIM=p
508881	42	RESP=1
519413	42	STIM=r
522885	42	RESP=1
535151	42	STIM=3
547522	42	RESP=2
550443	42	STIM=w
553715	42	RESP=1
568430	42	STIM=a
572645	42	RESP=1
586273	42	STIM=2
593880	42	RESP=2
604080	42	STIM=k
609766	42	RESP=1
622314	42	STIM=m
627662	42	RESP=1
637506	42	STIM=l
641684	42	RESP=1
655361	42	STIM=k
660187	42	RESP=1
672544	42	STIM=6
677081	42	RESP=2
688709	42	STIM=c
691150	42	RESP=1
705959	42	STIM=f
714138	42	RESP=1
721364	42	STIM=1
725227	42	RESP=2
736796	42	STIM=b
741481	42	RESP=1
755388	42	STIM=q
758869	42	RESP=1
773211	42	STIM=y
777109	42	RESP=1
792067	42	STIM=b
799981	42	RESP=1
808416	42	STIM=p
814793	42	RESP=1
826129	42	STIM=l
831320	42	RESP=1
843475	42	STIM=j
847494	42	RESP=1
858609	42	STIM=n
861474	42	RESP=1
877068	42	STIM=1
883848	42	RESP=2
893634	42	STIM=3
898849	42	RESP=2
911697	42	STIM=y
915345	42	RESP=1
927497	42	STIM=w
934394	42	RESP=1
946435	42	STIM=j
950261	42	RESP=1
961484	42	STIM=7
967956	42	RESP=2
979121	42	STIM=n
983235	42	RESP=1
996891	42	STIM=h
1004213	42	RESP=1
1014427	42	STIM=z
1017873	42	RESP=1
1032307	42	STIM=h
1035720	42	RESP=1
1050232	42	STIM=h
1053029	42	RESP=1
1067405	42	STIM=q
1070802	42	RESP=1
1084456	42	STIM=u
1089643	42	RESP=1
1101953	42	STIM=4
1108922	42	RESP=1
1118135	42	STIM=k
1124082	42	RESP=1
1133669	42	STIM=u
1138937	42	RESP=1
1148743	42	STIM=6
1154498	42	RESP=1
1166830	42	STIM=s
1174319	42	RESP=1
1182693	42	STIM=r
1188248	42	RESP=1
1201006	42	STIM=h
1205056	42	RESP=1
1217995	42	STIM=y
1221737	42	RESP=1
1234163	42	STIM=4
1241415	42	RESP=2
1250578	42	STIM=s
1258447	42	RESP=1
1267196	42	STIM=j
1271486	42	RESP=1
1282393	42	STIM=9
1289333	42	RESP=2
1301241	42	STIM=y
1306007	42	RESP=1
1316772	42	STIM=f
1320377	42	RESP=1
1333859	42	STIM=q
1337602	42	RESP=1
1351822	42	STIM=8
1358916	42	RESP=2
1366989	42	STIM=s
1369928	42	RESP=1
1385146	42	STIM=m
1389713	42	RESP=2
1402704	42	STIM=4
1410112	42	RESP=2
1421115	42	STIM=w
1425743	42	RESP=1
1436384	42	STIM=r
1440398	42	RESP=1
1451447	42	STIM=3
1456070	42	RESP=2
1468866	42	STIM=v
1471842	42	RESP=1
1487514	42	STIM=j
1491054	42	RESP=1
1503124	42	STIM=r
1507436	42	RESP=1
1519266	42	STIM=d
1524383	42	RESP=1
1534465	42	STIM=j
1538847	42	RESP=1
1553430	42	STIM=x
1557365	42	RESP=1
1572258	42	STIM=t
1575636	42	RESP=1
1588321	42	STIM=b
1591973	42	RESP=1
1606490	42	STIM=w
1612457	42	RESP=1
1623600	42	STIM=9
1627385	42	RESP=2
1640726	42	STIM=9
1643944	42	RESP=2
1656835	42	STIM=v
1661820	42	RESP=1
1672595	42	STIM=n
1678880	42	RESP=1
1688862	42	STIM=q
1693584	42	RESP=1
1704825	42	STIM=b
1709868	42	RESP=1
1722159	42	STIM=8
1726688	42	RESP=2
1740019	42	STIM=p
1743655	42	RESP=1
1755671	42	STIM=1
1762802	42	RESP=2
1773265	42	STIM=s
1776617	42	RESP=1
1790679	42	STIM=4
1796579	42	RESP=2
1809322	42	STIM=s
1814654	42	RESP=2
1828014	42	STIM=v
1832220	42	RESP=1
1844352	42	STIM=j
1851838	42	RESP=1
1860500	42	STIM=x
1864839	42	RESP=1
1879092	42	STIM=o
1881965	42	RESP=1
1894789	42	STIM=t
1898090	42	RESP=1
1912657	42	STIM=e
1918433	42	RESP=1
1929884	42	STIM=f
1934383	42	RESP=1
1948218	42	STIM=f
1951168	42	RESP=1
1967217	42	STIM=u
1972241	42	RESP=1
1983140	42	STIM=3
1991502	42	RESP=2
2001474	42	STIM=8
2007100	42	RESP=2
2018504	42	STIM=e
2024868	42	RESP=1
2035679	42	STIM=l
2041777	42	RESP=1
2051808	42	STIM=q
2056345	42	RESP=1
2068708	42	STIM=0
2073465	42	RESP=2
2085432	42	STIM=1
2093560	42	RESP=2
2102628	42	STIM=g
2110789	42	RESP=1
2119248	42	STIM=g
2123041	42	RESP=1
2134891	42	STIM=p
2137791	42	RESP=1
2151030	42	STIM=7
2155978	42	RESP=2
2167822	42	STIM=b
2174639	42	RESP=1
2184302	42	STIM=y
2189526	42	RESP=1
2202447	42	STIM=7
2207403	42	RESP=1
2219769	42	STIM=m
2222854	42	RESP=1
2238290	42	STIM=f
2242677	42	RESP=1
2257087	42	STIM=0
2260277	42	RESP=2
2272773	42	STIM=q
2277535	42	RESP=1
2288993	42	STIM=b
2294483	42	RESP=1
2307792	42	STIM=s
2313547	42	RESP=1
2323567	42	STIM=v
2327616	42	RESP=1
2342417	42	STIM=m
2347161	42	RESP=1
2359681	42	STIM=y
2364153	42	RESP=1
2376726	42	STIM=s
2379505	42	RESP=1
2392090	42	STIM=c
2396691	42	RESP=1
2410849	42	STIM=k
2417709	42	RESP=1
2427932	42	STIM=v
2435713	42	RESP=1
2445348	42	STIM=j
2448821	42	RESP=2
2463606	42	STIM=e
2467230	42	RESP=1
2480873	42	STIM=z
2487255	42	RESP=1
2498636	42	STIM=y
2506132	42	RESP=2
2514895	42	STIM=l
2519847	42	RESP=2
2531622	42	STIM=l
2534404	42	RESP=1
2550612	42	STIM=o
2554119	42	RESP=1
2569166	42	STIM=d
2574875	42	RESP=1
2587355	42	STIM=5
2594068	42	RESP=2
2603619	42	STIM=t
2610452	42	RESP=1
2621735	42	STIM=u
2624998	42	RESP=1
2637049	42	STIM=f
2642848	42	RESP=1
2652125	42	STIM=z
2656561	42	RESP=1
2668128	42	STIM=e
2673545	42	RESP=1
2685142	42	STIM=f
2689890	42	RESP=1
2703313	42	STIM=z
2709544	42	RESP=1
2720615	42	STIM=8
2724676	42	RESP=2
2737007	42	STIM=x
2741337	42	RESP=1
2754611	42	STIM=n
2759310	42	RESP=1
2773547	42	STIM=d
2780335	42	RESP=1
2791998	42	STIM=a
2797104	42	RESP=1
2808914	42	STIM=z
2816985	42	RESP=1
2824358	42	STIM=e
2829097	42	RESP=1
2842214	42	STIM=4
2845876	42	RESP=2
2860819	42	STIM=9
2865173	42	RESP=2
2878178	42	STIM=y
2882158	42	RESP=2
2895540	42	STIM=b
2903272	42	RESP=1
2910876	42	STIM=v
2916591	42	RESP=1
2928013	42	STIM=1
2934482	42	RESP=2
2943739	42	STIM=z
2949388	42	RESP=1
2959811	42	STIM=6
2967000	42	RESP=2
2976528	42	STIM=4
2981902	42	RESP=2
2992623	42	STIM=d
2999742	42	RESP=1
3011480	42	STIM=t
3015415	42	RESP=1
3028269	42	STIM=r
3031692	42	RESP=1
3043707	42	STIM=y
3046977	42	RESP=1
3062264	42	STIM=d
3066152	42	RESP=1
3077522	42	STIM=g
3081304	42	RESP=1
3095605	42	STIM=w
3100535	42	RESP=1
3111224	42	STIM=a
3114546	42	RESP=1
3127655	42	STIM=u
3131630	42	RESP=1
3146208	42	STIM=b
3151995	42	RESP=1
3165068	42	STIM=n
3169705	42	RESP=1
3181443	42	STIM=1
3187155	42	RESP=2
3196543	42	STIM=6
3201206	42	RESP=2
3213985	42	STIM=q
3219158	42	RESP=1
3231046	42	STIM=w
3235957	42	RESP=1
3247045	42	STIM=v
3252961	42	RESP=1
3265598	42	STIM=q
3269076	42	RESP=1
3280611	42	STIM=f
3284973	42	RESP=1
3297584	42	STIM=8
3306530	42	RESP=2
3315964	42	STIM=z
3319697	42	RESP=2
3333490	42	STIM=n
3341021	42	RESP=1
3351542	42	STIM=v
3355448	42	RESP=1
3369435	42	STIM=8
3373253	42	RESP=2
3387473	42	STIM=x
3391102	42	RESP=1
3404578	42	STIM=8
3411576	42	RESP=2
3421779	42	STIM=t
3426611	42	RESP=1
3439389	42	STIM=f
3443210	42	RESP=1
3457981	42	STIM=o
3463063	42	RESP=1
3473285	42	STIM=x
3477049	42	RESP=1
3489563	42	STIM=e
3493912	42	RESP=1
3507800	42	STIM=p
3511550	42	RESP=2
3523732	42	STIM=c
3528936	42	RESP=1
3540925	42	STIM=l
3546476	42	RESP=1
3557309	42	STIM=e
3561977	42	RESP=1
3572693	42	STIM=l
3576024	42	RESP=1
3591550	42	STIM=f
3596106	42	RESP=1
3608022	42	STIM=d
3614296	42	RESP=1
3623978	42	STIM=z
3627230	42	RESP=1
3639499	42	STIM=g
3645410	42	RESP=1
3655091	42	STIM=f
3661227	42	RESP=1
3670339	42	STIM=6
3675870	42	RESP=2
3689156	42	STIM=g
3694955	42	RESP=1
3707041	42	STIM=8
3710687	42	RESP=2
3723480	42	STIM=i
3727817	42	RESP=1
3740213	42	STIM=j
3744108	42	RESP=1
3759098	42	STIM=q
3764396	42	RESP=1
3776416	42	STIM=q
3781965	42	RESP=2
3794356	42	STIM=1
3798369	42	RESP=2
3812159	42	STIM=z
3819498	42	RESP=1
3830755	42	STIM=j
3837542	42	RESP=1
3848205	42	STIM=b
3853076	42	RESP=1
3864031	42	STIM=9
3868309	42	RESP=2
3880057	42	STIM=q
3885500	42	RESP=1
3898049	42	STIM=r
3904869	42	RESP=1
3913530	42	STIM=j
3916787	42	RESP=1
3929638	42	STIM=w
3937093	42	RESP=1
3946375	42	STIM=2
3951041	42	RESP=2
3963053	42	STIM=z
3967443	42	RESP=1
3978578	42	STIM=q
3987342	42	RESP=1
3996349	42	STIM=r
3999717	42	RESP=1
4014655	42	STIM=w
4021560	42	RESP=1
4033377	42	STIM=t
4041062	42	RESP=1
4049018	42	STIM=p
4057489	42	RESP=1
4064499	42	STIM=7
4068849	42	RESP=2
4082804	42	STIM=v
4089646	42	RESP=1
4100218	42	STIM=0
4104479	42	RESP=2
4118589	42	STIM=u
4121855	42	RESP=1
4133693	42	STIM=k
4139512	42	RESP=1
4149202	42	STIM=m
4152998	42	RESP=1
4167721	42	STIM=c
4171322	42	RESP=1
4184463	42	STIM=c
4192402	42	RESP=1
4202718	42	STIM=8
4207458	42	RESP=2
4218969	42	STIM=g
4223888	42	RESP=1
4235647	42	STIM=k
4238885	42	RESP=2
4251699	42	STIM=e
4256460	42	RESP=1
4270127	42	STIM=7
4274599	42	RESP=2
4287721	42	STIM=4
4292254	42	RESP=2
4303246	42	STIM=j
4309558	42	RESP=1
4318423	42	STIM=k
4322042	42	RESP=1
4335143	42	STIM=v
4340015	42	RESP=1
4350619	42	STIM=v
4355299	42	RESP=1
4368901	42	STIM=1
4373174	42	RESP=2
4384316	42	STIM=v
4393654	42	RESP=1
4403186	42	STIM=q
4406905	42	RESP=1
4419830	42	STIM=p
4427406	42	RESP=1
4437315	42	STIM=k
4441311	42	RESP=1
4454614	42	STIM=d
4462460	42	RESP=1
4469700	42	STIM=j
4473151	42	RESP=1
4487780	42	STIM=6
4494427	42	RESP=2
4505875	42	STIM=s
4511331	42	RESP=1
4524005	42	STIM=i
4534906	42	RESP=1
4539126	42	STIM=w
4544723	42	RESP=1
4556269	42	STIM=r
4559338	42	RESP=1
4572464	42	STIM=o
4576373	42	RESP=1
4591269	42	STIM=n
4598518	42	RESP=1
4606323	42	STIM=f
4610912	42	RESP=1
4624510	42	STIM=n
4630853	42	RESP=2
4642657	42	STIM=d
4647485	42	RESP=1
4659391	42	STIM=z
4664193	42	RESP=1
4677384	42	STIM=9
4684228	42	RESP=2
4692887	42	STIM=u
4696785	42	RESP=1
4711470	42	STIM=5
4716009	42	RESP=1
4728592	42	STIM=7
4733176	42	RESP=2
4744817	42	STIM=g
4749385	42	RESP=1
4760509	42	STIM=o
4765455	42	RESP=1
4777926	42	STIM=g
4787453	42	RESP=1
4792987	42	STIM=p
4801520	42	RESP=1
4811384	42	STIM=s
4815125	42	RESP=1
4828592	42	STIM=f
4837411	42	RESP=1
4847439	42	STIM=o
4851220	42	RESP=1
4864230	42	STIM=e
4868006	42	RESP=1
4880853	42	STIM=p
4886148	42	RESP=1
4896919	42	STIM=g
4901604	42	RESP=1
4914775	42	STIM=o
4921105	42	RESP=2
4933088	42	STIM=f
4939261	42	RESP=1
4948439	42	STIM=b
4952637	42	RESP=1
4965626	42	STIM=m
4973565	42	RESP=1
4980883	42	STIM=y
4986627	42	RESP=1
4997919	42	STIM=u
5002241	42	RESP=1
5015251	42	STIM=y
5019531	42	RESP=1
5033394	42	STIM=y
5037686	42	RESP=1
5049951	42	STIM=s
5054263	42	RESP=1
5066040	42	STIM=z
5070566	42	RESP=1
5081448	42	STIM=4
5088024	42	RESP=2
5096902	42	STIM=e
5101479	42	RESP=1
5113721	42	STIM=t
5118159	42	RESP=1
5130826	42	STIM=y
5134970	42	RESP=1
5148801	42	STIM=1
5153881	42	RESP=2
5167729	42	STIM=p
5175507	42	RESP=1
5186076	42	STIM=b
5191007	42	RESP=1
5203916	42	STIM=e
5207414	42	RESP=1
5219960	42	STIM=6
5227496	42	RESP=2
5236843	42	STIM=3
5241536	42	RESP=2
5255534	42	STIM=i
5259063	42	RESP=2
5273125	42	STIM=z
5275665	42	RESP=1
5289126	42	STIM=k
5294020	42	RESP=1
5305058	42	STIM=a
5311315	42	RESP=1
5321785	42	STIM=6
5325980	42	RESP=2
5338757	42	STIM=k
5345191	42	RESP=1
5356538	42	STIM=h
5361664	42	RESP=1
5373868	42	STIM=0
5380524	42	RESP=2
5389712	42	STIM=d
5395672	42	RESP=1
5408385	42	STIM=g
5415912	42	RESP=1
5425496	42	STIM=b
5430079	42	RESP=1
5443217	42	STIM=j
5447452	42	RESP=1
5459879	42	STIM=r
5463406	42	RESP=1
5476199	42	STIM=v
5480719	42	RESP=1
5493072	42	STIM=k
5499013	42	RESP=1
5510040	42	STIM=i
5514436	42	RESP=1
5527806	42	STIM=7
5532500	42	RESP=2
5544411	42	STIM=c
5548980	42	RESP=1
5559440	42	STIM=p
5564565	42	RESP=1
5575269	42	STIM=c
5580426	42	RESP=1
5591558	42	STIM=d
5598240	42	RESP=1
5610251	42	STIM=y
5619076	42	RESP=1
5626994	42	STIM=6
5630994	42	RESP=2
5645384	42	STIM=k
5653042	42	RESP=1
5661684	42	STIM=c
5668107	42	RESP=1
5680343	42	STIM=w
5683491	42	RESP=1
5698391	42	STIM=x
5702278	42	RESP=1
5714956	42	STIM=z
5720878	42	RESP=1
5733514	42	STIM=f
5738642	42	RESP=1
5751524	42	STIM=9
5756967	42	RESP=2
5769880	42	STIM=a
5774651	42	RESP=1
5786969	42	STIM=l
5790452	42	RESP=1
5803914	42	STIM=2
5809683	42	RESP=2
5819675	42	STIM=5
5825667	42	RESP=2
5836630	42	STIM=5
5843319	42	RESP=2
5855380	42	STIM=5
5862828	42	RESP=2
5873626	42	STIM=e
5882555	42	RESP=1
5892062	42	STIM=a
5894950	42	RESP=1
5908219	42	STIM=g
5916617	42	RESP=1
5925020	42	STIM=y
5929931	42	RESP=1
5942131	42	STIM=x
5945803	42	RESP=1
5957463	42	STIM=y
5965161	42	RESP=1
5973895	42	STIM=k
5978295	42	RESP=1
5992511	42	STIM=p
5996083	42	RESP=1
6010465	42	STIM=c
6016187	42	RESP=1
6027957	42	STIM=j
6031880	42	RESP=1
6043617	42	STIM=w
6047485	42	RESP=1
6059768	42	STIM=y
6063572	42	RESP=1
6076461	42	STIM=r
6080947	42	RESP=1
6093947	42	STIM=s
6097525	42	RESP=1
6109500	42	STIM=b
6113569	42	RESP=1
6125783	42	STIM=w
6129797	42	RESP=1
6143645	42	STIM=y
6147339	42	RESP=1
6158857	42	STIM=c
6163254	42	RESP=1
6174540	42	STIM=q
6178144	42	RESP=1
6193128	42	STIM=i
6196532	42	RESP=1
6208828	42	STIM=u
6216684	42	RESP=1
6226065	42	STIM=f
6229746	42	RESP=1
6242323	42	STIM=r
6245112	42	RESP=1
6260333	42	STIM=d
6263291	42	RESP=1
6278603	42	STIM=k
6282256	42	RESP=1
6294736	42	STIM=c
6299090	42	RESP=1
6310075	42	STIM=u
6314894	42	RESP=1
6328866	42	STIM=s
6332788	42	RESP=1
6347704	42	STIM=v
6351143	42	RESP=1
6363080	42	STIM=z
6368485	42	RESP=1
6379150	42	STIM=p
6384219	42	RESP=1
6397742	42	STIM=l
6403528	42	RESP=1
6414674	42	STIM=9
6423003	42	RESP=2
6430961	42	STIM=1
6440310	42	RESP=2
6447229	42	STIM=q
6450398	42	RESP=1
6464617	42	STIM=v
6469637	42	RESP=1
6483292	42	STIM=8
6489971	42	RESP=2
6500255	42	STIM=2
6503943	42	RESP=2
6518406	42	STIM=b
6524499	42	RESP=1
6534574	42	STIM=j
6539140	42	RESP=1
6549990	42	STIM=x
6559171	42	RESP=1
6565104	42	STIM=7
6569610	42	RESP=1
6581859	42	STIM=r
6588599	42	RESP=1
6599957	42	STIM=n
6603356	42	RESP=1
6618125	42	STIM=v
6623983	42	RESP=1
6634329	42	STIM=y
6641673	42	RESP=1
6650769	42	STIM=d
6656526	42	RESP=1
6666750	42	STIM=h
6670007	42	RESP=1
6685022	42	STIM=q
6689076	42	RESP=1
6701928	42	STIM=m
6709115	42	RESP=1
6720862	42	STIM=w
6724196	42	RESP=1
6736646	42	STIM=6
6749810	42	RESP=2
6754283	42	STIM=x
6756876	42	RESP=1
6772065	42	STIM=l
6778772	42	RESP=1
6787410	42	STIM=v
6792224	42	RESP=1
6803264	42	STIM=v
6807583	42	RESP=1
6819711	42	STIM=k
6824603	42	RESP=1
6835377	42	STIM=5
6839824	42	RESP=2
6851760	42	STIM=d
6855196	42	RESP=1
6869677	42	STIM=o
6877800	42	RESP=1
6885017	42	STIM=a
6894244	42	RESP=1
6902283	42	STIM=u
6913402	42	RESP=1
6919104	42	STIM=y
6924260	42	RESP=1
6934506	42	STIM=5
6943169	42	RESP=2
6953048	42	STIM=z
6958194	42	RESP=1
6968706	42	STIM=c
6974795	42	RESP=1
6987506	42	STIM=k
6993663	42	RESP=1
7006066	42	STIM=t
7011055	42	RESP=1
7021879	42	STIM=8
7025344	42	RESP=2
7038289	42	STIM=c
7042911	42	RESP=1
7055749	42	STIM=q
7058858	42	RESP=1
7070862	42	STIM=t
7075780	42	RESP=2
7088489	42	STIM=7
7095078	42	RESP=2
7106344	42	STIM=8
7112895	42	RESP=2
7124410	42	STIM=h
7127961	42	RESP=1
7142568	42	STIM=4
7148566	42	RESP=2
7160933	42	STIM=3
7167247	42	RESP=2
7177971	42	STIM=h
7180895	42	RESP=1
7196492	42	STIM=5
7202437	42	RESP=2
7213859	42	STIM=0
7221674	42	RESP=2
7230819	42	STIM=d
7234640	42	RESP=1
7246146	42	STIM=v
7250327	42	RESP=1
7263307	42	STIM=e
7266994	42	RESP=1
7280199	42	STIM=l
7284015	42	RESP=1
7295916	42	STIM=s
7300586	42	RESP=1
7312901	42	STIM=n
7315911	42	RESP=1
7330641	42	STIM=8
7334509	42	RESP=2
7346197	42	STIM=b
7349406	42	RESP=1
7362065	42	STIM=l
7366004	42	RESP=1
7380528	42	STIM=6
7384847	42	RESP=2
7397433	42	STIM=i
7401296	42	RESP=1
7415423	42	STIM=r
7418375	42	RESP=1
7433157	42	STIM=3
7439539	42	RESP=2
7449889	42	STIM=v
7454910	42	RESP=1
7468318	42	STIM=q
7472689	42	RESP=1
7483461	42	STIM=k
7487429	42	RESP=1
7501244	42	STIM=b
7504599	42	RESP=1
7516694	42	STIM=6
7520341	42	RESP=2
7535061	42	STIM=d
7542342	42	RESP=1
7553168	42	STIM=3
7561303	42	RESP=2
7568388	42	STIM=x
7572533	42	RESP=2
7586085	42	STIM=q
7591306	42	RESP=1
7604406	42	STIM=y
7607409	42	RESP=1
7620071	42	STIM=p
7623785	42	RESP=1
7637299	42	STIM=2
7648027	42	RESP=2
7652741	42	STIM=0
7658458	42	RESP=2
7667884	42	STIM=b
7671897	42	RESP=1
7684063	42	STIM=o
7690504	42	RESP=1
7702174	42	STIM=l
7707061	42	RESP=1
7719979	42	STIM=q
7724131	42	RESP=1
7738598	42	STIM=y
7746502	42	RESP=1
7754367	42	STIM=d
7758327	42	RESP=1
7769581	42	STIM=w
7772997	42	RESP=1
7786445	42	STIM=k
7789210	42	RESP=2
7801554	42	STIM=3
7805680	42	RESP=2
7818201	42	STIM=4
7823599	42	RESP=2
7833568	42	STIM=0
7837494	42	RESP=1
7851534	42	STIM=2
7859565	42	RESP=2
7868352	42	STIM=s
7873872	42	RESP=1
7884872	42	STIM=3
7890432	42	RESP=1
7902915	42	STIM=b
7907500	42	RESP=1
7919895	42	STIM=z
7923672	42	RESP=1
7937158	42	STIM=0
7942013	42	RESP=2
7954631	42	STIM=4
7964793	42	RESP=2
7973339	42	STIM=w
7981942	42	RESP=1
7989240	42	STIM=p
7993843	42	RESP=1
8007733	42	STIM=y
8013732	42	RESP=1
8026253	42	STIM=3
8029950	42	RESP=1
8041883	42	STIM=i
8044685	42	RESP=1
8060446	42	STIM=j
8067895	42	RESP=1
8076300	42	STIM=q
8081672	42	RESP=1
8094524	42	STIM=j
8099946	42	RESP=1
8111587	42	STIM=d
8115469	42	RESP=1
8129023	42	STIM=v
8132238	42	RESP=1
8145117	42	STIM=v
8149734	42	RESP=1
8162021	42	STIM=w
8166008	42	RESP=1
8180123	42	STIM=i
8184821	42	RESP=1
8198706	42	STIM=k
8207075	42	RESP=1
8217564	42	STIM=c
8221124	42	RESP=1
8235955	42	STIM=7
8240311	42	RESP=1
8251529	42	STIM=t
8255529	42	RESP=1
8267371	42	STIM=w
8270168	42	RESP=1
8283392	42	STIM=m
8286839	42	RESP=1
8301996	42	STIM=x
8304624	42	RESP=1
8318622	42	STIM=e
8321529	42	RESP=1
8335692	42	STIM=9
8341435	42	RESP=2
8354468	42	STIM=n
8357936	42	RESP=1
8373210	42	STIM=f
8380873	42	RESP=1
8390667	42	STIM=g
8394982	42	RESP=1
8405995	42	STIM=t
8412170	42	RESP=1
8423347	42	STIM=6
8427582	42	RESP=2
8439282	42	STIM=l
8443994	42	RESP=1
8455114	42	STIM=1
8461634	42	RESP=2
8471598	42	STIM=x
8475333	42	RESP=1
8488159	42	STIM=l
8493980	42	RESP=1
8505247	42	STIM=k
8511239	42	RESP=1
8524151	42	STIM=6
8527818	42	RESP=2
8541881	42	STIM=h
8552528	42	RESP=1
8557088	42	STIM=v
8563080	42	RESP=1
8572135	42	STIM=d
8576285	42	RESP=1
8590595	42	STIM=g
8594823	42	RESP=1
8608897	42	STIM=2
8614195	42	RESP=1
8625014	42	STIM=t
8639282	42	RESP=1
8642626	42	STIM=9
8646833	42	RESP=2
8660830	42	STIM=f
8666124	42	RESP=1
8678240	42	STIM=u
8681413	42	RESP=1
8695317	42	STIM=h
8698934	42	RESP=1
8710521	42	STIM=y
8715043	42	RESP=1
8726507	42	STIM=h
8733060	42	RESP=1
8742409	42	STIM=x
8749017	42	RESP=1
8757509	42	STIM=k
8772735	42	RESP=1
8773321	42	STIM=s
8777617	42	RESP=1
8791192	42	STIM=k
8796230	42	RESP=1
8808162	42	STIM=m
8813902	42	RESP=1
8823428	42	STIM=8
8827591	42	RESP=2
8842352	42	STIM=f
8847732	42	RESP=1
8861335	42	STIM=8
8867026	42	RESP=2
8876341	42	STIM=c
8881401	42	RESP=1
8894741	42	STIM=n
8904346	42	RESP=1
8910093	42	STIM=7
8918144	42	RESP=2
8926774	42	STIM=j
8930904	42	RESP=1
8945014	42	STIM=b
8950956	42	RESP=1
8961400	42	STIM=s
8964750	42	RESP=1
8978633	42	STIM=f
8984870	42	RESP=1
8996849	42	STIM=t
9000534	42	RESP=1
9012884	42	STIM=b
9017607	42	RESP=1
9031743	42	STIM=s
9036999	42	RESP=1
9050169	42	STIM=x
9054455	42	RESP=1
9068860	42	STIM=m
9072782	42	RESP=1
9086254	42	STIM=k
9088909	42	RESP=1
9102589	42	STIM=3
9106273	42	RESP=2
9120771	42	STIM=4
9125021	42	RESP=2
9135871	42	STIM=u
9138765	42	RESP=1
9153133	42	STIM=e
9157560	42	RESP=1
9169995	42	STIM=h
9174734	42	RESP=1
9186237	42	STIM=1
9190524	42	RESP=2
9205123	42	STIM=k
9209369	42	RESP=1
9221286	42	STIM=o
9223822	42	RESP=1
9237447	42	STIM=6
9243128	42	RESP=2
9256432	42	STIM=f
9260576	42	RESP=1
9273804	42	STIM=h
9279768	42	RESP=1
9291727	42	STIM=2
9297974	42	RESP=2
9310317	42	STIM=j
9316242	42	RESP=1
9325384	42	STIM=7
9334538	42	RESP=1
9341357	42	STIM=2
9347526	42	RESP=2
9357692	42	STIM=9
9363491	42	RESP=2
9373036	42	STIM=3
9378145	42	RESP=1
9389465	42	STIM=z
9396986	42	RESP=1
9407663	42	STIM=g
9410872	42	RESP=1
9422879	42	STIM=b
9427470	42	RESP=1
9441146	42	STIM=v
9445835	42	RESP=2
9458141	42	STIM=f
9460914	42	RESP=1
9473700	42	STIM=i
9477913	42	RESP=1
9492626	42	STIM=3
9498097	42	RESP=2
9509424	42	STIM=q
9514147	42	RESP=1
9526186	42	STIM=0
9536218	42	RESP=2
9544279	42	STIM=j
9553505	42	RESP=1
9562525	42	STIM=m
9566543	42	RESP=1
9580068	42	STIM=w
9583538	42	RESP=1
9595824	42	STIM=e
9599458	42	RESP=1
9613798	42	STIM=b
9622692	42	RESP=1
9629967	42	STIM=h
9633664	42	RESP=1
9647946	42	STIM=w
9651227	42	RESP=1
9663253	42	STIM=g
9666458	42	RESP=1
9680265	42	STIM=x
9684652	42	RESP=1
9695580	42	STIM=h
9701571	42	RESP=1
9712755	42	STIM=x
9720401	42	RESP=1
9731262	42	STIM=7
9735628	42	RESP=2
9748848	42	STIM=d
9755271	42	RESP=1
9765785	42	STIM=o
9770923	42	RESP=1
9782185	42	STIM=s
9788448	42	RESP=1
9800683	42	STIM=n
9803849	42	RESP=1
9817179	42	STIM=t
9821715	42	RESP=1
9835457	42	STIM=d
9841406	42	RESP=1
9851608	42	STIM=t
9854831	42	RESP=1
9870055	42	STIM=m
9872978	42	RESP=1
9885433	42	STIM=3
9892491	42	RESP=2
9900778	42	STIM=c
9909530	42	RESP=1
9918900	42	STIM=w
9925603	42	RESP=1
9937856	42	STIM=g
9942249	42	RESP=1
9952915	42	STIM=q
9956695	42	RESP=1
9969071	42	STIM=a
9973573	42	RESP=1
9986579	42	STIM=y
9995060	42	RESP=1
10004086	42	STIM=q
10008556	42	RESP=1
10020621	42	STIM=u
10025545	42	RESP=1
10037791	42	STIM=n
10045999	42	RESP=1
10056790	42	STIM=d
10063176	42	RESP=1
10073521	42	STIM=r
10077436	42	RESP=1
10090018	42	STIM=p
10093376	42	RESP=1
10107710	42	STIM=p
10112934	42	RESP=1
10123554	42	STIM=o
10128197	42	RESP=1
10139328	42	STIM=n
10142875	42	RESP=1
10155137	42	STIM=p
10159172	42	RESP=1
10172378	42	STIM=w
10175821	42	RESP=1
10188088	42	STIM=e
10193310	42	RESP=1
10205651	42	STIM=m
10211218	42	RESP=1
10224154	42	STIM=n
10228430	42	RESP=1
10242391	42	STIM=4
10246800	42	RESP=2
10258793	42	STIM=4
10263990	42	RESP=2
10276026	42	STIM=i
10278993	42	RESP=1
10293965	42	STIM=i
10296540	42	RESP=1
10310381	42	STIM=1
10315838	42	RESP=2
10327095	42	STIM=m
10335112	42	RESP=1
10343858	42	STIM=y
10347026	42	RESP=1
10359974	42	STIM=d
10365162	42	RESP=1
10375012	42	STIM=u
10381581	42	RESP=1
10390653	42	STIM=7
10395253	42	RESP=2
10408016	42	STIM=s
10414156	42	RESP=1
10423225	42	STIM=z
10427624	42	RESP=2
10441537	42	STIM=f
10450972	42	RESP=1
10457835	42	STIM=h
10462474	42	RESP=1
10476313	42	STIM=v
10482447	42	RESP=1
10495061	42	STIM=1
10499698	42	RESP=2
10511791	42	STIM=u
10521523	42	RESP=1
10528857	42	STIM=i
10536387	42	RESP=1
10546365	42	STIM=v
10555770	42	RESP=1
10565211	42	STIM=n
10568380	42	RESP=1
10583258	42	STIM=4
10589340	42	RESP=1
10600183	42	STIM=l
10606243	42	RESP=2
10616375	42	STIM=l
10619238	42	RESP=1
10633323	42	STIM=z
10637103	42	RESP=1
10649755	42	STIM=z
10653854	42	RESP=1
10668458	42	STIM=f
10674187	42	RESP=1
10683923	42	STIM=7
10693041	42	RESP=2
10702034	42	STIM=o
10705022	42	RESP=1
10720485	42	STIM=i
10725191	42	RESP=1
10736362	42	STIM=3
10740788	42	RESP=2
10752071	42	STIM=6
10756243	42	RESP=2
10768462	42	STIM=j
10773193	42	RESP=1
10786660	42	STIM=k
10791722	42	RESP=1
10805569	42	STIM=5
10811068	42	RESP=2
10824086	42	STIM=k
10829074	42	RESP=1
10840236	42	STIM=y
10845234	42	RESP=1
10855977	42	STIM=c
10859150	42	RESP=1
10872266	42	STIM=w
10877959	42	RESP=1
10891163	42	STIM=p
10896615	42	RESP=1
10907586	42	STIM=e
10911264	42	RESP=1
10922672	42	STIM=z
10929557	42	RESP=2
10939283	42	STIM=h
10943205	42	RESP=1
10955346	42	STIM=8
10958920	42	RESP=2
10972091	42	STIM=3
10976597	42	RESP=2
10988627	42	STIM=c
10994744	42	RESP=1
11005261	42	STIM=v
11012594	42	RESP=1
11020951	42	STIM=f
11024468	42	RESP=1
11036556	42	STIM=4
11042225	42	RESP=1
11055344	42	STIM=k
11059741	42	RESP=1
11071839	42	STIM=q
11076504	42	RESP=1
11087928	42	STIM=j
11093381	42	RESP=1
11103007	42	STIM=6
11108343	42	RESP=2
11121172	42	STIM=j
11125637	42	RESP=1
11137615	42	STIM=b
11144639	42	RESP=1
11153880	42	STIM=t
11157677	42	RESP=1
11171349	42	STIM=1
11175226	42	RESP=2
11187126	42	STIM=l
11194646	42	RESP=1
11205209	42	STIM=d
11211129	42	RESP=1
11223778	42	STIM=x
11226431	42	RESP=1
11238792	42	STIM=3
11244593	42	RESP=2
11254286	42	STIM=z
11257976	42	RESP=1
11271022	42	STIM=6
11275738	42	RESP=2
11288530	42	STIM=p
11291870	42	RESP=1
11306004	42	STIM=k
11309133	42	RESP=1
11322232	42	STIM=2
11326621	42	RESP=2
11338148	42	STIM=v
11343048	42	RESP=1
11354390	42	STIM=u
11361094	42	RESP=1
11371161	42	STIM=s
11375755	42	RESP=1
11389502	42	STIM=e
11393068	42	RESP=2
11405642	42	STIM=7
11411097	42	RESP=2
11420985	42	STIM=h
11424628	42	RESP=1
11437911	42	STIM=o
11443840	42	RESP=1
11454809	42	STIM=3
11459608	42	RESP=2
11470766	42	STIM=m
11473748	42	RESP=1
11488282	42	STIM=3
11494468	42	RESP=2
11506953	42	STIM=g
11513264	42	RESP=1
11522706	42	STIM=m
11526919	42	RESP=1
11538765	42	STIM=g
11544619	42	RESP=1
11556024	42	STIM=k
11560991	42	RESP=1
11572897	42	STIM=i
11577666	42	RESP=1
11589006	42	STIM=1
11593882	42	RESP=2
11604859	42	STIM=r
11609689	42	RESP=1
11620795	42	STIM=x
11624724	42	RESP=1
11639167	42	STIM=j
11643690	42	RESP=2
11654926	42	STIM=a
11662247	42	RESP=1
11670473	42	STIM=t
11677138	42	RESP=1
11685742	42	STIM=b
11697241	42	RESP=1
11701597	42	STIM=q
11709129	42	RESP=1
11718012	42	STIM=1
11725493	42	RESP=2
11736650	42	STIM=r
11739784	42	RESP=1
11751671	42	STIM=n
11757689	42	RESP=1
11770316	42	STIM=l
11776722	42	RESP=1
11788281	42	STIM=r
11792063	42	RESP=1
11805440	42	STIM=a
11810458	42	RESP=1
11824030	42	STIM=j
11828450	42	RESP=1
11842092	42	STIM=g
11847023	42	RESP=1
11860972	42	STIM=z
11865892	42	RESP=1
11878712	42	STIM=j
11881583	42	RESP=1
11894829	42	STIM=1
11898938	42	RESP=2
11910762	42	STIM=p
11914125	42	RESP=1
11926324	42	STIM=g
11929786	42	RESP=1
11942554	42	STIM=e
11946215	42	RESP=1
11958748	42	STIM=y
11962379	42	RESP=1
11977477	42	STIM=5
11982965	42	RESP=2
11993125	42	STIM=t
11996303	42	RESP=1
12008247	42	STIM=k
12011661	42	RESP=1
12025648	42	STIM=t
12029996	42	RESP=1
12044446	42	STIM=g
12048084	42	RESP=1
12062399	42	STIM=p
12069999	42	RESP=1
12080780	42	STIM=x
12087220	42	RESP=1
12098344	42	STIM=s
12103911	42	RESP=1
12117299	42	STIM=j
12120776	42	RESP=1
12134316	42	STIM=t
12139703	42	RESP=1
12152684	42	STIM=j
12156492	42	RESP=1
12171561	42	STIM=l
12175359	42	RESP=1
12186664	42	STIM=e
12191605	42	RESP=1
12203786	42	STIM=w
12206958	42	RESP=1
12221972	42	STIM=3
12227099	42	RESP=2
12238050	42	STIM=e
12241709	42	RESP=1
12256862	42	STIM=m
12261216	42	RESP=1
12272904	42	STIM=9
12277357	42	RESP=2
12290857	42	STIM=u
12295127	42	RESP=1
12306043	42	STIM=4
12312655	42	RESP=1
12322427	42	STIM=u
12329773	42	RESP=1
12337446	42	STIM=w
12342017	42	RESP=1
12356355	42	STIM=x
12360554	42	RESP=1
12372606	42	STIM=q
12375907	42	RESP=1
12389356	42	STIM=s
12394093	42	RESP=1
12405337	42	STIM=l
12411668	42	RESP=1
12424009	42	STIM=z
12426918	42	RESP=1
12439332	42	STIM=e
12443086	42	RESP=1
12454526	42	STIM=7
12459953	42	RESP=2
12472692	42	STIM=a
12478136	42	RESP=1
12488877	42	STIM=y
12492816	42	RESP=1
12504941	42	STIM=v
12511004	42	RESP=1
12522259	42	STIM=r
12525223	42	RESP=1
12537426	42	STIM=k
12544989	42	RESP=1
12552611	42	STIM=6
12558245	42	RESP=2
12571236	42	STIM=x
12574385	42	RESP=1
12589450	42	STIM=3
12597050	42	RESP=1
12605485	42	STIM=j
12608633	42	RESP=1
12620647	42	STIM=h
12628305	42	RESP=1
12637174	42	STIM=s
12640225	42	RESP=1
12655279	42	STIM=i
12659610	42	RESP=1
12671533	42	STIM=0
12678107	42	RESP=2
12686907	42	STIM=6
12694233	42	RESP=2
12704660	42	STIM=a
12708891	42	RESP=1
12720206	42	STIM=e
12724613	42	RESP=1
12737772	42	STIM=h
12745279	42	RESP=1
12752900	42	STIM=s
12755383	42	RESP=1
12770584	42	STIM=d
12773060	42	RESP=1
12788768	42	STIM=u
12797600	42	RESP=1
12806370	42	STIM=9
12811239	42	RESP=2
12822809	42	STIM=h
12827579	42	RESP=1
12840424	42	STIM=f
12845708	42	RESP=1
12858235	42	STIM=4
12865887	42	RESP=2
12874871	42	STIM=j
12878472	42	RESP=1
12891885	42	STIM=p
12895372	42	RESP=1
12909309	42	STIM=9
12914221	42	RESP=2
12925891	42	STIM=d
12928964	42	RESP=1
12944563	42	STIM=5
12953094	42	RESP=2
12963208	42	STIM=o
12968039	42	RESP=1
12978948	42	STIM=v
12983137	42	RESP=1
12996686	42	STIM=p
13000860	42	RESP=1
13013437	42	STIM=9
13016980	42	RESP=2
13029060	42	STIM=e
13035567	42	RESP=1
13044596	42	STIM=0
13048923	42	RESP=2
13061223	42	STIM=u
13066601	42	RESP=1
13078068	42	STIM=s
13084613	42	RESP=1
13093619	42	STIM=t
13097244	42	RESP=1
13110355	42	STIM=q
13115800	42	RESP=2
13126760	42	STIM=3
13131050	42	RESP=2
13142255	42	STIM=3
13149487	42	RESP=2
13157963	42	STIM=s
13164959	42	RESP=1
13174468	42	STIM=u
13180082	42	RESP=1
13193118	42	STIM=g
13197298	42	RESP=1
13211914	42	STIM=y
13216068	42	RESP=1
13229051	42	STIM=u
13232693	42	RESP=1
13244089	42	STIM=w
13248719	42	RESP=1
13262752	42	STIM=k
13269099	42	RESP=1
13280879	42	STIM=0
13288067	42	RESP=2
13299641	42	STIM=c
13302454	42	RESP=1
13317672	42	STIM=d
13320836	42	RESP=1
13336045	42	STIM=k
13341529	42	RESP=1
13351721	42	STIM=s
13355557	42	RESP=1
13368805	42	STIM=c
13374855	42	RESP=2
13385564	42	STIM=l
13391753	42	RESP=1
13402125	42	STIM=t
13404691	42	RESP=1
13419933	42	STIM=a
13422974	42	RESP=1
13438121	42	STIM=c
13441295	42	RESP=1
13453473	42	STIM=e
13458126	42	RESP=1
13470664	42	STIM=d
13475276	42	RESP=1
13486894	42	STIM=n
13490530	42	RESP=1
13504540	42	STIM=n
13508687	42	RESP=1
13521702	42	STIM=r
13526176	42	RESP=1
13540034	42	STIM=q
13544785	42	RESP=1
13556547	42	STIM=j
13560642	42	RESP=1
13572198	42	STIM=q
13575911	42	RESP=1
13590353	42	STIM=p
13594501	42	RESP=1
13608780	42	STIM=x
13613386	42	RESP=1
13623793	42	STIM=i
13628790	42	RESP=1
13642301	42	STIM=s
13648543	42	RESP=1
13660326	42	STIM=3
13664701	42	RESP=2
13677897	42	STIM=i
13684278	42	RESP=1
13696224	42	STIM=a
13705587	42	RESP=1
13714318	42	STIM=5
13720097	42	RESP=2
13730363	42	STIM=w
13734704	42	RESP=1
13747679	42	STIM=t
13751284	42	RESP=1
13763175	42	STIM=e
13769402	42	RESP=1
13780278	42	STIM=z
13785569	42	RESP=1
13795573	42	STIM=m
13800969	42	RESP=1
13811403	42	STIM=f
13815172	42	RESP=1
13827373	42	STIM=a
13830693	42	RESP=1
13844161	42	STIM=v
13848608	42	RESP=1
13859164	42	STIM=s
13861925	42	RESP=1
13876606	42	STIM=7
13884742	42	RESP=1
13893527	42	STIM=e
13900962	42	RESP=1
13912374	42	STIM=e
13915611	42	RESP=1
13929535	42	STIM=e
13933280	42	RESP=1
13947272	42	STIM=u
13950800	42	RESP=1
13965989	42	STIM=3
13970654	42	RESP=2
13983287	42	STIM=8
13986731	42	RESP=2
14000334	42	STIM=3
14008549	42	RESP=2
14015708	42	STIM=w
14019264	42	RESP=1
14031107	42	STIM=7
14040060	42	RESP=2
14047772	42	STIM=j
14053595	42	RESP=1
14063639	42	STIM=f
14067644	42	RESP=1
14082329	42	STIM=h
14086391	42	RESP=1
14099921	42	STIM=u
14104333	42	RESP=1
14116395	42	STIM=a
14119278	42	RESP=1
14132331	42	STIM=g
14136472	42	RESP=2
14149381	42	STIM=z
14152731	42	RESP=1
14165634	42	STIM=4
14170867	42	RESP=2
14180636	42	STIM=t
14185518	42	RESP=1
14196563	42	STIM=s
14199868	42	RESP=1
14211845	42	STIM=y
14218765	42	RESP=1
14227994	42	STIM=d
14232500	42	RESP=1
14244553	42	STIM=u
14247347	42	RESP=1
14261677	42	STIM=5
14265835	42	RESP=2
14277997	42	STIM=t
14283298	42	RESP=1
14295040	42	STIM=g
14299534	42	RESP=1
14310418	42	STIM=l
14313704	42	RESP=1
14327854	42	STIM=z
14332675	42	RESP=2
14344782	42	STIM=k
14348058	42	RESP=1
14362973	42	STIM=y
14366519	42	RESP=1
14379953	42	STIM=g
14384107	42	RESP=1
14396028	42	STIM=t
14402170	42	RESP=1
14413061	42	STIM=n
14416598	42	RESP=1
14429757	42	STIM=e
14433441	42	RESP=1
14444886	42	STIM=8
14450106	42	RESP=2
14460486	42	STIM=d
14466000	42	RESP=1
14476491	42	STIM=y
14482516	42	RESP=1
14493761	42	STIM=8
14498385	42	RESP=2
14512420	42	STIM=s
14518864	42	RESP=1
14527671	42	STIM=m
14530596	42	RESP=1
14544457	42	STIM=o
14551208	42	RESP=1
14560104	42	STIM=8
14569626	42	RESP=1
14578760	42	STIM=r
14585501	42	RESP=1
14595482	42	STIM=p
14602030	42	RESP=1
14613764	42	STIM=i
14617964	42	RESP=1
14631143	42	STIM=6
14634635	42	RESP=2
14646272	42	STIM=c
14649820	42	RESP=1
14662355	42	STIM=8
14668247	42	RESP=2
14681147	42	STIM=m
14685697	42	RESP=1
14697920	42	STIM=z
14702077	42	RESP=1
14713014	42	STIM=c
14715498	42	RESP=1
14731547	42	STIM=v
14735851	42	RESP=1
14750465	42	STIM=t
14756222	42	RESP=1
14767415	42	STIM=o
14772813	42	RESP=1
14782507	42	STIM=a
14785859	42	RESP=1
14799355	42	STIM=u
14804405	42	RESP=1
14817230	42	STIM=b
14820779	42	RESP=1
14833495	42	STIM=r
14836672	42	RESP=1
14849072	42	STIM=i
14852960	42	RESP=1
14867698	42	STIM=6
14871433	42	RESP=1
14885129	42	STIM=a
14889468	42	RESP=1
14903219	42	STIM=1
14909975	42	RESP=1
14921986	42	STIM=7
14926534	42	RESP=1
14940304	42	STIM=e
14944528	42	RESP=1
14957952	42	STIM=p
14964139	42	RESP=1
14973262	42	STIM=8
14981316	42	RESP=2
14988744	42	STIM=l
14992968	42	RESP=1
15005840	42	STIM=k
15009863	42	RESP=1
15022536	42	STIM=g
15028007	42	RESP=1
15041383	42	STIM=r
15047412	42	RESP=1
15056434	42	STIM=u
15061766	42	RESP=1
15074482	42	STIM=a
15078329	42	RESP=1
15093434	42	STIM=p
15101468	42	RESP=1
15111674	42	STIM=n
15119006	42	RESP=1
15129357	42	STIM=x
15132557	42	RESP=1
15147742	42	STIM=w
15152491	42	RESP=1
15165104	42	STIM=y
15169053	42	RESP=1
15181901	42	STIM=j
15186721	42	RESP=1
15200563	42	STIM=z
15204559	42	RESP=1
15219326	42	STIM=r
15226117	42	RESP=1
15237081	42	STIM=7
15244691	42	RESP=2
15255606	42	STIM=n
15260411	42	RESP=1
15272138	42	STIM=l
15281404	42	RESP=1
15287880	42	STIM=p
15293079	42	RESP=1
15305735	42	STIM=v
15314457	42	RESP=2
15321218	42	STIM=v
15326234	42	RESP=1
15339079	42	STIM=l
15349333	42	RESP=1
15355539	42	STIM=i
15358781	42	RESP=1
15373251	42	STIM=p
15379979	42	RESP=1
15391444	42	STIM=h
15395594	42	RESP=1
15408162	42	STIM=x
15411139	42	RESP=1
15423980	42	STIM=e
15429700	42	RESP=1
15440880	42	STIM=j
15443880	42	RESP=1
15459135	42	STIM=l
15466024	42	RESP=1
15475589	42	STIM=9
15480210	42	RESP=2
15492403	42	STIM=g
15497790	42	RESP=1
15509674	42	STIM=e
15516458	42	RESP=1
15524683	42	STIM=j
15531471	42	RESP=1
15541917	42	STIM=r
15546847	42	RESP=1
15560626	42	STIM=m
15565744	42	RESP=1
15577273	42	STIM=s
15584738	42	RESP=1
15595989	42	STIM=9
15603625	42	RESP=2
15612458	42	STIM=c
15616510	42	RESP=1
15627469	42	STIM=y
15631482	42	RESP=1
15645220	42	STIM=w
15648126	42	RESP=1
15660282	42	STIM=h
15663950	42	RESP=1
15675401	42	STIM=g
15682180	42	RESP=1
15693579	42	STIM=z
15697824	42	RESP=1
15711278	42	STIM=u
15716051	42	RESP=1
15727920	42	STIM=i
15731060	42	RESP=1
15743645	42	STIM=e
15748727	42	RESP=1
15759205	42	STIM=8
15763305	42	RESP=2
15776295	42	STIM=v
15781959	42	RESP=1
15791580	42	STIM=l
15797171	42	RESP=1
15808139	42	STIM=d
15813571	42	RESP=1
15824352	42	STIM=v
15828131	42	RESP=1
15842155	42	STIM=s
15845064	42	RESP=1
15857901	42	STIM=l
15861594	42	RESP=1
15873038	42	STIM=h
15877234	42	RESP=1
15888168	42	STIM=6
15891233	42	RESP=1
15906723	42	STIM=r
15911142	42	RESP=1
15922209	42	STIM=v
15927733	42	RESP=1
15939758	42	STIM=h
15947679	42	RESP=1
15955701	42	STIM=c
15962161	42	RESP=1
15973870	42	STIM=8
15977585	42	RESP=2
15990308	42	STIM=m
15994029	42	RESP=1
16007920	42	STIM=1
16011024	42	RESP=2
16025703	42	STIM=s
16028660	42	RESP=1
16041260	42	STIM=s
16045042	42	RESP=1
16059508	42	STIM=h
16062096	42	RESP=1
16077024	42	STIM=2
16080520	42	RESP=2
16094657	42	STIM=y
16097688	42	RESP=1
16113429	42	STIM=2
16118205	42	RESP=2
16129447	42	STIM=v
16133994	42	RESP=1
16144484	42	STIM=v
16148474	42	RESP=1
16160594	42	STIM=f
16163284	42	RESP=1
16177393	42	STIM=c
16181800	42	RESP=1
16192689	42	STIM=a
16203295	42	RESP=1
16207985	42	STIM=a
16213145	42	RESP=1
16224344	42	STIM=1
16229599	42	RESP=2
16240196	42	STIM=m
16244714	42	RESP=1
16258647	42	STIM=m
16262262	42	RESP=1
16275925	42	STIM=5
16280273	42	RESP=2
16294431	42	STIM=9
16299791	42	RESP=2
16311067	42	STIM=j
16315655	42	RESP=1
16326314	42	STIM=2
16331186	42	RESP=2
16343305	42	STIM=v
16346349	42	RESP=1
16361980	42	STIM=4
16366389	42	RESP=2
16379584	42	STIM=0
16385646	42	RESP=2
16396414	42	STIM=7
16402778	42	RESP=2
16411751	42	STIM=1
16416300	42	RESP=2
16429162	42	STIM=s
16433743	42	RESP=1
16444717	42	STIM=w
16451869	42	RESP=1
16461591	42	STIM=w
16465131	42	RESP=1
16479618	42	STIM=e
16485818	42	RESP=1
16495461	42	STIM=f
16499977	42	RESP=1
16511458	42	STIM=g
16519321	42	RESP=1
16529382	42	STIM=u
16533793	42	RESP=1
16547673	42	STIM=z
16551245	42	RESP=1
16563729	42	STIM=f
16568871	42	RESP=1
16581821	42	STIM=m
16587081	42	RESP=1
16599231	42	STIM=d
16602615	42	RESP=1
16617043	42	STIM=z
16623664	42	RESP=1
16634134	42	STIM=c
16637324	42	RESP=1
16651049	42	STIM=x
16655615	42	RESP=1
16669509	42	STIM=m
16675039	42	RESP=1
16687021	42	STIM=q
16690635	42	RESP=1
16704564	42	STIM=r
16711017	42	RESP=1
16720745	42	STIM=6
16727556	42	RESP=2
16736741	42	STIM=9
16744334	42	RESP=2
16753583	42	STIM=u
16757275	42	RESP=1
16772482	42	STIM=a
16775806	42	RESP=1
16787710	42	STIM=o
16794899	42	RESP=1
16805498	42	STIM=9
16809651	42	RESP=2
16820630	42	STIM=m
16824621	42	RESP=1
16837487	42	STIM=p
16842808	42	RESP=1
16854972	42	STIM=9
16861921	42	RESP=2
16872397	42	STIM=k
16878495	42	RESP=1
16888002	42	STIM=i
16891296	42	RESP=1
16906409	42	STIM=l
16912869	42	RESP=1
16923287	42	STIM=c
16927755	42	RESP=1
16939595	42	STIM=n
16943658	42	RESP=1
16958373	42	STIM=f
16964027	42	RESP=1
16976701	42	STIM=b
16980288	42	RESP=1
16992111	42	STIM=z
16996951	42	RESP=1
17007742	42	STIM=h
17012136	42	RESP=1
17024024	42	STIM=2
17027576	42	RESP=2
17039335	42	STIM=e
17048795	42	RESP=1
17057581	42	STIM=l
17060220	42	RESP=1
17075250	42	STIM=b
17081645	42	RESP=1
17092959	42	STIM=4
17097141	42	RESP=2
17110456	42	STIM=k
17117150	42	RESP=1
17127005	42	STIM=u
17131618	42	RESP=1
17144549	42	STIM=w
17148750	42	RESP=1
17161494	42	STIM=q
17166635	42	RESP=1
17176627	42	STIM=3
17181502	42	RESP=2
17192194	42	STIM=5
17196689	42	RESP=2
17209385	42	STIM=u
17213989	42	RESP=1
17224792	42	STIM=w
17231123	42	RESP=2
17240552	42	STIM=b
17243182	42	RESP=1
17258179	42	STIM=y
17263217	42	RESP=1
17274673	42	STIM=3
17280384	42	RESP=2
17290913	42	STIM=p
17300705	42	RESP=1
17309912	42	STIM=g
17315969	42	RESP=1
17328871	42	STIM=f
17332883	42	RESP=1
17344600	42	STIM=k
17347955	42	RESP=1
17363272	42	STIM=e
17371668	42	RESP=1
17378284	42	STIM=e
17386543	42	RESP=1
17396645	42	STIM=p
17403534	42	RESP=1
17414622	42	STIM=d
17420102	42	RESP=1
17431949	42	STIM=v
17434888	42	RESP=1
17449139	42	STIM=m
17453318	42	RESP=1
17466346	42	STIM=2
17470339	42	RESP=2
17484519	42	STIM=b
17490205	42	RESP=1
17503113	42	STIM=e
17508307	42	RESP=1
17520547	42	STIM=p
17525047	42	RESP=1
17535825	42	STIM=j
17539315	42	RESP=1
17553256	42	STIM=x
17557055	42	RESP=1
17570015	42	STIM=b
17575106	42	RESP=1
17587595	42	STIM=v
17592586	42	RESP=1
17604488	42	STIM=x
17609652	42	RESP=1
17622903	42	STIM=g
17625796	42	RESP=1
17638975	42	STIM=o
17642270	42	RESP=1
17657318	42	STIM=b
17660736	42	RESP=1
17672954	42	STIM=g
17676480	42	RESP=1
17689210	42	STIM=g
17692861	42	RESP=1
17706254	42	STIM=8
17710773	42	RESP=2
17722162	42	STIM=m
17732983	42	RESP=1
17737877	42	STIM=0
17742329	42	RESP=2
17754304	42	STIM=p
17757706	42	RESP=1
17771641	42	STIM=z
17776772	42	RESP=1
17787467	42	STIM=y
17791963	42	RESP=1
17803182	42	STIM=q
17805913	42	RESP=1
17818903	42	STIM=8
17825151	42	RESP=2
17834422	42	STIM=9
17840905	42	RESP=2
17850925	42	STIM=r
17855481	42	RESP=1
17869542	42	STIM=t
17874356	42	RESP=1
17885593	42	STIM=m
17889230	42	RESP=1
17904467	42	STIM=m
17909034	42	RESP=1
17923339	42	STIM=r
17928262	42	RESP=1
17941855	42	STIM=e
17945371	42	RESP=1
17958681	42	STIM=m
17962590	42	RESP=1
17976542	42	STIM=o
17979579	42	RESP=1
17991770	42	STIM=p
17998401	42	RESP=1
18007444	42	STIM=k
18010508	42	RESP=1
18023502	42	STIM=2
18029097	42	RESP=2
18041656	42	STIM=s
18044421	42	RESP=1
18058875	42	STIM=n
18064670	42	RESP=1
18074790	42	STIM=e
18077399	42	RESP=1
18092136	42	STIM=2
18097320	42	RESP=2
18109455	42	STIM=t
18117918	42	RESP=1
18125071	42	STIM=h
18133493	42	RESP=1
18140881	42	STIM=j
18144758	42	RESP=1
18159707	42	STIM=y
18164666	42	RESP=1
18176606	42	STIM=c
18179853	42	RESP=1
18191972	42	STIM=f
18198138	42	RESP=1
18208631	42	STIM=3
18213705	42	RESP=2
18224224	42	STIM=3
18228568	42	RESP=2
18240036	42	STIM=1
18245151	42	RESP=2
18255861	42	STIM=k
18259940	42	RESP=1
18274396	42	STIM=n
18278747	42	RESP=1
18293182	42	STIM=s
18298280	42	RESP=1
18309025	42	STIM=g
18316138	42	RESP=1
18326870	42	STIM=r
18336251	42	RESP=1
18344183	42	STIM=2
18352180	42	RESP=2
18360660	42	STIM=g
18368683	42	RESP=1
18377132	42	STIM=c
18381401	42	RESP=1
18392259	42	STIM=4
18395762	42	RESP=2
18411004	42	STIM=j
18414096	42	RESP=1
18429517	42	STIM=t
18436081	42	RESP=1
18445131	42	STIM=m
18449240	42	RESP=1
18463480	42	STIM=y
18466939	42	RESP=1
18478741	42	STIM=w
18485134	42	RESP=1
18494235	42	STIM=5
18498250	42	RESP=2
18510005	42	STIM=o
18513320	42	RESP=1
18526151	42	STIM=w
18533791	42	RESP=1
18542047	42	STIM=q
18547526	42	RESP=1
18559597	42	STIM=s
18563713	42	RESP=1
18576980	42	STIM=t
18580512	42	RESP=1
18592660	42	STIM=q
18597114	42	RESP=1
18607720	42	STIM=z
18610919	42	RESP=1
18625844	42	STIM=k
18631145	42	RESP=1
18641424	42	STIM=9
18647778	42	RESP=2
18660338	42	STIM=g
18664303	42	RESP=1
18678227	42	STIM=l
18688650	42	RESP=1
18696129	42	STIM=i
18701133	42	RESP=1
18711548	42	STIM=9
18716342	42	RESP=2
18729907	42	STIM=v
18734133	42	RESP=1
18748305	42	STIM=b
18751010	42	RESP=1
18765140	42	STIM=h
18772090	42	RESP=1
18780368	42	STIM=x
18785635	42	RESP=1
18798139	42	STIM=f
18800732	42	RESP=1
18816195	42	STIM=p
18822399	42	RESP=1
18832050	42	STIM=d
18834848	42	RESP=1
18848965	42	STIM=7
18854588	42	RESP=2
18865633	42	STIM=r
18868484	42	RESP=1
18882323	42	STIM=5
18888608	42	RESP=2
18898580	42	STIM=y
18901939	42	RESP=1
18917165	42	STIM=3
18925417	42	RESP=2
18933008	42	STIM=u
18938285	42	RESP=2
18949696	42	STIM=f
18953342	42	RESP=1
18968497	42	STIM=s
18981214	42	RESP=1
18987145	42	STIM=i
18994907	42	RESP=1
19002166	42	STIM=6
19007824	42	RESP=2
19018338	42	STIM=n
19023520	42	RESP=1
19034357	42	STIM=6
19038730	42	RESP=2
19049638	42	STIM=y
19054562	42	RESP=1
19065424	42	STIM=0
19071832	42	RESP=1
19083118	42	STIM=b
19090869	42	RESP=2
19098933	42	STIM=q
19104549	42	RESP=1
19115523	42	STIM=l
19118801	42	RESP=1
19133759	42	STIM=n
19139027	42	RESP=1
19152457	42	STIM=f
19157349	42	RESP=1
19170237	42	STIM=4
19174775	42	RESP=2
19189065	42	STIM=z
19194329	42	RESP=1
19204242	42	STIM=a
19208894	42	RESP=1
19223059	42	STIM=w
19227475	42	RESP=1
19241072	42	STIM=m
19249275	42	RESP=1
19258324	42	STIM=y
19261080	42	RESP=1
19274833	42	STIM=i
19281386	42	RESP=1
19292332	42	STIM=k
19300145	42	RESP=1
19309429	42	STIM=7
19314710	42	RESP=2
19324480	42	STIM=u
19327916	42	RESP=1
19340847	42	STIM=h
19346297	42	RESP=1
19357075	42	STIM=v
19362962	42	RESP=1
19372607	42	STIM=z
19378342	42	RESP=1
19391280	42	STIM=g
19395095	42	RESP=1
19409398	42	STIM=p
19412942	42	RESP=1
19425038	42	STIM=o
19427664	42	RESP=1
19441926	42	STIM=u
19448909	42	RESP=1
19459558	42	STIM=y
19463974	42	RESP=1
19475669	42	STIM=k
19483649	42	RESP=1
19492194	42	STIM=k
19497576	42	RESP=1
19508090	42	STIM=f
19512600	42	RESP=1
19524590	42	STIM=p
19528695	42	RESP=1
19542903	42	STIM=f
19546808	42	RESP=1
19558899	42	STIM=8
19564555	42	RESP=2
19575489	42	STIM=k
19579669	42	RESP=1
19594152	42	STIM=x
19597640	42	RESP=1
19611940	42	STIM=z
19614682	42	RESP=1
19627881	42	STIM=9
19634880	42	RESP=2
19646060	42	STIM=d
19649145	42	RESP=1
19662606	42	STIM=x
19666224	42	RESP=1
19677805	42	STIM=w
19681099	42	RESP=1
19696490	42	STIM=k
19702662	42	RESP=1
19714390	42	STIM=z
19724933	42	RESP=1
19732049	42	STIM=h
19737385	42	RESP=1
19750049	42	STIM=c
19753238	42	RESP=2
19768393	42	STIM=2
19774066	42	RESP=2
19784763	42	STIM=h
19788218	42	RESP=1
19800114	42	STIM=d
19804506	42	RESP=1
19815339	42	STIM=l
19818745	42	RESP=1
19831222	42	STIM=n
19837408	42	RESP=1
19847219	42	STIM=x
19850433	42	RESP=1
19865955	42	STIM=7
19870947	42	RESP=1
19881628	42	STIM=b
19886545	42	RESP=1
19900395	42	STIM=f
19903365	42	RESP=1
19915426	42	STIM=2
19925768	42	RESP=2
19931558	42	STIM=1
19935908	42	RESP=2
19949508	42	STIM=p
19954233	42	RESP=1
19965082	42	STIM=o
19971476	42	RESP=1
19983121	42	STIM=y
19991283	42	RESP=1
20000122	42	STIM=k
20004142	42	RESP=1
20018332	42	STIM=h
20026556	42	RESP=1
20035005	42	STIM=0
20040540	42	RESP=2
20051245	42	STIM=u
20055951	42	RESP=1
20068131	42	STIM=f
20071519	42	RESP=1
20083686	42	STIM=e
20087323	42	RESP=1
20102262	42	STIM=y
20109487	42	RESP=1
20118721	42	STIM=6
20126148	42	RESP=2
20134431	42	STIM=5
20138413	42	RESP=2
20153079	42	STIM=n
20156555	42	RESP=1
20168142	42	STIM=r
20172774	42	RESP=1
20185537	42	STIM=k
20189070	42	RESP=1
20201818	42	STIM=q
20206644	42	RESP=1
20218773	42	STIM=s
20224804	42	RESP=1
20235467	42	STIM=w
20243817	42	RESP=1
20252900	42	STIM=a
20258190	42	RESP=1
20271602	42	STIM=z
20276053	42	RESP=1
20287947	42	STIM=p
20292956	42	RESP=1
20306681	42	STIM=k
20315828	42	RESP=1
20325001	42	STIM=k
20329987	42	RESP=1
20343790	42	STIM=v
20347838	42	RESP=1
20362637	42	STIM=h
20367249	42	RESP=1
20377994	42	STIM=h
20387589	42	RESP=1
20396886	42	STIM=i
20399524	42	RESP=1
20412303	42	STIM=v
20418692	42	RESP=1
20431264	42	STIM=k
20436267	42	RESP=1
20446771	42	STIM=n
20451278	42	RESP=1
20462495	42	STIM=p
20467157	42	RESP=1
20479061	42	STIM=3
20488510	42	RESP=2
20496299	42	STIM=7
20502946	42	RESP=2
20511771	42	STIM=h
20514940	42	RESP=1
20529957	42	STIM=2
20534313	42	RESP=2
20547847	42	STIM=f
20552007	42	RESP=1
20563931	42	STIM=q
20570188	42	RESP=1
20580102	42	STIM=r
20586999	42	RESP=1
20597371	42	STIM=8
20603953	42	RESP=2
20615088	42	STIM=w
20618769	42	RESP=1
20632564	42	STIM=1
20640125	42	RESP=2
20648223	42	STIM=a
20651300	42	RESP=1
20663508	42	STIM=7
20669069	42	RESP=2
20682319	42	STIM=p
20686300	42	RESP=1
20699882	42	STIM=b
20705381	42	RESP=1
20715736	42	STIM=u
20720535	42	RESP=1
20734053	42	STIM=u
20740381	42	RESP=1
20751478	42	STIM=u
20756706	42	RESP=1
20766921	42	STIM=d
20771853	42	RESP=1
20785057	42	STIM=6
20788606	42	RESP=2
20802017	42	STIM=p
20808013	42	RESP=1
20817633	42	STIM=v
20822105	42	RESP=1
20834128	42	STIM=j
20837090	42	RESP=1
20851351	42	STIM=h
20856770	42	RESP=1
20866982	42	STIM=h
20873912	42	RESP=1
20882519	42	STIM=a
20889057	42	RESP=1
20897938	42	STIM=7
20903498	42	RESP=2
20913602	42	STIM=j
20918048	42	RESP=1
20928819	42	STIM=f
20931380	42	RESP=1
20945397	42	STIM=o
20947856	42	RESP=1
20963066	42	STIM=l
20968685	42	RESP=1
20980276	42	STIM=w
20984188	42	RESP=2
20996031	42	STIM=u
21003354	42	RESP=1
21013850	42	STIM=y
21019425	42	RESP=1
21029514	42	STIM=8
21033128	42	RESP=2
21046558	42	STIM=c
21050406	42	RESP=1
21062959	42	STIM=r
21070463	42	RESP=1
21080237	42	STIM=i
21083278	42	RESP=1
21098904	42	STIM=v
21108596	42	RESP=1
21115214	42	STIM=e
21118895	42	RESP=1
21132758	42	STIM=4
21137959	42	RESP=2
21150455	42	STIM=p
21153982	42	RESP=1
21169280	42	STIM=n
21174176	42	RESP=1
21184359	42	STIM=y
21190825	42	RESP=2
21201487	42	STIM=n
21205107	42	RESP=1
21219494	42	STIM=l
21223833	42	RESP=1
21234850	42	STIM=l
21241080	42	RESP=1
21253562	42	STIM=i
21258175	42	RESP=1
21271768	42	STIM=z
21276360	42	RESP=1
21289287	42	STIM=b
21293763	42	RESP=1
21307974	42	STIM=e
21317911	42	RESP=1
21325281	42	STIM=q
21329341	42	RESP=2
21340374	42	STIM=k
21344689	42	RESP=1
21358683	42	STIM=e
21366579	42	RESP=1
21373753	42	STIM=g
21381578	42	RESP=1
21389175	42	STIM=a
21395708	42	RESP=1
21405680	42	STIM=s
21408796	42	RESP=1
21423586	42	STIM=q
21427176	42	RESP=1
21439148	42	STIM=f
21447165	42	RESP=1
21457534	42	STIM=e
21461085	42	RESP=1
21472731	42	STIM=1
21478345	42	RESP=2
21487757	42	STIM=p
21492774	42	RESP=1
21503622	42	STIM=v
21509750	42	RESP=1
21520163	42	STIM=h
21524731	42	RESP=1
21537583	42	STIM=l
21542867	42	RESP=1
21553277	42	STIM=9
21557935	42	RESP=2
21569569	42	STIM=s
21573999	42	RESP=1
21587218	42	STIM=t
21592840	42	RESP=1
21603753	42	STIM=2
21609646	42	RESP=2
21620034	42	STIM=k
21626199	42	RESP=1
21635359	42	STIM=y
21639146	42	RESP=1
21651973	42	STIM=i
21659468	42	RESP=1
21668772	42	STIM=u
21672075	42	RESP=1
21685688	42	STIM=j
21689295	42	RESP=1
21701180	42	STIM=q
21704288	42	RESP=1
21718786	42	STIM=a
21721883	42	RESP=1
