# Original filename: 0045_DSA_2016-09-30.log
# Time unit: 100 us
# RARECAT=digit
#
# Time	HHGG	Event
36379	42	STIM=l
42832	42	RESP=1
51768	42	STIM=t
58964	42	RESP=1
68716	42	STIM=d
71840	42	RESP=1
86752	42	STIM=n
93336	42	RESP=1
103793	42	STIM=h
109172	42	RESP=1
121492	42	STIM=z
124618	42	RESP=1
139719	42	STIM=x
144028	42	RESP=1
158026	42	STIM=b
163282	42	RESP=1
175231	42	STIM=j
180290	42	RESP=1
193326	42	STIM=c
196562	42	RESP=1
212046	42	STIM=t
219095	42	RESP=1
228555	42	STIM=j
232457	42	RESP=1
246687	42	STIM=w
250208	42	RESP=1
265285	42	STIM=e
270871	42	RESP=1
281597	42	STIM=e
285320	42	RESP=1
300171	42	STIM=v
307917	42	RESP=1
318746	42	STIM=p
323534	42	RESP=1
336670	42	STIM=i
342098	42	RESP=2
352589	42	STIM=a
357130	42	RESP=1
370067	42	STIM=h
375181	42	RESP=1
385847	42	STIM=g
389154	42	RESP=1
403504	42	STIM=e
408215	42	RESP=1
420647	42	STIM=1
425992	42	RESP=2
436901	42	STIM=f
440240	42	RESP=1
452678	42	STIM=g
456816	42	RESP=1
469668	42	STIM=2
473877	42	RESP=2
484741	42	STIM=r
488607	42	RESP=1
503453	42	STIM=2
509834	42	RESP=2
518988	42	STIM=k
528261	42	RESP=1
535645	42	STIM=y
539661	42	RESP=1
551106	42	STIM=0
556807	42	RESP=1
569017	42	STIM=b
576726	42	RESP=2
585667	42	STIM=t
589935	42	RESP=1
600730	42	STIM=9
608627	42	RESP=2
616129	42	STIM=q
620569	42	RESP=1
634680	42	STIM=k
639859	42	RESP=1
653146	42	STIM=u
656760	42	RESP=1
670486	42	STIM=s
676549	42	RESP=1
686122	42	STIM=q
692383	42	RESP=1
703055	42	STIM=j
707673	42	RESP=1
721873	42	STIM=0
728295	42	RESP=2
739474	42	STIM=k
746634	42	RESP=1
756964	42	STIM=z
767268	42	RESP=1
773354	42	STIM=d
776561	42	RESP=1
789783	42	STIM=4
794531	42	RESP=2
808054	42	STIM=i
816450	42	RESP=1
826249	42	STIM=0
830707	42	RESP=2
841425	42	STIM=1
845614	42	RESP=2
857926	42	STIM=n
861457	42	RESP=1
873030	42	STIM=c
879272	42	RESP=1
891845	42	STIM=m
894489	42	RESP=1
910681	42	STIM=q
918030	42	RESP=1
929331	42	STIM=7
934343	42	RESP=2
945014	42	STIM=u
949544	42	RESP=1
963934	42	STIM=g
974170	42	RESP=1
981411	42	STIM=g
987303	42	RESP=1
1000065	42	STIM=w
1004471	42	RESP=1
1016644	42	STIM=z
1021083	42	RESP=1
1032377	42	STIM=h
1036259	42	RESP=1
1051295	42	STIM=u
1054911	42	RESP=1
1068505	42	STIM=g
1071294	42	RESP=1
1087341	42	STIM=4
1094375	42	RESP=2
1105053	42	STIM=v
1119668	42	RESP=1
1123927	42	STIM=n
1126881	42	RESP=1
1141455	42	STIM=g
1144389	42	RESP=1
1159095	42	STIM=b
1166297	42	RESP=1
1176693	42	STIM=r
1182130	42	RESP=1
1195417	42	STIM=y
1204275	42	RESP=1
1214088	42	STIM=z
1217437	42	RESP=1
1232077	42	STIM=7
1239113	42	RESP=2
1247311	42	STIM=y
1250345	42	RESP=1
1265024	42	STIM=v
1269421	42	RESP=1
1281000	42	STIM=r
1285121	42	RESP=1
1298045	42	STIM=u
1303967	42	RESP=1
1313399	42	STIM=y
1318220	42	RESP=2
1329981	42	STIM=p
1334968	42	RESP=1
1347509	42	STIM=n
1354408	42	RESP=1
1364241	42	STIM=o
1368629	42	RESP=1
1382454	42	STIM=q
1388508	42	RESP=1
1401370	42	STIM=z
1404760	42	RESP=1
1420057	42	STIM=k
1425539	42	RESP=1
1438584	42	STIM=g
1443077	42	RESP=1
1456891	42	STIM=u
1465057	42	RESP=1
1472157	42	STIM=d
1479866	42	RESP=1
1490242	42	STIM=2
1494870	42	RESP=2
1509000	42	STIM=s
1512070	42	RESP=1
1525653	42	STIM=l
1529509	42	RESP=1
1544193	42	STIM=y
1550967	42	RESP=1
1563094	42	STIM=p
1566814	42	RESP=1
1578547	42	STIM=x
1584265	42	RESP=1
1595684	42	STIM=k
1598978	42	RESP=1
1610952	42	STIM=e
1618791	42	RESP=1
1629067	42	STIM=0
1634685	42	RESP=2
1647148	42	STIM=4
1651827	42	RESP=1
1662165	42	STIM=r
1666493	42	RESP=1
1679784	42	STIM=f
1685748	42	RESP=1
1696375	42	STIM=n
1700968	42	RESP=1
1711832	42	STIM=i
1716018	42	RESP=1
1726935	42	STIM=u
1732488	42	RESP=1
1742341	42	STIM=x
1746232	42	RESP=1
1760463	42	STIM=f
1766022	42	RESP=1
1778447	42	STIM=1
1782579	42	RESP=2
1797108	42	STIM=j
1804576	42	RESP=1
1814974	42	STIM=o
1818016	42	RESP=1
1830439	42	STIM=p
1838316	42	RESP=1
1847822	42	STIM=d
1853656	42	RESP=1
1866759	42	STIM=x
1871340	42	RESP=1
1884826	42	STIM=8
1890790	42	RESP=2
1902607	42	STIM=l
1908392	42	RESP=1
1921288	42	STIM=q
1926655	42	RESP=1
1937420	42	STIM=2
1940761	42	RESP=2
1953995	42	STIM=9
1961331	42	RESP=1
1969339	42	STIM=u
1974876	42	RESP=1
1986411	42	STIM=s
1990793	42	RESP=1
2002444	42	STIM=z
2006993	42	RESP=1
2021330	42	STIM=b
2024786	42	RESP=1
2039620	42	STIM=b
2049400	42	RESP=1
2057584	42	STIM=l
2064101	42	RESP=1
2073979	42	STIM=b
2078839	42	RESP=1
2092603	42	STIM=e
2096548	42	RESP=1
2110905	42	STIM=z
2116504	42	RESP=1
2126864	42	STIM=i
2130532	42	RESP=1
2142798	42	STIM=i
2146124	42	RESP=1
2160888	42	STIM=o
2164301	42	RESP=1
2178483	42	STIM=c
2183098	42	RESP=1
2195725	42	STIM=y
2204667	42	RESP=1
2213711	42	STIM=e
2217018	42	RESP=1
2229773	42	STIM=4
2234596	42	RESP=2
2247770	42	STIM=r
2251428	42	RESP=1
2263920	42	STIM=i
2267050	42	RESP=1
2279262	42	STIM=u
2282719	42	RESP=1
2294671	42	STIM=l
2297480	42	RESP=1
2311540	42	STIM=f
2318397	42	RESP=1
2329848	42	STIM=3
2337410	42	RESP=2
2347155	42	STIM=6
2352734	42	RESP=1
2365105	42	STIM=7
2370118	42	RESP=2
2382110	42	STIM=w
2385706	42	RESP=1
2400112	42	STIM=w
2404004	42	RESP=1
2416965	42	STIM=8
2421671	42	RESP=2
2433877	42	STIM=i
2439553	42	RESP=1
2450406	42	STIM=a
2453663	42	RESP=1
2469042	42	STIM=8
2472917	42	RESP=2
2485163	42	STIM=v
2489520	42	RESP=1
2502025	42	STIM=y
2508982	42	RESP=1
2520522	42	STIM=x
2525331	42	RESP=2
2538350	42	STIM=i
2542845	42	RESP=1
2554403	42	STIM=c
2563699	42	RESP=1
2572647	42	STIM=c
2576403	42	RESP=1
2590232	42	STIM=p
2594155	42	RESP=1
2606367	42	STIM=6
2611217	42	RESP=2
2624826	42	STIM=y
2633638	42	RESP=1
2641284	42	STIM=e
2647396	42	RESP=1
2660212	42	STIM=1
2665698	42	RESP=1
2678612	42	STIM=h
2683406	42	RESP=1
2697552	42	STIM=7
2702849	42	RESP=2
2713645	42	STIM=z
2719245	42	RESP=1
2729954	42	STIM=3
2734033	42	RESP=2
2745917	42	STIM=o
2752832	42	RESP=1
2761514	42	STIM=x
2768514	42	RESP=1
2780145	42	STIM=q
2786282	42	RESP=1
2796647	42	STIM=r
2804777	42	RESP=1
2813174	42	STIM=f
2816535	42	RESP=1
2828596	42	STIM=i
2832473	42	RESP=1
2845769	42	STIM=t
2856753	42	RESP=1
2861441	42	STIM=v
2865221	42	RESP=1
2878595	42	STIM=v
2882889	42	RESP=1
2896378	42	STIM=2
2900429	42	RESP=2
2911716	42	STIM=2
2915064	42	RESP=2
2930119	42	STIM=v
2936354	42	RESP=1
2948139	42	STIM=c
2951255	42	RESP=1
2965358	42	STIM=w
2968976	42	RESP=1
2983274	42	STIM=i
2988185	42	RESP=1
2998970	42	STIM=k
3003768	42	RESP=1
3015303	42	STIM=p
3022483	42	RESP=1
3033845	42	STIM=p
3040974	42	RESP=1
3052618	42	STIM=y
3056977	42	RESP=1
3071346	42	STIM=c
3075374	42	RESP=1
3089979	42	STIM=i
3098378	42	RESP=1
3105147	42	STIM=e
3107801	42	RESP=1
3120740	42	STIM=s
3123823	42	RESP=1
3137338	42	STIM=x
3140297	42	RESP=1
3153133	42	STIM=1
3158804	42	RESP=2
3169551	42	STIM=v
3172894	42	RESP=1
3188523	42	STIM=a
3192159	42	RESP=1
3205171	42	STIM=8
3211200	42	RESP=2
3221623	42	STIM=n
3229146	42	RESP=1
3237292	42	STIM=2
3242148	42	RESP=2
3253485	42	STIM=j
3257029	42	RESP=1
3269699	42	STIM=v
3273608	42	RESP=1
3287642	42	STIM=i
3293368	42	RESP=1
3304359	42	STIM=t
3307666	42	RESP=1
3320056	42	STIM=c
3323692	42	RESP=2
3336165	42	STIM=4
3341546	42	RESP=2
3353149	42	STIM=0
3356681	42	RESP=2
3370317	42	STIM=e
3373401	42	RESP=1
3386659	42	STIM=a
3391122	42	RESP=1
3403682	42	STIM=x
3408821	42	RESP=1
3421521	42	STIM=2
3425596	42	RESP=2
3438001	42	STIM=z
3445656	42	RESP=1
3453972	42	STIM=r
3460757	42	RESP=1
3471792	42	STIM=s
3474517	42	RESP=2
3489302	42	STIM=v
3493191	42	RESP=1
3505065	42	STIM=h
3508423	42	RESP=1
3522763	42	STIM=s
3526173	42	RESP=1
3541285	42	STIM=z
3545484	42	RESP=1
3556508	42	STIM=y
3560508	42	RESP=1
3572066	42	STIM=q
3577583	42	RESP=1
3590726	42	STIM=v
3596296	42	RESP=1
3606457	42	STIM=h
3611083	42	RESP=1
3621925	42	STIM=0
3628815	42	RESP=2
3639221	42	STIM=u
3643004	42	RESP=1
3654386	42	STIM=x
3657706	42	RESP=1
3670414	42	STIM=y
3674379	42	RESP=1
3685931	42	STIM=1
3690571	42	RESP=2
3704284	42	STIM=p
3707304	42	RESP=1
3720514	42	STIM=w
3729102	42	RESP=1
3738996	42	STIM=o
3743366	42	RESP=1
3755739	42	STIM=u
3762972	42	RESP=1
3771197	42	STIM=a
3776985	42	RESP=1
3788839	42	STIM=b
3795421	42	RESP=1
3805868	42	STIM=2
3812090	42	RESP=2
3822850	42	STIM=9
3827117	42	RESP=2
3840617	42	STIM=l
3850845	42	RESP=2
3856825	42	STIM=x
3862659	42	RESP=1
3875326	42	STIM=2
3881043	42	RESP=2
3890477	42	STIM=a
3895869	42	RESP=1
3906667	42	STIM=f
3910809	42	RESP=1
3924411	42	STIM=q
3929843	42	RESP=1
3942884	42	STIM=f
3946614	42	RESP=1
3961490	42	STIM=7
3968455	42	RESP=2
3978901	42	STIM=f
3983830	42	RESP=1
3996343	42	STIM=u
4001444	42	RESP=1
4013812	42	STIM=n
4017672	42	RESP=1
4029811	42	STIM=l
4036356	42	RESP=1
4048426	42	STIM=6
4056636	42	RESP=1
4066100	42	STIM=y
4071015	42	RESP=1
4082510	42	STIM=w
4087185	42	RESP=1
4097956	42	STIM=t
4101331	42	RESP=2
4113252	42	STIM=e
4120320	42	RESP=1
4128264	42	STIM=l
4135361	42	RESP=1
4146084	42	STIM=c
4149726	42	RESP=1
4163086	42	STIM=o
4167692	42	RESP=1
4181455	42	STIM=b
4185289	42	RESP=1
4199887	42	STIM=4
4204078	42	RESP=2
4216326	42	STIM=c
4220694	42	RESP=1
4232883	42	STIM=3
4240027	42	RESP=2
4249868	42	STIM=a
4252694	42	RESP=1
4265099	42	STIM=g
4270906	42	RESP=1
4281781	42	STIM=b
4284438	42	RESP=1
4299874	42	STIM=z
4304771	42	RESP=1
4316046	42	STIM=y
4320159	42	RESP=1
4333511	42	STIM=i
4337988	42	RESP=1
4348843	42	STIM=p
4354985	42	RESP=1
4367618	42	STIM=o
4371654	42	RESP=1
4383156	42	STIM=x
4391130	42	RESP=1
4401536	42	STIM=k
4405577	42	RESP=1
4418070	42	STIM=4
4424050	42	RESP=2
4436871	42	STIM=w
4440971	42	RESP=1
4452789	42	STIM=d
4459667	42	RESP=1
4470889	42	STIM=i
4477403	42	RESP=1
4487710	42	STIM=g
4495552	42	RESP=1
4503710	42	STIM=a
4508038	42	RESP=1
4522391	42	STIM=w
4527349	42	RESP=1
4540639	42	STIM=b
4544936	42	RESP=1
4558631	42	STIM=r
4564835	42	RESP=1
4575620	42	STIM=d
4581221	42	RESP=1
4592288	42	STIM=d
4600383	42	RESP=1
4610892	42	STIM=y
4614986	42	RESP=1
4626825	42	STIM=w
4633005	42	RESP=1
4645672	42	STIM=x
4652459	42	RESP=1
4662078	42	STIM=3
4667086	42	RESP=2
4681051	42	STIM=2
4684439	42	RESP=2
4699776	42	STIM=r
4706718	42	RESP=1
4717413	42	STIM=f
4723641	42	RESP=1
4732847	42	STIM=1
4741881	42	RESP=2
4748193	42	STIM=m
4751715	42	RESP=1
4765606	42	STIM=2
4772447	42	RESP=2
4784538	42	STIM=9
4789076	42	RESP=2
4802582	42	STIM=m
4808767	42	RESP=1
4818416	42	STIM=9
4823866	42	RESP=2
4836460	42	STIM=i
4839953	42	RESP=1
4855155	42	STIM=3
4858885	42	RESP=2
4871685	42	STIM=a
4877584	42	RESP=1
4890167	42	STIM=1
4894670	42	RESP=2
4906709	42	STIM=h
4909902	42	RESP=1
4922104	42	STIM=h
4926087	42	RESP=1
4937774	42	STIM=q
4943694	42	RESP=1
4955671	42	STIM=r
4960455	42	RESP=1
4972718	42	STIM=e
4976760	42	RESP=1
4989123	42	STIM=e
4994883	42	RESP=1
5005762	42	STIM=m
5010620	42	RESP=1
5023162	42	STIM=h
5028173	42	RESP=1
5040771	42	STIM=r
5043540	42	RESP=1
5059470	42	STIM=x
5063073	42	RESP=1
5075624	42	STIM=g
5078890	42	RESP=1
5092721	42	STIM=a
5095294	42	RESP=1
5109397	42	STIM=b
5115223	42	RESP=1
5126683	42	STIM=h
5130396	42	RESP=1
5142775	42	STIM=e
5146305	42	RESP=1
5159705	42	STIM=n
5167884	42	RESP=1
5176209	42	STIM=v
5179286	42	RESP=1
5193891	42	STIM=e
5200083	42	RESP=1
5211832	42	STIM=g
5217552	42	RESP=1
5228257	42	STIM=w
5234320	42	RESP=1
5245006	42	STIM=o
5248056	42	RESP=1
5260544	42	STIM=l
5266195	42	RESP=1
5275800	42	STIM=n
5278523	42	RESP=1
5292081	42	STIM=a
5296731	42	RESP=1
5309214	42	STIM=9
5315647	42	RESP=2
5327952	42	STIM=r
5333887	42	RESP=1
5343174	42	STIM=b
5348793	42	RESP=1
5358479	42	STIM=8
5365179	42	RESP=2
5377084	42	STIM=q
5379682	42	RESP=1
5392505	42	STIM=g
5398398	42	RESP=1
5407548	42	STIM=0
5411758	42	RESP=2
5424955	42	STIM=h
5432685	42	RESP=1
5442407	42	STIM=a
5446698	42	RESP=2
5458022	42	STIM=2
5463853	42	RESP=2
5474729	42	STIM=s
5479508	42	RESP=1
5493276	42	STIM=y
5498674	42	RESP=1
5511304	42	STIM=h
5517410	42	RESP=1
5528722	42	STIM=s
5534489	42	RESP=1
5545290	42	STIM=0
5554555	42	RESP=2
5560830	42	STIM=e
5564352	42	RESP=1
5579759	42	STIM=b
5586108	42	RESP=1
5597734	42	STIM=k
5601097	42	RESP=1
5615465	42	STIM=8
5619532	42	RESP=2
5632623	42	STIM=d
5637518	42	RESP=1
5650108	42	STIM=c
5654362	42	RESP=1
5668330	42	STIM=s
5672433	42	RESP=1
5684906	42	STIM=3
5690644	42	RESP=2
5702470	42	STIM=a
5709055	42	RESP=1
5717769	42	STIM=q
5722288	42	RESP=1
5733507	42	STIM=p
5739022	42	RESP=1
5752230	42	STIM=c
5756857	42	RESP=1
5769410	42	STIM=b
5772650	42	RESP=1
5786867	42	STIM=g
5793162	42	RESP=1
5802583	42	STIM=t
5807590	42	RESP=1
5820735	42	STIM=i
5825780	42	RESP=1
5838587	42	STIM=p
5842734	42	RESP=1
5853988	42	STIM=d
5857873	42	RESP=1
5870330	42	STIM=c
5873462	42	RESP=1
5889170	42	STIM=5
5895216	42	RESP=1
5907140	42	STIM=w
5911533	42	RESP=1
5923472	42	STIM=t
5927017	42	RESP=1
5941607	42	STIM=d
5947102	42	RESP=1
5957255	42	STIM=4
5965121	42	RESP=2
5974453	42	STIM=l
5983694	42	RESP=1
5990206	42	STIM=y
5997202	42	RESP=1
6007904	42	STIM=l
6014483	42	RESP=1
6025727	42	STIM=i
6030978	42	RESP=1
6043201	42	STIM=n
6047535	42	RESP=1
6058672	42	STIM=x
6063351	42	RESP=1
6075801	42	STIM=o
6080515	42	RESP=1
6091217	42	STIM=s
6096934	42	RESP=1
6106634	42	STIM=t
6111408	42	RESP=1
6125184	42	STIM=c
6129131	42	RESP=1
6142145	42	STIM=i
6146399	42	RESP=1
6161118	42	STIM=k
6164899	42	RESP=1
6178612	42	STIM=v
6181361	42	RESP=1
6196163	42	STIM=d
6200830	42	RESP=1
6214235	42	STIM=g
6218828	42	RESP=1
6231744	42	STIM=1
6236373	42	RESP=2
6246748	42	STIM=d
6252742	42	RESP=1
6262522	42	STIM=n
6265617	42	RESP=1
6280237	42	STIM=h
6283018	42	RESP=1
6296154	42	STIM=b
6299787	42	RESP=1
6313874	42	STIM=m
6317463	42	RESP=1
6329116	42	STIM=f
6332448	42	RESP=1
6344670	42	STIM=v
6347820	42	RESP=1
6362273	42	STIM=s
6367121	42	RESP=1
6377389	42	STIM=x
6383329	42	RESP=1
6395479	42	STIM=1
6404216	42	RESP=2
6413996	42	STIM=3
6418325	42	RESP=2
6431465	42	STIM=d
6435067	42	RESP=1
6448080	42	STIM=a
6455741	42	RESP=1
6465152	42	STIM=9
6469251	42	RESP=2
6480846	42	STIM=s
6484125	42	RESP=1
6497939	42	STIM=v
6505053	42	RESP=1
6513484	42	STIM=m
6518981	42	RESP=2
6530555	42	STIM=i
6535188	42	RESP=1
6546550	42	STIM=h
6553905	42	RESP=1
6564116	42	STIM=q
6568810	42	RESP=1
6582956	42	STIM=p
6587205	42	RESP=1
6599049	42	STIM=1
6607258	42	RESP=2
6615124	42	STIM=r
6618698	42	RESP=1
6632529	42	STIM=i
6638300	42	RESP=1
6649628	42	STIM=z
6654623	42	RESP=1
6664700	42	STIM=t
6668168	42	RESP=1
6681128	42	STIM=4
6686369	42	RESP=1
6700067	42	STIM=7
6708414	42	RESP=2
6716849	42	STIM=8
6722134	42	RESP=2
6735435	42	STIM=w
6741253	42	RESP=1
6754322	42	STIM=z
6761051	42	RESP=1
6769858	42	STIM=s
6773162	42	RESP=1
6786623	42	STIM=q
6791961	42	RESP=1
6804443	42	STIM=n
6809279	42	RESP=1
6822357	42	STIM=7
6827544	42	RESP=2
6838954	42	STIM=s
6844068	42	RESP=1
6857527	42	STIM=d
6860899	42	RESP=1
6873779	42	STIM=n
6877646	42	RESP=1
6891665	42	STIM=r
6899897	42	RESP=1
6910390	42	STIM=q
6916065	42	RESP=1
6929231	42	STIM=x
6934109	42	RESP=1
6944965	42	STIM=i
6950161	42	RESP=1
6961153	42	STIM=e
6967499	42	RESP=1
6978316	42	STIM=d
6981431	42	RESP=1
6993992	42	STIM=t
6999543	42	RESP=1
7009512	42	STIM=a
7013974	42	RESP=1
7026621	42	STIM=g
7031268	42	RESP=2
7045525	42	STIM=q
7049521	42	RESP=1
7060830	42	STIM=n
7068292	42	RESP=1
7077637	42	STIM=c
7083527	42	RESP=1
7093701	42	STIM=t
7097397	42	RESP=1
7110661	42	STIM=0
7116218	42	RESP=2
7129344	42	STIM=a
7134496	42	RESP=1
7146773	42	STIM=0
7153303	42	RESP=2
7165209	42	STIM=q
7169624	42	RESP=1
7182736	42	STIM=e
7186620	42	RESP=1
7200401	42	STIM=e
7206283	42	RESP=1
7216384	42	STIM=6
7223380	42	RESP=2
7233748	42	STIM=m
7237940	42	RESP=1
7250057	42	STIM=v
7255271	42	RESP=1
7266386	42	STIM=8
7272166	42	RESP=2
7284542	42	STIM=w
7290199	42	RESP=1
7300698	42	STIM=f
7305573	42	RESP=2
7317272	42	STIM=o
7324685	42	RESP=1
7334850	42	STIM=b
7340450	42	RESP=1
7351690	42	STIM=3
7355864	42	RESP=2
7367901	42	STIM=v
7374335	42	RESP=1
7385697	42	STIM=o
7390783	42	RESP=1
7402441	42	STIM=e
7405198	42	RESP=2
7421139	42	STIM=s
7430730	42	RESP=1
7437151	42	STIM=0
7441435	42	RESP=2
7453940	42	STIM=l
7456997	42	RESP=1
7470517	42	STIM=o
7477669	42	RESP=1
7486031	42	STIM=y
7489416	42	RESP=1
7502100	42	STIM=t
7507072	42	RESP=1
7520716	42	STIM=8
7525843	42	RESP=2
7538878	42	STIM=2
7545091	42	RESP=1
7554577	42	STIM=o
7561726	42	RESP=1
7573121	42	STIM=w
7576215	42	RESP=1
7588756	42	STIM=e
7593438	42	RESP=1
7606913	42	STIM=0
7611640	42	RESP=2
7622911	42	STIM=d
7627700	42	RESP=1
7640230	42	STIM=r
7645552	42	RESP=1
7657017	42	STIM=g
7661434	42	RESP=1
7673285	42	STIM=0
7682240	42	RESP=2
7688689	42	STIM=4
7693695	42	RESP=2
7704859	42	STIM=3
7713374	42	RESP=1
7720983	42	STIM=5
7724955	42	RESP=1
7737611	42	STIM=3
7743981	42	RESP=2
7754841	42	STIM=t
7758931	42	RESP=1
7770215	42	STIM=b
7774077	42	RESP=1
7785450	42	STIM=j
7788984	42	RESP=1
7801864	42	STIM=h
7807058	42	RESP=1
7820225	42	STIM=h
7825793	42	RESP=1
7837288	42	STIM=0
7844649	42	RESP=2
7854532	42	STIM=d
7858596	42	RESP=1
7871073	42	STIM=j
7874482	42	RESP=1
7886104	42	STIM=b
7889066	42	RESP=1
7901274	42	STIM=j
7907924	42	RESP=1
7919439	42	STIM=o
7922538	42	RESP=1
7935939	42	STIM=b
7942417	42	RESP=1
7952736	42	STIM=u
7958037	42	RESP=1
7968308	42	STIM=i
7971732	42	RESP=1
7986065	42	STIM=l
7991695	42	RESP=1
8002940	42	STIM=w
8006426	42	RESP=1
8018117	42	STIM=j
8023271	42	RESP=1
8034883	42	STIM=q
8042120	42	RESP=1
8050819	42	STIM=4
8056234	42	RESP=2
8068807	42	STIM=x
8075554	42	RESP=1
8084739	42	STIM=g
8087787	42	RESP=1
8101379	42	STIM=f
8107221	42	RESP=1
8119289	42	STIM=3
8123344	42	RESP=2
8135707	42	STIM=p
8142048	42	RESP=1
8152215	42	STIM=n
8160245	42	RESP=1
8168894	42	STIM=f
8172759	42	RESP=1
8184940	42	STIM=a
8189341	42	RESP=1
8201991	42	STIM=r
8207731	42	RESP=1
8218667	42	STIM=y
8222734	42	RESP=1
8237493	42	STIM=f
8243143	42	RESP=1
8256421	42	STIM=3
8261818	42	RESP=2
8272219	42	STIM=p
8276781	42	RESP=1
8287683	42	STIM=b
8291187	42	RESP=2
8306389	42	STIM=v
8311925	42	RESP=1
8324542	42	STIM=z
8334292	42	RESP=1
8342430	42	STIM=f
8349017	42	RESP=1
8359887	42	STIM=u
8363116	42	RESP=1
8377903	42	STIM=o
8384409	42	RESP=2
8395494	42	STIM=i
8398165	42	RESP=1
8412021	42	STIM=v
8416627	42	RESP=1
8428001	42	STIM=b
8433229	42	RESP=1
8446926	42	STIM=v
8453748	42	RESP=1
8462172	42	STIM=u
8468246	42	RESP=1
8481133	42	STIM=r
8484406	42	RESP=1
8499483	42	STIM=i
8503415	42	RESP=2
8517011	42	STIM=u
8523335	42	RESP=1
8533666	42	STIM=2
8537542	42	RESP=2
8552448	42	STIM=w
8557287	42	RESP=1
8570278	42	STIM=d
8574331	42	RESP=1
8588087	42	STIM=a
8598320	42	RESP=1
8606459	42	STIM=r
8611022	42	RESP=1
8624958	42	STIM=j
8631432	42	RESP=1
8643351	42	STIM=f
8647530	42	RESP=1
8660379	42	STIM=y
8663673	42	RESP=1
8677707	42	STIM=9
8684000	42	RESP=2
8694135	42	STIM=t
8701151	42	RESP=1
8710242	42	STIM=g
8716620	42	RESP=1
8726728	42	STIM=k
8731038	42	RESP=1
8745066	42	STIM=n
8752418	42	RESP=1
8762140	42	STIM=e
8768589	42	RESP=1
8779962	42	STIM=r
8787805	42	RESP=1
8795793	42	STIM=p
8802251	42	RESP=1
8812050	42	STIM=u
8818085	42	RESP=1
8831038	42	STIM=6
8837828	42	RESP=2
8849426	42	STIM=0
8853423	42	RESP=2
8868102	42	STIM=w
8877997	42	RESP=1
8883412	42	STIM=w
8892579	42	RESP=1
8900179	42	STIM=r
8906027	42	RESP=1
8917215	42	STIM=u
8923578	42	RESP=1
8932764	42	STIM=h
8937001	42	RESP=1
8948521	42	STIM=q
8950925	42	RESP=1
8966538	42	STIM=m
8971148	42	RESP=1
8982631	42	STIM=o
8991186	42	RESP=1
8999016	42	STIM=y
9002818	42	RESP=1
9016248	42	STIM=k
9023119	42	RESP=1
9032300	42	STIM=0
9037738	42	RESP=2
9049014	42	STIM=u
9054215	42	RESP=1
9067033	42	STIM=p
9071303	42	RESP=1
9083406	42	STIM=a
9088876	42	RESP=1
9101629	42	STIM=k
9104831	42	RESP=1
9119451	42	STIM=z
9125437	42	RESP=1
9137459	42	STIM=k
9140892	42	RESP=1
9154066	42	STIM=g
9157359	42	RESP=1
9171460	42	STIM=c
9175028	42	RESP=1
9188528	42	STIM=w
9193928	42	RESP=1
9203594	42	STIM=s
9208594	42	RESP=1
9221108	42	STIM=g
9225505	42	RESP=1
9236359	42	STIM=w
9241427	42	RESP=2
9251879	42	STIM=w
9255759	42	RESP=1
9270713	42	STIM=d
9275342	42	RESP=1
9289674	42	STIM=r
9295455	42	RESP=1
9304690	42	STIM=h
9311726	42	RESP=1
9323203	42	STIM=s
9329665	42	RESP=1
9339891	42	STIM=4
9345281	42	RESP=2
9358593	42	STIM=y
9362534	42	RESP=1
9374602	42	STIM=x
9377719	42	RESP=1
9390032	42	STIM=n
9395322	42	RESP=1
9409019	42	STIM=e
9415643	42	RESP=1
9426608	42	STIM=8
9432404	42	RESP=2
9443981	42	STIM=k
9447735	42	RESP=1
9459999	42	STIM=8
9467146	42	RESP=2
9478847	42	STIM=4
9483637	42	RESP=2
9497449	42	STIM=w
9501519	42	RESP=1
9512687	42	STIM=d
9515737	42	RESP=1
9531331	42	STIM=0
9538609	42	RESP=2
9549893	42	STIM=r
9553497	42	RESP=1
9567941	42	STIM=l
9571884	42	RESP=1
9586843	42	STIM=b
9591849	42	RESP=2
9603006	42	STIM=5
9608214	42	RESP=2
9618740	42	STIM=9
9623833	42	RESP=2
9637100	42	STIM=q
9642393	42	RESP=1
9653555	42	STIM=p
9656368	42	RESP=1
9671778	42	STIM=w
9681828	42	RESP=1
9690010	42	STIM=q
9695527	42	RESP=1
9708365	42	STIM=k
9713188	42	RESP=1
9726193	42	STIM=u
9730964	42	RESP=1
9743880	42	STIM=o
9747151	42	RESP=1
9761198	42	STIM=9
9769104	42	RESP=2
9779193	42	STIM=r
9782286	42	RESP=1
9795912	42	STIM=z
9799864	42	RESP=1
9811827	42	STIM=g
9815805	42	RESP=1
9828710	42	STIM=j
9831663	42	RESP=1
9844127	42	STIM=t
9849096	42	RESP=1
9859312	42	STIM=n
9865183	42	RESP=1
9874927	42	STIM=4
9880056	42	RESP=2
9890389	42	STIM=2
9896312	42	RESP=1
9905567	42	STIM=a
9909533	42	RESP=1
9923292	42	STIM=j
9927851	42	RESP=1
9942062	42	STIM=t
9945648	42	RESP=1
9960547	42	STIM=t
9966532	42	RESP=1
9978670	42	STIM=m
9990413	42	RESP=1
9994633	42	STIM=b
10000627	42	RESP=1
10012923	42	STIM=h
10016205	42	RESP=1
10028329	42	STIM=f
10032360	42	RESP=1
10043609	42	STIM=e
10048964	42	RESP=1
10059589	42	STIM=f
10063708	42	RESP=1
10076725	42	STIM=w
10081498	42	RESP=2
10094685	42	STIM=b
10102001	42	RESP=1
10111347	42	STIM=8
10115534	42	RESP=2
10127132	42	STIM=h
10131504	42	RESP=1
10144855	42	STIM=e
10149867	42	RESP=1
10160846	42	STIM=p
10164527	42	RESP=1
10175967	42	STIM=7
10183540	42	RESP=2
10194914	42	STIM=l
10197480	42	RESP=1
10213065	42	STIM=i
10216431	42	RESP=1
10228460	42	STIM=f
10233058	42	RESP=1
10245014	42	STIM=g
10251972	42	RESP=1
10262014	42	STIM=z
10266056	42	RESP=1
10277544	42	STIM=h
10283695	42	RESP=1
10295669	42	STIM=b
10298959	42	RESP=1
10311304	42	STIM=9
10316381	42	RESP=2
10327989	42	STIM=0
10332969	42	RESP=1
10345363	42	STIM=x
10351009	42	RESP=1
10360407	42	STIM=h
10365372	42	RESP=1
10375963	42	STIM=s
10379418	42	RESP=1
10394941	42	STIM=b
10400846	42	RESP=1
10412245	42	STIM=p
10418212	42	RESP=1
10430096	42	STIM=h
10433928	42	RESP=1
10448120	42	STIM=j
10452078	42	RESP=1
10464627	42	STIM=q
10470415	42	RESP=1
10480802	42	STIM=v
10483546	42	RESP=1
10496820	42	STIM=u
10502268	42	RESP=1
10514057	42	STIM=h
10519476	42	RESP=1
10530428	42	STIM=o
10535515	42	RESP=1
10549343	42	STIM=t
10554749	42	RESP=1
10567651	42	STIM=r
10570703	42	RESP=1
10585033	42	STIM=n
10597124	42	RESP=1
10603792	42	STIM=f
10607707	42	RESP=1
10619257	42	STIM=l
10623140	42	RESP=2
10638186	42	STIM=t
10643956	42	RESP=1
10657185	42	STIM=b
10659900	42	RESP=1
10673176	42	STIM=v
10679750	42	RESP=1
10689842	42	STIM=n
10696636	42	RESP=1
10707094	42	STIM=h
10714291	42	RESP=1
10725805	42	STIM=j
10729819	42	RESP=1
10742329	42	STIM=p
10746749	42	RESP=1
10757729	42	STIM=u
10762968	42	RESP=1
10775387	42	STIM=i
10780795	42	RESP=1
10791226	42	STIM=1
10795384	42	RESP=2
10809298	42	STIM=o
10814115	42	RESP=1
10828021	42	STIM=o
10831892	42	RESP=1
10844249	42	STIM=a
10848807	42	RESP=1
10860424	42	STIM=h
10864596	42	RESP=1
10877476	42	STIM=m
10885491	42	RESP=1
10894428	42	STIM=o
10898972	42	RESP=1
10909834	42	STIM=1
10914379	42	RESP=1
10925693	42	STIM=p
10931565	42	RESP=1
10941602	42	STIM=s
10947751	42	RESP=1
10959441	42	STIM=m
10962789	42	RESP=1
10976508	42	STIM=4
10981955	42	RESP=2
10995096	42	STIM=k
10999550	42	RESP=1
11013211	42	STIM=p
11018027	42	RESP=1
11028998	42	STIM=f
11033743	42	RESP=1
11046802	42	STIM=1
11051688	42	RESP=2
11063996	42	STIM=5
11068466	42	RESP=2
11081114	42	STIM=z
11086644	42	RESP=1
11096336	42	STIM=l
11099671	42	RESP=1
11114542	42	STIM=e
11119279	42	RESP=1
11131346	42	STIM=b
11137627	42	RESP=1
11149100	42	STIM=c
11153060	42	RESP=1
11164392	42	STIM=h
11169910	42	RESP=1
11181083	42	STIM=k
11189291	42	RESP=1
11197422	42	STIM=p
11201835	42	RESP=1
11214606	42	STIM=0
11221277	42	RESP=2
11231699	42	STIM=g
11236583	42	RESP=1
11250263	42	STIM=c
11256802	42	RESP=1
11265401	42	STIM=2
11270658	42	RESP=2
11282010	42	STIM=b
11287834	42	RESP=1
11298080	42	STIM=p
11301623	42	RESP=1
11315587	42	STIM=8
11320419	42	RESP=2
11330846	42	STIM=6
11335638	42	RESP=2
11347709	42	STIM=n
11351095	42	RESP=1
11363957	42	STIM=s
11368105	42	RESP=1
11382517	42	STIM=q
11387342	42	RESP=1
11401433	42	STIM=2
11404940	42	RESP=2
11417075	42	STIM=x
11422024	42	RESP=1
11435432	42	STIM=6
11444045	42	RESP=2
11453552	42	STIM=7
11459416	42	RESP=2
11470358	42	STIM=s
11473814	42	RESP=1
11488105	42	STIM=f
11494422	42	RESP=1
11503722	42	STIM=t
11507100	42	RESP=1
11519862	42	STIM=y
11523738	42	RESP=2
11535293	42	STIM=u
11539191	42	RESP=1
11553221	42	STIM=u
11556213	42	RESP=1
11569913	42	STIM=2
11575731	42	RESP=2
11587415	42	STIM=s
11593604	42	RESP=1
11602773	42	STIM=s
11607056	42	RESP=1
11620460	42	STIM=i
11625939	42	RESP=1
11637677	42	STIM=z
11642140	42	RESP=1
11654921	42	STIM=5
11661362	42	RESP=2
11671116	42	STIM=g
11675572	42	RESP=1
11686670	42	STIM=6
11692688	42	RESP=1
11703033	42	STIM=f
11714212	42	RESP=1
11719165	42	STIM=i
11724227	42	RESP=1
11736455	42	STIM=6
11741940	42	RESP=2
11754220	42	STIM=h
11758945	42	RESP=1
11771805	42	STIM=k
11774903	42	RESP=1
11788276	42	STIM=d
11792908	42	RESP=1
11803448	42	STIM=r
11806886	42	RESP=1
11821190	42	STIM=y
11828399	42	RESP=1
11839604	42	STIM=z
11844466	42	RESP=1
11857366	42	STIM=4
11864747	42	RESP=2
11873215	42	STIM=h
11877364	42	RESP=1
11891957	42	STIM=m
11896500	42	RESP=1
11909795	42	STIM=g
11913475	42	RESP=1
11926960	42	STIM=f
11938699	42	RESP=1
11945236	42	STIM=l
11951173	42	RESP=1
11960814	42	STIM=h
11963816	42	RESP=1
11978166	42	STIM=o
11981302	42	RESP=1
11995677	42	STIM=z
12000382	42	RESP=1
12012649	42	STIM=v
12016316	42	RESP=2
12030233	42	STIM=w
12034856	42	RESP=1
12048812	42	STIM=q
12054382	42	RESP=1
12065194	42	STIM=a
12071100	42	RESP=1
12080489	42	STIM=s
12088594	42	RESP=1
12095932	42	STIM=i
12101345	42	RESP=1
12113803	42	STIM=f
12117676	42	RESP=1
12132548	42	STIM=w
12135359	42	RESP=1
12150480	42	STIM=q
12156148	42	RESP=1
12165644	42	STIM=o
12169579	42	RESP=1
12180782	42	STIM=w
12186295	42	RESP=1
12198341	42	STIM=g
12203321	42	RESP=1
12215534	42	STIM=c
12219831	42	RESP=1
12234123	42	STIM=c
12238381	42	RESP=1
12252669	42	STIM=n
12256217	42	RESP=2
12271668	42	STIM=c
12275713	42	RESP=1
12289457	42	STIM=4
12294323	42	RESP=2
12308255	42	STIM=e
12311991	42	RESP=1
12323786	42	STIM=4
12331070	42	RESP=2
12340122	42	STIM=a
12347127	42	RESP=1
12355478	42	STIM=2
12362141	42	RESP=2
12373830	42	STIM=y
12377683	42	RESP=1
12390827	42	STIM=s
12400077	42	RESP=1
12409397	42	STIM=b
12415370	42	RESP=1
12426136	42	STIM=p
12432686	42	RESP=1
12445063	42	STIM=x
12451001	42	RESP=1
12461702	42	STIM=d
12466897	42	RESP=1
12476703	42	STIM=v
12482152	42	RESP=1
12492632	42	STIM=y
12495988	42	RESP=1
12510317	42	STIM=y
12516196	42	RESP=1
12525510	42	STIM=6
12531177	42	RESP=2
12542453	42	STIM=g
12548596	42	RESP=1
12558125	42	STIM=q
12565183	42	RESP=1
12575545	42	STIM=d
12581303	42	RESP=1
12590696	42	STIM=r
12596958	42	RESP=1
12609484	42	STIM=m
12613386	42	RESP=1
12628303	42	STIM=g
12632341	42	RESP=1
12644596	42	STIM=s
12651205	42	RESP=1
12660442	42	STIM=7
12666245	42	RESP=2
12678885	42	STIM=i
12682512	42	RESP=1
12697719	42	STIM=n
12702360	42	RESP=2
12714385	42	STIM=r
12717488	42	RESP=1
12729999	42	STIM=t
12733741	42	RESP=1
12748657	42	STIM=v
12754030	42	RESP=1
12765902	42	STIM=3
12774486	42	RESP=1
12782908	42	STIM=f
12787523	42	RESP=1
12798143	42	STIM=7
12802781	42	RESP=2
12814929	42	STIM=v
12818015	42	RESP=1
12832033	42	STIM=w
12837402	42	RESP=1
12850506	42	STIM=v
12860372	42	RESP=1
12867316	42	STIM=7
12871298	42	RESP=2
12885498	42	STIM=1
12892237	42	RESP=2
12904435	42	STIM=n
12910977	42	RESP=1
12923317	42	STIM=f
12929304	42	RESP=1
12940867	42	STIM=x
12952750	42	RESP=1
12958124	42	STIM=r
12961709	42	RESP=1
12974043	42	STIM=h
12981723	42	RESP=1
12989473	42	STIM=a
12994895	42	RESP=1
13005630	42	STIM=t
13008928	42	RESP=1
13021123	42	STIM=d
13027431	42	RESP=1
13036519	42	STIM=q
13039522	42	RESP=1
13055261	42	STIM=x
13062241	42	RESP=1
13072385	42	STIM=5
13077975	42	RESP=2
13091153	42	STIM=4
13100049	42	RESP=2
13108323	42	STIM=i
13112006	42	RESP=1
13126935	42	STIM=a
13131639	42	RESP=1
13145306	42	STIM=g
13148138	42	RESP=1
13162702	42	STIM=b
13166479	42	RESP=1
13179795	42	STIM=6
13184058	42	RESP=2
13195292	42	STIM=h
13198031	42	RESP=1
13213818	42	STIM=w
13219994	42	RESP=1
13232426	42	STIM=b
13236088	42	RESP=1
13249671	42	STIM=z
13255953	42	RESP=1
13265056	42	STIM=x
13269586	42	RESP=1
13282506	42	STIM=m
13290368	42	RESP=1
13300132	42	STIM=w
13304674	42	RESP=1
13316737	42	STIM=e
13320750	42	RESP=1
13332511	42	STIM=f
13338627	42	RESP=1
13351106	42	STIM=z
13358721	42	RESP=1
13366426	42	STIM=d
13370843	42	RESP=1
13383199	42	STIM=l
13387376	42	RESP=1
13401335	42	STIM=z
13406653	42	RESP=2
13418427	42	STIM=j
13423254	42	RESP=1
13435616	42	STIM=6
13442504	42	RESP=2
13452698	42	STIM=q
13458520	42	RESP=1
13471085	42	STIM=w
13477008	42	RESP=1
13486896	42	STIM=8
13494262	42	RESP=2
13503857	42	STIM=u
13507154	42	RESP=2
13520251	42	STIM=m
13523836	42	RESP=1
13536927	42	STIM=v
13540551	42	RESP=1
13554080	42	STIM=f
13557959	42	RESP=1
13570388	42	STIM=p
13576138	42	RESP=1
13587158	42	STIM=3
13590851	42	RESP=2
13603562	42	STIM=4
13607053	42	RESP=2
13621271	42	STIM=i
13626444	42	RESP=1
13639229	42	STIM=3
13643781	42	RESP=2
13654677	42	STIM=a
13659272	42	RESP=1
13673009	42	STIM=w
13676359	42	RESP=1
13688571	42	STIM=h
13692502	42	RESP=1
13704318	42	STIM=z
13710348	42	RESP=1
13723174	42	STIM=j
13728515	42	RESP=1
13739486	42	STIM=b
13744624	42	RESP=1
13756939	42	STIM=j
13761639	42	RESP=1
13773590	42	STIM=7
13780052	42	RESP=2
13791321	42	STIM=d
13794568	42	RESP=1
13807119	42	STIM=5
13812060	42	RESP=2
13823597	42	STIM=e
13827658	42	RESP=1
13841687	42	STIM=s
13845483	42	RESP=1
13857742	42	STIM=w
13860430	42	RESP=1
13874342	42	STIM=f
13877515	42	RESP=1
13892230	42	STIM=u
13897495	42	RESP=1
13909305	42	STIM=x
13913034	42	RESP=1
13924906	42	STIM=a
13932566	42	RESP=1
13942098	42	STIM=b
13945472	42	RESP=1
13959331	42	STIM=q
13964614	42	RESP=1
13975813	42	STIM=k
13980193	42	RESP=1
13993211	42	STIM=u
13997516	42	RESP=1
14011582	42	STIM=z
14014471	42	RESP=1
14030041	42	STIM=a
14035636	42	RESP=1
14046050	42	STIM=t
14049815	42	RESP=1
14062106	42	STIM=u
14066081	42	RESP=1
14077904	42	STIM=y
14081749	42	RESP=1
14093015	42	STIM=c
14097658	42	RESP=1
14109988	42	STIM=p
14114146	42	RESP=1
14125070	42	STIM=a
14129588	42	RESP=1
14140475	42	STIM=j
14144748	42	RESP=1
14158427	42	STIM=4
14167434	42	RESP=1
14175768	42	STIM=j
14179955	42	RESP=1
14194063	42	STIM=v
14199131	42	RESP=1
14212092	42	STIM=b
14217676	42	RESP=1
14227626	42	STIM=i
14231680	42	RESP=1
14242718	42	STIM=1
14247207	42	RESP=1
14258485	42	STIM=f
14263586	42	RESP=1
14274631	42	STIM=h
14279343	42	RESP=2
14292167	42	STIM=2
14297804	42	RESP=2
14307573	42	STIM=l
14310207	42	RESP=1
14325223	42	STIM=q
14332039	42	RESP=1
14342941	42	STIM=v
14348361	42	RESP=1
14361327	42	STIM=p
14364388	42	RESP=1
14378975	42	STIM=p
14386392	42	RESP=1
14395476	42	STIM=2
14401793	42	RESP=2
14412957	42	STIM=o
14417337	42	RESP=1
14430327	42	STIM=2
14436128	42	RESP=1
14448119	42	STIM=m
14452049	42	RESP=1
14463391	42	STIM=l
14466499	42	RESP=1
14480461	42	STIM=b
14486983	42	RESP=1
14498363	42	STIM=n
14502912	42	RESP=1
14516006	42	STIM=w
14520446	42	RESP=1
14532448	42	STIM=a
14536156	42	RESP=1
14548153	42	STIM=3
14556930	42	RESP=2
14565907	42	STIM=s
14572025	42	RESP=1
14582523	42	STIM=8
14586589	42	RESP=2
14598255	42	STIM=n
14604195	42	RESP=1
14613935	42	STIM=g
14618506	42	RESP=1
14629800	42	STIM=x
14633384	42	RESP=1
14645741	42	STIM=o
14654305	42	RESP=1
14662462	42	STIM=4
14667225	42	RESP=2
14677871	42	STIM=r
14684511	42	RESP=1
14693020	42	STIM=m
14699789	42	RESP=1
14711989	42	STIM=z
14714826	42	RESP=1
14728835	42	STIM=w
14732740	42	RESP=1
14746723	42	STIM=6
14750680	42	RESP=2
14761855	42	STIM=f
14765974	42	RESP=1
14779044	42	STIM=k
14782122	42	RESP=1
14797426	42	STIM=r
14803846	42	RESP=1
14814695	42	STIM=9
14821404	42	RESP=2
14830950	42	STIM=o
14835958	42	RESP=1
14846576	42	STIM=9
14852819	42	RESP=2
14863141	42	STIM=m
14869607	42	RESP=1
14881222	42	STIM=n
14887995	42	RESP=1
14899862	42	STIM=5
14907330	42	RESP=2
14917700	42	STIM=b
14920322	42	RESP=1
14933806	42	STIM=9
14938514	42	RESP=2
14950624	42	STIM=y
14955045	42	RESP=1
14969568	42	STIM=t
14975834	42	RESP=1
14984584	42	STIM=j
14988961	42	RESP=1
15002949	42	STIM=n
15006093	42	RESP=1
15021276	42	STIM=x
15027856	42	RESP=1
15038184	42	STIM=n
15045405	42	RESP=1
15056295	42	STIM=h
15063793	42	RESP=1
15074034	42	STIM=9
15077428	42	RESP=2
15089640	42	STIM=s
15097423	42	RESP=1
15107542	42	STIM=o
15114582	42	RESP=1
15125009	42	STIM=s
15132055	42	RESP=1
15141450	42	STIM=a
15148850	42	RESP=1
15157713	42	STIM=e
15161302	42	RESP=1
15174013	42	STIM=d
15180827	42	RESP=1
15192767	42	STIM=h
15198583	42	RESP=1
15210047	42	STIM=l
15216460	42	RESP=1
15226871	42	STIM=j
15230510	42	RESP=1
15245573	42	STIM=d
15248242	42	RESP=1
15263460	42	STIM=m
15266688	42	RESP=1
15282249	42	STIM=c
15286722	42	RESP=2
15298920	42	STIM=f
15303538	42	RESP=1
15316020	42	STIM=n
15318556	42	RESP=1
15333683	42	STIM=4
15343146	42	RESP=2
15352501	42	STIM=7
15358402	42	RESP=2
15367791	42	STIM=b
15373169	42	RESP=1
15386608	42	STIM=k
15394180	42	RESP=1
15403199	42	STIM=y
15406887	42	RESP=1
15419869	42	STIM=v
15422889	42	RESP=1
15438307	42	STIM=y
15443605	42	RESP=1
15453329	42	STIM=7
15459168	42	RESP=2
15472268	42	STIM=y
15478191	42	RESP=1
15487496	42	STIM=8
15493480	42	RESP=2
15503801	42	STIM=7
15509722	42	RESP=2
15520926	42	STIM=4
15527218	42	RESP=2
15539215	42	STIM=f
15543306	42	RESP=1
15554737	42	STIM=t
15561053	42	RESP=1
15570206	42	STIM=j
15576475	42	RESP=1
15588767	42	STIM=y
15594375	42	RESP=1
15605669	42	STIM=h
15610954	42	RESP=1
15623943	42	STIM=l
15626531	42	RESP=1
15639819	42	STIM=o
15643425	42	RESP=1
15658301	42	STIM=5
15662649	42	RESP=2
15675049	42	STIM=d
15679453	42	RESP=1
15693314	42	STIM=0
15698021	42	RESP=2
15711483	42	STIM=o
15716334	42	RESP=1
15728909	42	STIM=6
15734681	42	RESP=2
15745325	42	STIM=a
15750462	42	RESP=1
15761586	42	STIM=8
15766282	42	RESP=2
15779145	42	STIM=5
15785566	42	RESP=2
15796770	42	STIM=n
15805362	42	RESP=1
15813996	42	STIM=3
15818278	42	RESP=2
15831758	42	STIM=k
15836676	42	RESP=1
15849255	42	STIM=p
15854365	42	RESP=1
15867470	42	STIM=k
15871316	42	RESP=1
15885095	42	STIM=0
15889497	42	RESP=2
15902043	42	STIM=m
15908806	42	RESP=1
15918668	42	STIM=z
15922284	42	RESP=1
15935796	42	STIM=d
15938862	42	RESP=1
15951180	42	STIM=5
15956256	42	RESP=2
15966538	42	STIM=d
15969239	42	RESP=1
15984611	42	STIM=7
15991289	42	RESP=2
16001265	42	STIM=f
16008320	42	RESP=1
16020087	42	STIM=v
16026634	42	RESP=1
16037268	42	STIM=3
16042476	42	RESP=2
16053799	42	STIM=3
16064724	42	RESP=2
16068853	42	STIM=b
16072450	42	RESP=1
16086066	42	STIM=7
16091887	42	RESP=2
16104175	42	STIM=0
16112873	42	RESP=2
16120553	42	STIM=i
16126455	42	RESP=1
16137884	42	STIM=h
16144596	42	RESP=1
16153421	42	STIM=t
16157310	42	RESP=1
16170887	42	STIM=2
16174823	42	RESP=2
16187893	42	STIM=z
16192636	42	RESP=1
16205784	42	STIM=j
16208858	42	RESP=1
16220828	42	STIM=z
16224534	42	RESP=1
16239709	42	STIM=l
16243101	42	RESP=1
16255780	42	STIM=e
16260617	42	RESP=1
16273912	42	STIM=v
16277312	42	RESP=1
16290628	42	STIM=n
16295062	42	RESP=1
16307231	42	STIM=h
16312295	42	RESP=1
16323515	42	STIM=b
16325930	42	RESP=1
16340439	42	STIM=g
16344419	42	RESP=1
16357816	42	STIM=v
16360829	42	RESP=1
16374144	42	STIM=f
16382093	42	RESP=1
16389624	42	STIM=m
16395364	42	RESP=1
16408015	42	STIM=8
16415801	42	RESP=2
16423800	42	STIM=d
16427504	42	RESP=1
16440727	42	STIM=m
16443963	42	RESP=1
16458745	42	STIM=x
16464275	42	RESP=1
16476850	42	STIM=9
16484212	42	RESP=2
16495297	42	STIM=a
16500631	42	RESP=1
16510898	42	STIM=j
16514930	42	RESP=1
16526088	42	STIM=6
16533128	42	RESP=2
16544534	42	STIM=8
16549674	42	RESP=2
16561328	42	STIM=w
16565238	42	RESP=1
16579149	42	STIM=r
16582798	42	RESP=1
16596575	42	STIM=v
16600194	42	RESP=1
16613704	42	STIM=i
16617522	42	RESP=1
16632081	42	STIM=h
16637834	42	RESP=1
16648525	42	STIM=b
16653519	42	RESP=1
16664278	42	STIM=e
16667088	42	RESP=1
16681362	42	STIM=k
16685817	42	RESP=1
16697531	42	STIM=g
16701371	42	RESP=1
16714367	42	STIM=6
16721776	42	RESP=2
16732472	42	STIM=x
16735650	42	RESP=1
16748330	42	STIM=6
16756507	42	RESP=2
16766181	42	STIM=q
16771181	42	RESP=1
16783023	42	STIM=n
16787793	42	RESP=2
16798524	42	STIM=j
16801907	42	RESP=1
16814263	42	STIM=l
16819480	42	RESP=1
16833147	42	STIM=h
16838006	42	RESP=1
16848354	42	STIM=g
16855412	42	RESP=1
16865691	42	STIM=w
16868914	42	RESP=1
16883614	42	STIM=e
16887582	42	RESP=1
16901207	42	STIM=w
16906173	42	RESP=1
16916422	42	STIM=e
16918906	42	RESP=1
16934942	42	STIM=b
16938584	42	RESP=1
16952347	42	STIM=y
16958623	42	RESP=1
16969500	42	STIM=i
16973691	42	RESP=1
16986262	42	STIM=u
16989152	42	RESP=1
17001720	42	STIM=n
17006603	42	RESP=1
17017107	42	STIM=m
17021640	42	RESP=1
17032833	42	STIM=1
17038706	42	RESP=2
17048078	42	STIM=b
17054190	42	RESP=1
17064618	42	STIM=p
17070135	42	RESP=1
17082754	42	STIM=s
17085406	42	RESP=1
17099728	42	STIM=d
17104558	42	RESP=1
17116860	42	STIM=5
17122739	42	RESP=2
17135138	42	STIM=u
17138521	42	RESP=1
17150447	42	STIM=g
17156478	42	RESP=1
17167584	42	STIM=m
17172594	42	RESP=1
17184580	42	STIM=w
17187980	42	RESP=1
17202482	42	STIM=j
17206558	42	RESP=1
17221296	42	STIM=g
17227082	42	RESP=1
17236885	42	STIM=l
17239538	42	RESP=1
17255121	42	STIM=0
17260966	42	RESP=2
17273219	42	STIM=n
17277000	42	RESP=1
17291631	42	STIM=q
17295680	42	RESP=1
17308687	42	STIM=o
17312864	42	RESP=1
17324865	42	STIM=0
17329968	42	RESP=2
17341174	42	STIM=8
17351339	42	RESP=2
17357339	42	STIM=r
17360630	42	RESP=1
17372817	42	STIM=j
17383200	42	RESP=1
17391209	42	STIM=2
17394536	42	RESP=1
17408197	42	STIM=j
17412694	42	RESP=1
17423837	42	STIM=c
17428085	42	RESP=1
17441327	42	STIM=l
17449559	42	RESP=1
17457150	42	STIM=r
17462410	42	RESP=1
17474777	42	STIM=j
17479118	42	RESP=1
17492023	42	STIM=9
17497359	42	RESP=2
17507251	42	STIM=s
17510715	42	RESP=1
17523624	42	STIM=c
17526928	42	RESP=1
17538907	42	STIM=v
17542188	42	RESP=1
17555370	42	STIM=0
17559286	42	RESP=2
17570958	42	STIM=y
17575920	42	RESP=1
17586689	42	STIM=h
17591511	42	RESP=1
17605181	42	STIM=i
17608491	42	RESP=1
17624021	42	STIM=p
17628631	42	RESP=1
17639454	42	STIM=u
17644762	42	RESP=1
17655750	42	STIM=w
17659887	42	RESP=1
17671875	42	STIM=0
17679046	42	RESP=2
17688620	42	STIM=n
17694237	42	RESP=1
17704166	42	STIM=w
17708858	42	RESP=1
17721461	42	STIM=h
17727378	42	RESP=1
17737442	42	STIM=z
17744164	42	RESP=1
17754808	42	STIM=k
17758505	42	RESP=1
17771347	42	STIM=j
17776051	42	RESP=1
17790024	42	STIM=x
17792993	42	RESP=1
17808803	42	STIM=t
17814496	42	RESP=1
17824149	42	STIM=g
17831811	42	RESP=1
17842124	42	STIM=8
17846543	42	RESP=2
17860082	42	STIM=1
17867295	42	RESP=1
17877687	42	STIM=n
17880357	42	RESP=1
17893774	42	STIM=7
17898601	42	RESP=2
17912485	42	STIM=m
17919386	42	RESP=1
17927644	42	STIM=m
17933134	42	RESP=1
17943446	42	STIM=w
17947452	42	RESP=1
17961242	42	STIM=j
17965830	42	RESP=1
17977713	42	STIM=5
17982995	42	RESP=1
17995620	42	STIM=l
18001879	42	RESP=1
18012120	42	STIM=w
18017934	42	RESP=1
18028645	42	STIM=s
18031712	42	RESP=1
18047046	42	STIM=k
18053933	42	RESP=1
18064402	42	STIM=o
18071037	42	RESP=1
18079846	42	STIM=v
18083078	42	RESP=1
18098328	42	STIM=b
18101434	42	RESP=1
18115480	42	STIM=x
18121126	42	RESP=1
18132354	42	STIM=f
18134902	42	RESP=1
18149435	42	STIM=u
18155269	42	RESP=1
18165341	42	STIM=h
18168339	42	RESP=1
18182589	42	STIM=2
18187706	42	RESP=2
18201398	42	STIM=d
18205714	42	RESP=1
18217691	42	STIM=v
18222477	42	RESP=1
18236568	42	STIM=u
18243050	42	RESP=1
18253112	42	STIM=l
18260416	42	RESP=1
18268986	42	STIM=f
18274583	42	RESP=1
18284261	42	STIM=2
18290879	42	RESP=2
18299721	42	STIM=a
18304462	42	RESP=1
18314958	42	STIM=y
18322352	42	RESP=1
18332297	42	STIM=k
18334636	42	RESP=1
18348580	42	STIM=6
18352244	42	RESP=2
18367157	42	STIM=i
18370567	42	RESP=1
18386033	42	STIM=n
18391256	42	RESP=1
18402500	42	STIM=g
18406302	42	RESP=1
18418017	42	STIM=f
18422819	42	RESP=1
18433076	42	STIM=7
18437614	42	RESP=2
18451245	42	STIM=n
18454752	42	RESP=1
18467322	42	STIM=q
18471993	42	RESP=1
18482701	42	STIM=7
18489959	42	RESP=2
18498495	42	STIM=3
18503862	42	RESP=2
18514306	42	STIM=a
18519123	42	RESP=1
18533263	42	STIM=1
18537126	42	RESP=2
18548361	42	STIM=0
18551895	42	RESP=2
18565957	42	STIM=4
18575583	42	RESP=2
18584152	42	STIM=6
18591243	42	RESP=1
18602002	42	STIM=6
18606106	42	RESP=2
18619832	42	STIM=e
18625539	42	RESP=1
18635121	42	STIM=n
18639025	42	RESP=1
18652832	42	STIM=b
18657683	42	RESP=1
18668150	42	STIM=v
18673217	42	RESP=1
18683260	42	STIM=g
18687365	42	RESP=1
18699990	42	STIM=i
18703789	42	RESP=1
18717878	42	STIM=s
18720710	42	RESP=1
18736341	42	STIM=c
18740337	42	RESP=1
18753648	42	STIM=k
18760880	42	RESP=1
18771618	42	STIM=d
18776160	42	RESP=1
18789807	42	STIM=a
18793988	42	RESP=1
18805805	42	STIM=4
18811055	42	RESP=2
18822829	42	STIM=3
18826919	42	RESP=2
18839713	42	STIM=i
18844287	42	RESP=1
18855399	42	STIM=1
18862855	42	RESP=2
18873844	42	STIM=u
18877682	42	RESP=1
18891959	42	STIM=l
18897421	42	RESP=1
18910112	42	STIM=3
18914875	42	RESP=2
18928711	42	STIM=3
18934625	42	RESP=1
18947351	42	STIM=a
18954935	42	RESP=1
18965957	42	STIM=d
18971144	42	RESP=1
18983776	42	STIM=i
18991101	42	RESP=1
19000807	42	STIM=o
19005090	42	RESP=1
19016301	42	STIM=1
19020780	42	RESP=2
19034152	42	STIM=y
19040332	42	RESP=1
19049223	42	STIM=a
19056206	42	RESP=1
19066725	42	STIM=s
19070679	42	RESP=1
19084491	42	STIM=b
19086945	42	RESP=1
19102751	42	STIM=j
19106786	42	RESP=1
19118722	42	STIM=y
19124103	42	RESP=1
19136642	42	STIM=l
19140260	42	RESP=1
19154291	42	STIM=v
19158457	42	RESP=1
19170625	42	STIM=d
19176265	42	RESP=1
19188765	42	STIM=e
19195971	42	RESP=1
19207201	42	STIM=9
19212300	42	RESP=2
19224100	42	STIM=y
19228488	42	RESP=1
19239933	42	STIM=6
19244563	42	RESP=1
19255915	42	STIM=3
19264646	42	RESP=2
19272635	42	STIM=s
19276325	42	RESP=2
19288948	42	STIM=k
19294941	42	RESP=1
19305512	42	STIM=3
19311508	42	RESP=2
19323143	42	STIM=9
19327410	42	RESP=2
19341946	42	STIM=d
19347575	42	RESP=1
19358691	42	STIM=1
19364192	42	RESP=2
19374608	42	STIM=f
19380666	42	RESP=1
19389646	42	STIM=g
19392270	42	RESP=1
19406657	42	STIM=r
19412082	42	RESP=1
19423853	42	STIM=q
19427303	42	RESP=1
19441039	42	STIM=0
19445471	42	RESP=2
19459007	42	STIM=a
19462703	42	RESP=1
19474950	42	STIM=4
19479002	42	RESP=2
19492777	42	STIM=e
19500215	42	RESP=1
19511053	42	STIM=a
19514479	42	RESP=1
19527077	42	STIM=7
19533288	42	RESP=2
19545275	42	STIM=1
19549682	42	RESP=2
19562239	42	STIM=e
19565783	42	RESP=1
19578577	42	STIM=9
19587388	42	RESP=2
19596811	42	STIM=q
19599672	42	RESP=1
19615327	42	STIM=0
19619913	42	RESP=2
19631383	42	STIM=x
19640136	42	RESP=1
19647763	42	STIM=q
19653495	42	RESP=1
19664160	42	STIM=8
19672249	42	RESP=2
19679592	42	STIM=n
19683706	42	RESP=1
19694968	42	STIM=1
19699871	42	RESP=2
19712611	42	STIM=b
19719526	42	RESP=1
19729800	42	STIM=s
19734286	42	RESP=1
19746277	42	STIM=h
19755933	42	RESP=1
19762053	42	STIM=5
19769491	42	RESP=2
19779917	42	STIM=b
19785245	42	RESP=1
19795860	42	STIM=7
19800214	42	RESP=2
19813184	42	STIM=j
19817896	42	RESP=1
19831471	42	STIM=t
19836387	42	RESP=1
19848362	42	STIM=x
19857579	42	RESP=1
19864956	42	STIM=i
19868518	42	RESP=1
19882828	42	STIM=g
19887963	42	RESP=1
19899901	42	STIM=y
19906445	42	RESP=1
19915189	42	STIM=i
19921631	42	RESP=1
19933651	42	STIM=u
19936627	42	RESP=1
19951746	42	STIM=c
19956260	42	RESP=1
19969639	42	STIM=g
19975148	42	RESP=1
19985898	42	STIM=d
19990916	42	RESP=1
20002064	42	STIM=p
20006662	42	RESP=1
20020075	42	STIM=m
20025507	42	RESP=1
20036820	42	STIM=m
20041509	42	RESP=1
20054113	42	STIM=u
20058485	42	RESP=1
20069650	42	STIM=9
20075671	42	RESP=2
20086585	42	STIM=p
20092812	42	RESP=1
20102360	42	STIM=j
20108260	42	RESP=1
20119599	42	STIM=t
20128435	42	RESP=1
20136630	42	STIM=e
20143546	42	RESP=1
20155430	42	STIM=e
20158663	42	RESP=1
20174291	42	STIM=b
20178161	42	RESP=1
20193172	42	STIM=m
20198307	42	RESP=1
20208419	42	STIM=n
20212331	42	RESP=1
20227400	42	STIM=t
20231703	42	RESP=1
20244907	42	STIM=k
20248148	42	RESP=1
20261263	42	STIM=4
20268689	42	RESP=2
20280254	42	STIM=0
20283983	42	RESP=1
20298120	42	STIM=d
20304154	42	RESP=1
20315348	42	STIM=d
20319992	42	RESP=1
20333653	42	STIM=a
20338735	42	RESP=1
20349285	42	STIM=4
20355067	42	RESP=2
20366068	42	STIM=c
20368685	42	RESP=1
20381604	42	STIM=w
20385990	42	RESP=1
20400428	42	STIM=x
20404763	42	RESP=1
20415682	42	STIM=g
20421259	42	RESP=1
20434456	42	STIM=f
20441045	42	RESP=1
20451820	42	STIM=n
20458094	42	RESP=1
20468675	42	STIM=z
20474968	42	RESP=1
20486661	42	STIM=3
20491068	42	RESP=2
20504565	42	STIM=l
20507971	42	RESP=1
20519996	42	STIM=h
20526143	42	RESP=1
20537585	42	STIM=u
20542421	42	RESP=1
20552711	42	STIM=9
20559952	42	RESP=2
20569963	42	STIM=8
20576221	42	RESP=2
20588849	42	STIM=u
20593900	42	RESP=1
20604851	42	STIM=y
20610577	42	RESP=1
20620595	42	STIM=4
20627541	42	RESP=2
20635855	42	STIM=z
20639247	42	RESP=1
20651559	42	STIM=g
20654947	42	RESP=2
20667429	42	STIM=t
20672879	42	RESP=1
20683138	42	STIM=1
20687561	42	RESP=2
20701373	42	STIM=j
20705892	42	RESP=1
20716903	42	STIM=u
20722745	42	RESP=1
20734882	42	STIM=g
20739173	42	RESP=1
20750974	42	STIM=h
20754032	42	RESP=1
20766139	42	STIM=v
20770024	42	RESP=1
20783425	42	STIM=f
20787178	42	RESP=1
20801348	42	STIM=i
20804450	42	RESP=1
20818694	42	STIM=s
20824232	42	RESP=1
20837061	42	STIM=g
20841336	42	RESP=1
20855553	42	STIM=9
20862262	42	RESP=2
20874184	42	STIM=q
20879718	42	RESP=1
20891659	42	STIM=b
20899215	42	RESP=1
20907482	42	STIM=k
20914480	42	RESP=2
20926026	42	STIM=p
20932598	42	RESP=1
20942786	42	STIM=9
20946437	42	RESP=2
20961281	42	STIM=l
20967950	42	RESP=2
20977199	42	STIM=q
20982470	42	RESP=1
20996182	42	STIM=g
21000471	42	RESP=1
21011801	42	STIM=3
21018017	42	RESP=2
21027165	42	STIM=8
21032750	42	RESP=2
21044162	42	STIM=9
21049103	42	RESP=2
21061521	42	STIM=g
21066920	42	RESP=1
21079092	42	STIM=w
21083619	42	RESP=1
21094753	42	STIM=9
21099199	42	RESP=2
21110463	42	STIM=9
21116064	42	RESP=2
21127818	42	STIM=r
21133842	42	RESP=1
21144994	42	STIM=8
21151560	42	RESP=2
21162999	42	STIM=o
21168119	42	RESP=1
21178475	42	STIM=x
21183254	42	RESP=1
21196064	42	STIM=w
21200390	42	RESP=1
21211435	42	STIM=a
21214247	42	RESP=1
21226723	42	STIM=o
21232364	42	RESP=1
21243223	42	STIM=z
21248091	42	RESP=1
21258348	42	STIM=l
21262021	42	RESP=1
21276461	42	STIM=t
21282337	42	RESP=2
21291948	42	STIM=e
21295152	42	RESP=1
21309397	42	STIM=y
21316310	42	RESP=1
21326461	42	STIM=2
21333006	42	RESP=1
21342531	42	STIM=t
21347285	42	RESP=1
21358654	42	STIM=h
21366191	42	RESP=1
21377408	42	STIM=7
21380851	42	RESP=2
21393610	42	STIM=s
21399462	42	RESP=1
21409710	42	STIM=p
21413860	42	RESP=1
21425618	42	STIM=m
21433190	42	RESP=1
21441203	42	STIM=f
21444739	42	RESP=1
21457343	42	STIM=i
21463705	42	RESP=1
21475566	42	STIM=r
21480481	42	RESP=1
21494320	42	STIM=n
21498462	42	RESP=1
21510337	42	STIM=i
21518176	42	RESP=1
21528983	42	STIM=z
21538567	42	RESP=1
21544545	42	STIM=m
21549126	42	RESP=1
21560559	42	STIM=z
21574509	42	RESP=1
21575948	42	STIM=m
21579482	42	RESP=1
21594803	42	STIM=b
21599553	42	RESP=1
21610781	42	STIM=y
21615132	42	RESP=1
21629122	42	STIM=1
21633133	42	RESP=2
21645383	42	STIM=1
21648721	42	RESP=2
21663588	42	STIM=8
21668753	42	RESP=2
21681939	42	STIM=v
21687748	42	RESP=1
21700723	42	STIM=n
21709617	42	RESP=1
21716383	42	STIM=t
21722302	42	RESP=1
21734208	42	STIM=p
21740840	42	RESP=1
21749930	42	STIM=c
21753728	42	RESP=2
21767153	42	STIM=7
21772842	42	RESP=2
21782518	42	STIM=n
21786356	42	RESP=1
21799543	42	STIM=6
21804215	42	RESP=2
21816651	42	STIM=y
21821688	42	RESP=1
