# Original filename: 0045_EIB_2017-05-29.log
# Time unit: 100 us
# RARECAT=digit
#
# Time	HHGG	Event
28602	42	STIM=c
32614	42	RESP=1
45231	42	STIM=g
51373	42	RESP=1
61641	42	STIM=e
67633	42	RESP=2
80621	42	STIM=v
88319	42	RESP=1
97320	42	STIM=d
100085	42	RESP=1
112521	42	STIM=7
117754	42	RESP=1
131103	42	STIM=v
135499	42	RESP=1
146960	42	STIM=3
152905	42	RESP=2
163676	42	STIM=t
168244	42	RESP=1
181982	42	STIM=a
185191	42	RESP=1
198071	42	STIM=x
201825	42	RESP=1
213099	42	STIM=8
217975	42	RESP=2
230703	42	STIM=u
234340	42	RESP=1
246229	42	STIM=q
250011	42	RESP=1
265086	42	STIM=1
270446	42	RESP=2
280904	42	STIM=5
286615	42	RESP=1
296940	42	STIM=n
304059	42	RESP=1
314600	42	STIM=m
323494	42	RESP=1
330835	42	STIM=e
336183	42	RESP=1
349747	42	STIM=l
356526	42	RESP=1
367221	42	STIM=m
373162	42	RESP=1
385868	42	STIM=b
389868	42	RESP=1
402630	42	STIM=q
406410	42	RESP=1
419737	42	STIM=s
424775	42	RESP=1
436943	42	STIM=w
439794	42	RESP=1
453783	42	STIM=d
458792	42	RESP=1
469929	42	STIM=i
474673	42	RESP=1
488779	42	STIM=e
493776	42	RESP=1
506737	42	STIM=q
516469	42	RESP=1
523127	42	STIM=m
527333	42	RESP=1
540890	42	STIM=j
545277	42	RESP=1
557428	42	STIM=n
563526	42	RESP=1
574031	42	STIM=j
582427	42	RESP=1
589644	42	STIM=7
595441	42	RESP=2
607804	42	STIM=d
614185	42	RESP=1
626671	42	STIM=3
633350	42	RESP=2
644516	42	STIM=y
651358	42	RESP=1
662138	42	STIM=u
667123	42	RESP=1
678621	42	STIM=s
684407	42	RESP=1
696877	42	STIM=v
700182	42	RESP=1
714498	42	STIM=u
718852	42	RESP=1
732706	42	STIM=4
736979	42	RESP=2
749074	42	STIM=u
752143	42	RESP=1
767484	42	STIM=j
772065	42	RESP=1
783094	42	STIM=t
788144	42	RESP=1
801249	42	STIM=3
805484	42	RESP=2
816258	42	STIM=b
821386	42	RESP=1
833460	42	STIM=a
837871	42	RESP=1
850142	42	STIM=4
854690	42	RESP=2
867847	42	STIM=r
871021	42	RESP=1
883329	42	STIM=t
886688	42	RESP=1
902181	42	STIM=9
908179	42	RESP=1
918160	42	STIM=0
925348	42	RESP=1
935903	42	STIM=n
943430	42	RESP=1
951183	42	STIM=p
957094	42	RESP=1
969619	42	STIM=1
977616	42	RESP=2
985873	42	STIM=7
991628	42	RESP=2
1001474	42	STIM=q
1007851	42	RESP=1
1018253	42	STIM=y
1021870	42	RESP=1
1035923	42	STIM=l
1039722	42	RESP=1
1051983	42	STIM=k
1055804	42	RESP=1
1070846	42	STIM=k
1074083	42	RESP=1
1089515	42	STIM=j
1092663	42	RESP=1
1107704	42	STIM=s
1115362	42	RESP=1
1125565	42	STIM=y
1133095	42	RESP=1
1144368	42	STIM=7
1151317	42	RESP=2
1161619	42	STIM=z
1167676	42	RESP=1
1179593	42	STIM=p
1182845	42	RESP=1
1196744	42	STIM=b
1202293	42	RESP=1
1215489	42	STIM=m
1223174	42	RESP=1
1231605	42	STIM=q
1239451	42	RESP=1
1247935	42	STIM=p
1255267	42	RESP=1
1266565	42	STIM=j
1272021	42	RESP=1
1284968	42	STIM=e
1289621	42	RESP=1
1300006	42	STIM=q
1305197	42	RESP=1
1318546	42	STIM=g
1323040	42	RESP=1
1334957	42	STIM=g
1339056	42	RESP=1
1351686	42	STIM=l
1355213	42	RESP=1
1369441	42	STIM=p
1372365	42	RESP=1
1385580	42	STIM=l
1393111	42	RESP=2
1403317	42	STIM=j
1406486	42	RESP=2
1418893	42	STIM=i
1427364	42	RESP=1
1436417	42	STIM=v
1440069	42	RESP=1
1451728	42	STIM=x
1455245	42	RESP=1
1468547	42	STIM=d
1474539	42	RESP=1
1486172	42	STIM=d
1492741	42	RESP=2
1502945	42	STIM=b
1507158	42	RESP=1
1518966	42	STIM=4
1524421	42	RESP=2
1536625	42	STIM=v
1541063	42	RESP=1
1554005	42	STIM=8
1558534	42	RESP=2
1569765	42	STIM=h
1574863	42	RESP=2
1586399	42	STIM=u
1590791	42	RESP=2
1604968	42	STIM=7
1613104	42	RESP=2
1622975	42	STIM=c
1626756	42	RESP=1
1638390	42	STIM=g
1642302	42	RESP=1
1656733	42	STIM=p
1659326	42	RESP=1
1674610	42	STIM=h
1684215	42	RESP=1
1692056	42	STIM=n
1694684	42	RESP=1
1708606	42	STIM=u
1712611	42	RESP=1
1723914	42	STIM=y
1729346	42	RESP=1
1742348	42	STIM=g
1746747	42	RESP=1
1758591	42	STIM=w
1764255	42	RESP=1
1776554	42	STIM=s
1781171	42	RESP=1
1793420	42	STIM=j
1796969	42	RESP=2
1808941	42	STIM=6
1816477	42	RESP=2
1823982	42	STIM=u
1830603	42	RESP=1
1839530	42	STIM=b
1847510	42	RESP=1
1855483	42	STIM=8
1859544	42	RESP=2
1874463	42	STIM=2
1878670	42	RESP=2
1892407	42	STIM=a
1899403	42	RESP=1
1911374	42	STIM=c
1918881	42	RESP=1
1930238	42	STIM=3
1937838	42	RESP=2
1948758	42	STIM=b
1953774	42	RESP=1
1966265	42	STIM=w
1970284	42	RESP=1
1982757	42	STIM=v
1989302	42	RESP=1
1999168	42	STIM=t
2002205	42	RESP=1
2017440	42	STIM=r
2019916	42	RESP=1
2032444	42	STIM=t
2035984	42	RESP=1
2050036	42	STIM=w
2056600	42	RESP=1
2066514	42	STIM=9
2070202	42	RESP=2
2085371	42	STIM=k
2092276	42	RESP=1
2100941	42	STIM=z
2104155	42	RESP=2
2117558	42	STIM=x
2122489	42	RESP=1
2134447	42	STIM=g
2140677	42	RESP=1
2153307	42	STIM=d
2156512	42	RESP=1
2169100	42	STIM=h
2172372	42	RESP=1
2185687	42	STIM=p
2190403	42	RESP=1
2204434	42	STIM=m
2212451	42	RESP=1
2221742	42	STIM=s
2225921	42	RESP=1
2240611	42	STIM=q
2245148	42	RESP=1
2258827	42	STIM=w
2265435	42	RESP=1
2275022	42	STIM=b
2280708	42	RESP=1
2293978	42	STIM=v
2297392	42	RESP=1
2312839	42	STIM=t
2317721	42	RESP=1
2330539	42	STIM=k
2334557	42	RESP=1
2346245	42	STIM=5
2350910	42	RESP=1
2363290	42	STIM=i
2365731	42	RESP=1
2381150	42	STIM=9
2384817	42	RESP=2
2399077	42	STIM=q
2402524	42	RESP=1
2416642	42	STIM=a
2421411	42	RESP=1
2434291	42	STIM=3
2439239	42	RESP=1
2449792	42	STIM=t
2455174	42	RESP=1
2464963	42	STIM=c
2468635	42	RESP=1
2481084	42	STIM=x
2488333	42	RESP=1
2496580	42	STIM=j
2504393	42	RESP=1
2513367	42	STIM=6
2519084	42	RESP=2
2531281	42	STIM=9
2535690	42	RESP=2
2549369	42	STIM=h
2556692	42	RESP=1
2566575	42	STIM=0
2571094	42	RESP=2
2582734	42	STIM=m
2587124	42	RESP=1
2600547	42	STIM=x
2604771	42	RESP=1
2618594	42	STIM=s
2623598	42	RESP=2
2635978	42	STIM=6
2640850	42	RESP=2
2653713	42	STIM=i
2661178	42	RESP=1
2670461	42	STIM=u
2674081	42	RESP=1
2687397	42	STIM=o
2690158	42	RESP=1
2703824	42	STIM=4
2708361	42	RESP=2
2719162	42	STIM=z
2725404	42	RESP=1
2735273	42	STIM=f
2742931	42	RESP=1
2753016	42	STIM=x
2759279	42	RESP=1
2770738	42	STIM=k
2774271	42	RESP=1
2789449	42	STIM=4
2796681	42	RESP=2
2807109	42	STIM=b
2810885	42	RESP=1
2824793	42	STIM=a
2830722	42	RESP=1
2841690	42	STIM=n
2845108	42	RESP=1
2859754	42	STIM=p
2862392	42	RESP=1
2876552	42	STIM=0
2880961	42	RESP=2
2892505	42	STIM=o
2897704	42	RESP=1
2910398	42	STIM=w
2915197	42	RESP=1
2929012	42	STIM=w
2931754	42	RESP=1
2947466	42	STIM=q
2953484	42	RESP=1
2964168	42	STIM=z
2968771	42	RESP=1
2982214	42	STIM=2
2985706	42	RESP=2
2999393	42	STIM=t
3004990	42	RESP=1
3016099	42	STIM=3
3020294	42	RESP=1
3031476	42	STIM=q
3036462	42	RESP=1
3048156	42	STIM=4
3055808	42	RESP=2
3066945	42	STIM=w
3071089	42	RESP=1
3082147	42	STIM=w
3088063	42	RESP=1
3098540	42	STIM=x
3106365	42	RESP=1
3114100	42	STIM=t
3117076	42	RESP=1
3129158	42	STIM=n
3134299	42	RESP=1
3148068	42	STIM=1
3157517	42	RESP=2
3166869	42	STIM=6
3170531	42	RESP=2
3184284	42	STIM=y
3189171	42	RESP=1
3200915	42	STIM=d
3205528	42	RESP=1
3216657	42	STIM=m
3220229	42	RESP=1
3235342	42	STIM=x
3240048	42	RESP=1
3252864	42	STIM=7
3257501	42	RESP=2
3271359	42	STIM=l
3275730	42	RESP=1
3289028	42	STIM=v
3293493	42	RESP=1
3305506	42	STIM=a
3309283	42	RESP=1
3321862	42	STIM=i
3325575	42	RESP=1
3338452	42	STIM=d
3342506	42	RESP=1
3355853	42	STIM=1
3364384	42	RESP=2
3373291	42	STIM=h
3377287	42	RESP=1
3390064	42	STIM=h
3393562	42	RESP=1
3406350	42	STIM=4
3413408	42	RESP=2
3421412	42	STIM=4
3425127	42	RESP=2
3438713	42	STIM=u
3443003	42	RESP=1
3454181	42	STIM=h
3457212	42	RESP=1
3472740	42	STIM=6
3480955	42	RESP=1
3490063	42	STIM=h
3499755	42	RESP=1
3506932	42	STIM=q
3513072	42	RESP=1
3523837	42	STIM=n
3530989	42	RESP=2
3540342	42	STIM=a
3545242	42	RESP=1
3558401	42	STIM=c
3562798	42	RESP=1
3575590	42	STIM=w
3578868	42	RESP=1
3594234	42	STIM=i
3599850	42	RESP=1
3612720	42	STIM=i
3617136	42	RESP=1
3629059	42	STIM=j
3633396	42	RESP=1
3644902	42	STIM=3
3649701	42	RESP=2
3662808	42	STIM=9
3669359	42	RESP=1
3679177	42	STIM=i
3683457	42	RESP=1
3694990	42	STIM=q
3699144	42	RESP=1
3712947	42	STIM=d
3716561	42	RESP=1
3728928	42	STIM=h
3732589	42	RESP=1
3744625	42	STIM=i
3750968	42	RESP=1
3763301	42	STIM=y
3766685	42	RESP=1
3780064	42	STIM=d
3787920	42	RESP=1
3795409	42	STIM=t
3800021	42	RESP=1
3810646	42	STIM=v
3817543	42	RESP=1
3828156	42	STIM=a
3834484	42	RESP=1
3844774	42	STIM=z
3848713	42	RESP=1
3863391	42	STIM=z
3866859	42	RESP=1
3881450	42	STIM=9
3888026	42	RESP=2
3899780	42	STIM=2
3904556	42	RESP=2
3914918	42	STIM=m
3920604	42	RESP=1
3933340	42	STIM=8
3938252	42	RESP=2
3949872	42	STIM=k
3954603	42	RESP=1
3965013	42	STIM=j
3967497	42	RESP=1
3981471	42	STIM=j
3986474	42	RESP=1
3996735	42	STIM=p
3999618	42	RESP=1
4013426	42	STIM=a
4019591	42	RESP=1
4030618	42	STIM=6
4034991	42	RESP=2
4046938	42	STIM=u
4051927	42	RESP=1
4062952	42	STIM=v
4069703	42	RESP=1
4080200	42	STIM=i
4083998	42	RESP=1
4098977	42	STIM=3
4104275	42	RESP=2
4115071	42	STIM=1
4120326	42	RESP=2
4130740	42	STIM=x
4136913	42	RESP=1
4146805	42	STIM=f
4150241	42	RESP=2
4164330	42	STIM=d
4169897	42	RESP=1
4181906	42	STIM=u
4185413	42	RESP=1
4198169	42	STIM=m
4203099	42	RESP=1
4216820	42	STIM=k
4221139	42	RESP=1
4235675	42	STIM=z
4240666	42	RESP=1
4253850	42	STIM=i
4259171	42	RESP=1
4268917	42	STIM=l
4273834	42	RESP=1
4286816	42	STIM=m
4290110	42	RESP=1
4305692	42	STIM=8
4311491	42	RESP=1
4324182	42	STIM=b
4329113	42	RESP=1
4341320	42	STIM=v
4345146	42	RESP=1
4358398	42	STIM=y
4362446	42	RESP=1
4377350	42	STIM=t
4381310	42	RESP=1
4395656	42	STIM=x
4399257	42	RESP=1
4411157	42	STIM=h
4417207	42	RESP=1
4429548	42	STIM=q
4435099	42	RESP=1
4448248	42	STIM=p
4455065	42	RESP=1
4464437	42	STIM=q
4472460	42	RESP=1
4482962	42	STIM=o
4486424	42	RESP=1
4501037	42	STIM=7
4507881	42	RESP=2
4517517	42	STIM=b
4522169	42	RESP=1
4534188	42	STIM=r
4538366	42	RESP=1
4551249	42	STIM=n
4554850	42	RESP=1
4567741	42	STIM=y
4573858	42	RESP=1
4584100	42	STIM=o
4588296	42	RESP=1
4599941	42	STIM=p
4603392	42	RESP=1
4615322	42	STIM=3
4619688	42	RESP=2
4632837	42	STIM=q
4639757	42	RESP=1
4649634	42	STIM=1
4659976	42	RESP=2
4666171	42	STIM=w
4670139	42	RESP=1
4683701	42	STIM=u
4688531	42	RESP=1
4699997	42	STIM=z
4705737	42	RESP=1
4715860	42	STIM=2
4721420	42	RESP=2
4731297	42	STIM=8
4734944	42	RESP=2
4747152	42	STIM=u
4754673	42	RESP=1
4765768	42	STIM=w
4769781	42	RESP=1
4783344	42	STIM=j
4787900	42	RESP=1
4802152	42	STIM=c
4807774	42	RESP=1
4819991	42	STIM=f
4828152	42	RESP=1
4835013	42	STIM=v
4839241	42	RESP=1
4850607	42	STIM=u
4858207	42	RESP=1
4869555	42	STIM=n
4872091	42	RESP=1
4887620	42	STIM=0
4894589	42	RESP=2
4904895	42	STIM=8
4909851	42	RESP=2
4920354	42	STIM=c
4925825	42	RESP=1
4938583	42	STIM=5
4948615	42	RESP=2
4954895	42	STIM=z
4959395	42	RESP=1
4972073	42	STIM=l
4976086	42	RESP=1
4990084	42	STIM=s
4994769	42	RESP=1
5007796	42	STIM=b
5014160	42	RESP=1
5025715	42	STIM=w
5030214	42	RESP=1
5041913	42	STIM=4
5049239	42	RESP=2
5057357	42	STIM=p
5061719	42	RESP=1
5074209	42	STIM=p
5077851	42	RESP=1
5089870	42	STIM=y
5093047	42	RESP=1
5107315	42	STIM=h
5112261	42	RESP=2
5124730	42	STIM=z
5132669	42	RESP=1
5142236	42	STIM=m
5147608	42	RESP=1
5158232	42	STIM=h
5169731	42	RESP=1
5174487	42	STIM=6
5178843	42	RESP=2
5190734	42	STIM=e
5199197	42	RESP=1
5206583	42	STIM=0
5213581	42	RESP=1
5222108	42	STIM=g
5226030	42	RESP=1
5240159	42	STIM=u
5246603	42	RESP=1
5256972	42	STIM=0
5265334	42	RESP=2
5272237	42	STIM=k
5277108	42	RESP=1
5287905	42	STIM=j
5292094	42	RESP=1
5306106	42	STIM=c
5311523	42	RESP=1
5322193	42	STIM=j
5327928	42	RESP=1
5339754	42	STIM=i
5345049	42	RESP=1
5357014	42	STIM=t
5360204	42	RESP=1
5374373	42	STIM=9
5378997	42	RESP=2
5391205	42	STIM=k
5396007	42	RESP=1
5406329	42	STIM=5
5413777	42	RESP=2
5422358	42	STIM=a
5427346	42	RESP=1
5438798	42	STIM=o
5444062	42	RESP=1
5455840	42	STIM=x
5459004	42	RESP=1
5472903	42	STIM=9
5479714	42	RESP=2
5490794	42	STIM=4
5496279	42	RESP=2
5507081	42	STIM=p
5510048	42	RESP=1
5523047	42	STIM=p
5528846	42	RESP=1
5541523	42	STIM=b
5549921	42	RESP=1
5557329	42	STIM=m
5566789	42	RESP=1
5572468	42	STIM=e
5576900	42	RESP=2
5589777	42	STIM=b
5593686	42	RESP=1
5608384	42	STIM=v
5613663	42	RESP=2
5625112	42	STIM=o
5633008	42	RESP=1
5641362	42	STIM=f
5646694	42	RESP=1
5657923	42	STIM=7
5664535	42	RESP=2
5674132	42	STIM=z
5678738	42	RESP=1
5690761	42	STIM=p
5698094	42	RESP=1
5708448	42	STIM=h
5715268	42	RESP=1
5726884	42	STIM=t
5730700	42	RESP=1
5743888	42	STIM=3
5750644	42	RESP=2
5760844	42	STIM=b
5766249	42	RESP=1
5779446	42	STIM=0
5785828	42	RESP=2
5796351	42	STIM=d
5803240	42	RESP=1
5813150	42	STIM=7
5817018	42	RESP=2
5830815	42	STIM=d
5834231	42	RESP=1
5846241	42	STIM=r
5851731	42	RESP=1
5863739	42	STIM=0
5870208	42	RESP=2
5882529	42	STIM=p
5885701	42	RESP=1
5897974	42	STIM=f
5903034	42	RESP=1
5915337	42	STIM=4
5918886	42	RESP=1
5933761	42	STIM=o
5938720	42	RESP=1
5950325	42	STIM=1
5954778	42	RESP=2
5966371	42	STIM=z
5969280	42	RESP=1
5983426	42	STIM=i
5989615	42	RESP=1
6000362	42	STIM=x
6003768	42	RESP=1
6017999	42	STIM=o
6021412	42	RESP=1
6034130	42	STIM=x
6038970	42	RESP=1
6051621	42	STIM=c
6058604	42	RESP=1
6069682	42	STIM=j
6073318	42	RESP=1
6087271	42	STIM=k
6090949	42	RESP=1
6105761	42	STIM=n
6115142	42	RESP=1
6120889	42	STIM=8
6125963	42	RESP=1
6139295	42	STIM=y
6143722	42	RESP=1
6156250	42	STIM=u
6160657	42	RESP=1
6173571	42	STIM=t
6177392	42	RESP=1
6190069	42	STIM=o
6192932	42	RESP=1
6205742	42	STIM=i
6210512	42	RESP=1
6221507	42	STIM=q
6226418	42	RESP=1
6238687	42	STIM=4
6243403	42	RESP=2
6256303	42	STIM=w
6260268	42	RESP=1
6272471	42	STIM=r
6277193	42	RESP=1
6288210	42	STIM=j
6291573	42	RESP=1
6303444	42	STIM=w
6307591	42	RESP=1
6320121	42	STIM=q
6326452	42	RESP=1
6335647	42	STIM=b
6339366	42	RESP=1
6351997	42	STIM=m
6355197	42	RESP=1
6367071	42	STIM=a
6374557	42	RESP=1
6385700	42	STIM=o
6389024	42	RESP=1
6403089	42	STIM=m
6407565	42	RESP=1
6419427	42	STIM=0
6422531	42	RESP=1
6436949	42	STIM=c
6440500	42	RESP=1
6453645	42	STIM=i
6457541	42	RESP=1
6470993	42	STIM=g
6477250	42	RESP=1
6489879	42	STIM=9
6495622	42	RESP=2
6508283	42	STIM=5
6514872	42	RESP=2
6526685	42	STIM=e
6531016	42	RESP=2
6543167	42	STIM=r
6547735	42	RESP=1
6560477	42	STIM=3
6565015	42	RESP=2
6577686	42	STIM=8
6582307	42	RESP=2
6593092	42	STIM=t
6596281	42	RESP=1
6610037	42	STIM=e
6614533	42	RESP=1
6628341	42	STIM=s
6635271	42	RESP=1
6644881	42	STIM=k
6650970	42	RESP=1
6663250	42	STIM=h
6667760	42	RESP=1
6679759	42	STIM=w
6686071	42	RESP=1
6696566	42	STIM=i
6700448	42	RESP=1
6714799	42	STIM=h
6718790	42	RESP=1
6731592	42	STIM=r
6742198	42	RESP=1
6747693	42	STIM=s
6753850	42	RESP=1
6763263	42	STIM=7
6769032	42	RESP=2
6780738	42	STIM=c
6788270	42	RESP=1
6796746	42	STIM=e
6799810	42	RESP=1
6812184	42	STIM=6
6824555	42	RESP=2
6828046	42	STIM=o
6832785	42	RESP=1
6846146	42	STIM=l
6849314	42	RESP=1
6861357	42	STIM=o
6867306	42	RESP=1
6879306	42	STIM=2
6883845	42	RESP=1
6896120	42	STIM=c
6902907	42	RESP=1
6914552	42	STIM=j
6918845	42	RESP=1
6930000	42	STIM=r
6938422	42	RESP=1
6946526	42	STIM=u
6950009	42	RESP=1
6963635	42	STIM=9
6967332	42	RESP=2
6981047	42	STIM=s
6983778	42	RESP=1
6996528	42	STIM=u
6999572	42	RESP=1
7014908	42	STIM=5
7019066	42	RESP=2
7030061	42	STIM=d
7034893	42	RESP=1
7047810	42	STIM=j
7053034	42	RESP=1
7065561	42	STIM=t
7069166	42	RESP=2
7081079	42	STIM=y
7085701	42	RESP=1
7097391	42	STIM=n
7101025	42	RESP=1
7112813	42	STIM=e
7117011	42	RESP=1
7129792	42	STIM=4
7138910	42	RESP=1
7147471	42	STIM=o
7156235	42	RESP=1
7162491	42	STIM=w
7166420	42	RESP=1
7181321	42	STIM=d
7188271	42	RESP=1
7199429	42	STIM=n
7204571	42	RESP=1
7217843	42	STIM=z
7222671	42	RESP=1
7236169	42	STIM=z
7242800	42	RESP=1
7254386	42	STIM=h
7257785	42	RESP=1
7270231	42	STIM=r
7273371	42	RESP=1
7285743	42	STIM=k
7290710	42	RESP=1
7302441	42	STIM=m
7307365	42	RESP=1
7319331	42	STIM=o
7324750	42	RESP=1
7337512	42	STIM=t
7341294	42	RESP=1
7352586	42	STIM=7
7359069	42	RESP=2
7369756	42	STIM=a
7374386	42	RESP=1
7385947	42	STIM=w
7390216	42	RESP=1
7403128	42	STIM=l
7406796	42	RESP=1
7418878	42	STIM=6
7422891	42	RESP=2
7437428	42	STIM=y
7443810	42	RESP=1
7453559	42	STIM=h
7456728	42	RESP=1
7468912	42	STIM=f
7473981	42	RESP=1
7485976	42	STIM=d
7492514	42	RESP=1
7504211	42	STIM=z
7509955	42	RESP=1
7522970	42	STIM=u
7527005	42	RESP=1
7539058	42	STIM=5
7543724	42	RESP=2
7556129	42	STIM=1
7561617	42	RESP=2
7573993	42	STIM=s
7576648	42	RESP=1
7591638	42	STIM=k
7598535	42	RESP=1
7606832	42	STIM=p
7610309	42	RESP=1
7624490	42	STIM=e
7628115	42	RESP=1
7642941	42	STIM=g
7647457	42	RESP=1
7660655	42	STIM=t
7665354	42	RESP=1
7675881	42	STIM=p
7680220	42	RESP=1
7694306	42	STIM=3
7699920	42	RESP=2
7712512	42	STIM=k
7717956	42	RESP=1
7730926	42	STIM=b
7735867	42	RESP=1
7746454	42	STIM=t
7752582	42	RESP=1
7762587	42	STIM=q
7771120	42	RESP=1
7781520	42	STIM=k
7785057	42	RESP=1
7798037	42	STIM=9
7805518	42	RESP=1
7813231	42	STIM=g
7818045	42	RESP=1
7830127	42	STIM=m
7834789	42	RESP=1
7846115	42	STIM=8
7852008	42	RESP=1
7864291	42	STIM=f
7868811	42	RESP=1
7881838	42	STIM=i
7885819	42	RESP=1
7899013	42	STIM=s
7902001	42	RESP=1
7916220	42	STIM=r
7922318	42	RESP=1
7935079	42	STIM=c
7941819	42	RESP=1
7950791	42	STIM=8
7955975	42	RESP=2
7967590	42	STIM=o
7975153	42	RESP=1
7983684	42	STIM=y
7987036	42	RESP=1
7999629	42	STIM=y
8005153	42	RESP=1
8017733	42	STIM=m
8021188	42	RESP=1
8034692	42	STIM=s
8038373	42	RESP=1
8052300	42	STIM=z
8057119	42	RESP=1
8068483	42	STIM=v
8073647	42	RESP=1
8086084	42	STIM=s
8090264	42	RESP=1
8101717	42	STIM=d
8106479	42	RESP=2
8116912	42	STIM=l
8122362	42	RESP=1
8134168	42	STIM=d
8137972	42	RESP=1
8151763	42	STIM=t
8158152	42	RESP=1
8169104	42	STIM=t
8177363	42	RESP=1
8187365	42	STIM=e
8192815	42	RESP=1
8204707	42	STIM=u
8209022	42	RESP=1
8219962	42	STIM=f
8226193	42	RESP=1
8238103	42	STIM=0
8244511	42	RESP=2
8255237	42	STIM=b
8259631	42	RESP=1
8271775	42	STIM=m
8275795	42	RESP=1
8288863	42	STIM=z
8293684	42	RESP=1
8305868	42	STIM=g
8311062	42	RESP=1
8321354	42	STIM=q
8325840	42	RESP=1
8340240	42	STIM=8
8344789	42	RESP=2
8356230	42	STIM=9
8360893	42	RESP=2
8371767	42	STIM=a
8375169	42	RESP=1
8386815	42	STIM=7
8390499	42	RESP=2
8402623	42	STIM=r
8409076	42	RESP=1
8421085	42	STIM=w
8427873	42	RESP=1
8436432	42	STIM=5
8443621	42	RESP=2
8452950	42	STIM=e
8460819	42	RESP=1
8470531	42	STIM=6
8478138	42	RESP=2
8486603	42	STIM=k
8492789	42	RESP=1
8504759	42	STIM=j
8510050	42	RESP=1
8523048	42	STIM=u
8526157	42	RESP=1
8539777	42	STIM=o
8544170	42	RESP=1
8555330	42	STIM=o
8558333	42	RESP=1
8572876	42	STIM=y
8578396	42	RESP=1
8591605	42	STIM=w
8595482	42	RESP=1
8608798	42	STIM=j
8613029	42	RESP=1
8624692	42	STIM=t
8629798	42	RESP=1
8640841	42	STIM=a
8646340	42	RESP=1
8659281	42	STIM=l
8664724	42	RESP=1
8677345	42	STIM=4
8685399	42	RESP=2
8696043	42	STIM=f
8703821	42	RESP=1
8714477	42	STIM=z
8717271	42	RESP=1
8730643	42	STIM=y
8739824	42	RESP=1
8748869	42	STIM=s
8752487	42	RESP=1
8765908	42	STIM=w
8772368	42	RESP=1
8784160	42	STIM=k
8790220	42	RESP=1
8802524	42	STIM=e
8808311	42	RESP=1
8819277	42	STIM=d
8822443	42	RESP=1
8836200	42	STIM=5
8840450	42	RESP=1
8853313	42	STIM=l
8858205	42	RESP=1
8869215	42	STIM=w
8875943	42	RESP=1
8887623	42	STIM=2
8893249	42	RESP=2
8904923	42	STIM=s
8910865	42	RESP=1
8920952	42	STIM=v
8925565	42	RESP=1
8936290	42	STIM=t
8939513	42	RESP=1
8951817	42	STIM=m
8954614	42	RESP=1
8968146	42	STIM=p
8972562	42	RESP=1
8985645	42	STIM=o
8989332	42	RESP=2
9002362	42	STIM=a
9006514	42	RESP=1
9019296	42	STIM=i
9022495	42	RESP=1
9036187	42	STIM=o
9039868	42	RESP=1
9052156	42	STIM=q
9058838	42	RESP=1
9067673	42	STIM=x
9071316	42	RESP=1
9085101	42	STIM=k
9087989	42	RESP=1
9100289	42	STIM=c
9103330	42	RESP=1
9115703	42	STIM=h
9119844	42	RESP=1
9132621	42	STIM=t
9136897	42	RESP=1
9147739	42	STIM=x
9151217	42	RESP=1
9166074	42	STIM=6
9170868	42	RESP=2
9181831	42	STIM=r
9187099	42	RESP=1
9200602	42	STIM=n
9205733	42	RESP=1
9218422	42	STIM=o
9226545	42	RESP=1
9234972	42	STIM=j
9238968	42	RESP=1
9251477	42	STIM=l
9256046	42	RESP=1
9267432	42	STIM=e
9275466	42	RESP=1
9283802	42	STIM=f
9289766	42	RESP=1
9302385	42	STIM=s
9309092	42	RESP=1
9319276	42	STIM=1
9323385	42	RESP=2
9334971	42	STIM=i
9338414	42	RESP=1
9352409	42	STIM=4
9360019	42	RESP=2
9369970	42	STIM=u
9373684	42	RESP=1
9386844	42	STIM=c
9394490	42	RESP=1
9404426	42	STIM=q
9408321	42	RESP=1
9421449	42	STIM=v
9425921	42	RESP=1
9436776	42	STIM=6
9445930	42	RESP=2
9455424	42	STIM=k
9460549	42	RESP=1
9474085	42	STIM=r
9477878	42	RESP=1
9492350	42	STIM=j
9497374	42	RESP=1
9508361	42	STIM=y
9521078	42	RESP=1
9525615	42	STIM=t
9528573	42	RESP=1
9541634	42	STIM=z
9547189	42	RESP=1
9558673	42	STIM=3
9564385	42	RESP=2
9575476	42	STIM=1
9579576	42	RESP=2
9591984	42	STIM=w
9595792	42	RESP=1
9608846	42	STIM=o
9612147	42	RESP=1
9626943	42	STIM=b
9630298	42	RESP=1
9644088	42	STIM=9
9657252	42	RESP=2
9661184	42	STIM=0
9671912	42	RESP=2
9678165	42	STIM=s
9682633	42	RESP=1
9695593	42	STIM=q
9703344	42	RESP=1
9712745	42	STIM=b
9718046	42	RESP=1
9729840	42	STIM=v
9732622	42	RESP=1
9748563	42	STIM=p
9758355	42	RESP=1
9767199	42	STIM=8
9770813	42	RESP=2
9783707	42	STIM=l
9788214	42	RESP=1
9802324	42	STIM=m
9805224	42	RESP=1
9818576	42	STIM=m
9823732	42	RESP=1
9834150	42	STIM=1
9840514	42	RESP=2
9852873	42	STIM=4
9857953	42	RESP=2
9870721	42	STIM=a
9875257	42	RESP=1
9887876	42	STIM=q
9890641	42	RESP=1
9904645	42	STIM=g
9909929	42	RESP=1
9922491	42	STIM=7
9927149	42	RESP=2
9938217	42	STIM=r
9942521	42	RESP=1
9954482	42	STIM=5
9958801	42	RESP=2
9972429	42	STIM=f
9975644	42	RESP=1
9988410	42	STIM=n
9994576	42	RESP=1
10005302	42	STIM=t
10010526	42	RESP=1
10021806	42	STIM=e
10026051	42	RESP=1
10037548	42	STIM=e
10044737	42	RESP=1
10054248	42	STIM=r
10057173	42	RESP=1
10071180	42	STIM=w
10073993	42	RESP=1
10087790	42	STIM=g
10090480	42	RESP=1
10105604	42	STIM=v
10109130	42	RESP=1
10122486	42	STIM=n
10127052	42	RESP=1
10137494	42	STIM=n
10141433	42	RESP=1
10153191	42	STIM=o
10159895	42	RESP=1
10171460	42	STIM=5
10176661	42	RESP=1
10187377	42	STIM=n
10191146	42	RESP=1
10203736	42	STIM=t
10208077	42	RESP=1
10221146	42	STIM=v
10224447	42	RESP=1
10238116	42	STIM=r
10241672	42	RESP=1
10255272	42	STIM=v
10264097	42	RESP=1
10274232	42	STIM=8
10277728	42	RESP=2
10289493	42	STIM=c
10295418	42	RESP=1
10305517	42	STIM=0
10311186	42	RESP=2
10322118	42	STIM=s
10326783	42	RESP=1
10340320	42	STIM=7
10344767	42	RESP=2
10356177	42	STIM=p
10361564	42	RESP=1
10372082	42	STIM=d
10375570	42	RESP=1
10387629	42	STIM=b
10392816	42	RESP=1
10402887	42	STIM=u
10411090	42	RESP=1
10421003	42	STIM=w
10424348	42	RESP=1
10436771	42	STIM=q
10447890	42	RESP=1
10454793	42	STIM=h
10458485	42	RESP=1
10472057	42	STIM=y
10477766	42	RESP=1
10488409	42	STIM=6
10494578	42	RESP=2
10505981	42	STIM=w
10512447	42	RESP=1
10524684	42	STIM=h
10534621	42	RESP=1
10541303	42	STIM=1
10546172	42	RESP=2
10558827	42	STIM=1
10563253	42	RESP=2
10576766	42	STIM=e
10582733	42	RESP=1
10594283	42	STIM=g
10604930	42	RESP=1
10610935	42	STIM=j
10613501	42	RESP=1
10627110	42	STIM=x
10631693	42	RESP=1
10643315	42	STIM=g
10650596	42	RESP=1
10660569	42	STIM=6
10665905	42	RESP=2
10677542	42	STIM=5
10683728	42	RESP=2
10695428	42	STIM=r
10700965	42	RESP=1
10713334	42	STIM=b
10716689	42	RESP=1
10729169	42	STIM=m
10733556	42	RESP=1
10746786	42	STIM=o
10751511	42	RESP=1
10762683	42	STIM=2
10768214	42	RESP=2
10779888	42	STIM=g
10782898	42	RESP=1
10798041	42	STIM=c
10803251	42	RESP=1
10814627	42	STIM=7
10824149	42	RESP=2
10832342	42	STIM=a
10835906	42	RESP=1
10849268	42	STIM=u
10852949	42	RESP=1
10866540	42	STIM=f
10870879	42	RESP=1
10882441	42	STIM=v
10885981	42	RESP=1
10900601	42	STIM=l
10905037	42	RESP=2
10915788	42	STIM=2
10921411	42	RESP=2
10933080	42	STIM=k
10938078	42	RESP=1
10950486	42	STIM=p
10954015	42	RESP=2
10967629	42	STIM=u
10971786	42	RESP=1
10984546	42	STIM=0
10988409	42	RESP=2
11002074	42	STIM=2
11007708	42	RESP=1
11018043	42	STIM=u
11021694	42	RESP=1
11033049	42	STIM=h
11048275	42	RESP=1
11050661	42	STIM=3
11056132	42	RESP=2
11069182	42	STIM=v
11072532	42	RESP=1
11084820	42	STIM=d
11089019	42	RESP=1
11102876	42	STIM=7
11108655	42	RESP=2
11120481	42	STIM=c
11125599	42	RESP=1
11137356	42	STIM=t
11145219	42	RESP=1
11154360	42	STIM=v
11157360	42	RESP=1
11171296	42	STIM=j
11176776	42	RESP=1
11187082	42	STIM=f
11190861	42	RESP=1
11202594	42	STIM=q
11208868	42	RESP=1
11217928	42	STIM=k
11222475	42	RESP=2
11233838	42	STIM=i
11237571	42	RESP=1
11251952	42	STIM=s
11259856	42	RESP=2
11268062	42	STIM=k
11275287	42	RESP=1
11285698	42	STIM=u
11289230	42	RESP=1
11301585	42	STIM=i
11306537	42	RESP=1
11318831	42	STIM=6
11326424	42	RESP=2
11336640	42	STIM=2
11342097	42	RESP=2
11353158	42	STIM=f
11356634	42	RESP=1
11368266	42	STIM=a
11374023	42	RESP=1
11383842	42	STIM=n
11388088	42	RESP=1
11401327	42	STIM=l
11405829	42	RESP=1
11416854	42	STIM=p
11420490	42	RESP=1
11434000	42	STIM=e
11440406	42	RESP=1
11449660	42	STIM=1
11457221	42	RESP=2
11468357	42	STIM=l
11471296	42	RESP=1
11484508	42	STIM=u
11490265	42	RESP=1
11500924	42	STIM=t
11506006	42	RESP=1
11516365	42	STIM=9
11525028	42	RESP=2
11533473	42	STIM=m
11536178	42	RESP=1
11551251	42	STIM=5
11555414	42	RESP=2
11566384	42	STIM=a
11570996	42	RESP=1
11585078	42	STIM=b
11589746	42	RESP=1
11603724	42	STIM=0
11608579	42	RESP=2
11620069	42	STIM=1
11623513	42	RESP=2
11635403	42	STIM=s
11638875	42	RESP=1
11652989	42	STIM=7
11661942	42	RESP=2
11670776	42	STIM=s
11674014	42	RESP=1
11688657	42	STIM=f
11692398	42	RESP=1
11707577	42	STIM=p
11714130	42	RESP=1
11725068	42	STIM=k
11728197	42	RESP=1
11741617	42	STIM=y
11744883	42	RESP=1
11757184	42	STIM=c
11761198	42	RESP=1
11773520	42	STIM=u
11778108	42	RESP=1
11790289	42	STIM=l
11794860	42	RESP=1
11805653	42	STIM=g
11809219	42	RESP=1
11821984	42	STIM=p
11825279	42	RESP=1
11837744	42	STIM=m
11845761	42	RESP=1
11853631	42	STIM=1
11857909	42	RESP=2
11871672	42	STIM=g
11879167	42	RESP=1
11889196	42	STIM=c
11893083	42	RESP=1
11905871	42	STIM=0
11913507	42	RESP=2
11924786	42	STIM=6
11932038	42	RESP=2
11942310	42	STIM=q
11947794	42	RESP=1
11960056	42	STIM=1
11966410	42	RESP=2
11978147	42	STIM=0
11982073	42	RESP=2
11993649	42	STIM=t
11998243	42	RESP=1
12010767	42	STIM=f
12014993	42	RESP=1
12028759	42	STIM=e
12032456	42	RESP=1
12043962	42	STIM=o
12049184	42	RESP=1
12060881	42	STIM=x
12065311	42	RESP=1
12076463	42	STIM=8
12082983	42	RESP=2
12093771	42	STIM=4
12098291	42	RESP=2
12112394	42	STIM=0
12116271	42	RESP=2
12130615	42	STIM=s
12135313	42	RESP=1
12149249	42	STIM=s
12156040	42	RESP=1
12167903	42	STIM=q
12175158	42	RESP=1
12183184	42	STIM=d
12188960	42	RESP=1
12198592	42	STIM=s
12203510	42	RESP=1
12215361	42	STIM=f
12221497	42	RESP=1
12231604	42	STIM=n
12236761	42	RESP=1
12248255	42	STIM=p
12250894	42	RESP=1
12264371	42	STIM=z
12267943	42	RESP=1
12281832	42	STIM=s
12290435	42	RESP=1
12299165	42	STIM=m
12303378	42	RESP=1
12315870	42	STIM=x
12319185	42	RESP=1
12333886	42	STIM=4
12337351	42	RESP=2
12352832	42	STIM=8
12357526	42	RESP=2
12369861	42	STIM=6
12375259	42	RESP=2
12387561	42	STIM=z
12393075	42	RESP=1
12403400	42	STIM=f
12409014	42	RESP=1
12418966	42	STIM=g
12422115	42	RESP=1
12434134	42	STIM=q
12438157	42	RESP=1
12449982	42	STIM=o
12455186	42	RESP=1
12468125	42	STIM=t
12475857	42	RESP=1
12485250	42	STIM=j
12496071	42	RESP=1
12502631	42	STIM=p
12507648	42	RESP=1
12518025	42	STIM=6
12523134	42	RESP=2
12536389	42	STIM=y
12545615	42	RESP=1
12553515	42	STIM=x
12557105	42	RESP=1
12570914	42	STIM=h
12574889	42	RESP=1
12589882	42	STIM=b
12594082	42	RESP=1
12608604	42	STIM=n
12613498	42	RESP=1
12627372	42	STIM=k
12635741	42	RESP=1
12644999	42	STIM=4
12648817	42	RESP=2
12662074	42	STIM=p
12670796	42	RESP=1
12680258	42	STIM=z
12686249	42	RESP=1
12696680	42	STIM=e
12701431	42	RESP=1
12711804	42	STIM=w
12718115	42	RESP=2
12729093	42	STIM=p
12733172	42	RESP=1
12744156	42	STIM=d
12751611	42	RESP=1
12763063	42	STIM=t
12772658	42	RESP=1
12782027	42	STIM=8
12785647	42	RESP=2
12800615	42	STIM=b
12805110	42	RESP=2
12816081	42	STIM=n
12819700	42	RESP=1
12833813	42	STIM=j
12836611	42	RESP=1
12851141	42	STIM=h
12854422	42	RESP=2
12867518	42	STIM=l
12874306	42	RESP=1
12883173	42	STIM=f
12891381	42	RESP=1
12900386	42	STIM=j
12909613	42	RESP=1
12916838	42	STIM=c
12925017	42	RESP=1
12933391	42	STIM=o
12938564	42	RESP=1
12950092	42	STIM=v
12959497	42	RESP=1
12966336	42	STIM=e
12969242	42	RESP=1
12983064	42	STIM=e
12987446	42	RESP=1
13001963	42	STIM=5
13008743	42	RESP=2
13017802	42	STIM=j
13022962	42	RESP=1
13035082	42	STIM=0
13042176	42	RESP=2
13052176	42	STIM=u
13054785	42	RESP=1
13070294	42	STIM=o
13076687	42	RESP=1
13086992	42	STIM=b
13092013	42	RESP=1
13103524	42	STIM=w
13109919	42	RESP=1
13119885	42	STIM=j
13126216	42	RESP=1
13136448	42	STIM=q
13145377	42	RESP=1
13152080	42	STIM=t
13155773	42	RESP=1
13167465	42	STIM=5
13171815	42	RESP=2
13184049	42	STIM=c
13190045	42	RESP=1
13199433	42	STIM=8
13206122	42	RESP=1
13214515	42	STIM=w
13218739	42	RESP=1
13231776	42	STIM=l
13237696	42	RESP=1
13250196	42	STIM=v
13256703	42	RESP=1
13266352	42	STIM=v
13271573	42	RESP=1
13284292	42	STIM=f
13289548	42	RESP=1
13299511	42	STIM=o
13303308	42	RESP=1
13315772	42	STIM=d
13318981	42	RESP=1
13334469	42	STIM=b
13337956	42	RESP=1
13351408	42	STIM=r
13356534	42	RESP=1
13368087	42	STIM=z
13372201	42	RESP=1
13383239	42	STIM=m
13390728	42	RESP=1
13400428	42	STIM=b
13406491	42	RESP=1
13418656	42	STIM=w
13421529	42	RESP=1
13437320	42	STIM=x
13441924	42	RESP=2
13454294	42	STIM=6
13462623	42	RESP=2
13470227	42	STIM=b
13475517	42	RESP=1
13486455	42	STIM=x
13489589	42	RESP=1
13505375	42	STIM=j
13507968	42	RESP=1
13521894	42	STIM=l
13527748	42	RESP=1
13539380	42	STIM=8
13546036	42	RESP=2
13556299	42	STIM=f
13565734	42	RESP=1
13574057	42	STIM=u
13581838	42	RESP=1
13592869	42	STIM=9
13598429	42	RESP=2
13608110	42	STIM=y
13613839	42	RESP=1
13625773	42	STIM=b
13629518	42	RESP=1
13642695	42	STIM=f
13647618	42	RESP=1
13659142	42	STIM=x
13662826	42	RESP=1
13675301	42	STIM=v
13681124	42	RESP=1
13693150	42	STIM=p
13696258	42	RESP=1
13709716	42	STIM=o
13713870	42	RESP=1
13728506	42	STIM=r
13731792	42	RESP=1
13744565	42	STIM=d
13748474	42	RESP=1
13761323	42	STIM=3
13765946	42	RESP=2
13779551	42	STIM=m
13786890	42	RESP=1
13795809	42	STIM=a
13801231	42	RESP=1
13813231	42	STIM=r
13815792	42	RESP=1
13829235	42	STIM=l
13836670	42	RESP=1
13848053	42	STIM=h
13851988	42	RESP=2
13866696	42	STIM=0
13872231	42	RESP=2
13882812	42	STIM=s
13888379	42	RESP=1
13901620	42	STIM=w
13905971	42	RESP=1
13920353	42	STIM=0
13926345	42	RESP=2
13936668	42	STIM=f
13939841	42	RESP=1
13954577	42	STIM=u
13958889	42	RESP=1
13973493	42	STIM=k
13976249	42	RESP=1
13992266	42	STIM=m
13998523	42	RESP=1
14007785	42	STIM=8
14013284	42	RESP=2
14025484	42	STIM=e
14030069	42	RESP=1
14042767	42	STIM=b
14047821	42	RESP=1
14059564	42	STIM=z
14064681	42	RESP=1
14075080	42	STIM=t
14082584	42	RESP=1
14091368	42	STIM=q
14095473	42	RESP=1
14109907	42	STIM=b
14114799	42	RESP=1
14127443	42	STIM=2
14131569	42	RESP=2
14146109	42	STIM=n
14149568	42	RESP=1
14161927	42	STIM=l
14165277	42	RESP=1
14180805	42	STIM=e
14184136	42	RESP=1
14198179	42	STIM=q
14203559	42	RESP=1
14214331	42	STIM=z
14217404	42	RESP=1
14231160	42	STIM=y
14235472	42	RESP=1
14249407	42	STIM=z
14253523	42	RESP=1
14267122	42	STIM=l
14271870	42	RESP=1
14285618	42	STIM=c
14292507	42	RESP=1
14301342	42	STIM=b
14305868	42	RESP=1
14317684	42	STIM=z
14321619	42	RESP=1
14336278	42	STIM=l
14344759	42	RESP=1
14354274	42	STIM=b
14363540	42	RESP=1
14369477	42	STIM=t
14372250	42	RESP=1
14384723	42	STIM=e
14389496	42	RESP=1
14402981	42	STIM=d
14411813	42	RESP=1
14419068	42	STIM=z
14425157	42	RESP=1
14436511	42	STIM=8
14442192	42	RESP=1
14454624	42	STIM=2
14460792	42	RESP=2
14473508	42	STIM=7
14478723	42	RESP=2
14491246	42	STIM=a
14496434	42	RESP=1
14509631	42	STIM=p
14514181	42	RESP=1
14528095	42	STIM=k
14533916	42	RESP=1
14545730	42	STIM=y
14551209	42	RESP=1
14563977	42	STIM=u
14570411	42	RESP=1
14580267	42	STIM=9
14585464	42	RESP=2
14596550	42	STIM=a
14599339	42	RESP=1
14613395	42	STIM=3
14620108	42	RESP=2
14629619	42	STIM=c
14635712	42	RESP=1
14646244	42	STIM=t
14652574	42	RESP=1
14665186	42	STIM=x
14670234	42	RESP=1
14681869	42	STIM=w
14686581	42	RESP=1
14699807	42	STIM=p
14704731	42	RESP=1
14717384	42	STIM=v
14722668	42	RESP=1
14733381	42	STIM=g
14737102	42	RESP=1
14750835	42	STIM=p
14755524	42	RESP=1
14768317	42	STIM=o
14777464	42	RESP=1
14783959	42	STIM=p
14790792	42	RESP=1
14802267	42	STIM=t
14808815	42	RESP=1
14818054	42	STIM=b
14822686	42	RESP=1
14835354	42	STIM=x
14839826	42	RESP=1
14851299	42	STIM=0
14855034	42	RESP=2
14869308	42	STIM=s
14874134	42	RESP=1
14887264	42	STIM=8
14893846	42	RESP=2
14904690	42	STIM=7
14910772	42	RESP=1
14922997	42	STIM=3
14926500	42	RESP=2
14941966	42	STIM=h
14946140	42	RESP=1
14959406	42	STIM=p
14962032	42	RESP=1
14975873	42	STIM=8
14980379	42	RESP=2
14993067	42	STIM=h
14997359	42	RESP=1
15008480	42	STIM=7
15012032	42	RESP=2
15026952	42	STIM=b
15032134	42	RESP=1
15043497	42	STIM=1
15051632	42	RESP=2
15060232	42	STIM=p
15063917	42	RESP=1
15077957	42	STIM=w
15081825	42	RESP=1
15095010	42	STIM=7
15100002	42	RESP=2
15111853	42	STIM=q
15114655	42	RESP=1
15128957	42	STIM=l
15132508	42	RESP=1
15144197	42	STIM=o
15146680	42	RESP=1
15160762	42	STIM=p
15164997	42	RESP=1
15176937	42	STIM=j
15180583	42	RESP=1
15192804	42	STIM=k
15197700	42	RESP=1
15210158	42	STIM=w
15215201	42	RESP=1
15227650	42	STIM=r
15230735	42	RESP=1
15243114	42	STIM=d
15250436	42	RESP=1
15260790	42	STIM=u
15263729	42	RESP=1
15277139	42	STIM=t
15280829	42	RESP=1
15294333	42	STIM=8
15299894	42	RESP=2
15311014	42	STIM=p
15315834	42	RESP=1
15327903	42	STIM=d
15332426	42	RESP=1
15345496	42	STIM=n
15348743	42	RESP=1
15360999	42	STIM=i
15364628	42	RESP=1
15376981	42	STIM=4
15381476	42	RESP=2
15394883	42	STIM=o
15398159	42	RESP=1
15413574	42	STIM=u
15417994	42	RESP=1
15430139	42	STIM=p
15433461	42	RESP=1
15446150	42	STIM=7
15450322	42	RESP=2
15461332	42	STIM=9
15467646	42	RESP=2
15479857	42	STIM=x
15483215	42	RESP=2
15498582	42	STIM=3
15505156	42	RESP=2
15516890	42	STIM=c
15520363	42	RESP=1
15533318	42	STIM=o
15542137	42	RESP=1
15551637	42	STIM=l
15556238	42	RESP=1
15568483	42	STIM=t
15575670	42	RESP=1
15587421	42	STIM=t
15592293	42	RESP=1
15605652	42	STIM=9
15609298	42	RESP=2
15621832	42	STIM=a
15627168	42	RESP=1
15640818	42	STIM=m
15646214	42	RESP=1
15656184	42	STIM=g
15660233	42	RESP=1
15671982	42	STIM=v
15674853	42	RESP=1
15690718	42	STIM=d
15698214	42	RESP=1
15706879	42	STIM=j
15714641	42	RESP=1
15724683	42	STIM=a
15729406	42	RESP=1
15740210	42	STIM=h
15744776	42	RESP=1
15757626	42	STIM=z
15760085	42	RESP=1
15776241	42	STIM=6
15780616	42	RESP=2
15795072	42	STIM=2
15802887	42	RESP=2
15812148	42	STIM=o
15816070	42	RESP=1
15828439	42	STIM=l
15833350	42	RESP=1
15843850	42	STIM=0
15850098	42	RESP=2
15862144	42	STIM=e
15866662	42	RESP=1
15877373	42	STIM=u
15882455	42	RESP=1
15895413	42	STIM=3
15900013	42	RESP=2
15913457	42	STIM=v
15916809	42	RESP=1
15930813	42	STIM=q
15934922	42	RESP=1
15946080	42	STIM=x
15951773	42	RESP=1
15964073	42	STIM=2
15970720	42	RESP=2
15982973	42	STIM=o
15988998	42	RESP=1
15998753	42	STIM=7
16005693	42	RESP=2
16017212	42	STIM=p
16020169	42	RESP=1
16033626	42	STIM=r
16037062	42	RESP=1
16051160	42	STIM=x
16055220	42	RESP=1
16066204	42	STIM=p
16068983	42	RESP=1
16082842	42	STIM=8
16087198	42	RESP=2
16098368	42	STIM=0
16103108	42	RESP=2
16117256	42	STIM=b
16120726	42	RESP=1
16135073	42	STIM=m
16144436	42	RESP=1
16150864	42	STIM=u
16156513	42	RESP=1
16169730	42	STIM=k
16173383	42	RESP=1
16188429	42	STIM=7
16192411	42	RESP=2
16206106	42	STIM=z
16209203	42	RESP=1
16221861	42	STIM=8
16228108	42	RESP=2
16237393	42	STIM=h
16245033	42	RESP=1
16255354	42	STIM=z
16258870	42	RESP=1
16270926	42	STIM=i
16275372	42	RESP=1
16286064	42	STIM=3
16290757	42	RESP=2
16303842	42	STIM=p
16307992	42	RESP=1
16322735	42	STIM=5
16327610	42	RESP=2
16339327	42	STIM=1
16344770	42	RESP=2
16357776	42	STIM=t
16361033	42	RESP=1
16374555	42	STIM=x
16378443	42	RESP=1
16392356	42	STIM=u
16397376	42	RESP=1
16410865	42	STIM=o
16414855	42	RESP=1
16429523	42	STIM=f
16433130	42	RESP=1
16447722	42	STIM=v
16456474	42	RESP=1
16463928	42	STIM=b
16468847	42	RESP=1
16482184	42	STIM=u
16486751	42	RESP=1
16500607	42	STIM=i
16505196	42	RESP=2
16518522	42	STIM=2
16522994	42	RESP=2
16533729	42	STIM=e
16541073	42	RESP=1
16548986	42	STIM=k
16553460	42	RESP=1
16567369	42	STIM=c
16571691	42	RESP=1
16585520	42	STIM=f
16590286	42	RESP=1
16603812	42	STIM=t
16607471	42	RESP=1
16621031	42	STIM=6
16625483	42	RESP=2
16638526	42	STIM=z
16643032	42	RESP=1
16654792	42	STIM=i
16665215	42	RESP=1
16672418	42	STIM=i
16678010	42	RESP=1
16690947	42	STIM=h
16694845	42	RESP=1
16706432	42	STIM=v
16709509	42	RESP=1
16724389	42	STIM=o
16728539	42	RESP=1
16743297	42	STIM=1
16749098	42	RESP=2
16761972	42	STIM=t
16768505	42	RESP=1
16779408	42	STIM=c
16782935	42	RESP=1
16798300	42	STIM=f
16805003	42	RESP=1
16814949	42	STIM=b
16819150	42	RESP=1
16830504	42	STIM=t
16834109	42	RESP=1
16845666	42	STIM=i
16849089	42	RESP=1
16863602	42	STIM=9
16870074	42	RESP=2
16879437	42	STIM=s
16882025	42	RESP=1
16896771	42	STIM=n
16901225	42	RESP=2
16911947	42	STIM=6
16917638	42	RESP=2
16930205	42	STIM=v
16933112	42	RESP=1
16946324	42	STIM=r
16949721	42	RESP=1
16963577	42	STIM=4
16967151	42	RESP=2
16979902	42	STIM=l
16986342	42	RESP=1
16998753	42	STIM=a
17001293	42	RESP=1
17014115	42	STIM=w
17020975	42	RESP=1
17030275	42	STIM=o
17036133	42	RESP=1
17047431	42	STIM=l
17051173	42	RESP=1
17062870	42	STIM=t
17065523	42	RESP=1
17080565	42	STIM=2
17084108	42	RESP=2
17098698	42	STIM=t
17103275	42	RESP=1
17115669	42	STIM=f
17119229	42	RESP=1
17131715	42	STIM=u
17142616	42	RESP=1
17148647	42	STIM=q
17153396	42	RESP=1
17165906	42	STIM=d
17175244	42	RESP=1
17184294	42	STIM=h
17187775	42	RESP=1
17200185	42	STIM=n
17205413	42	RESP=1
17216664	42	STIM=r
17220004	42	RESP=1
17235044	42	STIM=n
17237996	42	RESP=1
17250088	42	STIM=3
17257515	42	RESP=2
17269004	42	STIM=4
17272997	42	RESP=2
17286218	42	STIM=k
17290433	42	RESP=1
17304010	42	STIM=i
17310563	42	RESP=2
17321659	42	STIM=4
17326940	42	RESP=2
17340522	42	STIM=h
17345245	42	RESP=1
17359390	42	STIM=e
17364408	42	RESP=1
17374976	42	STIM=l
17378898	42	RESP=1
17391366	42	STIM=1
17399417	42	RESP=2
17407017	42	STIM=x
17412608	42	RESP=1
17424488	42	STIM=y
17430203	42	RESP=1
17440480	42	STIM=c
17443658	42	RESP=1
17456788	42	STIM=d
17461850	42	RESP=1
17475041	42	STIM=m
17478133	42	RESP=1
17493372	42	STIM=u
17497277	42	RESP=1
17512272	42	STIM=u
17518194	42	RESP=2
17528775	42	STIM=f
17533114	42	RESP=1
17546476	42	STIM=x
17550391	42	RESP=1
17561702	42	STIM=7
17565963	42	RESP=2
17578151	42	STIM=i
17581697	42	RESP=1
17593464	42	STIM=f
17597526	42	RESP=1
17610884	42	STIM=m
17614747	42	RESP=1
17629044	42	STIM=a
17635178	42	RESP=1
17646877	42	STIM=d
17652329	42	RESP=1
17662216	42	STIM=1
17667811	42	RESP=2
17677707	42	STIM=v
17682003	42	RESP=1
17695061	42	STIM=s
17698038	42	RESP=1
17711356	42	STIM=k
17718097	42	RESP=1
17726537	42	STIM=p
17730231	42	RESP=1
17743052	42	STIM=g
17748999	42	RESP=1
17759462	42	STIM=e
17764730	42	RESP=1
17775942	42	STIM=t
17781274	42	RESP=1
17792328	42	STIM=5
17796481	42	RESP=2
17807792	42	STIM=4
17813854	42	RESP=2
17824800	42	STIM=a
17828344	42	RESP=1
17842512	42	STIM=z
17846672	42	RESP=1
17860278	42	STIM=u
17864184	42	RESP=1
17878779	42	STIM=r
17885313	42	RESP=2
17896643	42	STIM=c
17899885	42	RESP=1
17912495	42	STIM=m
17918699	42	RESP=1
17929896	42	STIM=3
17934250	42	RESP=2
17946264	42	STIM=5
17950614	42	RESP=2
17964883	42	STIM=t
17968052	42	RESP=1
17982110	42	STIM=g
17985998	42	RESP=1
18000755	42	STIM=u
18004370	42	RESP=1
18019376	42	STIM=l
18023390	42	RESP=1
18036744	42	STIM=e
18040642	42	RESP=1
18052444	42	STIM=d
18056226	42	RESP=1
18070916	42	STIM=d
18075064	42	RESP=1
18087703	42	STIM=c
18092331	42	RESP=1
18103268	42	STIM=d
18106309	42	RESP=1
18121130	42	STIM=t
18125460	42	RESP=1
18140000	42	STIM=f
18146172	42	RESP=1
18156251	42	STIM=y
18163095	42	RESP=1
18173967	42	STIM=d
18176949	42	RESP=1
18192659	42	STIM=g
18196646	42	RESP=1
18211477	42	STIM=t
18218590	42	RESP=1
18227271	42	STIM=w
18229846	42	RESP=1
18244057	42	STIM=r
18248700	42	RESP=1
18262650	42	STIM=8
18270058	42	RESP=2
18281313	42	STIM=l
18285443	42	RESP=1
18300249	42	STIM=p
18304085	42	RESP=1
18319244	42	STIM=b
18333512	42	RESP=1
18334361	42	STIM=g
18338148	42	RESP=1
18350944	42	STIM=6
18355126	42	RESP=2
18365980	42	STIM=s
18370665	42	RESP=1
18381740	42	STIM=q
18387315	42	RESP=1
18399342	42	STIM=6
18404457	42	RESP=2
18417566	42	STIM=4
18423239	42	RESP=2
18434696	42	STIM=7
18438711	42	RESP=2
18453636	42	STIM=5
18459921	42	RESP=2
18469089	42	STIM=g
18477028	42	RESP=1
18486161	42	STIM=r
18491964	42	RESP=1
18502210	42	STIM=o
18509556	42	RESP=1
18519413	42	STIM=0
18522603	42	RESP=2
18537788	42	STIM=g
18547315	42	RESP=1
18556172	42	STIM=a
18561310	42	RESP=1
18571992	42	STIM=4
18580023	42	RESP=2
18587626	42	STIM=n
18592096	42	RESP=1
18605227	42	STIM=e
18608092	42	RESP=2
18622750	42	STIM=n
18628010	42	RESP=1
18640206	42	STIM=q
18643099	42	RESP=1
18658672	42	STIM=u
18662259	42	RESP=1
18674397	42	STIM=b
18677700	42	RESP=1
18693141	42	STIM=s
18696366	42	RESP=1
18710019	42	STIM=j
18717933	42	RESP=1
18728221	42	STIM=9
18732610	42	RESP=2
18743854	42	STIM=s
18750277	42	RESP=1
18761434	42	STIM=q
18765486	42	RESP=1
18777786	42	STIM=z
18781931	42	RESP=1
18793421	42	STIM=s
18796860	42	RESP=1
18811265	42	STIM=t
18815677	42	RESP=1
18826296	42	STIM=t
18830219	42	RESP=1
18845019	42	STIM=7
18848237	42	RESP=2
18860583	42	STIM=v
18863951	42	RESP=1
18878572	42	STIM=r
18883023	42	RESP=1
18897353	42	STIM=m
18900931	42	RESP=1
18914889	42	STIM=n
18918838	42	RESP=1
18931852	42	STIM=w
18935186	42	RESP=1
18948882	42	STIM=w
18952513	42	RESP=1
18965067	42	STIM=k
18968704	42	RESP=1
18983950	42	STIM=g
18989348	42	RESP=1
19002134	42	STIM=x
19007225	42	RESP=1
19020619	42	STIM=a
19031162	42	RESP=1
19039460	42	STIM=v
19042354	42	RESP=1
19058248	42	STIM=5
19063675	42	RESP=2
19075067	42	STIM=b
19081096	42	RESP=1
19093586	42	STIM=l
19096974	42	RESP=1
19112217	42	STIM=u
19115187	42	RESP=2
19128530	42	STIM=0
19136658	42	RESP=2
19146610	42	STIM=n
19150673	42	RESP=1
19161756	42	STIM=m
19167143	42	RESP=1
19178811	42	STIM=6
19184467	42	RESP=2
19197165	42	STIM=s
19201145	42	RESP=1
19212634	42	STIM=c
19219418	42	RESP=1
19231482	42	STIM=d
19234112	42	RESP=2
19250177	42	STIM=t
19260431	42	RESP=1
19268688	42	STIM=w
19273965	42	RESP=1
19284508	42	STIM=e
19287470	42	RESP=1
19302899	42	STIM=w
19306547	42	RESP=1
19319069	42	STIM=y
19324001	42	RESP=1
19334116	42	STIM=n
19338513	42	RESP=1
19351777	42	STIM=q
19355958	42	RESP=1
19370167	42	STIM=e
19374217	42	RESP=1
19388859	42	STIM=s
19392954	42	RESP=1
19404806	42	STIM=a
19410561	42	RESP=1
19420753	42	STIM=e
19429103	42	RESP=1
19436834	42	STIM=w
19440104	42	RESP=1
19452810	42	STIM=4
19455875	42	RESP=2
19471499	42	STIM=m
19476066	42	RESP=1
19490220	42	STIM=p
19497541	42	RESP=1
19508061	42	STIM=h
19513860	42	RESP=1
19526378	42	STIM=s
19534041	42	RESP=1
19542253	42	STIM=p
19548440	42	RESP=1
19560919	42	STIM=b
19564715	42	RESP=1
19578116	42	STIM=s
19582753	42	RESP=1
19596700	42	STIM=q
19601370	42	RESP=1
19612421	42	STIM=b
19620645	42	RESP=1
19627484	42	STIM=m
19635060	42	RESP=1
19646424	42	STIM=f
19649782	42	RESP=1
19663629	42	STIM=b
19668434	42	RESP=1
19681396	42	STIM=w
19687283	42	RESP=1
19698504	42	STIM=p
19702032	42	RESP=1
19716884	42	STIM=v
19720691	42	RESP=2
19733596	42	STIM=l
19739041	42	RESP=1
19748824	42	STIM=b
19752087	42	RESP=1
19764795	42	STIM=g
19767745	42	RESP=1
19782268	42	STIM=u
19785191	42	RESP=1
19799064	42	STIM=z
19804331	42	RESP=1
19815121	42	STIM=g
19820843	42	RESP=1
19832697	42	STIM=q
19837458	42	RESP=1
19850273	42	STIM=8
19856165	42	RESP=2
19868583	42	STIM=d
19874614	42	RESP=1
19884383	42	STIM=i
19889684	42	RESP=1
19900378	42	STIM=z
19903782	42	RESP=1
19917725	42	STIM=i
19925796	42	RESP=1
19934634	42	STIM=k
19939932	42	RESP=1
19953476	42	STIM=p
19957895	42	RESP=1
19969065	42	STIM=v
19973414	42	RESP=1
19984478	42	STIM=g
19991502	42	RESP=1
20001838	42	STIM=3
20012000	42	RESP=2
20020724	42	STIM=1
20027723	42	RESP=2
20039156	42	STIM=c
20042646	42	RESP=1
20055319	42	STIM=9
20059852	42	RESP=2
20070815	42	STIM=j
20075646	42	RESP=1
20085906	42	STIM=6
20090196	42	RESP=2
20104491	42	STIM=u
20109944	42	RESP=1
20120956	42	STIM=e
20125595	42	RESP=1
20139242	42	STIM=7
20144369	42	RESP=1
20155236	42	STIM=o
20160614	42	RESP=1
20174076	42	STIM=t
20179871	42	RESP=1
20191879	42	STIM=a
20199399	42	RESP=1
20209713	42	STIM=j
20214269	42	RESP=1
20228395	42	STIM=p
20233541	42	RESP=1
20246143	42	STIM=a
20250665	42	RESP=1
20261994	42	STIM=e
20265841	42	RESP=1
20277993	42	STIM=q
20280902	42	RESP=1
20293222	42	STIM=p
20298752	42	RESP=1
20309072	42	STIM=b
20312190	42	RESP=1
20327424	42	STIM=2
20334555	42	RESP=2
20344460	42	STIM=4
20349834	42	RESP=2
20361452	42	STIM=s
20367627	42	RESP=1
20378866	42	STIM=b
20381917	42	RESP=1
20396570	42	STIM=y
20401162	42	RESP=1
20413522	42	STIM=r
20417286	42	RESP=1
20429862	42	STIM=z
20436089	42	RESP=1
20445170	42	STIM=j
20450100	42	RESP=1
20462594	42	STIM=4
20466594	42	RESP=2
20478611	42	STIM=k
20483202	42	RESP=1
20496901	42	STIM=e
20500449	42	RESP=1
20513095	42	STIM=i
20517449	42	RESP=2
20530024	42	STIM=t
20536418	42	RESP=1
20547377	42	STIM=0
20552597	42	RESP=2
20566312	42	STIM=l
20570062	42	RESP=1
20582743	42	STIM=e
20589028	42	RESP=1
20600777	42	STIM=l
20605548	42	RESP=1
20617470	42	STIM=l
20624164	42	RESP=1
20635518	42	STIM=f
20640812	42	RESP=2
20652447	42	STIM=r
20657261	42	RESP=1
20668991	42	STIM=f
20673135	42	RESP=1
20685804	42	STIM=m
20689584	42	RESP=1
20703724	42	STIM=c
20708404	42	RESP=1
20722676	42	STIM=t
20726411	42	RESP=1
20738192	42	STIM=9
20747138	42	RESP=2
20755211	42	STIM=c
20758815	42	RESP=1
20773803	42	STIM=5
20778151	42	RESP=2
20791734	42	STIM=k
20795803	42	RESP=1
20807458	42	STIM=l
20813418	42	RESP=1
20824522	42	STIM=v
20827670	42	RESP=1
20843340	42	STIM=q
20851502	42	RESP=1
20861859	42	STIM=r
20865305	42	RESP=1
20879254	42	STIM=j
20882370	42	RESP=1
20894473	42	STIM=t
20898880	42	RESP=1
20910600	42	STIM=8
20915357	42	RESP=2
20927655	42	STIM=l
20933855	42	RESP=1
20945581	42	STIM=p
20950318	42	RESP=1
20960752	42	STIM=i
20967138	42	RESP=1
20978566	42	STIM=h
20981363	42	RESP=1
20995156	42	STIM=x
21001821	42	RESP=1
21010521	42	STIM=u
21014921	42	RESP=1
21028053	42	STIM=n
21032973	42	RESP=1
21046620	42	STIM=p
21050890	42	RESP=1
21065164	42	STIM=l
21068421	42	RESP=1
21083768	42	STIM=c
21091689	42	RESP=1
21100122	42	STIM=d
21105741	42	RESP=1
21115152	42	STIM=7
21119496	42	RESP=2
21131869	42	STIM=c
21135042	42	RESP=1
21150149	42	STIM=y
21155968	42	RESP=1
21165740	42	STIM=k
21169364	42	RESP=1
21183432	42	STIM=0
21187217	42	RESP=2
21198476	42	STIM=l
21202824	42	RESP=1
21215099	42	STIM=v
21219838	42	RESP=2
21231260	42	STIM=n
21236980	42	RESP=1
21247966	42	STIM=n
21254313	42	RESP=1
21264490	42	STIM=t
21270727	42	RESP=1
21279925	42	STIM=b
21283773	42	RESP=1
21297647	42	STIM=y
21301962	42	RESP=1
21313907	42	STIM=3
21319565	42	RESP=2
21330475	42	STIM=5
21336001	42	RESP=2
21348929	42	STIM=4
21353513	42	RESP=2
21366106	42	STIM=y
21371760	42	RESP=1
21382009	42	STIM=k
21386835	42	RESP=1
21400273	42	STIM=g
21403237	42	RESP=1
21419067	42	STIM=y
21423773	42	RESP=2
21434922	42	STIM=l
21439208	42	RESP=1
21451306	42	STIM=d
21455121	42	RESP=1
21467673	42	STIM=i
21471416	42	RESP=1
21484235	42	STIM=8
21488562	42	RESP=2
21501444	42	STIM=g
21504764	42	RESP=1
21518874	42	STIM=n
21523054	42	RESP=1
21535919	42	STIM=y
21542360	42	RESP=1
21553618	42	STIM=r
21558656	42	RESP=1
21572085	42	STIM=n
21575170	42	RESP=1
21587421	42	STIM=u
21593420	42	RESP=1
21602577	42	STIM=t
21609037	42	RESP=1
21618649	42	STIM=4
21626901	42	RESP=2
21634925	42	STIM=x
21641810	42	RESP=1
21652464	42	STIM=6
21656751	42	RESP=2
21669836	42	STIM=g
21676259	42	RESP=1
21685811	42	STIM=5
21690317	42	RESP=2
21703576	42	STIM=q
21707123	42	RESP=1
21722073	42	STIM=3
21727973	42	RESP=2
21739938	42	STIM=8
21749287	42	RESP=1
21757143	42	STIM=y
21764592	42	RESP=1
21774546	42	STIM=a
21778993	42	RESP=1
21792023	42	STIM=x
21795661	42	RESP=1
21807933	42	STIM=b
21811227	42	RESP=1
21823096	42	STIM=u
21826474	42	RESP=1
21838268	42	STIM=2
21844915	42	RESP=2
