# Original filename: 0046_DKV_2016-11-26.log
# Time unit: 100 us
# RARECAT=digit
#
# Time	HHGG	Event
35509	42	STIM=d
42297	42	RESP=1
52615	42	STIM=y
57579	42	RESP=1
70568	42	STIM=8
81367	42	RESP=2
86150	42	STIM=j
94473	42	RESP=1
101553	42	STIM=u
107333	42	RESP=1
119216	42	STIM=n
123284	42	RESP=1
135416	42	STIM=k
139908	42	RESP=1
152300	42	STIM=r
156885	42	RESP=1
171106	42	STIM=n
179460	42	RESP=1
187064	42	STIM=h
189983	42	RESP=1
202480	42	STIM=p
209843	42	RESP=1
219999	42	STIM=s
233248	42	RESP=1
238043	42	STIM=8
242276	42	RESP=2
253169	42	STIM=8
257369	42	RESP=2
269694	42	STIM=e
273799	42	RESP=1
284789	42	STIM=n
292225	42	RESP=1
301517	42	STIM=r
313703	42	RESP=1
317451	42	STIM=l
320338	42	RESP=1
333167	42	STIM=w
342633	42	RESP=1
348648	42	STIM=v
355312	42	RESP=1
367436	42	STIM=4
377770	42	RESP=2
386432	42	STIM=v
395375	42	RESP=1
404378	42	STIM=n
408945	42	RESP=1
421093	42	STIM=g
428327	42	RESP=1
438575	42	STIM=i
444395	42	RESP=1
456499	42	STIM=q
459988	42	RESP=1
473694	42	STIM=m
482078	42	RESP=2
491142	42	STIM=u
494394	42	RESP=1
506145	42	STIM=h
509935	42	RESP=1
523324	42	STIM=y
528136	42	RESP=1
539078	42	STIM=j
546915	42	RESP=1
555753	42	STIM=1
561078	42	RESP=2
574060	42	STIM=u
577524	42	RESP=1
590857	42	STIM=h
597689	42	RESP=1
609325	42	STIM=c
612286	42	RESP=1
624937	42	STIM=7
629965	42	RESP=1
643733	42	STIM=i
649770	42	RESP=1
658929	42	STIM=x
663466	42	RESP=1
676340	42	STIM=p
680591	42	RESP=1
694018	42	STIM=7
702140	42	RESP=2
712755	42	STIM=a
719450	42	RESP=1
730024	42	STIM=y
736846	42	RESP=1
746890	42	STIM=z
752295	42	RESP=1
762422	42	STIM=k
768370	42	RESP=1
779723	42	STIM=k
785612	42	RESP=1
796087	42	STIM=e
799360	42	RESP=1
811575	42	STIM=f
816208	42	RESP=1
830303	42	STIM=q
835110	42	RESP=1
846458	42	STIM=s
850193	42	RESP=2
862541	42	STIM=h
864971	42	RESP=1
880005	42	STIM=b
883817	42	RESP=1
898236	42	STIM=z
904796	42	RESP=1
914983	42	STIM=k
920889	42	RESP=1
930148	42	STIM=j
936798	42	RESP=1
945903	42	STIM=j
948474	42	RESP=1
962913	42	STIM=s
968417	42	RESP=2
978223	42	STIM=l
981781	42	RESP=2
995454	42	STIM=k
998657	42	RESP=1
1012732	42	STIM=k
1017966	42	RESP=1
1030294	42	STIM=j
1036751	42	RESP=1
1049186	42	STIM=i
1056312	42	RESP=1
1064600	42	STIM=i
1075223	42	RESP=1
1081713	42	STIM=5
1088477	42	RESP=2
1097849	42	STIM=a
1102409	42	RESP=1
1114962	42	STIM=y
1119784	42	RESP=1
1133176	42	STIM=k
1140532	42	RESP=1
1150884	42	STIM=z
1155942	42	RESP=1
1167411	42	STIM=w
1174336	42	RESP=1
1184969	42	STIM=a
1191274	42	RESP=1
1203491	42	STIM=k
1207012	42	RESP=1
1221693	42	STIM=t
1228937	42	RESP=1
1240263	42	STIM=k
1244207	42	RESP=1
1255524	42	STIM=v
1260181	42	RESP=2
1271292	42	STIM=v
1277934	42	RESP=1
1287148	42	STIM=q
1291482	42	RESP=2
1302568	42	STIM=f
1308046	42	RESP=1
1318156	42	STIM=q
1325445	42	RESP=1
1335852	42	STIM=a
1342699	42	RESP=1
1351769	42	STIM=k
1355556	42	RESP=1
1368248	42	STIM=c
1373627	42	RESP=1
1386983	42	STIM=s
1391865	42	RESP=1
1403691	42	STIM=p
1409563	42	RESP=1
1420648	42	STIM=r
1424326	42	RESP=1
1436553	42	STIM=q
1441502	42	RESP=1
1451954	42	STIM=c
1456313	42	RESP=1
1468731	42	STIM=0
1483840	42	RESP=2
1484698	42	STIM=i
1493037	42	RESP=1
1501568	42	STIM=a
1514145	42	RESP=1
1520291	42	STIM=z
1526029	42	RESP=1
1536612	42	STIM=u
1542354	42	RESP=1
1552585	42	STIM=8
1560419	42	RESP=2
1568378	42	STIM=6
1579576	42	RESP=1
1586496	42	STIM=a
1589494	42	RESP=1
1605265	42	STIM=o
1608604	42	RESP=1
1621217	42	STIM=w
1625372	42	RESP=1
1638560	42	STIM=q
1654148	42	RESP=1
1656089	42	STIM=w
1663061	42	RESP=1
1672506	42	STIM=w
1676522	42	RESP=1
1691498	42	STIM=c
1698477	42	RESP=1
1709565	42	STIM=q
1715436	42	RESP=1
1725856	42	STIM=2
1734152	42	RESP=2
1742677	42	STIM=6
1749613	42	RESP=2
1760552	42	STIM=d
1763513	42	RESP=1
1778758	42	STIM=f
1783792	42	RESP=1
1795910	42	STIM=0
1804471	42	RESP=2
1813825	42	STIM=y
1819717	42	RESP=1
1832413	42	STIM=z
1839912	42	RESP=1
1851359	42	STIM=k
1855975	42	RESP=1
1869269	42	STIM=t
1874800	42	RESP=1
1885440	42	STIM=3
1893165	42	RESP=2
1900784	42	STIM=p
1906617	42	RESP=1
1918793	42	STIM=9
1923748	42	RESP=2
1936490	42	STIM=g
1940394	42	RESP=1
1952468	42	STIM=l
1959234	42	RESP=2
1968340	42	STIM=5
1977475	42	RESP=2
1984410	42	STIM=3
1992084	42	RESP=2
2000690	42	STIM=e
2005718	42	RESP=1
2017896	42	STIM=k
2032842	42	RESP=1
2035848	42	STIM=d
2043349	42	RESP=1
2053492	42	STIM=c
2059837	42	RESP=1
2070876	42	STIM=j
2076200	42	RESP=1
2086216	42	STIM=s
2094204	42	RESP=1
2102386	42	STIM=g
2107886	42	RESP=1
2118490	42	STIM=i
2122128	42	RESP=1
2136588	42	STIM=e
2141952	42	RESP=1
2154820	42	STIM=8
2161443	42	RESP=2
2171486	42	STIM=h
2177758	42	RESP=1
2186692	42	STIM=5
2194833	42	RESP=2
2205226	42	STIM=k
2211698	42	RESP=1
2222191	42	STIM=i
2229282	42	RESP=1
2240763	42	STIM=e
2245661	42	RESP=1
2256622	42	STIM=d
2260765	42	RESP=1
2275399	42	STIM=a
2281984	42	RESP=1
2291453	42	STIM=p
2296784	42	RESP=1
2308833	42	STIM=l
2316057	42	RESP=1
2326974	42	STIM=x
2333609	42	RESP=1
2343276	42	STIM=a
2355152	42	RESP=1
2361862	42	STIM=j
2368158	42	RESP=1
2379577	42	STIM=7
2387685	42	RESP=2
2395465	42	STIM=e
2402618	42	RESP=1
2412905	42	STIM=z
2418017	42	RESP=2
2430000	42	STIM=h
2437724	42	RESP=1
2445007	42	STIM=z
2449626	42	RESP=1
2462292	42	STIM=4
2469122	42	RESP=2
2480209	42	STIM=r
2486928	42	RESP=1
2495714	42	STIM=n
2499619	42	RESP=1
2514312	42	STIM=0
2519900	42	RESP=2
2531140	42	STIM=p
2541148	42	RESP=1
2548998	42	STIM=e
2552697	42	RESP=1
2565647	42	STIM=s
2571117	42	RESP=1
2581600	42	STIM=p
2593370	42	RESP=1
2599005	42	STIM=c
2604638	42	RESP=1
2614484	42	STIM=u
2622161	42	RESP=1
2630005	42	STIM=2
2634991	42	RESP=2
2646577	42	STIM=s
2654665	42	RESP=1
2664224	42	STIM=r
2668305	42	RESP=2
2682984	42	STIM=6
2689890	42	RESP=2
2700473	42	STIM=i
2705394	42	RESP=1
2717725	42	STIM=y
2722913	42	RESP=1
2732770	42	STIM=c
2739068	42	RESP=1
2750485	42	STIM=a
2756267	42	RESP=2
2768184	42	STIM=a
2772765	42	RESP=1
2785348	42	STIM=f
2793957	42	RESP=1
2801748	42	STIM=8
2809053	42	RESP=2
2820705	42	STIM=h
2823590	42	RESP=1
2836009	42	STIM=w
2841871	42	RESP=1
2851439	42	STIM=c
2855645	42	RESP=1
2867558	42	STIM=q
2873397	42	RESP=1
2882871	42	STIM=9
2889953	42	RESP=2
2898946	42	STIM=t
2903682	42	RESP=1
2917862	42	STIM=8
2924505	42	RESP=2
2934449	42	STIM=1
2941807	42	RESP=2
2951991	42	STIM=b
2956794	42	RESP=1
2970575	42	STIM=4
2978062	42	RESP=2
2986284	42	STIM=e
2990692	42	RESP=1
3003659	42	STIM=w
3007402	42	RESP=1
3020740	42	STIM=o
3025880	42	RESP=1
3038279	42	STIM=s
3043688	42	RESP=1
3056053	42	STIM=p
3060746	42	RESP=1
3072220	42	STIM=k
3080974	42	RESP=1
3090481	42	STIM=v
3095177	42	RESP=1
3107885	42	STIM=z
3111309	42	RESP=2
3125357	42	STIM=s
3131903	42	RESP=1
3141312	42	STIM=f
3153372	42	RESP=1
3159009	42	STIM=r
3162528	42	RESP=1
3177175	42	STIM=2
3181541	42	RESP=2
3195168	42	STIM=9
3202600	42	RESP=2
3210451	42	STIM=r
3220842	42	RESP=1
3226459	42	STIM=d
3232825	42	RESP=1
3244798	42	STIM=d
3252124	42	RESP=1
3259801	42	STIM=z
3263484	42	RESP=1
3277262	42	STIM=q
3280899	42	RESP=1
3294823	42	STIM=e
3302702	42	RESP=1
3313101	42	STIM=j
3317058	42	RESP=1
3329396	42	STIM=8
3338048	42	RESP=2
3347235	42	STIM=k
3351968	42	RESP=1
3363605	42	STIM=t
3373716	42	RESP=1
3380315	42	STIM=3
3386344	42	RESP=2
3398695	42	STIM=a
3403712	42	RESP=1
3415012	42	STIM=h
3419064	42	RESP=1
3430405	42	STIM=t
3436139	42	RESP=1
3447013	42	STIM=j
3453205	42	RESP=1
3465288	42	STIM=q
3469883	42	RESP=1
3482287	42	STIM=v
3489348	42	RESP=2
3499457	42	STIM=7
3507406	42	RESP=2
3517153	42	STIM=5
3522153	42	RESP=2
3535684	42	STIM=1
3540135	42	RESP=2
3552453	42	STIM=i
3556531	42	RESP=1
3570107	42	STIM=i
3575094	42	RESP=1
3587539	42	STIM=j
3592421	42	RESP=1
3603942	42	STIM=q
3609938	42	RESP=1
3622867	42	STIM=o
3628487	42	RESP=1
3641297	42	STIM=p
3645190	42	RESP=1
3657917	42	STIM=x
3662152	42	RESP=1
3676109	42	STIM=x
3687321	42	RESP=1
3694509	42	STIM=w
3699726	42	RESP=1
3711361	42	STIM=m
3719750	42	RESP=1
3727914	42	STIM=6
3731576	42	RESP=2
3745663	42	STIM=l
3750023	42	RESP=1
3762270	42	STIM=u
3767789	42	RESP=1
3780155	42	STIM=d
3783866	42	RESP=1
3797025	42	STIM=1
3807979	42	RESP=2
3814086	42	STIM=e
3818864	42	RESP=1
3829412	42	STIM=c
3835214	42	RESP=1
3844598	42	STIM=y
3847212	42	RESP=1
3863381	42	STIM=o
3867510	42	RESP=1
3879766	42	STIM=0
3888279	42	RESP=2
3898691	42	STIM=h
3902824	42	RESP=1
3915610	42	STIM=v
3920946	42	RESP=1
3933537	42	STIM=o
3940442	42	RESP=1
3950044	42	STIM=b
3959181	42	RESP=1
3966839	42	STIM=5
3975585	42	RESP=2
3982433	42	STIM=n
3985489	42	RESP=1
3998308	42	STIM=5
4004179	42	RESP=2
4016155	42	STIM=j
4024881	42	RESP=1
4032547	42	STIM=z
4038729	42	RESP=1
4050071	42	STIM=y
4058077	42	RESP=1
4068518	42	STIM=3
4073596	42	RESP=2
4085187	42	STIM=o
4090833	42	RESP=1
4103251	42	STIM=k
4106219	42	RESP=1
4118650	42	STIM=k
4122646	42	RESP=1
4135712	42	STIM=u
4139868	42	RESP=1
4152424	42	STIM=9
4161095	42	RESP=2
4168771	42	STIM=4
4175088	42	RESP=2
4187331	42	STIM=9
4192924	42	RESP=2
4205120	42	STIM=t
4211306	42	RESP=2
4221272	42	STIM=e
4225000	42	RESP=1
4237144	42	STIM=h
4241985	42	RESP=1
4255237	42	STIM=f
4260744	42	RESP=1
4271836	42	STIM=2
4287079	42	RESP=2
4289091	42	STIM=j
4292964	42	RESP=1
4307520	42	STIM=j
4312722	42	RESP=1
4325736	42	STIM=r
4332053	42	RESP=1
4340862	42	STIM=d
4347225	42	RESP=1
4358070	42	STIM=i
4364838	42	RESP=1
4375788	42	STIM=t
4386340	42	RESP=1
4390792	42	STIM=v
4397290	42	RESP=1
4408203	42	STIM=3
4418809	42	RESP=2
4423303	42	STIM=z
4426428	42	RESP=1
4440864	42	STIM=x
4444135	42	RESP=1
4459802	42	STIM=b
4465840	42	RESP=1
4475210	42	STIM=i
4480578	42	RESP=1
4490497	42	STIM=s
4495104	42	RESP=1
4508831	42	STIM=r
4512467	42	RESP=1
4524024	42	STIM=7
4532961	42	RESP=2
4542216	42	STIM=1
4548566	42	RESP=2
4558837	42	STIM=z
4565090	42	RESP=1
4576694	42	STIM=b
4581567	42	RESP=1
4592664	42	STIM=l
4599762	42	RESP=1
4610295	42	STIM=y
4617000	42	RESP=2
4627041	42	STIM=1
4635387	42	RESP=2
4645680	42	STIM=i
4650590	42	RESP=1
4663015	42	STIM=8
4668662	42	RESP=2
4681346	42	STIM=l
4687647	42	RESP=1
4697520	42	STIM=0
4705427	42	RESP=2
4713078	42	STIM=p
4723958	42	RESP=1
4729091	42	STIM=6
4736688	42	RESP=2
4747506	42	STIM=w
4758147	42	RESP=1
4763950	42	STIM=f
4766929	42	RESP=1
4782693	42	STIM=v
4789876	42	RESP=1
4799350	42	STIM=a
4802658	42	RESP=1
4814754	42	STIM=7
4820327	42	RESP=2
4832532	42	STIM=8
4838996	42	RESP=2
4849393	42	STIM=z
4856020	42	RESP=1
4867314	42	STIM=w
4873343	42	RESP=1
4884440	42	STIM=3
4890974	42	RESP=2
4903362	42	STIM=h
4908503	42	RESP=1
4921158	42	STIM=c
4926753	42	RESP=1
4936604	42	STIM=r
4947288	42	RESP=1
4952128	42	STIM=b
4954911	42	RESP=1
4970803	42	STIM=e
4975491	42	RESP=1
4987828	42	STIM=t
4991191	42	RESP=1
5004241	42	STIM=r
5008488	42	RESP=1
5022265	42	STIM=6
5027752	42	RESP=2
5040799	42	STIM=5
5046177	42	RESP=2
5059400	42	STIM=k
5066329	42	RESP=1
5074771	42	STIM=h
5078513	42	RESP=1
5089880	42	STIM=x
5093396	42	RESP=1
5107794	42	STIM=n
5115483	42	RESP=1
5123567	42	STIM=i
5127686	42	RESP=1
5142362	42	STIM=0
5153543	42	RESP=1
5158076	42	STIM=x
5168570	42	RESP=1
5176724	42	STIM=n
5183887	42	RESP=1
5191921	42	STIM=s
5195297	42	RESP=1
5207758	42	STIM=8
5217013	42	RESP=2
5225674	42	STIM=1
5235690	42	RESP=2
5242633	42	STIM=2
5247542	42	RESP=2
5260265	42	STIM=a
5265621	42	RESP=1
5275298	42	STIM=z
5280818	42	RESP=1
5290320	42	STIM=i
5295501	42	RESP=1
5307698	42	STIM=s
5312017	42	RESP=1
5324080	42	STIM=x
5329613	42	RESP=1
5341413	42	STIM=w
5348991	42	RESP=1
5356907	42	STIM=k
5366133	42	RESP=1
5375482	42	STIM=i
5384746	42	RESP=1
5394285	42	STIM=x
5403702	42	RESP=1
5410626	42	STIM=4
5416975	42	RESP=2
5426858	42	STIM=2
5435194	42	RESP=2
5445563	42	STIM=p
5449325	42	RESP=1
5460687	42	STIM=l
5464428	42	RESP=1
5477652	42	STIM=h
5483449	42	RESP=1
5493393	42	STIM=2
5500248	42	RESP=2
5510694	42	STIM=x
5516905	42	RESP=1
5529019	42	STIM=w
5536669	42	RESP=1
5545128	42	STIM=m
5549360	42	RESP=1
5560484	42	STIM=i
5564321	42	RESP=1
5577480	42	STIM=a
5586465	42	RESP=1
5593800	42	STIM=r
5597988	42	RESP=1
5612375	42	STIM=c
5617085	42	RESP=1
5629240	42	STIM=6
5638170	42	RESP=2
5646702	42	STIM=m
5656061	42	RESP=1
5664912	42	STIM=x
5671589	42	RESP=1
5681950	42	STIM=q
5684869	42	RESP=1
5699510	42	STIM=e
5707721	42	RESP=1
5716750	42	STIM=8
5722627	42	RESP=2
5731818	42	STIM=1
5736857	42	RESP=2
5750741	42	STIM=0
5757081	42	RESP=2
5767172	42	STIM=l
5770979	42	RESP=1
5784974	42	STIM=i
5791092	42	RESP=1
5803869	42	STIM=t
5809053	42	RESP=1
5819136	42	STIM=w
5822337	42	RESP=2
5836938	42	STIM=7
5843178	42	RESP=1
5854677	42	STIM=w
5859897	42	RESP=1
5870705	42	STIM=7
5877185	42	RESP=2
5886061	42	STIM=7
5893524	42	RESP=2
5904149	42	STIM=a
5908052	42	RESP=1
5922401	42	STIM=f
5925830	42	RESP=1
5939269	42	STIM=6
5943888	42	RESP=2
5954322	42	STIM=k
5960138	42	RESP=1
5969541	42	STIM=h
5979294	42	RESP=1
5985467	42	STIM=p
5991802	42	RESP=1
6002188	42	STIM=l
6007285	42	RESP=1
6020487	42	STIM=g
6025335	42	RESP=1
6036538	42	STIM=9
6044378	42	RESP=2
6052777	42	STIM=d
6057361	42	RESP=1
6068335	42	STIM=i
6074037	42	RESP=1
6085761	42	STIM=8
6090885	42	RESP=2
6100824	42	STIM=0
6107302	42	RESP=2
6119106	42	STIM=q
6122031	42	RESP=1
6136397	42	STIM=g
6141279	42	RESP=1
6155186	42	STIM=9
6160265	42	RESP=2
6174168	42	STIM=l
6177352	42	RESP=1
6191463	42	STIM=2
6195719	42	RESP=2
6207767	42	STIM=9
6212332	42	RESP=2
6224923	42	STIM=i
6228479	42	RESP=2
6241821	42	STIM=b
6244182	42	RESP=1
6259476	42	STIM=n
6264746	42	RESP=2
6278368	42	STIM=6
6284777	42	RESP=2
6293425	42	STIM=r
6300250	42	RESP=1
6310582	42	STIM=s
6314665	42	RESP=1
6325736	42	STIM=d
6329474	42	RESP=1
6341005	42	STIM=f
6346254	42	RESP=1
6356541	42	STIM=g
6359420	42	RESP=1
6375048	42	STIM=h
6385728	42	RESP=1
6390232	42	STIM=z
6394840	42	RESP=2
6406723	42	STIM=b
6413303	42	RESP=2
6424995	42	STIM=g
6430614	42	RESP=1
6443722	42	STIM=t
6448616	42	RESP=1
6459889	42	STIM=a
6466027	42	RESP=1
6478138	42	STIM=f
6482870	42	RESP=1
6497042	42	STIM=v
6504179	42	RESP=1
6512546	42	STIM=j
6516158	42	RESP=1
6527662	42	STIM=j
6532739	42	RESP=1
6543425	42	STIM=7
6553903	42	RESP=2
6561174	42	STIM=u
6569095	42	RESP=1
6578855	42	STIM=1
6588525	42	RESP=2
6595310	42	STIM=0
6601026	42	RESP=2
6613926	42	STIM=9
6621877	42	RESP=2
6629113	42	STIM=n
6639045	42	RESP=1
6645266	42	STIM=y
6651943	42	RESP=1
6662123	42	STIM=1
6671722	42	RESP=1
6677219	42	STIM=p
6681109	42	RESP=1
6693826	42	STIM=m
6696871	42	RESP=2
6712633	42	STIM=n
6722741	42	RESP=1
6728519	42	STIM=g
6732921	42	RESP=2
6744647	42	STIM=n
6752941	42	RESP=1
6763129	42	STIM=d
6766312	42	RESP=1
6781764	42	STIM=x
6786901	42	RESP=1
6797786	42	STIM=1
6803636	42	RESP=2
6813578	42	STIM=4
6819593	42	RESP=2
6831819	42	STIM=q
6837920	42	RESP=1
6850661	42	STIM=h
6856687	42	RESP=1
6869437	42	STIM=j
6873512	42	RESP=1
6886255	42	STIM=z
6889805	42	RESP=1
6904418	42	STIM=t
6907423	42	RESP=1
6921584	42	STIM=z
6926943	42	RESP=1
6939125	42	STIM=j
6946449	42	RESP=1
6955586	42	STIM=z
6959188	42	RESP=1
6972669	42	STIM=t
6977897	42	RESP=1
6989493	42	STIM=e
6996563	42	RESP=1
7007232	42	STIM=g
7014743	42	RESP=1
7024033	42	STIM=e
7029758	42	RESP=1
7041848	42	STIM=5
7047885	42	RESP=2
7057710	42	STIM=f
7064468	42	RESP=1
7075852	42	STIM=d
7081610	42	RESP=1
7091875	42	STIM=t
7095970	42	RESP=1
7108054	42	STIM=d
7113712	42	RESP=1
7123106	42	STIM=n
7127091	42	RESP=1
7141372	42	STIM=t
7148747	42	RESP=1
7159973	42	STIM=g
7170707	42	RESP=1
7176283	42	STIM=z
7181085	42	RESP=1
7193327	42	STIM=x
7198083	42	RESP=1
7211876	42	STIM=l
7219738	42	RESP=1
7229106	42	STIM=r
7234727	42	RESP=1
7247851	42	STIM=j
7253111	42	RESP=2
7264163	42	STIM=s
7270739	42	RESP=1
7279884	42	STIM=t
7284252	42	RESP=1
7295125	42	STIM=q
7299731	42	RESP=1
7313564	42	STIM=s
7318074	42	RESP=1
7331559	42	STIM=j
7340083	42	RESP=1
7350308	42	STIM=m
7356076	42	RESP=1
7367110	42	STIM=t
7376000	42	RESP=1
7382262	42	STIM=i
7388828	42	RESP=1
7399112	42	STIM=c
7403831	42	RESP=1
7417346	42	STIM=d
7421436	42	RESP=1
7435492	42	STIM=e
7441468	42	RESP=1
7450804	42	STIM=t
7460044	42	RESP=1
7466947	42	STIM=o
7473214	42	RESP=1
7482227	42	STIM=0
7489427	42	RESP=2
7497342	42	STIM=e
7501868	42	RESP=1
7513109	42	STIM=u
7517705	42	RESP=1
7531631	42	STIM=4
7544417	42	RESP=2
7547388	42	STIM=9
7552184	42	RESP=2
7566173	42	STIM=4
7573178	42	RESP=2
7581411	42	STIM=i
7583833	42	RESP=1
7599603	42	STIM=m
7603762	42	RESP=1
7616710	42	STIM=p
7625213	42	RESP=1
7635056	42	STIM=v
7639148	42	RESP=1
7653294	42	STIM=v
7659757	42	RESP=2
7668812	42	STIM=5
7678495	42	RESP=2
7686103	42	STIM=k
7693524	42	RESP=1
7703523	42	STIM=9
7709821	42	RESP=2
7721578	42	STIM=s
7726859	42	RESP=2
7736839	42	STIM=4
7744103	42	RESP=2
7754623	42	STIM=t
7759621	42	RESP=1
7771113	42	STIM=v
7776092	42	RESP=1
7786822	42	STIM=9
7799111	42	RESP=2
7804369	42	STIM=m
7810728	42	RESP=1
7820039	42	STIM=o
7824438	42	RESP=1
7836293	42	STIM=6
7844274	42	RESP=2
7854812	42	STIM=6
7861102	42	RESP=2
7872391	42	STIM=c
7880265	42	RESP=1
7891190	42	STIM=d
7894408	42	RESP=1
7908626	42	STIM=5
7915107	42	RESP=2
7927349	42	STIM=z
7932022	42	RESP=1
7944376	42	STIM=j
7950903	42	RESP=1
7960258	42	STIM=h
7966322	42	RESP=1
7977395	42	STIM=j
7983043	42	RESP=1
7992964	42	STIM=3
8001675	42	RESP=2
8009147	42	STIM=q
8013920	42	RESP=1
8026025	42	STIM=i
8031486	42	RESP=1
8042219	42	STIM=r
8046447	42	RESP=1
8060654	42	STIM=w
8065112	42	RESP=1
8078802	42	STIM=6
8086698	42	RESP=2
8097530	42	STIM=9
8102976	42	RESP=1
8115848	42	STIM=5
8123042	42	RESP=2
8132347	42	STIM=t
8143470	42	RESP=2
8149577	42	STIM=q
8154169	42	RESP=1
8166400	42	STIM=z
8169436	42	RESP=1
8183993	42	STIM=d
8190699	42	RESP=1
8202593	42	STIM=o
8207292	42	RESP=1
8217984	42	STIM=b
8224951	42	RESP=1
8234692	42	STIM=j
8242227	42	RESP=1
8251253	42	STIM=m
8256156	42	RESP=2
8267974	42	STIM=r
8275171	42	RESP=1
8285303	42	STIM=f
8290401	42	RESP=1
8301361	42	STIM=k
8307806	42	RESP=1
8318281	42	STIM=6
8323639	42	RESP=2
8333574	42	STIM=1
8343074	42	RESP=2
8349860	42	STIM=e
8356383	42	RESP=1
8366193	42	STIM=w
8370611	42	RESP=1
8381609	42	STIM=c
8385767	42	RESP=1
8397918	42	STIM=e
8401983	42	RESP=1
8413558	42	STIM=5
8418834	42	RESP=2
8429320	42	STIM=v
8434834	42	RESP=1
8447562	42	STIM=i
8451812	42	RESP=1
8466359	42	STIM=t
8473773	42	RESP=1
8485212	42	STIM=l
8492135	42	RESP=1
8503460	42	STIM=y
8508124	42	RESP=1
8519094	42	STIM=a
8524577	42	RESP=1
8534607	42	STIM=m
8542394	42	RESP=1
8552931	42	STIM=q
8557289	42	RESP=1
8570820	42	STIM=9
8576091	42	RESP=2
8589465	42	STIM=s
8592435	42	RESP=1
8607041	42	STIM=x
8616447	42	RESP=1
8624607	42	STIM=i
8629374	42	RESP=1
8640062	42	STIM=m
8646290	42	RESP=1
8657776	42	STIM=g
8660482	42	RESP=1
8674048	42	STIM=u
8677603	42	RESP=1
8689209	42	STIM=a
8695859	42	RESP=2
8707789	42	STIM=u
8714951	42	RESP=1
8726485	42	STIM=6
8733380	42	RESP=1
8743941	42	STIM=2
8749678	42	RESP=1
8759054	42	STIM=k
8765613	42	RESP=1
8775215	42	STIM=e
8781265	42	RESP=1
8793615	42	STIM=t
8805160	42	RESP=1
8811592	42	STIM=w
8814676	42	RESP=1
8827344	42	STIM=i
8834663	42	RESP=1
8843034	42	STIM=g
8849266	42	RESP=1
8860956	42	STIM=y
8866591	42	RESP=1
8876619	42	STIM=m
8886212	42	RESP=1
8891705	42	STIM=s
8895172	42	RESP=1
8908750	42	STIM=w
8914437	42	RESP=1
8925378	42	STIM=p
8935272	42	RESP=1
8941678	42	STIM=3
8945832	42	RESP=1
8959002	42	STIM=m
8964186	42	RESP=1
8976030	42	STIM=u
8980471	42	RESP=1
8991120	42	STIM=z
8998579	42	RESP=1
9008346	42	STIM=u
9013483	42	RESP=1
9026131	42	STIM=m
9032764	42	RESP=1
9043518	42	STIM=q
9054872	42	RESP=1
9062106	42	STIM=8
9068624	42	RESP=1
9077889	42	STIM=2
9084465	42	RESP=2
9095057	42	STIM=i
9100076	42	RESP=1
9111311	42	STIM=o
9117793	42	RESP=1
9129053	42	STIM=x
9134441	42	RESP=1
9144806	42	STIM=o
9152300	42	RESP=1
9162906	42	STIM=i
9167446	42	RESP=1
9180894	42	STIM=h
9186620	42	RESP=1
9199729	42	STIM=b
9207655	42	RESP=1
9215967	42	STIM=n
9220236	42	RESP=1
9231648	42	STIM=m
9234293	42	RESP=1
9249942	42	STIM=c
9261756	42	RESP=1
9266926	42	STIM=c
9273361	42	RESP=1
9282523	42	STIM=u
9288890	42	RESP=1
9298964	42	STIM=t
9302935	42	RESP=1
9316735	42	STIM=g
9321072	42	RESP=1
9334199	42	STIM=7
9344416	42	RESP=1
9351496	42	STIM=w
9360911	42	RESP=1
9366687	42	STIM=i
9373996	42	RESP=1
9384986	42	STIM=n
9388280	42	RESP=1
9400739	42	STIM=h
9408197	42	RESP=1
9416067	42	STIM=w
9422836	42	RESP=1
9434637	42	STIM=z
9442759	42	RESP=1
9452754	42	STIM=z
9456858	42	RESP=1
9469895	42	STIM=3
9477567	42	RESP=2
9487390	42	STIM=b
9492493	42	RESP=1
9505292	42	STIM=d
9510758	42	RESP=1
9521642	42	STIM=i
9528700	42	RESP=1
9537530	42	STIM=g
9543366	42	RESP=1
9553139	42	STIM=c
9560200	42	RESP=1
9568311	42	STIM=d
9571860	42	RESP=1
9583766	42	STIM=2
9588645	42	RESP=2
9601629	42	STIM=a
9607097	42	RESP=1
9620146	42	STIM=z
9624505	42	RESP=1
9637858	42	STIM=l
9644756	42	RESP=1
9653203	42	STIM=7
9658940	42	RESP=2
9670159	42	STIM=3
9674003	42	RESP=2
9687420	42	STIM=8
9692074	42	RESP=2
9703432	42	STIM=i
9707401	42	RESP=1
9719060	42	STIM=e
9729818	42	RESP=1
9735102	42	STIM=s
9741240	42	RESP=1
9752920	42	STIM=2
9761048	42	RESP=2
9768081	42	STIM=p
9773458	42	RESP=1
9783938	42	STIM=r
9788400	42	RESP=1
9802369	42	STIM=q
9807366	42	RESP=2
9818401	42	STIM=k
9823630	42	RESP=1
9834520	42	STIM=m
9840540	42	RESP=1
9850774	42	STIM=d
9858019	42	RESP=1
9866181	42	STIM=1
9871911	42	RESP=2
9882706	42	STIM=z
9887455	42	RESP=1
9901484	42	STIM=7
9906765	42	RESP=2
9917414	42	STIM=n
9930996	42	RESP=1
9934897	42	STIM=e
9940847	42	RESP=1
9952771	42	STIM=5
9957397	42	RESP=2
9971651	42	STIM=f
9978378	42	RESP=1
9989332	42	STIM=2
9994349	42	RESP=2
10007043	42	STIM=c
10011263	42	RESP=1
10023755	42	STIM=8
10031068	42	RESP=2
10040781	42	STIM=i
10048835	42	RESP=1
10056372	42	STIM=w
10066538	42	RESP=1
10072600	42	STIM=c
10077203	42	RESP=1
10090700	42	STIM=x
10096679	42	RESP=1
10108800	42	STIM=p
10113604	42	RESP=1
10125991	42	STIM=b
10132854	42	RESP=1
10144481	42	STIM=e
10151770	42	RESP=1
10162060	42	STIM=x
10167438	42	RESP=1
10177538	42	STIM=e
10184602	42	RESP=1
10195810	42	STIM=5
10203836	42	RESP=2
10214270	42	STIM=a
10227164	42	RESP=1
10231428	42	STIM=j
10237298	42	RESP=1
10249539	42	STIM=4
10253465	42	RESP=1
10266146	42	STIM=1
10272555	42	RESP=2
10283147	42	STIM=v
10291458	42	RESP=1
10301317	42	STIM=q
10304032	42	RESP=1
10319384	42	STIM=l
10323730	42	RESP=1
10335655	42	STIM=y
10339385	42	RESP=1
10353463	42	STIM=m
10356475	42	RESP=1
10371175	42	STIM=5
10377231	42	RESP=2
10388076	42	STIM=8
10394267	42	RESP=2
10403862	42	STIM=m
10406943	42	RESP=1
10419302	42	STIM=y
10422426	42	RESP=1
10434972	42	STIM=u
10441176	42	RESP=1
10451485	42	STIM=9
10457261	42	RESP=2
10468290	42	STIM=o
10474396	42	RESP=1
10487161	42	STIM=1
10495196	42	RESP=2
10504727	42	STIM=7
10511467	42	RESP=2
10523200	42	STIM=p
10528084	42	RESP=1
10541725	42	STIM=t
10549019	42	RESP=1
10558883	42	STIM=4
10569901	42	RESP=2
10576479	42	STIM=b
10582643	42	RESP=1
10593488	42	STIM=5
10603017	42	RESP=2
10610486	42	STIM=y
10618940	42	RESP=1
10626309	42	STIM=r
10635624	42	RESP=1
10641320	42	STIM=q
10645848	42	RESP=1
10658922	42	STIM=b
10665395	42	RESP=1
10676396	42	STIM=g
10680352	42	RESP=1
10694373	42	STIM=2
10699291	42	RESP=2
10711663	42	STIM=p
10717824	42	RESP=1
10727940	42	STIM=s
10733405	42	RESP=1
10744546	42	STIM=6
10749849	42	RESP=2
10761235	42	STIM=i
10764930	42	RESP=1
10776753	42	STIM=o
10785483	42	RESP=1
10795113	42	STIM=x
10800957	42	RESP=1
10810821	42	STIM=l
10822254	42	RESP=1
10828066	42	STIM=k
10831369	42	RESP=1
10846690	42	STIM=e
10856539	42	RESP=1
10864938	42	STIM=3
10869487	42	RESP=2
10882470	42	STIM=u
10891003	42	RESP=1
10901112	42	STIM=p
10904944	42	RESP=1
10919368	42	STIM=c
10924453	42	RESP=1
10935853	42	STIM=s
10941057	42	RESP=1
10953052	42	STIM=c
10961166	42	RESP=1
10968636	42	STIM=r
10976254	42	RESP=1
10987168	42	STIM=4
11000552	42	RESP=2
11005016	42	STIM=0
11010627	42	RESP=2
11022122	42	STIM=r
11032311	42	RESP=2
11039689	42	STIM=u
11046899	42	RESP=1
11056099	42	STIM=c
11061414	42	RESP=2
11071270	42	STIM=j
11074085	42	RESP=1
11086757	42	STIM=d
11089974	42	RESP=1
11102725	42	STIM=0
11109272	42	RESP=2
11118528	42	STIM=k
11126595	42	RESP=1
11137488	42	STIM=i
11142641	42	RESP=1
11154134	42	STIM=q
11164254	42	RESP=2
11172350	42	STIM=z
11178346	42	RESP=1
11189124	42	STIM=v
11192535	42	RESP=1
11207323	42	STIM=z
11212620	42	RESP=1
11224909	42	STIM=v
11230890	42	RESP=1
11243045	42	STIM=h
11249366	42	RESP=1
11258211	42	STIM=j
11264269	42	RESP=1
11275141	42	STIM=0
11285948	42	RESP=1
11291053	42	STIM=k
11295681	42	RESP=1
11307295	42	STIM=b
11311506	42	RESP=1
11325628	42	STIM=n
11331595	42	RESP=1
11343798	42	STIM=0
11349133	42	RESP=2
11360416	42	STIM=p
11367124	42	RESP=1
11375936	42	STIM=x
11380461	42	RESP=1
11391743	42	STIM=1
11397776	42	RESP=2
11408566	42	STIM=9
11420450	42	RESP=1
11425888	42	STIM=r
11435080	42	RESP=1
11442411	42	STIM=s
11446864	42	RESP=1
11458998	42	STIM=e
11462465	42	RESP=1
11477378	42	STIM=y
11483687	42	RESP=1
11493558	42	STIM=1
11499474	42	RESP=2
11510225	42	STIM=m
11517285	42	RESP=1
11528826	42	STIM=a
11536071	42	RESP=1
11544329	42	STIM=s
11551497	42	RESP=1
11559714	42	STIM=r
11564554	42	RESP=2
11578075	42	STIM=g
11586397	42	RESP=1
11596443	42	STIM=a
11603938	42	RESP=1
11614004	42	STIM=d
11617328	42	RESP=1
11630889	42	STIM=s
11637595	42	RESP=1
11648676	42	STIM=k
11654206	42	RESP=1
11667403	42	STIM=p
11672572	42	RESP=1
11683708	42	STIM=p
11689120	42	RESP=1
11699776	42	STIM=u
11705648	42	RESP=1
11718454	42	STIM=s
11726025	42	RESP=1
11736368	42	STIM=p
11740379	42	RESP=1
11753770	42	STIM=l
11763737	42	RESP=1
11770425	42	STIM=s
11778186	42	RESP=1
11785921	42	STIM=l
11789988	42	RESP=1
11801147	42	STIM=k
11804600	42	RESP=1
11817043	42	STIM=u
11827097	42	RESP=1
11832292	42	STIM=4
11835791	42	RESP=2
11849455	42	STIM=i
11853156	42	RESP=1
11864625	42	STIM=d
11870488	42	RESP=1
11879627	42	STIM=u
11885843	42	RESP=1
11897951	42	STIM=n
11906925	42	RESP=2
11914649	42	STIM=4
11918937	42	RESP=2
11933518	42	STIM=m
11940704	42	RESP=1
11950783	42	STIM=5
11959199	42	RESP=2
11966821	42	STIM=4
11976559	42	RESP=2
11985433	42	STIM=m
11991108	42	RESP=1
12003518	42	STIM=e
12008585	42	RESP=1
12018818	42	STIM=k
12023454	42	RESP=1
12036834	42	STIM=j
12041153	42	RESP=1
12054126	42	STIM=8
12058260	42	RESP=2
12070624	42	STIM=z
12075705	42	RESP=1
12086298	42	STIM=1
12092598	42	RESP=2
12102853	42	STIM=v
12109121	42	RESP=1
12119834	42	STIM=m
12126378	42	RESP=1
12138157	42	STIM=a
12143163	42	RESP=1
12155930	42	STIM=e
12159561	42	RESP=2
12173597	42	STIM=7
12179517	42	RESP=2
12190599	42	STIM=y
12199758	42	RESP=2
12206319	42	STIM=b
12216345	42	RESP=1
12221634	42	STIM=6
12233940	42	RESP=2
12236822	42	STIM=7
12242418	42	RESP=2
12255455	42	STIM=a
12259574	42	RESP=1
12272862	42	STIM=v
12279623	42	RESP=1
12288717	42	STIM=u
12295614	42	RESP=2
12304896	42	STIM=z
12311127	42	RESP=1
12323059	42	STIM=a
12326502	42	RESP=1
12339467	42	STIM=g
12343969	42	RESP=1
12355189	42	STIM=o
12359048	42	RESP=1
12372967	42	STIM=r
12376939	42	RESP=1
12390328	42	STIM=w
12394813	42	RESP=1
12405583	42	STIM=4
12413327	42	RESP=2
12423485	42	STIM=t
12430023	42	RESP=1
12438785	42	STIM=8
12445090	42	RESP=2
12454509	42	STIM=z
12459040	42	RESP=1
12470819	42	STIM=k
12477048	42	RESP=1
12489664	42	STIM=3
12495525	42	RESP=2
12507239	42	STIM=4
12516928	42	RESP=2
12522387	42	STIM=5
12526177	42	RESP=2
12538650	42	STIM=7
12545321	42	RESP=1
12556640	42	STIM=k
12565236	42	RESP=1
12574566	42	STIM=y
12578923	42	RESP=1
12589856	42	STIM=q
12595716	42	RESP=1
12608770	42	STIM=y
12616323	42	RESP=1
12625922	42	STIM=s
12634927	42	RESP=1
12643008	42	STIM=l
12646065	42	RESP=2
12660252	42	STIM=w
12666812	42	RESP=1
12677505	42	STIM=c
12686510	42	RESP=1
12694638	42	STIM=l
12698930	42	RESP=1
12712842	42	STIM=m
12720692	42	RESP=1
12731002	42	STIM=c
12737763	42	RESP=1
12748039	42	STIM=e
12751793	42	RESP=1
12764866	42	STIM=p
12768080	42	RESP=1
12781615	42	STIM=2
12786633	42	RESP=2
12799136	42	STIM=i
12802976	42	RESP=1
12817124	42	STIM=d
12824305	42	RESP=1
12835047	42	STIM=b
12838558	42	RESP=1
12852125	42	STIM=1
12859907	42	RESP=2
12867746	42	STIM=z
12872529	42	RESP=1
12885251	42	STIM=y
12889572	42	RESP=1
12903633	42	STIM=3
12910729	42	RESP=2
12922212	42	STIM=m
12929359	42	RESP=1
12938642	42	STIM=l
12942686	42	RESP=1
12957065	42	STIM=l
12961617	42	RESP=1
12972191	42	STIM=r
12980987	42	RESP=1
12989729	42	STIM=g
12997306	42	RESP=1
13005567	42	STIM=o
13009940	42	RESP=1
13022057	42	STIM=l
13026534	42	RESP=1
13038342	42	STIM=9
13046432	42	RESP=2
13053879	42	STIM=h
13059802	42	RESP=1
13069714	42	STIM=m
13076235	42	RESP=1
13086771	42	STIM=y
13091632	42	RESP=1
13103043	42	STIM=a
13108935	42	RESP=1
13120857	42	STIM=m
13131209	42	RESP=1
13139353	42	STIM=l
13145454	42	RESP=1
13157663	42	STIM=f
13163809	42	RESP=1
13175173	42	STIM=h
13184024	42	RESP=1
13191399	42	STIM=t
13194920	42	RESP=1
13209498	42	STIM=s
13217053	42	RESP=1
13226045	42	STIM=1
13229840	42	RESP=2
13243967	42	STIM=u
13247491	42	RESP=1
13259427	42	STIM=a
13263535	42	RESP=1
13278034	42	STIM=b
13286531	42	RESP=1
13295638	42	STIM=e
13301419	42	RESP=1
13313264	42	STIM=h
13327622	42	RESP=1
13329462	42	STIM=w
13332840	42	RESP=1
13346939	42	STIM=d
13355974	42	RESP=1
13362732	42	STIM=l
13368927	42	RESP=1
13380520	42	STIM=s
13383434	42	RESP=1
13397583	42	STIM=y
13403729	42	RESP=1
13415191	42	STIM=b
13418228	42	RESP=1
13432491	42	STIM=n
13436516	42	RESP=2
13448320	42	STIM=p
13454567	42	RESP=1
13465554	42	STIM=s
13473240	42	RESP=1
13482351	42	STIM=8
13494951	42	RESP=1
13498423	42	STIM=e
13501628	42	RESP=1
13514847	42	STIM=p
13522163	42	RESP=1
13530862	42	STIM=c
13535921	42	RESP=1
13549419	42	STIM=2
13555622	42	RESP=2
13566144	42	STIM=k
13570598	42	RESP=1
13582471	42	STIM=s
13588196	42	RESP=1
13600425	42	STIM=g
13604550	42	RESP=1
13616912	42	STIM=g
13621682	42	RESP=1
13632981	42	STIM=i
13640249	42	RESP=1
13651185	42	STIM=o
13656015	42	RESP=1
13669171	42	STIM=e
13675873	42	RESP=1
13684294	42	STIM=k
13689475	42	RESP=1
13700890	42	STIM=a
13704938	42	RESP=1
13719457	42	STIM=r
13724255	42	RESP=1
13737720	42	STIM=l
13746678	42	RESP=1
13754030	42	STIM=q
13758832	42	RESP=1
13771175	42	STIM=1
13779219	42	RESP=1
13787227	42	STIM=4
13796798	42	RESP=2
13804947	42	STIM=v
13811212	42	RESP=1
13823220	42	STIM=6
13828467	42	RESP=1
13838425	42	STIM=5
13849014	42	RESP=1
13857018	42	STIM=c
13862391	42	RESP=1
13874110	42	STIM=p
13878925	42	RESP=1
13892911	42	STIM=v
13896433	42	RESP=1
13910884	42	STIM=b
13916736	42	RESP=1
13926543	42	STIM=e
13931711	42	RESP=1
13943709	42	STIM=n
13951074	42	RESP=1
13960953	42	STIM=d
13968955	42	RESP=1
13978315	42	STIM=e
13983970	42	RESP=1
13996424	42	STIM=p
14003577	42	RESP=1
14011911	42	STIM=o
14017522	42	RESP=1
14030576	42	STIM=d
14038405	42	RESP=1
14048158	42	STIM=q
14055497	42	RESP=1
14063626	42	STIM=1
14069686	42	RESP=2
14081808	42	STIM=v
14086004	42	RESP=2
14097043	42	STIM=a
14101066	42	RESP=1
14113817	42	STIM=d
14118267	42	RESP=1
14131546	42	STIM=l
14138066	42	RESP=1
14148046	42	STIM=z
14155148	42	RESP=1
14165656	42	STIM=x
14170338	42	RESP=1
14183377	42	STIM=8
14190699	42	RESP=2
14200720	42	STIM=g
14204079	42	RESP=1
14215844	42	STIM=o
14221897	42	RESP=1
14234294	42	STIM=o
14240765	42	RESP=1
14249386	42	STIM=6
14254635	42	RESP=2
14267147	42	STIM=e
14271668	42	RESP=1
14284872	42	STIM=k
14290672	42	RESP=1
14300580	42	STIM=2
14309731	42	RESP=2
14318204	42	STIM=o
14328996	42	RESP=2
14333962	42	STIM=m
14343892	42	RESP=2
14352849	42	STIM=r
14357618	42	RESP=1
14371571	42	STIM=y
14380860	42	RESP=1
14389099	42	STIM=m
14393751	42	RESP=1
14404992	42	STIM=n
14408007	42	RESP=1
14422575	42	STIM=u
14427189	42	RESP=1
14441291	42	STIM=8
14447460	42	RESP=1
14458841	42	STIM=x
14462842	42	RESP=1
14475301	42	STIM=g
14479003	42	RESP=1
14490783	42	STIM=w
14496088	42	RESP=1
14508658	42	STIM=x
14516771	42	RESP=1
14527298	42	STIM=r
14530230	42	RESP=1
14544371	42	STIM=z
14550044	42	RESP=1
14561839	42	STIM=s
14566739	42	RESP=1
14579401	42	STIM=f
14583439	42	RESP=1
14595895	42	STIM=6
14601320	42	RESP=2
14614417	42	STIM=c
14619644	42	RESP=1
14631539	42	STIM=3
14638205	42	RESP=2
14647830	42	STIM=r
14657708	42	RESP=1
14666015	42	STIM=n
14671277	42	RESP=1
14683628	42	STIM=w
14687133	42	RESP=1
14701104	42	STIM=l
14706786	42	RESP=1
14716947	42	STIM=g
14724236	42	RESP=1
14735002	42	STIM=t
14740136	42	RESP=1
14752847	42	STIM=j
14757850	42	RESP=1
14769064	42	STIM=q
14774126	42	RESP=1
14785818	42	STIM=p
14789085	42	RESP=1
14801034	42	STIM=c
14806219	42	RESP=1
14819289	42	STIM=i
14822586	42	RESP=1
14835514	42	STIM=z
14839830	42	RESP=1
14853689	42	STIM=h
14862041	42	RESP=1
14870411	42	STIM=6
14881368	42	RESP=2
14886825	42	STIM=o
14893038	42	RESP=1
14902074	42	STIM=n
14907691	42	RESP=1
14918951	42	STIM=x
14927093	42	RESP=1
14937548	42	STIM=l
14940692	42	RESP=1
14953989	42	STIM=h
14963784	42	RESP=1
14969305	42	STIM=d
14974708	42	RESP=1
14986814	42	STIM=s
14991873	42	RESP=1
15004449	42	STIM=p
15013369	42	RESP=1
15022761	42	STIM=d
15029558	42	RESP=1
15038422	42	STIM=9
15042346	42	RESP=1
15056466	42	STIM=i
15062108	42	RESP=1
15074628	42	STIM=9
15082298	42	RESP=2
15091845	42	STIM=0
15098411	42	RESP=2
15110052	42	STIM=w
15112847	42	RESP=1
15128075	42	STIM=l
15138365	42	RESP=1
15145186	42	STIM=o
15149923	42	RESP=2
15160874	42	STIM=a
15167321	42	RESP=1
15176921	42	STIM=v
15185329	42	RESP=1
15194687	42	STIM=t
15201338	42	RESP=1
15211027	42	STIM=v
15217136	42	RESP=1
15227787	42	STIM=d
15236501	42	RESP=1
15244400	42	STIM=v
15252574	42	RESP=1
15259433	42	STIM=t
15266958	42	RESP=1
15276845	42	STIM=1
15287453	42	RESP=1
15294568	42	STIM=m
15299421	42	RESP=1
15309667	42	STIM=x
15312556	42	RESP=1
15327282	42	STIM=6
15331560	42	RESP=2
15345602	42	STIM=b
15350300	42	RESP=1
15364583	42	STIM=v
15369825	42	RESP=1
15379989	42	STIM=u
15385725	42	RESP=1
15395941	42	STIM=z
15401262	42	RESP=1
15412307	42	STIM=r
15422029	42	RESP=1
15429533	42	STIM=b
15436924	42	RESP=1
15445812	42	STIM=i
15451611	42	RESP=1
15464244	42	STIM=e
15469608	42	RESP=1
15480754	42	STIM=n
15488558	42	RESP=1
15496728	42	STIM=4
15501873	42	RESP=2
15514585	42	STIM=g
15521088	42	RESP=1
15531594	42	STIM=t
15535712	42	RESP=1
15547079	42	STIM=n
15550876	42	RESP=1
15562665	42	STIM=z
15565512	42	RESP=1
15578341	42	STIM=j
15588292	42	RESP=2
15595403	42	STIM=y
15600425	42	RESP=1
15612581	42	STIM=j
15618039	42	RESP=1
15631090	42	STIM=x
15634296	42	RESP=1
15647969	42	STIM=b
15651631	42	RESP=1
15666690	42	STIM=e
15673331	42	RESP=1
15684943	42	STIM=b
15694366	42	RESP=1
15701033	42	STIM=u
15705605	42	RESP=1
15718484	42	STIM=e
15723203	42	RESP=1
15737429	42	STIM=z
15743332	42	RESP=2
15752564	42	STIM=x
15755868	42	RESP=1
15769787	42	STIM=b
15775190	42	RESP=1
15785079	42	STIM=k
15790450	42	RESP=1
15802559	42	STIM=0
15812126	42	RESP=2
15818764	42	STIM=x
15825582	42	RESP=1
15834415	42	STIM=p
15838916	42	RESP=1
15850397	42	STIM=w
15856650	42	RESP=1
15865455	42	STIM=w
15871012	42	RESP=1
15882435	42	STIM=d
15885629	42	RESP=1
15899692	42	STIM=c
15903153	42	RESP=1
15914965	42	STIM=j
15920499	42	RESP=1
15933368	42	STIM=7
15938293	42	RESP=2
15948774	42	STIM=s
15956500	42	RESP=1
15965299	42	STIM=5
15971663	42	RESP=2
15980427	42	STIM=6
15985672	42	RESP=2
15996587	42	STIM=e
16000763	42	RESP=1
16013343	42	STIM=p
16020012	42	RESP=1
16032323	42	STIM=z
16038157	42	RESP=1
16048656	42	STIM=f
16055533	42	RESP=1
16065360	42	STIM=q
16074440	42	RESP=1
16082911	42	STIM=r
16095350	42	RESP=1
16099519	42	STIM=n
16105248	42	RESP=2
16115256	42	STIM=5
16120750	42	RESP=2
16132177	42	STIM=4
16139467	42	RESP=2
16148608	42	STIM=a
16155371	42	RESP=1
16166418	42	STIM=m
16171638	42	RESP=1
16182798	42	STIM=w
16186138	42	RESP=1
16198420	42	STIM=a
16211915	42	RESP=2
16216849	42	STIM=z
16224913	42	RESP=1
16235821	42	STIM=y
16240054	42	RESP=1
16252522	42	STIM=f
16258247	42	RESP=1
16269173	42	STIM=e
16273842	42	RESP=1
16288078	42	STIM=w
16294535	42	RESP=1
16304407	42	STIM=4
16309048	42	RESP=1
16320094	42	STIM=o
16327266	42	RESP=1
16336572	42	STIM=u
16340927	42	RESP=1
16353447	42	STIM=w
16362153	42	RESP=1
16370684	42	STIM=i
16374563	42	RESP=1
16388255	42	STIM=t
16396860	42	RESP=1
16406994	42	STIM=o
16413928	42	RESP=1
16422523	42	STIM=w
16426261	42	RESP=1
16439495	42	STIM=s
16444106	42	RESP=1
16457328	42	STIM=q
16463294	42	RESP=1
16472583	42	STIM=u
16476212	42	RESP=1
16490399	42	STIM=1
16498569	42	RESP=2
16507703	42	STIM=w
16512864	42	RESP=1
16524445	42	STIM=t
16530110	42	RESP=1
16541726	42	STIM=n
16544724	42	RESP=1
16558262	42	STIM=4
16562633	42	RESP=2
16576732	42	STIM=f
16583927	42	RESP=1
16595636	42	STIM=x
16603157	42	RESP=1
16611262	42	STIM=w
16617145	42	RESP=1
16629925	42	STIM=u
16637043	42	RESP=1
16647656	42	STIM=w
16650705	42	RESP=1
16666060	42	STIM=l
16674781	42	RESP=1
16683059	42	STIM=6
16691078	42	RESP=2
16700216	42	STIM=i
16710314	42	RESP=1
16716560	42	STIM=u
16720501	42	RESP=1
16731857	42	STIM=l
16735229	42	RESP=1
16749964	42	STIM=a
16752966	42	RESP=1
16767297	42	STIM=3
16773334	42	RESP=2
16785731	42	STIM=x
16789602	42	RESP=1
16802370	42	STIM=s
16810383	42	RESP=1
16818971	42	STIM=k
16824093	42	RESP=1
16835018	42	STIM=q
16840773	42	RESP=1
16852153	42	STIM=n
16859734	42	RESP=1
16870803	42	STIM=6
16880393	42	RESP=2
16887002	42	STIM=a
16893603	42	RESP=1
16905761	42	STIM=t
16910315	42	RESP=1
16923540	42	STIM=s
16928413	42	RESP=1
16940034	42	STIM=a
16946748	42	RESP=1
16957736	42	STIM=u
16964546	42	RESP=1
16976674	42	STIM=p
16983057	42	RESP=1
16992563	42	STIM=l
16996010	42	RESP=1
17008555	42	STIM=0
17013699	42	RESP=2
17024017	42	STIM=v
17031079	42	RESP=1
17039937	42	STIM=m
17045572	42	RESP=1
17056950	42	STIM=g
17070848	42	RESP=1
17073421	42	STIM=a
17080045	42	RESP=1
17090716	42	STIM=j
17095481	42	RESP=1
17108116	42	STIM=1
17115378	42	RESP=2
17125179	42	STIM=u
17129208	42	RESP=2
17141431	42	STIM=o
17144424	42	RESP=1
17156472	42	STIM=r
17160506	42	RESP=1
17174810	42	STIM=q
17177952	42	RESP=1
17190238	42	STIM=e
17195326	42	RESP=1
17206317	42	STIM=v
17212254	42	RESP=1
17222693	42	STIM=h
17229078	42	RESP=1
17238474	42	STIM=j
17245770	42	RESP=1
17256753	42	STIM=r
17261588	42	RESP=1
17273829	42	STIM=4
17280172	42	RESP=2
17289740	42	STIM=9
17293700	42	RESP=2
17308126	42	STIM=m
17313145	42	RESP=1
17326602	42	STIM=g
17331394	42	RESP=1
17345456	42	STIM=f
17351569	42	RESP=1
17364119	42	STIM=v
17370501	42	RESP=1
17382961	42	STIM=m
17393475	42	RESP=1
17399476	42	STIM=r
17405124	42	RESP=1
17416542	42	STIM=j
17422445	42	RESP=1
17433298	42	STIM=a
17440625	42	RESP=1
17448551	42	STIM=o
17452147	42	RESP=1
17464648	42	STIM=3
17472275	42	RESP=2
17481347	42	STIM=e
17484797	42	RESP=1
17496840	42	STIM=m
17502284	42	RESP=1
17515378	42	STIM=h
17526090	42	RESP=1
17531606	42	STIM=8
17539307	42	RESP=2
17548746	42	STIM=a
17553022	42	RESP=1
17566129	42	STIM=s
17573073	42	RESP=1
17584049	42	STIM=y
17587880	42	RESP=1
17601677	42	STIM=f
17610709	42	RESP=1
17620148	42	STIM=b
17624628	42	RESP=1
17635176	42	STIM=7
17644658	42	RESP=2
17652868	42	STIM=m
17661999	42	RESP=1
17670742	42	STIM=6
17677548	42	RESP=2
17686288	42	STIM=1
17690688	42	RESP=2
17704054	42	STIM=b
17707024	42	RESP=1
17720698	42	STIM=n
17725720	42	RESP=1
17735994	42	STIM=1
17743558	42	RESP=1
17752710	42	STIM=c
17759672	42	RESP=1
17771599	42	STIM=v
17778638	42	RESP=1
17787027	42	STIM=u
17792522	42	RESP=1
17805587	42	STIM=6
17810503	42	RESP=2
17821194	42	STIM=c
17829375	42	RESP=1
17836351	42	STIM=t
17843176	42	RESP=1
17852993	42	STIM=h
17859516	42	RESP=1
17868985	42	STIM=a
17874113	42	RESP=1
17886990	42	STIM=e
17892050	42	RESP=1
17905540	42	STIM=s
17915293	42	RESP=1
17921874	42	STIM=1
17926874	42	RESP=2
17940254	42	STIM=5
17949298	42	RESP=2
17957655	42	STIM=v
17962874	42	RESP=1
17973295	42	STIM=w
17977058	42	RESP=1
17988577	42	STIM=n
17993283	42	RESP=1
18004920	42	STIM=g
18008378	42	RESP=1
18023210	42	STIM=w
18031164	42	RESP=1
18039510	42	STIM=t
18045649	42	RESP=1
18056302	42	STIM=4
18061339	42	RESP=2
18071694	42	STIM=q
18077544	42	RESP=1
18090398	42	STIM=w
18094717	42	RESP=1
18109124	42	STIM=k
18113673	42	RESP=1
18126406	42	STIM=v
18132162	42	RESP=1
18145071	42	STIM=k
18150281	42	RESP=1
18160383	42	STIM=t
18164642	42	RESP=1
18177231	42	STIM=p
18183430	42	RESP=2
18193585	42	STIM=h
18197754	42	RESP=1
18209717	42	STIM=j
18214053	42	RESP=1
18228603	42	STIM=q
18234077	42	RESP=1
18247169	42	STIM=l
18254114	42	RESP=1
18262759	42	STIM=n
18268859	42	RESP=1
18279546	42	STIM=c
18284923	42	RESP=1
18294818	42	STIM=l
18299250	42	RESP=1
18310443	42	STIM=s
18313885	42	RESP=1
18327499	42	STIM=z
18331693	42	RESP=1
18343250	42	STIM=j
18351498	42	RESP=1
18358690	42	STIM=r
18367834	42	RESP=2
18374095	42	STIM=2
18382638	42	RESP=2
18392147	42	STIM=9
18397026	42	RESP=2
18409599	42	STIM=o
18421188	42	RESP=1
18426558	42	STIM=d
18431284	42	RESP=1
18441589	42	STIM=h
18448483	42	RESP=1
18459767	42	STIM=g
18467964	42	RESP=1
18476015	42	STIM=x
18482806	42	RESP=1
18492333	42	STIM=m
18496526	42	RESP=1
18510250	42	STIM=c
18513535	42	RESP=1
18528563	42	STIM=i
18537203	42	RESP=1
18547248	42	STIM=k
18552328	42	RESP=1
18564960	42	STIM=n
18569420	42	RESP=1
18581694	42	STIM=2
18585705	42	RESP=2
18600601	42	STIM=x
18605518	42	RESP=1
18619331	42	STIM=l
18624484	42	RESP=1
18634671	42	STIM=1
18639698	42	RESP=2
18653545	42	STIM=z
18658945	42	RESP=1
18670499	42	STIM=m
18675742	42	RESP=1
18686441	42	STIM=u
18690932	42	RESP=1
18703324	42	STIM=h
18710764	42	RESP=1
18720424	42	STIM=u
18729388	42	RESP=1
18737388	42	STIM=v
18740506	42	RESP=2
18754630	42	STIM=t
18760046	42	RESP=1
18771733	42	STIM=b
18778264	42	RESP=1
18787161	42	STIM=x
18793274	42	RESP=1
18802839	42	STIM=f
18812766	42	RESP=1
18821359	42	STIM=6
18827536	42	RESP=2
18837650	42	STIM=3
18845035	42	RESP=2
18855222	42	STIM=6
18863477	42	RESP=1
18873481	42	STIM=h
18879218	42	RESP=1
18891145	42	STIM=2
18897059	42	RESP=2
18909179	42	STIM=p
18912448	42	RESP=1
18927709	42	STIM=l
18932222	42	RESP=1
18946663	42	STIM=4
18954587	42	RESP=2
18964107	42	STIM=w
18968595	42	RESP=1
18981808	42	STIM=l
18988777	42	RESP=1
18999644	42	STIM=t
19004545	42	RESP=1
19017393	42	STIM=l
19025246	42	RESP=1
19034759	42	STIM=4
19038421	42	RESP=2
19051124	42	STIM=w
19057824	42	RESP=1
19068835	42	STIM=n
19074630	42	RESP=1
19086687	42	STIM=y
19091715	42	RESP=1
19103404	42	STIM=w
19106838	42	RESP=1
19121030	42	STIM=3
19132431	42	RESP=1
19138089	42	STIM=x
19144613	42	RESP=1
19155255	42	STIM=f
19159078	42	RESP=1
19172691	42	STIM=b
19178603	42	RESP=1
19189380	42	STIM=e
19195055	42	RESP=1
19207416	42	STIM=y
19214339	42	RESP=1
19223899	42	STIM=1
19233795	42	RESP=2
19241035	42	STIM=d
19246602	42	RESP=1
19257070	42	STIM=j
19267317	42	RESP=1
19275288	42	STIM=z
19279844	42	RESP=2
19290376	42	STIM=d
19294233	42	RESP=1
19306699	42	STIM=e
19314848	42	RESP=1
19322278	42	STIM=k
19326903	42	RESP=1
19339401	42	STIM=c
19347712	42	RESP=1
19355241	42	STIM=5
19362646	42	RESP=2
19372171	42	STIM=g
19380982	42	RESP=1
19388337	42	STIM=d
19393166	42	RESP=2
19404683	42	STIM=g
19409389	42	RESP=1
19419881	42	STIM=o
19424183	42	RESP=1
19437237	42	STIM=c
19445307	42	RESP=1
19452502	42	STIM=u
19458188	42	RESP=1
19469585	42	STIM=m
19473466	42	RESP=1
19484621	42	STIM=y
19492000	42	RESP=1
19502609	42	STIM=i
19509356	42	RESP=1
19520934	42	STIM=5
19525690	42	RESP=2
19536691	42	STIM=v
19542593	42	RESP=1
19555653	42	STIM=o
19568359	42	RESP=1
19573107	42	STIM=h
19579406	42	RESP=1
19590671	42	STIM=q
19596051	42	RESP=1
19608283	42	STIM=d
19616021	42	RESP=1
19624966	42	STIM=7
19629126	42	RESP=2
19640889	42	STIM=4
19646691	42	RESP=2
19657887	42	STIM=j
19662172	42	RESP=1
19674492	42	STIM=z
19679438	42	RESP=1
19693097	42	STIM=f
19696780	42	RESP=1
19710844	42	STIM=z
19716853	42	RESP=1
19729498	42	STIM=n
19735700	42	RESP=2
19746751	42	STIM=e
19752723	42	RESP=2
19765386	42	STIM=t
19770872	42	RESP=1
19781342	42	STIM=a
19787957	42	RESP=2
19797489	42	STIM=1
19808778	42	RESP=2
19815829	42	STIM=m
19822666	42	RESP=1
19832557	42	STIM=h
19837678	42	RESP=1
19849547	42	STIM=t
19858038	42	RESP=1
19868366	42	STIM=f
19872553	42	RESP=1
19886165	42	STIM=o
19892457	42	RESP=1
19903374	42	STIM=r
19909575	42	RESP=1
19921808	42	STIM=v
19928343	42	RESP=1
19939339	42	STIM=b
19944853	42	RESP=1
19956144	42	STIM=8
19962796	42	RESP=2
19972910	42	STIM=o
19977064	42	RESP=2
19989740	42	STIM=f
19994451	42	RESP=1
20008204	42	STIM=9
20014956	42	RESP=1
20026708	42	STIM=t
20032174	42	RESP=1
20042451	42	STIM=l
20048557	42	RESP=1
20060613	42	STIM=j
20065846	42	RESP=1
20077284	42	STIM=t
20083009	42	RESP=1
20094450	42	STIM=f
20099272	42	RESP=1
20112381	42	STIM=r
20116270	42	RESP=1
20128725	42	STIM=k
20137537	42	RESP=1
20144426	42	STIM=c
20147647	42	RESP=1
20162080	42	STIM=d
20168410	42	RESP=1
20179722	42	STIM=h
20194210	42	RESP=1
20196795	42	STIM=3
20204093	42	RESP=1
20213057	42	STIM=h
20220224	42	RESP=1
20230010	42	STIM=m
20234132	42	RESP=1
20246148	42	STIM=n
20251558	42	RESP=1
20264096	42	STIM=9
20269270	42	RESP=2
20279297	42	STIM=q
20282467	42	RESP=1
20295989	42	STIM=n
20301796	42	RESP=1
20312104	42	STIM=l
20317574	42	RESP=1
20328714	42	STIM=p
20333675	42	RESP=1
20344748	42	STIM=0
20353657	42	RESP=2
20361682	42	STIM=y
20370042	42	RESP=1
20379611	42	STIM=e
20383403	42	RESP=1
20395722	42	STIM=2
20399757	42	RESP=1
20413797	42	STIM=w
20417867	42	RESP=1
20429859	42	STIM=h
20436917	42	RESP=1
20445589	42	STIM=6
20454309	42	RESP=2
20462948	42	STIM=k
20471712	42	RESP=1
20478089	42	STIM=4
20483020	42	RESP=1
20496031	42	STIM=q
20502403	42	RESP=1
20513019	42	STIM=h
20518083	42	RESP=2
20529570	42	STIM=5
20535840	42	RESP=2
20545470	42	STIM=t
20551835	42	RESP=1
20562147	42	STIM=7
20567038	42	RESP=2
20580638	42	STIM=a
20585192	42	RESP=1
20599577	42	STIM=s
20603698	42	RESP=1
20617347	42	STIM=d
20622828	42	RESP=1
20632375	42	STIM=4
20639365	42	RESP=2
20648230	42	STIM=c
20653013	42	RESP=1
20664836	42	STIM=m
20668730	42	RESP=1
20681230	42	STIM=i
20691995	42	RESP=1
20697037	42	STIM=8
20703197	42	RESP=2
20714837	42	STIM=3
20721504	42	RESP=2
20730684	42	STIM=v
20735187	42	RESP=2
20749512	42	STIM=1
20756985	42	RESP=2
20764547	42	STIM=3
20770723	42	RESP=1
20782822	42	STIM=5
20787660	42	RESP=2
20797911	42	STIM=5
20803337	42	RESP=2
20816194	42	STIM=v
20821725	42	RESP=1
20833178	42	STIM=c
20837231	42	RESP=1
20849246	42	STIM=c
20854620	42	RESP=1
20866754	42	STIM=w
20876414	42	RESP=1
20883068	42	STIM=s
20892864	42	RESP=1
20900626	42	STIM=h
20904510	42	RESP=1
20919360	42	STIM=j
20924569	42	RESP=1
20937086	42	STIM=k
20942240	42	RESP=1
20952944	42	STIM=4
20961439	42	RESP=2
20971104	42	STIM=u
20976241	42	RESP=1
20988253	42	STIM=u
20993732	42	RESP=1
21004585	42	STIM=r
21012962	42	RESP=1
21020283	42	STIM=p
21025704	42	RESP=1
21036217	42	STIM=0
21042956	42	RESP=2
21053490	42	STIM=l
21057508	42	RESP=1
21068934	42	STIM=r
21072448	42	RESP=1
21086552	42	STIM=d
21095456	42	RESP=2
21101598	42	STIM=a
21110426	42	RESP=1
21117842	42	STIM=b
21121192	42	RESP=1
21133509	42	STIM=k
21137491	42	RESP=1
21150434	42	STIM=s
21156007	42	RESP=1
21165498	42	STIM=2
21170218	42	RESP=2
21184196	42	STIM=l
21187730	42	RESP=1
21200268	42	STIM=2
21204875	42	RESP=2
21216392	42	STIM=j
21225068	42	RESP=1
21233602	42	STIM=g
21238228	42	RESP=1
21250498	42	STIM=v
21255116	42	RESP=1
21269462	42	STIM=7
21276474	42	RESP=2
21286309	42	STIM=v
21289931	42	RESP=1
21304032	42	STIM=p
21308872	42	RESP=1
21319983	42	STIM=l
21322814	42	RESP=1
21336811	42	STIM=s
21342323	42	RESP=1
21352775	42	STIM=f
21363249	42	RESP=1
21371420	42	STIM=w
21375945	42	RESP=2
21387611	42	STIM=w
21397204	42	RESP=1
21403145	42	STIM=q
21408052	42	RESP=1
21421779	42	STIM=o
21428181	42	RESP=1
21437839	42	STIM=k
21445026	42	RESP=1
21453312	42	STIM=z
21457517	42	RESP=1
21468472	42	STIM=y
21472069	42	RESP=1
21486201	42	STIM=b
21491649	42	RESP=1
21501316	42	STIM=x
21511836	42	RESP=1
21518110	42	STIM=2
21525398	42	RESP=2
21533939	42	STIM=r
21537640	42	RESP=1
21552046	42	STIM=q
21558673	42	RESP=1
21568821	42	STIM=7
21576210	42	RESP=2
21587509	42	STIM=z
21591337	42	RESP=2
21606171	42	STIM=w
21610102	42	RESP=2
21625054	42	STIM=c
21631018	42	RESP=2
21640967	42	STIM=8
21647811	42	RESP=2
21656447	42	STIM=g
21662931	42	RESP=1
21673580	42	STIM=j
21681925	42	RESP=2
21690734	42	STIM=4
21699913	42	RESP=1
21709362	42	STIM=l
21712721	42	RESP=1
21725484	42	STIM=t
21729566	42	RESP=1
21740960	42	STIM=l
21744335	42	RESP=1
21758831	42	STIM=5
21766002	42	RESP=2
21777559	42	STIM=u
21786000	42	RESP=1
