# Original filename: 0046_XGB_2016-11-10.log
# Time unit: 100 us
# RARECAT=digit
#
# Time	HHGG	Event
28558	42	STIM=k
33281	42	RESP=1
43686	42	STIM=f
49103	42	RESP=1
61074	42	STIM=2
66747	42	RESP=2
77691	42	STIM=u
80673	42	RESP=1
95323	42	STIM=1
100016	42	RESP=2
110568	42	STIM=t
115486	42	RESP=1
125903	42	STIM=n
129350	42	RESP=1
143568	42	STIM=n
149117	42	RESP=1
159498	42	STIM=s
163099	42	RESP=1
177465	42	STIM=j
180529	42	RESP=1
196044	42	STIM=w
203499	42	RESP=1
214976	42	STIM=3
219505	42	RESP=2
231822	42	STIM=1
240768	42	RESP=2
247516	42	STIM=t
251695	42	RESP=2
263988	42	STIM=s
268166	42	RESP=1
282365	42	STIM=i
291087	42	RESP=1
298938	42	STIM=8
304065	42	RESP=2
317139	42	STIM=a
321546	42	RESP=1
332909	42	STIM=h
336824	42	RESP=1
349132	42	STIM=o
353785	42	RESP=1
364840	42	STIM=k
370900	42	RESP=1
380085	42	STIM=6
387179	42	RESP=2
395742	42	STIM=4
403793	42	RESP=2
412827	42	STIM=f
416182	42	RESP=1
429573	42	STIM=j
434186	42	RESP=1
448330	42	STIM=4
452705	42	RESP=2
465628	42	STIM=g
469432	42	RESP=1
483003	42	STIM=n
486297	42	RESP=1
499298	42	STIM=b
505085	42	RESP=1
515971	42	STIM=x
520217	42	RESP=1
531908	42	STIM=k
535586	42	RESP=1
548252	42	STIM=m
554181	42	RESP=1
565005	42	STIM=8
573036	42	RESP=2
583495	42	STIM=9
588966	42	RESP=2
601126	42	STIM=k
604316	42	RESP=1
618108	42	STIM=q
621732	42	RESP=1
635893	42	STIM=o
639348	42	RESP=1
653947	42	STIM=j
657116	42	RESP=1
672034	42	STIM=z
679355	42	RESP=1
687708	42	STIM=y
691147	42	RESP=1
705138	42	STIM=m
711532	42	RESP=1
721575	42	STIM=f
725865	42	RESP=1
736639	42	STIM=v
739546	42	RESP=1
755134	42	STIM=s
758913	42	RESP=1
772732	42	STIM=n
775866	42	RESP=1
788125	42	STIM=z
795030	42	RESP=1
806233	42	STIM=n
811271	42	RESP=1
824705	42	STIM=y
827845	42	RESP=1
843357	42	STIM=h
847150	42	RESP=1
859130	42	STIM=3
863484	42	RESP=2
875028	42	STIM=2
882280	42	RESP=2
891925	42	STIM=l
895073	42	RESP=1
907362	42	STIM=z
913535	42	RESP=1
925427	42	STIM=k
930021	42	RESP=1
943711	42	STIM=e
951536	42	RESP=1
962610	42	STIM=v
966810	42	RESP=1
980125	42	STIM=w
985324	42	RESP=1
997835	42	STIM=n
1006438	42	RESP=1
1016228	42	STIM=h
1021033	42	RESP=1
1031285	42	STIM=3
1036919	42	RESP=2
1046300	42	STIM=5
1053144	42	RESP=1
1064234	42	STIM=u
1071483	42	RESP=1
1081544	42	STIM=j
1085531	42	RESP=1
1099370	42	STIM=h
1105644	42	RESP=1
1115545	42	STIM=i
1118923	42	RESP=1
1132464	42	STIM=c
1137081	42	RESP=1
1148287	42	STIM=o
1151977	42	RESP=1
1164276	42	STIM=i
1170980	42	RESP=1
1183247	42	STIM=b
1187391	42	RESP=1
1202066	42	STIM=5
1210281	42	RESP=2
1220893	42	STIM=8
1225430	42	RESP=2
1238918	42	STIM=u
1244212	42	RESP=2
1256135	42	STIM=2
1264271	42	RESP=2
1271184	42	STIM=j
1277912	42	RESP=1
1288576	42	STIM=z
1291785	42	RESP=1
1304481	42	STIM=7
1310104	42	RESP=2
1322461	42	STIM=y
1327567	42	RESP=1
1340224	42	STIM=s
1344273	42	RESP=1
1358586	42	STIM=3
1363461	42	RESP=2
1377141	42	STIM=x
1379846	42	RESP=1
1394485	42	STIM=l
1397250	42	RESP=1
1413354	42	STIM=d
1416523	42	RESP=1
1431941	42	STIM=l
1438318	42	RESP=1
1449142	42	STIM=i
1456039	42	RESP=1
1465485	42	STIM=2
1469937	42	RESP=2
1481988	42	STIM=e
1487410	42	RESP=1
1497907	42	STIM=h
1505427	42	RESP=1
1515234	42	STIM=k
1519033	42	RESP=1
1530311	42	STIM=v
1535142	42	RESP=1
1547213	42	STIM=s
1551509	42	RESP=1
1562547	42	STIM=f
1570393	42	RESP=1
1579079	42	STIM=o
1582915	42	RESP=1
1596680	42	STIM=1
1601089	42	RESP=2
1614193	42	STIM=v
1620858	42	RESP=1
1629343	42	STIM=d
1637282	42	RESP=1
1646177	42	STIM=i
1653432	42	RESP=1
1664502	42	STIM=v
1670259	42	RESP=1
1680694	42	STIM=8
1685227	42	RESP=2
1697373	42	STIM=q
1702284	42	RESP=1
1712834	42	STIM=n
1717230	42	RESP=1
1729874	42	STIM=p
1736256	42	RESP=1
1748132	42	STIM=6
1755768	42	RESP=2
1765819	42	STIM=y
1770206	42	RESP=1
1784677	42	STIM=u
1789269	42	RESP=1
1803037	42	STIM=l
1809824	42	RESP=1
1819527	42	STIM=1
1823936	42	RESP=2
1836875	42	STIM=c
1840743	42	RESP=1
1853148	42	STIM=p
1858071	42	RESP=1
1870801	42	STIM=g
1876005	42	RESP=1
1887690	42	STIM=q
1892614	42	RESP=1
1906661	42	STIM=i
1912833	42	RESP=1
1925019	42	STIM=i
1928917	42	RESP=1
1941712	42	STIM=f
1947099	42	RESP=1
1956732	42	STIM=l
1961643	42	RESP=1
1974918	42	STIM=t
1979315	42	RESP=1
1992650	42	STIM=u
1998880	42	RESP=1
2011389	42	STIM=v
2018096	42	RESP=1
2029703	42	STIM=4
2038857	42	RESP=2
2044984	42	STIM=y
2048093	42	RESP=1
2061456	42	STIM=4
2066412	42	RESP=2
2077577	42	STIM=r
2086724	42	RESP=1
2094739	42	STIM=x
2105386	42	RESP=1
2113008	42	STIM=2
2116628	42	RESP=1
2128629	42	STIM=s
2133581	42	RESP=1
2145219	42	STIM=k
2151625	42	RESP=1
2160573	42	STIM=n
2164754	42	RESP=1
2178653	42	STIM=k
2182548	42	RESP=1
2193953	42	STIM=f
2198365	42	RESP=1
2212781	42	STIM=k
2219678	42	RESP=1
2229897	42	STIM=o
2234527	42	RESP=1
2246058	42	STIM=1
2250852	42	RESP=2
2263690	42	STIM=y
2268117	42	RESP=1
2281747	42	STIM=k
2292568	42	RESP=1
2298237	42	STIM=k
2301744	42	RESP=1
2316340	42	STIM=7
2320158	42	RESP=2
2332435	42	STIM=8
2336824	42	RESP=1
2350101	42	STIM=n
2353638	42	RESP=1
2365797	42	STIM=b
2373820	42	RESP=1
2380870	42	STIM=w
2384267	42	RESP=1
2397105	42	STIM=x
2406486	42	RESP=1
2412105	42	STIM=d
2420001	42	RESP=1
2428743	42	STIM=e
2435090	42	RESP=1
2445002	42	STIM=0
2448995	42	RESP=2
2462603	42	STIM=7
2469414	42	RESP=2
2477851	42	STIM=y
2485383	42	RESP=1
2495454	42	STIM=i
2500968	42	RESP=1
2513359	42	STIM=l
2518185	42	RESP=1
2530654	42	STIM=c
2534152	42	RESP=1
2548250	42	STIM=o
2552300	42	RESP=1
2565231	42	STIM=h
2569236	42	RESP=1
2582104	42	STIM=7
2587531	42	RESP=2
2597339	42	STIM=a
2601777	42	RESP=1
2614113	42	STIM=a
2617785	42	RESP=1
2629904	42	STIM=x
2637682	42	RESP=1
2647610	42	STIM=d
2651880	42	RESP=2
2666146	42	STIM=p
2670960	42	RESP=1
2681270	42	STIM=v
2687878	42	RESP=1
2698772	42	STIM=p
2703664	42	RESP=1
2717212	42	STIM=x
2720025	42	RESP=1
2733368	42	STIM=u
2742773	42	RESP=1
2748416	42	STIM=j
2752325	42	RESP=1
2765465	42	STIM=i
2768937	42	RESP=1
2783575	42	STIM=l
2787725	42	RESP=1
2799265	42	STIM=j
2805041	42	RESP=1
2814693	42	STIM=x
2820924	42	RESP=1
2829933	42	STIM=7
2834386	42	RESP=2
2845648	42	STIM=7
2851427	42	RESP=2
2861403	42	STIM=u
2865342	42	RESP=1
2876483	42	STIM=n
2879277	42	RESP=1
2892683	42	STIM=y
2898133	42	RESP=1
2910083	42	STIM=t
2914051	42	RESP=1
2925984	42	STIM=n
2929467	42	RESP=1
2944135	42	STIM=n
2951458	42	RESP=1
2961068	42	STIM=h
2969271	42	RESP=2
2977456	42	STIM=3
2981812	42	RESP=2
2996138	42	STIM=i
3002691	42	RESP=1
3011475	42	STIM=d
3016613	42	RESP=2
3029140	42	STIM=p
3035197	42	RESP=1
3045667	42	STIM=f
3051554	42	RESP=1
3064652	42	STIM=n
3068065	42	RESP=1
3080379	42	STIM=z
3085663	42	RESP=1
3096929	42	STIM=g
3101691	42	RESP=1
3114641	42	STIM=i
3121501	42	RESP=1
3132462	42	STIM=3
3137011	42	RESP=2
3148285	42	STIM=y
3152805	42	RESP=1
3166913	42	STIM=b
3173002	42	RESP=1
3184902	42	STIM=p
3190566	42	RESP=1
3201069	42	STIM=c
3207061	42	RESP=1
3216502	42	STIM=1
3220949	42	RESP=2
3234723	42	STIM=r
3239336	42	RESP=1
3252347	42	STIM=v
3255913	42	RESP=1
3267833	42	STIM=c
3273229	42	RESP=1
3285721	42	STIM=a
3292908	42	RESP=1
3301235	42	STIM=8
3306107	42	RESP=1
3319839	42	STIM=n
3323737	42	RESP=2
3335251	42	STIM=k
3340122	42	RESP=1
3350286	42	STIM=j
3353763	42	RESP=1
3367938	42	STIM=k
3374398	42	RESP=1
3384213	42	STIM=1
3391640	42	RESP=2
3402441	42	STIM=k
3405877	42	RESP=1
3418482	42	STIM=t
3422706	42	RESP=1
3433661	42	STIM=v
3436584	42	RESP=1
3452383	42	STIM=n
3459890	42	RESP=1
3467847	42	STIM=8
3472587	42	RESP=2
3485698	42	STIM=q
3489001	42	RESP=2
3502220	42	STIM=2
3507075	42	RESP=2
3517672	42	STIM=l
3525434	42	RESP=1
3534257	42	STIM=c
3538813	42	RESP=1
3550036	42	STIM=n
3552611	42	RESP=1
3565144	42	STIM=w
3568181	42	RESP=1
3581781	42	STIM=k
3587153	42	RESP=1
3598581	42	STIM=f
3601806	42	RESP=1
3615805	42	STIM=o
3621033	42	RESP=1
3634119	42	STIM=g
3642280	42	RESP=1
3650577	42	STIM=l
3654167	42	RESP=1
3666718	42	STIM=h
3674281	42	RESP=1
3684472	42	STIM=g
3687127	42	RESP=1
3700424	42	STIM=u
3715650	42	RESP=1
3715750	42	STIM=b
3721553	42	RESP=1
3732419	42	STIM=c
3739571	42	RESP=1
3749450	42	STIM=a
3752790	42	RESP=1
3767539	42	STIM=f
3772807	42	RESP=1
3783986	42	STIM=z
3788614	42	RESP=1
3801448	42	STIM=o
3806502	42	RESP=1
3819557	42	STIM=h
3827052	42	RESP=1
3834880	42	STIM=h
3839217	42	RESP=2
3853391	42	STIM=1
3859190	42	RESP=2
3871512	42	STIM=o
3876965	42	RESP=1
3890449	42	STIM=i
3894182	42	RESP=1
3908891	42	STIM=p
3912887	42	RESP=1
3927122	42	STIM=2
3932337	42	RESP=2
3943101	42	STIM=m
3948283	42	RESP=1
3958113	42	STIM=z
3962510	42	RESP=1
3973530	42	STIM=j
3978024	42	RESP=1
3990139	42	STIM=b
3996381	42	RESP=1
4006009	42	STIM=g
4009657	42	RESP=1
4022321	42	STIM=6
4026198	42	RESP=2
4040853	42	STIM=n
4044948	42	RESP=1
4059567	42	STIM=l
4064965	42	RESP=1
4077655	42	STIM=c
4082987	42	RESP=1
4095998	42	STIM=h
4105525	42	RESP=1
4112830	42	STIM=j
4115792	42	RESP=1
4130723	42	STIM=c
4133726	42	RESP=1
4147779	42	STIM=a
4151561	42	RESP=1
4165309	42	STIM=v
4168993	42	RESP=1
4181080	42	STIM=t
4187711	42	RESP=1
4196263	42	STIM=5
4205381	42	RESP=2
4213346	42	STIM=e
4220685	42	RESP=1
4229909	42	STIM=t
4234631	42	RESP=1
4246415	42	STIM=b
4251982	42	RESP=1
4263487	42	STIM=w
4269202	42	RESP=1
4280241	42	STIM=z
4283768	42	RESP=2
4295545	42	STIM=z
4300536	42	RESP=1
4311317	42	STIM=m
4315204	42	RESP=1
4328600	42	STIM=t
4336580	42	RESP=1
4344764	42	STIM=5
4349025	42	RESP=2
4361937	42	STIM=d
4366042	42	RESP=1
4378840	42	STIM=9
4384583	42	RESP=2
4396392	42	STIM=u
4399286	42	RESP=1
4411651	42	STIM=m
4415415	42	RESP=1
4427264	42	STIM=u
4431327	42	RESP=1
4445185	42	STIM=d
4448303	42	RESP=1
4463993	42	STIM=4
4471051	42	RESP=2
4479418	42	STIM=p
4482510	42	RESP=1
4495709	42	STIM=w
4499241	42	RESP=1
4514430	42	STIM=j
4518008	42	RESP=1
4530182	42	STIM=s
4536124	42	RESP=1
4548670	42	STIM=h
4553135	42	RESP=1
4566583	42	STIM=j
4570202	42	RESP=1
4582315	42	STIM=a
4586884	42	RESP=1
4597606	42	STIM=x
4606069	42	RESP=2
4615525	42	STIM=8
4619881	42	RESP=2
4631603	42	STIM=7
4637001	42	RESP=2
4650267	42	STIM=2
4654786	42	RESP=1
4668637	42	STIM=m
4673147	42	RESP=1
4687266	42	STIM=c
4690684	42	RESP=1
4704577	42	STIM=z
4707544	42	RESP=1
4722647	42	STIM=w
4728402	42	RESP=1
4739947	42	STIM=1
4745605	42	RESP=2
4758178	42	STIM=c
4762980	42	RESP=1
4773609	42	STIM=q
4779998	42	RESP=1
4790484	42	STIM=m
4796039	42	RESP=1
4806318	42	STIM=z
4809349	42	RESP=1
4823971	42	STIM=q
4827433	42	RESP=1
4840336	42	STIM=m
4845887	42	RESP=1
4855408	42	STIM=s
4860813	42	RESP=1
4870710	42	STIM=v
4876670	42	RESP=1
4886054	42	STIM=z
4889332	42	RESP=1
4902633	42	STIM=b
4907671	42	RESP=1
4920057	42	STIM=l
4925324	42	RESP=1
4935646	42	STIM=b
4943292	42	RESP=1
4951270	42	STIM=k
4956388	42	RESP=1
4966294	42	STIM=n
4971485	42	RESP=1
4981870	42	STIM=q
4985677	42	RESP=1
4999307	42	STIM=4
5004588	42	RESP=1
5016377	42	STIM=5
5025040	42	RESP=2
5033842	42	STIM=w
5039599	42	RESP=1
5052426	42	STIM=p
5057705	42	RESP=1
5068816	42	STIM=j
5072596	42	RESP=1
5083920	42	STIM=s
5087573	42	RESP=1
5102480	42	STIM=q
5106201	42	RESP=1
5121152	42	STIM=6
5126712	42	RESP=2
5138707	42	STIM=m
5142180	42	RESP=1
5153901	42	STIM=8
5158538	42	RESP=2
5170636	42	STIM=a
5174082	42	RESP=1
5189343	42	STIM=u
5195436	42	RESP=1
5205134	42	STIM=1
5210790	42	RESP=2
5220378	42	STIM=q
5225862	42	RESP=1
5235981	42	STIM=z
5242311	42	RESP=2
5251793	42	STIM=n
5256265	42	RESP=1
5270585	42	STIM=9
5274933	42	RESP=2
5286392	42	STIM=t
5290711	42	RESP=1
5303867	42	STIM=s
5307648	42	RESP=1
5321379	42	STIM=q
5327515	42	RESP=1
5339956	42	STIM=w
5344848	42	RESP=1
5354990	42	STIM=j
5358740	42	RESP=1
5372883	42	STIM=w
5377595	42	RESP=2
5389512	42	STIM=w
5394668	42	RESP=1
5407879	42	STIM=c
5411160	42	RESP=1
5426489	42	STIM=1
5430671	42	RESP=1
5443848	42	STIM=t
5452742	42	RESP=1
5462597	42	STIM=j
5466130	42	RESP=1
5478564	42	STIM=7
5486164	42	RESP=2
5497030	42	STIM=v
5506967	42	RESP=1
5513331	42	STIM=v
5518422	42	RESP=1
5531167	42	STIM=o
5535986	42	RESP=1
5547411	42	STIM=b
5552000	42	RESP=1
5564560	42	STIM=4
5569254	42	RESP=2
5582048	42	STIM=0
5586157	42	RESP=2
5598130	42	STIM=f
5603276	42	RESP=1
5615296	42	STIM=p
5620299	42	RESP=1
5632831	42	STIM=k
5636850	42	RESP=1
5651553	42	STIM=w
5655915	42	RESP=1
5668345	42	STIM=x
5671976	42	RESP=1
5685618	42	STIM=z
5688349	42	RESP=1
5702158	42	STIM=2
5715322	42	RESP=2
5718275	42	STIM=x
5721956	42	RESP=1
5735828	42	STIM=f
5739842	42	RESP=1
5753133	42	STIM=b
5757263	42	RESP=1
5770376	42	STIM=2
5776544	42	RESP=1
5787429	42	STIM=z
5794960	42	RESP=1
5802936	42	STIM=8
5809692	42	RESP=2
5818386	42	STIM=w
5825080	42	RESP=1
5833932	42	STIM=j
5837331	42	RESP=1
5850883	42	STIM=s
5856737	42	RESP=1
5866744	42	STIM=u
5871483	42	RESP=1
5883301	42	STIM=i
5887445	42	RESP=1
5900026	42	STIM=k
5906956	42	RESP=1
5915269	42	STIM=0
5918818	42	RESP=2
5931255	42	STIM=h
5934128	42	RESP=1
5949186	42	STIM=a
5952927	42	RESP=1
5967274	42	STIM=n
5971056	42	RESP=1
5983955	42	STIM=i
5989980	42	RESP=1
6001619	42	STIM=b
6005639	42	RESP=1
6017740	42	STIM=n
6021357	42	RESP=1
6033444	42	STIM=f
6038112	42	RESP=1
6049963	42	STIM=5
6053976	42	RESP=1
6068375	42	STIM=x
6072714	42	RESP=1
6083811	42	STIM=m
6088133	42	RESP=1
6099597	42	STIM=6
6105766	42	RESP=2
6117598	42	STIM=k
6120237	42	RESP=1
6134253	42	STIM=c
6141749	42	RESP=1
6152904	42	STIM=2
6157816	42	RESP=2
6169754	42	STIM=8
6174419	42	RESP=2
6188302	42	STIM=u
6192037	42	RESP=1
6205497	42	STIM=d
6208712	42	RESP=1
6222903	42	STIM=4
6226570	42	RESP=2
6238750	42	STIM=k
6243089	42	RESP=1
6255810	42	STIM=d
6259033	42	RESP=1
6271782	42	STIM=p
6274647	42	RESP=1
6288649	42	STIM=p
6291919	42	RESP=1
6304184	42	STIM=t
6308236	42	RESP=1
6321743	42	STIM=4
6328057	42	RESP=2
6339429	42	STIM=d
6343123	42	RESP=1
6357719	42	STIM=x
6368620	42	RESP=2
6373746	42	STIM=t
6377489	42	RESP=1
6390559	42	STIM=2
6396328	42	RESP=2
6406075	42	STIM=f
6411016	42	RESP=1
6423879	42	STIM=0
6429676	42	RESP=2
6442310	42	STIM=s
6445660	42	RESP=1
6458239	42	STIM=p
6464231	42	RESP=1
6476652	42	STIM=f
6480179	42	RESP=1
6492247	42	STIM=s
6495649	42	RESP=1
6508374	42	STIM=p
6516497	42	RESP=1
6525518	42	STIM=k
6529467	42	RESP=1
6541553	42	STIM=i
6546603	42	RESP=1
6558749	42	STIM=u
6562289	42	RESP=1
6575220	42	STIM=c
6579016	42	RESP=1
6590909	42	STIM=j
6600514	42	RESP=1
6608788	42	STIM=g
6611561	42	RESP=1
6623838	42	STIM=d
6626635	42	RESP=1
6641167	42	STIM=i
6644975	42	RESP=1
6656812	42	STIM=c
6661307	42	RESP=1
6674012	42	STIM=2
6679703	42	RESP=2
6692399	42	STIM=j
6698794	42	RESP=1
6709913	42	STIM=u
6713848	42	RESP=1
6725080	42	STIM=l
6731391	42	RESP=1
6741629	42	STIM=m
6746103	42	RESP=1
6758020	42	STIM=k
6761580	42	RESP=1
6776189	42	STIM=h
6786732	42	RESP=1
6794023	42	STIM=b
6799083	42	RESP=1
6811980	42	STIM=b
6815529	42	RESP=2
6827931	42	STIM=x
6833666	42	RESP=1
6844532	42	STIM=h
6852401	42	RESP=1
6862192	42	STIM=8
6866730	42	RESP=1
6880075	42	STIM=8
6886322	42	RESP=2
6896854	42	STIM=d
6900277	42	RESP=1
6914410	42	STIM=n
6918947	42	RESP=1
6930799	42	STIM=b
6934404	42	RESP=1
6948954	42	STIM=8
6956769	42	RESP=2
6967252	42	STIM=u
6970262	42	RESP=1
6982300	42	STIM=b
6986700	42	RESP=1
6999507	42	STIM=d
7003220	42	RESP=1
7015318	42	STIM=w
7018640	42	RESP=1
7032602	42	STIM=4
7036952	42	RESP=2
7051135	42	STIM=o
7054308	42	RESP=1
7069225	42	STIM=h
7073426	42	RESP=1
7084569	42	STIM=m
7090494	42	RESP=1
7103306	42	STIM=s
7106948	42	RESP=1
7121883	42	STIM=s
7126351	42	RESP=1
7138764	42	STIM=8
7142864	42	RESP=2
7153956	42	STIM=2
7158614	42	RESP=1
7170397	42	STIM=6
7177990	42	RESP=2
7185672	42	STIM=4
7191171	42	RESP=2
7201207	42	STIM=u
7206539	42	RESP=1
7219117	42	STIM=s
7222289	42	RESP=1
7236356	42	STIM=2
7241692	42	RESP=2
7253723	42	STIM=c
7258246	42	RESP=1
7270032	42	STIM=f
7276130	42	RESP=1
7285163	42	STIM=f
7290730	42	RESP=1
7302640	42	STIM=n
7307262	42	RESP=1
7318986	42	STIM=y
7321751	42	RESP=1
7337049	42	STIM=r
7340664	42	RESP=1
7355560	42	STIM=g
7360782	42	RESP=1
7374482	42	STIM=q
7382499	42	RESP=1
7391274	42	STIM=t
7398914	42	RESP=2
7408652	42	STIM=c
7411781	42	RESP=1
7424948	42	STIM=p
7432397	42	RESP=1
7441886	42	STIM=n
7446085	42	RESP=1
7460312	42	STIM=0
7464896	42	RESP=2
7476787	42	STIM=u
7480941	42	RESP=1
7495042	42	STIM=x
7502946	42	RESP=1
7511529	42	STIM=b
7514874	42	RESP=1
7530460	42	STIM=o
7535230	42	RESP=1
7546373	42	STIM=f
7555600	42	RESP=1
7562703	42	STIM=s
7565661	42	RESP=1
7580549	42	STIM=7
7590891	42	RESP=2
7597555	42	STIM=k
7600039	42	RESP=1
7615586	42	STIM=4
7619129	42	RESP=2
7630861	42	STIM=v
7634249	42	RESP=1
7646222	42	STIM=s
7649431	42	RESP=1
7663907	42	STIM=7
7668507	42	RESP=2
7680559	42	STIM=m
7685459	42	RESP=1
7696478	42	STIM=a
7703703	42	RESP=1
7712297	42	STIM=h
7718534	42	RESP=1
7729633	42	STIM=y
7733948	42	RESP=1
7747615	42	STIM=d
7753878	42	RESP=1
7765148	42	STIM=5
7769343	42	RESP=2
7782678	42	STIM=e
7787358	42	RESP=1
7797830	42	STIM=u
7802579	42	RESP=2
7813551	42	STIM=9
7821087	42	RESP=2
7831075	42	STIM=7
7840028	42	RESP=1
7847696	42	STIM=l
7851584	42	RESP=1
7864918	42	STIM=o
7868165	42	RESP=1
7880186	42	STIM=y
7884248	42	RESP=1
7896857	42	STIM=l
7901877	42	RESP=1
7912729	42	STIM=d
7915878	42	RESP=1
7928527	42	STIM=9
7936779	42	RESP=2
7946405	42	STIM=f
7949314	42	RESP=1
7962594	42	STIM=6
7967892	42	RESP=2
7978732	42	STIM=1
7982895	42	RESP=2
7997701	42	STIM=k
8001306	42	RESP=1
8012768	42	STIM=w
8018477	42	RESP=1
8030546	42	STIM=p
8034333	42	RESP=2
8045805	42	STIM=c
8050417	42	RESP=1
8062275	42	STIM=7
8066898	42	RESP=2
8079520	42	STIM=s
8083449	42	RESP=1
8096243	42	STIM=p
8098852	42	RESP=2
8112357	42	STIM=o
8116756	42	RESP=1
8131260	42	STIM=x
8135652	42	RESP=1
8148063	42	STIM=8
8153732	42	RESP=2
8165600	42	STIM=2
8170095	42	RESP=2
8182066	42	STIM=e
8187083	42	RESP=1
8199532	42	STIM=8
8209694	42	RESP=2
8217269	42	STIM=y
8225050	42	RESP=1
8233356	42	STIM=k
8237591	42	RESP=1
8249223	42	STIM=m
8257162	42	RESP=1
8265835	42	STIM=x
8270520	42	RESP=1
8283145	42	STIM=o
8286804	42	RESP=1
8300676	42	STIM=v
8305365	42	RESP=1
8317695	42	STIM=8
8323138	42	RESP=2
8333911	42	STIM=9
8337837	42	RESP=1
8349398	42	STIM=k
8355487	42	RESP=1
8366427	42	STIM=5
8372144	42	RESP=2
8385150	42	STIM=z
8390198	42	RESP=1
8403335	42	STIM=5
8411664	42	RESP=1
8419458	42	STIM=5
8426456	42	RESP=2
8438204	42	STIM=k
8441680	42	RESP=1
8456283	42	STIM=c
8459578	42	RESP=1
8475068	42	STIM=6
8482394	42	RESP=2
8493451	42	STIM=d
8498749	42	RESP=1
8510792	42	STIM=v
8517712	42	RESP=1
8525827	42	STIM=1
8529562	42	RESP=2
8544358	42	STIM=l
8550585	42	RESP=1
8560233	42	STIM=s
8568147	42	RESP=1
8578409	42	STIM=z
8584875	42	RESP=1
8596481	42	STIM=y
8603370	42	RESP=1
8614212	42	STIM=z
8616748	42	RESP=1
8630305	42	STIM=k
8637740	42	RESP=1
8645936	42	STIM=t
8654115	42	RESP=1
8661137	42	STIM=x
8665519	42	RESP=1
8678374	42	STIM=9
8686026	42	RESP=2
8693724	42	STIM=u
8701251	42	RESP=1
8711372	42	STIM=s
8714243	42	RESP=1
8729301	42	STIM=h
8735021	42	RESP=1
8745515	42	STIM=s
8748398	42	RESP=1
8762367	42	STIM=s
8765452	42	RESP=1
8778787	42	STIM=3
8784499	42	RESP=2
8797226	42	STIM=g
8802562	42	RESP=1
8815872	42	STIM=0
8820122	42	RESP=2
8831934	42	STIM=t
8837405	42	RESP=1
8850602	42	STIM=d
8853771	42	RESP=1
8867735	42	STIM=l
8871783	42	RESP=1
8884998	42	STIM=3
8891184	42	RESP=2
8900813	42	STIM=v
8905117	42	RESP=1
8918617	42	STIM=c
8926082	42	RESP=1
8936406	42	STIM=k
8942546	42	RESP=1
8954298	42	STIM=k
8957198	42	RESP=1
8972825	42	STIM=l
8977923	42	RESP=1
8988961	42	STIM=a
8993626	42	RESP=1
9007322	42	STIM=i
9016757	42	RESP=1
9025110	42	STIM=c
9029762	42	RESP=1
9041145	42	STIM=d
9046333	42	RESP=1
9060080	42	STIM=y
9063188	42	RESP=1
9077414	42	STIM=9
9082290	42	RESP=1
9094965	42	STIM=o
9097917	42	RESP=1
9112678	42	STIM=b
9117962	42	RESP=1
9131451	42	STIM=v
9135987	42	RESP=1
9149503	42	STIM=s
9152043	42	RESP=1
9167722	42	STIM=d
9173721	42	RESP=1
9183835	42	STIM=a
9186876	42	RESP=1
9201710	42	STIM=7
9208659	42	RESP=1
9220060	42	STIM=f
9226249	42	RESP=1
9236131	42	STIM=d
9240793	42	RESP=1
9251688	42	STIM=s
9255322	42	RESP=1
9268550	42	STIM=t
9273121	42	RESP=1
9287320	42	STIM=u
9293454	42	RESP=1
9302962	42	STIM=y
9307849	42	RESP=1
9321880	42	STIM=i
9326125	42	RESP=1
9340266	42	STIM=b
9345348	42	RESP=1
9355996	42	STIM=b
9361440	42	RESP=1
9371316	42	STIM=s
9376441	42	RESP=1
9387192	42	STIM=d
9393556	42	RESP=1
9405717	42	STIM=f
9409355	42	RESP=1
9422622	42	STIM=p
9428542	42	RESP=1
9439545	42	STIM=f
9443290	42	RESP=1
9455445	42	STIM=q
9458711	42	RESP=1
9473512	42	STIM=y
9483204	42	RESP=1
9490594	42	STIM=g
9497479	42	RESP=1
9507997	42	STIM=7
9511215	42	RESP=2
9524555	42	STIM=7
9531963	42	RESP=2
9540075	42	STIM=9
9543722	42	RESP=2
9557009	42	STIM=q
9564609	42	RESP=1
9574566	42	STIM=w
9584820	42	RESP=1
9590040	42	STIM=w
9596873	42	RESP=1
9605304	42	STIM=m
9609895	42	RESP=1
9622735	42	STIM=h
9626716	42	RESP=1
9638337	42	STIM=f
9642606	42	RESP=1
9654892	42	STIM=v
9658443	42	RESP=1
9673310	42	STIM=c
9678295	42	RESP=1
9690276	42	STIM=z
9698672	42	RESP=1
9706253	42	STIM=9
9709827	42	RESP=2
9721696	42	STIM=o
9725844	42	RESP=1
9739183	42	STIM=j
9742642	42	RESP=1
9756116	42	STIM=f
9760464	42	RESP=1
9773870	42	STIM=e
9776943	42	RESP=1
9791273	42	STIM=r
9794342	42	RESP=1
9809068	42	STIM=c
9811696	42	RESP=1
9827009	42	STIM=c
9833059	42	RESP=1
9844864	42	STIM=5
9850757	42	RESP=2
9863402	42	STIM=7
9868482	42	RESP=2
9878526	42	STIM=i
9881700	42	RESP=1
9896221	42	STIM=y
9900143	42	RESP=1
9913606	42	STIM=q
9920347	42	RESP=1
9930152	42	STIM=6
9934278	42	RESP=1
9949141	42	STIM=d
9953250	42	RESP=1
9965899	42	STIM=5
9970891	42	RESP=2
9982731	42	STIM=3
9986283	42	RESP=2
10000143	42	STIM=o
10003119	42	RESP=1
10017218	42	STIM=b
10021665	42	RESP=1
10032989	42	STIM=4
10040596	42	RESP=1
10050885	42	STIM=7
10056947	42	RESP=2
10067033	42	STIM=r
10072949	42	RESP=1
10082194	42	STIM=d
10086106	42	RESP=1
10100791	42	STIM=8
10107790	42	RESP=2
10119382	42	STIM=d
10125713	42	RESP=1
10138286	42	STIM=p
10142112	42	RESP=1
10156020	42	STIM=c
10161987	42	RESP=1
10174473	42	STIM=z
10180089	42	RESP=1
10192451	42	STIM=d
10196374	42	RESP=1
10210642	42	STIM=r
10214981	42	RESP=1
10227680	42	STIM=q
10232611	42	RESP=2
10245291	42	STIM=r
10248047	42	RESP=1
10260755	42	STIM=p
10267324	42	RESP=1
10278994	42	STIM=c
10287746	42	RESP=1
10294614	42	STIM=0
10301022	42	RESP=2
10312847	42	STIM=i
10316283	42	RESP=1
10330075	42	STIM=s
10338608	42	RESP=1
10347711	42	STIM=l
10351079	42	RESP=1
10364322	42	STIM=n
10368476	42	RESP=1
10380004	42	STIM=r
10384773	42	RESP=1
10397017	42	STIM=z
10403048	42	RESP=1
10412893	42	STIM=0
10419549	42	RESP=2
10430384	42	STIM=g
10432950	42	RESP=1
10449332	42	STIM=9
10452397	42	RESP=2
10464469	42	STIM=g
10470292	42	RESP=1
10479870	42	STIM=e
10488129	42	RESP=1
10496813	42	STIM=o
10502191	42	RESP=1
10515535	42	STIM=7
10522182	42	RESP=2
10533937	42	STIM=j
10540065	42	RESP=1
10550684	42	STIM=m
10553482	42	RESP=1
10567554	42	STIM=r
10570037	42	RESP=1
10586468	42	STIM=q
10589094	42	RESP=1
10603009	42	STIM=i
10607396	42	RESP=1
10621041	42	STIM=s
10627241	42	RESP=1
10639077	42	STIM=y
10644301	42	RESP=1
10655173	42	STIM=y
10661559	42	RESP=1
10671149	42	STIM=6
10679680	42	RESP=2
10690097	42	STIM=u
10692573	42	RESP=1
10707061	42	STIM=t
10711629	42	RESP=1
10724045	42	STIM=1
10728027	42	RESP=2
10742677	42	STIM=f
10748120	42	RESP=1
10758330	42	STIM=7
10766692	42	RESP=2
10775941	42	STIM=u
10779261	42	RESP=2
10791560	42	STIM=4
10798273	42	RESP=2
10810088	42	STIM=j
10813632	42	RESP=1
10826763	42	STIM=0
10833314	42	RESP=2
10842745	42	STIM=s
10846651	42	RESP=1
10859575	42	STIM=y
10867438	42	RESP=1
10875091	42	STIM=2
10880802	42	RESP=2
10892865	42	STIM=b
10895916	42	RESP=1
10908325	42	STIM=r
10912553	42	RESP=1
10925301	42	STIM=f
10929827	42	RESP=1
10941024	42	STIM=2
10948213	42	RESP=2
10957224	42	STIM=q
10963019	42	RESP=1
10974303	42	STIM=k
10977831	42	RESP=1
10990381	42	STIM=h
10996372	42	RESP=1
11008190	42	STIM=l
11012606	42	RESP=1
11025368	42	STIM=e
11034193	42	RESP=1
11040443	42	STIM=a
11043632	42	RESP=1
11059428	42	STIM=h
11062786	42	RESP=1
11075023	42	STIM=u
11079474	42	RESP=1
11091289	42	STIM=4
11100638	42	RESP=2
11109505	42	STIM=i
11113282	42	RESP=1
11124679	42	STIM=e
11128304	42	RESP=1
11141624	42	STIM=v
11145738	42	RESP=1
11156850	42	STIM=i
11161046	42	RESP=1
11174068	42	STIM=s
11178184	42	RESP=1
11190195	42	STIM=i
11197476	42	RESP=1
11206892	42	STIM=i
11211241	42	RESP=1
11223187	42	STIM=g
11226542	42	RESP=1
11240363	42	STIM=n
11246327	42	RESP=1
11258676	42	STIM=x
11262222	42	RESP=2
11277652	42	STIM=4
11281805	42	RESP=2
11296052	42	STIM=c
11300851	42	RESP=1
11313555	42	STIM=2
11319356	42	RESP=2
11332153	42	STIM=x
11336721	42	RESP=1
11350648	42	STIM=j
11359129	42	RESP=1
11366334	42	STIM=7
11370854	42	RESP=2
11383641	42	STIM=l
11388148	42	RESP=1
11399833	42	STIM=r
11403127	42	RESP=1
11415780	42	STIM=g
11418857	42	RESP=1
11434365	42	STIM=l
11439506	42	RESP=1
11450256	42	STIM=y
11455786	42	RESP=1
11466946	42	STIM=f
11469539	42	RESP=1
11483321	42	STIM=m
11487675	42	RESP=1
11501721	42	STIM=3
11508241	42	RESP=1
11520352	42	STIM=b
11525802	42	RESP=1
11536260	42	STIM=l
11541417	42	RESP=1
11551352	42	STIM=o
11554683	42	RESP=1
11568903	42	STIM=e
11573480	42	RESP=1
11586901	42	STIM=w
11593067	42	RESP=1
11603978	42	STIM=e
11609246	42	RESP=1
11619538	42	STIM=e
11626072	42	RESP=1
11634862	42	STIM=8
11641331	42	RESP=2
11650215	42	STIM=v
11656918	42	RESP=1
11668334	42	STIM=z
11673766	42	RESP=1
11687297	42	STIM=u
11690713	42	RESP=1
11705617	42	STIM=l
11711141	42	RESP=1
11722810	42	STIM=2
11729386	42	RESP=1
11739465	42	STIM=w
11745888	42	RESP=1
11757070	42	STIM=b
11762139	42	RESP=1
11773311	42	STIM=9
11778796	42	RESP=2
11790076	42	STIM=t
11795270	42	RESP=1
11807784	42	STIM=j
11811526	42	RESP=1
11824544	42	STIM=2
11828544	42	RESP=2
11840396	42	STIM=v
11845916	42	RESP=1
11856652	42	STIM=q
11860548	42	RESP=1
11873211	42	STIM=m
11877186	42	RESP=2
11890597	42	STIM=0
11897829	42	RESP=2
11909454	42	STIM=v
11912806	42	RESP=1
11928291	42	STIM=k
11931606	42	RESP=1
11945997	42	STIM=p
11952841	42	RESP=1
11963880	42	STIM=n
11968628	42	RESP=1
11981185	42	STIM=s
11984385	42	RESP=1
11998720	42	STIM=d
12003893	42	RESP=1
12017210	42	STIM=r
12022040	42	RESP=1
12033116	42	STIM=3
12042565	42	RESP=2
12050525	42	STIM=r
12053307	42	RESP=1
12069056	42	STIM=c
12073754	42	RESP=1
12085427	42	STIM=6
12091182	42	RESP=2
12104120	42	STIM=h
12107421	42	RESP=1
12119953	42	STIM=i
12124773	42	RESP=1
12135148	42	STIM=v
12138752	42	RESP=1
12153913	42	STIM=2
12158419	42	RESP=2
12170044	42	STIM=8
12175264	42	RESP=2
12187617	42	STIM=r
12193734	42	RESP=1
12206196	42	STIM=g
12209472	42	RESP=1
12222946	42	STIM=q
12226639	42	RESP=1
12241940	42	STIM=e
12247739	42	RESP=1
12259527	42	STIM=g
12263178	42	RESP=1
12277540	42	STIM=w
12282666	42	RESP=1
12294059	42	STIM=7
12298816	42	RESP=2
12310152	42	STIM=6
12318149	42	RESP=2
12327688	42	STIM=j
12334111	42	RESP=1
12345351	42	STIM=5
12348997	42	RESP=2
12364261	42	STIM=s
12367238	42	RESP=1
12380684	42	STIM=6
12386215	42	RESP=2
12397051	42	STIM=t
12402503	42	RESP=1
12413113	42	STIM=a
12416893	42	RESP=1
12428889	42	STIM=m
12434053	42	RESP=1
12446745	42	STIM=u
12449695	42	RESP=1
12465349	42	STIM=5
12470546	42	RESP=1
12483811	42	STIM=0
12490500	42	RESP=2
12499791	42	STIM=e
12506582	42	RESP=1
12518080	42	STIM=l
12526242	42	RESP=1
12534008	42	STIM=7
12544040	42	RESP=2
12550033	42	STIM=w
12554264	42	RESP=1
12568642	42	STIM=l
12571905	42	RESP=1
12586965	42	STIM=6
12594413	42	RESP=2
12604713	42	STIM=q
12608350	42	RESP=1
12622579	42	STIM=q
12627285	42	RESP=1
12639798	42	STIM=i
12647461	42	RESP=1
12656566	42	STIM=y
12662046	42	RESP=1
12675183	42	STIM=g
12683200	42	RESP=1
12691406	42	STIM=s
12695747	42	RESP=1
12707337	42	STIM=o
12711327	42	RESP=1
12725543	42	STIM=f
12728543	42	RESP=1
12740728	42	STIM=h
12744292	42	RESP=1
12757742	42	STIM=o
12763006	42	RESP=1
12776116	42	STIM=u
12785342	42	RESP=1
12794937	42	STIM=s
12799407	42	RESP=1
12810779	42	STIM=w
12815797	42	RESP=1
12826987	42	STIM=p
12836168	42	RESP=1
12842093	42	STIM=1
12846717	42	RESP=1
12858737	42	STIM=w
12861625	42	RESP=1
12874769	42	STIM=s
12878523	42	RESP=1
12891524	42	STIM=a
12900984	42	RESP=1
12909544	42	STIM=l
12914474	42	RESP=1
12927572	42	STIM=t
12930829	42	RESP=1
12943897	42	STIM=f
12947584	42	RESP=1
12961147	42	STIM=m
12968036	42	RESP=1
12976239	42	STIM=y
12979280	42	RESP=1
12994612	42	STIM=i
12999378	42	RESP=1
13011996	42	STIM=d
13015664	42	RESP=1
13028217	42	STIM=d
13037555	42	RESP=1
13043657	42	STIM=h
13049102	42	RESP=1
13059009	42	STIM=l
13062629	42	RESP=1
13074227	42	STIM=4
13078653	42	RESP=2
13089644	42	STIM=d
13094648	42	RESP=1
13107780	42	STIM=h
13114328	42	RESP=1
13122818	42	STIM=n
13127748	42	RESP=1
13141604	42	STIM=m
13146925	42	RESP=1
13160557	42	STIM=m
13165699	42	RESP=1
13175901	42	STIM=s
13179315	42	RESP=1
13192382	42	STIM=6
13197045	42	RESP=2
13210088	42	STIM=4
13215980	42	RESP=2
13225429	42	STIM=j
13231967	42	RESP=2
13244011	42	STIM=9
13248384	42	RESP=1
13261497	42	STIM=i
13267318	42	RESP=1
13278194	42	STIM=d
13281360	42	RESP=1
13293381	42	STIM=a
13300713	42	RESP=1
13309194	42	STIM=y
13313614	42	RESP=1
13325303	42	STIM=l
13331252	42	RESP=1
13341086	42	STIM=w
13349850	42	RESP=1
13357972	42	STIM=j
13362743	42	RESP=1
13376188	42	STIM=x
13379880	42	RESP=1
13391732	42	STIM=t
13398060	42	RESP=1
13409547	42	STIM=y
13413773	42	RESP=1
13427474	42	STIM=r
13430559	42	RESP=1
13444565	42	STIM=1
13450126	42	RESP=2
13463437	42	STIM=g
13465878	42	RESP=1
13480753	42	STIM=r
13485476	42	RESP=1
13497864	42	STIM=u
13501786	42	RESP=1
13515367	42	STIM=a
13520365	42	RESP=1
13533899	42	STIM=8
13537395	42	RESP=2
13549656	42	STIM=r
13554470	42	RESP=1
13567366	42	STIM=w
13570354	42	RESP=1
13584642	42	STIM=7
13589008	42	RESP=2
13600829	42	STIM=y
13608514	42	RESP=1
13619700	42	STIM=y
13625349	42	RESP=1
13634944	42	STIM=s
13643294	42	RESP=1
13652792	42	STIM=6
13657413	42	RESP=2
13668267	42	STIM=q
13673649	42	RESP=1
13685527	42	STIM=5
13693137	42	RESP=2
13701812	42	STIM=r
13705084	42	RESP=1
13720054	42	STIM=3
13723738	42	RESP=2
13737030	42	STIM=i
13741912	42	RESP=1
13753683	42	STIM=l
13758199	42	RESP=1
13769991	42	STIM=9
13774264	42	RESP=2
13788590	42	STIM=2
13793129	42	RESP=1
13805332	42	STIM=8
13810692	42	RESP=2
13823105	42	STIM=4
13828360	42	RESP=2
13839630	42	STIM=6
13845087	42	RESP=2
13858438	42	STIM=g
13862627	42	RESP=1
13875032	42	STIM=p
13879312	42	RESP=1
13890729	42	STIM=t
13895119	42	RESP=1
13906348	42	STIM=e
13916771	42	RESP=1
13923317	42	STIM=i
13928618	42	RESP=1
13939786	42	STIM=c
13943865	42	RESP=1
13957046	42	STIM=j
13960815	42	RESP=1
13975006	42	STIM=l
13977803	42	RESP=1
13990978	42	STIM=e
13996925	42	RESP=2
14006200	42	STIM=g
14010352	42	RESP=1
14024752	42	STIM=n
14028038	42	RESP=1
14041049	42	STIM=x
14045456	42	RESP=1
14056948	42	STIM=k
14060121	42	RESP=2
14074269	42	STIM=a
14078260	42	RESP=1
14092171	42	STIM=7
14100225	42	RESP=2
14110220	42	STIM=r
14112981	42	RESP=1
14126938	42	STIM=f
14134271	42	RESP=1
14142268	42	STIM=i
14145711	42	RESP=1
14161056	42	STIM=1
14165334	42	RESP=2
14178686	42	STIM=f
14186190	42	RESP=1
14194478	42	STIM=v
14199222	42	RESP=1
14212626	42	STIM=u
14217466	42	RESP=1
14230674	42	STIM=d
14235275	42	RESP=1
14247350	42	STIM=k
14253607	42	RESP=1
14262579	42	STIM=a
14265884	42	RESP=1
14279875	42	STIM=k
14286256	42	RESP=1
14295491	42	STIM=d
14299289	42	RESP=1
14313050	42	STIM=o
14316651	42	RESP=1
14328931	42	STIM=3
14332423	42	RESP=2
14346523	42	STIM=d
14351566	42	RESP=1
14364077	42	STIM=z
14370252	42	RESP=1
14382274	42	STIM=c
14386239	42	RESP=1
14401244	42	STIM=v
14406072	42	RESP=1
14416354	42	STIM=3
14420902	42	RESP=2
14434398	42	STIM=c
14439888	42	RESP=1
14452647	42	STIM=4
14456362	42	RESP=2
14467688	42	STIM=i
14476520	42	RESP=1
14485778	42	STIM=c
14490709	42	RESP=1
14504249	42	STIM=h
14510534	42	RESP=1
14522449	42	STIM=t
14527016	42	RESP=1
14539225	42	STIM=0
14542415	42	RESP=2
14556754	42	STIM=n
14562540	42	RESP=1
14573765	42	STIM=x
14583360	42	RESP=1
14592379	42	STIM=v
14596926	42	RESP=1
14607678	42	STIM=l
14612377	42	RESP=1
14624883	42	STIM=g
14627746	42	RESP=1
14643762	42	STIM=r
14646878	42	RESP=1
14661830	42	STIM=j
14666591	42	RESP=1
14679552	42	STIM=a
14683042	42	RESP=1
14695709	42	STIM=q
14700139	42	RESP=1
14713292	42	STIM=a
14717623	42	RESP=1
14729775	42	STIM=v
14734857	42	RESP=1
14747700	42	STIM=g
14756966	42	RESP=1
14766410	42	STIM=v
14770124	42	RESP=1
14784036	42	STIM=o
14791149	42	RESP=1
14802070	42	STIM=v
14806546	42	RESP=1
14820166	42	STIM=z
14824559	42	RESP=1
14837329	42	STIM=g
14843148	42	RESP=1
14855462	42	STIM=m
14860753	42	RESP=1
14874178	42	STIM=d
14879240	42	RESP=1
14892374	42	STIM=1
14900502	42	RESP=2
14910177	42	STIM=3
14915292	42	RESP=1
14927022	42	STIM=o
14938521	42	RESP=2
14944474	42	STIM=a
14948022	42	RESP=1
14959553	42	STIM=v
14965582	42	RESP=1
14975880	42	STIM=n
14980483	42	RESP=1
14993677	42	STIM=v
14996641	42	RESP=1
15011213	42	STIM=h
15016222	42	RESP=1
15029882	42	STIM=2
15036365	42	RESP=2
15045602	42	STIM=z
15050521	42	RESP=1
15061083	42	STIM=d
15065601	42	RESP=1
15077537	42	STIM=k
15084487	42	RESP=1
15092977	42	STIM=c
15100299	42	RESP=1
15109655	42	STIM=2
15116037	42	RESP=2
15125293	42	STIM=n
15128545	42	RESP=1
15143690	42	STIM=v
15149876	42	RESP=1
15162323	42	STIM=m
15172115	42	RESP=1
15178301	42	STIM=k
15183197	42	RESP=1
15196784	42	STIM=o
15200958	42	RESP=1
15215515	42	STIM=h
15222048	42	RESP=1
15233441	42	STIM=e
15240062	42	RESP=1
15252269	42	STIM=c
15256723	42	RESP=1
15267905	42	STIM=a
15272455	42	RESP=1
15285718	42	STIM=1
15292190	42	RESP=2
15304083	42	STIM=2
15307780	42	RESP=2
15322828	42	STIM=n
15330560	42	RESP=1
15340324	42	STIM=j
15345283	42	RESP=2
15356292	42	STIM=o
15360306	42	RESP=1
15373348	42	STIM=o
15378220	42	RESP=1
15389978	42	STIM=h
15395199	42	RESP=1
15405100	42	STIM=o
15409739	42	RESP=1
15423970	42	STIM=l
15428890	42	RESP=1
15441006	42	STIM=n
15445952	42	RESP=1
15459481	42	STIM=k
15465280	42	RESP=1
15476862	42	STIM=w
15480683	42	RESP=1
15492690	42	STIM=c
15498265	42	RESP=1
15509537	42	STIM=g
15514037	42	RESP=1
15525703	42	STIM=r
15532267	42	RESP=1
15543606	42	STIM=2
15551087	42	RESP=2
15562225	42	STIM=p
15565014	42	RESP=1
15578117	42	STIM=r
15582330	42	RESP=1
15594346	42	STIM=h
15598639	42	RESP=1
15610609	42	STIM=p
15613968	42	RESP=1
15628167	42	STIM=j
15631785	42	RESP=1
15644872	42	STIM=l
15649804	42	RESP=1
15662992	42	STIM=a
15667207	42	RESP=1
15681604	42	STIM=i
15687141	42	RESP=1
15698389	42	STIM=8
15702716	42	RESP=2
15714617	42	STIM=y
15718263	42	RESP=1
15731204	42	STIM=7
15735870	42	RESP=1
15749551	42	STIM=z
15755291	42	RESP=1
15768078	42	STIM=z
15772510	42	RESP=1
15785479	42	STIM=9
15790967	42	RESP=2
15803736	42	STIM=u
15816453	42	RESP=1
15822090	42	STIM=v
15826070	42	RESP=1
15837845	42	STIM=h
15840587	42	RESP=1
15853632	42	STIM=b
15856956	42	RESP=1
15870395	42	STIM=t
15874983	42	RESP=1
15886516	42	STIM=x
15894550	42	RESP=1
15902552	42	STIM=q
15908945	42	RESP=1
15918744	42	STIM=q
15926402	42	RESP=1
15934791	42	STIM=z
15938363	42	RESP=1
15952035	42	STIM=9
15956385	42	RESP=2
15969175	42	STIM=s
15973022	42	RESP=1
15987671	42	STIM=s
15995160	42	RESP=2
16006362	42	STIM=w
16011954	42	RESP=1
16022103	42	STIM=u
16026253	42	RESP=1
16037203	42	STIM=h
16043368	42	RESP=1
16054234	42	STIM=a
16060297	42	RESP=1
16071134	42	STIM=3
16076729	42	RESP=2
16086922	42	STIM=q
16095291	42	RESP=1
16105413	42	STIM=d
16109426	42	RESP=1
16123472	42	STIM=3
16128705	42	RESP=2
16142035	42	STIM=6
16146983	42	RESP=2
16160483	42	STIM=b
16166097	42	RESP=1
16175717	42	STIM=1
16180223	42	RESP=2
16191919	42	STIM=b
16196125	42	RESP=1
16210793	42	STIM=k
16215924	42	RESP=1
16227593	42	STIM=g
16232115	42	RESP=1
16246559	42	STIM=9
16252014	42	RESP=2
16263391	42	STIM=s
16266555	42	RESP=1
16281739	42	STIM=w
16285602	42	RESP=1
16300414	42	STIM=e
16306036	42	RESP=1
16315798	42	STIM=1
16319242	42	RESP=2
16333318	42	STIM=x
16337387	42	RESP=1
16350192	42	STIM=c
16354796	42	RESP=1
16368666	42	STIM=j
16372050	42	RESP=1
16387520	42	STIM=c
16394864	42	RESP=1
16404126	42	STIM=z
16409474	42	RESP=1
16419158	42	STIM=2
16424693	42	RESP=2
16436217	42	STIM=b
16440139	42	RESP=1
16454956	42	STIM=m
16460166	42	RESP=1
16472191	42	STIM=h
16474779	42	RESP=1
16487663	42	STIM=q
16492402	42	RESP=1
16505050	42	STIM=g
16513869	42	RESP=1
16523562	42	STIM=2
16527769	42	RESP=2
16541340	42	STIM=m
16547885	42	RESP=1
16558940	42	STIM=f
16562487	42	RESP=1
16575497	42	STIM=5
16579111	42	RESP=1
16591173	42	STIM=b
16594802	42	RESP=1
16609407	42	STIM=4
16616538	42	RESP=2
16626106	42	STIM=b
16629015	42	RESP=1
16644392	42	STIM=2
16650390	42	RESP=2
16663234	42	STIM=l
16666159	42	RESP=1
16680435	42	STIM=r
16685595	42	RESP=1
16697338	42	STIM=o
16700595	42	RESP=1
16715590	42	STIM=e
16724519	42	RESP=1
16730652	42	STIM=i
16734850	42	RESP=1
16748702	42	STIM=6
16755890	42	RESP=2
16766088	42	STIM=u
16772106	42	RESP=1
16783908	42	STIM=b
16789295	42	RESP=1
16801967	42	STIM=r
16805325	42	RESP=1
16820328	42	STIM=g
16824747	42	RESP=1
16835919	42	STIM=5
16840206	42	RESP=2
16853874	42	STIM=1
16857935	42	RESP=2
16871810	42	STIM=7
16882538	42	RESP=2
16890629	42	STIM=u
16898837	42	RESP=1
16907593	42	STIM=r
16912225	42	RESP=1
16925050	42	STIM=o
16928287	42	RESP=1
16941709	42	STIM=v
16948488	42	RESP=1
16957860	42	STIM=1
16963386	42	RESP=1
16974625	42	STIM=y
16979742	42	RESP=1
16990547	42	STIM=r
16994694	42	RESP=1
17007457	42	STIM=7
17011692	42	RESP=2
17023122	42	STIM=t
17026783	42	RESP=1
17042039	42	STIM=g
17048881	42	RESP=1
17059833	42	STIM=m
17074101	42	RESP=1
17076592	42	STIM=4
17083532	42	RESP=2
17093086	42	STIM=p
17095716	42	RESP=2
17108980	42	STIM=0
17115334	42	RESP=1
17127854	42	STIM=o
17136325	42	RESP=1
17144621	42	STIM=i
17151604	42	RESP=1
17159760	42	STIM=j
17162730	42	RESP=1
17177256	42	STIM=n
17180353	42	RESP=1
17192521	42	STIM=j
17198981	42	RESP=1
17208437	42	STIM=q
17213738	42	RESP=1
17225639	42	STIM=a
17230309	42	RESP=1
17241250	42	STIM=i
17245159	42	RESP=1
17256915	42	STIM=z
17261227	42	RESP=1
17273343	42	STIM=v
17279600	42	RESP=1
17288741	42	STIM=h
17292629	42	RESP=1
17307494	42	STIM=e
17312060	42	RESP=1
17324155	42	STIM=u
17329141	42	RESP=1
17342946	42	STIM=d
17346589	42	RESP=1
17358790	42	STIM=c
17363496	42	RESP=1
17375700	42	STIM=q
17379639	42	RESP=1
17391709	42	STIM=y
17399055	42	RESP=1
17407876	42	STIM=r
17414063	42	RESP=1
17423391	42	STIM=6
17427710	42	RESP=2
17438444	42	STIM=c
17440903	42	RESP=2
17456189	42	STIM=h
17461479	42	RESP=1
17472813	42	STIM=m
17475466	42	RESP=1
17491331	42	STIM=v
17499729	42	RESP=1
17506852	42	STIM=7
17512844	42	RESP=2
17524334	42	STIM=l
17528150	42	RESP=1
17541422	42	STIM=n
17545978	42	RESP=1
17557721	42	STIM=r
17561250	42	RESP=1
17574920	42	STIM=a
17580606	42	RESP=1
17592368	42	STIM=g
17596273	42	RESP=1
17611214	42	STIM=f
17614770	42	RESP=1
17630086	42	STIM=o
17636539	42	RESP=1
17648970	42	STIM=9
17652833	42	RESP=2
17665820	42	STIM=a
17668759	42	RESP=1
17681101	42	STIM=s
17684040	42	RESP=1
17699152	42	STIM=y
17704408	42	RESP=1
17715423	42	STIM=m
17720412	42	RESP=1
17732951	42	STIM=x
17737131	42	RESP=1
17751729	42	STIM=h
17759800	42	RESP=1
17768296	42	STIM=z
17773752	42	RESP=1
17785910	42	STIM=m
17789595	42	RESP=1
17803205	42	STIM=j
17806675	42	RESP=1
17820928	42	STIM=t
17824379	42	RESP=1
17837490	42	STIM=l
17841041	42	RESP=1
17853711	42	STIM=k
17858543	42	RESP=1
17872112	42	STIM=m
17875005	42	RESP=1
17890009	42	STIM=j
17894169	42	RESP=1
17905535	42	STIM=g
17910459	42	RESP=1
17921017	42	STIM=b
17927837	42	RESP=1
17937908	42	STIM=a
17941931	42	RESP=1
17953539	42	STIM=u
17959232	42	RESP=1
17969799	42	STIM=9
17976047	42	RESP=1
17984805	42	STIM=w
17988331	42	RESP=1
18001803	42	STIM=3
18009938	42	RESP=2
18020148	42	STIM=b
18027267	42	RESP=1
18036031	42	STIM=2
18041105	42	RESP=2
18054224	42	STIM=h
18060381	42	RESP=1
18071097	42	STIM=z
18075057	42	RESP=1
18089996	42	STIM=w
18092634	42	RESP=1
18107880	42	STIM=n
18111892	42	RESP=1
18124690	42	STIM=s
18128847	42	RESP=1
18140853	42	STIM=f
18148709	42	RESP=1
18158103	42	STIM=c
18162244	42	RESP=1
18176236	42	STIM=9
18180408	42	RESP=2
18193355	42	STIM=f
18198834	42	RESP=1
18210278	42	STIM=w
18215555	42	RESP=1
18228619	42	STIM=j
18235407	42	RESP=1
18244596	42	STIM=t
18248136	42	RESP=1
18262189	42	STIM=m
18270002	42	RESP=1
18278411	42	STIM=c
18285600	42	RESP=1
18294410	42	STIM=o
18301092	42	RESP=1
18312306	42	STIM=i
18315942	42	RESP=1
18330081	42	STIM=v
18334411	42	RESP=1
18345695	42	STIM=9
18352475	42	RESP=2
18361521	42	STIM=y
18364884	42	RESP=1
18378621	42	STIM=l
18381472	42	RESP=1
18395620	42	STIM=4
18402194	42	RESP=1
18411604	42	STIM=5
18417285	42	RESP=2
18426674	42	STIM=w
18434195	42	RESP=1
18445035	42	STIM=g
18450059	42	RESP=1
18462613	42	STIM=a
18466613	42	RESP=1
18477935	42	STIM=s
18480496	42	RESP=1
18493125	42	STIM=t
18496907	42	RESP=1
18509586	42	STIM=2
18513930	42	RESP=2
18526667	42	STIM=g
18531021	42	RESP=1
18542045	42	STIM=w
18546730	42	RESP=1
18558024	42	STIM=b
18563012	42	RESP=1
18576622	42	STIM=b
18581124	42	RESP=1
18592147	42	STIM=x
18595761	42	RESP=1
18610138	42	STIM=v
18615860	42	RESP=1
18628705	42	STIM=o
18632109	42	RESP=1
18644092	42	STIM=j
18650880	42	RESP=1
18660890	42	STIM=e
18664104	42	RESP=2
18679306	42	STIM=e
18685618	42	RESP=1
18696232	42	STIM=w
18701126	42	RESP=2
18714400	42	STIM=k
18717638	42	RESP=1
18732031	42	STIM=u
18736477	42	RESP=1
18750577	42	STIM=t
18754892	42	RESP=1
18767505	42	STIM=b
18770747	42	RESP=1
18783095	42	STIM=p
18790581	42	RESP=1
18798477	42	STIM=c
18806135	42	RESP=1
18817263	42	STIM=g
18825487	42	RESP=1
18835655	42	STIM=6
18839440	42	RESP=2
18852334	42	STIM=u
18857594	42	RESP=1
18868606	42	STIM=5
18875253	42	RESP=2
18886502	42	STIM=r
18889803	42	RESP=1
18903517	42	STIM=w
18907124	42	RESP=1
18921786	42	STIM=m
18924963	42	RESP=1
18937466	42	STIM=u
18943063	42	RESP=1
18955767	42	STIM=x
18959464	42	RESP=1
18970790	42	STIM=x
18973592	42	RESP=1
18986754	42	STIM=6
18992368	42	RESP=2
19001926	42	STIM=f
19005562	42	RESP=1
19019759	42	STIM=u
19023275	42	RESP=1
19037679	42	STIM=s
19041697	42	RESP=1
19055857	42	STIM=k
19060678	42	RESP=1
19073745	42	STIM=d
19076702	42	RESP=1
19088842	42	STIM=v
19093567	42	RESP=1
19106827	42	STIM=5
19111543	42	RESP=2
19122705	42	STIM=o
19126929	42	RESP=1
19140444	42	STIM=1
19144734	42	RESP=2
19158743	42	STIM=i
19163474	42	RESP=1
19174647	42	STIM=l
19177815	42	RESP=1
19193032	42	STIM=b
19198943	42	RESP=1
19210330	42	STIM=w
19216764	42	RESP=1
19229030	42	STIM=d
19232912	42	RESP=1
19244281	42	STIM=5
19249841	42	RESP=2
19260539	42	STIM=k
19264950	42	RESP=1
19275815	42	STIM=a
19280186	42	RESP=1
19292555	42	STIM=4
19304926	42	RESP=2
19307986	42	STIM=6
19313170	42	RESP=1
19326123	42	STIM=0
19329588	42	RESP=2
19342369	42	STIM=h
19346720	42	RESP=1
19359536	42	STIM=n
19365222	42	RESP=1
19377852	42	STIM=o
19381997	42	RESP=1
19392888	42	STIM=g
19396709	42	RESP=1
19408114	42	STIM=r
19412695	42	RESP=1
19424685	42	STIM=z
19428337	42	RESP=1
19439979	42	STIM=k
19444695	42	RESP=1
19456154	42	STIM=z
19460980	42	RESP=1
19474595	42	STIM=z
19478608	42	RESP=1
19491010	42	STIM=z
19495190	42	RESP=1
19508568	42	STIM=p
19513054	42	RESP=1
19526732	42	STIM=a
19531044	42	RESP=1
19541767	42	STIM=i
19544966	42	RESP=1
19560362	42	STIM=v
19567102	42	RESP=1
19576034	42	STIM=j
19580450	42	RESP=1
19594582	42	STIM=a
19599355	42	RESP=1
19611226	42	STIM=v
19613819	42	RESP=1
19626580	42	STIM=e
19630793	42	RESP=1
19643023	42	STIM=v
19647459	42	RESP=1
19660334	42	STIM=x
19664728	42	RESP=1
19678519	42	STIM=3
19684145	42	RESP=2
19697249	42	STIM=w
19702748	42	RESP=1
19712679	42	STIM=1
19716837	42	RESP=1
19727975	42	STIM=q
19732010	42	RESP=1
19745461	42	STIM=h
19751052	42	RESP=1
19760474	42	STIM=q
19764946	42	RESP=1
19778258	42	STIM=f
19785282	42	RESP=1
19795038	42	STIM=b
19799775	42	RESP=1
19812565	42	STIM=k
19816664	42	RESP=1
19828979	42	STIM=f
19837401	42	RESP=1
19845208	42	STIM=r
19851648	42	RESP=1
19863075	42	STIM=c
19873681	42	RESP=1
19881105	42	STIM=5
19887717	42	RESP=2
19897093	42	STIM=y
19903089	42	RESP=1
19915668	42	STIM=1
19920869	42	RESP=2
19933068	42	STIM=8
19938442	42	RESP=2
19951429	42	STIM=p
19958246	42	RESP=1
19969157	42	STIM=v
19972625	42	RESP=1
19985161	42	STIM=2
19988265	42	RESP=2
20001773	42	STIM=y
20006960	42	RESP=1
20018209	42	STIM=p
20023828	42	RESP=1
20035752	42	STIM=8
20042431	42	RESP=1
20054022	42	STIM=c
20057356	42	RESP=1
20071723	42	STIM=6
20075226	42	RESP=2
20090574	42	STIM=h
20101693	42	RESP=1
20106767	42	STIM=r
20111053	42	RESP=2
20122090	42	STIM=h
20126025	42	RESP=1
20138043	42	STIM=u
20141221	42	RESP=1
20153201	42	STIM=m
20159952	42	RESP=1
20171223	42	STIM=p
20175866	42	RESP=1
20187638	42	STIM=h
20193018	42	RESP=1
20203137	42	STIM=s
20209235	42	RESP=1
20220210	42	STIM=p
20224961	42	RESP=1
20237927	42	STIM=x
20244368	42	RESP=1
20253154	42	STIM=0
20257169	42	RESP=1
20269804	42	STIM=s
20277555	42	RESP=1
20286492	42	STIM=z
20289536	42	RESP=2
20304255	42	STIM=g
20307034	42	RESP=1
20322030	42	STIM=k
20327971	42	RESP=1
20338699	42	STIM=y
20342105	42	RESP=1
20357669	42	STIM=c
20360575	42	RESP=1
20376490	42	STIM=h
20381785	42	RESP=1
20392444	42	STIM=o
20397050	42	RESP=1
20410444	42	STIM=g
20418365	42	RESP=1
20428927	42	STIM=q
20432981	42	RESP=1
20447332	42	STIM=j
20453885	42	RESP=1
20464064	42	STIM=c
20469793	42	RESP=1
20480394	42	STIM=o
20487970	42	RESP=1
20497636	42	STIM=7
20504000	42	RESP=2
20515770	42	STIM=u
20519451	42	RESP=1
20532134	42	STIM=r
20537131	42	RESP=1
20550023	42	STIM=n
20554606	42	RESP=1
20566758	42	STIM=f
20571254	42	RESP=1
20584523	42	STIM=w
20588583	42	RESP=1
20601111	42	STIM=6
20610633	42	RESP=2
20617067	42	STIM=o
20621679	42	RESP=1
20633481	42	STIM=z
20638705	42	RESP=1
20651865	42	STIM=x
20657519	42	RESP=1
20669241	42	STIM=2
20675323	42	RESP=2
20684911	42	STIM=d
20689927	42	RESP=1
20702718	42	STIM=b
20706196	42	RESP=1
20719447	42	STIM=t
20724866	42	RESP=1
20737406	42	STIM=h
20744190	42	RESP=1
20752801	42	STIM=n
20756598	42	RESP=1
20769235	42	STIM=p
20773741	42	RESP=1
20786817	42	STIM=0
20790685	42	RESP=2
20802429	42	STIM=q
20808571	42	RESP=1
20818544	42	STIM=w
20823129	42	RESP=1
20834244	42	STIM=4
20837932	42	RESP=1
20852170	42	STIM=i
20858614	42	RESP=1
20868181	42	STIM=3
20871843	42	RESP=2
20884343	42	STIM=9
20890243	42	RESP=2
20903183	42	STIM=m
20906331	42	RESP=1
20919723	42	STIM=p
20923211	42	RESP=1
20936854	42	STIM=l
20941875	42	RESP=1
20955089	42	STIM=g
20959085	42	RESP=1
20971871	42	STIM=8
20978840	42	RESP=2
20989481	42	STIM=u
20993296	42	RESP=1
21006479	42	STIM=i
21010978	42	RESP=1
21021663	42	STIM=c
21025250	42	RESP=1
21037777	42	STIM=x
21042053	42	RESP=1
21054938	42	STIM=k
21058288	42	RESP=1
21071117	42	STIM=g
21078113	42	RESP=1
21086611	42	STIM=3
21091387	42	RESP=2
21105058	42	STIM=k
21110980	42	RESP=1
21121649	42	STIM=8
21127594	42	RESP=2
21139356	42	STIM=y
21142873	42	RESP=1
21157869	42	STIM=r
21164212	42	RESP=1
21174518	42	STIM=m
21178395	42	RESP=1
21189754	42	STIM=d
21193435	42	RESP=1
21208647	42	STIM=i
21212423	42	RESP=1
21225729	42	STIM=u
21233259	42	RESP=1
21241270	42	STIM=m
21244194	42	RESP=1
21259793	42	STIM=4
21264902	42	RESP=2
21275943	42	STIM=6
21283504	42	RESP=1
21291286	42	STIM=x
21294773	42	RESP=1
21308879	42	STIM=c
21312516	42	RESP=1
21325421	42	STIM=w
21330058	42	RESP=1
21341138	42	STIM=1
21347727	42	RESP=2
21358197	42	STIM=i
21362489	42	RESP=1
21374231	42	STIM=e
21380089	42	RESP=1
21391491	42	STIM=c
21394843	42	RESP=1
21407562	42	STIM=i
21417294	42	RESP=1
21423218	42	STIM=m
21429549	42	RESP=1
21438545	42	STIM=r
21442393	42	RESP=1
21456819	42	STIM=2
21461618	42	RESP=2
21475089	42	STIM=e
21477779	42	RESP=1
21493556	42	STIM=0
21498028	42	RESP=2
21510597	42	STIM=f
21514316	42	RESP=1
21527238	42	STIM=7
21533820	42	RESP=2
21543619	42	STIM=2
21548488	42	RESP=1
21561311	42	STIM=w
21570674	42	RESP=1
21577024	42	STIM=i
21581591	42	RESP=1
21592709	42	STIM=w
21597837	42	RESP=1
21608874	42	STIM=k
21612079	42	RESP=1
21625920	42	STIM=r
21630887	42	RESP=1
21641583	42	STIM=g
21647327	42	RESP=1
21660422	42	STIM=4
21666707	42	RESP=2
21677659	42	STIM=f
21681231	42	RESP=1
21694655	42	STIM=h
21700859	42	RESP=1
21712374	42	STIM=n
21715855	42	RESP=1
21728001	42	STIM=g
21734508	42	RESP=1
21743719	42	STIM=o
21751417	42	RESP=1
21761553	42	STIM=e
21766119	42	RESP=1
21778507	42	STIM=p
21783424	42	RESP=1
