# Original filename: 0048_MSB_2016-09-23.log
# Time unit: 100 us
# RARECAT=digit
#
# Time	HHGG	Event
34999	42	STIM=d
42952	42	RESP=1
52835	42	STIM=2
59594	42	RESP=2
69423	42	STIM=s
72458	42	RESP=1
86994	42	STIM=e
89350	42	RESP=2
104111	42	STIM=8
109007	42	RESP=2
120459	42	STIM=x
126264	42	RESP=1
137895	42	STIM=i
141385	42	RESP=1
153301	42	STIM=t
160289	42	RESP=1
169607	42	STIM=c
174060	42	RESP=1
188105	42	STIM=a
191597	42	RESP=1
206923	42	STIM=n
210156	42	RESP=1
223677	42	STIM=d
227925	42	RESP=1
239496	42	STIM=6
244793	42	RESP=2
257499	42	STIM=o
262871	42	RESP=1
273320	42	STIM=n
277816	42	RESP=1
289260	42	STIM=0
293290	42	RESP=2
305852	42	STIM=f
309863	42	RESP=1
322315	42	STIM=0
329359	42	RESP=2
337896	42	STIM=6
341211	42	RESP=2
355618	42	STIM=s
359766	42	RESP=1
373558	42	STIM=a
376599	42	RESP=1
391217	42	STIM=q
396831	42	RESP=1
408448	42	STIM=n
416150	42	RESP=1
426095	42	STIM=8
430609	42	RESP=1
442674	42	STIM=e
446968	42	RESP=1
459420	42	STIM=c
463589	42	RESP=1
475302	42	STIM=5
481372	42	RESP=2
492886	42	STIM=k
497091	42	RESP=1
510576	42	STIM=v
515297	42	RESP=1
527782	42	STIM=s
533764	42	RESP=1
543808	42	STIM=i
549712	42	RESP=2
559912	42	STIM=b
569381	42	RESP=2
578228	42	STIM=7
585050	42	RESP=1
596313	42	STIM=z
603895	42	RESP=1
615300	42	STIM=h
618893	42	RESP=1
634237	42	STIM=m
637705	42	RESP=1
652253	42	STIM=1
658542	42	RESP=2
667999	42	STIM=k
673033	42	RESP=1
683496	42	STIM=3
696215	42	RESP=2
700255	42	STIM=1
706098	42	RESP=2
718571	42	STIM=1
723500	42	RESP=2
736350	42	STIM=u
739742	42	RESP=1
753059	42	STIM=7
757158	42	RESP=2
768511	42	STIM=q
775706	42	RESP=1
783860	42	STIM=v
788500	42	RESP=1
800163	42	STIM=h
803081	42	RESP=1
815635	42	STIM=i
819359	42	RESP=1
831974	42	STIM=7
837595	42	RESP=2
850780	42	STIM=j
855356	42	RESP=1
867274	42	STIM=r
876501	42	RESP=1
882692	42	STIM=f
891257	42	RESP=1
898336	42	STIM=f
904484	42	RESP=1
917059	42	STIM=3
928320	42	RESP=2
934440	42	STIM=j
938847	42	RESP=1
950895	42	STIM=a
955198	42	RESP=1
968873	42	STIM=d
974139	42	RESP=1
984909	42	STIM=y
988682	42	RESP=1
1002304	42	STIM=n
1005483	42	RESP=1
1019278	42	STIM=c
1026412	42	RESP=1
1034904	42	STIM=g
1038465	42	RESP=1
1051712	42	STIM=b
1061136	42	RESP=2
1069259	42	STIM=x
1074583	42	RESP=1
1086302	42	STIM=s
1095265	42	RESP=1
1104858	42	STIM=o
1109487	42	RESP=1
1121531	42	STIM=t
1125585	42	RESP=1
1137824	42	STIM=y
1141939	42	RESP=1
1154959	42	STIM=e
1158985	42	RESP=1
1172041	42	STIM=7
1177116	42	RESP=2
1187291	42	STIM=x
1190951	42	RESP=1
1202927	42	STIM=k
1206239	42	RESP=1
1218444	42	STIM=t
1221098	42	RESP=1
1236471	42	STIM=v
1240123	42	RESP=1
1253979	42	STIM=r
1258853	42	RESP=1
1270499	42	STIM=q
1273358	42	RESP=1
1287750	42	STIM=3
1291593	42	RESP=2
1305569	42	STIM=h
1313051	42	RESP=1
1323739	42	STIM=o
1331174	42	RESP=1
1339212	42	STIM=4
1344760	42	RESP=2
1356137	42	STIM=g
1360026	42	RESP=1
1372662	42	STIM=9
1375793	42	RESP=2
1387665	42	STIM=d
1390838	42	RESP=1
1404704	42	STIM=g
1408660	42	RESP=1
1420413	42	STIM=7
1430083	42	RESP=1
1435802	42	STIM=r
1438902	42	RESP=1
1453225	42	STIM=m
1459137	42	RESP=1
1470050	42	STIM=0
1476296	42	RESP=2
1486562	42	STIM=k
1493143	42	RESP=1
1502000	42	STIM=y
1509267	42	RESP=1
1519534	42	STIM=s
1527678	42	RESP=1
1537572	42	STIM=n
1541627	42	RESP=1
1554551	42	STIM=b
1558550	42	RESP=1
1569810	42	STIM=u
1575301	42	RESP=1
1585432	42	STIM=6
1591293	42	RESP=2
1603918	42	STIM=g
1612849	42	RESP=1
1620249	42	STIM=c
1624384	42	RESP=1
1635358	42	STIM=2
1641446	42	RESP=2
1651388	42	STIM=l
1655476	42	RESP=1
1666817	42	STIM=o
1669864	42	RESP=1
1682445	42	STIM=l
1687452	42	RESP=1
1699341	42	STIM=w
1702929	42	RESP=1
1714978	42	STIM=f
1718543	42	RESP=1
1730011	42	STIM=3
1735062	42	RESP=2
1747328	42	STIM=f
1751100	42	RESP=1
1763345	42	STIM=r
1771761	42	RESP=1
1781833	42	STIM=k
1785137	42	RESP=1
1799470	42	STIM=o
1805442	42	RESP=2
1814636	42	STIM=x
1820362	42	RESP=1
1831976	42	STIM=p
1835519	42	RESP=1
1847154	42	STIM=j
1852050	42	RESP=1
1863410	42	STIM=s
1868396	42	RESP=1
1879347	42	STIM=v
1884762	42	RESP=1
1895826	42	STIM=e
1899274	42	RESP=2
1913964	42	STIM=o
1918960	42	RESP=1
1930637	42	STIM=4
1933858	42	RESP=2
1947116	42	STIM=e
1959632	42	RESP=1
1963749	42	STIM=l
1968228	42	RESP=2
1980503	42	STIM=1
1984601	42	RESP=2
1998047	42	STIM=i
2004431	42	RESP=1
2014882	42	STIM=l
2017909	42	RESP=1
2033721	42	STIM=u
2036616	42	RESP=1
2051070	42	STIM=j
2053896	42	RESP=1
2068856	42	STIM=b
2073213	42	RESP=1
2086185	42	STIM=e
2089473	42	RESP=1
2101887	42	STIM=z
2106288	42	RESP=1
2120444	42	STIM=n
2123352	42	RESP=1
2139421	42	STIM=h
2144728	42	RESP=1
2155784	42	STIM=w
2159687	42	RESP=1
2173635	42	STIM=3
2178638	42	RESP=2
2192348	42	STIM=r
2195082	42	RESP=1
2210047	42	STIM=b
2213564	42	RESP=1
2227608	42	STIM=p
2234192	42	RESP=1
2243334	42	STIM=v
2246672	42	RESP=1
2259405	42	STIM=5
2264573	42	RESP=2
2275343	42	STIM=g
2280577	42	RESP=2
2292173	42	STIM=0
2296955	42	RESP=2
2310105	42	STIM=j
2313962	42	RESP=1
2327021	42	STIM=y
2330865	42	RESP=1
2342633	42	STIM=j
2349845	42	RESP=1
2359330	42	STIM=2
2367072	42	RESP=2
2374932	42	STIM=q
2382215	42	RESP=1
2389982	42	STIM=0
2396463	42	RESP=2
2406562	42	STIM=1
2410910	42	RESP=2
2421690	42	STIM=d
2427900	42	RESP=1
2440292	42	STIM=b
2443885	42	RESP=1
2458484	42	STIM=i
2463811	42	RESP=1
2474868	42	STIM=z
2479879	42	RESP=1
2493113	42	STIM=z
2501397	42	RESP=1
2509188	42	STIM=g
2514112	42	RESP=1
2526640	42	STIM=t
2531008	42	RESP=1
2543452	42	STIM=l
2550297	42	RESP=1
2560063	42	STIM=u
2564736	42	RESP=1
2578925	42	STIM=7
2585610	42	RESP=1
2595265	42	STIM=s
2600236	42	RESP=1
2613662	42	STIM=m
2616321	42	RESP=1
2628927	42	STIM=k
2634596	42	RESP=1
2645656	42	STIM=l
2649815	42	RESP=1
2663091	42	STIM=l
2665945	42	RESP=1
2680907	42	STIM=q
2685051	42	RESP=1
2696110	42	STIM=v
2699778	42	RESP=1
2712006	42	STIM=r
2717750	42	RESP=1
2730869	42	STIM=g
2735038	42	RESP=1
2747075	42	STIM=w
2752216	42	RESP=1
2762744	42	STIM=q
2766352	42	RESP=1
2778975	42	STIM=b
2786038	42	RESP=1
2796641	42	STIM=f
2801918	42	RESP=1
2814765	42	STIM=f
2819273	42	RESP=1
2833310	42	STIM=n
2839641	42	RESP=1
2849724	42	STIM=f
2854674	42	RESP=1
2864797	42	STIM=q
2867463	42	RESP=1
2883626	42	STIM=c
2886988	42	RESP=1
2900259	42	STIM=b
2903378	42	RESP=1
2916946	42	STIM=v
2922788	42	RESP=1
2934928	42	STIM=w
2939822	42	RESP=1
2952994	42	STIM=m
2956717	42	RESP=1
2969987	42	STIM=x
2976373	42	RESP=1
2986497	42	STIM=f
2990532	42	RESP=1
3001649	42	STIM=x
3011872	42	RESP=1
3019235	42	STIM=d
3024819	42	RESP=1
3037777	42	STIM=r
3040841	42	RESP=1
3053586	42	STIM=8
3060162	42	RESP=2
3070925	42	STIM=r
3078409	42	RESP=1
3086802	42	STIM=i
3090624	42	RESP=1
3105403	42	STIM=m
3109667	42	RESP=1
3123676	42	STIM=p
3128451	42	RESP=1
3139650	42	STIM=b
3146616	42	RESP=1
3158147	42	STIM=x
3163041	42	RESP=1
3176039	42	STIM=w
3179615	42	RESP=1
3193816	42	STIM=r
3198197	42	RESP=1
3209416	42	STIM=t
3213780	42	RESP=2
3227435	42	STIM=a
3231546	42	RESP=1
3245017	42	STIM=u
3249227	42	RESP=1
3263460	42	STIM=f
3266980	42	RESP=1
3281287	42	STIM=2
3286234	42	RESP=2
3297121	42	STIM=u
3301580	42	RESP=1
3313236	42	STIM=r
3317567	42	RESP=1
3330220	42	STIM=0
3340289	42	RESP=2
3346731	42	STIM=q
3351394	42	RESP=1
3364104	42	STIM=t
3368071	42	RESP=1
3380237	42	STIM=c
3386184	42	RESP=1
3398894	42	STIM=r
3402707	42	RESP=1
3416698	42	STIM=o
3420753	42	RESP=1
3432590	42	STIM=z
3436679	42	RESP=1
3451044	42	STIM=c
3456151	42	RESP=1
3468940	42	STIM=s
3476147	42	RESP=1
3483942	42	STIM=x
3488486	42	RESP=1
3501594	42	STIM=g
3507205	42	RESP=1
3516899	42	STIM=n
3525222	42	RESP=1
3534316	42	STIM=l
3542032	42	RESP=1
3551097	42	STIM=p
3557655	42	RESP=1
3566977	42	STIM=r
3574159	42	RESP=1
3582544	42	STIM=a
3587621	42	RESP=1
3597890	42	STIM=j
3600960	42	RESP=2
3616353	42	STIM=m
3621933	42	RESP=1
3632023	42	STIM=i
3635999	42	RESP=1
3649109	42	STIM=m
3655113	42	RESP=1
3664798	42	STIM=a
3668889	42	RESP=1
3681042	42	STIM=3
3691172	42	RESP=2
3697457	42	STIM=c
3701446	42	RESP=1
3714696	42	STIM=q
3720696	42	RESP=1
3731174	42	STIM=6
3735734	42	RESP=2
3747538	42	STIM=g
3751852	42	RESP=1
3763650	42	STIM=m
3770175	42	RESP=1
3780829	42	STIM=i
3786067	42	RESP=1
3796651	42	STIM=7
3802217	42	RESP=2
3814304	42	STIM=w
3823365	42	RESP=1
3830154	42	STIM=q
3833910	42	RESP=1
3846553	42	STIM=2
3852211	42	RESP=2
3865205	42	STIM=m
3870255	42	RESP=1
3880409	42	STIM=7
3888735	42	RESP=2
3897101	42	STIM=d
3904740	42	RESP=1
3913772	42	STIM=7
3918270	42	RESP=2
3929363	42	STIM=y
3934943	42	RESP=1
3946028	42	STIM=b
3953308	42	RESP=2
3962161	42	STIM=g
3965896	42	RESP=1
3978617	42	STIM=h
3985671	42	RESP=1
3996096	42	STIM=o
4005430	42	RESP=1
4013389	42	STIM=1
4020000	42	RESP=2
4028711	42	STIM=n
4032616	42	RESP=1
4044301	42	STIM=9
4049366	42	RESP=2
4060763	42	STIM=k
4067341	42	RESP=1
4077990	42	STIM=y
4082053	42	RESP=1
4095493	42	STIM=g
4099006	42	RESP=1
4113512	42	STIM=m
4117972	42	RESP=1
4128997	42	STIM=6
4135481	42	RESP=2
4145989	42	STIM=b
4151486	42	RESP=1
4161995	42	STIM=q
4165818	42	RESP=1
4178720	42	STIM=k
4185870	42	RESP=1
4193730	42	STIM=a
4197118	42	RESP=1
4212701	42	STIM=h
4216082	42	RESP=1
4230510	42	STIM=q
4240585	42	RESP=1
4247864	42	STIM=j
4253806	42	RESP=1
4264690	42	STIM=m
4270715	42	RESP=1
4283219	42	STIM=g
4288857	42	RESP=1
4299819	42	STIM=g
4305393	42	RESP=1
4318673	42	STIM=e
4327877	42	RESP=2
4336841	42	STIM=w
4342827	42	RESP=1
4354631	42	STIM=7
4362194	42	RESP=2
4372844	42	STIM=d
4379251	42	RESP=1
4391584	42	STIM=e
4395636	42	RESP=1
4408992	42	STIM=t
4414459	42	RESP=1
4424454	42	STIM=k
4428467	42	RESP=1
4441538	42	STIM=z
4444628	42	RESP=1
4456799	42	STIM=e
4460903	42	RESP=1
4475671	42	STIM=j
4480642	42	RESP=1
4490815	42	STIM=t
4493809	42	RESP=1
4506148	42	STIM=z
4514473	42	RESP=1
4521702	42	STIM=e
4529232	42	RESP=1
4538732	42	STIM=w
4543684	42	RESP=1
4555969	42	STIM=g
4561123	42	RESP=1
4574238	42	STIM=y
4580700	42	RESP=1
4590056	42	STIM=7
4594745	42	RESP=2
4607336	42	STIM=h
4612851	42	RESP=1
4625489	42	STIM=d
4628372	42	RESP=1
4644198	42	STIM=r
4647710	42	RESP=1
4663070	42	STIM=o
4668532	42	RESP=1
4678871	42	STIM=b
4682943	42	RESP=1
4694613	42	STIM=w
4699257	42	RESP=1
4712680	42	STIM=h
4716196	42	RESP=1
4730010	42	STIM=o
4734347	42	RESP=1
4748583	42	STIM=3
4753913	42	RESP=2
4765356	42	STIM=a
4771568	42	RESP=1
4783361	42	STIM=s
4786170	42	RESP=1
4801705	42	STIM=x
4807877	42	RESP=1
4820503	42	STIM=1
4827219	42	RESP=2
4835886	42	STIM=i
4839913	42	RESP=1
4852209	42	STIM=0
4855892	42	RESP=2
4868516	42	STIM=o
4872105	42	RESP=1
4883612	42	STIM=d
4887773	42	RESP=1
4901519	42	STIM=0
4907144	42	RESP=2
4920158	42	STIM=k
4926258	42	RESP=1
4938165	42	STIM=r
4942558	42	RESP=1
4955097	42	STIM=p
4962071	42	RESP=1
4970837	42	STIM=r
4974192	42	RESP=1
4987043	42	STIM=e
4990724	42	RESP=1
5004846	42	STIM=a
5011302	42	RESP=1
5020841	42	STIM=p
5025213	42	RESP=1
5037057	42	STIM=w
5043248	42	RESP=1
5053762	42	STIM=g
5058510	42	RESP=2
5071846	42	STIM=l
5079988	42	RESP=1
5086852	42	STIM=d
5092327	42	RESP=1
5105818	42	STIM=3
5111195	42	RESP=2
5123541	42	STIM=w
5128126	42	RESP=1
5141337	42	STIM=h
5147098	42	RESP=1
5157530	42	STIM=5
5163080	42	RESP=2
5176177	42	STIM=u
5183150	42	RESP=1
5193212	42	STIM=r
5197364	42	RESP=1
5209506	42	STIM=8
5217486	42	RESP=2
5225947	42	STIM=s
5232162	42	RESP=1
5241322	42	STIM=c
5248532	42	RESP=1
5259504	42	STIM=b
5265220	42	RESP=1
5275232	42	STIM=x
5278169	42	RESP=1
5290627	42	STIM=b
5299259	42	RESP=1
5309545	42	STIM=s
5313342	42	RESP=1
5328189	42	STIM=3
5337464	42	RESP=2
5345549	42	STIM=p
5349437	42	RESP=1
5362674	42	STIM=a
5366258	42	RESP=1
5379608	42	STIM=2
5387543	42	RESP=2
5395271	42	STIM=3
5400202	42	RESP=2
5412310	42	STIM=j
5418598	42	RESP=2
5429984	42	STIM=r
5434505	42	RESP=1
5447480	42	STIM=t
5452145	42	RESP=1
5465138	42	STIM=w
5471305	42	RESP=1
5482570	42	STIM=2
5488762	42	RESP=2
5499530	42	STIM=m
5503590	42	RESP=2
5514838	42	STIM=b
5520065	42	RESP=1
5532937	42	STIM=r
5541097	42	RESP=1
5548630	42	STIM=r
5554230	42	RESP=1
5565984	42	STIM=4
5573143	42	RESP=2
5583740	42	STIM=6
5589352	42	RESP=2
5602419	42	STIM=g
5607547	42	RESP=1
5619073	42	STIM=x
5631282	42	RESP=1
5634394	42	STIM=y
5638155	42	RESP=1
5652447	42	STIM=k
5657872	42	RESP=1
5670020	42	STIM=e
5675466	42	RESP=1
5687687	42	STIM=z
5691467	42	RESP=1
5706636	42	STIM=k
5713140	42	RESP=1
5724540	42	STIM=i
5729742	42	RESP=1
5742689	42	STIM=u
5746440	42	RESP=1
5757950	42	STIM=x
5760724	42	RESP=1
5774800	42	STIM=n
5777924	42	RESP=1
5792652	42	STIM=8
5797322	42	RESP=2
5810115	42	STIM=j
5814662	42	RESP=1
5825706	42	STIM=w
5829952	42	RESP=1
5841320	42	STIM=j
5844495	42	RESP=1
5857091	42	STIM=f
5864455	42	RESP=1
5873139	42	STIM=g
5876748	42	RESP=1
5888571	42	STIM=f
5893072	42	RESP=1
5907314	42	STIM=t
5911650	42	RESP=1
5926214	42	STIM=g
5931176	42	RESP=1
5944859	42	STIM=e
5951718	42	RESP=1
5960854	42	STIM=z
5964491	42	RESP=1
5977577	42	STIM=s
5980768	42	RESP=1
5992707	42	STIM=i
5997972	42	RESP=1
6009067	42	STIM=r
6020072	42	RESP=1
6025878	42	STIM=f
6030728	42	RESP=1
6044545	42	STIM=c
6049158	42	RESP=1
6061028	42	STIM=c
6064896	42	RESP=1
6076803	42	STIM=s
6083519	42	RESP=1
6095627	42	STIM=s
6100852	42	RESP=1
6110978	42	STIM=m
6117181	42	RESP=1
6128554	42	STIM=y
6133456	42	RESP=1
6145531	42	STIM=g
6148469	42	RESP=1
6163198	42	STIM=q
6166602	42	RESP=1
6178898	42	STIM=j
6182638	42	RESP=1
6197769	42	STIM=l
6204905	42	RESP=1
6213329	42	STIM=6
6218149	42	RESP=2
6231641	42	STIM=1
6238404	42	RESP=2
6248119	42	STIM=z
6251751	42	RESP=1
6265165	42	STIM=z
6272987	42	RESP=1
6282525	42	STIM=l
6288196	42	RESP=1
6301171	42	STIM=t
6305506	42	RESP=1
6317772	42	STIM=b
6322652	42	RESP=1
6333606	42	STIM=a
6338742	42	RESP=1
6349083	42	STIM=j
6357210	42	RESP=1
6365880	42	STIM=i
6370456	42	RESP=1
6384422	42	STIM=r
6391315	42	RESP=1
6400971	42	STIM=y
6408063	42	RESP=1
6416193	42	STIM=p
6422188	42	RESP=1
6431392	42	STIM=h
6439234	42	RESP=1
6446452	42	STIM=c
6450668	42	RESP=2
6461827	42	STIM=c
6467469	42	RESP=1
6479689	42	STIM=m
6485731	42	RESP=1
6496320	42	STIM=a
6502128	42	RESP=1
6513430	42	STIM=z
6517807	42	RESP=1
6530912	42	STIM=w
6536825	42	RESP=1
6548138	42	STIM=d
6555238	42	RESP=1
6565535	42	STIM=z
6570009	42	RESP=1
6581145	42	STIM=b
6585479	42	RESP=1
6599684	42	STIM=j
6603380	42	RESP=1
6617904	42	STIM=g
6624051	42	RESP=1
6633016	42	STIM=k
6638344	42	RESP=1
6648289	42	STIM=j
6652205	42	RESP=1
6663851	42	STIM=b
6672128	42	RESP=1
6678947	42	STIM=v
6682449	42	RESP=1
6695102	42	STIM=w
6702660	42	RESP=1
6714088	42	STIM=q
6717112	42	RESP=1
6733030	42	STIM=f
6737245	42	RESP=1
6748819	42	STIM=b
6754315	42	RESP=1
6764769	42	STIM=s
6769448	42	RESP=1
6780204	42	STIM=y
6783568	42	RESP=1
6795887	42	STIM=n
6798562	42	RESP=1
6813028	42	STIM=n
6817233	42	RESP=2
6831102	42	STIM=2
6837004	42	RESP=2
6849181	42	STIM=b
6853430	42	RESP=1
6865683	42	STIM=c
6871171	42	RESP=1
6882091	42	STIM=o
6890435	42	RESP=1
6899657	42	STIM=4
6905950	42	RESP=2
6917942	42	STIM=9
6923383	42	RESP=2
6934493	42	STIM=2
6943565	42	RESP=2
6950483	42	STIM=h
6954492	42	RESP=1
6966980	42	STIM=y
6970477	42	RESP=1
6984659	42	STIM=9
6988406	42	RESP=2
7002688	42	STIM=2
7008841	42	RESP=2
7019913	42	STIM=u
7026825	42	RESP=1
7035382	42	STIM=b
7040561	42	RESP=1
7050716	42	STIM=k
7054740	42	RESP=1
7065783	42	STIM=8
7069729	42	RESP=2
7083493	42	STIM=i
7087229	42	RESP=1
7101017	42	STIM=s
7105007	42	RESP=1
7117259	42	STIM=a
7120611	42	RESP=1
7132780	42	STIM=i
7136448	42	RESP=1
7150083	42	STIM=q
7157854	42	RESP=1
7167735	42	STIM=j
7172387	42	RESP=2
7185172	42	STIM=t
7189132	42	RESP=1
7203760	42	STIM=5
7207454	42	RESP=2
7218999	42	STIM=s
7224551	42	RESP=2
7237696	42	STIM=f
7240090	42	RESP=1
7253419	42	STIM=4
7257046	42	RESP=2
7269231	42	STIM=2
7274665	42	RESP=2
7286228	42	STIM=l
7290014	42	RESP=1
7303378	42	STIM=m
7308505	42	RESP=1
7320699	42	STIM=y
7326543	42	RESP=1
7339255	42	STIM=l
7346168	42	RESP=1
7355169	42	STIM=z
7359237	42	RESP=1
7370818	42	STIM=3
7379309	42	RESP=2
7387445	42	STIM=1
7391612	42	RESP=2
7405144	42	STIM=z
7410446	42	RESP=1
7421915	42	STIM=t
7433527	42	RESP=1
7440185	42	STIM=6
7448339	42	RESP=1
7457544	42	STIM=p
7461171	42	RESP=1
7473065	42	STIM=n
7477130	42	RESP=1
7491513	42	STIM=e
7499368	42	RESP=1
7509144	42	STIM=p
7517070	42	RESP=1
7527143	42	STIM=d
7529903	42	RESP=1
7542807	42	STIM=n
7551360	42	RESP=1
7558013	42	STIM=h
7564085	42	RESP=1
7575068	42	STIM=6
7580563	42	RESP=2
7591259	42	STIM=g
7596976	42	RESP=1
7607978	42	STIM=7
7614975	42	RESP=1
7625735	42	STIM=w
7629926	42	RESP=1
7642836	42	STIM=f
7645924	42	RESP=1
7658588	42	STIM=p
7664096	42	RESP=1
7674031	42	STIM=w
7680044	42	RESP=1
7690184	42	STIM=7
7694634	42	RESP=2
7707865	42	STIM=e
7712275	42	RESP=1
7724689	42	STIM=c
7730665	42	RESP=1
7743593	42	STIM=c
7748350	42	RESP=1
7761010	42	STIM=a
7765815	42	RESP=2
7776624	42	STIM=f
7781499	42	RESP=1
7791855	42	STIM=c
7795819	42	RESP=1
7807521	42	STIM=l
7813921	42	RESP=1
7823378	42	STIM=0
7830100	42	RESP=2
7838641	42	STIM=c
7845898	42	RESP=1
7855447	42	STIM=q
7865983	42	RESP=1
7871506	42	STIM=j
7874321	42	RESP=1
7887246	42	STIM=t
7893239	42	RESP=1
7904767	42	STIM=3
7910149	42	RESP=2
7923633	42	STIM=j
7927256	42	RESP=1
7941067	42	STIM=x
7945028	42	RESP=1
7957661	42	STIM=l
7961402	42	RESP=1
7975981	42	STIM=b
7981073	42	RESP=1
7991661	42	STIM=p
7994931	42	RESP=1
8009928	42	STIM=t
8013848	42	RESP=1
8027549	42	STIM=b
8034244	42	RESP=1
8045868	42	STIM=w
8049559	42	RESP=1
8063627	42	STIM=k
8068839	42	RESP=1
8082218	42	STIM=w
8087381	42	RESP=1
8097379	42	STIM=n
8100852	42	RESP=1
8113470	42	STIM=c
8118426	42	RESP=1
8131607	42	STIM=9
8135088	42	RESP=2
8148268	42	STIM=h
8152736	42	RESP=1
8163275	42	STIM=2
8166328	42	RESP=2
8179226	42	STIM=q
8184130	42	RESP=2
8197660	42	STIM=q
8204942	42	RESP=1
8214113	42	STIM=f
8217844	42	RESP=1
8232258	42	STIM=j
8242474	42	RESP=1
8248874	42	STIM=3
8253933	42	RESP=1
8267317	42	STIM=v
8271189	42	RESP=1
8284477	42	STIM=c
8288286	42	RESP=1
8302643	42	STIM=y
8307952	42	RESP=1
8317689	42	STIM=z
8321035	42	RESP=1
8333613	42	STIM=v
8338253	42	RESP=1
8351537	42	STIM=f
8357999	42	RESP=1
8367863	42	STIM=u
8372013	42	RESP=1
8386735	42	STIM=y
8393131	42	RESP=1
8402498	42	STIM=u
8405687	42	RESP=1
8418710	42	STIM=c
8423570	42	RESP=1
8437445	42	STIM=8
8441058	42	RESP=2
8453164	42	STIM=4
8457716	42	RESP=2
8471869	42	STIM=u
8474998	42	RESP=1
8488984	42	STIM=r
8492296	42	RESP=1
8504881	42	STIM=5
8512745	42	RESP=2
8522407	42	STIM=e
8527732	42	RESP=1
8538415	42	STIM=v
8541854	42	RESP=1
8554983	42	STIM=0
8562071	42	RESP=2
8572850	42	STIM=i
8578053	42	RESP=1
8590557	42	STIM=0
8595978	42	RESP=2
8606465	42	STIM=h
8614302	42	RESP=2
8623323	42	STIM=4
8627746	42	RESP=2
8639777	42	STIM=j
8645709	42	RESP=1
8657867	42	STIM=7
8662899	42	RESP=2
8673360	42	STIM=6
8679209	42	RESP=2
8690066	42	STIM=k
8694961	42	RESP=1
8708152	42	STIM=x
8713132	42	RESP=2
8726896	42	STIM=m
8730076	42	RESP=1
8743461	42	STIM=a
8747619	42	RESP=1
8760714	42	STIM=b
8765303	42	RESP=1
8776473	42	STIM=b
8780198	42	RESP=1
8791843	42	STIM=p
8796747	42	RESP=1
8809659	42	STIM=b
8820748	42	RESP=1
8824676	42	STIM=g
8827747	42	RESP=1
8843352	42	STIM=k
8848286	42	RESP=1
8859358	42	STIM=b
8862434	42	RESP=1
8876926	42	STIM=v
8880571	42	RESP=1
8895567	42	STIM=v
8904046	42	RESP=1
8912061	42	STIM=2
8919583	42	RESP=2
8928508	42	STIM=u
8935222	42	RESP=1
8946235	42	STIM=9
8952363	42	RESP=2
8961771	42	STIM=m
8967676	42	RESP=1
8980328	42	STIM=u
8990140	42	RESP=1
8997199	42	STIM=3
9002423	42	RESP=2
9015468	42	STIM=c
9020556	42	RESP=1
9032983	42	STIM=d
9038662	42	RESP=1
9048978	42	STIM=d
9052465	42	RESP=1
9067396	42	STIM=v
9070326	42	RESP=1
9083384	42	STIM=b
9092115	42	RESP=1
9099351	42	STIM=5
9104119	42	RESP=2
9115018	42	STIM=z
9119592	42	RESP=1
9132358	42	STIM=f
9135670	42	RESP=1
9151131	42	STIM=6
9160412	42	RESP=1
9166368	42	STIM=c
9170540	42	RESP=1
9182912	42	STIM=6
9186602	42	RESP=2
9198884	42	STIM=d
9204093	42	RESP=1
9216470	42	STIM=w
9221045	42	RESP=2
9234207	42	STIM=t
9239612	42	RESP=1
9250941	42	STIM=j
9255150	42	RESP=1
9268084	42	STIM=k
9271308	42	RESP=1
9285862	42	STIM=d
9291192	42	RESP=1
9303802	42	STIM=t
9308888	42	RESP=1
9322676	42	STIM=m
9327333	42	RESP=1
9339288	42	STIM=w
9342897	42	RESP=1
9357135	42	STIM=d
9360904	42	RESP=1
9374630	42	STIM=s
9379053	42	RESP=1
9392022	42	STIM=9
9398504	42	RESP=1
9409290	42	STIM=r
9413051	42	RESP=1
9426673	42	STIM=g
9431181	42	RESP=1
9443539	42	STIM=v
9451848	42	RESP=1
9460813	42	STIM=b
9470336	42	RESP=1
9476436	42	STIM=r
9481461	42	RESP=1
9493292	42	STIM=v
9498873	42	RESP=1
9511884	42	STIM=7
9521859	42	RESP=2
9529246	42	STIM=m
9532766	42	RESP=1
9544498	42	STIM=c
9549402	42	RESP=1
9559501	42	STIM=e
9564747	42	RESP=1
9576220	42	STIM=2
9580500	42	RESP=1
9594854	42	STIM=u
9600763	42	RESP=1
9612153	42	STIM=l
9616174	42	RESP=1
9628873	42	STIM=b
9633927	42	RESP=1
9644546	42	STIM=h
9647888	42	RESP=1
9662989	42	STIM=9
9667365	42	RESP=2
9681013	42	STIM=k
9684743	42	RESP=1
9696446	42	STIM=1
9701243	42	RESP=2
9714741	42	STIM=o
9725126	42	RESP=1
9729939	42	STIM=o
9733054	42	RESP=1
9744990	42	STIM=n
9756313	42	RESP=1
9760888	42	STIM=f
9771480	42	RESP=1
9777440	42	STIM=o
9780777	42	RESP=1
9794500	42	STIM=c
9801688	42	RESP=1
9811338	42	STIM=n
9814103	42	RESP=1
9830188	42	STIM=n
9833834	42	RESP=1
9847909	42	STIM=t
9852299	42	RESP=1
9866344	42	STIM=3
9873776	42	RESP=1
9883310	42	STIM=7
9891337	42	RESP=2
9902060	42	STIM=y
9905184	42	RESP=1
9919805	42	STIM=5
9925781	42	RESP=2
9936489	42	STIM=s
9941847	42	RESP=1
9953292	42	STIM=i
9956782	42	RESP=1
9968812	42	STIM=r
9972283	42	RESP=1
9984229	42	STIM=3
9988822	42	RESP=2
10001212	42	STIM=e
10006327	42	RESP=1
10019826	42	STIM=k
10025009	42	RESP=1
10035471	42	STIM=c
10041186	42	RESP=1
10051747	42	STIM=k
10056373	42	RESP=1
10068621	42	STIM=z
10073459	42	RESP=1
10084144	42	STIM=o
10088234	42	RESP=1
10102838	42	STIM=p
10107376	42	RESP=1
10121576	42	STIM=o
10125434	42	RESP=1
10137685	42	STIM=w
10140643	42	RESP=1
10154078	42	STIM=y
10159145	42	RESP=1
10169772	42	STIM=c
10175095	42	RESP=1
10186610	42	STIM=n
10189319	42	RESP=1
10204928	42	STIM=v
10209717	42	RESP=1
10223705	42	STIM=q
10228355	42	RESP=1
10238857	42	STIM=l
10247474	42	RESP=1
10256848	42	STIM=i
10264257	42	RESP=1
10272349	42	STIM=1
10281790	42	RESP=2
10291042	42	STIM=t
10296057	42	RESP=1
10308755	42	STIM=h
10312078	42	RESP=1
10327268	42	STIM=s
10331154	42	RESP=1
10345176	42	STIM=7
10349838	42	RESP=1
10363043	42	STIM=k
10368100	42	RESP=1
10380748	42	STIM=k
10387022	42	RESP=1
10398507	42	STIM=4
10405902	42	RESP=2
10413746	42	STIM=z
10416844	42	RESP=1
10430202	42	STIM=p
10435324	42	RESP=1
10445969	42	STIM=r
10450316	42	RESP=1
10463632	42	STIM=p
10469265	42	RESP=1
10481760	42	STIM=q
10485832	42	RESP=1
10499839	42	STIM=m
10503404	42	RESP=1
10515914	42	STIM=9
10522336	42	RESP=2
10532076	42	STIM=c
10536626	42	RESP=1
10547330	42	STIM=z
10557855	42	RESP=1
10564960	42	STIM=v
10568374	42	RESP=1
10580147	42	STIM=n
10584459	42	RESP=1
10595585	42	STIM=x
10599644	42	RESP=1
10612971	42	STIM=s
10616978	42	RESP=1
10628059	42	STIM=f
10632094	42	RESP=1
10643652	42	STIM=j
10652012	42	RESP=1
10659058	42	STIM=o
10662756	42	RESP=2
10676620	42	STIM=c
10683222	42	RESP=1
10693152	42	STIM=f
10699728	42	RESP=1
10709567	42	STIM=i
10714215	42	RESP=1
10728530	42	STIM=0
10734207	42	RESP=2
10744276	42	STIM=c
10747306	42	RESP=2
10761183	42	STIM=9
10765408	42	RESP=2
10779465	42	STIM=w
10784010	42	RESP=1
10797868	42	STIM=d
10803845	42	RESP=1
10813802	42	STIM=m
10818763	42	RESP=1
10830124	42	STIM=z
10837008	42	RESP=1
10846799	42	STIM=l
10849324	42	RESP=1
10864442	42	STIM=a
10869403	42	RESP=1
10881757	42	STIM=w
10889776	42	RESP=1
10899610	42	STIM=l
10903748	42	RESP=1
10918307	42	STIM=x
10922191	42	RESP=1
10935316	42	STIM=7
10939717	42	RESP=2
10951279	42	STIM=f
10957883	42	RESP=1
10969076	42	STIM=c
10973390	42	RESP=1
10986927	42	STIM=p
10991508	42	RESP=1
11003789	42	STIM=a
11007709	42	RESP=1
11019886	42	STIM=w
11024863	42	RESP=1
11037060	42	STIM=o
11043340	42	RESP=1
11052231	42	STIM=h
11057647	42	RESP=1
11067752	42	STIM=g
11077569	42	RESP=1
11084608	42	STIM=2
11090593	42	RESP=2
11100684	42	STIM=o
11105054	42	RESP=1
11116682	42	STIM=8
11121876	42	RESP=2
11134760	42	STIM=o
11139059	42	RESP=2
11152551	42	STIM=u
11157483	42	RESP=1
11169349	42	STIM=q
11176205	42	RESP=2
11185323	42	STIM=j
11190093	42	RESP=1
11201988	42	STIM=m
11209057	42	RESP=1
11218886	42	STIM=l
11222674	42	RESP=1
11236519	42	STIM=r
11243276	42	RESP=1
11255066	42	STIM=s
11260423	42	RESP=1
11272061	42	STIM=a
11276606	42	RESP=1
11290328	42	STIM=b
11294828	42	RESP=1
11308597	42	STIM=d
11316422	42	RESP=1
11325064	42	STIM=t
11328383	42	RESP=1
11341195	42	STIM=i
11344063	42	RESP=1
11356375	42	STIM=m
11359903	42	RESP=1
11374595	42	STIM=u
11383554	42	RESP=1
11389676	42	STIM=j
11393851	42	RESP=1
11405928	42	STIM=z
11409082	42	RESP=1
11422168	42	STIM=1
11430481	42	RESP=2
11440372	42	STIM=c
11446395	42	RESP=2
11455688	42	STIM=a
11462776	42	RESP=1
11473212	42	STIM=3
11477729	42	RESP=1
11489804	42	STIM=i
11494603	42	RESP=1
11505376	42	STIM=0
11513409	42	RESP=2
11521501	42	STIM=m
11532958	42	RESP=1
11538811	42	STIM=p
11541696	42	RESP=1
11555793	42	STIM=v
11562623	42	RESP=1
11574177	42	STIM=p
11578790	42	RESP=1
11590165	42	STIM=7
11596910	42	RESP=2
11607424	42	STIM=i
11613802	42	RESP=1
11626213	42	STIM=d
11630689	42	RESP=1
11643654	42	STIM=p
11651219	42	RESP=1
11660728	42	STIM=g
11667721	42	RESP=1
11677599	42	STIM=i
11685088	42	RESP=1
11694663	42	STIM=0
11701305	42	RESP=2
11712611	42	STIM=w
11716683	42	RESP=1
11729274	42	STIM=v
11734415	42	RESP=1
11748032	42	STIM=p
11751687	42	RESP=1
11766345	42	STIM=o
11770749	42	RESP=1
11785044	42	STIM=v
11791667	42	RESP=1
11800268	42	STIM=p
11803563	42	RESP=1
11818922	42	STIM=y
11824421	42	RESP=1
11834587	42	STIM=q
11840184	42	RESP=1
11850227	42	STIM=b
11854035	42	RESP=1
11868576	42	STIM=s
11873407	42	RESP=1
11886110	42	STIM=m
11889202	42	RESP=1
11902562	42	STIM=3
11909974	42	RESP=2
11918574	42	STIM=6
11923147	42	RESP=2
11935416	42	STIM=o
11941068	42	RESP=1
11953750	42	STIM=o
11960011	42	RESP=1
11972552	42	STIM=g
11978102	42	RESP=1
11991348	42	STIM=n
11997228	42	RESP=1
12006410	42	STIM=5
12013531	42	RESP=2
12022618	42	STIM=r
12027473	42	RESP=1
12039300	42	STIM=x
12044024	42	RESP=1
12056209	42	STIM=b
12059993	42	RESP=2
12071211	42	STIM=5
12075327	42	RESP=2
12089916	42	STIM=s
12094301	42	RESP=1
12108684	42	STIM=n
12113757	42	RESP=1
12126991	42	STIM=w
12130818	42	RESP=1
12142414	42	STIM=o
12148022	42	RESP=1
12158637	42	STIM=g
12164731	42	RESP=1
12175642	42	STIM=l
12179925	42	RESP=1
12193978	42	STIM=t
12199623	42	RESP=1
12212239	42	STIM=y
12218781	42	RESP=1
12227372	42	STIM=y
12232518	42	RESP=1
12244150	42	STIM=o
12246911	42	RESP=1
12259943	42	STIM=5
12267814	42	RESP=2
12278152	42	STIM=s
12282511	42	RESP=2
12296274	42	STIM=e
12299497	42	RESP=2
12312111	42	STIM=r
12316448	42	RESP=1
12327757	42	STIM=6
12333873	42	RESP=2
12345727	42	STIM=r
12349517	42	RESP=1
12363041	42	STIM=b
12366991	42	RESP=1
12381088	42	STIM=h
12384668	42	RESP=1
12399279	42	STIM=3
12405551	42	RESP=2
12416635	42	STIM=6
12420796	42	RESP=2
12433458	42	STIM=l
12438891	42	RESP=1
12449279	42	STIM=r
12454905	42	RESP=1
12464676	42	STIM=g
12468658	42	RESP=1
12480391	42	STIM=f
12484523	42	RESP=2
12498338	42	STIM=p
12502384	42	RESP=1
12513550	42	STIM=g
12518205	42	RESP=1
12530865	42	STIM=5
12535928	42	RESP=2
12548228	42	STIM=r
12552734	42	RESP=1
12563588	42	STIM=m
12566460	42	RESP=1
12580025	42	STIM=e
12586531	42	RESP=1
12596410	42	STIM=5
12601887	42	RESP=2
12614793	42	STIM=0
12620601	42	RESP=2
12633485	42	STIM=x
12639280	42	RESP=1
12648498	42	STIM=x
12651895	42	RESP=1
12665620	42	STIM=2
12669797	42	RESP=2
12682384	42	STIM=k
12686793	42	RESP=1
12697623	42	STIM=d
12702624	42	RESP=1
12713444	42	STIM=2
12719727	42	RESP=2
12729859	42	STIM=n
12735088	42	RESP=1
12745259	42	STIM=h
12752055	42	RESP=1
12762220	42	STIM=7
12768046	42	RESP=2
12779020	42	STIM=i
12785288	42	RESP=1
12796983	42	STIM=u
12801359	42	RESP=1
12813600	42	STIM=s
12818253	42	RESP=1
12831705	42	STIM=o
12837883	42	RESP=1
12850261	42	STIM=d
12853278	42	RESP=1
12867124	42	STIM=r
12871164	42	RESP=1
12883866	42	STIM=a
12892685	42	RESP=1
12901987	42	STIM=b
12905345	42	RESP=1
12919236	42	STIM=2
12922948	42	RESP=2
12935861	42	STIM=b
12942581	42	RESP=1
12951052	42	STIM=g
12957110	42	RESP=1
12966772	42	STIM=h
12970815	42	RESP=1
12985693	42	STIM=y
12991532	42	RESP=1
13002915	42	STIM=8
13010249	42	RESP=2
13021672	42	STIM=s
13025438	42	RESP=1
13037176	42	STIM=8
13040659	42	RESP=2
13054490	42	STIM=6
13059986	42	RESP=1
13072400	42	STIM=m
13077345	42	RESP=1
13088615	42	STIM=k
13092789	42	RESP=1
13105820	42	STIM=a
13112231	42	RESP=1
13122423	42	STIM=9
13128910	42	RESP=2
13137987	42	STIM=5
13141983	42	RESP=2
13155487	42	STIM=i
13158634	42	RESP=1
13170498	42	STIM=k
13176775	42	RESP=1
13188629	42	STIM=h
13191170	42	RESP=1
13205510	42	STIM=d
13211330	42	RESP=1
13224415	42	STIM=d
13228599	42	RESP=1
13239620	42	STIM=y
13247619	42	RESP=1
13258309	42	STIM=z
13267015	42	RESP=1
13277083	42	STIM=i
13281805	42	RESP=1
13293262	42	STIM=o
13296732	42	RESP=1
13309171	42	STIM=z
13312703	42	RESP=1
13324548	42	STIM=6
13330633	42	RESP=2
13343101	42	STIM=g
13346063	42	RESP=1
13359734	42	STIM=i
13364707	42	RESP=1
13375659	42	STIM=j
13382935	42	RESP=1
13392942	42	STIM=q
13397928	42	RESP=1
13411703	42	STIM=d
13414529	42	RESP=1
13430207	42	STIM=g
13434662	42	RESP=1
13446077	42	STIM=k
13451826	42	RESP=1
13462410	42	STIM=l
13465378	42	RESP=1
13480487	42	STIM=n
13486203	42	RESP=1
13498579	42	STIM=b
13504094	42	RESP=1
13516746	42	STIM=o
13522848	42	RESP=1
13533976	42	STIM=j
13538501	42	RESP=1
13552127	42	STIM=5
13556949	42	RESP=1
13567193	42	STIM=z
13573910	42	RESP=1
13584445	42	STIM=2
13592188	42	RESP=2
13600963	42	STIM=u
13605458	42	RESP=1
13616315	42	STIM=1
13623541	42	RESP=2
13634957	42	STIM=4
13641159	42	RESP=2
13653929	42	STIM=8
13660248	42	RESP=2
13671948	42	STIM=q
13677180	42	RESP=1
13689297	42	STIM=g
13697899	42	RESP=1
13705604	42	STIM=q
13711634	42	RESP=2
13722405	42	STIM=z
13727936	42	RESP=1
13737645	42	STIM=8
13742602	42	RESP=2
13752930	42	STIM=w
13757802	42	RESP=1
13768811	42	STIM=6
13773510	42	RESP=2
13787496	42	STIM=i
13793226	42	RESP=1
13803019	42	STIM=j
13808261	42	RESP=1
13821423	42	STIM=n
13826144	42	RESP=1
13839069	42	STIM=e
13845832	42	RESP=1
13856858	42	STIM=i
13860198	42	RESP=1
13873534	42	STIM=c
13878502	42	RESP=1
13888583	42	STIM=i
13894330	42	RESP=1
13906717	42	STIM=2
13913680	42	RESP=2
13925290	42	STIM=j
13930933	42	RESP=1
13941629	42	STIM=0
13947572	42	RESP=1
13960081	42	STIM=e
13964973	42	RESP=1
13978236	42	STIM=o
13983075	42	RESP=1
13993461	42	STIM=z
13997005	42	RESP=1
14009049	42	STIM=u
14012424	42	RESP=1
14027786	42	STIM=q
14035428	42	RESP=1
14044463	42	STIM=a
14049274	42	RESP=1
14061951	42	STIM=k
14064624	42	RESP=1
14078883	42	STIM=0
14087604	42	RESP=2
14096060	42	STIM=g
14099592	42	RESP=1
14113450	42	STIM=s
14121128	42	RESP=1
14128931	42	STIM=x
14134846	42	RESP=1
14143972	42	STIM=l
14147463	42	RESP=1
14159865	42	STIM=p
14165679	42	RESP=1
14177956	42	STIM=x
14185151	42	RESP=1
14196641	42	STIM=g
14202264	42	RESP=1
14215583	42	STIM=l
14220591	42	RESP=1
14232210	42	STIM=3
14236882	42	RESP=1
14250419	42	STIM=f
14255908	42	RESP=1
14267597	42	STIM=s
14275077	42	RESP=1
14284576	42	STIM=i
14290643	42	RESP=1
14301898	42	STIM=7
14306311	42	RESP=2
14319993	42	STIM=r
14325506	42	RESP=1
14335949	42	STIM=r
14343442	42	RESP=1
14354681	42	STIM=7
14359901	42	RESP=2
14370276	42	STIM=w
14374218	42	RESP=1
14385863	42	STIM=1
14391349	42	RESP=2
14402332	42	STIM=i
14406015	42	RESP=1
14418791	42	STIM=i
14423494	42	RESP=1
14434793	42	STIM=p
14438103	42	RESP=1
14451863	42	STIM=z
14455481	42	RESP=1
14469948	42	STIM=v
14474690	42	RESP=1
14487349	42	STIM=f
14494873	42	RESP=1
14503304	42	STIM=z
14509688	42	RESP=1
14519053	42	STIM=f
14526271	42	RESP=2
14534894	42	STIM=4
14540925	42	RESP=2
14550937	42	STIM=i
14555917	42	RESP=1
14567418	42	STIM=0
14573545	42	RESP=2
14585155	42	STIM=k
14591446	42	RESP=1
14602122	42	STIM=0
14607162	42	RESP=2
14618382	42	STIM=r
14622223	42	RESP=1
14634209	42	STIM=p
14638177	42	RESP=1
14652891	42	STIM=t
14655855	42	RESP=1
14671090	42	STIM=o
14674928	42	RESP=1
14686677	42	STIM=n
14692892	42	RESP=1
14704550	42	STIM=i
14709608	42	RESP=1
14720443	42	STIM=s
14725256	42	RESP=1
14735765	42	STIM=s
14741329	42	RESP=1
14752105	42	STIM=6
14756128	42	RESP=2
14769053	42	STIM=m
14778820	42	RESP=1
14786673	42	STIM=u
14790938	42	RESP=1
14805460	42	STIM=v
14809565	42	RESP=1
14823734	42	STIM=z
14826515	42	RESP=1
14839277	42	STIM=m
14842396	42	RESP=1
14856948	42	STIM=2
14862649	42	RESP=1
14874831	42	STIM=5
14879219	42	RESP=2
14893380	42	STIM=3
14898369	42	RESP=2
14908786	42	STIM=b
14912923	42	RESP=2
14925676	42	STIM=1
14933495	42	RESP=2
14942111	42	STIM=b
14948976	42	RESP=2
14960052	42	STIM=g
14963767	42	RESP=1
14976784	42	STIM=l
14985533	42	RESP=1
14994050	42	STIM=w
14999976	42	RESP=1
15012761	42	STIM=n
15017193	42	RESP=1
15029684	42	STIM=g
15033016	42	RESP=1
15045163	42	STIM=9
15052406	42	RESP=2
15061842	42	STIM=7
15066988	42	RESP=2
15076846	42	STIM=i
15081075	42	RESP=1
15093465	42	STIM=f
15097113	42	RESP=1
15109578	42	STIM=f
15114989	42	RESP=1
15126289	42	STIM=m
15130447	42	RESP=1
15144271	42	STIM=q
15152168	42	RESP=1
15162734	42	STIM=u
15167095	42	RESP=1
15177745	42	STIM=h
15181417	42	RESP=1
15196111	42	STIM=g
15198763	42	RESP=1
15212824	42	STIM=t
15216825	42	RESP=1
15228731	42	STIM=m
15234246	42	RESP=1
15243754	42	STIM=0
15247958	42	RESP=2
15259511	42	STIM=i
15265779	42	RESP=1
15276687	42	STIM=i
15281049	42	RESP=1
15293134	42	STIM=4
15301263	42	RESP=2
15310382	42	STIM=w
15316016	42	RESP=1
15329059	42	STIM=g
15333151	42	RESP=1
15346875	42	STIM=l
15349987	42	RESP=1
15365186	42	STIM=i
15371900	42	RESP=1
15383974	42	STIM=1
15388459	42	RESP=2
15401264	42	STIM=z
15404413	42	RESP=1
15419382	42	STIM=d
15422744	42	RESP=1
15437745	42	STIM=t
15443273	42	RESP=1
15455735	42	STIM=x
15458722	42	RESP=1
15471837	42	STIM=p
15477992	42	RESP=1
15487253	42	STIM=g
15490396	42	RESP=1
15506118	42	STIM=0
15511197	42	RESP=2
15523010	42	STIM=b
15528603	42	RESP=1
15540379	42	STIM=u
15542814	42	RESP=1
15558850	42	STIM=t
15562176	42	RESP=1
15574313	42	STIM=a
15579736	42	RESP=1
15592770	42	STIM=p
15595557	42	RESP=1
15610886	42	STIM=p
15615099	42	RESP=1
15626471	42	STIM=q
15630469	42	RESP=1
15645256	42	STIM=n
15651179	42	RESP=1
15660481	42	STIM=m
15664983	42	RESP=1
15675579	42	STIM=z
15679061	42	RESP=1
15692734	42	STIM=p
15695347	42	RESP=1
15711219	42	STIM=9
15715181	42	RESP=2
15729598	42	STIM=0
15734815	42	RESP=2
15748303	42	STIM=r
15754498	42	RESP=1
15765724	42	STIM=6
15769992	42	RESP=1
15784377	42	STIM=k
15792688	42	RESP=2
15799411	42	STIM=i
15802834	42	RESP=1
15816834	42	STIM=1
15821312	42	RESP=2
15834246	42	STIM=5
15840700	42	RESP=2
15850130	42	STIM=t
15853940	42	RESP=1
15865704	42	STIM=i
15869323	42	RESP=1
15881573	42	STIM=8
15889832	42	RESP=2
15898559	42	STIM=a
15901763	42	RESP=1
15914279	42	STIM=l
15918831	42	RESP=1
15929641	42	STIM=y
15936064	42	RESP=1
15944762	42	STIM=8
15948939	42	RESP=2
15962643	42	STIM=n
15969185	42	RESP=1
15979750	42	STIM=o
15986096	42	RESP=1
15996075	42	STIM=g
15999033	42	RESP=1
16012400	42	STIM=c
16015717	42	RESP=1
16028888	42	STIM=k
16033502	42	RESP=1
16047455	42	STIM=p
16049940	42	RESP=1
16065258	42	STIM=z
16071459	42	RESP=1
16082310	42	STIM=z
16092317	42	RESP=1
16100809	42	STIM=m
16105428	42	RESP=1
16119800	42	STIM=g
16124190	42	RESP=1
16136646	42	STIM=6
16141181	42	RESP=2
16153335	42	STIM=m
16155999	42	RESP=1
16170035	42	STIM=o
16174657	42	RESP=1
16187953	42	STIM=h
16193684	42	RESP=1
16203595	42	STIM=d
16207746	42	RESP=1
16220488	42	STIM=w
16224522	42	RESP=1
16236945	42	STIM=7
16241881	42	RESP=2
16254954	42	STIM=h
16261114	42	RESP=1
16272566	42	STIM=s
16278752	42	RESP=1
16288379	42	STIM=q
16293007	42	RESP=1
16304542	42	STIM=3
16309476	42	RESP=1
16321824	42	STIM=u
16325297	42	RESP=1
16338426	42	STIM=v
16342154	42	RESP=1
16354012	42	STIM=c
16359248	42	RESP=2
16372858	42	STIM=5
16378021	42	RESP=2
16388404	42	STIM=r
16391071	42	RESP=1
16405686	42	STIM=r
16414804	42	RESP=1
16421585	42	STIM=y
16424694	42	RESP=1
16440299	42	STIM=d
16444474	42	RESP=2
16456236	42	STIM=s
16460731	42	RESP=1
16472392	42	STIM=x
16476277	42	RESP=1
16489392	42	STIM=0
16494888	42	RESP=2
16507758	42	STIM=j
16512943	42	RESP=1
16523141	42	STIM=w
16527367	42	RESP=1
16538844	42	STIM=d
16544492	42	RESP=1
16554963	42	STIM=c
16560311	42	RESP=1
16571688	42	STIM=a
16575316	42	RESP=1
16587115	42	STIM=3
16593695	42	RESP=2
16604607	42	STIM=o
16607873	42	RESP=1
16620385	42	STIM=g
16624624	42	RESP=1
16639294	42	STIM=q
16644044	42	RESP=1
16654658	42	STIM=o
16658605	42	RESP=1
16672585	42	STIM=t
16677935	42	RESP=1
16690844	42	STIM=e
16696712	42	RESP=1
16706810	42	STIM=i
16710887	42	RESP=1
16721956	42	STIM=h
16728402	42	RESP=1
16739646	42	STIM=m
16743716	42	RESP=1
16757556	42	STIM=b
16761752	42	RESP=1
16775532	42	STIM=o
16779096	42	RESP=1
16792074	42	STIM=q
16798569	42	RESP=1
16809975	42	STIM=o
16815336	42	RESP=1
16826225	42	STIM=2
16829422	42	RESP=1
16844868	42	STIM=5
16852093	42	RESP=2
16861844	42	STIM=1
16868038	42	RESP=2
16877114	42	STIM=t
16880615	42	RESP=1
16894525	42	STIM=u
16899410	42	RESP=1
16912183	42	STIM=z
16916415	42	RESP=1
16928003	42	STIM=4
16932332	42	RESP=2
16946843	42	STIM=2
16954794	42	RESP=2
16965197	42	STIM=k
16970012	42	RESP=1
16983121	42	STIM=n
16987332	42	RESP=1
16999644	42	STIM=d
17007711	42	RESP=1
17018081	42	STIM=k
17023048	42	RESP=1
17034141	42	STIM=n
17037888	42	RESP=1
17049306	42	STIM=0
17055765	42	RESP=2
17068262	42	STIM=g
17072058	42	RESP=1
17084724	42	STIM=o
17090208	42	RESP=1
17102042	42	STIM=u
17106491	42	RESP=1
17117716	42	STIM=a
17125068	42	RESP=1
17135919	42	STIM=p
17141928	42	RESP=1
17153138	42	STIM=7
17161055	42	RESP=2
17169752	42	STIM=6
17177715	42	RESP=2
17187672	42	STIM=e
17191571	42	RESP=1
17202768	42	STIM=f
17207716	42	RESP=1
17219362	42	STIM=i
17224180	42	RESP=1
17234849	42	STIM=v
17239569	42	RESP=1
17251101	42	STIM=a
17257029	42	RESP=1
17268726	42	STIM=y
17273769	42	RESP=1
17284292	42	STIM=s
17289254	42	RESP=1
17301458	42	STIM=e
17306140	42	RESP=1
17317224	42	STIM=v
17319840	42	RESP=1
17335147	42	STIM=0
17339786	42	RESP=2
17350554	42	STIM=k
17356954	42	RESP=1
17368015	42	STIM=s
17373146	42	RESP=1
17383221	42	STIM=2
17387839	42	RESP=2
17401107	42	STIM=1
17406258	42	RESP=2
17419191	42	STIM=m
17424219	42	RESP=1
17436057	42	STIM=l
17440019	42	RESP=1
17453481	42	STIM=x
17460260	42	RESP=1
17471601	42	STIM=a
17476858	42	RESP=1
17488726	42	STIM=k
17492270	42	RESP=1
17505734	42	STIM=a
17513224	42	RESP=1
17523065	42	STIM=f
17526202	42	RESP=1
17540110	42	STIM=o
17542913	42	RESP=1
17557427	42	STIM=m
17561419	42	RESP=1
17575889	42	STIM=s
17579405	42	RESP=1
17592518	42	STIM=m
17596308	42	RESP=1
17607928	42	STIM=s
17612415	42	RESP=1
17626257	42	STIM=1
17631005	42	RESP=2
17643694	42	STIM=5
17648078	42	RESP=1
17662671	42	STIM=9
17669425	42	RESP=1
17680337	42	STIM=5
17687710	42	RESP=2
17696326	42	STIM=s
17699295	42	RESP=1
17711804	42	STIM=x
17716689	42	RESP=1
17730261	42	STIM=k
17733559	42	RESP=1
17748280	42	STIM=4
17753866	42	RESP=2
17763957	42	STIM=3
17767989	42	RESP=2
17780441	42	STIM=c
17785443	42	RESP=1
17796930	42	STIM=z
17801542	42	RESP=1
17815746	42	STIM=g
17820473	42	RESP=1
17832537	42	STIM=o
17835495	42	RESP=1
17851184	42	STIM=s
17859683	42	RESP=1
17866446	42	STIM=a
17872932	42	RESP=1
17881899	42	STIM=4
17887190	42	RESP=2
17899173	42	STIM=n
17904417	42	RESP=1
17917898	42	STIM=p
17922777	42	RESP=1
17935267	42	STIM=y
17940842	42	RESP=1
17952856	42	STIM=3
17958960	42	RESP=2
17969123	42	STIM=j
17973636	42	RESP=1
17986036	42	STIM=x
17989698	42	RESP=1
18002124	42	STIM=o
18006145	42	RESP=1
18018117	42	STIM=o
18024253	42	RESP=1
18035056	42	STIM=l
18039724	42	RESP=1
18054024	42	STIM=0
18060530	42	RESP=2
18072174	42	STIM=6
18077904	42	RESP=2
18090205	42	STIM=x
18095917	42	RESP=1
18106484	42	STIM=7
18113568	42	RESP=2
18123695	42	STIM=q
18128375	42	RESP=1
18141511	42	STIM=8
18144933	42	RESP=2
18160149	42	STIM=y
18165430	42	RESP=1
18175235	42	STIM=t
18180380	42	RESP=1
18190706	42	STIM=r
18194057	42	RESP=1
18208459	42	STIM=e
18212147	42	RESP=1
18226201	42	STIM=e
18229786	42	RESP=1
18242846	42	STIM=r
18246932	42	RESP=1
18257908	42	STIM=9
18269111	42	RESP=2
18275360	42	STIM=e
18281311	42	RESP=1
18293365	42	STIM=u
18297203	42	RESP=1
18309349	42	STIM=7
18313716	42	RESP=2
18325173	42	STIM=1
18332285	42	RESP=2
18342990	42	STIM=d
18346996	42	RESP=1
18360460	42	STIM=a
18362944	42	RESP=1
18377423	42	STIM=c
18381943	42	RESP=1
18392437	42	STIM=f
18398885	42	RESP=1
18407741	42	STIM=n
18413440	42	RESP=1
18423433	42	STIM=r
18426884	42	RESP=1
18439835	42	STIM=y
18443326	42	RESP=1
18457967	42	STIM=e
18461827	42	RESP=1
18473203	42	STIM=k
18479759	42	RESP=1
18491495	42	STIM=n
18496950	42	RESP=1
18509857	42	STIM=7
18514993	42	RESP=2
18526431	42	STIM=g
18532017	42	RESP=2
18544594	42	STIM=x
18548643	42	RESP=1
18562098	42	STIM=9
18566297	42	RESP=2
18578123	42	STIM=f
18583173	42	RESP=1
18597003	42	STIM=q
18604945	42	RESP=1
18615194	42	STIM=8
18618766	42	RESP=2
18633074	42	STIM=e
18640687	42	RESP=1
18651178	42	STIM=a
18654829	42	RESP=1
18669040	42	STIM=9
18675908	42	RESP=2
18687014	42	STIM=a
18693104	42	RESP=1
18704003	42	STIM=a
18714127	42	RESP=2
18719379	42	STIM=4
18723561	42	RESP=2
18736865	42	STIM=4
18744817	42	RESP=2
18752890	42	STIM=y
18756761	42	RESP=1
18770709	42	STIM=e
18776018	42	RESP=1
18787741	42	STIM=l
18790509	42	RESP=1
18806001	42	STIM=b
18809930	42	RESP=1
18821260	42	STIM=a
18827884	42	RESP=1
18837501	42	STIM=t
18845121	42	RESP=1
18855556	42	STIM=s
18862212	42	RESP=1
18872453	42	STIM=a
18876627	42	RESP=1
18890786	42	STIM=6
18899337	42	RESP=1
18908566	42	STIM=m
18913214	42	RESP=1
18923797	42	STIM=s
18928077	42	RESP=1
18940057	42	STIM=h
18944479	42	RESP=1
18957553	42	STIM=z
18964669	42	RESP=1
18972642	42	STIM=k
18977385	42	RESP=1
18988543	42	STIM=r
18996600	42	RESP=1
19003714	42	STIM=v
19008502	42	RESP=1
19019196	42	STIM=3
19024463	42	RESP=2
19035939	42	STIM=9
19040358	42	RESP=2
19053923	42	STIM=i
19061359	42	RESP=1
19069548	42	STIM=d
19073433	42	RESP=1
19085234	42	STIM=y
19091537	42	RESP=1
19101682	42	STIM=j
19105991	42	RESP=1
19117723	42	STIM=f
19122992	42	RESP=1
19134546	42	STIM=p
19138148	42	RESP=1
19150919	42	STIM=3
19156406	42	RESP=2
19168920	42	STIM=z
19176383	42	RESP=1
19187209	42	STIM=2
19196084	42	RESP=2
19202576	42	STIM=w
19208031	42	RESP=1
19217671	42	STIM=q
19222011	42	RESP=1
19232869	42	STIM=f
19239932	42	RESP=1
19249450	42	STIM=p
19256628	42	RESP=1
19266241	42	STIM=2
19271577	42	RESP=2
19284218	42	STIM=c
19287950	42	RESP=1
19300240	42	STIM=i
19304394	42	RESP=1
19318147	42	STIM=6
19323069	42	RESP=2
19335023	42	STIM=9
19339476	42	RESP=2
19352861	42	STIM=6
19359530	42	RESP=2
19371037	42	STIM=1
19377074	42	RESP=2
19386324	42	STIM=g
19389882	42	RESP=1
19404086	42	STIM=r
19407035	42	RESP=1
19420236	42	STIM=g
19424553	42	RESP=1
19435723	42	STIM=y
19440762	42	RESP=1
19454418	42	STIM=z
19457632	42	RESP=1
19472699	42	STIM=w
19475243	42	RESP=2
19487893	42	STIM=2
19492477	42	RESP=2
19505565	42	STIM=1
19510266	42	RESP=2
19522097	42	STIM=e
19526763	42	RESP=1
19540083	42	STIM=d
19546606	42	RESP=1
19557894	42	STIM=s
19562896	42	RESP=1
19574507	42	STIM=e
19578210	42	RESP=1
19590947	42	STIM=b
19596599	42	RESP=1
19607907	42	STIM=d
19612711	42	RESP=1
19624766	42	STIM=g
19630459	42	RESP=1
19641619	42	STIM=v
19646165	42	RESP=1
19657814	42	STIM=o
19661438	42	RESP=1
19675652	42	STIM=a
19678769	42	RESP=1
19694633	42	STIM=6
19703942	42	RESP=1
19710904	42	STIM=k
19717941	42	RESP=1
19729778	42	STIM=s
19732613	42	RESP=1
19747383	42	STIM=a
19752263	42	RESP=1
19762786	42	STIM=x
19770459	42	RESP=1
19778037	42	STIM=n
19782255	42	RESP=1
19795509	42	STIM=6
19800785	42	RESP=2
19813602	42	STIM=5
19820342	42	RESP=2
19831315	42	STIM=l
19836569	42	RESP=1
19846499	42	STIM=c
19850740	42	RESP=1
19862389	42	STIM=t
19870084	42	RESP=1
19880183	42	STIM=y
19884864	42	RESP=1
19895913	42	STIM=j
19900783	42	RESP=1
19912136	42	STIM=6
19919741	42	RESP=1
19927755	42	STIM=l
19932325	42	RESP=1
19944768	42	STIM=d
19948378	42	RESP=1
19962056	42	STIM=l
19966254	42	RESP=1
19980123	42	STIM=z
19985942	42	RESP=1
19997308	42	STIM=w
20002912	42	RESP=1
20014307	42	STIM=4
20019979	42	RESP=2
20032410	42	STIM=3
20038620	42	RESP=1
20050234	42	STIM=v
20054330	42	RESP=1
20065618	42	STIM=p
20068864	42	RESP=1
20084032	42	STIM=p
20088501	42	RESP=1
20100037	42	STIM=v
20104899	42	RESP=1
20115981	42	STIM=u
20120073	42	RESP=1
20133273	42	STIM=l
20136485	42	RESP=1
20149394	42	STIM=m
20155017	42	RESP=1
20165842	42	STIM=p
20172362	42	RESP=1
20180981	42	STIM=e
20185708	42	RESP=1
20196435	42	STIM=u
20201852	42	RESP=1
20212129	42	STIM=u
20217879	42	RESP=1
20230236	42	STIM=r
20239950	42	RESP=1
20249059	42	STIM=s
20252587	42	RESP=1
20265869	42	STIM=w
20269748	42	RESP=1
20281018	42	STIM=d
20284286	42	RESP=1
20296265	42	STIM=5
20302352	42	RESP=2
20312698	42	STIM=7
20317068	42	RESP=2
20330330	42	STIM=p
20339494	42	RESP=1
20347994	42	STIM=6
20352503	42	RESP=2
20364794	42	STIM=f
20369524	42	RESP=1
20379983	42	STIM=a
20384497	42	RESP=1
20395784	42	STIM=j
20399964	42	RESP=1
20413501	42	STIM=4
20420240	42	RESP=2
20432183	42	STIM=n
20437785	42	RESP=1
20449487	42	STIM=t
20454042	42	RESP=1
20467918	42	STIM=3
20473057	42	RESP=1
20483352	42	STIM=z
20489059	42	RESP=1
20498674	42	STIM=u
20506472	42	RESP=1
20517357	42	STIM=i
20520851	42	RESP=1
20534769	42	STIM=b
20541934	42	RESP=1
20550462	42	STIM=l
20554635	42	RESP=1
20565781	42	STIM=c
20569312	42	RESP=1
20582306	42	STIM=k
20588292	42	RESP=1
20599194	42	STIM=x
20605339	42	RESP=1
20617372	42	STIM=v
20621070	42	RESP=1
20634501	42	STIM=2
20641211	42	RESP=2
20652806	42	STIM=p
20656332	42	RESP=1
20671523	42	STIM=m
20675798	42	RESP=1
20689905	42	STIM=3
20698026	42	RESP=2
20706461	42	STIM=o
20710890	42	RESP=1
20725390	42	STIM=j
20729131	42	RESP=1
20744388	42	STIM=b
20749699	42	RESP=1
20763227	42	STIM=u
20768166	42	RESP=1
20779294	42	STIM=8
20782415	42	RESP=2
20798168	42	STIM=p
20803529	42	RESP=1
20813301	42	STIM=f
20816458	42	RESP=1
20830409	42	STIM=h
20835519	42	RESP=1
20848589	42	STIM=q
20856301	42	RESP=1
20865647	42	STIM=v
20875450	42	RESP=2
20881518	42	STIM=t
20885953	42	RESP=1
20898768	42	STIM=l
20902491	42	RESP=1
20913909	42	STIM=s
20918339	42	RESP=1
20931124	42	STIM=o
20936306	42	RESP=1
20946721	42	STIM=7
20953030	42	RESP=2
20965481	42	STIM=s
20971848	42	RESP=1
20983153	42	STIM=h
20985579	42	RESP=1
21001682	42	STIM=v
21005392	42	RESP=1
21020247	42	STIM=t
21026765	42	RESP=1
21036045	42	STIM=c
21039576	42	RESP=1
21053651	42	STIM=a
21058827	42	RESP=1
21069416	42	STIM=t
21073389	42	RESP=1
21084704	42	STIM=0
21089198	42	RESP=1
21101197	42	STIM=7
21107769	42	RESP=2
21117307	42	STIM=z
21121656	42	RESP=1
21136084	42	STIM=4
21142643	42	RESP=2
21153275	42	STIM=7
21161161	42	RESP=2
21171022	42	STIM=h
21175726	42	RESP=2
21186560	42	STIM=e
21189592	42	RESP=1
21203728	42	STIM=p
21207942	42	RESP=1
21221750	42	STIM=x
21231323	42	RESP=1
21240051	42	STIM=2
21244048	42	RESP=2
21255720	42	STIM=r
21260436	42	RESP=1
21274588	42	STIM=3
21282145	42	RESP=2
21293335	42	STIM=d
21298846	42	RESP=1
21309651	42	STIM=4
21314336	42	RESP=2
21328574	42	STIM=z
21331422	42	RESP=1
21347308	42	STIM=x
21350751	42	RESP=1
21366239	42	STIM=9
21371725	42	RESP=2
21383153	42	STIM=m
21389270	42	RESP=1
21398285	42	STIM=m
21402676	42	RESP=1
21415409	42	STIM=1
21419656	42	RESP=2
21430604	42	STIM=c
21434930	42	RESP=1
21446283	42	STIM=e
21449495	42	RESP=1
21461456	42	STIM=9
21465780	42	RESP=2
21477831	42	STIM=r
21482104	42	RESP=1
21496084	42	STIM=i
21499681	42	RESP=1
21514359	42	STIM=b
21518545	42	RESP=1
21531412	42	STIM=3
21536013	42	RESP=2
21549204	42	STIM=j
21552184	42	RESP=1
21566451	42	STIM=3
21573272	42	RESP=2
21582409	42	STIM=v
21588815	42	RESP=1
21599040	42	STIM=y
21606199	42	RESP=1
21616868	42	STIM=o
21620672	42	RESP=1
21632332	42	STIM=q
21634990	42	RESP=1
21648983	42	STIM=k
21652133	42	RESP=1
21666691	42	STIM=o
21670213	42	RESP=1
21685156	42	STIM=h
21693750	42	RESP=1
21703188	42	STIM=a
21710691	42	RESP=1
21718267	42	STIM=8
21722282	42	RESP=2
