# Original filename: 0048_MPU_2016-12-24.log
# Time unit: 100 us
# RARECAT=digit
#
# Time	HHGG	Event
27816	42	STIM=n
32392	42	RESP=1
43250	42	STIM=l
50149	42	RESP=1
61008	42	STIM=0
67085	42	RESP=2
76477	42	STIM=u
81881	42	RESP=1
92984	42	STIM=g
98308	42	RESP=1
111908	42	STIM=d
118174	42	RESP=1
129989	42	STIM=v
132826	42	RESP=1
146633	42	STIM=8
154026	42	RESP=1
163156	42	STIM=s
169185	42	RESP=1
181239	42	STIM=k
188496	42	RESP=1
199678	42	STIM=n
203439	42	RESP=1
216836	42	STIM=l
220527	42	RESP=1
233424	42	STIM=c
241514	42	RESP=1
250425	42	STIM=2
260587	42	RESP=2
266477	42	STIM=j
272443	42	RESP=1
282668	42	STIM=l
288960	42	RESP=1
301357	42	STIM=1
309540	42	RESP=2
316501	42	STIM=0
324649	42	RESP=2
333366	42	STIM=q
339920	42	RESP=1
349175	42	STIM=m
355399	42	RESP=1
366870	42	STIM=r
371114	42	RESP=1
385822	42	STIM=h
391420	42	RESP=1
402705	42	STIM=6
407814	42	RESP=2
417710	42	STIM=q
423552	42	RESP=1
434703	42	STIM=b
438677	42	RESP=1
451616	42	STIM=x
458932	42	RESP=1
470186	42	STIM=z
476886	42	RESP=1
488322	42	STIM=b
493038	42	RESP=1
503539	42	STIM=x
508632	42	RESP=1
520316	42	STIM=u
525990	42	RESP=1
537781	42	STIM=n
542195	42	RESP=1
554765	42	STIM=t
561179	42	RESP=1
573281	42	STIM=t
579800	42	RESP=1
589135	42	STIM=h
594028	42	RESP=1
604645	42	STIM=t
608527	42	RESP=1
622422	42	STIM=z
627470	42	RESP=1
638977	42	STIM=y
644110	42	RESP=1
654850	42	STIM=5
661303	42	RESP=2
673732	42	STIM=m
677877	42	RESP=1
691841	42	STIM=m
698302	42	RESP=1
708355	42	STIM=s
711533	42	RESP=1
725092	42	STIM=o
731888	42	RESP=1
743032	42	STIM=g
748546	42	RESP=1
758663	42	STIM=j
765023	42	RESP=2
775077	42	STIM=l
778579	42	RESP=1
791722	42	STIM=n
795269	42	RESP=1
810387	42	STIM=j
820788	42	RESP=1
825472	42	STIM=b
832644	42	RESP=1
843664	42	STIM=a
849951	42	RESP=1
861575	42	STIM=g
870151	42	RESP=1
880109	42	STIM=c
887848	42	RESP=1
898004	42	STIM=j
901375	42	RESP=1
915188	42	STIM=j
920570	42	RESP=1
930216	42	STIM=7
937798	42	RESP=2
947469	42	STIM=4
953933	42	RESP=1
962727	42	STIM=r
967182	42	RESP=1
979991	42	STIM=i
994452	42	RESP=1
995854	42	STIM=q
999399	42	RESP=1
1012913	42	STIM=5
1019953	42	RESP=2
1030290	42	STIM=2
1036264	42	RESP=2
1047181	42	STIM=r
1050644	42	RESP=1
1065790	42	STIM=d
1071537	42	RESP=1
1084299	42	STIM=o
1088536	42	RESP=1
1102182	42	STIM=h
1109084	42	RESP=1
1118707	42	STIM=f
1123584	42	RESP=1
1134784	42	STIM=7
1140969	42	RESP=1
1150795	42	STIM=h
1156415	42	RESP=1
1168685	42	STIM=l
1175581	42	RESP=1
1186235	42	STIM=y
1189679	42	RESP=1
1201509	42	STIM=w
1209375	42	RESP=1
1218472	42	STIM=b
1224669	42	RESP=1
1236938	42	STIM=4
1246396	42	RESP=2
1254551	42	STIM=m
1261810	42	RESP=1
1269610	42	STIM=n
1274389	42	RESP=1
1286307	42	STIM=o
1291410	42	RESP=1
1301619	42	STIM=y
1305771	42	RESP=1
1316925	42	STIM=v
1325586	42	RESP=1
1333859	42	STIM=s
1342754	42	RESP=1
1351763	42	STIM=o
1357353	42	RESP=1
1370009	42	STIM=o
1376100	42	RESP=1
1387204	42	STIM=z
1393500	42	RESP=1
1403826	42	STIM=o
1409326	42	RESP=1
1419083	42	STIM=4
1424776	42	RESP=1
1437402	42	STIM=v
1441773	42	RESP=1
1452974	42	STIM=r
1456503	42	RESP=1
1470132	42	STIM=b
1478665	42	RESP=1
1485666	42	STIM=v
1495085	42	RESP=1
1503820	42	STIM=a
1514517	42	RESP=1
1519568	42	STIM=k
1524984	42	RESP=1
1537608	42	STIM=z
1545577	42	RESP=1
1553893	42	STIM=j
1559729	42	RESP=1
1570274	42	STIM=b
1574125	42	RESP=1
1588100	42	STIM=y
1593022	42	RESP=1
1603801	42	STIM=w
1609094	42	RESP=1
1619746	42	STIM=m
1623748	42	RESP=1
1636195	42	STIM=l
1644769	42	RESP=1
1653397	42	STIM=c
1662268	42	RESP=1
1669645	42	STIM=x
1676742	42	RESP=1
1685841	42	STIM=n
1693106	42	RESP=1
1704377	42	STIM=f
1711789	42	RESP=1
1723370	42	STIM=m
1729594	42	RESP=1
1741348	42	STIM=g
1746199	42	RESP=1
1759532	42	STIM=j
1771254	42	RESP=1
1775677	42	STIM=q
1781591	42	RESP=2
1792152	42	STIM=d
1797088	42	RESP=1
1809923	42	STIM=8
1816110	42	RESP=2
1827664	42	STIM=s
1833136	42	RESP=1
1844565	42	STIM=e
1851041	42	RESP=1
1860949	42	STIM=e
1867646	42	RESP=1
1876540	42	STIM=s
1884395	42	RESP=1
1894522	42	STIM=i
1901749	42	RESP=1
1912619	42	STIM=0
1918214	42	RESP=1
1930216	42	STIM=i
1937318	42	RESP=1
1947812	42	STIM=q
1953062	42	RESP=1
1963820	42	STIM=t
1967452	42	RESP=1
1980282	42	STIM=c
1984168	42	RESP=1
1996587	42	STIM=r
2006682	42	RESP=1
2011738	42	STIM=m
2019744	42	RESP=1
2030254	42	STIM=x
2035065	42	RESP=1
2045831	42	STIM=r
2051179	42	RESP=1
2063281	42	STIM=o
2067576	42	RESP=1
2078454	42	STIM=2
2086093	42	RESP=2
2095012	42	STIM=x
2099782	42	RESP=1
2111783	42	STIM=q
2115649	42	RESP=1
2127298	42	STIM=s
2133159	42	RESP=1
2143308	42	STIM=v
2154084	42	RESP=2
2159358	42	STIM=w
2166039	42	RESP=1
2177599	42	STIM=d
2182025	42	RESP=1
2194362	42	STIM=c
2197441	42	RESP=1
2209585	42	STIM=o
2217542	42	RESP=1
2228126	42	STIM=6
2233927	42	RESP=2
2246336	42	STIM=2
2252086	42	RESP=1
2263639	42	STIM=6
2268935	42	RESP=2
2281296	42	STIM=k
2288448	42	RESP=1
2297576	42	STIM=q
2302427	42	RESP=1
2315499	42	STIM=q
2319912	42	RESP=1
2331517	42	STIM=h
2336813	42	RESP=1
2348536	42	STIM=o
2353993	42	RESP=1
2364287	42	STIM=j
2368452	42	RESP=1
2383191	42	STIM=b
2390530	42	RESP=1
2401553	42	STIM=g
2412824	42	RESP=1
2416884	42	STIM=f
2421336	42	RESP=1
2433070	42	STIM=d
2437998	42	RESP=1
2449377	42	STIM=p
2455466	42	RESP=2
2464960	42	STIM=g
2470054	42	RESP=1
2483349	42	STIM=5
2488547	42	RESP=2
2501237	42	STIM=m
2504757	42	RESP=1
2519571	42	STIM=g
2529814	42	RESP=1
2534780	42	STIM=l
2548378	42	RESP=1
2550639	42	STIM=o
2554843	42	RESP=1
2567119	42	STIM=p
2570750	42	RESP=1
2582740	42	STIM=p
2589098	42	RESP=1
2598536	42	STIM=f
2603249	42	RESP=1
2613803	42	STIM=c
2623699	42	RESP=2
2629802	42	STIM=d
2637185	42	RESP=1
2645674	42	STIM=7
2652048	42	RESP=1
2661421	42	STIM=1
2667348	42	RESP=2
2680281	42	STIM=v
2685330	42	RESP=1
2695564	42	STIM=t
2700309	42	RESP=1
2710740	42	STIM=i
2717673	42	RESP=1
2726567	42	STIM=u
2733759	42	RESP=1
2744246	42	STIM=a
2749154	42	RESP=1
2759973	42	STIM=f
2765460	42	RESP=1
2778613	42	STIM=o
2784887	42	RESP=1
2794502	42	STIM=z
2801631	42	RESP=1
2810252	42	STIM=t
2816406	42	RESP=2
2826956	42	STIM=5
2831100	42	RESP=2
2844078	42	STIM=b
2851829	42	RESP=1
2861985	42	STIM=a
2867549	42	RESP=1
2879857	42	STIM=w
2884866	42	RESP=1
2895531	42	STIM=0
2904209	42	RESP=2
2913035	42	STIM=b
2915994	42	RESP=1
2928331	42	STIM=t
2934342	42	RESP=1
2944991	42	STIM=c
2950959	42	RESP=1
2961785	42	STIM=f
2965448	42	RESP=1
2979071	42	STIM=z
2985555	42	RESP=1
2997793	42	STIM=2
3003490	42	RESP=2
3014189	42	STIM=d
3020674	42	RESP=1
3030252	42	STIM=h
3039951	42	RESP=1
3048045	42	STIM=q
3056428	42	RESP=1
3064812	42	STIM=q
3070973	42	RESP=1
3081240	42	STIM=b
3087037	42	RESP=1
3100187	42	STIM=n
3104518	42	RESP=1
3115387	42	STIM=o
3124023	42	RESP=1
3132090	42	STIM=b
3139896	42	RESP=1
3147500	42	STIM=k
3158145	42	RESP=2
3162645	42	STIM=s
3168191	42	RESP=1
3179131	42	STIM=n
3185634	42	RESP=1
3197383	42	STIM=q
3207364	42	RESP=1
3212664	42	STIM=q
3215247	42	RESP=1
3228092	42	STIM=h
3231169	42	RESP=1
3244846	42	STIM=x
3249864	42	RESP=1
3263114	42	STIM=j
3266904	42	RESP=1
3280658	42	STIM=k
3287804	42	RESP=1
3297049	42	STIM=5
3301898	42	RESP=2
3314134	42	STIM=r
3319626	42	RESP=1
3332749	42	STIM=9
3341867	42	RESP=1
3350730	42	STIM=m
3355626	42	RESP=1
3368099	42	STIM=a
3373357	42	RESP=1
3384154	42	STIM=b
3388556	42	RESP=1
3402484	42	STIM=p
3411724	42	RESP=1
3417617	42	STIM=n
3424220	42	RESP=1
3433049	42	STIM=s
3440256	42	RESP=1
3449727	42	STIM=l
3454909	42	RESP=1
3467858	42	STIM=9
3475577	42	RESP=1
3485330	42	STIM=t
3488786	42	RESP=1
3501375	42	STIM=i
3505584	42	RESP=1
3519759	42	STIM=n
3526142	42	RESP=1
3535688	42	STIM=e
3541898	42	RESP=1
3553398	42	STIM=b
3558365	42	RESP=1
3570158	42	STIM=k
3576102	42	RESP=1
3587123	42	STIM=n
3590795	42	RESP=1
3604084	42	STIM=4
3613123	42	RESP=2
3622082	42	STIM=5
3627340	42	RESP=2
3638685	42	STIM=r
3642334	42	RESP=1
3657346	42	STIM=p
3664612	42	RESP=1
3673396	42	STIM=a
3677903	42	RESP=1
3690799	42	STIM=i
3694685	42	RESP=2
3708984	42	STIM=w
3714958	42	RESP=1
3725120	42	STIM=a
3731164	42	RESP=1
3743219	42	STIM=y
3756375	42	RESP=1
3758928	42	STIM=q
3763301	42	RESP=1
3773946	42	STIM=y
3779652	42	RESP=1
3790021	42	STIM=v
3797732	42	RESP=1
3807293	42	STIM=e
3812885	42	RESP=1
3824926	42	STIM=g
3828934	42	RESP=1
3841403	42	STIM=2
3848599	42	RESP=2
3858817	42	STIM=7
3865012	42	RESP=2
3876656	42	STIM=p
3880846	42	RESP=1
3892606	42	STIM=q
3897229	42	RESP=1
3910419	42	STIM=1
3915046	42	RESP=2
3928581	42	STIM=d
3934629	42	RESP=1
3944384	42	STIM=z
3947453	42	RESP=1
3962558	42	STIM=o
3968009	42	RESP=1
3981141	42	STIM=x
3984443	42	RESP=1
3999327	42	STIM=l
4007636	42	RESP=1
4014838	42	STIM=e
4019420	42	RESP=1
4033837	42	STIM=c
4038642	42	RESP=1
4048850	42	STIM=h
4057413	42	RESP=2
4064027	42	STIM=2
4072357	42	RESP=1
4082653	42	STIM=9
4092990	42	RESP=2
4100608	42	STIM=a
4114158	42	RESP=1
4118522	42	STIM=n
4122230	42	RESP=1
4136783	42	STIM=x
4141777	42	RESP=1
4152268	42	STIM=l
4156991	42	RESP=1
4169302	42	STIM=t
4177050	42	RESP=1
4187944	42	STIM=5
4194001	42	RESP=2
4206239	42	STIM=a
4217002	42	RESP=1
4224500	42	STIM=i
4228086	42	RESP=1
4241370	42	STIM=p
4246052	42	RESP=1
4258913	42	STIM=u
4263106	42	RESP=1
4274592	42	STIM=i
4281030	42	RESP=1
4290279	42	STIM=j
4296908	42	RESP=1
4305875	42	STIM=1
4312759	42	RESP=2
4320960	42	STIM=j
4326310	42	RESP=1
4336978	42	STIM=g
4349540	42	RESP=1
4354951	42	STIM=3
4360649	42	RESP=2
4373668	42	STIM=c
4390000	42	RESP=1
4390699	42	STIM=6
4399004	42	RESP=2
4408750	42	STIM=e
4413810	42	RESP=1
4427458	42	STIM=m
4431605	42	RESP=2
4442619	42	STIM=u
4449734	42	RESP=1
4461406	42	STIM=q
4465971	42	RESP=1
4477211	42	STIM=m
4485705	42	RESP=1
4493207	42	STIM=n
4500463	42	RESP=2
4509425	42	STIM=1
4514476	42	RESP=2
4527491	42	STIM=f
4533665	42	RESP=1
4546329	42	STIM=u
4555011	42	RESP=1
4563174	42	STIM=5
4571903	42	RESP=2
4579031	42	STIM=y
4583030	42	RESP=2
4594516	42	STIM=v
4599822	42	RESP=1
4609517	42	STIM=j
4614368	42	RESP=1
4625430	42	STIM=m
4632158	42	RESP=1
4643189	42	STIM=6
4649201	42	RESP=2
4660226	42	STIM=m
4664148	42	RESP=1
4676406	42	STIM=m
4679641	42	RESP=1
4694063	42	STIM=p
4698143	42	RESP=1
4709253	42	STIM=c
4719084	42	RESP=1
4725660	42	STIM=0
4731303	42	RESP=2
4741770	42	STIM=b
4745981	42	RESP=1
4759392	42	STIM=n
4762302	42	RESP=1
4776393	42	STIM=4
4782781	42	RESP=2
4792386	42	STIM=j
4797516	42	RESP=1
4807624	42	STIM=e
4813978	42	RESP=1
4825588	42	STIM=8
4830062	42	RESP=2
4841755	42	STIM=w
4847791	42	RESP=1
4857566	42	STIM=r
4861711	42	RESP=1
4874965	42	STIM=0
4886102	42	RESP=2
4892048	42	STIM=u
4899910	42	RESP=1
4909416	42	STIM=m
4913913	42	RESP=1
4927317	42	STIM=w
4934666	42	RESP=1
4942413	42	STIM=s
4948762	42	RESP=1
4959639	42	STIM=6
4966404	42	RESP=2
4974786	42	STIM=e
4978178	42	RESP=1
4991520	42	STIM=u
4998413	42	RESP=1
5008555	42	STIM=9
5015406	42	RESP=2
5025921	42	STIM=i
5030326	42	RESP=1
5041215	42	STIM=7
5053659	42	RESP=2
5058118	42	STIM=y
5063298	42	RESP=1
5076618	42	STIM=t
5083058	42	RESP=1
5092810	42	STIM=9
5098808	42	RESP=2
5110335	42	STIM=p
5114605	42	RESP=1
5128234	42	STIM=j
5133634	42	RESP=1
5145134	42	STIM=e
5154277	42	RESP=1
5161939	42	STIM=4
5167396	42	RESP=2
5179734	42	STIM=z
5187634	42	RESP=1
5196788	42	STIM=1
5201959	42	RESP=1
5214747	42	STIM=d
5219449	42	RESP=1
5230726	42	STIM=c
5233965	42	RESP=1
5246893	42	STIM=g
5257828	42	RESP=1
5265257	42	STIM=r
5269668	42	RESP=1
5281896	42	STIM=h
5290365	42	RESP=1
5299921	42	STIM=r
5305568	42	RESP=1
5318560	42	STIM=v
5324545	42	RESP=1
5335141	42	STIM=l
5340534	42	RESP=1
5353678	42	STIM=t
5358427	42	RESP=1
5369673	42	STIM=t
5374263	42	RESP=1
5388519	42	STIM=t
5394447	42	RESP=1
5404708	42	STIM=t
5411287	42	RESP=2
5420428	42	STIM=1
5427394	42	RESP=2
5437458	42	STIM=b
5440896	42	RESP=1
5454058	42	STIM=f
5456645	42	RESP=1
5472374	42	STIM=o
5477231	42	RESP=1
5488566	42	STIM=j
5494442	42	RESP=1
5505933	42	STIM=x
5511253	42	RESP=1
5524356	42	STIM=m
5529113	42	RESP=1
5542586	42	STIM=k
5547010	42	RESP=1
5559585	42	STIM=d
5565866	42	RESP=1
5576803	42	STIM=p
5581718	42	RESP=1
5595415	42	STIM=s
5601739	42	RESP=1
5610981	42	STIM=x
5613963	42	RESP=1
5627132	42	STIM=r
5631123	42	RESP=1
5645198	42	STIM=i
5651530	42	RESP=1
5661470	42	STIM=f
5666140	42	RESP=1
5677098	42	STIM=g
5684567	42	RESP=2
5693911	42	STIM=u
5698039	42	RESP=1
5711421	42	STIM=e
5719952	42	RESP=2
5729674	42	STIM=s
5735876	42	RESP=1
5746707	42	STIM=w
5752758	42	RESP=1
5764208	42	STIM=l
5770330	42	RESP=1
5780463	42	STIM=r
5787438	42	RESP=1
5798575	42	STIM=v
5805674	42	RESP=1
5813616	42	STIM=z
5820038	42	RESP=1
5830462	42	STIM=u
5837936	42	RESP=1
5848854	42	STIM=d
5854461	42	RESP=2
5865174	42	STIM=n
5871353	42	RESP=2
5881258	42	STIM=p
5893338	42	RESP=1
5897768	42	STIM=b
5903799	42	RESP=1
5915340	42	STIM=o
5918816	42	RESP=1
5931317	42	STIM=k
5936637	42	RESP=1
5947775	42	STIM=h
5952735	42	RESP=1
5964184	42	STIM=7
5974373	42	RESP=1
5979198	42	STIM=s
5982728	42	RESP=1
5996204	42	STIM=q
6002156	42	RESP=2
6013190	42	STIM=g
6021147	42	RESP=1
6028805	42	STIM=a
6032969	42	RESP=1
6045850	42	STIM=n
6049700	42	RESP=1
6062585	42	STIM=t
6070071	42	RESP=1
6080759	42	STIM=0
6086786	42	RESP=2
6096085	42	STIM=4
6102089	42	RESP=2
6113628	42	STIM=u
6119382	42	RESP=1
6128968	42	STIM=q
6131697	42	RESP=1
6144456	42	STIM=z
6154113	42	RESP=1
6161589	42	STIM=f
6166201	42	RESP=1
6177244	42	STIM=w
6186784	42	RESP=1
6195983	42	STIM=6
6204877	42	RESP=2
6213859	42	STIM=y
6220005	42	RESP=1
6232854	42	STIM=i
6236973	42	RESP=1
6251169	42	STIM=x
6259369	42	RESP=1
6268036	42	STIM=4
6274117	42	RESP=2
6283709	42	STIM=k
6289154	42	RESP=1
6302463	42	STIM=p
6311026	42	RESP=1
6319660	42	STIM=9
6324562	42	RESP=2
6338547	42	STIM=j
6346884	42	RESP=1
6356730	42	STIM=y
6362278	42	RESP=1
6372018	42	STIM=u
6376932	42	RESP=1
6390817	42	STIM=u
6398083	42	RESP=1
6408276	42	STIM=u
6411962	42	RESP=1
6426470	42	STIM=4
6437756	42	RESP=2
6442799	42	STIM=j
6450588	42	RESP=2
6459094	42	STIM=6
6467084	42	RESP=2
6474704	42	STIM=i
6480721	42	RESP=1
6489814	42	STIM=h
6494450	42	RESP=1
6505744	42	STIM=m
6510474	42	RESP=1
6523873	42	STIM=y
6529948	42	RESP=1
6539600	42	STIM=j
6544257	42	RESP=2
6557892	42	STIM=5
6563347	42	RESP=2
6574256	42	STIM=m
6578765	42	RESP=1
6593089	42	STIM=d
6600774	42	RESP=1
6609691	42	STIM=4
6615072	42	RESP=2
6628276	42	STIM=m
6636520	42	RESP=1
6644858	42	STIM=o
6653344	42	RESP=1
6661536	42	STIM=j
6668084	42	RESP=1
6678332	42	STIM=y
6684920	42	RESP=1
6694345	42	STIM=0
6698853	42	RESP=2
6709803	42	STIM=6
6714650	42	RESP=2
6727361	42	STIM=o
6733427	42	RESP=1
6745387	42	STIM=e
6749137	42	RESP=1
6760497	42	STIM=8
6764782	42	RESP=2
6775673	42	STIM=n
6780774	42	RESP=1
6791388	42	STIM=o
6795040	42	RESP=1
6807330	42	STIM=1
6817879	42	RESP=2
6824651	42	STIM=t
6829874	42	RESP=1
6842456	42	STIM=9
6846603	42	RESP=2
6858473	42	STIM=l
6864556	42	RESP=1
6874509	42	STIM=v
6880998	42	RESP=1
6893169	42	STIM=f
6904059	42	RESP=1
6911729	42	STIM=b
6919692	42	RESP=1
6929915	42	STIM=p
6939152	42	RESP=1
6945516	42	STIM=d
6949669	42	RESP=1
6963067	42	STIM=i
6967687	42	RESP=1
6980570	42	STIM=9
6986305	42	RESP=2
6996141	42	STIM=6
7001276	42	RESP=2
7011346	42	STIM=1
7015967	42	RESP=1
7030159	42	STIM=q
7036263	42	RESP=1
7047945	42	STIM=y
7050283	42	RESP=1
7065874	42	STIM=y
7073265	42	RESP=1
7081716	42	STIM=l
7085493	42	RESP=1
7098233	42	STIM=t
7101601	42	RESP=1
7114697	42	STIM=c
7120447	42	RESP=2
7132661	42	STIM=p
7139877	42	RESP=1
7150237	42	STIM=x
7158128	42	RESP=1
7166800	42	STIM=q
7171883	42	RESP=1
7182200	42	STIM=u
7194233	42	RESP=1
7198865	42	STIM=t
7202822	42	RESP=1
7215120	42	STIM=1
7221067	42	RESP=2
7232947	42	STIM=c
7240362	42	RESP=1
7248471	42	STIM=s
7252322	42	RESP=1
7263982	42	STIM=4
7267733	42	RESP=2
7280035	42	STIM=k
7285333	42	RESP=1
7295511	42	STIM=4
7306481	42	RESP=2
7313396	42	STIM=a
7317463	42	RESP=1
7328960	42	STIM=w
7332768	42	RESP=1
7346560	42	STIM=q
7352121	42	RESP=1
7364503	42	STIM=y
7368442	42	RESP=1
7382738	42	STIM=2
7388220	42	RESP=2
7400240	42	STIM=k
7404129	42	RESP=1
7418067	42	STIM=y
7424989	42	RESP=1
7435385	42	STIM=t
7439896	42	RESP=1
7452363	42	STIM=0
7458657	42	RESP=2
7467752	42	STIM=l
7470294	42	RESP=1
7486408	42	STIM=1
7492274	42	RESP=2
7503569	42	STIM=i
7510617	42	RESP=1
7520533	42	STIM=q
7525827	42	RESP=1
7537080	42	STIM=b
7539876	42	RESP=1
7554249	42	STIM=u
7557843	42	RESP=1
7571831	42	STIM=q
7575927	42	RESP=1
7590411	42	STIM=2
7598963	42	RESP=2
7605925	42	STIM=5
7615223	42	RESP=2
7622173	42	STIM=7
7629853	42	RESP=2
7640588	42	STIM=r
7644670	42	RESP=1
7659337	42	STIM=x
7662732	42	RESP=2
7677355	42	STIM=q
7685084	42	RESP=1
7693992	42	STIM=e
7699846	42	RESP=1
7712756	42	STIM=l
7718783	42	RESP=1
7730092	42	STIM=q
7733693	42	RESP=1
7747723	42	STIM=f
7754361	42	RESP=1
7764075	42	STIM=c
7769614	42	RESP=1
7783073	42	STIM=z
7788422	42	RESP=1
7801564	42	STIM=0
7805464	42	RESP=2
7817164	42	STIM=r
7824238	42	RESP=1
7833469	42	STIM=u
7838044	42	RESP=1
7849905	42	STIM=t
7854481	42	RESP=1
7867408	42	STIM=f
7871565	42	RESP=1
7885587	42	STIM=9
7890726	42	RESP=2
7900635	42	STIM=k
7905597	42	RESP=1
7915696	42	STIM=9
7921026	42	RESP=2
7932365	42	STIM=b
7938052	42	RESP=1
7947394	42	STIM=i
7953649	42	RESP=1
7963162	42	STIM=y
7967990	42	RESP=1
7978723	42	STIM=a
7982172	42	RESP=1
7997500	42	STIM=f
8009546	42	RESP=1
8014976	42	STIM=w
8018919	42	RESP=1
8032322	42	STIM=r
8040100	42	RESP=1
8050287	42	STIM=0
8056473	42	RESP=2
8068485	42	STIM=7
8075702	42	RESP=2
8084709	42	STIM=a
8091818	42	RESP=1
8101368	42	STIM=h
8105678	42	RESP=1
8117916	42	STIM=x
8126758	42	RESP=1
8136352	42	STIM=c
8142769	42	RESP=1
8154183	42	STIM=w
8158843	42	RESP=1
8173076	42	STIM=j
8177281	42	RESP=1
8189096	42	STIM=b
8196095	42	RESP=1
8205094	42	STIM=r
8214871	42	RESP=1
8223259	42	STIM=4
8228453	42	RESP=2
8238298	42	STIM=j
8242678	42	RESP=1
8256378	42	STIM=x
8261936	42	RESP=1
8274955	42	STIM=m
8283563	42	RESP=1
8290599	42	STIM=k
8301260	42	RESP=1
8305971	42	STIM=m
8312174	42	RESP=1
8322490	42	STIM=7
8328529	42	RESP=2
8340699	42	STIM=6
8347211	42	RESP=1
8358161	42	STIM=i
8362108	42	RESP=1
8376912	42	STIM=i
8383084	42	RESP=1
8393553	42	STIM=e
8398534	42	RESP=1
8410895	42	STIM=5
8416381	42	RESP=2
8428587	42	STIM=t
8433872	42	RESP=1
8446102	42	STIM=g
8454642	42	RESP=1
8461569	42	STIM=z
8466860	42	RESP=1
8478033	42	STIM=j
8485916	42	RESP=2
8494276	42	STIM=r
8500119	42	RESP=1
8512359	42	STIM=4
8522589	42	RESP=2
8528950	42	STIM=w
8533236	42	RESP=1
8545340	42	STIM=q
8549424	42	RESP=1
8562060	42	STIM=m
8564713	42	RESP=1
8578212	42	STIM=u
8583904	42	RESP=1
8594003	42	STIM=y
8598987	42	RESP=1
8609643	42	STIM=c
8618646	42	RESP=1
8624939	42	STIM=7
8633237	42	RESP=2
8640911	42	STIM=p
8648357	42	RESP=1
8656821	42	STIM=s
8662062	42	RESP=1
8673581	42	STIM=e
8683133	42	RESP=1
8688920	42	STIM=b
8692979	42	RESP=1
8704017	42	STIM=d
8708834	42	RESP=1
8720843	42	STIM=s
8724949	42	RESP=1
8736086	42	STIM=4
8742927	42	RESP=2
8754422	42	STIM=m
8762875	42	RESP=1
8769649	42	STIM=7
8775703	42	RESP=2
8788605	42	STIM=1
8796520	42	RESP=2
8803905	42	STIM=o
8808687	42	RESP=1
8822637	42	STIM=6
8826534	42	RESP=2
8838047	42	STIM=c
8843843	42	RESP=1
8855622	42	STIM=j
8859684	42	RESP=1
8873304	42	STIM=d
8880173	42	RESP=1
8890495	42	STIM=y
8897137	42	RESP=1
8908846	42	STIM=b
8913873	42	RESP=1
8924816	42	STIM=d
8927710	42	RESP=2
8942603	42	STIM=5
8950792	42	RESP=2
8960533	42	STIM=w
8964717	42	RESP=1
8975885	42	STIM=u
8982524	42	RESP=1
8993937	42	STIM=f
8997658	42	RESP=1
9009632	42	STIM=t
9013394	42	RESP=1
9027757	42	STIM=p
9031862	42	RESP=1
9045529	42	STIM=i
9049828	42	RESP=1
9060710	42	STIM=z
9065984	42	RESP=1
9076142	42	STIM=m
9079025	42	RESP=1
9092523	42	STIM=q
9096314	42	RESP=1
9110552	42	STIM=l
9115491	42	RESP=1
9127759	42	STIM=2
9132306	42	RESP=2
9145390	42	STIM=7
9150357	42	RESP=2
9162453	42	STIM=e
9168347	42	RESP=1
9178789	42	STIM=n
9183173	42	RESP=1
9196433	42	STIM=u
9202249	42	RESP=1
9213849	42	STIM=k
9217430	42	RESP=1
9230447	42	STIM=w
9237240	42	RESP=1
9245730	42	STIM=z
9250054	42	RESP=1
9263667	42	STIM=r
9269077	42	RESP=1
9278988	42	STIM=c
9285137	42	RESP=1
9297264	42	STIM=g
9300226	42	RESP=1
9312766	42	STIM=v
9321563	42	RESP=1
9328458	42	STIM=j
9332034	42	RESP=1
9346394	42	STIM=f
9351033	42	RESP=2
9363265	42	STIM=g
9366897	42	RESP=1
9380877	42	STIM=w
9383910	42	RESP=1
9396452	42	STIM=i
9399911	42	RESP=1
9412331	42	STIM=4
9420524	42	RESP=2
9427551	42	STIM=h
9431265	42	RESP=1
9443493	42	STIM=s
9450567	42	RESP=1
9461114	42	STIM=8
9471283	42	RESP=2
9479657	42	STIM=d
9482444	42	RESP=1
9495387	42	STIM=n
9499551	42	RESP=1
9513884	42	STIM=9
9517488	42	RESP=2
9530529	42	STIM=r
9540593	42	RESP=1
9546739	42	STIM=k
9552376	42	RESP=1
9563088	42	STIM=q
9571722	42	RESP=1
9581020	42	STIM=b
9587501	42	RESP=1
9596895	42	STIM=s
9603979	42	RESP=1
9613305	42	STIM=8
9618479	42	RESP=2
9632060	42	STIM=7
9640875	42	RESP=2
9648194	42	STIM=6
9652936	42	RESP=2
9666097	42	STIM=s
9670853	42	RESP=1
9684086	42	STIM=q
9689868	42	RESP=1
9700369	42	STIM=c
9705622	42	RESP=1
9715889	42	STIM=8
9722886	42	RESP=2
9733827	42	STIM=z
9740484	42	RESP=1
9750194	42	STIM=d
9753107	42	RESP=1
9767570	42	STIM=0
9773996	42	RESP=2
9782695	42	STIM=l
9786520	42	RESP=2
9800087	42	STIM=k
9805078	42	RESP=1
9817180	42	STIM=b
9821730	42	RESP=1
9832309	42	STIM=2
9838424	42	RESP=1
9849336	42	STIM=1
9853836	42	RESP=2
9865209	42	STIM=b
9874690	42	RESP=1
9880695	42	STIM=r
9883851	42	RESP=1
9899666	42	STIM=c
9908826	42	RESP=1
9915858	42	STIM=o
9922724	42	RESP=1
9933294	42	STIM=q
9938620	42	RESP=1
9949518	42	STIM=2
9954680	42	RESP=2
9964742	42	STIM=h
9970938	42	RESP=1
9981671	42	STIM=2
9992795	42	RESP=2
9998621	42	STIM=p
10003870	42	RESP=1
10015933	42	STIM=a
10021629	42	RESP=2
10034538	42	STIM=1
10040398	42	RESP=2
10052857	42	STIM=v
10058234	42	RESP=1
10069281	42	STIM=w
10075063	42	RESP=1
10085631	42	STIM=e
10092802	42	RESP=1
10101190	42	STIM=r
10108840	42	RESP=1
10117888	42	STIM=h
10122854	42	RESP=1
10136564	42	STIM=l
10142709	42	RESP=1
10154905	42	STIM=u
10163013	42	RESP=1
10171040	42	STIM=r
10176490	42	RESP=1
10187041	42	STIM=i
10189882	42	RESP=1
10203725	42	STIM=d
10208745	42	RESP=1
10220716	42	STIM=h
10225777	42	RESP=1
10239525	42	STIM=8
10245115	42	RESP=2
10257583	42	STIM=e
10263638	42	RESP=1
10273657	42	STIM=0
10281349	42	RESP=2
10291255	42	STIM=a
10299172	42	RESP=2
10307710	42	STIM=7
10313358	42	RESP=2
10326400	42	STIM=i
10330501	42	RESP=1
10342300	42	STIM=q
10349390	42	RESP=1
10359677	42	STIM=7
10364779	42	RESP=2
10376220	42	STIM=a
10382132	42	RESP=1
10391840	42	STIM=r
10396544	42	RESP=1
10407825	42	STIM=l
10413496	42	RESP=1
10423495	42	STIM=d
10429219	42	RESP=1
10439035	42	STIM=v
10442015	42	RESP=1
10455928	42	STIM=t
10458764	42	RESP=1
10472162	42	STIM=7
10481321	42	RESP=2
10488438	42	STIM=2
10494997	42	RESP=2
10505932	42	STIM=d
10514159	42	RESP=2
10523202	42	STIM=b
10531929	42	RESP=1
10540567	42	STIM=k
10543727	42	RESP=1
10556514	42	STIM=i
10559689	42	RESP=1
10574342	42	STIM=n
10577480	42	RESP=1
10591503	42	STIM=v
10597475	42	RESP=1
10606904	42	STIM=e
10609859	42	RESP=1
10625871	42	STIM=y
10629401	42	RESP=1
10640928	42	STIM=9
10647740	42	RESP=2
10657588	42	STIM=4
10662417	42	RESP=2
10674325	42	STIM=0
10679975	42	RESP=1
10691965	42	STIM=3
10700431	42	RESP=2
10710703	42	STIM=8
10720804	42	RESP=2
10726819	42	STIM=1
10736883	42	RESP=2
10742108	42	STIM=w
10750959	42	RESP=1
10757461	42	STIM=3
10767305	42	RESP=2
10774074	42	STIM=c
10779892	42	RESP=2
10792702	42	STIM=w
10803305	42	RESP=1
10810106	42	STIM=0
10815768	42	RESP=2
10826297	42	STIM=z
10830881	42	RESP=1
10843761	42	STIM=u
10852819	42	RESP=1
10862160	42	STIM=l
10867974	42	RESP=1
10878054	42	STIM=2
10884185	42	RESP=2
10896269	42	STIM=l
10902363	42	RESP=1
10912374	42	STIM=w
10915893	42	RESP=1
10927842	42	STIM=c
10932864	42	RESP=1
10944932	42	STIM=1
10953035	42	RESP=2
10961367	42	STIM=e
10968860	42	RESP=1
10977752	42	STIM=0
10984237	42	RESP=2
10996526	42	STIM=n
11001741	42	RESP=1
11015058	42	STIM=l
11019853	42	RESP=1
11032892	42	STIM=q
11038158	42	RESP=2
11048230	42	STIM=4
11054719	42	RESP=2
11066689	42	STIM=9
11074400	42	RESP=2
11083162	42	STIM=i
11089496	42	RESP=1
11098271	42	STIM=u
11103834	42	RESP=1
11115991	42	STIM=z
11120265	42	RESP=1
11133631	42	STIM=q
11139197	42	RESP=1
11149505	42	STIM=g
11155937	42	RESP=1
11165637	42	STIM=m
11172257	42	RESP=1
11181637	42	STIM=e
11186153	42	RESP=1
11200110	42	STIM=e
11203345	42	RESP=1
11218252	42	STIM=u
11221809	42	RESP=1
11233293	42	STIM=e
11239863	42	RESP=1
11249915	42	STIM=t
11256526	42	RESP=1
11265720	42	STIM=v
11273109	42	RESP=1
11282215	42	STIM=z
11291078	42	RESP=1
11301052	42	STIM=z
11304073	42	RESP=1
11318541	42	STIM=s
11321646	42	RESP=1
11334627	42	STIM=m
11338538	42	RESP=1
11353497	42	STIM=b
11359224	42	RESP=1
11370725	42	STIM=o
11380198	42	RESP=1
11388347	42	STIM=u
11397420	42	RESP=1
11403395	42	STIM=2
11409153	42	RESP=2
11420149	42	STIM=t
11426512	42	RESP=1
11435641	42	STIM=e
11440281	42	RESP=1
11454420	42	STIM=v
11462810	42	RESP=1
11472806	42	STIM=g
11479688	42	RESP=1
11491221	42	STIM=g
11495855	42	RESP=1
11506999	42	STIM=k
11513832	42	RESP=1
11522484	42	STIM=j
11529299	42	RESP=1
11540325	42	STIM=7
11547654	42	RESP=1
11557682	42	STIM=p
11565818	42	RESP=2
11574702	42	STIM=9
11580973	42	RESP=1
11592284	42	STIM=o
11597153	42	RESP=1
11608509	42	STIM=a
11612854	42	RESP=1
11627030	42	STIM=b
11633098	42	RESP=2
11645465	42	STIM=t
11648752	42	RESP=1
11661583	42	STIM=c
11667557	42	RESP=1
11680008	42	STIM=a
11685130	42	RESP=1
11695568	42	STIM=t
11700349	42	RESP=1
11711077	42	STIM=u
11718019	42	RESP=1
11726762	42	STIM=z
11733453	42	RESP=1
11742371	42	STIM=e
11751240	42	RESP=1
11758596	42	STIM=a
11763062	42	RESP=1
11775161	42	STIM=i
11781267	42	RESP=1
11793619	42	STIM=f
11797297	42	RESP=1
11811909	42	STIM=f
11816087	42	RESP=1
11830144	42	STIM=u
11834397	42	RESP=1
11847000	42	STIM=i
11850205	42	RESP=1
11865110	42	STIM=l
11879444	42	RESP=1
11882259	42	STIM=d
11890274	42	RESP=1
11898729	42	STIM=w
11905745	42	RESP=1
11914866	42	STIM=t
11920761	42	RESP=1
11933592	42	STIM=4
11938586	42	RESP=2
11949500	42	STIM=e
11957049	42	RESP=1
11966481	42	STIM=s
11973123	42	RESP=1
11983394	42	STIM=9
11989675	42	RESP=2
12002031	42	STIM=1
12007752	42	RESP=2
12019835	42	STIM=1
12025495	42	RESP=2
12035076	42	STIM=j
12038688	42	RESP=1
12053599	42	STIM=1
12060235	42	RESP=1
12070013	42	STIM=4
12074189	42	RESP=2
12087909	42	STIM=a
12092466	42	RESP=1
12105654	42	STIM=5
12112256	42	RESP=2
12124305	42	STIM=0
12135415	42	RESP=1
12141803	42	STIM=g
12145823	42	RESP=1
12157309	42	STIM=l
12162596	42	RESP=1
12175072	42	STIM=h
12181225	42	RESP=1
12191535	42	STIM=b
12196896	42	RESP=1
12208042	42	STIM=a
12211841	42	RESP=1
12226873	42	STIM=8
12235176	42	RESP=2
12243727	42	STIM=y
12247015	42	RESP=1
12261373	42	STIM=q
12268417	42	RESP=1
12277424	42	STIM=f
12283915	42	RESP=1
12293349	42	STIM=9
12299763	42	RESP=2
12312304	42	STIM=8
12318547	42	RESP=2
12330466	42	STIM=j
12337424	42	RESP=1
12347771	42	STIM=r
12351227	42	RESP=1
12366068	42	STIM=r
12371768	42	RESP=1
12382043	42	STIM=o
12388852	42	RESP=1
12397584	42	STIM=t
12404116	42	RESP=1
12416254	42	STIM=z
12420161	42	RESP=1
12432479	42	STIM=c
12439172	42	RESP=1
12449452	42	STIM=d
12455091	42	RESP=1
12465562	42	STIM=e
12471698	42	RESP=1
12483054	42	STIM=x
12491353	42	RESP=1
12500240	42	STIM=a
12506813	42	RESP=1
12517978	42	STIM=u
12524740	42	RESP=1
12533538	42	STIM=y
12538454	42	RESP=1
12550040	42	STIM=k
12558584	42	RESP=1
12568422	42	STIM=m
12571748	42	RESP=1
12585548	42	STIM=0
12593642	42	RESP=2
12601150	42	STIM=y
12604882	42	RESP=1
12616419	42	STIM=w
12621811	42	RESP=1
12635019	42	STIM=0
12646609	42	RESP=2
12652793	42	STIM=r
12660339	42	RESP=1
12671582	42	STIM=5
12677436	42	RESP=2
12687303	42	STIM=x
12696127	42	RESP=2
12703189	42	STIM=z
12708638	42	RESP=1
12719586	42	STIM=h
12722160	42	RESP=1
12738147	42	STIM=i
12744664	42	RESP=1
12754440	42	STIM=i
12759223	42	RESP=1
12772265	42	STIM=u
12778508	42	RESP=1
12791036	42	STIM=s
12796979	42	RESP=1
12807230	42	STIM=i
12811324	42	RESP=2
12826198	42	STIM=u
12834617	42	RESP=1
12841360	42	STIM=j
12846000	42	RESP=1
12859129	42	STIM=h
12864535	42	RESP=1
12874568	42	STIM=r
12877968	42	RESP=1
12893202	42	STIM=p
12900004	42	RESP=1
12910614	42	STIM=y
12918822	42	RESP=1
12929219	42	STIM=v
12934774	42	RESP=1
12944878	42	STIM=8
12950870	42	RESP=2
12963559	42	STIM=o
12967057	42	RESP=1
12980466	42	STIM=f
12985092	42	RESP=1
12998361	42	STIM=8
13003591	42	RESP=2
13015951	42	STIM=l
13023389	42	RESP=1
13031603	42	STIM=i
13036677	42	RESP=1
13047783	42	STIM=u
13051890	42	RESP=1
13065935	42	STIM=v
13071532	42	RESP=1
13083467	42	STIM=q
13090395	42	RESP=1
13099410	42	STIM=o
13103597	42	RESP=1
13115565	42	STIM=5
13121986	42	RESP=2
13131423	42	STIM=z
13135361	42	RESP=1
13149253	42	STIM=m
13155850	42	RESP=1
13166292	42	STIM=k
13171920	42	RESP=1
13183075	42	STIM=o
13187333	42	RESP=1
13198749	42	STIM=t
13202621	42	RESP=1
13217304	42	STIM=g
13220938	42	RESP=1
13232629	42	STIM=a
13235818	42	RESP=1
13251232	42	STIM=6
13259531	42	RESP=1
13268640	42	STIM=2
13274694	42	RESP=2
13287280	42	STIM=o
13296382	42	RESP=2
13306014	42	STIM=e
13309586	42	RESP=1
13323000	42	STIM=s
13330527	42	RESP=1
13339088	42	STIM=s
13348664	42	RESP=1
13355115	42	STIM=y
13358887	42	RESP=1
13373534	42	STIM=u
13378035	42	RESP=1
13389855	42	STIM=l
13394927	42	RESP=1
13406130	42	STIM=a
13409053	42	RESP=1
13424358	42	STIM=q
13427550	42	RESP=1
13441058	42	STIM=v
13443556	42	RESP=1
13457497	42	STIM=c
13462528	42	RESP=1
13475872	42	STIM=y
13483479	42	RESP=1
13493262	42	STIM=p
13504840	42	RESP=1
13511065	42	STIM=b
13516694	42	RESP=1
13529472	42	STIM=f
13533291	42	RESP=1
13547627	42	STIM=9
13552142	42	RESP=2
13565861	42	STIM=f
13570451	42	RESP=1
13582537	42	STIM=g
13590368	42	RESP=2
13598697	42	STIM=w
13602346	42	RESP=1
13614906	42	STIM=3
13627430	42	RESP=1
13632947	42	STIM=p
13637281	42	RESP=1
13649271	42	STIM=l
13652462	42	RESP=1
13664991	42	STIM=0
13673650	42	RESP=1
13680392	42	STIM=d
13684652	42	RESP=1
13697544	42	STIM=d
13705639	42	RESP=1
13714641	42	STIM=z
13718028	42	RESP=1
13732173	42	STIM=a
13735243	42	RESP=1
13748262	42	STIM=p
13753936	42	RESP=1
13765529	42	STIM=t
13770860	42	RESP=1
13783912	42	STIM=q
13789409	42	RESP=1
13802760	42	STIM=9
13808933	42	RESP=2
13821689	42	STIM=w
13829313	42	RESP=1
13837836	42	STIM=5
13847163	42	RESP=1
13855822	42	STIM=1
13866362	42	RESP=2
13871391	42	STIM=f
13876885	42	RESP=1
13887444	42	STIM=j
13892603	42	RESP=1
13905095	42	STIM=i
13908049	42	RESP=1
13922898	42	STIM=5
13928491	42	RESP=2
13939747	42	STIM=h
13944619	42	RESP=1
13957946	42	STIM=o
13962664	42	RESP=1
13975537	42	STIM=w
13981262	42	RESP=1
13993444	42	STIM=c
13999137	42	RESP=1
14011690	42	STIM=b
14017504	42	RESP=1
14027177	42	STIM=6
14036413	42	RESP=2
14045078	42	STIM=8
14052242	42	RESP=2
14063822	42	STIM=1
14074936	42	RESP=1
14080317	42	STIM=u
14084733	42	RESP=1
14097882	42	STIM=l
14101380	42	RESP=1
14113573	42	STIM=7
14122938	42	RESP=2
14131558	42	STIM=2
14137393	42	RESP=2
14150234	42	STIM=5
14155081	42	RESP=2
14167273	42	STIM=n
14173070	42	RESP=1
14184657	42	STIM=q
14193565	42	RESP=1
14202291	42	STIM=o
14207461	42	RESP=1
14217858	42	STIM=1
14227213	42	RESP=2
14233680	42	STIM=f
14239077	42	RESP=1
14251680	42	STIM=a
14257659	42	RESP=1
14268530	42	STIM=s
14274276	42	RESP=1
14285763	42	STIM=x
14293978	42	RESP=1
14302104	42	STIM=4
14307581	42	RESP=2
14319059	42	STIM=8
14325119	42	RESP=1
14336080	42	STIM=j
14340036	42	RESP=1
14351830	42	STIM=m
14356232	42	RESP=1
14370527	42	STIM=h
14378838	42	RESP=1
14387739	42	STIM=r
14393285	42	RESP=1
14403849	42	STIM=f
14409499	42	RESP=1
14419761	42	STIM=q
14426244	42	RESP=1
14435852	42	STIM=l
14440563	42	RESP=1
14452001	42	STIM=v
14456351	42	RESP=1
14468931	42	STIM=l
14475392	42	RESP=1
14485549	42	STIM=6
14489530	42	RESP=2
14501710	42	STIM=c
14508748	42	RESP=1
14518921	42	STIM=g
14522337	42	RESP=1
14537442	42	STIM=z
14549689	42	RESP=1
14552475	42	STIM=f
14558184	42	RESP=1
14568486	42	STIM=0
14572800	42	RESP=2
14586379	42	STIM=e
14592439	42	RESP=1
14603101	42	STIM=1
14607427	42	RESP=2
14619674	42	STIM=w
14625012	42	RESP=1
14634976	42	STIM=l
14639971	42	RESP=1
14650753	42	STIM=o
14658112	42	RESP=1
14667358	42	STIM=s
14671176	42	RESP=1
14683783	42	STIM=8
14693187	42	RESP=2
14702064	42	STIM=5
14707875	42	RESP=1
14717404	42	STIM=e
14722552	42	RESP=1
14732777	42	STIM=t
14738093	42	RESP=1
14749969	42	STIM=m
14753078	42	RESP=1
14765887	42	STIM=o
14772889	42	RESP=1
14783790	42	STIM=t
14789484	42	RESP=1
14801057	42	STIM=v
14807150	42	RESP=1
14817862	42	STIM=8
14824182	42	RESP=1
14834971	42	STIM=q
14841621	42	RESP=1
14853425	42	STIM=5
14863194	42	RESP=2
14871742	42	STIM=9
14878232	42	RESP=2
14890354	42	STIM=0
14899822	42	RESP=1
14906877	42	STIM=l
14909810	42	RESP=1
14923426	42	STIM=i
14927136	42	RESP=1
14941288	42	STIM=f
14947110	42	RESP=1
14956702	42	STIM=r
14964240	42	RESP=1
14972809	42	STIM=p
14978653	42	RESP=1
14990427	42	STIM=7
14995623	42	RESP=2
15006092	42	STIM=y
15010585	42	RESP=1
15022482	42	STIM=8
15031207	42	RESP=2
15039848	42	STIM=n
15049221	42	RESP=1
15056173	42	STIM=1
15063466	42	RESP=2
15073585	42	STIM=d
15081629	42	RESP=1
15089309	42	STIM=w
15094153	42	RESP=1
15107748	42	STIM=s
15116639	42	RESP=1
15124625	42	STIM=8
15133000	42	RESP=2
15141042	42	STIM=d
15144423	42	RESP=1
15156708	42	STIM=j
15163277	42	RESP=2
15174394	42	STIM=5
15179563	42	RESP=2
15189879	42	STIM=y
15195334	42	RESP=1
15208103	42	STIM=9
15215499	42	RESP=2
15226747	42	STIM=f
15232449	42	RESP=1
15244778	42	STIM=y
15249469	42	RESP=1
15261437	42	STIM=w
15269543	42	RESP=1
15279577	42	STIM=b
15284346	42	RESP=1
15295129	42	STIM=f
15299545	42	RESP=1
15310669	42	STIM=e
15315899	42	RESP=1
15325891	42	STIM=6
15333137	42	RESP=2
15341729	42	STIM=h
15349110	42	RESP=1
15358573	42	STIM=i
15370561	42	RESP=1
15376810	42	STIM=r
15381210	42	RESP=1
15393234	42	STIM=y
15398177	42	RESP=2
15412162	42	STIM=w
15418145	42	RESP=1
15428868	42	STIM=2
15433839	42	RESP=1
15443987	42	STIM=b
15455333	42	RESP=2
15459390	42	STIM=y
15466415	42	RESP=1
15476910	42	STIM=9
15485236	42	RESP=2
15492283	42	STIM=0
15500655	42	RESP=2
15507350	42	STIM=k
15510731	42	RESP=1
15522932	42	STIM=9
15527238	42	RESP=2
15541855	42	STIM=9
15548154	42	RESP=2
15560345	42	STIM=v
15572600	42	RESP=1
15578286	42	STIM=e
15582589	42	RESP=1
15596675	42	STIM=x
15607014	42	RESP=1
15614310	42	STIM=p
15620819	42	RESP=1
15629523	42	STIM=i
15632952	42	RESP=1
15645236	42	STIM=2
15653250	42	RESP=2
15660327	42	STIM=e
15664763	42	RESP=1
15678785	42	STIM=d
15681669	42	RESP=1
15697393	42	STIM=t
15710075	42	RESP=1
15714886	42	STIM=b
15719761	42	RESP=1
15729968	42	STIM=v
15735539	42	RESP=1
15745567	42	STIM=6
15750940	42	RESP=2
15761076	42	STIM=r
15767121	42	RESP=1
15778858	42	STIM=l
15782151	42	RESP=1
15795958	42	STIM=x
15803996	42	RESP=1
15814623	42	STIM=5
15821757	42	RESP=2
15832918	42	STIM=8
15839662	42	RESP=2
15849396	42	STIM=l
15861333	42	RESP=1
15866306	42	STIM=y
15871393	42	RESP=1
15885158	42	STIM=9
15897910	42	RESP=2
15900958	42	STIM=n
15904969	42	RESP=1
15917623	42	STIM=c
15922730	42	RESP=1
15932780	42	STIM=y
15937266	42	RESP=1
15950943	42	STIM=k
15957941	42	RESP=1
15968321	42	STIM=b
15982898	42	RESP=1
15983948	42	STIM=l
15989413	42	RESP=1
15999142	42	STIM=f
16002501	42	RESP=1
16017040	42	STIM=b
16023550	42	RESP=1
16033893	42	STIM=3
16038198	42	RESP=2
16052522	42	STIM=a
16058986	42	RESP=1
16070512	42	STIM=c
16081315	42	RESP=1
16087517	42	STIM=z
16090512	42	RESP=1
16105423	42	STIM=m
16110201	42	RESP=1
16122310	42	STIM=d
16128477	42	RESP=1
16140375	42	STIM=f
16146338	42	RESP=1
16158241	42	STIM=a
16167763	42	RESP=1
16176204	42	STIM=x
16179251	42	RESP=1
16191608	42	STIM=v
16196135	42	RESP=1
16209893	42	STIM=m
16214170	42	RESP=1
16226749	42	STIM=k
16232519	42	RESP=1
16245643	42	STIM=f
16250220	42	RESP=1
16262145	42	STIM=6
16266198	42	RESP=1
16279417	42	STIM=x
16283522	42	RESP=2
16297156	42	STIM=d
16304331	42	RESP=1
16313678	42	STIM=w
16321671	42	RESP=1
16330532	42	STIM=z
16335091	42	RESP=1
16346024	42	STIM=4
16354924	42	RESP=1
16363595	42	STIM=5
16367562	42	RESP=2
16381762	42	STIM=g
16386125	42	RESP=1
16400652	42	STIM=2
16406386	42	RESP=2
16415920	42	STIM=e
16424814	42	RESP=1
16433284	42	STIM=j
16437533	42	RESP=1
16449376	42	STIM=1
16456040	42	RESP=2
16465924	42	STIM=k
16473570	42	RESP=1
16481033	42	STIM=i
16489626	42	RESP=2
16497913	42	STIM=1
16506845	42	RESP=1
16513871	42	STIM=e
16519761	42	RESP=1
16530511	42	STIM=q
16538355	42	RESP=1
16547886	42	STIM=n
16551626	42	RESP=1
16565568	42	STIM=x
16572563	42	RESP=2
16581414	42	STIM=q
16586586	42	RESP=1
16596809	42	STIM=a
16601013	42	RESP=2
16615377	42	STIM=c
16619577	42	RESP=1
16632221	42	STIM=p
16636934	42	RESP=1
16649224	42	STIM=n
16657152	42	RESP=1
16666316	42	STIM=9
16671889	42	RESP=2
16681528	42	STIM=a
16687552	42	RESP=1
16696607	42	STIM=g
16701381	42	RESP=1
16715050	42	STIM=h
16721268	42	RESP=1
16733287	42	STIM=w
16739467	42	RESP=1
16749294	42	STIM=z
16753729	42	RESP=1
16766250	42	STIM=p
16772356	42	RESP=1
16783824	42	STIM=v
16786794	42	RESP=1
16800775	42	STIM=8
16809084	42	RESP=2
16816140	42	STIM=b
16821349	42	RESP=1
16832105	42	STIM=e
16839260	42	RESP=1
16849378	42	STIM=x
16856934	42	RESP=1
16867045	42	STIM=i
16872202	42	RESP=2
16884915	42	STIM=z
16889596	42	RESP=1
16901108	42	STIM=z
16906073	42	RESP=1
16917079	42	STIM=h
16922626	42	RESP=1
16933483	42	STIM=x
16940315	42	RESP=1
16948661	42	STIM=r
16953463	42	RESP=1
16964507	42	STIM=j
16968485	42	RESP=1
16982954	42	STIM=s
16986857	42	RESP=1
16998861	42	STIM=c
17003842	42	RESP=2
17014090	42	STIM=5
17019722	42	RESP=2
17033069	42	STIM=z
17036670	42	RESP=1
17050524	42	STIM=b
17057422	42	RESP=1
17066529	42	STIM=g
17073323	42	RESP=1
17082564	42	STIM=x
17092119	42	RESP=1
17101141	42	STIM=3
17109365	42	RESP=2
17119490	42	STIM=5
17126659	42	RESP=2
17135410	42	STIM=r
17139977	42	RESP=1
17151477	42	STIM=n
17159258	42	RESP=1
17166701	42	STIM=z
17171422	42	RESP=1
17182678	42	STIM=t
17185813	42	RESP=1
17199636	42	STIM=d
17205911	42	RESP=1
17214966	42	STIM=2
17223213	42	RESP=2
17230887	42	STIM=e
17236599	42	RESP=1
17249249	42	STIM=x
17258591	42	RESP=1
17265657	42	STIM=e
17269234	42	RESP=1
17282625	42	STIM=r
17289931	42	RESP=1
17299922	42	STIM=a
17303805	42	RESP=1
17318439	42	STIM=1
17322944	42	RESP=1
17336756	42	STIM=p
17339787	42	RESP=1
17354169	42	STIM=n
17360678	42	RESP=1
17372533	42	STIM=f
17379122	42	RESP=1
17390942	42	STIM=w
17401920	42	RESP=1
17406792	42	STIM=h
17416686	42	RESP=1
17424415	42	STIM=a
17432149	42	RESP=1
17442868	42	STIM=p
17452707	42	RESP=1
17458286	42	STIM=5
17463777	42	RESP=2
17473551	42	STIM=r
17478383	42	RESP=1
17489177	42	STIM=m
17494015	42	RESP=1
17504649	42	STIM=g
17516501	42	RESP=1
17520515	42	STIM=w
17526416	42	RESP=1
17535540	42	STIM=y
17539429	42	RESP=1
17551098	42	STIM=k
17557163	42	RESP=1
17566227	42	STIM=h
17572208	42	RESP=1
17581615	42	STIM=2
17592711	42	RESP=2
17598574	42	STIM=p
17601417	42	RESP=1
17615637	42	STIM=i
17621352	42	RESP=2
17630801	42	STIM=p
17634730	42	RESP=1
17647682	42	STIM=a
17651431	42	RESP=1
17665954	42	STIM=q
17676685	42	RESP=1
17684810	42	STIM=t
17690235	42	RESP=1
17703251	42	STIM=g
17707954	42	RESP=1
17721685	42	STIM=f
17730010	42	RESP=1
17740555	42	STIM=y
17745343	42	RESP=2
17757498	42	STIM=c
17762371	42	RESP=1
17776477	42	STIM=7
17780485	42	RESP=2
17794449	42	STIM=z
17797622	42	RESP=1
17813171	42	STIM=3
17818733	42	RESP=2
17831978	42	STIM=5
17840746	42	RESP=2
17848891	42	STIM=c
17857981	42	RESP=1
17866494	42	STIM=q
17872392	42	RESP=1
17884732	42	STIM=s
17889710	42	RESP=2
17903005	42	STIM=d
17908152	42	RESP=1
17920034	42	STIM=p
17926466	42	RESP=1
17935542	42	STIM=9
17941358	42	RESP=2
17951248	42	STIM=n
17957673	42	RESP=1
17968761	42	STIM=l
17973268	42	RESP=1
17985138	42	STIM=p
17991729	42	RESP=1
18003898	42	STIM=d
18006661	42	RESP=1
18022686	42	STIM=o
18028722	42	RESP=1
18040537	42	STIM=l
18048294	42	RESP=1
18055794	42	STIM=6
18060450	42	RESP=2
18072181	42	STIM=m
18076626	42	RESP=1
18087611	42	STIM=u
18092692	42	RESP=1
18103472	42	STIM=h
18108458	42	RESP=1
18119064	42	STIM=a
18123509	42	RESP=1
18134507	42	STIM=d
18137580	42	RESP=1
18150386	42	STIM=l
18154786	42	RESP=1
18168076	42	STIM=d
18172095	42	RESP=1
18184479	42	STIM=4
18190390	42	RESP=2
18199883	42	STIM=c
18204241	42	RESP=1
18216884	42	STIM=g
18222553	42	RESP=1
18232084	42	STIM=s
18238191	42	RESP=1
18247639	42	STIM=b
18252585	42	RESP=1
18265435	42	STIM=k
18272372	42	RESP=1
18282548	42	STIM=3
18288675	42	RESP=2
18301446	42	STIM=k
18306964	42	RESP=1
18319576	42	STIM=k
18323362	42	RESP=1
18337423	42	STIM=x
18340648	42	RESP=1
18356346	42	STIM=7
18361332	42	RESP=2
18375334	42	STIM=n
18379453	42	RESP=2
18391909	42	STIM=6
18397437	42	RESP=2
18409778	42	STIM=s
18414468	42	RESP=1
18425034	42	STIM=i
18430483	42	RESP=1
18443140	42	STIM=y
18447268	42	RESP=1
18458615	42	STIM=n
18464522	42	RESP=1
18476045	42	STIM=m
18485331	42	RESP=1
18494193	42	STIM=w
18497730	42	RESP=1
18512532	42	STIM=z
18523385	42	RESP=1
18528066	42	STIM=q
18532618	42	RESP=1
18546645	42	STIM=2
18553556	42	RESP=2
18562996	42	STIM=m
18570793	42	RESP=1
18580084	42	STIM=u
18587895	42	RESP=1
18598383	42	STIM=8
18605263	42	RESP=2
18615189	42	STIM=i
18618986	42	RESP=1
18633248	42	STIM=u
18638550	42	RESP=1
18651062	42	STIM=7
18657915	42	RESP=2
18666997	42	STIM=e
18670596	42	RESP=1
18683954	42	STIM=i
18688420	42	RESP=1
18699050	42	STIM=5
18703312	42	RESP=1
18717483	42	STIM=n
18720940	42	RESP=1
18733195	42	STIM=d
18738627	42	RESP=1
18751273	42	STIM=r
18754125	42	RESP=1
18768114	42	STIM=0
18773866	42	RESP=2
18783126	42	STIM=z
18790981	42	RESP=1
18798224	42	STIM=p
18805539	42	RESP=2
18813528	42	STIM=h
18819594	42	RESP=1
18831125	42	STIM=a
18839201	42	RESP=1
18846343	42	STIM=r
18850293	42	RESP=1
18863195	42	STIM=r
18869755	42	RESP=2
18878380	42	STIM=b
18884825	42	RESP=1
18896973	42	STIM=g
18901982	42	RESP=1
18912776	42	STIM=o
18920583	42	RESP=1
18927830	42	STIM=c
18931786	42	RESP=1
18944551	42	STIM=f
18955737	42	RESP=1
18961938	42	STIM=k
18967799	42	RESP=1
18977799	42	STIM=v
18985280	42	RESP=1
18995245	42	STIM=d
18999340	42	RESP=1
19014194	42	STIM=i
19017722	42	RESP=1
19030881	42	STIM=s
19035538	42	RESP=1
19047207	42	STIM=x
19054738	42	RESP=1
19063324	42	STIM=s
19068522	42	RESP=1
19082031	42	STIM=9
19087749	42	RESP=2
19098503	42	STIM=0
19104270	42	RESP=2
19114552	42	STIM=k
19118859	42	RESP=1
19131488	42	STIM=e
19137378	42	RESP=1
19150194	42	STIM=d
19156769	42	RESP=1
19166177	42	STIM=v
19171653	42	RESP=1
19184947	42	STIM=a
19189475	42	RESP=1
19202785	42	STIM=q
19206873	42	RESP=1
19219798	42	STIM=a
19222792	42	RESP=1
19238091	42	STIM=z
19242548	42	RESP=1
19257053	42	STIM=r
19266620	42	RESP=1
19275228	42	STIM=r
19282296	42	RESP=2
19291026	42	STIM=1
19296162	42	RESP=2
19306322	42	STIM=2
19312344	42	RESP=2
19324611	42	STIM=k
19331447	42	RESP=1
19340328	42	STIM=d
19344714	42	RESP=1
19356037	42	STIM=d
19359113	42	RESP=1
19374881	42	STIM=5
19379550	42	RESP=2
19391887	42	STIM=t
19395361	42	RESP=1
19410616	42	STIM=2
19416949	42	RESP=2
19426569	42	STIM=f
19432227	42	RESP=1
19444083	42	STIM=a
19451330	42	RESP=1
19461141	42	STIM=p
19467407	42	RESP=1
19478509	42	STIM=r
19485371	42	RESP=1
19494898	42	STIM=v
19504526	42	RESP=1
19510645	42	STIM=t
19517322	42	RESP=1
19526229	42	STIM=a
19529811	42	RESP=1
19544678	42	STIM=r
19549066	42	RESP=1
19561752	42	STIM=v
19569571	42	RESP=1
19580096	42	STIM=f
19589366	42	RESP=1
19595910	42	STIM=k
19599835	42	RESP=1
19613047	42	STIM=t
19619541	42	RESP=1
19631225	42	STIM=3
19636252	42	RESP=1
19648985	42	STIM=u
19659134	42	RESP=1
19667820	42	STIM=2
19676281	42	RESP=2
19683417	42	STIM=3
19695254	42	RESP=2
19702039	42	STIM=w
19707297	42	RESP=1
19719567	42	STIM=5
19727510	42	RESP=2
19736069	42	STIM=v
19741986	42	RESP=1
19754732	42	STIM=f
19757457	42	RESP=1
19770608	42	STIM=h
19777566	42	RESP=1
19788758	42	STIM=i
19793383	42	RESP=1
19807207	42	STIM=g
19812629	42	RESP=1
19823909	42	STIM=x
19830517	42	RESP=1
19841853	42	STIM=h
19853445	42	RESP=1
19858029	42	STIM=n
19866568	42	RESP=1
19873333	42	STIM=f
19880289	42	RESP=1
19889100	42	STIM=4
19892846	42	RESP=2
19904741	42	STIM=e
19909306	42	RESP=1
19920264	42	STIM=1
19924338	42	RESP=2
19936334	42	STIM=k
19945140	42	RESP=1
19952552	42	STIM=n
19958008	42	RESP=1
19968984	42	STIM=e
19975525	42	RESP=1
19986799	42	STIM=n
19992110	42	RESP=1
20005492	42	STIM=h
20011406	42	RESP=1
20021684	42	STIM=v
20029216	42	RESP=1
20040025	42	STIM=3
20046984	42	RESP=2
20056242	42	STIM=v
20065287	42	RESP=1
20072883	42	STIM=b
20078122	42	RESP=1
20089374	42	STIM=6
20094079	42	RESP=1
20108144	42	STIM=y
20112962	42	RESP=1
20123865	42	STIM=2
20129099	42	RESP=2
20139037	42	STIM=5
20145154	42	RESP=2
20158030	42	STIM=t
20162625	42	RESP=1
20176005	42	STIM=d
20180723	42	RESP=1
20192391	42	STIM=a
20197478	42	RESP=1
20208284	42	STIM=q
20216288	42	RESP=1
20224482	42	STIM=m
20229825	42	RESP=1
20242210	42	STIM=y
20247528	42	RESP=1
20260717	42	STIM=g
20263646	42	RESP=1
20278136	42	STIM=7
20284546	42	RESP=2
20293692	42	STIM=f
20304860	42	RESP=1
20309101	42	STIM=f
20314004	42	RESP=1
20324211	42	STIM=d
20332330	42	RESP=1
20341763	42	STIM=p
20346022	42	RESP=1
20360392	42	STIM=n
20364742	42	RESP=1
20376165	42	STIM=z
20386599	42	RESP=1
20394585	42	STIM=n
20401636	42	RESP=1
20411870	42	STIM=s
20415681	42	RESP=1
20428433	42	STIM=t
20438767	42	RESP=1
20445435	42	STIM=q
20454028	42	RESP=1
20460715	42	STIM=g
20470693	42	RESP=2
20476956	42	STIM=o
20483441	42	RESP=1
20494453	42	STIM=w
20499218	42	RESP=1
20511582	42	STIM=k
20515044	42	RESP=1
20529505	42	STIM=d
20534409	42	RESP=1
20546197	42	STIM=3
20553209	42	RESP=2
20563007	42	STIM=a
20569866	42	RESP=1
20578328	42	STIM=u
20585008	42	RESP=2
20595570	42	STIM=q
20601087	42	RESP=1
20610764	42	STIM=t
20615771	42	RESP=1
20627385	42	STIM=w
20633746	42	RESP=2
20645692	42	STIM=g
20651472	42	RESP=1
20664182	42	STIM=9
20669558	42	RESP=2
20682516	42	STIM=o
20687295	42	RESP=1
20697625	42	STIM=k
20705363	42	RESP=1
20715099	42	STIM=m
20718561	42	RESP=1
20732730	42	STIM=j
20736151	42	RESP=1
20748687	42	STIM=m
20752110	42	RESP=1
20765903	42	STIM=w
20770638	42	RESP=1
20781988	42	STIM=b
20793116	42	RESP=1
20799192	42	STIM=t
20804787	42	RESP=1
20814393	42	STIM=e
20824055	42	RESP=2
20831164	42	STIM=1
20836009	42	RESP=2
20848293	42	STIM=9
20855056	42	RESP=2
20864161	42	STIM=a
20874184	42	RESP=1
20880831	42	STIM=s
20888598	42	RESP=1
20898216	42	STIM=i
20905085	42	RESP=1
20914521	42	STIM=9
20919078	42	RESP=2
20932592	42	STIM=7
20946810	42	RESP=1
20948505	42	STIM=t
20953820	42	RESP=1
20967145	42	STIM=4
20976819	42	RESP=1
20984292	42	STIM=l
20987934	42	RESP=1
20999333	42	STIM=g
21006161	42	RESP=1
21016174	42	STIM=c
21020382	42	RESP=1
21033982	42	STIM=v
21040536	42	RESP=1
21049120	42	STIM=d
21054008	42	RESP=2
21065569	42	STIM=k
21074931	42	RESP=1
21082958	42	STIM=h
21093826	42	RESP=1
21098034	42	STIM=v
21102669	42	RESP=1
21115825	42	STIM=8
21126232	42	RESP=2
21132152	42	STIM=f
21139975	42	RESP=1
21149392	42	STIM=z
21159077	42	RESP=1
21166852	42	STIM=f
21175176	42	RESP=1
21184718	42	STIM=u
21189576	42	RESP=1
21203539	42	STIM=l
21210064	42	RESP=1
21221877	42	STIM=p
21224979	42	RESP=1
21238604	42	STIM=y
21242540	42	RESP=1
21254265	42	STIM=z
21257756	42	RESP=2
21273215	42	STIM=t
21280279	42	RESP=1
21289249	42	STIM=w
21295672	42	RESP=1
21306780	42	STIM=k
21311729	42	RESP=2
21324814	42	STIM=t
21330045	42	RESP=1
21341209	42	STIM=n
21352715	42	RESP=1
21359379	42	STIM=u
21364689	42	RESP=1
21374455	42	STIM=k
21379686	42	RESP=1
21392448	42	STIM=5
21399960	42	RESP=1
21411096	42	STIM=8
21419542	42	RESP=2
21426115	42	STIM=g
21429337	42	RESP=2
21444072	42	STIM=u
21451079	42	RESP=1
21462560	42	STIM=u
21476660	42	RESP=1
21479809	42	STIM=f
21484999	42	RESP=1
21495248	42	STIM=g
21502709	42	RESP=1
21512012	42	STIM=p
21515964	42	RESP=1
21529548	42	STIM=0
21535244	42	RESP=2
21547164	42	STIM=n
21550828	42	RESP=1
21565498	42	STIM=2
21572481	42	RESP=2
21582469	42	STIM=a
21586289	42	RESP=1
21597912	42	STIM=z
21604023	42	RESP=1
21614621	42	STIM=m
21620688	42	RESP=1
21631998	42	STIM=a
21636189	42	RESP=1
21649979	42	STIM=c
21658372	42	RESP=1
21667563	42	STIM=2
21676609	42	RESP=2
21685329	42	STIM=6
21694490	42	RESP=2
21701986	42	STIM=k
21712450	42	RESP=1
