# Original filename: 0050_CXT_2017-05-22.log
# Time unit: 100 us
# RARECAT=digit
#
# Time	HHGG	Event
27288	42	STIM=z
30844	42	RESP=1
43350	42	STIM=y
46812	42	RESP=1
61186	42	STIM=9
64630	42	RESP=2
79153	42	STIM=r
81808	42	RESP=1
97035	42	STIM=i
101374	42	RESP=1
112237	42	STIM=w
114876	42	RESP=1
130891	42	STIM=z
135809	42	RESP=1
148780	42	STIM=r
152794	42	RESP=1
165409	42	STIM=k
168207	42	RESP=1
181376	42	STIM=p
185600	42	RESP=1
198322	42	STIM=2
204873	42	RESP=2
216841	42	STIM=z
219764	42	RESP=1
233583	42	STIM=j
238915	42	RESP=1
248804	42	STIM=r
251754	42	RESP=1
263805	42	STIM=o
267211	42	RESP=1
279780	42	STIM=w
283358	42	RESP=1
296852	42	STIM=f
305677	42	RESP=1
313601	42	STIM=g
322204	42	RESP=1
328790	42	STIM=w
337188	42	RESP=1
343845	42	STIM=o
347671	42	RESP=1
360221	42	STIM=v
364375	42	RESP=1
378964	42	STIM=x
382697	42	RESP=1
397061	42	STIM=f
402981	42	RESP=1
412320	42	STIM=g
416307	42	RESP=1
428931	42	STIM=j
434949	42	RESP=1
447149	42	STIM=d
452481	42	RESP=1
465188	42	STIM=q
469297	42	RESP=1
482334	42	STIM=t
488462	42	RESP=1
499180	42	STIM=w
505744	42	RESP=1
515941	42	STIM=v
520769	42	RESP=1
533359	42	STIM=u
537037	42	RESP=1
550617	42	STIM=g
554816	42	RESP=1
566122	42	STIM=w
571119	42	RESP=1
581721	42	STIM=n
587201	42	RESP=1
600671	42	STIM=m
604188	42	RESP=1
619401	42	STIM=d
623436	42	RESP=1
635246	42	STIM=o
641003	42	RESP=1
652463	42	STIM=n
656423	42	RESP=1
667650	42	STIM=z
671385	42	RESP=2
683199	42	STIM=v
689403	42	RESP=1
699433	42	STIM=b
704693	42	RESP=1
716834	42	STIM=l
720515	42	RESP=1
732142	42	STIM=o
736165	42	RESP=1
750678	42	STIM=k
754993	42	RESP=1
768849	42	STIM=o
773285	42	RESP=1
787759	42	STIM=x
791202	42	RESP=1
804279	42	STIM=k
807830	42	RESP=1
822050	42	STIM=f
827156	42	RESP=1
840455	42	STIM=h
845934	42	RESP=1
855788	42	STIM=9
861786	42	RESP=1
873465	42	STIM=g
877619	42	RESP=2
888974	42	STIM=s
892896	42	RESP=1
906344	42	STIM=u
912286	42	RESP=1
923565	42	STIM=n
929506	42	RESP=1
939436	42	STIM=n
943331	42	RESP=1
955280	42	STIM=y
960120	42	RESP=1
973393	42	STIM=n
980298	42	RESP=1
989938	42	STIM=w
994086	42	RESP=1
1008127	42	STIM=l
1014969	42	RESP=1
1027112	42	STIM=m
1030018	42	RESP=1
1045478	42	STIM=i
1053041	42	RESP=2
1064033	42	STIM=u
1066794	42	RESP=1
1081890	42	STIM=2
1086299	42	RESP=2
1098413	42	STIM=x
1105107	42	RESP=1
1115319	42	STIM=5
1122163	42	RESP=2
1133754	42	STIM=2
1141406	42	RESP=1
1152752	42	STIM=5
1158551	42	RESP=2
1168936	42	STIM=x
1175076	42	RESP=1
1184030	42	STIM=0
1190278	42	RESP=2
1200817	42	STIM=b
1204214	42	RESP=1
1219455	42	STIM=o
1223961	42	RESP=1
1235116	42	STIM=c
1238937	42	RESP=1
1252930	42	STIM=0
1258491	42	RESP=2
1270016	42	STIM=n
1278039	42	RESP=1
1288374	42	STIM=i
1293002	42	RESP=1
1305418	42	STIM=l
1309865	42	RESP=1
1323963	42	STIM=b
1326863	42	RESP=1
1341372	42	STIM=e
1344776	42	RESP=1
1356376	42	STIM=6
1364512	42	RESP=2
1374416	42	STIM=e
1378198	42	RESP=1
1392173	42	STIM=8
1397942	42	RESP=1
1407972	42	STIM=z
1412741	42	RESP=1
1425693	42	STIM=o
1429318	42	RESP=1
1442335	42	STIM=h
1445693	42	RESP=1
1459671	42	STIM=l
1464339	42	RESP=1
1475974	42	STIM=q
1480311	42	RESP=1
1494011	42	STIM=v
1496935	42	RESP=1
1509663	42	STIM=j
1513299	42	RESP=1
1526326	42	STIM=6
1531886	42	RESP=2
1542272	42	STIM=e
1546496	42	RESP=1
1558148	42	STIM=k
1563217	42	RESP=1
1575405	42	STIM=v
1579039	42	RESP=1
1590415	42	STIM=5
1596084	42	RESP=1
1607119	42	STIM=y
1612043	42	RESP=1
1624620	42	STIM=z
1628595	42	RESP=1
1643118	42	STIM=5
1647281	42	RESP=2
1660481	42	STIM=d
1663621	42	RESP=1
1678410	42	STIM=9
1685662	42	RESP=2
1695815	42	STIM=8
1702764	42	RESP=2
1711717	42	STIM=p
1715639	42	RESP=1
1728082	42	STIM=u
1731889	42	RESP=1
1745578	42	STIM=y
1751744	42	RESP=1
1763978	42	STIM=y
1766872	42	RESP=1
1781609	42	STIM=p
1786176	42	RESP=1
1799444	42	STIM=v
1803125	42	RESP=1
1814560	42	STIM=j
1822577	42	RESP=1
1832343	42	STIM=1
1837869	42	RESP=2
1848879	42	STIM=v
1855190	42	RESP=1
1864629	42	STIM=1
1869055	42	RESP=1
1880000	42	STIM=o
1888224	42	RESP=1
1895481	42	STIM=r
1901477	42	RESP=1
1914406	42	STIM=c
1919397	42	RESP=1
1933175	42	STIM=y
1938571	42	RESP=1
1948329	42	STIM=r
1952329	42	RESP=1
1966649	42	STIM=6
1974185	42	RESP=2
1982305	42	STIM=q
1985571	42	RESP=1
1998104	42	STIM=m
2009005	42	RESP=1
2013710	42	STIM=h
2016338	42	RESP=1
2029171	42	STIM=i
2033920	42	RESP=1
2045022	42	STIM=u
2049166	42	RESP=1
2062135	42	STIM=2
2068915	42	RESP=2
2077306	42	STIM=g
2080783	42	RESP=1
2094621	42	STIM=a
2097902	42	RESP=1
2110659	42	STIM=k
2114011	42	RESP=2
2129539	42	STIM=u
2134469	42	RESP=1
2145931	42	STIM=m
2152161	42	RESP=1
2161159	42	STIM=s
2167390	42	RESP=1
2176308	42	STIM=t
2179856	42	RESP=1
2191650	42	STIM=8
2195224	42	RESP=2
2210001	42	STIM=v
2214180	42	RESP=1
2226506	42	STIM=1
2233026	42	RESP=2
2243578	42	STIM=r
2249765	42	RESP=1
2261933	42	STIM=w
2265550	42	RESP=1
2278699	42	STIM=e
2284035	42	RESP=2
2295416	42	STIM=q
2298304	42	RESP=1
2310980	42	STIM=y
2315418	42	RESP=1
2329810	42	STIM=w
2333991	42	RESP=1
2344858	42	STIM=7
2348871	42	RESP=2
2361233	42	STIM=l
2364926	42	RESP=1
2377677	42	STIM=s
2386496	42	RESP=1
2396352	42	STIM=v
2399437	42	RESP=1
2411700	42	STIM=s
2414607	42	RESP=1
2429395	42	STIM=w
2434060	42	RESP=1
2445217	42	STIM=l
2448179	42	RESP=1
2463342	42	STIM=j
2468636	42	RESP=1
2478584	42	STIM=i
2481349	42	RESP=1
2493656	42	STIM=o
2499275	42	RESP=1
2509635	42	STIM=l
2512377	42	RESP=1
2525886	42	STIM=6
2529570	42	RESP=2
2542242	42	STIM=4
2548324	42	RESP=2
2559545	42	STIM=x
2562754	42	RESP=1
2577676	42	STIM=5
2582668	42	RESP=2
2595006	42	STIM=i
2600655	42	RESP=1
2612136	42	STIM=j
2615244	42	RESP=1
2628117	42	STIM=r
2631683	42	RESP=1
2646043	42	STIM=m
2653775	42	RESP=1
2663651	42	STIM=i
2671181	42	RESP=1
2681137	42	STIM=8
2686854	42	RESP=2
2696372	42	STIM=k
2701636	42	RESP=1
2712288	42	STIM=s
2715786	42	RESP=1
2729006	42	STIM=3
2741377	42	RESP=1
2746736	42	STIM=t
2754075	42	RESP=1
2765688	42	STIM=e
2769330	42	RESP=1
2782946	42	STIM=3
2787055	42	RESP=2
2801795	42	STIM=u
2806389	42	RESP=1
2818126	42	STIM=4
2822645	42	RESP=2
2835046	42	STIM=p
2838514	42	RESP=1
2850405	42	STIM=u
2857294	42	RESP=1
2868857	42	STIM=x
2874003	42	RESP=1
2886340	42	STIM=a
2890739	42	RESP=1
2904415	42	STIM=d
2915236	42	RESP=1
2919684	42	STIM=t
2925849	42	RESP=1
2935750	42	STIM=c
2940270	42	RESP=1
2952250	42	STIM=9
2958963	42	RESP=2
2970690	42	STIM=w
2979171	42	RESP=1
2985819	42	STIM=m
2988728	42	RESP=1
3001103	42	STIM=z
3009226	42	RESP=1
3016462	42	STIM=a
3020159	42	RESP=1
3031767	42	STIM=l
3035130	42	RESP=1
3047735	42	STIM=k
3052142	42	RESP=1
3063139	42	STIM=9
3067915	42	RESP=2
3080192	42	STIM=m
3085644	42	RESP=1
3098572	42	STIM=z
3102968	42	RESP=1
3114036	42	STIM=4
3121643	42	RESP=2
3129854	42	STIM=1
3135339	42	RESP=2
3148047	42	STIM=g
3155536	42	RESP=1
3164953	42	STIM=4
3169459	42	RESP=2
3183162	42	STIM=k
3187932	42	RESP=1
3200347	42	STIM=s
3208606	42	RESP=1
3218034	42	STIM=b
3223077	42	RESP=1
3233923	42	STIM=x
3238728	42	RESP=1
3251352	42	STIM=c
3256248	42	RESP=1
3267941	42	STIM=5
3273684	42	RESP=2
3283741	42	STIM=u
3293533	42	RESP=1
3299231	42	STIM=9
3305700	42	RESP=2
3315870	42	STIM=i
3322330	42	RESP=1
3331468	42	STIM=b
3337271	42	RESP=1
3348179	42	STIM=5
3351722	42	RESP=2
3366866	42	STIM=z
3370071	42	RESP=1
3383375	42	STIM=x
3387355	42	RESP=2
3400242	42	STIM=e
3405896	42	RESP=1
3416801	42	STIM=d
3421855	42	RESP=1
3432834	42	STIM=a
3439274	42	RESP=2
3449006	42	STIM=o
3452405	42	RESP=1
3466369	42	STIM=j
3472256	42	RESP=1
3482166	42	STIM=g
3488283	42	RESP=1
3498440	42	STIM=h
3501734	42	RESP=1
3515916	42	STIM=s
3520628	42	RESP=1
3533809	42	STIM=c
3536999	42	RESP=1
3552585	42	STIM=n
3558134	42	RESP=1
3569111	42	STIM=8
3575465	42	RESP=2
3585259	42	STIM=m
3588351	42	RESP=1
3602477	42	STIM=u
3607090	42	RESP=1
3621460	42	STIM=x
3626208	42	RESP=1
3636923	42	STIM=g
3643605	42	RESP=1
3655824	42	STIM=l
3661997	42	RESP=1
3670826	42	STIM=e
3678148	42	RESP=1
3686223	42	STIM=x
3690188	42	RESP=1
3703150	42	STIM=q
3709556	42	RESP=1
3721859	42	STIM=t
3726451	42	RESP=1
3738408	42	STIM=l
3741291	42	RESP=1
3753501	42	STIM=1
3756566	42	RESP=1
3768546	42	STIM=b
3773020	42	RESP=1
3784080	42	STIM=t
3790633	42	RESP=1
3802268	42	STIM=a
3807191	42	RESP=1
3817734	42	STIM=2
3821834	42	RESP=2
3833408	42	STIM=d
3838602	42	RESP=2
3849934	42	STIM=9
3853486	42	RESP=1
3865670	42	STIM=c
3868263	42	RESP=1
3884150	42	STIM=a
3889337	42	RESP=1
3900941	42	STIM=k
3904119	42	RESP=1
3919499	42	STIM=e
3924783	42	RESP=1
3934973	42	STIM=l
3938500	42	RESP=1
3952641	42	STIM=h
3956092	42	RESP=1
3967766	42	STIM=1
3972560	42	RESP=1
3983259	42	STIM=4
3987615	42	RESP=2
4000708	42	STIM=t
4006151	42	RESP=1
4017229	42	STIM=r
4023318	42	RESP=1
4034159	42	STIM=c
4040866	42	RESP=1
4050061	42	STIM=f
4053825	42	RESP=1
4067368	42	STIM=o
4074700	42	RESP=1
4083914	42	STIM=y
4087599	42	RESP=1
4100218	42	STIM=t
4105129	42	RESP=1
4116282	42	STIM=6
4125400	42	RESP=2
4133433	42	STIM=g
4137703	42	RESP=1
4148669	42	STIM=k
4152843	42	RESP=1
4164364	42	STIM=z
4169103	42	RESP=1
4181206	42	STIM=e
4188091	42	RESP=1
4197066	42	STIM=w
4202516	42	RESP=1
4215716	42	STIM=9
4220672	42	RESP=2
4233613	42	STIM=h
4236761	42	RESP=1
4251774	42	STIM=e
4256290	42	RESP=1
4270194	42	STIM=w
4274690	42	RESP=1
4285392	42	STIM=3
4293028	42	RESP=2
4301515	42	STIM=g
4306010	42	RESP=1
4318154	42	STIM=e
4321227	42	RESP=1
4334992	42	STIM=n
4340149	42	RESP=1
4353785	42	STIM=h
4360809	42	RESP=1
4369056	42	STIM=a
4373988	42	RESP=1
4385970	42	STIM=x
4390033	42	RESP=1
4403552	42	STIM=z
4409042	42	RESP=1
4420224	42	STIM=1
4424514	42	RESP=2
4437349	42	STIM=c
4442467	42	RESP=1
4455664	42	STIM=7
4460053	42	RESP=2
4474376	42	STIM=8
4482191	42	RESP=2
4490777	42	STIM=6
4494391	42	RESP=2
4506576	42	STIM=w
4510925	42	RESP=1
4521716	42	STIM=e
4528444	42	RESP=1
4537778	42	STIM=7
4544467	42	RESP=2
4553181	42	STIM=q
4558797	42	RESP=1
4568254	42	STIM=4
4572449	42	RESP=2
4584792	42	STIM=w
4589722	42	RESP=1
4600500	42	STIM=k
4604986	42	RESP=1
4615746	42	STIM=n
4619224	42	RESP=1
4633529	42	STIM=2
4640469	42	RESP=2
4651671	42	STIM=4
4655824	42	RESP=2
4667358	42	STIM=x
4672258	42	RESP=1
4684308	42	STIM=v
4689328	42	RESP=1
4701497	42	STIM=g
4707586	42	RESP=1
4719520	42	STIM=j
4723455	42	RESP=1
4736409	42	STIM=2
4740277	42	RESP=2
4754064	42	STIM=o
4758386	42	RESP=1
4772060	42	STIM=y
4776273	42	RESP=1
4787322	42	STIM=q
4792513	42	RESP=1
4804717	42	STIM=w
4813113	42	RESP=1
4821244	42	STIM=x
4824903	42	RESP=1
4839572	42	STIM=z
4845809	42	RESP=1
4857033	42	STIM=d
4864565	42	RESP=1
4872474	42	STIM=p
4876092	42	RESP=1
4890159	42	STIM=b
4894829	42	RESP=1
4905395	42	STIM=6
4909110	42	RESP=2
4922565	42	STIM=5
4928036	42	RESP=2
4938009	42	STIM=6
4944765	42	RESP=2
4953851	42	STIM=b
4957391	42	RESP=1
4969415	42	STIM=l
4974403	42	RESP=1
4988165	42	STIM=m
4992850	42	RESP=1
5006304	42	STIM=w
5009060	42	RESP=1
5021443	42	STIM=u
5024133	42	RESP=1
5036794	42	STIM=f
5039960	42	RESP=1
5052278	42	STIM=n
5057420	42	RESP=1
5069672	42	STIM=w
5074294	42	RESP=1
5088358	42	STIM=4
5092811	42	RESP=2
5106890	42	STIM=m
5111710	42	RESP=1
5123542	42	STIM=o
5129573	42	RESP=1
5140239	42	STIM=f
5144978	42	RESP=1
5155713	42	STIM=j
5159160	42	RESP=1
5172844	42	STIM=n
5177506	42	RESP=1
5191751	42	STIM=2
5195877	42	RESP=2
5207994	42	STIM=w
5215146	42	RESP=1
5226663	42	STIM=8
5231192	42	RESP=2
5243121	42	STIM=d
5246793	42	RESP=1
5258382	42	STIM=e
5261179	42	RESP=1
5276887	42	STIM=5
5280379	42	RESP=2
5294735	42	STIM=t
5300760	42	RESP=1
5309914	42	STIM=a
5314733	42	RESP=1
5325728	42	STIM=g
5329928	42	RESP=1
5341112	42	STIM=j
5345755	42	RESP=1
5356493	42	STIM=j
5360289	42	RESP=1
5373996	42	STIM=y
5378046	42	RESP=2
5389948	42	STIM=z
5393497	42	RESP=1
5408938	42	STIM=r
5415725	42	RESP=1
5426843	42	STIM=9
5432534	42	RESP=2
5444159	42	STIM=7
5448707	42	RESP=2
5460534	42	STIM=0
5467961	42	RESP=2
5479115	42	STIM=6
5483990	42	RESP=2
5494865	42	STIM=x
5500086	42	RESP=1
5511740	42	STIM=u
5515098	42	RESP=1
5529002	42	STIM=p
5532850	42	RESP=1
5546456	42	STIM=9
5555409	42	RESP=2
5564200	42	STIM=n
5570427	42	RESP=1
5581959	42	STIM=e
5586330	42	RESP=1
5598938	42	STIM=1
5606935	42	RESP=2
5614117	42	STIM=x
5617387	42	RESP=1
5629429	42	STIM=s
5632558	42	RESP=1
5644735	42	STIM=1
5650295	42	RESP=2
5662704	42	STIM=i
5672139	42	RESP=1
5678055	42	STIM=r
5682068	42	RESP=1
5696746	42	STIM=u
5700658	42	RESP=1
5714273	42	STIM=k
5718635	42	RESP=1
5732852	42	STIM=r
5739400	42	RESP=1
5750814	42	STIM=f
5754138	42	RESP=1
5769412	42	STIM=k
5773064	42	RESP=1
5785751	42	STIM=0
5793232	42	RESP=2
5803066	42	STIM=f
5806613	42	RESP=1
5819760	42	STIM=0
5824615	42	RESP=2
5837774	42	STIM=4
5842311	42	RESP=1
5853323	42	STIM=h
5856364	42	RESP=1
5869570	42	STIM=k
5872718	42	RESP=1
5885275	42	STIM=1
5896003	42	RESP=2
5901953	42	STIM=g
5907473	42	RESP=1
5919384	42	STIM=a
5924157	42	RESP=1
5936648	42	STIM=t
5942741	42	RESP=1
5955488	42	STIM=0
5958953	42	RESP=1
5971288	42	STIM=1
5976586	42	RESP=2
5988972	42	STIM=h
5991602	42	RESP=1
6005259	42	STIM=b
6009255	42	RESP=2
6023902	42	STIM=n
6027125	42	RESP=1
6042895	42	STIM=e
6047327	42	RESP=2
6058076	42	STIM=e
6062289	42	RESP=2
6076866	42	STIM=p
6081388	42	RESP=1
6095331	42	STIM=d
6102858	42	RESP=1
6111737	42	STIM=e
6116508	42	RESP=1
6127802	42	STIM=e
6133588	42	RESP=1
6144700	42	STIM=x
6149667	42	RESP=1
6163411	42	STIM=o
6168064	42	RESP=1
6181925	42	STIM=4
6187818	42	RESP=2
6198041	42	STIM=j
6203000	42	RESP=1
6216387	42	STIM=s
6219919	42	RESP=1
6232491	42	STIM=o
6241420	42	RESP=2
6249414	42	STIM=g
6254308	42	RESP=1
6264484	42	STIM=v
6269508	42	RESP=1
6283455	42	STIM=u
6287106	42	RESP=1
6301577	42	STIM=j
6305318	42	RESP=1
6319154	42	STIM=i
6324085	42	RESP=1
6336163	42	STIM=t
6342696	42	RESP=1
6355006	42	STIM=r
6361614	42	RESP=1
6373629	42	STIM=z
6381287	42	RESP=1
6392435	42	STIM=4
6397093	42	RESP=2
6409887	42	STIM=g
6417220	42	RESP=1
6425035	42	STIM=j
6428212	42	RESP=1
6441960	42	STIM=a
6445275	42	RESP=1
6459390	42	STIM=v
6462299	42	RESP=1
6478094	42	STIM=z
6481891	42	RESP=1
6496430	42	STIM=q
6501155	42	RESP=1
6514399	42	STIM=e
6518875	42	RESP=1
6532808	42	STIM=7
6538089	42	RESP=2
6548912	42	STIM=6
6553652	42	RESP=2
6564363	42	STIM=f
6570184	42	RESP=1
6579924	42	STIM=y
6583396	42	RESP=1
6595561	42	STIM=9
6605083	42	RESP=2
6611655	42	STIM=z
6616052	42	RESP=1
6627059	42	STIM=j
6633026	42	RESP=1
6645702	42	STIM=e
6651976	42	RESP=1
6661821	42	STIM=h
6669801	42	RESP=1
6679344	42	STIM=v
6685675	42	RESP=1
6696266	42	STIM=a
6700847	42	RESP=1
6713555	42	STIM=p
6718637	42	RESP=1
6729378	42	STIM=l
6734077	42	RESP=1
6747752	42	STIM=s
6751639	42	RESP=1
6766596	42	STIM=w
6769599	42	RESP=1
6783166	42	STIM=w
6790686	42	RESP=1
6799066	42	STIM=e
6802308	42	RESP=1
6815681	42	STIM=b
6823620	42	RESP=1
6834510	42	STIM=6
6838788	42	RESP=2
6851789	42	STIM=z
6855003	42	RESP=1
6867920	42	STIM=b
6873187	42	RESP=1
6883183	42	STIM=y
6885977	42	RESP=1
6901821	42	STIM=q
6909328	42	RESP=1
6917566	42	STIM=v
6920954	42	RESP=1
6933948	42	STIM=6
6944110	42	RESP=2
6952298	42	STIM=2
6958872	42	RESP=1
6968663	42	STIM=p
6978001	42	RESP=1
6984046	42	STIM=m
6987396	42	RESP=1
7000239	42	STIM=3
7004489	42	RESP=2
7016797	42	STIM=7
7022195	42	RESP=2
7034601	42	STIM=n
7038381	42	RESP=1
7051980	42	STIM=c
7056299	42	RESP=1
7070769	42	STIM=c
7074026	42	RESP=1
7089707	42	STIM=6
7094330	42	RESP=2
7106174	42	STIM=e
7113157	42	RESP=1
7121784	42	STIM=i
7128148	42	RESP=1
7137840	42	STIM=y
7142020	42	RESP=1
7153138	42	STIM=j
7158123	42	RESP=1
7169999	42	STIM=u
7175739	42	RESP=1
7185584	42	STIM=3
7190785	42	RESP=2
7201521	42	STIM=h
7207450	42	RESP=1
7219023	42	STIM=3
7227969	42	RESP=2
7237446	42	STIM=6
7240664	42	RESP=2
7253750	42	STIM=g
7260295	42	RESP=1
7272021	42	STIM=n
7275825	42	RESP=1
7288472	42	STIM=8
7293599	42	RESP=2
7306877	42	STIM=3
7311233	42	RESP=2
7325523	42	STIM=e
7330973	42	RESP=1
7344106	42	STIM=8
7348450	42	RESP=2
7362465	42	STIM=f
7366872	42	RESP=1
7380296	42	STIM=h
7383616	42	RESP=1
7397517	42	STIM=v
7405679	42	RESP=1
7413468	42	STIM=b
7416432	42	RESP=1
7428981	42	STIM=f
7432879	42	RESP=1
7447228	42	STIM=w
7449959	42	RESP=1
7464960	42	STIM=t
7468828	42	RESP=1
7483858	42	STIM=2
7488231	42	RESP=2
7502083	42	STIM=3
7508695	42	RESP=2
7520953	42	STIM=w
7524308	42	RESP=1
7536290	42	STIM=2
7542604	42	RESP=2
7553763	42	STIM=i
7558687	42	RESP=1
7569636	42	STIM=p
7574920	42	RESP=1
7585234	42	STIM=i
7588657	42	RESP=1
7602021	42	STIM=a
7609661	42	RESP=1
7619063	42	STIM=k
7624562	42	RESP=1
7637590	42	STIM=a
7641066	42	RESP=1
7654293	42	STIM=c
7658222	42	RESP=1
7670188	42	STIM=f
7673882	42	RESP=1
7688007	42	STIM=a
7696540	42	RESP=1
7705337	42	STIM=d
7708589	42	RESP=1
7723452	42	STIM=j
7727470	42	RESP=1
7740197	42	STIM=s
7744594	42	RESP=1
7756709	42	STIM=y
7762634	42	RESP=1
7774013	42	STIM=k
7779445	42	RESP=1
7789229	42	STIM=0
7798383	42	RESP=2
7804421	42	STIM=j
7808360	42	RESP=1
7820889	42	STIM=h
7823662	42	RESP=1
7839887	42	STIM=x
7843899	42	RESP=1
7855867	42	STIM=s
7859040	42	RESP=1
7874056	42	STIM=e
7880677	42	RESP=1
7892942	42	STIM=5
7906106	42	RESP=2
7908435	42	STIM=s
7912636	42	RESP=1
7927036	42	STIM=w
7930152	42	RESP=1
7944395	42	STIM=h
7953922	42	RESP=1
7961700	42	STIM=h
7965993	42	RESP=1
7980146	42	STIM=5
7984500	42	RESP=2
7998739	42	STIM=t
8006942	42	RESP=1
8017122	42	STIM=h
8020595	42	RESP=1
8035696	42	STIM=r
8042484	42	RESP=1
8052754	42	STIM=8
8057869	42	RESP=2
8068575	42	STIM=g
8072994	42	RESP=2
8086853	42	STIM=r
8090776	42	RESP=1
8102045	42	STIM=j
8109621	42	RESP=1
8119749	42	STIM=l
8124515	42	RESP=1
8136047	42	STIM=k
8139047	42	RESP=1
8152684	42	STIM=5
8158307	42	RESP=2
8168869	42	STIM=2
8173563	42	RESP=2
8185792	42	STIM=u
8192636	42	RESP=1
8204133	42	STIM=l
8210527	42	RESP=1
8219825	42	STIM=c
8224392	42	RESP=1
8238119	42	STIM=l
8244672	42	RESP=1
8253728	42	STIM=5
8258078	42	RESP=2
8271150	42	STIM=6
8275150	42	RESP=2
8286238	42	STIM=z
8289427	42	RESP=1
8302233	42	STIM=w
8310394	42	RESP=1
8319621	42	STIM=s
8325763	42	RESP=1
8337809	42	STIM=0
8344456	42	RESP=2
8353454	42	STIM=n
8358086	42	RESP=2
8371161	42	STIM=v
8378442	42	RESP=1
8387267	42	STIM=7
8392948	42	RESP=1
8405775	42	STIM=g
8409321	42	RESP=1
8420838	42	STIM=n
8426225	42	RESP=1
8436600	42	STIM=8
8443788	42	RESP=2
8453969	42	STIM=x
8459493	42	RESP=1
8471180	42	STIM=d
8474800	42	RESP=1
8487490	42	STIM=0
8492183	42	RESP=2
8503395	42	STIM=b
8509117	42	RESP=1
8518905	42	STIM=c
8521441	42	RESP=1
8536255	42	STIM=w
8541086	42	RESP=1
8551439	42	STIM=g
8556265	42	RESP=1
8568445	42	STIM=l
8571397	42	RESP=1
8587298	42	STIM=f
8591393	42	RESP=1
8603567	42	STIM=l
8610001	42	RESP=1
8619812	42	STIM=r
8624699	42	RESP=1
8637959	42	STIM=8
8644127	42	RESP=2
8656393	42	STIM=n
8661798	42	RESP=1
8674083	42	STIM=z
8677384	42	RESP=1
8691012	42	STIM=9
8695362	42	RESP=2
8707562	42	STIM=d
8712034	42	RESP=1
8724334	42	STIM=q
8728881	42	RESP=1
8739963	42	STIM=y
8743172	42	RESP=1
8757518	42	STIM=d
8760794	42	RESP=1
8773259	42	STIM=5
8778128	42	RESP=2
8789927	42	STIM=t
8798398	42	RESP=1
8808805	42	STIM=j
8811744	42	RESP=1
8825095	42	STIM=p
8831380	42	RESP=1
8840296	42	STIM=b
8845095	42	RESP=1
8857185	42	STIM=6
8861691	42	RESP=2
8874756	42	STIM=d
8878108	42	RESP=1
8892213	42	STIM=p
8897377	42	RESP=1
8910643	42	STIM=b
8913777	42	RESP=1
8928332	42	STIM=m
8932209	42	RESP=1
8945678	42	STIM=z
8950282	42	RESP=1
8962347	42	STIM=l
8969536	42	RESP=1
8981039	42	STIM=c
8987480	42	RESP=1
8998292	42	STIM=8
9002955	42	RESP=2
9014654	42	STIM=l
9019876	42	RESP=1
9030515	42	STIM=y
9033579	42	RESP=1
9049241	42	STIM=w
9053657	42	RESP=1
9064555	42	STIM=f
9072411	42	RESP=1
9082430	42	STIM=s
9085846	42	RESP=2
9098179	42	STIM=f
9103746	42	RESP=1
9114621	42	STIM=2
9119205	42	RESP=2
9132373	42	STIM=d
9136188	42	RESP=1
9150710	42	STIM=v
9154261	42	RESP=1
9166575	42	STIM=t
9169616	42	RESP=1
9181676	42	STIM=w
9186793	42	RESP=1
9199591	42	STIM=o
9204892	42	RESP=1
9216700	42	STIM=j
9221200	42	RESP=1
9233181	42	STIM=i
9236963	42	RESP=1
9249213	42	STIM=s
9252631	42	RESP=1
9267504	42	STIM=g
9271273	42	RESP=2
9286165	42	STIM=x
9291587	42	RESP=1
9304372	42	STIM=c
9311718	42	RESP=2
9322993	42	STIM=w
9327924	42	RESP=1
9340999	42	STIM=f
9344412	42	RESP=1
9359018	42	STIM=w
9366339	42	RESP=1
9374859	42	STIM=0
9380233	42	RESP=2
9392864	42	STIM=a
9399250	42	RESP=1
9408493	42	STIM=u
9412272	42	RESP=1
9426335	42	STIM=j
9431057	42	RESP=1
9442862	42	STIM=d
9448773	42	RESP=2
9460163	42	STIM=p
9465785	42	RESP=1
9478885	42	STIM=n
9486570	42	RESP=2
9497459	42	STIM=r
9500322	42	RESP=1
9515506	42	STIM=d
9520212	42	RESP=1
9534010	42	STIM=i
9538029	42	RESP=1
9550806	42	STIM=u
9553603	42	RESP=1
9567117	42	STIM=z
9572034	42	RESP=1
9585697	42	STIM=6
9589958	42	RESP=2
9603427	42	STIM=b
9607814	42	RESP=1
9619645	42	STIM=4
9623627	42	RESP=2
9636169	42	STIM=i
9640760	42	RESP=1
9652155	42	STIM=w
9656494	42	RESP=1
9671025	42	STIM=y
9679096	42	RESP=1
9688357	42	STIM=s
9692000	42	RESP=1
9703426	42	STIM=h
9708298	42	RESP=1
9721492	42	STIM=f
9727885	42	RESP=1
9736962	42	STIM=e
9744660	42	RESP=1
9754224	42	STIM=o
9759210	42	RESP=1
9770650	42	STIM=r
9775043	42	RESP=1
9789147	42	STIM=0
9794858	42	RESP=2
9807664	42	STIM=f
9812762	42	RESP=1
9825754	42	STIM=3
9829442	42	RESP=2
9843390	42	STIM=o
9846589	42	RESP=1
9858983	42	STIM=q
9862510	42	RESP=1
9875840	42	STIM=q
9880453	42	RESP=1
9891183	42	STIM=w
9895498	42	RESP=1
9907278	42	STIM=e
9913909	42	RESP=2
9925378	42	STIM=p
9932374	42	RESP=1
9940784	42	STIM=0
9945279	42	RESP=2
9958855	42	STIM=f
9965236	42	RESP=1
9977629	42	STIM=s
9982760	42	RESP=1
9993137	42	STIM=y
9998823	42	RESP=1
10008898	42	STIM=t
10018630	42	RESP=1
10025493	42	STIM=8
10033086	42	RESP=1
10043546	42	STIM=m
10047676	42	RESP=1
10059910	42	STIM=d
10067233	42	RESP=1
10076409	42	STIM=u
10080975	42	RESP=1
10095222	42	STIM=p
10100602	42	RESP=1
10113941	42	STIM=6
10122076	42	RESP=2
10129263	42	STIM=y
10133325	42	RESP=1
10148027	42	STIM=n
10153885	42	RESP=1
10163554	42	STIM=w
10166030	42	RESP=1
10179290	42	STIM=7
10184948	42	RESP=2
10197329	42	STIM=a
10203518	42	RESP=1
10213603	42	STIM=o
10222966	42	RESP=1
10230906	42	STIM=j
10237359	42	RESP=1
10248980	42	STIM=u
10253872	42	RESP=1
10267880	42	STIM=n
10276230	42	RESP=1
10286847	42	STIM=2
10293816	42	RESP=2
10304481	42	STIM=u
10308677	42	RESP=1
10319495	42	STIM=h
10325524	42	RESP=1
10337240	42	STIM=a
10343059	42	RESP=1
10353799	42	STIM=2
10360388	42	RESP=2
10369289	42	STIM=x
10372644	42	RESP=1
10388057	42	STIM=f
10393185	42	RESP=1
10404998	42	STIM=4
10411580	42	RESP=2
10420623	42	STIM=9
10424358	42	RESP=2
10438243	42	STIM=x
10442974	42	RESP=1
10456072	42	STIM=x
10458725	42	RESP=1
10473993	42	STIM=w
10476533	42	RESP=1
10491348	42	STIM=o
10496268	42	RESP=1
10507503	42	STIM=u
10513223	42	RESP=1
10523311	42	STIM=v
10529654	42	RESP=1
10542180	42	STIM=j
10546942	42	RESP=1
10558092	42	STIM=3
10562250	42	RESP=2
10576115	42	STIM=u
10578690	42	RESP=1
10592721	42	STIM=f
10601485	42	RESP=1
10607905	42	STIM=m
10614300	42	RESP=1
10626333	42	STIM=y
10632090	42	RESP=1
10641768	42	STIM=q
10644819	42	RESP=1
10657057	42	STIM=2
10664505	42	RESP=2
10675613	42	STIM=f
10679100	42	RESP=1
10694050	42	STIM=5
10700533	42	RESP=1
10713027	42	STIM=3
10718641	42	RESP=2
10728194	42	STIM=k
10732588	42	RESP=1
10746371	42	STIM=s
10750148	42	RESP=1
10763566	42	STIM=p
10769700	42	RESP=1
10780517	42	STIM=z
10786466	42	RESP=2
10797679	42	STIM=n
10801160	42	RESP=1
10815625	42	STIM=1
10822683	42	RESP=1
10831740	42	STIM=l
10836900	42	RESP=1
10850093	42	STIM=6
10854502	42	RESP=2
10866669	42	STIM=t
10872869	42	RESP=1
10882804	42	STIM=r
10885442	42	RESP=1
10900273	42	STIM=u
10907528	42	RESP=1
10917600	42	STIM=z
10924341	42	RESP=1
10935315	42	STIM=v
10939363	42	RESP=1
10950565	42	STIM=a
10954725	42	RESP=1
10968464	42	STIM=4
10974356	42	RESP=2
10986787	42	STIM=e
10990050	42	RESP=1
11001790	42	STIM=0
11007217	42	RESP=1
11019406	42	STIM=5
11027437	42	RESP=2
11035299	42	STIM=0
11039848	42	RESP=2
11051068	42	STIM=4
11056177	42	RESP=2
11066990	42	STIM=l
11072982	42	RESP=1
11085106	42	STIM=i
11093027	42	RESP=1
11102441	42	STIM=u
11107030	42	RESP=1
11121231	42	STIM=m
11125446	42	RESP=1
11136789	42	STIM=a
11139714	42	RESP=1
11155111	42	STIM=f
11159020	42	RESP=1
11171883	42	STIM=p
11174734	42	RESP=1
11188901	42	STIM=y
11191385	42	RESP=1
11205677	42	STIM=d
11210739	42	RESP=1
11224402	42	STIM=k
11230256	42	RESP=1
11239601	42	STIM=1
11244266	42	RESP=2
11257304	42	STIM=t
11263693	42	RESP=1
11276012	42	STIM=t
11280281	42	RESP=1
11291723	42	STIM=g
11296927	42	RESP=1
11307994	42	STIM=n
11312110	42	RESP=1
11326516	42	STIM=e
11334455	42	RESP=1
11345317	42	STIM=y
11350408	42	RESP=1
11361917	42	STIM=t
11367492	42	RESP=1
11380677	42	STIM=n
11387627	42	RESP=1
11397541	42	STIM=4
11404773	42	RESP=2
11413854	42	STIM=n
11419468	42	RESP=1
11429528	42	STIM=7
11436717	42	RESP=2
11448520	42	STIM=r
11454848	42	RESP=1
11464146	42	STIM=v
11467156	42	RESP=1
11479395	42	STIM=p
11484594	42	RESP=1
11496604	42	STIM=z
11502951	42	RESP=1
11512971	42	STIM=x
11518248	42	RESP=1
11529995	42	STIM=j
11535004	42	RESP=1
11545242	42	STIM=u
11549528	42	RESP=1
11562099	42	STIM=h
11566617	42	RESP=2
11577977	42	STIM=u
11582721	42	RESP=1
11593117	42	STIM=p
11596266	42	RESP=1
11610872	42	STIM=0
11614534	42	RESP=2
11626532	42	STIM=5
11630739	42	RESP=2
11643263	42	STIM=k
11648734	42	RESP=1
11659245	42	STIM=y
11662276	42	RESP=1
11674814	42	STIM=x
11685461	42	RESP=1
11692080	42	STIM=u
11695684	42	RESP=1
11710489	42	STIM=k
11714641	42	RESP=2
11725997	42	STIM=1
11731357	42	RESP=2
11743737	42	STIM=x
11746694	42	RESP=1
11762284	42	STIM=v
11766131	42	RESP=1
11779562	42	STIM=m
11785825	42	RESP=1
11795019	42	STIM=v
11800157	42	RESP=1
11810300	42	STIM=l
11817091	42	RESP=1
11825916	42	STIM=k
11832620	42	RESP=1
11842894	42	STIM=m
11852586	42	RESP=1
11859692	42	STIM=n
11865137	42	RESP=1
11877272	42	STIM=q
11882086	42	RESP=1
11895214	42	STIM=8
11899386	42	RESP=2
11913656	42	STIM=9
11919368	42	RESP=2
11930500	42	STIM=b
11934072	42	RESP=1
11946366	42	STIM=i
11949644	42	RESP=1
11965071	42	STIM=8
11971718	42	RESP=2
11981525	42	STIM=6
11986968	42	RESP=2
11998206	42	STIM=d
12003032	42	RESP=1
12014859	42	STIM=i
12018757	42	RESP=1
12031260	42	STIM=x
12034950	42	RESP=1
12050152	42	STIM=o
12054432	42	RESP=1
12067679	42	STIM=f
12073388	42	RESP=1
12086199	42	STIM=c
12089296	42	RESP=1
12104797	42	STIM=k
12109835	42	RESP=1
12122504	42	STIM=4
12128099	42	RESP=2
12139704	42	STIM=p
12145123	42	RESP=2
12155630	42	STIM=g
12164462	42	RESP=1
12172325	42	STIM=s
12176260	42	RESP=1
12189521	42	STIM=o
12193989	42	RESP=1
12207147	42	STIM=c
12210734	42	RESP=1
12224849	42	STIM=h
12228625	42	RESP=1
12241278	42	STIM=o
12245617	42	RESP=1
12257939	42	STIM=r
12263237	42	RESP=1
12273407	42	STIM=v
12280337	42	RESP=1
12289158	42	STIM=8
12295103	42	RESP=2
12306152	42	STIM=z
12310358	42	RESP=1
12321281	42	STIM=f
12328530	42	RESP=1
12339560	42	STIM=f
12346679	42	RESP=1
12357488	42	STIM=s
12363745	42	RESP=1
12374340	42	STIM=n
12379522	42	RESP=1
12392631	42	STIM=3
12400682	42	RESP=2
12408845	42	STIM=y
12416714	42	RESP=1
12427067	42	STIM=4
12437099	42	RESP=2
12444225	42	STIM=b
12449526	42	RESP=1
12462890	42	STIM=a
12467392	42	RESP=1
12477896	42	STIM=e
12489015	42	RESP=1
12495230	42	STIM=r
12498951	42	RESP=1
12513395	42	STIM=2
12519295	42	RESP=2
12529412	42	STIM=y
12534622	42	RESP=1
12546480	42	STIM=n
12555232	42	RESP=1
12565273	42	STIM=w
12568641	42	RESP=1
12582931	42	STIM=t
12587761	42	RESP=1
12599324	42	STIM=t
12602794	42	RESP=1
12616786	42	STIM=s
12621285	42	RESP=1
12634920	42	STIM=m
12638464	42	RESP=1
12651215	42	STIM=3
12655687	42	RESP=2
12666942	42	STIM=8
12676391	42	RESP=2
12682770	42	STIM=4
12687569	42	RESP=1
12700691	42	STIM=f
12704025	42	RESP=1
12717572	42	STIM=u
12722374	42	RESP=1
12735371	42	STIM=w
12744831	42	RESP=1
12753651	42	STIM=o
12761859	42	RESP=1
12769316	42	STIM=n
12774268	42	RESP=1
12785223	42	STIM=p
12789908	42	RESP=1
12802007	42	STIM=v
12808264	42	RESP=1
12817457	42	STIM=f
12820023	42	RESP=1
12836221	42	STIM=8
12841093	42	RESP=2
12852783	42	STIM=c
12857351	42	RESP=1
12868007	42	STIM=l
12870984	42	RESP=1
12886231	42	STIM=l
12889268	42	RESP=1
12902726	42	STIM=1
12907941	42	RESP=1
12918044	42	STIM=m
12921940	42	RESP=1
12936774	42	STIM=z
12940257	42	RESP=1
12955083	42	STIM=v
12958053	42	RESP=2
12971369	42	STIM=v
12976058	42	RESP=1
12987312	42	STIM=s
12991099	42	RESP=1
13006126	42	STIM=n
13009383	42	RESP=1
13023128	42	STIM=v
13029300	42	RESP=1
13039846	42	STIM=d
13043588	42	RESP=1
13057404	42	STIM=f
13062225	42	RESP=1
13073025	42	STIM=o
13076330	42	RESP=1
13089549	42	STIM=w
13094150	42	RESP=1
13107248	42	STIM=q
13115029	42	RESP=1
13122613	42	STIM=m
13126251	42	RESP=1
13139512	42	STIM=4
13144050	42	RESP=2
13155685	42	STIM=x
13161742	42	RESP=2
13173480	42	STIM=r
13176649	42	RESP=1
13191951	42	STIM=w
13195552	42	RESP=1
13209791	42	STIM=u
13213396	42	RESP=1
13224968	42	STIM=s
13228981	42	RESP=1
13242829	42	STIM=i
13247339	42	RESP=1
13260531	42	STIM=b
13263756	42	RESP=1
13279213	42	STIM=h
13284585	42	RESP=1
13296665	42	STIM=d
13302656	42	RESP=1
13314897	42	STIM=2
13319344	42	RESP=2
13330847	42	STIM=h
13333408	42	RESP=1
13347289	42	STIM=r
13351430	42	RESP=1
13365917	42	STIM=v
13376171	42	RESP=1
13382776	42	STIM=r
13386305	42	RESP=1
13399904	42	STIM=c
13404304	42	RESP=1
13416534	42	STIM=z
13421824	42	RESP=1
13435414	42	STIM=r
13439463	42	RESP=1
13451918	42	STIM=x
13456444	42	RESP=1
13469902	42	STIM=g
13477765	42	RESP=1
13488098	42	STIM=r
13495323	42	RESP=1
13504391	42	STIM=q
13508372	42	RESP=1
13522385	42	STIM=j
13529282	42	RESP=1
13539075	42	STIM=x
13543889	42	RESP=2
13557081	42	STIM=v
13560367	42	RESP=1
13574703	42	STIM=8
13578370	42	RESP=2
13593506	42	STIM=z
13597926	42	RESP=1
13612103	42	STIM=i
13616281	42	RESP=1
13628744	42	STIM=m
13633034	42	RESP=1
13647070	42	STIM=t
13650660	42	RESP=1
13663193	42	STIM=5
13666689	42	RESP=2
13678574	42	STIM=5
13684760	42	RESP=2
13697163	42	STIM=o
13704618	42	RESP=1
13715748	42	STIM=f
13721571	42	RESP=1
13734259	42	STIM=f
13739527	42	RESP=1
13750763	42	STIM=j
13756293	42	RESP=1
13768557	42	STIM=c
13773194	42	RESP=1
13784409	42	STIM=o
13788554	42	RESP=1
13801967	42	STIM=z
13805351	42	RESP=1
13817894	42	STIM=u
13833120	42	RESP=1
13833220	42	STIM=p
13839885	42	RESP=1
13849763	42	STIM=9
13857363	42	RESP=2
13868502	42	STIM=l
13872189	42	RESP=1
13886000	42	STIM=b
13892063	42	RESP=1
13901050	42	STIM=t
13904008	42	RESP=1
13917385	42	STIM=g
13923384	42	RESP=1
13935789	42	STIM=t
13939329	42	RESP=1
13953035	42	STIM=v
13957149	42	RESP=1
13972017	42	STIM=w
13977395	42	RESP=1
13987317	42	STIM=0
13993114	42	RESP=1
14004981	42	STIM=l
14014586	42	RESP=1
14023938	42	STIM=9
14031499	42	RESP=2
14041447	42	STIM=a
14045128	42	RESP=1
14057739	42	STIM=y
14061602	42	RESP=1
14075674	42	STIM=1
14082250	42	RESP=2
14093566	42	STIM=j
14101031	42	RESP=1
14111313	42	STIM=3
14116969	42	RESP=2
14128909	42	STIM=r
14132797	42	RESP=1
14146737	42	STIM=u
14153554	42	RESP=1
14163095	42	STIM=t
14169055	42	RESP=1
14181320	42	STIM=m
14187119	42	RESP=1
14196969	42	STIM=n
14201675	42	RESP=1
14215522	42	STIM=w
14219973	42	RESP=1
14234308	42	STIM=r
14236749	42	RESP=1
14252915	42	STIM=i
14256448	42	RESP=1
14268089	42	STIM=c
14273384	42	RESP=1
14286627	42	STIM=d
14290341	42	RESP=2
14302369	42	STIM=p
14306061	42	RESP=1
14319146	42	STIM=e
14324402	42	RESP=1
14334585	42	STIM=a
14338467	42	RESP=1
14352574	42	STIM=v
14358373	42	RESP=1
14368392	42	STIM=f
14372572	42	RESP=1
14385810	42	STIM=o
14393473	42	RESP=1
14404361	42	STIM=5
14412892	42	RESP=1
14423107	42	STIM=e
14426095	42	RESP=1
14440018	42	STIM=z
14444430	42	RESP=1
14455109	42	STIM=5
14459733	42	RESP=2
14472080	42	STIM=g
14477206	42	RESP=1
14487825	42	STIM=s
14492413	42	RESP=1
14504445	42	STIM=y
14508158	42	RESP=1
14520156	42	STIM=e
14526292	42	RESP=1
14536009	42	STIM=x
14538791	42	RESP=1
14552904	42	STIM=m
14557921	42	RESP=1
14570173	42	STIM=j
14573420	42	RESP=1
14587051	42	STIM=r
14589510	42	RESP=1
14602298	42	STIM=5
14608706	42	RESP=2
14617403	42	STIM=k
14622406	42	RESP=1
14636250	42	STIM=4
14642242	42	RESP=2
14652816	42	STIM=h
14658560	42	RESP=1
14670624	42	STIM=6
14677096	42	RESP=1
14689205	42	STIM=k
14693885	42	RESP=1
14706543	42	STIM=1
14712790	42	RESP=2
14724760	42	STIM=n
14728558	42	RESP=1
14740118	42	STIM=d
14743954	42	RESP=1
14758491	42	STIM=a
14761813	42	RESP=1
14774707	42	STIM=m
14779578	42	RESP=1
14791775	42	STIM=n
14798664	42	RESP=1
14809452	42	STIM=d
14813806	42	RESP=2
14827969	42	STIM=c
14831974	42	RESP=1
14843595	42	STIM=y
14849559	42	RESP=1
14861402	42	STIM=t
14866343	42	RESP=1
14876833	42	STIM=j
14880048	42	RESP=1
14893174	42	STIM=1
14901426	42	RESP=2
14909299	42	STIM=6
14914379	42	RESP=2
14928093	42	STIM=1
14933005	42	RESP=2
14945181	42	STIM=w
14950598	42	RESP=1
14962711	42	STIM=4
14967332	42	RESP=2
14979478	42	STIM=6
14983493	42	RESP=2
14995668	42	STIM=j
14999577	42	RESP=1
15012103	42	STIM=1
15015652	42	RESP=2
15028805	42	STIM=t
15031974	42	RESP=1
15046710	42	STIM=z
15050678	42	RESP=1
15063746	42	STIM=y
15067105	42	RESP=1
15082594	42	STIM=p
15087160	42	RESP=1
15097852	42	STIM=7
15102139	42	RESP=1
15115871	42	STIM=s
15123767	42	RESP=1
15134120	42	STIM=b
15138691	42	RESP=1
15152645	42	STIM=i
15160176	42	RESP=1
15168434	42	STIM=b
15171373	42	RESP=1
15184056	42	STIM=2
15192110	42	RESP=2
15200954	42	STIM=i
15204735	42	RESP=1
15216474	42	STIM=x
15224937	42	RESP=1
15234198	42	STIM=8
15240562	42	RESP=2
15252025	42	STIM=g
15256356	42	RESP=1
15270781	42	STIM=m
15275208	42	RESP=2
15288279	42	STIM=8
15291899	42	RESP=2
15304912	42	STIM=q
15307888	42	RESP=1
15319913	42	STIM=v
15323207	42	RESP=1
15338538	42	STIM=7
15345536	42	RESP=2
15354665	42	STIM=3
15360196	42	RESP=2
15373300	42	STIM=c
15378698	42	RESP=1
15391664	42	STIM=b
15395660	42	RESP=1
15409107	42	STIM=0
15414055	42	RESP=2
15425640	42	STIM=a
15430196	42	RESP=1
15442165	42	STIM=e
15449660	42	RESP=1
15457299	42	STIM=7
15463681	42	RESP=2
15472901	42	STIM=e
15477899	42	RESP=1
15489196	42	STIM=l
15492820	42	RESP=1
15505736	42	STIM=x
15511465	42	RESP=1
15523098	42	STIM=r
15530619	42	RESP=1
15539165	42	STIM=p
15548346	42	RESP=1
15557820	42	STIM=v
15561451	42	RESP=1
15573460	42	STIM=c
15576906	42	RESP=1
15591545	42	STIM=m
15594250	42	RESP=2
15607417	42	STIM=c
15612047	42	RESP=1
15624492	42	STIM=5
15629689	42	RESP=2
15639729	42	STIM=j
15647908	42	RESP=1
15655416	42	STIM=f
15661131	42	RESP=1
15671829	42	STIM=q
15675466	42	RESP=1
15690328	42	STIM=m
15696063	42	RESP=1
15708737	42	STIM=d
15711363	42	RESP=1
15724071	42	STIM=4
15727175	42	RESP=2
15740653	42	STIM=y
15748499	42	RESP=1
15756985	42	STIM=w
15760286	42	RESP=2
15773934	42	STIM=q
15777873	42	RESP=1
15791305	42	STIM=y
15794094	42	RESP=1
15809218	42	STIM=n
15812972	42	RESP=1
15824554	42	STIM=a
15829160	42	RESP=1
15841276	42	STIM=p
15845164	42	RESP=1
15856841	42	STIM=s
15863761	42	RESP=1
15872305	42	STIM=2
15876825	42	RESP=2
15889845	42	STIM=i
15895640	42	RESP=1
15908657	42	STIM=e
15913296	42	RESP=1
15924056	42	STIM=n
15926869	42	RESP=1
15941776	42	STIM=x
15944948	42	RESP=1
15959480	42	STIM=z
15962524	42	RESP=1
15974925	42	STIM=2
15982333	42	RESP=2
15993257	42	STIM=t
16000761	42	RESP=1
16008528	42	STIM=3
16012174	42	RESP=2
16026767	42	STIM=c
16032953	42	RESP=1
16042990	42	STIM=b
16057258	42	RESP=1
16061431	42	STIM=w
16065821	42	RESP=1
16076561	42	STIM=c
16080360	42	RESP=1
16091581	42	STIM=3
16101923	42	RESP=2
16107989	42	STIM=d
16111673	42	RESP=1
16126667	42	STIM=z
16130303	42	RESP=1
16144126	42	STIM=1
16147316	42	RESP=2
16162341	42	STIM=0
16166126	42	RESP=2
16180600	42	STIM=w
16187060	42	RESP=1
16195762	42	STIM=m
16198931	42	RESP=1
16211383	42	STIM=q
16214955	42	RESP=1
16228835	42	STIM=g
16233342	42	RESP=1
16245469	42	STIM=k
16250697	42	RESP=1
16261348	42	STIM=o
16264241	42	RESP=1
16278355	42	STIM=i
16281862	42	RESP=1
16295601	42	STIM=a
16300017	42	RESP=2
16310628	42	STIM=k
16315015	42	RESP=1
16326977	42	STIM=t
16334635	42	RESP=1
16343456	42	STIM=3
16346959	42	RESP=1
16360042	42	STIM=b
16365728	42	RESP=1
16375615	42	STIM=3
16381241	42	RESP=2
16392383	42	STIM=f
16395492	42	RESP=1
16410268	42	STIM=t
16413682	42	RESP=1
16426581	42	STIM=b
16432679	42	RESP=1
16443448	42	STIM=8
16450579	42	RESP=2
16462123	42	STIM=b
16466673	42	RESP=1
16478509	42	STIM=3
16482372	42	RESP=2
16494697	42	STIM=n
16501557	42	RESP=1
16509700	42	STIM=r
16514030	42	RESP=1
16526460	42	STIM=d
16531648	42	RESP=1
16545130	42	STIM=o
16551909	42	RESP=1
16561564	42	STIM=l
16566553	42	RESP=1
16578987	42	STIM=t
16582332	42	RESP=1
16597268	42	STIM=h
16600133	42	RESP=1
16613211	42	STIM=k
16621024	42	RESP=1
16628371	42	STIM=x
16636275	42	RESP=1
16644233	42	STIM=d
16647407	42	RESP=1
16661729	42	STIM=f
16672272	42	RESP=1
16678337	42	STIM=h
16684714	42	RESP=1
16696103	42	STIM=o
16702526	42	RESP=2
16712050	42	STIM=i
16721316	42	RESP=1
16728274	42	STIM=0
16732911	42	RESP=2
16747015	42	STIM=i
16751571	42	RESP=1
16765693	42	STIM=0
16775042	42	RESP=2
16783165	42	STIM=w
16787888	42	RESP=1
16799155	42	STIM=u
16810654	42	RESP=1
16817868	42	STIM=l
16827094	42	RESP=1
16835071	42	STIM=d
16838309	42	RESP=2
16852339	42	STIM=1
16861002	42	RESP=2
16868400	42	STIM=i
16870993	42	RESP=1
16886590	42	STIM=h
16891055	42	RESP=1
16902622	42	STIM=6
16910232	42	RESP=2
16920824	42	STIM=l
16929246	42	RESP=1
16936269	42	STIM=7
16940935	42	RESP=2
16953803	42	STIM=x
16957440	42	RESP=1
16970187	42	STIM=o
16976499	42	RESP=1
16985467	42	STIM=j
16998184	42	RESP=1
17002372	42	STIM=s
17005457	42	RESP=1
17018664	42	STIM=8
17023012	42	RESP=2
17034478	42	STIM=x
17041016	42	RESP=1
17053412	42	STIM=o
17061446	42	RESP=1
17069276	42	STIM=f
17073813	42	RESP=1
17087854	42	STIM=z
17093368	42	RESP=1
17104970	42	STIM=z
17110357	42	RESP=1
17121836	42	STIM=o
17125504	42	RESP=1
17140166	42	STIM=g
17142945	42	RESP=1
17158670	42	STIM=e
17163287	42	RESP=1
17177532	42	STIM=v
17181447	42	RESP=1
17194600	42	STIM=v
17202617	42	RESP=1
17212617	42	STIM=p
17216105	42	RESP=1
17229410	42	STIM=e
17237188	42	RESP=1
17247679	42	STIM=8
17253178	42	RESP=1
17263383	42	STIM=r
17267540	42	RESP=1
17280104	42	STIM=q
17284254	42	RESP=1
17298753	42	STIM=b
17305541	42	RESP=1
17317670	42	STIM=b
17321916	42	RESP=1
17334341	42	STIM=j
17339359	42	RESP=1
17351802	42	STIM=u
17356525	42	RESP=1
17367338	42	STIM=t
17377944	42	RESP=1
17383068	42	STIM=y
17390181	42	RESP=1
17399008	42	STIM=x
17401879	42	RESP=1
17414339	42	STIM=y
17419171	42	RESP=1
17432801	42	STIM=v
17438588	42	RESP=1
17449728	42	STIM=j
17452695	42	RESP=1
17466637	42	STIM=5
17473636	42	RESP=2
17484346	42	STIM=e
17487910	42	RESP=1
17500002	42	STIM=v
17508371	42	RESP=1
17518723	42	STIM=c
17526323	42	RESP=1
17537350	42	STIM=y
17542101	42	RESP=1
17553103	42	STIM=f
17558547	42	RESP=1
17570212	42	STIM=2
17576497	42	RESP=2
17586535	42	STIM=l
17590181	42	RESP=1
17605491	42	STIM=j
17609832	42	RESP=1
17622640	42	STIM=c
17630391	42	RESP=1
17638240	42	STIM=e
17642825	42	RESP=1
17654861	42	STIM=h
17660453	42	RESP=1
17670706	42	STIM=b
17674037	42	RESP=1
17686989	42	STIM=3
17690636	42	RESP=2
17702408	42	STIM=9
17706401	42	RESP=2
17720895	42	STIM=4
17726430	42	RESP=2
17736623	42	STIM=i
17743520	42	RESP=2
17752703	42	STIM=c
17760528	42	RESP=1
17770358	42	STIM=c
17775240	42	RESP=1
17786953	42	STIM=f
17791198	42	RESP=1
17805249	42	STIM=e
17808413	42	RESP=1
17822691	42	STIM=g
17826298	42	RESP=1
17839508	42	STIM=g
17844732	42	RESP=1
17856995	42	STIM=a
17862917	42	RESP=1
17872861	42	STIM=z
17875449	42	RESP=1
17889002	42	STIM=5
17893454	42	RESP=2
17904224	42	STIM=6
17908406	42	RESP=2
17922193	42	STIM=s
17931340	42	RESP=1
17937843	42	STIM=s
17941948	42	RESP=1
17954219	42	STIM=8
17958819	42	RESP=1
17971446	42	STIM=c
17975460	42	RESP=1
17986872	42	STIM=r
17990473	42	RESP=1
18005694	42	STIM=x
18009153	42	RESP=1
18021642	42	STIM=1
18025915	42	RESP=2
18038501	42	STIM=2
18043734	42	RESP=2
18054969	42	STIM=r
18059038	42	RESP=1
18073449	42	STIM=x
18076058	42	RESP=1
18092391	42	STIM=p
18098084	42	RESP=1
18111298	42	STIM=5
18116553	42	RESP=2
18129197	42	STIM=u
18136693	42	RESP=1
18147843	42	STIM=8
18152170	42	RESP=1
18164263	42	STIM=i
18167436	42	RESP=1
18181520	42	STIM=4
18188199	42	RESP=2
18197502	42	STIM=8
18205717	42	RESP=2
18215819	42	STIM=d
18221869	42	RESP=1
18232911	42	STIM=d
18236111	42	RESP=1
18249318	42	STIM=p
18253063	42	RESP=1
18266608	42	STIM=o
18270797	42	RESP=1
18284318	42	STIM=3
18288693	42	RESP=2
18301992	42	STIM=o
18305621	42	RESP=1
18319358	42	STIM=w
18324406	42	RESP=1
18336927	42	STIM=d
18340366	42	RESP=1
18354360	42	STIM=r
18357920	42	RESP=1
18369781	42	STIM=b
18373297	42	RESP=1
18386902	42	STIM=g
18391137	42	RESP=1
18404545	42	STIM=j
18409836	42	RESP=1
18420099	42	STIM=5
18425878	42	RESP=1
18438259	42	STIM=s
18446981	42	RESP=1
18456570	42	STIM=e
18460391	42	RESP=1
18474412	42	STIM=k
18477867	42	RESP=1
18493022	42	STIM=g
18497759	42	RESP=1
18509967	42	STIM=d
18515123	42	RESP=1
18526087	42	STIM=o
18529692	42	RESP=1
18544613	42	STIM=c
18549196	42	RESP=1
18562092	42	STIM=y
18566323	42	RESP=1
18579133	42	STIM=z
18582251	42	RESP=1
18597182	42	STIM=q
18602638	42	RESP=1
18613801	42	STIM=x
18618851	42	RESP=1
18632758	42	STIM=8
18640084	42	RESP=2
18650946	42	STIM=l
18655400	42	RESP=1
18667617	42	STIM=x
18671399	42	RESP=1
18682783	42	STIM=n
18687956	42	RESP=1
18700352	42	STIM=4
18704413	42	RESP=2
18715412	42	STIM=6
18720869	42	RESP=2
18730821	42	STIM=r
18735842	42	RESP=1
18747305	42	STIM=g
18752216	42	RESP=1
18764122	42	STIM=j
18770297	42	RESP=1
18782481	42	STIM=h
18786018	42	RESP=1
18801344	42	STIM=o
18805335	42	RESP=1
18819265	42	STIM=o
18825834	42	RESP=1
18837325	42	STIM=w
18841937	42	RESP=1
18855177	42	STIM=l
18860841	42	RESP=1
18873643	42	STIM=k
18878911	42	RESP=1
18892471	42	STIM=s
18896994	42	RESP=1
18907839	42	STIM=p
18914262	42	RESP=1
18923241	42	STIM=k
18928382	42	RESP=1
18939245	42	STIM=9
18945307	42	RESP=2
18958038	42	STIM=f
18961566	42	RESP=1
18974823	42	STIM=b
18979049	42	RESP=1
18990249	42	STIM=r
18993897	42	RESP=1
19006939	42	STIM=f
19011508	42	RESP=1
19022703	42	STIM=t
19026356	42	RESP=1
19040545	42	STIM=d
19043347	42	RESP=1
19059317	42	STIM=t
19063699	42	RESP=1
19074992	42	STIM=d
19080589	42	RESP=2
19093554	42	STIM=r
19097846	42	RESP=2
19110891	42	STIM=6
19115965	42	RESP=2
19129845	42	STIM=f
19136227	42	RESP=1
19146594	42	STIM=6
19151133	42	RESP=2
19163779	42	STIM=d
19168209	42	RESP=1
19179010	42	STIM=z
19183062	42	RESP=2
19195665	42	STIM=1
19199542	42	RESP=2
19212919	42	STIM=w
19217223	42	RESP=1
19230310	42	STIM=h
19234370	42	RESP=1
19245587	42	STIM=s
19249883	42	RESP=1
19262382	42	STIM=i
19265908	42	RESP=1
19279408	42	STIM=8
19284165	42	RESP=2
19294766	42	STIM=h
19302528	42	RESP=1
19313128	42	STIM=p
19320774	42	RESP=1
19331591	42	STIM=7
19335288	42	RESP=2
19350283	42	STIM=t
19355820	42	RESP=1
19366256	42	STIM=n
19372763	42	RESP=1
19381787	42	STIM=s
19385567	42	RESP=1
19398054	42	STIM=k
19404001	42	RESP=1
19416176	42	STIM=t
19419612	42	RESP=1
19432513	42	STIM=i
19436905	42	RESP=1
19447839	42	STIM=u
19451329	42	RESP=1
19465023	42	STIM=f
19471557	42	RESP=1
19483019	42	STIM=8
19488474	42	RESP=1
19498872	42	STIM=4
19503107	42	RESP=2
19517448	42	STIM=y
19521354	42	RESP=1
19535726	42	STIM=y
19541108	42	RESP=1
19551173	42	STIM=t
19560768	42	RESP=1
19568585	42	STIM=z
19572401	42	RESP=1
19584832	42	STIM=q
19589892	42	RESP=2
19602711	42	STIM=n
19608868	42	RESP=2
19620618	42	STIM=o
19626071	42	RESP=1
19639396	42	STIM=j
19647310	42	RESP=1
19657194	42	STIM=h
19663292	42	RESP=1
19673716	42	STIM=g
19678754	42	RESP=1
19691910	42	STIM=i
19695250	42	RESP=1
19709084	42	STIM=l
19718465	42	RESP=1
19724984	42	STIM=8
19730657	42	RESP=2
19742435	42	STIM=m
19746178	42	RESP=1
19759313	42	STIM=9
19764649	42	RESP=1
19776218	42	STIM=f
19779490	42	RESP=1
19792462	42	STIM=6
19800824	42	RESP=1
19808054	42	STIM=y
19811673	42	RESP=1
19825532	42	STIM=f
19829883	42	RESP=1
19844244	42	STIM=3
19849464	42	RESP=2
19860758	42	STIM=7
19866246	42	RESP=2
19878177	42	STIM=5
19883978	42	RESP=2
19893603	42	STIM=a
19898049	42	RESP=1
19911722	42	STIM=w
19915776	42	RESP=1
19926723	42	STIM=n
19931484	42	RESP=1
19944644	42	STIM=p
19948992	42	RESP=1
19961376	42	STIM=2
19965302	42	RESP=2
19977830	42	STIM=v
19982407	42	RESP=1
19995615	42	STIM=m
19999230	42	RESP=1
20013265	42	STIM=x
20019020	42	RESP=1
20031621	42	STIM=s
20042044	42	RESP=1
20050352	42	STIM=n
20060289	42	RESP=1
20066010	42	STIM=u
20072750	42	RESP=1
20083436	42	STIM=r
20087664	42	RESP=1
20098798	42	STIM=a
20108025	42	RESP=1
20114085	42	STIM=v
20118105	42	RESP=1
20132238	42	STIM=o
20135616	42	RESP=2
20151198	42	STIM=d
20157949	42	RESP=1
20167219	42	STIM=t
20172498	42	RESP=1
20185173	42	STIM=c
20190177	42	RESP=1
20203456	42	STIM=h
20206221	42	RESP=1
20220287	42	STIM=n
20223269	42	RESP=1
20237059	42	STIM=n
20239932	42	RESP=1
20255234	42	STIM=w
20259802	42	RESP=1
20270365	42	STIM=j
20277068	42	RESP=1
20289121	42	STIM=n
20292190	42	RESP=1
20306287	42	STIM=c
20313736	42	RESP=1
20324221	42	STIM=f
20331565	42	RESP=1
20340483	42	STIM=y
20344233	42	RESP=1
20357102	42	STIM=s
20362586	42	RESP=1
20374190	42	STIM=5
20382519	42	RESP=2
20392861	42	STIM=4
20396679	42	RESP=2
20409833	42	STIM=i
20415424	42	RESP=1
20428352	42	STIM=1
20432718	42	RESP=2
20444003	42	STIM=s
20453408	42	RESP=1
20459242	42	STIM=o
20463164	42	RESP=1
20476107	42	STIM=n
20480097	42	RESP=1
20494487	42	STIM=v
20497889	42	RESP=1
20512630	42	STIM=s
20517755	42	RESP=1
20531123	42	STIM=6
20535442	42	RESP=2
20548829	42	STIM=p
20553141	42	RESP=1
20566504	42	STIM=t
20573288	42	RESP=1
20583983	42	STIM=i
20590225	42	RESP=1
20599313	42	STIM=x
20604634	42	RESP=1
20617518	42	STIM=o
20624351	42	RESP=1
20636399	42	STIM=j
20640675	42	RESP=1
20654690	42	STIM=m
20658304	42	RESP=2
20670981	42	STIM=v
20675697	42	RESP=1
20689978	42	STIM=2
20695162	42	RESP=2
20705169	42	STIM=4
20711825	42	RESP=2
20722920	42	STIM=z
20727064	42	RESP=1
20738229	42	STIM=d
20742701	42	RESP=1
20755639	42	STIM=s
20761206	42	RESP=1
20772286	42	STIM=h
20777510	42	RESP=1
20788225	42	STIM=p
20794555	42	RESP=1
20805585	42	STIM=d
20814479	42	RESP=1
20821984	42	STIM=v
20825420	42	RESP=1
20840724	42	STIM=l
20843801	42	RESP=1
20856339	42	STIM=b
20862670	42	RESP=1
20874681	42	STIM=u
20878400	42	RESP=1
20893160	42	STIM=m
20899604	42	RESP=1
20910156	42	STIM=8
20916967	42	RESP=2
20927409	42	STIM=x
20931903	42	RESP=1
20944465	42	STIM=u
20950241	42	RESP=1
20962944	42	STIM=t
20970430	42	RESP=1
20978572	42	STIM=i
20983588	42	RESP=1
20995313	42	STIM=v
21002748	42	RESP=1
21014089	42	STIM=g
21017257	42	RESP=1
21029310	42	STIM=g
21035226	42	RESP=2
21047223	42	STIM=j
21050884	42	RESP=1
21064095	42	STIM=r
21069014	42	RESP=1
21082100	42	STIM=q
21088160	42	RESP=1
21098099	42	STIM=6
21103854	42	RESP=2
21116126	42	STIM=t
21120729	42	RESP=1
21134608	42	STIM=d
21141795	42	RESP=1
21149639	42	STIM=b
21152876	42	RESP=1
21165553	42	STIM=z
21169346	42	RESP=1
21183193	42	STIM=n
21187272	42	RESP=1
21201235	42	STIM=9
21209363	42	RESP=2
21219279	42	STIM=j
21221762	42	RESP=1
21235855	42	STIM=m
21240053	42	RESP=1
21252425	42	STIM=0
21258059	42	RESP=2
21268550	42	STIM=d
21272358	42	RESP=1
21284323	42	STIM=i
21289269	42	RESP=1
21302949	42	STIM=g
21307485	42	RESP=1
21319203	42	STIM=b
21323557	42	RESP=1
21334692	42	STIM=9
21339225	42	RESP=2
21351200	42	STIM=2
21356076	42	RESP=2
21366969	42	STIM=w
21371439	42	RESP=1
21384211	42	STIM=n
21389766	42	RESP=1
21400269	42	STIM=h
21403572	42	RESP=1
21415502	42	STIM=d
21420584	42	RESP=1
21432122	42	STIM=g
21437673	42	RESP=1
21448743	42	STIM=r
21453154	42	RESP=1
21466217	42	STIM=y
21471565	42	RESP=1
21484577	42	STIM=a
21490569	42	RESP=1
21501230	42	STIM=i
21507696	42	RESP=1
21519380	42	STIM=h
21524032	42	RESP=1
21538324	42	STIM=a
21542423	42	RESP=1
21555302	42	STIM=0
21561471	42	RESP=2
21572928	42	STIM=r
21577540	42	RESP=1
21588328	42	STIM=o
21593026	42	RESP=1
21606046	42	STIM=2
21610762	42	RESP=2
21623646	42	STIM=d
21627595	42	RESP=1
21640687	42	STIM=j
21647507	42	RESP=2
21656993	42	STIM=1
21664087	42	RESP=2
21675763	42	STIM=x
21679058	42	RESP=1
21692757	42	STIM=y
21696904	42	RESP=1
21709740	42	STIM=d
21713090	42	RESP=1
21727370	42	STIM=s
21731520	42	RESP=1
21743346	42	STIM=a
21747251	42	RESP=1
21761882	42	STIM=j
21766194	42	RESP=1
21778469	42	STIM=j
21783361	42	RESP=1
