# Original filename: 0055_GDZ_2017-01-28.log
# Time unit: 100 us
# RARECAT=digit
#
# Time	HHGG	Event
29026	42	STIM=0
34399	42	RESP=2
44681	42	STIM=g
54248	42	RESP=1
63572	42	STIM=y
68500	42	RESP=1
81622	42	STIM=1
88224	42	RESP=1
97265	42	STIM=6
101770	42	RESP=1
114347	42	STIM=c
121903	42	RESP=1
132869	42	STIM=e
138770	42	RESP=1
148947	42	STIM=p
155190	42	RESP=1
166218	42	STIM=9
172216	42	RESP=2
182218	42	STIM=i
187449	42	RESP=1
197926	42	STIM=0
204220	42	RESP=2
213332	42	STIM=k
223993	42	RESP=1
229104	42	STIM=2
235219	42	RESP=2
247703	42	STIM=2
251711	42	RESP=2
266001	42	STIM=r
271915	42	RESP=1
281916	42	STIM=3
287717	42	RESP=2
297295	42	STIM=b
302638	42	RESP=1
314245	42	STIM=i
320289	42	RESP=2
330697	42	STIM=c
334328	42	RESP=1
348092	42	STIM=3
353422	42	RESP=2
363259	42	STIM=c
368575	42	RESP=1
381602	42	STIM=b
386381	42	RESP=1
398387	42	STIM=h
403636	42	RESP=1
413765	42	STIM=c
420340	42	RESP=1
431459	42	STIM=e
439549	42	RESP=1
446551	42	STIM=x
454595	42	RESP=1
461766	42	STIM=6
467826	42	RESP=2
478075	42	STIM=h
484683	42	RESP=1
495591	42	STIM=y
501278	42	RESP=1
513668	42	STIM=m
517762	42	RESP=1
531235	42	STIM=m
537776	42	RESP=1
549872	42	STIM=p
555192	42	RESP=1
567958	42	STIM=b
572410	42	RESP=1
586883	42	STIM=e
593503	42	RESP=1
602856	42	STIM=a
607950	42	RESP=1
619970	42	STIM=b
629864	42	RESP=1
638479	42	STIM=a
646260	42	RESP=1
656477	42	STIM=u
660366	42	RESP=1
674673	42	STIM=s
686610	42	RESP=1
693653	42	STIM=s
699919	42	RESP=1
708866	42	STIM=q
716614	42	RESP=1
726861	42	STIM=s
731942	42	RESP=1
743023	42	STIM=f
750820	42	RESP=1
759600	42	STIM=w
771847	42	RESP=1
778468	42	STIM=e
784492	42	RESP=1
794704	42	STIM=o
800685	42	RESP=1
809868	42	STIM=t
815664	42	RESP=1
828771	42	STIM=6
835622	42	RESP=2
846988	42	STIM=s
856645	42	RESP=1
864348	42	STIM=b
873690	42	RESP=1
880844	42	STIM=9
885471	42	RESP=1
899100	42	STIM=0
905863	42	RESP=2
917139	42	STIM=t
923768	42	RESP=1
934355	42	STIM=x
940403	42	RESP=1
952595	42	STIM=z
958304	42	RESP=1
969877	42	STIM=s
976951	42	RESP=2
985434	42	STIM=a
993817	42	RESP=1
1004123	42	STIM=n
1008382	42	RESP=1
1023079	42	STIM=v
1026252	42	RESP=1
1040480	42	STIM=k
1044366	42	RESP=1
1058897	42	STIM=f
1070977	42	RESP=1
1074220	42	STIM=i
1079867	42	RESP=1
1089406	42	STIM=v
1099384	42	RESP=1
1106658	42	STIM=t
1111042	42	RESP=1
1125167	42	STIM=h
1129612	42	RESP=1
1143603	42	STIM=o
1148552	42	RESP=1
1160757	42	STIM=o
1166463	42	RESP=1
1176148	42	STIM=k
1181545	42	RESP=1
1193401	42	STIM=u
1196539	42	RESP=1
1210575	42	STIM=n
1215647	42	RESP=1
1229134	42	STIM=k
1234070	42	RESP=1
1245054	42	STIM=u
1249427	42	RESP=1
1262257	42	STIM=z
1266897	42	RESP=1
1281238	42	STIM=s
1291077	42	RESP=1
1296500	42	STIM=1
1304648	42	RESP=2
1312509	42	STIM=2
1317966	42	RESP=2
1328360	42	STIM=k
1333155	42	RESP=1
1343579	42	STIM=w
1350554	42	RESP=1
1360441	42	STIM=i
1366353	42	RESP=1
1375927	42	STIM=i
1381745	42	RESP=1
1392010	42	STIM=i
1394348	42	RESP=1
1407332	42	STIM=0
1413344	42	RESP=2
1425641	42	STIM=8
1434319	42	RESP=2
1440820	42	STIM=w
1446002	42	RESP=1
1459095	42	STIM=d
1465520	42	RESP=1
1476027	42	STIM=j
1482889	42	RESP=1
1494313	42	STIM=d
1498333	42	RESP=1
1509423	42	STIM=3
1517526	42	RESP=2
1527446	42	STIM=y
1534402	42	RESP=1
1544579	42	STIM=k
1551017	42	RESP=1
1561789	42	STIM=l
1567882	42	RESP=1
1578644	42	STIM=p
1583548	42	RESP=1
1597405	42	STIM=9
1603271	42	RESP=1
1614227	42	STIM=3
1624634	42	RESP=2
1629619	42	STIM=1
1637713	42	RESP=2
1646192	42	STIM=e
1650011	42	RESP=1
1662205	42	STIM=w
1668260	42	RESP=1
1679468	42	STIM=l
1684799	42	RESP=1
1697896	42	STIM=w
1701587	42	RESP=1
1712960	42	STIM=7
1718158	42	RESP=2
1728573	42	STIM=k
1734247	42	RESP=1
1746052	42	STIM=h
1750180	42	RESP=1
1762912	42	STIM=v
1772452	42	RESP=1
1778549	42	STIM=w
1785364	42	RESP=1
1796190	42	STIM=f
1802787	42	RESP=1
1812043	42	STIM=n
1816700	42	RESP=1
1830132	42	STIM=q
1836564	42	RESP=1
1845630	42	STIM=x
1850206	42	RESP=1
1862966	42	STIM=a
1869315	42	RESP=1
1880158	42	STIM=7
1885640	42	RESP=2
1899155	42	STIM=t
1902741	42	RESP=1
1914814	42	STIM=q
1919841	42	RESP=1
1933247	42	STIM=v
1938334	42	RESP=1
1951317	42	STIM=h
1959245	42	RESP=1
1968281	42	STIM=v
1972584	42	RESP=1
1986054	42	STIM=i
1990775	42	RESP=1
2004336	42	STIM=4
2009530	42	RESP=2
2021933	42	STIM=k
2024980	42	RESP=1
2037235	42	STIM=e
2041101	42	RESP=1
2054182	42	STIM=f
2061018	42	RESP=1
2072520	42	STIM=d
2077378	42	RESP=1
2088340	42	STIM=b
2095515	42	RESP=1
2106149	42	STIM=u
2109388	42	RESP=1
2124009	42	STIM=n
2131057	42	RESP=1
2142582	42	STIM=a
2147689	42	RESP=1
2157740	42	STIM=k
2162963	42	RESP=1
2175712	42	STIM=w
2181134	42	RESP=1
2194580	42	STIM=s
2199015	42	RESP=1
2210248	42	STIM=y
2216709	42	RESP=1
2228110	42	STIM=6
2236878	42	RESP=2
2245966	42	STIM=p
2250656	42	RESP=1
2263980	42	STIM=k
2272188	42	RESP=1
2280304	42	STIM=j
2284315	42	RESP=1
2296427	42	STIM=h
2304921	42	RESP=1
2312911	42	STIM=p
2317920	42	RESP=1
2329199	42	STIM=7
2336918	42	RESP=1
2345753	42	STIM=n
2355381	42	RESP=1
2362589	42	STIM=o
2366717	42	RESP=1
2379236	42	STIM=n
2390958	42	RESP=1
2397713	42	STIM=4
2404134	42	RESP=2
2413432	42	STIM=u
2418068	42	RESP=1
2432343	42	STIM=1
2438003	42	RESP=2
2448282	42	STIM=q
2454428	42	RESP=1
2464791	42	STIM=m
2472748	42	RESP=1
2482767	42	STIM=6
2488848	42	RESP=2
2500507	42	STIM=f
2507968	42	RESP=1
2517043	42	STIM=p
2520580	42	RESP=1
2533848	42	STIM=5
2540860	42	RESP=2
2548978	42	STIM=e
2554289	42	RESP=1
2565606	42	STIM=7
2570227	42	RESP=2
2583668	42	STIM=w
2590983	42	RESP=1
2602115	42	STIM=x
2607081	42	RESP=1
2619119	42	STIM=z
2630054	42	RESP=1
2637423	42	STIM=7
2643722	42	RESP=2
2652763	42	STIM=9
2660474	42	RESP=2
2670376	42	STIM=2
2677545	42	RESP=2
2686418	42	STIM=w
2692598	42	RESP=1
2704316	42	STIM=l
2710870	42	RESP=2
2721419	42	STIM=p
2725302	42	RESP=1
2739983	42	STIM=3
2745794	42	RESP=2
2756600	42	STIM=9
2767696	42	RESP=2
2773626	42	STIM=e
2778824	42	RESP=1
2788782	42	STIM=z
2798263	42	RESP=1
2804481	42	STIM=o
2809503	42	RESP=1
2820532	42	STIM=x
2823754	42	RESP=1
2836690	42	STIM=x
2842801	42	RESP=1
2854083	42	STIM=j
2860593	42	RESP=1
2870537	42	STIM=m
2873378	42	RESP=1
2889231	42	STIM=l
2894033	42	RESP=1
2906689	42	STIM=1
2915728	42	RESP=2
2923971	42	STIM=2
2931610	42	RESP=2
2942702	42	STIM=c
2950413	42	RESP=1
2960803	42	STIM=u
2964162	42	RESP=1
2976299	42	STIM=l
2981127	42	RESP=1
2991567	42	STIM=f
2996411	42	RESP=2
3009688	42	STIM=d
3015138	42	RESP=1
3028541	42	STIM=a
3033731	42	RESP=1
3046895	42	STIM=n
3052054	42	RESP=1
3065552	42	STIM=6
3072686	42	RESP=2
3082428	42	STIM=u
3086278	42	RESP=1
3098919	42	STIM=8
3106312	42	RESP=1
3117665	42	STIM=c
3124749	42	RESP=1
3136621	42	STIM=0
3141178	42	RESP=2
3154566	42	STIM=x
3165752	42	RESP=1
3169611	42	STIM=p
3179507	42	RESP=1
3186331	42	STIM=u
3192056	42	RESP=1
3201945	42	STIM=l
3210948	42	RESP=1
3217203	42	STIM=o
3221689	42	RESP=1
3236176	42	STIM=z
3243171	42	RESP=1
3253832	42	STIM=z
3258343	42	RESP=1
3272132	42	STIM=j
3276757	42	RESP=1
3288060	42	STIM=e
3293509	42	RESP=1
3304998	42	STIM=j
3319575	42	RESP=1
3321390	42	STIM=c
3326135	42	RESP=1
3338107	42	STIM=g
3347015	42	RESP=1
3356168	42	STIM=u
3361561	42	RESP=1
3372513	42	STIM=e
3376107	42	RESP=1
3389323	42	STIM=h
3392119	42	RESP=1
3406397	42	STIM=e
3412424	42	RESP=1
3422857	42	STIM=e
3429495	42	RESP=1
3439017	42	STIM=m
3443483	42	RESP=1
3454803	42	STIM=w
3459494	42	RESP=1
3469940	42	STIM=l
3476773	42	RESP=1
3486180	42	STIM=r
3491605	42	RESP=1
3501711	42	STIM=c
3508543	42	RESP=1
3517821	42	STIM=h
3528155	42	RESP=1
3533528	42	STIM=l
3540794	42	RESP=1
3550407	42	STIM=4
3556860	42	RESP=2
3565778	42	STIM=3
3573458	42	RESP=2
3581129	42	STIM=u
3586594	42	RESP=1
3598899	42	STIM=x
3606994	42	RESP=1
3615675	42	STIM=2
3621732	42	RESP=2
3633660	42	STIM=h
3637272	42	RESP=1
3651311	42	STIM=e
3656631	42	RESP=1
3670113	42	STIM=y
3676266	42	RESP=1
3688715	42	STIM=h
3691907	42	RESP=1
3705979	42	STIM=a
3716443	42	RESP=1
3724157	42	STIM=o
3728583	42	RESP=1
3741607	42	STIM=z
3748473	42	RESP=1
3757973	42	STIM=k
3767804	42	RESP=1
3776008	42	STIM=6
3782967	42	RESP=2
3791853	42	STIM=d
3800427	42	RESP=1
3807246	42	STIM=9
3812273	42	RESP=1
3823578	42	STIM=f
3833100	42	RESP=1
3841029	42	STIM=x
3844605	42	RESP=1
3856838	42	STIM=h
3866078	42	RESP=1
3874512	42	STIM=p
3880572	42	RESP=1
3891732	42	STIM=h
3897799	42	RESP=1
3908500	42	STIM=g
3913269	42	RESP=1
3926399	42	STIM=g
3931069	42	RESP=1
3941454	42	STIM=3
3947966	42	RESP=2
3957957	42	STIM=d
3964389	42	RESP=1
3976897	42	STIM=t
3982599	42	RESP=1
3994924	42	STIM=u
3999846	42	RESP=1
4012898	42	STIM=g
4016445	42	RESP=1
4028776	42	STIM=y
4035000	42	RESP=1
4044094	42	STIM=n
4053254	42	RESP=1
4062685	42	STIM=e
4067450	42	RESP=1
4081070	42	STIM=m
4084589	42	RESP=1
4096367	42	STIM=g
4099219	42	RESP=1
4114946	42	STIM=h
4121021	42	RESP=2
4132056	42	STIM=6
4138868	42	RESP=2
4148434	42	STIM=m
4155025	42	RESP=1
4164382	42	STIM=h
4168332	42	RESP=1
4180992	42	STIM=x
4185694	42	RESP=1
4198256	42	STIM=5
4203846	42	RESP=1
4213653	42	STIM=d
4218160	42	RESP=1
4230885	42	STIM=2
4239074	42	RESP=2
4248480	42	STIM=s
4254965	42	RESP=2
4265424	42	STIM=2
4271158	42	RESP=2
4280452	42	STIM=b
4284604	42	RESP=1
4295873	42	STIM=z
4300651	42	RESP=1
4311271	42	STIM=f
4315524	42	RESP=1
4327521	42	STIM=f
4333879	42	RESP=1
4344544	42	STIM=2
4351208	42	RESP=2
4361753	42	STIM=r
4369227	42	RESP=1
4379357	42	STIM=w
4385874	42	RESP=1
4395069	42	STIM=y
4405408	42	RESP=1
4414024	42	STIM=j
4417392	42	RESP=2
4430527	42	STIM=v
4435117	42	RESP=1
4446609	42	STIM=e
4452901	42	RESP=1
4463404	42	STIM=b
4469659	42	RESP=1
4481853	42	STIM=u
4486130	42	RESP=1
4499182	42	STIM=i
4504488	42	RESP=1
4517019	42	STIM=a
4521737	42	RESP=1
4532139	42	STIM=g
4537157	42	RESP=1
4547967	42	STIM=4
4553495	42	RESP=2
4564757	42	STIM=u
4573651	42	RESP=1
4583456	42	STIM=2
4588442	42	RESP=2
4599593	42	STIM=b
4604560	42	RESP=1
4616449	42	STIM=x
4623641	42	RESP=1
4635064	42	STIM=p
4640981	42	RESP=1
4650135	42	STIM=l
4658998	42	RESP=1
4666703	42	STIM=a
4671825	42	RESP=1
4683498	42	STIM=m
4688546	42	RESP=1
4700094	42	STIM=m
4705570	42	RESP=1
4715560	42	STIM=8
4721970	42	RESP=2
4733610	42	STIM=p
4739693	42	RESP=1
4750152	42	STIM=q
4752726	42	RESP=1
4769074	42	STIM=p
4775644	42	RESP=1
4784107	42	STIM=l
4789337	42	RESP=2
4801810	42	STIM=h
4811833	42	RESP=1
4817732	42	STIM=h
4822297	42	RESP=1
4833887	42	STIM=o
4838469	42	RESP=1
4849892	42	STIM=b
4855284	42	RESP=1
4865789	42	STIM=d
4872814	42	RESP=1
4881947	42	STIM=j
4887597	42	RESP=1
4899156	42	STIM=5
4907461	42	RESP=2
4917297	42	STIM=x
4922400	42	RESP=1
4935799	42	STIM=f
4944901	42	RESP=1
4953690	42	STIM=c
4965196	42	RESP=1
4969320	42	STIM=y
4976852	42	RESP=1
4986664	42	STIM=9
4995823	42	RESP=2
5002892	42	STIM=9
5007994	42	RESP=1
5018634	42	STIM=x
5023549	42	RESP=1
5034063	42	STIM=8
5043467	42	RESP=2
5051093	42	STIM=u
5054556	42	RESP=1
5067750	42	STIM=w
5072799	42	RESP=1
5085903	42	STIM=3
5091655	42	RESP=2
5104528	42	STIM=x
5111917	42	RESP=1
5120940	42	STIM=b
5127143	42	RESP=1
5139519	42	STIM=h
5151552	42	RESP=1
5158364	42	STIM=e
5163260	42	RESP=1
5175190	42	STIM=5
5179895	42	RESP=2
5190622	42	STIM=g
5198513	42	RESP=1
5206526	42	STIM=b
5213176	42	RESP=1
5224216	42	STIM=y
5231866	42	RESP=1
5241405	42	STIM=o
5246396	42	RESP=1
5256753	42	STIM=i
5261103	42	RESP=1
5274696	42	STIM=c
5282832	42	RESP=1
5292216	42	STIM=g
5297027	42	RESP=1
5309724	42	STIM=k
5315769	42	RESP=1
5326795	42	STIM=q
5331646	42	RESP=2
5343901	42	STIM=i
5348145	42	RESP=1
5358953	42	STIM=z
5367680	42	RESP=1
5374752	42	STIM=n
5382715	42	RESP=1
5391115	42	STIM=a
5397181	42	RESP=1
5406807	42	STIM=9
5421025	42	RESP=2
5425107	42	STIM=w
5430776	42	RESP=2
5443864	42	STIM=f
5450806	42	RESP=1
5459428	42	STIM=z
5462537	42	RESP=1
5476524	42	STIM=c
5479850	42	RESP=1
5494685	42	STIM=9
5498947	42	RESP=1
5511790	42	STIM=g
5520183	42	RESP=1
5529318	42	STIM=0
5535491	42	RESP=2
5547994	42	STIM=k
5553892	42	RESP=1
5565690	42	STIM=l
5568419	42	RESP=1
5584106	42	STIM=t
5590242	42	RESP=1
5599474	42	STIM=k
5602855	42	RESP=1
5614909	42	STIM=c
5619364	42	RESP=1
5633579	42	STIM=3
5639850	42	RESP=2
5649168	42	STIM=y
5655012	42	RESP=1
5664906	42	STIM=3
5670080	42	RESP=2
5682206	42	STIM=z
5685279	42	RESP=1
5698993	42	STIM=e
5703772	42	RESP=1
5715243	42	STIM=k
5723054	42	RESP=1
5730437	42	STIM=i
5735739	42	RESP=1
5748665	42	STIM=l
5754447	42	RESP=1
5764603	42	STIM=n
5768237	42	RESP=1
5782395	42	STIM=h
5785426	42	RESP=1
5800635	42	STIM=z
5807326	42	RESP=1
5817548	42	STIM=r
5822886	42	RESP=1
5832602	42	STIM=i
5837359	42	RESP=1
5849486	42	STIM=x
5853566	42	RESP=1
5865155	42	STIM=o
5868754	42	RESP=1
5880325	42	STIM=j
5886354	42	RESP=1
5897610	42	STIM=x
5902187	42	RESP=1
5914984	42	STIM=b
5920156	42	RESP=1
5930666	42	STIM=7
5935962	42	RESP=1
5949267	42	STIM=4
5954438	42	RESP=2
5966207	42	STIM=t
5972969	42	RESP=1
5983135	42	STIM=0
5987440	42	RESP=2
6000790	42	STIM=c
6003772	42	RESP=1
6018315	42	STIM=d
6026908	42	RESP=1
6036564	42	STIM=z
6041595	42	RESP=1
6052625	42	STIM=n
6060363	42	RESP=1
6071284	42	STIM=t
6079018	42	RESP=1
6089846	42	STIM=a
6094196	42	RESP=1
6106270	42	STIM=l
6112633	42	RESP=1
6123754	42	STIM=5
6129997	42	RESP=2
6140473	42	STIM=i
6145883	42	RESP=1
6159365	42	STIM=w
6165537	42	RESP=1
6178004	42	STIM=p
6183105	42	RESP=1
6194665	42	STIM=q
6200120	42	RESP=1
6211557	42	STIM=u
6218060	42	RESP=1
6228846	42	STIM=o
6233616	42	RESP=1
6245780	42	STIM=d
6249180	42	RESP=1
6264462	42	STIM=w
6267849	42	RESP=1
6282038	42	STIM=g
6284932	42	RESP=1
6300374	42	STIM=b
6303823	42	RESP=1
6316737	42	STIM=r
6321594	42	RESP=1
6331798	42	STIM=0
6341096	42	RESP=1
6349148	42	STIM=2
6353663	42	RESP=2
6364320	42	STIM=r
6370117	42	RESP=1
6382577	42	STIM=i
6389992	42	RESP=1
6399815	42	STIM=5
6410355	42	RESP=1
6415560	42	STIM=r
6422689	42	RESP=1
6431081	42	STIM=7
6437276	42	RESP=2
6448137	42	STIM=7
6454164	42	RESP=1
6466651	42	STIM=s
6470400	42	RESP=1
6484093	42	STIM=5
6489828	42	RESP=2
6499365	42	STIM=t
6505179	42	RESP=1
6516504	42	STIM=8
6521666	42	RESP=2
6535117	42	STIM=f
6538849	42	RESP=1
6553115	42	STIM=o
6557373	42	RESP=2
6571660	42	STIM=l
6576018	42	RESP=1
6589485	42	STIM=w
6599262	42	RESP=1
6607017	42	STIM=8
6617566	42	RESP=2
6622128	42	STIM=o
6630762	42	RESP=1
6639800	42	STIM=n
6645200	42	RESP=1
6656776	42	STIM=g
6662728	42	RESP=1
6673983	42	STIM=n
6680852	42	RESP=1
6689928	42	STIM=7
6698226	42	RESP=2
6707739	42	STIM=i
6713143	42	RESP=1
6723121	42	STIM=w
6728336	42	RESP=1
6741700	42	STIM=t
6751173	42	RESP=1
6757882	42	STIM=w
6765428	42	RESP=2
6774515	42	STIM=0
6780273	42	RESP=2
6793119	42	STIM=g
6800600	42	RESP=1
6811968	42	STIM=h
6815754	42	RESP=1
6829868	42	STIM=c
6833532	42	RESP=1
6847680	42	STIM=o
6851075	42	RESP=1
6863160	42	STIM=b
6870572	42	RESP=1
6881922	42	STIM=w
6888276	42	RESP=1
6898574	42	STIM=u
6901763	42	RESP=1
6915810	42	STIM=s
6923337	42	RESP=1
6932924	42	STIM=h
6940079	42	RESP=1
6948033	42	STIM=w
6952884	42	RESP=1
6964826	42	STIM=8
6971200	42	RESP=1
6980545	42	STIM=h
6983507	42	RESP=1
6996572	42	STIM=r
7000660	42	RESP=2
7012235	42	STIM=b
7016615	42	RESP=2
7028485	42	STIM=z
7033268	42	RESP=1
7047072	42	STIM=r
7051071	42	RESP=1
7062246	42	STIM=z
7065471	42	RESP=1
7080771	42	STIM=m
7086483	42	RESP=1
7099424	42	STIM=z
7106521	42	RESP=1
7115857	42	STIM=l
7121218	42	RESP=2
7131682	42	STIM=l
7139213	42	RESP=1
7148871	42	STIM=n
7155231	42	RESP=1
7167630	42	STIM=v
7171937	42	RESP=1
7185601	42	STIM=z
7194194	42	RESP=1
7202545	42	STIM=w
7211918	42	RESP=1
7217877	42	STIM=8
7226101	42	RESP=2
7234623	42	STIM=j
7238400	42	RESP=1
7249794	42	STIM=t
7257656	42	RESP=1
7266559	42	STIM=x
7274052	42	RESP=1
7283762	42	STIM=b
7288162	42	RESP=1
7302182	42	STIM=o
7308361	42	RESP=1
7318719	42	STIM=q
7322825	42	RESP=1
7335302	42	STIM=c
7338764	42	RESP=2
7351437	42	STIM=y
7354628	42	RESP=1
7367622	42	STIM=d
7376075	42	RESP=1
7383023	42	STIM=1
7387994	42	RESP=2
7398891	42	STIM=j
7401616	42	RESP=1
7415430	42	STIM=6
7421711	42	RESP=1
7431445	42	STIM=4
7436274	42	RESP=1
7447990	42	STIM=v
7455428	42	RESP=1
7466331	42	STIM=c
7470398	42	RESP=2
7483316	42	STIM=b
7490110	42	RESP=1
7501116	42	STIM=o
7508268	42	RESP=1
7516155	42	STIM=4
7523484	42	RESP=2
7533771	42	STIM=g
7541030	42	RESP=1
7549185	42	STIM=1
7557378	42	RESP=2
7565056	42	STIM=y
7568928	42	RESP=1
7580972	42	STIM=e
7591825	42	RESP=1
7597111	42	STIM=f
7603804	42	RESP=1
7616104	42	STIM=y
7621389	42	RESP=1
7634135	42	STIM=e
7640777	42	RESP=1
7649751	42	STIM=j
7658809	42	RESP=1
7668143	42	STIM=q
7675036	42	RESP=1
7684562	42	STIM=x
7690836	42	RESP=1
7700945	42	STIM=q
7704852	42	RESP=1
7717398	42	STIM=d
7723952	42	RESP=1
7733334	42	STIM=i
7738600	42	RESP=1
7751139	42	STIM=b
7757622	42	RESP=1
7767400	42	STIM=f
7774502	42	RESP=2
7786223	42	STIM=9
7796067	42	RESP=2
7804602	42	STIM=f
7810034	42	RESP=1
7822499	42	STIM=n
7834351	42	RESP=2
7839375	42	STIM=y
7843799	42	RESP=1
7855563	42	STIM=f
7865964	42	RESP=1
7873148	42	STIM=5
7877817	42	RESP=1
7889651	42	STIM=o
7892944	42	RESP=1
7905499	42	STIM=h
7911462	42	RESP=1
7924188	42	STIM=9
7935302	42	RESP=2
7941546	42	STIM=z
7945755	42	RESP=1
7959686	42	STIM=f
7963162	42	RESP=1
7978257	42	STIM=1
7989394	42	RESP=2
7996353	42	STIM=h
7999006	42	RESP=1
8013881	42	STIM=8
8018537	42	RESP=2
8031372	42	STIM=f
8037438	42	RESP=1
8048049	42	STIM=t
8052394	42	RESP=1
8064057	42	STIM=3
8067661	42	RESP=2
8080104	42	STIM=c
8083825	42	RESP=1
8096653	42	STIM=d
8104012	42	RESP=1
8114862	42	STIM=0
8120424	42	RESP=2
8133287	42	STIM=5
8141230	42	RESP=1
8150241	42	STIM=x
8155059	42	RESP=1
8165554	42	STIM=y
8175797	42	RESP=1
8180586	42	STIM=d
8188590	42	RESP=1
8196743	42	STIM=j
8203354	42	RESP=1
8215052	42	STIM=3
8221179	42	RESP=2
8230438	42	STIM=h
8236299	42	RESP=1
8246933	42	STIM=e
8250068	42	RESP=1
8264336	42	STIM=q
8272444	42	RESP=1
8281692	42	STIM=p
8287407	42	RESP=1
8300576	42	STIM=o
8310725	42	RESP=1
8316403	42	STIM=3
8322892	42	RESP=2
8331752	42	STIM=k
8340283	42	RESP=1
8347827	42	STIM=i
8355512	42	RESP=1
8363772	42	STIM=3
8373961	42	RESP=2
8379054	42	STIM=g
8389751	42	RESP=1
8394493	42	STIM=h
8402802	42	RESP=1
8410358	42	STIM=t
8417038	42	RESP=1
8426448	42	STIM=x
8430544	42	RESP=1
8442534	42	STIM=d
8450323	42	RESP=1
8461113	42	STIM=o
8466173	42	RESP=1
8477425	42	STIM=m
8482942	42	RESP=1
8494853	42	STIM=b
8499061	42	RESP=1
8511085	42	STIM=c
8522663	42	RESP=1
8526204	42	STIM=9
8532524	42	RESP=2
8541242	42	STIM=e
8544762	42	RESP=1
8559893	42	STIM=e
8563684	42	RESP=1
8578051	42	STIM=y
8585432	42	RESP=1
8594657	42	STIM=t
8598475	42	RESP=1
8610286	42	STIM=s
8618141	42	RESP=1
8629205	42	STIM=l
8636279	42	RESP=1
8647228	42	STIM=q
8651931	42	RESP=1
8665908	42	STIM=y
8672417	42	RESP=1
8682554	42	STIM=w
8688225	42	RESP=1
8698564	42	STIM=e
8702026	42	RESP=1
8716317	42	STIM=3
8721059	42	RESP=2
8733336	42	STIM=4
8741645	42	RESP=2
8750371	42	STIM=0
8755944	42	RESP=2
8766262	42	STIM=q
8771555	42	RESP=1
8781715	42	STIM=1
8785891	42	RESP=2
8797642	42	STIM=d
8802398	42	RESP=1
8815943	42	STIM=z
8822582	42	RESP=1
8832335	42	STIM=q
8843225	42	RESP=1
8847526	42	STIM=t
8852023	42	RESP=1
8862863	42	STIM=j
8865450	42	RESP=1
8881411	42	STIM=o
8884840	42	RESP=1
8900264	42	STIM=k
8906992	42	RESP=1
8917756	42	STIM=4
8923474	42	RESP=2
8932980	42	STIM=e
8939314	42	RESP=1
8950889	42	STIM=s
8957791	42	RESP=1
8967029	42	STIM=f
8969527	42	RESP=1
8985822	42	STIM=7
8989573	42	RESP=2
9004761	42	STIM=r
9013301	42	RESP=1
9020237	42	STIM=u
9023393	42	RESP=1
9036212	42	STIM=y
9043108	42	RESP=1
9052683	42	STIM=5
9056827	42	RESP=1
9070610	42	STIM=c
9074944	42	RESP=1
9089212	42	STIM=6
9096904	42	RESP=2
9105870	42	STIM=l
9110482	42	RESP=1
9121753	42	STIM=5
9127346	42	RESP=2
9137564	42	STIM=1
9144760	42	RESP=2
9156414	42	STIM=v
9160607	42	RESP=1
9173967	42	STIM=j
9182005	42	RESP=1
9189715	42	STIM=c
9197522	42	RESP=1
9208005	42	STIM=n
9213292	42	RESP=1
9225101	42	STIM=p
9232038	42	RESP=1
9240319	42	STIM=t
9247635	42	RESP=1
9256045	42	STIM=g
9268091	42	RESP=1
9274424	42	STIM=l
9281226	42	RESP=1
9291933	42	STIM=y
9299690	42	RESP=1
9310775	42	STIM=4
9315884	42	RESP=1
9328057	42	STIM=r
9334480	42	RESP=1
9343711	42	STIM=n
9347640	42	RESP=1
9361787	42	STIM=t
9365992	42	RESP=1
9377259	42	STIM=z
9383202	42	RESP=1
9394947	42	STIM=7
9401944	42	RESP=2
9412550	42	STIM=x
9417846	42	RESP=1
9428150	42	STIM=t
9432097	42	RESP=1
9445733	42	STIM=e
9449944	42	RESP=1
9462897	42	STIM=h
9466849	42	RESP=1
9478006	42	STIM=h
9488609	42	RESP=1
9493547	42	STIM=r
9497947	42	RESP=1
9510561	42	STIM=j
9515181	42	RESP=1
9528797	42	STIM=4
9534613	42	RESP=2
9546724	42	STIM=d
9551640	42	RESP=1
9564922	42	STIM=d
9570514	42	RESP=2
9582039	42	STIM=j
9588997	42	RESP=1
9598229	42	STIM=1
9606243	42	RESP=2
9617196	42	STIM=6
9622335	42	RESP=2
9633132	42	STIM=1
9638366	42	RESP=2
9649105	42	STIM=c
9653305	42	RESP=2
9667000	42	STIM=h
9671639	42	RESP=1
9685147	42	STIM=n
9691641	42	RESP=1
9703738	42	STIM=h
9710004	42	RESP=1
9719372	42	STIM=n
9726487	42	RESP=1
9738334	42	STIM=l
9741244	42	RESP=1
9754249	42	STIM=j
9758580	42	RESP=1
9770428	42	STIM=i
9775558	42	RESP=1
9787612	42	STIM=t
9792960	42	RESP=1
9803671	42	STIM=w
9813247	42	RESP=1
9821796	42	STIM=u
9827037	42	RESP=1
9837935	42	STIM=t
9842042	42	RESP=1
9856442	42	STIM=k
9868034	42	RESP=1
9874096	42	STIM=2
9877993	42	RESP=2
9889462	42	STIM=b
9893234	42	RESP=1
9906013	42	STIM=f
9910429	42	RESP=1
9922323	42	STIM=w
9929494	42	RESP=1
9941310	42	STIM=v
9948169	42	RESP=1
9958163	42	STIM=5
9966892	42	RESP=2
9975953	42	STIM=2
9981674	42	RESP=2
9994780	42	STIM=b
9998224	42	RESP=1
10012038	42	STIM=c
10017033	42	RESP=1
10027250	42	STIM=v
10030428	42	RESP=1
10044227	42	STIM=y
10047859	42	RESP=1
10060137	42	STIM=g
10067283	42	RESP=1
10076571	42	STIM=z
10085661	42	RESP=1
10093038	42	STIM=j
10097595	42	RESP=2
10108937	42	STIM=t
10118492	42	RESP=1
10125511	42	STIM=o
10131972	42	RESP=1
10144009	42	STIM=v
10152015	42	RESP=1
10159654	42	STIM=l
10164204	42	RESP=1
10178103	42	STIM=s
10182729	42	RESP=1
10195840	42	STIM=a
10201289	42	RESP=1
10214398	42	STIM=t
10221400	42	RESP=1
10231102	42	STIM=z
10236944	42	RESP=1
10246235	42	STIM=c
10251493	42	RESP=1
10263850	42	STIM=n
10269546	42	RESP=1
10279810	42	STIM=a
10283392	42	RESP=1
10297438	42	STIM=w
10301583	42	RESP=1
10314480	42	STIM=v
10323088	42	RESP=1
10333056	42	STIM=1
10339482	42	RESP=2
10349068	42	STIM=g
10353470	42	RESP=2
10367922	42	STIM=d
10374960	42	RESP=1
10386706	42	STIM=w
10395269	42	RESP=1
10402474	42	STIM=z
10408999	42	RESP=1
10420155	42	STIM=f
10425784	42	RESP=1
10436026	42	STIM=6
10441077	42	RESP=2
10451439	42	STIM=l
10459983	42	RESP=1
10469273	42	STIM=4
10474935	42	RESP=2
10486606	42	STIM=5
10491864	42	RESP=2
10504241	42	STIM=6
10508788	42	RESP=2
10522201	42	STIM=t
10526392	42	RESP=1
10539732	42	STIM=g
10543113	42	RESP=1
10556372	42	STIM=4
10561219	42	RESP=2
10572796	42	STIM=c
10581040	42	RESP=1
10588752	42	STIM=q
10594300	42	RESP=2
10607679	42	STIM=8
10616009	42	RESP=2
10624246	42	STIM=d
10630464	42	RESP=1
10642586	42	STIM=q
10645655	42	RESP=1
10658948	42	STIM=o
10668234	42	RESP=1
10675312	42	STIM=n
10681726	42	RESP=1
10693043	42	STIM=b
10699111	42	RESP=1
10710473	42	STIM=l
10717680	42	RESP=1
10727907	42	STIM=d
10732994	42	RESP=1
10745401	42	STIM=1
10753584	42	RESP=2
10761209	42	STIM=f
10765519	42	RESP=1
10779127	42	STIM=i
10792677	42	RESP=1
10795484	42	STIM=i
10801081	42	RESP=1
10811051	42	STIM=l
10818316	42	RESP=1
10827023	42	STIM=d
10833611	42	RESP=1
10843437	42	STIM=b
10848032	42	RESP=1
10862147	42	STIM=y
10865789	42	RESP=1
10877491	42	STIM=x
10881681	42	RESP=1
10895506	42	STIM=w
10900219	42	RESP=1
10914411	42	STIM=5
10919378	42	RESP=2
10933397	42	STIM=2
10937378	42	RESP=2
10950112	42	STIM=j
10959774	42	RESP=1
10967400	42	STIM=b
10974077	42	RESP=1
10983597	42	STIM=4
10990061	42	RESP=2
11002180	42	STIM=1
11009762	42	RESP=1
11017859	42	STIM=0
11026231	42	RESP=2
11033215	42	STIM=8
11045052	42	RESP=2
11050879	42	STIM=m
11056693	42	RESP=1
11067921	42	STIM=s
11076792	42	RESP=1
11086800	42	STIM=m
11090330	42	RESP=1
11102789	42	STIM=7
11110035	42	RESP=1
11117823	42	STIM=u
11122788	42	RESP=1
11134612	42	STIM=f
11139792	42	RESP=1
11151431	42	STIM=c
11155536	42	RESP=1
11167631	42	STIM=r
11174937	42	RESP=1
11186519	42	STIM=o
11196071	42	RESP=1
11204684	42	STIM=m
11217840	42	RESP=1
11220612	42	STIM=z
11226151	42	RESP=1
11239567	42	STIM=o
11243558	42	RESP=1
11254585	42	STIM=d
11258299	42	RESP=1
11273504	42	STIM=p
11279611	42	RESP=1
11291534	42	STIM=w
11296784	42	RESP=1
11307607	42	STIM=s
11313353	42	RESP=1
11323667	42	STIM=t
11338001	42	RESP=1
11340119	42	STIM=p
11343279	42	RESP=1
11355691	42	STIM=e
11359377	42	RESP=1
11372926	42	STIM=l
11379994	42	RESP=2
11388418	42	STIM=u
11394308	42	RESP=1
11406962	42	STIM=i
11413831	42	RESP=1
11423277	42	STIM=1
11432951	42	RESP=2
11441624	42	STIM=z
11450448	42	RESP=1
11459137	42	STIM=d
11464006	42	RESP=1
11477785	42	STIM=w
11482301	42	RESP=1
11493004	42	STIM=7
11502472	42	RESP=2
11508260	42	STIM=4
11514750	42	RESP=2
11526375	42	STIM=l
11533308	42	RESP=1
11545113	42	STIM=s
11550929	42	RESP=1
11561183	42	STIM=b
11565284	42	RESP=1
11576293	42	STIM=e
11582715	42	RESP=1
11594190	42	STIM=c
11597989	42	RESP=1
11609429	42	STIM=j
11612885	42	RESP=1
11627125	42	STIM=8
11632261	42	RESP=2
11643964	42	STIM=q
11649097	42	RESP=1
11660736	42	STIM=5
11671073	42	RESP=1
11676699	42	STIM=m
11682613	42	RESP=1
11694022	42	STIM=k
11704667	42	RESP=1
11710754	42	STIM=b
11718137	42	RESP=1
11727600	42	STIM=y
11731684	42	RESP=1
11742958	42	STIM=x
11748414	42	RESP=1
11761190	42	STIM=3
11769516	42	RESP=2
11778767	42	STIM=c
11784239	42	RESP=1
11795405	42	STIM=5
11799479	42	RESP=2
11812113	42	STIM=k
11818267	42	RESP=1
11828856	42	STIM=b
11835052	42	RESP=1
11846432	42	STIM=r
11851340	42	RESP=1
11862068	42	STIM=y
11869112	42	RESP=2
11880819	42	STIM=o
11884275	42	RESP=1
11896023	42	STIM=c
11899763	42	RESP=1
11914177	42	STIM=p
11919475	42	RESP=1
11929790	42	STIM=x
11935418	42	RESP=1
11947504	42	STIM=m
11950537	42	RESP=1
11962529	42	STIM=g
11965488	42	RESP=1
11980013	42	STIM=i
11984015	42	RESP=1
11998410	42	STIM=j
12001884	42	RESP=1
12015186	42	STIM=c
12018763	42	RESP=1
12032174	42	STIM=s
12041411	42	RESP=1
12049547	42	STIM=e
12053119	42	RESP=2
12067866	42	STIM=a
12072949	42	RESP=1
12083985	42	STIM=f
12087356	42	RESP=1
12100263	42	STIM=c
12105781	42	RESP=1
12117290	42	STIM=2
12128576	42	RESP=1
12133619	42	STIM=g
12144422	42	RESP=1
12149940	42	STIM=n
12157707	42	RESP=1
12168161	42	STIM=o
12172949	42	RESP=1
12184895	42	STIM=z
12189783	42	RESP=1
12203306	42	STIM=e
12210234	42	RESP=1
12221047	42	STIM=t
12229004	42	RESP=1
12237795	42	STIM=a
12243402	42	RESP=1
12255461	42	STIM=a
12263378	42	RESP=1
12272299	42	STIM=e
12276446	42	RESP=1
12287739	42	STIM=n
12298907	42	RESP=1
12306704	42	STIM=d
12313087	42	RESP=1
12324700	42	STIM=j
12328639	42	RESP=1
12340028	42	STIM=m
12344147	42	RESP=1
12355546	42	STIM=f
12361060	42	RESP=1
12373242	42	STIM=u
12375784	42	RESP=1
12390141	42	STIM=n
12393564	42	RESP=1
12407244	42	STIM=w
12413280	42	RESP=1
12424621	42	STIM=m
12431278	42	RESP=1
12441267	42	STIM=3
12451368	42	RESP=2
12460077	42	STIM=b
12463963	42	RESP=2
12478149	42	STIM=i
12484298	42	RESP=1
12493900	42	STIM=x
12499743	42	RESP=1
12510866	42	STIM=c
12517330	42	RESP=1
12529674	42	STIM=k
12533652	42	RESP=1
12545395	42	STIM=u
12554246	42	RESP=1
12560840	42	STIM=w
12566590	42	RESP=1
12576201	42	STIM=n
12582882	42	RESP=1
12593095	42	STIM=i
12600486	42	RESP=1
12608396	42	STIM=m
12611239	42	RESP=1
12625502	42	STIM=j
12629666	42	RESP=1
12644147	42	STIM=a
12652030	42	RESP=1
12661509	42	STIM=5
12665815	42	RESP=2
12678049	42	STIM=p
12682494	42	RESP=2
12696425	42	STIM=p
12700520	42	RESP=1
12711661	42	STIM=n
12719285	42	RESP=1
12727210	42	STIM=u
12730701	42	RESP=2
12744354	42	STIM=r
12750578	42	RESP=1
12763341	42	STIM=j
12769432	42	RESP=1
12780684	42	STIM=2
12793128	42	RESP=1
12795751	42	STIM=r
12804170	42	RESP=1
12812615	42	STIM=c
12818102	42	RESP=1
12828990	42	STIM=m
12835135	42	RESP=1
12845119	42	STIM=h
12851819	42	RESP=1
12860368	42	STIM=z
12869511	42	RESP=1
12879351	42	STIM=v
12884360	42	RESP=1
12894699	42	STIM=7
12904929	42	RESP=2
12909746	42	STIM=a
12916294	42	RESP=1
12926954	42	STIM=i
12931916	42	RESP=1
12942424	42	STIM=9
12948067	42	RESP=2
12958033	42	STIM=9
12963800	42	RESP=2
12976446	42	STIM=u
12982017	42	RESP=1
12993189	42	STIM=w
13001986	42	RESP=1
13009393	42	STIM=8
13015025	42	RESP=2
13028226	42	STIM=j
13031331	42	RESP=1
13046631	42	STIM=j
13055292	42	RESP=1
13063922	42	STIM=s
13070820	42	RESP=1
13079465	42	STIM=7
13085519	42	RESP=2
13096619	42	STIM=0
13100519	42	RESP=2
13114278	42	STIM=z
13120881	42	RESP=1
13132253	42	STIM=p
13141298	42	RESP=1
13147756	42	STIM=f
13154265	42	RESP=1
13163675	42	STIM=0
13172721	42	RESP=2
13180907	42	STIM=y
13184863	42	RESP=1
13199760	42	STIM=b
13205306	42	RESP=1
13217096	42	STIM=8
13223282	42	RESP=2
13236018	42	STIM=j
13246749	42	RESP=1
13252225	42	STIM=6
13258229	42	RESP=2
13269522	42	STIM=u
13276006	42	RESP=1
13287787	42	STIM=i
13293893	42	RESP=1
13302877	42	STIM=v
13308283	42	RESP=1
13318550	42	STIM=m
13325069	42	RESP=1
13337345	42	STIM=o
13347326	42	RESP=1
13354022	42	STIM=i
13357674	42	RESP=1
13371675	42	STIM=g
13381770	42	RESP=1
13387407	42	STIM=q
13392130	42	RESP=1
13406321	42	STIM=i
13414620	42	RESP=1
13422166	42	STIM=g
13425767	42	RESP=1
13439686	42	STIM=q
13448262	42	RESP=1
13456354	42	STIM=w
13460532	42	RESP=1
13471644	42	STIM=f
13476875	42	RESP=1
13487293	42	STIM=o
13492750	42	RESP=1
13502585	42	STIM=s
13506023	42	RESP=1
13518521	42	STIM=f
13521308	42	RESP=1
13534600	42	STIM=s
13543491	42	RESP=1
13552972	42	STIM=r
13560827	42	RESP=1
13568491	42	STIM=z
13572751	42	RESP=1
13585612	42	STIM=2
13591797	42	RESP=2
13602076	42	STIM=k
13605497	42	RESP=1
13617558	42	STIM=c
13623178	42	RESP=1
13635225	42	STIM=d
13640979	42	RESP=1
13651418	42	STIM=g
13655090	42	RESP=2
13667724	42	STIM=f
13671325	42	RESP=1
13685066	42	STIM=1
13693056	42	RESP=2
13700663	42	STIM=t
13705820	42	RESP=1
13718841	42	STIM=q
13722815	42	RESP=1
13735116	42	STIM=1
13739624	42	RESP=2
13750231	42	STIM=o
13753115	42	RESP=1
13765458	42	STIM=0
13774010	42	RESP=2
13782653	42	STIM=6
13791980	42	RESP=2
13798864	42	STIM=d
13804557	42	RESP=1
13816050	42	STIM=3
13824511	42	RESP=2
13835019	42	STIM=d
13837782	42	RESP=1
13850340	42	STIM=a
13855191	42	RESP=1
13867220	42	STIM=4
13873147	42	RESP=2
13883878	42	STIM=l
13889444	42	RESP=1
13902202	42	STIM=y
13909209	42	RESP=1
13919567	42	STIM=h
13928929	42	RESP=2
13936226	42	STIM=3
13945462	42	RESP=2
13951926	42	STIM=a
13960489	42	RESP=1
13967606	42	STIM=p
13974833	42	RESP=1
13983437	42	STIM=5
13990290	42	RESP=2
14000007	42	STIM=u
14007005	42	RESP=1
14016531	42	STIM=t
14021908	42	RESP=2
14032800	42	STIM=q
14036035	42	RESP=1
14049505	42	STIM=x
14054279	42	RESP=1
14067550	42	STIM=q
14072803	42	RESP=1
14083954	42	STIM=0
14088856	42	RESP=2
14101155	42	STIM=s
14105359	42	RESP=1
14117660	42	STIM=x
14123691	42	RESP=2
14134745	42	STIM=e
14140719	42	RESP=1
14150647	42	STIM=h
14155154	42	RESP=1
14166915	42	STIM=r
14171119	42	RESP=2
14183016	42	STIM=w
14190115	42	RESP=1
14201144	42	STIM=q
14204646	42	RESP=1
14218110	42	STIM=j
14223561	42	RESP=1
14234993	42	STIM=e
14240651	42	RESP=1
14251575	42	STIM=j
14255637	42	RESP=1
14267759	42	STIM=d
14275006	42	RESP=1
14284455	42	STIM=b
14298053	42	RESP=1
14300433	42	STIM=s
14304371	42	RESP=1
14319360	42	STIM=l
14323774	42	RESP=1
14334850	42	STIM=d
14340342	42	RESP=1
14352211	42	STIM=c
14357911	42	RESP=1
14370162	42	STIM=h
14374013	42	RESP=1
14386750	42	STIM=l
14391334	42	RESP=1
14402101	42	STIM=k
14407451	42	RESP=1
14417881	42	STIM=k
14427580	42	RESP=1
14435395	42	STIM=r
14441871	42	RESP=1
14451114	42	STIM=z
14454216	42	RESP=1
14466703	42	STIM=e
14474509	42	RESP=1
14484962	42	STIM=2
14491706	42	RESP=1
14502246	42	STIM=c
14507078	42	RESP=1
14519758	42	STIM=7
14526642	42	RESP=2
14534826	42	STIM=b
14538504	42	RESP=1
14553284	42	STIM=5
14557598	42	RESP=2
14568879	42	STIM=w
14572629	42	RESP=1
14585457	42	STIM=x
14593533	42	RESP=2
14600877	42	STIM=l
14606424	42	RESP=1
14618866	42	STIM=f
14623103	42	RESP=1
14635951	42	STIM=6
14641786	42	RESP=1
14651034	42	STIM=m
14665134	42	RESP=1
14668344	42	STIM=p
14672054	42	RESP=1
14684308	42	STIM=f
14687767	42	RESP=1
14702219	42	STIM=a
14705173	42	RESP=1
14719924	42	STIM=m
14723849	42	RESP=1
14738831	42	STIM=s
14741852	42	RESP=1
14755925	42	STIM=n
14762086	42	RESP=1
14774056	42	STIM=x
14779619	42	RESP=1
14792202	42	STIM=b
14798056	42	RESP=1
14808915	42	STIM=9
14814401	42	RESP=2
14823946	42	STIM=n
14832841	42	RESP=1
14842534	42	STIM=y
14850859	42	RESP=1
14858327	42	STIM=w
14863200	42	RESP=1
14873845	42	STIM=w
14878233	42	RESP=1
14891392	42	STIM=z
14895556	42	RESP=1
14910134	42	STIM=1
14919499	42	RESP=2
14928886	42	STIM=g
14934144	42	RESP=1
14945195	42	STIM=h
14951180	42	RESP=1
14961083	42	STIM=l
14969407	42	RESP=1
14976117	42	STIM=0
14981111	42	RESP=2
14992530	42	STIM=y
14996320	42	RESP=1
15008942	42	STIM=e
15015639	42	RESP=1
15024771	42	STIM=u
15030661	42	RESP=1
15042518	42	STIM=i
15046048	42	RESP=1
15060813	42	STIM=n
15066258	42	RESP=1
15079685	42	STIM=d
15092367	42	RESP=1
15097432	42	STIM=g
15103326	42	RESP=1
15113870	42	STIM=6
15120258	42	RESP=2
15131335	42	STIM=u
15135706	42	RESP=1
15149213	42	STIM=b
15155278	42	RESP=1
15165289	42	STIM=d
15172340	42	RESP=2
15182027	42	STIM=b
15191712	42	RESP=2
15199148	42	STIM=t
15205076	42	RESP=1
15217294	42	STIM=v
15222788	42	RESP=2
15233332	42	STIM=i
15238502	42	RESP=1
15249660	42	STIM=2
15254505	42	RESP=2
15266271	42	STIM=d
15274486	42	RESP=1
15282382	42	STIM=p
15287656	42	RESP=1
15297831	42	STIM=3
15302331	42	RESP=2
15314479	42	STIM=d
15322086	42	RESP=1
15332264	42	STIM=i
15337558	42	RESP=1
15347950	42	STIM=t
15356792	42	RESP=1
15364762	42	STIM=7
15371926	42	RESP=2
15380844	42	STIM=m
15385230	42	RESP=1
15398183	42	STIM=u
15404762	42	RESP=1
15414477	42	STIM=o
15419859	42	RESP=1
15431204	42	STIM=h
15436413	42	RESP=1
15448658	42	STIM=8
15454775	42	RESP=2
15466535	42	STIM=a
15472859	42	RESP=1
15485233	42	STIM=g
15491201	42	RESP=1
15501657	42	STIM=e
15505320	42	RESP=1
15518666	42	STIM=3
15525225	42	RESP=2
15536176	42	STIM=i
15543058	42	RESP=1
15553078	42	STIM=0
15562010	42	RESP=1
15568870	42	STIM=7
15577595	42	RESP=2
15584809	42	STIM=i
15589957	42	RESP=1
15601548	42	STIM=v
15607443	42	RESP=1
15617817	42	STIM=6
15622143	42	RESP=2
15636055	42	STIM=s
15642106	42	RESP=1
15653181	42	STIM=j
15658739	42	RESP=1
15669455	42	STIM=q
15672847	42	RESP=1
15688300	42	STIM=8
15695517	42	RESP=2
15703355	42	STIM=z
15711894	42	RESP=1
15720145	42	STIM=i
15727044	42	RESP=1
15738466	42	STIM=q
15743182	42	RESP=1
15756159	42	STIM=w
15760010	42	RESP=1
15771719	42	STIM=i
15776423	42	RESP=1
15788061	42	STIM=c
15794889	42	RESP=2
15806189	42	STIM=d
15811863	42	RESP=1
15824804	42	STIM=i
15829522	42	RESP=1
15841511	42	STIM=8
15847503	42	RESP=2
15858155	42	STIM=s
15863719	42	RESP=1
15874872	42	STIM=u
15879815	42	RESP=1
15892182	42	STIM=m
15896506	42	RESP=1
15910767	42	STIM=n
15914932	42	RESP=1
15927269	42	STIM=m
15937703	42	RESP=1
15945409	42	STIM=x
15950395	42	RESP=1
15960744	42	STIM=g
15966241	42	RESP=1
15975870	42	STIM=u
15980275	42	RESP=1
15994250	42	STIM=v
15998985	42	RESP=1
16011243	42	STIM=7
16016993	42	RESP=1
16028158	42	STIM=u
16039286	42	RESP=1
16044065	42	STIM=n
16047954	42	RESP=1
16061819	42	STIM=1
16065966	42	RESP=1
16079566	42	STIM=e
16087685	42	RESP=1
16098165	42	STIM=i
16106476	42	RESP=1
16115840	42	STIM=k
16120645	42	RESP=1
16134372	42	STIM=m
16140152	42	RESP=1
16151088	42	STIM=d
16156403	42	RESP=1
16166604	42	STIM=y
16172511	42	RESP=1
16184985	42	STIM=p
16188055	42	RESP=1
16203764	42	STIM=a
16206758	42	RESP=1
16219787	42	STIM=b
16223549	42	RESP=1
16237422	42	STIM=u
16246228	42	RESP=1
16252737	42	STIM=f
16256640	42	RESP=1
16269722	42	STIM=1
16278168	42	RESP=2
16287043	42	STIM=w
16294943	42	RESP=1
16304975	42	STIM=c
16311307	42	RESP=1
16319997	42	STIM=c
16325873	42	RESP=1
16337121	42	STIM=x
16340702	42	RESP=1
16353465	42	STIM=h
16361998	42	RESP=1
16370539	42	STIM=a
16376628	42	RESP=1
16386029	42	STIM=l
16395299	42	RESP=1
16404072	42	STIM=5
16414241	42	RESP=2
16422141	42	STIM=b
16429398	42	RESP=1
16437635	42	STIM=t
16440605	42	RESP=1
16454413	42	STIM=w
16461412	42	RESP=1
16470287	42	STIM=u
16475979	42	RESP=1
16488570	42	STIM=4
16501094	42	RESP=2
16506768	42	STIM=r
16512747	42	RESP=1
16522129	42	STIM=d
16529598	42	RESP=1
16541054	42	STIM=j
16545929	42	RESP=1
16558520	42	STIM=t
16566910	42	RESP=1
16575117	42	STIM=c
16581239	42	RESP=1
16591991	42	STIM=f
16600191	42	RESP=1
16610543	42	STIM=j
16615036	42	RESP=1
16626090	42	STIM=a
16629295	42	RESP=1
16641351	42	STIM=v
16644586	42	RESP=1
16657318	42	STIM=m
16663803	42	RESP=1
16673631	42	STIM=j
16677339	42	RESP=1
16692447	42	STIM=f
16701316	42	RESP=1
16707513	42	STIM=n
16713800	42	RESP=1
16723645	42	STIM=x
16728884	42	RESP=1
16740399	42	STIM=u
16745709	42	RESP=1
16758003	42	STIM=h
16765342	42	RESP=1
16773844	42	STIM=7
16779540	42	RESP=2
16792613	42	STIM=b
16795526	42	RESP=1
16811286	42	STIM=i
16815845	42	RESP=1
16829387	42	STIM=q
16836736	42	RESP=1
16847485	42	STIM=0
16854121	42	RESP=2
16864375	42	STIM=x
16870577	42	RESP=1
16880655	42	STIM=f
16888486	42	RESP=1
16897984	42	STIM=q
16902141	42	RESP=1
16914981	42	STIM=7
16927733	42	RESP=2
16931874	42	STIM=c
16936027	42	RESP=1
16947961	42	STIM=3
16953191	42	RESP=2
16966224	42	STIM=z
16982556	42	RESP=1
16982656	42	STIM=r
16985944	42	RESP=1
17000710	42	STIM=h
17005275	42	RESP=1
17017741	42	STIM=y
17023287	42	RESP=1
17033743	42	STIM=h
17037563	42	RESP=1
17052496	42	STIM=i
17057399	42	RESP=1
17068306	42	STIM=4
17074493	42	RESP=2
17087076	42	STIM=t
17091893	42	RESP=1
17104155	42	STIM=a
17109229	42	RESP=1
17119205	42	STIM=s
17123865	42	RESP=1
17134870	42	STIM=f
17141361	42	RESP=1
17151238	42	STIM=y
17157221	42	RESP=1
17169820	42	STIM=v
17180688	42	RESP=1
17187255	42	STIM=2
17198365	42	RESP=2
17203834	42	STIM=w
17208672	42	RESP=1
17220406	42	STIM=u
17224996	42	RESP=1
17236164	42	STIM=2
17244079	42	RESP=2
17252308	42	STIM=f
17255610	42	RESP=1
17269082	42	STIM=k
17275571	42	RESP=1
17285683	42	STIM=e
17294365	42	RESP=1
17304587	42	STIM=j
17311545	42	RESP=1
17320043	42	STIM=x
17324957	42	RESP=1
17335704	42	STIM=6
17344604	42	RESP=2
17352615	42	STIM=z
17356720	42	RESP=1
17368671	42	STIM=b
17375464	42	RESP=1
17387345	42	STIM=v
17394409	42	RESP=1
17402451	42	STIM=3
17407620	42	RESP=2
17417998	42	STIM=b
17423635	42	RESP=1
17436893	42	STIM=v
17442448	42	RESP=1
17455510	42	STIM=0
17462803	42	RESP=2
17472419	42	STIM=c
17476705	42	RESP=1
17488267	42	STIM=g
17495376	42	RESP=1
17504277	42	STIM=u
17509872	42	RESP=1
17520680	42	STIM=a
17525687	42	RESP=1
17537501	42	STIM=i
17544767	42	RESP=1
17554834	42	STIM=r
17560656	42	RESP=1
17571195	42	STIM=2
17580653	42	RESP=2
17586201	42	STIM=x
17597179	42	RESP=1
17604770	42	STIM=y
17610331	42	RESP=1
17623216	42	STIM=n
17626391	42	RESP=1
17640704	42	STIM=s
17645453	42	RESP=1
17658559	42	STIM=5
17662844	42	RESP=2
17675294	42	STIM=7
17680944	42	RESP=2
17691857	42	STIM=l
17699343	42	RESP=1
17707706	42	STIM=v
17719694	42	RESP=1
17723808	42	STIM=7
17730141	42	RESP=1
17742095	42	STIM=n
17746458	42	RESP=2
17759155	42	STIM=c
17764479	42	RESP=1
17777057	42	STIM=o
17782696	42	RESP=1
17793687	42	STIM=1
17799726	42	RESP=2
17812421	42	STIM=z
17820907	42	RESP=1
17830806	42	STIM=u
17836772	42	RESP=1
17847204	42	STIM=u
17852265	42	RESP=1
17863527	42	STIM=e
17868036	42	RESP=1
17880174	42	STIM=2
17886251	42	RESP=2
17899151	42	STIM=8
17907450	42	RESP=2
17915085	42	STIM=b
17920809	42	RESP=1
17930795	42	STIM=g
17936769	42	RESP=1
17948843	42	STIM=u
17952862	42	RESP=1
17965495	42	STIM=r
17971935	42	RESP=1
17982168	42	STIM=1
17989048	42	RESP=2
18001139	42	STIM=d
18009775	42	RESP=1
18018676	42	STIM=8
18022643	42	RESP=2
18034683	42	STIM=e
18041243	42	RESP=1
18052118	42	STIM=y
18059764	42	RESP=1
18067429	42	STIM=m
18070506	42	RESP=1
18082795	42	STIM=p
18086293	42	RESP=1
18098222	42	STIM=l
18104233	42	RESP=1
18114471	42	STIM=u
18119452	42	RESP=1
18129891	42	STIM=v
18134327	42	RESP=1
18147624	42	STIM=4
18153219	42	RESP=2
18162652	42	STIM=i
18168624	42	RESP=1
18178342	42	STIM=m
18187761	42	RESP=2
18197273	42	STIM=e
18200801	42	RESP=2
18215359	42	STIM=k
18221465	42	RESP=2
18230797	42	STIM=c
18233380	42	RESP=1
18246291	42	STIM=l
18257637	42	RESP=1
18264844	42	STIM=a
18271125	42	RESP=1
18280488	42	STIM=a
18283567	42	RESP=1
18298566	42	STIM=m
18306317	42	RESP=1
18314555	42	STIM=i
18320325	42	RESP=1
18331317	42	STIM=p
18336666	42	RESP=1
18349218	42	STIM=d
18353513	42	RESP=1
18364552	42	STIM=t
18368313	42	RESP=1
18382296	42	STIM=n
18396757	42	RESP=1
18399623	42	STIM=2
18407019	42	RESP=1
18415365	42	STIM=1
18421063	42	RESP=1
18431393	42	STIM=s
18435921	42	RESP=1
18449585	42	STIM=q
18453142	42	RESP=1
18468423	42	STIM=e
18478487	42	RESP=1
18484248	42	STIM=i
18488307	42	RESP=1
18502488	42	STIM=4
18513612	42	RESP=2
18517771	42	STIM=v
18525594	42	RESP=1
18536659	42	STIM=2
18542356	42	RESP=2
18553516	42	STIM=e
18559377	42	RESP=1
18570319	42	STIM=e
18574976	42	RESP=2
18588175	42	STIM=m
18593169	42	RESP=1
18605409	42	STIM=t
18610700	42	RESP=1
18621433	42	STIM=z
18626849	42	RESP=1
18639062	42	STIM=4
18646574	42	RESP=2
18655951	42	STIM=t
18662593	42	RESP=1
18672753	42	STIM=z
18677164	42	RESP=1
18688868	42	STIM=j
18696734	42	RESP=1
18705175	42	STIM=y
18709798	42	RESP=1
18723955	42	STIM=v
18728139	42	RESP=1
18741062	42	STIM=w
18743995	42	RESP=1
18758767	42	STIM=g
18764461	42	RESP=1
18773820	42	STIM=x
18780181	42	RESP=1
18792229	42	STIM=b
18798798	42	RESP=1
18809205	42	STIM=1
18818020	42	RESP=2
18828202	42	STIM=p
18833999	42	RESP=1
18843682	42	STIM=g
18854445	42	RESP=1
18859807	42	STIM=r
18867776	42	RESP=1
18875094	42	STIM=8
18881935	42	RESP=2
18891883	42	STIM=o
18896340	42	RESP=1
18909760	42	STIM=a
18913768	42	RESP=1
18927224	42	STIM=m
18934396	42	RESP=1
18946165	42	STIM=9
18952650	42	RESP=2
18963061	42	STIM=h
18967933	42	RESP=1
18979779	42	STIM=x
18984414	42	RESP=1
18996583	42	STIM=v
19004322	42	RESP=1
19011749	42	STIM=f
19018338	42	RESP=1
19030014	42	STIM=v
19038351	42	RESP=1
19048550	42	STIM=e
19052461	42	RESP=1
19064623	42	STIM=4
19069819	42	RESP=2
19081314	42	STIM=7
19088280	42	RESP=2
19096772	42	STIM=u
19101750	42	RESP=1
19111791	42	STIM=y
19116425	42	RESP=1
19128056	42	STIM=o
19133646	42	RESP=1
19145099	42	STIM=n
19149042	42	RESP=1
19161579	42	STIM=8
19167070	42	RESP=2
19178812	42	STIM=6
19184786	42	RESP=2
19195823	42	STIM=g
19200604	42	RESP=1
19211522	42	STIM=h
19215171	42	RESP=1
19227836	42	STIM=a
19232106	42	RESP=1
19243731	42	STIM=5
19248580	42	RESP=2
19260070	42	STIM=i
19264472	42	RESP=1
19278780	42	STIM=c
19281709	42	RESP=1
19294964	42	STIM=x
19307526	42	RESP=1
19310637	42	STIM=3
19320701	42	RESP=2
19327547	42	STIM=9
19332682	42	RESP=2
19346445	42	STIM=j
19357716	42	RESP=1
19361781	42	STIM=i
19368354	42	RESP=1
19379536	42	STIM=r
19385746	42	RESP=1
19397245	42	STIM=3
19403105	42	RESP=2
19415930	42	STIM=t
19422104	42	RESP=1
19431115	42	STIM=x
19435845	42	RESP=1
19446145	42	STIM=3
19451600	42	RESP=2
19465130	42	STIM=g
19470076	42	RESP=1
19481804	42	STIM=6
19488218	42	RESP=2
19499663	42	STIM=l
19507769	42	RESP=1
19515668	42	STIM=9
19519721	42	RESP=2
19533244	42	STIM=d
19540460	42	RESP=1
19550561	42	STIM=3
19562151	42	RESP=2
19568638	42	STIM=h
19574474	42	RESP=1
19585696	42	STIM=k
19590336	42	RESP=1
19602796	42	STIM=j
19606593	42	RESP=1
19621179	42	STIM=9
19629426	42	RESP=2
19636929	42	STIM=l
19640005	42	RESP=1
19653697	42	STIM=t
19657522	42	RESP=1
19670707	42	STIM=r
19677152	42	RESP=1
19687160	42	STIM=t
19694606	42	RESP=1
19702449	42	STIM=8
19707830	42	RESP=1
19720360	42	STIM=7
19724834	42	RESP=2
19737495	42	STIM=f
19743093	42	RESP=1
19756390	42	STIM=1
19762521	42	RESP=2
19773969	42	STIM=s
19776806	42	RESP=1
19791244	42	STIM=b
19794701	42	RESP=1
19809135	42	STIM=2
19812881	42	RESP=1
19825720	42	STIM=a
19829369	42	RESP=1
19841147	42	STIM=b
19848991	42	RESP=1
19857231	42	STIM=n
19865009	42	RESP=2
19874949	42	STIM=m
19879525	42	RESP=1
19893142	42	STIM=2
19898518	42	RESP=2
19908151	42	STIM=t
19913028	42	RESP=1
19923678	42	STIM=5
19931981	42	RESP=2
19938800	42	STIM=s
19943693	42	RESP=1
19954066	42	STIM=t
19960862	42	RESP=1
19970261	42	STIM=x
19974069	42	RESP=1
19987335	42	STIM=6
19996496	42	RESP=2
20003793	42	STIM=h
20008092	42	RESP=1
20021032	42	STIM=a
20025281	42	RESP=1
20040008	42	STIM=2
20048902	42	RESP=2
20057979	42	STIM=l
20062963	42	RESP=1
20075310	42	STIM=6
20080157	42	RESP=2
20090394	42	STIM=d
20097203	42	RESP=1
20106165	42	STIM=9
20113205	42	RESP=1
20121535	42	STIM=p
20125951	42	RESP=1
20139115	42	STIM=z
20149891	42	RESP=1
20157384	42	STIM=w
20162095	42	RESP=1
20174974	42	STIM=m
20180067	42	RESP=2
20191480	42	STIM=q
20196500	42	RESP=1
20210378	42	STIM=h
20214260	42	RESP=1
20228910	42	STIM=6
20235893	42	RESP=2
20245422	42	STIM=9
20250899	42	RESP=1
20264063	42	STIM=y
20271153	42	RESP=1
20280035	42	STIM=c
20285353	42	RESP=1
20295643	42	STIM=f
20299762	42	RESP=1
20313094	42	STIM=3
20324064	42	RESP=2
20332084	42	STIM=g
20335500	42	RESP=1
20348335	42	STIM=s
20352417	42	RESP=1
20365555	42	STIM=0
20375717	42	RESP=2
20384157	42	STIM=q
20388939	42	RESP=1
20400586	42	STIM=o
20408405	42	RESP=1
20417064	42	STIM=q
20422846	42	RESP=1
20432487	42	STIM=z
20436953	42	RESP=1
20451023	42	STIM=9
20457934	42	RESP=2
20466609	42	STIM=h
20470545	42	RESP=1
20483594	42	STIM=l
20489869	42	RESP=1
20498798	42	STIM=c
20504834	42	RESP=1
20514245	42	STIM=x
20519972	42	RESP=1
20531864	42	STIM=i
20536845	42	RESP=1
20548820	42	STIM=d
20554567	42	RESP=1
20566339	42	STIM=6
20572193	42	RESP=2
20582782	42	STIM=d
20591855	42	RESP=1
20598084	42	STIM=7
20603732	42	RESP=2
20613876	42	STIM=s
20617687	42	RESP=1
20630341	42	STIM=p
20636285	42	RESP=1
20646454	42	STIM=o
20652471	42	RESP=1
20663023	42	STIM=1
20668970	42	RESP=2
20678817	42	STIM=j
20682104	42	RESP=1
20694459	42	STIM=k
20697957	42	RESP=1
20709877	42	STIM=z
20713833	42	RESP=1
20727850	42	STIM=w
20735399	42	RESP=1
20745504	42	STIM=i
20748499	42	RESP=1
20764106	42	STIM=z
20767651	42	RESP=1
20779507	42	STIM=m
20785601	42	RESP=1
20796789	42	STIM=4
20805448	42	RESP=2
20813329	42	STIM=s
20819810	42	RESP=1
20828955	42	STIM=b
20833636	42	RESP=1
20844312	42	STIM=t
20849251	42	RESP=1
20861208	42	STIM=p
20865775	42	RESP=1
20878059	42	STIM=q
20882634	42	RESP=1
20896433	42	STIM=w
20904162	42	RESP=1
20912621	42	STIM=r
20917768	42	RESP=2
20930102	42	STIM=w
20934654	42	RESP=1
20946238	42	STIM=v
20952770	42	RESP=1
20961785	42	STIM=x
20966745	42	RESP=1
20980479	42	STIM=v
20985006	42	RESP=1
20997775	42	STIM=v
21005313	42	RESP=1
21013055	42	STIM=p
21021282	42	RESP=1
21029232	42	STIM=c
21035528	42	RESP=1
21045188	42	STIM=p
21050688	42	RESP=1
21062368	42	STIM=t
21070361	42	RESP=1
21079636	42	STIM=o
21085803	42	RESP=1
21097605	42	STIM=q
21100441	42	RESP=2
21112825	42	STIM=i
21117099	42	RESP=1
21128997	42	STIM=s
21135919	42	RESP=1
21146672	42	STIM=l
21152869	42	RESP=1
21162182	42	STIM=5
21171300	42	RESP=2
21177724	42	STIM=e
21185739	42	RESP=1
21194241	42	STIM=r
21201497	42	RESP=1
21211547	42	STIM=1
21219922	42	RESP=2
21229761	42	STIM=y
21232644	42	RESP=1
21245188	42	STIM=a
21251605	42	RESP=1
21260946	42	STIM=g
21264475	42	RESP=1
21276637	42	STIM=g
21280824	42	RESP=1
21294588	42	STIM=t
21299089	42	RESP=1
21310970	42	STIM=f
21315383	42	RESP=1
21329078	42	STIM=o
21333000	42	RESP=1
21347998	42	STIM=r
21360253	42	RESP=1
21363133	42	STIM=b
21367278	42	RESP=1
21380682	42	STIM=g
21385395	42	RESP=1
21398922	42	STIM=i
21402879	42	RESP=1
21414462	42	STIM=9
21420373	42	RESP=2
21433057	42	STIM=i
21441526	42	RESP=1
21451119	42	STIM=t
21454074	42	RESP=1
21469052	42	STIM=4
21475074	42	RESP=2
21485638	42	STIM=3
21491692	42	RESP=2
21504066	42	STIM=r
21507698	42	RESP=1
21520297	42	STIM=r
21524979	42	RESP=1
21536904	42	STIM=0
21545370	42	RESP=2
21555177	42	STIM=g
21560503	42	RESP=1
21572919	42	STIM=5
21582688	42	RESP=1
21588662	42	STIM=v
21595678	42	RESP=1
21607407	42	STIM=o
21610387	42	RESP=1
21625868	42	STIM=j
21628791	42	RESP=1
21643790	42	STIM=0
21653145	42	RESP=2
21660402	42	STIM=8
21667167	42	RESP=1
21677456	42	STIM=h
21683560	42	RESP=1
21694906	42	STIM=4
21700599	42	RESP=2
