# Original filename: 0055_XFK_2016-11-26.log
# Time unit: 100 us
# RARECAT=digit
#
# Time	HHGG	Event
36335	42	STIM=a
40830	42	RESP=1
55235	42	STIM=8
63359	42	RESP=2
71508	42	STIM=j
77565	42	RESP=1
87712	42	STIM=4
96467	42	RESP=2
105997	42	STIM=k
111461	42	RESP=1
124903	42	STIM=9
132847	42	RESP=2
141613	42	STIM=o
148806	42	RESP=1
159448	42	STIM=9
168775	42	RESP=2
177679	42	STIM=u
181425	42	RESP=2
195226	42	STIM=e
200775	42	RESP=1
210323	42	STIM=p
214582	42	RESP=1
226407	42	STIM=r
232930	42	RESP=1
244339	42	STIM=w
247444	42	RESP=1
260540	42	STIM=0
271244	42	RESP=2
276798	42	STIM=7
281883	42	RESP=2
295557	42	STIM=2
300294	42	RESP=1
313889	42	STIM=p
319643	42	RESP=1
330175	42	STIM=e
337665	42	RESP=1
348298	42	STIM=a
351624	42	RESP=1
365695	42	STIM=u
369139	42	RESP=1
383515	42	STIM=b
388979	42	RESP=1
401783	42	STIM=m
406372	42	RESP=1
419710	42	STIM=g
426777	42	RESP=1
434887	42	STIM=z
439720	42	RESP=1
452236	42	STIM=b
462248	42	RESP=1
469861	42	STIM=0
476263	42	RESP=2
488771	42	STIM=w
492050	42	RESP=1
506059	42	STIM=z
511674	42	RESP=1
523571	42	STIM=q
529063	42	RESP=2
542278	42	STIM=a
547217	42	RESP=1
560832	42	STIM=i
565295	42	RESP=1
576488	42	STIM=a
579589	42	RESP=2
592236	42	STIM=q
598851	42	RESP=1
610045	42	STIM=s
616033	42	RESP=2
627085	42	STIM=p
636554	42	RESP=1
645081	42	STIM=o
650409	42	RESP=1
663688	42	STIM=6
668737	42	RESP=2
681407	42	STIM=m
686771	42	RESP=1
699640	42	STIM=w
704364	42	RESP=1
718634	42	STIM=s
722127	42	RESP=1
735380	42	STIM=7
740182	42	RESP=2
752117	42	STIM=p
758968	42	RESP=1
768829	42	STIM=e
778010	42	RESP=1
784693	42	STIM=w
788674	42	RESP=1
802877	42	STIM=v
806563	42	RESP=1
818346	42	STIM=s
821231	42	RESP=1
833584	42	STIM=t
837046	42	RESP=1
852179	42	STIM=b
856430	42	RESP=1
870810	42	STIM=d
877747	42	RESP=1
886028	42	STIM=j
889953	42	RESP=2
903912	42	STIM=9
908401	42	RESP=2
919662	42	STIM=t
925013	42	RESP=1
937225	42	STIM=e
941526	42	RESP=1
954954	42	STIM=b
964791	42	RESP=1
972057	42	STIM=l
977820	42	RESP=1
987901	42	STIM=o
991760	42	RESP=1
1006830	42	STIM=i
1010689	42	RESP=1
1025082	42	STIM=w
1030590	42	RESP=1
1040200	42	STIM=i
1043811	42	RESP=1
1055552	42	STIM=h
1058848	42	RESP=1
1071151	42	STIM=r
1075180	42	RESP=1
1087926	42	STIM=9
1093544	42	RESP=2
1104802	42	STIM=l
1110364	42	RESP=1
1120388	42	STIM=l
1130739	42	RESP=1
1135519	42	STIM=h
1140984	42	RESP=1
1151752	42	STIM=8
1158007	42	RESP=2
1168426	42	STIM=a
1174168	42	RESP=1
1183459	42	STIM=e
1190805	42	RESP=1
1201290	42	STIM=4
1209532	42	RESP=2
1219388	42	STIM=y
1222662	42	RESP=1
1235622	42	STIM=v
1243670	42	RESP=1
1250758	42	STIM=3
1256568	42	RESP=2
1268247	42	STIM=l
1273206	42	RESP=1
1286082	42	STIM=u
1290010	42	RESP=1
1303872	42	STIM=b
1309463	42	RESP=1
1321526	42	STIM=a
1325813	42	RESP=1
1338495	42	STIM=5
1346777	42	RESP=2
1355374	42	STIM=l
1359812	42	RESP=1
1373991	42	STIM=3
1380335	42	RESP=2
1389627	42	STIM=9
1394306	42	RESP=2
1406818	42	STIM=f
1415304	42	RESP=1
1422500	42	STIM=7
1427694	42	RESP=2
1439627	42	STIM=x
1447347	42	RESP=1
1456545	42	STIM=a
1461085	42	RESP=1
1473729	42	STIM=v
1478640	42	RESP=1
1491809	42	STIM=n
1495562	42	RESP=1
1508031	42	STIM=0
1514686	42	RESP=2
1526409	42	STIM=7
1534450	42	RESP=2
1541600	42	STIM=i
1546668	42	RESP=1
1557093	42	STIM=o
1574815	42	RESP=1
1574915	42	STIM=0
1579727	42	RESP=2
1591872	42	STIM=m
1595792	42	RESP=1
1607571	42	STIM=9
1613784	42	RESP=2
1622976	42	STIM=k
1630864	42	RESP=1
1640195	42	STIM=a
1645003	42	RESP=1
1657326	42	STIM=b
1664104	42	RESP=2
1672366	42	STIM=u
1675562	42	RESP=1
1688873	42	STIM=w
1696023	42	RESP=1
1707682	42	STIM=6
1715754	42	RESP=2
1724638	42	STIM=o
1730876	42	RESP=1
1740197	42	STIM=q
1744626	42	RESP=1
1758893	42	STIM=j
1763090	42	RESP=1
1776448	42	STIM=r
1782845	42	RESP=1
1793116	42	STIM=x
1797294	42	RESP=1
1809297	42	STIM=z
1812677	42	RESP=1
1824849	42	STIM=p
1829440	42	RESP=1
1840586	42	STIM=5
1848110	42	RESP=2
1858241	42	STIM=3
1864219	42	RESP=2
1876344	42	STIM=z
1883738	42	RESP=1
1893227	42	STIM=9
1900727	42	RESP=2
1908350	42	STIM=p
1914046	42	RESP=1
1925763	42	STIM=h
1929271	42	RESP=1
1941451	42	STIM=6
1950555	42	RESP=2
1959389	42	STIM=v
1965670	42	RESP=1
1977705	42	STIM=f
1982233	42	RESP=1
1993085	42	STIM=x
2001603	42	RESP=1
2008130	42	STIM=f
2012092	42	RESP=1
2023850	42	STIM=j
2030869	42	RESP=1
2041840	42	STIM=k
2048680	42	RESP=1
2057881	42	STIM=p
2066084	42	RESP=1
2073092	42	STIM=d
2077715	42	RESP=1
2090211	42	STIM=8
2097064	42	RESP=2
2107198	42	STIM=4
2112413	42	RESP=2
2122395	42	STIM=1
2126627	42	RESP=1
2138991	42	STIM=a
2147213	42	RESP=1
2157249	42	STIM=x
2161961	42	RESP=1
2175808	42	STIM=w
2178974	42	RESP=1
2191284	42	STIM=k
2196049	42	RESP=1
2207513	42	STIM=o
2214221	42	RESP=1
2222803	42	STIM=e
2227201	42	RESP=1
2238171	42	STIM=p
2243034	42	RESP=1
2254461	42	STIM=m
2259911	42	RESP=1
2269782	42	STIM=l
2274449	42	RESP=1
2287379	42	STIM=c
2292160	42	RESP=1
2304933	42	STIM=b
2313056	42	RESP=1
2322541	42	STIM=t
2327661	42	RESP=1
2339374	42	STIM=f
2346468	42	RESP=1
2355768	42	STIM=s
2361977	42	RESP=1
2372340	42	STIM=6
2380301	42	RESP=2
2390015	42	STIM=x
2398183	42	RESP=1
2406756	42	STIM=5
2415310	42	RESP=2
2424835	42	STIM=q
2431703	42	RESP=1
2441980	42	STIM=l
2453986	42	RESP=1
2459805	42	STIM=8
2466793	42	RESP=1
2474921	42	STIM=o
2484713	42	RESP=1
2491617	42	STIM=h
2497936	42	RESP=1
2509815	42	STIM=6
2515599	42	RESP=2
2526995	42	STIM=4
2531543	42	RESP=2
2543979	42	STIM=z
2548296	42	RESP=1
2560163	42	STIM=4
2568156	42	RESP=1
2576691	42	STIM=m
2581353	42	RESP=1
2594368	42	STIM=n
2600529	42	RESP=1
2612231	42	STIM=g
2616067	42	RESP=1
2629530	42	STIM=c
2638557	42	RESP=1
2645399	42	STIM=p
2654646	42	RESP=1
2663599	42	STIM=b
2669515	42	RESP=1
2678641	42	STIM=l
2684678	42	RESP=1
2695141	42	STIM=q
2698412	42	RESP=1
2711893	42	STIM=t
2717957	42	RESP=1
2727469	42	STIM=k
2730842	42	RESP=1
2745154	42	STIM=4
2750890	42	RESP=2
2760339	42	STIM=z
2771721	42	RESP=2
2779060	42	STIM=i
2785370	42	RESP=1
2794721	42	STIM=s
2802035	42	RESP=1
2810889	42	STIM=p
2816254	42	RESP=1
2827643	42	STIM=u
2834262	42	RESP=1
2844429	42	STIM=t
2848180	42	RESP=1
2863059	42	STIM=c
2867802	42	RESP=1
2879814	42	STIM=n
2885417	42	RESP=1
2898466	42	STIM=x
2906676	42	RESP=1
2915683	42	STIM=3
2920518	42	RESP=2
2933234	42	STIM=m
2939537	42	RESP=1
2950924	42	STIM=q
2954344	42	RESP=1
2967266	42	STIM=2
2972393	42	RESP=2
2982541	42	STIM=i
2987845	42	RESP=1
2999808	42	STIM=0
3005443	42	RESP=2
3018569	42	STIM=j
3025341	42	RESP=1
3035231	42	STIM=e
3040216	42	RESP=1
3052379	42	STIM=w
3057155	42	RESP=1
3067577	42	STIM=h
3070961	42	RESP=1
3085657	42	STIM=f
3088615	42	RESP=1
3104252	42	STIM=q
3111956	42	RESP=1
3120870	42	STIM=n
3126552	42	RESP=1
3139573	42	STIM=u
3142652	42	RESP=2
3157897	42	STIM=v
3162594	42	RESP=1
3172927	42	STIM=p
3176957	42	RESP=1
3190134	42	STIM=h
3198134	42	RESP=1
3208352	42	STIM=r
3213898	42	RESP=1
3223415	42	STIM=7
3227779	42	RESP=2
3242338	42	STIM=j
3246887	42	RESP=1
3259828	42	STIM=s
3266320	42	RESP=1
3275099	42	STIM=g
3282165	42	RESP=1
3291021	42	STIM=j
3293422	42	RESP=1
3309255	42	STIM=t
3314593	42	RESP=1
3328226	42	STIM=u
3331231	42	RESP=1
3347063	42	STIM=k
3353832	42	RESP=2
3363665	42	STIM=g
3372618	42	RESP=1
3382023	42	STIM=r
3387794	42	RESP=1
3397320	42	STIM=t
3402243	42	RESP=1
3415600	42	STIM=q
3421311	42	RESP=1
3433702	42	STIM=h
3438424	42	RESP=1
3449912	42	STIM=3
3457036	42	RESP=2
3467150	42	STIM=v
3474893	42	RESP=1
3485967	42	STIM=b
3494362	42	RESP=1
3502093	42	STIM=s
3505598	42	RESP=1
3518042	42	STIM=z
3523236	42	RESP=1
3534056	42	STIM=j
3539728	42	RESP=1
3550139	42	STIM=5
3556667	42	RESP=2
3567633	42	STIM=9
3574152	42	RESP=2
3586532	42	STIM=f
3591695	42	RESP=1
3604410	42	STIM=t
3608924	42	RESP=1
3620745	42	STIM=l
3628363	42	RESP=1
3635978	42	STIM=v
3642899	42	RESP=1
3653183	42	STIM=f
3656156	42	RESP=1
3668242	42	STIM=2
3672993	42	RESP=2
3685100	42	STIM=4
3691384	42	RESP=2
3702788	42	STIM=t
3709995	42	RESP=1
3718984	42	STIM=g
3727204	42	RESP=1
3734284	42	STIM=e
3738082	42	RESP=1
3753023	42	STIM=s
3756257	42	RESP=1
3770177	42	STIM=n
3774421	42	RESP=1
3787973	42	STIM=s
3796625	42	RESP=1
3806836	42	STIM=o
3816061	42	RESP=1
3825145	42	STIM=1
3830601	42	RESP=2
3841213	42	STIM=m
3847770	42	RESP=1
3857664	42	STIM=i
3861477	42	RESP=1
3873242	42	STIM=3
3881361	42	RESP=2
3891659	42	STIM=x
3895692	42	RESP=1
3908500	42	STIM=g
3916672	42	RESP=1
3925844	42	STIM=n
3930405	42	RESP=1
3944838	42	STIM=9
3948812	42	RESP=2
3960433	42	STIM=8
3965156	42	RESP=2
3979183	42	STIM=h
3985866	42	RESP=1
3996083	42	STIM=r
4000051	42	RESP=1
4012873	42	STIM=5
4020910	42	RESP=2
4030079	42	STIM=r
4036922	42	RESP=1
4047312	42	STIM=z
4061686	42	RESP=1
4065510	42	STIM=9
4071950	42	RESP=2
4082783	42	STIM=e
4087569	42	RESP=1
4100671	42	STIM=g
4106480	42	RESP=1
4118167	42	STIM=l
4123653	42	RESP=1
4136766	42	STIM=p
4141441	42	RESP=1
4154969	42	STIM=0
4160748	42	RESP=2
4171108	42	STIM=g
4175804	42	RESP=1
4187985	42	STIM=b
4195345	42	RESP=1
4203116	42	STIM=i
4207368	42	RESP=1
4221661	42	STIM=o
4228252	42	RESP=1
4240029	42	STIM=8
4249147	42	RESP=2
4257350	42	STIM=5
4262787	42	RESP=2
4274517	42	STIM=6
4279106	42	RESP=2
4292130	42	STIM=b
4297928	42	RESP=1
4310649	42	STIM=l
4317082	42	RESP=1
4329435	42	STIM=t
4337804	42	RESP=1
4345122	42	STIM=v
4348476	42	RESP=1
4362000	42	STIM=f
4365625	42	RESP=1
4380180	42	STIM=r
4383324	42	RESP=1
4395280	42	STIM=3
4399753	42	RESP=2
4411360	42	STIM=h
4425644	42	RESP=1
4427676	42	STIM=1
4436440	42	RESP=2
4442858	42	STIM=i
4452108	42	RESP=1
4457960	42	STIM=c
4462947	42	RESP=1
4473198	42	STIM=n
4480727	42	RESP=2
4490570	42	STIM=q
4494226	42	RESP=1
4509200	42	STIM=4
4515229	42	RESP=2
4524538	42	STIM=v
4530030	42	RESP=1
4541325	42	STIM=u
4547579	42	RESP=1
4559762	42	STIM=i
4572305	42	RESP=1
4575594	42	STIM=z
4580764	42	RESP=1
4594166	42	STIM=q
4599745	42	RESP=1
4612352	42	STIM=z
4616959	42	RESP=1
4630144	42	STIM=i
4635262	42	RESP=1
4648472	42	STIM=w
4656213	42	RESP=1
4667248	42	STIM=r
4674432	42	RESP=1
4683522	42	STIM=j
4688679	42	RESP=1
4700961	42	STIM=p
4710465	42	RESP=1
4718150	42	STIM=v
4721794	42	RESP=1
4736587	42	STIM=x
4744697	42	RESP=1
4751604	42	STIM=v
4757508	42	RESP=1
4770590	42	STIM=6
4778265	42	RESP=2
4788769	42	STIM=2
4796149	42	RESP=1
4804504	42	STIM=3
4809446	42	RESP=2
4822074	42	STIM=m
4826594	42	RESP=1
4839626	42	STIM=9
4845816	42	RESP=2
4855569	42	STIM=s
4860815	42	RESP=1
4873773	42	STIM=v
4882250	42	RESP=1
4891336	42	STIM=u
4899010	42	RESP=1
4908385	42	STIM=x
4914662	42	RESP=1
4925857	42	STIM=s
4929963	42	RESP=1
4942695	42	STIM=y
4946421	42	RESP=1
4961272	42	STIM=z
4971969	42	RESP=2
4976508	42	STIM=i
4982024	42	RESP=1
4994151	42	STIM=l
5000528	42	RESP=1
5011127	42	STIM=b
5016088	42	RESP=1
5029356	42	STIM=2
5036893	42	RESP=2
5047425	42	STIM=8
5052209	42	RESP=1
5063881	42	STIM=a
5069264	42	RESP=1
5079155	42	STIM=v
5082814	42	RESP=1
5094990	42	STIM=j
5101683	42	RESP=1
5113624	42	STIM=j
5118564	42	RESP=2
5130265	42	STIM=r
5140981	42	RESP=1
5147917	42	STIM=m
5151670	42	RESP=1
5166150	42	STIM=f
5170128	42	RESP=2
5181613	42	STIM=4
5189146	42	RESP=2
5200006	42	STIM=a
5205961	42	RESP=1
5217546	42	STIM=x
5221804	42	RESP=1
5234661	42	STIM=0
5243518	42	RESP=2
5253438	42	STIM=m
5256971	42	RESP=1
5269816	42	STIM=o
5274676	42	RESP=1
5285778	42	STIM=b
5290665	42	RESP=1
5304385	42	STIM=j
5313608	42	RESP=1
5321711	42	STIM=q
5327795	42	RESP=1
5336784	42	STIM=5
5340766	42	RESP=2
5354453	42	STIM=t
5359017	42	RESP=1
5372751	42	STIM=m
5377713	42	RESP=1
5390568	42	STIM=q
5393608	42	RESP=1
5406286	42	STIM=y
5413366	42	RESP=1
5423127	42	STIM=u
5425589	42	RESP=1
5439658	42	STIM=e
5447018	42	RESP=1
5455227	42	STIM=a
5461781	42	RESP=1
5470972	42	STIM=a
5476717	42	RESP=1
5485976	42	STIM=q
5491979	42	RESP=1
5502201	42	STIM=k
5506337	42	RESP=1
5520273	42	STIM=h
5523343	42	RESP=1
5537352	42	STIM=k
5544610	42	RESP=1
5552733	42	STIM=z
5556566	42	RESP=1
5568752	42	STIM=l
5577902	42	RESP=1
5587135	42	STIM=1
5598260	42	RESP=2
5605845	42	STIM=r
5611610	42	RESP=1
5623174	42	STIM=d
5634898	42	RESP=1
5638480	42	STIM=c
5643422	42	RESP=2
5653711	42	STIM=a
5659514	42	RESP=1
5669873	42	STIM=l
5675011	42	RESP=1
5684991	42	STIM=l
5692612	42	RESP=1
5702838	42	STIM=l
5705954	42	RESP=1
5718350	42	STIM=d
5721878	42	RESP=1
5735430	42	STIM=i
5739293	42	RESP=1
5752236	42	STIM=z
5755581	42	RESP=1
5767367	42	STIM=5
5773457	42	RESP=2
5783574	42	STIM=1
5790648	42	RESP=2
5800855	42	STIM=b
5808124	42	RESP=1
5819808	42	STIM=3
5826927	42	RESP=2
5835282	42	STIM=m
5839131	42	RESP=1
5852482	42	STIM=e
5856778	42	RESP=1
5871447	42	STIM=a
5878087	42	RESP=1
5888040	42	STIM=r
5893018	42	RESP=1
5906401	42	STIM=u
5910417	42	RESP=1
5923881	42	STIM=i
5928541	42	RESP=1
5941714	42	STIM=q
5950833	42	RESP=1
5960445	42	STIM=n
5971279	42	RESP=1
5977925	42	STIM=x
5988273	42	RESP=1
5994004	42	STIM=7
5998673	42	RESP=2
6010330	42	STIM=a
6018406	42	RESP=1
6029076	42	STIM=f
6035274	42	RESP=1
6047472	42	STIM=v
6051655	42	RESP=1
6065646	42	STIM=8
6070477	42	RESP=2
6082785	42	STIM=v
6092375	42	RESP=1
6099705	42	STIM=w
6105484	42	RESP=1
6114823	42	STIM=x
6119435	42	RESP=1
6131451	42	STIM=n
6134865	42	RESP=1
6150191	42	STIM=n
6157989	42	RESP=1
6166406	42	STIM=s
6170671	42	RESP=1
6183208	42	STIM=q
6187105	42	RESP=2
6198875	42	STIM=4
6207971	42	RESP=2
6214818	42	STIM=d
6222066	42	RESP=1
6233404	42	STIM=5
6238231	42	RESP=2
6249511	42	STIM=s
6254093	42	RESP=1
6265231	42	STIM=l
6270468	42	RESP=1
6281618	42	STIM=d
6294243	42	RESP=1
6298225	42	STIM=i
6308284	42	RESP=2
6314870	42	STIM=z
6322156	42	RESP=1
6332136	42	STIM=o
6336318	42	RESP=1
6350690	42	STIM=q
6354041	42	RESP=1
6366677	42	STIM=3
6373545	42	RESP=2
6383425	42	STIM=e
6386883	42	RESP=1
6401428	42	STIM=u
6404432	42	RESP=1
6419618	42	STIM=n
6427605	42	RESP=1
6435855	42	STIM=e
6440572	42	RESP=1
6451614	42	STIM=e
6456212	42	RESP=1
6470496	42	STIM=7
6478540	42	RESP=2
6488528	42	STIM=v
6493488	42	RESP=1
6504754	42	STIM=t
6509778	42	RESP=1
6523038	42	STIM=l
6531058	42	RESP=1
6539423	42	STIM=5
6545110	42	RESP=2
6556931	42	STIM=o
6562676	42	RESP=1
6573090	42	STIM=n
6578611	42	RESP=1
6592063	42	STIM=r
6600197	42	RESP=1
6608589	42	STIM=z
6612835	42	RESP=1
6625989	42	STIM=x
6630324	42	RESP=1
6642684	42	STIM=7
6650211	42	RESP=2
6658061	42	STIM=u
6662414	42	RESP=1
6675545	42	STIM=x
6680305	42	RESP=1
6694070	42	STIM=o
6704153	42	RESP=1
6712837	42	STIM=v
6719706	42	RESP=1
6728566	42	STIM=x
6732551	42	RESP=1
6745740	42	STIM=c
6751418	42	RESP=1
6764422	42	STIM=t
6769816	42	RESP=1
6780425	42	STIM=z
6789776	42	RESP=1
6798968	42	STIM=r
6802862	42	RESP=1
6815602	42	STIM=w
6820736	42	RESP=1
6831954	42	STIM=o
6842591	42	RESP=1
6850105	42	STIM=d
6855672	42	RESP=1
6868328	42	STIM=k
6872763	42	RESP=1
6885375	42	STIM=k
6888987	42	RESP=1
6903336	42	STIM=u
6915858	42	RESP=1
6919737	42	STIM=n
6922598	42	RESP=1
6936117	42	STIM=t
6945694	42	RESP=1
6955098	42	STIM=l
6959015	42	RESP=2
6971879	42	STIM=b
6976408	42	RESP=1
6988090	42	STIM=7
6992811	42	RESP=2
7003194	42	STIM=c
7010912	42	RESP=2
7021700	42	STIM=n
7028046	42	RESP=1
7038923	42	STIM=d
7047158	42	RESP=1
7056533	42	STIM=n
7060119	42	RESP=1
7071887	42	STIM=z
7078350	42	RESP=1
7087832	42	STIM=t
7093958	42	RESP=1
7102984	42	STIM=9
7116688	42	RESP=2
7120510	42	STIM=x
7126875	42	RESP=1
7136874	42	STIM=3
7145089	42	RESP=2
7154439	42	STIM=h
7158777	42	RESP=1
7170712	42	STIM=j
7174246	42	RESP=1
7187330	42	STIM=x
7194697	42	RESP=1
7203938	42	STIM=g
7210707	42	RESP=1
7222017	42	STIM=o
7229004	42	RESP=1
7238118	42	STIM=f
7241472	42	RESP=1
7254886	42	STIM=k
7260810	42	RESP=1
7273125	42	STIM=i
7276745	42	RESP=1
7290426	42	STIM=3
7307800	42	RESP=2
7309153	42	STIM=y
7316451	42	RESP=1
7325860	42	STIM=k
7335648	42	RESP=1
7344114	42	STIM=y
7351493	42	RESP=1
7361248	42	STIM=c
7370929	42	RESP=1
7379251	42	STIM=c
7382902	42	RESP=1
7395223	42	STIM=t
7399300	42	RESP=1
7413555	42	STIM=6
7418076	42	RESP=2
7428876	42	STIM=9
7435042	42	RESP=1
7445656	42	STIM=e
7451595	42	RESP=1
7464647	42	STIM=q
7469122	42	RESP=1
7481744	42	STIM=f
7486734	42	RESP=1
7497056	42	STIM=h
7501028	42	RESP=1
7516039	42	STIM=2
7521802	42	RESP=2
7531959	42	STIM=n
7538621	42	RESP=1
7548470	42	STIM=y
7553526	42	RESP=1
7564338	42	STIM=t
7569554	42	RESP=1
7581563	42	STIM=8
7594761	42	RESP=2
7600021	42	STIM=i
7603815	42	RESP=1
7617985	42	STIM=s
7624465	42	RESP=1
7634800	42	STIM=d
7637666	42	RESP=1
7652275	42	STIM=6
7660113	42	RESP=2
7669406	42	STIM=h
7676277	42	RESP=1
7684883	42	STIM=l
7690378	42	RESP=1
7701980	42	STIM=l
7710467	42	RESP=1
7717942	42	STIM=m
7723290	42	RESP=1
7735897	42	STIM=t
7741849	42	RESP=1
7751945	42	STIM=b
7759924	42	RESP=1
7769790	42	STIM=w
7778810	42	RESP=1
7788146	42	STIM=i
7793588	42	RESP=1
7805910	42	STIM=g
7810883	42	RESP=1
7821110	42	STIM=n
7827361	42	RESP=1
7836881	42	STIM=w
7842319	42	RESP=2
7854632	42	STIM=o
7861524	42	RESP=1
7871166	42	STIM=j
7877264	42	RESP=1
7888401	42	STIM=w
7891820	42	RESP=1
7906786	42	STIM=i
7913144	42	RESP=1
7923368	42	STIM=n
7933114	42	RESP=1
7940813	42	STIM=k
7945116	42	RESP=1
7955828	42	STIM=p
7964486	42	RESP=1
7974365	42	STIM=n
7977853	42	RESP=1
7992297	42	STIM=0
7997123	42	RESP=2
8007512	42	STIM=3
8012230	42	RESP=2
8026227	42	STIM=p
8030548	42	RESP=1
8041912	42	STIM=z
8049056	42	RESP=1
8058570	42	STIM=i
8070480	42	RESP=1
8075121	42	STIM=l
8081642	42	RESP=1
8094091	42	STIM=d
8100392	42	RESP=1
8109228	42	STIM=r
8118531	42	RESP=1
8126457	42	STIM=r
8130552	42	RESP=1
8143178	42	STIM=f
8149947	42	RESP=1
8159641	42	STIM=h
8166881	42	RESP=1
8178143	42	STIM=u
8184624	42	RESP=1
8196689	42	STIM=b
8202099	42	RESP=1
8212059	42	STIM=3
8216187	42	RESP=2
8227411	42	STIM=z
8231208	42	RESP=1
8244757	42	STIM=a
8247912	42	RESP=1
8260601	42	STIM=1
8264731	42	RESP=2
8277136	42	STIM=c
8282075	42	RESP=1
8293203	42	STIM=u
8297139	42	RESP=1
8309370	42	STIM=d
8318603	42	RESP=2
8324458	42	STIM=p
8332986	42	RESP=1
8341933	42	STIM=b
8348348	42	RESP=1
8357194	42	STIM=c
8365611	42	RESP=1
8374540	42	STIM=u
8379986	42	RESP=1
8392612	42	STIM=g
8401283	42	RESP=1
8410503	42	STIM=e
8415080	42	RESP=1
8426289	42	STIM=o
8436006	42	RESP=1
8441713	42	STIM=n
8447533	42	RESP=1
8458614	42	STIM=j
8464803	42	RESP=2
8474538	42	STIM=2
8485429	42	RESP=2
8490186	42	STIM=z
8496345	42	RESP=2
8505983	42	STIM=h
8513617	42	RESP=1
8522092	42	STIM=e
8527327	42	RESP=1
8538917	42	STIM=0
8543329	42	RESP=2
8556425	42	STIM=z
8559431	42	RESP=2
8571439	42	STIM=1
8577253	42	RESP=2
8588611	42	STIM=c
8595523	42	RESP=1
8607003	42	STIM=5
8615625	42	RESP=2
8622073	42	STIM=d
8630757	42	RESP=1
8638617	42	STIM=8
8645369	42	RESP=2
8654551	42	STIM=i
8661790	42	RESP=1
8670084	42	STIM=b
8674139	42	RESP=1
8686866	42	STIM=p
8693559	42	RESP=1
8703511	42	STIM=k
8708278	42	RESP=2
8719072	42	STIM=q
8724829	42	RESP=1
8735500	42	STIM=i
8740135	42	RESP=1
8752366	42	STIM=i
8757655	42	RESP=2
8770908	42	STIM=2
8779501	42	RESP=2
8788155	42	STIM=l
8793775	42	RESP=1
8805865	42	STIM=b
8811059	42	RESP=1
8823016	42	STIM=h
8828549	42	RESP=1
8840438	42	STIM=1
8847936	42	RESP=2
8859177	42	STIM=y
8864177	42	RESP=1
8877065	42	STIM=r
8882493	42	RESP=1
8895655	42	STIM=r
8900187	42	RESP=2
8910772	42	STIM=r
8916128	42	RESP=1
8927180	42	STIM=f
8931905	42	RESP=1
8944443	42	STIM=u
8948831	42	RESP=1
8960048	42	STIM=n
8967878	42	RESP=1
8978868	42	STIM=b
8985756	42	RESP=1
8994126	42	STIM=0
8998185	42	RESP=2
9012951	42	STIM=8
9021377	42	RESP=2
9031147	42	STIM=z
9037533	42	RESP=1
9049180	42	STIM=s
9055001	42	RESP=2
9066576	42	STIM=1
9073311	42	RESP=2
9082753	42	STIM=l
9086299	42	RESP=1
9098489	42	STIM=f
9103449	42	RESP=1
9116016	42	STIM=p
9120042	42	RESP=1
9131084	42	STIM=u
9139565	42	RESP=1
9149938	42	STIM=w
9154639	42	RESP=2
9168296	42	STIM=m
9176851	42	RESP=1
9185848	42	STIM=r
9193797	42	RESP=1
9202205	42	STIM=0
9206480	42	RESP=1
9220940	42	STIM=b
9225102	42	RESP=1
9239406	42	STIM=2
9246411	42	RESP=1
9256462	42	STIM=r
9261733	42	RESP=1
9271508	42	STIM=l
9276457	42	RESP=1
9290487	42	STIM=y
9295656	42	RESP=2
9306770	42	STIM=j
9313254	42	RESP=1
9324743	42	STIM=z
9331180	42	RESP=1
9342795	42	STIM=x
9346691	42	RESP=1
9360048	42	STIM=2
9364688	42	RESP=2
9375267	42	STIM=v
9379449	42	RESP=1
9393247	42	STIM=i
9397009	42	RESP=1
9410565	42	STIM=n
9416251	42	RESP=1
9429376	42	STIM=n
9435028	42	RESP=1
9446760	42	STIM=9
9451817	42	RESP=2
9462172	42	STIM=c
9466808	42	RESP=1
9481165	42	STIM=h
9495866	42	RESP=1
9497140	42	STIM=4
9509639	42	RESP=2
9515060	42	STIM=x
9521120	42	RESP=1
9532283	42	STIM=4
9537265	42	RESP=2
9550917	42	STIM=q
9555311	42	RESP=1
9568397	42	STIM=k
9575080	42	RESP=1
9587082	42	STIM=6
9591425	42	RESP=2
9602989	42	STIM=x
9610093	42	RESP=1
9620851	42	STIM=n
9626035	42	RESP=1
9639151	42	STIM=7
9646109	42	RESP=1
9657829	42	STIM=g
9661679	42	RESP=1
9674157	42	STIM=y
9679418	42	RESP=1
9691867	42	STIM=j
9697181	42	RESP=1
9709763	42	STIM=w
9718656	42	RESP=1
9728503	42	STIM=1
9737213	42	RESP=2
9746797	42	STIM=w
9751327	42	RESP=1
9763263	42	STIM=7
9771877	42	RESP=2
9779840	42	STIM=l
9783706	42	RESP=2
9795163	42	STIM=r
9799254	42	RESP=1
9811924	42	STIM=b
9818526	42	RESP=1
9829336	42	STIM=r
9834651	42	RESP=1
9847974	42	STIM=m
9855766	42	RESP=1
9863615	42	STIM=b
9873955	42	RESP=1
9881570	42	STIM=7
9893220	42	RESP=1
9898411	42	STIM=n
9905196	42	RESP=1
9914400	42	STIM=t
9919127	42	RESP=2
9932691	42	STIM=e
9936804	42	RESP=1
9947742	42	STIM=c
9954452	42	RESP=1
9964443	42	STIM=j
9968937	42	RESP=1
9983130	42	STIM=e
9991950	42	RESP=1
9999908	42	STIM=b
10007577	42	RESP=1
10017069	42	STIM=e
10021089	42	RESP=1
10035901	42	STIM=m
10040502	42	RESP=1
10054637	42	STIM=q
10062056	42	RESP=1
10070905	42	STIM=7
10076213	42	RESP=2
10088106	42	STIM=q
10092605	42	RESP=1
10103299	42	STIM=1
10109908	42	RESP=1
10118334	42	STIM=c
10123509	42	RESP=2
10136419	42	STIM=x
10139639	42	RESP=1
10152449	42	STIM=d
10159345	42	RESP=1
10171058	42	STIM=o
10175181	42	RESP=1
10189991	42	STIM=d
10194656	42	RESP=1
10208674	42	STIM=v
10212194	42	RESP=1
10224834	42	STIM=c
10233719	42	RESP=1
10241828	42	STIM=o
10245347	42	RESP=1
10258930	42	STIM=h
10265727	42	RESP=1
10275539	42	STIM=o
10280303	42	RESP=1
10291230	42	STIM=w
10296651	42	RESP=1
10309351	42	STIM=g
10314258	42	RESP=1
10326481	42	STIM=k
10333387	42	RESP=1
10343509	42	STIM=7
10348151	42	RESP=2
10360972	42	STIM=f
10369046	42	RESP=1
10379772	42	STIM=t
10383095	42	RESP=1
10396281	42	STIM=s
10401858	42	RESP=1
10414048	42	STIM=4
10417886	42	RESP=2
10431041	42	STIM=z
10437019	42	RESP=1
10449394	42	STIM=h
10457436	42	RESP=1
10467168	42	STIM=0
10475515	42	RESP=2
10485158	42	STIM=q
10490027	42	RESP=1
10503241	42	STIM=q
10507432	42	RESP=1
10519073	42	STIM=a
10523852	42	RESP=1
10535585	42	STIM=o
10541222	42	RESP=1
10553014	42	STIM=z
10557267	42	RESP=1
10568927	42	STIM=p
10575851	42	RESP=1
10585940	42	STIM=w
10592560	42	RESP=1
10602993	42	STIM=n
10614300	42	RESP=1
10619108	42	STIM=9
10624095	42	RESP=1
10637589	42	STIM=p
10643070	42	RESP=1
10656075	42	STIM=h
10662237	42	RESP=1
10673938	42	STIM=a
10678016	42	RESP=1
10689903	42	STIM=n
10697208	42	RESP=1
10707749	42	STIM=m
10711925	42	RESP=1
10723331	42	STIM=r
10727725	42	RESP=1
10739331	42	STIM=m
10745719	42	RESP=1
10754628	42	STIM=q
10760838	42	RESP=1
10770547	42	STIM=v
10776002	42	RESP=1
10788614	42	STIM=g
10793927	42	RESP=1
10807574	42	STIM=t
10812024	42	RESP=1
10822735	42	STIM=u
10831646	42	RESP=1
10840582	42	STIM=q
10849720	42	RESP=2
10858012	42	STIM=n
10864452	42	RESP=1
10874411	42	STIM=y
10876978	42	RESP=1
10890661	42	STIM=9
10899124	42	RESP=2
10907056	42	STIM=k
10911117	42	RESP=1
10925143	42	STIM=r
10930253	42	RESP=1
10943346	42	STIM=d
10948204	42	RESP=1
10959861	42	STIM=v
10963038	42	RESP=1
10978564	42	STIM=s
10982630	42	RESP=1
10994017	42	STIM=g
11000008	42	RESP=1
11009076	42	STIM=h
11015030	42	RESP=1
11027186	42	STIM=j
11033442	42	RESP=1
11045079	42	STIM=u
11048142	42	RESP=1
11060278	42	STIM=6
11064936	42	RESP=2
11076573	42	STIM=h
11082503	42	RESP=1
11095333	42	STIM=v
11103785	42	RESP=1
11114200	42	STIM=i
11118143	42	RESP=1
11131570	42	STIM=x
11139425	42	RESP=1
11148020	42	STIM=p
11151931	42	RESP=2
11166837	42	STIM=y
11174755	42	RESP=1
11183196	42	STIM=t
11186986	42	RESP=1
11199366	42	STIM=1
11211059	42	RESP=2
11217720	42	STIM=7
11222734	42	RESP=2
11235128	42	STIM=d
11240654	42	RESP=1
11250293	42	STIM=s
11256074	42	RESP=1
11269201	42	STIM=2
11277042	42	RESP=2
11286388	42	STIM=e
11288984	42	RESP=1
11303937	42	STIM=q
11308339	42	RESP=1
11322749	42	STIM=j
11327106	42	RESP=1
11339488	42	STIM=h
11345762	42	RESP=1
11355339	42	STIM=c
11363273	42	RESP=1
11371004	42	STIM=i
11375411	42	RESP=1
11388519	42	STIM=k
11393609	42	RESP=1
11404294	42	STIM=5
11411825	42	RESP=1
11421858	42	STIM=8
11432424	42	RESP=2
11438754	42	STIM=e
11442456	42	RESP=1
11455526	42	STIM=g
11461830	42	RESP=1
11474324	42	STIM=o
11479504	42	RESP=1
11491580	42	STIM=n
11502888	42	RESP=1
11509738	42	STIM=v
11516423	42	RESP=1
11526374	42	STIM=d
11531612	42	RESP=1
11541741	42	STIM=g
11548293	42	RESP=1
11557619	42	STIM=r
11563843	42	RESP=1
11574628	42	STIM=i
11580855	42	RESP=2
11590308	42	STIM=z
11594012	42	RESP=1
11606687	42	STIM=5
11612119	42	RESP=2
11623112	42	STIM=o
11628968	42	RESP=1
11639036	42	STIM=f
11645667	42	RESP=1
11655046	42	STIM=7
11669811	42	RESP=1
11672372	42	STIM=k
11676607	42	RESP=1
11688271	42	STIM=z
11692899	42	RESP=1
11705183	42	STIM=h
11709228	42	RESP=1
11722424	42	STIM=4
11729593	42	RESP=1
11738000	42	STIM=p
11741973	42	RESP=1
11756960	42	STIM=o
11763585	42	RESP=1
11774259	42	STIM=v
11780966	42	RESP=1
11791729	42	STIM=v
11795635	42	RESP=1
11808694	42	STIM=r
11812105	42	RESP=1
11825972	42	STIM=j
11830413	42	RESP=1
11844633	42	STIM=4
11854345	42	RESP=1
11860613	42	STIM=y
11866323	42	RESP=1
11878477	42	STIM=k
11884816	42	RESP=1
11894520	42	STIM=q
11898406	42	RESP=2
11911537	42	STIM=h
11916272	42	RESP=1
11927227	42	STIM=l
11932955	42	RESP=2
11944284	42	STIM=p
11949771	42	RESP=1
11960183	42	STIM=z
11966500	42	RESP=2
11977725	42	STIM=c
11983248	42	RESP=1
11996643	42	STIM=u
12000148	42	RESP=2
12011967	42	STIM=0
12022079	42	RESP=2
12028800	42	STIM=s
12034597	42	RESP=1
12046159	42	STIM=2
12053723	42	RESP=1
12061386	42	STIM=p
12065212	42	RESP=1
12077605	42	STIM=c
12081827	42	RESP=1
12095680	42	STIM=q
12100005	42	RESP=1
12113663	42	STIM=l
12118759	42	RESP=1
12132597	42	STIM=b
12136699	42	RESP=1
12149085	42	STIM=r
12159579	42	RESP=1
12167819	42	STIM=b
12172289	42	RESP=1
12185576	42	STIM=k
12188725	42	RESP=1
12202516	42	STIM=i
12207116	42	RESP=1
12219554	42	STIM=k
12223496	42	RESP=1
12234775	42	STIM=r
12242064	42	RESP=1
12249996	42	STIM=y
12257177	42	RESP=1
12267896	42	STIM=x
12272418	42	RESP=1
12284998	42	STIM=z
12290073	42	RESP=1
12301310	42	STIM=w
12306709	42	RESP=1
12317009	42	STIM=q
12323178	42	RESP=1
12333125	42	STIM=m
12338848	42	RESP=1
12351614	42	STIM=s
12355743	42	RESP=1
12369795	42	STIM=b
12379529	42	RESP=1
12387352	42	STIM=k
12393885	42	RESP=1
12405165	42	STIM=n
12407921	42	RESP=1
12422235	42	STIM=k
12426864	42	RESP=1
12441128	42	STIM=2
12447624	42	RESP=1
12458276	42	STIM=k
12465022	42	RESP=1
12474937	42	STIM=p
12484897	42	RESP=1
12492347	42	STIM=8
12498670	42	RESP=2
12507438	42	STIM=b
12514229	42	RESP=2
12525138	42	STIM=v
12532245	42	RESP=1
12541039	42	STIM=9
12545841	42	RESP=2
12557430	42	STIM=q
12563112	42	RESP=1
12573750	42	STIM=z
12579310	42	RESP=1
12589645	42	STIM=u
12594252	42	RESP=1
12607232	42	STIM=n
12611240	42	RESP=1
12625930	42	STIM=h
12630269	42	RESP=1
12642501	42	STIM=c
12653783	42	RESP=1
12658585	42	STIM=g
12662417	42	RESP=1
12674732	42	STIM=e
12680881	42	RESP=1
12691868	42	STIM=4
12698529	42	RESP=2
12707505	42	STIM=4
12713600	42	RESP=2
12723473	42	STIM=t
12725895	42	RESP=1
12741762	42	STIM=i
12747193	42	RESP=1
12758858	42	STIM=c
12762964	42	RESP=1
12775539	42	STIM=o
12779275	42	RESP=1
12791391	42	STIM=p
12794497	42	RESP=1
12809717	42	STIM=n
12813599	42	RESP=1
12825281	42	STIM=m
12829555	42	RESP=1
12844202	42	STIM=k
12852071	42	RESP=1
12862068	42	STIM=s
12865854	42	RESP=1
12879970	42	STIM=5
12884616	42	RESP=2
12896124	42	STIM=1
12911259	42	RESP=2
12911785	42	STIM=k
12917571	42	RESP=1
12927870	42	STIM=w
12933830	42	RESP=1
12943267	42	STIM=x
12947645	42	RESP=1
12959936	42	STIM=a
12968239	42	RESP=1
12974988	42	STIM=i
12980963	42	RESP=1
12993616	42	STIM=d
12998895	42	RESP=1
13010325	42	STIM=q
13013788	42	RESP=1
13028281	42	STIM=0
13032582	42	RESP=2
13044175	42	STIM=l
13050971	42	RESP=1
13060585	42	STIM=d
13064509	42	RESP=1
13076442	42	STIM=b
13085081	42	RESP=1
13092584	42	STIM=7
13096377	42	RESP=1
13107753	42	STIM=u
13113015	42	RESP=1
13124036	42	STIM=o
13128537	42	RESP=1
13141951	42	STIM=h
13146633	42	RESP=1
13158704	42	STIM=a
13166285	42	RESP=1
13176280	42	STIM=a
13180573	42	RESP=1
13194609	42	STIM=l
13199441	42	RESP=1
13211614	42	STIM=7
13215969	42	RESP=1
13230386	42	STIM=v
13234599	42	RESP=1
13245455	42	STIM=y
13249613	42	RESP=1
13261770	42	STIM=7
13268241	42	RESP=2
13277094	42	STIM=e
13283060	42	RESP=1
13295357	42	STIM=k
13299627	42	RESP=1
13310507	42	STIM=j
13313662	42	RESP=1
13328891	42	STIM=b
13336251	42	RESP=1
13345091	42	STIM=7
13354953	42	RESP=2
13361076	42	STIM=t
13365839	42	RESP=1
13377405	42	STIM=g
13381478	42	RESP=1
13394095	42	STIM=7
13398427	42	RESP=2
13412636	42	STIM=s
13417714	42	RESP=1
13429200	42	STIM=l
13438853	42	RESP=1
13445343	42	STIM=m
13448439	42	RESP=1
13463992	42	STIM=8
13470669	42	RESP=2
13479973	42	STIM=3
13485602	42	RESP=1
13496811	42	STIM=5
13501565	42	RESP=2
13512661	42	STIM=5
13522118	42	RESP=1
13527949	42	STIM=g
13532744	42	RESP=1
13543294	42	STIM=e
13548987	42	RESP=1
13559745	42	STIM=s
13564556	42	RESP=1
13576615	42	STIM=r
13580530	42	RESP=1
13595586	42	STIM=u
13603111	42	RESP=1
13614116	42	STIM=p
13621382	42	RESP=1
13630176	42	STIM=l
13635102	42	RESP=1
13646809	42	STIM=z
13650312	42	RESP=1
13663080	42	STIM=0
13670813	42	RESP=2
13680429	42	STIM=l
13690586	42	RESP=1
13698113	42	STIM=x
13705626	42	RESP=1
13715384	42	STIM=x
13718422	42	RESP=1
13731988	42	STIM=p
13737713	42	RESP=1
13748240	42	STIM=l
13751308	42	RESP=1
13763967	42	STIM=q
13771270	42	RESP=1
13780518	42	STIM=8
13784541	42	RESP=2
13797620	42	STIM=l
13804993	42	RESP=1
13813554	42	STIM=y
13818487	42	RESP=1
13832481	42	STIM=v
13842683	42	RESP=1
13849147	42	STIM=k
13852734	42	RESP=2
13865447	42	STIM=l
13871468	42	RESP=2
13883560	42	STIM=b
13891791	42	RESP=1
13901219	42	STIM=d
13905819	42	RESP=1
13917327	42	STIM=u
13922176	42	RESP=1
13932716	42	STIM=p
13938180	42	RESP=1
13948975	42	STIM=c
13953936	42	RESP=1
13964031	42	STIM=p
13968451	42	RESP=2
13982312	42	STIM=y
13985312	42	RESP=1
13998564	42	STIM=0
14012142	42	RESP=2
14014581	42	STIM=u
14020332	42	RESP=1
14031257	42	STIM=s
14037273	42	RESP=1
14049444	42	STIM=u
14053908	42	RESP=1
14064711	42	STIM=k
14070067	42	RESP=1
14081224	42	STIM=e
14084101	42	RESP=1
14097761	42	STIM=y
14104649	42	RESP=1
14116114	42	STIM=d
14120056	42	RESP=1
14134877	42	STIM=v
14139028	42	RESP=1
14151128	42	STIM=n
14156080	42	RESP=2
14168684	42	STIM=k
14178300	42	RESP=1
14185713	42	STIM=n
14192048	42	RESP=1
14203777	42	STIM=4
14209653	42	RESP=1
14220493	42	STIM=k
14230290	42	RESP=1
14235620	42	STIM=7
14240945	42	RESP=2
14253844	42	STIM=1
14258308	42	RESP=2
14272802	42	STIM=a
14279840	42	RESP=1
14289033	42	STIM=f
14296337	42	RESP=1
14307004	42	STIM=g
14312152	42	RESP=1
14323454	42	STIM=s
14331344	42	RESP=1
14338657	42	STIM=z
14343672	42	RESP=1
14354290	42	STIM=x
14359515	42	RESP=1
14372544	42	STIM=a
14380089	42	RESP=1
14391310	42	STIM=t
14396513	42	RESP=1
14408499	42	STIM=o
14412774	42	RESP=1
14426411	42	STIM=j
14430479	42	RESP=1
14444179	42	STIM=c
14450122	42	RESP=1
14462661	42	STIM=c
14469480	42	RESP=1
14479311	42	STIM=4
14485749	42	RESP=1
14495034	42	STIM=1
14503617	42	RESP=1
14512290	42	STIM=m
14521924	42	RESP=1
14529494	42	STIM=d
14536767	42	RESP=1
14548214	42	STIM=u
14558278	42	RESP=1
14564180	42	STIM=e
14570726	42	RESP=1
14581186	42	STIM=a
14586760	42	RESP=1
14597126	42	STIM=f
14600897	42	RESP=1
14613173	42	STIM=y
14620273	42	RESP=1
14628429	42	STIM=r
14638063	42	RESP=1
14643804	42	STIM=x
14647495	42	RESP=1
14660640	42	STIM=r
14665916	42	RESP=1
14675936	42	STIM=0
14685096	42	RESP=2
14694425	42	STIM=m
14702762	42	RESP=1
14712574	42	STIM=8
14724098	42	RESP=2
14727902	42	STIM=h
14734160	42	RESP=1
14746494	42	STIM=g
14751335	42	RESP=1
14761995	42	STIM=b
14771970	42	RESP=1
14779156	42	STIM=k
14785328	42	RESP=1
14795581	42	STIM=9
14801955	42	RESP=2
14811277	42	STIM=i
14818534	42	RESP=1
14828827	42	STIM=m
14832322	42	RESP=1
14843917	42	STIM=a
14848300	42	RESP=1
14860239	42	STIM=e
14862916	42	RESP=1
14876562	42	STIM=a
14881801	42	RESP=1
14891714	42	STIM=p
14901756	42	RESP=1
14908223	42	STIM=0
14913995	42	RESP=2
14926185	42	STIM=b
14932560	42	RESP=1
14942076	42	STIM=9
14949264	42	RESP=2
14959765	42	STIM=3
14963865	42	RESP=2
14977547	42	STIM=2
14983326	42	RESP=2
14995258	42	STIM=q
15001617	42	RESP=2
15011676	42	STIM=i
15015425	42	RESP=1
15028742	42	STIM=h
15037137	42	RESP=2
15047296	42	STIM=6
15053793	42	RESP=2
15065627	42	STIM=u
15069635	42	RESP=1
15082915	42	STIM=s
15086014	42	RESP=1
15101284	42	STIM=l
15106880	42	RESP=1
15118509	42	STIM=j
15121696	42	RESP=1
15135162	42	STIM=t
15147090	42	RESP=1
15154064	42	STIM=w
15157537	42	RESP=1
15169175	42	STIM=j
15177158	42	RESP=1
15187736	42	STIM=h
15194317	42	RESP=1
15206083	42	STIM=i
15211024	42	RESP=1
15221259	42	STIM=q
15225374	42	RESP=1
15239244	42	STIM=c
15245406	42	RESP=1
15257703	42	STIM=k
15265695	42	RESP=1
15273943	42	STIM=j
15279873	42	RESP=1
15291258	42	STIM=b
15299995	42	RESP=1
15309985	42	STIM=q
15314925	42	RESP=1
15326053	42	STIM=p
15332245	42	RESP=1
15343821	42	STIM=x
15348280	42	RESP=1
15362051	42	STIM=z
15369544	42	RESP=1
15378517	42	STIM=x
15383411	42	RESP=1
15393895	42	STIM=u
15397665	42	RESP=1
15411314	42	STIM=r
15415291	42	RESP=1
15429501	42	STIM=u
15433262	42	RESP=1
15447911	42	STIM=n
15457822	42	RESP=1
15464204	42	STIM=z
15468992	42	RESP=1
15479678	42	STIM=0
15485048	42	RESP=1
15496651	42	STIM=c
15501331	42	RESP=1
15514295	42	STIM=8
15523920	42	RESP=2
15529354	42	STIM=3
15537003	42	RESP=2
15546881	42	STIM=7
15554164	42	RESP=2
15563242	42	STIM=b
15569638	42	RESP=1
15581176	42	STIM=5
15585453	42	RESP=2
15598610	42	STIM=e
15607042	42	RESP=1
15616201	42	STIM=w
15624000	42	RESP=1
15632017	42	STIM=h
15637092	42	RESP=1
15650056	42	STIM=4
15655879	42	RESP=2
15668663	42	STIM=n
15673826	42	RESP=1
15686711	42	STIM=w
15692759	42	RESP=1
15702957	42	STIM=1
15707981	42	RESP=2
15718424	42	STIM=q
15724852	42	RESP=1
15735583	42	STIM=p
15741996	42	RESP=1
15752278	42	STIM=t
15757568	42	RESP=1
15768092	42	STIM=e
15778526	42	RESP=1
15783883	42	STIM=b
15790477	42	RESP=1
15799415	42	STIM=h
15807166	42	RESP=1
15815135	42	STIM=t
15824183	42	RESP=1
15832830	42	STIM=y
15837893	42	RESP=1
15847927	42	STIM=l
15852077	42	RESP=1
15866669	42	STIM=z
15870999	42	RESP=1
15884735	42	STIM=o
15887964	42	RESP=1
15903078	42	STIM=g
15911924	42	RESP=1
15919595	42	STIM=f
15926068	42	RESP=1
15937427	42	STIM=s
15944425	42	RESP=1
15956214	42	STIM=e
15965352	42	RESP=1
15972801	42	STIM=8
15979445	42	RESP=2
15990072	42	STIM=i
15992938	42	RESP=1
16005564	42	STIM=k
16009801	42	RESP=2
16022015	42	STIM=t
16027378	42	RESP=1
16039711	42	STIM=h
16045325	42	RESP=1
16058683	42	STIM=6
16067311	42	RESP=2
16077327	42	STIM=s
16081760	42	RESP=1
16095139	42	STIM=e
16098902	42	RESP=1
16110741	42	STIM=o
16117079	42	RESP=1
16129073	42	STIM=4
16134277	42	RESP=2
16145606	42	STIM=6
16152969	42	RESP=2
16163263	42	STIM=q
16169144	42	RESP=1
16181117	42	STIM=q
16185844	42	RESP=1
16199042	42	STIM=c
16202211	42	RESP=1
16217676	42	STIM=t
16221586	42	RESP=1
16233187	42	STIM=f
16239388	42	RESP=1
16248484	42	STIM=a
16252835	42	RESP=1
16264057	42	STIM=t
16271558	42	RESP=1
16281269	42	STIM=m
16286244	42	RESP=1
16299638	42	STIM=y
16305890	42	RESP=1
16316173	42	STIM=6
16322347	42	RESP=1
16335069	42	STIM=5
16341036	42	RESP=1
16352114	42	STIM=r
16360462	42	RESP=1
16370086	42	STIM=x
16376307	42	RESP=1
16387510	42	STIM=0
16394235	42	RESP=2
16405835	42	STIM=t
16409550	42	RESP=1
16421640	42	STIM=q
16426359	42	RESP=1
16439614	42	STIM=z
16448146	42	RESP=1
16455863	42	STIM=o
16459373	42	RESP=1
16470989	42	STIM=o
16477286	42	RESP=1
16487087	42	STIM=1
16491400	42	RESP=2
16505743	42	STIM=b
16510700	42	RESP=1
16523689	42	STIM=n
16529524	42	RESP=1
16538692	42	STIM=l
16548456	42	RESP=1
16554070	42	STIM=7
16559751	42	RESP=1
16570610	42	STIM=r
16575616	42	RESP=1
16585957	42	STIM=b
16589601	42	RESP=1
16603340	42	STIM=a
16606946	42	RESP=2
16618479	42	STIM=0
16626311	42	RESP=1
16634417	42	STIM=n
16643386	42	RESP=1
16653086	42	STIM=9
16659856	42	RESP=1
16669634	42	STIM=q
16672611	42	RESP=1
16687819	42	STIM=c
16699348	42	RESP=1
16703663	42	STIM=l
16709583	42	RESP=1
16722402	42	STIM=e
16726448	42	RESP=1
16738996	42	STIM=x
16746455	42	RESP=1
16754846	42	STIM=z
16757872	42	RESP=1
16771882	42	STIM=w
16777197	42	RESP=1
16789392	42	STIM=z
16795775	42	RESP=2
16805262	42	STIM=7
16813782	42	RESP=2
16821711	42	STIM=1
16826035	42	RESP=2
16837812	42	STIM=w
16844771	42	RESP=1
16856513	42	STIM=f
16860852	42	RESP=1
16874276	42	STIM=e
16879550	42	RESP=1
16891599	42	STIM=v
16894963	42	RESP=1
16906712	42	STIM=c
16910639	42	RESP=1
16924173	42	STIM=k
16927678	42	RESP=2
16940830	42	STIM=o
16945202	42	RESP=1
16958537	42	STIM=g
16963047	42	RESP=1
16974246	42	STIM=5
16980936	42	RESP=2
16993197	42	STIM=h
17003603	42	RESP=1
17010433	42	STIM=f
17013594	42	RESP=1
17025696	42	STIM=l
17038012	42	RESP=1
17042160	42	STIM=c
17046844	42	RESP=1
17057500	42	STIM=h
17067869	42	RESP=1
17075904	42	STIM=f
17082144	42	RESP=1
17093078	42	STIM=g
17096636	42	RESP=1
17109914	42	STIM=l
17115443	42	RESP=1
17125960	42	STIM=u
17133149	42	RESP=1
17142336	42	STIM=o
17152865	42	RESP=1
17160553	42	STIM=3
17169183	42	RESP=2
17177396	42	STIM=m
17183969	42	RESP=2
17193583	42	STIM=q
17198114	42	RESP=1
17210904	42	STIM=4
17216911	42	RESP=2
17226983	42	STIM=b
17231203	42	RESP=1
17245934	42	STIM=a
17249228	42	RESP=1
17261672	42	STIM=j
17265883	42	RESP=1
17279269	42	STIM=c
17289617	42	RESP=1
17297262	42	STIM=8
17304665	42	RESP=2
17314131	42	STIM=0
17322744	42	RESP=2
17332086	42	STIM=p
17340448	42	RESP=1
17350721	42	STIM=u
17356046	42	RESP=2
17366942	42	STIM=a
17370779	42	RESP=1
17385872	42	STIM=k
17394941	42	RESP=1
17404701	42	STIM=1
17409800	42	RESP=2
17421974	42	STIM=k
17427373	42	RESP=1
17439572	42	STIM=v
17444997	42	RESP=1
17454780	42	STIM=w
17461541	42	RESP=1
17472102	42	STIM=3
17478722	42	RESP=2
17487367	42	STIM=x
17490698	42	RESP=1
17504535	42	STIM=f
17508290	42	RESP=2
17521608	42	STIM=g
17527105	42	RESP=1
17539320	42	STIM=n
17543718	42	RESP=1
17555673	42	STIM=i
17563275	42	RESP=1
17570891	42	STIM=e
17575314	42	RESP=1
17588416	42	STIM=n
17595823	42	RESP=1
17604959	42	STIM=0
17614923	42	RESP=1
17622552	42	STIM=7
17631612	42	RESP=2
17639319	42	STIM=b
17645748	42	RESP=1
17656662	42	STIM=p
17661716	42	RESP=1
17671960	42	STIM=z
17676810	42	RESP=1
17688846	42	STIM=8
17694263	42	RESP=2
17704055	42	STIM=x
17709474	42	RESP=1
17722829	42	STIM=z
17726220	42	RESP=1
17739610	42	STIM=6
17745984	42	RESP=2
17757276	42	STIM=v
17765687	42	RESP=1
17774669	42	STIM=n
17777421	42	RESP=1
17790728	42	STIM=d
17798399	42	RESP=1
17809076	42	STIM=6
17813701	42	RESP=2
17827613	42	STIM=0
17832696	42	RESP=2
17844429	42	STIM=m
17847631	42	RESP=1
17860458	42	STIM=t
17867070	42	RESP=1
17878165	42	STIM=8
17888763	42	RESP=2
17893373	42	STIM=p
17901502	42	RESP=1
17909818	42	STIM=g
17914372	42	RESP=2
17927001	42	STIM=o
17931689	42	RESP=1
17943849	42	STIM=8
17949681	42	RESP=2
17959135	42	STIM=0
17966616	42	RESP=2
17976313	42	STIM=4
17981507	42	RESP=2
17992059	42	STIM=g
17995454	42	RESP=1
18008337	42	STIM=b
18013639	42	RESP=1
18023440	42	STIM=6
18028012	42	RESP=2
18040093	42	STIM=e
18043947	42	RESP=1
18057863	42	STIM=r
18070407	42	RESP=1
18074408	42	STIM=i
18078943	42	RESP=1
18093244	42	STIM=r
18096337	42	RESP=1
18110364	42	STIM=x
18116002	42	RESP=1
18128284	42	STIM=i
18133985	42	RESP=1
18144342	42	STIM=8
18148971	42	RESP=2
18161414	42	STIM=5
18168076	42	RESP=2
18179532	42	STIM=1
18184707	42	RESP=2
18196325	42	STIM=9
18200655	42	RESP=1
18215076	42	STIM=u
18224742	42	RESP=1
18232234	42	STIM=v
18238497	42	RESP=1
18248195	42	STIM=2
18253453	42	RESP=1
18267182	42	STIM=7
18273860	42	RESP=2
18282700	42	STIM=h
18290140	42	RESP=1
18299875	42	STIM=i
18303945	42	RESP=1
18317446	42	STIM=y
18320930	42	RESP=1
18335754	42	STIM=2
18340479	42	RESP=2
18354563	42	STIM=i
18360491	42	RESP=1
18372624	42	STIM=5
18378859	42	RESP=1
18387736	42	STIM=d
18391005	42	RESP=1
18403861	42	STIM=m
18412633	42	RESP=1
18421736	42	STIM=m
18426668	42	RESP=1
18437557	42	STIM=l
18440306	42	RESP=1
18453363	42	STIM=c
18455956	42	RESP=1
18469591	42	STIM=l
18472563	42	RESP=1
18485039	42	STIM=n
18491035	42	RESP=1
18502378	42	STIM=n
18506717	42	RESP=1
18517569	42	STIM=7
18525024	42	RESP=2
18532864	42	STIM=1
18539332	42	RESP=2
18547959	42	STIM=f
18556487	42	RESP=1
18563302	42	STIM=x
18569172	42	RESP=1
18579731	42	STIM=u
18584760	42	RESP=1
18595612	42	STIM=l
18601139	42	RESP=1
18613119	42	STIM=9
18619084	42	RESP=1
18628154	42	STIM=6
18635223	42	RESP=2
18643323	42	STIM=p
18651787	42	RESP=1
18660690	42	STIM=q
18666738	42	RESP=1
18679594	42	STIM=f
18688643	42	RESP=1
18696568	42	STIM=y
18699957	42	RESP=1
18714976	42	STIM=r
18719006	42	RESP=1
18731251	42	STIM=q
18738120	42	RESP=1
18748764	42	STIM=v
18758832	42	RESP=1
18763765	42	STIM=v
18769913	42	RESP=1
18779577	42	STIM=n
18784777	42	RESP=1
18798112	42	STIM=f
18801605	42	RESP=1
18814008	42	STIM=j
18820100	42	RESP=1
18832807	42	STIM=f
18835969	42	RESP=1
18847940	42	STIM=b
18856994	42	RESP=1
18863652	42	STIM=u
18871606	42	RESP=2
18880130	42	STIM=u
18885222	42	RESP=1
18898301	42	STIM=c
18907189	42	RESP=1
18913490	42	STIM=i
18917262	42	RESP=1
18930516	42	STIM=h
18939054	42	RESP=1
18949308	42	STIM=v
18953932	42	RESP=1
18965580	42	STIM=y
18968952	42	RESP=1
18982178	42	STIM=3
18992154	42	RESP=2
19000203	42	STIM=7
19004879	42	RESP=2
19018725	42	STIM=9
19023212	42	RESP=2
19034932	42	STIM=k
19040761	42	RESP=1
19053137	42	STIM=d
19058685	42	RESP=1
19069766	42	STIM=b
19079313	42	RESP=1
19088204	42	STIM=e
19094811	42	RESP=1
19106891	42	STIM=5
19113383	42	RESP=2
19122123	42	STIM=5
19128730	42	RESP=2
19140222	42	STIM=m
19143657	42	RESP=1
19155812	42	STIM=t
19160976	42	RESP=1
19174324	42	STIM=w
19178283	42	RESP=1
19191624	42	STIM=2
19198132	42	RESP=2
19208036	42	STIM=y
19214285	42	RESP=1
19226947	42	STIM=x
19234098	42	RESP=1
19242615	42	STIM=5
19252718	42	RESP=2
19260924	42	STIM=n
19269841	42	RESP=1
19279808	42	STIM=e
19285701	42	RESP=1
19298763	42	STIM=7
19306715	42	RESP=2
19314464	42	STIM=r
19318035	42	RESP=1
19331442	42	STIM=l
19340725	42	RESP=1
19347912	42	STIM=z
19355331	42	RESP=1
19365929	42	STIM=2
19372765	42	RESP=2
19381428	42	STIM=q
19384283	42	RESP=1
19399392	42	STIM=o
19402213	42	RESP=1
19415078	42	STIM=3
19425456	42	RESP=2
19430333	42	STIM=x
19438267	42	RESP=1
19446297	42	STIM=7
19456225	42	RESP=2
19462830	42	STIM=w
19469224	42	RESP=1
19480440	42	STIM=z
19484489	42	RESP=2
19497406	42	STIM=k
19502086	42	RESP=1
19513343	42	STIM=u
19521133	42	RESP=1
19530969	42	STIM=v
19534717	42	RESP=1
19547065	42	STIM=q
19553195	42	RESP=1
19563881	42	STIM=3
19570174	42	RESP=2
19579829	42	STIM=u
19583855	42	RESP=1
19597696	42	STIM=4
19604018	42	RESP=2
19615209	42	STIM=3
19619193	42	RESP=2
19631425	42	STIM=m
19637397	42	RESP=1
19649825	42	STIM=k
19656283	42	RESP=1
19668504	42	STIM=e
19672966	42	RESP=2
19685525	42	STIM=2
19691995	42	RESP=1
19700740	42	STIM=e
19705813	42	RESP=1
19716292	42	STIM=w
19720210	42	RESP=2
19732057	42	STIM=y
19735936	42	RESP=1
19747545	42	STIM=e
19752614	42	RESP=1
19763528	42	STIM=v
19768511	42	RESP=1
19781756	42	STIM=l
19785751	42	RESP=1
19800116	42	STIM=o
19807313	42	RESP=1
19819063	42	STIM=h
19824360	42	RESP=1
19836757	42	STIM=w
19840217	42	RESP=1
19855291	42	STIM=p
19866298	42	RESP=1
19870480	42	STIM=2
19878099	42	RESP=2
19886743	42	STIM=3
19893164	42	RESP=2
19903050	42	STIM=m
19908951	42	RESP=1
19918253	42	STIM=x
19922547	42	RESP=1
19935404	42	STIM=n
19940633	42	RESP=1
19951619	42	STIM=f
19964236	42	RESP=1
19969631	42	STIM=h
19973347	42	RESP=1
19988443	42	STIM=n
19992503	42	RESP=1
20003825	42	STIM=r
20008351	42	RESP=1
20021325	42	STIM=3
20029691	42	RESP=2
20039836	42	STIM=j
20044257	42	RESP=1
20054937	42	STIM=i
20063224	42	RESP=1
20071215	42	STIM=6
20078852	42	RESP=2
20088929	42	STIM=w
20093805	42	RESP=1
20107558	42	STIM=o
20114363	42	RESP=1
20125977	42	STIM=a
20133015	42	RESP=1
20144586	42	STIM=v
20148953	42	RESP=1
20159734	42	STIM=6
20164134	42	RESP=1
20178546	42	STIM=q
20185482	42	RESP=1
20194279	42	STIM=n
20198513	42	RESP=1
20209743	42	STIM=7
20217733	42	RESP=2
20226645	42	STIM=s
20230341	42	RESP=1
20244402	42	STIM=w
20250978	42	RESP=1
20260301	42	STIM=x
20267394	42	RESP=1
20278978	42	STIM=b
20282264	42	RESP=1
20295855	42	STIM=z
20299329	42	RESP=1
20312206	42	STIM=a
20323211	42	RESP=1
20330323	42	STIM=4
20337448	42	RESP=1
20347457	42	STIM=l
20356233	42	RESP=1
20365542	42	STIM=9
20372540	42	RESP=2
20382389	42	STIM=l
20386955	42	RESP=2
20401148	42	STIM=w
20412242	42	RESP=1
20417287	42	STIM=a
20421807	42	RESP=1
20432569	42	STIM=3
20445002	42	RESP=2
20449697	42	STIM=m
20454188	42	RESP=1
20465707	42	STIM=2
20469400	42	RESP=2
20482102	42	STIM=9
20489505	42	RESP=2
20500251	42	STIM=u
20503643	42	RESP=1
20517966	42	STIM=d
20527191	42	RESP=1
20534847	42	STIM=7
20539082	42	RESP=2
20550541	42	STIM=x
20554962	42	RESP=1
20568875	42	STIM=k
20575396	42	RESP=1
20586846	42	STIM=h
20592381	42	RESP=1
20605569	42	STIM=a
20613447	42	RESP=1
20620968	42	STIM=n
20623807	42	RESP=1
20639170	42	STIM=b
20642258	42	RESP=1
20654985	42	STIM=k
20660442	42	RESP=1
20671458	42	STIM=1
20676885	42	RESP=2
20687391	42	STIM=x
20692797	42	RESP=1
20702977	42	STIM=c
20712657	42	RESP=2
20720326	42	STIM=x
20728765	42	RESP=1
20736006	42	STIM=8
20741009	42	RESP=2
20751343	42	STIM=a
20755597	42	RESP=2
20766413	42	STIM=w
20774732	42	RESP=1
20784845	42	STIM=r
20788642	42	RESP=1
20803570	42	STIM=l
20808680	42	RESP=1
20821325	42	STIM=2
20826193	42	RESP=2
20836445	42	STIM=j
20839575	42	RESP=1
20854636	42	STIM=w
20860171	42	RESP=1
20871408	42	STIM=k
20878887	42	RESP=1
20887442	42	STIM=t
20894002	42	RESP=1
20903153	42	STIM=9
20909587	42	RESP=2
20920051	42	STIM=4
20926766	42	RESP=2
20939032	42	STIM=9
20944867	42	RESP=2
20954120	42	STIM=m
20959328	42	RESP=1
20971271	42	STIM=v
20976111	42	RESP=2
20987692	42	STIM=z
20993995	42	RESP=1
21004668	42	STIM=d
21008023	42	RESP=1
21020804	42	STIM=g
21027369	42	RESP=1
21039430	42	STIM=d
21045164	42	RESP=1
21058202	42	STIM=q
21063089	42	RESP=1
21076189	42	STIM=a
21083243	42	RESP=1
21094828	42	STIM=e
21106471	42	RESP=1
21111189	42	STIM=u
21119974	42	RESP=1
21129829	42	STIM=c
21133420	42	RESP=2
21144840	42	STIM=h
21154054	42	RESP=1
21160362	42	STIM=k
21165275	42	RESP=1
21175934	42	STIM=j
21186346	42	RESP=1
21194624	42	STIM=f
21197676	42	RESP=1
21211303	42	STIM=t
21214626	42	RESP=2
21227992	42	STIM=h
21237646	42	RESP=2
21243618	42	STIM=l
21252755	42	RESP=1
21261201	42	STIM=j
21268539	42	RESP=1
21277683	42	STIM=k
21282744	42	RESP=2
21295712	42	STIM=r
21301395	42	RESP=1
21313321	42	STIM=p
21319229	42	RESP=1
21331834	42	STIM=1
21340715	42	RESP=1
21348316	42	STIM=b
21353842	42	RESP=1
21364722	42	STIM=e
21369382	42	RESP=1
21382811	42	STIM=o
21388169	42	RESP=1
21398666	42	STIM=f
21404290	42	RESP=1
21417236	42	STIM=z
21424122	42	RESP=1
21433309	42	STIM=o
21438045	42	RESP=1
21452006	42	STIM=f
21455937	42	RESP=1
21467707	42	STIM=v
21475210	42	RESP=1
21484525	42	STIM=3
21489249	42	RESP=2
21499890	42	STIM=k
21506346	42	RESP=1
21516560	42	STIM=2
21521401	42	RESP=2
21534441	42	STIM=k
21537575	42	RESP=1
21549928	42	STIM=e
21557900	42	RESP=1
21565133	42	STIM=k
21575433	42	RESP=2
21581113	42	STIM=4
21587121	42	RESP=2
21598695	42	STIM=d
21605603	42	RESP=1
21617454	42	STIM=m
21620774	42	RESP=1
21635638	42	STIM=g
21642526	42	RESP=2
21654495	42	STIM=s
21658803	42	RESP=1
21672999	42	STIM=a
21684192	42	RESP=1
21690217	42	STIM=y
21693760	42	RESP=1
21708717	42	STIM=2
21715245	42	RESP=2
21723760	42	STIM=m
21727234	42	RESP=1
21740759	42	STIM=2
21746004	42	RESP=2
21759649	42	STIM=g
21766343	42	RESP=1
21778555	42	STIM=w
21784210	42	RESP=1
