# Original filename: 0056_SFL_2017-05-15.log
# Time unit: 100 us
# RARECAT=digit
#
# Time	HHGG	Event
28704	42	STIM=q
34426	42	RESP=1
46788	42	STIM=i
50624	42	RESP=1
62941	42	STIM=h
69252	42	RESP=1
79942	42	STIM=l
84525	42	RESP=1
97025	42	STIM=p
106460	42	RESP=1
112132	42	STIM=5
117365	42	RESP=2
130526	42	STIM=0
134882	42	RESP=1
147951	42	STIM=p
151495	42	RESP=1
164117	42	STIM=h
171895	42	RESP=1
181895	42	STIM=2
186342	42	RESP=1
198868	42	STIM=b
202485	42	RESP=1
215731	42	STIM=w
219766	42	RESP=1
231004	42	STIM=r
235404	42	RESP=2
249751	42	STIM=t
253905	42	RESP=1
267965	42	STIM=p
272258	42	RESP=1
284021	42	STIM=h
287561	42	RESP=1
299479	42	STIM=k
304610	42	RESP=1
318413	42	STIM=f
324463	42	RESP=1
334856	42	STIM=g
340327	42	RESP=1
350345	42	STIM=9
353919	42	RESP=2
369248	42	STIM=h
372421	42	RESP=1
387792	42	STIM=a
391854	42	RESP=1
403755	42	STIM=o
410148	42	RESP=1
422353	42	STIM=m
426265	42	RESP=1
437964	42	STIM=u
442576	42	RESP=1
455263	42	STIM=k
461323	42	RESP=2
473455	42	STIM=d
481489	42	RESP=1
488699	42	STIM=8
492576	42	RESP=1
504793	42	STIM=j
508547	42	RESP=1
523591	42	STIM=m
527341	42	RESP=1
541444	42	STIM=v
549703	42	RESP=1
558400	42	STIM=0
564293	42	RESP=2
576173	42	STIM=0
582420	42	RESP=2
591844	42	STIM=r
598267	42	RESP=1
608626	42	STIM=y
612975	42	RESP=1
624648	42	STIM=m
627209	42	RESP=1
642121	42	STIM=r
645335	42	RESP=1
660818	42	STIM=h
664094	42	RESP=1
677274	42	STIM=n
681297	42	RESP=1
695180	42	STIM=g
699466	42	RESP=1
710828	42	STIM=k
715846	42	RESP=1
726069	42	STIM=h
735474	42	RESP=1
742593	42	STIM=b
746606	42	RESP=1
760489	42	STIM=h
764377	42	RESP=1
776651	42	STIM=o
783111	42	RESP=1
792369	42	STIM=8
796057	42	RESP=2
809481	42	STIM=d
816370	42	RESP=1
826080	42	STIM=k
830817	42	RESP=1
842892	42	STIM=f
846713	42	RESP=2
858009	42	STIM=l
865539	42	RESP=1
874110	42	STIM=u
877415	42	RESP=1
892789	42	STIM=o
897809	42	RESP=1
909865	42	STIM=a
914383	42	RESP=1
928533	42	STIM=p
932523	42	RESP=1
944012	42	STIM=1
948531	42	RESP=2
961609	42	STIM=g
964987	42	RESP=1
979241	42	STIM=8
989583	42	RESP=1
996548	42	STIM=0
1002716	42	RESP=1
1011632	42	STIM=m
1016463	42	RESP=1
1029303	42	STIM=a
1035490	42	RESP=1
1047143	42	STIM=i
1050824	42	RESP=1
1065103	42	STIM=c
1072216	42	RESP=1
1083844	42	STIM=u
1087563	42	RESP=1
1101711	42	STIM=b
1106759	42	RESP=1
1116906	42	STIM=q
1121050	42	RESP=1
1132811	42	STIM=v
1138067	42	RESP=1
1149010	42	STIM=c
1152561	42	RESP=1
1165814	42	STIM=4
1172099	42	RESP=2
1182149	42	STIM=1
1186149	42	RESP=2
1200346	42	STIM=6
1205980	42	RESP=1
1218189	42	STIM=1
1223958	42	RESP=2
1236526	42	STIM=0
1240935	42	RESP=2
1252916	42	STIM=j
1260371	42	RESP=1
1269208	42	STIM=v
1276854	42	RESP=1
1285619	42	STIM=f
1290920	42	RESP=1
1303370	42	STIM=r
1306898	42	RESP=1
1321393	42	STIM=c
1325302	42	RESP=1
1337997	42	STIM=w
1340799	42	RESP=1
1356215	42	STIM=2
1361207	42	RESP=1
1372392	42	STIM=z
1377574	42	RESP=1
1390106	42	STIM=4
1394356	42	RESP=2
1408187	42	STIM=j
1413117	42	RESP=1
1426890	42	STIM=y
1435052	42	RESP=1
1442406	42	STIM=a
1446606	42	RESP=1
1460550	42	STIM=l
1467805	42	RESP=1
1477479	42	STIM=t
1480810	42	RESP=1
1493359	42	STIM=w
1496983	42	RESP=1
1510363	42	STIM=e
1517926	42	RESP=1
1527809	42	STIM=u
1534354	42	RESP=1
1546497	42	STIM=g
1553118	42	RESP=1
1562000	42	STIM=y
1572901	42	RESP=1
1578096	42	STIM=l
1581512	42	RESP=1
1596334	42	STIM=a
1600397	42	RESP=1
1613966	42	STIM=j
1618373	42	RESP=1
1629637	42	STIM=g
1635726	42	RESP=1
1645239	42	STIM=d
1650227	42	RESP=1
1663636	42	STIM=w
1669351	42	RESP=1
1680067	42	STIM=z
1686398	42	RESP=1
1696733	42	STIM=a
1701301	42	RESP=1
1713134	42	STIM=k
1721503	42	RESP=2
1731342	42	STIM=n
1735502	42	RESP=1
1749182	42	STIM=p
1753618	42	RESP=1
1767770	42	STIM=c
1774318	42	RESP=1
1784090	42	STIM=s
1788659	42	RESP=1
1799465	42	STIM=2
1803618	42	RESP=2
1815815	42	STIM=t
1821407	42	RESP=1
1831524	42	STIM=c
1835070	42	RESP=1
1849400	42	STIM=q
1853092	42	RESP=1
1865667	42	STIM=d
1870749	42	RESP=1
1883694	42	STIM=b
1886725	42	RESP=1
1901478	42	STIM=t
1904291	42	RESP=1
1917034	42	STIM=y
1923603	42	RESP=1
1935507	42	STIM=c
1941436	42	RESP=1
1952269	42	STIM=3
1960932	42	RESP=2
1969760	42	STIM=4
1976342	42	RESP=2
1987598	42	STIM=1
1991964	42	RESP=2
2003232	42	STIM=u
2010457	42	RESP=1
2021569	42	STIM=q
2025968	42	RESP=1
2039686	42	STIM=i
2044025	42	RESP=1
2057707	42	STIM=f
2064037	42	RESP=1
2075996	42	STIM=x
2084346	42	RESP=1
2094670	42	STIM=o
2098630	42	RESP=1
2111821	42	STIM=1
2122549	42	RESP=2
2129831	42	STIM=t
2135218	42	RESP=1
2145331	42	STIM=p
2152677	42	RESP=1
2160765	42	STIM=b
2163704	42	RESP=1
2178882	42	STIM=l
2182031	42	RESP=1
2195284	42	STIM=x
2200632	42	RESP=1
2211648	42	STIM=z
2219113	42	RESP=1
2229051	42	STIM=r
2232465	42	RESP=1
2244235	42	STIM=8
2251561	42	RESP=2
2259578	42	STIM=l
2263292	42	RESP=1
2274607	42	STIM=p
2278546	42	RESP=1
2293564	42	STIM=y
2297207	42	RESP=1
2312014	42	STIM=n
2316242	42	RESP=2
2328877	42	STIM=j
2332481	42	RESP=1
2344858	42	STIM=y
2349799	42	RESP=1
2360094	42	STIM=x
2363695	42	RESP=1
2378780	42	STIM=m
2383196	42	RESP=1
2397650	42	STIM=z
2401157	42	RESP=2
2416428	42	STIM=h
2420815	42	RESP=1
2432864	42	STIM=y
2439094	42	RESP=1
2449494	42	STIM=k
2455414	42	RESP=1
2467480	42	STIM=z
2471225	42	RESP=1
2486255	42	STIM=u
2490103	42	RESP=1
2501256	42	STIM=j
2505406	42	RESP=1
2517368	42	STIM=z
2528867	42	RESP=1
2535858	42	STIM=7
2540657	42	RESP=2
2550947	42	STIM=n
2555441	42	RESP=1
2568387	42	STIM=3
2575445	42	RESP=2
2585247	42	STIM=p
2588204	42	RESP=1
2600826	42	STIM=6
2606107	42	RESP=2
2617124	42	STIM=s
2621535	42	RESP=1
2634896	42	STIM=t
2642817	42	RESP=1
2653356	42	STIM=d
2659179	42	RESP=1
2668856	42	STIM=k
2672024	42	RESP=1
2686200	42	STIM=q
2693898	42	RESP=1
2703525	42	STIM=f
2706535	42	RESP=1
2719110	42	STIM=l
2723578	42	RESP=1
2735473	42	STIM=2
2740213	42	RESP=2
2753105	42	STIM=p
2757086	42	RESP=1
2771529	42	STIM=p
2774496	42	RESP=1
2788610	42	STIM=j
2793692	42	RESP=1
2805164	42	STIM=q
2813144	42	RESP=2
2823518	42	STIM=j
2828024	42	RESP=1
2840449	42	STIM=z
2844985	42	RESP=1
2855507	42	STIM=c
2859328	42	RESP=1
2872161	42	STIM=d
2875246	42	RESP=1
2890203	42	STIM=h
2893165	42	RESP=1
2905845	42	STIM=a
2909197	42	RESP=2
2922397	42	STIM=j
2928950	42	RESP=2
2939208	42	STIM=w
2945003	42	RESP=1
2954783	42	STIM=l
2959499	42	RESP=1
2972961	42	STIM=q
2976101	42	RESP=1
2990768	42	STIM=1
2996567	42	RESP=2
3008793	42	STIM=j
3012487	42	RESP=1
3024783	42	STIM=0
3029731	42	RESP=2
3042089	42	STIM=b
3048217	42	RESP=1
3060609	42	STIM=w
3064940	42	RESP=1
3079209	42	STIM=k
3084101	42	RESP=1
3097333	42	STIM=2
3102707	42	RESP=2
3115997	42	STIM=o
3121511	42	RESP=1
3132216	42	STIM=4
3137343	42	RESP=2
3149157	42	STIM=l
3153437	42	RESP=1
3165757	42	STIM=9
3173184	42	RESP=2
3183356	42	STIM=8
3187023	42	RESP=2
3201630	42	STIM=f
3206502	42	RESP=1
3219572	42	STIM=5
3223435	42	RESP=2
3234912	42	STIM=4
3240438	42	RESP=2
3253126	42	STIM=h
3256807	42	RESP=1
3268653	42	STIM=c
3273540	42	RESP=1
3287554	42	STIM=q
3290120	42	RESP=1
3306531	42	STIM=j
3310549	42	RESP=1
3324672	42	STIM=e
3328721	42	RESP=1
3343324	42	STIM=a
3347927	42	RESP=1
3361661	42	STIM=o
3366168	42	RESP=1
3380287	42	STIM=w
3383940	42	RESP=1
3397366	42	STIM=q
3402698	42	RESP=1
3414642	42	STIM=9
3420202	42	RESP=2
3431093	42	STIM=t
3433976	42	RESP=1
3449439	42	STIM=w
3453439	42	RESP=1
3466877	42	STIM=o
3472005	42	RESP=1
3484897	42	STIM=1
3490523	42	RESP=2
3502236	42	STIM=e
3505867	42	RESP=1
3519388	42	STIM=h
3523979	42	RESP=1
3534921	42	STIM=g
3538975	42	RESP=1
3551056	42	STIM=p
3555578	42	RESP=1
3568328	42	STIM=k
3573326	42	RESP=2
3584239	42	STIM=a
3587854	42	RESP=1
3601678	42	STIM=c
3606451	42	RESP=1
3619831	42	STIM=3
3627438	42	RESP=2
3635267	42	STIM=e
3643018	42	RESP=1
3651009	42	STIM=i
3657040	42	RESP=1
3668038	42	STIM=i
3673660	42	RESP=1
3685025	42	STIM=0
3692473	42	RESP=2
3703777	42	STIM=j
3710505	42	RESP=1
3720490	42	STIM=o
3724725	42	RESP=1
3737447	42	STIM=6
3742047	42	RESP=2
3754850	42	STIM=9
3758863	42	RESP=2
3770680	42	STIM=y
3775152	42	RESP=1
3788120	42	STIM=k
3792886	42	RESP=1
3804954	42	STIM=f
3810529	42	RESP=1
3821959	42	STIM=b
3833078	42	RESP=1
3839239	42	STIM=x
3844806	42	RESP=1
3856406	42	STIM=d
3862578	42	RESP=1
3874109	42	STIM=h
3878675	42	RESP=1
3892791	42	STIM=1
3899438	42	RESP=2
3909117	42	STIM=0
3914798	42	RESP=2
3927957	42	STIM=j
3933121	42	RESP=1
3945266	42	STIM=c
3949171	42	RESP=1
3962622	42	STIM=x
3967619	42	RESP=1
3980630	42	STIM=8
3988681	42	RESP=2
3998641	42	STIM=q
4002556	42	RESP=1
4016901	42	STIM=a
4023689	42	RESP=1
4033646	42	STIM=e
4039637	42	RESP=1
4050180	42	STIM=c
4055558	42	RESP=1
4065574	42	STIM=x
4070520	42	RESP=1
4082402	42	STIM=g
4086784	42	RESP=1
4099309	42	STIM=z
4102401	42	RESP=1
4116303	42	STIM=k
4120100	42	RESP=1
4131899	42	STIM=b
4135065	42	RESP=1
4148516	42	STIM=5
4154880	42	RESP=2
4165271	42	STIM=h
4168380	42	RESP=1
4184243	42	STIM=3
4189155	42	RESP=2
4201270	42	STIM=k
4204748	42	RESP=1
4220083	42	STIM=q
4225224	42	RESP=1
4238266	42	STIM=h
4243364	42	RESP=1
4255385	42	STIM=6
4259170	42	RESP=2
4272632	42	STIM=o
4275397	42	RESP=1
4289063	42	STIM=g
4294125	42	RESP=1
4306953	42	STIM=a
4314892	42	RESP=1
4325610	42	STIM=m
4331841	42	RESP=1
4342285	42	STIM=3
4351231	42	RESP=2
4360249	42	STIM=l
4365180	42	RESP=1
4377923	42	STIM=r
4388177	42	RESP=1
4393204	42	STIM=i
4401407	42	RESP=1
4411283	42	STIM=r
4416574	42	RESP=1
4428147	42	STIM=b
4434072	42	RESP=1
4443603	42	STIM=f
4449860	42	RESP=1
4459359	42	STIM=j
4465178	42	RESP=1
4476911	42	STIM=1
4481261	42	RESP=1
4495510	42	STIM=k
4498860	42	RESP=1
4513704	42	STIM=x
4521721	42	RESP=1
4530949	42	STIM=d
4537326	42	RESP=1
4549488	42	STIM=p
4552812	42	RESP=2
4564643	42	STIM=m
4567791	42	RESP=1
4582098	42	STIM=d
4587392	42	RESP=1
4600987	42	STIM=s
4604516	42	RESP=1
4619659	42	STIM=t
4624499	42	RESP=1
4635470	42	STIM=4
4643467	42	RESP=2
4652068	42	STIM=o
4655850	42	RESP=1
4669497	42	STIM=c
4673277	42	RESP=1
4686726	42	STIM=m
4690398	42	RESP=1
4704952	42	STIM=6
4712184	42	RESP=1
4721750	42	STIM=f
4724997	42	RESP=1
4737214	42	STIM=h
4742231	42	RESP=1
4753056	42	STIM=m
4759319	42	RESP=1
4769545	42	STIM=a
4773791	42	RESP=1
4787565	42	STIM=n
4791063	42	RESP=1
4803327	42	STIM=a
4808770	42	RESP=1
4821234	42	STIM=a
4824670	42	RESP=1
4837467	42	STIM=d
4841039	42	RESP=1
4853155	42	STIM=0
4857581	42	RESP=2
4871973	42	STIM=4
4877088	42	RESP=2
4888817	42	STIM=3
4892999	42	RESP=2
4904048	42	STIM=f
4907311	42	RESP=1
4920051	42	STIM=l
4923033	42	RESP=1
4935276	42	STIM=j
4940401	42	RESP=1
4950322	42	STIM=1
4954609	42	RESP=1
4966146	42	STIM=x
4970345	42	RESP=1
4984764	42	STIM=a
4987352	42	RESP=1
4999911	42	STIM=m
5004896	42	RESP=1
5014965	42	STIM=w
5018646	42	RESP=1
5030940	42	STIM=f
5033890	42	RESP=1
5049850	42	STIM=u
5056553	42	RESP=1
5065359	42	STIM=e
5068931	42	RESP=1
5081028	42	STIM=a
5085466	42	RESP=1
5097390	42	STIM=o
5101489	42	RESP=1
5114085	42	STIM=d
5119273	42	RESP=1
5130123	42	STIM=q
5137445	42	RESP=1
5145734	42	STIM=m
5149560	42	RESP=1
5160844	42	STIM=e
5167664	42	RESP=1
5176517	42	STIM=x
5179314	42	RESP=1
5191757	42	STIM=x
5196883	42	RESP=1
5209998	42	STIM=6
5214537	42	RESP=2
5225151	42	STIM=e
5229768	42	RESP=1
5240216	42	STIM=d
5247368	42	RESP=2
5257993	42	STIM=k
5264526	42	RESP=1
5274632	42	STIM=k
5278109	42	RESP=1
5291870	42	STIM=z
5295603	42	RESP=1
5309825	42	STIM=4
5316376	42	RESP=2
5325029	42	STIM=7
5330213	42	RESP=2
5341137	42	STIM=i
5344178	42	RESP=1
5358030	42	STIM=u
5361799	42	RESP=1
5375572	42	STIM=p
5383733	42	RESP=1
5393706	42	STIM=c
5398068	42	RESP=1
5408783	42	STIM=s
5411421	42	RESP=1
5424308	42	STIM=z
5429138	42	RESP=1
5440885	42	STIM=o
5445711	42	RESP=1
5458065	42	STIM=a
5461527	42	RESP=1
5475115	42	STIM=s
5484381	42	RESP=1
5493690	42	STIM=9
5499088	42	RESP=1
5512226	42	STIM=n
5516276	42	RESP=1
5531086	42	STIM=e
5536538	42	RESP=1
5548056	42	STIM=2
5551274	42	RESP=2
5565971	42	STIM=i
5569015	42	RESP=1
5584564	42	STIM=p
5587858	42	RESP=1
5601437	42	STIM=0
5609766	42	RESP=2
5617124	42	STIM=1
5623116	42	RESP=2
5633407	42	STIM=e
5638020	42	RESP=1
5649013	42	STIM=w
5654029	42	RESP=1
5666304	42	STIM=5
5670658	42	RESP=2
5682882	42	STIM=w
5686250	42	RESP=1
5697890	42	STIM=c
5702629	42	RESP=1
5713901	42	STIM=3
5719559	42	RESP=2
5732698	42	STIM=i
5738755	42	RESP=1
5748469	42	STIM=s
5755792	42	RESP=1
5764553	42	STIM=3
5770114	42	RESP=2
5781215	42	STIM=y
5786620	42	RESP=1
5797485	42	STIM=v
5803477	42	RESP=1
5814049	42	STIM=q
5817401	42	RESP=1
5831985	42	STIM=p
5835880	42	RESP=2
5848365	42	STIM=l
5853552	42	RESP=1
5865933	42	STIM=l
5871269	42	RESP=1
5881024	42	STIM=x
5883933	42	RESP=1
5896717	42	STIM=0
5900585	42	RESP=2
5912935	42	STIM=0
5917468	42	RESP=2
5930363	42	STIM=2
5933428	42	RESP=2
5947429	42	STIM=2
5953615	42	RESP=2
5964476	42	STIM=4
5968928	42	RESP=2
5981049	42	STIM=p
5985549	42	RESP=1
5998754	42	STIM=9
6005328	42	RESP=2
6015302	42	STIM=x
6019106	42	RESP=1
6033334	42	STIM=2
6039131	42	RESP=2
6050294	42	STIM=h
6054586	42	RESP=1
6068397	42	STIM=t
6073850	42	RESP=1
6086742	42	STIM=h
6089183	42	RESP=2
6103687	42	STIM=g
6106835	42	RESP=1
6122349	42	STIM=f
6125792	42	RESP=1
6139969	42	STIM=z
6143603	42	RESP=1
6158585	42	STIM=5
6165525	42	RESP=2
6175318	42	STIM=o
6178206	42	RESP=1
6190692	42	STIM=j
6195916	42	RESP=1
6209335	42	STIM=z
6218516	42	RESP=2
6225184	42	STIM=n
6229480	42	RESP=1
6241223	42	STIM=6
6248172	42	RESP=2
6257825	42	STIM=s
6262594	42	RESP=1
6274127	42	STIM=y
6283919	42	RESP=1
6289656	42	STIM=d
6295999	42	RESP=1
6305189	42	STIM=v
6309164	42	RESP=1
6321603	42	STIM=m
6324654	42	RESP=1
6340570	42	STIM=2
6349688	42	RESP=2
6358425	42	STIM=4
6362418	42	RESP=1
6376215	42	STIM=4
6380563	42	RESP=2
6392889	42	STIM=0
6397845	42	RESP=2
6410175	42	STIM=5
6416831	42	RESP=2
6426952	42	STIM=u
6430222	42	RESP=1
6443813	42	STIM=x
6449548	42	RESP=1
6460681	42	STIM=o
6466770	42	RESP=1
6477609	42	STIM=3
6485170	42	RESP=2
6493401	42	STIM=i
6497091	42	RESP=1
6509447	42	STIM=5
6516023	42	RESP=2
6525486	42	STIM=p
6531285	42	RESP=1
6540681	42	STIM=u
6546367	42	RESP=1
6559162	42	STIM=e
6562443	42	RESP=1
6576959	42	STIM=h
6580656	42	RESP=1
6593579	42	STIM=y
6597709	42	RESP=1
6609355	42	STIM=x
6617958	42	RESP=1
6624392	42	STIM=y
6629676	42	RESP=1
6641329	42	STIM=7
6645656	42	RESP=2
6657671	42	STIM=m
6661130	42	RESP=1
6673134	42	STIM=a
6677802	42	RESP=1
6691927	42	STIM=o
6694897	42	RESP=1
6707852	42	STIM=9
6712015	42	RESP=2
6725750	42	STIM=n
6729730	42	RESP=1
6743533	42	STIM=u
6747080	42	RESP=1
6759373	42	STIM=1
6766504	42	RESP=2
6777346	42	STIM=e
6780571	42	RESP=1
6796114	42	STIM=h
6802061	42	RESP=1
6812854	42	STIM=c
6816636	42	RESP=1
6829996	42	STIM=d
6834676	42	RESP=1
6848238	42	STIM=4
6853798	42	RESP=2
6864782	42	STIM=s
6869521	42	RESP=1
6880860	42	STIM=z
6886617	42	RESP=1
6898137	42	STIM=8
6903916	42	RESP=1
6914002	42	STIM=w
6916867	42	RESP=1
6932612	42	STIM=v
6936960	42	RESP=1
6949685	42	STIM=u
6953909	42	RESP=1
6967381	42	STIM=b
6971835	42	RESP=1
6985529	42	STIM=g
6990813	42	RESP=1
7002765	42	STIM=s
7013586	42	RESP=1
7021189	42	STIM=h
7025543	42	RESP=1
7038601	42	STIM=i
7041873	42	RESP=1
7055430	42	STIM=l
7062350	42	RESP=1
7072987	42	STIM=0
7080395	42	RESP=2
7088624	42	STIM=q
7092522	42	RESP=1
7106395	42	STIM=e
7112529	42	RESP=1
7121784	42	STIM=z
7125690	42	RESP=1
7136791	42	STIM=b
7140567	42	RESP=1
7152920	42	STIM=e
7156098	42	RESP=1
7170631	42	STIM=r
7178570	42	RESP=1
7185887	42	STIM=z
7190067	42	RESP=1
7203198	42	STIM=s
7210103	42	RESP=1
7218710	42	STIM=0
7225064	42	RESP=2
7234183	42	STIM=5
7239626	42	RESP=2
7251908	42	STIM=8
7259444	42	RESP=2
7268087	42	STIM=h
7271975	42	RESP=1
7284760	42	STIM=x
7290676	42	RESP=1
7299955	42	STIM=4
7306634	42	RESP=2
7318819	42	STIM=w
7322682	42	RESP=1
7335968	42	STIM=y
7339167	42	RESP=1
7352629	42	STIM=5
7360444	42	RESP=2
7368766	42	STIM=b
7373960	42	RESP=1
7384033	42	STIM=q
7387207	42	RESP=1
7401331	42	STIM=h
7404863	42	RESP=1
7419384	42	STIM=j
7422140	42	RESP=1
7435471	42	STIM=a
7443233	42	RESP=1
7452964	42	STIM=h
7456582	42	RESP=1
7469060	42	STIM=w
7474815	42	RESP=1
7485957	42	STIM=o
7493301	42	RESP=1
7503810	42	STIM=5
7511403	42	RESP=2
7521204	42	STIM=x
7524067	42	RESP=1
7538960	42	STIM=5
7544320	42	RESP=2
7556018	42	STIM=5
7561553	42	RESP=1
7572909	42	STIM=y
7577959	42	RESP=1
7589481	42	STIM=h
7597001	42	RESP=1
7608175	42	STIM=b
7610651	42	RESP=1
7623761	42	STIM=e
7629040	42	RESP=1
7639738	42	STIM=k
7649101	42	RESP=1
7658081	42	STIM=x
7661527	42	RESP=1
7673236	42	STIM=v
7676001	42	RESP=1
7689307	42	STIM=g
7695702	42	RESP=1
7706037	42	STIM=x
7710625	42	RESP=1
7723257	42	STIM=t
7728921	42	RESP=1
7740947	42	STIM=e
7746471	42	RESP=1
7756058	42	STIM=u
7766481	42	RESP=1
7773849	42	STIM=f
7780531	42	RESP=1
7789582	42	STIM=6
7794451	42	RESP=2
7808327	42	STIM=o
7813628	42	RESP=1
7825442	42	STIM=e
7832339	42	RESP=1
7843725	42	STIM=x
7847914	42	RESP=1
7859141	42	STIM=y
7864332	42	RESP=1
7874570	42	STIM=s
7877163	42	RESP=1
7892809	42	STIM=m
7897863	42	RESP=1
7909517	42	STIM=j
7914899	42	RESP=1
7924653	42	STIM=o
7930137	42	RESP=1
7941025	42	STIM=k
7949042	42	RESP=1
7958064	42	STIM=r
7961515	42	RESP=1
7977034	42	STIM=w
7983440	42	RESP=1
7994855	42	STIM=t
8001112	42	RESP=1
8010995	42	STIM=b
8015545	42	RESP=1
8026089	42	STIM=u
8033593	42	RESP=1
8043237	42	STIM=8
8046729	42	RESP=2
8059426	42	STIM=n
8068190	42	RESP=1
8078344	42	STIM=r
8083348	42	RESP=1
8095652	42	STIM=e
8102635	42	RESP=1
8110827	42	STIM=s
8114364	42	RESP=1
8127344	42	STIM=3
8131694	42	RESP=2
8143449	42	STIM=y
8148894	42	RESP=1
8160498	42	STIM=1
8165753	42	RESP=2
8176172	42	STIM=f
8185510	42	RESP=1
8192403	42	STIM=j
8197494	42	RESP=1
8208093	42	STIM=w
8214034	42	RESP=2
8223256	42	STIM=d
8226915	42	RESP=1
8239260	42	STIM=w
8242580	42	RESP=1
8255467	42	STIM=g
8258340	42	RESP=1
8272998	42	STIM=m
8281927	42	RESP=1
8290247	42	STIM=l
8294029	42	RESP=1
8305455	42	STIM=p
8308814	42	RESP=1
8323284	42	STIM=t
8329791	42	RESP=1
8340847	42	STIM=c
8347691	42	RESP=1
8358001	42	STIM=h
8360706	42	RESP=1
8373239	42	STIM=p
8377867	42	RESP=1
8388810	42	STIM=u
8396245	42	RESP=1
8407138	42	STIM=w
8411770	42	RESP=1
8424338	42	STIM=5
8429933	42	RESP=2
8442304	42	STIM=x
8448685	42	RESP=1
8461246	42	STIM=d
8464343	42	RESP=1
8479187	42	STIM=j
8485569	42	RESP=1
8495057	42	STIM=u
8499372	42	RESP=1
8512914	42	STIM=z
8518700	42	RESP=1
8531158	42	STIM=a
8536448	42	RESP=1
8548552	42	STIM=h
8551761	42	RESP=1
8563568	42	STIM=p
8566362	42	RESP=1
8581749	42	STIM=b
8588202	42	RESP=1
8596973	42	STIM=o
8602991	42	RESP=1
8614878	42	STIM=5
8620876	42	RESP=1
8633345	42	STIM=7
8638968	42	RESP=2
8649421	42	STIM=8
8657057	42	RESP=2
8666816	42	STIM=a
8675641	42	RESP=1
8682104	42	STIM=n
8685506	42	RESP=1
8698996	42	STIM=o
8707175	42	RESP=1
8717013	42	STIM=a
8721580	42	RESP=1
8733351	42	STIM=q
8737907	42	RESP=1
8751713	42	STIM=z
8757571	42	RESP=1
8770004	42	STIM=i
8772928	42	RESP=1
8785011	42	STIM=y
8788589	42	RESP=1
8801876	42	STIM=j
8809372	42	RESP=1
8817023	42	STIM=e
8824142	42	RESP=1
8833586	42	STIM=n
8838516	42	RESP=1
8849732	42	STIM=3
8853793	42	RESP=2
8868351	42	STIM=y
8872467	42	RESP=1
8883727	42	STIM=r
8889346	42	RESP=1
8902057	42	STIM=a
8907066	42	RESP=1
8919778	42	STIM=y
8923446	42	RESP=1
8937966	42	STIM=u
8940837	42	RESP=1
8955273	42	STIM=e
8958539	42	RESP=1
8971952	42	STIM=n
8977912	42	RESP=1
8987616	42	STIM=e
8991254	42	RESP=1
9005782	42	STIM=9
9015944	42	RESP=2
9021677	42	STIM=h
9026428	42	RESP=1
9037290	42	STIM=8
9042066	42	RESP=2
9052419	42	STIM=8
9057295	42	RESP=2
9067892	42	STIM=r
9071801	42	RESP=1
9084639	42	STIM=9
9090953	42	RESP=2
9103222	42	STIM=k
9113869	42	RESP=1
9120406	42	STIM=n
9126542	42	RESP=1
9137068	42	STIM=m
9141542	42	RESP=1
9153863	42	STIM=d
9157883	42	RESP=1
9169470	42	STIM=5
9175362	42	RESP=2
9186770	42	STIM=s
9189567	42	RESP=1
9205449	42	STIM=8
9210143	42	RESP=2
9222550	42	STIM=q
9228199	42	RESP=1
9237835	42	STIM=o
9245168	42	RESP=2
9253806	42	STIM=s
9257771	42	RESP=1
9271205	42	STIM=w
9276426	42	RESP=1
9290028	42	STIM=w
9294440	42	RESP=1
9306891	42	STIM=w
9311693	42	RESP=1
9323669	42	STIM=h
9327235	42	RESP=1
9342167	42	STIM=6
9348336	42	RESP=2
9359538	42	STIM=f
9362615	42	RESP=1
9378533	42	STIM=7
9384334	42	RESP=1
9393909	42	STIM=s
9397114	42	RESP=1
9409805	42	STIM=l
9418624	42	RESP=1
9427881	42	STIM=e
9434575	42	RESP=1
9443146	42	STIM=g
9447133	42	RESP=1
9461448	42	STIM=m
9466268	42	RESP=1
9479904	42	STIM=s
9484593	42	RESP=1
9498397	42	STIM=m
9501128	42	RESP=1
9515467	42	STIM=h
9518076	42	RESP=1
9531254	42	STIM=p
9533996	42	RESP=1
9548437	42	STIM=c
9552442	42	RESP=1
9565470	42	STIM=g
9568446	42	RESP=1
9583921	42	STIM=l
9588134	42	RESP=1
9601295	42	STIM=6
9608294	42	RESP=2
9616987	42	STIM=v
9619912	42	RESP=1
9635266	42	STIM=d
9639761	42	RESP=1
9652763	42	STIM=9
9658663	42	RESP=2
9668389	42	STIM=r
9677849	42	RESP=1
9686872	42	STIM=l
9694685	42	RESP=1
9702922	42	STIM=l
9712614	42	RESP=1
9719569	42	STIM=d
9724383	42	RESP=1
9736845	42	STIM=z
9741763	42	RESP=1
9754525	42	STIM=b
9759250	42	RESP=1
9772397	42	STIM=c
9780037	42	RESP=1
9789651	42	STIM=m
9795107	42	RESP=1
9804993	42	STIM=z
9808612	42	RESP=1
9822303	42	STIM=9
9827500	42	RESP=2
9840188	42	STIM=h
9845755	42	RESP=1
9856499	42	STIM=g
9861325	42	RESP=1
9874507	42	STIM=o
9881694	42	RESP=2
9891042	42	STIM=k
9897746	42	RESP=1
9908959	42	STIM=y
9914158	42	RESP=1
9927822	42	STIM=l
9931045	42	RESP=1
9946078	42	STIM=1
9952598	42	RESP=2
9963688	42	STIM=l
9968174	42	RESP=1
9980242	42	STIM=w
9984089	42	RESP=1
9995543	42	STIM=5
10000167	42	RESP=2
10014205	42	STIM=p
10019087	42	RESP=1
10030354	42	STIM=c
10038217	42	RESP=1
10045793	42	STIM=g
10053697	42	RESP=1
10060897	42	STIM=l
10067338	42	RESP=1
10078052	42	STIM=g
10081991	42	RESP=1
10094729	42	STIM=b
10097269	42	RESP=1
10112049	42	STIM=s
10118800	42	RESP=1
10127843	42	STIM=0
10134687	42	RESP=2
10145013	42	STIM=6
10148633	42	RESP=2
10161378	42	STIM=2
10171410	42	RESP=2
10176586	42	STIM=v
10179908	42	RESP=1
10192713	42	STIM=k
10197977	42	RESP=1
10211347	42	STIM=d
10215494	42	RESP=1
10226720	42	STIM=2
10235251	42	RESP=2
10243820	42	STIM=v
10247457	42	RESP=1
10260832	42	STIM=w
10266446	42	RESP=1
10278340	42	STIM=e
10283738	42	RESP=1
10295884	42	STIM=b
10305265	42	RESP=1
10312711	42	STIM=g
10316980	42	RESP=1
10328712	42	STIM=y
10336581	42	RESP=1
10347025	42	STIM=1
10353107	42	RESP=2
10364229	42	STIM=w
10368914	42	RESP=1
10381348	42	STIM=s
10386780	42	RESP=1
10398227	42	STIM=z
10403843	42	RESP=1
10414534	42	STIM=g
10417428	42	RESP=1
10429830	42	STIM=7
10434496	42	RESP=2
10446769	42	STIM=e
10455996	42	RESP=1
10463400	42	STIM=i
10466788	42	RESP=1
10480615	42	STIM=1
10484541	42	RESP=1
10499065	42	STIM=g
10504089	42	RESP=1
10515916	42	STIM=u
10519838	42	RESP=1
10532292	42	STIM=r
10536898	42	RESP=1
10550362	42	STIM=e
10556460	42	RESP=1
10569109	42	STIM=j
10575298	42	RESP=1
10586940	42	STIM=v
10593478	42	RESP=1
10602776	42	STIM=v
10606173	42	RESP=1
10620621	42	STIM=5
10626683	42	RESP=2
10639283	42	STIM=a
10643559	42	RESP=1
10656746	42	STIM=j
10660336	42	RESP=1
10674705	42	STIM=l
10678696	42	RESP=1
10692666	42	STIM=k
10696226	42	RESP=1
10711640	42	STIM=q
10718029	42	RESP=1
10730498	42	STIM=3
10737750	42	RESP=2
10748914	42	STIM=d
10751489	42	RESP=1
10766181	42	STIM=a
10768834	42	RESP=1
10784531	42	STIM=k
10790498	42	RESP=1
10800310	42	STIM=q
10803660	42	RESP=1
10816795	42	STIM=j
10825689	42	RESP=1
10831942	42	STIM=p
10839191	42	RESP=1
10847777	42	STIM=u
10854200	42	RESP=1
10863531	42	STIM=1
10868068	42	RESP=2
10879500	42	STIM=a
10883368	42	RESP=1
10897033	42	STIM=u
10905865	42	RESP=1
10915187	42	STIM=7
10919169	42	RESP=1
10932670	42	STIM=g
10939110	42	RESP=1
10949820	42	STIM=1
10955277	42	RESP=1
10965994	42	STIM=w
10970980	42	RESP=1
10984798	42	STIM=g
10988182	42	RESP=1
11003523	42	STIM=x
11008526	42	RESP=1
11020584	42	STIM=z
11024689	42	RESP=1
11035743	42	STIM=8
11040238	42	RESP=2
11054400	42	STIM=9
11057903	42	RESP=2
11072474	42	STIM=l
11077631	42	RESP=1
11089194	42	STIM=8
11095806	42	RESP=2
11104499	42	STIM=n
11110036	42	RESP=1
11122298	42	STIM=1
11126707	42	RESP=2
11138575	42	STIM=m
11145896	42	RESP=1
11155263	42	STIM=z
11162784	42	RESP=1
11173112	42	STIM=f
11179743	42	RESP=1
11190662	42	STIM=r
11194276	42	RESP=1
11205730	42	STIM=y
11209778	42	RESP=1
11222211	42	STIM=d
11225296	42	RESP=1
11238261	42	STIM=u
11241748	42	RESP=1
11253430	42	STIM=9
11258918	42	RESP=2
11271796	42	STIM=y
11276223	42	RESP=1
11288326	42	STIM=m
11292261	42	RESP=1
11306224	42	STIM=r
11312668	42	RESP=1
11323250	42	STIM=7
11329839	42	RESP=2
11341663	42	STIM=7
11345159	42	RESP=1
11357143	42	STIM=s
11361367	42	RESP=1
11374459	42	STIM=r
11376918	42	RESP=1
11392714	42	STIM=u
11399493	42	RESP=1
11411048	42	STIM=e
11414790	42	RESP=1
11426095	42	STIM=t
11429585	42	RESP=2
11442876	42	STIM=i
11447215	42	RESP=1
11460521	42	STIM=j
11470048	42	RESP=1
11476563	42	STIM=1
11480919	42	RESP=2
11493950	42	STIM=n
11497363	42	RESP=1
11512611	42	STIM=j
11518101	42	RESP=1
11528970	42	STIM=8
11533663	42	RESP=2
11545189	42	STIM=2
11553551	42	RESP=2
11562784	42	STIM=7
11567447	42	RESP=2
11579127	42	STIM=h
11581817	42	RESP=1
11597744	42	STIM=m
11600986	42	RESP=1
11613833	42	STIM=u
11616461	42	RESP=1
11630721	42	STIM=x
11639947	42	RESP=1
11648795	42	STIM=z
11657942	42	RESP=1
11664125	42	STIM=j
11671857	42	RESP=1
11679243	42	STIM=7
11683908	42	RESP=2
11696373	42	STIM=2
11703562	42	RESP=2
11711990	42	STIM=b
11715159	42	RESP=1
11729740	42	STIM=v
11737247	42	RESP=1
11746697	42	STIM=v
11750871	42	RESP=1
11762071	42	STIM=j
11766020	42	RESP=1
11780732	42	STIM=c
11787198	42	RESP=1
11797079	42	STIM=5
11801454	42	RESP=2
11816045	42	STIM=y
11819968	42	RESP=1
11832784	42	STIM=k
11836548	42	RESP=1
11851318	42	STIM=w
11856586	42	RESP=1
11869769	42	STIM=x
11877296	42	RESP=1
11884897	42	STIM=x
11890446	42	RESP=1
11900153	42	STIM=q
11904914	42	RESP=1
11915937	42	STIM=e
11919341	42	RESP=1
11932974	42	STIM=p
11937043	42	RESP=1
11949528	42	STIM=o
11953307	42	RESP=1
11966128	42	STIM=s
11970654	42	RESP=1
11982822	42	STIM=a
11985305	42	RESP=1
11999563	42	STIM=m
12006303	42	RESP=1
12016160	42	STIM=c
12019700	42	RESP=1
12033103	42	STIM=3
12041157	42	RESP=2
12049586	42	STIM=2
12055329	42	RESP=2
12066599	42	STIM=y
12071637	42	RESP=1
12085346	42	STIM=h
12093570	42	RESP=1
12103491	42	STIM=b
12107510	42	RESP=1
12120848	42	STIM=l
12123627	42	RESP=1
12136632	42	STIM=b
12139796	42	RESP=1
12152535	42	STIM=8
12158480	42	RESP=2
12171055	42	STIM=a
12175947	42	RESP=1
12187426	42	STIM=g
12195907	42	RESP=1
12206000	42	STIM=w
12208761	42	RESP=1
12224117	42	STIM=t
12226710	42	RESP=1
12240937	42	STIM=q
12245857	42	RESP=1
12258545	42	STIM=1
12265733	42	RESP=1
12276971	42	STIM=3
12281687	42	RESP=2
12292380	42	STIM=r
12297002	42	RESP=1
12309016	42	STIM=l
12312225	42	RESP=1
12327824	42	STIM=d
12335319	42	RESP=1
12345637	42	STIM=a
12350755	42	RESP=1
12363753	42	STIM=h
12368229	42	RESP=1
12381678	42	STIM=u
12384214	42	RESP=1
12397804	42	STIM=k
12404595	42	RESP=1
12416042	42	STIM=9
12420415	42	RESP=2
12433281	42	STIM=9
12437902	42	RESP=2
12450325	42	STIM=w
12453441	42	RESP=1
12468323	42	STIM=l
12472908	42	RESP=1
12485581	42	STIM=w
12489206	42	RESP=1
12500731	42	STIM=s
12509153	42	RESP=1
12517118	42	STIM=v
12523446	42	RESP=1
12534210	42	STIM=t
12539896	42	RESP=1
12552676	42	STIM=4
12557205	42	RESP=2
12570978	42	STIM=a
12575300	42	RESP=1
12588505	42	STIM=o
12593709	42	RESP=1
12603960	42	STIM=d
12609003	42	RESP=1
12619788	42	STIM=n
12626248	42	RESP=1
12637420	42	STIM=e
12644085	42	RESP=1
12655144	42	STIM=a
12658217	42	RESP=1
12672899	42	STIM=m
12677319	42	RESP=1
12689763	42	STIM=5
12695262	42	RESP=2
12707327	42	STIM=6
12713044	42	RESP=2
12723819	42	STIM=w
12728624	42	RESP=1
12739153	42	STIM=v
12742680	42	RESP=1
12757080	42	STIM=w
12762290	42	RESP=1
12774421	42	STIM=b
12778108	42	RESP=1
12789738	42	STIM=7
12795429	42	RESP=2
12805070	42	STIM=s
12809814	42	RESP=1
12823554	42	STIM=p
12829084	42	RESP=1
12840214	42	STIM=h
12845805	42	RESP=1
12857734	42	STIM=v
12861189	42	RESP=1
12874003	42	STIM=w
12878571	42	RESP=1
12892723	42	STIM=q
12897646	42	RESP=1
12907842	42	STIM=e
12911182	42	RESP=1
12925816	42	STIM=v
12931956	42	RESP=1
12943227	42	STIM=1
12947434	42	RESP=1
12962026	42	STIM=3
12967100	42	RESP=2
12978221	42	STIM=g
12982927	42	RESP=1
12993568	42	STIM=v
12996805	42	RESP=2
13008868	42	STIM=y
13014522	42	RESP=1
13024728	42	STIM=b
13028463	42	RESP=1
13042326	42	STIM=a
13047315	42	RESP=1
13060673	42	STIM=p
13065404	42	RESP=2
13077894	42	STIM=p
13081536	42	RESP=1
13095886	42	STIM=u
13100707	42	RESP=1
13113322	42	STIM=j
13116222	42	RESP=1
13131572	42	STIM=s
13136483	42	RESP=1
13148696	42	STIM=x
13153834	42	RESP=1
13164046	42	STIM=v
13167707	42	RESP=1
13179853	42	STIM=m
13186090	42	RESP=1
13197401	42	STIM=e
13200535	42	RESP=1
13215743	42	STIM=e
13230011	42	RESP=1
13232813	42	STIM=e
13241565	42	RESP=1
13249902	42	STIM=u
13254332	42	RESP=1
13268427	42	STIM=r
13276112	42	RESP=1
13284089	42	STIM=g
13287375	42	RESP=1
13300564	42	STIM=w
13307406	42	RESP=1
13319548	42	STIM=7
13325079	42	RESP=2
13334934	42	STIM=3
13338548	42	RESP=2
13351514	42	STIM=e
13355063	42	RESP=1
13368148	42	STIM=y
13374712	42	RESP=1
13386321	42	STIM=j
13391717	42	RESP=1
13404041	42	STIM=x
13407834	42	RESP=1
13422045	42	STIM=7
13426306	42	RESP=2
13437090	42	STIM=l
13442570	42	RESP=1
13452323	42	STIM=b
13457469	42	RESP=1
13470861	42	STIM=z
13474466	42	RESP=1
13488950	42	STIM=a
13492846	42	RESP=1
13505925	42	STIM=5
13519089	42	RESP=2
13521232	42	STIM=t
13529013	42	RESP=1
13540143	42	STIM=l
13546260	42	RESP=2
13557959	42	STIM=y
13562778	42	RESP=1
13575833	42	STIM=o
13580230	42	RESP=1
13593961	42	STIM=j
13597134	42	RESP=1
13611514	42	STIM=m
13614686	42	RESP=1
13627972	42	STIM=0
13632207	42	RESP=2
13644472	42	STIM=2
13649020	42	RESP=2
13661693	42	STIM=5
13668340	42	RESP=2
13678449	42	STIM=s
13681638	42	RESP=1
13697385	42	STIM=i
13701381	42	RESP=1
13712625	42	STIM=6
13716734	42	RESP=2
13730108	42	STIM=r
13735480	42	RESP=1
13748472	42	STIM=h
13753111	42	RESP=1
13764948	42	STIM=j
13768584	42	RESP=1
13782221	42	STIM=y
13790077	42	RESP=1
13798843	42	STIM=r
13801912	42	RESP=1
13816619	42	STIM=7
13822275	42	RESP=2
13833278	42	STIM=0
13836827	42	RESP=2
13851266	42	STIM=p
13856995	42	RESP=1
13867476	42	STIM=o
13870959	42	RESP=1
13886001	42	STIM=g
13892886	42	RESP=1
13904067	42	STIM=o
13908293	42	RESP=1
13920423	42	STIM=h
13923893	42	RESP=1
13938974	42	STIM=q
13942755	42	RESP=1
13957252	42	STIM=2
13962107	42	RESP=2
13974316	42	STIM=b
13981892	42	RESP=1
13990003	42	STIM=a
13994751	42	RESP=1
14005848	42	STIM=g
14010744	42	RESP=1
14024460	42	STIM=4
14031240	42	RESP=2
14043262	42	STIM=x
14048322	42	RESP=1
14059062	42	STIM=h
14065204	42	RESP=1
14076342	42	STIM=t
14080729	42	RESP=1
14094250	42	STIM=j
14099161	42	RESP=1
14109957	42	STIM=5
14115630	42	RESP=2
14128524	42	STIM=t
14131802	42	RESP=1
14145164	42	STIM=s
14148907	42	RESP=1
14162939	42	STIM=k
14166952	42	RESP=1
14180653	42	STIM=j
14185577	42	RESP=2
14198412	42	STIM=l
14202227	42	RESP=1
14213733	42	STIM=s
14216797	42	RESP=1
14228846	42	STIM=6
14232946	42	RESP=2
14243940	42	STIM=c
14248602	42	RESP=2
14262313	42	STIM=w
14264797	42	RESP=1
14279847	42	STIM=3
14284367	42	RESP=2
14296174	42	STIM=6
14301283	42	RESP=2
14315156	42	STIM=v
14321863	42	RESP=1
14332286	42	STIM=e
14335620	42	RESP=1
14348744	42	STIM=c
14353083	42	RESP=1
14365938	42	STIM=s
14368727	42	RESP=1
14380971	42	STIM=b
14396197	42	RESP=1
14396551	42	STIM=q
14401152	42	RESP=1
14413961	42	STIM=g
14416812	42	RESP=1
14432334	42	STIM=1
14440586	42	RESP=2
14450054	42	STIM=y
14453477	42	RESP=1
14466006	42	STIM=i
14471148	42	RESP=1
14482055	42	STIM=c
14486571	42	RESP=1
14497879	42	STIM=s
14500920	42	RESP=1
14514174	42	STIM=2
14519510	42	RESP=2
14532929	42	STIM=i
14538954	42	RESP=1
14550701	42	STIM=u
14553331	42	RESP=1
14566472	42	STIM=n
14570813	42	RESP=1
14585092	42	STIM=l
14589201	42	RESP=1
14603563	42	STIM=s
14607111	42	RESP=1
14621720	42	STIM=i
14625597	42	RESP=1
14638730	42	STIM=e
14641907	42	RESP=2
14656483	42	STIM=7
14663964	42	RESP=2
14674305	42	STIM=f
14681089	42	RESP=1
14691128	42	STIM=1
14694775	42	RESP=2
14709101	42	STIM=x
14714523	42	RESP=1
14727257	42	STIM=x
14733014	42	RESP=1
14744011	42	STIM=0
14749723	42	RESP=2
14761039	42	STIM=a
14765737	42	RESP=1
14779217	42	STIM=b
14782853	42	RESP=1
14798106	42	STIM=h
14803030	42	RESP=1
14814907	42	STIM=k
14819519	42	RESP=1
14831578	42	STIM=k
14835784	42	RESP=1
14850120	42	STIM=p
14854300	42	RESP=1
14867247	42	STIM=u
14870854	42	RESP=1
14885627	42	STIM=0
14892438	42	RESP=1
14900921	42	STIM=2
14905265	42	RESP=2
14917863	42	STIM=f
14922506	42	RESP=1
14936322	42	STIM=n
14943511	42	RESP=2
14952859	42	STIM=m
14955798	42	RESP=1
14970994	42	STIM=d
14975054	42	RESP=2
14989153	42	STIM=q
14994144	42	RESP=1
15006049	42	STIM=v
15012206	42	RESP=1
15023399	42	STIM=1
15027905	42	RESP=2
15040192	42	STIM=o
15043486	42	RESP=1
15056904	42	STIM=n
15061336	42	RESP=1
15074407	42	STIM=o
15077597	42	RESP=1
15092541	42	STIM=0
15098252	42	RESP=2
15110122	42	STIM=n
15115601	42	RESP=1
15126486	42	STIM=w
15130037	42	RESP=1
15143452	42	STIM=m
15149339	42	RESP=1
15162246	42	STIM=a
15169034	42	RESP=1
15177732	42	STIM=t
15180530	42	RESP=1
15196543	42	STIM=h
15199495	42	RESP=1
15214812	42	STIM=m
15219644	42	RESP=1
15231846	42	STIM=i
15236165	42	RESP=1
15247907	42	STIM=g
15253239	42	RESP=1
15264278	42	STIM=t
15268476	42	RESP=1
15280494	42	STIM=k
15284887	42	RESP=1
15297535	42	STIM=u
15300493	42	RESP=1
15316448	42	STIM=2
15323417	42	RESP=2
15332471	42	STIM=b
15337766	42	RESP=1
15349632	42	STIM=o
15354262	42	RESP=1
15368272	42	STIM=c
15371690	42	RESP=2
15383614	42	STIM=j
15386969	42	RESP=2
15399575	42	STIM=h
15405638	42	RESP=1
15416836	42	STIM=f
15425299	42	RESP=1
15432665	42	STIM=r
15439997	42	RESP=1
15450698	42	STIM=1
15458913	42	RESP=2
15467675	42	STIM=o
15471987	42	RESP=1
15485032	42	STIM=z
15488919	42	RESP=1
15502369	42	STIM=v
15507269	42	RESP=1
15518378	42	STIM=j
15523345	42	RESP=1
15534817	42	STIM=p
15538538	42	RESP=1
15549826	42	STIM=h
15554005	42	RESP=1
15565556	42	STIM=0
15570214	42	RESP=2
15583784	42	STIM=b
15591316	42	RESP=2
15599281	42	STIM=k
15602814	42	RESP=1
15617533	42	STIM=9
15621230	42	RESP=2
15633429	42	STIM=w
15641029	42	RESP=1
15650599	42	STIM=w
15655897	42	RESP=1
15666221	42	STIM=v
15672250	42	RESP=1
15682353	42	STIM=p
15687285	42	RESP=1
15699144	42	STIM=4
15703901	42	RESP=1
15715446	42	STIM=u
15720365	42	RESP=1
15731626	42	STIM=w
15735152	42	RESP=1
15749328	42	STIM=8
15755736	42	RESP=2
15764621	42	STIM=7
15768911	42	RESP=2
15783537	42	STIM=r
15787419	42	RESP=1
15801052	42	STIM=v
15804499	42	RESP=1
15819635	42	STIM=m
15823111	42	RESP=1
15837030	42	STIM=m
15840138	42	RESP=1
15853601	42	STIM=6
15856791	42	RESP=2
15871933	42	STIM=u
15877193	42	RESP=1
15887333	42	STIM=o
15891046	42	RESP=1
15905735	42	STIM=t
15908992	42	RESP=1
15921774	42	STIM=z
15925026	42	RESP=1
15940493	42	STIM=i
15944273	42	RESP=1
15956849	42	STIM=o
15962771	42	RESP=1
15972653	42	STIM=2
15977106	42	RESP=2
15989231	42	STIM=h
15997254	42	RESP=1
16008121	42	STIM=v
16011722	42	RESP=1
16026069	42	STIM=y
16028975	42	RESP=1
16042752	42	STIM=g
16046381	42	RESP=1
16058654	42	STIM=o
16063453	42	RESP=1
16077159	42	STIM=1
16084253	42	RESP=2
16092863	42	STIM=c
16103406	42	RESP=1
16110231	42	STIM=1
16114426	42	RESP=1
16126867	42	STIM=j
16131313	42	RESP=1
16145028	42	STIM=3
16151784	42	RESP=1
16160595	42	STIM=n
16164992	42	RESP=1
16176582	42	STIM=k
16180187	42	RESP=1
16195085	42	STIM=1
16198769	42	RESP=2
16210804	42	STIM=f
16215457	42	RESP=1
16225902	42	STIM=n
16234624	42	RESP=1
16242139	42	STIM=q
16246609	42	RESP=1
16259685	42	STIM=m
16265778	42	RESP=1
16278342	42	STIM=h
16282838	42	RESP=1
16293969	42	STIM=4
16301569	42	RESP=2
16312862	42	STIM=d
16316513	42	RESP=1
16328634	42	STIM=8
16332452	42	RESP=2
16346613	42	STIM=g
16349506	42	RESP=1
16363751	42	STIM=a
16370145	42	RESP=1
16381974	42	STIM=f
16388408	42	RESP=1
16397099	42	STIM=q
16401712	42	RESP=1
16415787	42	STIM=k
16420381	42	RESP=1
16431971	42	STIM=2
16436555	42	RESP=2
16449521	42	STIM=w
16453671	42	RESP=1
16467826	42	STIM=c
16470829	42	RESP=1
16484346	42	STIM=k
16488676	42	RESP=1
16499479	42	STIM=c
16503116	42	RESP=1
16517216	42	STIM=8
16526565	42	RESP=2
16535792	42	STIM=j
16541965	42	RESP=1
16551697	42	STIM=9
16556203	42	RESP=2
16567189	42	STIM=r
16573364	42	RESP=1
16584799	42	STIM=h
16591146	42	RESP=1
16602424	42	STIM=y
16609913	42	RESP=1
16619468	42	STIM=s
16624133	42	RESP=1
16637637	42	STIM=d
16645295	42	RESP=1
16656625	42	STIM=d
16662012	42	RESP=1
16674238	42	STIM=4
16679993	42	RESP=2
16693028	42	STIM=l
16698970	42	RESP=1
16710651	42	STIM=p
16715041	42	RESP=1
16728999	42	STIM=k
16732786	42	RESP=1
16746973	42	STIM=0
16751362	42	RESP=2
16764123	42	STIM=p
16768646	42	RESP=1
16782448	42	STIM=m
16788648	42	RESP=1
16800553	42	STIM=b
16807834	42	RESP=1
16816947	42	STIM=3
16820499	42	RESP=2
16833514	42	STIM=9
16837176	42	RESP=2
16849893	42	STIM=v
16853093	42	RESP=1
16868084	42	STIM=g
16872136	42	RESP=2
16885078	42	STIM=t
16889157	42	RESP=1
16900277	42	STIM=h
16905394	42	RESP=1
16915676	42	STIM=k
16919034	42	RESP=1
16931180	42	STIM=w
16936336	42	RESP=1
16946533	42	STIM=h
16950211	42	RESP=1
16965386	42	STIM=3
16969558	42	RESP=2
16984149	42	STIM=b
16994086	42	RESP=1
17000944	42	STIM=i
17005295	42	RESP=1
17016960	42	STIM=h
17023701	42	RESP=1
17035505	42	STIM=q
17040376	42	RESP=1
17051144	42	STIM=y
17063861	42	RESP=1
17069683	42	STIM=1
17075154	42	RESP=2
17085255	42	STIM=u
17091076	42	RESP=1
17104172	42	STIM=q
17111032	42	RESP=1
17123064	42	STIM=5
17128491	42	RESP=2
17140915	42	STIM=d
17148811	42	RESP=1
17158996	42	STIM=u
17162297	42	RESP=1
17176790	42	STIM=q
17181896	42	RESP=1
17192751	42	STIM=e
17196232	42	RESP=1
17208054	42	STIM=m
17210709	42	RESP=1
17227029	42	STIM=1
17233512	42	RESP=2
17242580	42	STIM=z
17250111	42	RESP=1
17259385	42	STIM=e
17264070	42	RESP=1
17277374	42	STIM=j
17281115	42	RESP=1
17294308	42	STIM=m
17297864	42	RESP=1
17309571	42	STIM=c
17313010	42	RESP=1
17325404	42	STIM=a
17329418	42	RESP=1
17341384	42	STIM=7
17348097	42	RESP=1
17357786	42	STIM=b
17362140	42	RESP=1
17373856	42	STIM=o
17377171	42	RESP=1
17392194	42	STIM=x
17397611	42	RESP=2
17407373	42	STIM=s
17411569	42	RESP=1
17425111	42	STIM=y
17432000	42	RESP=1
17441578	42	STIM=a
17446284	42	RESP=1
17457627	42	STIM=u
17460536	42	RESP=1
17474111	42	STIM=z
17477796	42	RESP=1
17489205	42	STIM=b
17493004	42	RESP=1
17506757	42	STIM=p
17511069	42	RESP=1
17522269	42	STIM=0
17527754	42	RESP=2
17540750	42	STIM=6
17545387	42	RESP=2
17557966	42	STIM=v
17561181	42	RESP=1
17575494	42	STIM=y
17581458	42	RESP=1
17591630	42	STIM=j
17595426	42	RESP=1
17607198	42	STIM=e
17610543	42	RESP=1
17622210	42	STIM=q
17626139	42	RESP=1
17640695	42	STIM=k
17643864	42	RESP=1
17657099	42	STIM=v
17660751	42	RESP=1
17672852	42	STIM=4
17676587	42	RESP=2
17689874	42	STIM=r
17694526	42	RESP=1
17708465	42	STIM=g
17711828	42	RESP=1
17724402	42	STIM=n
17727838	42	RESP=1
17739578	42	STIM=w
17743198	42	RESP=1
17758557	42	STIM=8
17763351	42	RESP=2
17774340	42	STIM=p
17779063	42	RESP=1
17790538	42	STIM=d
17795287	42	RESP=1
17806987	42	STIM=o
17816719	42	RESP=1
17822771	42	STIM=q
17826578	42	RESP=2
17837966	42	STIM=w
17840873	42	RESP=1
17854433	42	STIM=u
17859502	42	RESP=1
17871090	42	STIM=m
17875646	42	RESP=1
17888612	42	STIM=b
17894778	42	RESP=1
17904874	42	STIM=l
17910394	42	RESP=1
17923353	42	STIM=d
17927919	42	RESP=1
17938455	42	STIM=v
17943349	42	RESP=1
17956493	42	STIM=x
17964151	42	RESP=1
17973758	42	STIM=i
17977556	42	RESP=1
17990755	42	STIM=y
17995059	42	RESP=1
18005770	42	STIM=u
18010107	42	RESP=1
18024526	42	STIM=0
18033680	42	RESP=1
18041987	42	STIM=y
18046277	42	RESP=1
18059546	42	STIM=v
18067209	42	RESP=1
18076695	42	STIM=n
18083059	42	RESP=1
18093906	42	STIM=x
18098298	42	RESP=1
18112702	42	STIM=n
18119519	42	RESP=1
18130848	42	STIM=t
18139381	42	RESP=2
18146656	42	STIM=q
18154502	42	RESP=1
18164061	42	STIM=t
18169234	42	RESP=1
18179595	42	STIM=6
18187205	42	RESP=2
18196751	42	STIM=a
18204959	42	RESP=1
18213804	42	STIM=i
18218371	42	RESP=1
18230705	42	STIM=m
18236654	42	RESP=1
18247384	42	STIM=9
18252599	42	RESP=2
18262892	42	STIM=1
18267430	42	RESP=1
18278560	42	STIM=t
18285556	42	RESP=1
18294070	42	STIM=d
18297327	42	RESP=1
18309717	42	STIM=w
18316002	42	RESP=1
18327374	42	STIM=a
18330612	42	RESP=1
18346047	42	STIM=r
18350546	42	RESP=1
18364485	42	STIM=z
18370082	42	RESP=1
18382170	42	STIM=s
18386635	42	RESP=1
18399628	42	STIM=c
18405179	42	RESP=1
18416520	42	STIM=8
18420798	42	RESP=2
18434526	42	STIM=u
18439130	42	RESP=1
18450239	42	STIM=y
18454161	42	RESP=1
18466623	42	STIM=z
18472721	42	RESP=1
18481931	42	STIM=i
18488117	42	RESP=1
18497509	42	STIM=m
18501096	42	RESP=1
18512930	42	STIM=f
18517600	42	RESP=1
18529886	42	STIM=d
18535305	42	RESP=1
18546829	42	STIM=3
18553077	42	RESP=2
18565269	42	STIM=x
18569421	42	RESP=1
18581116	42	STIM=y
18591722	42	RESP=1
18597927	42	STIM=2
18602476	42	RESP=2
18616620	42	STIM=h
18621014	42	RESP=2
18635030	42	STIM=l
18640297	42	RESP=1
18652574	42	STIM=h
18658073	42	RESP=1
18668874	42	STIM=b
18672346	42	RESP=1
18687490	42	STIM=d
18691486	42	RESP=1
18703139	42	STIM=0
18708753	42	RESP=2
18721527	42	STIM=u
18726047	42	RESP=1
18739690	42	STIM=u
18745140	42	RESP=1
18755356	42	STIM=o
18759587	42	RESP=1
18771202	42	STIM=c
18774557	42	RESP=1
18788481	42	STIM=w
18793252	42	RESP=1
18803846	42	STIM=v
18807204	42	RESP=1
18821789	42	STIM=y
18824907	42	RESP=1
18837565	42	STIM=c
18841033	42	RESP=1
18856105	42	STIM=5
18862487	42	RESP=2
18871880	42	STIM=i
18874857	42	RESP=1
18890571	42	STIM=x
18895118	42	RESP=1
18907902	42	STIM=k
18910939	42	RESP=1
18926084	42	STIM=6
18929528	42	RESP=2
18943152	42	STIM=5
18947167	42	RESP=2
18958617	42	STIM=e
18963379	42	RESP=1
18976379	42	STIM=e
18979343	42	RESP=1
18992942	42	STIM=f
18997712	42	RESP=1
19008635	42	STIM=1
19018084	42	RESP=2
19025963	42	STIM=l
19033302	42	RESP=1
19043802	42	STIM=d
19046971	42	RESP=1
19061847	42	STIM=p
19066546	42	RESP=1
19080745	42	STIM=1
19084391	42	RESP=1
19096780	42	STIM=n
19102776	42	RESP=1
19114857	42	STIM=o
19121644	42	RESP=1
19130080	42	STIM=a
19137104	42	RESP=1
19148210	42	STIM=t
19153434	42	RESP=1
19163835	42	STIM=j
19167241	42	RESP=1
19182531	42	STIM=i
19187462	42	RESP=1
19201220	42	STIM=3
19207909	42	RESP=2
19216553	42	STIM=d
19222329	42	RESP=1
19234382	42	STIM=a
19242296	42	RESP=1
19250166	42	STIM=v
19255388	42	RESP=1
19265863	42	STIM=z
19270884	42	RESP=1
19281812	42	STIM=e
19285780	42	RESP=1
19299348	42	STIM=m
19304386	42	RESP=1
19314533	42	STIM=s
19322931	42	RESP=1
19331876	42	STIM=h
19339325	42	RESP=1
19348122	42	STIM=d
19352936	42	RESP=1
19366129	42	STIM=x
19371983	42	RESP=1
19384176	42	STIM=n
19388899	42	RESP=1
19400074	42	STIM=5
19404697	42	RESP=2
19418524	42	STIM=v
19425474	42	RESP=1
19436527	42	STIM=v
19439830	42	RESP=1
19452845	42	STIM=r
19455833	42	RESP=1
19467856	42	STIM=4
19473525	42	RESP=2
19484013	42	STIM=7
19488485	42	RESP=2
19501325	42	STIM=x
19507124	42	RESP=1
19518331	42	STIM=x
19523608	42	RESP=1
19534430	42	STIM=r
19541263	42	RESP=2
19550436	42	STIM=i
19556663	42	RESP=1
19566399	42	STIM=t
19570976	42	RESP=1
19583606	42	STIM=r
19588434	42	RESP=1
19601146	42	STIM=q
19605461	42	RESP=1
19617708	42	STIM=g
19623619	42	RESP=1
19634868	42	STIM=4
19641337	42	RESP=2
19653397	42	STIM=2
19657112	42	RESP=2
19671518	42	STIM=a
19676099	42	RESP=1
19690058	42	STIM=u
19694770	42	RESP=1
19706001	42	STIM=9
19714129	42	RESP=2
19723005	42	STIM=b
19728326	42	RESP=1
19738228	42	STIM=k
19745125	42	RESP=1
19753573	42	STIM=a
19757969	42	RESP=1
19770656	42	STIM=i
19775608	42	RESP=1
19789568	42	STIM=m
19793490	42	RESP=1
19806118	42	STIM=d
19809934	42	RESP=1
19823016	42	STIM=2
19828096	42	RESP=1
19841911	42	STIM=5
19846069	42	RESP=2
19859617	42	STIM=q
19864188	42	RESP=1
19878380	42	STIM=o
19882394	42	RESP=1
19893788	42	STIM=d
19897083	42	RESP=1
19911073	42	STIM=h
19916453	42	RESP=1
19927187	42	STIM=6
19931506	42	RESP=2
19943132	42	STIM=g
19949131	42	RESP=1
19958212	42	STIM=m
19966283	42	RESP=1
19975443	42	STIM=2
19983579	42	RESP=2
19991252	42	STIM=1
19999283	42	RESP=2
20006723	42	STIM=l
20010868	42	RESP=1
20023483	42	STIM=5
20027026	42	RESP=2
20038496	42	STIM=q
20044051	42	RESP=1
20055678	42	STIM=s
20061952	42	RESP=1
20071535	42	STIM=n
20074174	42	RESP=1
20089950	42	STIM=j
20094045	42	RESP=1
20108540	42	STIM=g
20114744	42	RESP=1
20126946	42	STIM=f
20131159	42	RESP=1
20145944	42	STIM=c
20150395	42	RESP=1
20161472	42	STIM=5
20166692	42	RESP=2
20178973	42	STIM=l
20183380	42	RESP=1
20195981	42	STIM=t
20204452	42	RESP=1
20212100	42	STIM=e
20217844	42	RESP=1
20228305	42	STIM=x
20231793	42	RESP=1
20245358	42	STIM=d
20249950	42	RESP=2
20264330	42	STIM=k
20269598	42	RESP=1
20283040	42	STIM=o
20288484	42	RESP=1
20298229	42	STIM=r
20306054	42	RESP=1
20314137	42	STIM=e
20322533	42	RESP=1
20331208	42	STIM=7
20336506	42	RESP=2
20346415	42	STIM=i
20350559	42	RESP=1
20364606	42	STIM=q
20371140	42	RESP=1
20381140	42	STIM=p
20384269	42	RESP=1
20399255	42	STIM=b
20402819	42	RESP=1
20416199	42	STIM=a
20420921	42	RESP=1
20431254	42	STIM=i
20435726	42	RESP=1
20448481	42	STIM=h
20455034	42	RESP=2
20465333	42	STIM=v
20469780	42	RESP=1
20480853	42	STIM=c
20485363	42	RESP=1
20499498	42	STIM=6
20508451	42	RESP=2
20516001	42	STIM=e
20518774	42	RESP=1
20534287	42	STIM=b
20538703	42	RESP=1
20552796	42	STIM=g
20558961	42	RESP=1
20568744	42	STIM=j
20572959	42	RESP=1
20585629	42	STIM=u
20590588	42	RESP=1
20600715	42	STIM=9
20604180	42	RESP=2
20616560	42	STIM=o
20620244	42	RESP=1
20635408	42	STIM=3
20641880	42	RESP=2
20654119	42	STIM=1
20658994	42	RESP=2
20669690	42	STIM=d
20675682	42	RESP=1
20687143	42	STIM=o
20691562	42	RESP=1
20703423	42	STIM=u
20710031	42	RESP=1
20720095	42	STIM=d
20723095	42	RESP=1
20738750	42	STIM=z
20742685	42	RESP=1
20754937	42	STIM=s
20758410	42	RESP=2
20771504	42	STIM=p
20776141	42	RESP=1
20786896	42	STIM=6
20792097	42	RESP=2
20805086	42	STIM=e
20809267	42	RESP=1
20821345	42	STIM=o
20824744	42	RESP=1
20840182	42	STIM=1
20843286	42	RESP=1
20855293	42	STIM=i
20860210	42	RESP=1
20870554	42	STIM=k
20875091	42	RESP=1
20886027	42	STIM=c
20894150	42	RESP=1
20903547	42	STIM=a
20908136	42	RESP=1
20920353	42	STIM=u
20924494	42	RESP=1
20936827	42	STIM=w
20940520	42	RESP=1
20955612	42	STIM=x
20965207	42	RESP=1
20972230	42	STIM=5
20979228	42	RESP=2
20989639	42	STIM=y
20995332	42	RESP=1
21004746	42	STIM=m
21010988	42	RESP=1
21023321	42	STIM=6
21027447	42	RESP=2
21041859	42	STIM=k
21044782	42	RESP=1
21057995	42	STIM=h
21063715	42	RESP=1
21075885	42	STIM=h
21081625	42	RESP=1
21094761	42	STIM=o
21098062	42	RESP=1
21110726	42	STIM=k
21114534	42	RESP=1
21126967	42	STIM=2
21131240	42	RESP=1
21145424	42	STIM=j
21149694	42	RESP=1
21162148	42	STIM=c
21167376	42	RESP=1
21179006	42	STIM=k
21183207	42	RESP=1
21195430	42	STIM=m
21198957	42	RESP=2
21210704	42	STIM=y
21214352	42	RESP=1
21228750	42	STIM=l
21233910	42	RESP=1
21247466	42	STIM=y
21251580	42	RESP=1
21264632	42	STIM=j
21268786	42	RESP=2
21280079	42	STIM=4
21287731	42	RESP=1
21296406	42	STIM=z
21303892	42	RESP=1
21315102	42	STIM=y
21319473	42	RESP=1
21331746	42	STIM=u
21337549	42	RESP=1
21348154	42	STIM=y
21353604	42	RESP=1
21363759	42	STIM=j
21367907	42	RESP=1
21382086	42	STIM=n
21386588	42	RESP=1
21397613	42	STIM=d
21403999	42	RESP=1
21412859	42	STIM=4
21418314	42	RESP=2
21430067	42	STIM=r
21434224	42	RESP=1
21445493	42	STIM=p
21449270	42	RESP=1
21464406	42	STIM=h
21468052	42	RESP=1
21482885	42	STIM=q
21488672	42	RESP=1
21499790	42	STIM=e
21503688	42	RESP=1
21518104	42	STIM=x
21522282	42	RESP=1
21535925	42	STIM=7
21548296	42	RESP=2
21551698	42	STIM=e
21555215	42	RESP=1
21569341	42	STIM=v
21573586	42	RESP=1
21587912	42	STIM=k
21594243	42	RESP=1
21606792	42	STIM=u
21610308	42	RESP=1
21624095	42	STIM=i
21628107	42	RESP=1
21639170	42	STIM=g
21641796	42	RESP=1
21656287	42	STIM=7
21661159	42	RESP=2
21675276	42	STIM=3
21683411	42	RESP=2
21691953	42	STIM=n
21694735	42	RESP=1
21710795	42	STIM=8
21720317	42	RESP=2
21727972	42	STIM=n
21734284	42	RESP=1
21744908	42	STIM=w
21750617	42	RESP=1
21760932	42	STIM=k
21767862	42	RESP=1
21776582	42	STIM=e
21786187	42	RESP=1
