# Original filename: 0057_INY_2017-01-23.log
# Time unit: 100 us
# RARECAT=digit
#
# Time	HHGG	Event
30483	42	STIM=v
36195	42	RESP=1
45800	42	STIM=g
50327	42	RESP=1
63952	42	STIM=9
71942	42	RESP=2
82947	42	STIM=k
87604	42	RESP=1
100051	42	STIM=z
104337	42	RESP=1
117007	42	STIM=v
124266	42	RESP=1
136004	42	STIM=b
145062	42	RESP=1
154446	42	STIM=g
167128	42	RESP=1
171065	42	STIM=s
176979	42	RESP=1
189155	42	STIM=0
193163	42	RESP=2
204982	42	STIM=3
213354	42	RESP=1
222882	42	STIM=o
229106	42	RESP=1
240990	42	STIM=e
247799	42	RESP=1
256876	42	STIM=k
262766	42	RESP=1
273695	42	STIM=o
282329	42	RESP=1
290153	42	STIM=l
295969	42	RESP=1
306293	42	STIM=1
311989	42	RESP=2
321822	42	STIM=9
333108	42	RESP=2
340776	42	STIM=4
346424	42	RESP=2
359032	42	STIM=g
362804	42	RESP=1
377353	42	STIM=1
387515	42	RESP=1
393752	42	STIM=y
399026	42	RESP=1
411011	42	STIM=x
418009	42	RESP=1
429883	42	STIM=w
438423	42	RESP=1
447600	42	STIM=e
452345	42	RESP=1
465538	42	STIM=m
470685	42	RESP=1
482906	42	STIM=j
491001	42	RESP=1
501626	42	STIM=o
507408	42	RESP=1
518407	42	STIM=i
526876	42	RESP=1
534813	42	STIM=h
539186	42	RESP=1
551511	42	STIM=c
557664	42	RESP=1
567483	42	STIM=o
570974	42	RESP=1
584057	42	STIM=i
589751	42	RESP=1
601179	42	STIM=j
608990	42	RESP=1
617869	42	STIM=4
626335	42	RESP=2
635347	42	STIM=j
638076	42	RESP=1
651675	42	STIM=s
656025	42	RESP=1
668638	42	STIM=u
674655	42	RESP=1
686636	42	STIM=r
691685	42	RESP=1
702178	42	STIM=o
711733	42	RESP=1
718249	42	STIM=e
727140	42	RESP=1
735631	42	STIM=w
741667	42	RESP=1
753385	42	STIM=6
758867	42	RESP=1
772083	42	STIM=2
779217	42	RESP=1
789227	42	STIM=h
794008	42	RESP=1
804819	42	STIM=r
807778	42	RESP=1
820884	42	STIM=2
827850	42	RESP=2
839232	42	STIM=d
844241	42	RESP=1
854519	42	STIM=m
860762	42	RESP=1
871492	42	STIM=0
876007	42	RESP=2
886837	42	STIM=2
892033	42	RESP=2
903451	42	STIM=j
910005	42	RESP=1
920229	42	STIM=f
925427	42	RESP=1
937583	42	STIM=a
946176	42	RESP=1
953853	42	STIM=w
956823	42	RESP=1
971019	42	STIM=x
978626	42	RESP=1
987920	42	STIM=a
992124	42	RESP=1
1006303	42	STIM=a
1011410	42	RESP=1
1023171	42	STIM=6
1026917	42	RESP=1
1041579	42	STIM=x
1045035	42	RESP=1
1058899	42	STIM=0
1064427	42	RESP=2
1074539	42	STIM=z
1079797	42	RESP=1
1092649	42	STIM=7
1104486	42	RESP=2
1108267	42	STIM=l
1112153	42	RESP=1
1123931	42	STIM=m
1127512	42	RESP=1
1139044	42	STIM=v
1143124	42	RESP=1
1154377	42	STIM=f
1165955	42	RESP=1
1170621	42	STIM=x
1174749	42	RESP=1
1188813	42	STIM=w
1195354	42	RESP=1
1204833	42	STIM=y
1208921	42	RESP=1
1220468	42	STIM=t
1225411	42	RESP=1
1236003	42	STIM=o
1239942	42	RESP=1
1252390	42	STIM=p
1256279	42	RESP=1
1267934	42	STIM=i
1273383	42	RESP=1
1284125	42	STIM=a
1292169	42	RESP=1
1300029	42	STIM=n
1303486	42	RESP=1
1317519	42	STIM=e
1325286	42	RESP=1
1334638	42	STIM=w
1347200	42	RESP=1
1352709	42	STIM=v
1360183	42	RESP=1
1371021	42	STIM=c
1380588	42	RESP=1
1386108	42	STIM=j
1395630	42	RESP=1
1401361	42	STIM=a
1407579	42	RESP=1
1416938	42	STIM=9
1420838	42	RESP=2
1433983	42	STIM=t
1440087	42	RESP=1
1449108	42	STIM=d
1452627	42	RESP=1
1466745	42	STIM=m
1472237	42	RESP=1
1483063	42	STIM=i
1488691	42	RESP=1
1500122	42	STIM=6
1509580	42	RESP=2
1518295	42	STIM=1
1524721	42	RESP=1
1533428	42	STIM=d
1540386	42	RESP=1
1550369	42	STIM=3
1556031	42	RESP=1
1567373	42	STIM=p
1573727	42	RESP=1
1585564	42	STIM=n
1592830	42	RESP=1
1603979	42	STIM=w
1612803	42	RESP=1
1620013	42	STIM=b
1627402	42	RESP=1
1636853	42	STIM=k
1641741	42	RESP=1
1652028	42	STIM=m
1656793	42	RESP=1
1670312	42	STIM=u
1676213	42	RESP=1
1687214	42	STIM=x
1696633	42	RESP=1
1706095	42	STIM=k
1711196	42	RESP=1
1722309	42	STIM=9
1731674	42	RESP=2
1739911	42	STIM=j
1744660	42	RESP=1
1758584	42	STIM=h
1763286	42	RESP=1
1776847	42	STIM=x
1783330	42	RESP=1
1792827	42	STIM=w
1802367	42	RESP=1
1811276	42	STIM=b
1815534	42	RESP=1
1829147	42	STIM=b
1833558	42	RESP=1
1846218	42	STIM=d
1853373	42	RESP=1
1865101	42	STIM=0
1871475	42	RESP=2
1883433	42	STIM=c
1891523	42	RESP=1
1900714	42	STIM=r
1908683	42	RESP=1
1916619	42	STIM=n
1927487	42	RESP=1
1934611	42	STIM=e
1940455	42	RESP=1
1953113	42	STIM=p
1958352	42	RESP=1
1971288	42	STIM=j
1976410	42	RESP=1
1986998	42	STIM=b
1992979	42	RESP=1
2005480	42	STIM=z
2008462	42	RESP=1
2023281	42	STIM=8
2029734	42	RESP=2
2041360	42	STIM=d
2045525	42	RESP=1
2058151	42	STIM=r
2062862	42	RESP=1
2076258	42	STIM=y
2080077	42	RESP=1
2091533	42	STIM=1
2097507	42	RESP=2
2108161	42	STIM=z
2114427	42	RESP=1
2125038	42	STIM=u
2134869	42	RESP=1
2143866	42	STIM=2
2148366	42	RESP=2
2162703	42	STIM=n
2167083	42	RESP=1
2179219	42	STIM=3
2184477	42	RESP=2
2197757	42	STIM=t
2201213	42	RESP=1
2212904	42	STIM=i
2219065	42	RESP=1
2229042	42	STIM=7
2235123	42	RESP=2
2245484	42	STIM=l
2249985	42	RESP=1
2261956	42	STIM=f
2266523	42	RESP=1
2278698	42	STIM=0
2282960	42	RESP=2
2294214	42	STIM=f
2300259	42	RESP=1
2312554	42	STIM=s
2317323	42	RESP=1
2329917	42	STIM=g
2337723	42	RESP=1
2346312	42	STIM=i
2350821	42	RESP=1
2364643	42	STIM=0
2370205	42	RESP=2
2383096	42	STIM=t
2388553	42	RESP=1
2398542	42	STIM=4
2403050	42	RESP=2
2414504	42	STIM=v
2420579	42	RESP=1
2432157	42	STIM=8
2438716	42	RESP=2
2450729	42	STIM=9
2458823	42	RESP=2
2467181	42	STIM=i
2471006	42	RESP=1
2482797	42	STIM=d
2489229	42	RESP=1
2500675	42	STIM=m
2505398	42	RESP=1
2518635	42	STIM=5
2527313	42	RESP=2
2534659	42	STIM=e
2540914	42	RESP=1
2551927	42	STIM=j
2558251	42	RESP=1
2567032	42	STIM=m
2574876	42	RESP=1
2584608	42	STIM=a
2590719	42	RESP=1
2601777	42	STIM=r
2609215	42	RESP=1
2619800	42	STIM=z
2623778	42	RESP=1
2635471	42	STIM=5
2644403	42	RESP=2
2652906	42	STIM=f
2658423	42	RESP=1
2671610	42	STIM=v
2675548	42	RESP=1
2686733	42	STIM=x
2693632	42	RESP=1
2703413	42	STIM=d
2708805	42	RESP=1
2720609	42	STIM=v
2724766	42	RESP=1
2737442	42	STIM=p
2743264	42	RESP=1
2756007	42	STIM=l
2764689	42	RESP=1
2772507	42	STIM=p
2782846	42	RESP=1
2790806	42	STIM=f
2795446	42	RESP=1
2806046	42	STIM=x
2810884	42	RESP=1
2822761	42	STIM=n
2829293	42	RESP=1
2837871	42	STIM=y
2849217	42	RESP=1
2854520	42	STIM=q
2857403	42	RESP=1
2869912	42	STIM=h
2878475	42	RESP=2
2886255	42	STIM=i
2889480	42	RESP=1
2902626	42	STIM=h
2909621	42	RESP=1
2920615	42	STIM=d
2927295	42	RESP=1
2936377	42	STIM=h
2939569	42	RESP=1
2954282	42	STIM=m
2959100	42	RESP=1
2972792	42	STIM=j
2977787	42	RESP=1
2989500	42	STIM=u
3000197	42	RESP=1
3008231	42	STIM=o
3016148	42	RESP=1
3024608	42	STIM=b
3029060	42	RESP=1
3042331	42	STIM=6
3049970	42	RESP=2
3057950	42	STIM=p
3062199	42	RESP=1
3073991	42	STIM=e
3080545	42	RESP=1
3092363	42	STIM=n
3100746	42	RESP=1
3110612	42	STIM=h
3117804	42	RESP=2
3128709	42	STIM=x
3133520	42	RESP=1
3147652	42	STIM=o
3158053	42	RESP=1
3163941	42	STIM=q
3167893	42	RESP=1
3182640	42	STIM=b
3186380	42	RESP=1
3198389	42	STIM=z
3203981	42	RESP=1
3216852	42	STIM=f
3221427	42	RESP=1
3231884	42	STIM=m
3235681	42	RESP=1
3248875	42	STIM=h
3252377	42	RESP=1
3267780	42	STIM=p
3273495	42	RESP=1
3285060	42	STIM=b
3293513	42	RESP=1
3302480	42	STIM=g
3311750	42	RESP=1
3317710	42	STIM=2
3324927	42	RESP=2
3334150	42	STIM=l
3341052	42	RESP=1
3350230	42	STIM=7
3355077	42	RESP=2
3368542	42	STIM=v
3371129	42	RESP=1
3383823	42	STIM=v
3391786	42	RESP=1
3401878	42	STIM=n
3411901	42	RESP=1
3418649	42	STIM=j
3426095	42	RESP=1
3433927	42	STIM=v
3438332	42	RESP=1
3451473	42	STIM=d
3457619	42	RESP=1
3466707	42	STIM=5
3471701	42	RESP=2
3485295	42	STIM=9
3490000	42	RESP=2
3501558	42	STIM=7
3505863	42	RESP=2
3518959	42	STIM=3
3524532	42	RESP=1
3534904	42	STIM=a
3540848	42	RESP=1
3552618	42	STIM=n
3563804	42	RESP=1
3569169	42	STIM=a
3575591	42	RESP=1
3585939	42	STIM=n
3590961	42	RESP=1
3604819	42	STIM=t
3609254	42	RESP=1
3621655	42	STIM=0
3627770	42	RESP=1
3639449	42	STIM=l
3644456	42	RESP=1
3655797	42	STIM=5
3663477	42	RESP=2
3671127	42	STIM=v
3678608	42	RESP=1
3687307	42	STIM=b
3695055	42	RESP=1
3702728	42	STIM=p
3708046	42	RESP=1
3718217	42	STIM=s
3723528	42	RESP=1
3736936	42	STIM=p
3740385	42	RESP=1
3755202	42	STIM=w
3760658	42	RESP=1
3772298	42	STIM=q
3778192	42	RESP=1
3789890	42	STIM=a
3792543	42	RESP=1
3808445	42	STIM=d
3814534	42	RESP=1
3826145	42	STIM=w
3840245	42	RESP=2
3841483	42	STIM=g
3845132	42	RESP=1
3858775	42	STIM=v
3866031	42	RESP=1
3877011	42	STIM=5
3885200	42	RESP=2
3892142	42	STIM=i
3898105	42	RESP=1
3907829	42	STIM=3
3916275	42	RESP=2
3926191	42	STIM=k
3930825	42	RESP=1
3943323	42	STIM=7
3950164	42	RESP=2
3961051	42	STIM=b
3964127	42	RESP=1
3976480	42	STIM=s
3986458	42	RESP=1
3994836	42	STIM=3
3998910	42	RESP=2
4011161	42	STIM=g
4015993	42	RESP=1
4028205	42	STIM=9
4035374	42	RESP=2
4045651	42	STIM=9
4052287	42	RESP=2
4062150	42	STIM=v
4067298	42	RESP=1
4079784	42	STIM=5
4087977	42	RESP=2
4095568	42	STIM=4
4103260	42	RESP=2
4113208	42	STIM=c
4118365	42	RESP=1
4131285	42	STIM=9
4142395	42	RESP=2
4148428	42	STIM=m
4152005	42	RESP=1
4164933	42	STIM=q
4172198	42	RESP=1
4182512	42	STIM=7
4188144	42	RESP=2
4199420	42	STIM=u
4204382	42	RESP=1
4216497	42	STIM=9
4225852	42	RESP=2
4234868	42	STIM=x
4240488	42	RESP=1
4251961	42	STIM=u
4256292	42	RESP=1
4269457	42	STIM=x
4275021	42	RESP=1
4286368	42	STIM=x
4294018	42	RESP=1
4303249	42	STIM=x
4307354	42	RESP=1
4320278	42	STIM=v
4324069	42	RESP=1
4337424	42	STIM=y
4344631	42	RESP=1
4353789	42	STIM=l
4357934	42	RESP=2
4370710	42	STIM=e
4375445	42	RESP=1
4387554	42	STIM=v
4397393	42	RESP=1
4405046	42	STIM=d
4409236	42	RESP=1
4421451	42	STIM=r
4425655	42	RESP=1
4440295	42	STIM=r
4445074	42	RESP=1
4456998	42	STIM=q
4462926	42	RESP=1
4473513	42	STIM=u
4477114	42	RESP=1
4489474	42	STIM=b
4495808	42	RESP=1
4505507	42	STIM=i
4508742	42	RESP=1
4521668	42	STIM=q
4532558	42	RESP=1
4537982	42	STIM=u
4542135	42	RESP=1
4556201	42	STIM=q
4562268	42	RESP=1
4571440	42	STIM=f
4576161	42	RESP=1
4589441	42	STIM=i
4593711	42	RESP=1
4607784	42	STIM=l
4612815	42	RESP=1
4624316	42	STIM=z
4627152	42	RESP=1
4641612	42	STIM=s
4648686	42	RESP=1
4658085	42	STIM=0
4666546	42	RESP=2
4673568	42	STIM=p
4679661	42	RESP=1
4689035	42	STIM=i
4695046	42	RESP=2
4704601	42	STIM=l
4711161	42	RESP=1
4720531	42	STIM=v
4726089	42	RESP=1
4736482	42	STIM=i
4743821	42	RESP=1
4753443	42	STIM=a
4759952	42	RESP=1
4769910	42	STIM=a
4784487	42	RESP=1
4786307	42	STIM=y
4789498	42	RESP=1
4803669	42	STIM=e
4814445	42	RESP=1
4820489	42	STIM=v
4823694	42	RESP=1
4836092	42	STIM=0
4840719	42	RESP=2
4851828	42	STIM=j
4856356	42	RESP=1
4868617	42	STIM=i
4878394	42	RESP=1
4885789	42	STIM=a
4895131	42	RESP=2
4902076	42	STIM=r
4909083	42	RESP=1
4918696	42	STIM=d
4921765	42	RESP=1
4935075	42	STIM=n
4938037	42	RESP=1
4952200	42	STIM=l
4955616	42	RESP=1
4969433	42	STIM=w
4975215	42	RESP=1
4987561	42	STIM=z
4993616	42	RESP=1
5003894	42	STIM=g
5008459	42	RESP=1
5022319	42	STIM=t
5026785	42	RESP=1
5037406	42	STIM=w
5041525	42	RESP=1
5052588	42	STIM=x
5059815	42	RESP=1
5069919	42	STIM=j
5077135	42	RESP=1
5085126	42	STIM=e
5091776	42	RESP=1
5103530	42	STIM=v
5110889	42	RESP=1
5121373	42	STIM=0
5126542	42	RESP=2
5137975	42	STIM=w
5150222	42	RESP=1
5153631	42	STIM=u
5156544	42	RESP=1
5170262	42	STIM=s
5173760	42	RESP=1
5185444	42	STIM=b
5189369	42	RESP=1
5200500	42	STIM=y
5203962	42	RESP=1
5217465	42	STIM=k
5223761	42	RESP=1
5232717	42	STIM=t
5236237	42	RESP=1
5249134	42	STIM=j
5251632	42	RESP=1
5265511	42	STIM=w
5272768	42	RESP=1
5282185	42	STIM=g
5285037	42	RESP=1
5297569	42	STIM=x
5302663	42	RESP=2
5313335	42	STIM=r
5318186	42	RESP=1
5328597	42	STIM=w
5334691	42	RESP=1
5344543	42	STIM=4
5348147	42	RESP=2
5360155	42	STIM=v
5364745	42	RESP=1
5377807	42	STIM=k
5382520	42	RESP=1
5395604	42	STIM=t
5398963	42	RESP=1
5411841	42	STIM=j
5418429	42	RESP=1
5429577	42	STIM=8
5435876	42	RESP=2
5446994	42	STIM=1
5452746	42	RESP=2
5462485	42	STIM=x
5466484	42	RESP=1
5479166	42	STIM=p
5483116	42	RESP=2
5495954	42	STIM=d
5501448	42	RESP=1
5512695	42	STIM=f
5521032	42	RESP=1
5530704	42	STIM=t
5534882	42	RESP=1
5547663	42	STIM=z
5552578	42	RESP=2
5563252	42	STIM=b
5566487	42	RESP=1
5578608	42	STIM=f
5581896	42	RESP=1
5596305	42	STIM=w
5600705	42	RESP=1
5614263	42	STIM=o
5620060	42	RESP=1
5631479	42	STIM=2
5636148	42	RESP=2
5648266	42	STIM=v
5656128	42	RESP=1
5667024	42	STIM=6
5674417	42	RESP=2
5683672	42	STIM=e
5688653	42	RESP=1
5700837	42	STIM=t
5705897	42	RESP=1
5717979	42	STIM=7
5723890	42	RESP=2
5733572	42	STIM=o
5742148	42	RESP=1
5751818	42	STIM=t
5757103	42	RESP=1
5770022	42	STIM=7
5780571	42	RESP=2
5788369	42	STIM=z
5792946	42	RESP=1
5805627	42	STIM=p
5815100	42	RESP=1
5822354	42	STIM=l
5828815	42	RESP=1
5840002	42	STIM=5
5847917	42	RESP=2
5855731	42	STIM=7
5860387	42	RESP=2
5871584	42	STIM=f
5874952	42	RESP=1
5887530	42	STIM=z
5894168	42	RESP=1
5904415	42	STIM=2
5916005	42	RESP=2
5920848	42	STIM=1
5925899	42	RESP=2
5939074	42	STIM=5
5944370	42	RESP=2
5956081	42	STIM=1
5963277	42	RESP=1
5974358	42	STIM=u
5978378	42	RESP=1
5991869	42	STIM=y
5998283	42	RESP=1
6006969	42	STIM=t
6011885	42	RESP=1
6023993	42	STIM=v
6030474	42	RESP=1
6042188	42	STIM=k
6048817	42	RESP=1
6057493	42	STIM=u
6063969	42	RESP=1
6075487	42	STIM=s
6080952	42	RESP=1
6093801	42	STIM=v
6099832	42	RESP=1
6110878	42	STIM=g
6121539	42	RESP=1
6128937	42	STIM=c
6132600	42	RESP=1
6147699	42	STIM=l
6153980	42	RESP=1
6164591	42	STIM=m
6169663	42	RESP=1
6183160	42	STIM=q
6189492	42	RESP=1
6199951	42	STIM=d
6203380	42	RESP=1
6216229	42	STIM=v
6221545	42	RESP=1
6231836	42	STIM=l
6237066	42	RESP=1
6250222	42	STIM=2
6258521	42	RESP=2
6267347	42	STIM=f
6272356	42	RESP=1
6286271	42	STIM=2
6292328	42	RESP=2
6303905	42	STIM=k
6314054	42	RESP=1
6321877	42	STIM=b
6325609	42	RESP=2
6339636	42	STIM=d
6343764	42	RESP=1
6356988	42	STIM=h
6366228	42	RESP=1
6373247	42	STIM=c
6376242	42	RESP=1
6390683	42	STIM=e
6394491	42	RESP=1
6405919	42	STIM=j
6417087	42	RESP=1
6423886	42	STIM=i
6429404	42	RESP=1
6440764	42	STIM=d
6447147	42	RESP=1
6456701	42	STIM=o
6463494	42	RESP=1
6473992	42	STIM=b
6479539	42	RESP=1
6490683	42	STIM=m
6496734	42	RESP=1
6506245	42	STIM=s
6511677	42	RESP=1
6523129	42	STIM=e
6530907	42	RESP=1
6540060	42	STIM=t
6547108	42	RESP=1
6558273	42	STIM=2
6567571	42	RESP=1
6574401	42	STIM=p
6580762	42	RESP=1
6589639	42	STIM=g
6595045	42	RESP=1
6606343	42	STIM=v
6612097	42	RESP=1
6624029	42	STIM=w
6628588	42	RESP=1
6642470	42	STIM=1
6646975	42	RESP=2
6658375	42	STIM=o
6664273	42	RESP=2
6673969	42	STIM=1
6683296	42	RESP=2
6689728	42	STIM=w
6697836	42	RESP=1
6707791	42	STIM=3
6713845	42	RESP=2
6724934	42	STIM=m
6729336	42	RESP=1
6742460	42	STIM=e
6753588	42	RESP=1
6758575	42	STIM=s
6763559	42	RESP=1
6776066	42	STIM=v
6783068	42	RESP=1
6791616	42	STIM=h
6801859	42	RESP=1
6810269	42	STIM=w
6813442	42	RESP=1
6827782	42	STIM=l
6833532	42	RESP=1
6842854	42	STIM=u
6849292	42	RESP=1
6859004	42	STIM=3
6868165	42	RESP=2
6875272	42	STIM=l
6879990	42	RESP=1
6892830	42	STIM=o
6898212	42	RESP=1
6909507	42	STIM=w
6914929	42	RESP=1
6926008	42	STIM=n
6935989	42	RESP=1
6941459	42	STIM=r
6945883	42	RESP=1
6958373	42	STIM=w
6964098	42	RESP=1
6974841	42	STIM=k
6979348	42	RESP=2
6991730	42	STIM=a
6997127	42	RESP=1
7007371	42	STIM=7
7013069	42	RESP=2
7025559	42	STIM=8
7032048	42	RESP=2
7041103	42	STIM=a
7045999	42	RESP=1
7057122	42	STIM=e
7063074	42	RESP=1
7073120	42	STIM=h
7078794	42	RESP=1
7088455	42	STIM=h
7095454	42	RESP=1
7106031	42	STIM=j
7112759	42	RESP=1
7124993	42	STIM=b
7132061	42	RESP=1
7141724	42	STIM=f
7150332	42	RESP=1
7158822	42	STIM=r
7164683	42	RESP=1
7175037	42	STIM=u
7179242	42	RESP=1
7193890	42	STIM=x
7198480	42	RESP=1
7209112	42	STIM=j
7217909	42	RESP=1
7227253	42	STIM=b
7230147	42	RESP=1
7242715	42	STIM=n
7246908	42	RESP=1
7259895	42	STIM=n
7265126	42	RESP=1
7278095	42	STIM=q
7285633	42	RESP=1
7295475	42	STIM=c
7302048	42	RESP=2
7311901	42	STIM=o
7320628	42	RESP=1
7329840	42	STIM=b
7335201	42	RESP=1
7345652	42	STIM=d
7349503	42	RESP=1
7362313	42	STIM=t
7369107	42	RESP=1
7379022	42	STIM=j
7388067	42	RESP=1
7395403	42	STIM=z
7399310	42	RESP=1
7411778	42	STIM=w
7420272	42	RESP=1
7427709	42	STIM=o
7433005	42	RESP=1
7444742	42	STIM=k
7448216	42	RESP=1
7460505	42	STIM=x
7466134	42	RESP=1
7479304	42	STIM=i
7487603	42	RESP=1
7496474	42	STIM=c
7504030	42	RESP=1
7512195	42	STIM=v
7515789	42	RESP=1
7528737	42	STIM=d
7532684	42	RESP=1
7543905	42	STIM=u
7551211	42	RESP=2
7560156	42	STIM=0
7567067	42	RESP=2
7577168	42	STIM=2
7583190	42	RESP=2
7594569	42	STIM=k
7598277	42	RESP=1
7609711	42	STIM=r
7614639	42	RESP=1
7624835	42	STIM=r
7630085	42	RESP=1
7641287	42	STIM=2
7651476	42	RESP=2
7657372	42	STIM=6
7665619	42	RESP=2
7675418	42	STIM=u
7679179	42	RESP=1
7691171	42	STIM=c
7700022	42	RESP=1
7707413	42	STIM=4
7711887	42	RESP=2
7724396	42	STIM=b
7730683	42	RESP=1
7739400	42	STIM=l
7745317	42	RESP=1
7757719	42	STIM=e
7762235	42	RESP=1
7774847	42	STIM=x
7778309	42	RESP=1
7790214	42	STIM=o
7795760	42	RESP=1
7807849	42	STIM=3
7818973	42	RESP=1
7825469	42	STIM=b
7833859	42	RESP=1
7842764	42	STIM=5
7849527	42	RESP=1
7859366	42	STIM=o
7868208	42	RESP=1
7878125	42	STIM=o
7883979	42	RESP=1
7896071	42	STIM=u
7902429	42	RESP=1
7914748	42	STIM=k
7920660	42	RESP=1
7932269	42	STIM=o
7939206	42	RESP=1
7948953	42	STIM=5
7952934	42	RESP=2
7964654	42	STIM=0
7970987	42	RESP=2
7982324	42	STIM=e
7990985	42	RESP=1
7998873	42	STIM=q
8004575	42	RESP=1
8016770	42	STIM=5
8023621	42	RESP=1
8035189	42	STIM=a
8041759	42	RESP=1
8053110	42	STIM=r
8060756	42	RESP=2
8068620	42	STIM=i
8073911	42	RESP=1
8085952	42	STIM=i
8091523	42	RESP=1
8101231	42	STIM=c
8110783	42	RESP=1
8117054	42	STIM=m
8121331	42	RESP=1
8136031	42	STIM=v
8140538	42	RESP=1
8153422	42	STIM=f
8159218	42	RESP=2
8171755	42	STIM=0
8181599	42	RESP=1
8189481	42	STIM=l
8194162	42	RESP=1
8207622	42	STIM=0
8212758	42	RESP=2
8222652	42	STIM=x
8228361	42	RESP=1
8239786	42	STIM=d
8242709	42	RESP=1
8258605	42	STIM=3
8271129	42	RESP=1
8276792	42	STIM=z
8281218	42	RESP=1
8294171	42	STIM=k
8297327	42	RESP=1
8310286	42	STIM=v
8317214	42	RESP=1
8328863	42	STIM=e
8333413	42	RESP=1
8346423	42	STIM=7
8351044	42	RESP=1
8363073	42	STIM=n
8369056	42	RESP=1
8378925	42	STIM=r
8385999	42	RESP=1
8397908	42	STIM=m
8401580	42	RESP=2
8413823	42	STIM=s
8418597	42	RESP=1
8431143	42	STIM=u
8436137	42	RESP=1
8447857	42	STIM=s
8454280	42	RESP=1
8465485	42	STIM=t
8469504	42	RESP=1
8481794	42	STIM=r
8487630	42	RESP=1
8497132	42	STIM=t
8505695	42	RESP=1
8513822	42	STIM=n
8523917	42	RESP=1
8532698	42	STIM=j
8539749	42	RESP=1
8550435	42	STIM=i
8555701	42	RESP=1
8568194	42	STIM=b
8573918	42	RESP=2
8583384	42	STIM=x
8590767	42	RESP=1
8598870	42	STIM=a
8603306	42	RESP=1
8614390	42	STIM=x
8620473	42	RESP=1
8631991	42	STIM=k
8638097	42	RESP=1
8648245	42	STIM=p
8654945	42	RESP=1
8666753	42	STIM=w
8670251	42	RESP=1
8681962	42	STIM=m
8688573	42	RESP=2
8700897	42	STIM=z
8706069	42	RESP=1
8716599	42	STIM=o
8720128	42	RESP=1
8732430	42	STIM=j
8736725	42	RESP=1
8750991	42	STIM=h
8755375	42	RESP=2
8767466	42	STIM=a
8774299	42	RESP=1
8783804	42	STIM=a
8791593	42	RESP=2
8799832	42	STIM=e
8807148	42	RESP=1
8815929	42	STIM=8
8821064	42	RESP=2
8831554	42	STIM=4
8841022	42	RESP=2
8847544	42	STIM=i
8856415	42	RESP=1
8865506	42	STIM=y
8872321	42	RESP=1
8884220	42	STIM=s
8887750	42	RESP=1
8901391	42	STIM=j
8910197	42	RESP=1
8918387	42	STIM=u
8925880	42	RESP=1
8937322	42	STIM=x
8948175	42	RESP=1
8954020	42	STIM=3
8963424	42	RESP=2
8972297	42	STIM=6
8978424	42	RESP=1
8990986	42	STIM=r
8994288	42	RESP=1
9008799	42	STIM=k
9011988	42	RESP=1
9025474	42	STIM=n
9031364	42	RESP=1
9043499	42	STIM=8
9053563	42	RESP=2
9059433	42	STIM=e
9063147	42	RESP=1
9076345	42	STIM=2
9085113	42	RESP=2
9094918	42	STIM=q
9099502	42	RESP=1
9111387	42	STIM=y
9120760	42	RESP=1
9129784	42	STIM=a
9137513	42	RESP=1
9145523	42	STIM=u
9150437	42	RESP=1
9161272	42	STIM=g
9166723	42	RESP=1
9178061	42	STIM=i
9184640	42	RESP=1
9196704	42	STIM=k
9201532	42	RESP=1
9214598	42	STIM=g
9221030	42	RESP=1
9229623	42	STIM=j
9237489	42	RESP=1
9246895	42	STIM=u
9251392	42	RESP=1
9263612	42	STIM=f
9270481	42	RESP=1
9280573	42	STIM=u
9285654	42	RESP=1
9299424	42	STIM=a
9302455	42	RESP=1
9316457	42	STIM=y
9323984	42	RESP=1
9331534	42	STIM=j
9336312	42	RESP=1
9347051	42	STIM=d
9349892	42	RESP=1
9365659	42	STIM=v
9372805	42	RESP=1
9384326	42	STIM=d
9392857	42	RESP=1
9403040	42	STIM=n
9408366	42	RESP=1
9420623	42	STIM=i
9426465	42	RESP=1
9436500	42	STIM=a
9446162	42	RESP=1
9452840	42	STIM=x
9457558	42	RESP=1
9468082	42	STIM=0
9477756	42	RESP=1
9483822	42	STIM=h
9491898	42	RESP=1
9502306	42	STIM=v
9505528	42	RESP=1
9520851	42	STIM=w
9524177	42	RESP=1
9536396	42	STIM=6
9542582	42	RESP=2
9554654	42	STIM=g
9561115	42	RESP=1
9571730	42	STIM=g
9576708	42	RESP=1
9588436	42	STIM=x
9591895	42	RESP=1
9604110	42	STIM=o
9607762	42	RESP=1
9621520	42	STIM=a
9628692	42	RESP=2
9638453	42	STIM=v
9642010	42	RESP=1
9653606	42	STIM=n
9659078	42	RESP=1
9671170	42	STIM=f
9677519	42	RESP=1
9688157	42	STIM=n
9693505	42	RESP=1
9703386	42	STIM=3
9709121	42	RESP=2
9722056	42	STIM=g
9728915	42	RESP=1
9738588	42	STIM=l
9743383	42	RESP=1
9756762	42	STIM=x
9759867	42	RESP=1
9772137	42	STIM=u
9776907	42	RESP=1
9789966	42	STIM=7
9797909	42	RESP=2
9805516	42	STIM=j
9809760	42	RESP=1
9821696	42	STIM=z
9828304	42	RESP=1
9837010	42	STIM=a
9842486	42	RESP=1
9854789	42	STIM=x
9866822	42	RESP=1
9872164	42	STIM=c
9883886	42	RESP=1
9890637	42	STIM=6
9895184	42	RESP=2
9907471	42	STIM=b
9915156	42	RESP=1
9925199	42	STIM=s
9928580	42	RESP=1
9941618	42	STIM=p
9945328	42	RESP=1
9959682	42	STIM=f
9963992	42	RESP=1
9974994	42	STIM=n
9982409	42	RESP=1
9991733	42	STIM=8
10004485	42	RESP=2
10009174	42	STIM=n
10012413	42	RESP=1
10026080	42	STIM=r
10031670	42	RESP=1
10042856	42	STIM=7
10047032	42	RESP=2
10061752	42	STIM=5
10070050	42	RESP=2
10079369	42	STIM=i
10089703	42	RESP=1
10096198	42	STIM=x
10101500	42	RESP=1
10111542	42	STIM=3
10117309	42	RESP=2
10130021	42	STIM=s
10139258	42	RESP=1
10146539	42	STIM=1
10152712	42	RESP=2
10163775	42	STIM=p
10167834	42	RESP=1
10178859	42	STIM=t
10182297	42	RESP=1
10195367	42	STIM=t
10202716	42	RESP=1
10212768	42	STIM=o
10216530	42	RESP=1
10228267	42	STIM=o
10233554	42	RESP=1
10243914	42	STIM=8
10247811	42	RESP=2
10262229	42	STIM=i
10265907	42	RESP=1
10277704	42	STIM=c
10283689	42	RESP=1
10294281	42	STIM=1
10300883	42	RESP=2
10312793	42	STIM=k
10317453	42	RESP=1
10331567	42	STIM=i
10337314	42	RESP=1
10347740	42	STIM=r
10352453	42	RESP=1
10365382	42	STIM=a
10370706	42	RESP=1
10381645	42	STIM=1
10386202	42	RESP=2
10398222	42	STIM=d
10403125	42	RESP=1
10416771	42	STIM=7
10422888	42	RESP=1
10435703	42	STIM=1
10442700	42	RESP=2
10453776	42	STIM=c
10457987	42	RESP=1
10472055	42	STIM=e
10478748	42	RESP=1
10487855	42	STIM=i
10492064	42	RESP=1
10504420	42	STIM=y
10512647	42	RESP=1
10523179	42	STIM=4
10531505	42	RESP=2
10539083	42	STIM=e
10549517	42	RESP=1
10557341	42	STIM=b
10562904	42	RESP=1
10574900	42	STIM=5
10580892	42	RESP=2
10591025	42	STIM=v
10596112	42	RESP=1
10610016	42	STIM=4
10616900	42	RESP=2
10628742	42	STIM=m
10634429	42	RESP=1
10645668	42	STIM=t
10656132	42	RESP=2
10661155	42	STIM=6
10668195	42	RESP=2
10679513	42	STIM=r
10687932	42	RESP=2
10696773	42	STIM=s
10700655	42	RESP=1
10712627	42	STIM=6
10721673	42	RESP=2
10731323	42	STIM=t
10740192	42	RESP=1
10748918	42	STIM=i
10753795	42	RESP=1
10764364	42	STIM=g
10768458	42	RESP=2
10781117	42	STIM=f
10787183	42	RESP=1
10796508	42	STIM=x
10801430	42	RESP=2
10811926	42	STIM=a
10815647	42	RESP=1
10829688	42	STIM=r
10833591	42	RESP=1
10846484	42	STIM=d
10850126	42	RESP=1
10863818	42	STIM=f
10872357	42	RESP=1
10882291	42	STIM=n
10886234	42	RESP=1
10900307	42	STIM=t
10904507	42	RESP=1
10915325	42	STIM=f
10922369	42	RESP=1
10933184	42	STIM=b
10937035	42	RESP=1
10951396	42	STIM=t
10954683	42	RESP=1
10966758	42	STIM=j
10972932	42	RESP=1
10984524	42	STIM=f
10996461	42	RESP=1
11002505	42	STIM=p
11007130	42	RESP=1
11017562	42	STIM=o
11025359	42	RESP=1
11035944	42	STIM=l
11040051	42	RESP=1
11053475	42	STIM=c
11057109	42	RESP=1
11072447	42	STIM=1
11078181	42	RESP=2
11090954	42	STIM=u
11097992	42	RESP=1
11106181	42	STIM=l
11110300	42	RESP=1
11124949	42	STIM=o
11131540	42	RESP=1
11140014	42	STIM=n
11145828	42	RESP=1
11155546	42	STIM=r
11158501	42	RESP=1
11170971	42	STIM=5
11181378	42	RESP=2
11187020	42	STIM=q
11194551	42	RESP=1
11204212	42	STIM=j
11209851	42	RESP=2
11219763	42	STIM=f
11223845	42	RESP=1
11236268	42	STIM=k
11242685	42	RESP=1
11254933	42	STIM=9
11258900	42	RESP=1
11273465	42	STIM=w
11279192	42	RESP=1
11291625	42	STIM=b
11295006	42	RESP=1
11307761	42	STIM=q
11313883	42	RESP=1
11323881	42	STIM=8
11333650	42	RESP=2
11340946	42	STIM=l
11346639	42	RESP=1
11358231	42	STIM=p
11361623	42	RESP=1
11375868	42	STIM=7
11382162	42	RESP=2
11394396	42	STIM=9
11401208	42	RESP=2
11411447	42	STIM=9
11417263	42	RESP=2
11428661	42	STIM=h
11435686	42	RESP=1
11443910	42	STIM=k
11449728	42	RESP=1
11459891	42	STIM=3
11467610	42	RESP=2
11475334	42	STIM=q
11483157	42	RESP=1
11492381	42	STIM=m
11495768	42	RESP=1
11509098	42	STIM=v
11513971	42	RESP=1
11525742	42	STIM=j
11530728	42	RESP=1
11540770	42	STIM=2
11549075	42	RESP=2
11557267	42	STIM=p
11560063	42	RESP=1
11572797	42	STIM=3
11579809	42	RESP=2
11589919	42	STIM=k
11599281	42	RESP=1
11605450	42	STIM=s
11610026	42	RESP=1
11623168	42	STIM=l
11626148	42	RESP=1
11641252	42	STIM=i
11649371	42	RESP=1
11658688	42	STIM=3
11669802	42	RESP=2
11676390	42	STIM=y
11682285	42	RESP=1
11692592	42	STIM=z
11696549	42	RESP=2
11711268	42	STIM=t
11716807	42	RESP=1
11728600	42	STIM=l
11732350	42	RESP=1
11745261	42	STIM=9
11750752	42	RESP=2
11760650	42	STIM=c
11764094	42	RESP=1
11778700	42	STIM=f
11783551	42	RESP=1
11796530	42	STIM=2
11802477	42	RESP=1
11813220	42	STIM=h
11824155	42	RESP=1
11829089	42	STIM=d
11833349	42	RESP=1
11845874	42	STIM=4
11854098	42	RESP=1
11863097	42	STIM=m
11867242	42	RESP=1
11881624	42	STIM=1
11889206	42	RESP=2
11897696	42	STIM=v
11904492	42	RESP=1
11912883	42	STIM=w
11916058	42	RESP=1
11930148	42	STIM=w
11939291	42	RESP=1
11948120	42	STIM=6
11955103	42	RESP=2
11965198	42	STIM=c
11970158	42	RESP=1
11983900	42	STIM=3
11990085	42	RESP=2
12000386	42	STIM=c
12005056	42	RESP=1
12015833	42	STIM=k
12023688	42	RESP=1
12034570	42	STIM=c
12040933	42	RESP=1
12051693	42	STIM=s
12059500	42	RESP=1
12066971	42	STIM=7
12073158	42	RESP=1
12085559	42	STIM=w
12089087	42	RESP=1
12100667	42	STIM=w
12106942	42	RESP=1
12118880	42	STIM=w
12123071	42	RESP=1
12135998	42	STIM=p
12142443	42	RESP=1
12153008	42	STIM=x
12161541	42	RESP=1
12171193	42	STIM=h
12177259	42	RESP=1
12187268	42	STIM=p
12195592	42	RESP=1
12205414	42	STIM=m
12210645	42	RESP=1
12222329	42	STIM=o
12226179	42	RESP=1
12238208	42	STIM=3
12244489	42	RESP=2
12255075	42	STIM=j
12260255	42	RESP=1
12271891	42	STIM=8
12280221	42	RESP=1
12288525	42	STIM=w
12293148	42	RESP=1
12304394	42	STIM=f
12308143	42	RESP=1
12320266	42	STIM=n
12327132	42	RESP=1
12335826	42	STIM=o
12342100	42	RESP=1
12353246	42	STIM=l
12359443	42	RESP=1
12371697	42	STIM=2
12377183	42	RESP=1
12389365	42	STIM=7
12394559	42	RESP=2
12406921	42	STIM=b
12415057	42	RESP=1
12422369	42	STIM=x
12431850	42	RESP=1
12439514	42	STIM=h
12443927	42	RESP=1
12455161	42	STIM=n
12458852	42	RESP=1
12471979	42	STIM=l
12475901	42	RESP=1
12489533	42	STIM=o
12497272	42	RESP=1
12507770	42	STIM=t
12518415	42	RESP=1
12524558	42	STIM=a
12529889	42	RESP=1
12541479	42	STIM=z
12547523	42	RESP=2
12558500	42	STIM=8
12563345	42	RESP=2
12573719	42	STIM=5
12579758	42	RESP=2
12589930	42	STIM=n
12595273	42	RESP=1
12605886	42	STIM=w
12612065	42	RESP=2
12621667	42	STIM=5
12627262	42	RESP=2
12639523	42	STIM=u
12644135	42	RESP=1
12657286	42	STIM=q
12663252	42	RESP=1
12674391	42	STIM=v
12679937	42	RESP=1
12692043	42	STIM=a
12701329	42	RESP=1
12710536	42	STIM=g
12716504	42	RESP=1
12728416	42	STIM=9
12732167	42	RESP=2
12744754	42	STIM=j
12751906	42	RESP=2
12763197	42	STIM=u
12769839	42	RESP=1
12780228	42	STIM=8
12789122	42	RESP=2
12795443	42	STIM=n
12800147	42	RESP=1
12813398	42	STIM=h
12817482	42	RESP=1
12828504	42	STIM=2
12834315	42	RESP=2
12843938	42	STIM=e
12851040	42	RESP=1
12861701	42	STIM=q
12867348	42	RESP=1
12878041	42	STIM=p
12881035	42	RESP=1
12893051	42	STIM=6
12899795	42	RESP=2
12909272	42	STIM=p
12915244	42	RESP=1
12926215	42	STIM=f
12934208	42	RESP=1
12943654	42	STIM=d
12949202	42	RESP=1
12959937	42	STIM=c
12968800	42	RESP=1
12975808	42	STIM=w
12980253	42	RESP=1
12991119	42	STIM=0
12996985	42	RESP=2
13008568	42	STIM=e
13014860	42	RESP=1
13026677	42	STIM=r
13030633	42	RESP=1
13045597	42	STIM=h
13059195	42	RESP=1
13063389	42	STIM=w
13068177	42	RESP=1
13079279	42	STIM=7
13084736	42	RESP=2
13096216	42	STIM=1
13106446	42	RESP=2
13112154	42	STIM=g
13117005	42	RESP=1
13128620	42	STIM=f
13133259	42	RESP=2
13147585	42	STIM=m
13151888	42	RESP=1
13162628	42	STIM=y
13168073	42	RESP=1
13179728	42	STIM=7
13185999	42	RESP=2
13197081	42	STIM=b
13202062	42	RESP=1
13212668	42	STIM=d
13216540	42	RESP=1
13228537	42	STIM=b
13233528	42	RESP=1
13247113	42	STIM=p
13253982	42	RESP=1
13264372	42	STIM=e
13269129	42	RESP=1
13283162	42	STIM=x
13289737	42	RESP=1
13301289	42	STIM=8
13306523	42	RESP=2
13319940	42	STIM=d
13329516	42	RESP=2
13336478	42	STIM=5
13343331	42	RESP=2
13354341	42	STIM=k
13359031	42	RESP=1
13370625	42	STIM=b
13377796	42	RESP=1
13385821	42	STIM=j
13392717	42	RESP=1
13402982	42	STIM=w
13409602	42	RESP=1
13418158	42	STIM=5
13423534	42	RESP=2
13436498	42	STIM=u
13439921	42	RESP=1
13451998	42	STIM=s
13456563	42	RESP=2
13469879	42	STIM=t
13473870	42	RESP=1
13488217	42	STIM=l
13492003	42	RESP=1
13505419	42	STIM=g
13509430	42	RESP=1
13523910	42	STIM=y
13527310	42	RESP=1
13539786	42	STIM=n
13548179	42	RESP=1
13558341	42	STIM=n
13563594	42	RESP=2
13575247	42	STIM=9
13581245	42	RESP=2
13591916	42	STIM=t
13598140	42	RESP=1
13610475	42	STIM=s
13618232	42	RESP=1
13627053	42	STIM=p
13634872	42	RESP=1
13642192	42	STIM=z
13647790	42	RESP=1
13660973	42	STIM=j
13666143	42	RESP=1
13676070	42	STIM=i
13686673	42	RESP=1
13694158	42	STIM=i
13698715	42	RESP=1
13709978	42	STIM=4
13715699	42	RESP=2
13727343	42	STIM=y
13733035	42	RESP=1
13746024	42	STIM=o
13751730	42	RESP=1
13764254	42	STIM=d
13775057	42	RESP=1
13781005	42	STIM=e
13786676	42	RESP=1
13796837	42	STIM=8
13803225	42	RESP=2
13813250	42	STIM=f
13818699	42	RESP=1
13830706	42	STIM=z
13837538	42	RESP=1
13849373	42	STIM=1
13854963	42	RESP=1
13865073	42	STIM=h
13870367	42	RESP=1
13883780	42	STIM=e
13887886	42	RESP=1
13899834	42	STIM=5
13906298	42	RESP=2
13917819	42	STIM=2
13926548	42	RESP=2
13934584	42	STIM=o
13939459	42	RESP=1
13949662	42	STIM=9
13955305	42	RESP=2
13967931	42	STIM=7
13973105	42	RESP=2
13985906	42	STIM=y
13994231	42	RESP=1
14004756	42	STIM=4
14010453	42	RESP=2
14021883	42	STIM=0
14032423	42	RESP=1
14039031	42	STIM=c
14045670	42	RESP=1
14056829	42	STIM=n
14061486	42	RESP=1
14075028	42	STIM=e
14079399	42	RESP=1
14091728	42	STIM=z
14099619	42	RESP=1
14107974	42	STIM=b
14114334	42	RESP=1
14124535	42	STIM=p
14128184	42	RESP=1
14140997	42	STIM=v
14147895	42	RESP=1
14157147	42	STIM=r
14163636	42	RESP=1
14173585	42	STIM=w
14179564	42	RESP=1
14191676	42	STIM=f
14198224	42	RESP=2
14209188	42	STIM=s
14213764	42	RESP=1
14226632	42	STIM=y
14231715	42	RESP=1
14244446	42	STIM=l
14247922	42	RESP=1
14261128	42	STIM=h
14268375	42	RESP=1
14276597	42	STIM=9
14283261	42	RESP=2
14295121	42	STIM=c
14298666	42	RESP=1
14310484	42	STIM=0
14315386	42	RESP=2
14327500	42	STIM=r
14333591	42	RESP=1
14345697	42	STIM=q
14349298	42	RESP=1
14360751	42	STIM=j
14367215	42	RESP=1
14377952	42	STIM=p
14384162	42	RESP=1
14393365	42	STIM=j
14409697	42	RESP=1
14411879	42	STIM=y
14418835	42	RESP=1
14430804	42	STIM=7
14435130	42	RESP=2
14449330	42	STIM=0
14456659	42	RESP=2
14466342	42	STIM=r
14474978	42	RESP=1
14485098	42	STIM=h
14489306	42	RESP=1
14501591	42	STIM=r
14505411	42	RESP=1
14519634	42	STIM=q
14523739	42	RESP=1
14537952	42	STIM=o
14544461	42	RESP=1
14555317	42	STIM=a
14561994	42	RESP=1
14572487	42	STIM=j
14577984	42	RESP=1
14588787	42	STIM=n
14593150	42	RESP=1
14604387	42	STIM=x
14610201	42	RESP=1
14619860	42	STIM=u
14629559	42	RESP=1
14638381	42	STIM=r
14644441	42	RESP=2
14655542	42	STIM=g
14663853	42	RESP=1
14670930	42	STIM=3
14682026	42	RESP=2
14688039	42	STIM=u
14693066	42	RESP=1
14705387	42	STIM=p
14707929	42	RESP=1
14723508	42	STIM=t
14727609	42	RESP=1
14739226	42	STIM=j
14746062	42	RESP=1
14755931	42	STIM=y
14759040	42	RESP=1
14774366	42	STIM=l
14779973	42	RESP=1
14790293	42	STIM=m
14794092	42	RESP=1
14809111	42	STIM=5
14819212	42	RESP=2
14824938	42	STIM=e
14830363	42	RESP=1
14840258	42	STIM=5
14847969	42	RESP=2
14856872	42	STIM=g
14866529	42	RESP=1
14875518	42	STIM=z
14880928	42	RESP=1
14891570	42	STIM=h
14896974	42	RESP=1
14908430	42	STIM=o
14913504	42	RESP=1
14926816	42	STIM=j
14930878	42	RESP=1
14941827	42	STIM=n
14948469	42	RESP=1
14958017	42	STIM=o
14964992	42	RESP=1
14976145	42	STIM=e
14979682	42	RESP=1
14993532	42	STIM=k
15001156	42	RESP=1
15011174	42	STIM=7
15017201	42	RESP=2
15027058	42	STIM=f
15030453	42	RESP=1
15044155	42	STIM=i
15052112	42	RESP=1
15061281	42	STIM=7
15066383	42	RESP=1
15078137	42	STIM=a
15084309	42	RESP=1
15095708	42	STIM=0
15102667	42	RESP=2
15111781	42	STIM=i
15116963	42	RESP=1
15130209	42	STIM=6
15135582	42	RESP=2
15147238	42	STIM=0
15161456	42	RESP=2
15165207	42	STIM=p
15168367	42	RESP=1
15182043	42	STIM=5
15187373	42	RESP=2
15199253	42	STIM=8
15207356	42	RESP=2
15216712	42	STIM=0
15223122	42	RESP=2
15234417	42	STIM=z
15241433	42	RESP=1
15250057	42	STIM=i
15254402	42	RESP=1
15269034	42	STIM=7
15275088	42	RESP=2
15286605	42	STIM=y
15291898	42	RESP=1
15305436	42	STIM=k
15311702	42	RESP=2
15321952	42	STIM=t
15326534	42	RESP=1
15340708	42	STIM=e
15347470	42	RESP=1
15357869	42	STIM=d
15368632	42	RESP=1
15375425	42	STIM=l
15380392	42	RESP=1
15390562	42	STIM=t
15396049	42	RESP=1
15407523	42	STIM=1
15414816	42	RESP=2
15425707	42	STIM=k
15432816	42	RESP=1
15443764	42	STIM=t
15449070	42	RESP=1
15458883	42	STIM=v
15461904	42	RESP=1
15475794	42	STIM=h
15481009	42	RESP=1
15494348	42	STIM=r
15501306	42	RESP=1
15510609	42	STIM=y
15513711	42	RESP=1
15528777	42	STIM=p
15535262	42	RESP=1
15547538	42	STIM=k
15554048	42	RESP=1
15565595	42	STIM=2
15573970	42	RESP=2
15584382	42	STIM=p
15587311	42	RESP=1
15602757	42	STIM=h
15609414	42	RESP=1
15619131	42	STIM=n
15622552	42	RESP=1
15634547	42	STIM=6
15639777	42	RESP=2
15650122	42	STIM=r
15652847	42	RESP=2
15667162	42	STIM=o
15672420	42	RESP=1
15683482	42	STIM=t
15689506	42	RESP=1
15700990	42	STIM=g
15706866	42	RESP=1
15716766	42	STIM=4
15721080	42	RESP=2
15734197	42	STIM=s
15741746	42	RESP=1
15749616	42	STIM=3
15758341	42	RESP=2
15768138	42	STIM=t
15775529	42	RESP=1
15784563	42	STIM=w
15796069	42	RESP=1
15801530	42	STIM=l
15806660	42	RESP=1
15820278	42	STIM=c
15826445	42	RESP=1
15836962	42	STIM=5
15842555	42	RESP=2
15854804	42	STIM=u
15867059	42	RESP=1
15871742	42	STIM=p
15877944	42	RESP=1
15889224	42	STIM=6
15899393	42	RESP=2
15904384	42	STIM=a
15911306	42	RESP=1
15921011	42	STIM=0
15929911	42	RESP=1
15936548	42	STIM=o
15941014	42	RESP=1
15951666	42	STIM=3
15958546	42	RESP=1
15970170	42	STIM=g
15976661	42	RESP=1
15987241	42	STIM=v
15996401	42	RESP=1
16005556	42	STIM=7
16011483	42	RESP=2
16022609	42	STIM=t
16025519	42	RESP=1
16040205	42	STIM=z
16045621	42	RESP=1
16057121	42	STIM=j
16061420	42	RESP=1
16075072	42	STIM=k
16084145	42	RESP=1
16091480	42	STIM=v
16101374	42	RESP=1
16108777	42	STIM=y
16116092	42	RESP=1
16126033	42	STIM=r
16135036	42	RESP=1
16143840	42	STIM=b
16152048	42	RESP=1
16162504	42	STIM=x
16167186	42	RESP=1
16177579	42	STIM=0
16184000	42	RESP=2
16194947	42	STIM=d
16199349	42	RESP=1
16213619	42	STIM=n
16218401	42	RESP=1
16230151	42	STIM=f
16233928	42	RESP=1
16246814	42	STIM=a
16253010	42	RESP=1
16263842	42	STIM=z
16268328	42	RESP=1
16282206	42	STIM=w
16292937	42	RESP=1
16297548	42	STIM=b
16301147	42	RESP=1
16312808	42	STIM=q
16317067	42	RESP=1
16330897	42	STIM=u
16338443	42	RESP=1
16349502	42	STIM=2
16353649	42	RESP=1
16367998	42	STIM=4
16377234	42	RESP=2
16383980	42	STIM=b
16391995	42	RESP=1
16398993	42	STIM=l
16407888	42	RESP=1
16417326	42	STIM=k
16423355	42	RESP=1
16433542	42	STIM=d
16437638	42	RESP=1
16450805	42	STIM=f
16455677	42	RESP=1
16466771	42	STIM=o
16472685	42	RESP=1
16484604	42	STIM=w
16488422	42	RESP=1
16499761	42	STIM=p
16503925	42	RESP=1
16516420	42	STIM=y
16528408	42	RESP=1
16532037	42	STIM=p
16537352	42	RESP=1
16547897	42	STIM=s
16555903	42	RESP=1
16565006	42	STIM=e
16576858	42	RESP=1
16582029	42	STIM=g
16589410	42	RESP=1
16598765	42	STIM=y
16605849	42	RESP=1
16616582	42	STIM=3
16625621	42	RESP=2
16633600	42	STIM=s
16640428	42	RESP=1
16650695	42	STIM=j
16655474	42	RESP=1
16667061	42	STIM=l
16674327	42	RESP=1
16683349	42	STIM=t
16689529	42	RESP=1
16700975	42	STIM=0
16705804	42	RESP=2
16718447	42	STIM=j
16722634	42	RESP=1
16736674	42	STIM=s
16745248	42	RESP=1
16751901	42	STIM=s
16757808	42	RESP=1
16767226	42	STIM=m
16774119	42	RESP=1
16782531	42	STIM=s
16787549	42	RESP=1
16800923	42	STIM=f
16804499	42	RESP=1
16819545	42	STIM=o
16825681	42	RESP=1
16838032	42	STIM=v
16842269	42	RESP=1
16855966	42	STIM=n
16860824	42	RESP=1
16873880	42	STIM=s
16881986	42	RESP=1
16891036	42	STIM=q
16895739	42	RESP=1
16906244	42	STIM=y
16918290	42	RESP=1
16922945	42	STIM=e
16932035	42	RESP=1
16941574	42	STIM=i
16947320	42	RESP=1
16960065	42	STIM=i
16970129	42	RESP=1
16975294	42	STIM=o
16980151	42	RESP=2
16994137	42	STIM=t
17001968	42	RESP=1
17009628	42	STIM=o
17014248	42	RESP=1
17028512	42	STIM=e
17034657	42	RESP=2
17044151	42	STIM=u
17050676	42	RESP=1
17059413	42	STIM=f
17063349	42	RESP=1
17077272	42	STIM=g
17080958	42	RESP=1
17095503	42	STIM=4
17100980	42	RESP=1
17112929	42	STIM=t
17119626	42	RESP=1
17131683	42	STIM=l
17137003	42	RESP=2
17147665	42	STIM=n
17150003	42	RESP=1
17165523	42	STIM=x
17170472	42	RESP=1
17183905	42	STIM=q
17186978	42	RESP=1
17200071	42	STIM=o
17207483	42	RESP=1
17217635	42	STIM=a
17222275	42	RESP=1
17234611	42	STIM=m
17239413	42	RESP=1
17252645	42	STIM=q
17258100	42	RESP=1
17269496	42	STIM=l
17273128	42	RESP=1
17286559	42	STIM=8
17291940	42	RESP=2
17301955	42	STIM=0
17310507	42	RESP=2
17318919	42	STIM=v
17325413	42	RESP=1
17335845	42	STIM=r
17340152	42	RESP=1
17352804	42	STIM=j
17359229	42	RESP=1
17368414	42	STIM=z
17372830	42	RESP=2
17383445	42	STIM=e
17386399	42	RESP=1
17399924	42	STIM=c
17403062	42	RESP=1
17418224	42	STIM=c
17420807	42	RESP=1
17434672	42	STIM=g
17440615	42	RESP=1
17453185	42	STIM=b
17457640	42	RESP=2
17469830	42	STIM=7
17474992	42	RESP=2
17486268	42	STIM=0
17492682	42	RESP=1
17503736	42	STIM=d
17509085	42	RESP=1
17520500	42	STIM=0
17526695	42	RESP=2
17536120	42	STIM=v
17544320	42	RESP=1
17555107	42	STIM=d
17562888	42	RESP=1
17573624	42	STIM=u
17577171	42	RESP=1
17589700	42	STIM=j
17595295	42	RESP=1
17606602	42	STIM=l
17614063	42	RESP=2
17622358	42	STIM=j
17626746	42	RESP=1
17639941	42	STIM=5
17645776	42	RESP=2
17655759	42	STIM=r
17660252	42	RESP=1
17672597	42	STIM=4
17678355	42	RESP=2
17689997	42	STIM=6
17696128	42	RESP=2
17705787	42	STIM=e
17714031	42	RESP=1
17724340	42	STIM=v
17730009	42	RESP=1
17741497	42	STIM=r
17745069	42	RESP=1
17757681	42	STIM=u
17763451	42	RESP=1
17773547	42	STIM=x
17778483	42	RESP=1
17789047	42	STIM=h
17795021	42	RESP=1
17806795	42	STIM=b
17814678	42	RESP=1
17822378	42	STIM=t
17826562	42	RESP=1
17838502	42	STIM=p
17843879	42	RESP=1
17855334	42	STIM=y
17863338	42	RESP=1
17871917	42	STIM=1
17877718	42	RESP=2
17889282	42	STIM=z
17894940	42	RESP=2
17904828	42	STIM=q
17912539	42	RESP=1
17922698	42	STIM=q
17927996	42	RESP=1
17937895	42	STIM=c
17944044	42	RESP=1
17953124	42	STIM=y
17957219	42	RESP=1
17968480	42	STIM=m
17971557	42	RESP=1
17984136	42	STIM=z
17989586	42	RESP=2
18002526	42	STIM=m
18008092	42	RESP=1
18018521	42	STIM=e
18023304	42	RESP=1
18034662	42	STIM=4
18039633	42	RESP=2
18049833	42	STIM=v
18056962	42	RESP=1
18065235	42	STIM=o
18069926	42	RESP=1
18080317	42	STIM=l
18085817	42	RESP=1
18097190	42	STIM=x
18110740	42	RESP=1
18114586	42	STIM=i
18120693	42	RESP=1
18130127	42	STIM=v
18134279	42	RESP=1
18147717	42	STIM=c
18153578	42	RESP=1
18165982	42	STIM=d
18171762	42	RESP=1
18181361	42	STIM=u
18186520	42	RESP=1
18197552	42	STIM=q
18202178	42	RESP=1
18214016	42	STIM=3
18222030	42	RESP=2
18231348	42	STIM=p
18236741	42	RESP=1
18248468	42	STIM=o
18253407	42	RESP=1
18264348	42	STIM=g
18269557	42	RESP=1
18281831	42	STIM=8
18286817	42	RESP=2
18299229	42	STIM=m
18313563	42	RESP=1
18315664	42	STIM=p
18323973	42	RESP=1
18333717	42	STIM=z
18336764	42	RESP=2
18349090	42	STIM=j
18352383	42	RESP=1
18365162	42	STIM=f
18370055	42	RESP=1
18383078	42	STIM=a
18386944	42	RESP=1
18400688	42	STIM=b
18403475	42	RESP=1
18417817	42	STIM=8
18421870	42	RESP=2
18433783	42	STIM=y
18438876	42	RESP=1
18450046	42	STIM=b
18453932	42	RESP=1
18466984	42	STIM=m
18471789	42	RESP=1
18485610	42	STIM=v
18490055	42	RESP=1
18502389	42	STIM=1
18508082	42	RESP=2
18519142	42	STIM=e
18523306	42	RESP=1
18535062	42	STIM=o
18542594	42	RESP=1
18552189	42	STIM=s
18560117	42	RESP=1
18570185	42	STIM=0
18575034	42	RESP=2
18585700	42	STIM=o
18590646	42	RESP=1
18604176	42	STIM=i
18610282	42	RESP=1
18619651	42	STIM=j
18624520	42	RESP=1
18637946	42	STIM=r
18643256	42	RESP=1
18655425	42	STIM=u
18660060	42	RESP=1
18672625	42	STIM=s
18681169	42	RESP=1
18688239	42	STIM=e
18694930	42	RESP=1
18703771	42	STIM=g
18710886	42	RESP=1
18722255	42	STIM=i
18726184	42	RESP=1
18739442	42	STIM=6
18745519	42	RESP=2
18755231	42	STIM=6
18760402	42	RESP=2
18772492	42	STIM=o
18779374	42	RESP=1
18791394	42	STIM=8
18798558	42	RESP=2
18808597	42	STIM=b
18816348	42	RESP=1
18825566	42	STIM=5
18830533	42	RESP=2
18841469	42	STIM=4
18849778	42	RESP=2
18858973	42	STIM=s
18864673	42	RESP=1
18874772	42	STIM=p
18878143	42	RESP=1
18890284	42	STIM=8
18897049	42	RESP=2
18906620	42	STIM=h
18914475	42	RESP=1
18924439	42	STIM=n
18931925	42	RESP=1
18943242	42	STIM=b
18947600	42	RESP=1
18960326	42	STIM=j
18968226	42	RESP=1
18977260	42	STIM=7
18983114	42	RESP=2
18993168	42	STIM=f
18997518	42	RESP=1
19009493	42	STIM=y
19019121	42	RESP=1
19024519	42	STIM=b
19028521	42	RESP=1
19040115	42	STIM=r
19049217	42	RESP=1
19056605	42	STIM=u
19060236	42	RESP=1
19075093	42	STIM=0
19081583	42	RESP=2
19090455	42	STIM=j
19095805	42	RESP=1
19108263	42	STIM=b
19117171	42	RESP=1
19123893	42	STIM=t
19130377	42	RESP=1
19142303	42	STIM=8
19148021	42	RESP=2
19158612	42	STIM=q
19161545	42	RESP=1
19176252	42	STIM=v
19180888	42	RESP=1
19194966	42	STIM=v
19201569	42	RESP=1
19211268	42	STIM=g
19214152	42	RESP=1
19227835	42	STIM=c
19233809	42	RESP=1
19243064	42	STIM=7
19247806	42	RESP=2
19260572	42	STIM=w
19264896	42	RESP=1
19275880	42	STIM=e
19280928	42	RESP=1
19294879	42	STIM=n
19299336	42	RESP=1
19312699	42	STIM=z
19316363	42	RESP=1
19330262	42	STIM=b
19334145	42	RESP=1
19347863	42	STIM=x
19354805	42	RESP=1
19363814	42	STIM=r
19368917	42	RESP=1
19381507	42	STIM=e
19385515	42	RESP=1
19399561	42	STIM=q
19414022	42	RESP=1
19416429	42	STIM=m
19422583	42	RESP=1
19435332	42	STIM=f
19440887	42	RESP=1
19451077	42	STIM=4
19457562	42	RESP=2
19467001	42	STIM=h
19470912	42	RESP=1
19483816	42	STIM=1
19491062	42	RESP=2
19499042	42	STIM=h
19502505	42	RESP=1
19515821	42	STIM=y
19521159	42	RESP=1
19533704	42	STIM=w
19539769	42	RESP=1
19551997	42	STIM=z
19558045	42	RESP=1
19568797	42	STIM=8
19581241	42	RESP=2
19584109	42	STIM=n
19587899	42	RESP=1
19600167	42	STIM=5
19604452	42	RESP=2
19617740	42	STIM=m
19624225	42	RESP=1
19633736	42	STIM=5
19644073	42	RESP=2
19648868	42	STIM=u
19653015	42	RESP=1
19666452	42	STIM=j
19671585	42	RESP=1
19684117	42	STIM=4
19691513	42	RESP=1
19702341	42	STIM=4
19708853	42	RESP=2
19717737	42	STIM=y
19726223	42	RESP=1
19735414	42	STIM=k
19745099	42	RESP=1
19750894	42	STIM=m
19758932	42	RESP=1
19767720	42	STIM=h
19772686	42	RESP=1
19783809	42	STIM=v
19791278	42	RESP=1
19799045	42	STIM=0
19807228	42	RESP=2
19814186	42	STIM=j
19820783	42	RESP=1
19830572	42	STIM=t
19838529	42	RESP=1
19848596	42	STIM=q
19853010	42	RESP=1
19867115	42	STIM=n
19871515	42	RESP=1
19882466	42	STIM=2
19891281	42	RESP=2
19899016	42	STIM=r
19908912	42	RESP=1
19915235	42	STIM=4
19924353	42	RESP=2
19932480	42	STIM=d
19936733	42	RESP=1
19947779	42	STIM=d
19953815	42	RESP=1
19966015	42	STIM=b
19969193	42	RESP=1
19981762	42	STIM=y
19988861	42	RESP=2
20000080	42	STIM=s
20004897	42	RESP=1
20018640	42	STIM=1
20022946	42	RESP=2
20035764	42	STIM=m
20041460	42	RESP=1
20050984	42	STIM=n
20057011	42	RESP=1
20068451	42	STIM=m
20075548	42	RESP=1
20085783	42	STIM=2
20092103	42	RESP=2
20104182	42	STIM=0
20109029	42	RESP=1
20119649	42	STIM=p
20122486	42	RESP=1
20136650	42	STIM=f
20143167	42	RESP=1
20153808	42	STIM=v
20156887	42	RESP=1
20170062	42	STIM=i
20173592	42	RESP=1
20186125	42	STIM=a
20189757	42	RESP=1
20204469	42	STIM=h
20211058	42	RESP=1
20219807	42	STIM=q
20222942	42	RESP=1
20235125	42	STIM=n
20240212	42	RESP=1
20251048	42	STIM=n
20255778	42	RESP=1
20268138	42	STIM=n
20276353	42	RESP=1
20284693	42	STIM=m
20292431	42	RESP=1
20299753	42	STIM=9
20310723	42	RESP=2
20318407	42	STIM=u
20323315	42	RESP=1
20334517	42	STIM=u
20338851	42	RESP=1
20353368	42	STIM=0
20364505	42	RESP=2
20371393	42	STIM=m
20375809	42	RESP=2
20389146	42	STIM=g
20394166	42	RESP=1
20407633	42	STIM=h
20414495	42	RESP=1
20423695	42	STIM=p
20430785	42	RESP=1
20440217	42	STIM=h
20453373	42	RESP=1
20455281	42	STIM=2
20460479	42	RESP=2
20471240	42	STIM=u
20476489	42	RESP=1
20486716	42	STIM=s
20491311	42	RESP=1
20505396	42	STIM=d
20510637	42	RESP=1
20522991	42	STIM=f
20526061	42	RESP=2
20538649	42	STIM=3
20544661	42	RESP=2
20556718	42	STIM=i
20560692	42	RESP=1
20573317	42	STIM=f
20578914	42	RESP=1
20588926	42	STIM=q
20600518	42	RESP=1
20606541	42	STIM=d
20610927	42	RESP=1
20625539	42	STIM=5
20631189	42	RESP=2
20644037	42	STIM=4
20650097	42	RESP=2
20662049	42	STIM=a
20666560	42	RESP=1
20679812	42	STIM=g
20686493	42	RESP=1
20698439	42	STIM=2
20706742	42	RESP=1
20713967	42	STIM=r
20717856	42	RESP=1
20729943	42	STIM=l
20734659	42	RESP=1
20745575	42	STIM=q
20751778	42	RESP=1
20763940	42	STIM=1
20768967	42	RESP=2
20780407	42	STIM=d
20785163	42	RESP=1
20796599	42	STIM=t
20799442	42	RESP=1
20815011	42	STIM=c
20818597	42	RESP=1
20832265	42	STIM=a
20839329	42	RESP=1
20850408	42	STIM=b
20856848	42	RESP=1
20868347	42	STIM=t
20873312	42	RESP=1
20884266	42	STIM=4
20893425	42	RESP=2
20903047	42	STIM=e
20909616	42	RESP=1
20921625	42	STIM=l
20927422	42	RESP=1
20939093	42	STIM=y
20944607	42	RESP=1
20955549	42	STIM=u
20967629	42	RESP=1
20973982	42	STIM=d
20980501	42	RESP=1
20989509	42	STIM=i
20994829	42	RESP=1
21007585	42	STIM=f
21011167	42	RESP=1
21022877	42	STIM=p
21028945	42	RESP=1
21040016	42	STIM=v
21051287	42	RESP=1
21058283	42	STIM=g
21063506	42	RESP=1
21076943	42	STIM=p
21083876	42	RESP=1
21093251	42	STIM=x
21098651	42	RESP=1
21110373	42	STIM=y
21116876	42	RESP=1
21129306	42	STIM=h
21136481	42	RESP=1
21145368	42	STIM=l
21147942	42	RESP=1
21162376	42	STIM=e
21170110	42	RESP=1
21178793	42	STIM=f
21183983	42	RESP=1
21194807	42	STIM=z
21205785	42	RESP=1
21211980	42	STIM=u
21220874	42	RESP=1
21228044	42	STIM=e
21232596	42	RESP=1
21244933	42	STIM=j
21250583	42	RESP=1
21263702	42	STIM=c
21267769	42	RESP=1
21281637	42	STIM=9
21290296	42	RESP=2
21299353	42	STIM=v
21304414	42	RESP=1
21316025	42	STIM=y
21319981	42	RESP=2
21333501	42	STIM=3
21339361	42	RESP=2
21348550	42	STIM=5
21356698	42	RESP=2
21366341	42	STIM=9
21372091	42	RESP=2
21383139	42	STIM=s
21387413	42	RESP=1
21401154	42	STIM=9
21406814	42	RESP=2
21418164	42	STIM=w
21426757	42	RESP=1
21434013	42	STIM=4
21439152	42	RESP=2
21449600	42	STIM=7
21457112	42	RESP=2
21467909	42	STIM=2
21473913	42	RESP=2
21483097	42	STIM=s
21486908	42	RESP=1
21500097	42	STIM=9
21505206	42	RESP=1
21516936	42	STIM=8
21522391	42	RESP=2
21534764	42	STIM=t
21537527	42	RESP=1
21553343	42	STIM=j
21559186	42	RESP=1
21570057	42	STIM=9
21576300	42	RESP=2
21585130	42	STIM=4
21589274	42	RESP=2
21602302	42	STIM=a
21607206	42	RESP=1
21620421	42	STIM=r
21626095	42	RESP=1
21635499	42	STIM=w
21641060	42	RESP=1
21650873	42	STIM=c
21653906	42	RESP=2
21667890	42	STIM=u
21672734	42	RESP=1
21685296	42	STIM=h
21688908	42	RESP=1
21702960	42	STIM=w
21709762	42	RESP=1
21721508	42	STIM=t
21727145	42	RESP=1
