# Original filename: 0059_AQK_2017-08-29.log
# Time unit: 100 us
# RARECAT=digit
#
# Time	HHGG	Event
28304	42	STIM=b
33271	42	RESP=1
43492	42	STIM=y
47109	42	RESP=1
59110	42	STIM=j
64394	42	RESP=1
74503	42	STIM=g
79071	42	RESP=1
93073	42	STIM=u
97189	42	RESP=1
110941	42	STIM=x
113569	42	RESP=1
128525	42	STIM=x
132971	42	RESP=2
143813	42	STIM=u
149506	42	RESP=1
159135	42	STIM=s
164356	42	RESP=2
175494	42	STIM=k
178612	42	RESP=1
191369	42	STIM=1
195864	42	RESP=2
209515	42	STIM=w
212820	42	RESP=1
226210	42	STIM=4
230028	42	RESP=2
244807	42	STIM=g
252492	42	RESP=1
263676	42	STIM=e
268282	42	RESP=1
279039	42	STIM=g
284796	42	RESP=1
295293	42	STIM=k
298853	42	RESP=1
313260	42	STIM=f
316408	42	RESP=1
328746	42	STIM=l
333970	42	RESP=1
345224	42	STIM=a
348849	42	RESP=1
361395	42	STIM=u
366847	42	RESP=1
377766	42	STIM=t
383475	42	RESP=1
396285	42	STIM=s
403780	42	RESP=1
412318	42	STIM=f
415936	42	RESP=1
428303	42	STIM=c
433467	42	RESP=1
445842	42	STIM=u
449891	42	RESP=1
464012	42	STIM=f
469150	42	RESP=1
481747	42	STIM=2
486008	42	RESP=2
497647	42	STIM=c
505543	42	RESP=1
516281	42	STIM=v
519934	42	RESP=2
532794	42	STIM=w
537780	42	RESP=1
549941	42	STIM=i
554141	42	RESP=1
566557	42	STIM=0
571412	42	RESP=2
584303	42	STIM=m
591636	42	RESP=1
601429	42	STIM=k
607824	42	RESP=1
618864	42	STIM=d
622700	42	RESP=1
634292	42	STIM=s
639280	42	RESP=1
650699	42	STIM=1
657793	42	RESP=2
669045	42	STIM=5
674938	42	RESP=1
685347	42	STIM=t
688894	42	RESP=1
701462	42	STIM=p
705849	42	RESP=1
717636	42	STIM=u
721113	42	RESP=1
736482	42	STIM=5
743293	42	RESP=2
752312	42	STIM=l
760090	42	RESP=1
768891	42	STIM=b
772610	42	RESP=1
784312	42	STIM=2
788562	42	RESP=2
800279	42	STIM=r
804260	42	RESP=1
817176	42	STIM=k
820391	42	RESP=1
834391	42	STIM=x
839773	42	RESP=1
850776	42	STIM=u
855166	42	RESP=1
868981	42	STIM=n
873155	42	RESP=1
886813	42	STIM=j
895182	42	RESP=1
903512	42	STIM=f
907747	42	RESP=1
922297	42	STIM=f
925203	42	RESP=2
939407	42	STIM=d
943026	42	RESP=1
957958	42	STIM=c
962858	42	RESP=1
973185	42	STIM=d
977874	42	RESP=1
991481	42	STIM=q
997135	42	RESP=1
1008229	42	STIM=j
1011338	42	RESP=1
1026537	42	STIM=m
1030885	42	RESP=1
1041658	42	STIM=r
1046126	42	RESP=1
1056912	42	STIM=3
1062623	42	RESP=2
1073857	42	STIM=p
1079886	42	RESP=1
1090219	42	STIM=g
1095786	42	RESP=1
1108618	42	STIM=k
1116083	42	RESP=1
1123679	42	STIM=u
1129910	42	RESP=1
1140424	42	STIM=s
1144743	42	RESP=1
1158399	42	STIM=b
1162047	42	RESP=1
1173527	42	STIM=r
1177864	42	RESP=1
1191981	42	STIM=x
1198167	42	RESP=1
1210427	42	STIM=p
1216684	42	RESP=1
1225427	42	STIM=o
1228591	42	RESP=1
1244250	42	STIM=d
1247709	42	RESP=1
1261260	42	STIM=k
1266924	42	RESP=1
1277362	42	STIM=a
1282110	42	RESP=2
1296038	42	STIM=c
1302779	42	RESP=1
1314660	42	STIM=y
1319806	42	RESP=1
1333555	42	STIM=p
1338442	42	RESP=1
1350594	42	STIM=q
1358611	42	RESP=1
1366231	42	STIM=q
1369903	42	RESP=1
1382658	42	STIM=9
1387650	42	RESP=1
1399680	42	STIM=m
1407939	42	RESP=1
1415963	42	STIM=7
1422962	42	RESP=2
1434655	42	STIM=0
1437720	42	RESP=2
1450430	42	STIM=g
1454823	42	RESP=1
1468006	42	STIM=x
1473088	42	RESP=1
1485052	42	STIM=x
1489338	42	RESP=1
1503771	42	STIM=s
1507298	42	RESP=1
1522656	42	STIM=f
1525398	42	RESP=1
1541168	42	STIM=y
1545579	42	RESP=1
1556729	42	STIM=t
1560597	42	RESP=1
1574924	42	STIM=d
1580341	42	RESP=1
1591533	42	STIM=m
1596080	42	RESP=1
1607626	42	STIM=3
1612986	42	RESP=2
1625595	42	STIM=y
1634414	42	RESP=1
1641531	42	STIM=7
1645246	42	RESP=2
1656827	42	STIM=b
1660447	42	RESP=1
1673074	42	STIM=u
1680004	42	RESP=1
1691248	42	STIM=w
1694198	42	RESP=2
1707507	42	STIM=x
1710636	42	RESP=1
1724241	42	STIM=t
1730428	42	RESP=1
1739621	42	STIM=t
1744264	42	RESP=1
1757532	42	STIM=o
1763386	42	RESP=1
1774662	42	STIM=k
1781102	42	RESP=1
1789899	42	STIM=g
1796285	42	RESP=1
1804940	42	STIM=x
1808423	42	RESP=1
1823029	42	STIM=5
1828655	42	RESP=2
1839716	42	STIM=y
1842939	42	RESP=1
1857418	42	STIM=x
1861108	42	RESP=1
1873835	42	STIM=r
1878115	42	RESP=1
1889868	42	STIM=h
1894584	42	RESP=1
1906782	42	STIM=1
1911109	42	RESP=1
1921977	42	STIM=h
1929675	42	RESP=1
1940733	42	STIM=4
1947922	42	RESP=2
1959086	42	STIM=s
1963687	42	RESP=1
1977642	42	STIM=w
1985866	42	RESP=1
1995447	42	STIM=a
1998883	42	RESP=1
2013266	42	STIM=x
2019455	42	RESP=1
2030425	42	STIM=j
2035131	42	RESP=2
2048029	42	STIM=w
2051672	42	RESP=2
2065802	42	STIM=5
2073283	42	RESP=2
2082959	42	STIM=3
2087085	42	RESP=2
2098464	42	STIM=z
2104846	42	RESP=2
2114828	42	STIM=4
2122276	42	RESP=2
2133071	42	STIM=e
2137470	42	RESP=1
2151461	42	STIM=z
2154370	42	RESP=1
2169038	42	STIM=k
2176157	42	RESP=1
2187950	42	STIM=n
2191349	42	RESP=1
2204728	42	STIM=l
2212591	42	RESP=2
2222471	42	STIM=5
2226484	42	RESP=2
2241253	42	STIM=l
2246055	42	RESP=1
2259183	42	STIM=i
2270302	42	RESP=1
2277042	42	STIM=5
2287204	42	RESP=1
2292669	42	STIM=q
2297236	42	RESP=1
2308217	42	STIM=t
2312655	42	RESP=1
2323836	42	STIM=7
2328262	42	RESP=1
2339067	42	STIM=b
2343212	42	RESP=1
2357375	42	STIM=o
2360333	42	RESP=2
2374775	42	STIM=c
2378955	42	RESP=1
2391394	42	STIM=3
2395271	42	RESP=2
2408356	42	STIM=9
2412862	42	RESP=2
2425920	42	STIM=n
2430100	42	RESP=1
2442734	42	STIM=w
2446084	42	RESP=1
2459048	42	STIM=n
2462085	42	RESP=1
2476856	42	STIM=e
2483184	42	RESP=1
2493584	42	STIM=k
2497364	42	RESP=1
2510691	42	STIM=b
2513330	42	RESP=1
2527185	42	STIM=j
2531500	42	RESP=1
2545408	42	STIM=f
2550248	42	RESP=1
2563537	42	STIM=c
2570986	42	RESP=1
2581129	42	STIM=6
2586077	42	RESP=2
2599004	42	STIM=h
2603052	42	RESP=1
2616785	42	STIM=v
2623338	42	RESP=1
2632225	42	STIM=r
2637603	42	RESP=1
2649660	42	STIM=b
2656643	42	RESP=1
2665293	42	STIM=g
2670113	42	RESP=1
2682426	42	STIM=s
2686206	42	RESP=1
2697618	42	STIM=k
2700865	42	RESP=1
2713861	42	STIM=w
2718106	42	RESP=1
2729792	42	STIM=9
2734325	42	RESP=1
2745923	42	STIM=j
2751310	42	RESP=1
2764695	42	STIM=s
2769500	42	RESP=1
2781021	42	STIM=c
2787854	42	RESP=1
2798891	42	STIM=s
2802105	42	RESP=2
2815677	42	STIM=y
2821641	42	RESP=1
2831774	42	STIM=y
2838307	42	RESP=1
2850280	42	STIM=5
2854945	42	RESP=2
2865467	42	STIM=s
2870623	42	RESP=2
2882349	42	STIM=o
2888506	42	RESP=1
2900258	42	STIM=8
2909211	42	RESP=2
2918792	42	STIM=e
2923082	42	RESP=1
2935469	42	STIM=1
2939825	42	RESP=2
2951477	42	STIM=j
2955683	42	RESP=1
2969662	42	STIM=e
2974768	42	RESP=1
2987227	42	STIM=p
2990367	42	RESP=1
3005585	42	STIM=9
3011028	42	RESP=2
3022997	42	STIM=l
3027319	42	RESP=1
3039370	42	STIM=s
3046874	42	RESP=1
3054519	42	STIM=o
3059333	42	RESP=2
3071985	42	STIM=b
3078679	42	RESP=1
3088040	42	STIM=3
3093114	42	RESP=1
3104018	42	STIM=z
3107800	42	RESP=1
3119903	42	STIM=z
3124731	42	RESP=1
3137047	42	STIM=l
3142546	42	RESP=1
3153774	42	STIM=k
3158715	42	RESP=1
3170146	42	STIM=r
3177478	42	RESP=1
3187746	42	STIM=x
3196972	42	RESP=1
3203332	42	STIM=1
3207200	42	RESP=2
3218956	42	STIM=b
3222590	42	RESP=1
3234860	42	STIM=d
3238737	42	RESP=1
3251725	42	STIM=u
3255330	42	RESP=1
3270289	42	STIM=0
3278424	42	RESP=2
3288338	42	STIM=v
3291504	42	RESP=1
3304901	42	STIM=r
3311798	42	RESP=1
3321904	42	STIM=k
3326048	42	RESP=1
3337021	42	STIM=s
3340193	42	RESP=1
3355319	42	STIM=j
3358997	42	RESP=1
3374017	42	STIM=q
3378112	42	RESP=1
3392405	42	STIM=y
3398839	42	RESP=1
3409171	42	STIM=s
3412948	42	RESP=1
3425728	42	STIM=n
3428716	42	RESP=1
3441075	42	STIM=7
3446356	42	RESP=2
3457609	42	STIM=a
3462613	42	RESP=1
3472771	42	STIM=5
3479418	42	RESP=1
3491134	42	STIM=a
3498896	42	RESP=1
3509471	42	STIM=3
3518820	42	RESP=2
3528035	42	STIM=n
3532558	42	RESP=1
3544240	42	STIM=j
3549636	42	RESP=1
3561953	42	STIM=a
3565858	42	RESP=1
3578815	42	STIM=w
3583707	42	RESP=1
3597706	42	STIM=a
3602206	42	RESP=1
3615903	42	STIM=j
3622233	42	RESP=1
3634051	42	STIM=u
3638800	42	RESP=1
3652628	42	STIM=q
3657552	42	RESP=1
3669426	42	STIM=z
3675738	42	RESP=1
3684726	42	STIM=h
3687620	42	RESP=1
3700163	42	STIM=f
3705183	42	RESP=1
3718087	42	STIM=f
3722487	42	RESP=1
3736091	42	STIM=5
3739775	42	RESP=2
3751720	42	STIM=t
3757163	42	RESP=1
3769403	42	STIM=p
3773830	42	RESP=1
3786537	42	STIM=n
3793101	42	RESP=1
3801633	42	STIM=c
3808822	42	RESP=1
3819202	42	STIM=x
3823097	42	RESP=1
3835859	42	STIM=l
3842719	42	RESP=1
3854418	42	STIM=w
3857969	42	RESP=1
3871220	42	STIM=2
3877867	42	RESP=2
3889366	42	STIM=v
3895494	42	RESP=1
3907493	42	STIM=h
3912634	42	RESP=1
3926012	42	STIM=f
3929364	42	RESP=1
3943023	42	STIM=s
3946595	42	RESP=1
3960792	42	STIM=5
3964950	42	RESP=2
3977636	42	STIM=1
3983309	42	RESP=2
3996082	42	STIM=d
4000436	42	RESP=1
4012860	42	STIM=f
4017058	42	RESP=1
4028042	42	STIM=r
4036022	42	RESP=1
4046577	42	STIM=y
4050274	42	RESP=1
4064292	42	STIM=3
4070354	42	RESP=2
4082113	42	STIM=b
4087037	42	RESP=1
4097467	42	STIM=5
4105719	42	RESP=1
4112744	42	STIM=p
4118833	42	RESP=1
4129375	42	STIM=i
4136162	42	RESP=1
4147546	42	STIM=u
4150943	42	RESP=1
4165157	42	STIM=d
4169314	42	RESP=1
4181071	42	STIM=b
4185994	42	RESP=1
4198307	42	STIM=f
4202111	42	RESP=1
4217106	42	STIM=w
4221687	42	RESP=1
4233042	42	STIM=n
4236835	42	RESP=1
4248646	42	STIM=s
4252391	42	RESP=1
4265087	42	STIM=d
4271635	42	RESP=1
4281686	42	STIM=5
4286801	42	RESP=2
4297352	42	STIM=w
4306618	42	RESP=1
4313618	42	STIM=f
4317080	42	RESP=1
4331590	42	STIM=b
4341844	42	RESP=1
4349670	42	STIM=7
4353877	42	RESP=2
4367127	42	STIM=3
4371785	42	RESP=2
4382836	42	STIM=w
4387252	42	RESP=1
4400930	42	STIM=y
4408786	42	RESP=1
4418432	42	STIM=t
4422678	42	RESP=1
4436913	42	STIM=r
4440835	42	RESP=1
4452793	42	STIM=r
4457664	42	RESP=1
4469812	42	STIM=e
4477342	42	RESP=1
4486346	42	STIM=5
4489898	42	RESP=2
4503924	42	STIM=z
4511245	42	RESP=1
4519086	42	STIM=q
4523483	42	RESP=1
4536091	42	STIM=i
4541710	42	RESP=1
4552753	42	STIM=c
4555406	42	RESP=1
4567869	42	STIM=b
4572608	42	RESP=1
4582928	42	STIM=r
4587393	42	RESP=1
4600900	42	STIM=l
4608223	42	RESP=1
4619459	42	STIM=x
4625400	42	RESP=1
4635865	42	STIM=a
4639278	42	RESP=1
4651945	42	STIM=3
4657603	42	RESP=2
4667353	42	STIM=g
4672797	42	RESP=1
4684534	42	STIM=n
4687239	42	RESP=1
4702636	42	STIM=2
4707837	42	RESP=2
4718658	42	STIM=p
4723540	42	RESP=1
4736436	42	STIM=t
4739091	42	RESP=1
4754755	42	STIM=3
4759549	42	RESP=2
4770031	42	STIM=0
4773728	42	RESP=2
4787951	42	STIM=7
4792826	42	RESP=2
4806753	42	STIM=v
4812085	42	RESP=1
4822574	42	STIM=d
4826628	42	RESP=1
4837610	42	STIM=n
4841389	42	RESP=1
4855953	42	STIM=k
4859862	42	RESP=1
4874354	42	STIM=e
4876838	42	RESP=1
4892324	42	STIM=u
4897722	42	RESP=1
4907707	42	STIM=m
4910944	42	RESP=1
4925152	42	STIM=g
4932933	42	RESP=1
4944074	42	STIM=v
4948900	42	RESP=1
4959561	42	STIM=2
4965195	42	RESP=2
4977735	42	STIM=w
4980884	42	RESP=1
4995198	42	STIM=j
4999019	42	RESP=1
5013514	42	STIM=h
5017908	42	RESP=1
5032056	42	STIM=r
5038055	42	RESP=1
5047625	42	STIM=w
5052542	42	RESP=1
5063872	42	STIM=c
5068366	42	RESP=1
5081780	42	STIM=t
5091161	42	RESP=1
5099297	42	STIM=c
5102978	42	RESP=1
5117113	42	STIM=c
5122848	42	RESP=1
5133249	42	STIM=i
5136695	42	RESP=1
5148264	42	STIM=x
5153182	42	RESP=1
5165698	42	STIM=x
5171453	42	RESP=1
5180856	42	STIM=n
5183779	42	RESP=1
5199374	42	STIM=b
5204516	42	RESP=1
5217316	42	STIM=2
5222972	42	RESP=2
5235699	42	STIM=i
5241615	42	RESP=1
5252452	42	STIM=z
5256081	42	RESP=1
5267570	42	STIM=u
5273369	42	RESP=1
5284264	42	STIM=c
5293669	42	RESP=1
5299345	42	STIM=r
5304882	42	RESP=1
5314539	42	STIM=w
5323002	42	RESP=1
5330508	42	STIM=q
5334531	42	RESP=1
5348859	42	STIM=9
5354804	42	RESP=2
5364391	42	STIM=a
5368687	42	RESP=1
5380699	42	STIM=o
5385460	42	RESP=1
5399000	42	STIM=m
5405142	42	RESP=1
5416331	42	STIM=b
5421632	42	RESP=1
5434951	42	STIM=c
5439536	42	RESP=1
5450793	42	STIM=p
5457140	42	RESP=1
5466917	42	STIM=y
5471412	42	RESP=1
5483443	42	STIM=0
5488698	42	RESP=2
5502003	42	STIM=w
5506656	42	RESP=1
5519200	42	STIM=q
5526840	42	RESP=1
5535298	42	STIM=s
5537886	42	RESP=1
5554108	42	STIM=0
5560684	42	RESP=2
5571109	42	STIM=l
5575627	42	RESP=1
5588442	42	STIM=p
5595928	42	RESP=1
5604728	42	STIM=k
5609490	42	RESP=1
5621239	42	STIM=o
5624412	42	RESP=1
5637223	42	STIM=8
5640719	42	RESP=2
5655810	42	STIM=c
5660242	42	RESP=1
5674038	42	STIM=9
5678210	42	RESP=2
5689296	42	STIM=5
5696622	42	RESP=2
5706621	42	STIM=k
5711752	42	RESP=1
5721769	42	STIM=4
5727955	42	RESP=2
5736773	42	STIM=y
5745169	42	RESP=1
5754386	42	STIM=f
5759212	42	RESP=1
5771742	42	STIM=w
5777221	42	RESP=1
5789433	42	STIM=l
5791969	42	RESP=1
5807502	42	STIM=x
5812499	42	RESP=1
5823139	42	STIM=b
5827068	42	RESP=1
5841036	42	STIM=y
5844018	42	RESP=1
5856533	42	STIM=w
5860746	42	RESP=2
5872259	42	STIM=h
5876168	42	RESP=1
5890738	42	STIM=e
5894216	42	RESP=1
5907098	42	STIM=o
5909961	42	RESP=1
5924872	42	STIM=j
5928832	42	RESP=1
5940031	42	STIM=x
5943031	42	RESP=1
5958707	42	STIM=2
5963579	42	RESP=2
5975936	42	STIM=p
5979523	42	RESP=1
5991197	42	STIM=0
5995860	42	RESP=2
6006247	42	STIM=b
6009764	42	RESP=1
6024917	42	STIM=9
6031499	42	RESP=2
6042554	42	STIM=x
6050458	42	RESP=1
6060356	42	STIM=u
6064944	42	RESP=1
6075583	42	STIM=n
6079214	42	RESP=1
6093908	42	STIM=d
6099457	42	RESP=1
6109579	42	STIM=v
6117014	42	RESP=1
6128453	42	STIM=s
6133825	42	RESP=1
6146645	42	STIM=h
6149424	42	RESP=1
6162385	42	STIM=k
6165787	42	RESP=1
6178918	42	STIM=2
6183466	42	RESP=2
6195559	42	STIM=x
6198893	42	RESP=1
6214257	42	STIM=m
6217514	42	RESP=1
6229511	42	STIM=6
6236167	42	RESP=2
6246742	42	STIM=x
6252147	42	RESP=1
6263634	42	STIM=x
6267012	42	RESP=1
6278771	42	STIM=s
6285148	42	RESP=1
6296977	42	STIM=a
6303819	42	RESP=1
6314248	42	STIM=t
6318238	42	RESP=1
6331003	42	STIM=z
6335616	42	RESP=1
6348932	42	STIM=1
6357060	42	RESP=2
6367439	42	STIM=h
6370332	42	RESP=1
6385531	42	STIM=s
6388851	42	RESP=1
6403732	42	STIM=d
6408684	42	RESP=1
6422076	42	STIM=a
6426512	42	RESP=1
6437569	42	STIM=q
6442697	42	RESP=1
6454278	42	STIM=t
6457386	42	RESP=1
6471477	42	STIM=5
6475165	42	RESP=1
6487163	42	STIM=t
6497769	42	RESP=1
6502603	42	STIM=d
6506290	42	RESP=1
6520707	42	STIM=4
6529036	42	RESP=1
6538354	42	STIM=e
6541321	42	RESP=1
6556502	42	STIM=g
6560498	42	RESP=1
6574023	42	STIM=m
6577630	42	RESP=1
6589541	42	STIM=g
6593356	42	RESP=1
6605974	42	STIM=z
6609358	42	RESP=1
6623242	42	STIM=w
6634741	42	RESP=1
6640357	42	STIM=v
6643245	42	RESP=1
6656676	42	STIM=4
6660954	42	RESP=2
6673937	42	STIM=a
6676861	42	RESP=1
6692193	42	STIM=x
6698291	42	RESP=1
6710426	42	STIM=o
6714087	42	RESP=1
6725542	42	STIM=r
6736443	42	RESP=1
6740553	42	STIM=m
6745473	42	RESP=1
6756212	42	STIM=0
6760562	42	RESP=2
6773529	42	STIM=j
6776481	42	RESP=1
6790716	42	STIM=e
6795055	42	RESP=1
6808188	42	STIM=0
6814739	42	RESP=2
6823615	42	STIM=p
6828245	42	RESP=1
6841616	42	STIM=o
6845965	42	RESP=1
6858068	42	STIM=l
6862086	42	RESP=1
6873099	42	STIM=c
6880123	42	RESP=1
6888648	42	STIM=s
6896294	42	RESP=1
6906603	42	STIM=v
6911641	42	RESP=1
6922306	42	STIM=f
6926460	42	RESP=1
6938649	42	STIM=8
6948681	42	RESP=2
6956509	42	STIM=p
6959473	42	RESP=1
6975173	42	STIM=7
6978840	42	RESP=2
6992626	42	STIM=u
6997545	42	RESP=1
7011606	42	STIM=w
7018385	42	RESP=1
7029185	42	STIM=x
7037308	42	RESP=2
7048006	42	STIM=w
7051562	42	RESP=1
7066731	42	STIM=x
7071919	42	RESP=1
7083626	42	STIM=y
7089883	42	RESP=1
7101919	42	STIM=g
7105915	42	RESP=1
7119363	42	STIM=2
7131734	42	RESP=1
7134960	42	STIM=1
7141929	42	RESP=2
7153686	42	STIM=u
7164229	42	RESP=1
7172417	42	STIM=l
7178408	42	RESP=1
7190173	42	STIM=u
7194645	42	RESP=1
7206728	42	STIM=p
7214541	42	RESP=1
7224551	42	STIM=p
7228272	42	RESP=1
7241042	42	STIM=0
7246843	42	RESP=2
7257083	42	STIM=s
7261975	42	RESP=1
7273289	42	STIM=o
7279796	42	RESP=1
7291327	42	STIM=5
7296996	42	RESP=2
7308320	42	STIM=x
7315666	42	RESP=1
7323582	42	STIM=1
7330194	42	RESP=2
7340873	42	STIM=r
7345639	42	RESP=1
7358929	42	STIM=4
7363277	42	RESP=2
7377282	42	STIM=q
7381015	42	RESP=1
7394635	42	STIM=l
7398861	42	RESP=1
7410906	42	STIM=i
7415218	42	RESP=1
7426473	42	STIM=d
7429963	42	RESP=1
7441917	42	STIM=k
7447201	42	RESP=1
7457984	42	STIM=v
7461193	42	RESP=1
7474900	42	STIM=0
7480198	42	RESP=2
7491021	42	STIM=b
7493960	42	RESP=1
7509473	42	STIM=t
7513255	42	RESP=1
7524899	42	STIM=8
7530434	42	RESP=2
7540970	42	STIM=b
7545536	42	RESP=1
7556854	42	STIM=f
7560874	42	RESP=2
7572997	42	STIM=v
7580222	42	RESP=1
7590161	42	STIM=i
7593977	42	RESP=1
7606844	42	STIM=e
7613267	42	RESP=1
7625538	42	STIM=2
7630010	42	RESP=2
7643811	42	STIM=l
7649402	42	RESP=1
7662100	42	STIM=c
7668198	42	RESP=1
7680891	42	STIM=9
7685300	42	RESP=2
7698328	42	STIM=9
7705928	42	RESP=2
7714849	42	STIM=3
7720082	42	RESP=2
7732110	42	STIM=2
7739168	42	RESP=2
7749500	42	STIM=f
7753040	42	RESP=1
7767794	42	STIM=1
7771441	42	RESP=1
7783483	42	STIM=2
7788002	42	RESP=2
7801776	42	STIM=9
7806397	42	RESP=2
7820567	42	STIM=y
7827188	42	RESP=1
7837691	42	STIM=p
7843976	42	RESP=1
7854409	42	STIM=o
7859398	42	RESP=2
7872350	42	STIM=h
7875651	42	RESP=1
7888549	42	STIM=7
7893947	42	RESP=2
7903834	42	STIM=o
7909891	42	RESP=1
7920571	42	STIM=k
7923893	42	RESP=1
7938960	42	STIM=i
7947724	42	RESP=1
7954005	42	STIM=k
7958819	42	RESP=1
7972590	42	STIM=l
7977486	42	RESP=1
7990739	42	STIM=u
7993533	42	RESP=1
8008976	42	STIM=f
8013036	42	RESP=1
8025654	42	STIM=h
8029733	42	RESP=1
8044175	42	STIM=q
8048166	42	RESP=1
8060679	42	STIM=g
8068168	42	RESP=1
8076128	42	STIM=3
8080291	42	RESP=1
8093279	42	STIM=6
8099968	42	RESP=2
8111488	42	STIM=u
8118096	42	RESP=1
8129911	42	STIM=g
8139848	42	RESP=1
8146072	42	STIM=a
8149870	42	RESP=1
8162707	42	STIM=9
8171069	42	RESP=2
8180888	42	STIM=d
8186209	42	RESP=1
8198361	42	STIM=0
8202354	42	RESP=2
8214157	42	STIM=p
8224580	42	RESP=1
8232538	42	STIM=f
8237737	42	RESP=1
8250452	42	STIM=e
8255225	42	RESP=1
8265909	42	STIM=8
8273336	42	RESP=2
8280943	42	STIM=g
8285712	42	RESP=1
8297986	42	STIM=o
8304367	42	RESP=1
8315880	42	STIM=k
8319238	42	RESP=1
8333073	42	STIM=4
8337813	42	RESP=2
8350916	42	STIM=n
8354610	42	RESP=1
8366868	42	STIM=d
8371480	42	RESP=1
8384098	42	STIM=b
8389115	42	RESP=1
8401018	42	STIM=t
8406704	42	RESP=1
8417793	42	STIM=b
8421601	42	RESP=1
8433936	42	STIM=0
8437556	42	RESP=2
8450808	42	STIM=c
8453811	42	RESP=1
8467460	42	STIM=8
8473177	42	RESP=2
8483315	42	STIM=q
8488509	42	RESP=1
8501353	42	STIM=o
8509532	42	RESP=1
8518827	42	STIM=t
8522090	42	RESP=1
8534921	42	STIM=6
8540481	42	RESP=2
8551485	42	STIM=v
8555892	42	RESP=1
8567770	42	STIM=j
8572307	42	RESP=1
8583185	42	STIM=1
8586375	42	RESP=2
8599280	42	STIM=g
8603349	42	RESP=1
8615169	42	STIM=x
8618990	42	RESP=1
8633217	42	STIM=b
8640106	42	RESP=2
8651333	42	STIM=x
8655076	42	RESP=1
8666915	42	STIM=j
8670802	42	RESP=1
8683668	42	STIM=1
8688205	42	RESP=2
8701908	42	STIM=o
8704669	42	RESP=1
8720573	42	STIM=e
8725140	42	RESP=1
8736229	42	STIM=5
8742221	42	RESP=2
8754497	42	STIM=x
8758273	42	RESP=1
8773160	42	STIM=w
8776686	42	RESP=1
8788388	42	STIM=a
8792784	42	RESP=1
8804659	42	STIM=n
8809195	42	RESP=1
8821503	42	STIM=a
8826171	42	RESP=1
8839494	42	STIM=l
8843641	42	RESP=1
8858268	42	STIM=r
8862607	42	RESP=1
8875005	42	STIM=4
8881413	42	RESP=2
8891755	42	STIM=g
8899276	42	RESP=1
8908285	42	STIM=w
8912626	42	RESP=1
8926372	42	STIM=k
8931470	42	RESP=1
8943902	42	STIM=d
8949760	42	RESP=1
8959728	42	STIM=f
8963306	42	RESP=1
8977369	42	STIM=q
8981521	42	RESP=1
8992722	42	STIM=t
8997232	42	RESP=1
9009642	42	STIM=z
9013820	42	RESP=1
9026984	42	STIM=k
9030035	42	RESP=1
9042195	42	STIM=g
9047543	42	RESP=1
9058440	42	STIM=m
9062570	42	RESP=1
9075743	42	STIM=n
9085435	42	RESP=1
9094662	42	STIM=y
9097352	42	RESP=1
9111520	42	STIM=e
9115455	42	RESP=1
9128329	42	STIM=d
9137924	42	RESP=1
9146341	42	STIM=5
9151826	42	RESP=2
9161380	42	STIM=t
9166389	42	RESP=1
9176396	42	STIM=3
9182478	42	RESP=2
9192496	42	STIM=i
9198383	42	RESP=1
9210886	42	STIM=u
9215305	42	RESP=1
9229198	42	STIM=p
9233670	42	RESP=1
9246351	42	STIM=0
9251150	42	RESP=2
9264686	42	STIM=z
9269877	42	RESP=1
9281338	42	STIM=b
9285929	42	RESP=1
9296964	42	STIM=v
9302151	42	RESP=1
9312366	42	STIM=n
9317260	42	RESP=1
9329595	42	STIM=f
9332680	42	RESP=1
9347047	42	STIM=3
9352790	42	RESP=2
9364343	42	STIM=l
9369918	42	RESP=1
9380735	42	STIM=h
9388943	42	RESP=1
9396123	42	STIM=d
9399208	42	RESP=1
9413707	42	STIM=a
9416841	42	RESP=1
9430997	42	STIM=v
9437403	42	RESP=1
9449367	42	STIM=p
9452592	42	RESP=1
9467857	42	STIM=l
9473279	42	RESP=1
9485195	42	STIM=k
9490193	42	RESP=1
9500585	42	STIM=r
9504028	42	RESP=1
9515864	42	STIM=v
9519746	42	RESP=1
9533775	42	STIM=9
9538227	42	RESP=1
9550512	42	STIM=r
9559875	42	RESP=1
9567157	42	STIM=7
9571696	42	RESP=2
9585519	42	STIM=1
9590431	42	RESP=2
9601787	42	STIM=n
9607563	42	RESP=1
9617477	42	STIM=c
9621997	42	RESP=1
9632822	42	STIM=8
9638619	42	RESP=2
9649647	42	STIM=c
9654218	42	RESP=1
9667271	42	STIM=6
9671134	42	RESP=2
9683723	42	STIM=t
9693328	42	RESP=1
9700602	42	STIM=9
9704946	42	RESP=2
9719559	42	STIM=k
9723989	42	RESP=1
9737947	42	STIM=x
9742240	42	RESP=1
9753117	42	STIM=t
9759290	42	RESP=1
9770330	42	STIM=s
9774393	42	RESP=1
9785868	42	STIM=w
9788641	42	RESP=1
9801579	42	STIM=n
9805909	42	RESP=1
9818282	42	STIM=v
9824416	42	RESP=2
9834026	42	STIM=8
9847190	42	RESP=2
9852456	42	STIM=v
9855895	42	RESP=1
9869218	42	STIM=e
9873414	42	RESP=1
9887683	42	STIM=p
9892277	42	RESP=1
9904517	42	STIM=l
9910717	42	RESP=1
9921987	42	STIM=k
9930409	42	RESP=1
9939356	42	STIM=l
9944616	42	RESP=1
9957088	42	STIM=n
9961053	42	RESP=1
9975980	42	STIM=v
9980400	42	RESP=1
9991062	42	STIM=v
9995679	42	RESP=1
10006126	42	STIM=n
10009677	42	RESP=1
10022770	42	STIM=v
10030973	42	RESP=1
10038060	42	STIM=y
10042467	42	RESP=1
10055247	42	STIM=s
10060731	42	RESP=1
10072162	42	STIM=b
10078865	42	RESP=1
10090500	42	STIM=g
10097955	42	RESP=1
10108662	42	STIM=n
10113788	42	RESP=1
10126651	42	STIM=1
10133240	42	RESP=2
10143163	42	STIM=q
10151988	42	RESP=1
10159700	42	STIM=c
10167231	42	RESP=1
10177576	42	STIM=d
10182062	42	RESP=1
10195501	42	STIM=k
10199029	42	RESP=1
10213106	42	STIM=c
10218556	42	RESP=1
10231776	42	STIM=4
10242504	42	RESP=2
10249998	42	STIM=t
10255443	42	RESP=1
10265756	42	STIM=p
10270312	42	RESP=1
10282609	42	STIM=w
10285949	42	RESP=1
10298598	42	STIM=a
10306423	42	RESP=1
10316503	42	STIM=c
10323291	42	RESP=1
10331898	42	STIM=v
10336052	42	RESP=1
10349320	42	STIM=3
10355894	42	RESP=2
10367020	42	STIM=1
10373189	42	RESP=2
10383940	42	STIM=u
10391436	42	RESP=1
10399182	42	STIM=z
10408914	42	RESP=2
10415560	42	STIM=i
10418036	42	RESP=1
10433015	42	STIM=c
10439219	42	RESP=1
10452000	42	STIM=2
10456623	42	RESP=2
10468145	42	STIM=k
10473865	42	RESP=1
10486616	42	STIM=t
10490538	42	RESP=1
10502283	42	STIM=x
10506302	42	RESP=1
10520637	42	STIM=6
10525010	42	RESP=1
10538667	42	STIM=n
10542827	42	RESP=1
10553937	42	STIM=p
10560112	42	RESP=1
10569222	42	STIM=x
10574152	42	RESP=1
10587347	42	STIM=g
10591327	42	RESP=1
10604012	42	STIM=8
10610792	42	RESP=2
10620607	42	STIM=g
10625269	42	RESP=1
10638350	42	STIM=l
10641223	42	RESP=1
10653804	42	STIM=b
10660555	42	RESP=1
10670163	42	STIM=u
10675499	42	RESP=1
10686291	42	STIM=o
10691495	42	RESP=1
10705212	42	STIM=l
10710436	42	RESP=1
10721981	42	STIM=t
10728012	42	RESP=1
10738750	42	STIM=s
10742443	42	RESP=1
10753831	42	STIM=d
10757806	42	RESP=1
10772412	42	STIM=q
10775764	42	RESP=1
10789943	42	STIM=u
10793491	42	RESP=1
10806257	42	STIM=f
10809527	42	RESP=1
10824103	42	STIM=5
10828550	42	RESP=2
10839154	42	STIM=2
10849496	42	RESP=2
10855704	42	STIM=x
10859643	42	RESP=1
10874192	42	STIM=x
10881712	42	RESP=1
10890025	42	STIM=u
10892790	42	RESP=1
10905843	42	STIM=f
10909457	42	RESP=1
10923626	42	STIM=f
10926491	42	RESP=1
10942107	42	STIM=n
10946613	42	RESP=1
10960992	42	STIM=f
10966052	42	RESP=1
10979874	42	STIM=w
10987026	42	RESP=1
10997675	42	STIM=e
11001006	42	RESP=1
11013372	42	STIM=e
11020112	42	RESP=1
11031844	42	STIM=r
11037121	42	RESP=1
11047749	42	STIM=c
11051350	42	RESP=1
11064044	42	STIM=s
11067222	42	RESP=1
11082498	42	STIM=w
11091031	42	RESP=1
11099315	42	STIM=c
11105946	42	RESP=1
11118259	42	STIM=2
11123747	42	RESP=2
11134800	42	STIM=k
11138492	42	RESP=1
11151530	42	STIM=6
11155315	42	RESP=2
11169164	42	STIM=e
11175304	42	RESP=1
11184835	42	STIM=e
11188604	42	RESP=1
11200209	42	STIM=7
11204444	42	RESP=2
11218280	42	STIM=o
11224103	42	RESP=1
11235925	42	STIM=r
11240229	42	RESP=1
11254009	42	STIM=m
11257575	42	RESP=1
11272932	42	STIM=5
11276993	42	RESP=2
11289008	42	STIM=y
11292496	42	RESP=1
11306241	42	STIM=7
11309903	42	RESP=2
11322898	42	STIM=w
11326746	42	RESP=1
11339494	42	STIM=j
11342451	42	RESP=1
11357376	42	STIM=t
11363439	42	RESP=1
11372790	42	STIM=1
11380926	42	RESP=1
11390186	42	STIM=j
11393125	42	RESP=1
11405433	42	STIM=u
11413184	42	RESP=1
11424038	42	STIM=8
11428994	42	RESP=2
11441662	42	STIM=6
11448375	42	RESP=1
11457452	42	STIM=k
11468099	42	RESP=1
11472976	42	STIM=c
11478592	42	RESP=1
11491702	42	STIM=x
11494799	42	RESP=1
11507537	42	STIM=v
11513057	42	RESP=1
11522637	42	STIM=b
11526289	42	RESP=1
11541162	42	STIM=x
11544566	42	RESP=1
11556777	42	STIM=z
11562044	42	RESP=1
11572546	42	STIM=x
11578773	42	RESP=1
11588503	42	STIM=8
11594272	42	RESP=2
11606347	42	STIM=h
11611332	42	RESP=1
11623625	42	STIM=i
11631642	42	RESP=1
11642143	42	STIM=g
11645207	42	RESP=1
11659221	42	STIM=n
11663943	42	RESP=1
11674345	42	STIM=o
11678086	42	RESP=1
11691466	42	STIM=n
11693907	42	RESP=1
11707961	42	STIM=t
11713143	42	RESP=1
11724683	42	STIM=g
11728688	42	RESP=1
11741028	42	STIM=i
11746071	42	RESP=1
11757951	42	STIM=n
11763401	42	RESP=1
11773241	42	STIM=c
11777612	42	RESP=1
11788851	42	STIM=q
11793483	42	RESP=1
11806706	42	STIM=6
11810993	42	RESP=2
11822081	42	STIM=f
11828099	42	RESP=1
11838035	42	STIM=g
11840601	42	RESP=1
11854111	42	STIM=7
11858465	42	RESP=2
11870496	42	STIM=2
11876119	42	RESP=2
11887936	42	STIM=z
11891851	42	RESP=1
11903116	42	STIM=r
11907632	42	RESP=1
11918532	42	STIM=g
11923594	42	RESP=2
11935297	42	STIM=d
11942824	42	RESP=1
11951312	42	STIM=2
11955631	42	RESP=2
11966740	42	STIM=4
11971096	42	RESP=2
11984532	42	STIM=y
11990697	42	RESP=1
12001178	42	STIM=a
12008291	42	RESP=1
12016802	42	STIM=y
12019558	42	RESP=1
12035724	42	STIM=l
12040881	42	RESP=1
12052790	42	STIM=k
12058757	42	RESP=1
12070697	42	STIM=t
12074234	42	RESP=1
12086388	42	STIM=3
12090488	42	RESP=2
12102290	42	STIM=j
12106137	42	RESP=1
12118086	42	STIM=4
12122086	42	RESP=2
12133791	42	STIM=u
12136768	42	RESP=1
12150377	42	STIM=e
12155446	42	RESP=1
12169314	42	STIM=s
12175588	42	RESP=1
12185755	42	STIM=d
12191751	42	RESP=1
12201368	42	STIM=a
12205784	42	RESP=1
12217155	42	STIM=g
12220324	42	RESP=1
12234228	42	STIM=a
12239246	42	RESP=1
12249874	42	STIM=s
12253403	42	RESP=1
12265702	42	STIM=h
12270862	42	RESP=1
12283296	42	STIM=z
12289256	42	RESP=1
12300716	42	STIM=4
12305105	42	RESP=2
12317219	42	STIM=o
12321447	42	RESP=1
12333308	42	STIM=b
12336485	42	RESP=1
12351860	42	STIM=k
12356604	42	RESP=1
12370464	42	STIM=r
12374145	42	RESP=1
12389009	42	STIM=e
12395398	42	RESP=1
12405774	42	STIM=m
12409458	42	RESP=1
12423988	42	STIM=r
12427464	42	RESP=1
12440405	42	STIM=1
12448456	42	RESP=2
12455463	42	STIM=w
12459613	42	RESP=1
12471275	42	STIM=f
12475025	42	RESP=1
12490072	42	STIM=o
12493579	42	RESP=1
12505601	42	STIM=i
12510625	42	RESP=1
12521624	42	STIM=i
12527535	42	RESP=2
12539741	42	STIM=8
12545212	42	RESP=2
12556038	42	STIM=h
12558945	42	RESP=1
12574717	42	STIM=v
12578816	42	RESP=1
12592458	42	STIM=n
12596470	42	RESP=1
12609703	42	STIM=0
12615394	42	RESP=2
12625945	42	STIM=e
12633284	42	RESP=1
12644127	42	STIM=i
12649913	42	RESP=1
12663100	42	STIM=9
12670098	42	RESP=2
12681906	42	STIM=n
12687185	42	RESP=1
12698638	42	STIM=9
12704252	42	RESP=1
12716198	42	STIM=q
12719747	42	RESP=2
12733200	42	STIM=q
12737769	42	RESP=1
12750878	42	STIM=d
12760105	42	RESP=1
12768830	42	STIM=r
12772346	42	RESP=1
12785076	42	STIM=c
12788830	42	RESP=1
12801402	42	STIM=2
12807874	42	RESP=2
12816721	42	STIM=r
12824228	42	RESP=1
12834233	42	STIM=y
12837203	42	RESP=1
12850336	42	STIM=7
12853780	42	RESP=2
12867671	42	STIM=z
12870712	42	RESP=1
12883309	42	STIM=z
12886192	42	RESP=1
12902010	42	STIM=s
12904640	42	RESP=1
12919620	42	STIM=8
12927835	42	RESP=2
12937768	42	STIM=l
12942275	42	RESP=1
12956069	42	STIM=m
12962607	42	RESP=1
12971575	42	STIM=t
12975362	42	RESP=1
12990039	42	STIM=x
12993281	42	RESP=1
13005538	42	STIM=r
13011282	42	RESP=1
13023538	42	STIM=3
13028087	42	RESP=2
13041499	42	STIM=e
13046065	42	RESP=1
13056627	42	STIM=c
13059253	42	RESP=1
13073290	42	STIM=i
13078670	42	RESP=1
13091559	42	STIM=g
13095014	42	RESP=1
13108076	42	STIM=n
13113370	42	RESP=1
13125135	42	STIM=e
13132735	42	RESP=1
13141824	42	STIM=c
13146915	42	RESP=1
13158860	42	STIM=d
13162332	42	RESP=1
13175140	42	STIM=b
13180396	42	RESP=1
13193634	42	STIM=3
13199433	42	RESP=2
13210939	42	STIM=y
13216668	42	RESP=1
13229310	42	STIM=j
13235879	42	RESP=1
13245965	42	STIM=h
13250764	42	RESP=1
13262930	42	STIM=v
13270869	42	RESP=1
13279296	42	STIM=e
13282590	42	RESP=1
13295654	42	STIM=b
13302574	42	RESP=1
13310921	42	STIM=w
13315191	42	RESP=1
13327517	42	STIM=4
13333871	42	RESP=2
13345070	42	STIM=j
13349683	42	RESP=1
13362150	42	STIM=c
13368286	42	RESP=1
13379559	42	STIM=l
13385506	42	RESP=1
13396097	42	STIM=s
13399022	42	RESP=1
13414552	42	STIM=8
13420331	42	RESP=2
13430487	42	STIM=o
13437194	42	RESP=1
13447420	42	STIM=n
13450222	42	RESP=1
13464127	42	STIM=c
13472288	42	RESP=1
13479519	42	STIM=m
13482667	42	RESP=1
13494537	42	STIM=s
13499087	42	RESP=1
13511606	42	STIM=2
13519421	42	RESP=2
13530175	42	STIM=j
13535476	42	RESP=1
13549156	42	STIM=1
13552699	42	RESP=2
13565185	42	STIM=r
13569687	42	RESP=1
13582234	42	STIM=2
13589183	42	RESP=2
13599296	42	STIM=e
13603852	42	RESP=1
13615313	42	STIM=i
13621132	42	RESP=1
13633155	42	STIM=0
13637170	42	RESP=2
13651559	42	STIM=7
13657557	42	RESP=2
13670120	42	STIM=q
13673526	42	RESP=2
13687809	42	STIM=n
13694072	42	RESP=1
13703450	42	STIM=7
13711086	42	RESP=2
13720590	42	STIM=p
13723764	42	RESP=1
13737330	42	STIM=g
13742860	42	RESP=1
13754384	42	STIM=4
13759493	42	RESP=2
13769636	42	STIM=8
13776119	42	RESP=2
13786060	42	STIM=h
13790165	42	RESP=1
13802561	42	STIM=p
13806760	42	RESP=1
13818376	42	STIM=p
13822691	42	RESP=1
13835616	42	STIM=7
13841784	42	RESP=2
13851071	42	STIM=p
13855547	42	RESP=1
13866474	42	STIM=z
13871306	42	RESP=1
13883771	42	STIM=1
13887966	42	RESP=2
13900591	42	STIM=1
13909709	42	RESP=2
13916268	42	STIM=5
13920558	42	RESP=2
13934121	42	STIM=o
13943302	42	RESP=1
13951169	42	STIM=i
13955691	42	RESP=1
13970010	42	STIM=k
13973945	42	RESP=1
13987382	42	STIM=w
13993374	42	RESP=1
14002907	42	STIM=l
14006545	42	RESP=1
14020065	42	STIM=9
14024759	42	RESP=2
14037731	42	STIM=a
14045645	42	RESP=2
14053384	42	STIM=x
14058069	42	RESP=1
14069074	42	STIM=5
14076014	42	RESP=2
14085968	42	STIM=i
14089540	42	RESP=1
14102800	42	STIM=h
14106768	42	RESP=1
14118462	42	STIM=z
14121531	42	RESP=1
14136515	42	STIM=k
14140565	42	RESP=1
14155068	42	STIM=j
14160855	42	RESP=1
14174007	42	STIM=o
14181665	42	RESP=1
14191653	42	STIM=x
14194663	42	RESP=1
14207792	42	STIM=6
14212429	42	RESP=2
14224414	42	STIM=c
14229969	42	RESP=1
14241774	42	STIM=e
14245836	42	RESP=1
14257123	42	STIM=j
14260395	42	RESP=1
14275049	42	STIM=i
14280103	42	RESP=1
14292815	42	STIM=h
14298807	42	RESP=1
14310938	42	STIM=j
14317175	42	RESP=1
14329884	42	STIM=m
14333796	42	RESP=1
14347578	42	STIM=x
14351046	42	RESP=1
14363795	42	STIM=y
14367410	42	RESP=1
14380526	42	STIM=q
14384058	42	RESP=1
14396001	42	STIM=q
14400015	42	RESP=1
14412359	42	STIM=f
14415747	42	RESP=1
14427931	42	STIM=s
14431290	42	RESP=1
14446680	42	STIM=b
14450602	42	RESP=1
14462306	42	STIM=2
14471460	42	RESP=2
14479026	42	STIM=o
14483241	42	RESP=1
14496887	42	STIM=w
14501031	42	RESP=1
14514298	42	STIM=o
14520758	42	RESP=1
14530724	42	STIM=k
14533521	42	RESP=1
14548114	42	STIM=t
14554043	42	RESP=2
14565546	42	STIM=w
14572366	42	RESP=1
14582045	42	STIM=k
14589703	42	RESP=1
14600158	42	STIM=a
14607055	42	RESP=1
14618236	42	STIM=n
14622460	42	RESP=1
14636402	42	STIM=s
14639199	42	RESP=1
14652893	42	STIM=x
14657461	42	RESP=1
14670388	42	STIM=k
14674286	42	RESP=1
14685550	42	STIM=h
14692831	42	RESP=2
14704355	42	STIM=r
14707991	42	RESP=1
14719465	42	STIM=f
14725796	42	RESP=1
14735658	42	STIM=4
14741218	42	RESP=2
14750960	42	STIM=f
14754767	42	RESP=1
14767524	42	STIM=5
14775176	42	RESP=2
14783757	42	STIM=b
14791678	42	RESP=1
14799830	42	STIM=c
14804222	42	RESP=1
14816502	42	STIM=j
14822732	42	RESP=1
14835027	42	STIM=r
14838308	42	RESP=1
14853160	42	STIM=g
14859620	42	RESP=1
14869924	42	STIM=l
14873873	42	RESP=1
14885842	42	STIM=m
14889200	42	RESP=1
14904189	42	STIM=r
14909457	42	RESP=1
14920492	42	STIM=1
14924765	42	RESP=2
14938123	42	STIM=x
14941727	42	RESP=1
14955223	42	STIM=j
14959946	42	RESP=1
14974063	42	STIM=q
14977418	42	RESP=1
14991998	42	STIM=4
14996755	42	RESP=2
15007515	42	STIM=5
15012942	42	RESP=2
15026254	42	STIM=g
15030036	42	RESP=1
15041935	42	STIM=d
15047157	42	RESP=1
15060083	42	STIM=q
15069230	42	RESP=1
15077995	42	STIM=v
15083112	42	RESP=1
15093780	42	STIM=v
15098384	42	RESP=1
15109786	42	STIM=c
15113131	42	RESP=1
15127007	42	STIM=c
15132764	42	RESP=1
15142145	42	STIM=7
15146495	42	RESP=1
15157751	42	STIM=4
15164595	42	RESP=2
15174406	42	STIM=j
15176999	42	RESP=1
15191228	42	STIM=d
15195091	42	RESP=2
15209418	42	STIM=b
15211979	42	RESP=1
15225604	42	STIM=f
15231075	42	RESP=1
15240736	42	STIM=t
15244031	42	RESP=1
15256490	42	STIM=i
15260671	42	RESP=1
15274224	42	STIM=q
15277075	42	RESP=1
15291655	42	STIM=j
15295005	42	RESP=1
15308473	42	STIM=3
15314787	42	RESP=2
15324808	42	STIM=p
15331361	42	RESP=1
15340201	42	STIM=p
15345020	42	RESP=1
15358622	42	STIM=p
15363320	42	RESP=1
15374447	42	STIM=h
15378460	42	RESP=1
15393086	42	STIM=l
15395545	42	RESP=1
15411648	42	STIM=n
15414131	42	RESP=1
15429102	42	STIM=v
15433549	42	RESP=1
15444847	42	STIM=g
15451732	42	RESP=1
15461624	42	STIM=s
15466645	42	RESP=1
15477015	42	STIM=6
15482472	42	RESP=2
15495606	42	STIM=9
15501287	42	RESP=2
15513240	42	STIM=v
15516886	42	RESP=1
15528997	42	STIM=r
15534919	42	RESP=1
15545717	42	STIM=d
15550191	42	RESP=1
15562780	42	STIM=v
15569233	42	RESP=1
15577806	42	STIM=6
15583261	42	RESP=2
15593638	42	STIM=g
15599949	42	RESP=1
15610791	42	STIM=m
15613991	42	RESP=1
15627535	42	STIM=k
15631917	42	RESP=1
15644289	42	STIM=2
15649850	42	RESP=2
15660660	42	STIM=o
15665072	42	RESP=1
15676438	42	STIM=r
15679347	42	RESP=1
15692174	42	STIM=u
15696839	42	RESP=1
15707377	42	STIM=m
15711731	42	RESP=1
15723681	42	STIM=u
15727318	42	RESP=1
15741133	42	STIM=o
15745870	42	RESP=1
15757492	42	STIM=0
15763740	42	RESP=2
15774078	42	STIM=l
15777247	42	RESP=1
15792200	42	STIM=0
15798879	42	RESP=1
15809689	42	STIM=i
15816354	42	RESP=1
15827528	42	STIM=5
15831510	42	RESP=1
15845428	42	STIM=j
15854180	42	RESP=1
15860525	42	STIM=5
15864900	42	RESP=2
15878185	42	STIM=g
15882572	42	RESP=1
15897165	42	STIM=0
15903685	42	RESP=1
15914940	42	STIM=o
15921936	42	RESP=1
15933881	42	STIM=u
15939702	42	RESP=1
15950400	42	STIM=a
15955037	42	RESP=1
15968088	42	STIM=p
15970681	42	RESP=2
15985270	42	STIM=z
15990101	42	RESP=1
16003865	42	STIM=r
16008493	42	RESP=1
16022187	42	STIM=q
16030668	42	RESP=1
16040344	42	STIM=c
16042953	42	RESP=1
16056836	42	STIM=q
16060252	42	RESP=1
16075665	42	STIM=i
16078968	42	RESP=1
16093398	42	STIM=0
16098582	42	RESP=2
16111582	42	STIM=9
16116458	42	RESP=1
16126988	42	STIM=w
16132908	42	RESP=1
16143685	42	STIM=r
16147886	42	RESP=1
16161755	42	STIM=n
16165552	42	RESP=1
16177160	42	STIM=i
16182092	42	RESP=1
16195978	42	STIM=x
16200309	42	RESP=1
16214475	42	STIM=t
16218814	42	RESP=1
16229829	42	STIM=v
16233018	42	RESP=1
16246354	42	STIM=l
16249316	42	RESP=1
16262375	42	STIM=u
16266967	42	RESP=1
16277689	42	STIM=z
16286521	42	RESP=1
16296507	42	STIM=w
16302193	42	RESP=1
16314907	42	STIM=f
16322570	42	RESP=1
16331130	42	STIM=h
16337858	42	RESP=1
16348996	42	STIM=r
16354286	42	RESP=1
16365379	42	STIM=n
16368912	42	RESP=1
16381616	42	STIM=f
16386488	42	RESP=1
16397426	42	STIM=n
16402151	42	RESP=1
16412914	42	STIM=n
16416949	42	RESP=1
16430576	42	STIM=m
16433744	42	RESP=1
16447898	42	STIM=h
16451261	42	RESP=1
16463387	42	STIM=1
16468053	42	RESP=2
16482089	42	STIM=k
16487569	42	RESP=1
16500605	42	STIM=6
16505685	42	RESP=1
16516507	42	STIM=r
16519745	42	RESP=1
16532677	42	STIM=y
16536419	42	RESP=1
16549654	42	STIM=g
16552955	42	RESP=1
16568353	42	STIM=z
16572021	42	RESP=1
16583653	42	STIM=3
16589184	42	RESP=2
16598872	42	STIM=p
16602295	42	RESP=1
16614453	42	STIM=o
16620796	42	RESP=1
16630058	42	STIM=n
16634455	42	RESP=1
16649055	42	STIM=m
16654669	42	RESP=1
16665527	42	STIM=w
16673877	42	RESP=1
16683287	42	STIM=q
16689347	42	RESP=1
16701775	42	STIM=y
16704848	42	RESP=1
16717591	42	STIM=b
16720567	42	RESP=1
16733325	42	STIM=c
16740029	42	RESP=1
16749824	42	STIM=a
16753722	42	RESP=1
16766429	42	STIM=t
16780697	42	RESP=1
16784996	42	STIM=y
16789907	42	RESP=1
16801809	42	STIM=x
16807531	42	RESP=1
16820635	42	STIM=t
16824744	42	RESP=1
16838823	42	STIM=s
16846072	42	RESP=1
16854251	42	STIM=s
16858873	42	RESP=1
16870253	42	STIM=v
16873345	42	RESP=1
16885830	42	STIM=o
16889980	42	RESP=1
16903201	42	STIM=1
16906305	42	RESP=2
16920673	42	STIM=r
16924561	42	RESP=1
16938991	42	STIM=p
16942642	42	RESP=1
16954723	42	STIM=x
16960142	42	RESP=1
16973093	42	STIM=c
16982553	42	RESP=1
16990400	42	STIM=h
16993990	42	RESP=1
17006689	42	STIM=t
17010235	42	RESP=1
17024773	42	STIM=p
17029458	42	RESP=1
17041898	42	STIM=y
17044975	42	RESP=1
17057701	42	STIM=k
17060742	42	RESP=1
17073728	42	STIM=9
17079064	42	RESP=2
17088773	42	STIM=b
17094576	42	RESP=1
17104771	42	STIM=v
17113169	42	RESP=1
17120651	42	STIM=k
17125581	42	RESP=2
17138496	42	STIM=t
17143724	42	RESP=1
17156269	42	STIM=r
17167090	42	RESP=1
17171974	42	STIM=v
17175655	42	RESP=1
17190309	42	STIM=f
17194044	42	RESP=1
17207944	42	STIM=8
17211447	42	RESP=2
17223325	42	STIM=9
17228101	42	RESP=2
17241028	42	STIM=p
17247933	42	RESP=1
17258379	42	STIM=l
17264328	42	RESP=1
17274736	42	STIM=l
17278187	42	RESP=1
17293697	42	STIM=e
17298286	42	RESP=1
17309296	42	STIM=p
17314594	42	RESP=1
17326183	42	STIM=e
17329597	42	RESP=1
17341957	42	STIM=b
17348502	42	RESP=1
17358476	42	STIM=3
17364761	42	RESP=2
17376803	42	STIM=o
17384826	42	RESP=1
17392422	42	STIM=w
17395688	42	RESP=2
17407940	42	STIM=g
17412663	42	RESP=1
17424006	42	STIM=t
17426795	42	RESP=1
17439682	42	STIM=a
17443508	42	RESP=1
17454787	42	STIM=q
17459079	42	RESP=1
17470644	42	STIM=6
17478180	42	RESP=1
17488294	42	STIM=v
17491953	42	RESP=1
17504501	42	STIM=b
17508553	42	RESP=1
17522907	42	STIM=s
17527433	42	RESP=1
17540761	42	STIM=h
17545400	42	RESP=1
17558855	42	STIM=n
17563586	42	RESP=1
17575585	42	STIM=j
17579032	42	RESP=1
17592650	42	STIM=t
17596123	42	RESP=1
17608962	42	STIM=s
17615385	42	RESP=1
17627895	42	STIM=d
17633348	42	RESP=1
17644317	42	STIM=g
17650410	42	RESP=1
17661950	42	STIM=p
17667572	42	RESP=1
17677763	42	STIM=8
17682983	42	RESP=2
17695433	42	STIM=k
17700203	42	RESP=1
17713248	42	STIM=i
17717831	42	RESP=1
17730994	42	STIM=9
17736886	42	RESP=2
17748132	42	STIM=e
17751931	42	RESP=1
17764802	42	STIM=e
17771691	42	RESP=1
17782436	42	STIM=i
17788151	42	RESP=1
17797875	42	STIM=v
17806597	42	RESP=1
17816569	42	STIM=p
17819300	42	RESP=2
17832277	42	STIM=m
17839094	42	RESP=1
17850310	42	STIM=k
17856360	42	RESP=1
17865658	42	STIM=0
17871413	42	RESP=2
17882538	42	STIM=p
17887208	42	RESP=1
17901467	42	STIM=4
17908655	42	RESP=1
17919465	42	STIM=w
17925016	42	RESP=1
17934499	42	STIM=q
17938969	42	RESP=2
17952126	42	STIM=d
17958970	42	RESP=1
17970263	42	STIM=t
17973134	42	RESP=1
17986065	42	STIM=5
17992447	42	RESP=2
18004129	42	STIM=w
18008308	42	RESP=1
18022376	42	STIM=1
18028276	42	RESP=2
18038357	42	STIM=p
18042245	42	RESP=1
18053751	42	STIM=o
18057657	42	RESP=2
18071284	42	STIM=8
18076153	42	RESP=2
18087731	42	STIM=v
18093298	42	RESP=1
18105947	42	STIM=r
18113886	42	RESP=1
18122130	42	STIM=b
18127340	42	RESP=1
18137345	42	STIM=2
18144753	42	RESP=2
18154162	42	STIM=j
18160844	42	RESP=1
18169229	42	STIM=t
18172943	42	RESP=1
18187393	42	STIM=6
18190611	42	RESP=2
18205616	42	STIM=2
18209081	42	RESP=2
18221379	42	STIM=j
18227823	42	RESP=1
18239624	42	STIM=l
18242797	42	RESP=1
18256592	42	STIM=e
18260216	42	RESP=1
18274679	42	STIM=1
18283210	42	RESP=2
18293013	42	STIM=i
18299255	42	RESP=1
18309763	42	STIM=y
18315150	42	RESP=1
18324975	42	STIM=g
18331759	42	RESP=1
18342521	42	STIM=w
18348316	42	RESP=1
18359722	42	STIM=2
18365317	42	RESP=2
18375090	42	STIM=l
18380580	42	RESP=1
18393241	42	STIM=6
18398456	42	RESP=1
18409554	42	STIM=i
18412990	42	RESP=1
18428189	42	STIM=v
18431670	42	RESP=1
18445445	42	STIM=v
18449046	42	RESP=1
18461065	42	STIM=v
18469668	42	RESP=1
18476242	42	STIM=w
18480431	42	RESP=1
18494142	42	STIM=m
18497399	42	RESP=2
18510097	42	STIM=o
18513373	42	RESP=1
18525326	42	STIM=6
18528875	42	RESP=2
18543835	42	STIM=f
18548186	42	RESP=1
18561242	42	STIM=h
18567408	42	RESP=1
18578561	42	STIM=l
18581677	42	RESP=1
18594352	42	STIM=n
18598116	42	RESP=1
18613337	42	STIM=c
18618088	42	RESP=1
18629221	42	STIM=9
18632835	42	RESP=2
18645981	42	STIM=7
18650605	42	RESP=2
18662091	42	STIM=o
18665406	42	RESP=1
18678212	42	STIM=4
18683586	42	RESP=2
18695485	42	STIM=v
18703354	42	RESP=1
18710871	42	STIM=6
18718868	42	RESP=2
18729026	42	STIM=x
18735051	42	RESP=1
18744323	42	STIM=n
18748926	42	RESP=1
18760274	42	STIM=m
18763959	42	RESP=2
18776773	42	STIM=0
18781311	42	RESP=2
18794491	42	STIM=c
18800290	42	RESP=1
18809792	42	STIM=x
18816156	42	RESP=1
18825747	42	STIM=z
18829234	42	RESP=2
18842360	42	STIM=z
18847319	42	RESP=1
18859822	42	STIM=q
18863146	42	RESP=1
18875503	42	STIM=o
18880553	42	RESP=1
18893597	42	STIM=x
18898336	42	RESP=1
18912239	42	STIM=i
18920273	42	RESP=1
18928129	42	STIM=m
18931669	42	RESP=1
18943378	42	STIM=p
18947159	42	RESP=1
18958775	42	STIM=k
18962411	42	RESP=1
18977261	42	STIM=q
18983433	42	RESP=1
18994411	42	STIM=h
18997829	42	RESP=1
19009993	42	STIM=g
19016387	42	RESP=1
19028066	42	STIM=r
19036960	42	RESP=2
19046147	42	STIM=q
19052478	42	RESP=1
19063870	42	STIM=t
19067475	42	RESP=2
19081183	42	STIM=x
19088133	42	RESP=1
19098720	42	STIM=z
19103984	42	RESP=1
19114212	42	STIM=f
19119042	42	RESP=1
19132927	42	STIM=e
19140773	42	RESP=1
19148188	42	STIM=b
19153009	42	RESP=1
19164014	42	STIM=t
19168513	42	RESP=1
19182076	42	STIM=9
19186605	42	RESP=2
19199535	42	STIM=h
19204708	42	RESP=1
19214850	42	STIM=i
19219866	42	RESP=1
19232363	42	STIM=g
19235161	42	RESP=1
19250735	42	STIM=s
19256026	42	RESP=1
19266587	42	STIM=u
19271164	42	RESP=1
19284592	42	STIM=a
19292168	42	RESP=1
19303094	42	STIM=k
19307774	42	RESP=1
19321748	42	STIM=v
19324288	42	RESP=1
19337342	42	STIM=9
19341862	42	RESP=2
19355615	42	STIM=i
19360606	42	RESP=1
19373416	42	STIM=z
19376943	42	RESP=1
19389324	42	STIM=4
19392816	42	RESP=2
19404902	42	STIM=b
19408916	42	RESP=1
19422259	42	STIM=x
19429581	42	RESP=1
19439498	42	STIM=i
19445022	42	RESP=1
19454844	42	STIM=g
19460933	42	RESP=1
19471904	42	STIM=0
19480850	42	RESP=2
19490476	42	STIM=g
19495514	42	RESP=1
19505596	42	STIM=5
19513650	42	RESP=2
19523172	42	STIM=3
19527581	42	RESP=2
19538752	42	STIM=g
19541534	42	RESP=1
19556084	42	STIM=4
19562840	42	RESP=2
19571586	42	STIM=z
19577979	42	RESP=1
19587628	42	STIM=a
19591897	42	RESP=1
19605144	42	STIM=5
19609326	42	RESP=2
19620958	42	STIM=2
19627427	42	RESP=2
19636625	42	STIM=q
19643091	42	RESP=1
19654713	42	STIM=o
19662276	42	RESP=1
19670325	42	STIM=8
19676572	42	RESP=2
19685756	42	STIM=8
19695278	42	RESP=2
19703561	42	STIM=v
19708829	42	RESP=1
19720764	42	STIM=5
19724338	42	RESP=1
19736567	42	STIM=i
19739766	42	RESP=1
19752463	42	STIM=c
19760534	42	RESP=1
19768808	42	STIM=z
19772372	42	RESP=1
19785581	42	STIM=s
19791321	42	RESP=1
19801425	42	STIM=l
19805348	42	RESP=1
19817268	42	STIM=y
19820981	42	RESP=1
19832387	42	STIM=3
19838751	42	RESP=2
19848133	42	STIM=1
19852499	42	RESP=1
19863636	42	STIM=0
19867371	42	RESP=2
19878856	42	STIM=6
19882965	42	RESP=2
19895821	42	STIM=o
19898634	42	RESP=1
19912268	42	STIM=e
19918193	42	RESP=1
19928941	42	STIM=a
19934373	42	RESP=1
19944571	42	STIM=p
19949502	42	RESP=1
19963411	42	STIM=t
19971882	42	RESP=1
19982252	42	STIM=c
19987849	42	RESP=1
20000787	42	STIM=k
20005399	42	RESP=1
20016687	42	STIM=f
20025616	42	RESP=1
20034632	42	STIM=h
20037397	42	RESP=1
20052199	42	STIM=z
20056412	42	RESP=1
20068469	42	STIM=t
20072920	42	RESP=1
20084961	42	STIM=p
20094396	42	RESP=1
20101807	42	STIM=e
20104707	42	RESP=1
20118802	42	STIM=v
20124394	42	RESP=1
20136688	42	STIM=1
20142400	42	RESP=1
20153377	42	STIM=9
20158070	42	RESP=2
20172337	42	STIM=0
20179468	42	RESP=2
20190048	42	STIM=p
20194189	42	RESP=1
20206262	42	STIM=9
20210415	42	RESP=2
20223551	42	STIM=n
20229065	42	RESP=1
20239962	42	STIM=s
20245294	42	RESP=1
20256188	42	STIM=r
20263532	42	RESP=1
20274891	42	STIM=z
20280833	42	RESP=1
20292476	42	STIM=0
20297060	42	RESP=2
20307773	42	STIM=7
20315366	42	RESP=2
20326121	42	STIM=g
20329415	42	RESP=1
20342989	42	STIM=t
20348638	42	RESP=1
20359170	42	STIM=f
20363318	42	RESP=1
20375362	42	STIM=s
20378552	42	RESP=1
20391583	42	STIM=1
20396710	42	RESP=2
20407296	42	STIM=i
20411296	42	RESP=1
20426222	42	STIM=f
20429500	42	RESP=1
20441303	42	STIM=t
20444512	42	RESP=1
20458546	42	STIM=k
20462188	42	RESP=1
20475139	42	STIM=1
20478785	42	RESP=2
20493274	42	STIM=i
20496772	42	RESP=1
20509785	42	STIM=j
20514497	42	RESP=1
20526297	42	STIM=y
20529502	42	RESP=1
20544530	42	STIM=q
20550647	42	RESP=1
20562290	42	STIM=s
20571817	42	RESP=1
20579631	42	STIM=r
20584679	42	RESP=1
20595422	42	STIM=i
20600425	42	RESP=1
20610681	42	STIM=o
20614905	42	RESP=1
20627357	42	STIM=e
20632288	42	RESP=1
20642363	42	STIM=j
20646376	42	RESP=1
20659841	42	STIM=r
20663955	42	RESP=1
20674949	42	STIM=g
20680405	42	RESP=1
20690532	42	STIM=c
20693784	42	RESP=1
20705996	42	STIM=6
20710712	42	RESP=2
20722752	42	STIM=w
20725327	42	RESP=1
20740129	42	STIM=4
20748792	42	RESP=1
20757381	42	STIM=a
20761277	42	RESP=1
20772901	42	STIM=x
20776269	42	RESP=1
20788023	42	STIM=v
20794464	42	RESP=1
20806074	42	STIM=t
20810985	42	RESP=1
20823948	42	STIM=c
20831203	42	RESP=1
20839217	42	STIM=y
20844299	42	RESP=1
20857103	42	STIM=n
20869820	42	RESP=1
20873550	42	STIM=p
20878046	42	RESP=1
20890603	42	STIM=w
20893634	42	RESP=1
20905926	42	STIM=z
20912460	42	RESP=1
20922387	42	STIM=q
20927093	42	RESP=1
20937563	42	STIM=9
20945170	42	RESP=2
20954829	42	STIM=l
20959528	42	RESP=1
20972464	42	STIM=n
20977410	42	RESP=1
20990038	42	STIM=3
20993964	42	RESP=2
21005944	42	STIM=1
21011443	42	RESP=2
21022577	42	STIM=l
21025215	42	RESP=1
21037884	42	STIM=t
21045616	42	RESP=2
21056724	42	STIM=t
21060268	42	RESP=1
21072690	42	STIM=q
21077461	42	RESP=1
21088742	42	STIM=x
21091911	42	RESP=1
21104300	42	STIM=l
21107937	42	RESP=1
21123069	42	STIM=v
21129857	42	RESP=1
21139185	42	STIM=0
21143785	42	RESP=2
21156825	42	STIM=n
21161187	42	RESP=2
21175171	42	STIM=9
21182423	42	RESP=2
21191332	42	STIM=u
21196450	42	RESP=1
21207903	42	STIM=z
21213028	42	RESP=1
21223963	42	STIM=2
21228416	42	RESP=2
21241391	42	STIM=c
21249553	42	RESP=1
21258331	42	STIM=a
21262643	42	RESP=1
21274716	42	STIM=t
21278655	42	RESP=1
21293339	42	STIM=2
21300949	42	RESP=1
21310713	42	STIM=d
21317900	42	RESP=1
21328403	42	STIM=a
21331689	42	RESP=1
21343980	42	STIM=e
21347967	42	RESP=1
21359569	42	STIM=s
21363800	42	RESP=1
21376289	42	STIM=v
21385627	42	RESP=1
21394499	42	STIM=5
21402530	42	RESP=1
21412891	42	STIM=c
21415935	42	RESP=1
21431020	42	STIM=7
21435526	42	RESP=2
21447411	42	STIM=q
21450766	42	RESP=1
21465778	42	STIM=p
21475570	42	RESP=1
21482120	42	STIM=r
21488911	42	RESP=1
21498314	42	STIM=i
21502110	42	RESP=1
21514630	42	STIM=6
21519827	42	RESP=2
21533591	42	STIM=i
21538886	42	RESP=1
21551305	42	STIM=x
21566531	42	RESP=1
21566874	42	STIM=y
21571328	42	RESP=1
21583635	42	STIM=4
21591196	42	RESP=2
21602338	42	STIM=4
21611787	42	RESP=2
21620820	42	STIM=3
21626346	42	RESP=2
21637261	42	STIM=q
21641537	42	RESP=1
21654031	42	STIM=i
21658683	42	RESP=1
21670278	42	STIM=q
21677810	42	RESP=1
21685511	42	STIM=y
21688981	42	RESP=1
21704179	42	STIM=8
21711411	42	RESP=2
