# Original filename: 0010_LNR_2016-11-26.log
# Time unit: 100 us
# RARECAT=digit
#
# Time	HHGG	Event
29051	42	STIM=j
33321	42	RESP=1
47059	42	STIM=k
50691	42	RESP=1
63063	42	STIM=g
70524	42	RESP=1
80054	42	STIM=2
85714	42	RESP=2
95832	42	STIM=2
105896	42	RESP=2
114164	42	STIM=t
121171	42	RESP=1
131889	42	STIM=o
137779	42	RESP=1
149254	42	STIM=o
155668	42	RESP=1
164604	42	STIM=q
169194	42	RESP=1
183059	42	STIM=o
186135	42	RESP=1
201004	42	STIM=i
205722	42	RESP=1
217370	42	STIM=h
224179	42	RESP=1
234242	42	STIM=3
241934	42	RESP=2
251820	42	STIM=z
255528	42	RESP=1
269622	42	STIM=b
281869	42	RESP=1
286391	42	STIM=e
292836	42	RESP=1
302295	42	STIM=a
307553	42	RESP=1
319470	42	STIM=u
326514	42	RESP=1
337845	42	STIM=e
343514	42	RESP=1
354619	42	STIM=e
361108	42	RESP=1
371449	42	STIM=8
376926	42	RESP=2
389359	42	STIM=1
398398	42	RESP=2
406862	42	STIM=m
411824	42	RESP=1
423096	42	STIM=3
432554	42	RESP=2
439475	42	STIM=h
444456	42	RESP=1
455387	42	STIM=k
458609	42	RESP=1
473469	42	STIM=s
476490	42	RESP=2
490444	42	STIM=b
495518	42	RESP=1
508467	42	STIM=i
513554	42	RESP=1
526165	42	STIM=m
533357	42	RESP=1
542360	42	STIM=g
546936	42	RESP=1
560531	42	STIM=3
567021	42	RESP=2
576204	42	STIM=y
580656	42	RESP=1
591556	42	STIM=d
596966	42	RESP=1
606757	42	STIM=1
611413	42	RESP=2
622435	42	STIM=v
629005	42	RESP=1
639559	42	STIM=e
642472	42	RESP=1
657399	42	STIM=o
663493	42	RESP=1
674037	42	STIM=w
677903	42	RESP=1
691414	42	STIM=c
699833	42	RESP=1
707784	42	STIM=c
715277	42	RESP=1
723518	42	STIM=n
728716	42	RESP=1
738826	42	STIM=q
742317	42	RESP=1
757247	42	STIM=o
765462	42	RESP=1
775643	42	STIM=g
781317	42	RESP=1
792693	42	STIM=n
799133	42	RESP=1
811177	42	STIM=b
816626	42	RESP=1
826489	42	STIM=h
834417	42	RESP=1
843193	42	STIM=u
849261	42	RESP=1
860369	42	STIM=t
864159	42	RESP=1
877046	42	STIM=m
883152	42	RESP=1
894770	42	STIM=m
900085	42	RESP=1
912808	42	STIM=l
917139	42	RESP=1
930871	42	STIM=8
936798	42	RESP=2
946371	42	STIM=z
950459	42	RESP=1
961852	42	STIM=m
964439	42	RESP=1
977647	42	STIM=l
985855	42	RESP=1
996221	42	STIM=z
1000072	42	RESP=1
1011816	42	STIM=w
1019583	42	RESP=1
1028779	42	STIM=k
1036662	42	RESP=1
1045989	42	STIM=y
1051896	42	RESP=1
1063408	42	STIM=y
1068177	42	RESP=1
1080689	42	STIM=q
1084152	42	RESP=1
1097485	42	STIM=v
1102779	42	RESP=1
1114918	42	STIM=n
1120881	42	RESP=1
1130604	42	STIM=m
1138459	42	RESP=1
1146886	42	STIM=w
1152979	42	RESP=1
1162424	42	STIM=0
1167620	42	RESP=2
1179219	42	STIM=j
1185279	42	RESP=1
1194355	42	STIM=4
1198669	42	RESP=2
1209543	42	STIM=z
1214715	42	RESP=1
1226979	42	STIM=f
1232376	42	RESP=1
1242486	42	STIM=d
1249083	42	RESP=1
1258065	42	STIM=6
1262241	42	RESP=1
1275012	42	STIM=5
1282927	42	RESP=2
1291397	42	STIM=h
1301174	42	RESP=1
1307921	42	STIM=f
1316390	42	RESP=1
1325584	42	STIM=d
1330886	42	RESP=1
1343845	42	STIM=c
1350405	42	RESP=1
1359182	42	STIM=h
1363749	42	RESP=1
1377051	42	STIM=b
1383708	42	RESP=1
1393691	42	STIM=p
1397086	42	RESP=1
1410760	42	STIM=v
1415664	42	RESP=1
1427780	42	STIM=7
1434074	42	RESP=2
1444149	42	STIM=y
1448099	42	RESP=1
1459281	42	STIM=2
1464943	42	RESP=2
1478184	42	STIM=q
1481646	42	RESP=1
1496994	42	STIM=k
1501887	42	RESP=1
1515160	42	STIM=l
1519978	42	RESP=1
1533555	42	STIM=y
1538413	42	RESP=1
1549976	42	STIM=l
1554793	42	RESP=1
1565163	42	STIM=a
1570620	42	RESP=1
1584013	42	STIM=i
1589561	42	RESP=2
1599733	42	STIM=i
1610072	42	RESP=1
1618017	42	STIM=b
1623489	42	RESP=1
1635450	42	STIM=s
1640459	42	RESP=1
1650480	42	STIM=s
1654891	42	RESP=1
1665850	42	STIM=v
1669432	42	RESP=1
1681512	42	STIM=e
1688100	42	RESP=1
1697807	42	STIM=w
1701627	42	RESP=1
1716267	42	STIM=v
1721139	42	RESP=2
1733438	42	STIM=a
1738860	42	RESP=1
1750470	42	STIM=k
1758697	42	RESP=1
1766606	42	STIM=i
1770799	42	RESP=1
1782399	42	STIM=n
1789415	42	RESP=1
1798905	42	STIM=i
1807149	42	RESP=1
1815986	42	STIM=o
1820855	42	RESP=1
1832918	42	STIM=o
1836299	42	RESP=1
1850111	42	STIM=z
1854311	42	RESP=1
1865678	42	STIM=8
1873871	42	RESP=2
1883797	42	STIM=c
1887950	42	RESP=1
1902158	42	STIM=5
1907060	42	RESP=2
1919296	42	STIM=u
1924606	42	RESP=2
1936584	42	STIM=n
1941551	42	RESP=1
1953612	42	STIM=n
1959392	42	RESP=1
1969736	42	STIM=3
1975486	42	RESP=2
1988079	42	STIM=m
1991930	42	RESP=1
2003286	42	STIM=b
2007868	42	RESP=1
2019307	42	STIM=1
2029496	42	RESP=2
2034588	42	STIM=0
2041052	42	RESP=2
2052528	42	STIM=e
2057514	42	RESP=1
2067919	42	STIM=3
2074663	42	RESP=2
2085955	42	STIM=c
2089633	42	RESP=1
2103072	42	STIM=7
2107901	42	RESP=2
2119496	42	STIM=k
2128059	42	RESP=1
2136325	42	STIM=e
2140584	42	RESP=1
2151565	42	STIM=h
2156310	42	RESP=1
2168256	42	STIM=j
2170839	42	RESP=1
2183879	42	STIM=v
2187998	42	RESP=1
2201295	42	STIM=h
2208397	42	RESP=1
2218785	42	STIM=r
2226197	42	RESP=1
2236164	42	STIM=a
2238706	42	RESP=1
2252641	42	STIM=3
2261573	42	RESP=2
2270923	42	STIM=r
2274079	42	RESP=1
2286468	42	STIM=x
2291968	42	RESP=1
2301688	42	STIM=w
2305965	42	RESP=1
2318328	42	STIM=b
2323322	42	RESP=1
2336857	42	STIM=a
2341841	42	RESP=1
2355798	42	STIM=5
2361056	42	RESP=2
2373881	42	STIM=k
2378903	42	RESP=1
2390620	42	STIM=m
2396521	42	RESP=1
2406140	42	STIM=p
2410526	42	RESP=1
2425084	42	STIM=8
2433178	42	RESP=2
2443535	42	STIM=x
2448935	42	RESP=1
2460232	42	STIM=r
2466368	42	RESP=1
2476438	42	STIM=8
2481895	42	RESP=2
2491674	42	STIM=q
2500213	42	RESP=1
2507051	42	STIM=p
2510480	42	RESP=1
2524003	42	STIM=o
2531155	42	RESP=1
2541906	42	STIM=f
2546855	42	RESP=1
2557556	42	STIM=y
2562478	42	RESP=1
2576451	42	STIM=q
2581365	42	RESP=1
2594506	42	STIM=p
2597302	42	RESP=1
2610750	42	STIM=4
2616789	42	RESP=2
2626867	42	STIM=e
2632343	42	RESP=1
2642249	42	STIM=4
2648196	42	RESP=2
2657966	42	STIM=j
2663505	42	RESP=1
2673749	42	STIM=z
2678372	42	RESP=1
2692740	42	STIM=n
2697771	42	RESP=1
2711504	42	STIM=8
2717271	42	RESP=2
2729971	42	STIM=z
2739073	42	RESP=1
2748803	42	STIM=1
2752700	42	RESP=2
2766037	42	STIM=7
2772948	42	RESP=2
2784847	42	STIM=l
2790541	42	RESP=1
2803256	42	STIM=q
2811034	42	RESP=1
2821626	42	STIM=4
2826620	42	RESP=2
2837680	42	STIM=b
2842137	42	RESP=1
2855785	42	STIM=o
2862992	42	RESP=1
2871417	42	STIM=l
2875801	42	RESP=1
2888357	42	STIM=h
2893352	42	RESP=1
2903776	42	STIM=y
2910240	42	RESP=1
2919660	42	STIM=0
2930209	42	RESP=2
2937594	42	STIM=h
2944097	42	RESP=1
2955176	42	STIM=0
2962469	42	RESP=2
2973926	42	STIM=y
2981464	42	RESP=1
2992616	42	STIM=u
2997329	42	RESP=1
3010512	42	STIM=d
3014631	42	RESP=1
3027298	42	STIM=e
3032507	42	RESP=1
3043544	42	STIM=u
3046623	42	RESP=1
3061761	42	STIM=n
3071180	42	RESP=1
3078773	42	STIM=z
3089418	42	RESP=1
3094954	42	STIM=i
3099636	42	RESP=1
3113844	42	STIM=7
3119140	42	RESP=2
3130091	42	STIM=5
3136264	42	RESP=2
3146876	42	STIM=u
3153672	42	RESP=1
3161983	42	STIM=l
3165118	42	RESP=1
3180576	42	STIM=c
3187575	42	RESP=1
3195957	42	STIM=q
3201079	42	RESP=1
3212231	42	STIM=7
3219197	42	RESP=2
3231196	42	STIM=q
3237241	42	RESP=1
3249025	42	STIM=b
3255600	42	RESP=1
3266646	42	STIM=d
3270067	42	RESP=1
3282835	42	STIM=z
3291838	42	RESP=1
3299401	42	STIM=c
3305555	42	RESP=1
3318053	42	STIM=a
3325436	42	RESP=1
3334702	42	STIM=9
3345826	42	RESP=2
3351598	42	STIM=u
3355998	42	RESP=1
3369311	42	STIM=8
3375127	42	RESP=2
3385030	42	STIM=f
3389812	42	RESP=1
3403517	42	STIM=3
3407822	42	RESP=2
3419872	42	STIM=f
3423967	42	RESP=1
3438220	42	STIM=x
3448983	42	RESP=1
3455182	42	STIM=t
3460148	42	RESP=1
3471266	42	STIM=2
3478985	42	RESP=2
3488984	42	STIM=j
3494435	42	RESP=2
3504899	42	STIM=h
3509756	42	RESP=1
3521083	42	STIM=l
3527244	42	RESP=1
3536733	42	STIM=1
3546407	42	RESP=2
3552014	42	STIM=c
3558269	42	RESP=1
3568621	42	STIM=b
3572158	42	RESP=1
3584201	42	STIM=1
3589897	42	RESP=2
3601125	42	STIM=6
3611226	42	RESP=2
3617469	42	STIM=a
3626991	42	RESP=1
3636129	42	STIM=v
3645415	42	RESP=1
3651538	42	STIM=a
3657212	42	RESP=1
3667573	42	STIM=t
3671961	42	RESP=1
3683006	42	STIM=k
3687379	42	RESP=1
3700012	42	STIM=r
3704220	42	RESP=1
3716947	42	STIM=p
3721402	42	RESP=1
3733422	42	STIM=i
3742582	42	RESP=1
3749965	42	STIM=p
3754585	42	RESP=1
3767557	42	STIM=3
3773368	42	RESP=2
3784662	42	STIM=p
3791138	42	RESP=1
3803014	42	STIM=d
3805973	42	RESP=1
3821428	42	STIM=n
3827494	42	RESP=1
3837972	42	STIM=a
3842823	42	RESP=1
3853070	42	STIM=1
3861400	42	RESP=2
3871451	42	STIM=6
3877099	42	RESP=2
3889634	42	STIM=p
3897496	42	RESP=2
3905173	42	STIM=x
3909748	42	RESP=1
3923278	42	STIM=v
3929819	42	RESP=1
3938549	42	STIM=x
3946542	42	RESP=2
3954865	42	STIM=z
3961032	42	RESP=1
3969999	42	STIM=u
3975330	42	RESP=1
3985272	42	STIM=c
3993011	42	RESP=1
4002788	42	STIM=r
4014059	42	RESP=1
4019791	42	STIM=b
4025627	42	RESP=1
4038016	42	STIM=2
4042758	42	RESP=2
4056809	42	STIM=3
4064992	42	RESP=2
4072186	42	STIM=9
4078246	42	RESP=2
4087532	42	STIM=u
4092281	42	RESP=1
4106393	42	STIM=i
4113659	42	RESP=2
4123024	42	STIM=r
4130556	42	RESP=1
4138063	42	STIM=p
4142300	42	RESP=1
4156787	42	STIM=5
4164183	42	RESP=2
4173388	42	STIM=b
4177274	42	RESP=1
4190821	42	STIM=6
4196675	42	RESP=1
4207776	42	STIM=p
4210849	42	RESP=1
4226219	42	STIM=8
4232607	42	RESP=2
4242367	42	STIM=s
4247996	42	RESP=1
4259874	42	STIM=u
4266335	42	RESP=1
4278243	42	STIM=u
4284187	42	RESP=1
4295628	42	STIM=e
4299104	42	RESP=1
4313047	42	STIM=h
4319405	42	RESP=1
4331565	42	STIM=t
4334743	42	RESP=1
4349626	42	STIM=a
4354154	42	RESP=1
4365416	42	STIM=e
4369436	42	RESP=1
4382566	42	STIM=q
4385460	42	RESP=1
4398594	42	STIM=o
4405850	42	RESP=1
4414155	42	STIM=r
4422464	42	RESP=1
4431238	42	STIM=r
4434531	42	RESP=1
4449916	42	STIM=3
4458810	42	RESP=2
4465823	42	STIM=j
4469261	42	RESP=1
4481844	42	STIM=g
4486484	42	RESP=1
4499723	42	STIM=i
4505435	42	RESP=1
4515041	42	STIM=7
4526631	42	RESP=2
4530325	42	STIM=k
4537582	42	RESP=1
4545909	42	STIM=r
4552428	42	RESP=1
4562309	42	STIM=i
4565414	42	RESP=1
4579241	42	STIM=3
4585615	42	RESP=1
4595993	42	STIM=4
4602446	42	RESP=2
4611993	42	STIM=l
4618236	42	RESP=1
4629082	42	STIM=p
4634531	42	RESP=1
4644140	42	STIM=w
4647948	42	RESP=1
4663076	42	STIM=x
4668163	42	RESP=1
4679876	42	STIM=p
4685793	42	RESP=1
4697000	42	STIM=g
4705895	42	RESP=1
4713114	42	STIM=z
4717621	42	RESP=1
4731381	42	STIM=7
4742495	42	RESP=2
4746672	42	STIM=0
4751180	42	RESP=2
4765399	42	STIM=z
4769563	42	RESP=1
4781019	42	STIM=y
4785224	42	RESP=1
4798321	42	STIM=j
4802747	42	RESP=1
4815104	42	STIM=m
4821195	42	RESP=1
4830800	42	STIM=1
4836535	42	RESP=2
4848063	42	STIM=z
4858158	42	RESP=1
4865798	42	STIM=y
4870169	42	RESP=1
4883124	42	STIM=j
4886412	42	RESP=1
4901680	42	STIM=l
4907405	42	RESP=1
4916781	42	STIM=u
4924698	42	RESP=1
4933004	42	STIM=n
4937490	42	RESP=1
4951877	42	STIM=b
4956785	42	RESP=1
4968606	42	STIM=l
4972192	42	RESP=1
4986506	42	STIM=d
4991554	42	RESP=1
5002986	42	STIM=j
5008116	42	RESP=1
5020582	42	STIM=h
5025089	42	RESP=1
5037348	42	STIM=l
5041322	42	RESP=1
5055840	42	STIM=0
5065684	42	RESP=1
5070870	42	STIM=6
5080168	42	RESP=2
5086487	42	STIM=5
5092730	42	RESP=2
5105126	42	STIM=h
5112564	42	RESP=1
5121063	42	STIM=v
5126253	42	RESP=1
5137396	42	STIM=e
5141955	42	RESP=1
5153953	42	STIM=v
5160245	42	RESP=2
5170055	42	STIM=j
5177921	42	RESP=1
5188082	42	STIM=d
5194918	42	RESP=1
5206857	42	STIM=d
5210376	42	RESP=1
5222433	42	STIM=d
5228023	42	RESP=1
5239878	42	STIM=k
5245127	42	RESP=1
5258055	42	STIM=g
5262776	42	RESP=1
5273725	42	STIM=s
5280941	42	RESP=1
5290417	42	STIM=q
5294499	42	RESP=1
5307832	42	STIM=p
5314364	42	RESP=1
5323162	42	STIM=k
5328077	42	RESP=1
5342072	42	STIM=k
5345863	42	RESP=1
5358259	42	STIM=a
5367887	42	RESP=1
5373629	42	STIM=9
5378803	42	RESP=2
5391405	42	STIM=k
5397551	42	RESP=1
5408073	42	STIM=q
5413421	42	RESP=1
5426712	42	STIM=4
5434655	42	RESP=2
5445350	42	STIM=9
5450485	42	RESP=2
5461427	42	STIM=w
5465511	42	RESP=1
5479311	42	STIM=a
5486180	42	RESP=1
5496243	42	STIM=h
5500736	42	RESP=1
5511250	42	STIM=e
5515122	42	RESP=1
5528953	42	STIM=q
5534905	42	RESP=2
5544549	42	STIM=3
5551390	42	RESP=2
5559797	42	STIM=0
5566562	42	RESP=2
5578029	42	STIM=q
5583657	42	RESP=1
5594660	42	STIM=q
5598117	42	RESP=1
5609726	42	STIM=y
5616149	42	RESP=1
5628365	42	STIM=5
5634446	42	RESP=2
5647210	42	STIM=l
5654138	42	RESP=1
5664207	42	STIM=u
5671140	42	RESP=1
5680951	42	STIM=k
5689793	42	RESP=1
5698348	42	STIM=4
5708888	42	RESP=2
5714400	42	STIM=g
5722476	42	RESP=1
5730674	42	STIM=d
5735948	42	RESP=1
5747629	42	STIM=y
5754488	42	RESP=1
5765093	42	STIM=k
5770808	42	RESP=1
5782161	42	STIM=7
5792323	42	RESP=2
5798064	42	STIM=m
5803582	42	RESP=1
5814820	42	STIM=d
5819256	42	RESP=1
5833251	42	STIM=f
5838738	42	RESP=1
5852064	42	STIM=u
5859330	42	RESP=1
5867330	42	STIM=g
5874879	42	RESP=1
5883945	42	STIM=g
5891360	42	RESP=1
5900605	42	STIM=m
5909239	42	RESP=1
5916559	42	STIM=7
5922293	42	RESP=2
5935128	42	STIM=o
5939478	42	RESP=1
5951167	42	STIM=b
5956452	42	RESP=1
5969517	42	STIM=u
5972991	42	RESP=1
5988141	42	STIM=k
5994635	42	RESP=1
6004565	42	STIM=v
6015433	42	RESP=1
6020645	42	STIM=6
6028944	42	RESP=2
6037915	42	STIM=t
6044425	42	RESP=1
6055417	42	STIM=x
6061482	42	RESP=1
6073166	42	STIM=i
6077590	42	RESP=1
6091572	42	STIM=1
6100018	42	RESP=2
6106771	42	STIM=c
6110590	42	RESP=1
6125455	42	STIM=u
6132044	42	RESP=1
6143156	42	STIM=4
6149489	42	RESP=2
6161907	42	STIM=r
6166307	42	RESP=1
6179870	42	STIM=e
6189107	42	RESP=1
6196302	42	STIM=j
6204695	42	RESP=1
6213089	42	STIM=d
6218650	42	RESP=1
6230425	42	STIM=u
6237045	42	RESP=2
6246947	42	STIM=t
6255771	42	RESP=1
6265492	42	STIM=s
6274289	42	RESP=1
6281046	42	STIM=p
6285353	42	RESP=1
6296258	42	STIM=9
6304248	42	RESP=1
6312230	42	STIM=2
6319110	42	RESP=2
6328169	42	STIM=0
6334579	42	RESP=1
6344402	42	STIM=c
6350089	42	RESP=1
6360330	42	STIM=f
6364907	42	RESP=1
6376713	42	STIM=g
6382698	42	RESP=1
6391794	42	STIM=u
6402684	42	RESP=1
6408430	42	STIM=n
6411886	42	RESP=1
6424842	42	STIM=q
6430703	42	RESP=1
6442094	42	STIM=o
6446303	42	RESP=1
6461063	42	STIM=j
6473143	42	RESP=1
6479974	42	STIM=d
6484388	42	RESP=1
6495883	42	STIM=e
6501725	42	RESP=2
6511522	42	STIM=1
6519983	42	RESP=1
6528881	42	STIM=w
6532806	42	RESP=1
6547483	42	STIM=7
6554466	42	RESP=2
6565432	42	STIM=h
6574505	42	RESP=1
6583812	42	STIM=i
6587964	42	RESP=1
6599336	42	STIM=z
6605152	42	RESP=1
6618276	42	STIM=c
6622382	42	RESP=1
6633421	42	STIM=d
6637586	42	RESP=1
6649550	42	STIM=z
6657339	42	RESP=1
6664680	42	STIM=m
6671357	42	RESP=1
6679697	42	STIM=c
6684213	42	RESP=1
6696064	42	STIM=z
6705334	42	RESP=1
6713959	42	STIM=c
6719522	42	RESP=1
6729543	42	STIM=d
6735981	42	RESP=1
6746209	42	STIM=g
6755764	42	RESP=1
6763362	42	STIM=j
6774954	42	RESP=1
6779687	42	STIM=6
6787326	42	RESP=2
6797143	42	STIM=3
6805821	42	RESP=2
6816064	42	STIM=2
6820208	42	RESP=2
6832097	42	STIM=i
6839878	42	RESP=1
6847312	42	STIM=n
6853036	42	RESP=1
6862996	42	STIM=x
6874502	42	RESP=1
6879029	42	STIM=2
6884484	42	RESP=2
6894726	42	STIM=s
6901628	42	RESP=1
6912707	42	STIM=4
6923844	42	RESP=2
6931561	42	STIM=6
6939887	42	RESP=2
6950173	42	STIM=i
6956682	42	RESP=1
6965913	42	STIM=z
6969460	42	RESP=2
6981559	42	STIM=y
6986586	42	RESP=1
6996914	42	STIM=7
7001429	42	RESP=2
7014986	42	STIM=e
7022830	42	RESP=1
7033617	42	STIM=s
7039827	42	RESP=1
7051105	42	STIM=a
7059649	42	RESP=1
7066200	42	STIM=m
7075681	42	RESP=1
7082777	42	STIM=t
7085747	42	RESP=1
7098277	42	STIM=n
7105746	42	RESP=1
7114559	42	STIM=3
7122141	42	RESP=2
7129885	42	STIM=q
7136687	42	RESP=1
7148158	42	STIM=s
7156358	42	RESP=1
7163367	42	STIM=7
7169389	42	RESP=2
7180946	42	STIM=n
7183520	42	RESP=1
7197559	42	STIM=j
7202434	42	RESP=1
7213603	42	STIM=0
7218833	42	RESP=2
7231488	42	STIM=z
7235249	42	RESP=1
7248119	42	STIM=a
7256163	42	RESP=1
7263714	42	STIM=k
7270612	42	RESP=1
7281523	42	STIM=t
7285462	42	RESP=1
7297778	42	STIM=y
7302480	42	RESP=1
7315797	42	STIM=e
7319608	42	RESP=2
7332090	42	STIM=i
7336247	42	RESP=1
7347711	42	STIM=j
7352941	42	RESP=1
7366703	42	STIM=2
7375078	42	RESP=1
7382181	42	STIM=j
7395337	42	RESP=1
7401071	42	STIM=o
7404306	42	RESP=1
7419993	42	STIM=o
7424237	42	RESP=1
7436065	42	STIM=u
7441046	42	RESP=1
7454149	42	STIM=m
7457536	42	RESP=2
7470156	42	STIM=y
7475462	42	RESP=1
7486815	42	STIM=u
7490762	42	RESP=1
7503082	42	STIM=n
7506015	42	RESP=1
7519551	42	STIM=n
7527285	42	RESP=1
7536900	42	STIM=8
7542912	42	RESP=2
7552164	42	STIM=c
7557430	42	RESP=2
7567882	42	STIM=4
7574441	42	RESP=2
7586010	42	STIM=h
7592041	42	RESP=1
7603842	42	STIM=5
7609004	42	RESP=2
7622819	42	STIM=7
7632184	42	RESP=1
7638159	42	STIM=d
7643909	42	RESP=1
7654080	42	STIM=q
7661891	42	RESP=1
7669274	42	STIM=f
7681126	42	RESP=1
7687049	42	STIM=g
7691995	42	RESP=1
7703371	42	STIM=8
7711923	42	RESP=1
7721272	42	STIM=e
7726513	42	RESP=1
7739404	42	STIM=k
7744765	42	RESP=1
7755130	42	STIM=x
7759843	42	RESP=1
7772088	42	STIM=f
7775906	42	RESP=1
7790981	42	STIM=x
7796084	42	RESP=1
7808739	42	STIM=b
7817829	42	RESP=1
7824005	42	STIM=u
7827830	42	RESP=1
7841138	42	STIM=a
7845543	42	RESP=1
7859189	42	STIM=p
7862169	42	RESP=1
7876895	42	STIM=8
7882423	42	RESP=2
7894763	42	STIM=c
7898525	42	RESP=1
7911662	42	STIM=w
7915544	42	RESP=1
7927860	42	STIM=t
7931454	42	RESP=1
7946695	42	STIM=7
7952772	42	RESP=2
7963347	42	STIM=r
7969955	42	RESP=1
7978823	42	STIM=o
7986369	42	RESP=1
7996525	42	STIM=3
8009049	42	RESP=2
8013865	42	STIM=n
8020062	42	RESP=1
8030345	42	STIM=f
8034473	42	RESP=1
8048722	42	STIM=r
8052521	42	RESP=1
8067687	42	STIM=1
8074904	42	RESP=2
8082993	42	STIM=i
8097327	42	RESP=1
8100388	42	STIM=k
8106185	42	RESP=2
8116784	42	STIM=k
8127515	42	RESP=1
8134671	42	STIM=u
8141025	42	RESP=1
8151407	42	STIM=x
8161388	42	RESP=2
8168531	42	STIM=0
8172135	42	RESP=2
8185994	42	STIM=e
8191488	42	RESP=1
8201515	42	STIM=f
8211979	42	RESP=1
8220454	42	STIM=l
8224749	42	RESP=1
8237801	42	STIM=6
8245990	42	RESP=2
8255306	42	STIM=7
8263409	42	RESP=2
8273181	42	STIM=l
8276683	42	RESP=1
8291413	42	STIM=r
8295560	42	RESP=1
8307760	42	STIM=u
8313318	42	RESP=1
8326657	42	STIM=q
8331530	42	RESP=1
8345342	42	STIM=j
8350889	42	RESP=1
8361888	42	STIM=7
8371215	42	RESP=2
8377331	42	STIM=w
8386013	42	RESP=1
8392383	42	STIM=s
8397848	42	RESP=1
8411140	42	STIM=p
8419031	42	RESP=1
8427805	42	STIM=v
8435490	42	RESP=1
8444713	42	STIM=f
8452028	42	RESP=1
8460304	42	STIM=l
8464770	42	RESP=1
8477951	42	STIM=7
8484948	42	RESP=2
8492984	42	STIM=s
8496482	42	RESP=1
8511393	42	STIM=x
8514618	42	RESP=1
8529283	42	STIM=f
8535700	42	RESP=1
8546984	42	STIM=f
8550352	42	RESP=1
8565419	42	STIM=p
8569330	42	RESP=1
8582289	42	STIM=y
8586588	42	RESP=1
8597703	42	STIM=e
8600894	42	RESP=1
8615615	42	STIM=s
8621459	42	RESP=1
8633216	42	STIM=h
8639271	42	RESP=1
8651926	42	STIM=v
8655925	42	RESP=1
8668971	42	STIM=z
8676928	42	RESP=1
8685755	42	STIM=t
8691046	42	RESP=1
8704717	42	STIM=f
8712076	42	RESP=1
8722721	42	STIM=f
8731961	42	RESP=1
8738839	42	STIM=t
8742210	42	RESP=1
8757669	42	STIM=d
8763369	42	RESP=2
8775777	42	STIM=t
8784822	42	RESP=1
8792784	42	STIM=m
8798240	42	RESP=1
8808900	42	STIM=y
8815004	42	RESP=1
8826929	42	STIM=d
8831093	42	RESP=1
8844716	42	STIM=i
8849066	42	RESP=1
8862065	42	STIM=h
8866677	42	RESP=2
8878875	42	STIM=b
8887174	42	RESP=1
8896575	42	STIM=2
8901422	42	RESP=2
8912828	42	STIM=x
8917679	42	RESP=1
8930987	42	STIM=9
8939234	42	RESP=1
8947425	42	STIM=9
8955797	42	RESP=2
8966241	42	STIM=k
8972507	42	RESP=1
8984132	42	STIM=6
8990319	42	RESP=1
9000108	42	STIM=f
9004209	42	RESP=1
9018979	42	STIM=g
9025741	42	RESP=1
9035074	42	STIM=l
9038851	42	RESP=1
9050238	42	STIM=u
9055070	42	RESP=1
9068825	42	STIM=y
9073973	42	RESP=1
9086829	42	STIM=a
9093104	42	RESP=1
9102809	42	STIM=a
9109500	42	RESP=1
9120168	42	STIM=m
9124946	42	RESP=1
9138920	42	STIM=b
9147026	42	RESP=1
9157357	42	STIM=x
9161907	42	RESP=1
9175335	42	STIM=o
9180985	42	RESP=1
9193851	42	STIM=y
9199578	42	RESP=1
9210680	42	STIM=v
9216072	42	RESP=1
9229302	42	STIM=l
9237692	42	RESP=1
9246342	42	STIM=k
9251680	42	RESP=1
9264846	42	STIM=g
9268478	42	RESP=1
9281707	42	STIM=w
9286041	42	RESP=1
9300119	42	STIM=b
9304809	42	RESP=1
9317482	42	STIM=y
9322293	42	RESP=1
9335430	42	STIM=q
9338477	42	RESP=1
9353547	42	STIM=r
9361304	42	RESP=1
9368663	42	STIM=m
9374937	42	RESP=1
9385694	42	STIM=a
9391711	42	RESP=1
9403197	42	STIM=s
9413973	42	RESP=1
9419143	42	STIM=x
9428012	42	RESP=1
9434983	42	STIM=d
9438584	42	RESP=1
9452066	42	STIM=q
9457686	42	RESP=1
9467832	42	STIM=z
9474474	42	RESP=1
9484688	42	STIM=n
9487683	42	RESP=1
9500619	42	STIM=6
9504945	42	RESP=2
9517131	42	STIM=y
9523238	42	RESP=1
9535344	42	STIM=v
9542176	42	RESP=1
9551827	42	STIM=c
9557373	42	RESP=1
9568500	42	STIM=h
9571410	42	RESP=1
9587404	42	STIM=p
9594104	42	RESP=1
9605993	42	STIM=k
9612988	42	RESP=1
9622727	42	STIM=5
9628854	42	RESP=2
9638957	42	STIM=r
9655289	42	RESP=1
9655389	42	STIM=d
9659954	42	RESP=1
9674004	42	STIM=j
9679064	42	RESP=1
9692954	42	STIM=o
9696892	42	RESP=1
9709092	42	STIM=w
9718791	42	RESP=1
9725622	42	STIM=q
9728692	42	RESP=1
9743931	42	STIM=v
9747887	42	RESP=2
9759320	42	STIM=y
9764967	42	RESP=1
9775277	42	STIM=d
9781601	42	RESP=1
9790361	42	STIM=x
9793891	42	RESP=1
9808894	42	STIM=1
9813921	42	RESP=2
9825346	42	STIM=n
9836324	42	RESP=1
9842912	42	STIM=j
9850663	42	RESP=1
9859206	42	STIM=2
9865323	42	RESP=2
9874254	42	STIM=b
9877459	42	RESP=1
9890022	42	STIM=i
9895865	42	RESP=1
9906661	42	STIM=a
9911621	42	RESP=1
9925052	42	STIM=z
9930950	42	RESP=1
9941135	42	STIM=x
9943976	42	RESP=1
9958878	42	STIM=b
9963473	42	RESP=1
9974378	42	STIM=3
9983278	42	RESP=1
9989484	42	STIM=r
9991822	42	RESP=1
10006105	42	STIM=8
10012103	42	RESP=1
10022021	42	STIM=g
10029410	42	RESP=1
10037737	42	STIM=u
10043192	42	RESP=1
10053070	42	STIM=i
10059097	42	RESP=1
10068544	42	STIM=b
10075155	42	RESP=1
10087062	42	STIM=v
10090848	42	RESP=1
10102714	42	STIM=o
10106435	42	RESP=1
10119172	42	STIM=y
10126796	42	RESP=1
10135105	42	STIM=z
10137988	42	RESP=1
10153653	42	STIM=f
10157254	42	RESP=1
10169686	42	STIM=n
10174251	42	RESP=1
10185722	42	STIM=k
10193737	42	RESP=1
10202759	42	STIM=d
10205828	42	RESP=1
10220061	42	STIM=n
10230722	42	RESP=1
10238496	42	STIM=1
10243665	42	RESP=2
10255935	42	STIM=c
10260370	42	RESP=1
10273108	42	STIM=c
10280914	42	RESP=1
10288741	42	STIM=l
10293186	42	RESP=1
10305604	42	STIM=g
10310020	42	RESP=1
10322143	42	STIM=e
10328004	42	RESP=1
10338384	42	STIM=v
10342974	42	RESP=1
10356366	42	STIM=b
10363341	42	RESP=1
10374677	42	STIM=i
10381679	42	RESP=2
10393546	42	STIM=b
10401857	42	RESP=1
10411386	42	STIM=j
10415531	42	RESP=1
10430274	42	STIM=1
10436460	42	RESP=2
10448215	42	STIM=p
10452933	42	RESP=1
10466499	42	STIM=h
10471823	42	RESP=1
10485025	42	STIM=k
10487812	42	RESP=1
10503218	42	STIM=n
10513241	42	RESP=1
10518448	42	STIM=r
10522400	42	RESP=1
10535321	42	STIM=a
10543152	42	RESP=1
10554294	42	STIM=m
10561252	42	RESP=1
10573252	42	STIM=f
10576412	42	RESP=1
10589208	42	STIM=z
10595905	42	RESP=1
10604423	42	STIM=9
10608174	42	RESP=2
10620028	42	STIM=8
10625130	42	RESP=1
10635177	42	STIM=y
10641815	42	RESP=1
10652009	42	STIM=m
10658492	42	RESP=1
10668182	42	STIM=u
10674542	42	RESP=1
10685554	42	STIM=q
10690180	42	RESP=1
10703501	42	STIM=a
10708582	42	RESP=1
10720953	42	STIM=6
10727442	42	RESP=2
10738729	42	STIM=t
10744710	42	RESP=1
10755413	42	STIM=t
10761982	42	RESP=1
10773462	42	STIM=5
10782277	42	RESP=2
10789683	42	STIM=1
10793830	42	RESP=2
10807554	42	STIM=n
10817130	42	RESP=1
10823846	42	STIM=d
10829069	42	RESP=1
10841260	42	STIM=c
10846176	42	RESP=1
10860186	42	STIM=h
10865888	42	RESP=2
10878973	42	STIM=q
10885152	42	RESP=1
10897382	42	STIM=2
10906737	42	RESP=2
10913646	42	STIM=j
10922452	42	RESP=1
10930602	42	STIM=1
10935307	42	RESP=2
10948883	42	STIM=h
10952118	42	RESP=1
10966078	42	STIM=a
10970441	42	RESP=2
10983076	42	STIM=x
10987456	42	RESP=1
11001803	42	STIM=m
11008496	42	RESP=1
11017683	42	STIM=z
11021255	42	RESP=1
11035730	42	STIM=p
11041041	42	RESP=1
11054072	42	STIM=3
11064302	42	RESP=2
11072443	42	STIM=c
11077940	42	RESP=1
11090925	42	STIM=x
11095582	42	RESP=1
11107145	42	STIM=7
11114657	42	RESP=2
11125294	42	STIM=z
11131345	42	RESP=1
11140487	42	STIM=e
11149381	42	RESP=1
11157629	42	STIM=k
11163809	42	RESP=1
11174468	42	STIM=v
11180447	42	RESP=1
11190902	42	STIM=x
11196327	42	RESP=1
11209808	42	STIM=k
11216892	42	RESP=1
11226338	42	STIM=1
11231900	42	RESP=2
11242829	42	STIM=m
11246936	42	RESP=1
11259112	42	STIM=n
11264934	42	RESP=1
11275810	42	STIM=z
11280386	42	RESP=1
11293512	42	STIM=g
11299587	42	RESP=1
11310639	42	STIM=k
11316016	42	RESP=1
11328312	42	STIM=x
11331761	42	RESP=2
11344998	42	STIM=o
11347992	42	RESP=1
11362179	42	STIM=s
11366870	42	RESP=1
11379241	42	STIM=l
11384335	42	RESP=1
11396708	42	STIM=5
11401847	42	RESP=2
11413628	42	STIM=e
11418921	42	RESP=1
11429712	42	STIM=s
11432951	42	RESP=1
11446388	42	STIM=m
11450885	42	RESP=1
11463877	42	STIM=k
11467015	42	RESP=2
11481876	42	STIM=f
11487859	42	RESP=1
11498969	42	STIM=t
11504373	42	RESP=1
11514139	42	STIM=o
11520420	42	RESP=1
11530524	42	STIM=t
11536553	42	RESP=1
11547777	42	STIM=j
11555036	42	RESP=1
11564747	42	STIM=d
11568758	42	RESP=1
11581918	42	STIM=m
11585801	42	RESP=1
11596989	42	STIM=t
11603163	42	RESP=1
11612959	42	STIM=z
11616978	42	RESP=1
11630776	42	STIM=f
11638884	42	RESP=1
11648818	42	STIM=9
11655702	42	RESP=1
11664773	42	STIM=2
11671375	42	RESP=2
11682440	42	STIM=t
11692279	42	RESP=1
11699134	42	STIM=q
11705330	42	RESP=1
11714988	42	STIM=h
11718486	42	RESP=1
11732824	42	STIM=v
11740051	42	RESP=1
11750704	42	STIM=w
11759267	42	RESP=1
11766395	42	STIM=p
11775266	42	RESP=1
11784345	42	STIM=i
11791444	42	RESP=1
11802902	42	STIM=t
11807093	42	RESP=1
11820345	42	STIM=h
11825595	42	RESP=1
11837538	42	STIM=h
11843030	42	RESP=1
11853774	42	STIM=t
11863436	42	RESP=1
11871187	42	STIM=t
11877155	42	RESP=1
11890007	42	STIM=s
11896688	42	RESP=1
11905131	42	STIM=a
11911494	42	RESP=2
11920344	42	STIM=4
11934562	42	RESP=2
11936044	42	STIM=7
11943240	42	RESP=2
11952207	42	STIM=v
11960701	42	RESP=1
11967460	42	STIM=o
11971556	42	RESP=1
11984112	42	STIM=8
11989864	42	RESP=2
12001843	42	STIM=9
12008114	42	RESP=2
12019783	42	STIM=3
12024981	42	RESP=2
12037419	42	STIM=4
12042792	42	RESP=2
12054071	42	STIM=u
12057263	42	RESP=1
12072705	42	STIM=w
12078559	42	RESP=1
12087863	42	STIM=u
12092646	42	RESP=1
12106515	42	STIM=f
12112061	42	RESP=1
12125210	42	STIM=h
12130369	42	RESP=1
12142054	42	STIM=f
12148947	42	RESP=1
12160103	42	STIM=6
12169571	42	RESP=1
12178517	42	STIM=9
12184112	42	RESP=2
12194987	42	STIM=e
12199815	42	RESP=1
12210016	42	STIM=p
12214867	42	RESP=1
12227415	42	STIM=r
12233229	42	RESP=1
12244131	42	STIM=h
12250427	42	RESP=1
12261602	42	STIM=j
12268330	42	RESP=1
12276640	42	STIM=n
12289322	42	RESP=2
12292283	42	STIM=k
12294936	42	RESP=1
12309728	42	STIM=x
12315994	42	RESP=1
12325356	42	STIM=d
12334896	42	RESP=1
12340516	42	STIM=r
12346411	42	RESP=1
12355545	42	STIM=t
12361832	42	RESP=1
12371207	42	STIM=p
12378255	42	RESP=1
12386734	42	STIM=v
12392371	42	RESP=1
12402381	42	STIM=q
12408464	42	RESP=2
12420219	42	STIM=0
12431315	42	RESP=2
12437839	42	STIM=q
12450401	42	RESP=1
12454373	42	STIM=7
12458847	42	RESP=2
12471314	42	STIM=q
12480041	42	RESP=1
12488764	42	STIM=i
12494988	42	RESP=1
12503910	42	STIM=i
12512396	42	RESP=1
12520470	42	STIM=r
12526413	42	RESP=1
12538924	42	STIM=g
12548397	42	RESP=1
12556505	42	STIM=9
12565230	42	RESP=2
12572743	42	STIM=g
12578787	42	RESP=1
12588268	42	STIM=q
12591691	42	RESP=2
12606654	42	STIM=j
12617822	42	RESP=1
12623869	42	STIM=1
12629462	42	RESP=2
12639781	42	STIM=z
12647529	42	RESP=1
12658088	42	STIM=2
12664502	42	RESP=1
12676886	42	STIM=0
12680960	42	RESP=2
12695455	42	STIM=n
12701673	42	RESP=1
12711537	42	STIM=a
12719275	42	RESP=2
12729058	42	STIM=g
12734665	42	RESP=1
12746664	42	STIM=s
12750723	42	RESP=2
12765515	42	STIM=o
12769873	42	RESP=1
12783719	42	STIM=9
12789437	42	RESP=2
12801211	42	STIM=0
12807396	42	RESP=2
12820080	42	STIM=y
12827461	42	RESP=1
12836344	42	STIM=b
12842256	42	RESP=1
12855276	42	STIM=b
12860032	42	RESP=1
12873341	42	STIM=n
12876898	42	RESP=1
12890972	42	STIM=i
12894621	42	RESP=1
12906362	42	STIM=a
12911807	42	RESP=1
12921476	42	STIM=b
12924857	42	RESP=1
12936659	42	STIM=7
12942854	42	RESP=2
12955311	42	STIM=m
12960569	42	RESP=1
12973150	42	STIM=d
12980201	42	RESP=1
12989434	42	STIM=k
12996498	42	RESP=1
13006195	42	STIM=q
13011328	42	RESP=1
13024133	42	STIM=b
13028856	42	RESP=1
13040908	42	STIM=r
13044680	42	RESP=1
13057623	42	STIM=j
13060585	42	RESP=1
13072923	42	STIM=s
13076225	42	RESP=1
13090026	42	STIM=m
13094131	42	RESP=1
13106479	42	STIM=d
13112901	42	RESP=1
13124111	42	STIM=n
13128955	42	RESP=1
13140240	42	STIM=f
13152286	42	RESP=1
13155771	42	STIM=t
13164622	42	RESP=1
13172798	42	STIM=h
13180137	42	RESP=2
13188874	42	STIM=d
13196878	42	RESP=1
13205228	42	STIM=4
13210926	42	RESP=2
13221328	42	STIM=u
13226429	42	RESP=1
13239054	42	STIM=x
13244341	42	RESP=2
13254914	42	STIM=9
13261726	42	RESP=2
13270272	42	STIM=a
13277621	42	RESP=1
13286032	42	STIM=h
13292464	42	RESP=1
13303251	42	STIM=7
13307151	42	RESP=2
13320132	42	STIM=u
13325289	42	RESP=1
13337458	42	STIM=v
13349180	42	RESP=1
13353527	42	STIM=5
13361541	42	RESP=2
13370287	42	STIM=i
13376804	42	RESP=1
13389140	42	STIM=y
13394779	42	RESP=1
13407665	42	STIM=w
13413814	42	RESP=1
13423617	42	STIM=s
13429789	42	RESP=1
13439493	42	STIM=b
13445918	42	RESP=1
13458150	42	STIM=s
13464352	42	RESP=1
13476984	42	STIM=r
13482766	42	RESP=1
13493101	42	STIM=6
13498902	42	RESP=2
13511405	42	STIM=t
13516755	42	RESP=1
13528454	42	STIM=a
13535551	42	RESP=1
13544621	42	STIM=s
13551689	42	RESP=1
13562348	42	STIM=3
13568769	42	RESP=2
13580637	42	STIM=d
13586565	42	RESP=1
13597276	42	STIM=x
13601915	42	RESP=1
13616056	42	STIM=s
13619945	42	RESP=1
13632590	42	STIM=4
13645342	42	RESP=2
13650777	42	STIM=z
13656473	42	RESP=1
13669256	42	STIM=e
13673178	42	RESP=1
13686386	42	STIM=e
13690448	42	RESP=1
13703348	42	STIM=l
13714694	42	RESP=1
13719228	42	STIM=w
13722210	42	RESP=1
13737315	42	STIM=5
13741872	42	RESP=2
13755319	42	STIM=g
13760247	42	RESP=1
13771339	42	STIM=a
13775975	42	RESP=1
13788280	42	STIM=s
13795596	42	RESP=1
13806177	42	STIM=f
13809106	42	RESP=1
13822998	42	STIM=w
13830072	42	RESP=1
13840870	42	STIM=e
13847379	42	RESP=1
13857631	42	STIM=m
13863737	42	RESP=1
13875146	42	STIM=0
13880778	42	RESP=2
13892051	42	STIM=3
13896313	42	RESP=2
13907385	42	STIM=k
13914327	42	RESP=1
13923581	42	STIM=3
13929302	42	RESP=2
13940685	42	STIM=v
13947176	42	RESP=1
13956032	42	STIM=z
13959358	42	RESP=1
13971449	42	STIM=i
13977485	42	RESP=1
13989894	42	STIM=g
13996379	42	RESP=1
14005754	42	STIM=z
14019854	42	RESP=1
14023040	42	STIM=l
14029162	42	RESP=1
14040184	42	STIM=v
14044312	42	RESP=2
14055582	42	STIM=2
14068026	42	RESP=1
14073189	42	STIM=m
14084767	42	RESP=1
14088357	42	STIM=u
14093061	42	RESP=1
14104370	42	STIM=b
14109306	42	RESP=1
14122666	42	STIM=v
14128221	42	RESP=1
14140290	42	STIM=r
14143954	42	RESP=1
14158878	42	STIM=w
14163164	42	RESP=1
14176082	42	STIM=y
14185225	42	RESP=1
14193585	42	STIM=n
14199151	42	RESP=1
14211652	42	STIM=5
14217518	42	RESP=2
14226849	42	STIM=j
14232663	42	RESP=1
14244277	42	STIM=h
14247911	42	RESP=1
14260595	42	STIM=h
14266192	42	RESP=1
14277145	42	STIM=i
14280808	42	RESP=1
14295015	42	STIM=x
14299954	42	RESP=2
14312859	42	STIM=q
14320682	42	RESP=1
14330727	42	STIM=z
14336621	42	RESP=1
14349701	42	STIM=x
14354417	42	RESP=1
14367875	42	STIM=z
14372079	42	RESP=1
14383349	42	STIM=f
14387059	42	RESP=1
14401321	42	STIM=1
14409624	42	RESP=1
14419333	42	STIM=s
14423993	42	RESP=1
14438221	42	STIM=i
14442399	42	RESP=1
14456813	42	STIM=g
14461279	42	RESP=1
14472529	42	STIM=1
14482866	42	RESP=2
14490498	42	STIM=q
14496191	42	RESP=1
14506576	42	STIM=d
14509412	42	RESP=1
14523168	42	STIM=t
14527235	42	RESP=1
14541787	42	STIM=i
14545363	42	RESP=1
14559095	42	STIM=5
14566054	42	RESP=2
14575359	42	STIM=y
14580255	42	RESP=1
14590561	42	STIM=b
14600455	42	RESP=1
14607342	42	STIM=s
14613945	42	RESP=1
14624577	42	STIM=u
14632104	42	RESP=1
14643515	42	STIM=9
14651663	42	RESP=2
14659854	42	STIM=8
14664821	42	RESP=2
14677072	42	STIM=5
14687479	42	RESP=2
14693373	42	STIM=e
14699707	42	RESP=1
14710642	42	STIM=i
14716614	42	RESP=1
14728151	42	STIM=o
14731035	42	RESP=1
14746362	42	STIM=e
14749721	42	RESP=2
14762085	42	STIM=e
14771770	42	RESP=1
14778976	42	STIM=v
14783279	42	RESP=1
14796487	42	STIM=r
14799216	42	RESP=1
14814110	42	STIM=e
14818359	42	RESP=1
14833092	42	STIM=s
14837866	42	RESP=1
14848945	42	STIM=7
14857411	42	RESP=2
14867925	42	STIM=w
14873140	42	RESP=1
14885845	42	STIM=0
14894613	42	RESP=2
14901493	42	STIM=v
14909222	42	RESP=1
14918237	42	STIM=x
14925366	42	RESP=1
14937177	42	STIM=x
14940350	42	RESP=1
14953328	42	STIM=z
14958734	42	RESP=1
14969808	42	STIM=c
14978401	42	RESP=1
14986276	42	STIM=u
14992324	42	RESP=1
15001579	42	STIM=h
15008461	42	RESP=1
15019750	42	STIM=y
15022248	42	RESP=1
15035473	42	STIM=7
15040667	42	RESP=2
15052644	42	STIM=j
15059192	42	RESP=1
15068444	42	STIM=n
15073114	42	RESP=1
15084327	42	STIM=q
15090338	42	RESP=1
15101680	42	STIM=k
15106082	42	RESP=1
15117697	42	STIM=y
15122113	42	RESP=1
15133659	42	STIM=2
15141883	42	RESP=2
15150461	42	STIM=b
15161064	42	RESP=1
15167756	42	STIM=w
15174237	42	RESP=1
15183682	42	STIM=8
15188818	42	RESP=2
15202125	42	STIM=u
15208278	42	RESP=1
15220075	42	STIM=j
15226890	42	RESP=1
15236067	42	STIM=k
15239169	42	RESP=1
15254878	42	STIM=s
15263741	42	RESP=1
15270866	42	STIM=u
15275875	42	RESP=1
15288947	42	STIM=t
15293392	42	RESP=1
15305003	42	STIM=y
15309587	42	RESP=1
15323708	42	STIM=d
15334511	42	RESP=1
15341562	42	STIM=o
15344962	42	RESP=1
15360493	42	STIM=d
15368876	42	RESP=1
15377516	42	STIM=s
15381230	42	RESP=1
15392702	42	STIM=w
15398448	42	RESP=1
15409338	42	STIM=o
15417457	42	RESP=1
15428241	42	STIM=v
15433947	42	RESP=1
15446157	42	STIM=9
15452272	42	RESP=2
15462937	42	STIM=3
15468527	42	RESP=2
15478049	42	STIM=5
15485729	42	RESP=2
15495886	42	STIM=g
15500031	42	RESP=1
15514688	42	STIM=n
15521213	42	RESP=1
15532630	42	STIM=f
15539805	42	RESP=1
15550982	42	STIM=o
15558247	42	RESP=1
15569122	42	STIM=z
15574471	42	RESP=1
15585195	42	STIM=m
15589102	42	RESP=1
15601218	42	STIM=e
15608333	42	RESP=2
15616374	42	STIM=u
15626270	42	RESP=1
15632586	42	STIM=f
15642243	42	RESP=2
15649187	42	STIM=4
15655098	42	RESP=2
15665661	42	STIM=n
15672617	42	RESP=1
15683848	42	STIM=g
15687850	42	RESP=1
15701045	42	STIM=v
15709382	42	RESP=1
15718455	42	STIM=r
15721847	42	RESP=1
15737263	42	STIM=o
15745118	42	RESP=1
15756102	42	STIM=y
15761195	42	RESP=1
15774771	42	STIM=w
15779843	42	RESP=1
15792884	42	STIM=o
15799108	42	RESP=1
15811077	42	STIM=a
15815812	42	RESP=1
15828089	42	STIM=v
15833320	42	RESP=1
15844067	42	STIM=u
15849365	42	RESP=1
15862299	42	STIM=k
15870394	42	RESP=1
15880079	42	STIM=9
15885455	42	RESP=2
15896136	42	STIM=w
15898861	42	RESP=1
15911783	42	STIM=9
15918795	42	RESP=2
15930433	42	STIM=x
15935190	42	RESP=1
15945773	42	STIM=u
15951840	42	RESP=1
15961029	42	STIM=k
15966776	42	RESP=1
15977056	42	STIM=9
15986102	42	RESP=2
15992502	42	STIM=0
15997883	42	RESP=2
16007700	42	STIM=d
16013018	42	RESP=1
16022768	42	STIM=f
16029940	42	RESP=1
16041071	42	STIM=u
16046132	42	RESP=1
16057575	42	STIM=q
16067127	42	RESP=1
16074219	42	STIM=d
16079669	42	RESP=1
16089751	42	STIM=3
16095324	42	RESP=2
16107774	42	STIM=z
16116435	42	RESP=1
16124336	42	STIM=f
16130212	42	RESP=1
16139558	42	STIM=n
16143494	42	RESP=1
16155698	42	STIM=2
16160684	42	RESP=2
16173052	42	STIM=a
16176792	42	RESP=1
16191151	42	STIM=w
16196921	42	RESP=1
16208916	42	STIM=9
16214613	42	RESP=1
16227197	42	STIM=b
16236559	42	RESP=1
16242312	42	STIM=0
16249446	42	RESP=2
16258742	42	STIM=e
16267275	42	RESP=1
16274963	42	STIM=y
16279928	42	RESP=1
16291396	42	STIM=r
16296107	42	RESP=1
16308247	42	STIM=5
16315640	42	RESP=2
16324391	42	STIM=5
16333050	42	RESP=2
16340282	42	STIM=z
16345602	42	RESP=1
16359074	42	STIM=n
16368132	42	RESP=1
16374807	42	STIM=2
16381127	42	RESP=2
16390956	42	STIM=j
16397388	42	RESP=2
16409077	42	STIM=x
16419774	42	RESP=1
16426988	42	STIM=o
16433371	42	RESP=1
16445949	42	STIM=m
16457982	42	RESP=1
16462139	42	STIM=v
16469958	42	RESP=1
16479532	42	STIM=e
16483181	42	RESP=1
16498336	42	STIM=s
16505374	42	RESP=1
16515499	42	STIM=r
16530076	42	RESP=1
16534482	42	STIM=x
16538993	42	RESP=1
16549712	42	STIM=n
16555128	42	RESP=1
16567947	42	STIM=t
16570901	42	RESP=1
16586257	42	STIM=o
16590987	42	RESP=1
16604333	42	STIM=h
16611639	42	RESP=1
16619989	42	STIM=v
16626855	42	RESP=1
16636926	42	STIM=c
16640658	42	RESP=1
16654347	42	STIM=g
16663914	42	RESP=1
16671562	42	STIM=s
16678242	42	RESP=1
16690070	42	STIM=u
16694849	42	RESP=1
16706234	42	STIM=e
16709876	42	RESP=2
16722511	42	STIM=o
16726468	42	RESP=1
16739556	42	STIM=u
16744181	42	RESP=1
16755892	42	STIM=u
16764432	42	RESP=1
16772505	42	STIM=j
16776033	42	RESP=1
16789980	42	STIM=g
16794761	42	RESP=1
16806030	42	STIM=b
16810241	42	RESP=1
16821128	42	STIM=7
16830287	42	RESP=2
16839795	42	STIM=q
16845393	42	RESP=1
16858655	42	STIM=5
16862636	42	RESP=2
16875062	42	STIM=z
16882060	42	RESP=1
16891525	42	STIM=6
16900929	42	RESP=1
16908577	42	STIM=7
16913422	42	RESP=1
16924895	42	STIM=f
16928886	42	RESP=1
16942613	42	STIM=r
16947415	42	RESP=1
16959259	42	STIM=u
16965149	42	RESP=1
16977091	42	STIM=m
16982749	42	RESP=1
16992399	42	STIM=v
16997579	42	RESP=1
17008851	42	STIM=z
17013656	42	RESP=1
17024636	42	STIM=e
17028166	42	RESP=1
17042230	42	STIM=f
17049676	42	RESP=1
17059959	42	STIM=z
17067859	42	RESP=1
17078407	42	STIM=a
17092005	42	RESP=1
17095014	42	STIM=g
17100396	42	RESP=1
17112888	42	STIM=d
17118402	42	RESP=1
17131366	42	STIM=p
17136254	42	RESP=1
17146991	42	STIM=r
17152138	42	RESP=1
17165204	42	STIM=3
17170375	42	RESP=2
17183646	42	STIM=x
17191609	42	RESP=2
17200680	42	STIM=k
17211808	42	RESP=1
17218716	42	STIM=n
17224919	42	RESP=1
17236642	42	STIM=n
17244292	42	RESP=1
17254441	42	STIM=y
17261515	42	RESP=1
17270542	42	STIM=2
17278851	42	RESP=2
17286931	42	STIM=r
17294417	42	RESP=1
17303286	42	STIM=b
17308369	42	RESP=1
17321560	42	STIM=m
17324637	42	RESP=1
17340404	42	STIM=1
17346431	42	RESP=1
17357111	42	STIM=p
17362628	42	RESP=2
17373008	42	STIM=3
17378868	42	RESP=2
17388475	42	STIM=b
17392106	42	RESP=1
17406934	42	STIM=l
17414580	42	RESP=1
17423032	42	STIM=n
17428829	42	RESP=1
17440745	42	STIM=d
17447299	42	RESP=1
17459357	42	STIM=0
17468518	42	RESP=2
17475506	42	STIM=n
17485655	42	RESP=1
17494048	42	STIM=w
17503879	42	RESP=1
17513042	42	STIM=b
17518474	42	RESP=1
17528968	42	STIM=f
17534882	42	RESP=1
17547522	42	STIM=1
17553496	42	RESP=2
17563153	42	STIM=x
17573131	42	RESP=1
17580017	42	STIM=s
17587824	42	RESP=1
17597673	42	STIM=s
17602438	42	RESP=1
17615601	42	STIM=6
17622113	42	RESP=1
17631169	42	STIM=t
17638416	42	RESP=1
17649256	42	STIM=a
17659690	42	RESP=1
17665550	42	STIM=f
17674923	42	RESP=1
17682225	42	STIM=a
17690263	42	RESP=1
17698374	42	STIM=8
17703223	42	RESP=2
17715557	42	STIM=y
17723038	42	RESP=2
17732199	42	STIM=z
17737770	42	RESP=1
17748035	42	STIM=c
17754146	42	RESP=1
17764124	42	STIM=6
17772422	42	RESP=2
17779540	42	STIM=h
17788071	42	RESP=1
17796220	42	STIM=4
17802983	42	RESP=2
17812350	42	STIM=v
17818104	42	RESP=1
17829638	42	STIM=8
17834307	42	RESP=1
17847657	42	STIM=e
17852973	42	RESP=1
17863271	42	STIM=o
17873335	42	RESP=2
17881395	42	STIM=m
17884426	42	RESP=2
17896825	42	STIM=q
17902517	42	RESP=1
17914118	42	STIM=2
17919811	42	RESP=2
17933111	42	STIM=h
17940642	42	RESP=1
17951870	42	STIM=v
17958828	42	RESP=1
17970524	42	STIM=3
17981494	42	RESP=2
17987906	42	STIM=y
17992110	42	RESP=1
18006586	42	STIM=h
18011929	42	RESP=1
18023006	42	STIM=6
18028497	42	RESP=2
18038382	42	STIM=6
18043712	42	RESP=2
18055505	42	STIM=w
18059025	42	RESP=1
18073056	42	STIM=a
18077999	42	RESP=1
18089903	42	STIM=y
18095877	42	RESP=1
18106110	42	STIM=4
18115879	42	RESP=2
18122808	42	STIM=o
18126605	42	RESP=1
18139815	42	STIM=3
18147526	42	RESP=2
18157174	42	STIM=3
18162932	42	RESP=2
18173448	42	STIM=r
18180922	42	RESP=1
18192290	42	STIM=g
18199846	42	RESP=1
18208613	42	STIM=w
18212075	42	RESP=1
18224755	42	STIM=r
18228505	42	RESP=1
18243476	42	STIM=i
18247005	42	RESP=1
18261356	42	STIM=f
18264968	42	RESP=1
18279591	42	STIM=t
18285657	42	RESP=2
18295320	42	STIM=h
18305721	42	RESP=1
18311049	42	STIM=1
18315102	42	RESP=2
18327232	42	STIM=i
18335806	42	RESP=1
18342956	42	STIM=2
18348948	42	RESP=2
18358416	42	STIM=g
18365571	42	RESP=1
18375040	42	STIM=v
18379364	42	RESP=1
18392551	42	STIM=r
18403486	42	RESP=1
18408850	42	STIM=c
18415211	42	RESP=1
18426642	42	STIM=j
18435550	42	RESP=1
18441834	42	STIM=o
18447087	42	RESP=1
18458412	42	STIM=y
18464326	42	RESP=1
18474389	42	STIM=n
18483280	42	RESP=1
18489708	42	STIM=3
18498013	42	RESP=2
18507801	42	STIM=1
18514437	42	RESP=2
18523581	42	STIM=f
18526344	42	RESP=1
18540172	42	STIM=i
18547109	42	RESP=1
18557692	42	STIM=d
18562193	42	RESP=1
18575663	42	STIM=m
18580902	42	RESP=1
18590934	42	STIM=q
18599259	42	RESP=1
18609552	42	STIM=g
18614233	42	RESP=1
18627226	42	STIM=q
18633192	42	RESP=1
18644188	42	STIM=n
18648958	42	RESP=1
18659782	42	STIM=g
18664184	42	RESP=1
18675645	42	STIM=b
18681669	42	RESP=1
18691618	42	STIM=d
18694461	42	RESP=1
18706821	42	STIM=4
18711442	42	RESP=2
18722138	42	STIM=r
18730274	42	RESP=1
18739858	42	STIM=6
18745912	42	RESP=2
18758649	42	STIM=3
18762616	42	RESP=2
18774194	42	STIM=5
18784363	42	RESP=1
18792929	42	STIM=p
18796373	42	RESP=1
18811250	42	STIM=h
18818119	42	RESP=1
18829237	42	STIM=x
18833582	42	RESP=2
18846710	42	STIM=r
18850984	42	RESP=1
18862243	42	STIM=m
18866348	42	RESP=1
18878906	42	STIM=b
18882487	42	RESP=1
18895739	42	STIM=r
18900442	42	RESP=1
18914176	42	STIM=5
18920307	42	RESP=2
18930861	42	STIM=z
18935045	42	RESP=1
18947908	42	STIM=9
18951654	42	RESP=2
18966616	42	STIM=u
18969539	42	RESP=1
18983092	42	STIM=k
18988485	42	RESP=1
19000497	42	STIM=h
19005137	42	RESP=1
19016736	42	STIM=z
19020422	42	RESP=1
19034500	42	STIM=x
19038350	42	RESP=1
19050115	42	STIM=e
19055679	42	RESP=1
19066881	42	STIM=3
19070889	42	RESP=2
19082190	42	STIM=6
19089359	42	RESP=2
19097988	42	STIM=x
19100943	42	RESP=1
19115987	42	STIM=n
19120621	42	RESP=1
19134425	42	STIM=l
19140461	42	RESP=1
19151238	42	STIM=u
19159562	42	RESP=1
19169963	42	STIM=d
19176796	42	RESP=1
19186149	42	STIM=k
19192238	42	RESP=1
19202229	42	STIM=y
19207399	42	RESP=1
19219301	42	STIM=m
19226223	42	RESP=1
19235497	42	STIM=1
19242537	42	RESP=2
19252602	42	STIM=i
19256179	42	RESP=1
19269777	42	STIM=o
19274037	42	RESP=1
19285342	42	STIM=p
19292513	42	RESP=1
19300872	42	STIM=o
19312058	42	RESP=1
19316473	42	STIM=e
19323052	42	RESP=1
19335470	42	STIM=w
19340249	42	RESP=2
19350637	42	STIM=n
19355294	42	RESP=1
19367608	42	STIM=s
19373390	42	RESP=1
19385173	42	STIM=n
19392263	42	RESP=1
19404086	42	STIM=p
19409681	42	RESP=1
19420186	42	STIM=i
19426518	42	RESP=1
19438276	42	STIM=y
19442232	42	RESP=2
19453647	42	STIM=i
19460672	42	RESP=1
19470869	42	STIM=s
19474758	42	RESP=1
19486838	42	STIM=a
19492430	42	RESP=1
19502312	42	STIM=m
19510281	42	RESP=1
19519956	42	STIM=x
19524266	42	RESP=1
19535326	42	STIM=5
19546436	42	RESP=2
19554182	42	STIM=m
19557357	42	RESP=1
19571724	42	STIM=v
19575702	42	RESP=1
19588743	42	STIM=c
19593538	42	RESP=1
19603911	42	STIM=8
19610764	42	RESP=2
19620098	42	STIM=t
19625076	42	RESP=1
19638331	42	STIM=s
19644476	42	RESP=1
19655652	42	STIM=r
19669202	42	RESP=1
19671503	42	STIM=5
19676989	42	RESP=2
19687234	42	STIM=r
19698087	42	RESP=1
19703378	42	STIM=g
19707565	42	RESP=1
19722248	42	STIM=9
19727219	42	RESP=2
19739420	42	STIM=4
19745424	42	RESP=2
19757004	42	STIM=2
19761509	42	RESP=2
19772853	42	STIM=1
19778688	42	RESP=2
19789552	42	STIM=4
19796403	42	RESP=1
19806451	42	STIM=x
19809560	42	RESP=1
19823359	42	STIM=1
19827859	42	RESP=2
19841934	42	STIM=l
19846569	42	RESP=1
19859948	42	STIM=o
19863639	42	RESP=1
19877264	42	STIM=s
19884160	42	RESP=1
19892876	42	STIM=s
19896065	42	RESP=1
19908978	42	STIM=2
19914628	42	RESP=1
19925012	42	STIM=2
19931438	42	RESP=2
19941984	42	STIM=9
19947093	42	RESP=2
19960197	42	STIM=z
19966770	42	RESP=1
19977940	42	STIM=l
19985946	42	RESP=1
19992947	42	STIM=6
19997253	42	RESP=2
20008318	42	STIM=2
20014375	42	RESP=2
20026533	42	STIM=r
20032204	42	RESP=1
20042146	42	STIM=x
20045798	42	RESP=1
20060135	42	STIM=q
20064973	42	RESP=1
20079042	42	STIM=i
20085692	42	RESP=2
20098009	42	STIM=y
20105400	42	RESP=1
20113806	42	STIM=j
20117478	42	RESP=1
20131328	42	STIM=e
20135271	42	RESP=1
20147406	42	STIM=l
20154200	42	RESP=1
20163838	42	STIM=z
20167587	42	RESP=1
20179299	42	STIM=c
20184317	42	RESP=1
20197319	42	STIM=i
20211780	42	RESP=1
20214252	42	STIM=g
20217851	42	RESP=1
20231493	42	STIM=t
20239204	42	RESP=1
20249746	42	STIM=e
20253632	42	RESP=1
20267844	42	STIM=p
20271389	42	RESP=1
20283778	42	STIM=m
20288566	42	RESP=1
20299364	42	STIM=y
20303444	42	RESP=1
20315522	42	STIM=z
20324098	42	RESP=1
20331478	42	STIM=f
20339568	42	RESP=1
20347152	42	STIM=n
20352143	42	RESP=1
20365533	42	STIM=t
20369436	42	RESP=1
20384442	42	STIM=8
20389069	42	RESP=1
20401980	42	STIM=f
20409089	42	RESP=1
20417184	42	STIM=2
20423465	42	RESP=2
20433377	42	STIM=p
20441970	42	RESP=1
20448674	42	STIM=7
20454973	42	RESP=2
20464091	42	STIM=q
20470065	42	RESP=1
20482214	42	STIM=0
20486499	42	RESP=2
20497313	42	STIM=0
20504477	42	RESP=2
20513004	42	STIM=r
20520150	42	RESP=1
20528710	42	STIM=d
20532718	42	RESP=1
20543930	42	STIM=s
20550829	42	RESP=1
20560684	42	STIM=u
20570927	42	RESP=1
20578656	42	STIM=k
20586613	42	RESP=1
20594283	42	STIM=y
20599186	42	RESP=1
20610457	42	STIM=n
20613309	42	RESP=1
20626781	42	STIM=t
20631801	42	RESP=1
20645371	42	STIM=s
20649880	42	RESP=1
20662650	42	STIM=s
20666903	42	RESP=1
20680583	42	STIM=5
20685634	42	RESP=2
20698628	42	STIM=9
20705113	42	RESP=2
20716248	42	STIM=3
20727534	42	RESP=2
20732608	42	STIM=h
20739436	42	RESP=1
20750101	42	STIM=g
20755150	42	RESP=1
20767543	42	STIM=f
20770959	42	RESP=1
20784152	42	STIM=b
20786989	42	RESP=1
20799846	42	STIM=2
20805489	42	RESP=2
20817829	42	STIM=7
20825158	42	RESP=2
20834275	42	STIM=f
20838204	42	RESP=1
20850389	42	STIM=0
20859507	42	RESP=2
20866731	42	STIM=8
20872785	42	RESP=2
20884190	42	STIM=h
20887646	42	RESP=1
20899455	42	STIM=f
20903868	42	RESP=1
20915996	42	STIM=p
20922638	42	RESP=1
20934871	42	STIM=9
20946708	42	RESP=2
20952905	42	STIM=w
20957095	42	RESP=1
20968406	42	STIM=s
20973283	42	RESP=1
20985614	42	STIM=8
20994850	42	RESP=2
21002996	42	STIM=p
21008178	42	RESP=1
21020477	42	STIM=z
21030811	42	RESP=1
21035519	42	STIM=a
21042004	42	RESP=1
21051897	42	STIM=n
21055991	42	RESP=1
21069508	42	STIM=b
21075992	42	RESP=1
21088012	42	STIM=i
21091471	42	RESP=1
21106016	42	STIM=0
21113262	42	RESP=2
21121395	42	STIM=s
21126502	42	RESP=1
21137295	42	STIM=c
21142591	42	RESP=1
21153289	42	STIM=1
21158771	42	RESP=2
21171671	42	STIM=a
21183926	42	RESP=1
21187032	42	STIM=e
21194639	42	RESP=1
21202289	42	STIM=i
21210925	42	RESP=1
21221039	42	STIM=3
21225586	42	RESP=2
21238531	42	STIM=2
21243765	42	RESP=2
21256086	42	STIM=f
21262879	42	RESP=1
21275016	42	STIM=e
21278049	42	RESP=1
21290505	42	STIM=w
21294763	42	RESP=1
21306080	42	STIM=b
21312541	42	RESP=1
21323432	42	STIM=2
21332161	42	RESP=2
21340370	42	STIM=k
21347232	42	RESP=1
21356597	42	STIM=y
21363226	42	RESP=1
21374583	42	STIM=i
21381137	42	RESP=1
21392777	42	STIM=h
21398595	42	RESP=1
21410316	42	STIM=s
21414873	42	RESP=1
21428621	42	STIM=w
21440558	42	RESP=1
21446028	42	STIM=r
21451348	42	RESP=1
21462969	42	STIM=f
21469608	42	RESP=1
21480140	42	STIM=t
21484667	42	RESP=1
21497281	42	STIM=9
21502128	42	RESP=2
21512699	42	STIM=c
21518495	42	RESP=1
21528104	42	STIM=c
21533335	42	RESP=1
21543814	42	STIM=h
21548821	42	RESP=1
21561522	42	STIM=a
21567871	42	RESP=1
21578790	42	STIM=z
21582077	42	RESP=1
21595887	42	STIM=n
21602478	42	RESP=1
21612352	42	STIM=i
21621694	42	RESP=1
21627566	42	STIM=z
21636019	42	RESP=1
21646145	42	STIM=q
21658133	42	RESP=1
21664502	42	STIM=q
21669054	42	RESP=1
21679838	42	STIM=o
21688446	42	RESP=1
21698556	42	STIM=x
21706353	42	RESP=1
21714308	42	STIM=5
21720972	42	RESP=2
21731374	42	STIM=g
21736700	42	RESP=1
21747999	42	STIM=k
21753708	42	RESP=1
