# Original filename: 0010_BQR_2017-08-03.log
# Time unit: 100 us
# RARECAT=digit
#
# Time	HHGG	Event
36805	42	STIM=s
42310	42	RESP=1
51896	42	STIM=o
56951	42	RESP=1
67036	42	STIM=g
71341	42	RESP=1
84568	42	STIM=j
89989	42	RESP=1
101914	42	STIM=2
116206	42	RESP=2
117506	42	STIM=0
124087	42	RESP=2
134174	42	STIM=w
138851	42	RESP=2
152280	42	STIM=y
155427	42	RESP=1
168689	42	STIM=z
175205	42	RESP=1
187349	42	STIM=x
191598	42	RESP=1
204468	42	STIM=v
217815	42	RESP=2
221216	42	STIM=j
225633	42	RESP=1
237900	42	STIM=e
243277	42	RESP=1
252901	42	STIM=t
256850	42	RESP=1
270281	42	STIM=r
276954	42	RESP=2
288864	42	STIM=v
298161	42	RESP=1
304932	42	STIM=o
311203	42	RESP=1
320135	42	STIM=o
324713	42	RESP=1
335302	42	STIM=s
339049	42	RESP=1
350808	42	STIM=l
357514	42	RESP=2
367974	42	STIM=u
373624	42	RESP=1
384751	42	STIM=t
387988	42	RESP=1
403717	42	STIM=j
410043	42	RESP=1
420604	42	STIM=1
425351	42	RESP=2
437649	42	STIM=3
443312	42	RESP=1
456064	42	STIM=m
465641	42	RESP=1
471372	42	STIM=a
476112	42	RESP=1
487886	42	STIM=v
494307	42	RESP=1
502914	42	STIM=s
506272	42	RESP=1
520043	42	STIM=p
523769	42	RESP=1
536011	42	STIM=o
540345	42	RESP=1
553091	42	STIM=b
556931	42	RESP=1
571410	42	STIM=p
579065	42	RESP=1
589687	42	STIM=d
593817	42	RESP=1
605663	42	STIM=4
612567	42	RESP=1
623176	42	STIM=1
627574	42	RESP=2
638413	42	STIM=9
646423	42	RESP=2
655723	42	STIM=o
662073	42	RESP=1
674093	42	STIM=w
677835	42	RESP=1
692225	42	STIM=j
696403	42	RESP=1
707755	42	STIM=5
713968	42	RESP=2
722881	42	STIM=0
729925	42	RESP=1
740261	42	STIM=h
744398	42	RESP=1
755998	42	STIM=g
759781	42	RESP=1
771773	42	STIM=p
776959	42	RESP=1
789268	42	STIM=j
800090	42	RESP=1
808112	42	STIM=y
814274	42	RESP=2
825988	42	STIM=9
830820	42	RESP=2
842149	42	STIM=e
846318	42	RESP=1
859224	42	STIM=f
863669	42	RESP=1
875330	42	STIM=3
883187	42	RESP=2
892034	42	STIM=a
896420	42	RESP=1
908743	42	STIM=h
913897	42	RESP=2
926927	42	STIM=v
934336	42	RESP=1
942063	42	STIM=n
948407	42	RESP=1
959750	42	STIM=e
964331	42	RESP=1
978051	42	STIM=9
983705	42	RESP=2
995707	42	STIM=d
1001542	42	RESP=1
1011748	42	STIM=y
1015390	42	RESP=1
1027117	42	STIM=1
1032947	42	RESP=2
1042454	42	STIM=2
1046071	42	RESP=2
1058404	42	STIM=5
1063501	42	RESP=2
1075494	42	STIM=l
1083284	42	RESP=1
1093173	42	STIM=m
1099808	42	RESP=1
1108960	42	STIM=g
1117608	42	RESP=1
1124493	42	STIM=5
1131573	42	RESP=1
1139766	42	STIM=b
1146640	42	RESP=1
1154979	42	STIM=w
1160868	42	RESP=1
1171378	42	STIM=j
1182628	42	RESP=1
1187283	42	STIM=1
1191671	42	RESP=2
1202886	42	STIM=f
1205762	42	RESP=1
1221593	42	STIM=k
1226404	42	RESP=2
1240184	42	STIM=x
1245455	42	RESP=1
1258926	42	STIM=e
1261676	42	RESP=1
1274865	42	STIM=4
1278635	42	RESP=2
1291536	42	STIM=g
1295008	42	RESP=1
1309481	42	STIM=3
1321114	42	RESP=2
1327234	42	STIM=o
1335775	42	RESP=1
1342531	42	STIM=j
1349751	42	RESP=1
1360368	42	STIM=e
1363860	42	RESP=1
1378400	42	STIM=2
1383942	42	RESP=2
1396730	42	STIM=k
1400203	42	RESP=1
1413320	42	STIM=c
1418073	42	RESP=1
1429277	42	STIM=4
1434306	42	RESP=2
1445567	42	STIM=h
1449442	42	RESP=1
1463164	42	STIM=j
1467994	42	RESP=1
1480052	42	STIM=9
1485887	42	RESP=2
1497618	42	STIM=s
1501592	42	RESP=1
1515741	42	STIM=b
1519335	42	RESP=1
1533375	42	STIM=0
1539624	42	RESP=2
1551303	42	STIM=9
1557556	42	RESP=2
1569907	42	STIM=g
1574913	42	RESP=1
1586401	42	STIM=o
1592263	42	RESP=2
1603450	42	STIM=h
1608590	42	RESP=1
1619153	42	STIM=s
1623274	42	RESP=1
1637480	42	STIM=q
1640973	42	RESP=1
1654072	42	STIM=u
1661534	42	RESP=1
1671984	42	STIM=4
1675896	42	RESP=2
1687394	42	STIM=s
1691187	42	RESP=1
1705987	42	STIM=v
1710367	42	RESP=1
1722511	42	STIM=h
1730671	42	RESP=1
1740745	42	STIM=p
1749642	42	RESP=1
1757151	42	STIM=q
1762429	42	RESP=1
1775095	42	STIM=7
1780786	42	RESP=2
1793578	42	STIM=p
1805432	42	RESP=1
1811906	42	STIM=r
1820957	42	RESP=1
1828900	42	STIM=8
1838135	42	RESP=2
1845193	42	STIM=o
1852815	42	RESP=1
1863034	42	STIM=i
1869213	42	RESP=1
1881320	42	STIM=t
1892381	42	RESP=1
1900202	42	STIM=b
1905639	42	RESP=1
1918810	42	STIM=0
1925713	42	RESP=2
1936017	42	STIM=o
1941546	42	RESP=1
1952879	42	STIM=a
1959792	42	RESP=1
1971446	42	STIM=a
1974319	42	RESP=1
1986590	42	STIM=k
1990313	42	RESP=1
2002416	42	STIM=m
2011035	42	RESP=1
2017547	42	STIM=y
2020847	42	RESP=1
2032712	42	STIM=l
2036529	42	RESP=1
2051587	42	STIM=t
2059382	42	RESP=1
2068822	42	STIM=q
2078056	42	RESP=1
2087131	42	STIM=w
2095931	42	RESP=1
2102653	42	STIM=g
2107378	42	RESP=1
2121300	42	STIM=a
2127248	42	RESP=1
2137186	42	STIM=q
2140278	42	RESP=2
2156041	42	STIM=8
2160919	42	RESP=2
2173191	42	STIM=b
2183407	42	RESP=1
2189489	42	STIM=f
2196479	42	RESP=1
2206149	42	STIM=4
2213767	42	RESP=2
2223966	42	STIM=1
2231337	42	RESP=2
2240315	42	STIM=l
2245223	42	RESP=2
2255812	42	STIM=o
2261735	42	RESP=1
2272021	42	STIM=u
2283357	42	RESP=1
2290978	42	STIM=b
2295032	42	RESP=1
2306632	42	STIM=0
2312416	42	RESP=2
2325605	42	STIM=4
2331200	42	RESP=2
2342225	42	STIM=h
2348113	42	RESP=1
2359456	42	STIM=1
2368626	42	RESP=2
2377826	42	STIM=w
2382318	42	RESP=1
2395682	42	STIM=2
2402487	42	RESP=2
2411591	42	STIM=4
2421002	42	RESP=2
2427731	42	STIM=w
2433747	42	RESP=1
2442809	42	STIM=f
2450996	42	RESP=1
2460814	42	STIM=n
2465375	42	RESP=1
2478778	42	STIM=n
2482427	42	RESP=1
2495433	42	STIM=3
2505318	42	RESP=2
2510929	42	STIM=w
2514593	42	RESP=1
2526809	42	STIM=n
2535572	42	RESP=1
2545508	42	STIM=p
2548536	42	RESP=1
2560588	42	STIM=4
2564472	42	RESP=1
2578544	42	STIM=5
2585027	42	RESP=2
2594118	42	STIM=p
2600785	42	RESP=2
2610498	42	STIM=5
2618893	42	RESP=2
2626272	42	STIM=g
2641109	42	RESP=1
2643516	42	STIM=s
2649052	42	RESP=1
2661683	42	STIM=m
2667387	42	RESP=1
2678889	42	STIM=n
2686078	42	RESP=1
2697405	42	STIM=7
2704010	42	RESP=2
2713900	42	STIM=x
2719901	42	RESP=1
2731266	42	STIM=4
2737963	42	RESP=2
2747518	42	STIM=j
2753564	42	RESP=1
2765154	42	STIM=0
2769917	42	RESP=2
2781636	42	STIM=4
2786564	42	RESP=2
2797721	42	STIM=b
2801962	42	RESP=1
2816616	42	STIM=5
2823065	42	RESP=1
2833619	42	STIM=j
2838083	42	RESP=1
2848833	42	STIM=f
2854061	42	RESP=1
2866147	42	STIM=u
2870550	42	RESP=1
2884074	42	STIM=5
2891149	42	RESP=2
2902344	42	STIM=c
2908887	42	RESP=1
2920836	42	STIM=i
2928365	42	RESP=1
2936773	42	STIM=t
2944894	42	RESP=1
2954580	42	STIM=o
2961462	42	RESP=1
2970119	42	STIM=y
2976991	42	RESP=1
2987563	42	STIM=o
2991586	42	RESP=1
3005105	42	STIM=w
3013060	42	RESP=1
3020390	42	STIM=n
3027708	42	RESP=1
3037330	42	STIM=q
3040603	42	RESP=1
3053373	42	STIM=i
3057513	42	RESP=1
3070399	42	STIM=s
3073829	42	RESP=1
3086347	42	STIM=s
3096582	42	RESP=1
3104903	42	STIM=5
3109717	42	RESP=2
3121774	42	STIM=i
3129638	42	RESP=1
3140512	42	STIM=d
3146122	42	RESP=1
3158633	42	STIM=0
3163671	42	RESP=2
3177426	42	STIM=8
3185430	42	RESP=2
3194584	42	STIM=c
3199664	42	RESP=1
3209747	42	STIM=z
3212199	42	RESP=1
3224837	42	STIM=o
3230173	42	RESP=1
3240624	42	STIM=a
3246207	42	RESP=1
3258209	42	STIM=m
3262913	42	RESP=1
3275330	42	STIM=l
3278334	42	RESP=1
3291260	42	STIM=g
3297412	42	RESP=1
3307599	42	STIM=k
3311432	42	RESP=1
3323584	42	STIM=l
3336829	42	RESP=1
3340492	42	STIM=p
3344629	42	RESP=1
3359131	42	STIM=o
3368543	42	RESP=1
3377560	42	STIM=p
3383349	42	RESP=2
3393487	42	STIM=j
3399541	42	RESP=1
3410697	42	STIM=e
3418982	42	RESP=1
3427437	42	STIM=7
3432146	42	RESP=2
3443784	42	STIM=e
3450868	42	RESP=1
3461409	42	STIM=h
3466041	42	RESP=1
3476653	42	STIM=e
3490908	42	RESP=1
3492209	42	STIM=t
3500510	42	RESP=1
3507332	42	STIM=r
3513204	42	RESP=1
3523594	42	STIM=5
3532154	42	RESP=2
3540216	42	STIM=0
3546012	42	RESP=2
3558173	42	STIM=y
3563701	42	RESP=1
3577133	42	STIM=m
3582673	42	RESP=1
3594268	42	STIM=c
3599874	42	RESP=1
3610155	42	STIM=y
3617626	42	RESP=1
3625890	42	STIM=j
3630996	42	RESP=1
3642517	42	STIM=t
3648564	42	RESP=1
3658427	42	STIM=m
3668975	42	RESP=1
3675006	42	STIM=e
3679933	42	RESP=1
3691265	42	STIM=g
3696768	42	RESP=1
3709455	42	STIM=f
3714209	42	RESP=1
3725626	42	STIM=d
3731662	42	RESP=1
3742882	42	STIM=p
3749189	42	RESP=2
3761275	42	STIM=q
3769668	42	RESP=1
3778420	42	STIM=y
3783114	42	RESP=1
3794672	42	STIM=g
3797579	42	RESP=1
3810660	42	STIM=1
3814532	42	RESP=1
3826573	42	STIM=6
3833867	42	RESP=2
3843724	42	STIM=v
3850846	42	RESP=1
3861099	42	STIM=0
3867708	42	RESP=2
3877289	42	STIM=f
3885997	42	RESP=1
3892471	42	STIM=5
3896758	42	RESP=2
3910035	42	STIM=g
3913898	42	RESP=1
3928487	42	STIM=w
3932412	42	RESP=2
3947235	42	STIM=v
3953018	42	RESP=1
3964587	42	STIM=p
3972232	42	RESP=1
3981001	42	STIM=q
3987388	42	RESP=1
3997829	42	STIM=r
4002380	42	RESP=1
4015226	42	STIM=f
4022017	42	RESP=1
4033362	42	STIM=k
4038985	42	RESP=1
4049351	42	STIM=n
4054396	42	RESP=1
4065461	42	STIM=n
4072344	42	RESP=1
4082790	42	STIM=v
4088966	42	RESP=1
4097846	42	STIM=x
4107143	42	RESP=1
4115442	42	STIM=b
4122619	42	RESP=1
4133978	42	STIM=b
4141396	42	RESP=1
4149413	42	STIM=q
4157181	42	RESP=1
4165460	42	STIM=m
4168630	42	RESP=1
4181666	42	STIM=d
4185014	42	RESP=1
4199685	42	STIM=l
4206540	42	RESP=1
4217180	42	STIM=n
4220998	42	RESP=1
4234983	42	STIM=2
4242960	42	RESP=2
4252097	42	STIM=p
4255456	42	RESP=1
4269312	42	STIM=3
4276092	42	RESP=2
4287567	42	STIM=f
4293215	42	RESP=1
4304733	42	STIM=y
4308043	42	RESP=1
4322688	42	STIM=o
4326957	42	RESP=1
4338837	42	STIM=0
4344572	42	RESP=2
4354686	42	STIM=7
4361999	42	RESP=2
4370936	42	STIM=x
4377570	42	RESP=1
4389622	42	STIM=m
4393722	42	RESP=1
4407257	42	STIM=w
4411451	42	RESP=1
4424217	42	STIM=8
4430816	42	RESP=2
4439248	42	STIM=s
4443902	42	RESP=1
4457479	42	STIM=g
4460372	42	RESP=1
4473034	42	STIM=c
4480610	42	RESP=1
4489491	42	STIM=3
4497555	42	RESP=2
4504590	42	STIM=r
4512398	42	RESP=2
4522909	42	STIM=u
4527473	42	RESP=1
4541882	42	STIM=s
4545847	42	RESP=1
4557911	42	STIM=a
4563193	42	RESP=1
4576306	42	STIM=x
4583457	42	RESP=1
4591839	42	STIM=a
4598675	42	RESP=1
4607043	42	STIM=8
4611727	42	RESP=2
4624452	42	STIM=h
4628453	42	RESP=1
4639525	42	STIM=a
4643562	42	RESP=1
4657482	42	STIM=t
4664239	42	RESP=2
4673310	42	STIM=w
4678469	42	RESP=1
4690722	42	STIM=p
4695468	42	RESP=1
4707016	42	STIM=r
4714977	42	RESP=1
4722620	42	STIM=r
4728294	42	RESP=1
4741530	42	STIM=8
4748467	42	RESP=1
4758863	42	STIM=h
4764753	42	RESP=1
4776265	42	STIM=o
4781290	42	RESP=1
4792725	42	STIM=4
4798278	42	RESP=2
4808048	42	STIM=d
4816923	42	RESP=1
4826308	42	STIM=u
4829866	42	RESP=1
4843211	42	STIM=a
4849510	42	RESP=1
4860111	42	STIM=t
4866485	42	RESP=1
4875363	42	STIM=w
4878252	42	RESP=1
4890561	42	STIM=o
4897386	42	RESP=1
4909365	42	STIM=s
4914335	42	RESP=1
4926108	42	STIM=0
4933126	42	RESP=2
4943762	42	STIM=7
4950254	42	RESP=2
4961268	42	STIM=z
4964814	42	RESP=1
4976996	42	STIM=5
4982385	42	RESP=2
4993230	42	STIM=v
5002536	42	RESP=1
5010901	42	STIM=s
5017253	42	RESP=1
5026376	42	STIM=x
5031377	42	RESP=1
5044241	42	STIM=0
5057070	42	RESP=2
5060661	42	STIM=o
5066006	42	RESP=1
5079647	42	STIM=g
5085985	42	RESP=1
5098627	42	STIM=b
5105977	42	RESP=1
5116370	42	STIM=h
5125639	42	RESP=1
5135047	42	STIM=m
5139380	42	RESP=1
5152556	42	STIM=0
5162339	42	RESP=2
5170218	42	STIM=0
5177790	42	RESP=1
5188876	42	STIM=p
5197718	42	RESP=1
5204584	42	STIM=s
5211328	42	RESP=1
5220965	42	STIM=1
5227675	42	RESP=2
5236773	42	STIM=2
5243210	42	RESP=2
5254621	42	STIM=w
5261533	42	RESP=2
5272856	42	STIM=5
5276646	42	RESP=2
5289774	42	STIM=b
5295505	42	RESP=1
5307323	42	STIM=l
5315964	42	RESP=1
5324696	42	STIM=u
5329096	42	RESP=1
5342903	42	STIM=j
5354352	42	RESP=1
5360103	42	STIM=z
5364963	42	RESP=1
5377769	42	STIM=o
5383247	42	RESP=1
5396304	42	STIM=p
5403118	42	RESP=1
5412841	42	STIM=k
5422537	42	RESP=1
5428631	42	STIM=9
5433725	42	RESP=2
5445034	42	STIM=7
5450248	42	RESP=2
5462738	42	STIM=r
5466778	42	RESP=1
5480068	42	STIM=n
5485030	42	RESP=1
5497491	42	STIM=m
5500800	42	RESP=1
5513314	42	STIM=5
5519494	42	RESP=2
5530596	42	STIM=6
5538868	42	RESP=2
5546127	42	STIM=k
5553073	42	RESP=1
5563901	42	STIM=g
5567132	42	RESP=1
5580831	42	STIM=r
5586615	42	RESP=1
5597401	42	STIM=a
5603192	42	RESP=1
5613800	42	STIM=d
5617598	42	RESP=1
5630249	42	STIM=b
5636741	42	RESP=1
5648355	42	STIM=c
5655841	42	RESP=1
5665387	42	STIM=r
5671234	42	RESP=1
5680951	42	STIM=o
5687186	42	RESP=1
5696073	42	STIM=v
5702640	42	RESP=2
5712283	42	STIM=g
5715363	42	RESP=1
5729718	42	STIM=g
5734884	42	RESP=1
5747202	42	STIM=8
5751924	42	RESP=2
5763959	42	STIM=t
5771328	42	RESP=1
5779385	42	STIM=t
5785469	42	RESP=1
5796111	42	STIM=6
5801586	42	RESP=2
5812053	42	STIM=y
5819015	42	RESP=1
5829368	42	STIM=f
5833726	42	RESP=1
5844641	42	STIM=t
5847541	42	RESP=1
5863313	42	STIM=e
5866787	42	RESP=1
5880657	42	STIM=5
5889757	42	RESP=2
5899494	42	STIM=9
5903825	42	RESP=1
5916678	42	STIM=0
5921987	42	RESP=2
5932244	42	STIM=d
5937260	42	RESP=1
5948903	42	STIM=e
5953499	42	RESP=1
5964927	42	STIM=p
5970161	42	RESP=1
5980711	42	STIM=e
5985144	42	RESP=1
5999498	42	STIM=i
6005306	42	RESP=1
6017419	42	STIM=x
6020164	42	RESP=1
6035014	42	STIM=q
6039565	42	RESP=1
6051915	42	STIM=v
6061791	42	RESP=1
6069671	42	STIM=j
6073680	42	RESP=1
6085745	42	STIM=u
6091219	42	RESP=1
6101090	42	STIM=g
6104777	42	RESP=1
6119472	42	STIM=3
6128084	42	RESP=2
6137386	42	STIM=m
6150774	42	RESP=1
6152411	42	STIM=3
6158020	42	RESP=2
6170162	42	STIM=q
6175144	42	RESP=1
6187658	42	STIM=0
6192437	42	RESP=2
6206079	42	STIM=k
6209918	42	RESP=1
6222459	42	STIM=8
6234486	42	RESP=2
6240454	42	STIM=h
6246218	42	RESP=1
6257281	42	STIM=p
6263420	42	RESP=1
6272323	42	STIM=k
6275859	42	RESP=1
6291309	42	STIM=q
6294238	42	RESP=1
6306357	42	STIM=f
6311402	42	RESP=1
6323759	42	STIM=5
6330529	42	RESP=2
6341975	42	STIM=z
6349758	42	RESP=1
6357239	42	STIM=h
6363972	42	RESP=1
6375617	42	STIM=m
6378648	42	RESP=1
6391872	42	STIM=v
6398724	42	RESP=1
6408783	42	STIM=m
6414028	42	RESP=1
6426270	42	STIM=v
6430211	42	RESP=1
6442238	42	STIM=t
6452997	42	RESP=1
6459923	42	STIM=d
6469093	42	RESP=1
6477072	42	STIM=t
6483160	42	RESP=2
6494956	42	STIM=l
6500145	42	RESP=1
6510613	42	STIM=s
6516331	42	RESP=1
6529035	42	STIM=8
6533918	42	RESP=1
6547209	42	STIM=o
6557119	42	RESP=1
6563489	42	STIM=4
6571001	42	RESP=2
6580852	42	STIM=x
6590747	42	RESP=1
6599537	42	STIM=c
6607128	42	RESP=1
6618148	42	STIM=t
6623587	42	RESP=1
6635592	42	STIM=n
6643926	42	RESP=1
6650934	42	STIM=4
6661355	42	RESP=2
6669675	42	STIM=4
6674816	42	RESP=2
6687692	42	STIM=z
6700678	42	RESP=1
6706185	42	STIM=j
6713778	42	RESP=1
6724180	42	STIM=1
6732198	42	RESP=2
6742286	42	STIM=c
6744959	42	RESP=1
6758565	42	STIM=i
6763844	42	RESP=1
6777538	42	STIM=i
6781613	42	RESP=1
6795980	42	STIM=j
6804563	42	RESP=1
6813415	42	STIM=p
6818217	42	RESP=1
6829609	42	STIM=0
6834466	42	RESP=2
6848465	42	STIM=j
6852574	42	RESP=1
6865410	42	STIM=d
6872960	42	RESP=1
6883873	42	STIM=w
6888799	42	RESP=1
6902563	42	STIM=j
6907481	42	RESP=1
6919382	42	STIM=3
6925926	42	RESP=1
6934757	42	STIM=p
6941290	42	RESP=1
6953358	42	STIM=h
6957978	42	RESP=1
6971481	42	STIM=q
6976577	42	RESP=1
6987827	42	STIM=v
6995160	42	RESP=1
7005496	42	STIM=b
7011867	42	RESP=1
7024086	42	STIM=j
7032431	42	RESP=1
7039515	42	STIM=n
7045297	42	RESP=1
7055672	42	STIM=f
7061695	42	RESP=1
7074286	42	STIM=d
7079586	42	RESP=1
7089849	42	STIM=e
7095815	42	RESP=1
7107462	42	STIM=o
7113750	42	RESP=1
7123095	42	STIM=j
7129861	42	RESP=1
7138107	42	STIM=9
7145251	42	RESP=2
7156067	42	STIM=t
7162658	42	RESP=1
7174942	42	STIM=n
7180916	42	RESP=1
7190962	42	STIM=s
7197669	42	RESP=1
7207576	42	STIM=v
7215077	42	RESP=1
7224302	42	STIM=t
7230022	42	RESP=1
7242289	42	STIM=4
7249579	42	RESP=2
7257940	42	STIM=h
7261895	42	RESP=1
7275191	42	STIM=n
7282437	42	RESP=1
7291836	42	STIM=y
7296493	42	RESP=1
7310255	42	STIM=6
7314535	42	RESP=2
7327167	42	STIM=b
7331968	42	RESP=1
7345432	42	STIM=4
7352126	42	RESP=2
7361349	42	STIM=k
7366239	42	RESP=1
7377652	42	STIM=y
7383920	42	RESP=1
7394906	42	STIM=p
7401362	42	RESP=1
7413415	42	STIM=a
7416682	42	RESP=1
7431843	42	STIM=v
7438285	42	RESP=1
7450501	42	STIM=i
7456921	42	RESP=1
7466012	42	STIM=a
7469115	42	RESP=1
7483643	42	STIM=9
7489919	42	RESP=2
7501826	42	STIM=6
7509607	42	RESP=2
7520626	42	STIM=z
7527769	42	RESP=1
7538379	42	STIM=f
7544160	42	RESP=2
7555756	42	STIM=z
7559683	42	RESP=1
7571717	42	STIM=y
7576870	42	RESP=1
7587217	42	STIM=k
7594914	42	RESP=1
7602584	42	STIM=c
7605390	42	RESP=1
7620966	42	STIM=p
7627048	42	RESP=1
7636050	42	STIM=6
7642702	42	RESP=2
7652004	42	STIM=d
7661396	42	RESP=1
7668949	42	STIM=a
7674447	42	RESP=1
7684712	42	STIM=j
7689418	42	RESP=1
7702112	42	STIM=n
7708243	42	RESP=1
7718029	42	STIM=o
7723318	42	RESP=1
7734648	42	STIM=b
7738874	42	RESP=1
7751379	42	STIM=a
7758359	42	RESP=1
7769420	42	STIM=y
7775543	42	RESP=1
7785502	42	STIM=k
7791820	42	RESP=1
7802721	42	STIM=j
7808823	42	RESP=1
7818498	42	STIM=d
7827181	42	RESP=1
7836576	42	STIM=v
7842688	42	RESP=1
7853034	42	STIM=u
7856418	42	RESP=1
7870588	42	STIM=7
7879082	42	RESP=2
7888941	42	STIM=e
7896263	42	RESP=1
7907432	42	STIM=e
7910797	42	RESP=1
7923677	42	STIM=l
7929920	42	RESP=1
7938955	42	STIM=8
7946978	42	RESP=2
7954218	42	STIM=x
7957209	42	RESP=1
7969422	42	STIM=p
7975143	42	RESP=1
7986374	42	STIM=n
7990154	42	RESP=1
8001399	42	STIM=l
8010009	42	RESP=1
8020155	42	STIM=t
8030492	42	RESP=1
8038092	42	STIM=q
8041083	42	RESP=1
8056506	42	STIM=g
8063116	42	RESP=1
8072651	42	STIM=n
8078423	42	RESP=1
8088090	42	STIM=a
8092922	42	RESP=1
8106409	42	STIM=5
8112464	42	RESP=2
8124619	42	STIM=b
8130809	42	RESP=1
8143358	42	STIM=p
8147285	42	RESP=2
8158946	42	STIM=k
8164349	42	RESP=1
8176186	42	STIM=y
8179009	42	RESP=1
8191360	42	STIM=y
8195900	42	RESP=1
8207330	42	STIM=n
8215059	42	RESP=1
8226052	42	STIM=w
8231050	42	RESP=1
8244533	42	STIM=j
8252369	42	RESP=1
8259630	42	STIM=u
8265839	42	RESP=1
8275544	42	STIM=5
8279598	42	RESP=2
8293178	42	STIM=k
8297459	42	RESP=2
8309352	42	STIM=h
8318440	42	RESP=1
8328345	42	STIM=p
8332499	42	RESP=1
8344962	42	STIM=e
8348239	42	RESP=1
8361695	42	STIM=s
8365836	42	RESP=1
8380264	42	STIM=0
8385123	42	RESP=2
8396911	42	STIM=t
8403572	42	RESP=1
8412747	42	STIM=c
8416687	42	RESP=1
8431627	42	STIM=w
8437103	42	RESP=1
8448394	42	STIM=w
8452498	42	RESP=1
8466930	42	STIM=c
8472310	42	RESP=1
8482591	42	STIM=d
8486659	42	RESP=1
8498762	42	STIM=q
8503819	42	RESP=1
8517502	42	STIM=g
8520849	42	RESP=1
8532824	42	STIM=c
8539378	42	RESP=2
8550680	42	STIM=1
8556085	42	RESP=2
8567345	42	STIM=j
8572265	42	RESP=1
8583283	42	STIM=7
8587856	42	RESP=2
8601330	42	STIM=i
8606085	42	RESP=1
8617073	42	STIM=h
8621711	42	RESP=1
8635783	42	STIM=r
8639501	42	RESP=1
8654482	42	STIM=y
8658232	42	RESP=1
8669829	42	STIM=y
8675645	42	RESP=1
8686557	42	STIM=4
8692412	42	RESP=1
8704188	42	STIM=r
8714123	42	RESP=1
8719899	42	STIM=o
8726375	42	RESP=1
8738577	42	STIM=e
8744600	42	RESP=1
8757374	42	STIM=g
8763036	42	RESP=1
8776111	42	STIM=0
8783416	42	RESP=1
8791419	42	STIM=r
8798142	42	RESP=1
8808657	42	STIM=c
8815427	42	RESP=1
8827236	42	STIM=5
8831723	42	RESP=2
8845538	42	STIM=n
8849379	42	RESP=1
8861163	42	STIM=f
8865251	42	RESP=1
8876247	42	STIM=n
8882947	42	RESP=1
8893611	42	STIM=y
8903941	42	RESP=1
8912327	42	STIM=n
8918332	42	RESP=1
8929148	42	STIM=c
8936929	42	RESP=1
8947439	42	STIM=b
8953757	42	RESP=1
8963492	42	STIM=p
8966670	42	RESP=1
8978694	42	STIM=l
8982555	42	RESP=1
8993733	42	STIM=j
8997503	42	RESP=1
9008899	42	STIM=1
9015256	42	RESP=2
9025840	42	STIM=n
9034552	42	RESP=1
9041444	42	STIM=p
9047912	42	RESP=1
9056618	42	STIM=j
9064103	42	RESP=1
9075478	42	STIM=9
9081471	42	RESP=2
9091245	42	STIM=w
9096743	42	RESP=1
9107716	42	STIM=8
9113049	42	RESP=2
9126277	42	STIM=s
9135884	42	RESP=1
9144273	42	STIM=s
9150086	42	RESP=1
9161430	42	STIM=y
9166289	42	RESP=1
9178697	42	STIM=a
9183305	42	RESP=1
9195144	42	STIM=t
9203774	42	RESP=1
9211018	42	STIM=f
9215323	42	RESP=1
9227999	42	STIM=d
9232278	42	RESP=1
9245762	42	STIM=1
9252130	42	RESP=2
9264081	42	STIM=o
9270889	42	RESP=1
9280372	42	STIM=p
9286250	42	RESP=1
9299155	42	STIM=g
9305844	42	RESP=2
9316327	42	STIM=5
9321638	42	RESP=2
9333119	42	STIM=u
9339154	42	RESP=1
9348657	42	STIM=q
9354216	42	RESP=1
9363987	42	STIM=6
9370657	42	RESP=2
9381693	42	STIM=z
9386375	42	RESP=1
9399560	42	STIM=m
9406221	42	RESP=1
9417821	42	STIM=2
9426115	42	RESP=2
9435687	42	STIM=q
9439788	42	RESP=1
9452395	42	STIM=x
9457436	42	RESP=1
9468838	42	STIM=w
9472650	42	RESP=1
9484968	42	STIM=4
9489552	42	RESP=1
9500066	42	STIM=h
9504631	42	RESP=1
9518876	42	STIM=r
9523386	42	RESP=1
9536104	42	STIM=f
9538717	42	RESP=1
9553886	42	STIM=p
9562364	42	RESP=1
9572684	42	STIM=7
9582675	42	RESP=2
9589299	42	STIM=2
9596464	42	RESP=2
9608157	42	STIM=6
9615558	42	RESP=2
9626479	42	STIM=x
9635326	42	RESP=2
9643665	42	STIM=u
9646616	42	RESP=1
9660171	42	STIM=w
9667505	42	RESP=1
9678826	42	STIM=q
9683265	42	RESP=1
9697660	42	STIM=p
9705003	42	RESP=1
9715472	42	STIM=c
9720294	42	RESP=1
9731299	42	STIM=l
9734853	42	RESP=1
9749513	42	STIM=g
9756925	42	RESP=1
9765161	42	STIM=z
9770521	42	RESP=1
9783695	42	STIM=q
9790107	42	RESP=1
9799819	42	STIM=q
9805082	42	RESP=1
9816021	42	STIM=l
9823270	42	RESP=1
9834313	42	STIM=q
9838826	42	RESP=1
9850123	42	STIM=c
9855616	42	RESP=1
9868936	42	STIM=b
9876000	42	RESP=1
9884899	42	STIM=m
9891517	42	RESP=1
9902230	42	STIM=q
9910184	42	RESP=1
9920010	42	STIM=l
9928448	42	RESP=1
9937007	42	STIM=k
9941201	42	RESP=1
9955985	42	STIM=5
9960172	42	RESP=1
9974105	42	STIM=e
9977519	42	RESP=1
9991595	42	STIM=9
9997112	42	RESP=2
10009520	42	STIM=b
10012651	42	RESP=1
10027562	42	STIM=b
10035780	42	RESP=1
10045407	42	STIM=z
10052261	42	RESP=1
10061904	42	STIM=3
10065671	42	RESP=2
10080625	42	STIM=a
10088180	42	RESP=1
10097872	42	STIM=k
10102141	42	RESP=1
10113322	42	STIM=m
10120250	42	RESP=1
10132004	42	STIM=l
10138249	42	RESP=1
10147307	42	STIM=u
10154321	42	RESP=1
10164732	42	STIM=k
10169023	42	RESP=1
10181377	42	STIM=7
10189454	42	RESP=2
10199704	42	STIM=9
10212399	42	RESP=1
10215804	42	STIM=i
10222002	42	RESP=1
10233144	42	STIM=i
10237106	42	RESP=1
10248579	42	STIM=s
10253857	42	RESP=1
10266414	42	STIM=u
10277421	42	RESP=1
10284506	42	STIM=r
10288302	42	RESP=1
10302244	42	STIM=z
10307615	42	RESP=1
10320720	42	STIM=n
10323849	42	RESP=1
10336174	42	STIM=w
10341114	42	RESP=1
10353898	42	STIM=i
10358894	42	RESP=1
10372396	42	STIM=4
10377342	42	RESP=2
10390782	42	STIM=p
10397641	42	RESP=1
10407794	42	STIM=l
10415760	42	RESP=1
10423656	42	STIM=g
10427757	42	RESP=1
10442418	42	STIM=j
10449752	42	RESP=1
10460009	42	STIM=d
10468504	42	RESP=1
10476280	42	STIM=b
10480980	42	RESP=1
10494614	42	STIM=7
10499815	42	RESP=2
10510574	42	STIM=q
10524146	42	RESP=1
10526188	42	STIM=y
10532855	42	RESP=1
10544668	42	STIM=m
10548288	42	RESP=1
10560870	42	STIM=p
10564684	42	RESP=1
10578537	42	STIM=4
10586661	42	RESP=2
10596019	42	STIM=c
10600873	42	RESP=1
10611399	42	STIM=w
10615724	42	RESP=1
10628403	42	STIM=i
10633277	42	RESP=1
10643448	42	STIM=e
10649238	42	RESP=1
10660712	42	STIM=i
10669225	42	RESP=1
10676905	42	STIM=t
10685507	42	RESP=1
10694927	42	STIM=t
10699019	42	RESP=1
10710464	42	STIM=5
10718865	42	RESP=1
10727200	42	STIM=t
10733181	42	RESP=1
10743743	42	STIM=k
10749783	42	RESP=1
10762588	42	STIM=q
10770058	42	RESP=1
10778956	42	STIM=2
10785483	42	RESP=2
10796414	42	STIM=t
10799630	42	RESP=1
10814544	42	STIM=p
10828461	42	RESP=1
10829703	42	STIM=f
10832596	42	RESP=1
10846008	42	STIM=6
10851493	42	RESP=2
10862577	42	STIM=u
10869801	42	RESP=1
10880059	42	STIM=w
10885866	42	RESP=1
10898491	42	STIM=y
10904360	42	RESP=1
10915597	42	STIM=5
10920079	42	RESP=2
10931071	42	STIM=l
10937383	42	RESP=1
10947811	42	STIM=9
10956358	42	RESP=2
10963872	42	STIM=v
10970966	42	RESP=1
10979290	42	STIM=t
10982247	42	RESP=1
10997619	42	STIM=3
11004316	42	RESP=2
11014344	42	STIM=t
11016951	42	RESP=1
11030653	42	STIM=z
11033786	42	RESP=2
11046673	42	STIM=b
11053372	42	RESP=1
11062780	42	STIM=m
11070300	42	RESP=1
11080645	42	STIM=3
11088639	42	RESP=2
11098568	42	STIM=8
11105630	42	RESP=2
11113651	42	STIM=t
11120897	42	RESP=1
11132480	42	STIM=e
11139824	42	RESP=1
11147662	42	STIM=s
11152520	42	RESP=1
11163724	42	STIM=n
11167999	42	RESP=1
11180093	42	STIM=y
11183913	42	RESP=2
11195680	42	STIM=d
11199162	42	RESP=1
11213153	42	STIM=q
11219972	42	RESP=1
11232054	42	STIM=r
11239434	42	RESP=1
11250143	42	STIM=n
11253964	42	RESP=1
11268799	42	STIM=p
11273140	42	RESP=1
11283949	42	STIM=r
11287051	42	RESP=1
11299537	42	STIM=i
11304172	42	RESP=1
11317867	42	STIM=9
11323280	42	RESP=2
11333927	42	STIM=t
11337683	42	RESP=1
11349793	42	STIM=k
11356995	42	RESP=1
11368135	42	STIM=u
11382440	42	RESP=1
11383726	42	STIM=w
11391910	42	RESP=1
11399650	42	STIM=w
11405233	42	RESP=1
11417540	42	STIM=m
11422561	42	RESP=1
11434439	42	STIM=5
11442552	42	RESP=1
11452429	42	STIM=n
11457524	42	RESP=1
11470114	42	STIM=z
11477769	42	RESP=1
11488843	42	STIM=y
11497836	42	RESP=1
11505259	42	STIM=i
11509251	42	RESP=1
11520507	42	STIM=c
11527527	42	RESP=1
11538534	42	STIM=d
11542693	42	RESP=2
11553929	42	STIM=f
11560904	42	RESP=1
11570235	42	STIM=m
11575133	42	RESP=2
11586898	42	STIM=x
11591982	42	RESP=1
11602462	42	STIM=m
11609030	42	RESP=1
11620537	42	STIM=o
11625704	42	RESP=1
11637858	42	STIM=x
11641863	42	RESP=1
11654049	42	STIM=l
11656631	42	RESP=1
11670294	42	STIM=h
11674283	42	RESP=1
11687970	42	STIM=t
11692178	42	RESP=1
11706894	42	STIM=s
11715045	42	RESP=1
11722042	42	STIM=r
11730737	42	RESP=1
11739790	42	STIM=v
11744211	42	RESP=1
11757518	42	STIM=w
11761283	42	RESP=1
11775928	42	STIM=m
11780041	42	RESP=1
11793518	42	STIM=o
11801058	42	RESP=1
11809671	42	STIM=k
11814244	42	RESP=1
11828228	42	STIM=w
11837102	42	RESP=2
11844711	42	STIM=h
11851425	42	RESP=1
11863681	42	STIM=s
11869525	42	RESP=1
11881692	42	STIM=e
11885399	42	RESP=1
11897200	42	STIM=j
11906183	42	RESP=1
11912234	42	STIM=3
11919001	42	RESP=2
11929977	42	STIM=o
11934760	42	RESP=1
11947857	42	STIM=9
11956203	42	RESP=2
11964739	42	STIM=h
11968086	42	RESP=1
11980452	42	STIM=g
11984561	42	RESP=1
11998474	42	STIM=t
12005299	42	RESP=1
12014615	42	STIM=q
12019988	42	RESP=1
12030696	42	STIM=k
12037862	42	RESP=1
12045854	42	STIM=7
12050849	42	RESP=2
12061147	42	STIM=m
12068803	42	RESP=1
12076260	42	STIM=y
12091120	42	RESP=1
12091666	42	STIM=r
12097494	42	RESP=1
12107520	42	STIM=z
12112447	42	RESP=1
12124249	42	STIM=7
12130446	42	RESP=2
12141523	42	STIM=j
12147444	42	RESP=1
12158870	42	STIM=i
12163192	42	RESP=1
12177005	42	STIM=z
12179858	42	RESP=1
12194790	42	STIM=h
12200171	42	RESP=1
12210929	42	STIM=v
12214286	42	RESP=1
12227007	42	STIM=n
12233953	42	RESP=1
12245184	42	STIM=d
12251945	42	RESP=1
12261888	42	STIM=f
12265419	42	RESP=1
12278440	42	STIM=2
12285297	42	RESP=2
12293537	42	STIM=0
12298543	42	RESP=2
12309565	42	STIM=y
12316430	42	RESP=1
12325278	42	STIM=s
12332275	42	RESP=1
12342943	42	STIM=o
12348781	42	RESP=1
12358639	42	STIM=7
12364259	42	RESP=1
12375919	42	STIM=s
12383551	42	RESP=1
12391324	42	STIM=g
12397484	42	RESP=1
12407490	42	STIM=8
12415603	42	RESP=2
12424042	42	STIM=d
12427705	42	RESP=1
12441039	42	STIM=s
12446522	42	RESP=1
12456318	42	STIM=t
12460087	42	RESP=1
12471629	42	STIM=s
12477167	42	RESP=1
12488280	42	STIM=r
12494790	42	RESP=1
12503453	42	STIM=y
12507626	42	RESP=1
12521898	42	STIM=v
12526605	42	RESP=1
12540568	42	STIM=2
12547055	42	RESP=2
12557822	42	STIM=x
12561775	42	RESP=1
12576734	42	STIM=l
12582706	42	RESP=1
12595605	42	STIM=1
12601923	42	RESP=2
12612639	42	STIM=v
12619364	42	RESP=1
12631195	42	STIM=l
12638827	42	RESP=1
12648439	42	STIM=2
12653475	42	RESP=2
12665715	42	STIM=u
12672202	42	RESP=1
12684268	42	STIM=e
12687419	42	RESP=1
12700491	42	STIM=k
12710655	42	RESP=1
12717653	42	STIM=i
12727039	42	RESP=1
12733003	42	STIM=k
12736619	42	RESP=1
12751158	42	STIM=u
12755387	42	RESP=1
12769402	42	STIM=b
12776262	42	RESP=1
12785419	42	STIM=y
12789478	42	RESP=1
12803087	42	STIM=7
12810005	42	RESP=2
12818437	42	STIM=g
12824105	42	RESP=1
12836262	42	STIM=0
12844309	42	RESP=2
12852770	42	STIM=z
12856921	42	RESP=1
12870004	42	STIM=1
12875063	42	RESP=2
12888524	42	STIM=h
12891960	42	RESP=2
12907431	42	STIM=3
12914625	42	RESP=2
12923326	42	STIM=z
12928812	42	RESP=1
12939061	42	STIM=t
12942231	42	RESP=1
12956970	42	STIM=t
12962181	42	RESP=1
12972901	42	STIM=k
12979805	42	RESP=1
12989842	42	STIM=y
12994325	42	RESP=1
13008313	42	STIM=d
13011469	42	RESP=1
13025012	42	STIM=8
13031637	42	RESP=2
13040352	42	STIM=z
13050576	42	RESP=1
13058594	42	STIM=n
13063204	42	RESP=1
13074384	42	STIM=3
13081392	42	RESP=2
13091708	42	STIM=s
13095419	42	RESP=1
13109308	42	STIM=z
13112639	42	RESP=1
13126441	42	STIM=m
13129428	42	RESP=1
13142888	42	STIM=w
13150609	42	RESP=1
13161673	42	STIM=1
13166271	42	RESP=1
13177297	42	STIM=k
13182044	42	RESP=1
13196155	42	STIM=3
13201999	42	RESP=1
13211631	42	STIM=w
13219171	42	RESP=1
13226872	42	STIM=l
13233065	42	RESP=1
13245523	42	STIM=k
13249940	42	RESP=1
13262669	42	STIM=0
13269289	42	RESP=2
13278972	42	STIM=r
13284400	42	RESP=1
13297273	42	STIM=m
13301461	42	RESP=1
13315144	42	STIM=0
13323280	42	RESP=2
13331796	42	STIM=t
13340610	42	RESP=1
13346868	42	STIM=9
13356266	42	RESP=2
13365444	42	STIM=z
13371399	42	RESP=1
13384120	42	STIM=7
13388464	42	RESP=2
13400187	42	STIM=o
13409906	42	RESP=1
13419005	42	STIM=j
13425498	42	RESP=1
13435346	42	STIM=e
13443743	42	RESP=1
13451843	42	STIM=a
13457963	42	RESP=1
13470306	42	STIM=9
13476020	42	RESP=2
13485452	42	STIM=q
13492479	42	RESP=1
13501407	42	STIM=g
13506470	42	RESP=1
13519685	42	STIM=1
13524386	42	RESP=1
13536795	42	STIM=w
13542582	42	RESP=1
13554039	42	STIM=e
13557508	42	RESP=1
13572093	42	STIM=w
13577500	42	RESP=1
13590465	42	STIM=1
13597178	42	RESP=2
13608100	42	STIM=6
13612639	42	RESP=2
13623232	42	STIM=i
13629287	42	RESP=2
13638471	42	STIM=e
13641481	42	RESP=1
13655336	42	STIM=r
13660919	42	RESP=1
13673685	42	STIM=7
13682861	42	RESP=2
13690036	42	STIM=y
13693429	42	RESP=1
13706020	42	STIM=d
13711349	42	RESP=1
13721420	42	STIM=m
13726892	42	RESP=1
13738195	42	STIM=z
13744233	42	RESP=1
13756976	42	STIM=w
13762706	42	RESP=1
13775904	42	STIM=y
13780571	42	RESP=1
13793889	42	STIM=2
13799469	42	RESP=2
13812117	42	STIM=1
13819413	42	RESP=1
13829129	42	STIM=4
13832831	42	RESP=1
13846448	42	STIM=z
13850920	42	RESP=2
13864646	42	STIM=k
13868228	42	RESP=1
13880385	42	STIM=o
13884337	42	RESP=1
13897370	42	STIM=r
13905896	42	RESP=1
13913762	42	STIM=l
13918209	42	RESP=1
13930194	42	STIM=s
13935776	42	RESP=1
13946571	42	STIM=c
13952769	42	RESP=1
13962301	42	STIM=f
13968214	42	RESP=1
13981054	42	STIM=j
13988961	42	RESP=1
13996658	42	STIM=m
14001283	42	RESP=1
14014175	42	STIM=j
14022562	42	RESP=1
14030524	42	STIM=m
14036555	42	RESP=1
14048206	42	STIM=n
14051753	42	RESP=1
14066865	42	STIM=o
14071488	42	RESP=1
14083382	42	STIM=d
14090441	42	RESP=1
14101309	42	STIM=e
14105763	42	RESP=1
14116366	42	STIM=p
14120589	42	RESP=1
14133966	42	STIM=9
14142195	42	RESP=2
14149540	42	STIM=e
14154504	42	RESP=1
14165631	42	STIM=j
14174056	42	RESP=1
14182532	42	STIM=r
14185687	42	RESP=1
14201230	42	STIM=d
14208474	42	RESP=1
14217550	42	STIM=3
14225709	42	RESP=2
14235011	42	STIM=k
14239017	42	RESP=1
14250651	42	STIM=d
14257313	42	RESP=1
14267478	42	STIM=k
14270933	42	RESP=1
14285874	42	STIM=q
14289088	42	RESP=1
14304238	42	STIM=v
14308477	42	RESP=1
14321754	42	STIM=l
14328514	42	RESP=1
14340515	42	STIM=0
14347355	42	RESP=2
14356313	42	STIM=s
14364130	42	RESP=1
14374832	42	STIM=n
14382542	42	RESP=1
14391765	42	STIM=r
14396342	42	RESP=1
14408029	42	STIM=y
14415103	42	RESP=1
14423268	42	STIM=i
14430262	42	RESP=1
14441982	42	STIM=g
14447888	42	RESP=1
14459177	42	STIM=m
14465457	42	RESP=1
14474857	42	STIM=n
14485322	42	RESP=1
14492142	42	STIM=x
14498253	42	RESP=1
14509650	42	STIM=u
14513408	42	RESP=2
14526500	42	STIM=1
14534814	42	RESP=2
14545371	42	STIM=p
14551062	42	RESP=1
14561351	42	STIM=8
14571465	42	RESP=2
14579609	42	STIM=9
14588993	42	RESP=2
14598077	42	STIM=z
14603204	42	RESP=1
14614309	42	STIM=i
14619831	42	RESP=2
14632207	42	STIM=v
14641837	42	RESP=1
14647273	42	STIM=8
14664377	42	RESP=2
14664477	42	STIM=h
14667752	42	RESP=1
14680934	42	STIM=1
14685072	42	RESP=2
14699061	42	STIM=g
14702863	42	RESP=1
14714734	42	STIM=1
14721386	42	RESP=2
14729917	42	STIM=d
14734825	42	RESP=1
14748018	42	STIM=w
14752331	42	RESP=1
14763481	42	STIM=f
14769844	42	RESP=1
14780741	42	STIM=a
14786483	42	RESP=1
14798398	42	STIM=l
14805604	42	RESP=1
14814676	42	STIM=n
14820711	42	RESP=1
14830941	42	STIM=o
14839556	42	RESP=1
14846270	42	STIM=k
14850168	42	RESP=1
14864544	42	STIM=8
14872886	42	RESP=1
14882737	42	STIM=x
14886491	42	RESP=1
14898279	42	STIM=l
14900889	42	RESP=1
14913946	42	STIM=s
14919822	42	RESP=1
14930689	42	STIM=y
14936811	42	RESP=1
14948060	42	STIM=h
14953976	42	RESP=1
14964735	42	STIM=q
14969302	42	RESP=1
14983536	42	STIM=f
14989691	42	RESP=1
14998876	42	STIM=5
15004373	42	RESP=1
15017263	42	STIM=t
15023899	42	RESP=1
15035780	42	STIM=s
15041103	42	RESP=1
15051259	42	STIM=6
15057726	42	RESP=2
15068400	42	STIM=b
15075323	42	RESP=2
15086326	42	STIM=p
15092939	42	RESP=1
15103236	42	STIM=g
15109451	42	RESP=1
15122135	42	STIM=y
15128355	42	RESP=1
15138766	42	STIM=i
15142724	42	RESP=1
15155559	42	STIM=f
15162077	42	RESP=2
15171528	42	STIM=g
15176365	42	RESP=1
15189890	42	STIM=i
15194942	42	RESP=2
15205633	42	STIM=h
15209347	42	RESP=1
15221285	42	STIM=c
15224616	42	RESP=1
15236614	42	STIM=e
15243118	42	RESP=1
15253455	42	STIM=z
15257185	42	RESP=1
15269502	42	STIM=u
15276384	42	RESP=1
15285711	42	STIM=g
15290155	42	RESP=1
15301651	42	STIM=3
15306258	42	RESP=2
15317556	42	STIM=6
15325934	42	RESP=2
15335187	42	STIM=q
15338905	42	RESP=1
15352517	42	STIM=1
15357416	42	RESP=2
15370224	42	STIM=c
15375541	42	RESP=1
15385990	42	STIM=c
15394557	42	RESP=1
15401417	42	STIM=t
15406851	42	RESP=1
15418484	42	STIM=2
15423516	42	RESP=2
15436712	42	STIM=k
15441442	42	RESP=1
15452363	42	STIM=e
15458213	42	RESP=1
15470289	42	STIM=y
15473093	42	RESP=2
15487234	42	STIM=4
15492706	42	RESP=2
15504405	42	STIM=o
15512145	42	RESP=1
15521145	42	STIM=e
15526636	42	RESP=1
15539524	42	STIM=1
15544922	42	RESP=2
15557257	42	STIM=5
15562169	42	RESP=2
15575333	42	STIM=x
15581605	42	RESP=1
15593784	42	STIM=z
15597420	42	RESP=1
15608981	42	STIM=i
15616838	42	RESP=1
15626631	42	STIM=r
15630418	42	RESP=1
15644260	42	STIM=l
15650176	42	RESP=1
15660137	42	STIM=q
15667418	42	RESP=1
15678292	42	STIM=o
15682187	42	RESP=1
15695086	42	STIM=c
15698903	42	RESP=1
15712351	42	STIM=x
15717724	42	RESP=1
15729100	42	STIM=4
15734301	42	RESP=2
15744855	42	STIM=1
15750835	42	RESP=2
15760158	42	STIM=s
15764749	42	RESP=1
15778411	42	STIM=p
15782081	42	RESP=1
15794241	42	STIM=u
15799552	42	RESP=1
15809514	42	STIM=l
15819088	42	RESP=1
15825903	42	STIM=6
15832082	42	RESP=2
15842358	42	STIM=l
15846503	42	RESP=1
15860516	42	STIM=o
15866593	42	RESP=1
15876559	42	STIM=h
15882998	42	RESP=1
15893461	42	STIM=a
15901569	42	RESP=1
15910747	42	STIM=6
15916463	42	RESP=1
15927791	42	STIM=b
15932868	42	RESP=1
15943053	42	STIM=u
15947964	42	RESP=1
15960436	42	STIM=l
15968888	42	RESP=1
15976036	42	STIM=8
15985501	42	RESP=1
15993439	42	STIM=7
16000972	42	RESP=2
16009026	42	STIM=h
16012258	42	RESP=1
16026563	42	STIM=d
16033643	42	RESP=1
16042975	42	STIM=s
16047997	42	RESP=1
16059649	42	STIM=q
16066443	42	RESP=1
16076288	42	STIM=x
16090097	42	RESP=1
16092909	42	STIM=r
16096843	42	RESP=1
16109511	42	STIM=9
16114429	42	RESP=2
16128221	42	STIM=2
16132755	42	RESP=2
16145280	42	STIM=i
16150831	42	RESP=1
16162102	42	STIM=m
16170202	42	RESP=1
16180136	42	STIM=c
16184596	42	RESP=1
16196152	42	STIM=n
16201327	42	RESP=1
16213359	42	STIM=g
16220362	42	RESP=1
16230455	42	STIM=c
16234251	42	RESP=1
16245658	42	STIM=2
16251307	42	RESP=2
16264037	42	STIM=4
16270606	42	RESP=2
16281986	42	STIM=a
16289166	42	RESP=1
16300126	42	STIM=l
16305275	42	RESP=1
16315365	42	STIM=q
16319838	42	RESP=1
16330651	42	STIM=r
16337104	42	RESP=1
16348927	42	STIM=m
16355205	42	RESP=1
16366225	42	STIM=m
16372585	42	RESP=1
16382208	42	STIM=c
16385764	42	RESP=1
16398076	42	STIM=f
16404496	42	RESP=1
16415654	42	STIM=h
16421241	42	RESP=1
16434488	42	STIM=d
16441474	42	RESP=1
16450774	42	STIM=n
16460851	42	RESP=1
16466681	42	STIM=y
16474559	42	RESP=1
16481763	42	STIM=2
16488952	42	RESP=2
16499372	42	STIM=7
16505327	42	RESP=2
16516121	42	STIM=o
16525311	42	RESP=1
16534704	42	STIM=z
16542028	42	RESP=1
16552564	42	STIM=m
16557868	42	RESP=1
16568607	42	STIM=n
16573026	42	RESP=1
16587426	42	STIM=r
16592850	42	RESP=1
16606381	42	STIM=z
16611406	42	RESP=1
16622281	42	STIM=p
16629090	42	RESP=1
16640582	42	STIM=d
16643845	42	RESP=1
16658866	42	STIM=i
16663514	42	RESP=1
16676406	42	STIM=s
16684768	42	RESP=1
16695029	42	STIM=5
16700374	42	RESP=1
16711635	42	STIM=j
16719699	42	RESP=1
16726694	42	STIM=p
16734453	42	RESP=1
16741921	42	STIM=e
16750516	42	RESP=1
16759189	42	STIM=t
16765901	42	RESP=1
16774914	42	STIM=9
16783823	42	RESP=2
16793776	42	STIM=r
16797616	42	RESP=1
16811969	42	STIM=v
16814843	42	RESP=1
16830346	42	STIM=m
16835091	42	RESP=1
16848013	42	STIM=o
16852702	42	RESP=1
16863570	42	STIM=a
16868629	42	RESP=1
16879037	42	STIM=0
16883597	42	RESP=2
16896867	42	STIM=2
16903574	42	RESP=2
16913360	42	STIM=f
16919924	42	RESP=1
16931138	42	STIM=z
16935754	42	RESP=1
16948686	42	STIM=3
16955502	42	RESP=2
16964083	42	STIM=c
16969741	42	RESP=1
16982175	42	STIM=1
16988019	42	RESP=2
16997910	42	STIM=m
17002273	42	RESP=1
17013083	42	STIM=t
17018281	42	RESP=1
17030878	42	STIM=v
17036445	42	RESP=1
17049111	42	STIM=d
17052738	42	RESP=1
17065248	42	STIM=5
17071116	42	RESP=2
17083863	42	STIM=h
17088663	42	RESP=1
17101020	42	STIM=d
17103899	42	RESP=1
17118711	42	STIM=i
17121107	42	RESP=1
17133903	42	STIM=2
17137736	42	RESP=2
17150258	42	STIM=h
17157078	42	RESP=1
17168526	42	STIM=c
17177595	42	RESP=1
17186525	42	STIM=a
17190137	42	RESP=1
17204962	42	STIM=d
17208748	42	RESP=1
17220394	42	STIM=f
17225802	42	RESP=1
17237091	42	STIM=v
17244224	42	RESP=1
17253827	42	STIM=a
17259508	42	RESP=1
17272586	42	STIM=c
17278490	42	RESP=1
17288373	42	STIM=4
17294860	42	RESP=2
17307059	42	STIM=a
17313644	42	RESP=1
17323745	42	STIM=a
17328369	42	RESP=1
17342650	42	STIM=q
17349282	42	RESP=1
17359627	42	STIM=a
17363677	42	RESP=1
17374802	42	STIM=w
17382394	42	RESP=1
17391515	42	STIM=h
17396646	42	RESP=1
17406755	42	STIM=h
17414888	42	RESP=2
17425266	42	STIM=x
17429809	42	RESP=1
17440785	42	STIM=8
17448429	42	RESP=2
17456580	42	STIM=l
17464793	42	RESP=1
17474709	42	STIM=y
17478701	42	RESP=1
17489952	42	STIM=y
17494908	42	RESP=1
17506093	42	STIM=t
17513593	42	RESP=1
17521806	42	STIM=i
17526196	42	RESP=1
17538441	42	STIM=s
17542412	42	RESP=1
17554809	42	STIM=a
17559835	42	RESP=1
17570820	42	STIM=i
17575588	42	RESP=1
17587934	42	STIM=e
17596939	42	RESP=1
17606091	42	STIM=i
17611015	42	RESP=1
17624398	42	STIM=f
17634183	42	RESP=1
17642735	42	STIM=o
17646975	42	RESP=1
17661252	42	STIM=y
17670714	42	RESP=1
17677130	42	STIM=9
17685025	42	RESP=2
17692825	42	STIM=h
17698247	42	RESP=1
17708659	42	STIM=5
17714051	42	RESP=1
17727087	42	STIM=h
17733229	42	RESP=1
17746022	42	STIM=7
17751981	42	RESP=2
17761294	42	STIM=n
17765627	42	RESP=1
17779132	42	STIM=s
17785380	42	RESP=1
17796787	42	STIM=x
17803618	42	RESP=1
17815738	42	STIM=t
17820383	42	RESP=1
17830783	42	STIM=0
17836956	42	RESP=2
17847944	42	STIM=z
17855429	42	RESP=2
17863558	42	STIM=l
17868717	42	RESP=1
17880739	42	STIM=2
17889336	42	RESP=2
17899545	42	STIM=c
17907233	42	RESP=1
17915072	42	STIM=c
17918884	42	RESP=2
17930629	42	STIM=h
17935834	42	RESP=1
17947460	42	STIM=s
17953599	42	RESP=2
17963612	42	STIM=m
17968716	42	RESP=1
17980120	42	STIM=k
17986578	42	RESP=1
17997328	42	STIM=h
18001072	42	RESP=1
18016039	42	STIM=r
18023191	42	RESP=2
18031943	42	STIM=f
18036787	42	RESP=1
18050107	42	STIM=s
18056509	42	RESP=1
18068229	42	STIM=i
18071331	42	RESP=1
18085623	42	STIM=1
18090939	42	RESP=2
18102449	42	STIM=q
18106221	42	RESP=1
18120952	42	STIM=n
18124986	42	RESP=1
18138490	42	STIM=s
18142669	42	RESP=1
18155603	42	STIM=h
18160654	42	RESP=1
18171252	42	STIM=5
18176852	42	RESP=2
18186726	42	STIM=4
18191537	42	RESP=2
18203931	42	STIM=c
18210661	42	RESP=1
18220135	42	STIM=w
18228287	42	RESP=1
18236169	42	STIM=5
18240690	42	RESP=2
18254751	42	STIM=s
18260617	42	RESP=1
18271739	42	STIM=4
18276147	42	RESP=2
18288385	42	STIM=c
18293168	42	RESP=1
18306065	42	STIM=e
18311205	42	RESP=1
18323680	42	STIM=y
18330302	42	RESP=1
18340373	42	STIM=o
18344273	42	RESP=1
18355936	42	STIM=n
18360454	42	RESP=1
18372066	42	STIM=k
18380078	42	RESP=1
18387508	42	STIM=y
18395609	42	RESP=1
18405220	42	STIM=c
18414338	42	RESP=1
18421596	42	STIM=a
18424780	42	RESP=1
18439481	42	STIM=r
18444500	42	RESP=1
18455426	42	STIM=l
18461377	42	RESP=1
18473617	42	STIM=i
18478462	42	RESP=1
18490430	42	STIM=6
18498744	42	RESP=2
18508899	42	STIM=u
18514079	42	RESP=1
18526410	42	STIM=a
18531730	42	RESP=1
18543756	42	STIM=b
18549420	42	RESP=1
18560028	42	STIM=d
18569215	42	RESP=1
18575445	42	STIM=l
18580770	42	RESP=1
18593631	42	STIM=n
18597394	42	RESP=1
18612211	42	STIM=h
18618422	42	RESP=1
18630099	42	STIM=h
18635041	42	RESP=1
18645668	42	STIM=j
18656057	42	RESP=1
18664220	42	STIM=z
18669771	42	RESP=1
18681702	42	STIM=t
18685825	42	RESP=1
18697534	42	STIM=y
18702260	42	RESP=2
18715525	42	STIM=1
18724065	42	RESP=2
18733690	42	STIM=y
18740306	42	RESP=1
18750737	42	STIM=r
18754268	42	RESP=1
18769127	42	STIM=9
18775717	42	RESP=2
18787239	42	STIM=g
18799506	42	RESP=1
18803049	42	STIM=o
18807398	42	RESP=1
18819647	42	STIM=2
18832613	42	RESP=2
18838079	42	STIM=j
18842769	42	RESP=1
18854086	42	STIM=s
18861427	42	RESP=2
18872433	42	STIM=6
18879637	42	RESP=2
18888125	42	STIM=c
18892224	42	RESP=1
18905055	42	STIM=c
18907768	42	RESP=1
18922048	42	STIM=4
18929826	42	RESP=2
18939056	42	STIM=i
18943042	42	RESP=1
18954071	42	STIM=c
18957330	42	RESP=1
18972756	42	STIM=e
18979488	42	RESP=1
18989353	42	STIM=n
18993525	42	RESP=2
19004648	42	STIM=u
19011616	42	RESP=2
19020167	42	STIM=5
19024313	42	RESP=2
19038618	42	STIM=w
19043311	42	RESP=1
19056054	42	STIM=j
19060659	42	RESP=1
19071204	42	STIM=9
19075320	42	RESP=2
19087093	42	STIM=e
19092801	42	RESP=1
19102905	42	STIM=h
19105798	42	RESP=1
19121118	42	STIM=l
19129437	42	RESP=1
19138776	42	STIM=s
19144210	42	RESP=1
19155791	42	STIM=v
19164293	42	RESP=1
19173630	42	STIM=t
19177405	42	RESP=1
19191763	42	STIM=e
19201901	42	RESP=1
19209738	42	STIM=h
19220877	42	RESP=1
19227216	42	STIM=6
19234450	42	RESP=2
19245946	42	STIM=e
19252537	42	RESP=1
19261578	42	STIM=b
19266875	42	RESP=1
19277658	42	STIM=5
19283874	42	RESP=2
19295578	42	STIM=0
19301663	42	RESP=2
19311557	42	STIM=w
19319247	42	RESP=1
19327613	42	STIM=0
19333564	42	RESP=2
19343323	42	STIM=w
19355813	42	RESP=1
19361478	42	STIM=7
19367870	42	RESP=2
19378060	42	STIM=z
19382225	42	RESP=1
19394274	42	STIM=b
19402189	42	RESP=1
19412366	42	STIM=t
19419278	42	RESP=1
19429549	42	STIM=0
19434799	42	RESP=1
19444879	42	STIM=n
19450962	42	RESP=1
19462829	42	STIM=p
19466935	42	RESP=1
19477956	42	STIM=p
19482530	42	RESP=1
19495868	42	STIM=x
19499989	42	RESP=1
19511127	42	STIM=x
19516907	42	RESP=1
19529952	42	STIM=5
19535632	42	RESP=2
19546348	42	STIM=c
19554105	42	RESP=1
19565062	42	STIM=7
19573531	42	RESP=2
19581469	42	STIM=y
19585176	42	RESP=1
19597105	42	STIM=b
19603343	42	RESP=1
19613891	42	STIM=e
19619148	42	RESP=1
19632730	42	STIM=u
19636425	42	RESP=1
19648878	42	STIM=t
19654318	42	RESP=1
19665421	42	STIM=s
19672340	42	RESP=1
19681867	42	STIM=g
19686424	42	RESP=1
19699320	42	STIM=8
19704536	42	RESP=1
19715449	42	STIM=a
19722232	42	RESP=2
19732540	42	STIM=g
19740473	42	RESP=1
19750554	42	STIM=q
19753449	42	RESP=1
19765907	42	STIM=o
19770236	42	RESP=1
19783665	42	STIM=w
19794481	42	RESP=1
19799156	42	STIM=f
19805157	42	RESP=1
19818001	42	STIM=1
19826170	42	RESP=2
19834938	42	STIM=x
19842212	42	RESP=1
19853256	42	STIM=z
19862200	42	RESP=1
19871149	42	STIM=6
19881022	42	RESP=2
19888508	42	STIM=v
19893495	42	RESP=1
19904002	42	STIM=o
19908784	42	RESP=1
19922646	42	STIM=3
19932386	42	RESP=2
19940632	42	STIM=w
19944984	42	RESP=1
19958001	42	STIM=x
19965318	42	RESP=1
19973996	42	STIM=o
19977849	42	RESP=1
19992046	42	STIM=i
19997257	42	RESP=1
20009736	42	STIM=5
20015967	42	RESP=2
20025039	42	STIM=j
20028456	42	RESP=1
20040769	42	STIM=m
20054159	42	RESP=1
20059032	42	STIM=5
20066871	42	RESP=1
20075517	42	STIM=j
20081413	42	RESP=1
20091130	42	STIM=s
20096392	42	RESP=1
20108779	42	STIM=h
20118761	42	RESP=1
20127484	42	STIM=o
20133791	42	RESP=1
20143949	42	STIM=f
20147787	42	RESP=1
20159967	42	STIM=f
20166240	42	RESP=1
20177777	42	STIM=a
20184963	42	RESP=1
20193217	42	STIM=4
20198880	42	RESP=2
20212058	42	STIM=3
20220374	42	RESP=2
20230937	42	STIM=y
20234035	42	RESP=1
20246953	42	STIM=q
20251291	42	RESP=1
20263790	42	STIM=q
20266806	42	RESP=1
20278962	42	STIM=i
20283856	42	RESP=1
20297293	42	STIM=k
20301618	42	RESP=1
20314511	42	STIM=p
20320823	42	RESP=1
20333386	42	STIM=n
20337892	42	RESP=1
20351317	42	STIM=l
20356531	42	RESP=1
20367680	42	STIM=p
20371899	42	RESP=1
20383309	42	STIM=u
20386483	42	RESP=1
20400940	42	STIM=e
20406756	42	RESP=1
20417073	42	STIM=a
20424111	42	RESP=1
20432289	42	STIM=h
20436223	42	RESP=1
20449644	42	STIM=g
20454041	42	RESP=2
20466845	42	STIM=z
20471290	42	RESP=1
20484029	42	STIM=0
20489616	42	RESP=2
20501414	42	STIM=a
20505456	42	RESP=1
20517261	42	STIM=x
20521882	42	RESP=1
20532610	42	STIM=b
20540970	42	RESP=1
20548824	42	STIM=n
20552719	42	RESP=1
20566654	42	STIM=l
20571841	42	RESP=1
20584929	42	STIM=3
20593398	42	RESP=1
20600231	42	STIM=q
20603811	42	RESP=2
20616575	42	STIM=0
20626091	42	RESP=2
20633084	42	STIM=q
20637172	42	RESP=1
20649734	42	STIM=y
20660182	42	RESP=1
20666336	42	STIM=o
20670620	42	RESP=1
20684287	42	STIM=e
20688926	42	RESP=1
20699390	42	STIM=1
20703357	42	RESP=1
20715397	42	STIM=3
20721975	42	RESP=1
20731635	42	STIM=o
20741412	42	RESP=1
20750287	42	STIM=m
20756443	42	RESP=1
20767814	42	STIM=y
20773290	42	RESP=1
20785279	42	STIM=v
20789330	42	RESP=1
20803181	42	STIM=f
20808396	42	RESP=1
20819966	42	STIM=a
20828315	42	RESP=1
20837874	42	STIM=o
20847213	42	RESP=1
20854038	42	STIM=k
20862603	42	RESP=1
20870829	42	STIM=n
20876167	42	RESP=1
20888050	42	STIM=s
20893572	42	RESP=1
20907049	42	STIM=a
20910959	42	RESP=1
20922286	42	STIM=w
20928841	42	RESP=1
20940625	42	STIM=j
20949919	42	RESP=1
20959378	42	STIM=v
20964021	42	RESP=1
20975851	42	STIM=y
20982787	42	RESP=1
20994113	42	STIM=c
20997063	42	RESP=1
21013074	42	STIM=k
21018097	42	RESP=1
21031621	42	STIM=n
21040410	42	RESP=1
21049820	42	STIM=c
21058783	42	RESP=1
21068050	42	STIM=v
21071318	42	RESP=1
21083407	42	STIM=y
21086689	42	RESP=1
21100310	42	STIM=b
21104924	42	RESP=1
21117782	42	STIM=j
21120991	42	RESP=1
21134520	42	STIM=o
21139810	42	RESP=1
21151470	42	STIM=o
21158541	42	RESP=2
21168265	42	STIM=t
21176460	42	RESP=1
21186429	42	STIM=e
21194330	42	RESP=1
21201822	42	STIM=v
21208395	42	RESP=1
21218324	42	STIM=6
21225865	42	RESP=2
21233387	42	STIM=t
21239607	42	RESP=1
21248812	42	STIM=0
21254746	42	RESP=2
21264452	42	STIM=q
21271683	42	RESP=1
21280647	42	STIM=y
21286609	42	RESP=1
21295791	42	STIM=k
21304280	42	RESP=1
21312436	42	STIM=i
21318505	42	RESP=1
21328756	42	STIM=k
21332264	42	RESP=2
21347410	42	STIM=e
21352599	42	RESP=1
21365224	42	STIM=m
21371160	42	RESP=1
21382644	42	STIM=u
21387879	42	RESP=1
21399618	42	STIM=u
21403410	42	RESP=2
21417238	42	STIM=k
21424075	42	RESP=1
21435631	42	STIM=w
21443628	42	RESP=1
21452654	42	STIM=r
21462269	42	RESP=1
21471367	42	STIM=i
21477386	42	RESP=1
21490178	42	STIM=8
21497790	42	RESP=1
21505368	42	STIM=k
21510737	42	RESP=1
21521907	42	STIM=l
21525166	42	RESP=1
21537536	42	STIM=i
21540967	42	RESP=1
21555159	42	STIM=v
21559673	42	RESP=1
21570711	42	STIM=s
21575975	42	RESP=1
21589323	42	STIM=m
21593884	42	RESP=1
21608308	42	STIM=l
21613742	42	RESP=1
21626485	42	STIM=q
21628956	42	RESP=1
21642209	42	STIM=s
21649511	42	RESP=1
21659556	42	STIM=7
21664298	42	RESP=2
21675583	42	STIM=z
21680710	42	RESP=1
21693176	42	STIM=i
21700248	42	RESP=1
21709509	42	STIM=k
21714954	42	RESP=1
21727856	42	STIM=t
21731688	42	RESP=2
21743607	42	STIM=l
21749463	42	RESP=1
21761473	42	STIM=p
21766966	42	RESP=2
21777720	42	STIM=x
21786093	42	RESP=1
