# Original filename: 0012_EVS_2017-07-23.log
# Time unit: 100 us
# RARECAT=digit
#
# Time	HHGG	Event
28219	42	STIM=b
35930	42	RESP=1
44211	42	STIM=v
48485	42	RESP=1
61347	42	STIM=p
68345	42	RESP=1
79288	42	STIM=u
85442	42	RESP=1
95755	42	STIM=8
100741	42	RESP=2
112709	42	STIM=i
115292	42	RESP=1
131412	42	STIM=7
135393	42	RESP=1
148706	42	STIM=f
154751	42	RESP=1
165672	42	STIM=d
168642	42	RESP=1
182956	42	STIM=u
188939	42	RESP=1
201661	42	STIM=x
205756	42	RESP=1
218915	42	STIM=9
225102	42	RESP=1
236675	42	STIM=h
241519	42	RESP=1
255048	42	STIM=k
260949	42	RESP=1
271585	42	STIM=3
277282	42	RESP=2
288217	42	STIM=0
292774	42	RESP=2
306573	42	STIM=u
315112	42	RESP=1
324732	42	STIM=p
335622	42	RESP=1
339737	42	STIM=n
347152	42	RESP=1
358378	42	STIM=u
364158	42	RESP=1
377151	42	STIM=x
387132	42	RESP=1
393567	42	STIM=m
407667	42	RESP=1
411212	42	STIM=y
416802	42	RESP=1
428616	42	STIM=z
434579	42	RESP=1
446708	42	STIM=o
454447	42	RESP=1
465300	42	STIM=5
475364	42	RESP=2
482316	42	STIM=g
485792	42	RESP=1
499144	42	STIM=p
505038	42	RESP=1
517351	42	STIM=9
524747	42	RESP=2
535854	42	STIM=y
540782	42	RESP=1
551464	42	STIM=n
562240	42	RESP=1
567412	42	STIM=8
573598	42	RESP=2
583747	42	STIM=b
586709	42	RESP=1
600431	42	STIM=u
607019	42	RESP=1
617788	42	STIM=p
628433	42	RESP=1
634823	42	STIM=9
643482	42	RESP=2
653409	42	STIM=r
657959	42	RESP=1
671530	42	STIM=e
675441	42	RESP=1
687944	42	STIM=n
691665	42	RESP=1
703373	42	STIM=k
710519	42	RESP=1
719826	42	STIM=y
726708	42	RESP=2
736240	42	STIM=b
740307	42	RESP=1
752086	42	STIM=0
756755	42	RESP=2
768491	42	STIM=5
774976	42	RESP=1
784277	42	STIM=i
788635	42	RESP=1
802894	42	STIM=a
806480	42	RESP=1
821451	42	STIM=c
826108	42	RESP=1
837624	42	STIM=x
845486	42	RESP=1
853594	42	STIM=m
860749	42	RESP=1
872528	42	STIM=p
876475	42	RESP=1
891004	42	STIM=r
896847	42	RESP=1
909026	42	STIM=v
915683	42	RESP=1
926340	42	STIM=z
933209	42	RESP=1
944074	42	STIM=2
950985	42	RESP=2
959265	42	STIM=t
965750	42	RESP=1
977160	42	STIM=q
981046	42	RESP=1
992811	42	STIM=3
1003148	42	RESP=2
1011117	42	STIM=h
1015530	42	RESP=1
1028953	42	STIM=y
1034211	42	RESP=1
1045843	42	STIM=h
1049668	42	RESP=1
1063444	42	STIM=o
1067206	42	RESP=1
1082203	42	STIM=p
1091779	42	RESP=1
1099242	42	STIM=w
1104472	42	RESP=1
1116830	42	STIM=g
1121490	42	RESP=1
1132916	42	STIM=j
1139809	42	RESP=1
1148026	42	STIM=5
1153356	42	RESP=1
1165178	42	STIM=c
1169342	42	RESP=1
1180315	42	STIM=i
1188784	42	RESP=1
1197568	42	STIM=a
1203792	42	RESP=1
1213674	42	STIM=z
1216327	42	RESP=1
1229790	42	STIM=v
1236379	42	RESP=1
1245299	42	STIM=u
1250973	42	RESP=1
1263940	42	STIM=e
1273042	42	RESP=1
1282908	42	STIM=x
1288456	42	RESP=1
1298875	42	STIM=o
1303263	42	RESP=1
1314325	42	STIM=s
1319303	42	RESP=1
1331716	42	STIM=7
1337412	42	RESP=2
1349185	42	STIM=l
1353821	42	RESP=1
1366519	42	STIM=m
1370095	42	RESP=1
1382671	42	STIM=c
1387586	42	RESP=1
1400829	42	STIM=s
1406140	42	RESP=1
1417933	42	STIM=e
1422656	42	RESP=1
1436501	42	STIM=e
1447772	42	RESP=1
1454653	42	STIM=q
1459409	42	RESP=2
1471129	42	STIM=k
1475103	42	RESP=1
1487047	42	STIM=e
1493154	42	RESP=1
1504345	42	STIM=q
1510411	42	RESP=1
1521891	42	STIM=s
1532694	42	RESP=2
1537276	42	STIM=g
1543795	42	RESP=1
1555454	42	STIM=f
1561049	42	RESP=1
1571368	42	STIM=0
1578880	42	RESP=2
1587552	42	STIM=p
1594600	42	RESP=1
1605245	42	STIM=y
1609865	42	RESP=1
1621125	42	STIM=t
1626947	42	RESP=1
1637976	42	STIM=g
1645462	42	RESP=1
1653642	42	STIM=3
1661361	42	RESP=2
1669292	42	STIM=8
1679522	42	RESP=1
1686130	42	STIM=r
1691388	42	RESP=1
1702543	42	STIM=x
1708107	42	RESP=1
1720505	42	STIM=w
1725223	42	RESP=1
1736770	42	STIM=t
1744785	42	RESP=1
1755563	42	STIM=5
1767400	42	RESP=2
1773121	42	STIM=z
1777587	42	RESP=1
1790568	42	STIM=q
1793743	42	RESP=1
1806844	42	STIM=t
1812997	42	RESP=1
1822584	42	STIM=b
1830269	42	RESP=1
1840818	42	STIM=q
1846924	42	RESP=1
1859072	42	STIM=j
1862245	42	RESP=1
1876366	42	STIM=x
1881223	42	RESP=1
1891411	42	STIM=8
1896032	42	RESP=2
1910097	42	STIM=r
1913625	42	RESP=1
1927596	42	STIM=a
1936669	42	RESP=1
1943476	42	STIM=6
1952515	42	RESP=2
1958730	42	STIM=w
1966687	42	RESP=1
1973779	42	STIM=4
1980632	42	RESP=2
1990253	42	STIM=5
1998699	42	RESP=1
2005615	42	STIM=m
2010180	42	RESP=1
2020816	42	STIM=g
2024005	42	RESP=1
2037117	42	STIM=d
2044133	42	RESP=1
2053985	42	STIM=c
2056527	42	RESP=1
2071648	42	STIM=6
2077310	42	RESP=2
2090361	42	STIM=0
2097025	42	RESP=2
2107268	42	STIM=i
2115605	42	RESP=1
2125382	42	STIM=d
2130900	42	RESP=1
2143789	42	STIM=w
2149386	42	RESP=1
2158978	42	STIM=3
2166224	42	RESP=2
2177511	42	STIM=3
2184523	42	RESP=1
2195512	42	STIM=r
2203412	42	RESP=1
2213468	42	STIM=s
2218225	42	RESP=1
2231206	42	STIM=6
2237017	42	RESP=2
2246294	42	STIM=8
2254518	42	RESP=2
2263384	42	STIM=z
2271132	42	RESP=1
2279814	42	STIM=u
2283019	42	RESP=1
2295992	42	STIM=y
2300710	42	RESP=1
2313071	42	STIM=t
2319119	42	RESP=1
2330184	42	STIM=s
2335146	42	RESP=1
2346766	42	STIM=c
2359448	42	RESP=1
2362945	42	STIM=x
2370914	42	RESP=1
2379562	42	STIM=m
2384623	42	RESP=1
2398470	42	STIM=m
2406336	42	RESP=2
2416786	42	STIM=y
2423477	42	RESP=1
2435141	42	STIM=n
2440534	42	RESP=1
2453214	42	STIM=i
2460323	42	RESP=1
2472033	42	STIM=r
2476185	42	RESP=1
2490189	42	STIM=x
2493222	42	RESP=1
2505639	42	STIM=q
2508552	42	RESP=1
2524303	42	STIM=q
2528830	42	RESP=1
2541434	42	STIM=f
2544163	42	RESP=1
2559053	42	STIM=k
2562793	42	RESP=1
2577474	42	STIM=o
2582546	42	RESP=2
2594048	42	STIM=o
2598759	42	RESP=1
2609871	42	STIM=k
2614061	42	RESP=1
2626908	42	STIM=x
2633528	42	RESP=1
2644445	42	STIM=1
2651774	42	RESP=2
2661940	42	STIM=t
2667047	42	RESP=1
2680500	42	STIM=g
2688744	42	RESP=1
2697617	42	STIM=c
2701012	42	RESP=1
2713844	42	STIM=w
2717236	42	RESP=1
2730691	42	STIM=p
2735839	42	RESP=1
2746817	42	STIM=p
2750923	42	RESP=1
2763361	42	STIM=x
2768189	42	RESP=1
2780724	42	STIM=8
2789099	42	RESP=2
2796946	42	STIM=d
2804874	42	RESP=1
2815791	42	STIM=j
2821188	42	RESP=1
2832963	42	STIM=o
2836072	42	RESP=1
2850150	42	STIM=j
2858256	42	RESP=1
2867081	42	STIM=r
2874630	42	RESP=1
2882986	42	STIM=i
2887981	42	RESP=1
2899424	42	STIM=e
2906870	42	RESP=1
2917741	42	STIM=t
2922863	42	RESP=1
2934256	42	STIM=n
2939389	42	RESP=1
2953017	42	STIM=p
2956319	42	RESP=1
2968921	42	STIM=h
2978760	42	RESP=1
2984707	42	STIM=k
2991061	42	RESP=1
3001856	42	STIM=w
3010249	42	RESP=1
3019154	42	STIM=4
3030124	42	RESP=2
3036919	42	STIM=z
3043596	42	RESP=1
3052984	42	STIM=t
3058653	42	RESP=1
3071268	42	STIM=y
3078030	42	RESP=1
3088588	42	STIM=4
3096578	42	RESP=2
3103875	42	STIM=h
3110423	42	RESP=1
3122703	42	STIM=n
3126514	42	RESP=1
3137874	42	STIM=r
3141255	42	RESP=1
3155357	42	STIM=o
3159156	42	RESP=2
3171004	42	STIM=j
3180290	42	RESP=1
3189783	42	STIM=r
3195228	42	RESP=2
3205934	42	STIM=6
3210434	42	RESP=2
3223964	42	STIM=5
3229722	42	RESP=1
3242921	42	STIM=4
3254031	42	RESP=2
3261549	42	STIM=c
3273486	42	RESP=1
3279827	42	STIM=v
3290261	42	RESP=1
3296940	42	STIM=f
3300879	42	RESP=2
3315145	42	STIM=g
3323221	42	RESP=1
3332755	42	STIM=4
3341480	42	RESP=2
3351301	42	STIM=p
3357661	42	RESP=1
3367809	42	STIM=9
3372945	42	RESP=1
3385524	42	STIM=g
3387862	42	RESP=1
3404312	42	STIM=4
3412611	42	RESP=1
3422234	42	STIM=q
3426123	42	RESP=1
3438513	42	STIM=8
3444329	42	RESP=2
3454519	42	STIM=3
3460354	42	RESP=2
3472796	42	STIM=h
3479864	42	RESP=1
3489554	42	STIM=t
3494342	42	RESP=1
3508056	42	STIM=3
3515349	42	RESP=2
3523969	42	STIM=u
3530479	42	RESP=2
3541829	42	STIM=6
3550761	42	RESP=2
3559703	42	STIM=i
3563894	42	RESP=1
3575102	42	STIM=0
3583405	42	RESP=2
3591247	42	STIM=3
3601787	42	RESP=2
3606380	42	STIM=6
3613377	42	RESP=2
3622255	42	STIM=t
3628521	42	RESP=1
3639621	42	STIM=b
3646212	42	RESP=1
3658515	42	STIM=b
3661931	42	RESP=1
3674156	42	STIM=k
3678973	42	RESP=1
3689717	42	STIM=y
3693901	42	RESP=1
3706582	42	STIM=w
3710683	42	RESP=1
3723412	42	STIM=i
3734347	42	RESP=1
3740098	42	STIM=o
3743021	42	RESP=1
3755248	42	STIM=m
3762639	42	RESP=1
3773991	42	STIM=0
3780013	42	RESP=2
3790045	42	STIM=w
3793027	42	RESP=1
3805276	42	STIM=2
3811471	42	RESP=2
3822335	42	STIM=9
3827708	42	RESP=2
3837595	42	STIM=y
3843282	42	RESP=1
3853347	42	STIM=f
3858886	42	RESP=1
3869577	42	STIM=5
3874085	42	RESP=2
3886808	42	STIM=o
3893246	42	RESP=1
3905329	42	STIM=0
3914733	42	RESP=1
3920574	42	STIM=v
3924216	42	RESP=1
3935849	42	STIM=8
3944310	42	RESP=1
3953043	42	STIM=g
3957959	42	RESP=1
3970948	42	STIM=w
3982936	42	RESP=1
3986581	42	STIM=b
3993606	42	RESP=1
4002195	42	STIM=x
4008206	42	RESP=1
4020667	42	STIM=a
4024749	42	RESP=1
4036065	42	STIM=s
4042214	42	RESP=2
4051372	42	STIM=b
4054528	42	RESP=1
4070208	42	STIM=b
4077282	42	RESP=1
4085442	42	STIM=v
4089380	42	RESP=1
4102768	42	STIM=c
4107182	42	RESP=1
4121405	42	STIM=c
4126154	42	RESP=1
4138167	42	STIM=l
4145473	42	RESP=1
4155960	42	STIM=b
4160088	42	RESP=1
4172072	42	STIM=p
4174956	42	RESP=1
4187612	42	STIM=r
4195158	42	RESP=1
4204577	42	STIM=u
4210251	42	RESP=1
4221942	42	STIM=6
4226268	42	RESP=2
4238914	42	STIM=v
4244768	42	RESP=1
4254978	42	STIM=n
4259430	42	RESP=1
4270375	42	STIM=e
4274562	42	RESP=1
4285682	42	STIM=0
4289967	42	RESP=2
4301143	42	STIM=u
4306608	42	RESP=1
4317685	42	STIM=d
4322325	42	RESP=1
4333372	42	STIM=2
4339426	42	RESP=2
4349514	42	STIM=v
4355426	42	RESP=1
4367014	42	STIM=1
4376482	42	RESP=2
4382617	42	STIM=c
4386941	42	RESP=1
4397678	42	STIM=o
4401529	42	RESP=2
4414345	42	STIM=w
4417376	42	RESP=1
4430481	42	STIM=1
4436009	42	RESP=2
4447686	42	STIM=n
4453671	42	RESP=2
4463004	42	STIM=v
4466605	42	RESP=1
4481294	42	STIM=p
4485760	42	RESP=1
4499949	42	STIM=h
4503478	42	RESP=1
4516803	42	STIM=x
4521960	42	RESP=1
4532364	42	STIM=o
4544611	42	RESP=1
4548915	42	STIM=m
4553684	42	RESP=1
4567570	42	STIM=e
4572863	42	RESP=1
4582591	42	STIM=w
4588535	42	RESP=1
4601451	42	STIM=n
4608535	42	RESP=1
4618348	42	STIM=z
4624145	42	RESP=1
4635756	42	STIM=k
4643490	42	RESP=1
4654608	42	STIM=o
4659299	42	RESP=2
4672186	42	STIM=z
4678670	42	RESP=1
4688245	42	STIM=d
4696100	42	RESP=1
4704531	42	STIM=7
4709187	42	RESP=2
4721600	42	STIM=y
4726458	42	RESP=1
4738443	42	STIM=x
4745085	42	RESP=1
4755195	42	STIM=u
4762511	42	RESP=1
4774007	42	STIM=0
4782110	42	RESP=2
4791411	42	STIM=n
4795846	42	RESP=1
4808218	42	STIM=c
4822552	42	RESP=1
4825180	42	STIM=q
4829596	42	RESP=1
4843099	42	STIM=0
4857317	42	RESP=2
4859364	42	STIM=q
4862586	42	RESP=1
4875729	42	STIM=b
4880131	42	RESP=1
4894489	42	STIM=u
4899938	42	RESP=1
4913347	42	STIM=3
4919007	42	RESP=2
4930432	42	STIM=p
4933508	42	RESP=1
4946505	42	STIM=4
4953141	42	RESP=1
4963346	42	STIM=x
4971177	42	RESP=1
4981133	42	STIM=h
4985863	42	RESP=1
4996784	42	STIM=e
5002376	42	RESP=1
5012903	42	STIM=u
5021477	42	RESP=1
5031735	42	STIM=v
5037978	42	RESP=1
5049975	42	STIM=w
5057782	42	RESP=1
5067942	42	STIM=x
5073442	42	RESP=1
5085564	42	STIM=0
5093244	42	RESP=2
5103421	42	STIM=d
5114399	42	RESP=1
5122254	42	STIM=p
5130579	42	RESP=1
5138645	42	STIM=8
5143160	42	RESP=2
5156354	42	STIM=8
5163518	42	RESP=1
5172795	42	STIM=9
5179679	42	RESP=1
5191563	42	STIM=g
5198024	42	RESP=1
5207726	42	STIM=a
5213243	42	RESP=1
5224640	42	STIM=r
5228840	42	RESP=1
5240318	42	STIM=g
5245092	42	RESP=1
5257069	42	STIM=j
5263550	42	RESP=1
5272742	42	STIM=j
5278649	42	RESP=1
5291050	42	STIM=k
5298861	42	RESP=1
5308202	42	STIM=v
5311196	42	RESP=1
5327086	42	STIM=a
5334352	42	RESP=1
5342305	42	STIM=c
5351778	42	RESP=1
5359813	42	STIM=g
5366345	42	RESP=1
5375613	42	STIM=2
5381331	42	RESP=2
5392480	42	STIM=x
5396430	42	RESP=1
5408831	42	STIM=g
5414799	42	RESP=1
5427200	42	STIM=u
5431404	42	RESP=1
5445691	42	STIM=2
5449997	42	RESP=2
5463804	42	STIM=e
5470746	42	RESP=1
5478836	42	STIM=e
5483923	42	RESP=1
5497197	42	STIM=c
5501602	42	RESP=1
5513519	42	STIM=x
5521818	42	RESP=1
5529727	42	STIM=1
5535184	42	RESP=2
5547351	42	STIM=j
5553045	42	RESP=1
5565904	42	STIM=5
5572463	42	RESP=1
5584725	42	STIM=u
5590068	42	RESP=1
5602338	42	STIM=j
5610331	42	RESP=1
5618307	42	STIM=6
5625524	42	RESP=2
5636917	42	STIM=f
5641426	42	RESP=1
5652749	42	STIM=5
5659020	42	RESP=1
5671516	42	STIM=6
5677969	42	RESP=2
5687297	42	STIM=x
5697631	42	RESP=1
5706231	42	STIM=4
5714536	42	RESP=2
5723510	42	STIM=5
5727772	42	RESP=2
5740883	42	STIM=f
5748035	42	RESP=1
5757432	42	STIM=3
5764273	42	RESP=2
5775965	42	STIM=b
5784180	42	RESP=1
5791606	42	STIM=g
5798605	42	RESP=1
5807971	42	STIM=o
5813428	42	RESP=1
5826284	42	STIM=k
5829217	42	RESP=1
5843491	42	STIM=x
5848817	42	RESP=1
5860303	42	STIM=m
5869858	42	RESP=1
5877393	42	STIM=r
5884225	42	RESP=1
5896298	42	STIM=j
5900502	42	RESP=1
5914155	42	STIM=l
5922748	42	RESP=1
5932506	42	STIM=m
5939722	42	RESP=2
5950652	42	STIM=g
5956719	42	RESP=1
5968228	42	STIM=3
5973871	42	RESP=1
5987014	42	STIM=7
5993347	42	RESP=2
6003493	42	STIM=d
6010488	42	RESP=1
6022393	42	STIM=7
6027769	42	RESP=2
6039165	42	STIM=m
6047548	42	RESP=1
6055603	42	STIM=j
6059066	42	RESP=1
6071011	42	STIM=p
6075595	42	RESP=1
6087522	42	STIM=i
6093494	42	RESP=1
6105033	42	STIM=a
6109092	42	RESP=1
6122844	42	STIM=t
6126695	42	RESP=1
6137866	42	STIM=a
6142077	42	RESP=1
6153815	42	STIM=l
6158441	42	RESP=1
6169329	42	STIM=l
6174780	42	RESP=1
6187854	42	STIM=s
6194363	42	RESP=1
6203662	42	STIM=4
6207809	42	RESP=2
6219684	42	STIM=m
6224923	42	RESP=1
6237977	42	STIM=4
6249091	42	RESP=2
6255481	42	STIM=o
6259028	42	RESP=1
6273880	42	STIM=q
6279948	42	RESP=1
6290766	42	STIM=n
6297937	42	RESP=2
6309645	42	STIM=q
6313417	42	RESP=1
6327253	42	STIM=k
6330902	42	RESP=1
6345333	42	STIM=m
6348910	42	RESP=1
6363318	42	STIM=j
6368419	42	RESP=1
6379378	42	STIM=v
6384587	42	RESP=1
6397247	42	STIM=z
6401754	42	RESP=1
6413189	42	STIM=0
6417086	42	RESP=1
6429739	42	STIM=d
6440400	42	RESP=1
6446812	42	STIM=z
6450047	42	RESP=1
6464894	42	STIM=6
6473141	42	RESP=2
6482488	42	STIM=l
6489297	42	RESP=1
6500488	42	STIM=w
6506655	42	RESP=2
6517593	42	STIM=e
6522613	42	RESP=1
6536253	42	STIM=f
6547106	42	RESP=2
6553706	42	STIM=e
6561021	42	RESP=1
6571501	42	STIM=3
6576759	42	RESP=2
6590129	42	STIM=k
6598765	42	RESP=1
6608976	42	STIM=w
6615408	42	RESP=1
6626200	42	STIM=c
6633727	42	RESP=1
6643658	42	STIM=i
6648908	42	RESP=1
6659144	42	STIM=h
6665118	42	RESP=1
6674519	42	STIM=n
6684071	42	RESP=1
6691761	42	STIM=r
6695552	42	RESP=1
6707971	42	STIM=g
6717748	42	RESP=1
6726026	42	STIM=e
6730898	42	RESP=1
6742331	42	STIM=x
6749503	42	RESP=1
6759024	42	STIM=i
6764084	42	RESP=1
6776797	42	STIM=m
6781147	42	RESP=1
6791883	42	STIM=b
6798300	42	RESP=1
6808912	42	STIM=h
6813763	42	RESP=1
6824152	42	STIM=x
6835280	42	RESP=1
6840424	42	STIM=0
6846428	42	RESP=2
6858074	42	STIM=3
6867439	42	RESP=1
6873226	42	STIM=p
6879169	42	RESP=1
6891209	42	STIM=7
6896695	42	RESP=2
6908444	42	STIM=a
6915240	42	RESP=1
6924949	42	STIM=l
6931777	42	RESP=1
6941022	42	STIM=u
6948503	42	RESP=1
6958349	42	STIM=p
6962494	42	RESP=1
6975696	42	STIM=e
6982179	42	RESP=1
6993287	42	STIM=w
6999268	42	RESP=1
7009675	42	STIM=n
7014420	42	RESP=1
7027098	42	STIM=a
7032644	42	RESP=1
7043796	42	STIM=5
7049563	42	RESP=2
7061934	42	STIM=s
7069323	42	RESP=1
7078593	42	STIM=f
7085231	42	RESP=1
7094908	42	STIM=k
7097760	42	RESP=1
7111745	42	STIM=u
7121576	42	RESP=1
7130117	42	STIM=r
7134935	42	RESP=1
7145480	42	STIM=x
7151176	42	RESP=1
7161572	42	STIM=d
7173424	42	RESP=1
7176926	42	STIM=5
7183207	42	RESP=2
7194896	42	STIM=5
7201317	42	RESP=1
7210649	42	STIM=d
7217291	42	RESP=1
7228681	42	STIM=l
7234063	42	RESP=1
7246784	42	STIM=c
7252431	42	RESP=1
7262579	42	STIM=h
7268395	42	RESP=1
7278388	42	STIM=5
7288937	42	RESP=1
7293821	42	STIM=l
7305007	42	RESP=1
7312812	42	STIM=e
7318370	42	RESP=1
7328674	42	STIM=2
7333701	42	RESP=2
7347281	42	STIM=h
7352993	42	RESP=1
7366058	42	STIM=v
7370869	42	RESP=1
7384077	42	STIM=q
7388578	42	RESP=1
7399937	42	STIM=t
7405160	42	RESP=1
7416329	42	STIM=s
7420968	42	RESP=1
7433794	42	STIM=7
7440557	42	RESP=2
7449568	42	STIM=m
7453354	42	RESP=1
7465989	42	STIM=x
7474079	42	RESP=1
7482076	42	STIM=w
7490939	42	RESP=1
7497237	42	STIM=o
7501193	42	RESP=1
7513166	42	STIM=b
7519232	42	RESP=1
7531600	42	STIM=v
7542768	42	RESP=1
7548274	42	STIM=j
7552273	42	RESP=1
7565359	42	STIM=m
7570440	42	RESP=1
7583010	42	STIM=a
7588037	42	RESP=1
7598387	42	STIM=r
7602506	42	RESP=1
7614944	42	STIM=l
7621902	42	RESP=1
7631549	42	STIM=2
7636718	42	RESP=2
7649502	42	STIM=i
7658095	42	RESP=1
7665129	42	STIM=c
7670506	42	RESP=1
7681935	42	STIM=a
7686874	42	RESP=1
7699788	42	STIM=3
7708160	42	RESP=2
7716421	42	STIM=q
7721715	42	RESP=1
7735296	42	STIM=z
7740061	42	RESP=1
7754200	42	STIM=z
7758655	42	RESP=1
7770554	42	STIM=k
7781422	42	RESP=2
7786844	42	STIM=3
7792883	42	RESP=2
7802055	42	STIM=m
7805816	42	RESP=1
7820345	42	STIM=a
7824922	42	RESP=1
7838001	42	STIM=j
7841750	42	RESP=1
7853931	42	STIM=p
7859246	42	RESP=1
7871983	42	STIM=y
7878486	42	RESP=1
7887574	42	STIM=i
7893610	42	RESP=1
7902883	42	STIM=8
7909297	42	RESP=2
7919007	42	STIM=6
7924602	42	RESP=2
7937716	42	STIM=q
7943760	42	RESP=1
7956232	42	STIM=d
7963169	42	RESP=1
7974675	42	STIM=h
7979928	42	RESP=1
7993456	42	STIM=y
7999253	42	RESP=1
8009686	42	STIM=y
8017643	42	RESP=1
8028439	42	STIM=j
8035397	42	RESP=1
8043446	42	STIM=9
8051998	42	RESP=2
8061791	42	STIM=h
8070018	42	RESP=1
8079461	42	STIM=1
8083535	42	RESP=1
8096635	42	STIM=v
8101202	42	RESP=1
8114929	42	STIM=i
8120245	42	RESP=1
8130710	42	STIM=o
8136624	42	RESP=1
8149115	42	STIM=a
8155449	42	RESP=1
8164124	42	STIM=3
8169845	42	RESP=2
8181541	42	STIM=d
8186671	42	RESP=1
8197855	42	STIM=4
8206623	42	RESP=2
8213280	42	STIM=7
8219361	42	RESP=2
8230673	42	STIM=i
8236487	42	RESP=1
8247638	42	STIM=j
8253856	42	RESP=1
8263830	42	STIM=l
8269809	42	RESP=2
8279693	42	STIM=6
8287404	42	RESP=1
8296333	42	STIM=i
8305476	42	RESP=1
8315238	42	STIM=9
8320400	42	RESP=2
8334167	42	STIM=u
8341723	42	RESP=1
8351082	42	STIM=l
8358728	42	RESP=1
8366271	42	STIM=r
8370973	42	RESP=1
8384112	42	STIM=h
8387962	42	RESP=1
8400955	42	STIM=p
8405225	42	RESP=1
8416909	42	STIM=h
8424166	42	RESP=1
8435644	42	STIM=y
8442294	42	RESP=1
8451867	42	STIM=w
8455386	42	RESP=1
8467146	42	STIM=n
8471480	42	RESP=1
8484544	42	STIM=x
8492295	42	RESP=1
8500018	42	STIM=k
8504146	42	RESP=1
8515898	42	STIM=o
8519269	42	RESP=1
8533250	42	STIM=7
8542150	42	RESP=2
8548682	42	STIM=r
8552839	42	RESP=1
8566066	42	STIM=6
8571033	42	RESP=2
8581080	42	STIM=k
8584679	42	RESP=1
8597821	42	STIM=z
8601926	42	RESP=1
8616108	42	STIM=d
8622788	42	RESP=1
8633760	42	STIM=g
8643824	42	RESP=1
8651594	42	STIM=o
8658167	42	RESP=1
8669510	42	STIM=k
8676207	42	RESP=1
8688220	42	STIM=d
8691869	42	RESP=1
8707186	42	STIM=d
8710624	42	RESP=1
8723750	42	STIM=i
8729781	42	RESP=1
8739298	42	STIM=l
8746759	42	RESP=1
8754997	42	STIM=j
8760335	42	RESP=1
8772788	42	STIM=8
8777959	42	RESP=2
8789639	42	STIM=s
8801231	42	RESP=1
8806946	42	STIM=l
8811253	42	RESP=1
8822115	42	STIM=o
8827295	42	RESP=1
8840317	42	STIM=z
8851080	42	RESP=1
8855464	42	STIM=h
8860337	42	RESP=1
8871389	42	STIM=2
8876383	42	RESP=2
8889663	42	STIM=d
8893154	42	RESP=1
8905562	42	STIM=n
8911894	42	RESP=1
8921001	42	STIM=x
8925968	42	RESP=1
8936015	42	STIM=k
8944059	42	RESP=1
8952001	42	STIM=y
8959470	42	RESP=1
8968872	42	STIM=u
8973158	42	RESP=1
8987308	42	STIM=a
8994691	42	RESP=1
9003143	42	STIM=m
9006617	42	RESP=2
9019098	42	STIM=q
9023605	42	RESP=1
9034896	42	STIM=z
9041499	42	RESP=1
9053274	42	STIM=j
9062116	42	RESP=1
9069157	42	STIM=x
9078052	42	RESP=2
9084901	42	STIM=3
9090010	42	RESP=2
9100630	42	STIM=3
9110819	42	RESP=2
9117900	42	STIM=m
9126771	42	RESP=1
9136496	42	STIM=l
9140745	42	RESP=1
9154728	42	STIM=f
9159304	42	RESP=1
9172139	42	STIM=l
9177370	42	RESP=1
9188983	42	STIM=f
9193535	42	RESP=1
9206712	42	STIM=u
9214848	42	RESP=1
9224662	42	STIM=p
9239123	42	RESP=1
9242511	42	STIM=0
9248365	42	RESP=2
9257617	42	STIM=n
9266278	42	RESP=1
9275303	42	STIM=h
9281878	42	RESP=1
9290552	42	STIM=4
9297592	42	RESP=2
9308736	42	STIM=3
9312482	42	RESP=2
9324866	42	STIM=z
9332689	42	RESP=1
9340567	42	STIM=z
9346321	42	RESP=1
9357358	42	STIM=o
9366252	42	RESP=1
9374765	42	STIM=l
9382571	42	RESP=1
9391149	42	STIM=u
9394801	42	RESP=1
9408931	42	STIM=g
9414025	42	RESP=1
9425438	42	STIM=r
9429449	42	RESP=2
9443680	42	STIM=v
9447390	42	RESP=1
9460254	42	STIM=4
9466314	42	RESP=2
9478384	42	STIM=4
9485966	42	RESP=2
9495848	42	STIM=q
9500259	42	RESP=1
9512013	42	STIM=i
9518030	42	RESP=1
9528539	42	STIM=d
9537901	42	RESP=1
9544615	42	STIM=z
9549205	42	RESP=1
9562589	42	STIM=d
9570346	42	RESP=2
9580573	42	STIM=a
9590054	42	RESP=1
9597884	42	STIM=2
9603961	42	RESP=2
9614330	42	STIM=u
9620941	42	RESP=1
9633058	42	STIM=9
9638513	42	RESP=1
9650558	42	STIM=q
9662280	42	RESP=1
9667657	42	STIM=d
9673129	42	RESP=1
9683631	42	STIM=r
9690424	42	RESP=1
9702092	42	STIM=d
9707073	42	RESP=1
9720675	42	STIM=8
9726602	42	RESP=2
9739453	42	STIM=w
9745159	42	RESP=2
9754723	42	STIM=8
9759197	42	RESP=2
9773500	42	STIM=a
9776455	42	RESP=1
9789978	42	STIM=5
9796109	42	RESP=2
9806032	42	STIM=o
9811756	42	RESP=1
9822219	42	STIM=8
9826363	42	RESP=2
9839735	42	STIM=5
9844870	42	RESP=2
9854912	42	STIM=z
9859348	42	RESP=1
9871971	42	STIM=5
9879167	42	RESP=2
9890526	42	STIM=n
9898532	42	RESP=1
9907203	42	STIM=f
9913635	42	RESP=1
9922564	42	STIM=0
9929415	42	RESP=2
9939278	42	STIM=e
9942114	42	RESP=1
9955759	42	STIM=j
9958984	42	RESP=2
9971464	42	STIM=c
9977925	42	RESP=1
9987475	42	STIM=a
9993767	42	RESP=1
10004147	42	STIM=n
10009022	42	RESP=1
10021805	42	STIM=b
10027555	42	RESP=1
10037331	42	STIM=g
10043655	42	RESP=1
10052719	42	STIM=7
10062074	42	RESP=2
10068351	42	STIM=o
10073773	42	RESP=1
10083932	42	STIM=v
10092385	42	RESP=1
10100079	42	STIM=c
10104792	42	RESP=1
10118910	42	STIM=t
10126039	42	RESP=1
10135760	42	STIM=d
10141209	42	RESP=1
10151543	42	STIM=m
10158243	42	RESP=1
10168065	42	STIM=a
10170994	42	RESP=1
10183637	42	STIM=f
10188506	42	RESP=1
10200347	42	STIM=u
10207349	42	RESP=2
10216752	42	STIM=b
10219987	42	RESP=1
10234194	42	STIM=0
10239671	42	RESP=2
10252875	42	STIM=9
10258073	42	RESP=2
10270784	42	STIM=z
10278667	42	RESP=1
10287560	42	STIM=t
10291223	42	RESP=1
10303136	42	STIM=r
10306708	42	RESP=1
10319240	42	STIM=g
10324787	42	RESP=1
10335670	42	STIM=6
10339637	42	RESP=2
10351234	42	STIM=e
10354948	42	RESP=1
10368188	42	STIM=g
10374679	42	RESP=1
10383804	42	STIM=4
10394928	42	RESP=1
10401865	42	STIM=j
10408680	42	RESP=1
10419734	42	STIM=2
10426028	42	RESP=2
10436525	42	STIM=n
10443154	42	RESP=1
10454174	42	STIM=9
10466698	42	RESP=2
10471557	42	STIM=y
10474659	42	RESP=1
10490085	42	STIM=x
10494487	42	RESP=1
10505623	42	STIM=1
10515724	42	RESP=2
10524432	42	STIM=p
10529929	42	RESP=1
10539739	42	STIM=v
10543296	42	RESP=2
10555890	42	STIM=5
10560395	42	RESP=1
10573025	42	STIM=u
10577738	42	RESP=1
10590430	42	STIM=i
10596685	42	RESP=1
10608548	42	STIM=0
10613744	42	RESP=2
10624777	42	STIM=d
10636857	42	RESP=1
10640444	42	STIM=i
10644739	42	RESP=1
10658176	42	STIM=g
10663142	42	RESP=1
10674553	42	STIM=d
10677688	42	RESP=1
10690967	42	STIM=h
10698082	42	RESP=1
10709771	42	STIM=q
10715265	42	RESP=1
10727098	42	STIM=8
10732237	42	RESP=2
10745493	42	STIM=5
10751666	42	RESP=2
10762873	42	STIM=e
10767366	42	RESP=1
10780571	42	STIM=q
10785147	42	RESP=1
10798950	42	STIM=t
10803620	42	RESP=1
10813993	42	STIM=n
10818844	42	RESP=1
10831309	42	STIM=5
10837683	42	RESP=2
10847934	42	STIM=5
10854061	42	RESP=2
10864362	42	STIM=f
10872902	42	RESP=1
10883062	42	STIM=g
10889551	42	RESP=1
10900974	42	STIM=2
10905821	42	RESP=2
10916042	42	STIM=7
10925811	42	RESP=2
10931156	42	STIM=0
10937620	42	RESP=2
10949939	42	STIM=9
10958985	42	RESP=2
10968136	42	STIM=h
10973158	42	RESP=1
10985380	42	STIM=p
10991959	42	RESP=1
11001458	42	STIM=h
11008989	42	RESP=1
11020356	42	STIM=a
11023250	42	RESP=1
11035970	42	STIM=q
11040765	42	RESP=1
11051426	42	STIM=e
11055985	42	RESP=1
11066479	42	STIM=7
11075294	42	RESP=2
11082801	42	STIM=z
11087633	42	RESP=1
11101297	42	STIM=t
11109687	42	RESP=1
11119349	42	STIM=q
11123369	42	RESP=1
11134372	42	STIM=2
11140004	42	RESP=2
11151101	42	STIM=n
11157237	42	RESP=1
11168045	42	STIM=l
11172994	42	RESP=1
11185504	42	STIM=v
11189835	42	RESP=1
11201310	42	STIM=4
11212447	42	RESP=2
11218045	42	STIM=x
11224081	42	RESP=1
11234727	42	STIM=s
11237905	42	RESP=1
11251699	42	STIM=s
11254536	42	RESP=1
11270433	42	STIM=o
11276987	42	RESP=1
11285781	42	STIM=z
11291185	42	RESP=1
11302030	42	STIM=2
11308087	42	RESP=2
11318012	42	STIM=r
11324077	42	RESP=2
11334082	42	STIM=j
11338861	42	RESP=1
11349417	42	STIM=m
11354904	42	RESP=1
11366069	42	STIM=c
11374875	42	RESP=2
11382243	42	STIM=u
11387237	42	RESP=1
11397527	42	STIM=o
11401771	42	RESP=1
11415889	42	STIM=a
11421059	42	RESP=1
11431511	42	STIM=d
11437933	42	RESP=1
11448543	42	STIM=s
11452888	42	RESP=1
11464330	42	STIM=v
11474933	42	RESP=1
11482580	42	STIM=c
11494158	42	RESP=1
11498809	42	STIM=k
11503840	42	RESP=1
11513974	42	STIM=t
11520003	42	RESP=1
11532367	42	STIM=u
11536451	42	RESP=1
11547449	42	STIM=d
11550245	42	RESP=1
11562828	42	STIM=6
11569148	42	RESP=2
11580407	42	STIM=g
11586609	42	RESP=2
11597393	42	STIM=z
11602825	42	RESP=2
11614300	42	STIM=t
11617881	42	RESP=1
11632097	42	STIM=y
11635847	42	RESP=1
11648351	42	STIM=8
11653732	42	RESP=2
11665131	42	STIM=i
11671925	42	RESP=1
11683102	42	STIM=t
11687196	42	RESP=1
11699146	42	STIM=u
11704164	42	RESP=1
11717564	42	STIM=u
11724756	42	RESP=1
11733434	42	STIM=u
11740303	42	RESP=1
11750273	42	STIM=8
11758421	42	RESP=2
11767259	42	STIM=d
11776678	42	RESP=1
11784414	42	STIM=e
11788232	42	RESP=1
11799672	42	STIM=j
11808354	42	RESP=1
11816328	42	STIM=z
11820773	42	RESP=1
11831577	42	STIM=k
11837248	42	RESP=1
11850050	42	STIM=g
11853123	42	RESP=1
11866129	42	STIM=j
11871605	42	RESP=1
11884874	42	STIM=6
11890048	42	RESP=2
11903644	42	STIM=x
11909207	42	RESP=1
11920339	42	STIM=t
11923360	42	RESP=1
11936744	42	STIM=l
11945275	42	RESP=1
11951872	42	STIM=y
11957597	42	RESP=1
11968691	42	STIM=c
11973922	42	RESP=1
11983832	42	STIM=m
11989525	42	RESP=1
12000303	42	STIM=v
12006599	42	RESP=1
12015347	42	STIM=a
12020657	42	RESP=1
12033792	42	STIM=f
12039412	42	RESP=1
12050449	42	STIM=i
12054113	42	RESP=1
12068992	42	STIM=m
12073011	42	RESP=1
12085180	42	STIM=a
12088548	42	RESP=1
12103162	42	STIM=w
12109237	42	RESP=2
12121091	42	STIM=z
12126422	42	RESP=1
12140014	42	STIM=h
12144022	42	RESP=1
12158553	42	STIM=0
12164413	42	RESP=1
12176836	42	STIM=a
12183281	42	RESP=1
12192018	42	STIM=4
12198762	42	RESP=2
12207908	42	STIM=d
12214019	42	RESP=1
12226716	42	STIM=x
12231957	42	RESP=1
12245346	42	STIM=s
12248940	42	RESP=1
12261931	42	STIM=p
12266139	42	RESP=1
12280049	42	STIM=c
12283408	42	RESP=1
12295763	42	STIM=k
12301854	42	RESP=1
12311693	42	STIM=7
12320991	42	RESP=1
12327121	42	STIM=p
12333227	42	RESP=1
12345056	42	STIM=8
12356342	42	RESP=2
12362151	42	STIM=f
12368425	42	RESP=1
12380421	42	STIM=o
12383401	42	RESP=1
12397704	42	STIM=d
12408435	42	RESP=1
12415564	42	STIM=p
12419757	42	RESP=1
12430605	42	STIM=p
12435387	42	RESP=2
12449521	42	STIM=q
12456030	42	RESP=1
12468273	42	STIM=h
12473723	42	RESP=1
12483363	42	STIM=r
12489721	42	RESP=1
12501239	42	STIM=2
12508373	42	RESP=2
12517606	42	STIM=e
12521068	42	RESP=1
12533289	42	STIM=p
12538860	42	RESP=1
12550104	42	STIM=5
12556593	42	RESP=2
12565478	42	STIM=a
12572117	42	RESP=1
12580871	42	STIM=s
12588649	42	RESP=1
12596687	42	STIM=7
12601001	42	RESP=2
12614537	42	STIM=t
12618215	42	RESP=1
12632943	42	STIM=z
12642316	42	RESP=2
12651549	42	STIM=f
12661792	42	RESP=1
12670115	42	STIM=f
12674374	42	RESP=1
12685395	42	STIM=0
12694073	42	RESP=2
12703479	42	STIM=q
12711598	42	RESP=1
12719691	42	STIM=a
12726245	42	RESP=1
12737535	42	STIM=t
12741740	42	RESP=1
12752618	42	STIM=i
12759662	42	RESP=1
12768402	42	STIM=o
12774825	42	RESP=1
12784694	42	STIM=a
12789990	42	RESP=1
12803442	42	STIM=c
12812018	42	RESP=1
12818596	42	STIM=5
12826926	42	RESP=2
12836342	42	STIM=1
12841171	42	RESP=1
12851436	42	STIM=n
12854880	42	RESP=1
12868220	42	STIM=w
12874134	42	RESP=1
12884505	42	STIM=f
12889866	42	RESP=1
12901015	42	STIM=9
12907895	42	RESP=2
12916995	42	STIM=l
12925306	42	RESP=1
12935687	42	STIM=d
12941457	42	RESP=1
12952532	42	STIM=c
12964578	42	RESP=1
12967616	42	STIM=g
12971146	42	RESP=1
12984973	42	STIM=i
12991183	42	RESP=1
13000967	42	STIM=i
13005871	42	RESP=1
13018764	42	STIM=5
13028926	42	RESP=2
13034248	42	STIM=z
13040138	42	RESP=1
13050777	42	STIM=o
13054941	42	RESP=1
13067382	42	STIM=m
13072980	42	RESP=2
13085218	42	STIM=g
13088059	42	RESP=1
13102371	42	STIM=0
13111489	42	RESP=1
13120375	42	STIM=n
13123535	42	RESP=1
13135479	42	STIM=b
13141188	42	RESP=1
13152299	42	STIM=x
13156559	42	RESP=1
13167465	42	STIM=r
13174503	42	RESP=1
13183724	42	STIM=p
13186915	42	RESP=1
13201062	42	STIM=g
13207526	42	RESP=2
13219817	42	STIM=k
13225921	42	RESP=1
13235883	42	STIM=u
13239765	42	RESP=1
13250993	42	STIM=t
13253491	42	RESP=1
13267812	42	STIM=6
13273678	42	RESP=2
13284810	42	STIM=r
13291351	42	RESP=1
13301474	42	STIM=c
13305652	42	RESP=1
13318116	42	STIM=a
13323052	42	RESP=1
13333761	42	STIM=u
13338477	42	RESP=1
13351463	42	STIM=l
13357299	42	RESP=1
13370316	42	STIM=p
13374268	42	RESP=1
13386375	42	STIM=i
13390950	42	RESP=1
13402385	42	STIM=u
13405967	42	RESP=1
13421037	42	STIM=e
13426443	42	RESP=1
13439838	42	STIM=k
13445766	42	RESP=1
13458729	42	STIM=s
13464336	42	RESP=1
13476408	42	STIM=a
13480865	42	RESP=1
13493659	42	STIM=6
13502895	42	RESP=2
13510062	42	STIM=8
13515760	42	RESP=2
13527417	42	STIM=q
13532607	42	RESP=1
13546225	42	STIM=k
13554188	42	RESP=1
13565083	42	STIM=v
13573291	42	RESP=2
13583722	42	STIM=i
13586676	42	RESP=1
13601490	42	STIM=t
13605362	42	RESP=1
13618923	42	STIM=a
13628490	42	RESP=1
13634422	42	STIM=x
13640061	42	RESP=1
13651317	42	STIM=v
13656410	42	RESP=1
13666966	42	STIM=n
13670468	42	RESP=1
13682549	42	STIM=5
13692223	42	RESP=2
13700409	42	STIM=s
13708718	42	RESP=1
13716921	42	STIM=f
13721068	42	RESP=1
13735003	42	STIM=z
13739963	42	RESP=1
13751203	42	STIM=5
13755945	42	RESP=1
13768171	42	STIM=c
13771990	42	RESP=1
13785472	42	STIM=z
13791957	42	RESP=1
13802847	42	STIM=w
13808006	42	RESP=1
13820169	42	STIM=b
13824764	42	RESP=2
13838164	42	STIM=0
13844075	42	RESP=2
13855886	42	STIM=l
13860144	42	RESP=1
13874046	42	STIM=z
13881120	42	RESP=1
13890922	42	STIM=f
13898777	42	RESP=1
13905941	42	STIM=w
13909897	42	RESP=1
13923379	42	STIM=r
13927907	42	RESP=1
13941077	42	STIM=v
13944506	42	RESP=1
13957225	42	STIM=t
13962786	42	RESP=1
13975414	42	STIM=r
13981908	42	RESP=1
13994157	42	STIM=t
14000246	42	RESP=1
14010618	42	STIM=l
14018056	42	RESP=1
14027544	42	STIM=f
14036814	42	RESP=1
14045976	42	STIM=4
14051538	42	RESP=2
14064649	42	STIM=j
14068335	42	RESP=1
14079752	42	STIM=t
14085897	42	RESP=1
14097726	42	STIM=d
14104625	42	RESP=1
14113940	42	STIM=f
14120086	42	RESP=1
14132601	42	STIM=m
14140208	42	RESP=1
14150902	42	STIM=o
14156868	42	RESP=1
14168068	42	STIM=y
14172691	42	RESP=1
14183637	42	STIM=w
14193159	42	RESP=1
14202154	42	STIM=c
14205951	42	RESP=1
14220804	42	STIM=c
14225574	42	RESP=1
14238212	42	STIM=f
14245219	42	RESP=1
14253698	42	STIM=k
14260138	42	RESP=1
14270549	42	STIM=p
14276642	42	RESP=1
14286063	42	STIM=z
14293844	42	RESP=1
14304337	42	STIM=u
14308009	42	RESP=1
14322323	42	STIM=b
14329051	42	RESP=1
14338014	42	STIM=8
14344504	42	RESP=2
14354049	42	STIM=b
14358535	42	RESP=1
14369644	42	STIM=r
14374030	42	RESP=1
14385565	42	STIM=p
14389448	42	RESP=1
14404461	42	STIM=w
14408958	42	RESP=1
14421054	42	STIM=a
14425997	42	RESP=1
14436155	42	STIM=v
14438918	42	RESP=1
14452997	42	STIM=e
14459221	42	RESP=1
14470366	42	STIM=q
14475715	42	RESP=1
14486954	42	STIM=m
14490774	42	RESP=1
14505443	42	STIM=t
14508520	42	RESP=1
14521917	42	STIM=x
14524491	42	RESP=1
14539817	42	STIM=y
14544197	42	RESP=1
14555783	42	STIM=j
14561979	42	RESP=1
14571092	42	STIM=y
14577990	42	RESP=1
14589343	42	STIM=1
14594394	42	RESP=2
14606841	42	STIM=h
14611850	42	RESP=1
14622038	42	STIM=m
14626291	42	RESP=1
14639662	42	STIM=c
14644227	42	RESP=1
14654663	42	STIM=9
14661265	42	RESP=2
14670271	42	STIM=l
14674228	42	RESP=1
14687786	42	STIM=v
14691323	42	RESP=1
14704577	42	STIM=m
14711752	42	RESP=1
14720176	42	STIM=p
14723808	42	RESP=1
14736299	42	STIM=c
14745123	42	RESP=1
14755132	42	STIM=r
14761311	42	RESP=1
14771831	42	STIM=y
14774790	42	RESP=2
14788198	42	STIM=d
14792260	42	RESP=1
14806059	42	STIM=f
14812239	42	RESP=1
14821211	42	STIM=a
14831550	42	RESP=1
14838182	42	STIM=i
14841603	42	RESP=1
14856440	42	STIM=y
14863687	42	RESP=1
14874724	42	STIM=y
14880216	42	RESP=1
14891847	42	STIM=n
14895733	42	RESP=1
14907555	42	STIM=z
14915322	42	RESP=1
14926132	42	STIM=n
14930057	42	RESP=1
14941937	42	STIM=v
14947228	42	RESP=1
14960127	42	STIM=6
14966139	42	RESP=2
14975448	42	STIM=j
14981499	42	RESP=1
14992079	42	STIM=s
14999130	42	RESP=1
15007553	42	STIM=9
15013203	42	RESP=2
15025571	42	STIM=m
15028296	42	RESP=1
15041585	42	STIM=7
15046212	42	RESP=2
15057588	42	STIM=v
15065081	42	RESP=1
15076246	42	STIM=t
15081428	42	RESP=1
15092438	42	STIM=a
15099797	42	RESP=1
15109475	42	STIM=s
15113477	42	RESP=1
15125653	42	STIM=2
15138405	42	RESP=2
15140740	42	STIM=i
15146442	42	RESP=1
15155821	42	STIM=6
15162209	42	RESP=2
15172007	42	STIM=h
15177292	42	RESP=1
15188819	42	STIM=r
15195916	42	RESP=1
15207052	42	STIM=k
15210157	42	RESP=2
15224089	42	STIM=g
15228366	42	RESP=1
15241207	42	STIM=d
15255784	42	RESP=1
15259420	42	STIM=o
15264523	42	RESP=1
15277475	42	STIM=2
15282709	42	RESP=2
15292907	42	STIM=1
15302066	42	RESP=2
15310173	42	STIM=m
15314102	42	RESP=1
15328978	42	STIM=x
15333783	42	RESP=1
15347522	42	STIM=2
15354034	42	RESP=2
15363913	42	STIM=v
15370007	42	RESP=1
15380529	42	STIM=7
15387512	42	RESP=2
15395687	42	STIM=f
15401097	42	RESP=1
15411175	42	STIM=c
15416223	42	RESP=1
15428602	42	STIM=j
15433583	42	RESP=1
15446685	42	STIM=l
15454723	42	RESP=1
15462884	42	STIM=k
15467329	42	RESP=1
15478704	42	STIM=u
15483294	42	RESP=1
15496372	42	STIM=j
15500788	42	RESP=1
15512931	42	STIM=i
15518205	42	RESP=1
15529633	42	STIM=1
15537959	42	RESP=2
15544987	42	STIM=e
15551109	42	RESP=1
15561708	42	STIM=k
15567603	42	RESP=1
15577801	42	STIM=r
15581591	42	RESP=1
15593804	42	STIM=n
15601278	42	RESP=2
15610958	42	STIM=o
15616848	42	RESP=1
15629350	42	STIM=r
15639007	42	RESP=1
15647813	42	STIM=r
15652822	42	RESP=1
15666270	42	STIM=v
15672839	42	RESP=1
15682096	42	STIM=u
15690204	42	RESP=1
15699385	42	STIM=m
15704106	42	RESP=1
15714835	42	STIM=z
15719044	42	RESP=1
15733053	42	STIM=4
15738701	42	RESP=2
15748608	42	STIM=4
15756791	42	RESP=2
15764528	42	STIM=i
15770083	42	RESP=1
15780660	42	STIM=p
15785086	42	RESP=1
15799269	42	STIM=k
15805443	42	RESP=1
15817860	42	STIM=g
15821967	42	RESP=1
15833940	42	STIM=b
15838243	42	RESP=1
15850423	42	STIM=n
15860572	42	RESP=2
15867161	42	STIM=p
15870400	42	RESP=1
15884694	42	STIM=j
15890777	42	RESP=1
15900906	42	STIM=8
15906640	42	RESP=2
15919617	42	STIM=f
15925344	42	RESP=1
15937692	42	STIM=8
15941868	42	RESP=2
15955895	42	STIM=i
15961595	42	RESP=1
15972714	42	STIM=s
15977636	42	RESP=1
15990272	42	STIM=l
15995697	42	RESP=1
16006022	42	STIM=n
16012049	42	RESP=1
16022775	42	STIM=u
16028673	42	RESP=1
16039313	42	STIM=a
16045287	42	RESP=1
16055947	42	STIM=s
16064042	42	RESP=1
16072843	42	STIM=p
16078501	42	RESP=1
16091814	42	STIM=l
16096717	42	RESP=1
16107565	42	STIM=y
16113361	42	RESP=1
16123885	42	STIM=c
16131889	42	RESP=1
16142025	42	STIM=0
16147718	42	RESP=2
16160903	42	STIM=4
16170747	42	RESP=1
16177122	42	STIM=w
16184911	42	RESP=1
16195462	42	STIM=0
16200656	42	RESP=2
16212342	42	STIM=j
16221502	42	RESP=2
16229888	42	STIM=4
16234790	42	RESP=2
16247189	42	STIM=y
16250259	42	RESP=1
16265236	42	STIM=b
16270534	42	RESP=1
16280764	42	STIM=f
16289250	42	RESP=2
16296450	42	STIM=p
16307956	42	RESP=1
16314175	42	STIM=3
16320601	42	RESP=2
16332036	42	STIM=m
16336982	42	RESP=1
16348071	42	STIM=m
16354337	42	RESP=1
16364971	42	STIM=4
16370544	42	RESP=2
16380685	42	STIM=1
16384289	42	RESP=1
16395840	42	STIM=j
16401164	42	RESP=1
16414405	42	STIM=h
16422968	42	RESP=1
16429587	42	STIM=h
16437316	42	RESP=2
16445494	42	STIM=f
16452064	42	RESP=1
16462684	42	STIM=f
16467670	42	RESP=1
16478714	42	STIM=p
16483980	42	RESP=1
16493895	42	STIM=e
16500757	42	RESP=1
16511608	42	STIM=c
16516265	42	RESP=1
16526616	42	STIM=8
16534805	42	RESP=2
16543838	42	STIM=r
16549144	42	RESP=1
16560917	42	STIM=v
16570157	42	RESP=1
16577456	42	STIM=s
16581621	42	RESP=1
16594103	42	STIM=x
16599917	42	RESP=1
16611053	42	STIM=e
16616102	42	RESP=1
16626762	42	STIM=o
16634581	42	RESP=1
16643261	42	STIM=v
16647380	42	RESP=1
16660601	42	STIM=e
16665379	42	RESP=1
16678312	42	STIM=m
16684173	42	RESP=1
16693519	42	STIM=2
16699517	42	RESP=2
16709860	42	STIM=i
16713358	42	RESP=1
16728654	42	STIM=t
16733531	42	RESP=1
16743702	42	STIM=k
16752246	42	RESP=1
16762382	42	STIM=t
16767233	42	RESP=1
16778157	42	STIM=o
16782100	42	RESP=1
16793438	42	STIM=s
16799355	42	RESP=1
16808640	42	STIM=o
16813812	42	RESP=1
16825993	42	STIM=c
16832268	42	RESP=1
16841880	42	STIM=g
16846243	42	RESP=1
16860452	42	STIM=j
16864597	42	RESP=1
16878194	42	STIM=3
16885886	42	RESP=1
16896596	42	STIM=y
16900503	42	RESP=1
16912778	42	STIM=y
16919985	42	RESP=1
16931320	42	STIM=y
16936403	42	RESP=1
16947584	42	STIM=5
16951484	42	RESP=2
16962918	42	STIM=u
16968005	42	RESP=1
16978406	42	STIM=u
16981936	42	RESP=1
16995151	42	STIM=a
17004196	42	RESP=1
17011272	42	STIM=m
17014560	42	RESP=1
17027916	42	STIM=t
17031297	42	RESP=1
17045717	42	STIM=t
17048855	42	RESP=1
17061831	42	STIM=v
17066724	42	RESP=1
17079249	42	STIM=b
17083874	42	RESP=1
17096462	42	STIM=c
17102811	42	RESP=1
17112806	42	STIM=h
17117116	42	RESP=1
17129543	42	STIM=2
17135842	42	RESP=2
17146181	42	STIM=6
17151030	42	RESP=2
17164943	42	STIM=u
17170787	42	RESP=1
17180792	42	STIM=f
17184337	42	RESP=1
17197000	42	STIM=s
17203902	42	RESP=1
17214823	42	STIM=7
17222738	42	RESP=1
17232245	42	STIM=k
17239220	42	RESP=1
17249667	42	STIM=r
17254302	42	RESP=1
17267015	42	STIM=j
17276357	42	RESP=1
17282259	42	STIM=l
17286036	42	RESP=1
17298873	42	STIM=t
17312471	42	RESP=1
17314785	42	STIM=e
17321393	42	RESP=1
17331458	42	STIM=d
17335149	42	RESP=1
17349823	42	STIM=m
17354223	42	RESP=1
17368321	42	STIM=b
17376884	42	RESP=1
17386198	42	STIM=8
17392608	42	RESP=2
17404560	42	STIM=a
17411085	42	RESP=1
17420033	42	STIM=4
17426087	42	RESP=2
17438211	42	STIM=2
17446154	42	RESP=2
17454347	42	STIM=t
17462144	42	RESP=1
17471836	42	STIM=f
17475285	42	RESP=1
17489965	42	STIM=m
17494365	42	RESP=1
17507069	42	STIM=d
17510801	42	RESP=1
17522643	42	STIM=6
17528393	42	RESP=1
17538517	42	STIM=8
17544632	42	RESP=1
17556085	42	STIM=e
17568647	42	RESP=1
17571862	42	STIM=x
17577212	42	RESP=1
17588381	42	STIM=k
17593085	42	RESP=1
17604811	42	STIM=f
17609719	42	RESP=1
17623726	42	STIM=0
17628828	42	RESP=2
17639924	42	STIM=d
17644012	42	RESP=1
17657199	42	STIM=z
17660831	42	RESP=1
17675211	42	STIM=q
17681266	42	RESP=2
17691825	42	STIM=8
17697817	42	RESP=1
17707942	42	STIM=d
17713784	42	RESP=1
17725390	42	STIM=c
17730397	42	RESP=1
17742927	42	STIM=c
17750154	42	RESP=1
17758138	42	STIM=t
17765394	42	RESP=1
17775144	42	STIM=n
17785040	42	RESP=1
17791920	42	STIM=h
17795532	42	RESP=1
17807920	42	STIM=l
17811376	42	RESP=1
17824014	42	STIM=e
17830175	42	RESP=1
17839831	42	STIM=q
17846194	42	RESP=1
17855327	42	STIM=9
17864785	42	RESP=2
17870377	42	STIM=v
17875179	42	RESP=1
17889009	42	STIM=x
17893308	42	RESP=1
17904313	42	STIM=r
17909511	42	RESP=2
17923009	42	STIM=j
17928870	42	RESP=1
17938312	42	STIM=d
17943858	42	RESP=1
17956656	42	STIM=d
17963995	42	RESP=1
17971917	42	STIM=n
17978342	42	RESP=1
17987387	42	STIM=4
17995401	42	RESP=2
18004207	42	STIM=2
18012400	42	RESP=2
18022743	42	STIM=g
18031162	42	RESP=1
18039879	42	STIM=v
18047723	42	RESP=1
18056757	42	STIM=7
18061462	42	RESP=2
18073620	42	STIM=a
18080553	42	RESP=1
18089971	42	STIM=d
18093430	42	RESP=2
18105199	42	STIM=h
18111759	42	RESP=1
18123914	42	STIM=f
18128693	42	RESP=1
18140454	42	STIM=t
18143241	42	RESP=1
18157995	42	STIM=c
18165260	42	RESP=1
18176522	42	STIM=c
18181513	42	RESP=1
18193194	42	STIM=f
18196714	42	RESP=1
18208486	42	STIM=r
18216224	42	RESP=1
18223636	42	STIM=n
18231527	42	RESP=1
18242412	42	STIM=c
18246278	42	RESP=1
18260967	42	STIM=k
18267803	42	RESP=1
18276125	42	STIM=l
18283474	42	RESP=1
18292504	42	STIM=z
18296609	42	RESP=1
18307759	42	STIM=y
18312270	42	RESP=1
18322763	42	STIM=w
18326741	42	RESP=1
18339705	42	STIM=l
18343092	42	RESP=1
18356196	42	STIM=f
18360187	42	RESP=1
18373905	42	STIM=t
18377097	42	RESP=1
18392721	42	STIM=i
18397635	42	RESP=1
18409495	42	STIM=f
18414135	42	RESP=1
18427940	42	STIM=h
18436264	42	RESP=1
18446313	42	STIM=h
18451879	42	RESP=1
18462551	42	STIM=r
18468723	42	RESP=1
18480247	42	STIM=e
18488881	42	RESP=1
18495658	42	STIM=p
18498984	42	RESP=1
18512484	42	STIM=0
18517329	42	RESP=2
18529294	42	STIM=0
18536260	42	RESP=1
18544963	42	STIM=z
18550710	42	RESP=1
18563766	42	STIM=u
18569222	42	RESP=1
18580390	42	STIM=y
18587454	42	RESP=1
18596234	42	STIM=v
18601015	42	RESP=1
18613308	42	STIM=8
18621617	42	RESP=2
18631671	42	STIM=1
18635679	42	RESP=2
18648631	42	STIM=v
18654260	42	RESP=2
18663863	42	STIM=d
18668553	42	RESP=1
18681699	42	STIM=l
18684694	42	RESP=1
18697067	42	STIM=8
18703041	42	RESP=2
18713249	42	STIM=t
18715836	42	RESP=1
18730519	42	STIM=l
18739127	42	RESP=1
18746739	42	STIM=2
18753504	42	RESP=2
18763719	42	STIM=1
18769962	42	RESP=2
18782647	42	STIM=i
18789603	42	RESP=1
18800508	42	STIM=j
18806326	42	RESP=1
18816389	42	STIM=x
18822017	42	RESP=1
18834609	42	STIM=r
18840246	42	RESP=1
18850379	42	STIM=9
18855350	42	RESP=2
18867748	42	STIM=f
18870631	42	RESP=1
18885623	42	STIM=8
18891105	42	RESP=2
18902436	42	STIM=w
18908953	42	RESP=1
18920126	42	STIM=g
18925526	42	RESP=1
18935563	42	STIM=v
18941309	42	RESP=1
18952550	42	STIM=v
18957870	42	RESP=1
18968771	42	STIM=i
18973474	42	RESP=2
18984612	42	STIM=z
18989128	42	RESP=1
18999632	42	STIM=7
19003685	42	RESP=2
19016381	42	STIM=k
19023640	42	RESP=1
19033079	42	STIM=z
19041876	42	RESP=1
19050253	42	STIM=d
19054061	42	RESP=1
19066011	42	STIM=a
19070435	42	RESP=1
19084226	42	STIM=z
19091607	42	RESP=1
19102577	42	STIM=v
19109436	42	RESP=1
19121256	42	STIM=k
19126574	42	RESP=1
19139769	42	STIM=b
19146602	42	RESP=1
19155404	42	STIM=p
19161601	42	RESP=1
19170577	42	STIM=6
19175807	42	RESP=2
19186173	42	STIM=1
19190720	42	RESP=2
19202824	42	STIM=s
19207662	42	RESP=1
19219618	42	STIM=a
19229280	42	RESP=2
19236369	42	STIM=b
19240981	42	RESP=1
19253876	42	STIM=1
19266320	42	RESP=2
19269207	42	STIM=p
19276073	42	RESP=1
19285184	42	STIM=0
19292577	42	RESP=2
19303318	42	STIM=4
19309070	42	RESP=2
19320147	42	STIM=m
19323778	42	RESP=2
19337059	42	STIM=m
19343262	42	RESP=1
19354814	42	STIM=o
19359198	42	RESP=1
19371681	42	STIM=i
19375282	42	RESP=1
19390422	42	STIM=y
19395770	42	RESP=1
19408908	42	STIM=s
19417635	42	RESP=1
19425878	42	STIM=f
19435115	42	RESP=1
19442982	42	STIM=r
19446904	42	RESP=1
19460823	42	STIM=f
19465194	42	RESP=1
19476724	42	STIM=r
19483646	42	RESP=1
19495513	42	STIM=1
19507103	42	RESP=2
19512872	42	STIM=b
19517837	42	RESP=2
19529820	42	STIM=j
19540284	42	RESP=1
19548202	42	STIM=q
19552105	42	RESP=1
19566734	42	STIM=7
19575895	42	RESP=2
19584170	42	STIM=f
19588520	42	RESP=1
19599677	42	STIM=f
19609376	42	RESP=1
19616724	42	STIM=s
19620877	42	RESP=1
19632304	42	STIM=x
19638780	42	RESP=2
19649144	42	STIM=g
19656556	42	RESP=1
19666035	42	STIM=i
19670617	42	RESP=1
19681771	42	STIM=q
19685867	42	RESP=1
19696826	42	STIM=o
19708859	42	RESP=1
19712801	42	STIM=f
19716201	42	RESP=1
19730716	42	STIM=r
19738633	42	RESP=2
19746929	42	STIM=2
19751776	42	RESP=2
19764900	42	STIM=b
19768608	42	RESP=1
19782612	42	STIM=e
19789293	42	RESP=1
19799070	42	STIM=0
19810166	42	RESP=1
19817039	42	STIM=3
19820790	42	RESP=2
19833272	42	STIM=9
19838763	42	RESP=2
19848663	42	STIM=x
19855356	42	RESP=1
19864977	42	STIM=t
19869350	42	RESP=1
19881822	42	STIM=r
19898154	42	RESP=1
19898957	42	STIM=4
19905916	42	RESP=1
19916595	42	STIM=g
19921277	42	RESP=1
19934997	42	STIM=j
19944625	42	RESP=1
19951505	42	STIM=j
19961399	42	RESP=1
19968888	42	STIM=l
19972311	42	RESP=1
19986853	42	STIM=g
19991749	42	RESP=1
20003887	42	STIM=q
20012420	42	RESP=1
20019044	42	STIM=m
20022506	42	RESP=1
20034808	42	STIM=b
20042346	42	RESP=1
20052669	42	STIM=8
20061135	42	RESP=2
20071046	42	STIM=h
20074680	42	RESP=1
20089132	42	STIM=e
20097983	42	RESP=1
20106193	42	STIM=h
20112576	42	RESP=1
20124367	42	STIM=p
20131633	42	RESP=1
20139761	42	STIM=6
20148490	42	RESP=2
20157826	42	STIM=y
20162383	42	RESP=1
20176413	42	STIM=x
20180493	42	RESP=1
20191468	42	STIM=i
20196149	42	RESP=1
20209700	42	STIM=4
20216869	42	RESP=1
20227039	42	STIM=8
20231344	42	RESP=2
20243052	42	STIM=a
20249466	42	RESP=1
20259188	42	STIM=o
20264475	42	RESP=1
20275009	42	STIM=o
20288559	42	RESP=1
20291825	42	STIM=8
20299919	42	RESP=2
20306940	42	STIM=n
20311723	42	RESP=1
20325232	42	STIM=s
20330924	42	RESP=1
20343662	42	STIM=u
20349949	42	RESP=1
20361400	42	STIM=w
20366702	42	RESP=1
20378121	42	STIM=k
20381619	42	RESP=1
20395476	42	STIM=z
20398763	42	RESP=1
20412637	42	STIM=o
20415716	42	RESP=1
20428733	42	STIM=p
20436357	42	RESP=1
20444371	42	STIM=k
20447664	42	RESP=1
20461321	42	STIM=f
20470411	42	RESP=1
20477663	42	STIM=9
20483398	42	RESP=2
20496262	42	STIM=m
20504756	42	RESP=1
20514384	42	STIM=y
20519599	42	RESP=1
20531806	42	STIM=2
20537396	42	RESP=2
20548129	42	STIM=v
20554490	42	RESP=1
20566671	42	STIM=h
20573773	42	RESP=1
20585214	42	STIM=m
20592142	42	RESP=1
20604037	42	STIM=0
20609333	42	RESP=2
20620360	42	STIM=x
20629268	42	RESP=2
20635747	42	STIM=o
20645432	42	RESP=1
20654252	42	STIM=q
20660533	42	RESP=1
20670915	42	STIM=i
20675803	42	RESP=1
20687818	42	STIM=y
20691275	42	RESP=1
20704563	42	STIM=i
20714103	42	RESP=1
20721796	42	STIM=z
20724865	42	RESP=1
20737451	42	STIM=r
20742435	42	RESP=2
20755854	42	STIM=1
20762039	42	RESP=2
20773426	42	STIM=y
20782317	42	RESP=1
20792019	42	STIM=k
20803365	42	RESP=1
20809144	42	STIM=k
20814794	42	RESP=1
20827330	42	STIM=q
20832746	42	RESP=1
20845841	42	STIM=b
20849297	42	RESP=2
20863775	42	STIM=0
20869892	42	RESP=2
20879748	42	STIM=r
20883637	42	RESP=1
20898639	42	STIM=8
20907533	42	RESP=2
20914581	42	STIM=e
20919215	42	RESP=1
20932120	42	STIM=m
20937369	42	RESP=1
20947260	42	STIM=y
20952715	42	RESP=1
20965558	42	STIM=6
20971585	42	RESP=2
20982052	42	STIM=s
20985988	42	RESP=1
20997062	42	STIM=p
21004594	42	RESP=1
21015299	42	STIM=x
21020619	42	RESP=1
21032324	42	STIM=r
21038039	42	RESP=1
21049039	42	STIM=s
21057239	42	RESP=1
21066996	42	STIM=9
21074635	42	RESP=2
21084892	42	STIM=u
21090768	42	RESP=1
21103665	42	STIM=d
21112723	42	RESP=1
21120755	42	STIM=9
21130924	42	RESP=2
21137749	42	STIM=g
21144346	42	RESP=1
21152923	42	STIM=7
21158724	42	RESP=2
21168147	42	STIM=2
21177474	42	RESP=2
21185352	42	STIM=o
21190426	42	RESP=1
21202960	42	STIM=j
21212938	42	RESP=1
21219920	42	STIM=k
21225944	42	RESP=1
21238853	42	STIM=p
21249550	42	RESP=1
21254476	42	STIM=o
21267632	42	RESP=1
21270998	42	STIM=o
21276780	42	RESP=1
21286475	42	STIM=w
21293574	42	RESP=1
21303048	42	STIM=s
21315303	42	RESP=1
21321360	42	STIM=e
21326507	42	RESP=1
21339451	42	STIM=o
21347101	42	RESP=1
21355704	42	STIM=1
21362516	42	RESP=2
21372176	42	STIM=l
21378978	42	RESP=1
21388017	42	STIM=a
21393409	42	RESP=1
21403585	42	STIM=u
21406428	42	RESP=1
21421100	42	STIM=5
21431507	42	RESP=1
21439080	42	STIM=i
21445140	42	RESP=1
21455329	42	STIM=b
21462225	42	RESP=1
21472555	42	STIM=x
21481558	42	RESP=1
21491330	42	STIM=i
21494240	42	RESP=1
21507793	42	STIM=h
21513575	42	RESP=1
21524626	42	STIM=r
21530578	42	RESP=1
21539871	42	STIM=h
21549966	42	RESP=1
21556185	42	STIM=o
21560422	42	RESP=1
21571921	42	STIM=f
21582322	42	RESP=1
21588708	42	STIM=i
21591755	42	RESP=1
21607223	42	STIM=9
21615521	42	RESP=2
21625460	42	STIM=g
21634329	42	RESP=1
21641609	42	STIM=k
21651632	42	RESP=1
21658531	42	STIM=q
21664045	42	RESP=1
21675736	42	STIM=8
21681683	42	RESP=2
21691693	42	STIM=9
21697286	42	RESP=2
21706888	42	STIM=l
21713978	42	RESP=2
21724913	42	STIM=n
21729648	42	RESP=1
