# Original filename: 0015_TRV_2017-02-17.log
# Time unit: 100 us
# RARECAT=digit
#
# Time	HHGG	Event
28425	42	STIM=l
34424	42	RESP=1
46185	42	STIM=f
49978	42	RESP=1
64776	42	STIM=5
71023	42	RESP=2
81779	42	STIM=k
88612	42	RESP=1
97696	42	STIM=m
101714	42	RESP=1
113239	42	STIM=d
116280	42	RESP=1
132076	42	STIM=9
137607	42	RESP=2
150053	42	STIM=x
154113	42	RESP=1
166994	42	STIM=o
172848	42	RESP=1
185775	42	STIM=h
193306	42	RESP=1
201023	42	STIM=h
205258	42	RESP=1
216416	42	STIM=a
222556	42	RESP=1
233911	42	STIM=h
237226	42	RESP=1
252108	42	STIM=u
256438	42	RESP=1
268565	42	STIM=q
274663	42	RESP=1
285270	42	STIM=p
291470	42	RESP=1
300755	42	STIM=h
305637	42	RESP=1
319172	42	STIM=m
323222	42	RESP=1
335622	42	STIM=y
341398	42	RESP=1
353209	42	STIM=f
358626	42	RESP=1
371112	42	STIM=r
376376	42	RESP=1
389261	42	STIM=g
397657	42	RESP=1
407394	42	STIM=r
414098	42	RESP=1
425353	42	STIM=p
429740	42	RESP=1
441316	42	STIM=s
447414	42	RESP=1
457467	42	STIM=q
462558	42	RESP=1
474276	42	STIM=8
479899	42	RESP=2
490564	42	STIM=x
495087	42	RESP=1
507515	42	STIM=j
511897	42	RESP=1
523449	42	STIM=p
526541	42	RESP=1
539564	42	STIM=o
543957	42	RESP=1
555540	42	STIM=o
558979	42	RESP=1
573635	42	STIM=l
578461	42	RESP=1
591638	42	STIM=j
596642	42	RESP=1
607852	42	STIM=o
611339	42	RESP=1
625449	42	STIM=7
630086	42	RESP=2
642313	42	STIM=l
645126	42	RESP=1
660131	42	STIM=p
666368	42	RESP=1
677274	42	STIM=h
684596	42	RESP=1
695407	42	STIM=s
702089	42	RESP=1
712301	42	STIM=g
719647	42	RESP=1
728709	42	STIM=q
731245	42	RESP=1
746381	42	STIM=u
751682	42	RESP=1
763194	42	STIM=y
769436	42	RESP=1
778942	42	STIM=r
785475	42	RESP=1
796286	42	STIM=y
800822	42	RESP=2
813509	42	STIM=q
816560	42	RESP=1
832073	42	STIM=u
837687	42	RESP=1
847801	42	STIM=c
851797	42	RESP=1
863607	42	STIM=x
868438	42	RESP=1
881036	42	STIM=j
886952	42	RESP=1
896389	42	STIM=4
901604	42	RESP=2
912028	42	STIM=n
917814	42	RESP=1
927714	42	STIM=8
933274	42	RESP=2
945950	42	STIM=6
950108	42	RESP=2
962907	42	STIM=3
967426	42	RESP=2
980464	42	STIM=z
983809	42	RESP=1
995996	42	STIM=i
1000224	42	RESP=1
1012935	42	STIM=u
1017674	42	RESP=1
1031806	42	STIM=m
1038247	42	RESP=1
1047770	42	STIM=z
1050934	42	RESP=1
1065261	42	STIM=g
1069003	42	RESP=1
1083233	42	STIM=u
1086864	42	RESP=1
1099301	42	STIM=x
1104322	42	RESP=1
1115974	42	STIM=r
1121773	42	RESP=1
1133513	42	STIM=u
1138619	42	RESP=1
1152170	42	STIM=q
1157789	42	RESP=1
1168526	42	STIM=u
1173515	42	RESP=1
1184278	42	STIM=7
1191089	42	RESP=2
1202348	42	STIM=p
1209099	42	RESP=1
1219354	42	STIM=q
1224284	42	RESP=1
1238023	42	STIM=i
1242964	42	RESP=2
1254522	42	STIM=z
1260518	42	RESP=1
1271620	42	STIM=m
1277883	42	RESP=1
1289185	42	STIM=s
1293601	42	RESP=1
1306770	42	STIM=z
1311438	42	RESP=1
1324445	42	STIM=q
1327415	42	RESP=1
1343262	42	STIM=9
1348797	42	RESP=2
1360248	42	STIM=z
1364030	42	RESP=1
1376587	42	STIM=x
1384790	42	RESP=1
1391736	42	STIM=y
1397311	42	RESP=1
1407711	42	STIM=t
1412176	42	RESP=1
1424189	42	STIM=0
1428882	42	RESP=2
1442550	42	STIM=m
1447541	42	RESP=1
1460655	42	STIM=a
1464013	42	RESP=1
1477061	42	STIM=f
1481415	42	RESP=1
1493846	42	STIM=l
1499963	42	RESP=1
1509386	42	STIM=g
1512809	42	RESP=1
1528284	42	STIM=h
1531261	42	RESP=1
1545154	42	STIM=8
1549022	42	RESP=2
1560556	42	STIM=p
1563793	42	RESP=1
1577381	42	STIM=e
1580244	42	RESP=1
1594464	42	STIM=a
1598341	42	RESP=1
1611280	42	STIM=s
1616106	42	RESP=1
1627509	42	STIM=m
1632907	42	RESP=1
1644707	42	STIM=b
1648123	42	RESP=1
1662719	42	STIM=g
1667418	42	RESP=1
1679121	42	STIM=a
1682368	42	RESP=1
1696004	42	STIM=d
1702427	42	RESP=1
1711211	42	STIM=w
1716488	42	RESP=1
1728820	42	STIM=2
1732467	42	RESP=1
1745694	42	STIM=q
1748946	42	RESP=1
1763457	42	STIM=r
1769821	42	RESP=1
1779125	42	STIM=e
1783139	42	RESP=1
1796785	42	STIM=r
1800708	42	RESP=2
1813807	42	STIM=g
1820135	42	RESP=1
1830111	42	STIM=e
1834678	42	RESP=1
1847182	42	STIM=6
1850828	42	RESP=2
1863187	42	STIM=m
1867282	42	RESP=1
1879450	42	STIM=6
1886682	42	RESP=1
1895748	42	STIM=b
1904929	42	RESP=1
1914501	42	STIM=j
1918034	42	RESP=1
1930252	42	STIM=a
1934400	42	RESP=1
1945351	42	STIM=x
1952045	42	RESP=1
1961570	42	STIM=8
1965945	42	RESP=2
1980119	42	STIM=j
1984058	42	RESP=1
1996587	42	STIM=p
2000077	42	RESP=1
2013028	42	STIM=7
2017744	42	RESP=1
2028525	42	STIM=n
2037888	42	RESP=1
2046399	42	STIM=r
2051694	42	RESP=1
2065381	42	STIM=8
2073196	42	RESP=2
2083409	42	STIM=1
2091460	42	RESP=2
2100763	42	STIM=f
2106472	42	RESP=1
2116915	42	STIM=o
2121519	42	RESP=1
2132323	42	STIM=2
2137979	42	RESP=2
2147848	42	STIM=3
2151532	42	RESP=2
2165501	42	STIM=2
2170125	42	RESP=2
2182771	42	STIM=s
2187327	42	RESP=2
2201420	42	STIM=w
2205433	42	RESP=1
2218869	42	STIM=8
2223223	42	RESP=2
2234069	42	STIM=9
2239664	42	RESP=2
2250307	42	STIM=0
2256389	42	RESP=2
2266625	42	STIM=e
2276879	42	RESP=1
2282550	42	STIM=4
2289162	42	RESP=2
2299641	42	STIM=7
2306161	42	RESP=2
2314880	42	STIM=o
2320595	42	RESP=1
2332375	42	STIM=g
2340107	42	RESP=1
2347508	42	STIM=8
2351385	42	RESP=2
2362520	42	STIM=8
2366208	42	RESP=2
2379568	42	STIM=v
2388834	42	RESP=1
2394613	42	STIM=x
2397206	42	RESP=1
2410415	42	STIM=q
2418193	42	RESP=1
2427960	42	STIM=q
2443186	42	RESP=1
2445307	42	STIM=z
2448485	42	RESP=1
2460841	42	STIM=p
2464763	42	RESP=1
2478405	42	STIM=g
2488828	42	RESP=1
2494485	42	STIM=q
2502015	42	RESP=1
2510012	42	STIM=6
2516586	42	RESP=2
2527752	42	STIM=1
2532290	42	RESP=2
2545112	42	STIM=f
2549131	42	RESP=1
2564031	42	STIM=6
2572167	42	RESP=2
2580923	42	STIM=3
2588977	42	RESP=2
2599581	42	STIM=y
2603217	42	RESP=1
2617771	42	STIM=r
2622327	42	RESP=2
2633434	42	STIM=o
2641784	42	RESP=1
2649892	42	STIM=s
2654214	42	RESP=2
2665157	42	STIM=w
2672689	42	RESP=1
2682037	42	STIM=h
2686469	42	RESP=1
2699151	42	STIM=w
2701953	42	RESP=1
2714489	42	STIM=p
2718310	42	RESP=1
2729619	42	STIM=o
2732361	42	RESP=1
2745450	42	STIM=q
2751041	42	RESP=1
2763772	42	STIM=v
2768292	42	RESP=2
2781434	42	STIM=g
2786713	42	RESP=1
2797743	42	STIM=k
2800398	42	RESP=1
2816066	42	STIM=r
2820370	42	RESP=1
2833740	42	STIM=v
2838686	42	RESP=1
2849758	42	STIM=y
2853646	42	RESP=1
2868328	42	STIM=6
2871831	42	RESP=1
2884494	42	STIM=m
2888020	42	RESP=1
2900818	42	STIM=m
2903947	42	RESP=1
2917475	42	STIM=q
2920893	42	RESP=1
2932605	42	STIM=j
2939392	42	RESP=1
2949099	42	STIM=w
2953595	42	RESP=1
2964995	42	STIM=j
2973924	42	RESP=1
2983711	42	STIM=8
2990467	42	RESP=2
3001615	42	STIM=r
3004784	42	RESP=1
3016620	42	STIM=8
3021072	42	RESP=2
3035205	42	STIM=b
3038395	42	RESP=1
3052008	42	STIM=n
3055574	42	RESP=1
3069273	42	STIM=k
3073971	42	RESP=1
3087718	42	STIM=r
3090611	42	RESP=1
3105983	42	STIM=f
3114242	42	RESP=1
3124000	42	STIM=y
3130347	42	RESP=1
3139073	42	STIM=q
3142880	42	RESP=1
3154770	42	STIM=m
3158243	42	RESP=1
3172730	42	STIM=d
3175360	42	RESP=1
3190402	42	STIM=x
3196947	42	RESP=1
3207426	42	STIM=s
3210872	42	RESP=1
3225489	42	STIM=9
3230155	42	RESP=1
3241910	42	STIM=t
3245456	42	RESP=1
3257568	42	STIM=v
3261186	42	RESP=1
3276448	42	STIM=d
3281118	42	RESP=1
3291819	42	STIM=2
3296403	42	RESP=2
3307623	42	STIM=w
3312384	42	RESP=1
3323114	42	STIM=n
3326804	42	RESP=1
3338764	42	STIM=f
3343946	42	RESP=1
3355126	42	STIM=f
3360718	42	RESP=1
3371582	42	STIM=y
3376755	42	RESP=1
3387500	42	STIM=z
3391896	42	RESP=1
3404195	42	STIM=b
3409881	42	RESP=1
3420561	42	STIM=n
3424557	42	RESP=1
3438958	42	STIM=8
3443285	42	RESP=2
3456606	42	STIM=i
3460094	42	RESP=1
3472152	42	STIM=d
3476268	42	RESP=1
3490380	42	STIM=3
3500412	42	RESP=1
3508441	42	STIM=4
3515030	42	RESP=2
3527287	42	STIM=w
3534950	42	RESP=1
3545777	42	STIM=5
3550400	42	RESP=2
3561647	42	STIM=v
3565847	42	RESP=1
3578600	42	STIM=u
3584930	42	RESP=1
3595429	42	STIM=o
3599058	42	RESP=1
3611733	42	STIM=x
3616503	42	RESP=1
3629409	42	STIM=t
3632729	42	RESP=1
3647222	42	STIM=y
3651988	42	RESP=1
3664021	42	STIM=i
3671548	42	RESP=1
3682626	42	STIM=x
3689446	42	RESP=1
3700560	42	STIM=l
3708416	42	RESP=1
3718153	42	STIM=n
3727047	42	RESP=1
3733337	42	STIM=0
3737319	42	RESP=2
3750120	42	STIM=u
3754512	42	RESP=1
3767993	42	STIM=g
3771942	42	RESP=1
3785210	42	STIM=t
3793023	42	RESP=1
3803277	42	STIM=3
3807806	42	RESP=1
3819963	42	STIM=1
3825147	42	RESP=2
3837698	42	STIM=9
3843415	42	RESP=2
3855402	42	STIM=l
3860596	42	RESP=1
3872952	42	STIM=6
3877944	42	RESP=2
3890395	42	STIM=9
3894258	42	RESP=2
3906396	42	STIM=i
3912089	42	RESP=1
3923451	42	STIM=v
3926433	42	RESP=1
3942118	42	STIM=2
3947245	42	RESP=2
3959956	42	STIM=6
3965735	42	RESP=2
3978819	42	STIM=9
3982371	42	RESP=2
3994276	42	STIM=b
3999314	42	RESP=1
4013105	42	STIM=2
4019794	42	RESP=2
4031548	42	STIM=a
4038336	42	RESP=1
4047935	42	STIM=o
4053532	42	RESP=1
4065075	42	STIM=z
4074680	42	RESP=1
4081323	42	STIM=8
4086192	42	RESP=2
4098894	42	STIM=a
4104781	42	RESP=1
4115023	42	STIM=z
4118500	42	RESP=1
4132503	42	STIM=z
4136280	42	RESP=1
4150128	42	STIM=6
4154554	42	RESP=2
4167549	42	STIM=b
4170889	42	RESP=1
4185371	42	STIM=r
4191924	42	RESP=1
4200745	42	STIM=6
4206544	42	RESP=2
4216279	42	STIM=l
4221093	42	RESP=1
4232327	42	STIM=u
4237227	42	RESP=1
4251157	42	STIM=m
4257414	42	RESP=1
4268503	42	STIM=d
4271386	42	RESP=1
4286759	42	STIM=v
4292445	42	RESP=1
4301775	42	STIM=y
4305880	42	RESP=1
4318409	42	STIM=2
4323264	42	RESP=2
4334400	42	STIM=y
4340657	42	RESP=1
4352719	42	STIM=g
4356483	42	RESP=1
4370636	42	STIM=y
4375289	42	RESP=1
4387338	42	STIM=q
4397070	42	RESP=1
4402633	42	STIM=g
4407356	42	RESP=2
4419100	42	STIM=2
4426752	42	RESP=2
4434110	42	STIM=r
4439107	42	RESP=1
4450618	42	STIM=c
4455549	42	RESP=1
4468397	42	STIM=x
4473317	42	RESP=1
4485456	42	STIM=f
4490288	42	RESP=1
4502263	42	STIM=x
4507564	42	RESP=1
4517471	42	STIM=p
4522693	42	RESP=1
4532533	42	STIM=1
4535723	42	RESP=1
4551007	42	STIM=n
4553780	42	RESP=1
4566468	42	STIM=m
4570377	42	RESP=1
4583759	42	STIM=t
4588813	42	RESP=1
4599814	42	STIM=3
4607262	42	RESP=2
4615114	42	STIM=n
4620494	42	RESP=1
4633434	42	STIM=f
4637415	42	RESP=1
4648636	42	STIM=j
4653753	42	RESP=1
4664923	42	STIM=p
4672769	42	RESP=1
4682407	42	STIM=m
4687279	42	RESP=1
4701023	42	STIM=z
4705197	42	RESP=1
4717926	42	STIM=s
4723262	42	RESP=1
4734124	42	STIM=7
4738277	42	RESP=2
4752658	42	STIM=o
4762253	42	RESP=2
4768509	42	STIM=8
4773303	42	RESP=2
4785788	42	STIM=d
4794012	42	RESP=1
4802263	42	STIM=i
4804901	42	RESP=1
4818148	42	STIM=x
4821826	42	RESP=1
4836928	42	STIM=a
4840726	42	RESP=1
4853943	42	STIM=s
4860574	42	RESP=1
4869451	42	STIM=k
4873194	42	RESP=1
4886100	42	STIM=k
4892092	42	RESP=1
4901577	42	STIM=j
4905271	42	RESP=1
4916657	42	STIM=i
4920012	42	RESP=1
4933109	42	STIM=s
4937074	42	RESP=1
4951923	42	STIM=0
4956213	42	RESP=2
4968691	42	STIM=x
4973829	42	RESP=1
4984002	42	STIM=q
4987046	42	RESP=1
5000088	42	STIM=2
5010250	42	RESP=2
5015503	42	STIM=p
5018779	42	RESP=1
5032551	42	STIM=v
5037819	42	RESP=1
5050308	42	STIM=i
5055464	42	RESP=1
5067435	42	STIM=b
5071094	42	RESP=1
5085729	42	STIM=v
5090236	42	RESP=2
5101190	42	STIM=1
5110308	42	RESP=2
5117904	42	STIM=k
5121020	42	RESP=1
5134782	42	STIM=r
5141895	42	RESP=1
5153289	42	STIM=a
5157941	42	RESP=1
5169839	42	STIM=6
5178054	42	RESP=2
5187001	42	STIM=h
5195018	42	RESP=1
5202317	42	STIM=d
5207137	42	RESP=1
5218927	42	STIM=y
5222150	42	RESP=1
5234258	42	STIM=p
5241693	42	RESP=1
5251130	42	STIM=c
5255815	42	RESP=1
5269487	42	STIM=q
5278947	42	RESP=1
5288285	42	STIM=f
5292705	42	RESP=1
5304259	42	STIM=4
5311866	42	RESP=2
5320857	42	STIM=i
5324435	42	RESP=1
5338316	42	STIM=p
5344885	42	RESP=1
5355306	42	STIM=f
5358316	42	RESP=1
5371907	42	STIM=z
5376423	42	RESP=1
5387770	42	STIM=h
5392820	42	RESP=1
5405824	42	STIM=l
5409878	42	RESP=1
5420923	42	STIM=g
5425330	42	RESP=1
5436028	42	STIM=u
5439943	42	RESP=1
5451650	42	STIM=6
5458329	42	RESP=2
5468575	42	STIM=v
5472674	42	RESP=1
5485093	42	STIM=h
5492600	42	RESP=1
5501033	42	STIM=m
5509852	42	RESP=1
5519840	42	STIM=6
5527401	42	RESP=2
5536664	42	STIM=k
5540877	42	RESP=1
5552032	42	STIM=o
5555580	42	RESP=1
5570306	42	STIM=q
5576253	42	RESP=1
5586697	42	STIM=y
5596102	42	RESP=1
5604986	42	STIM=t
5608558	42	RESP=1
5621700	42	STIM=w
5627757	42	RESP=1
5637274	42	STIM=3
5644214	42	RESP=2
5654207	42	STIM=u
5657858	42	RESP=1
5670380	42	STIM=u
5673465	42	RESP=1
5685797	42	STIM=z
5688894	42	RESP=1
5703078	42	STIM=m
5706946	42	RESP=1
5718439	42	STIM=c
5723269	42	RESP=1
5736620	42	STIM=l
5741233	42	RESP=1
5754524	42	STIM=i
5758971	42	RESP=1
5770130	42	STIM=h
5775502	42	RESP=1
5786676	42	STIM=0
5790858	42	RESP=2
5804408	42	STIM=1
5808423	42	RESP=2
5822144	42	STIM=r
5829906	42	RESP=1
5838065	42	STIM=c
5842404	42	RESP=1
5855596	42	STIM=4
5862376	42	RESP=2
5872046	42	STIM=y
5879385	42	RESP=1
5887699	42	STIM=j
5891597	42	RESP=1
5905612	42	STIM=h
5910426	42	RESP=1
5922103	42	STIM=i
5925708	42	RESP=1
5938623	42	STIM=g
5942558	42	RESP=1
5955338	42	STIM=h
5958975	42	RESP=2
5973491	42	STIM=z
5976398	42	RESP=1
5991365	42	STIM=m
6000746	42	RESP=1
6007136	42	STIM=l
6014385	42	RESP=1
6024542	42	STIM=w
6029363	42	RESP=1
6040877	42	STIM=s
6043642	42	RESP=1
6057014	42	STIM=n
6059972	42	RESP=1
6072634	42	STIM=9
6077410	42	RESP=2
6087947	42	STIM=3
6092823	42	RESP=1
6103778	42	STIM=h
6107128	42	RESP=1
6120480	42	STIM=y
6125562	42	RESP=1
6139094	42	STIM=n
6145157	42	RESP=1
6157584	42	STIM=8
6162341	42	RESP=2
6176488	42	STIM=2
6181153	42	RESP=2
6192495	42	STIM=p
6201247	42	RESP=1
6209898	42	STIM=3
6216896	42	RESP=2
6228798	42	STIM=z
6232150	42	RESP=1
6244459	42	STIM=j
6248354	42	RESP=1
6260997	42	STIM=t
6265368	42	RESP=1
6277316	42	STIM=3
6285645	42	RESP=2
6293546	42	STIM=h
6296960	42	RESP=1
6309413	42	STIM=5
6313608	42	RESP=2
6327279	42	STIM=l
6335104	42	RESP=1
6342450	42	STIM=f
6353097	42	RESP=1
6360151	42	STIM=m
6363619	42	RESP=1
6375818	42	STIM=b
6380834	42	RESP=1
6392338	42	STIM=o
6397336	42	RESP=2
6409592	42	STIM=u
6416213	42	RESP=1
6428241	42	STIM=l
6436221	42	RESP=1
6445383	42	STIM=l
6448162	42	RESP=1
6462852	42	STIM=4
6465956	42	RESP=2
6479186	42	STIM=h
6484591	42	RESP=1
6494949	42	STIM=u
6498123	42	RESP=2
6513682	42	STIM=j
6517834	42	RESP=1
6532202	42	STIM=r
6535638	42	RESP=1
6550064	42	STIM=d
6553269	42	RESP=1
6567116	42	STIM=c
6569989	42	RESP=1
6585189	42	STIM=m
6588729	42	RESP=1
6600254	42	STIM=4
6605474	42	RESP=2
6617383	42	STIM=m
6620073	42	RESP=1
6634226	42	STIM=a
6641570	42	RESP=1
6649777	42	STIM=j
6654582	42	RESP=1
6666681	42	STIM=i
6674002	42	RESP=2
6682328	42	STIM=m
6688876	42	RESP=1
6699423	42	STIM=u
6704721	42	RESP=1
6716119	42	STIM=i
6726725	42	RESP=1
6731266	42	STIM=i
6734634	42	RESP=1
6748471	42	STIM=z
6752943	42	RESP=1
6765685	42	STIM=s
6768313	42	RESP=1
6783857	42	STIM=9
6789626	42	RESP=2
6800693	42	STIM=m
6809415	42	RESP=1
6818968	42	STIM=r
6824993	42	RESP=1
6836737	42	STIM=7
6841184	42	RESP=2
6855133	42	STIM=g
6859123	42	RESP=1
6871689	42	STIM=c
6876105	42	RESP=1
6890446	42	STIM=e
6896201	42	RESP=1
6909036	42	STIM=z
6913145	42	RESP=1
6925606	42	STIM=u
6930017	42	RESP=1
6941193	42	STIM=f
6946744	42	RESP=1
6959147	42	STIM=5
6968669	42	RESP=2
6977132	42	STIM=b
6984082	42	RESP=1
6993592	42	STIM=w
6998988	42	RESP=1
7009581	42	STIM=i
7015670	42	RESP=1
7025833	42	STIM=s
7034304	42	RESP=1
7044309	42	STIM=p
7048897	42	RESP=1
7060485	42	STIM=o
7063843	42	RESP=2
7078844	42	STIM=w
7081405	42	RESP=1
7095068	42	STIM=e
7099514	42	RESP=1
7110939	42	STIM=t
7120731	42	RESP=1
7126633	42	STIM=g
7129806	42	RESP=1
7143579	42	STIM=2
7147923	42	RESP=2
7161537	42	STIM=u
7165205	42	RESP=1
7178167	42	STIM=r
7182373	42	RESP=1
7195010	42	STIM=7
7200679	42	RESP=2
7213932	42	STIM=4
7219359	42	RESP=2
7232200	42	STIM=h
7240063	42	RESP=1
7247371	42	STIM=f
7252851	42	RESP=1
7264187	42	STIM=q
7269119	42	RESP=1
7280478	42	STIM=r
7284885	42	RESP=1
7298171	42	STIM=1
7303697	42	RESP=2
7315072	42	STIM=v
7319040	42	RESP=1
7331631	42	STIM=m
7337418	42	RESP=1
7350067	42	STIM=i
7352798	42	RESP=1
7366561	42	STIM=s
7372091	42	RESP=1
7385227	42	STIM=h
7388703	42	RESP=1
7402661	42	STIM=d
7407580	42	RESP=1
7420866	42	STIM=a
7424167	42	RESP=1
7437649	42	STIM=d
7441847	42	RESP=1
7455428	42	STIM=j
7458597	42	RESP=1
7472948	42	STIM=i
7477915	42	RESP=1
7490511	42	STIM=l
7494337	42	RESP=1
7507305	42	STIM=k
7515376	42	RESP=1
7523057	42	STIM=s
7526126	42	RESP=1
7541643	42	STIM=m
7550468	42	RESP=1
7560090	42	STIM=p
7567748	42	RESP=1
7575603	42	STIM=v
7581158	42	RESP=1
7590899	42	STIM=c
7596821	42	RESP=1
7607881	42	STIM=g
7615213	42	RESP=1
7626684	42	STIM=2
7632870	42	RESP=2
7645095	42	STIM=2
7650709	42	RESP=2
7662514	42	STIM=1
7668269	42	RESP=2
7680441	42	STIM=t
7684667	42	RESP=1
7697983	42	STIM=v
7701426	42	RESP=2
7715173	42	STIM=i
7722858	42	RESP=1
7733094	42	STIM=7
7736668	42	RESP=2
7751435	42	STIM=q
7758956	42	RESP=1
7768464	42	STIM=q
7773943	42	RESP=1
7786224	42	STIM=p
7790111	42	RESP=1
7804995	42	STIM=w
7808524	42	RESP=1
7821937	42	STIM=0
7827408	42	RESP=2
7838283	42	STIM=o
7845168	42	RESP=1
7854990	42	STIM=h
7861434	42	RESP=1
7871222	42	STIM=l
7875859	42	RESP=1
7886405	42	STIM=s
7889755	42	RESP=1
7901865	42	STIM=0
7906318	42	RESP=2
7918010	42	STIM=m
7921617	42	RESP=1
7934969	42	STIM=u
7938178	42	RESP=1
7950955	42	STIM=a
7953752	42	RESP=1
7968463	42	STIM=q
7979284	42	RESP=1
7987066	42	STIM=f
7989771	42	RESP=1
8004747	42	STIM=v
8009086	42	RESP=1
8021854	42	STIM=l
8025405	42	RESP=2
8040753	42	STIM=f
8044600	42	RESP=1
8059483	42	STIM=g
8062755	42	RESP=1
8076462	42	STIM=g
8080098	42	RESP=1
8091519	42	STIM=w
8096443	42	RESP=1
8109482	42	STIM=k
8112075	42	RESP=1
8125669	42	STIM=k
8128883	42	RESP=1
8142166	42	STIM=b
8147062	42	RESP=1
8160759	42	STIM=r
8165528	42	RESP=1
8179092	42	STIM=g
8189635	42	RESP=1
8194890	42	STIM=u
8198609	42	RESP=1
8213413	42	STIM=z
8216401	42	RESP=1
8231551	42	STIM=b
8235775	42	RESP=1
8248869	42	STIM=4
8255927	42	RESP=2
8265537	42	STIM=b
8269874	42	RESP=1
8282307	42	STIM=e
8285348	42	RESP=1
8298055	42	STIM=i
8302523	42	RESP=1
8313931	42	STIM=e
8316934	42	RESP=1
8331019	42	STIM=c
8335082	42	RESP=1
8349419	42	STIM=7
8354616	42	RESP=2
8367987	42	STIM=y
8371514	42	RESP=1
8383066	42	STIM=w
8386988	42	RESP=1
8398161	42	STIM=y
8401940	42	RESP=1
8414552	42	STIM=4
8420866	42	RESP=2
8431708	42	STIM=p
8434842	42	RESP=1
8448235	42	STIM=q
8454578	42	RESP=1
8466392	42	STIM=r
8470105	42	RESP=1
8485363	42	STIM=b
8490877	42	RESP=1
8501756	42	STIM=q
8507983	42	RESP=1
8520191	42	STIM=q
8524618	42	RESP=1
8535939	42	STIM=i
8542081	42	RESP=1
8551580	42	STIM=r
8557755	42	RESP=1
8569332	42	STIM=m
8573528	42	RESP=1
8586729	42	STIM=0
8591803	42	RESP=2
8602986	42	STIM=y
8609151	42	RESP=1
8620214	42	STIM=5
8627345	42	RESP=2
8637225	42	STIM=6
8642916	42	RESP=2
8652474	42	STIM=i
8656720	42	RESP=1
8669348	42	STIM=s
8674235	42	RESP=1
8684400	42	STIM=n
8692608	42	RESP=1
8700864	42	STIM=s
8705430	42	RESP=1
8717968	42	STIM=l
8724951	42	RESP=1
8733447	42	STIM=a
8738456	42	RESP=1
8750454	42	STIM=h
8755440	42	RESP=1
8768395	42	STIM=0
8777549	42	RESP=2
8783699	42	STIM=7
8790648	42	RESP=2
8799821	42	STIM=d
8804034	42	RESP=1
8818812	42	STIM=r
8822817	42	RESP=1
8835368	42	STIM=o
8840196	42	RESP=1
8850971	42	STIM=l
8854558	42	RESP=1
8868820	42	STIM=t
8878046	42	RESP=1
8884300	42	STIM=0
8889598	42	RESP=2
8902221	42	STIM=m
8906570	42	RESP=1
8920974	42	STIM=p
8925994	42	RESP=1
8937754	42	STIM=3
8944401	42	RESP=1
8954898	42	STIM=u
8962819	42	RESP=1
8973646	42	STIM=j
8980028	42	RESP=1
8992167	42	STIM=h
8996179	42	RESP=1
9008246	42	STIM=p
9011889	42	RESP=1
9024229	42	STIM=m
9028909	42	RESP=1
9039408	42	STIM=t
9043747	42	RESP=1
9055780	42	STIM=j
9062804	42	RESP=1
9072135	42	STIM=z
9076148	42	RESP=1
9088013	42	STIM=y
9094447	42	RESP=1
9106163	42	STIM=b
9110907	42	RESP=1
9124551	42	STIM=7
9129057	42	RESP=2
9140620	42	STIM=q
9145326	42	RESP=1
9156839	42	STIM=w
9160117	42	RESP=1
9175708	42	STIM=t
9180836	42	RESP=1
9194252	42	STIM=x
9201828	42	RESP=1
9211232	42	STIM=3
9217224	42	RESP=1
9227379	42	STIM=0
9232634	42	RESP=1
9243824	42	STIM=b
9250684	42	RESP=1
9260801	42	STIM=u
9264482	42	RESP=1
9277502	42	STIM=m
9285148	42	RESP=1
9292827	42	STIM=g
9296818	42	RESP=1
9309671	42	STIM=z
9313902	42	RESP=1
9327847	42	STIM=m
9334287	42	RESP=1
9345700	42	STIM=h
9353398	42	RESP=1
9361636	42	STIM=l
9365282	42	RESP=1
9379561	42	STIM=x
9383233	42	RESP=1
9396005	42	STIM=u
9403525	42	RESP=1
9412646	42	STIM=k
9416251	42	RESP=1
9430284	42	STIM=h
9434483	42	RESP=1
9448583	42	STIM=z
9451985	42	RESP=1
9466993	42	STIM=q
9470399	42	RESP=1
9485709	42	STIM=n
9489260	42	RESP=1
9501890	42	STIM=y
9506344	42	RESP=1
9517110	42	STIM=f
9522098	42	RESP=1
9534062	42	STIM=z
9538374	42	RESP=1
9552272	42	STIM=e
9556864	42	RESP=1
9570995	42	STIM=x
9574555	42	RESP=2
9588230	42	STIM=1
9592603	42	RESP=2
9605011	42	STIM=6
9610385	42	RESP=2
9623193	42	STIM=q
9625634	42	RESP=1
9639873	42	STIM=p
9643554	42	RESP=1
9656730	42	STIM=h
9660415	42	RESP=1
9675697	42	STIM=i
9681638	42	RESP=1
9692597	42	STIM=n
9697099	42	RESP=1
9708282	42	STIM=v
9711188	42	RESP=1
9725934	42	STIM=t
9730657	42	RESP=1
9742926	42	STIM=n
9746458	42	RESP=1
9760027	42	STIM=m
9767778	42	RESP=1
9778790	42	STIM=g
9782194	42	RESP=1
9794277	42	STIM=t
9798878	42	RESP=1
9810184	42	STIM=v
9813055	42	RESP=1
9826603	42	STIM=h
9831215	42	RESP=2
9844016	42	STIM=x
9847488	42	RESP=1
9861314	42	STIM=j
9865219	42	RESP=1
9878057	42	STIM=x
9883624	42	RESP=1
9895653	42	STIM=6
9900854	42	RESP=2
9911791	42	STIM=u
9917085	42	RESP=1
9928602	42	STIM=v
9934151	42	RESP=1
9946452	42	STIM=t
9951074	42	RESP=1
9964885	42	STIM=t
9969684	42	RESP=1
9982496	42	STIM=d
9987181	42	RESP=1
9998859	42	STIM=6
10003094	42	RESP=2
10014089	42	STIM=e
10021689	42	RESP=1
10029526	42	STIM=c
10035016	42	RESP=1
10047073	42	STIM=8
10051429	42	RESP=2
10062643	42	STIM=z
10066183	42	RESP=1
10080283	42	STIM=k
10085022	42	RESP=1
10097425	42	STIM=3
10101773	42	RESP=2
10116419	42	STIM=v
10120173	42	RESP=1
10134371	42	STIM=6
10142733	42	RESP=1
10151263	42	STIM=r
10155832	42	RESP=1
10168653	42	STIM=h
10173857	42	RESP=1
10186013	42	STIM=g
10189562	42	RESP=1
10203869	42	STIM=z
10209353	42	RESP=1
10221945	42	STIM=x
10230709	42	RESP=1
10239360	42	STIM=p
10242654	42	RESP=1
10255577	42	STIM=r
10260718	42	RESP=1
10274478	42	STIM=m
10279931	42	RESP=1
10291130	42	STIM=0
10295417	42	RESP=2
10307314	42	STIM=h
10314055	42	RESP=1
10324313	42	STIM=v
10331876	42	RESP=1
10343053	42	STIM=g
10347527	42	RESP=1
10360800	42	STIM=k
10369632	42	RESP=1
10379129	42	STIM=p
10383877	42	RESP=1
10396753	42	STIM=c
10401072	42	RESP=1
10413462	42	STIM=n
10418079	42	RESP=1
10431146	42	STIM=6
10435496	42	RESP=2
10448716	42	STIM=e
10452368	42	RESP=1
10463946	42	STIM=s
10469703	42	RESP=1
10482040	42	STIM=i
10486705	42	RESP=1
10497693	42	STIM=e
10502129	42	RESP=1
10515145	42	STIM=6
10520706	42	RESP=2
10532638	42	STIM=n
10536325	42	RESP=1
10549343	42	STIM=k
10553655	42	RESP=1
10565672	42	STIM=d
10572375	42	RESP=1
10581167	42	STIM=3
10585517	42	RESP=2
10600034	42	STIM=f
10605486	42	RESP=1
10616724	42	STIM=n
10620362	42	RESP=1
10631950	42	STIM=q
10635872	42	RESP=1
10648793	42	STIM=d
10655533	42	RESP=1
10665397	42	STIM=p
10669544	42	RESP=1
10684254	42	STIM=2
10688760	42	RESP=2
10702197	42	STIM=m
10707575	42	RESP=1
10718991	42	STIM=0
10723310	42	RESP=2
10734294	42	STIM=z
10740606	42	RESP=1
10753253	42	STIM=v
10758635	42	RESP=1
10771636	42	STIM=m
10780239	42	RESP=1
10787080	42	STIM=o
10791669	42	RESP=1
10805626	42	STIM=z
10808774	42	RESP=1
10821275	42	STIM=3
10825525	42	RESP=2
10838317	42	STIM=w
10842133	42	RESP=1
10854259	42	STIM=w
10857643	42	RESP=1
10872804	42	STIM=r
10877276	42	RESP=1
10890682	42	STIM=8
10896394	42	RESP=2
10909374	42	STIM=s
10913884	42	RESP=1
10928299	42	STIM=7
10934468	42	RESP=2
10944602	42	STIM=8
10948067	42	RESP=2
10960503	42	STIM=g
10965074	42	RESP=1
10976049	42	STIM=0
10982521	42	RESP=1
10991110	42	STIM=0
10994807	42	RESP=2
11007801	42	STIM=t
11014580	42	RESP=1
11023139	42	STIM=2
11029039	42	RESP=2
11038602	42	STIM=x
11043728	42	RESP=1
11055260	42	STIM=a
11060882	42	RESP=1
11074192	42	STIM=j
11077223	42	RESP=1
11091636	42	STIM=q
11098301	42	RESP=1
11109919	42	STIM=5
11117555	42	RESP=2
11125225	42	STIM=y
11128402	42	RESP=1
11143732	42	STIM=p
11148650	42	RESP=1
11161887	42	STIM=t
11165451	42	RESP=1
11180415	42	STIM=o
11185837	42	RESP=1
11198194	42	STIM=f
11201990	42	RESP=1
11216535	42	STIM=a
11219474	42	RESP=1
11235134	42	STIM=s
11239773	42	RESP=1
11253044	42	STIM=g
11256499	42	RESP=1
11269470	42	STIM=e
11272773	42	RESP=1
11287095	42	STIM=1
11290709	42	RESP=2
11302282	42	STIM=h
11307013	42	RESP=1
11317598	42	STIM=o
11322786	42	RESP=1
11335498	42	STIM=f
11339313	42	RESP=1
11353245	42	STIM=6
11357939	42	RESP=2
11372210	42	STIM=5
11377667	42	RESP=2
11388996	42	STIM=4
11395572	42	RESP=2
11407726	42	STIM=u
11416259	42	RESP=1
11422962	42	STIM=j
11428229	42	RESP=1
11438091	42	STIM=6
11443983	42	RESP=2
11453733	42	STIM=y
11460521	42	RESP=1
11471691	42	STIM=n
11474863	42	RESP=1
11487385	42	STIM=x
11491951	42	RESP=2
11504319	42	STIM=w
11513466	42	RESP=1
11522667	42	STIM=d
11526781	42	RESP=2
11537865	42	STIM=f
11544762	42	RESP=1
11556123	42	STIM=v
11559743	42	RESP=1
11574015	42	STIM=a
11577863	42	RESP=1
11592803	42	STIM=p
11596162	42	RESP=1
11607994	42	STIM=o
11611798	42	RESP=1
11623158	42	STIM=z
11630439	42	RESP=1
11638291	42	STIM=c
11647818	42	RESP=1
11657127	42	STIM=o
11663156	42	RESP=1
11672550	42	STIM=q
11677681	42	RESP=1
11691301	42	STIM=w
11695082	42	RESP=1
11709796	42	STIM=0
11716160	42	RESP=1
11726533	42	STIM=d
11730508	42	RESP=1
11742155	42	STIM=b
11746867	42	RESP=1
11759650	42	STIM=3
11764522	42	RESP=2
11774773	42	STIM=a
11777723	42	RESP=1
11790173	42	STIM=i
11793341	42	RESP=1
11805614	42	STIM=y
11810813	42	RESP=1
11820972	42	STIM=k
11825161	42	RESP=1
11836856	42	STIM=a
11841433	42	RESP=1
11852995	42	STIM=w
11858532	42	RESP=1
11868360	42	STIM=e
11873644	42	RESP=1
11884456	42	STIM=g
11890072	42	RESP=1
11901208	42	STIM=x
11905387	42	RESP=1
11919442	42	STIM=g
11924602	42	RESP=1
11934966	42	STIM=6
11939624	42	RESP=2
11950350	42	STIM=2
11954971	42	RESP=2
11968516	42	STIM=g
11971082	42	RESP=1
11985778	42	STIM=p
11991912	42	RESP=1
12003152	42	STIM=q
12008584	42	RESP=1
12020731	42	STIM=n
12026762	42	RESP=1
12039366	42	STIM=q
12047280	42	RESP=1
12055743	42	STIM=6
12059869	42	RESP=2
12074210	42	STIM=k
12080599	42	RESP=1
12091343	42	STIM=a
12096425	42	RESP=1
12108379	42	STIM=t
12111642	42	RESP=1
12124835	42	STIM=d
12129438	42	RESP=1
12141499	42	STIM=s
12146111	42	RESP=1
12159606	42	STIM=l
12163658	42	RESP=1
12176189	42	STIM=z
12179870	42	RESP=1
12193649	42	STIM=l
12198905	42	RESP=1
12209332	42	STIM=c
12213319	42	RESP=1
12224528	42	STIM=z
12229860	42	RESP=1
12241055	42	STIM=b
12248310	42	RESP=1
12256173	42	STIM=w
12260521	42	RESP=1
12271378	42	STIM=x
12277370	42	RESP=1
12290173	42	STIM=6
12297142	42	RESP=2
12307054	42	STIM=o
12310552	42	RESP=1
12323950	42	STIM=5
12331139	42	RESP=2
12341114	42	STIM=w
12344756	42	RESP=1
12358470	42	STIM=t
12362988	42	RESP=1
12376732	42	STIM=r
12379872	42	RESP=1
12393034	42	STIM=g
12397304	42	RESP=1
12409767	42	STIM=c
12414166	42	RESP=1
12425610	42	STIM=g
12429825	42	RESP=1
12443976	42	STIM=7
12449634	42	RESP=2
12462459	42	STIM=e
12465523	42	RESP=1
12477783	42	STIM=e
12481943	42	RESP=1
12494925	42	STIM=q
12503294	42	RESP=1
12511756	42	STIM=9
12517037	42	RESP=2
12530051	42	STIM=g
12534619	42	RESP=1
12546569	42	STIM=y
12551197	42	RESP=1
12563031	42	STIM=p
12570935	42	RESP=1
12578079	42	STIM=a
12582646	42	RESP=1
12595726	42	STIM=v
12600618	42	RESP=1
12611380	42	STIM=p
12615160	42	RESP=1
12626484	42	STIM=s
12633373	42	RESP=1
12642826	42	STIM=p
12647177	42	RESP=1
12658668	42	STIM=0
12662668	42	RESP=2
12673746	42	STIM=t
12677658	42	RESP=1
12689675	42	STIM=d
12693420	42	RESP=1
12705441	42	STIM=w
12709591	42	RESP=1
12721977	42	STIM=6
12725990	42	RESP=2
12740436	42	STIM=x
12745768	42	RESP=1
12756007	42	STIM=b
12759216	42	RESP=1
12774535	42	STIM=h
12780279	42	RESP=1
12791322	42	STIM=5
12798858	42	RESP=2
12809922	42	STIM=v
12812381	42	RESP=1
12825899	42	STIM=j
12830650	42	RESP=1
12842198	42	STIM=9
12847697	42	RESP=2
12859626	42	STIM=u
12862795	42	RESP=1
12874722	42	STIM=s
12882226	42	RESP=1
12890527	42	STIM=v
12895033	42	RESP=1
12906274	42	STIM=v
12913270	42	RESP=1
12923587	42	STIM=4
12929268	42	RESP=2
12941577	42	STIM=x
12948185	42	RESP=1
12958909	42	STIM=v
12962456	42	RESP=1
12975548	42	STIM=6
12984501	42	RESP=2
12992916	42	STIM=t
12995681	42	RESP=1
13011327	42	STIM=b
13017514	42	RESP=1
13029285	42	STIM=t
13032247	42	RESP=1
13044944	42	STIM=6
13051788	42	RESP=2
13062898	42	STIM=x
13068108	42	RESP=1
13081624	42	STIM=l
13085804	42	RESP=1
13097676	42	STIM=6
13103674	42	RESP=2
13114056	42	STIM=u
13118987	42	RESP=1
13129934	42	STIM=k
13133258	42	RESP=1
13146238	42	STIM=l
13149190	42	RESP=1
13162032	42	STIM=t
13165693	42	RESP=1
13179290	42	STIM=a
13181916	42	RESP=1
13197268	42	STIM=v
13200796	42	RESP=1
13215054	42	STIM=c
13219089	42	RESP=1
13230602	42	STIM=q
13235318	42	RESP=1
13247377	42	STIM=e
13250933	42	RESP=1
13262974	42	STIM=m
13267904	42	RESP=1
13278722	42	STIM=t
13286883	42	RESP=1
13297275	42	STIM=e
13303464	42	RESP=1
13313540	42	STIM=r
13317275	42	RESP=1
13329282	42	STIM=p
13333562	42	RESP=1
13347969	42	STIM=5
13357418	42	RESP=2
13364152	42	STIM=y
13370116	42	RESP=2
13380989	42	STIM=h
13384703	42	RESP=1
13397237	42	STIM=s
13400774	42	RESP=1
13414831	42	STIM=p
13418432	42	RESP=1
13431518	42	STIM=v
13437607	42	RESP=1
13447040	42	STIM=r
13453937	42	RESP=1
13462973	42	STIM=c
13468417	42	RESP=1
13480448	42	STIM=w
13484744	42	RESP=1
13496692	42	STIM=b
13501982	42	RESP=1
13512357	42	STIM=p
13516537	42	RESP=1
13527510	42	STIM=6
13531610	42	RESP=2
13543303	42	STIM=e
13551725	42	RESP=1
13560591	42	STIM=y
13565086	42	RESP=1
13576591	42	STIM=e
13579389	42	RESP=1
13592296	42	STIM=e
13597644	42	RESP=1
13608606	42	STIM=w
13611679	42	RESP=1
13625176	42	STIM=s
13629606	42	RESP=1
13642647	42	STIM=e
13645796	42	RESP=1
13660610	42	STIM=e
13666782	42	RESP=1
13677973	42	STIM=t
13682103	42	RESP=1
13695819	42	STIM=x
13701473	42	RESP=1
13711127	42	STIM=f
13715062	42	RESP=1
13726929	42	STIM=c
13732658	42	RESP=1
13744086	42	STIM=l
13748267	42	RESP=1
13761263	42	STIM=b
13766682	42	RESP=1
13776609	42	STIM=b
13779879	42	RESP=1
13795304	42	STIM=s
13799774	42	RESP=1
13813837	42	STIM=9
13821972	42	RESP=2
13831630	42	STIM=g
13838090	42	RESP=1
13848467	42	STIM=s
13851504	42	RESP=1
13867317	42	STIM=e
13872228	42	RESP=2
13883571	42	STIM=s
13889531	42	RESP=1
13902090	42	STIM=2
13905908	42	RESP=2
13919430	42	STIM=5
13923839	42	RESP=2
13936275	42	STIM=f
13939393	42	RESP=1
13952936	42	STIM=x
13955718	42	RESP=1
13971734	42	STIM=p
13974882	42	RESP=1
13987743	42	STIM=x
13992760	42	RESP=1
14005058	42	STIM=b
14007958	42	RESP=1
14022084	42	STIM=q
14025250	42	RESP=1
14037779	42	STIM=w
14041923	42	RESP=1
14055551	42	STIM=3
14059100	42	RESP=2
14070783	42	STIM=0
14075255	42	RESP=2
14087267	42	STIM=4
14092827	42	RESP=2
14104662	42	STIM=b
14111446	42	RESP=1
14120678	42	STIM=b
14125595	42	RESP=1
14137567	42	STIM=b
14140328	42	RESP=1
14154656	42	STIM=a
14157309	42	RESP=1
14170722	42	STIM=2
14178974	42	RESP=2
14188068	42	STIM=z
14193232	42	RESP=1
14204690	42	STIM=1
14212283	42	RESP=2
14222132	42	STIM=q
14226713	42	RESP=1
14239975	42	STIM=p
14248373	42	RESP=1
14255656	42	STIM=8
14268027	42	RESP=1
14273521	42	STIM=w
14279687	42	RESP=1
14289694	42	STIM=z
14292450	42	RESP=1
14307079	42	STIM=z
14314574	42	RESP=1
14322368	42	STIM=z
14325723	42	RESP=1
14340792	42	STIM=e
14347186	42	RESP=1
14359298	42	STIM=5
14366550	42	RESP=2
14377824	42	STIM=7
14382904	42	RESP=2
14393669	42	STIM=x
14396578	42	RESP=1
14409483	42	STIM=b
14413000	42	RESP=1
14424667	42	STIM=6
14428287	42	RESP=2
14440379	42	STIM=g
14444741	42	RESP=1
14458770	42	STIM=r
14465101	42	RESP=2
14474612	42	STIM=j
14479112	42	RESP=1
14492588	42	STIM=8
14496977	42	RESP=2
14509578	42	STIM=k
14514128	42	RESP=1
14525088	42	STIM=q
14530040	42	RESP=1
14541062	42	STIM=n
14546208	42	RESP=1
14559286	42	STIM=4
14564401	42	RESP=2
14577682	42	STIM=e
14581165	42	RESP=1
14594122	42	STIM=q
14602061	42	RESP=1
14610078	42	STIM=2
14620420	42	RESP=2
14625781	42	STIM=h
14632247	42	RESP=1
14644045	42	STIM=i
14648592	42	RESP=1
14660290	42	STIM=x
14663880	42	RESP=1
14676252	42	STIM=6
14680530	42	RESP=2
14693748	42	STIM=1
14699191	42	RESP=2
14710725	42	STIM=4
14715673	42	RESP=2
14728069	42	STIM=o
14732092	42	RESP=1
14743963	42	STIM=8
14748329	42	RESP=2
14762666	42	STIM=6
14768121	42	RESP=2
14780908	42	STIM=b
14786364	42	RESP=1
14799726	42	STIM=6
14807336	42	RESP=2
14816382	42	STIM=h
14821832	42	RESP=1
14835174	42	STIM=h
14837971	42	RESP=2
14851922	42	STIM=z
14855546	42	RESP=1
14870740	42	STIM=a
14874918	42	RESP=1
14888919	42	STIM=f
14892612	42	RESP=1
14907200	42	STIM=r
14914689	42	RESP=1
14923144	42	STIM=s
14928168	42	RESP=1
14939565	42	STIM=l
14946717	42	RESP=1
14956236	42	STIM=v
14960630	42	RESP=1
14974754	42	STIM=v
14984189	42	RESP=1
14990444	42	STIM=d
14994588	42	RESP=1
15006187	42	STIM=h
15012573	42	RESP=2
15024634	42	STIM=j
15027634	42	RESP=1
15041074	42	STIM=y
15045968	42	RESP=1
15057425	42	STIM=3
15065956	42	RESP=2
15073989	42	STIM=b
15078279	42	RESP=1
15089233	42	STIM=k
15092197	42	RESP=1
15104945	42	STIM=b
15112268	42	RESP=1
15120858	42	STIM=s
15127747	42	RESP=1
15137050	42	STIM=x
15151318	42	RESP=1
15155972	42	STIM=k
15163161	42	RESP=1
15172439	42	STIM=3
15179533	42	RESP=2
15189403	42	STIM=a
15195634	42	RESP=2
15204595	42	STIM=v
15211159	42	RESP=1
15222877	42	STIM=s
15231358	42	RESP=1
15240974	42	STIM=u
15246773	42	RESP=1
15258901	42	STIM=j
15263904	42	RESP=1
15276308	42	STIM=y
15279417	42	RESP=1
15294078	42	STIM=c
15297379	42	RESP=1
15312519	42	STIM=z
15316301	42	RESP=1
15327768	42	STIM=c
15332608	42	RESP=1
15344049	42	STIM=p
15346974	42	RESP=1
15360133	42	STIM=y
15365056	42	RESP=1
15375795	42	STIM=j
15380484	42	RESP=1
15393831	42	STIM=v
15401286	42	RESP=1
15412560	42	STIM=q
15416717	42	RESP=1
15429702	42	STIM=u
15434140	42	RESP=1
15445372	42	STIM=l
15451832	42	RESP=1
15464327	42	STIM=o
15470146	42	RESP=1
15481533	42	STIM=3
15486070	42	RESP=2
15497529	42	STIM=e
15501577	42	RESP=1
15515605	42	STIM=7
15520153	42	RESP=2
15531958	42	STIM=8
15537631	42	RESP=2
15549080	42	STIM=e
15552986	42	RESP=1
15567707	42	STIM=5
15572256	42	RESP=2
15582769	42	STIM=e
15588760	42	RESP=1
15601169	42	STIM=5
15609297	42	RESP=2
15618853	42	STIM=x
15622252	42	RESP=2
15635174	42	STIM=q
15639450	42	RESP=1
15653917	42	STIM=k
15659304	42	RESP=1
15670120	42	STIM=n
15675441	42	RESP=1
15685145	42	STIM=a
15692594	42	RESP=1
15703137	42	STIM=9
15710564	42	RESP=1
15719647	42	STIM=e
15725146	42	RESP=1
15737555	42	STIM=p
15743079	42	RESP=1
15755790	42	STIM=g
15759394	42	RESP=1
15772933	42	STIM=u
15776709	42	RESP=1
15789937	42	STIM=3
15797345	42	RESP=2
15807207	42	STIM=t
15811276	42	RESP=1
15822524	42	STIM=c
15830020	42	RESP=1
15838344	42	STIM=o
15844273	42	RESP=1
15853352	42	STIM=e
15857667	42	RESP=1
15871710	42	STIM=1
15877108	42	RESP=2
15888462	42	STIM=8
15895461	42	RESP=2
15904651	42	STIM=7
15909760	42	RESP=2
15919792	42	STIM=d
15925842	42	RESP=1
15937797	42	STIM=4
15941723	42	RESP=1
15954159	42	STIM=v
15960866	42	RESP=1
15970046	42	STIM=i
15973826	42	RESP=1
15988324	42	STIM=y
15994877	42	RESP=1
16006261	42	STIM=h
16009112	42	RESP=1
16023514	42	STIM=h
16028985	42	RESP=1
16041104	42	STIM=7
16045377	42	RESP=1
16057685	42	STIM=d
16061930	42	RESP=1
16074965	42	STIM=9
16078750	42	RESP=2
16091520	42	STIM=7
16094585	42	RESP=2
16107860	42	STIM=9
16111356	42	RESP=1
16124218	42	STIM=e
16127654	42	RESP=1
16140230	42	STIM=u
16145498	42	RESP=1
16158136	42	STIM=2
16165617	42	RESP=2
16176849	42	STIM=2
16182560	42	RESP=2
16192933	42	STIM=n
16195722	42	RESP=1
16210615	42	STIM=n
16214093	42	RESP=1
16226469	42	STIM=w
16229928	42	RESP=1
16242009	42	STIM=6
16248257	42	RESP=2
16257961	42	STIM=c
16264367	42	RESP=1
16276005	42	STIM=n
16279746	42	RESP=1
16293624	42	STIM=y
16303316	42	RESP=1
16311643	42	STIM=x
16318460	42	RESP=1
16328299	42	STIM=n
16331806	42	RESP=1
16345078	42	STIM=q
16348594	42	RESP=1
16361874	42	STIM=1
16368425	42	RESP=2
16380357	42	STIM=c
16384436	42	RESP=1
16399002	42	STIM=8
16405170	42	RESP=2
16414061	42	STIM=v
16418211	42	RESP=1
16432337	42	STIM=t
16436317	42	RESP=1
16451311	42	STIM=a
16454945	42	RESP=1
16466988	42	STIM=h
16471388	42	RESP=1
16482309	42	STIM=n
16488276	42	RESP=1
16498497	42	STIM=w
16503023	42	RESP=1
16514866	42	STIM=l
16517790	42	RESP=1
16531324	42	STIM=u
16534646	42	RESP=1
16548694	42	STIM=3
16553050	42	RESP=2
16563806	42	STIM=a
16567431	42	RESP=1
16579091	42	STIM=o
16582553	42	RESP=1
16595039	42	STIM=o
16601370	42	RESP=1
16611293	42	STIM=9
16615788	42	RESP=2
16629269	42	STIM=3
16636869	42	RESP=2
16644886	42	STIM=m
16647994	42	RESP=1
16662324	42	STIM=w
16665300	42	RESP=1
16679500	42	STIM=6
16685854	42	RESP=2
16694963	42	STIM=g
16699981	42	RESP=1
16712828	42	STIM=o
16716122	42	RESP=1
16730345	42	STIM=j
16732885	42	RESP=1
16746143	42	STIM=u
16750039	42	RESP=1
16763376	42	STIM=u
16766618	42	RESP=1
16781781	42	STIM=s
16786171	42	RESP=1
16799931	42	STIM=d
16807948	42	RESP=2
16818394	42	STIM=o
16821651	42	RESP=1
16836077	42	STIM=m
16842868	42	RESP=1
16853391	42	STIM=u
16857199	42	RESP=1
16869840	42	STIM=i
16873459	42	RESP=1
16887822	42	STIM=h
16891423	42	RESP=1
16904258	42	STIM=u
16909356	42	RESP=1
16922848	42	STIM=e
16930629	42	RESP=1
16938892	42	STIM=j
16950011	42	RESP=1
16957552	42	STIM=l
16960809	42	RESP=1
16976316	42	STIM=n
16989033	42	RESP=1
16991539	42	STIM=a
16997916	42	RESP=1
17009576	42	STIM=r
17014170	42	RESP=1
17025031	42	STIM=d
17029255	42	RESP=1
17040190	42	STIM=v
17043762	42	RESP=1
17056256	42	STIM=i
17061643	42	RESP=1
17074700	42	STIM=q
17078845	42	RESP=1
17093174	42	STIM=3
17106338	42	RESP=2
17110258	42	STIM=n
17115327	42	RESP=1
17128893	42	STIM=4
17133100	42	RESP=2
17146333	42	STIM=0
17150394	42	RESP=2
17161416	42	STIM=o
17165215	42	RESP=1
17178532	42	STIM=g
17182594	42	RESP=1
17194728	42	STIM=1
17200525	42	RESP=2
17210905	42	STIM=k
17215220	42	RESP=1
17228971	42	STIM=i
17233264	42	RESP=1
17247487	42	STIM=h
17251906	42	RESP=1
17264222	42	STIM=w
17268609	42	RESP=1
17280015	42	STIM=u
17283215	42	RESP=1
17297074	42	STIM=2
17301737	42	RESP=2
17313423	42	STIM=h
17317156	42	RESP=1
17332347	42	STIM=2
17336510	42	RESP=2
17348246	42	STIM=n
17353117	42	RESP=1
17363977	42	STIM=4
17372923	42	RESP=2
17379868	42	STIM=e
17383265	42	RESP=1
17398676	42	STIM=9
17404164	42	RESP=2
17416244	42	STIM=r
17421504	42	RESP=1
17432241	42	STIM=b
17438166	42	RESP=1
17447796	42	STIM=2
17457145	42	RESP=2
17464223	42	STIM=g
17472686	42	RESP=1
17479311	42	STIM=c
17482577	42	RESP=1
17497788	42	STIM=h
17504718	42	RESP=1
17515795	42	STIM=3
17519967	42	RESP=1
17532683	42	STIM=f
17539221	42	RESP=1
17549365	42	STIM=y
17553062	42	RESP=1
17567151	42	STIM=i
17575090	42	RESP=1
17582975	42	STIM=h
17590633	42	RESP=1
17598705	42	STIM=o
17602991	42	RESP=1
17613707	42	STIM=j
17617476	42	RESP=1
17629929	42	STIM=t
17634083	42	RESP=1
17648271	42	STIM=i
17655176	42	RESP=1
17666530	42	STIM=d
17672450	42	RESP=1
17683091	42	STIM=j
17686058	42	RESP=1
17699130	42	STIM=p
17702778	42	RESP=2
17716401	42	STIM=8
17722686	42	RESP=2
17732100	42	STIM=q
17734894	42	RESP=1
17749473	42	STIM=7
17753135	42	RESP=2
17767244	42	STIM=8
17771984	42	RESP=2
17785432	42	STIM=z
17790475	42	RESP=1
17800895	42	STIM=m
17807276	42	RESP=1
17819187	42	STIM=d
17826029	42	RESP=1
17838162	42	STIM=x
17843224	42	RESP=1
17855939	42	STIM=h
17861760	42	RESP=1
17872851	42	STIM=b
17879125	42	RESP=1
17890495	42	STIM=q
17896918	42	RESP=1
17908763	42	STIM=h
17912545	42	RESP=2
17927610	42	STIM=5
17935641	42	RESP=2
17946489	42	STIM=6
17957217	42	RESP=2
17965222	42	STIM=k
17970962	42	RESP=1
17983953	42	STIM=3
17989438	42	RESP=2
18002471	42	STIM=e
18007114	42	RESP=1
18020377	42	STIM=k
18024127	42	RESP=1
18036673	42	STIM=s
18040290	42	RESP=1
18054431	42	STIM=e
18060826	42	RESP=1
18072545	42	STIM=l
18077456	42	RESP=1
18089193	42	STIM=k
18091677	42	RESP=1
18104367	42	STIM=m
18107556	42	RESP=1
18120605	42	STIM=q
18125091	42	RESP=1
18136035	42	STIM=c
18138974	42	RESP=1
18154743	42	STIM=c
18159516	42	RESP=1
18173430	42	STIM=r
18179634	42	RESP=1
18188977	42	STIM=2
18196974	42	RESP=2
18205184	42	STIM=p
18210634	42	RESP=1
18221906	42	STIM=u
18228359	42	RESP=1
18239117	42	STIM=k
18244009	42	RESP=1
18256101	42	STIM=k
18262229	42	RESP=1
18271733	42	STIM=b
18276087	42	RESP=1
18289454	42	STIM=8
18295255	42	RESP=2
18307294	42	STIM=j
18312065	42	RESP=1
18322884	42	STIM=r
18328451	42	RESP=1
18340662	42	STIM=7
18344655	42	RESP=2
18359534	42	STIM=s
18362619	42	RESP=1
18374663	42	STIM=n
18379162	42	RESP=1
18390773	42	STIM=q
18394560	42	RESP=1
18408839	42	STIM=3
18415421	42	RESP=2
18425470	42	STIM=9
18429731	42	RESP=2
18443452	42	STIM=o
18448043	42	RESP=1
18462383	42	STIM=o
18468569	42	RESP=1
18478932	42	STIM=7
18485645	42	RESP=2
18497497	42	STIM=u
18502615	42	RESP=1
18515508	42	STIM=w
18520650	42	RESP=1
18532687	42	STIM=g
18536575	42	RESP=1
18551657	42	STIM=l
18556054	42	RESP=1
18567337	42	STIM=c
18571678	42	RESP=1
18584371	42	STIM=7
18589327	42	RESP=2
18602172	42	STIM=s
18605458	42	RESP=1
18618322	42	STIM=6
18621540	42	RESP=2
18633939	42	STIM=l
18638741	42	RESP=1
18649549	42	STIM=l
18657445	42	RESP=1
18667220	42	STIM=y
18670114	42	RESP=1
18686069	42	STIM=s
18691194	42	RESP=1
18703051	42	STIM=r
18708571	42	RESP=1
18720601	42	STIM=x
18725077	42	RESP=1
18739074	42	STIM=f
18743799	42	RESP=1
18754930	42	STIM=t
18758793	42	RESP=1
18770129	42	STIM=f
18776663	42	RESP=1
18788126	42	STIM=0
18793359	42	RESP=2
18805694	42	STIM=x
18809164	42	RESP=1
18822953	42	STIM=h
18826568	42	RESP=2
18841181	42	STIM=h
18845787	42	RESP=1
18857866	42	STIM=6
18862386	42	RESP=2
18873150	42	STIM=w
18877718	42	RESP=1
18888504	42	STIM=v
18893026	42	RESP=1
18906382	42	STIM=x
18912400	42	RESP=1
18921389	42	STIM=n
18926613	42	RESP=1
18939032	42	STIM=5
18944775	42	RESP=2
18957309	42	STIM=a
18960923	42	RESP=1
18973506	42	STIM=e
18985005	42	RESP=1
18988657	42	STIM=v
18994452	42	RESP=2
19007021	42	STIM=c
19014507	42	RESP=1
19024561	42	STIM=0
19028228	42	RESP=1
19042218	42	STIM=j
19045871	42	RESP=1
19059003	42	STIM=1
19063603	42	RESP=2
19075456	42	STIM=n
19079354	42	RESP=1
19094449	42	STIM=4
19100342	42	RESP=2
19110305	42	STIM=a
19113668	42	RESP=1
19129021	42	STIM=r
19134208	42	RESP=2
19147715	42	STIM=i
19151512	42	RESP=1
19165597	42	STIM=a
19170754	42	RESP=1
19181536	42	STIM=s
19186030	42	RESP=1
19197969	42	STIM=a
19207196	42	RESP=1
19215823	42	STIM=w
19218780	42	RESP=1
19234245	42	STIM=3
19237689	42	RESP=2
19251698	42	STIM=w
19256982	42	RESP=1
19269819	42	STIM=e
19273266	42	RESP=1
19285152	42	STIM=r
19288040	42	RESP=1
19302810	42	STIM=h
19308967	42	RESP=1
19320348	42	STIM=e
19326659	42	RESP=1
19337177	42	STIM=u
19341883	42	RESP=1
19353504	42	STIM=d
19359640	42	RESP=1
19372007	42	STIM=k
19377298	42	RESP=1
19387833	42	STIM=m
19391833	42	RESP=1
19403901	42	STIM=h
19406978	42	RESP=1
19422829	42	STIM=o
19426067	42	RESP=1
19438610	42	STIM=q
19443831	42	RESP=1
19454517	42	STIM=b
19460237	42	RESP=1
19470164	42	STIM=n
19477497	42	RESP=1
19485660	42	STIM=w
19490584	42	RESP=1
19503486	42	STIM=f
19506791	42	RESP=1
19519121	42	STIM=f
19523940	42	RESP=1
19534639	42	STIM=x
19537934	42	RESP=1
19550537	42	STIM=2
19555873	42	RESP=2
19569219	42	STIM=m
19577342	42	RESP=1
19586800	42	STIM=l
19593193	42	RESP=1
19602666	42	STIM=a
19606117	42	RESP=1
19617787	42	STIM=p
19623590	42	RESP=1
19636343	42	STIM=l
19640272	42	RESP=1
19653750	42	STIM=k
19657632	42	RESP=1
19671155	42	STIM=9
19677811	42	RESP=2
19689398	42	STIM=g
19692879	42	RESP=1
19706887	42	STIM=9
19714213	42	RESP=2
19724868	42	STIM=m
19728807	42	RESP=1
19742046	42	STIM=m
19745730	42	RESP=1
19759639	42	STIM=a
19764269	42	RESP=1
19776058	42	STIM=m
19781969	42	RESP=1
19793185	42	STIM=7
19797724	42	RESP=1
19809891	42	STIM=a
19815334	42	RESP=1
19825916	42	STIM=i
19829131	42	RESP=1
19843285	42	STIM=8
19849693	42	RESP=1
19859812	42	STIM=q
19864081	42	RESP=1
19878405	42	STIM=g
19882241	42	RESP=1
19894133	42	STIM=w
19898274	42	RESP=1
19910963	42	STIM=t
19916187	42	RESP=1
19926132	42	STIM=e
19929331	42	RESP=1
19942210	42	STIM=l
19946823	42	RESP=1
19959343	42	STIM=s
19963975	42	RESP=1
19977779	42	STIM=t
19980262	42	RESP=1
19993648	42	STIM=k
19996257	42	RESP=1
20011444	42	STIM=h
20017617	42	RESP=1
20029108	42	STIM=x
20031696	42	RESP=1
20047738	42	STIM=o
20054925	42	RESP=1
20065492	42	STIM=l
20071777	42	RESP=1
20081757	42	STIM=1
20087819	42	RESP=2
20099856	42	STIM=h
20103187	42	RESP=1
20118521	42	STIM=f
20123243	42	RESP=1
20137292	42	STIM=g
20142330	42	RESP=1
20154259	42	STIM=t
20162282	42	RESP=1
20171298	42	STIM=y
20173937	42	RESP=1
20187646	42	STIM=z
20191695	42	RESP=1
20203899	42	STIM=m
20207277	42	RESP=1
20218922	42	STIM=d
20226147	42	RESP=1
20235847	42	STIM=q
20240384	42	RESP=1
20252635	42	STIM=e
20259363	42	RESP=1
20270632	42	STIM=j
20273555	42	RESP=1
20286167	42	STIM=6
20289659	42	RESP=2
20303806	42	STIM=y
20311968	42	RESP=1
20322226	42	STIM=f
20325614	42	RESP=1
20339380	42	STIM=y
20345887	42	RESP=1
20356483	42	STIM=s
20359764	42	RESP=1
20374930	42	STIM=x
20378950	42	RESP=1
20391614	42	STIM=c
20395251	42	RESP=1
20409793	42	STIM=4
20418456	42	RESP=2
20426831	42	STIM=l
20437732	42	RESP=1
20444736	42	STIM=l
20449398	42	RESP=1
20459973	42	STIM=2
20463708	42	RESP=2
20478357	42	STIM=8
20482766	42	RESP=2
20496470	42	STIM=5
20500185	42	RESP=2
20515252	42	STIM=3
20522440	42	RESP=2
20533818	42	STIM=g
20538215	42	RESP=1
20551776	42	STIM=a
20557725	42	RESP=1
20567281	42	STIM=c
20572018	42	RESP=1
20584428	42	STIM=7
20590911	42	RESP=2
20600790	42	STIM=3
20607172	42	RESP=2
20618364	42	STIM=a
20622656	42	RESP=1
20635382	42	STIM=8
20642029	42	RESP=2
20650493	42	STIM=4
20654036	42	RESP=1
20669129	42	STIM=3
20674763	42	RESP=2
20686285	42	STIM=u
20694154	42	RESP=1
20702847	42	STIM=p
20708705	42	RESP=1
20719290	42	STIM=h
20723250	42	RESP=1
20734881	42	STIM=v
20741111	42	RESP=1
20750135	42	STIM=v
20754720	42	RESP=1
20765467	42	STIM=u
20768640	42	RESP=1
20783384	42	STIM=e
20792722	42	RESP=1
20801068	42	STIM=i
20804402	42	RESP=1
20817246	42	STIM=z
20824166	42	RESP=1
20833908	42	STIM=h
20838239	42	RESP=1
20849710	42	STIM=e
20853619	42	RESP=1
20866245	42	STIM=w
20871894	42	RESP=1
20885214	42	STIM=q
20888079	42	RESP=1
20901204	42	STIM=h
20904113	42	RESP=1
20917947	42	STIM=i
20924040	42	RESP=1
20935862	42	STIM=c
20939389	42	RESP=1
20950898	42	STIM=3
20956524	42	RESP=2
20968848	42	STIM=y
20974908	42	RESP=1
20986513	42	STIM=a
20990057	42	RESP=1
21005055	42	STIM=x
21011899	42	RESP=1
21022751	42	STIM=p
21026443	42	RESP=1
21040422	42	STIM=p
21045470	42	RESP=1
21058424	42	STIM=k
21064247	42	RESP=1
21076092	42	STIM=n
21081814	42	RESP=1
21094702	42	STIM=x
21098903	42	RESP=1
21112983	42	STIM=m
21118718	42	RESP=1
21131637	42	STIM=i
21135651	42	RESP=1
21148785	42	STIM=w
21156964	42	RESP=1
21165783	42	STIM=a
21169604	42	RESP=1
21181313	42	STIM=i
21186298	42	RESP=1
21200204	42	STIM=4
21206149	42	RESP=2
21218908	42	STIM=a
21226027	42	RESP=1
21236159	42	STIM=g
21241387	42	RESP=1
21252628	42	STIM=c
21256782	42	RESP=1
21269295	42	STIM=v
21274486	42	RESP=1
21286790	42	STIM=y
21292547	42	RESP=1
21303872	42	STIM=o
21308634	42	RESP=1
21320852	42	STIM=c
21325303	42	RESP=1
21336394	42	STIM=m
21340115	42	RESP=1
21351901	42	STIM=f
21361838	42	RESP=1
21368196	42	STIM=1
21372729	42	RESP=2
21385932	42	STIM=l
21390992	42	RESP=1
21402179	42	STIM=3
21407091	42	RESP=2
21420252	42	STIM=y
21423665	42	RESP=1
21437630	42	STIM=4
21441739	42	RESP=2
21454137	42	STIM=h
21458886	42	RESP=1
21471077	42	STIM=i
21478542	42	RESP=1
21487082	42	STIM=c
21495116	42	RESP=1
21506023	42	STIM=p
21509375	42	RESP=1
21523901	42	STIM=3
21528776	42	RESP=2
21542283	42	STIM=f
21544858	42	RESP=1
21557728	42	STIM=2
21562527	42	RESP=2
21575564	42	STIM=b
21578789	42	RESP=1
21594128	42	STIM=b
21600070	42	RESP=1
21611419	42	STIM=x
21616002	42	RESP=1
21630087	42	STIM=b
21635751	42	RESP=1
21645157	42	STIM=3
21651626	42	RESP=2
21662061	42	STIM=n
21664537	42	RESP=1
21680346	42	STIM=x
21685791	42	RESP=1
21695655	42	STIM=q
21700067	42	RESP=1
21712037	42	STIM=4
21717397	42	RESP=2
21727327	42	STIM=u
21734967	42	RESP=1
21746142	42	STIM=o
21751101	42	RESP=1
