# Original filename: 0016_RZU_2016-09-24.log
# Time unit: 100 us
# RARECAT=digit
#
# Time	HHGG	Event
35204	42	STIM=j
39330	42	RESP=1
52924	42	STIM=z
58350	42	RESP=1
70297	42	STIM=2
77060	42	RESP=2
88824	42	STIM=y
97255	42	RESP=1
106572	42	STIM=x
111826	42	RESP=1
123762	42	STIM=l
129014	42	RESP=1
140154	42	STIM=j
144204	42	RESP=1
155581	42	STIM=k
162208	42	RESP=1
172762	42	STIM=2
180698	42	RESP=2
189103	42	STIM=r
192835	42	RESP=1
205126	42	STIM=0
211235	42	RESP=2
221852	42	STIM=m
227404	42	RESP=1
239438	42	STIM=a
244593	42	RESP=1
255538	42	STIM=n
259181	42	RESP=1
273560	42	STIM=j
279808	42	RESP=1
291412	42	STIM=w
296611	42	RESP=1
307452	42	STIM=x
311368	42	RESP=1
323061	42	STIM=9
327077	42	RESP=1
340664	42	STIM=c
347571	42	RESP=1
358573	42	STIM=j
363598	42	RESP=1
374025	42	STIM=4
381078	42	RESP=2
391597	42	STIM=v
396839	42	RESP=1
409555	42	STIM=c
415428	42	RESP=1
426325	42	STIM=r
431283	42	RESP=1
444050	42	STIM=a
448500	42	RESP=1
460557	42	STIM=n
463455	42	RESP=1
476072	42	STIM=h
480364	42	RESP=1
495033	42	STIM=v
499257	42	RESP=1
513731	42	STIM=k
518414	42	RESP=1
529036	42	STIM=i
534678	42	RESP=1
547926	42	STIM=0
552332	42	RESP=1
564912	42	STIM=1
571384	42	RESP=2
580870	42	STIM=v
584143	42	RESP=1
598765	42	STIM=7
607889	42	RESP=2
616624	42	STIM=a
620622	42	RESP=1
633898	42	STIM=p
636987	42	RESP=1
650537	42	STIM=g
656321	42	RESP=1
667352	42	STIM=r
671005	42	RESP=1
683919	42	STIM=i
693644	42	RESP=1
699383	42	STIM=d
702803	42	RESP=1
716582	42	STIM=m
720781	42	RESP=1
732417	42	STIM=a
736238	42	RESP=1
750080	42	STIM=v
754356	42	RESP=1
768810	42	STIM=t
773160	42	RESP=1
787798	42	STIM=w
794904	42	RESP=1
805217	42	STIM=d
808516	42	RESP=1
822891	42	STIM=w
825630	42	RESP=1
839336	42	STIM=f
843523	42	RESP=1
855467	42	STIM=o
860931	42	RESP=1
874368	42	STIM=b
884198	42	RESP=1
891311	42	STIM=8
895731	42	RESP=2
906536	42	STIM=x
910288	42	RESP=1
923974	42	STIM=s
929895	42	RESP=1
941932	42	STIM=v
946007	42	RESP=1
960025	42	STIM=o
963289	42	RESP=1
977595	42	STIM=h
981631	42	RESP=1
995458	42	STIM=n
1000380	42	RESP=1
1012189	42	STIM=n
1016044	42	RESP=1
1030506	42	STIM=5
1034811	42	RESP=2
1048459	42	STIM=k
1056239	42	RESP=1
1066257	42	STIM=i
1073401	42	RESP=1
1083142	42	STIM=y
1086938	42	RESP=1
1099094	42	STIM=r
1103393	42	RESP=1
1114959	42	STIM=k
1119639	42	RESP=1
1132332	42	STIM=c
1136697	42	RESP=1
1148015	42	STIM=d
1151856	42	RESP=1
1166091	42	STIM=i
1169933	42	RESP=1
1182922	42	STIM=q
1187826	42	RESP=1
1197995	42	STIM=9
1202994	42	RESP=2
1216950	42	STIM=g
1223526	42	RESP=1
1232600	42	STIM=n
1237392	42	RESP=1
1250060	42	STIM=m
1254447	42	RESP=1
1265833	42	STIM=i
1271380	42	RESP=1
1281018	42	STIM=7
1285109	42	RESP=1
1296686	42	STIM=2
1302733	42	RESP=2
1315596	42	STIM=b
1319974	42	RESP=1
1332923	42	STIM=z
1337152	42	RESP=1
1348701	42	STIM=f
1352523	42	RESP=1
1365671	42	STIM=5
1370096	42	RESP=2
1384017	42	STIM=v
1392311	42	RESP=1
1402129	42	STIM=t
1407469	42	RESP=1
1418433	42	STIM=j
1423215	42	RESP=1
1437275	42	STIM=7
1441265	42	RESP=2
1454241	42	STIM=m
1456845	42	RESP=1
1472283	42	STIM=h
1475689	42	RESP=1
1489886	42	STIM=z
1493629	42	RESP=1
1508683	42	STIM=r
1512733	42	RESP=1
1527548	42	STIM=e
1532452	42	RESP=1
1544949	42	STIM=y
1550273	42	RESP=1
1563559	42	STIM=d
1569923	42	RESP=1
1582163	42	STIM=5
1585521	42	RESP=2
1597472	42	STIM=x
1601760	42	RESP=1
1615762	42	STIM=v
1626107	42	RESP=1
1633523	42	STIM=b
1637829	42	RESP=1
1651523	42	STIM=p
1657962	42	RESP=1
1667180	42	STIM=d
1671827	42	RESP=1
1686147	42	STIM=4
1692594	42	RESP=1
1704778	42	STIM=b
1709091	42	RESP=1
1722905	42	STIM=5
1726570	42	RESP=2
1741842	42	STIM=u
1748548	42	RESP=1
1759162	42	STIM=b
1764181	42	RESP=1
1777877	42	STIM=x
1784282	42	RESP=1
1793517	42	STIM=i
1797073	42	RESP=1
1809692	42	STIM=p
1816188	42	RESP=1
1827793	42	STIM=n
1830949	42	RESP=1
1843293	42	STIM=h
1846851	42	RESP=1
1858957	42	STIM=8
1863582	42	RESP=2
1875914	42	STIM=d
1883239	42	RESP=1
1892053	42	STIM=j
1896604	42	RESP=1
1910892	42	STIM=p
1917957	42	RESP=1
1929334	42	STIM=s
1935360	42	RESP=1
1945220	42	STIM=m
1952769	42	RESP=1
1960337	42	STIM=m
1965251	42	RESP=1
1977427	42	STIM=3
1982676	42	RESP=2
1996236	42	STIM=c
1999291	42	RESP=1
2012904	42	STIM=k
2016577	42	RESP=1
2030706	42	STIM=r
2036923	42	RESP=1
2047957	42	STIM=x
2052774	42	RESP=1
2066853	42	STIM=q
2071213	42	RESP=1
2085518	42	STIM=2
2089630	42	RESP=2
2102651	42	STIM=0
2112428	42	RESP=2
2119459	42	STIM=v
2123557	42	RESP=1
2135250	42	STIM=i
2139686	42	RESP=1
2153574	42	STIM=p
2163210	42	RESP=1
2170957	42	STIM=z
2174489	42	RESP=1
2189133	42	STIM=b
2192266	42	RESP=1
2207413	42	STIM=z
2211559	42	RESP=1
2223574	42	STIM=n
2230253	42	RESP=1
2242297	42	STIM=e
2246339	42	RESP=1
2257826	42	STIM=k
2263758	42	RESP=1
2273520	42	STIM=q
2279218	42	RESP=1
2292068	42	STIM=v
2295449	42	RESP=1
2309588	42	STIM=r
2316309	42	RESP=1
2325850	42	STIM=b
2329764	42	RESP=1
2343791	42	STIM=r
2348525	42	RESP=1
2360876	42	STIM=r
2364493	42	RESP=1
2377304	42	STIM=l
2383963	42	RESP=1
2393895	42	STIM=j
2399813	42	RESP=2
2412834	42	STIM=y
2418403	42	RESP=1
2430810	42	STIM=p
2434243	42	RESP=1
2449628	42	STIM=p
2456749	42	RESP=1
2468553	42	STIM=n
2473462	42	RESP=1
2485471	42	STIM=m
2489127	42	RESP=1
2501777	42	STIM=p
2507629	42	RESP=1
2520394	42	STIM=g
2523967	42	RESP=1
2538292	42	STIM=a
2542596	42	RESP=1
2557260	42	STIM=l
2561601	42	RESP=1
2573833	42	STIM=r
2576641	42	RESP=1
2588874	42	STIM=g
2592785	42	RESP=1
2604679	42	STIM=9
2609519	42	RESP=2
2622799	42	STIM=3
2627349	42	RESP=2
2639511	42	STIM=0
2647332	42	RESP=2
2655355	42	STIM=q
2658773	42	RESP=1
2673540	42	STIM=v
2677902	42	RESP=1
2689235	42	STIM=z
2694204	42	RESP=1
2707084	42	STIM=s
2711567	42	RESP=1
2725549	42	STIM=n
2730017	42	RESP=1
2742166	42	STIM=w
2748785	42	RESP=1
2757262	42	STIM=g
2760411	42	RESP=1
2774649	42	STIM=6
2780029	42	RESP=2
2791789	42	STIM=5
2797053	42	RESP=2
2808780	42	STIM=i
2815266	42	RESP=1
2827375	42	STIM=d
2831719	42	RESP=1
2843360	42	STIM=s
2846450	42	RESP=1
2858470	42	STIM=8
2868930	42	RESP=2
2874891	42	STIM=7
2880971	42	RESP=1
2890003	42	STIM=1
2894062	42	RESP=2
2908043	42	STIM=r
2916917	42	RESP=1
2926022	42	STIM=h
2932702	42	RESP=1
2943863	42	STIM=w
2948661	42	RESP=1
2960222	42	STIM=1
2964969	42	RESP=2
2976367	42	STIM=y
2982103	42	RESP=1
2991627	42	STIM=k
2997202	42	RESP=1
3007302	42	STIM=y
3015222	42	RESP=1
3022839	42	STIM=k
3027802	42	RESP=1
3040252	42	STIM=g
3043048	42	RESP=1
3058640	42	STIM=n
3063946	42	RESP=1
3076910	42	STIM=w
3079659	42	RESP=1
3095443	42	STIM=e
3100849	42	RESP=1
3113902	42	STIM=7
3118125	42	RESP=2
3130280	42	STIM=t
3142097	42	RESP=1
3146754	42	STIM=5
3151956	42	RESP=2
3162701	42	STIM=1
3169084	42	RESP=2
3177911	42	STIM=h
3185221	42	RESP=1
3194007	42	STIM=d
3198228	42	RESP=1
3212025	42	STIM=1
3217357	42	RESP=2
3228758	42	STIM=o
3233495	42	RESP=1
3245926	42	STIM=l
3249572	42	RESP=1
3264719	42	STIM=2
3274071	42	RESP=2
3282193	42	STIM=q
3287464	42	RESP=2
3299448	42	STIM=i
3303799	42	RESP=1
3318395	42	STIM=a
3322526	42	RESP=1
3335975	42	STIM=v
3339806	42	RESP=1
3354382	42	STIM=t
3359737	42	RESP=1
3369446	42	STIM=2
3378065	42	RESP=2
3384605	42	STIM=h
3389786	42	RESP=1
3403077	42	STIM=7
3408333	42	RESP=2
3419703	42	STIM=q
3424612	42	RESP=1
3436828	42	STIM=9
3440386	42	RESP=2
3455803	42	STIM=5
3460019	42	RESP=2
3473715	42	STIM=x
3477323	42	RESP=1
3491596	42	STIM=l
3495038	42	RESP=1
3509247	42	STIM=x
3513555	42	RESP=1
3527420	42	STIM=i
3532494	42	RESP=1
3543742	42	STIM=v
3547725	42	RESP=1
3562024	42	STIM=v
3566132	42	RESP=1
3579100	42	STIM=u
3587142	42	RESP=1
3594954	42	STIM=f
3599020	42	RESP=1
3611796	42	STIM=b
3617306	42	RESP=1
3629008	42	STIM=b
3636075	42	RESP=1
3646811	42	STIM=z
3652263	42	RESP=1
3665234	42	STIM=k
3670310	42	RESP=1
3681884	42	STIM=q
3684819	42	RESP=1
3700268	42	STIM=h
3704129	42	RESP=1
3716948	42	STIM=v
3720748	42	RESP=1
3733428	42	STIM=s
3739448	42	RESP=1
3751311	42	STIM=v
3755809	42	RESP=1
3769692	42	STIM=b
3775092	42	RESP=1
3785492	42	STIM=c
3789512	42	RESP=2
3802114	42	STIM=x
3806670	42	RESP=1
3818413	42	STIM=f
3824136	42	RESP=1
3834458	42	STIM=v
3838096	42	RESP=1
3853008	42	STIM=3
3863421	42	RESP=2
3869009	42	STIM=l
3875688	42	RESP=1
3886734	42	STIM=t
3890284	42	RESP=1
3905489	42	STIM=1
3910198	42	RESP=2
3923508	42	STIM=c
3926910	42	RESP=1
3940212	42	STIM=a
3944400	42	RESP=1
3958120	42	STIM=v
3962117	42	RESP=1
3974879	42	STIM=b
3977622	42	RESP=1
3993316	42	STIM=o
3996192	42	RESP=1
4009792	42	STIM=b
4014079	42	RESP=1
4028192	42	STIM=z
4031729	42	RESP=1
4046260	42	STIM=i
4053109	42	RESP=1
4063952	42	STIM=l
4068539	42	RESP=1
4079688	42	STIM=c
4084283	42	RESP=1
4096893	42	STIM=1
4102741	42	RESP=2
4112707	42	STIM=m
4116952	42	RESP=1
4130809	42	STIM=s
4134292	42	RESP=1
4148591	42	STIM=w
4154016	42	RESP=1
4167435	42	STIM=i
4171909	42	RESP=1
4183254	42	STIM=k
4187798	42	RESP=1
4199471	42	STIM=4
4204503	42	RESP=2
4216388	42	STIM=e
4221599	42	RESP=1
4231865	42	STIM=o
4237263	42	RESP=1
4249656	42	STIM=h
4253149	42	RESP=1
4267577	42	STIM=t
4271902	42	RESP=1
4286034	42	STIM=4
4291465	42	RESP=1
4301872	42	STIM=n
4304666	42	RESP=1
4318554	42	STIM=9
4323909	42	RESP=2
4336954	42	STIM=w
4340036	42	RESP=1
4355214	42	STIM=p
4361290	42	RESP=1
4373154	42	STIM=a
4377965	42	RESP=1
4390036	42	STIM=g
4394080	42	RESP=1
4406654	42	STIM=g
4410019	42	RESP=1
4425514	42	STIM=j
4431921	42	RESP=1
4442915	42	STIM=9
4447199	42	RESP=2
4459908	42	STIM=z
4462695	42	RESP=1
4476395	42	STIM=f
4484332	42	RESP=1
4492299	42	STIM=h
4498627	42	RESP=1
4510486	42	STIM=c
4513658	42	RESP=1
4526729	42	STIM=n
4530580	42	RESP=2
4543160	42	STIM=i
4549136	42	RESP=2
4559932	42	STIM=m
4562961	42	RESP=1
4575267	42	STIM=n
4578701	42	RESP=1
4592776	42	STIM=n
4598076	42	RESP=1
4608383	42	STIM=d
4614212	42	RESP=1
4623973	42	STIM=9
4632981	42	RESP=2
4640531	42	STIM=d
4645454	42	RESP=1
4659060	42	STIM=p
4664677	42	RESP=1
4677694	42	STIM=c
4682841	42	RESP=1
4694523	42	STIM=7
4701249	42	RESP=2
4710920	42	STIM=g
4716938	42	RESP=1
4726348	42	STIM=i
4731636	42	RESP=1
4743522	42	STIM=o
4748906	42	RESP=1
4760215	42	STIM=s
4765276	42	RESP=1
4775415	42	STIM=l
4782598	42	RESP=1
4790684	42	STIM=g
4794208	42	RESP=1
4809260	42	STIM=h
4813121	42	RESP=1
4825374	42	STIM=q
4829766	42	RESP=1
4843755	42	STIM=v
4847805	42	RESP=1
4860578	42	STIM=9
4870548	42	RESP=2
4878191	42	STIM=z
4882006	42	RESP=2
4896395	42	STIM=v
4899722	42	RESP=1
4914342	42	STIM=9
4918919	42	RESP=2
4931648	42	STIM=q
4935097	42	RESP=1
4950098	42	STIM=0
4956743	42	RESP=2
4965681	42	STIM=a
4970314	42	RESP=1
4981890	42	STIM=4
4989598	42	RESP=2
4997084	42	STIM=f
5001647	42	RESP=1
5015209	42	STIM=e
5022225	42	RESP=1
5031154	42	STIM=e
5035181	42	RESP=1
5050085	42	STIM=j
5054152	42	RESP=1
5065904	42	STIM=u
5073336	42	RESP=1
5081186	42	STIM=1
5085448	42	RESP=2
5098412	42	STIM=r
5103083	42	RESP=1
5116991	42	STIM=a
5123751	42	RESP=1
5133205	42	STIM=1
5136755	42	RESP=2
5148840	42	STIM=l
5152315	42	RESP=1
5166579	42	STIM=v
5169739	42	RESP=1
5183448	42	STIM=f
5185898	42	RESP=1
5199094	42	STIM=z
5203250	42	RESP=1
5216305	42	STIM=w
5219607	42	RESP=1
5233457	42	STIM=t
5238893	42	RESP=1
5248852	42	STIM=n
5254143	42	RESP=1
5266090	42	STIM=4
5274176	42	RESP=2
5283802	42	STIM=u
5289076	42	RESP=1
5299745	42	STIM=2
5307746	42	RESP=2
5318607	42	STIM=4
5326628	42	RESP=1
5336320	42	STIM=8
5343224	42	RESP=2
5351844	42	STIM=v
5354835	42	RESP=1
5368900	42	STIM=z
5375477	42	RESP=1
5386512	42	STIM=g
5392060	42	RESP=1
5404451	42	STIM=f
5409391	42	RESP=1
5422707	42	STIM=k
5428419	42	RESP=1
5441028	42	STIM=k
5447500	42	RESP=2
5456928	42	STIM=y
5462390	42	RESP=1
5471978	42	STIM=6
5476604	42	RESP=2
5487459	42	STIM=u
5492781	42	RESP=1
5505767	42	STIM=z
5509459	42	RESP=1
5523477	42	STIM=x
5527660	42	RESP=1
5542198	42	STIM=a
5551178	42	RESP=1
5557591	42	STIM=f
5561242	42	RESP=1
5573932	42	STIM=p
5582382	42	RESP=1
5589479	42	STIM=q
5593475	42	RESP=1
5608148	42	STIM=k
5612912	42	RESP=1
5624595	42	STIM=p
5628556	42	RESP=1
5642250	42	STIM=g
5647526	42	RESP=1
5660696	42	STIM=4
5666765	42	RESP=2
5679216	42	STIM=x
5685438	42	RESP=1
5695855	42	STIM=k
5699530	42	RESP=1
5712770	42	STIM=r
5717829	42	RESP=1
5729937	42	STIM=y
5739192	42	RESP=1
5747391	42	STIM=8
5756383	42	RESP=2
5762555	42	STIM=y
5770489	42	RESP=1
5779202	42	STIM=d
5785444	42	RESP=1
5797273	42	STIM=l
5803145	42	RESP=1
5814609	42	STIM=f
5818692	42	RESP=1
5831448	42	STIM=5
5837617	42	RESP=1
5848036	42	STIM=9
5851919	42	RESP=2
5864979	42	STIM=m
5869611	42	RESP=1
5881369	42	STIM=v
5889233	42	RESP=1
5897276	42	STIM=r
5902687	42	RESP=1
5914391	42	STIM=x
5918747	42	RESP=1
5930768	42	STIM=8
5934690	42	RESP=2
5947787	42	STIM=f
5951560	42	RESP=1
5963653	42	STIM=a
5968385	42	RESP=1
5979370	42	STIM=1
5986826	42	RESP=1
5995838	42	STIM=e
5998450	42	RESP=1
6013590	42	STIM=j
6016729	42	RESP=1
6030139	42	STIM=t
6033113	42	RESP=1
6047632	42	STIM=c
6053249	42	RESP=1
6063411	42	STIM=s
6068635	42	RESP=1
6080082	42	STIM=f
6083197	42	RESP=1
6096855	42	STIM=1
6102821	42	RESP=2
6112470	42	STIM=l
6116932	42	RESP=1
6127918	42	STIM=a
6135394	42	RESP=1
6143289	42	STIM=w
6148069	42	RESP=1
6159077	42	STIM=k
6162631	42	RESP=1
6176193	42	STIM=7
6181670	42	RESP=1
6191512	42	STIM=v
6195348	42	RESP=2
6206563	42	STIM=g
6213408	42	RESP=1
6222000	42	STIM=f
6229519	42	RESP=1
6238670	42	STIM=s
6244855	42	RESP=1
6257468	42	STIM=0
6264095	42	RESP=2
6276115	42	STIM=i
6279400	42	RESP=1
6291318	42	STIM=y
6298636	42	RESP=1
6306379	42	STIM=1
6311987	42	RESP=2
6321439	42	STIM=j
6330153	42	RESP=1
6339652	42	STIM=u
6343081	42	RESP=1
6356305	42	STIM=v
6359276	42	RESP=2
6372877	42	STIM=m
6378964	42	RESP=1
6390721	42	STIM=q
6395732	42	RESP=1
6407809	42	STIM=5
6411357	42	RESP=1
6424098	42	STIM=g
6431015	42	RESP=1
6443071	42	STIM=v
6447748	42	RESP=1
6459343	42	STIM=u
6464641	42	RESP=1
6476604	42	STIM=b
6481953	42	RESP=1
6491920	42	STIM=9
6495706	42	RESP=2
6507386	42	STIM=r
6511214	42	RESP=1
6523897	42	STIM=t
6528596	42	RESP=1
6538986	42	STIM=z
6543168	42	RESP=1
6555386	42	STIM=k
6559014	42	RESP=1
6573168	42	STIM=1
6576970	42	RESP=2
6592108	42	STIM=k
6597520	42	RESP=1
6609464	42	STIM=h
6612935	42	RESP=1
6625462	42	STIM=o
6629121	42	RESP=2
6643032	42	STIM=o
6649774	42	RESP=2
6659107	42	STIM=w
6663862	42	RESP=1
6677807	42	STIM=h
6681802	42	RESP=1
6694640	42	STIM=c
6700635	42	RESP=1
6710844	42	STIM=h
6715720	42	RESP=1
6728078	42	STIM=g
6731636	42	RESP=1
6745122	42	STIM=4
6749884	42	RESP=2
6763453	42	STIM=t
6769588	42	RESP=1
6780289	42	STIM=4
6785732	42	RESP=1
6795884	42	STIM=k
6800143	42	RESP=1
6813657	42	STIM=v
6817985	42	RESP=1
6832236	42	STIM=j
6837034	42	RESP=1
6847415	42	STIM=h
6852220	42	RESP=1
6864697	42	STIM=v
6874363	42	RESP=1
6880548	42	STIM=m
6884511	42	RESP=1
6898958	42	STIM=i
6904177	42	RESP=1
6915260	42	STIM=3
6920029	42	RESP=2
6930641	42	STIM=f
6936316	42	RESP=1
6949079	42	STIM=d
6954825	42	RESP=1
6965254	42	STIM=s
6969059	42	RESP=1
6981437	42	STIM=t
6984877	42	RESP=1
6998527	42	STIM=3
7005073	42	RESP=2
7013885	42	STIM=r
7020151	42	RESP=1
7030323	42	STIM=f
7032717	42	RESP=1
7046184	42	STIM=t
7050558	42	RESP=1
7061918	42	STIM=h
7067033	42	RESP=1
7077032	42	STIM=4
7081996	42	RESP=2
7092188	42	STIM=d
7095589	42	RESP=2
7108525	42	STIM=2
7112627	42	RESP=2
7124996	42	STIM=4
7131574	42	RESP=2
7142623	42	STIM=h
7145584	42	RESP=1
7160748	42	STIM=l
7168341	42	RESP=1
7175751	42	STIM=i
7182820	42	RESP=1
7191450	42	STIM=q
7195842	42	RESP=1
7209683	42	STIM=k
7213279	42	RESP=1
7225611	42	STIM=p
7234217	42	RESP=1
7242450	42	STIM=x
7245723	42	RESP=2
7259578	42	STIM=b
7266771	42	RESP=1
7276572	42	STIM=2
7283634	42	RESP=2
7293448	42	STIM=l
7298193	42	RESP=1
7308504	42	STIM=v
7311849	42	RESP=1
7325666	42	STIM=4
7332276	42	RESP=2
7341715	42	STIM=i
7349703	42	RESP=1
7359332	42	STIM=s
7363918	42	RESP=1
7376725	42	STIM=3
7381234	42	RESP=2
7392953	42	STIM=p
7398525	42	RESP=1
7410212	42	STIM=c
7415500	42	RESP=1
7426098	42	STIM=1
7432660	42	RESP=2
7444345	42	STIM=9
7449720	42	RESP=2
7462150	42	STIM=z
7465545	42	RESP=1
7478039	42	STIM=a
7483531	42	RESP=1
7495138	42	STIM=d
7498699	42	RESP=1
7511054	42	STIM=f
7516259	42	RESP=1
7527264	42	STIM=x
7530141	42	RESP=1
7544856	42	STIM=v
7548319	42	RESP=1
7562861	42	STIM=u
7567269	42	RESP=1
7580430	42	STIM=p
7586465	42	RESP=1
7597022	42	STIM=o
7600843	42	RESP=2
7614402	42	STIM=y
7617567	42	RESP=1
7630627	42	STIM=v
7635702	42	RESP=1
7648627	42	STIM=q
7652146	42	RESP=1
7667478	42	STIM=5
7672140	42	RESP=2
7685818	42	STIM=p
7697164	42	RESP=1
7701997	42	STIM=z
7709303	42	RESP=1
7718860	42	STIM=e
7724940	42	RESP=1
7734835	42	STIM=6
7739662	42	RESP=2
7751808	42	STIM=k
7757780	42	RESP=1
7767072	42	STIM=h
7772783	42	RESP=1
7784837	42	STIM=i
7789388	42	RESP=1
7801802	42	STIM=p
7805635	42	RESP=1
7818738	42	STIM=9
7823472	42	RESP=2
7837375	42	STIM=1
7841679	42	RESP=2
7854359	42	STIM=n
7858176	42	RESP=1
7871640	42	STIM=u
7878309	42	RESP=1
7888386	42	STIM=u
7891220	42	RESP=1
7904440	42	STIM=9
7911314	42	RESP=2
7922558	42	STIM=d
7926790	42	RESP=1
7941413	42	STIM=p
7946148	42	RESP=1
7959822	42	STIM=y
7962883	42	RESP=1
7975506	42	STIM=f
7981691	42	RESP=1
7991733	42	STIM=e
7998949	42	RESP=1
8008336	42	STIM=j
8012990	42	RESP=1
8025922	42	STIM=r
8037789	42	RESP=1
8042652	42	STIM=s
8047274	42	RESP=1
8059381	42	STIM=7
8064810	42	RESP=1
8075268	42	STIM=m
8081448	42	RESP=1
8091721	42	STIM=e
8098489	42	RESP=1
8109403	42	STIM=7
8115545	42	RESP=2
8125547	42	STIM=h
8128098	42	RESP=1
8142221	42	STIM=c
8145562	42	RESP=1
8160895	42	STIM=o
8165995	42	RESP=1
8179363	42	STIM=2
8184828	42	RESP=2
8195933	42	STIM=i
8198481	42	RESP=1
8211425	42	STIM=p
8215001	42	RESP=1
8228737	42	STIM=g
8232379	42	RESP=1
8247635	42	STIM=9
8251905	42	RESP=2
8264468	42	STIM=m
8270920	42	RESP=1
8283322	42	STIM=z
8287638	42	RESP=1
8299929	42	STIM=u
8303168	42	RESP=1
8318589	42	STIM=m
8321484	42	RESP=1
8334924	42	STIM=p
8340617	42	RESP=1
8350387	42	STIM=0
8354214	42	RESP=1
8367069	42	STIM=w
8372483	42	RESP=1
8385848	42	STIM=s
8395123	42	RESP=1
8401507	42	STIM=l
8410161	42	RESP=2
8416550	42	STIM=d
8422394	42	RESP=1
8432337	42	STIM=t
8437763	42	RESP=1
8448981	42	STIM=8
8455186	42	RESP=2
8464530	42	STIM=j
8470936	42	RESP=1
8483497	42	STIM=f
8490882	42	RESP=1
8501734	42	STIM=4
8505188	42	RESP=2
8517671	42	STIM=n
8521042	42	RESP=1
8536106	42	STIM=3
8543616	42	RESP=2
8552443	42	STIM=r
8556722	42	RESP=1
8569419	42	STIM=x
8573706	42	RESP=1
8586221	42	STIM=a
8591403	42	RESP=1
8604807	42	STIM=6
8612246	42	RESP=2
8622380	42	STIM=i
8626754	42	RESP=1
8640111	42	STIM=o
8646913	42	RESP=1
8658979	42	STIM=r
8662125	42	RESP=1
8675632	42	STIM=a
8679415	42	RESP=1
8692040	42	STIM=z
8699982	42	RESP=1
8707404	42	STIM=w
8710140	42	RESP=1
8724949	42	STIM=0
8729152	42	RESP=2
8743109	42	STIM=m
8746813	42	RESP=1
8760442	42	STIM=3
8764586	42	RESP=2
8777095	42	STIM=9
8781970	42	RESP=2
8793620	42	STIM=r
8798090	42	RESP=1
8810166	42	STIM=n
8814568	42	RESP=1
8826032	42	STIM=3
8830129	42	RESP=2
8842909	42	STIM=6
8853672	42	RESP=2
8860356	42	STIM=6
8865215	42	RESP=2
8877567	42	STIM=b
8882451	42	RESP=1
8893958	42	STIM=q
8899642	42	RESP=1
8911772	42	STIM=z
8916174	42	RESP=1
8928396	42	STIM=j
8932610	42	RESP=1
8947219	42	STIM=s
8952382	42	RESP=1
8963009	42	STIM=i
8969295	42	RESP=1
8980221	42	STIM=b
8988288	42	RESP=1
8995788	42	STIM=7
8999681	42	RESP=2
9012417	42	STIM=x
9017278	42	RESP=1
9031059	42	STIM=l
9033694	42	RESP=2
9047686	42	STIM=f
9052948	42	RESP=1
9065604	42	STIM=l
9071573	42	RESP=1
9082987	42	STIM=p
9089745	42	RESP=1
9101582	42	STIM=c
9106327	42	RESP=1
9120096	42	STIM=5
9123960	42	RESP=2
9135757	42	STIM=s
9143792	42	RESP=1
9151042	42	STIM=u
9153527	42	RESP=1
9169717	42	STIM=x
9175645	42	RESP=2
9186358	42	STIM=f
9189324	42	RESP=1
9201817	42	STIM=1
9210091	42	RESP=2
9220534	42	STIM=v
9224231	42	RESP=1
9236358	42	STIM=9
9242680	42	RESP=2
9252883	42	STIM=d
9256270	42	RESP=1
9270470	42	STIM=g
9273546	42	RESP=2
9289129	42	STIM=7
9293730	42	RESP=2
9306912	42	STIM=d
9315243	42	RESP=1
9324973	42	STIM=1
9329928	42	RESP=2
9343856	42	STIM=0
9349323	42	RESP=2
9360440	42	STIM=p
9365235	42	RESP=1
9378896	42	STIM=x
9386150	42	RESP=1
9396459	42	STIM=a
9402833	42	RESP=1
9413083	42	STIM=n
9418628	42	RESP=1
9431572	42	STIM=s
9435734	42	RESP=1
9447728	42	STIM=l
9451304	42	RESP=1
9465819	42	STIM=e
9472346	42	RESP=1
9480933	42	STIM=8
9485204	42	RESP=2
9499586	42	STIM=j
9503393	42	RESP=1
9516815	42	STIM=h
9527214	42	RESP=1
9532840	42	STIM=n
9536852	42	RESP=1
9551287	42	STIM=h
9557278	42	RESP=1
9569778	42	STIM=t
9572695	42	RESP=1
9586397	42	STIM=m
9589611	42	RESP=1
9602274	42	STIM=r
9608928	42	RESP=1
9620817	42	STIM=6
9628236	42	RESP=2
9638908	42	STIM=h
9645894	42	RESP=1
9657173	42	STIM=x
9661530	42	RESP=1
9673294	42	STIM=g
9680423	42	RESP=1
9692211	42	STIM=c
9699772	42	RESP=1
9710026	42	STIM=c
9714796	42	RESP=1
9726695	42	STIM=b
9729842	42	RESP=1
9743473	42	STIM=0
9752798	42	RESP=2
9759031	42	STIM=1
9767268	42	RESP=1
9777017	42	STIM=m
9783898	42	RESP=1
9793319	42	STIM=u
9800019	42	RESP=1
9808665	42	STIM=g
9814731	42	RESP=1
9824647	42	STIM=5
9830503	42	RESP=2
9840322	42	STIM=h
9843942	42	RESP=1
9855422	42	STIM=7
9860230	42	RESP=1
9870816	42	STIM=u
9874635	42	RESP=1
9889427	42	STIM=l
9896406	42	RESP=1
9908006	42	STIM=b
9917851	42	RESP=1
9923818	42	STIM=d
9927695	42	RESP=1
9940729	42	STIM=7
9947670	42	RESP=2
9957622	42	STIM=1
9963305	42	RESP=2
9972740	42	STIM=a
9975476	42	RESP=1
9989347	42	STIM=4
9994213	42	RESP=2
10007630	42	STIM=4
10011962	42	RESP=2
10025894	42	STIM=e
10029025	42	RESP=1
10043716	42	STIM=n
10048424	42	RESP=1
10061618	42	STIM=q
10066839	42	RESP=1
10078251	42	STIM=a
10087496	42	RESP=1
10096588	42	STIM=u
10102231	42	RESP=1
10114965	42	STIM=w
10118863	42	RESP=1
10131929	42	STIM=3
10139089	42	RESP=2
10148554	42	STIM=t
10152625	42	RESP=1
10164564	42	STIM=m
10167101	42	RESP=1
10179952	42	STIM=e
10183628	42	RESP=1
10196170	42	STIM=u
10201352	42	RESP=2
10213650	42	STIM=r
10217196	42	RESP=1
10231617	42	STIM=x
10234620	42	RESP=1
10249372	42	STIM=g
10254003	42	RESP=1
10266042	42	STIM=v
10271962	42	RESP=1
10281148	42	STIM=n
10285177	42	RESP=2
10298046	42	STIM=r
10301829	42	RESP=1
10316328	42	STIM=j
10322524	42	RESP=1
10335147	42	STIM=4
10342731	42	RESP=2
10351751	42	STIM=r
10358612	42	RESP=1
10370234	42	STIM=l
10377662	42	RESP=1
10388587	42	STIM=g
10393296	42	RESP=1
10405995	42	STIM=x
10409850	42	RESP=1
10424156	42	STIM=h
10429362	42	RESP=1
10441940	42	STIM=l
10445230	42	RESP=1
10460849	42	STIM=j
10468009	42	RESP=1
10478124	42	STIM=8
10487077	42	RESP=2
10494148	42	STIM=y
10499195	42	RESP=1
10511312	42	STIM=8
10516790	42	RESP=2
10529719	42	STIM=j
10538647	42	RESP=1
10545043	42	STIM=m
10548297	42	RESP=1
10560504	42	STIM=7
10567404	42	RESP=2
10577146	42	STIM=l
10583861	42	RESP=1
10593602	42	STIM=t
10596655	42	RESP=1
10611199	42	STIM=2
10616717	42	RESP=2
10630143	42	STIM=t
10635256	42	RESP=1
10645717	42	STIM=y
10651284	42	RESP=1
10664062	42	STIM=v
10668537	42	RESP=1
10680922	42	STIM=h
10684997	42	RESP=1
10697188	42	STIM=6
10704058	42	RESP=2
10714852	42	STIM=h
10717551	42	RESP=1
10731031	42	STIM=g
10735161	42	RESP=2
10746723	42	STIM=d
10750010	42	RESP=1
10763930	42	STIM=0
10769064	42	RESP=2
10780107	42	STIM=l
10786281	42	RESP=1
10796662	42	STIM=n
10801846	42	RESP=1
10812889	42	STIM=g
10818944	42	RESP=1
10828865	42	STIM=m
10832327	42	RESP=1
10843868	42	STIM=j
10847711	42	RESP=1
10862028	42	STIM=f
10867722	42	RESP=1
10878709	42	STIM=i
10882264	42	RESP=1
10897012	42	STIM=3
10907064	42	RESP=2
10913301	42	STIM=4
10917984	42	RESP=2
10931080	42	STIM=1
10937769	42	RESP=2
10946153	42	STIM=a
10949278	42	RESP=1
10964567	42	STIM=4
10971982	42	RESP=1
10982305	42	STIM=s
10985593	42	RESP=1
11001153	42	STIM=s
11006150	42	RESP=1
11019807	42	STIM=w
11023489	42	RESP=1
11038295	42	STIM=j
11041477	42	RESP=1
11053860	42	STIM=4
11058546	42	RESP=2
11071503	42	STIM=o
11074365	42	RESP=1
11087642	42	STIM=v
11092737	42	RESP=1
11105972	42	STIM=e
11109267	42	RESP=1
11122810	42	STIM=y
11128702	42	RESP=1
11138959	42	STIM=d
11142334	42	RESP=1
11154244	42	STIM=c
11157428	42	RESP=1
11172918	42	STIM=g
11175868	42	RESP=1
11191840	42	STIM=d
11196402	42	RESP=1
11209207	42	STIM=u
11215426	42	RESP=1
11224720	42	STIM=j
11230051	42	RESP=1
11240504	42	STIM=m
11243769	42	RESP=1
11255999	42	STIM=l
11263664	42	RESP=1
11272554	42	STIM=o
11277621	42	RESP=1
11289217	42	STIM=r
11297162	42	RESP=1
11305609	42	STIM=l
11310887	42	RESP=1
11323659	42	STIM=f
11327028	42	RESP=1
11340175	42	STIM=b
11343644	42	RESP=1
11357355	42	STIM=a
11364310	42	RESP=1
11373569	42	STIM=i
11376032	42	RESP=1
11390408	42	STIM=3
11398812	42	RESP=2
11407759	42	STIM=w
11412317	42	RESP=1
11422814	42	STIM=1
11431941	42	RESP=2
11438703	42	STIM=5
11443866	42	RESP=2
11456522	42	STIM=s
11459620	42	RESP=1
11474214	42	STIM=h
11479949	42	RESP=1
11489861	42	STIM=m
11495156	42	RESP=1
11506873	42	STIM=k
11512171	42	RESP=1
11522829	42	STIM=o
11525687	42	RESP=1
11538499	42	STIM=w
11543169	42	RESP=2
11556834	42	STIM=k
11560205	42	RESP=1
11573998	42	STIM=n
11578284	42	RESP=1
11590409	42	STIM=q
11595213	42	RESP=1
11605614	42	STIM=g
11609774	42	RESP=1
11622612	42	STIM=7
11627172	42	RESP=2
11639520	42	STIM=k
11642487	42	RESP=1
11657829	42	STIM=z
11661313	42	RESP=1
11676089	42	STIM=m
11682631	42	RESP=1
11694744	42	STIM=3
11700967	42	RESP=2
11710448	42	STIM=f
11717013	42	RESP=1
11728628	42	STIM=h
11733603	42	RESP=1
11746826	42	STIM=4
11751896	42	RESP=2
11764871	42	STIM=p
11767856	42	RESP=1
11782907	42	STIM=v
11790076	42	RESP=1
11801020	42	STIM=f
11809720	42	RESP=1
11819788	42	STIM=y
11824719	42	RESP=1
11838111	42	STIM=0
11844126	42	RESP=2
11855019	42	STIM=u
11859242	42	RESP=1
11871746	42	STIM=z
11876989	42	RESP=1
11889016	42	STIM=p
11892413	42	RESP=1
11906256	42	STIM=r
11910303	42	RESP=1
11925179	42	STIM=y
11930082	42	RESP=1
11941618	42	STIM=g
11947737	42	RESP=1
11960360	42	STIM=9
11965449	42	RESP=2
11976958	42	STIM=t
11979890	42	RESP=1
11993826	42	STIM=2
11997907	42	RESP=2
12010557	42	STIM=n
12014342	42	RESP=2
12026331	42	STIM=2
12030864	42	RESP=2
12042066	42	STIM=d
12050191	42	RESP=1
12057574	42	STIM=p
12069026	42	RESP=1
12075410	42	STIM=b
12081909	42	RESP=1
12094170	42	STIM=6
12099032	42	RESP=2
12109401	42	STIM=s
12112524	42	RESP=1
12127634	42	STIM=v
12130891	42	RESP=1
12145756	42	STIM=5
12150868	42	RESP=2
12163652	42	STIM=v
12168365	42	RESP=1
12181177	42	STIM=p
12185508	42	RESP=1
12199905	42	STIM=k
12204382	42	RESP=1
12215310	42	STIM=z
12219032	42	RESP=1
12234300	42	STIM=n
12241877	42	RESP=1
12252678	42	STIM=w
12255988	42	RESP=1
12271213	42	STIM=o
12274001	42	RESP=1
12286642	42	STIM=k
12292002	42	RESP=1
12302238	42	STIM=j
12307682	42	RESP=1
12320683	42	STIM=t
12325469	42	RESP=1
12338726	42	STIM=l
12344287	42	RESP=1
12355897	42	STIM=z
12359763	42	RESP=1
12371877	42	STIM=x
12377128	42	RESP=1
12387977	42	STIM=v
12392275	42	RESP=1
12405878	42	STIM=d
12410148	42	RESP=1
12422903	42	STIM=n
12426824	42	RESP=1
12440374	42	STIM=7
12446283	42	RESP=2
12456746	42	STIM=x
12461024	42	RESP=1
12474516	42	STIM=u
12478320	42	RESP=1
12490209	42	STIM=v
12496866	42	RESP=1
12506205	42	STIM=t
12512114	42	RESP=1
12523951	42	STIM=x
12528191	42	RESP=1
12540688	42	STIM=7
12548059	42	RESP=2
12558716	42	STIM=7
12564677	42	RESP=2
12577014	42	STIM=f
12582307	42	RESP=1
12592843	42	STIM=a
12595584	42	RESP=1
12608467	42	STIM=j
12616297	42	RESP=1
12624760	42	STIM=w
12627966	42	RESP=1
12641639	42	STIM=x
12650446	42	RESP=1
12656729	42	STIM=l
12663270	42	RESP=1
12672029	42	STIM=g
12675085	42	RESP=1
12687267	42	STIM=6
12693111	42	RESP=2
12702717	42	STIM=w
12708201	42	RESP=1
12719843	42	STIM=j
12723870	42	RESP=1
12737610	42	STIM=v
12743115	42	RESP=1
12755072	42	STIM=l
12760952	42	RESP=1
12770334	42	STIM=c
12777145	42	RESP=1
12788271	42	STIM=u
12791652	42	RESP=1
12803272	42	STIM=u
12808523	42	RESP=1
12821712	42	STIM=7
12829176	42	RESP=2
12840383	42	STIM=e
12846557	42	RESP=1
12856765	42	STIM=n
12866702	42	RESP=1
12875024	42	STIM=m
12881332	42	RESP=1
12890431	42	STIM=e
12895831	42	RESP=1
12905869	42	STIM=8
12909603	42	RESP=2
12921256	42	STIM=c
12925974	42	RESP=1
12937621	42	STIM=7
12942471	42	RESP=2
12955289	42	STIM=i
12958924	42	RESP=1
12973221	42	STIM=s
12978873	42	RESP=1
12991933	42	STIM=q
12995467	42	RESP=1
13008668	42	STIM=a
13012976	42	RESP=1
13025463	42	STIM=r
13028079	42	RESP=1
13042121	42	STIM=t
13051120	42	RESP=1
13060627	42	STIM=s
13068638	42	RESP=1
13076286	42	STIM=q
13083087	42	RESP=1
13092287	42	STIM=v
13096318	42	RESP=1
13110538	42	STIM=e
13113640	42	RESP=1
13128710	42	STIM=t
13135642	42	RESP=1
13144501	42	STIM=g
13149944	42	RESP=2
13161203	42	STIM=a
13165503	42	RESP=1
13178940	42	STIM=p
13182684	42	RESP=1
13194149	42	STIM=v
13197931	42	RESP=1
13212062	42	STIM=o
13216339	42	RESP=1
13230926	42	STIM=j
13238076	42	RESP=1
13248264	42	STIM=e
13252997	42	RESP=2
13266804	42	STIM=5
13273862	42	RESP=2
13285729	42	STIM=z
13296062	42	RESP=1
13303721	42	STIM=h
13308847	42	RESP=1
13322334	42	STIM=k
13327179	42	RESP=1
13338279	42	STIM=e
13347040	42	RESP=1
13355968	42	STIM=v
13360279	42	RESP=1
13373140	42	STIM=o
13376896	42	RESP=1
13389859	42	STIM=t
13395250	42	RESP=1
13407325	42	STIM=m
13413321	42	RESP=1
13423530	42	STIM=v
13426974	42	RESP=1
13439067	42	STIM=h
13443406	42	RESP=1
13456155	42	STIM=m
13461964	42	RESP=1
13471693	42	STIM=8
13477020	42	RESP=2
13489081	42	STIM=d
13494416	42	RESP=1
13505324	42	STIM=o
13510032	42	RESP=1
13521456	42	STIM=y
13527169	42	RESP=1
13539274	42	STIM=d
13543267	42	RESP=1
13554505	42	STIM=i
13558926	42	RESP=1
13571859	42	STIM=g
13582361	42	RESP=1
13587495	42	STIM=j
13594898	42	RESP=1
13603418	42	STIM=f
13607934	42	RESP=1
13618531	42	STIM=7
13626418	42	RESP=2
13637183	42	STIM=v
13645041	42	RESP=1
13654552	42	STIM=m
13659989	42	RESP=1
13672102	42	STIM=m
13683832	42	RESP=1
13688027	42	STIM=c
13692807	42	RESP=1
13704401	42	STIM=m
13709848	42	RESP=1
13722395	42	STIM=i
13728118	42	RESP=1
13740485	42	STIM=1
13745958	42	RESP=2
13756379	42	STIM=a
13761397	42	RESP=1
13772122	42	STIM=s
13776787	42	RESP=1
13790098	42	STIM=r
13793649	42	RESP=1
13808741	42	STIM=l
13815016	42	RESP=1
13827079	42	STIM=5
13832227	42	RESP=2
13842634	42	STIM=g
13846692	42	RESP=1
13860222	42	STIM=t
13864622	42	RESP=1
13877524	42	STIM=k
13881510	42	RESP=1
13893003	42	STIM=e
13901171	42	RESP=1
13910704	42	STIM=e
13915159	42	RESP=2
13929125	42	STIM=b
13933365	42	RESP=1
13946047	42	STIM=s
13955451	42	RESP=1
13962851	42	STIM=z
13966461	42	RESP=1
13980610	42	STIM=8
13986258	42	RESP=2
13998527	42	STIM=6
14004655	42	RESP=2
14016492	42	STIM=0
14023083	42	RESP=2
14032363	42	STIM=c
14036512	42	RESP=1
14049418	42	STIM=y
14051964	42	RESP=1
14067115	42	STIM=a
14071546	42	RESP=1
14084962	42	STIM=o
14088097	42	RESP=1
14102081	42	STIM=d
14105894	42	RESP=1
14119075	42	STIM=k
14123071	42	RESP=1
14135453	42	STIM=o
14141254	42	RESP=1
14150642	42	STIM=l
14156242	42	RESP=1
14166282	42	STIM=b
14172897	42	RESP=1
14183102	42	STIM=f
14193675	42	RESP=1
14199246	42	STIM=8
14203752	42	RESP=2
14217628	42	STIM=e
14223840	42	RESP=1
14234399	42	STIM=r
14237593	42	RESP=1
14252664	42	STIM=9
14257114	42	RESP=2
14270674	42	STIM=9
14275221	42	RESP=2
14288121	42	STIM=1
14295023	42	RESP=2
14303940	42	STIM=h
14309747	42	RESP=1
14320230	42	STIM=8
14324465	42	RESP=2
14336409	42	STIM=s
14341184	42	RESP=1
14353461	42	STIM=e
14359027	42	RESP=1
14372244	42	STIM=e
14375433	42	RESP=1
14390287	42	STIM=k
14394578	42	RESP=1
14408086	42	STIM=h
14414275	42	RESP=1
14425960	42	STIM=b
14429353	42	RESP=1
14443136	42	STIM=d
14446934	42	RESP=1
14460363	42	STIM=l
14463844	42	RESP=1
14478193	42	STIM=a
14483334	42	RESP=1
14494426	42	STIM=4
14500896	42	RESP=2
14510633	42	STIM=t
14515395	42	RESP=1
14525832	42	STIM=0
14531987	42	RESP=2
14542123	42	STIM=6
14545783	42	RESP=2
14557984	42	STIM=e
14561371	42	RESP=1
14574202	42	STIM=q
14577209	42	RESP=1
14592754	42	STIM=r
14596836	42	RESP=1
14611168	42	STIM=a
14616155	42	RESP=1
14629543	42	STIM=w
14632681	42	RESP=1
14644874	42	STIM=8
14651945	42	RESP=2
14661102	42	STIM=z
14664558	42	RESP=1
14678533	42	STIM=6
14685889	42	RESP=2
14694540	42	STIM=d
14700036	42	RESP=1
14711093	42	STIM=x
14715763	42	RESP=1
14727497	42	STIM=3
14732593	42	RESP=2
14744893	42	STIM=t
14748674	42	RESP=1
14760425	42	STIM=b
14764588	42	RESP=1
14778148	42	STIM=w
14781366	42	RESP=1
14793690	42	STIM=g
14797280	42	RESP=1
14811274	42	STIM=b
14816139	42	RESP=1
14829712	42	STIM=j
14832906	42	RESP=1
14845333	42	STIM=o
14850121	42	RESP=1
14862189	42	STIM=f
14866025	42	RESP=1
14877202	42	STIM=6
14881741	42	RESP=1
14894057	42	STIM=g
14897810	42	RESP=1
14911700	42	STIM=z
14918595	42	RESP=1
14927450	42	STIM=o
14930748	42	RESP=1
14943302	42	STIM=8
14947319	42	RESP=2
14958654	42	STIM=z
14965228	42	RESP=2
14976000	42	STIM=e
14980939	42	RESP=1
14993543	42	STIM=s
14998768	42	RESP=1
15012133	42	STIM=n
15015815	42	RESP=1
15028186	42	STIM=n
15033368	42	RESP=1
15043362	42	STIM=x
15049293	42	RESP=1
15059695	42	STIM=g
15062661	42	RESP=1
15074854	42	STIM=y
15077724	42	RESP=1
15092318	42	STIM=k
15099202	42	RESP=1
15109350	42	STIM=c
15114922	42	RESP=1
15127968	42	STIM=m
15132216	42	RESP=1
15145885	42	STIM=e
15151126	42	RESP=1
15163459	42	STIM=c
15168928	42	RESP=1
15178527	42	STIM=9
15183974	42	RESP=1
15195768	42	STIM=u
15198635	42	RESP=1
15212829	42	STIM=w
15221051	42	RESP=1
15231352	42	STIM=d
15236012	42	RESP=1
15247587	42	STIM=u
15251488	42	RESP=1
15265343	42	STIM=y
15272319	42	RESP=1
15281855	42	STIM=m
15289772	42	RESP=1
15299662	42	STIM=u
15304946	42	RESP=1
15316549	42	STIM=5
15321385	42	RESP=2
15334347	42	STIM=v
15342471	42	RESP=1
15350477	42	STIM=r
15353529	42	RESP=1
15366117	42	STIM=f
15372538	42	RESP=1
15381370	42	STIM=k
15386248	42	RESP=1
15398549	42	STIM=t
15401661	42	RESP=1
15415946	42	STIM=g
15421117	42	RESP=1
15433234	42	STIM=i
15440272	42	RESP=1
15451175	42	STIM=f
15455633	42	RESP=1
15468395	42	STIM=l
15471188	42	RESP=1
15485998	42	STIM=p
15493998	42	RESP=1
15503371	42	STIM=e
15510860	42	RESP=1
15521302	42	STIM=e
15527847	42	RESP=1
15538900	42	STIM=g
15543207	42	RESP=1
15555968	42	STIM=r
15561376	42	RESP=1
15574827	42	STIM=0
15578297	42	RESP=2
15593250	42	STIM=i
15596921	42	RESP=1
15611076	42	STIM=v
15617191	42	RESP=1
15628227	42	STIM=w
15632273	42	RESP=1
15645158	42	STIM=t
15650115	42	RESP=2
15663925	42	STIM=g
15668726	42	RESP=1
15680807	42	STIM=y
15684253	42	RESP=1
15698785	42	STIM=4
15707090	42	RESP=2
15716013	42	STIM=8
15721226	42	RESP=2
15733803	42	STIM=s
15737320	42	RESP=1
15750379	42	STIM=2
15753956	42	RESP=2
15766796	42	STIM=i
15774233	42	RESP=1
15782422	42	STIM=d
15787945	42	RESP=1
15799766	42	STIM=q
15803652	42	RESP=1
15816511	42	STIM=j
15819882	42	RESP=1
15831766	42	STIM=v
15835818	42	RESP=1
15850548	42	STIM=a
15855896	42	RESP=1
15865674	42	STIM=i
15871388	42	RESP=1
15883802	42	STIM=g
15887949	42	RESP=1
15900058	42	STIM=n
15905987	42	RESP=1
15916671	42	STIM=4
15921537	42	RESP=2
15935115	42	STIM=o
15941907	42	RESP=1
15953777	42	STIM=6
15961206	42	RESP=1
15970121	42	STIM=v
15975343	42	RESP=1
15986691	42	STIM=2
15991223	42	RESP=2
16002366	42	STIM=r
16005800	42	RESP=1
16020188	42	STIM=p
16025505	42	RESP=1
16037326	42	STIM=e
16041675	42	RESP=1
16053179	42	STIM=q
16057914	42	RESP=1
16069589	42	STIM=1
16075097	42	RESP=2
16086876	42	STIM=2
16092425	42	RESP=2
16102136	42	STIM=w
16106553	42	RESP=1
16119398	42	STIM=s
16129377	42	RESP=1
16138038	42	STIM=m
16140474	42	RESP=1
16154178	42	STIM=c
16157458	42	RESP=1
16172702	42	STIM=g
16177729	42	RESP=1
16189327	42	STIM=j
16194252	42	RESP=1
16205854	42	STIM=f
16210478	42	RESP=1
16222645	42	STIM=l
16226043	42	RESP=1
16240931	42	STIM=l
16245441	42	RESP=1
16257717	42	STIM=f
16262396	42	RESP=1
16273602	42	STIM=t
16284294	42	RESP=1
16290564	42	STIM=z
16293863	42	RESP=1
16309563	42	STIM=c
16312928	42	RESP=1
16325864	42	STIM=q
16328679	42	RESP=1
16344214	42	STIM=v
16348995	42	RESP=1
16359438	42	STIM=l
16363075	42	RESP=1
16374535	42	STIM=z
16378813	42	RESP=1
16392631	42	STIM=j
16395794	42	RESP=1
16408921	42	STIM=u
16414866	42	RESP=1
16427447	42	STIM=p
16430984	42	RESP=1
16442800	42	STIM=n
16447685	42	RESP=1
16460017	42	STIM=k
16469749	42	RESP=1
16478267	42	STIM=9
16487586	42	RESP=2
16494403	42	STIM=e
16498797	42	RESP=1
16513308	42	STIM=f
16518118	42	RESP=1
16530723	42	STIM=c
16537900	42	RESP=1
16549149	42	STIM=2
16554025	42	RESP=1
16565665	42	STIM=w
16571565	42	RESP=1
16583070	42	STIM=3
16586499	42	RESP=2
16598201	42	STIM=h
16602308	42	RESP=1
16616273	42	STIM=3
16621157	42	RESP=2
16634822	42	STIM=m
16637414	42	RESP=1
16651053	42	STIM=1
16658712	42	RESP=1
16668487	42	STIM=p
16671876	42	RESP=1
16687180	42	STIM=o
16693339	42	RESP=1
16704013	42	STIM=u
16707734	42	RESP=1
16722422	42	STIM=q
16729543	42	RESP=1
16738943	42	STIM=c
16743151	42	RESP=1
16757456	42	STIM=m
16761003	42	RESP=1
16773591	42	STIM=h
16778547	42	RESP=1
16790321	42	STIM=o
16797169	42	RESP=1
16807341	42	STIM=y
16812286	42	RESP=1
16824573	42	STIM=x
16831953	42	RESP=1
16840891	42	STIM=s
16845543	42	RESP=1
16857198	42	STIM=p
16863061	42	RESP=1
16873905	42	STIM=k
16884068	42	RESP=1
16889941	42	STIM=y
16896034	42	RESP=1
16908855	42	STIM=h
16915249	42	RESP=1
16924097	42	STIM=i
16932927	42	RESP=1
16941793	42	STIM=a
16948048	42	RESP=1
16958067	42	STIM=m
16961670	42	RESP=1
16975897	42	STIM=4
16980006	42	RESP=2
16994576	42	STIM=i
16999576	42	RESP=1
17012626	42	STIM=4
17017592	42	RESP=2
17029725	42	STIM=q
17034341	42	RESP=1
17045682	42	STIM=k
17051078	42	RESP=1
17061567	42	STIM=a
17067265	42	RESP=1
17078885	42	STIM=u
17082944	42	RESP=1
17096641	42	STIM=u
17105082	42	RESP=1
17115325	42	STIM=3
17120375	42	RESP=2
17132945	42	STIM=x
17137372	42	RESP=1
17151358	42	STIM=p
17155002	42	RESP=1
17169202	42	STIM=c
17174656	42	RESP=1
17185099	42	STIM=c
17192081	42	RESP=1
17203118	42	STIM=x
17209139	42	RESP=1
17220842	42	STIM=j
17225999	42	RESP=1
17236171	42	STIM=8
17241419	42	RESP=2
17251669	42	STIM=j
17257342	42	RESP=1
17267897	42	STIM=z
17273354	42	RESP=1
17286851	42	STIM=t
17295726	42	RESP=1
17304678	42	STIM=f
17307685	42	RESP=1
17323322	42	STIM=k
17328429	42	RESP=1
17340996	42	STIM=6
17347562	42	RESP=2
17358924	42	STIM=b
17364222	42	RESP=1
17375149	42	STIM=6
17379563	42	RESP=2
17392767	42	STIM=a
17397032	42	RESP=1
17411188	42	STIM=e
17415329	42	RESP=1
17426742	42	STIM=g
17432951	42	RESP=1
17443668	42	STIM=1
17449224	42	RESP=2
17458699	42	STIM=p
17463667	42	RESP=1
17477360	42	STIM=5
17484035	42	RESP=2
17495924	42	STIM=z
17502457	42	RESP=1
17514566	42	STIM=2
17520507	42	RESP=2
17533523	42	STIM=m
17540356	42	RESP=1
17552420	42	STIM=q
17556939	42	RESP=1
17568652	42	STIM=8
17573546	42	RESP=2
17585216	42	STIM=v
17589074	42	RESP=1
17604038	42	STIM=i
17606918	42	RESP=1
17619936	42	STIM=y
17623909	42	RESP=1
17638601	42	STIM=z
17644858	42	RESP=1
17653807	42	STIM=r
17657642	42	RESP=1
17671295	42	STIM=2
17679216	42	RESP=2
17689902	42	STIM=r
17695836	42	RESP=1
17706213	42	STIM=7
17710517	42	RESP=2
17724695	42	STIM=i
17729536	42	RESP=1
17741709	42	STIM=f
17747262	42	RESP=1
17757206	42	STIM=t
17763282	42	RESP=1
17772596	42	STIM=f
17776076	42	RESP=1
17790904	42	STIM=j
17794962	42	RESP=1
17808870	42	STIM=s
17813751	42	RESP=1
17826686	42	STIM=e
17829970	42	RESP=1
17841724	42	STIM=6
17846270	42	RESP=2
17858327	42	STIM=4
17864731	42	RESP=2
17875442	42	STIM=5
17880367	42	RESP=2
17892684	42	STIM=l
17900275	42	RESP=1
17908435	42	STIM=n
17914287	42	RESP=1
17927277	42	STIM=u
17931687	42	RESP=2
17944395	42	STIM=u
17950772	42	RESP=1
17961266	42	STIM=o
17967307	42	RESP=1
17977000	42	STIM=v
17980838	42	RESP=1
17993769	42	STIM=1
17999114	42	RESP=2
18011671	42	STIM=1
18017207	42	RESP=2
18027010	42	STIM=s
18036749	42	RESP=1
18042221	42	STIM=m
18052113	42	RESP=1
18060764	42	STIM=l
18065352	42	RESP=1
18078028	42	STIM=9
18085856	42	RESP=2
18096967	42	STIM=t
18100418	42	RESP=1
18113251	42	STIM=w
18116828	42	RESP=1
18131407	42	STIM=a
18136821	42	RESP=1
18147410	42	STIM=s
18151733	42	RESP=1
18165894	42	STIM=v
18171561	42	RESP=1
18183613	42	STIM=6
18192032	42	RESP=2
18200126	42	STIM=e
18202879	42	RESP=1
18216058	42	STIM=z
18220239	42	RESP=1
18232873	42	STIM=m
18238708	42	RESP=1
18248546	42	STIM=5
18253126	42	RESP=1
18267454	42	STIM=p
18272232	42	RESP=1
18282610	42	STIM=z
18292974	42	RESP=1
18300537	42	STIM=3
18305023	42	RESP=2
18318760	42	STIM=5
18323251	42	RESP=1
18337668	42	STIM=g
18340468	42	RESP=1
18355238	42	STIM=r
18360731	42	RESP=1
18371226	42	STIM=o
18376827	42	RESP=1
18386310	42	STIM=f
18390544	42	RESP=1
18404906	42	STIM=9
18409309	42	RESP=2
18423334	42	STIM=k
18427879	42	RESP=1
18442107	42	STIM=a
18446853	42	RESP=1
18457984	42	STIM=p
18463235	42	RESP=1
18475383	42	STIM=6
18479527	42	RESP=2
18493309	42	STIM=e
18497811	42	RESP=1
18509537	42	STIM=j
18516229	42	RESP=1
18525288	42	STIM=g
18529204	42	RESP=1
18541874	42	STIM=q
18546719	42	RESP=1
18557775	42	STIM=j
18562361	42	RESP=1
18573640	42	STIM=f
18577586	42	RESP=1
18589240	42	STIM=l
18593227	42	RESP=1
18604447	42	STIM=n
18607441	42	RESP=1
18621467	42	STIM=h
18627884	42	RESP=1
18639255	42	STIM=z
18648320	42	RESP=1
18656943	42	STIM=l
18659914	42	RESP=1
18675509	42	STIM=7
18681849	42	RESP=2
18692145	42	STIM=x
18695827	42	RESP=1
18709129	42	STIM=4
18715996	42	RESP=2
18725084	42	STIM=q
18729735	42	RESP=1
18743947	42	STIM=g
18747831	42	RESP=1
18762422	42	STIM=r
18765384	42	RESP=1
18777971	42	STIM=1
18785475	42	RESP=2
18794232	42	STIM=f
18801333	42	RESP=1
18811939	42	STIM=3
18816294	42	RESP=2
18828857	42	STIM=r
18834126	42	RESP=1
18847689	42	STIM=i
18850658	42	RESP=1
18865434	42	STIM=b
18870512	42	RESP=1
18884355	42	STIM=u
18889204	42	RESP=1
18903077	42	STIM=n
18909416	42	RESP=1
18921185	42	STIM=8
18925339	42	RESP=2
18939829	42	STIM=b
18943463	42	RESP=1
18955897	42	STIM=o
18964264	42	RESP=1
18974684	42	STIM=5
18978704	42	RESP=2
18992574	42	STIM=b
18995588	42	RESP=1
19010889	42	STIM=z
19017138	42	RESP=1
19027222	42	STIM=h
19030599	42	RESP=1
19044236	42	STIM=s
19048251	42	RESP=1
19060207	42	STIM=9
19066272	42	RESP=2
19079133	42	STIM=q
19084384	42	RESP=1
19096691	42	STIM=y
19100736	42	RESP=1
19112112	42	STIM=q
19118896	42	RESP=2
19129356	42	STIM=l
19135707	42	RESP=1
19145717	42	STIM=e
19149686	42	RESP=1
19162523	42	STIM=c
19166568	42	RESP=1
19178189	42	STIM=e
19183148	42	RESP=1
19194492	42	STIM=e
19198524	42	RESP=1
19210889	42	STIM=1
19219533	42	RESP=2
19228958	42	STIM=d
19231818	42	RESP=1
19245610	42	STIM=4
19252337	42	RESP=2
19263434	42	STIM=k
19269141	42	RESP=1
19279126	42	STIM=o
19285204	42	RESP=1
19294180	42	STIM=v
19298230	42	RESP=1
19312746	42	STIM=g
19315954	42	RESP=1
19330370	42	STIM=i
19334755	42	RESP=1
19345589	42	STIM=q
19348738	42	RESP=1
19362063	42	STIM=h
19365504	42	RESP=1
19378999	42	STIM=b
19384275	42	RESP=1
19395585	42	STIM=a
19402334	42	RESP=1
19413681	42	STIM=d
19419116	42	RESP=1
19429045	42	STIM=i
19435602	42	RESP=1
19444209	42	STIM=m
19447766	42	RESP=1
19463165	42	STIM=k
19465715	42	RESP=1
19479999	42	STIM=8
19484896	42	RESP=2
19498947	42	STIM=p
19502794	42	RESP=1
19514041	42	STIM=m
19520000	42	RESP=1
19529673	42	STIM=q
19532871	42	RESP=1
19548422	42	STIM=m
19554654	42	RESP=1
19564331	42	STIM=8
19570499	42	RESP=2
19580300	42	STIM=m
19586763	42	RESP=1
19599073	42	STIM=g
19603358	42	RESP=1
19616159	42	STIM=j
19624253	42	RESP=1
19633685	42	STIM=4
19638151	42	RESP=2
19652287	42	STIM=w
19658678	42	RESP=1
19667371	42	STIM=o
19671806	42	RESP=1
19686048	42	STIM=d
19690737	42	RESP=1
19702784	42	STIM=f
19708407	42	RESP=1
19718341	42	STIM=i
19723072	42	RESP=2
19734547	42	STIM=d
19737011	42	RESP=1
19751372	42	STIM=p
19755590	42	RESP=1
19767458	42	STIM=e
19772099	42	RESP=1
19786297	42	STIM=8
19791682	42	RESP=2
19803007	42	STIM=o
19806951	42	RESP=1
19818952	42	STIM=z
19823793	42	RESP=1
19835284	42	STIM=4
19840869	42	RESP=2
19851337	42	STIM=m
19855774	42	RESP=1
19868256	42	STIM=q
19877282	42	RESP=1
19883889	42	STIM=o
19887992	42	RESP=1
19901164	42	STIM=1
19906043	42	RESP=2
19919200	42	STIM=h
19927537	42	RESP=1
19937568	42	STIM=p
19941375	42	RESP=1
19955051	42	STIM=e
19960032	42	RESP=2
19972168	42	STIM=o
19977928	42	RESP=1
19988019	42	STIM=r
19995679	42	RESP=1
20004708	42	STIM=7
20010149	42	RESP=2
20019777	42	STIM=n
20023802	42	RESP=1
20036664	42	STIM=h
20041523	42	RESP=1
20052984	42	STIM=e
20057931	42	RESP=1
20071112	42	STIM=o
20075821	42	RESP=1
20086176	42	STIM=7
20093958	42	RESP=2
20104856	42	STIM=2
20114977	42	RESP=2
20121918	42	STIM=a
20125370	42	RESP=1
20137587	42	STIM=e
20142065	42	RESP=1
20153253	42	STIM=5
20160038	42	RESP=2
20171598	42	STIM=o
20178809	42	RESP=1
20187970	42	STIM=j
20192444	42	RESP=1
20203174	42	STIM=p
20207664	42	RESP=1
20219582	42	STIM=d
20223391	42	RESP=1
20236257	42	STIM=i
20246483	42	RESP=1
20253263	42	STIM=f
20259840	42	RESP=1
20271615	42	STIM=1
20275309	42	RESP=2
20289137	42	STIM=n
20293344	42	RESP=1
20307199	42	STIM=1
20315683	42	RESP=2
20323971	42	STIM=4
20328962	42	RESP=2
20341495	42	STIM=k
20347756	42	RESP=1
20357789	42	STIM=l
20361597	42	RESP=1
20373174	42	STIM=r
20378088	42	RESP=1
20389825	42	STIM=q
20395209	42	RESP=1
20407530	42	STIM=g
20418174	42	RESP=1
20425779	42	STIM=j
20430349	42	RESP=1
20441610	42	STIM=9
20445587	42	RESP=2
20458825	42	STIM=x
20465893	42	RESP=1
20476061	42	STIM=t
20483017	42	RESP=1
20491980	42	STIM=a
20497708	42	RESP=1
20509397	42	STIM=7
20521497	42	RESP=2
20525799	42	STIM=i
20529303	42	RESP=1
20543619	42	STIM=s
20546546	42	RESP=1
20559311	42	STIM=u
20563920	42	RESP=1
20575459	42	STIM=m
20580448	42	RESP=1
20591015	42	STIM=5
20599420	42	RESP=2
20609695	42	STIM=i
20613086	42	RESP=1
20626095	42	STIM=3
20634099	42	RESP=1
20644157	42	STIM=r
20649878	42	RESP=1
20661069	42	STIM=t
20667397	42	RESP=2
20677365	42	STIM=n
20680651	42	RESP=1
20692371	42	STIM=i
20696425	42	RESP=1
20710609	42	STIM=k
20716402	42	RESP=1
20728217	42	STIM=r
20734669	42	RESP=1
20744291	42	STIM=t
20748704	42	RESP=1
20761592	42	STIM=q
20766452	42	RESP=1
20778286	42	STIM=6
20787543	42	RESP=2
20796278	42	STIM=c
20801119	42	RESP=1
20812269	42	STIM=w
20815071	42	RESP=2
20829889	42	STIM=p
20835495	42	RESP=2
20846005	42	STIM=7
20850992	42	RESP=2
20863745	42	STIM=r
20867165	42	RESP=1
20879576	42	STIM=c
20889672	42	RESP=1
20897344	42	STIM=k
20901844	42	RESP=1
20912871	42	STIM=k
20917490	42	RESP=1
20928666	42	STIM=k
20931969	42	RESP=1
20946521	42	STIM=b
20952745	42	RESP=1
20963992	42	STIM=q
20969285	42	RESP=1
20981765	42	STIM=q
20987132	42	RESP=1
21000043	42	STIM=z
21006592	42	RESP=1
21015990	42	STIM=p
21020765	42	RESP=1
21031367	42	STIM=y
21035120	42	RESP=2
21050239	42	STIM=p
21053324	42	RESP=1
21066460	42	STIM=t
21072394	42	RESP=1
21083996	42	STIM=n
21089709	42	RESP=1
21100242	42	STIM=3
21106796	42	RESP=2
21117099	42	STIM=c
21123556	42	RESP=1
21133089	42	STIM=l
21136635	42	RESP=1
21148405	42	STIM=2
21155033	42	RESP=2
21166981	42	STIM=f
21173098	42	RESP=1
21184124	42	STIM=h
21187134	42	RESP=1
21202996	42	STIM=n
21205516	42	RESP=1
21218826	42	STIM=v
21225793	42	RESP=1
21236197	42	STIM=o
21243523	42	RESP=1
21251787	42	STIM=d
21254789	42	RESP=1
21268665	42	STIM=o
21272262	42	RESP=1
21287456	42	STIM=m
21291222	42	RESP=1
21306274	42	STIM=o
21312342	42	RESP=1
21324270	42	STIM=8
21328611	42	RESP=2
21340334	42	STIM=u
21347580	42	RESP=1
21356408	42	STIM=d
21360302	42	RESP=1
21374011	42	STIM=i
21380119	42	RESP=1
21390930	42	STIM=b
21395960	42	RESP=1
21409654	42	STIM=e
21415448	42	RESP=1
21427796	42	STIM=0
21432996	42	RESP=2
21446567	42	STIM=u
21451400	42	RESP=1
21463038	42	STIM=1
21467829	42	RESP=2
21481387	42	STIM=8
21486071	42	RESP=2
21499484	42	STIM=6
21505000	42	RESP=2
21518207	42	STIM=h
21523491	42	RESP=1
21535620	42	STIM=o
21542978	42	RESP=1
21552988	42	STIM=n
21556557	42	RESP=1
21571209	42	STIM=f
21578106	42	RESP=1
21588142	42	STIM=i
21591463	42	RESP=1
21606692	42	STIM=e
21612054	42	RESP=1
21624120	42	STIM=w
21629772	42	RESP=1
21643029	42	STIM=l
21649596	42	RESP=1
21660908	42	STIM=i
21665745	42	RESP=1
21679325	42	STIM=5
21684792	42	RESP=2
21694452	42	STIM=w
21697145	42	RESP=1
21712635	42	STIM=3
21718949	42	RESP=2
21730253	42	STIM=8
21734431	42	RESP=2
21746267	42	STIM=w
21750717	42	RESP=1
21763341	42	STIM=l
21769919	42	RESP=1
21780465	42	STIM=i
21787128	42	RESP=1
21799327	42	STIM=7
21803796	42	RESP=2
21816713	42	STIM=3
21822133	42	RESP=2
21832848	42	STIM=f
21837631	42	RESP=1
21851315	42	STIM=5
21857831	42	RESP=2
