# Original filename: 0017_TUB_2017-02-14.log
# Time unit: 100 us
# RARECAT=digit
#
# Time	HHGG	Event
29501	42	STIM=o
33292	42	RESP=1
47971	42	STIM=c
56822	42	RESP=1
65061	42	STIM=0
73250	42	RESP=2
81739	42	STIM=c
86441	42	RESP=1
97912	42	STIM=y
103734	42	RESP=1
114093	42	STIM=5
120467	42	RESP=1
130574	42	STIM=z
136298	42	RESP=1
146859	42	STIM=f
151519	42	RESP=1
163021	42	STIM=o
165359	42	RESP=1
178033	42	STIM=s
182999	42	RESP=1
196206	42	STIM=b
207141	42	RESP=1
213661	42	STIM=m
218085	42	RESP=1
230896	42	STIM=6
241065	42	RESP=2
247882	42	STIM=o
253947	42	RESP=1
264981	42	STIM=t
268731	42	RESP=1
282600	42	STIM=a
290695	42	RESP=1
299229	42	STIM=f
305871	42	RESP=1
317542	42	STIM=7
323033	42	RESP=2
336103	42	STIM=f
339781	42	RESP=1
351314	42	STIM=n
356298	42	RESP=1
368978	42	STIM=o
374628	42	RESP=1
387838	42	STIM=b
392898	42	RESP=1
405701	42	STIM=p
409158	42	RESP=1
422026	42	STIM=d
425851	42	RESP=1
440767	42	STIM=1
444775	42	RESP=2
457652	42	STIM=s
462905	42	RESP=1
473506	42	STIM=w
482666	42	RESP=1
492275	42	STIM=h
495510	42	RESP=1
510188	42	STIM=2
514815	42	RESP=2
528836	42	STIM=f
535390	42	RESP=1
544464	42	STIM=4
548749	42	RESP=2
561314	42	STIM=5
567724	42	RESP=2
578868	42	STIM=x
585764	42	RESP=1
596446	42	STIM=b
602778	42	RESP=1
613391	42	STIM=7
618553	42	RESP=2
630532	42	STIM=p
635722	42	RESP=1
648450	42	STIM=4
655962	42	RESP=2
664278	42	STIM=x
668577	42	RESP=1
682516	42	STIM=1
688106	42	RESP=2
697779	42	STIM=q
705590	42	RESP=1
716175	42	STIM=m
725548	42	RESP=1
733388	42	STIM=1
739947	42	RESP=2
749595	42	STIM=w
759372	42	RESP=1
765321	42	STIM=1
769821	42	RESP=2
784260	42	STIM=l
789709	42	RESP=1
801028	42	STIM=s
805806	42	RESP=1
816738	42	STIM=y
819718	42	RESP=1
831975	42	STIM=e
841245	42	RESP=1
847814	42	STIM=r
853838	42	RESP=1
863556	42	STIM=d
867816	42	RESP=1
879492	42	STIM=h
883554	42	RESP=1
897125	42	STIM=r
902812	42	RESP=1
915991	42	STIM=h
924300	42	RESP=1
931307	42	STIM=t
935366	42	RESP=1
947857	42	STIM=n
953357	42	RESP=1
966060	42	STIM=9
972114	42	RESP=2
984725	42	STIM=9
994789	42	RESP=2
1001938	42	STIM=5
1009952	42	RESP=2
1018720	42	STIM=n
1024136	42	RESP=2
1036124	42	STIM=y
1043809	42	RESP=1
1052491	42	STIM=c
1059010	42	RESP=1
1070833	42	STIM=f
1075219	42	RESP=1
1087649	42	STIM=r
1092306	42	RESP=1
1102683	42	STIM=5
1111844	42	RESP=2
1120099	42	STIM=m
1126354	42	RESP=1
1136340	42	STIM=t
1143033	42	RESP=1
1155267	42	STIM=j
1162242	42	RESP=1
1172746	42	STIM=5
1179992	42	RESP=2
1189550	42	STIM=t
1193741	42	RESP=1
1207108	42	STIM=r
1212290	42	RESP=1
1225832	42	STIM=n
1231582	42	RESP=1
1241439	42	STIM=t
1246520	42	RESP=1
1260303	42	STIM=e
1272550	42	RESP=1
1277109	42	STIM=t
1284647	42	RESP=1
1294148	42	STIM=9
1300343	42	RESP=2
1309813	42	STIM=3
1320353	42	RESP=2
1328680	42	STIM=t
1333256	42	RESP=1
1347167	42	STIM=5
1356061	42	RESP=2
1364226	42	STIM=o
1367802	42	RESP=1
1379863	42	STIM=q
1386965	42	RESP=1
1398077	42	STIM=x
1400664	42	RESP=1
1413365	42	STIM=v
1418078	42	RESP=1
1431711	42	STIM=1
1438455	42	RESP=2
1450255	42	STIM=v
1454361	42	RESP=1
1468876	42	STIM=1
1475147	42	RESP=2
1485520	42	STIM=u
1488982	42	RESP=1
1503075	42	STIM=u
1510331	42	RESP=1
1520006	42	STIM=p
1523755	42	RESP=1
1536941	42	STIM=s
1544796	42	RESP=1
1555113	42	STIM=j
1559232	42	RESP=1
1571864	42	STIM=p
1578025	42	RESP=1
1587485	42	STIM=5
1598599	42	RESP=2
1603258	42	STIM=z
1607359	42	RESP=2
1618460	42	STIM=w
1624156	42	RESP=1
1635713	42	STIM=w
1640656	42	RESP=1
1650837	42	STIM=l
1656511	42	RESP=2
1669085	42	STIM=9
1674901	42	RESP=2
1684873	42	STIM=f
1694413	42	RESP=1
1703624	42	STIM=w
1708711	42	RESP=1
1721170	42	STIM=c
1725042	42	RESP=1
1736921	42	STIM=s
1741578	42	RESP=1
1755677	42	STIM=n
1759947	42	RESP=1
1773971	42	STIM=h
1777910	42	RESP=1
1789582	42	STIM=v
1795762	42	RESP=1
1805765	42	STIM=f
1812456	42	RESP=1
1823406	42	STIM=5
1831349	42	RESP=2
1840538	42	STIM=u
1844190	42	RESP=1
1858252	42	STIM=m
1866358	42	RESP=1
1875298	42	STIM=d
1878221	42	RESP=1
1893345	42	STIM=v
1900154	42	RESP=2
1908862	42	STIM=e
1915347	42	RESP=1
1924978	42	STIM=t
1930375	42	RESP=1
1939981	42	STIM=z
1943713	42	RESP=1
1956446	42	STIM=l
1961712	42	RESP=1
1972559	42	STIM=o
1976643	42	RESP=1
1990937	42	STIM=d
1997005	42	RESP=2
2008149	42	STIM=y
2015148	42	RESP=1
2026904	42	STIM=s
2030681	42	RESP=1
2045818	42	STIM=g
2050018	42	RESP=1
2062005	42	STIM=8
2068426	42	RESP=2
2078269	42	STIM=2
2087673	42	RESP=2
2094593	42	STIM=d
2099808	42	RESP=1
2110594	42	STIM=r
2114758	42	RESP=1
2129544	42	STIM=1
2133441	42	RESP=2
2144683	42	STIM=z
2151258	42	RESP=1
2163241	42	STIM=g
2166664	42	RESP=1
2182095	42	STIM=y
2189564	42	RESP=1
2198083	42	STIM=u
2202799	42	RESP=1
2215173	42	STIM=n
2227219	42	RESP=1
2232273	42	STIM=e
2239388	42	RESP=1
2249089	42	STIM=u
2255443	42	RESP=1
2265178	42	STIM=f
2270665	42	RESP=1
2282133	42	STIM=7
2289852	42	RESP=2
2298552	42	STIM=e
2305434	42	RESP=1
2315086	42	STIM=i
2319756	42	RESP=1
2330932	42	STIM=6
2339115	42	RESP=2
2348258	42	STIM=f
2352592	42	RESP=1
2363276	42	STIM=3
2370242	42	RESP=2
2378508	42	STIM=z
2381683	42	RESP=2
2397346	42	STIM=r
2404784	42	RESP=1
2415951	42	STIM=t
2420960	42	RESP=1
2432587	42	STIM=s
2438357	42	RESP=1
2451536	42	STIM=m
2459325	42	RESP=1
2469911	42	STIM=3
2476097	42	RESP=2
2488554	42	STIM=5
2493525	42	RESP=2
2506549	42	STIM=s
2509754	42	RESP=1
2522290	42	STIM=x
2527194	42	RESP=1
2540719	42	STIM=u
2545950	42	RESP=1
2557788	42	STIM=o
2563854	42	RESP=1
2576387	42	STIM=9
2582198	42	RESP=2
2595075	42	STIM=8
2599222	42	RESP=2
2612985	42	STIM=f
2618575	42	RESP=1
2630088	42	STIM=k
2637911	42	RESP=1
2648431	42	STIM=p
2655963	42	RESP=1
2663971	42	STIM=0
2673439	42	RESP=2
2680968	42	STIM=r
2691032	42	RESP=1
2698437	42	STIM=c
2705137	42	RESP=1
2716124	42	STIM=z
2720926	42	RESP=1
2732749	42	STIM=f
2738080	42	RESP=1
2748535	42	STIM=f
2755894	42	RESP=1
2767363	42	STIM=t
2773257	42	RESP=1
2785045	42	STIM=h
2789552	42	RESP=1
2801166	42	STIM=w
2807795	42	RESP=1
2816296	42	STIM=o
2821345	42	RESP=1
2832528	42	STIM=i
2839225	42	RESP=1
2849195	42	STIM=k
2859218	42	RESP=1
2867498	42	STIM=o
2880180	42	RESP=1
2884897	42	STIM=t
2894582	42	RESP=1
2903022	42	STIM=x
2913000	42	RESP=1
2921740	42	STIM=l
2924653	42	RESP=1
2939486	42	STIM=c
2945989	42	RESP=1
2957831	42	STIM=y
2963235	42	RESP=1
2973939	42	STIM=z
2979632	42	RESP=1
2990070	42	STIM=0
2996369	42	RESP=2
3007226	42	STIM=q
3018412	42	RESP=1
3025913	42	STIM=9
3031887	42	RESP=1
3043290	42	STIM=y
3047495	42	RESP=1
3061902	42	STIM=8
3072872	42	RESP=1
3079885	42	STIM=o
3085200	42	RESP=1
3097576	42	STIM=y
3102201	42	RESP=1
3115224	42	STIM=0
3121216	42	RESP=1
3131811	42	STIM=x
3136941	42	RESP=1
3147067	42	STIM=k
3154333	42	RESP=1
3164387	42	STIM=a
3172165	42	RESP=1
3183174	42	STIM=c
3193937	42	RESP=2
3199356	42	STIM=c
3205492	42	RESP=1
3217144	42	STIM=j
3222292	42	RESP=1
3232571	42	STIM=7
3237240	42	RESP=2
3251390	42	STIM=h
3256326	42	RESP=1
3268241	42	STIM=9
3277173	42	RESP=2
3285926	42	STIM=m
3293889	42	RESP=1
3301972	42	STIM=f
3309124	42	RESP=1
3320034	42	STIM=l
3326870	42	RESP=1
3339033	42	STIM=k
3348732	42	RESP=1
3357133	42	STIM=k
3371233	42	RESP=1
3373232	42	STIM=d
3378941	42	RESP=1
3389029	42	STIM=6
3395794	42	RESP=2
3406603	42	STIM=n
3417406	42	RESP=1
3424758	42	STIM=o
3429697	42	RESP=1
3443351	42	STIM=h
3449195	42	RESP=1
3460410	42	STIM=v
3466286	42	RESP=1
3478821	42	STIM=g
3484139	42	RESP=1
3496040	42	STIM=a
3499119	42	RESP=1
3512238	42	STIM=q
3516229	42	RESP=1
3530892	42	STIM=u
3543454	42	RESP=1
3548977	42	STIM=b
3554474	42	RESP=1
3566004	42	STIM=j
3570616	42	RESP=1
3584384	42	STIM=t
3591243	42	RESP=1
3599926	42	STIM=m
3604516	42	RESP=1
3616799	42	STIM=w
3621656	42	RESP=1
3635521	42	STIM=q
3647601	42	RESP=1
3651262	42	STIM=0
3660627	42	RESP=2
3668195	42	STIM=x
3673660	42	RESP=1
3685229	42	STIM=t
3692879	42	RESP=1
3701099	42	STIM=j
3704981	42	RESP=1
3716918	42	STIM=0
3723199	42	RESP=2
3734547	42	STIM=f
3742553	42	RESP=1
3751670	42	STIM=n
3755863	42	RESP=1
3766709	42	STIM=j
3775551	42	RESP=2
3784364	42	STIM=o
3793258	42	RESP=1
3799663	42	STIM=n
3806890	42	RESP=1
3817146	42	STIM=u
3822523	42	RESP=1
3835477	42	STIM=b
3847414	42	RESP=1
3851968	42	STIM=1
3858965	42	RESP=1
3869316	42	STIM=2
3874802	42	RESP=2
3888223	42	STIM=u
3892634	42	RESP=1
3905858	42	STIM=n
3912865	42	RESP=1
3924423	42	STIM=w
3929766	42	RESP=1
3940915	42	STIM=w
3945060	42	RESP=1
3956270	42	STIM=c
3964114	42	RESP=1
3975120	42	STIM=c
3982426	42	RESP=1
3990477	42	STIM=h
3995468	42	RESP=1
4007669	42	STIM=v
4013062	42	RESP=1
4022813	42	STIM=3
4028386	42	RESP=2
4040774	42	STIM=y
4045210	42	RESP=1
4059196	42	STIM=j
4062217	42	RESP=1
4075205	42	STIM=i
4082071	42	RESP=1
4090702	42	STIM=e
4095102	42	RESP=1
4106962	42	STIM=i
4112171	42	RESP=1
4124071	42	STIM=1
4128618	42	RESP=2
4141734	42	STIM=l
4148243	42	RESP=1
4158067	42	STIM=k
4161701	42	RESP=1
4174809	42	STIM=1
4180067	42	RESP=2
4192856	42	STIM=z
4198402	42	RESP=1
4211280	42	STIM=s
4215696	42	RESP=1
4227339	42	STIM=m
4232910	42	RESP=1
4242944	42	STIM=o
4253039	42	RESP=1
4259475	42	STIM=n
4267858	42	RESP=1
4278259	42	STIM=1
4284017	42	RESP=2
4293670	42	STIM=h
4303143	42	RESP=1
4310929	42	STIM=2
4320603	42	RESP=1
4329215	42	STIM=v
4333468	42	RESP=1
4347209	42	STIM=c
4354151	42	RESP=1
4364103	42	STIM=k
4370015	42	RESP=2
4379173	42	STIM=8
4387267	42	RESP=2
4394382	42	STIM=g
4399156	42	RESP=1
4410222	42	STIM=y
4413651	42	RESP=1
4427774	42	STIM=s
4432723	42	RESP=1
4446591	42	STIM=i
4452622	42	RESP=1
4463618	42	STIM=d
4474052	42	RESP=1
4481972	42	STIM=m
4487808	42	RESP=1
4499958	42	STIM=g
4505061	42	RESP=1
4516350	42	STIM=q
4524394	42	RESP=1
4531932	42	STIM=z
4540525	42	RESP=1
4550476	42	STIM=r
4560815	42	RESP=1
4566545	42	STIM=3
4571779	42	RESP=2
4582637	42	STIM=j
4589121	42	RESP=1
4600535	42	STIM=d
4610111	42	RESP=2
4618148	42	STIM=h
4621834	42	RESP=1
4636877	42	STIM=0
4642627	42	RESP=2
4655135	42	STIM=i
4661229	42	RESP=1
4673321	42	STIM=o
4680214	42	RESP=1
4690575	42	STIM=t
4699633	42	RESP=1
4707721	42	STIM=j
4715136	42	RESP=1
4723837	42	STIM=w
4727720	42	RESP=1
4739356	42	STIM=n
4744376	42	RESP=1
4757212	42	STIM=q
4760095	42	RESP=1
4773339	42	STIM=a
4784000	42	RESP=1
4788892	42	STIM=g
4794343	42	RESP=1
4805784	42	STIM=o
4809570	42	RESP=1
4823208	42	STIM=d
4834479	42	RESP=1
4840755	42	STIM=d
4845062	42	RESP=1
4856049	42	STIM=6
4865507	42	RESP=2
4872975	42	STIM=a
4878573	42	RESP=1
4888370	42	STIM=1
4893827	42	RESP=2
4903935	42	STIM=x
4908323	42	RESP=1
4920329	42	STIM=r
4933879	42	RESP=1
4938777	42	STIM=y
4947321	42	RESP=1
4953990	42	STIM=i
4959610	42	RESP=1
4970963	42	STIM=w
4974344	42	RESP=1
4989292	42	STIM=2
4993948	42	RESP=2
5005679	42	STIM=c
5017025	42	RESP=1
5022373	42	STIM=r
5027965	42	RESP=1
5041219	42	STIM=c
5045423	42	RESP=1
5057485	42	STIM=q
5062708	42	RESP=1
5073515	42	STIM=8
5079249	42	RESP=1
5090647	42	STIM=8
5095641	42	RESP=2
5106934	42	STIM=k
5112500	42	RESP=1
5124800	42	STIM=h
5128651	42	RESP=1
5143498	42	STIM=8
5149216	42	RESP=2
5161768	42	STIM=t
5166152	42	RESP=1
5178979	42	STIM=d
5184685	42	RESP=1
5195001	42	STIM=2
5204770	42	RESP=2
5213837	42	STIM=9
5222163	42	RESP=2
5231921	42	STIM=0
5236436	42	RESP=2
5246921	42	STIM=t
5253598	42	RESP=1
5265093	42	STIM=7
5276217	42	RESP=2
5283660	42	STIM=2
5289672	42	RESP=2
5300563	42	STIM=p
5304582	42	RESP=1
5318946	42	STIM=q
5328777	42	RESP=1
5336013	42	STIM=i
5339515	42	RESP=1
5353985	42	STIM=i
5358703	42	RESP=1
5372179	42	STIM=g
5378290	42	RESP=1
5391174	42	STIM=e
5398705	42	RESP=1
5409831	42	STIM=9
5414678	42	RESP=2
5428084	42	STIM=g
5433945	42	RESP=1
5443417	42	STIM=o
5447741	42	RESP=1
5458617	42	STIM=m
5462483	42	RESP=1
5476487	42	STIM=b
5482199	42	RESP=1
5493066	42	STIM=1
5497571	42	RESP=2
5509240	42	STIM=z
5522838	42	RESP=1
5525275	42	STIM=i
5531381	42	RESP=1
5543099	42	STIM=r
5551781	42	RESP=1
5561066	42	STIM=h
5568559	42	RESP=1
5576497	42	STIM=g
5579071	42	RESP=1
5592919	42	STIM=t
5597214	42	RESP=1
5611668	42	STIM=e
5616196	42	RESP=1
5626917	42	STIM=h
5630869	42	RESP=1
5643357	42	STIM=o
5649575	42	RESP=1
5660139	42	STIM=e
5664723	42	RESP=1
5676304	42	STIM=e
5683911	42	RESP=1
5691602	42	STIM=1
5697197	42	RESP=2
5707499	42	STIM=0
5713147	42	RESP=2
5722973	42	STIM=m
5726694	42	RESP=1
5740078	42	STIM=h
5742576	42	RESP=1
5758395	42	STIM=n
5763706	42	RESP=1
5775463	42	STIM=h
5778532	42	RESP=1
5793052	42	STIM=7
5804642	42	RESP=2
5809457	42	STIM=4
5817918	42	RESP=2
5827903	42	STIM=d
5831902	42	RESP=1
5844475	42	STIM=3
5855024	42	RESP=2
5861275	42	STIM=l
5868467	42	RESP=1
5876712	42	STIM=p
5881112	42	RESP=1
5891902	42	STIM=g
5894665	42	RESP=1
5908703	42	STIM=l
5916707	42	RESP=1
5925697	42	STIM=2
5934069	42	RESP=2
5942088	42	STIM=s
5948312	42	RESP=1
5959310	42	STIM=j
5966575	42	RESP=1
5977787	42	STIM=h
5982426	42	RESP=1
5994154	42	STIM=1
6000341	42	RESP=2
6010421	42	STIM=g
6015984	42	RESP=1
6027442	42	STIM=x
6031599	42	RESP=1
6044868	42	STIM=n
6051506	42	RESP=1
6060820	42	STIM=8
6064571	42	RESP=1
6077969	42	STIM=6
6085649	42	RESP=2
6096507	42	STIM=5
6103903	42	RESP=1
6111991	42	STIM=z
6115877	42	RESP=1
6129408	42	STIM=t
6136050	42	RESP=1
6148305	42	STIM=p
6156881	42	RESP=1
6166446	42	STIM=7
6174436	42	RESP=1
6185165	42	STIM=f
6191117	42	RESP=1
6203647	42	STIM=i
6210195	42	RESP=1
6221012	42	STIM=j
6227572	42	RESP=1
6238552	42	STIM=c
6245037	42	RESP=1
6254707	42	STIM=g
6257640	42	RESP=1
6271688	42	STIM=s
6279439	42	RESP=1
6286955	42	STIM=i
6291241	42	RESP=1
6305761	42	STIM=2
6314064	42	RESP=2
6321210	42	STIM=j
6326957	42	RESP=1
6337478	42	STIM=i
6342658	42	RESP=1
6353625	42	STIM=i
6358533	42	RESP=1
6371980	42	STIM=p
6380707	42	RESP=1
6387297	42	STIM=a
6393225	42	RESP=1
6404758	42	STIM=t
6408714	42	RESP=1
6421380	42	STIM=l
6427714	42	RESP=2
6439572	42	STIM=l
6446441	42	RESP=1
6457213	42	STIM=z
6460318	42	RESP=2
6473636	42	STIM=c
6480534	42	RESP=1
6490919	42	STIM=4
6496866	42	RESP=2
6506980	42	STIM=5
6517169	42	RESP=2
6522912	42	STIM=o
6528551	42	RESP=1
6540572	42	STIM=f
6547434	42	RESP=1
6558846	42	STIM=x
6566161	42	RESP=1
6576703	42	STIM=q
6582610	42	RESP=1
6594170	42	STIM=g
6598893	42	RESP=1
6612206	42	STIM=c
6618289	42	RESP=1
6628820	42	STIM=d
6635622	42	RESP=1
6645662	42	STIM=d
6653553	42	RESP=1
6663697	42	STIM=n
6671158	42	RESP=1
6681327	42	STIM=f
6686322	42	RESP=1
6697334	42	STIM=2
6706149	42	RESP=2
6713647	42	STIM=s
6718678	42	RESP=1
6730260	42	STIM=6
6734404	42	RESP=2
6747141	42	STIM=i
6755802	42	RESP=1
6764798	42	STIM=f
6768727	42	RESP=1
6782475	42	STIM=w
6789526	42	RESP=2
6800814	42	STIM=s
6803356	42	RESP=1
6817383	42	STIM=1
6824146	42	RESP=2
6834972	42	STIM=d
6841139	42	RESP=1
6853044	42	STIM=r
6860002	42	RESP=1
6870684	42	STIM=a
6881552	42	RESP=1
6889002	42	STIM=c
6898344	42	RESP=1
6905029	42	STIM=a
6912288	42	RESP=1
6920421	42	STIM=d
6927379	42	RESP=1
6938890	42	STIM=7
6942857	42	RESP=2
6956858	42	STIM=k
6963275	42	RESP=1
6974537	42	STIM=u
6980432	42	RESP=1
6993360	42	STIM=g
6999345	42	RESP=2
7010918	42	STIM=x
7016368	42	RESP=1
7026051	42	STIM=s
7030001	42	RESP=1
7043680	42	STIM=o
7048728	42	RESP=1
7059119	42	STIM=b
7067346	42	RESP=1
7077347	42	STIM=y
7082430	42	RESP=1
7095058	42	STIM=x
7101480	42	RESP=1
7112577	42	STIM=8
7120680	42	RESP=2
7128669	42	STIM=5
7132845	42	RESP=1
7147074	42	STIM=3
7159598	42	RESP=2
7164804	42	STIM=8
7170000	42	RESP=2
7183398	42	STIM=z
7188294	42	RESP=1
7200798	42	STIM=6
7206533	42	RESP=2
7216967	42	STIM=b
7220568	42	RESP=1
7231978	42	STIM=t
7236328	42	RESP=1
7250157	42	STIM=u
7258172	42	RESP=1
7266760	42	STIM=d
7272010	42	RESP=1
7282228	42	STIM=r
7291885	42	RESP=1
7298127	42	STIM=q
7308370	42	RESP=1
7313570	42	STIM=f
7319198	42	RESP=1
7330801	42	STIM=d
7338282	42	RESP=1
7347582	42	STIM=9
7356350	42	RESP=1
7363408	42	STIM=c
7366870	42	RESP=1
7379748	42	STIM=5
7383822	42	RESP=2
7395634	42	STIM=3
7402485	42	RESP=1
7412264	42	STIM=9
7424101	42	RESP=1
7427572	42	STIM=e
7436025	42	RESP=1
7445903	42	STIM=p
7451847	42	RESP=1
7460928	42	STIM=e
7464465	42	RESP=1
7477233	42	STIM=j
7483803	42	RESP=1
7495301	42	STIM=r
7500279	42	RESP=1
7512503	42	STIM=8
7520969	42	RESP=1
7531402	42	STIM=3
7536251	42	RESP=2
7550253	42	STIM=q
7553648	42	RESP=1
7565354	42	STIM=c
7570223	42	RESP=1
7581311	42	STIM=0
7586687	42	RESP=2
7599315	42	STIM=w
7602391	42	RESP=2
7618080	42	STIM=z
7623751	42	RESP=1
7635193	42	STIM=8
7640889	42	RESP=2
7653347	42	STIM=i
7658092	42	RESP=1
7671978	42	STIM=z
7676853	42	RESP=1
7690035	42	STIM=t
7698004	42	RESP=1
7706475	42	STIM=p
7711293	42	RESP=1
7724405	42	STIM=z
7728493	42	RESP=1
7742290	42	STIM=l
7750145	42	RESP=1
7759735	42	STIM=x
7763233	42	RESP=1
7778507	42	STIM=i
7782654	42	RESP=1
7795314	42	STIM=f
7801488	42	RESP=1
7811833	42	STIM=1
7820733	42	RESP=2
7830253	42	STIM=q
7833540	42	RESP=1
7847829	42	STIM=j
7852856	42	RESP=1
7866695	42	STIM=s
7870631	42	RESP=1
7884816	42	STIM=a
7888109	42	RESP=1
7902931	42	STIM=l
7905656	42	RESP=1
7920220	42	STIM=p
7925342	42	RESP=1
7937037	42	STIM=8
7946196	42	RESP=2
7952675	42	STIM=c
7960321	42	RESP=1
7969913	42	STIM=a
7974009	42	RESP=1
7987231	42	STIM=s
7996276	42	RESP=1
8004032	42	STIM=c
8009487	42	RESP=1
8022275	42	STIM=m
8025731	42	RESP=1
8038535	42	STIM=8
8045446	42	RESP=1
8057327	42	STIM=t
8062110	42	RESP=1
8073160	42	STIM=c
8077794	42	RESP=1
8091827	42	STIM=x
8102955	42	RESP=1
8109783	42	STIM=h
8121375	42	RESP=1
8127585	42	STIM=0
8133639	42	RESP=2
8143839	42	STIM=h
8154729	42	RESP=1
8161975	42	STIM=m
8167451	42	RESP=1
8180608	42	STIM=6
8185782	42	RESP=2
8196625	42	STIM=y
8200572	42	RESP=1
8213584	42	STIM=u
8220172	42	RESP=1
8231992	42	STIM=2
8240301	42	RESP=2
8247664	42	STIM=h
8253630	42	RESP=1
8263548	42	STIM=h
8268123	42	RESP=1
8279044	42	STIM=b
8285554	42	RESP=1
8294536	42	STIM=e
8300332	42	RESP=1
8310844	42	STIM=s
8316662	42	RESP=1
8326097	42	STIM=i
8337603	42	RESP=1
8345064	42	STIM=l
8351653	42	RESP=1
8363873	42	STIM=m
8370484	42	RESP=1
8381875	42	STIM=x
8386065	42	RESP=1
8399558	42	STIM=h
8405372	42	RESP=1
8415472	42	STIM=e
8423355	42	RESP=1
8433656	42	STIM=w
8439383	42	RESP=1
8450389	42	STIM=0
8461675	42	RESP=2
8466533	42	STIM=i
8471843	42	RESP=1
8482702	42	STIM=s
8492683	42	RESP=1
8497841	42	STIM=l
8500735	42	RESP=1
8516036	42	STIM=l
8522644	42	RESP=2
8533418	42	STIM=w
8539484	42	RESP=1
8550635	42	STIM=u
8556710	42	RESP=1
8567121	42	STIM=7
8574414	42	RESP=2
8582549	42	STIM=1
8591208	42	RESP=2
8597760	42	STIM=z
8603192	42	RESP=2
8612930	42	STIM=h
8621799	42	RESP=1
8630857	42	STIM=u
8635674	42	RESP=1
8645937	42	STIM=t
8656790	42	RESP=1
8663291	42	STIM=b
8668004	42	RESP=1
8680367	42	STIM=d
8684472	42	RESP=1
8699212	42	STIM=f
8707169	42	RESP=1
8716735	42	STIM=x
8726154	42	RESP=1
8735637	42	STIM=z
8743183	42	RESP=1
8754274	42	STIM=t
8760540	42	RESP=1
8769980	42	STIM=a
8776996	42	RESP=1
8786684	42	STIM=1
8794877	42	RESP=2
8802295	42	STIM=h
8807388	42	RESP=1
8817968	42	STIM=n
8821207	42	RESP=1
8836683	42	STIM=3
8847090	42	RESP=1
8854112	42	STIM=t
8859522	42	RESP=1
8872935	42	STIM=y
8881025	42	RESP=1
8890063	42	STIM=m
8897929	42	RESP=1
8905435	42	STIM=0
8914762	42	RESP=2
8920667	42	STIM=g
8926222	42	RESP=1
8936688	42	STIM=t
8943267	42	RESP=1
8951782	42	STIM=6
8956917	42	RESP=2
8970283	42	STIM=m
8974718	42	RESP=1
8988362	42	STIM=f
8992212	42	RESP=1
9003886	42	STIM=f
9007860	42	RESP=1
9019225	42	STIM=b
9024326	42	RESP=1
9034458	42	STIM=1
9040922	42	RESP=2
9050689	42	STIM=d
9057309	42	RESP=1
9069342	42	STIM=4
9074638	42	RESP=2
9087808	42	STIM=y
9094325	42	RESP=1
9103020	42	STIM=v
9109481	42	RESP=1
9121429	42	STIM=n
9124538	42	RESP=1
9138589	42	STIM=x
9144386	42	RESP=1
9156411	42	STIM=i
9167056	42	RESP=1
9172928	42	STIM=v
9178222	42	RESP=1
9188654	42	STIM=e
9195143	42	RESP=1
9205071	42	STIM=w
9207981	42	RESP=1
9220189	42	STIM=1
9226270	42	RESP=2
9235197	42	STIM=u
9240535	42	RESP=1
9251759	42	STIM=t
9258905	42	RESP=1
9267955	42	STIM=d
9275712	42	RESP=1
9283286	42	STIM=u
9289390	42	RESP=1
9299164	42	STIM=n
9302399	42	RESP=1
9314461	42	STIM=0
9318767	42	RESP=2
9331368	42	STIM=u
9334593	42	RESP=1
9348385	42	STIM=v
9353902	42	RESP=1
9363911	42	STIM=u
9369005	42	RESP=1
9381491	42	STIM=f
9385984	42	RESP=1
9399527	42	STIM=n
9406208	42	RESP=1
9417431	42	STIM=2
9425013	42	RESP=2
9434040	42	STIM=t
9439440	42	RESP=1
9449196	42	STIM=e
9454001	42	RESP=1
9465441	42	STIM=f
9469804	42	RESP=1
9482240	42	STIM=k
9487564	42	RESP=1
9498018	42	STIM=c
9503908	42	RESP=1
9514440	42	STIM=k
9525608	42	RESP=1
9531666	42	STIM=u
9534518	42	RESP=1
9549563	42	STIM=p
9554854	42	RESP=1
9565258	42	STIM=3
9574494	42	RESP=2
9582770	42	STIM=r
9585607	42	RESP=1
9599106	42	STIM=e
9605173	42	RESP=1
9617780	42	STIM=c
9621309	42	RESP=1
9633024	42	STIM=g
9647601	42	RESP=1
9649681	42	STIM=q
9658100	42	RESP=1
9665423	42	STIM=l
9671626	42	RESP=1
9680779	42	STIM=s
9693034	42	RESP=1
9699716	42	STIM=8
9704458	42	RESP=2
9716403	42	STIM=x
9719705	42	RESP=1
9734006	42	STIM=x
9740734	42	RESP=1
9751776	42	STIM=a
9755197	42	RESP=1
9769241	42	STIM=x
9777279	42	RESP=1
9786171	42	STIM=x
9790093	42	RESP=1
9803770	42	STIM=z
9806872	42	RESP=1
9821390	42	STIM=2
9827816	42	RESP=2
9838387	42	STIM=6
9842440	42	RESP=2
9855452	42	STIM=a
9862284	42	RESP=1
9871997	42	STIM=g
9877965	42	RESP=1
9887633	42	STIM=8
9893760	42	RESP=2
9904357	42	STIM=d
9909806	42	RESP=1
9921518	42	STIM=9
9926689	42	RESP=2
9939768	42	STIM=u
9950169	42	RESP=1
9957159	42	STIM=2
9963644	42	RESP=1
9975962	42	STIM=j
9980173	42	RESP=1
9990994	42	STIM=r
9997567	42	RESP=1
10009661	42	STIM=a
10013120	42	RESP=1
10026485	42	STIM=x
10032578	42	RESP=1
10044086	42	STIM=p
10048958	42	RESP=1
10061788	42	STIM=t
10064672	42	RESP=1
10077236	42	STIM=4
10087337	42	RESP=2
10093949	42	STIM=4
10102324	42	RESP=1
10111076	42	STIM=q
10115757	42	RESP=1
10129628	42	STIM=k
10134635	42	RESP=1
10147185	42	STIM=e
10152939	42	RESP=1
10162333	42	STIM=k
10170896	42	RESP=1
10180478	42	STIM=o
10194812	42	RESP=1
10197190	42	STIM=c
10204362	42	RESP=1
10213182	42	STIM=y
10223021	42	RESP=1
10229337	42	STIM=w
10233848	42	RESP=1
10247715	42	STIM=y
10255426	42	RESP=1
10263009	42	STIM=r
10267632	42	RESP=1
10280991	42	STIM=1
10285317	42	RESP=2
10297046	42	STIM=s
10301596	42	RESP=1
10314419	42	STIM=p
10321022	42	RESP=1
10329898	42	STIM=m
10335752	42	RESP=1
10348498	42	STIM=6
10357796	42	RESP=2
10366142	42	STIM=v
10372957	42	RESP=1
10381628	42	STIM=m
10385390	42	RESP=1
10399498	42	STIM=j
10402468	42	RESP=1
10417051	42	STIM=f
10425644	42	RESP=1
10434159	42	STIM=3
10440453	42	RESP=2
10452307	42	STIM=3
10457967	42	RESP=2
10470343	42	STIM=9
10478054	42	RESP=2
10485699	42	STIM=n
10496430	42	RESP=1
10502343	42	STIM=h
10510979	42	RESP=1
10520512	42	STIM=u
10525356	42	RESP=1
10535983	42	STIM=u
10539693	42	RESP=1
10552529	42	STIM=c
10560744	42	RESP=1
10571198	42	STIM=p
10578373	42	RESP=1
10587883	42	STIM=2
10594763	42	RESP=2
10606791	42	STIM=l
10614910	42	RESP=1
10625370	42	STIM=z
10629034	42	RESP=1
10642406	42	STIM=u
10650730	42	RESP=2
10660706	42	STIM=5
10667370	42	RESP=2
10676605	42	STIM=a
10681050	42	RESP=1
10693366	42	STIM=b
10702921	42	RESP=1
10711893	42	STIM=k
10715423	42	RESP=1
10728214	42	STIM=h
10735530	42	RESP=2
10743270	42	STIM=g
10748509	42	RESP=1
10758473	42	STIM=k
10764669	42	RESP=1
10775210	42	STIM=s
10779901	42	RESP=1
10791564	42	STIM=1
10796937	42	RESP=2
10807463	42	STIM=f
10814120	42	RESP=1
10822766	42	STIM=g
10829865	42	RESP=1
10841536	42	STIM=m
10848802	42	RESP=1
10860035	42	STIM=a
10867079	42	RESP=1
10876433	42	STIM=9
10881663	42	RESP=2
10893164	42	STIM=l
10902059	42	RESP=1
10909413	42	STIM=c
10912604	42	RESP=1
10927429	42	STIM=i
10933489	42	RESP=1
10943047	42	STIM=v
10949064	42	RESP=1
10960520	42	STIM=s
10965826	42	RESP=1
10975584	42	STIM=7
10981644	42	RESP=2
10991869	42	STIM=r
10998998	42	RESP=1
11009993	42	STIM=a
11013467	42	RESP=1
11026152	42	STIM=q
11030597	42	RESP=1
11044070	42	STIM=a
11049609	42	RESP=1
11062065	42	STIM=7
11067817	42	RESP=2
11078953	42	STIM=q
11082000	42	RESP=1
11097924	42	STIM=d
11100883	42	RESP=1
11116507	42	STIM=h
11123303	42	RESP=1
11132305	42	STIM=g
11141196	42	RESP=1
11150404	42	STIM=g
11157399	42	RESP=1
11166534	42	STIM=a
11171099	42	RESP=1
11182908	42	STIM=2
11190823	42	RESP=2
11200733	42	STIM=3
11206430	42	RESP=2
11215735	42	STIM=t
11219151	42	RESP=1
11233509	42	STIM=s
11237995	42	RESP=1
11250931	42	STIM=f
11255859	42	RESP=1
11268436	42	STIM=e
11275533	42	RESP=1
11283721	42	STIM=t
11286564	42	RESP=1
11301889	42	STIM=d
11307163	42	RESP=1
11319182	42	STIM=f
11326921	42	RESP=1
11334930	42	STIM=1
11344285	42	RESP=2
11352668	42	STIM=i
11357245	42	RESP=2
11371184	42	STIM=s
11375087	42	RESP=1
11388355	42	STIM=a
11397877	42	RESP=1
11405707	42	STIM=f
11416310	42	RESP=1
11421516	42	STIM=c
11427330	42	RESP=1
11436706	42	STIM=6
11444953	42	RESP=2
11451798	42	STIM=h
11457614	42	RESP=1
11467329	42	STIM=q
11474718	42	RESP=1
11485988	42	STIM=e
11489600	42	RESP=1
11501113	42	STIM=8
11509261	42	RESP=2
11517071	42	STIM=u
11525064	42	RESP=1
11532562	42	STIM=u
11536766	42	RESP=1
11550062	42	STIM=o
11557810	42	RESP=1
11568275	42	STIM=v
11575212	42	RESP=1
11583870	42	STIM=7
11589987	42	RESP=1
11600653	42	STIM=p
11604504	42	RESP=1
11615800	42	STIM=2
11622653	42	RESP=2
11632836	42	STIM=h
11636009	42	RESP=1
11651409	42	STIM=w
11659138	42	RESP=1
11668309	42	STIM=z
11671498	42	RESP=1
11687237	42	STIM=s
11690977	42	RESP=1
11703261	42	STIM=q
11708149	42	RESP=1
11721817	42	STIM=b
11725628	42	RESP=1
11740190	42	STIM=8
11745157	42	RESP=2
11758483	42	STIM=l
11765311	42	RESP=1
11774122	42	STIM=x
11778300	42	RESP=1
11790768	42	STIM=o
11796804	42	RESP=1
11807861	42	STIM=f
11812640	42	RESP=1
11825235	42	STIM=y
11828943	42	RESP=1
11843439	42	STIM=l
11848121	42	RESP=1
11860138	42	STIM=m
11869424	42	RESP=1
11875760	42	STIM=t
11882123	42	RESP=1
11891393	42	STIM=p
11895637	42	RESP=1
11908895	42	STIM=v
11916852	42	RESP=2
11927641	42	STIM=v
11932107	42	RESP=1
11946510	42	STIM=4
11952370	42	RESP=2
11962423	42	STIM=i
11966988	42	RESP=1
11977856	42	STIM=l
11987218	42	RESP=1
11995696	42	STIM=9
12003335	42	RESP=2
12012673	42	STIM=l
12021470	42	RESP=1
12031275	42	STIM=n
12036005	42	RESP=1
12047827	42	STIM=x
12052808	42	RESP=1
12064622	42	STIM=z
12069495	42	RESP=1
12080645	42	STIM=2
12086818	42	RESP=2
12097985	42	STIM=p
12103477	42	RESP=1
12113378	42	STIM=f
12121703	42	RESP=1
12129655	42	STIM=8
12134794	42	RESP=2
12145681	42	STIM=i
12150054	42	RESP=1
12161221	42	STIM=d
12167666	42	RESP=1
12177476	42	STIM=v
12182796	42	RESP=1
12192916	42	STIM=g
12198895	42	RESP=1
12209957	42	STIM=s
12213754	42	RESP=1
12226043	42	STIM=m
12231202	42	RESP=1
12243882	42	STIM=k
12247429	42	RESP=1
12261490	42	STIM=z
12266246	42	RESP=1
12280228	42	STIM=j
12286126	42	RESP=1
12297743	42	STIM=i
12304827	42	RESP=1
12314512	42	STIM=f
12321434	42	RESP=2
12331638	42	STIM=u
12335912	42	RESP=1
12349991	42	STIM=d
12354002	42	RESP=1
12367776	42	STIM=8
12375169	42	RESP=2
12386763	42	STIM=8
12395488	42	RESP=2
12404157	42	STIM=u
12409794	42	RESP=1
12421329	42	STIM=a
12425285	42	RESP=1
12437532	42	STIM=i
12440981	42	RESP=1
12452666	42	STIM=r
12459080	42	RESP=1
12471656	42	STIM=q
12477692	42	RESP=2
12489860	42	STIM=v
12495316	42	RESP=1
12505524	42	STIM=w
12510817	42	RESP=1
12521351	42	STIM=i
12525986	42	RESP=1
12537252	42	STIM=1
12542279	42	RESP=2
12554206	42	STIM=g
12559801	42	RESP=1
12571688	42	STIM=r
12577249	42	RESP=1
12588517	42	STIM=a
12595626	42	RESP=1
12604586	42	STIM=0
12608332	42	RESP=2
12623247	42	STIM=t
12626879	42	RESP=1
12639183	42	STIM=o
12647100	42	RESP=1
12654221	42	STIM=c
12661090	42	RESP=2
12669849	42	STIM=2
12677066	42	RESP=2
12688013	42	STIM=s
12691970	42	RESP=1
12706766	42	STIM=e
12710894	42	RESP=1
12724496	42	STIM=b
12730044	42	RESP=1
12742237	42	STIM=a
12748439	42	RESP=1
12758620	42	STIM=h
12763172	42	RESP=1
12773781	42	STIM=c
12780431	42	RESP=1
12789184	42	STIM=o
12794930	42	RESP=1
12807887	42	STIM=h
12812006	42	RESP=1
12824579	42	STIM=p
12832878	42	RESP=1
12842501	42	STIM=x
12846914	42	RESP=1
12860519	42	STIM=y
12872507	42	RESP=1
12877994	42	STIM=k
12882698	42	RESP=1
12894321	42	STIM=7
12900709	42	RESP=2
12910795	42	STIM=8
12916493	42	RESP=2
12928411	42	STIM=h
12933929	42	RESP=2
12945770	42	STIM=0
12952939	42	RESP=2
12961852	42	STIM=3
12965456	42	RESP=2
12978277	42	STIM=h
12986614	42	RESP=1
12995785	42	STIM=d
12999723	42	RESP=1
13013274	42	STIM=p
13020299	42	RESP=1
13029673	42	STIM=i
13035818	42	RESP=1
13046680	42	STIM=p
13054166	42	RESP=1
13063988	42	STIM=q
13068368	42	RESP=1
13082387	42	STIM=o
13086276	42	RESP=2
13099809	42	STIM=0
13105003	42	RESP=2
13114837	42	STIM=k
13120990	42	RESP=1
13132560	42	STIM=m
13136918	42	RESP=1
13148154	42	STIM=s
13151292	42	RESP=2
13165943	42	STIM=6
13171941	42	RESP=2
13184261	42	STIM=g
13195239	42	RESP=1
13201582	42	STIM=f
13204576	42	RESP=1
13218735	42	STIM=w
13223695	42	RESP=1
13234260	42	STIM=l
13240367	42	RESP=1
13252729	42	STIM=p
13258509	42	RESP=1
13267961	42	STIM=a
13272488	42	RESP=1
13286143	42	STIM=5
13290764	42	RESP=1
13304701	42	STIM=l
13309391	42	RESP=1
13322109	42	STIM=r
13327834	42	RESP=1
13340371	42	STIM=w
13348911	42	RESP=1
13356215	42	STIM=c
13360617	42	RESP=1
13372156	42	STIM=x
13376796	42	RESP=1
13389945	42	STIM=s
13399047	42	RESP=1
13406260	42	STIM=g
13411491	42	RESP=1
13425167	42	STIM=i
13432964	42	RESP=1
13441273	42	STIM=3
13451610	42	RESP=2
13456603	42	STIM=m
13460393	42	RESP=1
13474794	42	STIM=m
13481385	42	RESP=1
13492408	42	STIM=m
13497704	42	RESP=1
13509574	42	STIM=y
13518043	42	RESP=1
13527252	42	STIM=1
13533279	42	RESP=2
13545897	42	STIM=2
13552709	42	RESP=2
13561094	42	STIM=5
13565799	42	RESP=2
13576157	42	STIM=i
13581231	42	RESP=1
13594711	42	STIM=c
13598600	42	RESP=2
13613179	42	STIM=v
13620269	42	RESP=1
13630522	42	STIM=e
13634185	42	RESP=1
13648875	42	STIM=6
13655365	42	RESP=2
13664954	42	STIM=z
13669805	42	RESP=1
13681432	42	STIM=v
13691328	42	RESP=1
13699324	42	STIM=a
13702394	42	RESP=1
13717344	42	STIM=m
13723784	42	RESP=1
13733359	42	STIM=s
13737523	42	RESP=1
13750699	42	STIM=q
13756081	42	RESP=1
13766153	42	STIM=d
13770567	42	RESP=1
13784145	42	STIM=n
13791619	42	RESP=1
13802026	42	STIM=b
13807989	42	RESP=1
13819184	42	STIM=x
13824165	42	RESP=1
13838113	42	STIM=w
13842193	42	RESP=1
13854630	42	STIM=n
13859616	42	RESP=1
13870609	42	STIM=c
13875327	42	RESP=1
13888576	42	STIM=v
13893817	42	RESP=1
13907378	42	STIM=7
13913621	42	RESP=2
13925491	42	STIM=h
13931535	42	RESP=1
13943049	42	STIM=x
13947156	42	RESP=1
13960374	42	STIM=e
13967330	42	RESP=1
13976231	42	STIM=0
13986393	42	RESP=2
13991322	42	STIM=l
13997532	42	RESP=1
14009247	42	STIM=q
14014854	42	RESP=1
14025545	42	STIM=c
14032114	42	RESP=1
14041510	42	STIM=z
14049372	42	RESP=1
14057457	42	STIM=m
14063918	42	RESP=1
14073643	42	STIM=y
14077215	42	RESP=1
14089260	42	STIM=o
14095940	42	RESP=1
14105295	42	STIM=r
14110044	42	RESP=1
14123978	42	STIM=v
14131527	42	RESP=1
14139923	42	STIM=h
14144018	42	RESP=1
14156551	42	STIM=w
14161957	42	RESP=1
14174707	42	STIM=h
14186429	42	RESP=1
14190449	42	STIM=n
14194904	42	RESP=1
14209102	42	STIM=x
14213289	42	RESP=1
14225414	42	STIM=y
14232826	42	RESP=1
14241403	42	STIM=x
14245808	42	RESP=1
14257245	42	STIM=5
14263322	42	RESP=2
14272757	42	STIM=l
14279805	42	RESP=1
14291060	42	STIM=y
14297041	42	RESP=1
14308112	42	STIM=v
14314086	42	RESP=1
14324916	42	STIM=4
14330609	42	RESP=2
14341216	42	STIM=u
14349292	42	RESP=1
14357048	42	STIM=x
14365854	42	RESP=2
14374448	42	STIM=2
14380470	42	RESP=2
14389623	42	STIM=g
14397390	42	RESP=2
14406113	42	STIM=s
14410964	42	RESP=1
14424604	42	STIM=n
14428515	42	RESP=1
14441868	42	STIM=v
14447560	42	RESP=1
14459170	42	STIM=l
14465031	42	RESP=1
14477557	42	STIM=z
14482147	42	RESP=1
14494634	42	STIM=7
14502964	42	RESP=2
14513503	42	STIM=j
14518829	42	RESP=1
14530824	42	STIM=b
14539363	42	RESP=1
14546518	42	STIM=m
14552879	42	RESP=1
14564249	42	STIM=y
14568174	42	RESP=1
14579715	42	STIM=i
14583797	42	RESP=1
14598136	42	STIM=h
14610169	42	RESP=1
14616457	42	STIM=a
14622300	42	RESP=1
14633362	42	STIM=n
14638173	42	RESP=1
14648975	42	STIM=s
14658048	42	RESP=1
14667473	42	STIM=i
14672049	42	RESP=1
14684013	42	STIM=m
14688716	42	RESP=1
14702376	42	STIM=k
14709583	42	RESP=1
14720147	42	STIM=i
14727302	42	RESP=1
14737006	42	STIM=3
14741480	42	RESP=2
14752268	42	STIM=p
14758465	42	RESP=1
14767619	42	STIM=3
14775918	42	RESP=2
14783860	42	STIM=t
14787988	42	RESP=1
14800211	42	STIM=6
14806077	42	RESP=1
14816615	42	STIM=7
14823944	42	RESP=1
14834634	42	STIM=e
14839274	42	RESP=1
14851763	42	STIM=8
14862900	42	RESP=2
14869573	42	STIM=s
14875087	42	RESP=2
14885445	42	STIM=k
14890065	42	RESP=1
14902606	42	STIM=m
14906069	42	RESP=1
14918212	42	STIM=6
14923933	42	RESP=1
14935221	42	STIM=p
14943829	42	RESP=1
14951052	42	STIM=i
14957533	42	RESP=1
14967359	42	STIM=q
14974192	42	RESP=1
14983624	42	STIM=i
14988394	42	RESP=1
15000601	42	STIM=6
15006244	42	RESP=2
15015966	42	STIM=z
15019657	42	RESP=1
15032274	42	STIM=s
15039490	42	RESP=2
15050274	42	STIM=f
15055594	42	RESP=1
15066500	42	STIM=4
15077596	42	RESP=2
15083079	42	STIM=n
15091950	42	RESP=1
15101862	42	STIM=p
15106627	42	RESP=1
15117954	42	STIM=b
15125028	42	RESP=1
15136625	42	STIM=x
15143048	42	RESP=1
15155000	42	STIM=l
15161045	42	RESP=1
15170482	42	STIM=q
15173874	42	RESP=1
15187783	42	STIM=b
15193133	42	RESP=1
15205792	42	STIM=d
15208628	42	RESP=1
15223341	42	STIM=t
15226923	42	RESP=1
15239673	42	STIM=k
15242514	42	RESP=1
15257200	42	STIM=v
15260392	42	RESP=1
15275289	42	STIM=v
15277872	42	RESP=1
15293353	42	STIM=m
15296898	42	RESP=1
15310937	42	STIM=5
15319242	42	RESP=2
15326321	42	STIM=6
15332506	42	RESP=2
15344963	42	STIM=i
15348595	42	RESP=1
15361420	42	STIM=h
15370987	42	RESP=1
15380143	42	STIM=k
15390037	42	RESP=1
15396967	42	STIM=s
15400255	42	RESP=1
15414813	42	STIM=e
15419706	42	RESP=1
15431256	42	STIM=s
15437531	42	RESP=1
15450228	42	STIM=q
15453599	42	RESP=1
15466509	42	STIM=w
15469504	42	RESP=1
15481623	42	STIM=q
15487292	42	RESP=1
15499951	42	STIM=h
15506415	42	RESP=1
15518157	42	STIM=0
15525140	42	RESP=1
15535955	42	STIM=w
15539342	42	RESP=1
15552230	42	STIM=m
15557012	42	RESP=1
15570654	42	STIM=g
15577148	42	RESP=1
15588793	42	STIM=l
15594575	42	RESP=1
15603967	42	STIM=a
15609514	42	RESP=1
15622183	42	STIM=s
15627628	42	RESP=1
15637512	42	STIM=z
15643995	42	RESP=1
15655461	42	STIM=q
15665123	42	RESP=1
15670839	42	STIM=n
15683995	42	RESP=1
15688105	42	STIM=h
15693238	42	RESP=1
15706194	42	STIM=p
15714302	42	RESP=1
15723438	42	STIM=f
15732346	42	RESP=1
15741321	42	STIM=4
15745583	42	RESP=2
15759594	42	STIM=x
15766032	42	RESP=1
15778514	42	STIM=8
15783712	42	RESP=2
15796660	42	STIM=3
15806890	42	RESP=2
15815176	42	STIM=z
15824266	42	RESP=1
15831923	42	STIM=j
15835421	42	RESP=1
15848739	42	STIM=j
15859515	42	RESP=1
15866839	42	STIM=k
15873271	42	RESP=1
15882821	42	STIM=o
15887783	42	RESP=1
15901054	42	STIM=b
15905621	42	RESP=1
15916733	42	STIM=e
15922380	42	RESP=1
15934154	42	STIM=x
15940793	42	RESP=1
15952191	42	STIM=q
15957361	42	RESP=1
15967805	42	STIM=o
15973520	42	RESP=1
15986764	42	STIM=u
15992943	42	RESP=1
16005580	42	STIM=j
16009466	42	RESP=1
16023898	42	STIM=f
16028208	42	RESP=1
16041247	42	STIM=y
16045154	42	RESP=1
16058450	42	STIM=1
16062350	42	RESP=1
16075618	42	STIM=r
16079685	42	RESP=1
16092868	42	STIM=4
16098249	42	RESP=2
16110208	42	STIM=y
16116354	42	RESP=1
16127335	42	STIM=3
16132812	42	RESP=2
16145764	42	STIM=n
16150041	42	RESP=1
16164611	42	STIM=q
16179072	42	RESP=2
16180928	42	STIM=q
16186244	42	RESP=1
16198687	42	STIM=e
16206026	42	RESP=1
16214423	42	STIM=p
16221814	42	RESP=1
16230327	42	STIM=c
16237089	42	RESP=1
16245567	42	STIM=f
16248549	42	RESP=1
16262933	42	STIM=6
16268768	42	RESP=2
16278695	42	STIM=r
16288844	42	RESP=1
16294477	42	STIM=o
16299869	42	RESP=1
16309742	42	STIM=i
16316167	42	RESP=1
16325334	42	STIM=4
16331101	42	RESP=2
16344293	42	STIM=7
16354137	42	RESP=2
16359337	42	STIM=g
16365251	42	RESP=1
16374931	42	STIM=f
16379710	42	RESP=1
16393870	42	STIM=r
16405448	42	RESP=1
16411377	42	STIM=2
16422487	42	RESP=2
16428494	42	STIM=y
16437128	42	RESP=1
16446644	42	STIM=s
16450462	42	RESP=1
16464649	42	STIM=n
16469721	42	RESP=1
16482098	42	STIM=2
16486079	42	RESP=2
16499257	42	STIM=k
16507820	42	RESP=1
16517760	42	STIM=r
16522386	42	RESP=2
16536455	42	STIM=a
16543453	42	RESP=1
16554412	42	STIM=i
16560534	42	RESP=1
16572607	42	STIM=j
16575763	42	RESP=1
16588378	42	STIM=o
16593936	42	RESP=2
16604624	42	STIM=p
16610081	42	RESP=1
16620810	42	STIM=h
16631274	42	RESP=1
16637817	42	STIM=y
16641459	42	RESP=1
16655227	42	STIM=3
16660213	42	RESP=2
16672120	42	STIM=t
16676629	42	RESP=1
16690479	42	STIM=g
16697378	42	RESP=1
16708313	42	STIM=c
16714013	42	RESP=1
16727295	42	STIM=a
16734088	42	RESP=1
16746204	42	STIM=4
16751051	42	RESP=1
16763007	42	STIM=e
16767357	42	RESP=1
16780116	42	STIM=q
16783338	42	RESP=1
16798710	42	STIM=s
16804384	42	RESP=1
16815058	42	STIM=a
16820052	42	RESP=1
16832134	42	STIM=k
16835895	42	RESP=1
16847310	42	STIM=z
16854243	42	RESP=1
16862341	42	STIM=h
16866686	42	RESP=1
16878778	42	STIM=n
16883610	42	RESP=1
16897374	42	STIM=j
16900161	42	RESP=1
16916111	42	STIM=a
16919246	42	RESP=1
16934042	42	STIM=s
16938444	42	RESP=1
16952571	42	STIM=8
16961300	42	RESP=2
16971185	42	STIM=p
16974363	42	RESP=1
16990022	42	STIM=r
16994353	42	RESP=2
17006732	42	STIM=q
17013056	42	RESP=1
17022705	42	STIM=e
17026306	42	RESP=1
17039471	42	STIM=n
17043729	42	RESP=1
17056595	42	STIM=u
17065835	42	RESP=1
17072617	42	STIM=n
17075690	42	RESP=1
17088540	42	STIM=t
17093454	42	RESP=1
17106006	42	STIM=p
17110111	42	RESP=1
17122647	42	STIM=k
17129549	42	RESP=1
17140775	42	STIM=w
17148032	42	RESP=1
17156819	42	STIM=n
17160762	42	RESP=1
17175301	42	STIM=3
17180951	42	RESP=2
17191400	42	STIM=2
17198359	42	RESP=2
17207607	42	STIM=9
17213062	42	RESP=1
17224598	42	STIM=r
17228117	42	RESP=1
17243022	42	STIM=c
17246513	42	RESP=2
17259432	42	STIM=d
17264347	42	RESP=1
17276510	42	STIM=t
17280936	42	RESP=1
17294810	42	STIM=a
17300040	42	RESP=1
17311498	42	STIM=2
17317425	42	RESP=2
17329259	42	STIM=x
17332618	42	RESP=1
17348246	42	STIM=3
17356470	42	RESP=2
17363390	42	STIM=q
17369614	42	RESP=1
17381788	42	STIM=x
17387760	42	RESP=2
17397767	42	STIM=h
17405213	42	RESP=1
17415865	42	STIM=c
17419537	42	RESP=1
17431164	42	STIM=n
17434532	42	RESP=1
17446492	42	STIM=9
17452945	42	RESP=2
17461562	42	STIM=p
17468087	42	RESP=1
17477781	42	STIM=v
17482018	42	RESP=1
17496619	42	STIM=f
17502900	42	RESP=1
17515101	42	STIM=u
17519952	42	RESP=1
17530279	42	STIM=f
17536662	42	RESP=1
17548154	42	STIM=u
17551684	42	RESP=1
17565161	42	STIM=r
17573089	42	RESP=1
17580951	42	STIM=n
17583880	42	RESP=1
17595952	42	STIM=k
17603199	42	RESP=1
17612356	42	STIM=t
17618153	42	RESP=1
17627995	42	STIM=g
17632502	42	RESP=1
17643862	42	STIM=4
17649524	42	RESP=2
17661863	42	STIM=r
17665189	42	RESP=1
17676891	42	STIM=x
17683959	42	RESP=1
17694568	42	STIM=k
17703711	42	RESP=1
17713030	42	STIM=m
17720586	42	RESP=1
17729428	42	STIM=d
17745760	42	RESP=1
17746047	42	STIM=z
17754255	42	RESP=1
17763731	42	STIM=a
17768749	42	RESP=1
17780064	42	STIM=x
17788638	42	RESP=1
17795959	42	STIM=7
17801813	42	RESP=2
17813246	42	STIM=5
17821544	42	RESP=2
17829137	42	STIM=w
17837381	42	RESP=1
17846312	42	STIM=0
17851421	42	RESP=2
17862275	42	STIM=f
17868429	42	RESP=1
17879866	42	STIM=l
17884647	42	RESP=1
17896084	42	STIM=3
17901885	42	RESP=2
17911161	42	STIM=2
17916263	42	RESP=2
17929389	42	STIM=z
17935400	42	RESP=1
17947691	42	STIM=l
17952273	42	RESP=1
17963337	42	STIM=1
17970471	42	RESP=1
17979892	42	STIM=4
17986306	42	RESP=2
17995063	42	STIM=i
18002444	42	RESP=1
18011594	42	STIM=i
18014975	42	RESP=1
18026775	42	STIM=d
18032823	42	RESP=1
18044796	42	STIM=j
18051305	42	RESP=1
18060134	42	STIM=3
18066191	42	RESP=2
18075968	42	STIM=r
18083351	42	RESP=1
18092616	42	STIM=p
18098707	42	RESP=1
18109078	42	STIM=2
18115398	42	RESP=2
18125323	42	STIM=3
18131959	42	RESP=2
18143012	42	STIM=k
18150818	42	RESP=1
18160424	42	STIM=n
18168918	42	RESP=1
18176220	42	STIM=a
18178949	42	RESP=1
18194393	42	STIM=k
18200420	42	RESP=1
18211981	42	STIM=i
18218457	42	RESP=1
18228105	42	STIM=k
18231924	42	RESP=1
18245196	42	STIM=v
18249361	42	RESP=1
18263510	42	STIM=t
18271244	42	RESP=1
18279969	42	STIM=w
18284764	42	RESP=1
18296153	42	STIM=9
18301785	42	RESP=2
18313123	42	STIM=z
18316722	42	RESP=2
18331342	42	STIM=k
18336814	42	RESP=1
18346599	42	STIM=x
18350176	42	RESP=1
18365457	42	STIM=i
18370424	42	RESP=1
18381971	42	STIM=u
18386874	42	RESP=1
18400606	42	STIM=f
18410087	42	RESP=1
18419170	42	STIM=b
18427701	42	RESP=2
18436274	42	STIM=7
18444952	42	RESP=2
18451631	42	STIM=v
18456933	42	RESP=1
18467590	42	STIM=y
18471610	42	RESP=1
18482663	42	STIM=r
18488157	42	RESP=1
18498322	42	STIM=l
18503886	42	RESP=1
18516511	42	STIM=h
18520814	42	RESP=1
18532853	42	STIM=c
18536297	42	RESP=1
18549489	42	STIM=i
18554747	42	RESP=1
18564762	42	STIM=p
18571036	42	RESP=2
18581182	42	STIM=9
18590221	42	RESP=2
18599604	42	STIM=9
18605166	42	RESP=2
18617838	42	STIM=m
18623435	42	RESP=1
18633233	42	STIM=n
18638179	42	RESP=1
18651733	42	STIM=l
18659082	42	RESP=1
18667909	42	STIM=r
18674267	42	RESP=1
18683969	42	STIM=u
18689391	42	RESP=1
18702135	42	STIM=9
18706980	42	RESP=2
18717389	42	STIM=t
18720422	42	RESP=1
18732901	42	STIM=q
18737866	42	RESP=1
18751889	42	STIM=o
18754966	42	RESP=1
18770412	42	STIM=r
18776254	42	RESP=1
18785626	42	STIM=b
18789446	42	RESP=1
18804549	42	STIM=7
18808854	42	RESP=2
18820978	42	STIM=l
18829511	42	RESP=1
18836532	42	STIM=w
18841048	42	RESP=1
18854153	42	STIM=o
18863156	42	RESP=2
18869559	42	STIM=y
18875908	42	RESP=1
18885592	42	STIM=f
18891294	42	RESP=1
18903102	42	STIM=9
18909943	42	RESP=2
18919570	42	STIM=9
18926454	42	RESP=2
18934808	42	STIM=z
18940095	42	RESP=1
18951836	42	STIM=n
18955608	42	RESP=1
18967484	42	STIM=b
18970515	42	RESP=2
18982711	42	STIM=b
18987569	42	RESP=1
18998049	42	STIM=v
19004341	42	RESP=1
19013933	42	STIM=3
19018490	42	RESP=2
19029593	42	STIM=1
19035121	42	RESP=2
19047948	42	STIM=g
19051348	42	RESP=1
19064070	42	STIM=1
19070109	42	RESP=2
19080808	42	STIM=3
19095026	42	RESP=2
19096107	42	STIM=t
19100864	42	RESP=1
19114790	42	STIM=b
19118246	42	RESP=1
19132038	42	STIM=e
19137696	42	RESP=1
19149425	42	STIM=f
19154850	42	RESP=1
19167349	42	STIM=q
19172697	42	RESP=1
19183241	42	STIM=y
19187243	42	RESP=1
19199041	42	STIM=t
19204050	42	RESP=1
19214846	42	STIM=x
19219262	42	RESP=1
19230873	42	STIM=9
19236466	42	RESP=1
19246506	42	STIM=t
19252557	42	RESP=1
19262281	42	STIM=d
19266778	42	RESP=1
19279788	42	STIM=m
19286075	42	RESP=1
19298706	42	STIM=t
19305500	42	RESP=2
19314680	42	STIM=1
19327432	42	RESP=2
19329980	42	STIM=f
19335278	42	RESP=1
19345799	42	STIM=2
19354351	42	RESP=2
19364500	42	STIM=q
19374834	42	RESP=1
19383123	42	STIM=4
19389127	42	RESP=2
19398134	42	STIM=o
19401728	42	RESP=1
19414993	42	STIM=3
19421326	42	RESP=2
19432362	42	STIM=m
19435890	42	RESP=1
19449830	42	STIM=o
19454746	42	RESP=1
19467759	42	STIM=h
19472866	42	RESP=1
19484228	42	STIM=n
19487809	42	RESP=1
19502163	42	STIM=j
19506629	42	RESP=1
19518903	42	STIM=q
19524820	42	RESP=1
19537357	42	STIM=x
19543139	42	RESP=1
19553118	42	STIM=f
19557270	42	RESP=1
19570350	42	STIM=f
19576324	42	RESP=1
19588416	42	STIM=v
19592624	42	RESP=1
19607356	42	STIM=l
19614420	42	RESP=1
19625387	42	STIM=c
19634250	42	RESP=1
19640887	42	STIM=y
19649023	42	RESP=1
19657916	42	STIM=2
19664928	42	RESP=2
19675990	42	STIM=j
19679428	42	RESP=1
19693421	42	STIM=l
19698508	42	RESP=1
19709113	42	STIM=c
19713362	42	RESP=1
19726459	42	STIM=s
19730016	42	RESP=1
19743607	42	STIM=t
19746260	42	RESP=1
19761274	42	STIM=6
19768314	42	RESP=2
19776440	42	STIM=5
19784886	42	RESP=2
19795417	42	STIM=6
19801548	42	RESP=2
19813765	42	STIM=x
19818687	42	RESP=2
19830864	42	STIM=z
19840416	42	RESP=1
19846088	42	STIM=r
19850459	42	RESP=1
19861345	42	STIM=2
19866514	42	RESP=2
19878111	42	STIM=a
19886504	42	RESP=1
19895081	42	STIM=q
19900627	42	RESP=1
19913177	42	STIM=8
19918507	42	RESP=2
19929105	42	STIM=o
19935134	42	RESP=1
19945653	42	STIM=t
19951596	42	RESP=1
19964381	42	STIM=5
19971545	42	RESP=1
19982520	42	STIM=h
19990831	42	RESP=1
19999467	42	STIM=j
20007248	42	RESP=1
20017902	42	STIM=z
20022963	42	RESP=1
20036627	42	STIM=b
20040276	42	RESP=1
20053525	42	STIM=q
20059508	42	RESP=1
20071533	42	STIM=6
20077015	42	RESP=2
20089012	42	STIM=b
20091974	42	RESP=1
20104787	42	STIM=m
20112606	42	RESP=1
20121981	42	STIM=e
20125141	42	RESP=1
20139315	42	STIM=z
20143029	42	RESP=1
20156366	42	STIM=j
20161194	42	RESP=1
20175013	42	STIM=1
20181502	42	RESP=2
20190503	42	STIM=q
20196592	42	RESP=1
20206759	42	STIM=k
20210767	42	RESP=1
20223042	42	STIM=s
20227811	42	RESP=1
20238575	42	STIM=n
20242224	42	RESP=1
20257285	42	STIM=4
20263797	42	RESP=1
20274515	42	STIM=v
20278314	42	RESP=1
20291037	42	STIM=9
20295545	42	RESP=2
20307745	42	STIM=e
20311265	42	RESP=1
20323923	42	STIM=z
20333551	42	RESP=1
20340013	42	STIM=n
20344890	42	RESP=1
20357076	42	STIM=t
20361170	42	RESP=1
20373549	42	STIM=f
20378001	42	RESP=1
20388896	42	STIM=g
20392482	42	RESP=2
20407848	42	STIM=d
20412870	42	RESP=1
20424724	42	STIM=e
20431762	42	RESP=1
20442426	42	STIM=3
20447328	42	RESP=2
20458841	42	STIM=o
20466672	42	RESP=1
20476174	42	STIM=g
20480152	42	RESP=1
20492180	42	STIM=l
20497874	42	RESP=1
20510771	42	STIM=f
20515943	42	RESP=1
20528289	42	STIM=s
20536096	42	RESP=1
20545433	42	STIM=3
20554551	42	RESP=2
20562899	42	STIM=f
20571289	42	RESP=1
20579612	42	STIM=j
20584207	42	RESP=1
20596234	42	STIM=8
20602349	42	RESP=2
20612271	42	STIM=d
20618703	42	RESP=1
20627617	42	STIM=x
20635241	42	RESP=1
20644013	42	STIM=j
20646967	42	RESP=1
20659865	42	STIM=v
20666356	42	RESP=1
20677760	42	STIM=w
20684120	42	RESP=1
20694969	42	STIM=c
20701566	42	RESP=1
20712512	42	STIM=y
20717797	42	RESP=1
20729917	42	STIM=2
20736519	42	RESP=2
20746107	42	STIM=u
20750260	42	RESP=1
20763881	42	STIM=z
20766836	42	RESP=1
20782299	42	STIM=a
20787648	42	RESP=1
20798545	42	STIM=k
20802690	42	RESP=1
20816646	42	STIM=5
20820960	42	RESP=2
20833309	42	STIM=d
20839841	42	RESP=1
20850303	42	STIM=s
20861000	42	RESP=1
20868376	42	STIM=0
20877422	42	RESP=2
20883835	42	STIM=0
20888971	42	RESP=2
20898872	42	STIM=w
20907072	42	RESP=1
20917651	42	STIM=h
20922798	42	RESP=1
20934859	42	STIM=g
20939647	42	RESP=1
20953114	42	STIM=t
20957952	42	RESP=1
20971621	42	STIM=w
20976078	42	RESP=1
20988128	42	STIM=e
20991936	42	RESP=1
21006347	42	STIM=3
21013543	42	RESP=2
21023455	42	STIM=g
21029627	42	RESP=1
21042363	42	STIM=w
21047520	42	RESP=1
21057519	42	STIM=b
21062155	42	RESP=1
21076018	42	STIM=h
21083545	42	RESP=1
21092807	42	STIM=k
21098956	42	RESP=1
21110106	42	STIM=a
21116020	42	RESP=1
21128873	42	STIM=b
21134122	42	RESP=1
21146518	42	STIM=q
21153446	42	RESP=1
21165268	42	STIM=z
21172342	42	RESP=1
21183585	42	STIM=8
21196029	42	RESP=2
21200181	42	STIM=0
21207873	42	RESP=1
21216635	42	STIM=u
21222536	42	RESP=1
21234653	42	STIM=a
21240759	42	RESP=1
21249960	42	STIM=i
21258784	42	RESP=1
21265600	42	STIM=q
21269076	42	RESP=1
21283447	42	STIM=o
21289690	42	RESP=1
21299609	42	STIM=u
21306163	42	RESP=1
21314719	42	STIM=d
21319977	42	RESP=2
21329719	42	STIM=u
21334278	42	RESP=1
21346671	42	STIM=y
21353212	42	RESP=1
21362681	42	STIM=s
21374533	42	RESP=1
21381068	42	STIM=1
21385897	42	RESP=2
21399283	42	STIM=l
21404004	42	RESP=1
21415328	42	STIM=o
21423066	42	RESP=1
21433222	42	STIM=x
21440393	42	RESP=1
21451313	42	STIM=1
21457224	42	RESP=2
21466573	42	STIM=v
21472869	42	RESP=1
21484210	42	STIM=l
21492110	42	RESP=1
21500383	42	STIM=e
21504592	42	RESP=1
21516698	42	STIM=l
21520957	42	RESP=1
21532272	42	STIM=m
21537007	42	RESP=1
21551253	42	STIM=z
21555810	42	RESP=1
21569549	42	STIM=q
21575439	42	RESP=1
21585602	42	STIM=b
21591231	42	RESP=1
21602139	42	STIM=p
21606640	42	RESP=1
21620292	42	STIM=g
21624476	42	RESP=1
21636566	42	STIM=m
21642621	42	RESP=1
21654762	42	STIM=o
21663248	42	RESP=1
21672727	42	STIM=z
21677925	42	RESP=2
21690785	42	STIM=x
21696146	42	RESP=1
21708266	42	STIM=d
21714532	42	RESP=1
21726064	42	STIM=z
21730775	42	RESP=1
21744770	42	STIM=w
21751772	42	RESP=1
21759866	42	STIM=s
21763497	42	RESP=1
21777055	42	STIM=7
21782106	42	RESP=2
21793769	42	STIM=m
21803006	42	RESP=1
21812037	42	STIM=x
21814833	42	RESP=1
