# Original filename: 0018_SJI_2017-03-05.log
# Time unit: 100 us
# RARECAT=digit
#
# Time	HHGG	Event
34561	42	STIM=d
40766	42	RESP=1
50994	42	STIM=t
54643	42	RESP=1
67533	42	STIM=j
71340	42	RESP=1
85402	42	STIM=1
92291	42	RESP=2
102345	42	STIM=g
107421	42	RESP=1
118979	42	STIM=j
130345	42	RESP=1
137615	42	STIM=l
141098	42	RESP=1
156403	42	STIM=d
160687	42	RESP=1
174508	42	STIM=2
179476	42	RESP=2
191726	42	STIM=8
197176	42	RESP=2
208558	42	STIM=a
211790	42	RESP=1
225160	42	STIM=z
229555	42	RESP=1
241345	42	STIM=g
245603	42	RESP=1
260202	42	STIM=o
264764	42	RESP=1
278760	42	STIM=n
282656	42	RESP=1
293872	42	STIM=c
298065	42	RESP=1
311994	42	STIM=g
315538	42	RESP=1
328379	42	STIM=a
332067	42	RESP=1
346521	42	STIM=x
350945	42	RESP=1
363952	42	STIM=0
369003	42	RESP=2
379219	42	STIM=m
383522	42	RESP=1
395457	42	STIM=u
399033	42	RESP=1
410980	42	STIM=q
415754	42	RESP=1
426559	42	STIM=n
432729	42	RESP=1
442465	42	STIM=r
447975	42	RESP=1
460584	42	STIM=x
464071	42	RESP=1
477967	42	STIM=d
481771	42	RESP=1
494670	42	STIM=n
497393	42	RESP=1
512667	42	STIM=d
519071	42	RESP=1
531003	42	STIM=6
536614	42	RESP=2
546081	42	STIM=s
549197	42	RESP=1
563535	42	STIM=f
568545	42	RESP=1
579769	42	STIM=q
589136	42	RESP=1
595959	42	STIM=n
602440	42	RESP=1
614529	42	STIM=k
618682	42	RESP=1
631643	42	STIM=p
637268	42	RESP=1
647941	42	STIM=u
652904	42	RESP=2
666557	42	STIM=o
670034	42	RESP=1
683816	42	STIM=b
687542	42	RESP=1
699915	42	STIM=4
705029	42	RESP=2
715375	42	STIM=m
720838	42	RESP=1
732912	42	STIM=y
735991	42	RESP=1
748203	42	STIM=1
753401	42	RESP=2
765902	42	STIM=3
771374	42	RESP=2
782904	42	STIM=3
787339	42	RESP=2
798428	42	STIM=2
805034	42	RESP=2
815849	42	STIM=c
823072	42	RESP=1
833975	42	STIM=6
843446	42	RESP=2
851507	42	STIM=b
856017	42	RESP=1
866932	42	STIM=h
871065	42	RESP=1
882098	42	STIM=n
885936	42	RESP=1
899709	42	STIM=6
903939	42	RESP=2
916778	42	STIM=o
921467	42	RESP=1
934504	42	STIM=j
938536	42	RESP=1
952640	42	STIM=q
955977	42	RESP=1
968936	42	STIM=s
973651	42	RESP=1
986689	42	STIM=c
990465	42	RESP=1
1005355	42	STIM=p
1014624	42	RESP=1
1022189	42	STIM=v
1028006	42	RESP=1
1037310	42	STIM=4
1043199	42	RESP=2
1054214	42	STIM=w
1060043	42	RESP=1
1072243	42	STIM=d
1078985	42	RESP=1
1089505	42	STIM=y
1092598	42	RESP=1
1106473	42	STIM=m
1113164	42	RESP=1
1122745	42	STIM=o
1127000	42	RESP=1
1138277	42	STIM=7
1143297	42	RESP=2
1155943	42	STIM=z
1162989	42	RESP=1
1173991	42	STIM=6
1178643	42	RESP=2
1189690	42	STIM=w
1193861	42	RESP=1
1205301	42	STIM=o
1208689	42	RESP=1
1223936	42	STIM=8
1230710	42	RESP=2
1240415	42	STIM=y
1243152	42	RESP=1
1257184	42	STIM=8
1262784	42	RESP=2
1275258	42	STIM=g
1279522	42	RESP=1
1294137	42	STIM=r
1304401	42	RESP=1
1311678	42	STIM=2
1316588	42	RESP=1
1330570	42	STIM=7
1334266	42	RESP=2
1345904	42	STIM=0
1351679	42	RESP=2
1364577	42	STIM=n
1368021	42	RESP=1
1381721	42	STIM=j
1385877	42	RESP=1
1399148	42	STIM=q
1405069	42	RESP=1
1415196	42	STIM=h
1418834	42	RESP=1
1431626	42	STIM=h
1434163	42	RESP=1
1447489	42	STIM=c
1451968	42	RESP=1
1462936	42	STIM=z
1466384	42	RESP=1
1481377	42	STIM=a
1485779	42	RESP=1
1499203	42	STIM=d
1504060	42	RESP=1
1517465	42	STIM=j
1526722	42	RESP=1
1536035	42	STIM=u
1539717	42	RESP=1
1552942	42	STIM=m
1557024	42	RESP=1
1571632	42	STIM=k
1577239	42	RESP=1
1589532	42	STIM=6
1598965	42	RESP=2
1606669	42	STIM=k
1611210	42	RESP=1
1624781	42	STIM=m
1630528	42	RESP=1
1640267	42	STIM=z
1644932	42	RESP=1
1657937	42	STIM=t
1665064	42	RESP=1
1673967	42	STIM=3
1679639	42	RESP=2
1690242	42	STIM=k
1693585	42	RESP=1
1706612	42	STIM=v
1710726	42	RESP=1
1725134	42	STIM=g
1731573	42	RESP=1
1743352	42	STIM=5
1747400	42	RESP=2
1760359	42	STIM=y
1763670	42	RESP=1
1777843	42	STIM=g
1780792	42	RESP=1
1794953	42	STIM=l
1798648	42	RESP=1
1811378	42	STIM=i
1815797	42	RESP=1
1826611	42	STIM=x
1832731	42	RESP=1
1842553	42	STIM=e
1850934	42	RESP=2
1858161	42	STIM=8
1863608	42	RESP=2
1877071	42	STIM=7
1881652	42	RESP=2
1895253	42	STIM=5
1902641	42	RESP=2
1910516	42	STIM=2
1916892	42	RESP=2
1929336	42	STIM=k
1935297	42	RESP=1
1947466	42	STIM=h
1951887	42	RESP=1
1966243	42	STIM=5
1972249	42	RESP=2
1984452	42	STIM=j
1990394	42	RESP=1
2001002	42	STIM=i
2004792	42	RESP=1
2019931	42	STIM=z
2022845	42	RESP=1
2035458	42	STIM=n
2038448	42	RESP=1
2051627	42	STIM=u
2055684	42	RESP=1
2067558	42	STIM=2
2073415	42	RESP=2
2085853	42	STIM=9
2090347	42	RESP=2
2103317	42	STIM=y
2106547	42	RESP=1
2120391	42	STIM=s
2124006	42	RESP=1
2137392	42	STIM=s
2145159	42	RESP=1
2154685	42	STIM=a
2161632	42	RESP=1
2170349	42	STIM=o
2176280	42	RESP=1
2188623	42	STIM=3
2194258	42	RESP=2
2205474	42	STIM=v
2208327	42	RESP=1
2221314	42	STIM=j
2225034	42	RESP=1
2239134	42	STIM=v
2244305	42	RESP=1
2254204	42	STIM=v
2257259	42	RESP=1
2269901	42	STIM=t
2276775	42	RESP=1
2285744	42	STIM=b
2289260	42	RESP=1
2304322	42	STIM=v
2309313	42	RESP=2
2322027	42	STIM=l
2326541	42	RESP=2
2338357	42	STIM=q
2342302	42	RESP=1
2353709	42	STIM=2
2361123	42	RESP=2
2372387	42	STIM=i
2378860	42	RESP=1
2387940	42	STIM=l
2391643	42	RESP=1
2406676	42	STIM=3
2411241	42	RESP=2
2423689	42	STIM=6
2428276	42	RESP=2
2439500	42	STIM=d
2445504	42	RESP=1
2455258	42	STIM=0
2464425	42	RESP=2
2472867	42	STIM=s
2478083	42	RESP=1
2487896	42	STIM=e
2490997	42	RESP=1
2504238	42	STIM=g
2508790	42	RESP=1
2519266	42	STIM=n
2523312	42	RESP=1
2536713	42	STIM=h
2542616	42	RESP=1
2551753	42	STIM=h
2560530	42	RESP=1
2568093	42	STIM=n
2573784	42	RESP=1
2585940	42	STIM=y
2592060	42	RESP=1
2601848	42	STIM=n
2606044	42	RESP=1
2619199	42	STIM=t
2624798	42	RESP=1
2635325	42	STIM=g
2639969	42	RESP=1
2650537	42	STIM=k
2656174	42	RESP=1
2668165	42	STIM=0
2672859	42	RESP=2
2684437	42	STIM=6
2692305	42	RESP=2
2703047	42	STIM=i
2706387	42	RESP=1
2721068	42	STIM=4
2725774	42	RESP=2
2737432	42	STIM=j
2741253	42	RESP=1
2755162	42	STIM=i
2761433	42	RESP=1
2772327	42	STIM=2
2778111	42	RESP=2
2788684	42	STIM=b
2791815	42	RESP=1
2806287	42	STIM=n
2810171	42	RESP=1
2823454	42	STIM=2
2828567	42	RESP=1
2840762	42	STIM=l
2846230	42	RESP=1
2858128	42	STIM=r
2865595	42	RESP=1
2873555	42	STIM=g
2880138	42	RESP=1
2889228	42	STIM=d
2893977	42	RESP=1
2907330	42	STIM=g
2912635	42	RESP=1
2926196	42	STIM=m
2932991	42	RESP=2
2942251	42	STIM=q
2947356	42	RESP=1
2958715	42	STIM=z
2961487	42	RESP=1
2976737	42	STIM=h
2983947	42	RESP=1
2993026	42	STIM=h
2996159	42	RESP=1
3008781	42	STIM=2
3015487	42	RESP=2
3023887	42	STIM=x
3027976	42	RESP=1
3041510	42	STIM=x
3044405	42	RESP=1
3058658	42	STIM=4
3063992	42	RESP=2
3077626	42	STIM=1
3082159	42	RESP=2
3096289	42	STIM=d
3102472	42	RESP=1
3112557	42	STIM=n
3117416	42	RESP=1
3130892	42	STIM=x
3133408	42	RESP=1
3147175	42	STIM=w
3150986	42	RESP=1
3162746	42	STIM=0
3168557	42	RESP=2
3177919	42	STIM=t
3182299	42	RESP=1
3194275	42	STIM=q
3198277	42	RESP=1
3211912	42	STIM=t
3215094	42	RESP=1
3229250	42	STIM=n
3233936	42	RESP=1
3244528	42	STIM=2
3250429	42	RESP=2
3262618	42	STIM=n
3266202	42	RESP=1
3280044	42	STIM=f
3285200	42	RESP=1
3296740	42	STIM=c
3305121	42	RESP=1
3311947	42	STIM=4
3317524	42	RESP=2
3330040	42	STIM=v
3336957	42	RESP=1
3346729	42	STIM=s
3353219	42	RESP=1
3365168	42	STIM=4
3370006	42	RESP=1
3383876	42	STIM=w
3387813	42	RESP=1
3402275	42	STIM=t
3406372	42	RESP=1
3419138	42	STIM=i
3425344	42	RESP=1
3434640	42	STIM=4
3439251	42	RESP=2
3453080	42	STIM=w
3459501	42	RESP=1
3471558	42	STIM=e
3477095	42	RESP=1
3488506	42	STIM=t
3491906	42	RESP=1
3505880	42	STIM=z
3510866	42	RESP=1
3524052	42	STIM=0
3529742	42	RESP=2
3540297	42	STIM=c
3549078	42	RESP=1
3557156	42	STIM=v
3562131	42	RESP=1
3572800	42	STIM=4
3577390	42	RESP=2
3590051	42	STIM=i
3593948	42	RESP=1
3606975	42	STIM=z
3610472	42	RESP=1
3624879	42	STIM=c
3629923	42	RESP=1
3641554	42	STIM=g
3644374	42	RESP=1
3658181	42	STIM=l
3666670	42	RESP=1
3673550	42	STIM=v
3678745	42	RESP=1
3689469	42	STIM=b
3695061	42	RESP=1
3704471	42	STIM=x
3708960	42	RESP=1
3722854	42	STIM=s
3730054	42	RESP=1
3740613	42	STIM=q
3745579	42	RESP=1
3758756	42	STIM=8
3766062	42	RESP=2
3777462	42	STIM=5
3785872	42	RESP=2
3795361	42	STIM=3
3801798	42	RESP=2
3813121	42	STIM=x
3821007	42	RESP=1
3830526	42	STIM=a
3834014	42	RESP=1
3845871	42	STIM=a
3853547	42	RESP=1
3862375	42	STIM=t
3869123	42	RESP=1
3878503	42	STIM=k
3881952	42	RESP=1
3894010	42	STIM=r
3898638	42	RESP=1
3910981	42	STIM=b
3915111	42	RESP=2
3928411	42	STIM=n
3933010	42	RESP=1
3944066	42	STIM=i
3949163	42	RESP=1
3961970	42	STIM=x
3967223	42	RESP=1
3979993	42	STIM=8
3984985	42	RESP=2
3995215	42	STIM=a
3998065	42	RESP=1
4011740	42	STIM=k
4016926	42	RESP=1
4029201	42	STIM=f
4033684	42	RESP=1
4047230	42	STIM=l
4051516	42	RESP=1
4063598	42	STIM=a
4069577	42	RESP=1
4081957	42	STIM=c
4084625	42	RESP=1
4098937	42	STIM=7
4104125	42	RESP=2
4114526	42	STIM=u
4118847	42	RESP=1
4131175	42	STIM=1
4138003	42	RESP=2
4149285	42	STIM=t
4154380	42	RESP=1
4166174	42	STIM=i
4169901	42	RESP=1
4184264	42	STIM=w
4189313	42	RESP=1
4201502	42	STIM=v
4205140	42	RESP=1
4219796	42	STIM=n
4222935	42	RESP=1
4236399	42	STIM=h
4240092	42	RESP=1
4253877	42	STIM=h
4257055	42	RESP=1
4271385	42	STIM=0
4274717	42	RESP=2
4286815	42	STIM=a
4291195	42	RESP=1
4304571	42	STIM=a
4308388	42	RESP=1
4323196	42	STIM=i
4330817	42	RESP=1
4342000	42	STIM=0
4349273	42	RESP=2
4358255	42	STIM=a
4362580	42	RESP=1
4374367	42	STIM=y
4380405	42	RESP=1
4392829	42	STIM=j
4398371	42	RESP=1
4411714	42	STIM=h
4415125	42	RESP=1
4428092	42	STIM=1
4431916	42	RESP=2
4445788	42	STIM=c
4453657	42	RESP=1
4463751	42	STIM=8
4470480	42	RESP=2
4479704	42	STIM=f
4486485	42	RESP=1
4496398	42	STIM=b
4502579	42	RESP=1
4514397	42	STIM=s
4518910	42	RESP=1
4531320	42	STIM=a
4538061	42	RESP=1
4550251	42	STIM=x
4554035	42	RESP=1
4565405	42	STIM=5
4572846	42	RESP=2
4580597	42	STIM=o
4586506	42	RESP=1
4597627	42	STIM=r
4602618	42	RESP=1
4616128	42	STIM=r
4620253	42	RESP=1
4631991	42	STIM=w
4635495	42	RESP=1
4648084	42	STIM=q
4651646	42	RESP=1
4665830	42	STIM=5
4672861	42	RESP=2
4682682	42	STIM=z
4687565	42	RESP=1
4699985	42	STIM=9
4704353	42	RESP=2
4718539	42	STIM=s
4724388	42	RESP=1
4735102	42	STIM=f
4741005	42	RESP=1
4750312	42	STIM=9
4755876	42	RESP=2
4766694	42	STIM=7
4770952	42	RESP=2
4784202	42	STIM=4
4788289	42	RESP=2
4799877	42	STIM=y
4803655	42	RESP=1
4817601	42	STIM=k
4821697	42	RESP=1
4833479	42	STIM=v
4836610	42	RESP=1
4849304	42	STIM=t
4853597	42	RESP=1
4865973	42	STIM=0
4875861	42	RESP=1
4883142	42	STIM=h
4888050	42	RESP=1
4899438	42	STIM=m
4903009	42	RESP=1
4917738	42	STIM=c
4924070	42	RESP=1
4934457	42	STIM=t
4942022	42	RESP=1
4952024	42	STIM=w
4958836	42	RESP=1
4968222	42	STIM=v
4972836	42	RESP=1
4983819	42	STIM=d
4987794	42	RESP=2
5000626	42	STIM=e
5007603	42	RESP=1
5018164	42	STIM=y
5025109	42	RESP=1
5037131	42	STIM=h
5044398	42	RESP=1
5055875	42	STIM=r
5059614	42	RESP=1
5071782	42	STIM=0
5076054	42	RESP=2
5086786	42	STIM=w
5091971	42	RESP=1
5105710	42	STIM=7
5109166	42	RESP=2
5123386	42	STIM=n
5128824	42	RESP=1
5138549	42	STIM=i
5145994	42	RESP=1
5155283	42	STIM=t
5160814	42	RESP=1
5173234	42	STIM=a
5179480	42	RESP=1
5191533	42	STIM=z
5194698	42	RESP=1
5207581	42	STIM=u
5212674	42	RESP=1
5223790	42	STIM=v
5228555	42	RESP=1
5242734	42	STIM=n
5249126	42	RESP=1
5259079	42	STIM=v
5263499	42	RESP=1
5275669	42	STIM=k
5278883	42	RESP=1
5291586	42	STIM=a
5298934	42	RESP=1
5307896	42	STIM=g
5313630	42	RESP=1
5324491	42	STIM=e
5328993	42	RESP=1
5340241	42	STIM=t
5346650	42	RESP=1
5356226	42	STIM=u
5359163	42	RESP=1
5374097	42	STIM=i
5384105	42	RESP=1
5391678	42	STIM=4
5398040	42	RESP=1
5407224	42	STIM=u
5413000	42	RESP=1
5422489	42	STIM=y
5428599	42	RESP=1
5438078	42	STIM=w
5442189	42	RESP=1
5455912	42	STIM=c
5461223	42	RESP=1
5471161	42	STIM=5
5476577	42	RESP=2
5488085	42	STIM=f
5491181	42	RESP=1
5505461	42	STIM=4
5510367	42	RESP=2
5523226	42	STIM=c
5526781	42	RESP=1
5540946	42	STIM=a
5544948	42	RESP=1
5558320	42	STIM=e
5561185	42	RESP=1
5575999	42	STIM=6
5580500	42	RESP=1
5593923	42	STIM=f
5598825	42	RESP=1
5610805	42	STIM=y
5617596	42	RESP=1
5627882	42	STIM=y
5634472	42	RESP=1
5646122	42	STIM=v
5653934	42	RESP=1
5662624	42	STIM=r
5669446	42	RESP=1
5679959	42	STIM=r
5686633	42	RESP=1
5696660	42	STIM=v
5703912	42	RESP=1
5715414	42	STIM=5
5721812	42	RESP=2
5732454	42	STIM=j
5740871	42	RESP=1
5747926	42	STIM=e
5757011	42	RESP=1
5765207	42	STIM=y
5774535	42	RESP=1
5780444	42	STIM=e
5786600	42	RESP=1
5796160	42	STIM=s
5799627	42	RESP=1
5814913	42	STIM=f
5824745	42	RESP=1
5832781	42	STIM=o
5838316	42	RESP=1
5849556	42	STIM=3
5858371	42	RESP=2
5866366	42	STIM=o
5869944	42	RESP=1
5883380	42	STIM=l
5887787	42	RESP=1
5900748	42	STIM=r
5906696	42	RESP=1
5917978	42	STIM=2
5923318	42	RESP=2
5935357	42	STIM=k
5941409	42	RESP=1
5951588	42	STIM=e
5957436	42	RESP=1
5966977	42	STIM=s
5973588	42	RESP=1
5982997	42	STIM=z
5988809	42	RESP=1
5999003	42	STIM=d
6004342	42	RESP=1
6016801	42	STIM=7
6023761	42	RESP=2
6033193	42	STIM=k
6039585	42	RESP=1
6051070	42	STIM=j
6054993	42	RESP=1
6069870	42	STIM=6
6076236	42	RESP=2
6086883	42	STIM=o
6092405	42	RESP=1
6102827	42	STIM=n
6108950	42	RESP=1
6119991	42	STIM=q
6124054	42	RESP=2
6136561	42	STIM=i
6140608	42	RESP=1
6155525	42	STIM=9
6159442	42	RESP=2
6171621	42	STIM=x
6176591	42	RESP=1
6188048	42	STIM=t
6191024	42	RESP=1
6203394	42	STIM=k
6207129	42	RESP=1
6218517	42	STIM=8
6225569	42	RESP=2
6235688	42	STIM=i
6240345	42	RESP=1
6251295	42	STIM=q
6256097	42	RESP=2
6267085	42	STIM=a
6270890	42	RESP=1
6282285	42	STIM=y
6284933	42	RESP=1
6299472	42	STIM=v
6307258	42	RESP=1
6315273	42	STIM=j
6321924	42	RESP=1
6331840	42	STIM=w
6337613	42	RESP=1
6347548	42	STIM=d
6352221	42	RESP=1
6365861	42	STIM=i
6370752	42	RESP=1
6384823	42	STIM=c
6389405	42	RESP=1
6403679	42	STIM=l
6408036	42	RESP=1
6421407	42	STIM=p
6425256	42	RESP=1
6439653	42	STIM=0
6444015	42	RESP=2
6458349	42	STIM=d
6461996	42	RESP=1
6473762	42	STIM=j
6477587	42	RESP=1
6491149	42	STIM=o
6494212	42	RESP=1
6508507	42	STIM=6
6513041	42	RESP=2
6524318	42	STIM=c
6537009	42	RESP=2
6539700	42	STIM=7
6545585	42	RESP=2
6556154	42	STIM=c
6558795	42	RESP=1
6573729	42	STIM=c
6580942	42	RESP=1
6589639	42	STIM=i
6596191	42	RESP=1
6607110	42	STIM=q
6614731	42	RESP=1
6622686	42	STIM=z
6629362	42	RESP=1
6637802	42	STIM=6
6648301	42	RESP=2
6655075	42	STIM=n
6659675	42	RESP=1
6670458	42	STIM=p
6675792	42	RESP=1
6687541	42	STIM=k
6690741	42	RESP=1
6704628	42	STIM=l
6711596	42	RESP=1
6721058	42	STIM=2
6726155	42	RESP=2
6738861	42	STIM=k
6743734	42	RESP=2
6756104	42	STIM=h
6760920	42	RESP=1
6773161	42	STIM=x
6779536	42	RESP=1
6790359	42	STIM=1
6794889	42	RESP=2
6806166	42	STIM=e
6809235	42	RESP=1
6822337	42	STIM=f
6826169	42	RESP=1
6839877	42	STIM=y
6844132	42	RESP=1
6856050	42	STIM=x
6861662	42	RESP=1
6874263	42	STIM=e
6877880	42	RESP=1
6891563	42	STIM=o
6897121	42	RESP=1
6908974	42	STIM=i
6917814	42	RESP=1
6927195	42	STIM=c
6931179	42	RESP=1
6945535	42	STIM=n
6949141	42	RESP=1
6963357	42	STIM=a
6966460	42	RESP=1
6981733	42	STIM=8
6985789	42	RESP=2
6998469	42	STIM=p
7007313	42	RESP=1
7015315	42	STIM=x
7017666	42	RESP=1
7031267	42	STIM=4
7037815	42	RESP=2
7048225	42	STIM=g
7053427	42	RESP=1
7065475	42	STIM=m
7069985	42	RESP=1
7082161	42	STIM=p
7086202	42	RESP=1
7098977	42	STIM=p
7103225	42	RESP=2
7117295	42	STIM=g
7121766	42	RESP=1
7133665	42	STIM=j
7136389	42	RESP=1
7151167	42	STIM=s
7156206	42	RESP=1
7169495	42	STIM=b
7172634	42	RESP=1
7187829	42	STIM=4
7191160	42	RESP=2
7203327	42	STIM=0
7207504	42	RESP=2
7222198	42	STIM=r
7226951	42	RESP=1
7238867	42	STIM=b
7244337	42	RESP=1
7256295	42	STIM=m
7259766	42	RESP=1
7272236	42	STIM=j
7277759	42	RESP=1
7287684	42	STIM=3
7292255	42	RESP=2
7305015	42	STIM=g
7309799	42	RESP=1
7321157	42	STIM=q
7325725	42	RESP=1
7338777	42	STIM=5
7343024	42	RESP=2
7354890	42	STIM=j
7357875	42	RESP=1
7371123	42	STIM=y
7374898	42	RESP=1
7389058	42	STIM=v
7396116	42	RESP=1
7405075	42	STIM=w
7409162	42	RESP=1
7421584	42	STIM=b
7427139	42	RESP=1
7440323	42	STIM=4
7447353	42	RESP=2
7457652	42	STIM=v
7462530	42	RESP=1
7475767	42	STIM=r
7480365	42	RESP=1
7493372	42	STIM=j
7498371	42	RESP=1
7511985	42	STIM=k
7515465	42	RESP=1
7529128	42	STIM=m
7534043	42	RESP=1
7544515	42	STIM=r
7548825	42	RESP=2
7563260	42	STIM=t
7567434	42	RESP=1
7581466	42	STIM=r
7585752	42	RESP=1
7598476	42	STIM=b
7603637	42	RESP=2
7617136	42	STIM=w
7622165	42	RESP=1
7635805	42	STIM=7
7640616	42	RESP=2
7652754	42	STIM=d
7656861	42	RESP=1
7669900	42	STIM=w
7672791	42	RESP=1
7688230	42	STIM=t
7692118	42	RESP=1
7704333	42	STIM=2
7711248	42	RESP=2
7722299	42	STIM=z
7724632	42	RESP=1
7740602	42	STIM=a
7743707	42	RESP=1
7758767	42	STIM=b
7762097	42	RESP=1
7774467	42	STIM=f
7779685	42	RESP=1
7793417	42	STIM=t
7801309	42	RESP=1
7809373	42	STIM=m
7814732	42	RESP=1
7827755	42	STIM=g
7833768	42	RESP=1
7845944	42	STIM=z
7848898	42	RESP=1
7863889	42	STIM=p
7870047	42	RESP=1
7882828	42	STIM=v
7887905	42	RESP=1
7898217	42	STIM=c
7906820	42	RESP=1
7916133	42	STIM=9
7920844	42	RESP=2
7933654	42	STIM=p
7938267	42	RESP=1
7949436	42	STIM=8
7955176	42	RESP=2
7968376	42	STIM=q
7970975	42	RESP=2
7987325	42	STIM=t
7994224	42	RESP=1
8004984	42	STIM=7
8010692	42	RESP=2
8021689	42	STIM=g
8027125	42	RESP=1
8037125	42	STIM=z
8041944	42	RESP=1
8054556	42	STIM=l
8061011	42	RESP=1
8073030	42	STIM=n
8077929	42	RESP=1
8090835	42	STIM=r
8093801	42	RESP=1
8109611	42	STIM=q
8112981	42	RESP=1
8128195	42	STIM=r
8132576	42	RESP=1
8146088	42	STIM=y
8150777	42	RESP=1
8162663	42	STIM=p
8170191	42	RESP=1
8178680	42	STIM=f
8185647	42	RESP=1
8195466	42	STIM=f
8198615	42	RESP=1
8210543	42	STIM=e
8217939	42	RESP=1
8226213	42	STIM=i
8229503	42	RESP=1
8242991	42	STIM=j
8248079	42	RESP=1
8259528	42	STIM=2
8265465	42	RESP=2
8274932	42	STIM=j
8280088	42	RESP=2
8293889	42	STIM=s
8298229	42	RESP=1
8311573	42	STIM=l
8317091	42	RESP=1
8326864	42	STIM=b
8332432	42	RESP=1
8345008	42	STIM=u
8352170	42	RESP=1
8362028	42	STIM=q
8367328	42	RESP=1
8377623	42	STIM=e
8381360	42	RESP=1
8392998	42	STIM=c
8399219	42	RESP=1
8411621	42	STIM=e
8416546	42	RESP=1
8427449	42	STIM=9
8431631	42	RESP=2
8445357	42	STIM=i
8448497	42	RESP=1
8462528	42	STIM=l
8467212	42	RESP=1
8479220	42	STIM=a
8483864	42	RESP=1
8495515	42	STIM=r
8500610	42	RESP=1
8512561	42	STIM=u
8516130	42	RESP=1
8530614	42	STIM=u
8535103	42	RESP=1
8549156	42	STIM=h
8556216	42	RESP=1
8564318	42	STIM=2
8568826	42	RESP=2
8581955	42	STIM=u
8588853	42	RESP=1
8600095	42	STIM=u
8606848	42	RESP=1
8619084	42	STIM=i
8622491	42	RESP=1
8637605	42	STIM=k
8642011	42	RESP=1
8656238	42	STIM=x
8663534	42	RESP=1
8674061	42	STIM=v
8681558	42	RESP=1
8692536	42	STIM=e
8695951	42	RESP=1
8710515	42	STIM=h
8713040	42	RESP=1
8727641	42	STIM=q
8733373	42	RESP=1
8746258	42	STIM=c
8751560	42	RESP=1
8762429	42	STIM=r
8766514	42	RESP=1
8778777	42	STIM=5
8783980	42	RESP=2
8796274	42	STIM=4
8805397	42	RESP=2
8814532	42	STIM=s
8820845	42	RESP=1
8829650	42	STIM=m
8833966	42	RESP=1
8847922	42	STIM=b
8852253	42	RESP=1
8866548	42	STIM=b
8872997	42	RESP=1
8883362	42	STIM=a
8887233	42	RESP=1
8901572	42	STIM=2
8908008	42	RESP=2
8918588	42	STIM=8
8922893	42	RESP=2
8937471	42	STIM=u
8941088	42	RESP=1
8953145	42	STIM=y
8959167	42	RESP=1
8968773	42	STIM=x
8972994	42	RESP=1
8983859	42	STIM=v
8988987	42	RESP=1
9002166	42	STIM=r
9007354	42	RESP=1
9018712	42	STIM=l
9023404	42	RESP=1
9036594	42	STIM=s
9042973	42	RESP=1
9053656	42	STIM=s
9059699	42	RESP=1
9072176	42	STIM=y
9078190	42	RESP=1
9089287	42	STIM=v
9094245	42	RESP=1
9105194	42	STIM=y
9110210	42	RESP=1
9123603	42	STIM=z
9127722	42	RESP=1
9139207	42	STIM=u
9144526	42	RESP=1
9154265	42	STIM=u
9158056	42	RESP=1
9171235	42	STIM=j
9174928	42	RESP=1
9189681	42	STIM=v
9196742	42	RESP=1
9208224	42	STIM=r
9213107	42	RESP=1
9225848	42	STIM=z
9229167	42	RESP=1
9243184	42	STIM=m
9246632	42	RESP=1
9259268	42	STIM=g
9262904	42	RESP=1
9274360	42	STIM=4
9279843	42	RESP=2
9292658	42	STIM=0
9299317	42	RESP=2
9310378	42	STIM=y
9313917	42	RESP=2
9328312	42	STIM=m
9332783	42	RESP=1
9343812	42	STIM=d
9347308	42	RESP=1
9362367	42	STIM=h
9365884	42	RESP=1
9379809	42	STIM=p
9383521	42	RESP=1
9396075	42	STIM=h
9401811	42	RESP=1
9413042	42	STIM=c
9415994	42	RESP=1
9431782	42	STIM=a
9435621	42	RESP=1
9450005	42	STIM=w
9452963	42	RESP=1
9467225	42	STIM=6
9473851	42	RESP=2
9483244	42	STIM=q
9489886	42	RESP=1
9498738	42	STIM=5
9506987	42	RESP=2
9515695	42	STIM=5
9520643	42	RESP=2
9533721	42	STIM=y
9540255	42	RESP=1
9549937	42	STIM=w
9555443	42	RESP=1
9565385	42	STIM=n
9568290	42	RESP=1
9583423	42	STIM=8
9588100	42	RESP=1
9600240	42	STIM=m
9605917	42	RESP=1
9616084	42	STIM=x
9621325	42	RESP=1
9632713	42	STIM=k
9637549	42	RESP=1
9651243	42	STIM=z
9656941	42	RESP=1
9669624	42	STIM=e
9675495	42	RESP=1
9684943	42	STIM=r
9691376	42	RESP=1
9702173	42	STIM=r
9705478	42	RESP=1
9717589	42	STIM=6
9721693	42	RESP=2
9734262	42	STIM=5
9739254	42	RESP=2
9751662	42	STIM=g
9755425	42	RESP=1
9767915	42	STIM=1
9772845	42	RESP=2
9785520	42	STIM=x
9790500	42	RESP=1
9803329	42	STIM=n
9807627	42	RESP=2
9821668	42	STIM=7
9826857	42	RESP=2
9838071	42	STIM=i
9843349	42	RESP=1
9855443	42	STIM=l
9860645	42	RESP=1
9872207	42	STIM=c
9877630	42	RESP=1
9888834	42	STIM=j
9895076	42	RESP=1
9907827	42	STIM=j
9911335	42	RESP=2
9924205	42	STIM=j
9928612	42	RESP=1
9940542	42	STIM=h
9943319	42	RESP=1
9957795	42	STIM=0
9966912	42	RESP=2
9974728	42	STIM=w
9983056	42	RESP=1
9990824	42	STIM=o
9995630	42	RESP=1
10007675	42	STIM=y
10010721	42	RESP=1
10024350	42	STIM=9
10032169	42	RESP=2
10041714	42	STIM=a
10045122	42	RESP=1
10057438	42	STIM=2
10061236	42	RESP=2
10074447	42	STIM=l
10082215	42	RESP=1
10090861	42	STIM=h
10095511	42	RESP=2
10109716	42	STIM=a
10115813	42	RESP=1
10125232	42	STIM=q
10130456	42	RESP=1
10141934	42	STIM=i
10146408	42	RESP=2
10159681	42	STIM=b
10165623	42	RESP=1
10176356	42	STIM=j
10182494	42	RESP=1
10191964	42	STIM=k
10196574	42	RESP=1
10207258	42	STIM=8
10215342	42	RESP=2
10224008	42	STIM=r
10230897	42	RESP=1
10242852	42	STIM=l
10247110	42	RESP=1
10259120	42	STIM=z
10262826	42	RESP=1
10276585	42	STIM=u
10281994	42	RESP=1
10294306	42	STIM=k
10298709	42	RESP=1
10310415	42	STIM=g
10313781	42	RESP=1
10325542	42	STIM=i
10330861	42	RESP=1
10343810	42	STIM=e
10347670	42	RESP=1
10358819	42	STIM=c
10366843	42	RESP=1
10374440	42	STIM=y
10380117	42	RESP=1
10390516	42	STIM=7
10394565	42	RESP=2
10406413	42	STIM=p
10411104	42	RESP=1
10424158	42	STIM=w
10428923	42	RESP=1
10440452	42	STIM=j
10445648	42	RESP=1
10459038	42	STIM=j
10462843	42	RESP=1
10476629	42	STIM=k
10481576	42	RESP=1
10492189	42	STIM=7
10496339	42	RESP=2
10509822	42	STIM=e
10512186	42	RESP=1
10527330	42	STIM=t
10531049	42	RESP=1
10542471	42	STIM=p
10549433	42	RESP=1
10559548	42	STIM=9
10565957	42	RESP=2
10578421	42	STIM=8
10583722	42	RESP=2
10597111	42	STIM=q
10601361	42	RESP=1
10612237	42	STIM=e
10616053	42	RESP=1
10627475	42	STIM=e
10638050	42	RESP=1
10645893	42	STIM=t
10649217	42	RESP=1
10660935	42	STIM=d
10665103	42	RESP=1
10678712	42	STIM=m
10682950	42	RESP=1
10694771	42	STIM=7
10699683	42	RESP=2
10712054	42	STIM=g
10716216	42	RESP=1
10730245	42	STIM=k
10734258	42	RESP=1
10748156	42	STIM=q
10752191	42	RESP=1
10763698	42	STIM=f
10768137	42	RESP=1
10782447	42	STIM=j
10790540	42	RESP=1
10798018	42	STIM=b
10804861	42	RESP=1
10813928	42	STIM=5
10818344	42	RESP=2
10832269	42	STIM=u
10836757	42	RESP=2
10850791	42	STIM=d
10854664	42	RESP=1
10868095	42	STIM=n
10871744	42	RESP=2
10884032	42	STIM=u
10890411	42	RESP=1
10902825	42	STIM=p
10906333	42	RESP=1
10920051	42	STIM=6
10924525	42	RESP=2
10936057	42	STIM=h
10939403	42	RESP=1
10952767	42	STIM=6
10958322	42	RESP=2
10968746	42	STIM=h
10971728	42	RESP=1
10987242	42	STIM=s
10990717	42	RESP=1
11002322	42	STIM=b
11006167	42	RESP=1
11019003	42	STIM=q
11023225	42	RESP=1
11036035	42	STIM=x
11040380	42	RESP=1
11052386	42	STIM=w
11056757	42	RESP=1
11069582	42	STIM=0
11076218	42	RESP=2
11085563	42	STIM=n
11088945	42	RESP=1
11102888	42	STIM=l
11108208	42	RESP=1
11118431	42	STIM=p
11121885	42	RESP=2
11136482	42	STIM=r
11141163	42	RESP=1
11152294	42	STIM=o
11155506	42	RESP=1
11168224	42	STIM=z
11175816	42	RESP=1
11185812	42	STIM=i
11191679	42	RESP=1
11203409	42	STIM=c
11206936	42	RESP=1
11221579	42	STIM=x
11227801	42	RESP=1
11240345	42	STIM=v
11244515	42	RESP=1
11257235	42	STIM=i
11261941	42	RESP=1
11272362	42	STIM=t
11277574	42	RESP=1
11289141	42	STIM=7
11295512	42	RESP=2
11304787	42	STIM=8
11310769	42	RESP=2
11322604	42	STIM=l
11328134	42	RESP=1
11340249	42	STIM=h
11346015	42	RESP=1
11358196	42	STIM=o
11363274	42	RESP=1
11376750	42	STIM=3
11380507	42	RESP=2
11391764	42	STIM=j
11395643	42	RESP=1
11408509	42	STIM=2
11415414	42	RESP=2
11423751	42	STIM=n
11433517	42	RESP=1
11442083	42	STIM=g
11447120	42	RESP=2
11459512	42	STIM=n
11463546	42	RESP=1
11478309	42	STIM=v
11485419	42	RESP=1
11495236	42	STIM=w
11501951	42	RESP=1
11512950	42	STIM=u
11517133	42	RESP=1
11528882	42	STIM=2
11535758	42	RESP=2
11546715	42	STIM=e
11551038	42	RESP=1
11563628	42	STIM=r
11570191	42	RESP=1
11579439	42	STIM=w
11583665	42	RESP=1
11596057	42	STIM=3
11600468	42	RESP=2
11612556	42	STIM=d
11617026	42	RESP=1
11630146	42	STIM=h
11635052	42	RESP=1
11645681	42	STIM=v
11650288	42	RESP=1
11664320	42	STIM=y
11668691	42	RESP=1
11682504	42	STIM=5
11687689	42	RESP=2
11699194	42	STIM=h
11706471	42	RESP=1
11714726	42	STIM=i
11717366	42	RESP=2
11733143	42	STIM=i
11740201	42	RESP=1
11749518	42	STIM=0
11755622	42	RESP=2
11765964	42	STIM=h
11770607	42	RESP=1
11781431	42	STIM=8
11788002	42	RESP=2
11797158	42	STIM=u
11800574	42	RESP=2
11813691	42	STIM=0
11819349	42	RESP=1
11829937	42	STIM=x
11834017	42	RESP=1
11847734	42	STIM=g
11852514	42	RESP=1
11865082	42	STIM=z
11872246	42	RESP=1
11882239	42	STIM=p
11885694	42	RESP=1
11897966	42	STIM=j
11903001	42	RESP=1
11914843	42	STIM=z
11920667	42	RESP=1
11931497	42	STIM=n
11937852	42	RESP=1
11949085	42	STIM=i
11952485	42	RESP=1
11964865	42	STIM=v
11968522	42	RESP=1
11982059	42	STIM=n
11985630	42	RESP=1
12001030	42	STIM=j
12006388	42	RESP=1
12016781	42	STIM=g
12021600	42	RESP=1
12031971	42	STIM=w
12036222	42	RESP=1
12050632	42	STIM=7
12056786	42	RESP=2
12065901	42	STIM=o
12072368	42	RESP=1
12083703	42	STIM=f
12087376	42	RESP=1
12100164	42	STIM=l
12107276	42	RESP=1
12117696	42	STIM=d
12121914	42	RESP=1
12133914	42	STIM=0
12139414	42	RESP=2
12150011	42	STIM=i
12155427	42	RESP=1
12165710	42	STIM=t
12169555	42	RESP=1
12184336	42	STIM=8
12194714	42	RESP=2
12200930	42	STIM=w
12208399	42	RESP=1
12217250	42	STIM=t
12222096	42	RESP=1
12232388	42	STIM=h
12235663	42	RESP=1
12250250	42	STIM=4
12257427	42	RESP=2
12268182	42	STIM=u
12271745	42	RESP=1
12283892	42	STIM=b
12287424	42	RESP=1
12301603	42	STIM=6
12310693	42	RESP=2
12319924	42	STIM=5
12323756	42	RESP=2
12336793	42	STIM=l
12341414	42	RESP=1
12353609	42	STIM=k
12359456	42	RESP=1
12370244	42	STIM=s
12374571	42	RESP=1
12388510	42	STIM=x
12393416	42	RESP=1
12406489	42	STIM=b
12418820	42	RESP=1
12423083	42	STIM=4
12428232	42	RESP=2
12440461	42	STIM=z
12446737	42	RESP=1
12458341	42	STIM=t
12461216	42	RESP=1
12474838	42	STIM=u
12481838	42	RESP=1
12491829	42	STIM=s
12496601	42	RESP=1
12510716	42	STIM=5
12514084	42	RESP=2
12525996	42	STIM=x
12530649	42	RESP=1
12542600	42	STIM=i
12548809	42	RESP=1
12559581	42	STIM=l
12565684	42	RESP=1
12576109	42	STIM=v
12580236	42	RESP=1
12591999	42	STIM=q
12598276	42	RESP=1
12610986	42	STIM=v
12616357	42	RESP=1
12629419	42	STIM=h
12632671	42	RESP=1
12644884	42	STIM=u
12650088	42	RESP=1
12661815	42	STIM=h
12667214	42	RESP=1
12678769	42	STIM=b
12683433	42	RESP=1
12696923	42	STIM=j
12703359	42	RESP=1
12712458	42	STIM=o
12715664	42	RESP=1
12729861	42	STIM=l
12733682	42	RESP=1
12748852	42	STIM=7
12752553	42	RESP=2
12766272	42	STIM=x
12772449	42	RESP=1
12783270	42	STIM=k
12787481	42	RESP=1
12798559	42	STIM=y
12806402	42	RESP=1
12815643	42	STIM=i
12818643	42	RESP=1
12831832	42	STIM=7
12838244	42	RESP=2
12848088	42	STIM=v
12851109	42	RESP=1
12863163	42	STIM=m
12872868	42	RESP=1
12879726	42	STIM=l
12883337	42	RESP=1
12896285	42	STIM=a
12899955	42	RESP=1
12915193	42	STIM=x
12918437	42	RESP=1
12931025	42	STIM=e
12934155	42	RESP=1
12947968	42	STIM=c
12953247	42	RESP=1
12964377	42	STIM=y
12968553	42	RESP=1
12979660	42	STIM=o
12983074	42	RESP=1
12998300	42	STIM=2
13004822	42	RESP=2
13013344	42	STIM=d
13017163	42	RESP=1
13028992	42	STIM=k
13033986	42	RESP=1
13047709	42	STIM=g
13051357	42	RESP=1
13063238	42	STIM=2
13071856	42	RESP=2
13081117	42	STIM=x
13087324	42	RESP=1
13096442	42	STIM=y
13106946	42	RESP=1
13114353	42	STIM=j
13117616	42	RESP=1
13132385	42	STIM=w
13138013	42	RESP=1
13150120	42	STIM=h
13156783	42	RESP=1
13166117	42	STIM=j
13170556	42	RESP=2
13183847	42	STIM=a
13193248	42	RESP=1
13201472	42	STIM=6
13206557	42	RESP=2
13217517	42	STIM=3
13224152	42	RESP=2
13234682	42	STIM=y
13239353	42	RESP=1
13252921	42	STIM=g
13256422	42	RESP=1
13268481	42	STIM=i
13273542	42	RESP=1
13284113	42	STIM=6
13295293	42	RESP=2
13299857	42	STIM=y
13304682	42	RESP=1
13315856	42	STIM=5
13319929	42	RESP=1
13332493	42	STIM=s
13336306	42	RESP=1
13350875	42	STIM=k
13354984	42	RESP=1
13369688	42	STIM=z
13372820	42	RESP=1
13386764	42	STIM=p
13391854	42	RESP=1
13404563	42	STIM=j
13407904	42	RESP=1
13421953	42	STIM=l
13426412	42	RESP=1
13439248	42	STIM=s
13445997	42	RESP=1
13455158	42	STIM=7
13460414	42	RESP=2
13471696	42	STIM=r
13476523	42	RESP=1
13488709	42	STIM=f
13492836	42	RESP=1
13505263	42	STIM=e
13509146	42	RESP=1
13521997	42	STIM=j
13527433	42	RESP=1
13538343	42	STIM=8
13549114	42	RESP=2
13555597	42	STIM=s
13558882	42	RESP=1
13572559	42	STIM=4
13576704	42	RESP=2
13591160	42	STIM=2
13597126	42	RESP=2
13608702	42	STIM=h
13614469	42	RESP=1
13624316	42	STIM=n
13629221	42	RESP=1
13641615	42	STIM=w
13644515	42	RESP=1
13660458	42	STIM=w
13663117	42	RESP=1
13676699	42	STIM=b
13681552	42	RESP=2
13692480	42	STIM=t
13696211	42	RESP=1
13711445	42	STIM=k
13715751	42	RESP=1
13729651	42	STIM=t
13733962	42	RESP=1
13745907	42	STIM=h
13754624	42	RESP=1
13762803	42	STIM=q
13767229	42	RESP=1
13780872	42	STIM=9
13785533	42	RESP=2
13797300	42	STIM=8
13807230	42	RESP=2
13812572	42	STIM=x
13817111	42	RESP=1
13828123	42	STIM=g
13834999	42	RESP=1
13846339	42	STIM=4
13854826	42	RESP=2
13865016	42	STIM=k
13868564	42	RESP=1
13881668	42	STIM=1
13886949	42	RESP=2
13900519	42	STIM=s
13910002	42	RESP=1
13917927	42	STIM=6
13925130	42	RESP=2
13935425	42	STIM=r
13940141	42	RESP=1
13954027	42	STIM=l
13960206	42	RESP=1
13970201	42	STIM=i
13973338	42	RESP=1
13986840	42	STIM=u
13990591	42	RESP=1
14003752	42	STIM=9
14010077	42	RESP=2
14022331	42	STIM=3
14027771	42	RESP=2
14039322	42	STIM=b
14043665	42	RESP=1
14055310	42	STIM=c
14060373	42	RESP=1
14070562	42	STIM=o
14073361	42	RESP=1
14089241	42	STIM=n
14094346	42	RESP=1
14105229	42	STIM=w
14108494	42	RESP=1
14123768	42	STIM=u
14127953	42	RESP=1
14139073	42	STIM=x
14146118	42	RESP=1
14156023	42	STIM=v
14160247	42	RESP=1
14171590	42	STIM=o
14178491	42	RESP=1
14189063	42	STIM=u
14192605	42	RESP=1
14206022	42	STIM=b
14210588	42	RESP=1
14224547	42	STIM=n
14228175	42	RESP=1
14240736	42	STIM=p
14244148	42	RESP=1
14258851	42	STIM=z
14265046	42	RESP=1
14276397	42	STIM=m
14282688	42	RESP=1
14293865	42	STIM=7
14300099	42	RESP=2
14309744	42	STIM=o
14313987	42	RESP=1
14327485	42	STIM=9
14331296	42	RESP=2
14343075	42	STIM=s
14348372	42	RESP=1
14362017	42	STIM=3
14365632	42	RESP=2
14378794	42	STIM=i
14385488	42	RESP=1
14394237	42	STIM=n
14399340	42	RESP=1
14412250	42	STIM=x
14418593	42	RESP=1
14428177	42	STIM=d
14432313	42	RESP=1
14444500	42	STIM=8
14450781	42	RESP=2
14460481	42	STIM=q
14465750	42	RESP=1
14478523	42	STIM=5
14486662	42	RESP=2
14494520	42	STIM=i
14497201	42	RESP=1
14512080	42	STIM=i
14515828	42	RESP=1
14530716	42	STIM=k
14533842	42	RESP=1
14546012	42	STIM=v
14553934	42	RESP=1
14561589	42	STIM=h
14565930	42	RESP=1
14578661	42	STIM=1
14582881	42	RESP=2
14596164	42	STIM=f
14600747	42	RESP=1
14612871	42	STIM=t
14618000	42	RESP=1
14629783	42	STIM=2
14635664	42	RESP=2
14647030	42	STIM=x
14650234	42	RESP=1
14664941	42	STIM=z
14667878	42	RESP=1
14682194	42	STIM=t
14685531	42	RESP=1
14700661	42	STIM=g
14706525	42	RESP=1
14718477	42	STIM=4
14723395	42	RESP=2
14735499	42	STIM=f
14741533	42	RESP=1
14750834	42	STIM=t
14755505	42	RESP=1
14769620	42	STIM=m
14776344	42	RESP=1
14784984	42	STIM=8
14789861	42	RESP=2
14802694	42	STIM=z
14806518	42	RESP=1
14818303	42	STIM=r
14821514	42	RESP=1
14836001	42	STIM=2
14840906	42	RESP=2
14853391	42	STIM=s
14857612	42	RESP=1
14871701	42	STIM=6
14877082	42	RESP=2
14889249	42	STIM=8
14894349	42	RESP=2
14906101	42	STIM=c
14909156	42	RESP=1
14922256	42	STIM=i
14927006	42	RESP=1
14938952	42	STIM=o
14941730	42	RESP=1
14956042	42	STIM=8
14960373	42	RESP=2
14974441	42	STIM=9
14978852	42	RESP=2
14992381	42	STIM=2
15001174	42	RESP=2
15008755	42	STIM=s
15012099	42	RESP=1
15025576	42	STIM=c
15029679	42	RESP=1
15044219	42	STIM=n
15047480	42	RESP=1
15060704	42	STIM=f
15066393	42	RESP=1
15075905	42	STIM=b
15078391	42	RESP=1
15093393	42	STIM=u
15099198	42	RESP=1
15109767	42	STIM=o
15113433	42	RESP=1
15127733	42	STIM=c
15131979	42	RESP=1
15145761	42	STIM=h
15149207	42	RESP=1
15163158	42	STIM=4
15168119	42	RESP=2
15179396	42	STIM=5
15185729	42	RESP=2
15197016	42	STIM=r
15202430	42	RESP=1
15212376	42	STIM=r
15217617	42	RESP=1
15229932	42	STIM=7
15234562	42	RESP=2
15248431	42	STIM=g
15251985	42	RESP=1
15265714	42	STIM=u
15269110	42	RESP=1
15280935	42	STIM=w
15286590	42	RESP=1
15296573	42	STIM=i
15302209	42	RESP=1
15315570	42	STIM=r
15322100	42	RESP=1
15333977	42	STIM=4
15337607	42	RESP=2
15352835	42	STIM=p
15355648	42	RESP=1
15368938	42	STIM=d
15373025	42	RESP=1
15387915	42	STIM=0
15392266	42	RESP=2
15406034	42	STIM=b
15412476	42	RESP=1
15423992	42	STIM=q
15428678	42	RESP=1
15442320	42	STIM=l
15444847	42	RESP=1
15459468	42	STIM=d
15464085	42	RESP=1
15477176	42	STIM=y
15481969	42	RESP=1
15492931	42	STIM=5
15499192	42	RESP=2
15511446	42	STIM=l
15517407	42	RESP=1
15529054	42	STIM=t
15534024	42	RESP=1
15544101	42	STIM=q
15553832	42	RESP=1
15561354	42	STIM=0
15565375	42	RESP=2
15580140	42	STIM=t
15584082	42	RESP=1
15595163	42	STIM=l
15601043	42	RESP=1
15611141	42	STIM=f
15615768	42	RESP=1
15627517	42	STIM=r
15632255	42	RESP=1
15645408	42	STIM=p
15650196	42	RESP=1
15663010	42	STIM=p
15671494	42	RESP=1
15681699	42	STIM=m
15686900	42	RESP=1
15697850	42	STIM=d
15701671	42	RESP=1
15716009	42	STIM=t
15719366	42	RESP=1
15733978	42	STIM=t
15736766	42	RESP=1
15752868	42	STIM=w
15757220	42	RESP=1
15768576	42	STIM=e
15773051	42	RESP=1
15784040	42	STIM=p
15788116	42	RESP=1
15801695	42	STIM=v
15807260	42	RESP=1
15819523	42	STIM=k
15823288	42	RESP=1
15835988	42	STIM=o
15842847	42	RESP=1
15854663	42	STIM=o
15859013	42	RESP=1
15871644	42	STIM=c
15875282	42	RESP=1
15887171	42	STIM=0
15894796	42	RESP=2
15902405	42	STIM=g
15906059	42	RESP=1
15919397	42	STIM=5
15925859	42	RESP=2
15936538	42	STIM=u
15942337	42	RESP=2
15954011	42	STIM=z
15957006	42	RESP=2
15970677	42	STIM=2
15976608	42	RESP=2
15987381	42	STIM=d
15990560	42	RESP=1
16006102	42	STIM=j
16013822	42	RESP=1
16024609	42	STIM=i
16027610	42	RESP=1
16042968	42	STIM=k
16046592	42	RESP=1
16058170	42	STIM=q
16067023	42	RESP=1
16076498	42	STIM=o
16079750	42	RESP=1
16094227	42	STIM=7
16103599	42	RESP=2
16111080	42	STIM=t
16114077	42	RESP=1
16128464	42	STIM=7
16137352	42	RESP=2
16144773	42	STIM=c
16150592	42	RESP=1
16160022	42	STIM=3
16167883	42	RESP=2
16176739	42	STIM=z
16181056	42	RESP=1
16192427	42	STIM=u
16197454	42	RESP=1
16209717	42	STIM=e
16213455	42	RESP=1
16225919	42	STIM=2
16230819	42	RESP=2
16241127	42	STIM=v
16247798	42	RESP=1
16257978	42	STIM=l
16261815	42	RESP=1
16275405	42	STIM=0
16285083	42	RESP=2
16291836	42	STIM=h
16294966	42	RESP=1
16309268	42	STIM=c
16312542	42	RESP=1
16328028	42	STIM=q
16331615	42	RESP=1
16343465	42	STIM=q
16354767	42	RESP=1
16358727	42	STIM=b
16363653	42	RESP=1
16377156	42	STIM=n
16384364	42	RESP=1
16394604	42	STIM=u
16398570	42	RESP=2
16413355	42	STIM=t
16416953	42	RESP=1
16431690	42	STIM=2
16437507	42	RESP=2
16449888	42	STIM=q
16454671	42	RESP=1
16466277	42	STIM=a
16471670	42	RESP=1
16483531	42	STIM=j
16490512	42	RESP=1
16501342	42	STIM=h
16505082	42	RESP=1
16518996	42	STIM=c
16524322	42	RESP=1
16535554	42	STIM=6
16541880	42	RESP=2
16552291	42	STIM=f
16556469	42	RESP=1
16569235	42	STIM=k
16572678	42	RESP=1
16587595	42	STIM=u
16592298	42	RESP=1
16604267	42	STIM=4
16611143	42	RESP=2
16622329	42	STIM=d
16625814	42	RESP=1
16638174	42	STIM=e
16643483	42	RESP=1
16653704	42	STIM=e
16659897	42	RESP=1
16670928	42	STIM=6
16677503	42	RESP=1
16686312	42	STIM=z
16690109	42	RESP=1
16704164	42	STIM=v
16708654	42	RESP=1
16720514	42	STIM=6
16727345	42	RESP=2
16737444	42	STIM=2
16741185	42	RESP=1
16754593	42	STIM=4
16758377	42	RESP=2
16771999	42	STIM=b
16775964	42	RESP=1
16787419	42	STIM=p
16794657	42	RESP=1
16805157	42	STIM=r
16808125	42	RESP=1
16822617	42	STIM=4
16828054	42	RESP=2
16838901	42	STIM=7
16844869	42	RESP=2
16855166	42	STIM=l
16858450	42	RESP=1
16871369	42	STIM=d
16874921	42	RESP=1
16887606	42	STIM=r
16892562	42	RESP=1
16904095	42	STIM=a
16908088	42	RESP=1
16922965	42	STIM=d
16928314	42	RESP=1
16939842	42	STIM=d
16943470	42	RESP=1
16958752	42	STIM=a
16965285	42	RESP=1
16977209	42	STIM=p
16983319	42	RESP=1
16995931	42	STIM=4
17001563	42	RESP=2
17012492	42	STIM=v
17017392	42	RESP=1
17031416	42	STIM=k
17035089	42	RESP=1
17050415	42	STIM=f
17057430	42	RESP=1
17068783	42	STIM=i
17075130	42	RESP=1
17085014	42	STIM=s
17090968	42	RESP=1
17102404	42	STIM=k
17105966	42	RESP=1
17117894	42	STIM=j
17128865	42	RESP=1
17133687	42	STIM=6
17138285	42	RESP=2
17150349	42	STIM=p
17156015	42	RESP=1
17168111	42	STIM=4
17176946	42	RESP=2
17183651	42	STIM=k
17189541	42	RESP=1
17200364	42	STIM=b
17206340	42	RESP=1
17216987	42	STIM=d
17221890	42	RESP=1
17233821	42	STIM=l
17236734	42	RESP=1
17252302	42	STIM=f
17255199	42	RESP=1
17271012	42	STIM=r
17276437	42	RESP=1
17287547	42	STIM=9
17291674	42	RESP=2
17306327	42	STIM=t
17310425	42	RESP=1
17322718	42	STIM=b
17327580	42	RESP=1
17339996	42	STIM=x
17345988	42	RESP=1
17357394	42	STIM=b
17364012	42	RESP=2
17373521	42	STIM=g
17377145	42	RESP=1
17392488	42	STIM=r
17395935	42	RESP=1
17409365	42	STIM=j
17412513	42	RESP=1
17426926	42	STIM=n
17430814	42	RESP=1
17444050	42	STIM=w
17448451	42	RESP=1
17459952	42	STIM=7
17466804	42	RESP=2
17477517	42	STIM=s
17480292	42	RESP=1
17495866	42	STIM=t
17498492	42	RESP=1
17513434	42	STIM=b
17518342	42	RESP=1
17531688	42	STIM=0
17535703	42	RESP=2
17550288	42	STIM=e
17555278	42	RESP=1
17565783	42	STIM=p
17569485	42	RESP=1
17583890	42	STIM=g
17587963	42	RESP=1
17599811	42	STIM=a
17604301	42	RESP=1
17616206	42	STIM=5
17620333	42	RESP=2
17631245	42	STIM=y
17634781	42	RESP=1
17649565	42	STIM=j
17657050	42	RESP=1
17664663	42	STIM=f
17668812	42	RESP=1
17680151	42	STIM=x
17682562	42	RESP=1
17698098	42	STIM=t
17701093	42	RESP=1
17715821	42	STIM=d
17719888	42	RESP=1
17732842	42	STIM=t
17736712	42	RESP=1
17749949	42	STIM=8
17755427	42	RESP=2
17766234	42	STIM=q
17771840	42	RESP=1
17784914	42	STIM=9
17792813	42	RESP=2
17800390	42	STIM=t
17806154	42	RESP=1
17815706	42	STIM=6
17821273	42	RESP=2
17833865	42	STIM=u
17839215	42	RESP=1
17849106	42	STIM=y
17853918	42	RESP=1
17865677	42	STIM=a
17872833	42	RESP=1
17880832	42	STIM=w
17887300	42	RESP=1
17896607	42	STIM=z
17899765	42	RESP=1
17913237	42	STIM=j
17921564	42	RESP=1
17932073	42	STIM=j
17936026	42	RESP=1
17949534	42	STIM=v
17954349	42	RESP=1
17967944	42	STIM=z
17971550	42	RESP=1
17984298	42	STIM=s
17990070	42	RESP=1
18002612	42	STIM=t
18008911	42	RESP=1
18021485	42	STIM=6
18026175	42	RESP=2
18036891	42	STIM=r
18041810	42	RESP=1
18054195	42	STIM=k
18058533	42	RESP=1
18071403	42	STIM=x
18074737	42	RESP=1
18089714	42	STIM=s
18093624	42	RESP=1
18108369	42	STIM=o
18111604	42	RESP=1
18126573	42	STIM=r
18130285	42	RESP=1
18145147	42	STIM=d
18151636	42	RESP=1
18162393	42	STIM=d
18165691	42	RESP=1
18178979	42	STIM=w
18183779	42	RESP=1
18197265	42	STIM=k
18201841	42	RESP=1
18215117	42	STIM=x
18219784	42	RESP=1
18232000	42	STIM=2
18242466	42	RESP=1
18249630	42	STIM=j
18252984	42	RESP=1
18268568	42	STIM=b
18274591	42	RESP=1
18283832	42	STIM=k
18288992	42	RESP=1
18300819	42	STIM=o
18303371	42	RESP=1
18316706	42	STIM=o
18321729	42	RESP=1
18332021	42	STIM=s
18335794	42	RESP=1
18349275	42	STIM=n
18354708	42	RESP=1
18365254	42	STIM=y
18368201	42	RESP=1
18380685	42	STIM=l
18384341	42	RESP=1
18398960	42	STIM=n
18403925	42	RESP=1
18416221	42	STIM=r
18421938	42	RESP=1
18434449	42	STIM=u
18438971	42	RESP=1
18450930	42	STIM=h
18456669	42	RESP=2
18468793	42	STIM=i
18475071	42	RESP=1
18485177	42	STIM=k
18489590	42	RESP=1
18502213	42	STIM=c
18504685	42	RESP=1
18517667	42	STIM=8
18521549	42	RESP=1
18534764	42	STIM=e
18540993	42	RESP=1
18550013	42	STIM=9
18555111	42	RESP=2
18565540	42	STIM=v
18570293	42	RESP=1
18582940	42	STIM=z
18586173	42	RESP=1
18599345	42	STIM=v
18602613	42	RESP=1
18615419	42	STIM=c
18619720	42	RESP=1
18631146	42	STIM=k
18634719	42	RESP=1
18649996	42	STIM=i
18654016	42	RESP=1
18668607	42	STIM=o
18671604	42	RESP=1
18686312	42	STIM=e
18692724	42	RESP=1
18704281	42	STIM=g
18713312	42	RESP=1
18720537	42	STIM=u
18723636	42	RESP=1
18737690	42	STIM=4
18741872	42	RESP=1
18756255	42	STIM=o
18761513	42	RESP=1
18772266	42	STIM=m
18776413	42	RESP=1
18787852	42	STIM=w
18792832	42	RESP=1
18804779	42	STIM=f
18809688	42	RESP=1
18821862	42	STIM=8
18825857	42	RESP=2
18840075	42	STIM=q
18845959	42	RESP=1
18856277	42	STIM=m
18860421	42	RESP=1
18874302	42	STIM=0
18880702	42	RESP=2
18892417	42	STIM=9
18897519	42	RESP=1
18907747	42	STIM=s
18910499	42	RESP=1
18925188	42	STIM=n
18929079	42	RESP=1
18940809	42	STIM=x
18946298	42	RESP=1
18957819	42	STIM=i
18963215	42	RESP=1
18974489	42	STIM=7
18980019	42	RESP=2
18990691	42	STIM=o
18995614	42	RESP=1
19007286	42	STIM=s
19012219	42	RESP=1
19024186	42	STIM=h
19028374	42	RESP=1
19039399	42	STIM=p
19044416	42	RESP=1
19055003	42	STIM=6
19059095	42	RESP=2
19072520	42	STIM=3
19078135	42	RESP=2
19089549	42	STIM=j
19094265	42	RESP=1
19106508	42	STIM=x
19113097	42	RESP=1
19124094	42	STIM=c
19129523	42	RESP=1
19139739	42	STIM=5
19144881	42	RESP=2
19158537	42	STIM=r
19163750	42	RESP=1
19175575	42	STIM=6
19184503	42	RESP=2
19191783	42	STIM=7
19195682	42	RESP=2
19208134	42	STIM=l
19212133	42	RESP=1
19224948	42	STIM=h
19228761	42	RESP=1
19240859	42	STIM=f
19245142	42	RESP=1
19257116	42	STIM=r
19263052	42	RESP=1
19275233	42	STIM=a
19280746	42	RESP=1
19291235	42	STIM=o
19297566	42	RESP=1
19306357	42	STIM=a
19309824	42	RESP=1
19322910	42	STIM=q
19325564	42	RESP=1
19340991	42	STIM=3
19345378	42	RESP=1
19358958	42	STIM=i
19363876	42	RESP=2
19375912	42	STIM=q
19381823	42	RESP=1
19394002	42	STIM=z
19399887	42	RESP=1
19411888	42	STIM=k
19416974	42	RESP=1
19429253	42	STIM=c
19435200	42	RESP=1
19446476	42	STIM=1
19451997	42	RESP=2
19465249	42	STIM=l
19473853	42	RESP=2
19480562	42	STIM=w
19488274	42	RESP=1
19497284	42	STIM=j
19503022	42	RESP=1
19515613	42	STIM=c
19519138	42	RESP=1
19533646	42	STIM=l
19537554	42	RESP=1
19552420	42	STIM=k
19555971	42	RESP=1
19567851	42	STIM=z
19571075	42	RESP=1
19583737	42	STIM=w
19589519	42	RESP=1
19599790	42	STIM=a
19609553	42	RESP=1
19616740	42	STIM=c
19620230	42	RESP=1
19634880	42	STIM=o
19637815	42	RESP=1
19653809	42	STIM=a
19658278	42	RESP=1
19671369	42	STIM=0
19677191	42	RESP=1
19687432	42	STIM=1
19691191	42	RESP=2
19705885	42	STIM=q
19711165	42	RESP=1
19723832	42	STIM=8
19735273	42	RESP=2
19739410	42	STIM=7
19744816	42	RESP=2
19754740	42	STIM=n
19764718	42	RESP=1
19772438	42	STIM=k
19776367	42	RESP=1
19788335	42	STIM=k
19795018	42	RESP=1
19805086	42	STIM=7
19810782	42	RESP=2
19823517	42	STIM=h
19826837	42	RESP=1
19841310	42	STIM=9
19846442	42	RESP=2
19856765	42	STIM=s
19860438	42	RESP=1
19875207	42	STIM=i
19878592	42	RESP=1
19892992	42	STIM=l
19898358	42	RESP=1
19909767	42	STIM=d
19913004	42	RESP=1
19925626	42	STIM=x
19930560	42	RESP=1
19943898	42	STIM=3
19947373	42	RESP=2
19958918	42	STIM=7
19963520	42	RESP=2
19976108	42	STIM=i
19980417	42	RESP=1
19992224	42	STIM=v
19998603	42	RESP=1
20007244	42	STIM=0
20011942	42	RESP=2
20022768	42	STIM=z
20029934	42	RESP=2
20039711	42	STIM=c
20043762	42	RESP=1
20054817	42	STIM=m
20058015	42	RESP=1
20072586	42	STIM=c
20075018	42	RESP=1
20091143	42	STIM=v
20097152	42	RESP=1
20107975	42	STIM=h
20112096	42	RESP=1
20125343	42	STIM=f
20128381	42	RESP=1
20141762	42	STIM=u
20147284	42	RESP=1
20158821	42	STIM=o
20161714	42	RESP=1
20177640	42	STIM=c
20183675	42	RESP=1
20193105	42	STIM=o
20202566	42	RESP=1
20211420	42	STIM=l
20215040	42	RESP=1
20226602	42	STIM=g
20231300	42	RESP=1
20243342	42	STIM=a
20247721	42	RESP=1
20260631	42	STIM=1
20265127	42	RESP=2
20275730	42	STIM=x
20284959	42	RESP=1
20294702	42	STIM=o
20299015	42	RESP=1
20312145	42	STIM=f
20317504	42	RESP=1
20329807	42	STIM=f
20334504	42	RESP=1
20345195	42	STIM=q
20350686	42	RESP=1
20362660	42	STIM=p
20365568	42	RESP=2
20381310	42	STIM=c
20386639	42	RESP=1
20399394	42	STIM=3
20402485	42	RESP=2
20416220	42	STIM=9
20422179	42	RESP=2
20432209	42	STIM=b
20437560	42	RESP=1
20449572	42	STIM=r
20454470	42	RESP=1
20465931	42	STIM=8
20471415	42	RESP=2
20484757	42	STIM=o
20493697	42	RESP=1
20502329	42	STIM=a
20506233	42	RESP=1
20517957	42	STIM=b
20523209	42	RESP=1
20533987	42	STIM=p
20540037	42	RESP=1
20550669	42	STIM=q
20554562	42	RESP=1
20567861	42	STIM=t
20572081	42	RESP=1
20584911	42	STIM=f
20588756	42	RESP=2
20603734	42	STIM=4
20611077	42	RESP=2
20620097	42	STIM=7
20627865	42	RESP=2
20635823	42	STIM=r
20639619	42	RESP=1
20653815	42	STIM=m
20658943	42	RESP=1
20670440	42	STIM=e
20676031	42	RESP=1
20686917	42	STIM=d
20691425	42	RESP=1
20702693	42	STIM=h
20708929	42	RESP=1
20718356	42	STIM=r
20722522	42	RESP=1
20735554	42	STIM=5
20740499	42	RESP=2
20750593	42	STIM=l
20753407	42	RESP=1
20769066	42	STIM=r
20772337	42	RESP=2
20787811	42	STIM=f
20794774	42	RESP=1
20805543	42	STIM=m
20811933	42	RESP=1
20823701	42	STIM=w
20829553	42	RESP=1
20839797	42	STIM=k
20844825	42	RESP=1
20856231	42	STIM=f
20859833	42	RESP=1
20871908	42	STIM=b
20876868	42	RESP=2
20888235	42	STIM=v
20894035	42	RESP=1
20905154	42	STIM=w
20908428	42	RESP=1
20920850	42	STIM=d
20925427	42	RESP=1
20937002	42	STIM=q
20942586	42	RESP=1
20953330	42	STIM=2
20957262	42	RESP=2
20969535	42	STIM=k
20975237	42	RESP=1
20988208	42	STIM=x
20990682	42	RESP=1
21003609	42	STIM=n
21008570	42	RESP=2
21019133	42	STIM=o
21024286	42	RESP=1
21037552	42	STIM=m
21042681	42	RESP=1
21054320	42	STIM=5
21060427	42	RESP=2
21070057	42	STIM=7
21078274	42	RESP=2
21086316	42	STIM=s
21092234	42	RESP=1
21102566	42	STIM=m
21109527	42	RESP=1
21120407	42	STIM=x
21127509	42	RESP=1
21137740	42	STIM=3
21143031	42	RESP=2
21154796	42	STIM=b
21157138	42	RESP=1
21172260	42	STIM=d
21180459	42	RESP=1
21189662	42	STIM=b
21194176	42	RESP=1
21207409	42	STIM=l
21210852	42	RESP=1
21225881	42	STIM=w
21228999	42	RESP=1
21243145	42	STIM=h
21247706	42	RESP=1
21258764	42	STIM=1
21264944	42	RESP=2
21276377	42	STIM=m
21281720	42	RESP=1
21293630	42	STIM=t
21296781	42	RESP=1
21312231	42	STIM=u
21317828	42	RESP=1
21329795	42	STIM=a
21332877	42	RESP=1
21346602	42	STIM=3
21353249	42	RESP=2
21361867	42	STIM=0
21367002	42	RESP=2
21377645	42	STIM=j
21383415	42	RESP=1
21393394	42	STIM=y
21398086	42	RESP=1
21411931	42	STIM=k
21415844	42	RESP=1
21427391	42	STIM=q
21435916	42	RESP=1
21442440	42	STIM=j
21445008	42	RESP=1
21458923	42	STIM=a
21464318	42	RESP=1
21476107	42	STIM=c
21482315	42	RESP=1
21491260	42	STIM=p
21495194	42	RESP=1
21508859	42	STIM=w
21512998	42	RESP=1
21526400	42	STIM=r
21529483	42	RESP=1
21544892	42	STIM=6
21552536	42	RESP=2
21563512	42	STIM=q
21567364	42	RESP=1
21579902	42	STIM=w
21585079	42	RESP=1
21595293	42	STIM=u
21601576	42	RESP=1
21611201	42	STIM=v
21615264	42	RESP=1
21626221	42	STIM=o
21633323	42	RESP=1
21644243	42	STIM=b
21649058	42	RESP=1
21660846	42	STIM=0
21667179	42	RESP=2
21676116	42	STIM=r
21680977	42	RESP=1
21693526	42	STIM=a
21697713	42	RESP=1
21711133	42	STIM=m
21715029	42	RESP=1
21727335	42	STIM=u
21730615	42	RESP=1
21743805	42	STIM=e
21756434	42	RESP=1
21760090	42	STIM=7
21764969	42	RESP=2
21778182	42	STIM=j
21782562	42	RESP=1
21795863	42	STIM=j
21799059	42	RESP=1
