# Original filename: 0019_NDQ_2017-02-05.log
# Time unit: 100 us
# RARECAT=digit
#
# Time	HHGG	Event
37220	42	STIM=e
40215	42	RESP=1
54107	42	STIM=j
61176	42	RESP=1
69515	42	STIM=1
77311	42	RESP=2
87672	42	STIM=y
94780	42	RESP=1
105713	42	STIM=d
113018	42	RESP=1
121301	42	STIM=3
127099	42	RESP=2
138279	42	STIM=a
144511	42	RESP=1
155981	42	STIM=j
163350	42	RESP=2
171160	42	STIM=o
174772	42	RESP=1
186562	42	STIM=q
191091	42	RESP=1
204325	42	STIM=y
213124	42	RESP=1
219675	42	STIM=n
225222	42	RESP=1
238244	42	STIM=c
243974	42	RESP=1
255999	42	STIM=5
263151	42	RESP=2
274030	42	STIM=f
277416	42	RESP=1
290092	42	STIM=g
293613	42	RESP=1
309046	42	STIM=j
316237	42	RESP=1
327964	42	STIM=9
334878	42	RESP=2
346574	42	STIM=3
352760	42	RESP=2
363776	42	STIM=g
370093	42	RESP=1
379567	42	STIM=t
384331	42	RESP=1
396297	42	STIM=7
402450	42	RESP=2
414175	42	STIM=j
420717	42	RESP=1
430474	42	STIM=n
435370	42	RESP=1
447311	42	STIM=7
454353	42	RESP=2
462614	42	STIM=g
468744	42	RESP=1
481161	42	STIM=r
486909	42	RESP=1
498156	42	STIM=7
501786	42	RESP=2
516822	42	STIM=a
522373	42	RESP=1
532115	42	STIM=w
537022	42	RESP=1
547430	42	STIM=n
556320	42	RESP=1
564258	42	STIM=s
567937	42	RESP=1
581004	42	STIM=8
587461	42	RESP=2
596183	42	STIM=e
604713	42	RESP=1
614596	42	STIM=r
618177	42	RESP=1
632458	42	STIM=8
637936	42	RESP=2
649758	42	STIM=z
654543	42	RESP=1
667736	42	STIM=m
671237	42	RESP=1
684425	42	STIM=o
690760	42	RESP=1
703362	42	STIM=z
706486	42	RESP=1
722354	42	STIM=1
726368	42	RESP=2
740202	42	STIM=e
745030	42	RESP=1
758140	42	STIM=i
763556	42	RESP=1
775575	42	STIM=o
782289	42	RESP=1
790906	42	STIM=g
797908	42	RESP=1
806650	42	STIM=h
814203	42	RESP=1
822802	42	STIM=o
828334	42	RESP=1
841614	42	STIM=v
847531	42	RESP=2
858020	42	STIM=a
863430	42	RESP=1
876875	42	STIM=k
885811	42	RESP=1
893031	42	STIM=4
899183	42	RESP=2
910567	42	STIM=b
918649	42	RESP=1
926746	42	STIM=y
936808	42	RESP=1
945185	42	STIM=o
954251	42	RESP=1
961623	42	STIM=9
965314	42	RESP=2
977006	42	STIM=1
981828	42	RESP=2
995303	42	STIM=h
1003493	42	RESP=1
1012910	42	STIM=9
1017145	42	RESP=2
1028350	42	STIM=7
1033380	42	RESP=2
1043542	42	STIM=c
1048619	42	RESP=1
1061489	42	STIM=j
1067723	42	RESP=1
1078104	42	STIM=x
1083194	42	RESP=1
1093192	42	STIM=s
1098905	42	RESP=1
1110172	42	STIM=6
1117560	42	RESP=2
1127136	42	STIM=u
1130277	42	RESP=1
1144235	42	STIM=p
1152102	42	RESP=1
1159517	42	STIM=p
1165365	42	RESP=1
1174588	42	STIM=4
1179904	42	RESP=2
1191954	42	STIM=l
1199949	42	RESP=1
1208999	42	STIM=z
1215404	42	RESP=1
1224882	42	STIM=z
1234042	42	RESP=1
1242257	42	STIM=p
1248751	42	RESP=1
1257482	42	STIM=r
1262024	42	RESP=1
1273494	42	STIM=9
1281417	42	RESP=2
1291200	42	STIM=x
1296227	42	RESP=1
1309473	42	STIM=5
1317100	42	RESP=2
1327008	42	STIM=7
1333618	42	RESP=2
1343766	42	STIM=t
1347132	42	RESP=1
1362567	42	STIM=x
1366134	42	RESP=1
1381323	42	STIM=x
1390155	42	RESP=2
1398572	42	STIM=z
1403503	42	RESP=1
1414765	42	STIM=j
1423091	42	RESP=1
1430870	42	STIM=a
1434690	42	RESP=1
1447375	42	STIM=s
1451759	42	RESP=1
1463225	42	STIM=w
1468478	42	RESP=1
1478276	42	STIM=i
1486389	42	RESP=1
1493798	42	STIM=p
1498048	42	RESP=1
1512587	42	STIM=c
1519047	42	RESP=1
1530325	42	STIM=8
1536444	42	RESP=2
1546172	42	STIM=w
1555444	42	RESP=1
1561273	42	STIM=l
1567808	42	RESP=1
1577401	42	STIM=c
1582548	42	RESP=1
1592594	42	STIM=0
1599970	42	RESP=2
1607782	42	STIM=t
1612635	42	RESP=1
1625943	42	STIM=s
1630023	42	RESP=1
1642587	42	STIM=x
1647431	42	RESP=1
1660246	42	STIM=p
1663668	42	RESP=1
1676081	42	STIM=e
1679978	42	RESP=1
1692688	42	STIM=z
1696503	42	RESP=1
1708755	42	STIM=e
1712750	42	RESP=1
1724616	42	STIM=g
1730431	42	RESP=1
1742988	42	STIM=j
1750189	42	RESP=1
1760758	42	STIM=c
1767623	42	RESP=1
1776785	42	STIM=o
1783759	42	RESP=1
1793196	42	STIM=m
1800228	42	RESP=1
1809926	42	STIM=z
1814820	42	RESP=1
1827644	42	STIM=l
1835286	42	RESP=1
1845775	42	STIM=p
1849223	42	RESP=1
1864701	42	STIM=r
1872724	42	RESP=1
1879752	42	STIM=5
1888731	42	RESP=2
1897031	42	STIM=i
1904719	42	RESP=1
1912318	42	STIM=8
1918796	42	RESP=2
1931203	42	STIM=k
1937276	42	RESP=1
1947353	42	STIM=y
1950877	42	RESP=1
1965224	42	STIM=p
1971282	42	RESP=1
1980428	42	STIM=4
1984689	42	RESP=1
1996231	42	STIM=1
2004381	42	RESP=2
2014330	42	STIM=b
2020004	42	RESP=1
2029676	42	STIM=b
2038221	42	RESP=2
2048534	42	STIM=0
2056157	42	RESP=2
2066232	42	STIM=t
2070062	42	RESP=1
2083281	42	STIM=v
2086157	42	RESP=1
2099768	42	STIM=b
2107434	42	RESP=1
2117412	42	STIM=d
2124349	42	RESP=1
2134057	42	STIM=5
2137763	42	RESP=2
2151659	42	STIM=p
2155774	42	RESP=2
2166786	42	STIM=p
2172277	42	RESP=1
2183476	42	STIM=m
2188920	42	RESP=1
2201776	42	STIM=z
2208247	42	RESP=1
2217889	42	STIM=u
2222115	42	RESP=1
2235593	42	STIM=0
2240992	42	RESP=2
2253479	42	STIM=w
2259339	42	RESP=1
2270525	42	STIM=z
2276681	42	RESP=1
2285638	42	STIM=l
2291136	42	RESP=1
2304140	42	STIM=d
2310012	42	RESP=1
2321776	42	STIM=7
2328799	42	RESP=1
2337710	42	STIM=y
2344580	42	RESP=1
2354992	42	STIM=n
2361554	42	RESP=1
2371888	42	STIM=l
2377236	42	RESP=2
2387965	42	STIM=g
2392500	42	RESP=1
2405241	42	STIM=j
2409898	42	RESP=1
2420734	42	STIM=o
2428312	42	RESP=2
2436398	42	STIM=x
2441305	42	RESP=1
2452553	42	STIM=z
2457176	42	RESP=1
2468123	42	STIM=d
2473879	42	RESP=1
2484835	42	STIM=g
2490531	42	RESP=1
2502677	42	STIM=d
2515997	42	RESP=1
2519562	42	STIM=g
2523776	42	RESP=1
2534934	42	STIM=g
2542913	42	RESP=1
2550574	42	STIM=c
2556080	42	RESP=1
2567844	42	STIM=f
2574018	42	RESP=1
2583197	42	STIM=t
2587308	42	RESP=1
2601537	42	STIM=7
2605577	42	RESP=2
2617166	42	STIM=4
2623738	42	RESP=2
2632685	42	STIM=s
2636124	42	RESP=1
2649272	42	STIM=u
2651994	42	RESP=1
2664366	42	STIM=0
2670275	42	RESP=2
2680904	42	STIM=a
2685632	42	RESP=1
2697567	42	STIM=0
2705208	42	RESP=2
2714181	42	STIM=g
2717742	42	RESP=1
2733142	42	STIM=6
2737119	42	RESP=2
2749229	42	STIM=h
2754013	42	RESP=1
2766674	42	STIM=2
2771936	42	RESP=2
2783761	42	STIM=g
2789951	42	RESP=1
2799178	42	STIM=u
2807844	42	RESP=1
2817519	42	STIM=t
2826128	42	RESP=1
2833006	42	STIM=p
2840000	42	RESP=1
2850685	42	STIM=p
2855023	42	RESP=1
2867075	42	STIM=n
2870847	42	RESP=1
2883610	42	STIM=9
2887989	42	RESP=2
2901563	42	STIM=3
2908637	42	RESP=2
2918653	42	STIM=x
2925414	42	RESP=1
2936128	42	STIM=f
2943575	42	RESP=2
2953207	42	STIM=9
2957370	42	RESP=2
2970813	42	STIM=6
2975948	42	RESP=2
2987107	42	STIM=j
2996356	42	RESP=1
3005370	42	STIM=z
3010911	42	RESP=1
3022733	42	STIM=x
3029435	42	RESP=1
3038200	42	STIM=l
3042745	42	RESP=1
3055357	42	STIM=l
3061411	42	RESP=1
3071968	42	STIM=m
3081522	42	RESP=1
3087388	42	STIM=c
3092966	42	RESP=1
3103692	42	STIM=i
3107716	42	RESP=2
3120203	42	STIM=u
3124501	42	RESP=1
3135966	42	STIM=z
3141413	42	RESP=1
3153631	42	STIM=a
3159512	42	RESP=2
3169894	42	STIM=z
3173889	42	RESP=1
3184952	42	STIM=i
3189623	42	RESP=1
3200310	42	STIM=s
3202841	42	RESP=1
3217649	42	STIM=v
3222644	42	RESP=1
3234253	42	STIM=2
3243314	42	RESP=1
3249375	42	STIM=p
3255101	42	RESP=1
3266563	42	STIM=k
3272944	42	RESP=1
3282883	42	STIM=h
3288827	42	RESP=1
3298469	42	STIM=9
3303660	42	RESP=2
3315696	42	STIM=6
3320200	42	RESP=2
3332531	42	STIM=k
3338903	42	RESP=1
3349978	42	STIM=n
3354151	42	RESP=1
3365897	42	STIM=k
3369994	42	RESP=1
3381783	42	STIM=i
3386492	42	RESP=1
3397181	42	STIM=4
3405202	42	RESP=2
3415508	42	STIM=c
3421785	42	RESP=1
3432491	42	STIM=u
3437196	42	RESP=1
3447692	42	STIM=o
3451400	42	RESP=1
3464248	42	STIM=t
3473940	42	RESP=1
3482156	42	STIM=3
3486775	42	RESP=1
3500548	42	STIM=4
3507128	42	RESP=2
3516837	42	STIM=j
3524962	42	RESP=1
3534145	42	STIM=6
3539895	42	RESP=2
3549558	42	STIM=e
3555006	42	RESP=1
3566133	42	STIM=u
3573048	42	RESP=1
3583762	42	STIM=j
3592584	42	RESP=1
3602030	42	STIM=g
3604957	42	RESP=1
3619411	42	STIM=5
3626715	42	RESP=2
3637573	42	STIM=s
3642084	42	RESP=1
3655503	42	STIM=6
3663059	42	RESP=2
3672928	42	STIM=8
3680238	42	RESP=2
3691530	42	STIM=o
3697857	42	RESP=1
3706955	42	STIM=j
3715965	42	RESP=1
3723345	42	STIM=x
3732674	42	RESP=1
3741011	42	STIM=y
3745328	42	RESP=1
3758248	42	STIM=h
3765158	42	RESP=1
3775943	42	STIM=q
3789302	42	RESP=1
3793386	42	STIM=l
3797721	42	RESP=1
3808638	42	STIM=x
3816831	42	RESP=1
3826112	42	STIM=b
3831266	42	RESP=1
3843233	42	STIM=6
3847895	42	RESP=1
3859120	42	STIM=b
3862411	42	RESP=2
3874717	42	STIM=f
3879615	42	RESP=1
3891279	42	STIM=p
3902282	42	RESP=1
3908412	42	STIM=q
3913795	42	RESP=1
3926240	42	STIM=g
3933648	42	RESP=1
3941760	42	STIM=h
3947080	42	RESP=1
3958976	42	STIM=f
3962672	42	RESP=1
3976265	42	STIM=t
3984857	42	RESP=1
3995004	42	STIM=a
3999248	42	RESP=1
4011155	42	STIM=o
4016715	42	RESP=1
4026764	42	STIM=s
4031396	42	RESP=1
4042711	42	STIM=t
4047131	42	RESP=1
4061333	42	STIM=4
4066361	42	RESP=2
4078728	42	STIM=o
4092575	42	RESP=1
4095755	42	STIM=h
4100384	42	RESP=1
4114315	42	STIM=t
4121355	42	RESP=1
4129377	42	STIM=l
4137155	42	RESP=1
4147202	42	STIM=i
4150305	42	RESP=1
4165477	42	STIM=c
4168647	42	RESP=1
4180516	42	STIM=c
4185750	42	RESP=1
4197546	42	STIM=7
4209086	42	RESP=2
4216093	42	STIM=z
4221905	42	RESP=1
4232329	42	STIM=m
4242128	42	RESP=1
4250805	42	STIM=0
4258534	42	RESP=2
4269242	42	STIM=f
4275155	42	RESP=1
4284625	42	STIM=i
4290451	42	RESP=2
4300327	42	STIM=5
4304962	42	RESP=1
4319071	42	STIM=1
4327209	42	RESP=2
4336272	42	STIM=l
4341159	42	RESP=1
4352311	42	STIM=g
4361033	42	RESP=1
4369343	42	STIM=5
4377632	42	RESP=2
4387290	42	STIM=x
4394689	42	RESP=1
4404242	42	STIM=m
4410845	42	RESP=1
4422880	42	STIM=n
4427117	42	RESP=1
4441091	42	STIM=p
4449977	42	RESP=1
4458816	42	STIM=l
4463990	42	RESP=1
4474334	42	STIM=z
4479680	42	RESP=1
4492048	42	STIM=b
4501315	42	RESP=1
4508448	42	STIM=g
4518196	42	RESP=1
4526648	42	STIM=i
4532663	42	RESP=1
4544068	42	STIM=n
4554197	42	RESP=1
4561316	42	STIM=r
4567941	42	RESP=1
4576384	42	STIM=x
4581451	42	RESP=1
4594532	42	STIM=b
4598565	42	RESP=1
4613030	42	STIM=r
4618834	42	RESP=1
4631439	42	STIM=b
4639202	42	RESP=1
4648893	42	STIM=t
4655495	42	RESP=1
4664212	42	STIM=m
4674665	42	RESP=1
4680608	42	STIM=z
4684128	42	RESP=1
4696582	42	STIM=8
4701038	42	RESP=2
4713726	42	STIM=c
4720970	42	RESP=1
4731111	42	STIM=2
4737773	42	RESP=2
4746725	42	STIM=w
4756130	42	RESP=1
4762344	42	STIM=u
4766336	42	RESP=1
4777527	42	STIM=u
4784228	42	RESP=1
4794944	42	STIM=1
4799160	42	RESP=1
4810990	42	STIM=u
4822609	42	RESP=1
4828989	42	STIM=l
4833805	42	RESP=1
4844064	42	STIM=l
4851473	42	RESP=1
4862536	42	STIM=a
4866413	42	RESP=1
4880941	42	STIM=o
4885587	42	RESP=2
4899652	42	STIM=u
4903201	42	RESP=1
4918335	42	STIM=p
4921365	42	RESP=1
4935441	42	STIM=v
4940503	42	RESP=1
4951142	42	STIM=6
4955481	42	RESP=2
4967393	42	STIM=j
4972257	42	RESP=1
4982922	42	STIM=9
4990395	42	RESP=2
4999104	42	STIM=c
5003325	42	RESP=1
5014747	42	STIM=j
5019350	42	RESP=1
5031411	42	STIM=4
5037298	42	RESP=2
5047728	42	STIM=p
5056466	42	RESP=1
5063114	42	STIM=l
5068222	42	RESP=1
5082046	42	STIM=e
5085535	42	RESP=1
5099707	42	STIM=1
5106364	42	RESP=2
5115130	42	STIM=y
5118937	42	RESP=1
5133482	42	STIM=z
5137711	42	RESP=1
5149600	42	STIM=7
5156285	42	RESP=2
5166656	42	STIM=h
5173546	42	RESP=1
5185601	42	STIM=f
5192237	42	RESP=1
5201069	42	STIM=t
5205052	42	RESP=1
5216540	42	STIM=7
5222219	42	RESP=2
5233435	42	STIM=s
5239652	42	RESP=1
5250697	42	STIM=3
5255562	42	RESP=2
5265931	42	STIM=e
5271789	42	RESP=1
5281343	42	STIM=r
5286439	42	RESP=1
5299416	42	STIM=2
5305351	42	RESP=1
5316088	42	STIM=8
5321220	42	RESP=2
5334017	42	STIM=l
5336727	42	RESP=1
5351902	42	STIM=s
5355753	42	RESP=1
5369528	42	STIM=3
5376767	42	RESP=2
5388282	42	STIM=v
5396462	42	RESP=1
5405554	42	STIM=0
5414633	42	RESP=2
5424534	42	STIM=h
5430232	42	RESP=1
5440545	42	STIM=k
5446478	42	RESP=1
5455807	42	STIM=b
5459634	42	RESP=1
5473019	42	STIM=1
5479802	42	RESP=2
5488539	42	STIM=4
5495593	42	RESP=2
5505092	42	STIM=2
5513533	42	RESP=2
5522537	42	STIM=q
5529969	42	RESP=1
5538303	42	STIM=x
5541497	42	RESP=1
5556159	42	STIM=y
5561331	42	RESP=1
5572172	42	STIM=n
5577943	42	RESP=1
5587442	42	STIM=f
5592175	42	RESP=1
5602821	42	STIM=g
5607804	42	RESP=1
5621552	42	STIM=v
5625136	42	RESP=1
5637640	42	STIM=k
5642410	42	RESP=1
5653859	42	STIM=v
5658403	42	RESP=1
5672097	42	STIM=f
5678026	42	RESP=1
5689089	42	STIM=i
5693404	42	RESP=1
5707004	42	STIM=t
5715493	42	RESP=1
5722683	42	STIM=5
5728452	42	RESP=2
5741332	42	STIM=f
5743795	42	RESP=1
5756939	42	STIM=s
5761559	42	RESP=1
5775075	42	STIM=m
5779951	42	RESP=1
5793368	42	STIM=c
5797522	42	RESP=1
5808431	42	STIM=u
5815251	42	RESP=2
5826309	42	STIM=t
5833579	42	RESP=1
5842910	42	STIM=l
5851115	42	RESP=1
5859055	42	STIM=d
5862636	42	RESP=1
5874158	42	STIM=k
5880163	42	RESP=1
5889186	42	STIM=0
5895699	42	RESP=1
5906568	42	STIM=z
5909971	42	RESP=1
5925437	42	STIM=n
5928536	42	RESP=1
5942434	42	STIM=9
5947576	42	RESP=2
5961095	42	STIM=g
5966500	42	RESP=1
5979011	42	STIM=0
5984542	42	RESP=2
5994725	42	STIM=t
6003466	42	RESP=1
6011020	42	STIM=b
6015950	42	RESP=1
6029996	42	STIM=f
6034889	42	RESP=1
6045423	42	STIM=v
6050054	42	RESP=1
6060614	42	STIM=e
6063851	42	RESP=1
6077672	42	STIM=q
6082384	42	RESP=1
6093055	42	STIM=1
6101602	42	RESP=2
6109705	42	STIM=s
6113625	42	RESP=1
6128111	42	STIM=e
6135904	42	RESP=1
6144903	42	STIM=k
6153475	42	RESP=1
6160398	42	STIM=6
6165684	42	RESP=2
6178611	42	STIM=r
6185855	42	RESP=1
6194777	42	STIM=j
6204817	42	RESP=1
6212332	42	STIM=u
6217609	42	RESP=1
6228907	42	STIM=s
6235824	42	RESP=1
6247424	42	STIM=b
6251450	42	RESP=1
6264564	42	STIM=z
6268501	42	RESP=1
6279993	42	STIM=0
6284492	42	RESP=2
6297670	42	STIM=0
6305299	42	RESP=2
6313872	42	STIM=9
6323029	42	RESP=1
6332654	42	STIM=7
6338033	42	RESP=2
6349017	42	STIM=e
6356190	42	RESP=1
6366183	42	STIM=y
6370406	42	RESP=1
6382069	42	STIM=d
6385685	42	RESP=1
6399179	42	STIM=b
6405936	42	RESP=1
6417246	42	STIM=y
6421506	42	RESP=1
6435811	42	STIM=s
6443375	42	RESP=1
6454027	42	STIM=p
6464300	42	RESP=1
6472291	42	STIM=e
6477727	42	RESP=1
6489300	42	STIM=f
6495094	42	RESP=1
6505252	42	STIM=j
6512287	42	RESP=1
6523825	42	STIM=u
6528833	42	RESP=1
6541112	42	STIM=2
6548326	42	RESP=2
6559628	42	STIM=l
6567011	42	RESP=1
6578091	42	STIM=t
6586250	42	RESP=2
6595791	42	STIM=5
6603840	42	RESP=2
6611217	42	STIM=p
6614952	42	RESP=1
6630066	42	STIM=i
6640001	42	RESP=1
6646998	42	STIM=v
6652648	42	RESP=1
6663705	42	STIM=g
6669143	42	RESP=1
6679512	42	STIM=z
6683005	42	RESP=2
6697755	42	STIM=i
6703528	42	RESP=1
6713150	42	STIM=w
6722047	42	RESP=1
6731755	42	STIM=o
6740428	42	RESP=1
6748023	42	STIM=e
6751779	42	RESP=1
6763711	42	STIM=a
6768048	42	RESP=1
6782678	42	STIM=z
6790480	42	RESP=1
6800506	42	STIM=k
6805113	42	RESP=1
6816658	42	STIM=z
6826363	42	RESP=1
6832710	42	STIM=t
6837903	42	RESP=1
6850997	42	STIM=q
6857060	42	RESP=1
6866915	42	STIM=r
6872385	42	RESP=1
6883610	42	STIM=t
6888525	42	RESP=1
6898877	42	STIM=g
6906262	42	RESP=1
6915920	42	STIM=a
6926020	42	RESP=1
6931000	42	STIM=b
6934921	42	RESP=1
6948444	42	STIM=u
6951816	42	RESP=1
6964598	42	STIM=b
6971694	42	RESP=1
6982799	42	STIM=p
6987996	42	RESP=1
6999563	42	STIM=z
7003442	42	RESP=1
7018398	42	STIM=l
7024518	42	RESP=1
7035603	42	STIM=i
7043688	42	RESP=1
7053159	42	STIM=y
7057561	42	RESP=1
7071631	42	STIM=v
7074794	42	RESP=1
7087385	42	STIM=r
7095637	42	RESP=1
7102550	42	STIM=e
7106398	42	RESP=1
7119254	42	STIM=e
7125444	42	RESP=1
7137985	42	STIM=o
7144828	42	RESP=1
7153559	42	STIM=w
7158683	42	RESP=1
7169970	42	STIM=c
7175479	42	RESP=1
7186176	42	STIM=c
7190358	42	RESP=1
7205025	42	STIM=4
7209418	42	RESP=2
7221425	42	STIM=r
7226513	42	RESP=1
7239589	42	STIM=5
7247820	42	RESP=2
7254630	42	STIM=i
7259825	42	RESP=1
7273509	42	STIM=k
7281152	42	RESP=1
7290732	42	STIM=9
7299601	42	RESP=2
7306932	42	STIM=v
7310758	42	RESP=1
7321983	42	STIM=w
7326347	42	RESP=1
7337621	42	STIM=5
7341891	42	RESP=2
7355415	42	STIM=9
7361863	42	RESP=2
7371087	42	STIM=7
7376175	42	RESP=2
7386956	42	STIM=t
7393389	42	RESP=1
7405436	42	STIM=q
7413272	42	RESP=1
7424372	42	STIM=n
7428908	42	RESP=1
7441942	42	STIM=t
7453906	42	RESP=1
7459949	42	STIM=p
7463880	42	RESP=1
7478431	42	STIM=d
7486748	42	RESP=1
7494216	42	STIM=o
7500859	42	RESP=1
7512516	42	STIM=v
7516661	42	RESP=1
7531302	42	STIM=v
7535439	42	RESP=1
7549273	42	STIM=k
7555546	42	RESP=1
7567833	42	STIM=b
7572973	42	RESP=1
7583956	42	STIM=4
7592841	42	RESP=2
7601984	42	STIM=d
7606183	42	RESP=1
7617440	42	STIM=l
7623036	42	RESP=1
7632885	42	STIM=v
7637827	42	RESP=1
7649663	42	STIM=k
7656952	42	RESP=1
7666673	42	STIM=q
7672312	42	RESP=2
7683551	42	STIM=g
7690303	42	RESP=1
7700495	42	STIM=u
7704949	42	RESP=1
7716845	42	STIM=q
7723904	42	RESP=1
7732768	42	STIM=j
7736559	42	RESP=1
7749751	42	STIM=6
7758280	42	RESP=2
7766581	42	STIM=c
7770278	42	RESP=1
7783688	42	STIM=f
7788958	42	RESP=1
7802108	42	STIM=6
7808338	42	RESP=2
7820915	42	STIM=f
7826691	42	RESP=2
7837903	42	STIM=t
7842983	42	RESP=1
7853445	42	STIM=u
7857213	42	RESP=1
7869679	42	STIM=7
7874831	42	RESP=2
7884975	42	STIM=8
7888860	42	RESP=2
7901748	42	STIM=a
7908000	42	RESP=1
7919246	42	STIM=3
7924764	42	RESP=2
7937555	42	STIM=v
7943540	42	RESP=1
7953741	42	STIM=4
7960241	42	RESP=1
7972556	42	STIM=x
7976581	42	RESP=1
7989203	42	STIM=r
7993440	42	RESP=1
8006146	42	STIM=m
8009817	42	RESP=1
8023261	42	STIM=q
8027003	42	RESP=1
8041838	42	STIM=o
8046217	42	RESP=1
8059879	42	STIM=h
8063854	42	RESP=1
8078280	42	STIM=w
8082302	42	RESP=1
8094828	42	STIM=d
8097818	42	RESP=1
8110123	42	STIM=m
8117816	42	RESP=1
8127850	42	STIM=q
8130748	42	RESP=1
8146816	42	STIM=6
8153047	42	RESP=2
8163778	42	STIM=2
8168885	42	RESP=2
8179859	42	STIM=s
8184845	42	RESP=1
8198493	42	STIM=9
8205920	42	RESP=2
8216966	42	STIM=q
8226164	42	RESP=1
8233925	42	STIM=s
8240870	42	RESP=1
8250136	42	STIM=l
8253155	42	RESP=1
8265192	42	STIM=d
8268912	42	RESP=1
8284110	42	STIM=g
8288036	42	RESP=1
8300669	42	STIM=h
8304994	42	RESP=1
8316715	42	STIM=x
8321038	42	RESP=1
8332520	42	STIM=x
8335802	42	RESP=1
8349129	42	STIM=a
8354513	42	RESP=1
8365299	42	STIM=i
8372623	42	RESP=1
8381251	42	STIM=w
8387968	42	RESP=1
8399217	42	STIM=n
8402378	42	RESP=1
8417640	42	STIM=z
8422268	42	RESP=1
8432935	42	STIM=w
8435819	42	RESP=1
8449990	42	STIM=o
8453462	42	RESP=1
8466695	42	STIM=2
8471589	42	RESP=2
8483839	42	STIM=0
8492402	42	RESP=2
8500606	42	STIM=q
8507074	42	RESP=1
8516739	42	STIM=4
8521610	42	RESP=2
8535567	42	STIM=q
8542749	42	RESP=1
8551521	42	STIM=g
8558603	42	RESP=1
8566589	42	STIM=u
8571062	42	RESP=1
8581957	42	STIM=s
8586549	42	RESP=1
8599705	42	STIM=s
8605827	42	RESP=1
8618297	42	STIM=j
8623373	42	RESP=1
8634601	42	STIM=3
8639978	42	RESP=1
8651981	42	STIM=f
8659209	42	RESP=1
8670447	42	STIM=c
8673631	42	RESP=1
8688217	42	STIM=n
8694454	42	RESP=1
8706775	42	STIM=0
8716790	42	RESP=2
8723213	42	STIM=2
8728367	42	RESP=1
8740068	42	STIM=b
8748762	42	RESP=1
8758558	42	STIM=l
8762183	42	RESP=1
8777308	42	STIM=x
8781869	42	RESP=1
8792550	42	STIM=1
8799082	42	RESP=2
8809806	42	STIM=z
8812719	42	RESP=1
8827110	42	STIM=v
8834431	42	RESP=1
8842717	42	STIM=p
8846039	42	RESP=1
8860045	42	STIM=o
8867185	42	RESP=1
8876475	42	STIM=i
8883916	42	RESP=1
8894314	42	STIM=o
8897791	42	RESP=1
8911878	42	STIM=e
8917715	42	RESP=1
8928929	42	STIM=a
8933430	42	RESP=1
8945198	42	STIM=v
8951983	42	RESP=1
8962654	42	STIM=k
8967095	42	RESP=1
8979938	42	STIM=a
8985308	42	RESP=2
8995249	42	STIM=q
9002870	42	RESP=1
9011602	42	STIM=7
9018659	42	RESP=2
9027264	42	STIM=3
9032369	42	RESP=2
9045576	42	STIM=3
9049442	42	RESP=2
9064200	42	STIM=v
9070187	42	RESP=1
9079434	42	STIM=y
9086958	42	RESP=1
9094738	42	STIM=7
9101233	42	RESP=2
9110713	42	STIM=f
9117547	42	RESP=1
9126067	42	STIM=2
9131681	42	RESP=2
9144784	42	STIM=8
9149385	42	RESP=2
9161282	42	STIM=n
9164906	42	RESP=1
9176979	42	STIM=q
9182337	42	RESP=1
9195819	42	STIM=u
9200736	42	RESP=1
9213694	42	STIM=b
9217050	42	RESP=1
9231981	42	STIM=p
9239576	42	RESP=1
9247130	42	STIM=l
9254601	42	RESP=1
9263532	42	STIM=c
9267062	42	RESP=1
9281482	42	STIM=q
9292123	42	RESP=1
9300426	42	STIM=w
9308067	42	RESP=1
9318245	42	STIM=8
9322858	42	RESP=2
9335518	42	STIM=m
9341489	42	RESP=1
9353148	42	STIM=9
9362590	42	RESP=2
9368890	42	STIM=f
9374158	42	RESP=1
9384153	42	STIM=l
9391652	42	RESP=1
9400958	42	STIM=y
9406234	42	RESP=1
9419176	42	STIM=e
9422869	42	RESP=1
9437450	42	STIM=d
9445977	42	RESP=1
9454095	42	STIM=y
9465328	42	RESP=2
9472770	42	STIM=e
9480910	42	RESP=1
9490771	42	STIM=c
9498457	42	RESP=1
9509086	42	STIM=g
9514679	42	RESP=1
9524816	42	STIM=7
9530132	42	RESP=2
9543562	42	STIM=t
9547221	42	RESP=1
9559094	42	STIM=7
9567003	42	RESP=2
9574679	42	STIM=o
9579358	42	RESP=1
9590491	42	STIM=t
9595959	42	RESP=1
9606502	42	STIM=j
9610031	42	RESP=1
9624767	42	STIM=0
9629962	42	RESP=2
9639984	42	STIM=i
9643588	42	RESP=1
9656155	42	STIM=j
9663305	42	RESP=1
9674233	42	STIM=p
9677331	42	RESP=1
9691978	42	STIM=r
9696107	42	RESP=1
9710166	42	STIM=b
9717287	42	RESP=1
9728533	42	STIM=s
9735406	42	RESP=1
9744124	42	STIM=t
9751673	42	RESP=1
9759741	42	STIM=j
9763869	42	RESP=1
9775990	42	STIM=j
9778699	42	RESP=1
9792169	42	STIM=l
9805225	42	RESP=1
9810220	42	STIM=2
9820632	42	RESP=1
9825548	42	STIM=7
9830758	42	RESP=2
9841621	42	STIM=d
9851472	42	RESP=1
9858307	42	STIM=x
9861927	42	RESP=1
9875527	42	STIM=0
9881165	42	RESP=2
9893987	42	STIM=i
9898632	42	RESP=1
9910593	42	STIM=r
9915660	42	RESP=1
9928266	42	STIM=o
9932341	42	RESP=1
9946771	42	STIM=r
9951918	42	RESP=1
9962408	42	STIM=p
9967603	42	RESP=1
9980505	42	STIM=j
9984200	42	RESP=1
9997655	42	STIM=j
10008208	42	RESP=1
10013538	42	STIM=q
10018961	42	RESP=1
10032111	42	STIM=e
10038132	42	RESP=1
10048650	42	STIM=1
10055049	42	RESP=2
10064785	42	STIM=a
10072278	42	RESP=1
10081807	42	STIM=d
10091038	42	RESP=1
10097714	42	STIM=9
10102814	42	RESP=2
10115380	42	STIM=w
10120074	42	RESP=1
10130526	42	STIM=0
10137031	42	RESP=2
10147013	42	STIM=g
10155394	42	RESP=2
10164044	42	STIM=a
10169779	42	RESP=1
10181540	42	STIM=t
10186069	42	RESP=1
10198232	42	STIM=s
10203204	42	RESP=2
10215179	42	STIM=m
10219419	42	RESP=1
10231788	42	STIM=x
10238138	42	RESP=1
10248567	42	STIM=y
10259431	42	RESP=1
10266230	42	STIM=3
10278303	42	RESP=2
10284294	42	STIM=1
10289749	42	RESP=2
10303090	42	STIM=f
10306442	42	RESP=1
10320881	42	STIM=i
10330834	42	RESP=1
10338799	42	STIM=o
10342458	42	RESP=1
10357026	42	STIM=k
10361338	42	RESP=1
10374949	42	STIM=f
10379264	42	RESP=1
10393352	42	STIM=b
10397657	42	RESP=1
10410704	42	STIM=o
10417151	42	RESP=1
10428704	42	STIM=4
10435788	42	RESP=2
10443961	42	STIM=p
10450085	42	RESP=1
10462304	42	STIM=w
10467671	42	RESP=1
10478444	42	STIM=s
10482761	42	RESP=1
10496438	42	STIM=f
10502587	42	RESP=1
10512129	42	STIM=k
10524017	42	RESP=1
10527945	42	STIM=s
10536114	42	RESP=1
10546075	42	STIM=n
10550192	42	RESP=1
10563922	42	STIM=m
10568603	42	RESP=1
10582792	42	STIM=4
10589035	42	RESP=1
10600758	42	STIM=z
10604351	42	RESP=1
10619584	42	STIM=l
10625199	42	RESP=1
10636734	42	STIM=x
10640982	42	RESP=1
10653265	42	STIM=c
10657763	42	RESP=1
10672069	42	STIM=i
10678438	42	RESP=1
10688821	42	STIM=q
10693497	42	RESP=1
10705341	42	STIM=v
10711197	42	RESP=1
10722835	42	STIM=w
10730176	42	RESP=1
10739681	42	STIM=o
10752892	42	RESP=2
10757046	42	STIM=m
10763959	42	RESP=1
10774434	42	STIM=y
10781990	42	RESP=1
10792293	42	STIM=j
10798816	42	RESP=1
10809573	42	STIM=r
10815085	42	RESP=1
10825638	42	STIM=f
10830183	42	RESP=1
10843146	42	STIM=u
10847194	42	RESP=1
10861991	42	STIM=g
10867699	42	RESP=1
10879054	42	STIM=k
10883742	42	RESP=1
10896550	42	STIM=m
10900507	42	RESP=1
10914456	42	STIM=1
10924610	42	RESP=2
10930670	42	STIM=0
10935146	42	RESP=2
10949041	42	STIM=n
10953516	42	RESP=1
10967417	42	STIM=b
10974225	42	RESP=1
10983841	42	STIM=i
10989684	42	RESP=1
11000736	42	STIM=g
11004410	42	RESP=1
11019342	42	STIM=9
11028708	42	RESP=2
11036215	42	STIM=z
11046244	42	RESP=1
11051555	42	STIM=4
11058204	42	RESP=2
11067110	42	STIM=q
11070224	42	RESP=1
11085921	42	STIM=2
11092867	42	RESP=1
11102162	42	STIM=m
11105674	42	RESP=1
11118113	42	STIM=m
11124923	42	RESP=1
11135038	42	STIM=c
11141106	42	RESP=1
11150519	42	STIM=x
11155121	42	RESP=2
11168197	42	STIM=u
11179124	42	RESP=1
11183853	42	STIM=r
11191171	42	RESP=1
11200544	42	STIM=v
11206533	42	RESP=1
11216736	42	STIM=i
11228977	42	RESP=1
11235327	42	STIM=t
11242189	42	RESP=1
11254082	42	STIM=z
11258562	42	RESP=1
11270782	42	STIM=2
11277770	42	RESP=2
11286030	42	STIM=i
11291646	42	RESP=1
11304867	42	STIM=d
11314592	42	RESP=1
11321958	42	STIM=z
11333681	42	RESP=1
11339680	42	STIM=e
11344102	42	RESP=2
11356451	42	STIM=h
11361943	42	RESP=1
11374270	42	STIM=y
11379762	42	RESP=1
11391872	42	STIM=d
11399700	42	RESP=1
11407357	42	STIM=q
11411783	42	RESP=1
11424241	42	STIM=v
11430480	42	RESP=1
11439823	42	STIM=s
11444226	42	RESP=1
11455432	42	STIM=l
11461487	42	RESP=1
11474273	42	STIM=h
11478721	42	RESP=1
11491447	42	STIM=2
11496832	42	RESP=2
11507374	42	STIM=s
11511980	42	RESP=1
11525822	42	STIM=m
11534468	42	RESP=1
11542178	42	STIM=e
11549041	42	RESP=1
11559171	42	STIM=i
11565212	42	RESP=1
11577438	42	STIM=0
11585311	42	RESP=2
11594238	42	STIM=l
11599167	42	RESP=2
11611449	42	STIM=x
11622040	42	RESP=1
11628672	42	STIM=1
11635256	42	RESP=2
11644452	42	STIM=x
11650533	42	RESP=1
11661882	42	STIM=b
11671941	42	RESP=2
11677970	42	STIM=u
11683406	42	RESP=2
11696692	42	STIM=t
11701405	42	RESP=1
11715464	42	STIM=j
11720028	42	RESP=1
11731679	42	STIM=c
11735383	42	RESP=1
11748749	42	STIM=g
11754800	42	RESP=1
11765164	42	STIM=b
11772718	42	RESP=1
11782494	42	STIM=b
11790782	42	RESP=1
11798111	42	STIM=x
11804546	42	RESP=1
11813964	42	STIM=b
11817346	42	RESP=1
11829213	42	STIM=8
11833094	42	RESP=1
11847299	42	STIM=p
11853339	42	RESP=1
11862875	42	STIM=z
11869162	42	RESP=1
11878554	42	STIM=x
11883868	42	RESP=1
11895286	42	STIM=l
11900298	42	RESP=1
11911748	42	STIM=w
11914726	42	RESP=1
11928200	42	STIM=5
11936321	42	RESP=2
11944238	42	STIM=u
11951612	42	RESP=1
11961499	42	STIM=e
11965011	42	RESP=1
11980168	42	STIM=z
11985466	42	RESP=1
11995550	42	STIM=l
12000920	42	RESP=1
12013064	42	STIM=d
12020166	42	RESP=1
12031546	42	STIM=i
12037862	42	RESP=1
12049985	42	STIM=n
12056057	42	RESP=1
12065775	42	STIM=t
12071022	42	RESP=1
12083891	42	STIM=h
12088603	42	RESP=1
12100972	42	STIM=f
12108693	42	RESP=1
12118149	42	STIM=q
12123867	42	RESP=1
12133509	42	STIM=l
12138038	42	RESP=1
12151911	42	STIM=w
12155584	42	RESP=1
12167371	42	STIM=g
12173371	42	RESP=1
12185228	42	STIM=j
12196308	42	RESP=1
12200881	42	STIM=p
12211577	42	RESP=1
12219422	42	STIM=0
12227359	42	RESP=2
12234798	42	STIM=w
12240082	42	RESP=1
12253508	42	STIM=r
12259219	42	RESP=1
12272103	42	STIM=6
12279583	42	RESP=1
12290096	42	STIM=e
12303701	42	RESP=1
12306446	42	STIM=e
12314522	42	RESP=1
12321677	42	STIM=i
12327090	42	RESP=1
12339072	42	STIM=i
12345292	42	RESP=1
12354197	42	STIM=m
12358465	42	RESP=1
12372216	42	STIM=q
12377802	42	RESP=1
12390105	42	STIM=i
12394033	42	RESP=1
12406651	42	STIM=i
12414337	42	RESP=1
12423401	42	STIM=b
12433222	42	RESP=1
12442124	42	STIM=n
12446460	42	RESP=1
12460816	42	STIM=a
12465595	42	RESP=1
12476072	42	STIM=0
12487298	42	RESP=1
12492261	42	STIM=x
12497334	42	RESP=1
12508378	42	STIM=3
12515946	42	RESP=2
12525244	42	STIM=b
12530899	42	RESP=1
12543384	42	STIM=v
12547047	42	RESP=1
12561481	42	STIM=o
12565156	42	RESP=1
12576929	42	STIM=r
12580528	42	RESP=1
12592768	42	STIM=m
12598233	42	RESP=1
12611421	42	STIM=f
12615171	42	RESP=1
12629990	42	STIM=a
12634161	42	RESP=1
12646677	42	STIM=j
12650595	42	RESP=1
12664916	42	STIM=s
12672230	42	RESP=2
12683805	42	STIM=1
12689520	42	RESP=2
12702605	42	STIM=7
12709336	42	RESP=2
12721090	42	STIM=c
12731062	42	RESP=1
12736214	42	STIM=z
12740929	42	RESP=1
12751525	42	STIM=h
12755704	42	RESP=1
12766854	42	STIM=i
12772527	42	RESP=1
12784137	42	STIM=a
12791644	42	RESP=1
12799656	42	STIM=f
12805020	42	RESP=1
12814952	42	STIM=x
12817708	42	RESP=1
12833204	42	STIM=w
12836085	42	RESP=1
12850468	42	STIM=l
12858174	42	RESP=1
12867495	42	STIM=g
12873810	42	RESP=1
12882526	42	STIM=h
12888142	42	RESP=1
12900449	42	STIM=6
12904210	42	RESP=2
12916894	42	STIM=n
12923150	42	RESP=1
12933949	42	STIM=x
12938836	42	RESP=1
12951088	42	STIM=t
12955252	42	RESP=1
12967726	42	STIM=q
12971445	42	RESP=1
12983124	42	STIM=b
12985955	42	RESP=1
13000236	42	STIM=o
13007360	42	RESP=1
13017890	42	STIM=t
13021560	42	RESP=1
13036119	42	STIM=z
13042242	42	RESP=1
13054903	42	STIM=9
13060114	42	RESP=2
13070797	42	STIM=5
13075975	42	RESP=2
13087957	42	STIM=z
13093352	42	RESP=1
13105971	42	STIM=c
13111644	42	RESP=1
13121613	42	STIM=t
13129939	42	RESP=1
13140472	42	STIM=g
13149933	42	RESP=1
13155911	42	STIM=g
13165739	42	RESP=1
13171636	42	STIM=z
13176386	42	RESP=1
13187646	42	STIM=e
13200548	42	RESP=1
13206082	42	STIM=i
13213247	42	RESP=1
13223531	42	STIM=9
13229734	42	RESP=2
13240582	42	STIM=w
13247242	42	RESP=1
13256063	42	STIM=i
13259231	42	RESP=1
13271751	42	STIM=x
13279146	42	RESP=1
13288062	42	STIM=r
13294202	42	RESP=1
13304809	42	STIM=b
13310399	42	RESP=1
13321214	42	STIM=4
13328050	42	RESP=2
13337786	42	STIM=b
13344561	42	RESP=1
13353978	42	STIM=i
13358404	42	RESP=1
13371754	42	STIM=l
13375105	42	RESP=1
13387236	42	STIM=p
13401732	42	RESP=1
13403670	42	STIM=3
13411495	42	RESP=1
13419709	42	STIM=j
13427573	42	RESP=1
13436127	42	STIM=l
13441331	42	RESP=1
13453168	42	STIM=m
13459604	42	RESP=1
13469437	42	STIM=d
13473881	42	RESP=1
13487144	42	STIM=x
13492831	42	RESP=1
13504147	42	STIM=i
13507290	42	RESP=1
13522956	42	STIM=q
13529646	42	RESP=1
13540178	42	STIM=a
13550025	42	RESP=1
13555959	42	STIM=o
13559711	42	RESP=1
13574955	42	STIM=5
13588250	42	RESP=2
13592790	42	STIM=i
13597897	42	RESP=1
13609581	42	STIM=3
13617592	42	RESP=2
13625079	42	STIM=j
13627625	42	RESP=1
13642569	42	STIM=u
13650530	42	RESP=1
13658812	42	STIM=i
13663436	42	RESP=1
13674727	42	STIM=z
13683219	42	RESP=2
13690353	42	STIM=3
13697381	42	RESP=2
13705929	42	STIM=t
13714940	42	RESP=1
13723646	42	STIM=n
13727327	42	RESP=1
13742270	42	STIM=p
13748328	42	RESP=1
13759446	42	STIM=z
13767506	42	RESP=1
13774772	42	STIM=j
13778348	42	RESP=2
13792362	42	STIM=h
13797613	42	RESP=1
13807424	42	STIM=5
13813301	42	RESP=2
13824112	42	STIM=2
13829422	42	RESP=2
13840538	42	STIM=m
13850032	42	RESP=1
13857035	42	STIM=t
13862209	42	RESP=1
13873370	42	STIM=o
13882509	42	RESP=1
13891465	42	STIM=h
13895102	42	RESP=1
13906914	42	STIM=p
13914588	42	RESP=2
13923635	42	STIM=x
13929480	42	RESP=1
13941677	42	STIM=k
13950383	42	RESP=1
13960377	42	STIM=u
13962878	42	RESP=1
13976564	42	STIM=t
13981863	42	RESP=1
13992582	42	STIM=h
13998569	42	RESP=1
14009839	42	STIM=o
14019658	42	RESP=1
14026555	42	STIM=o
14032237	42	RESP=1
14045291	42	STIM=q
14052194	42	RESP=1
14060673	42	STIM=j
14068578	42	RESP=1
14079373	42	STIM=z
14083054	42	RESP=1
14096973	42	STIM=o
14101790	42	RESP=1
14114675	42	STIM=t
14119533	42	RESP=1
14133145	42	STIM=u
14139425	42	RESP=1
14151446	42	STIM=2
14157641	42	RESP=2
14169302	42	STIM=1
14173022	42	RESP=2
14186509	42	STIM=h
14196274	42	RESP=1
14204324	42	STIM=s
14214481	42	RESP=1
14219594	42	STIM=g
14224074	42	RESP=1
14236047	42	STIM=s
14238924	42	RESP=1
14254417	42	STIM=w
14258575	42	RESP=1
14272551	42	STIM=q
14277788	42	RESP=1
14288511	42	STIM=a
14298549	42	RESP=1
14304839	42	STIM=l
14311422	42	RESP=1
14320289	42	STIM=x
14330085	42	RESP=1
14335406	42	STIM=r
14341269	42	RESP=1
14351329	42	STIM=s
14355088	42	RESP=1
14367815	42	STIM=o
14372457	42	RESP=1
14384546	42	STIM=x
14389625	42	RESP=1
14401614	42	STIM=n
14405376	42	RESP=1
14418034	42	STIM=m
14423683	42	RESP=1
14433194	42	STIM=h
14437119	42	RESP=1
14449694	42	STIM=2
14457387	42	RESP=2
14465115	42	STIM=3
14471263	42	RESP=2
14481343	42	STIM=4
14485871	42	RESP=2
14498695	42	STIM=0
14503840	42	RESP=1
14515984	42	STIM=z
14522572	42	RESP=1
14530986	42	STIM=f
14537645	42	RESP=1
14548771	42	STIM=a
14555487	42	RESP=1
14564231	42	STIM=g
14567794	42	RESP=1
14579603	42	STIM=8
14585476	42	RESP=2
14598219	42	STIM=o
14602138	42	RESP=1
14614273	42	STIM=f
14624206	42	RESP=1
14632659	42	STIM=1
14640666	42	RESP=2
14649799	42	STIM=d
14652977	42	RESP=1
14666827	42	STIM=z
14673872	42	RESP=1
14683122	42	STIM=c
14688300	42	RESP=1
14701442	42	STIM=0
14706962	42	RESP=2
14716829	42	STIM=l
14723363	42	RESP=1
14732685	42	STIM=f
14738436	42	RESP=1
14750771	42	STIM=a
14756146	42	RESP=1
14768818	42	STIM=7
14775084	42	RESP=2
14787080	42	STIM=v
14793655	42	RESP=1
14804064	42	STIM=u
14807608	42	RESP=1
14821963	42	STIM=i
14827501	42	RESP=1
14837092	42	STIM=0
14843514	42	RESP=2
14855490	42	STIM=a
14861507	42	RESP=1
14874441	42	STIM=m
14881063	42	RESP=1
14890634	42	STIM=x
14894676	42	RESP=1
14905877	42	STIM=8
14911699	42	RESP=2
14923576	42	STIM=b
14930782	42	RESP=1
14940785	42	STIM=n
14948663	42	RESP=1
14959260	42	STIM=9
14969312	42	RESP=1
14975799	42	STIM=b
14983186	42	RESP=1
14992719	42	STIM=t
15001103	42	RESP=1
15009813	42	STIM=q
15018737	42	RESP=1
15025813	42	STIM=q
15033323	42	RESP=1
15043610	42	STIM=a
15049511	42	RESP=1
15061340	42	STIM=o
15065392	42	RESP=1
15078824	42	STIM=y
15082416	42	RESP=1
15094816	42	STIM=l
15104084	42	RESP=1
15109831	42	STIM=e
15113276	42	RESP=1
15125397	42	STIM=x
15129551	42	RESP=1
15141252	42	STIM=b
15147988	42	RESP=2
15159328	42	STIM=k
15165913	42	RESP=1
15175478	42	STIM=5
15179922	42	RESP=2
15191759	42	STIM=a
15196134	42	RESP=1
15209911	42	STIM=u
15223243	42	RESP=1
15226104	42	STIM=f
15233842	42	RESP=1
15242317	42	STIM=o
15246185	42	RESP=1
15259822	42	STIM=x
15265562	42	RESP=1
15278388	42	STIM=c
15284395	42	RESP=1
15294073	42	STIM=4
15300663	42	RESP=2
15309584	42	STIM=r
15316527	42	RESP=1
15326789	42	STIM=i
15333819	42	RESP=1
15344123	42	STIM=f
15351523	42	RESP=1
15362615	42	STIM=5
15370383	42	RESP=2
15377920	42	STIM=4
15382391	42	RESP=2
15394358	42	STIM=6
15401560	42	RESP=2
15411153	42	STIM=y
15415256	42	RESP=1
15426751	42	STIM=3
15433772	42	RESP=2
15442414	42	STIM=v
15449964	42	RESP=1
15460609	42	STIM=g
15473843	42	RESP=1
15477217	42	STIM=g
15480317	42	RESP=1
15493250	42	STIM=5
15504305	42	RESP=2
15511645	42	STIM=h
15518259	42	RESP=1
15528758	42	STIM=u
15534404	42	RESP=1
15544870	42	STIM=r
15550565	42	RESP=1
15561379	42	STIM=9
15567511	42	RESP=2
15579163	42	STIM=5
15585809	42	RESP=2
15595305	42	STIM=m
15602120	42	RESP=2
15612469	42	STIM=l
15615902	42	RESP=1
15628575	42	STIM=x
15633721	42	RESP=1
15645068	42	STIM=j
15654389	42	RESP=2
15663924	42	STIM=m
15668365	42	RESP=1
15682454	42	STIM=l
15686135	42	RESP=1
15700733	42	STIM=6
15708168	42	RESP=2
15716204	42	STIM=g
15721779	42	RESP=1
15734468	42	STIM=j
15737626	42	RESP=1
15750183	42	STIM=e
15754536	42	RESP=1
15767561	42	STIM=m
15776384	42	RESP=1
15784152	42	STIM=3
15792741	42	RESP=2
15800644	42	STIM=l
15805064	42	RESP=1
15817372	42	STIM=y
15820411	42	RESP=1
15832950	42	STIM=i
15837702	42	RESP=1
15850199	42	STIM=j
15860354	42	RESP=1
15869036	42	STIM=s
15872109	42	RESP=1
15887357	42	STIM=5
15893879	42	RESP=2
15904578	42	STIM=s
15918581	42	RESP=1
15919610	42	STIM=t
15924047	42	RESP=1
15937445	42	STIM=1
15942265	42	RESP=2
15953241	42	STIM=9
15959718	42	RESP=2
15969242	42	STIM=p
15979432	42	RESP=1
15985156	42	STIM=k
15988256	42	RESP=1
16003214	42	STIM=f
16010834	42	RESP=1
16019278	42	STIM=2
16023812	42	RESP=2
16034965	42	STIM=u
16039628	42	RESP=1
16051286	42	STIM=f
16054806	42	RESP=1
16070219	42	STIM=j
16077753	42	RESP=1
16085869	42	STIM=f
16095852	42	RESP=1
16101017	42	STIM=8
16108620	42	RESP=2
16118966	42	STIM=f
16121683	42	RESP=1
16137060	42	STIM=h
16144572	42	RESP=1
16152113	42	STIM=d
16158218	42	RESP=1
16168607	42	STIM=g
16173859	42	RESP=1
16185209	42	STIM=4
16190434	42	RESP=2
16203546	42	STIM=2
16213068	42	RESP=2
16220796	42	STIM=e
16226709	42	RESP=2
16238855	42	STIM=5
16246876	42	RESP=1
16255265	42	STIM=w
16260927	42	RESP=1
16272688	42	STIM=p
16277595	42	RESP=1
16288001	42	STIM=z
16295864	42	RESP=1
16306265	42	STIM=9
16315069	42	RESP=2
16324867	42	STIM=b
16328963	42	RESP=1
16342195	42	STIM=0
16349743	42	RESP=2
16357427	42	STIM=8
16362197	42	RESP=2
16373412	42	STIM=2
16381473	42	RESP=2
16389462	42	STIM=7
16396007	42	RESP=2
16407556	42	STIM=q
16413492	42	RESP=1
16422557	42	STIM=f
16427760	42	RESP=1
16440839	42	STIM=a
16445447	42	RESP=1
16459650	42	STIM=r
16465318	42	RESP=1
16476178	42	STIM=o
16484390	42	RESP=1
16492654	42	STIM=x
16495996	42	RESP=1
16511247	42	STIM=x
16517139	42	RESP=1
16528872	42	STIM=q
16537241	42	RESP=1
16544570	42	STIM=b
16552691	42	RESP=1
16562328	42	STIM=b
16574066	42	RESP=1
16578400	42	STIM=t
16581418	42	RESP=1
16595845	42	STIM=t
16600300	42	RESP=1
16610975	42	STIM=a
16618621	42	RESP=1
16626857	42	STIM=7
16631188	42	RESP=2
16644239	42	STIM=3
16649167	42	RESP=2
16661472	42	STIM=g
16667118	42	RESP=1
16677061	42	STIM=o
16684130	42	RESP=1
16694967	42	STIM=g
16700374	42	RESP=1
16712208	42	STIM=9
16716467	42	RESP=2
16730090	42	STIM=u
16738506	42	RESP=1
16747138	42	STIM=m
16751514	42	RESP=1
16763636	42	STIM=w
16769907	42	RESP=1
16779543	42	STIM=7
16785486	42	RESP=2
16794976	42	STIM=8
16799895	42	RESP=2
16812409	42	STIM=e
16817838	42	RESP=1
16829284	42	STIM=o
16839142	42	RESP=1
16844727	42	STIM=a
16848860	42	RESP=1
16860961	42	STIM=u
16867386	42	RESP=1
16878417	42	STIM=y
16881225	42	RESP=1
16893676	42	STIM=y
16899084	42	RESP=1
16908718	42	STIM=i
16916064	42	RESP=1
16924169	42	STIM=k
16928678	42	RESP=1
16941468	42	STIM=5
16947835	42	RESP=2
16956800	42	STIM=f
16967290	42	RESP=1
16974938	42	STIM=q
16980748	42	RESP=2
16992871	42	STIM=p
16997216	42	RESP=1
17010188	42	STIM=f
17013201	42	RESP=1
17028880	42	STIM=k
17036153	42	RESP=1
17044740	42	STIM=s
17048157	42	RESP=1
17060096	42	STIM=4
17065895	42	RESP=1
17075927	42	STIM=s
17081806	42	RESP=1
17090948	42	STIM=v
17097837	42	RESP=1
17106667	42	STIM=c
17111443	42	RESP=1
17123662	42	STIM=e
17131501	42	RESP=1
17139101	42	STIM=m
17145463	42	RESP=1
17154946	42	STIM=y
17161637	42	RESP=1
17172757	42	STIM=c
17176431	42	RESP=1
17187986	42	STIM=e
17192724	42	RESP=1
17206435	42	STIM=b
17210248	42	RESP=1
17225250	42	STIM=l
17230167	42	RESP=1
17243472	42	STIM=0
17248501	42	RESP=2
17261913	42	STIM=i
17265563	42	RESP=1
17277967	42	STIM=m
17288066	42	RESP=1
17293816	42	STIM=i
17300146	42	RESP=1
17310439	42	STIM=e
17315838	42	RESP=1
17329340	42	STIM=3
17337168	42	RESP=2
17345419	42	STIM=b
17350316	42	RESP=1
17362912	42	STIM=z
17371180	42	RESP=1
17380086	42	STIM=8
17385415	42	RESP=2
17398436	42	STIM=k
17402875	42	RESP=1
17413547	42	STIM=3
17417569	42	RESP=1
17432512	42	STIM=b
17438800	42	RESP=1
17449711	42	STIM=t
17455610	42	RESP=1
17465070	42	STIM=r
17468985	42	RESP=1
17483672	42	STIM=e
17489584	42	RESP=1
17502150	42	STIM=g
17508064	42	RESP=1
17520026	42	STIM=a
17526330	42	RESP=1
17538866	42	STIM=1
17547312	42	RESP=2
17553990	42	STIM=s
17561348	42	RESP=1
17571941	42	STIM=8
17578789	42	RESP=2
17589695	42	STIM=k
17598901	42	RESP=2
17607922	42	STIM=k
17616859	42	RESP=1
17625468	42	STIM=j
17630460	42	RESP=2
17640582	42	STIM=k
17643980	42	RESP=1
17658430	42	STIM=z
17665764	42	RESP=1
17676388	42	STIM=2
17684109	42	RESP=2
17693331	42	STIM=t
17698133	42	RESP=1
17709977	42	STIM=h
17713955	42	RESP=1
17728714	42	STIM=j
17737651	42	RESP=1
17744792	42	STIM=q
17749151	42	RESP=1
17760796	42	STIM=g
17767570	42	RESP=1
17778371	42	STIM=8
17783113	42	RESP=2
17794848	42	STIM=b
17801216	42	RESP=1
17811884	42	STIM=s
17817150	42	RESP=1
17829077	42	STIM=z
17835025	42	RESP=1
17845415	42	STIM=e
17849415	42	RESP=1
17861557	42	STIM=d
17868152	42	RESP=1
17877743	42	STIM=c
17884421	42	RESP=1
17896478	42	STIM=b
17909852	42	RESP=1
17913007	42	STIM=2
17917858	42	RESP=2
17928628	42	STIM=l
17933741	42	RESP=1
17945597	42	STIM=n
17949965	42	RESP=1
17961724	42	STIM=k
17969671	42	RESP=1
17980321	42	STIM=j
17985617	42	RESP=1
17995911	42	STIM=5
18001103	42	RESP=1
18012813	42	STIM=5
18018043	42	RESP=2
18028014	42	STIM=0
18035772	42	RESP=2
18044475	42	STIM=n
18052197	42	RESP=1
18062126	42	STIM=p
18068049	42	RESP=1
18077971	42	STIM=6
18082921	42	RESP=2
18096538	42	STIM=p
18100104	42	RESP=1
18114048	42	STIM=6
18121769	42	RESP=2
18132522	42	STIM=c
18136333	42	RESP=1
18147746	42	STIM=5
18158138	42	RESP=2
18166478	42	STIM=k
18175011	42	RESP=1
18182337	42	STIM=z
18187692	42	RESP=1
18199778	42	STIM=r
18204930	42	RESP=1
18216371	42	STIM=x
18220541	42	RESP=1
18232435	42	STIM=d
18237624	42	RESP=1
18248613	42	STIM=5
18253151	42	RESP=2
18264565	42	STIM=y
18268544	42	RESP=1
18280756	42	STIM=y
18283274	42	RESP=1
18298236	42	STIM=p
18301309	42	RESP=1
18315166	42	STIM=n
18320287	42	RESP=1
18332260	42	STIM=3
18343205	42	RESP=2
18350213	42	STIM=g
18356211	42	RESP=1
18366503	42	STIM=t
18370203	42	RESP=1
18384982	42	STIM=h
18390668	42	RESP=1
18400144	42	STIM=i
18403379	42	RESP=1
18416473	42	STIM=m
18422401	42	RESP=1
18434910	42	STIM=s
18444127	42	RESP=1
18451388	42	STIM=w
18459306	42	RESP=1
18468900	42	STIM=5
18472728	42	RESP=2
18485951	42	STIM=k
18490100	42	RESP=1
18503201	42	STIM=f
18509600	42	RESP=1
18518518	42	STIM=7
18527754	42	RESP=2
18534593	42	STIM=7
18541088	42	RESP=2
18550601	42	STIM=i
18555585	42	RESP=1
18568394	42	STIM=s
18573826	42	RESP=1
18586584	42	STIM=8
18593572	42	RESP=2
18603035	42	STIM=x
18607252	42	RESP=1
18618347	42	STIM=z
18623491	42	RESP=1
18636218	42	STIM=i
18642686	42	RESP=1
18653021	42	STIM=j
18656549	42	RESP=1
18670201	42	STIM=w
18674066	42	RESP=1
18687667	42	STIM=g
18691882	42	RESP=1
18703071	42	STIM=m
18706965	42	RESP=1
18720672	42	STIM=c
18723697	42	RESP=1
18737918	42	STIM=g
18741596	42	RESP=1
18756017	42	STIM=w
18760926	42	RESP=1
18771254	42	STIM=r
18776061	42	RESP=1
18787738	42	STIM=3
18794115	42	RESP=2
18805388	42	STIM=j
18814860	42	RESP=1
18823594	42	STIM=9
18832548	42	RESP=2
18839403	42	STIM=i
18846963	42	RESP=1
18855705	42	STIM=n
18861200	42	RESP=1
18873704	42	STIM=9
18881702	42	RESP=2
18891575	42	STIM=2
18896623	42	RESP=2
18908313	42	STIM=t
18913226	42	RESP=1
18925429	42	STIM=5
18930352	42	RESP=2
18941461	42	STIM=x
18956765	42	RESP=1
18959240	42	STIM=q
18965796	42	RESP=2
18975609	42	STIM=g
18980321	42	RESP=1
18992600	42	STIM=s
18998243	42	RESP=1
19008560	42	STIM=k
19011702	42	RESP=1
19027439	42	STIM=t
19036404	42	RESP=1
19042948	42	STIM=t
19047522	42	RESP=1
19061355	42	STIM=o
19064435	42	RESP=1
19078293	42	STIM=f
19083381	42	RESP=1
19093813	42	STIM=x
19097215	42	RESP=1
19109544	42	STIM=b
19114228	42	RESP=1
19125991	42	STIM=a
19130830	42	RESP=1
19144349	42	STIM=x
19152355	42	RESP=1
19161357	42	STIM=2
19167717	42	RESP=2
19176884	42	STIM=v
19181836	42	RESP=1
19192989	42	STIM=g
19197611	42	RESP=1
19211785	42	STIM=n
19216699	42	RESP=2
19230560	42	STIM=s
19237347	42	RESP=1
19247051	42	STIM=w
19260816	42	RESP=1
19265023	42	STIM=6
19270821	42	RESP=2
19282931	42	STIM=u
19289063	42	RESP=1
19298503	42	STIM=f
19301991	42	RESP=2
19316910	42	STIM=1
19325564	42	RESP=2
19333060	42	STIM=8
19341963	42	RESP=2
19351490	42	STIM=f
19353880	42	RESP=1
19369387	42	STIM=p
19381227	42	RESP=1
19386207	42	STIM=v
19390065	42	RESP=1
19402496	42	STIM=3
19413651	42	RESP=2
19417600	42	STIM=v
19422532	42	RESP=1
19433537	42	STIM=g
19437946	42	RESP=1
19450039	42	STIM=j
19453873	42	RESP=1
19466585	42	STIM=n
19475181	42	RESP=1
19482719	42	STIM=j
19487473	42	RESP=1
19500957	42	STIM=t
19504262	42	RESP=1
19519158	42	STIM=8
19526853	42	RESP=2
19535170	42	STIM=t
19540999	42	RESP=1
19552281	42	STIM=c
19555690	42	RESP=1
19569413	42	STIM=b
19581316	42	RESP=1
19586866	42	STIM=j
19594110	42	RESP=1
19604473	42	STIM=m
19608628	42	RESP=1
19620784	42	STIM=y
19627299	42	RESP=1
19639611	42	STIM=e
19646868	42	RESP=1
19657110	42	STIM=t
19663240	42	RESP=1
19675198	42	STIM=x
19689138	42	RESP=1
19694131	42	STIM=3
19702667	42	RESP=2
19709319	42	STIM=i
19712726	42	RESP=2
19727259	42	STIM=3
19734408	42	RESP=1
19742927	42	STIM=j
19747268	42	RESP=2
19761273	42	STIM=o
19767893	42	RESP=1
19777368	42	STIM=b
19781890	42	RESP=1
19795739	42	STIM=8
19801603	42	RESP=2
19814091	42	STIM=w
19818370	42	RESP=1
19830954	42	STIM=p
19840539	42	RESP=1
19848852	42	STIM=f
19852700	42	RESP=1
19865396	42	STIM=i
19869755	42	RESP=1
19882640	42	STIM=w
19887418	42	RESP=1
19901270	42	STIM=j
19904749	42	RESP=1
19917585	42	STIM=n
19921741	42	RESP=1
19933214	42	STIM=b
19937440	42	RESP=1
19948704	42	STIM=m
19953092	42	RESP=1
19964125	42	STIM=5
19969510	42	RESP=2
19981319	42	STIM=8
19987051	42	RESP=2
19998067	42	STIM=i
20000941	42	RESP=2
20016517	42	STIM=t
20022381	42	RESP=1
20031603	42	STIM=p
20037208	42	RESP=1
20049532	42	STIM=d
20055290	42	RESP=1
20064724	42	STIM=8
20076233	42	RESP=2
20080667	42	STIM=x
20086227	42	RESP=1
20097248	42	STIM=6
20103887	42	RESP=2
20113062	42	STIM=i
20117251	42	RESP=1
20129550	42	STIM=p
20135398	42	RESP=1
20144801	42	STIM=f
20157320	42	RESP=1
20160474	42	STIM=m
20165931	42	RESP=1
20176195	42	STIM=8
20182671	42	RESP=1
20194558	42	STIM=l
20202256	42	RESP=1
20210060	42	STIM=f
20215131	42	RESP=1
20226435	42	STIM=h
20234471	42	RESP=1
20241773	42	STIM=b
20245252	42	RESP=1
20257171	42	STIM=z
20261980	42	RESP=2
20276127	42	STIM=2
20286297	42	RESP=1
20293604	42	STIM=2
20298425	42	RESP=1
20311732	42	STIM=m
20317732	42	RESP=1
20328237	42	STIM=p
20336249	42	RESP=1
20343794	42	STIM=v
20348160	42	RESP=1
20361482	42	STIM=u
20364982	42	RESP=1
20377134	42	STIM=x
20386525	42	RESP=1
20393747	42	STIM=y
20398193	42	RESP=1
20410954	42	STIM=y
20416715	42	RESP=1
20428211	42	STIM=e
20434399	42	RESP=1
20443697	42	STIM=6
20450251	42	RESP=2
20461893	42	STIM=e
20467505	42	RESP=1
20477326	42	STIM=v
20482338	42	RESP=1
20493878	42	STIM=f
20501066	42	RESP=1
20511389	42	STIM=a
20517111	42	RESP=1
20529591	42	STIM=o
20539875	42	RESP=1
20546432	42	STIM=k
20554213	42	RESP=1
20563322	42	STIM=z
20570234	42	RESP=1
20581270	42	STIM=h
20586846	42	RESP=2
20597254	42	STIM=k
20602457	42	RESP=1
20613100	42	STIM=e
20621105	42	RESP=1
20629136	42	STIM=c
20634795	42	RESP=1
20647357	42	STIM=h
20653782	42	RESP=1
20665578	42	STIM=k
20675356	42	RESP=1
20682946	42	STIM=n
20691112	42	RESP=1
20701137	42	STIM=h
20706258	42	RESP=1
20718665	42	STIM=s
20725167	42	RESP=1
20733702	42	STIM=v
20739644	42	RESP=1
20751839	42	STIM=m
20760537	42	RESP=1
20769800	42	STIM=9
20778504	42	RESP=2
20786632	42	STIM=i
20791548	42	RESP=1
20804683	42	STIM=q
20810630	42	RESP=1
20823459	42	STIM=s
20829531	42	RESP=1
20840224	42	STIM=h
20849900	42	RESP=1
20857492	42	STIM=b
20864982	42	RESP=1
20875823	42	STIM=s
20882170	42	RESP=1
20893601	42	STIM=2
20900491	42	RESP=2
20910633	42	STIM=g
20917458	42	RESP=1
20925928	42	STIM=z
20928984	42	RESP=1
20942657	42	STIM=l
20955275	42	RESP=1
20960003	42	STIM=6
20966336	42	RESP=2
20976559	42	STIM=h
20981782	42	RESP=1
20995171	42	STIM=r
20999191	42	RESP=1
21013613	42	STIM=t
21017640	42	RESP=1
21032331	42	STIM=d
21036764	42	RESP=1
21050122	42	STIM=y
21054839	42	RESP=1
21066722	42	STIM=e
21074583	42	RESP=1
21084127	42	STIM=r
21090195	42	RESP=1
21100370	42	STIM=h
21105458	42	RESP=1
21116844	42	STIM=e
21124895	42	RESP=1
21132657	42	STIM=9
21138984	42	RESP=2
21147926	42	STIM=b
21150550	42	RESP=1
21163234	42	STIM=5
21167039	42	RESP=2
21179175	42	STIM=r
21183221	42	RESP=1
21196784	42	STIM=y
21200391	42	RESP=1
21215487	42	STIM=n
21221249	42	RESP=1
21231934	42	STIM=p
21236356	42	RESP=1
21250582	42	STIM=i
21254406	42	RESP=1
21267861	42	STIM=c
21271892	42	RESP=1
21284366	42	STIM=i
21292954	42	RESP=1
21300133	42	STIM=u
21308036	42	RESP=1
21317572	42	STIM=4
21324431	42	RESP=2
21334346	42	STIM=r
21338226	42	RESP=1
21350236	42	STIM=g
21356488	42	RESP=1
21367020	42	STIM=t
21373211	42	RESP=1
21384278	42	STIM=8
21390363	42	RESP=2
21401889	42	STIM=u
21407133	42	RESP=1
21417740	42	STIM=p
21423133	42	RESP=1
21435761	42	STIM=0
21441028	42	RESP=2
21452326	42	STIM=k
21457415	42	RESP=1
21468109	42	STIM=a
21471462	42	RESP=1
21485144	42	STIM=u
21492215	42	RESP=1
21501268	42	STIM=o
21505102	42	RESP=1
21516760	42	STIM=0
21523913	42	RESP=2
21532382	42	STIM=c
21538151	42	RESP=1
21550464	42	STIM=b
21556387	42	RESP=1
21567744	42	STIM=m
21571283	42	RESP=1
21586077	42	STIM=b
21594624	42	RESP=1
21602599	42	STIM=k
21608673	42	RESP=1
21621414	42	STIM=r
21627739	42	RESP=1
21637515	42	STIM=k
21642191	42	RESP=1
21653849	42	STIM=0
21660380	42	RESP=2
21669566	42	STIM=b
21675440	42	RESP=1
21685376	42	STIM=z
21693063	42	RESP=1
21701008	42	STIM=y
21705741	42	RESP=1
