# Original filename: 0020_IFX_2017-07-19.log
# Time unit: 100 us
# RARECAT=digit
#
# Time	HHGG	Event
36522	42	STIM=p
41301	42	RESP=1
53402	42	STIM=x
60919	42	RESP=1
70266	42	STIM=4
75481	42	RESP=2
89262	42	STIM=m
93169	42	RESP=1
105818	42	STIM=w
111489	42	RESP=1
123535	42	STIM=r
126120	42	RESP=1
140870	42	STIM=i
145717	42	RESP=1
156680	42	STIM=c
163677	42	RESP=2
171682	42	STIM=b
178170	42	RESP=1
189720	42	STIM=5
194759	42	RESP=2
205159	42	STIM=j
211764	42	RESP=1
221488	42	STIM=z
226862	42	RESP=1
237465	42	STIM=s
244738	42	RESP=1
253170	42	STIM=f
257160	42	RESP=1
271145	42	STIM=b
274714	42	RESP=1
287011	42	STIM=l
291820	42	RESP=1
303257	42	STIM=7
312513	42	RESP=2
320700	42	STIM=p
327437	42	RESP=1
339275	42	STIM=3
344408	42	RESP=2
356228	42	STIM=1
362829	42	RESP=2
373403	42	STIM=r
379988	42	RESP=1
392259	42	STIM=t
395739	42	RESP=1
409763	42	STIM=a
415174	42	RESP=1
427743	42	STIM=o
433576	42	RESP=1
445142	42	STIM=j
450414	42	RESP=1
462763	42	STIM=7
468337	42	RESP=2
479067	42	STIM=m
484096	42	RESP=2
497834	42	STIM=u
502833	42	RESP=1
515471	42	STIM=t
520684	42	RESP=2
532070	42	STIM=f
538308	42	RESP=1
550325	42	STIM=1
558906	42	RESP=2
567352	42	STIM=e
573013	42	RESP=1
585811	42	STIM=8
591086	42	RESP=2
604393	42	STIM=z
607356	42	RESP=1
622138	42	STIM=t
630236	42	RESP=1
638268	42	STIM=0
644585	42	RESP=1
656254	42	STIM=i
659777	42	RESP=1
675180	42	STIM=d
681653	42	RESP=1
692820	42	STIM=5
698617	42	RESP=2
708771	42	STIM=2
713955	42	RESP=2
724796	42	STIM=u
728904	42	RESP=1
741082	42	STIM=d
748146	42	RESP=1
759475	42	STIM=5
763770	42	RESP=2
775962	42	STIM=e
783378	42	RESP=1
792601	42	STIM=4
801734	42	RESP=2
809267	42	STIM=s
812673	42	RESP=1
825778	42	STIM=i
830899	42	RESP=1
841671	42	STIM=u
847485	42	RESP=1
857719	42	STIM=z
864104	42	RESP=1
876616	42	STIM=p
883350	42	RESP=1
894192	42	STIM=y
899431	42	RESP=1
910224	42	STIM=9
917530	42	RESP=2
925992	42	STIM=t
932194	42	RESP=1
942481	42	STIM=5
948570	42	RESP=1
958656	42	STIM=v
964813	42	RESP=1
974572	42	STIM=f
978427	42	RESP=1
992174	42	STIM=8
1001327	42	RESP=2
1010888	42	STIM=l
1014783	42	RESP=1
1027792	42	STIM=q
1034065	42	RESP=1
1045540	42	STIM=m
1056037	42	RESP=1
1061168	42	STIM=5
1067251	42	RESP=2
1078641	42	STIM=a
1082205	42	RESP=1
1097363	42	STIM=w
1103985	42	RESP=1
1112575	42	STIM=4
1118164	42	RESP=2
1129160	42	STIM=f
1138617	42	RESP=1
1147459	42	STIM=a
1151633	42	RESP=2
1165273	42	STIM=d
1174792	42	RESP=1
1183632	42	STIM=q
1187973	42	RESP=1
1200995	42	STIM=j
1207644	42	RESP=1
1216720	42	STIM=n
1220170	42	RESP=1
1234048	42	STIM=5
1239344	42	RESP=2
1252295	42	STIM=v
1256992	42	RESP=1
1267901	42	STIM=4
1276218	42	RESP=2
1286279	42	STIM=u
1291787	42	RESP=1
1304018	42	STIM=w
1310354	42	RESP=1
1319519	42	STIM=r
1323119	42	RESP=1
1335342	42	STIM=6
1342164	42	RESP=2
1353253	42	STIM=t
1357684	42	RESP=1
1369163	42	STIM=k
1372725	42	RESP=1
1384344	42	STIM=2
1390607	42	RESP=1
1400482	42	STIM=n
1407167	42	RESP=1
1415575	42	STIM=w
1420462	42	RESP=1
1431543	42	STIM=t
1434777	42	RESP=1
1448664	42	STIM=k
1451973	42	RESP=1
1467649	42	STIM=g
1477478	42	RESP=1
1484993	42	STIM=w
1488850	42	RESP=2
1501815	42	STIM=g
1507185	42	RESP=1
1518032	42	STIM=g
1522987	42	RESP=1
1536474	42	STIM=j
1540174	42	RESP=1
1552514	42	STIM=g
1556394	42	RESP=1
1570990	42	STIM=t
1577552	42	RESP=1
1589290	42	STIM=j
1592861	42	RESP=1
1605073	42	STIM=6
1611592	42	RESP=2
1621684	42	STIM=1
1626002	42	RESP=2
1636760	42	STIM=x
1640117	42	RESP=1
1654651	42	STIM=d
1661728	42	RESP=1
1671034	42	STIM=l
1677227	42	RESP=1
1686779	42	STIM=q
1692311	42	RESP=1
1705203	42	STIM=i
1709733	42	RESP=1
1723878	42	STIM=i
1734291	42	RESP=1
1741055	42	STIM=b
1746840	42	RESP=1
1757725	42	STIM=v
1761297	42	RESP=1
1773335	42	STIM=l
1779505	42	RESP=1
1789988	42	STIM=o
1795304	42	RESP=1
1805546	42	STIM=e
1812551	42	RESP=1
1824188	42	STIM=t
1829405	42	RESP=1
1840595	42	STIM=l
1845651	42	RESP=1
1857520	42	STIM=n
1862467	42	RESP=1
1873195	42	STIM=b
1878707	42	RESP=1
1889792	42	STIM=e
1896457	42	RESP=1
1907126	42	STIM=a
1910853	42	RESP=1
1926055	42	STIM=s
1933021	42	RESP=1
1942939	42	STIM=x
1950093	42	RESP=1
1960505	42	STIM=c
1965846	42	RESP=1
1978843	42	STIM=l
1989383	42	RESP=1
1996833	42	STIM=h
2002591	42	RESP=1
2012023	42	STIM=d
2015280	42	RESP=1
2028668	42	STIM=j
2034357	42	RESP=1
2044510	42	STIM=m
2055300	42	RESP=1
2063057	42	STIM=s
2066216	42	RESP=1
2079076	42	STIM=f
2084994	42	RESP=1
2096859	42	STIM=u
2103404	42	RESP=1
2114567	42	STIM=r
2122815	42	RESP=1
2131119	42	STIM=p
2136206	42	RESP=1
2150070	42	STIM=p
2153829	42	RESP=1
2165782	42	STIM=e
2169781	42	RESP=1
2181592	42	STIM=k
2186450	42	RESP=1
2200368	42	STIM=5
2211504	42	RESP=1
2217736	42	STIM=c
2222654	42	RESP=1
2234380	42	STIM=2
2238479	42	RESP=2
2249959	42	STIM=1
2257333	42	RESP=1
2265372	42	STIM=g
2269982	42	RESP=2
2282582	42	STIM=y
2285308	42	RESP=1
2298438	42	STIM=b
2302977	42	RESP=1
2313510	42	STIM=p
2318230	42	RESP=1
2332010	42	STIM=v
2337683	42	RESP=1
2349656	42	STIM=g
2358005	42	RESP=2
2367963	42	STIM=9
2376949	42	RESP=2
2385644	42	STIM=2
2391182	42	RESP=1
2402508	42	STIM=j
2406998	42	RESP=1
2418097	42	STIM=d
2426847	42	RESP=1
2434238	42	STIM=t
2441780	42	RESP=1
2449934	42	STIM=w
2454124	42	RESP=1
2467015	42	STIM=u
2473887	42	RESP=1
2485184	42	STIM=3
2492049	42	RESP=1
2501324	42	STIM=v
2508004	42	RESP=1
2519068	42	STIM=l
2523351	42	RESP=2
2537800	42	STIM=t
2543551	42	RESP=1
2556573	42	STIM=o
2561135	42	RESP=1
2575309	42	STIM=q
2579410	42	RESP=1
2593736	42	STIM=g
2603193	42	RESP=1
2610866	42	STIM=j
2618822	42	RESP=2
2627994	42	STIM=d
2637380	42	RESP=1
2644824	42	STIM=v
2651496	42	RESP=1
2661129	42	STIM=q
2669297	42	RESP=2
2679713	42	STIM=g
2687354	42	RESP=1
2694792	42	STIM=w
2698284	42	RESP=1
2713726	42	STIM=2
2718325	42	RESP=2
2731257	42	STIM=d
2737303	42	RESP=1
2748091	42	STIM=s
2756701	42	RESP=1
2763860	42	STIM=d
2766604	42	RESP=1
2780004	42	STIM=0
2785677	42	RESP=2
2795882	42	STIM=f
2799532	42	RESP=1
2811815	42	STIM=p
2822554	42	RESP=1
2827476	42	STIM=6
2834468	42	RESP=2
2846229	42	STIM=9
2861738	42	RESP=2
2861838	42	STIM=p
2866837	42	RESP=1
2880824	42	STIM=v
2883895	42	RESP=1
2898934	42	STIM=0
2905940	42	RESP=1
2915550	42	STIM=u
2920672	42	RESP=1
2933731	42	STIM=9
2937407	42	RESP=2
2952717	42	STIM=s
2957932	42	RESP=1
2967977	42	STIM=b
2976731	42	RESP=1
2983163	42	STIM=l
2989201	42	RESP=1
2999462	42	STIM=a
3004811	42	RESP=1
3018268	42	STIM=h
3027656	42	RESP=1
3035089	42	STIM=v
3044616	42	RESP=1
3050280	42	STIM=3
3060578	42	RESP=2
3067155	42	STIM=y
3071391	42	RESP=1
3084096	42	STIM=6
3092109	42	RESP=2
3102425	42	STIM=3
3109312	42	RESP=2
3119855	42	STIM=5
3129758	42	RESP=2
3138213	42	STIM=m
3147654	42	RESP=1
3155109	42	STIM=o
3158627	42	RESP=1
3171410	42	STIM=f
3176943	42	RESP=1
3188331	42	STIM=f
3198016	42	RESP=1
3203859	42	STIM=6
3211229	42	RESP=1
3221863	42	STIM=u
3226451	42	RESP=1
3237456	42	STIM=c
3240350	42	RESP=1
3254083	42	STIM=3
3260285	42	RESP=2
3270798	42	STIM=c
3275133	42	RESP=1
3286648	42	STIM=p
3290033	42	RESP=1
3304428	42	STIM=o
3311778	42	RESP=1
3321353	42	STIM=n
3324990	42	RESP=1
3337130	42	STIM=m
3343979	42	RESP=1
3354100	42	STIM=c
3365787	42	RESP=1
3370492	42	STIM=i
3374330	42	RESP=2
3386302	42	STIM=8
3396440	42	RESP=1
3404279	42	STIM=e
3408963	42	RESP=1
3420244	42	STIM=q
3425731	42	RESP=1
3439223	42	STIM=o
3444151	42	RESP=1
3457440	42	STIM=6
3462928	42	RESP=1
3475451	42	STIM=3
3480761	42	RESP=1
3493405	42	STIM=q
3503332	42	RESP=1
3511429	42	STIM=z
3516566	42	RESP=1
3528832	42	STIM=n
3534076	42	RESP=1
3544146	42	STIM=1
3549274	42	RESP=2
3559509	42	STIM=c
3566858	42	RESP=1
3577861	42	STIM=2
3583010	42	RESP=2
3594139	42	STIM=h
3601480	42	RESP=1
3611003	42	STIM=5
3617082	42	RESP=2
3628910	42	STIM=f
3634289	42	RESP=1
3646712	42	STIM=r
3652043	42	RESP=1
3664149	42	STIM=5
3669679	42	RESP=2
3679468	42	STIM=0
3686353	42	RESP=2
3695831	42	STIM=h
3701391	42	RESP=1
3712967	42	STIM=j
3720859	42	RESP=1
3729626	42	STIM=o
3734390	42	RESP=1
3745013	42	STIM=d
3748393	42	RESP=1
3762010	42	STIM=w
3766948	42	RESP=1
3777853	42	STIM=a
3782888	42	RESP=1
3793673	42	STIM=l
3799684	42	RESP=1
3810356	42	STIM=j
3817223	42	RESP=2
3828866	42	STIM=z
3834641	42	RESP=1
3847695	42	STIM=3
3855531	42	RESP=2
3865619	42	STIM=k
3872770	42	RESP=1
3880632	42	STIM=h
3885711	42	RESP=1
3896436	42	STIM=u
3902409	42	RESP=1
3911588	42	STIM=5
3919269	42	RESP=2
3928315	42	STIM=o
3934213	42	RESP=1
3944629	42	STIM=u
3955010	42	RESP=1
3962285	42	STIM=c
3966933	42	RESP=1
3980673	42	STIM=g
3987554	42	RESP=1
3995884	42	STIM=3
4001894	42	RESP=2
4012727	42	STIM=n
4017460	42	RESP=1
4028446	42	STIM=c
4035156	42	RESP=1
4043970	42	STIM=w
4048632	42	RESP=1
4061238	42	STIM=m
4068796	42	RESP=1
4077678	42	STIM=g
4083248	42	RESP=1
4094772	42	STIM=i
4100239	42	RESP=1
4109796	42	STIM=s
4114307	42	RESP=1
4127307	42	STIM=d
4132899	42	RESP=1
4145718	42	STIM=p
4153533	42	RESP=1
4162494	42	STIM=0
4169689	42	RESP=2
4179893	42	STIM=s
4184035	42	RESP=2
4195001	42	STIM=w
4201042	42	RESP=1
4210301	42	STIM=f
4218896	42	RESP=1
4227264	42	STIM=u
4231701	42	RESP=1
4245386	42	STIM=6
4253045	42	RESP=2
4262964	42	STIM=2
4266750	42	RESP=2
4280879	42	STIM=l
4285914	42	RESP=1
4297946	42	STIM=v
4301813	42	RESP=1
4313634	42	STIM=c
4320279	42	RESP=1
4329255	42	STIM=1
4334105	42	RESP=2
4347811	42	STIM=i
4351754	42	RESP=1
4364786	42	STIM=5
4369650	42	RESP=2
4380120	42	STIM=z
4385737	42	RESP=1
4397246	42	STIM=8
4402461	42	RESP=2
4414505	42	STIM=j
4417730	42	RESP=1
4432052	42	STIM=w
4436467	42	RESP=2
4447291	42	STIM=e
4453068	42	RESP=1
4464917	42	STIM=h
4469229	42	RESP=1
4481235	42	STIM=1
4487704	42	RESP=2
4498365	42	STIM=5
4506489	42	RESP=2
4516802	42	STIM=k
4523631	42	RESP=1
4533333	42	STIM=i
4536558	42	RESP=1
4552117	42	STIM=4
4560917	42	RESP=2
4568116	42	STIM=s
4573619	42	RESP=1
4584714	42	STIM=4
4590315	42	RESP=2
4602151	42	STIM=o
4609935	42	RESP=2
4620101	42	STIM=p
4625884	42	RESP=1
4635443	42	STIM=3
4645342	42	RESP=2
4654084	42	STIM=c
4659721	42	RESP=1
4670705	42	STIM=y
4674682	42	RESP=1
4687800	42	STIM=y
4691700	42	RESP=2
4706168	42	STIM=5
4713286	42	RESP=2
4723958	42	STIM=t
4728817	42	RESP=1
4742577	42	STIM=i
4751848	42	RESP=1
4758312	42	STIM=c
4762000	42	RESP=1
4776872	42	STIM=5
4781729	42	RESP=2
4792500	42	STIM=3
4800547	42	RESP=2
4809518	42	STIM=l
4815242	42	RESP=1
4824626	42	STIM=l
4831622	42	RESP=1
4839918	42	STIM=d
4844442	42	RESP=2
4855159	42	STIM=x
4862088	42	RESP=1
4871854	42	STIM=o
4875733	42	RESP=1
4887489	42	STIM=q
4894149	42	RESP=1
4905182	42	STIM=x
4908853	42	RESP=1
4922444	42	STIM=h
4928344	42	RESP=1
4939673	42	STIM=2
4946712	42	RESP=2
4955713	42	STIM=w
4966457	42	RESP=1
4971074	42	STIM=u
4976813	42	RESP=1
4989279	42	STIM=r
4994249	42	RESP=1
5005220	42	STIM=r
5010385	42	RESP=1
5020723	42	STIM=v
5028243	42	RESP=1
5038341	42	STIM=e
5042669	42	RESP=2
5053472	42	STIM=v
5061816	42	RESP=1
5070621	42	STIM=p
5074506	42	RESP=1
5088649	42	STIM=q
5094447	42	RESP=1
5106166	42	STIM=f
5108935	42	RESP=1
5122603	42	STIM=i
5126755	42	RESP=1
5139372	42	STIM=7
5145164	42	RESP=2
5154891	42	STIM=g
5160945	42	RESP=1
5170842	42	STIM=b
5176471	42	RESP=1
5187316	42	STIM=y
5193934	42	RESP=1
5202996	42	STIM=n
5213987	42	RESP=1
5220912	42	STIM=g
5224980	42	RESP=1
5239077	42	STIM=d
5249834	42	RESP=1
5255581	42	STIM=h
5266093	42	RESP=1
5274192	42	STIM=j
5279465	42	RESP=1
5292100	42	STIM=b
5297351	42	RESP=1
5307421	42	STIM=b
5311183	42	RESP=1
5323052	42	STIM=1
5331559	42	RESP=2
5339444	42	STIM=c
5343045	42	RESP=1
5354935	42	STIM=e
5360837	42	RESP=1
5373349	42	STIM=3
5378112	42	RESP=2
5391883	42	STIM=a
5396344	42	RESP=1
5410810	42	STIM=1
5419276	42	RESP=2
5429617	42	STIM=u
5436048	42	RESP=1
5444937	42	STIM=w
5449859	42	RESP=1
5463606	42	STIM=5
5471070	42	RESP=2
5482515	42	STIM=h
5496446	42	RESP=1
5499934	42	STIM=j
5505416	42	RESP=1
5515866	42	STIM=r
5519070	42	RESP=1
5531214	42	STIM=p
5535088	42	RESP=1
5548945	42	STIM=z
5553725	42	RESP=1
5566615	42	STIM=s
5571331	42	RESP=1
5581780	42	STIM=h
5585358	42	RESP=1
5597463	42	STIM=b
5602100	42	RESP=1
5612886	42	STIM=q
5630842	42	RESP=1
5631474	42	STIM=m
5640433	42	RESP=1
5649031	42	STIM=9
5654165	42	RESP=2
5664295	42	STIM=d
5673053	42	RESP=1
5680714	42	STIM=r
5693416	42	RESP=1
5697779	42	STIM=b
5701814	42	RESP=1
5714886	42	STIM=f
5721646	42	RESP=1
5730874	42	STIM=p
5740927	42	RESP=1
5747478	42	STIM=y
5750604	42	RESP=1
5765722	42	STIM=f
5769808	42	RESP=1
5781491	42	STIM=z
5784790	42	RESP=1
5800410	42	STIM=s
5806085	42	RESP=1
5817030	42	STIM=f
5828016	42	RESP=1
5833812	42	STIM=h
5841250	42	RESP=1
5849894	42	STIM=y
5853456	42	RESP=2
5865393	42	STIM=7
5873453	42	RESP=2
5882886	42	STIM=a
5890242	42	RESP=2
5898502	42	STIM=7
5905426	42	RESP=1
5917259	42	STIM=o
5921061	42	RESP=1
5934967	42	STIM=q
5939125	42	RESP=1
5950800	42	STIM=s
5954352	42	RESP=1
5967663	42	STIM=1
5971331	42	RESP=2
5985984	42	STIM=k
5994686	42	RESP=1
6001349	42	STIM=q
6005601	42	RESP=1
6019640	42	STIM=a
6025315	42	RESP=2
6038472	42	STIM=i
6043324	42	RESP=1
6057235	42	STIM=3
6065248	42	RESP=2
6074713	42	STIM=f
6083195	42	RESP=1
6090143	42	STIM=p
6095319	42	RESP=1
6106138	42	STIM=s
6112901	42	RESP=1
6123004	42	STIM=o
6131484	42	RESP=1
6140411	42	STIM=r
6153691	42	RESP=1
6155459	42	STIM=e
6164543	42	RESP=1
6172724	42	STIM=u
6175511	42	RESP=1
6190246	42	STIM=l
6200980	42	RESP=1
6208594	42	STIM=y
6215933	42	RESP=1
6223836	42	STIM=s
6228870	42	RESP=1
6241585	42	STIM=n
6245975	42	RESP=1
6259379	42	STIM=e
6266569	42	RESP=1
6277934	42	STIM=5
6283283	42	RESP=2
6296637	42	STIM=d
6300344	42	RESP=1
6315451	42	STIM=9
6322623	42	RESP=2
6333688	42	STIM=e
6337429	42	RESP=1
6351755	42	STIM=4
6359630	42	RESP=2
6367763	42	STIM=r
6377395	42	RESP=1
6382885	42	STIM=c
6387931	42	RESP=1
6401719	42	STIM=x
6404528	42	RESP=1
6420445	42	STIM=3
6426088	42	RESP=2
6438094	42	STIM=b
6443845	42	RESP=1
6454013	42	STIM=p
6459808	42	RESP=1
6471338	42	STIM=k
6475017	42	RESP=1
6489863	42	STIM=0
6497688	42	RESP=2
6507544	42	STIM=m
6511045	42	RESP=1
6523319	42	STIM=u
6525895	42	RESP=1
6542209	42	STIM=p
6545665	42	RESP=1
6559974	42	STIM=l
6563372	42	RESP=1
6577013	42	STIM=r
6582900	42	RESP=1
6592544	42	STIM=f
6597823	42	RESP=1
6609675	42	STIM=s
6616036	42	RESP=1
6627306	42	STIM=7
6638213	42	RESP=2
6643554	42	STIM=l
6648929	42	RESP=1
6658715	42	STIM=x
6662486	42	RESP=1
6674739	42	STIM=a
6683429	42	RESP=1
6691830	42	STIM=6
6698412	42	RESP=2
6708936	42	STIM=w
6715019	42	RESP=1
6727280	42	STIM=z
6730859	42	RESP=1
6745546	42	STIM=l
6750512	42	RESP=1
6762967	42	STIM=2
6771015	42	RESP=2
6778377	42	STIM=w
6785829	42	RESP=1
6794135	42	STIM=n
6798660	42	RESP=1
6809944	42	STIM=o
6819888	42	RESP=1
6826626	42	STIM=6
6830876	42	RESP=2
6842976	42	STIM=d
6846765	42	RESP=1
6861810	42	STIM=i
6866699	42	RESP=1
6880340	42	STIM=j
6887349	42	RESP=1
6897313	42	STIM=n
6901489	42	RESP=1
6914273	42	STIM=x
6917655	42	RESP=1
6930546	42	STIM=v
6937996	42	RESP=1
6946871	42	STIM=c
6956138	42	RESP=1
6962082	42	STIM=x
6967302	42	RESP=2
6978021	42	STIM=i
6983456	42	RESP=1
6994587	42	STIM=b
6998648	42	RESP=1
7013126	42	STIM=z
7016844	42	RESP=1
7030180	42	STIM=6
7035297	42	RESP=2
7048221	42	STIM=x
7061421	42	RESP=1
7065816	42	STIM=a
7074248	42	RESP=1
7082673	42	STIM=e
7088221	42	RESP=1
7098597	42	STIM=g
7101535	42	RESP=1
7114662	42	STIM=9
7124004	42	RESP=1
7131311	42	STIM=1
7137282	42	RESP=2
7149685	42	STIM=r
7153065	42	RESP=1
7167632	42	STIM=p
7175140	42	RESP=1
7183142	42	STIM=4
7189254	42	RESP=2
7201018	42	STIM=0
7208526	42	RESP=2
7218861	42	STIM=c
7225272	42	RESP=1
7235303	42	STIM=h
7244370	42	RESP=1
7252521	42	STIM=d
7262636	42	RESP=1
7270243	42	STIM=p
7279605	42	RESP=1
7288691	42	STIM=m
7294717	42	RESP=1
7306970	42	STIM=4
7317872	42	RESP=2
7322310	42	STIM=9
7328812	42	RESP=2
7340972	42	STIM=w
7347442	42	RESP=1
7357780	42	STIM=f
7365727	42	RESP=1
7375168	42	STIM=v
7380372	42	RESP=2
7393665	42	STIM=m
7401147	42	RESP=1
7409492	42	STIM=z
7413185	42	RESP=1
7425531	42	STIM=x
7430208	42	RESP=1
7444204	42	STIM=e
7450382	42	RESP=1
7462183	42	STIM=g
7465701	42	RESP=1
7479414	42	STIM=e
7485576	42	RESP=1
7496851	42	STIM=7
7504833	42	RESP=2
7513024	42	STIM=f
7519794	42	RESP=1
7530090	42	STIM=o
7533864	42	RESP=1
7548395	42	STIM=5
7555047	42	RESP=2
7564667	42	STIM=d
7569078	42	RESP=1
7580213	42	STIM=c
7584297	42	RESP=1
7595251	42	STIM=h
7601262	42	RESP=1
7613598	42	STIM=q
7617402	42	RESP=1
7630744	42	STIM=x
7634650	42	RESP=1
7646020	42	STIM=3
7651234	42	RESP=2
7661440	42	STIM=4
7668966	42	RESP=2
7679355	42	STIM=j
7685076	42	RESP=1
7695447	42	STIM=m
7699786	42	RESP=1
7713773	42	STIM=x
7719558	42	RESP=1
7729970	42	STIM=v
7734661	42	RESP=1
7748656	42	STIM=j
7751362	42	RESP=1
7764369	42	STIM=k
7768488	42	RESP=1
7782595	42	STIM=v
7786281	42	RESP=1
7798615	42	STIM=w
7804353	42	RESP=1
7817273	42	STIM=8
7822669	42	RESP=1
7832298	42	STIM=q
7838172	42	RESP=1
7849806	42	STIM=x
7856332	42	RESP=1
7867902	42	STIM=p
7871950	42	RESP=1
7883350	42	STIM=u
7886980	42	RESP=1
7902329	42	STIM=v
7909289	42	RESP=1
7920345	42	STIM=j
7927591	42	RESP=1
7938995	42	STIM=w
7943049	42	RESP=1
7957726	42	STIM=n
7964637	42	RESP=1
7975436	42	STIM=o
7981190	42	RESP=1
7993991	42	STIM=4
8001033	42	RESP=2
8012909	42	STIM=3
8017848	42	RESP=2
8029506	42	STIM=v
8033414	42	RESP=1
8047534	42	STIM=4
8054430	42	RESP=2
8063394	42	STIM=7
8076081	42	RESP=2
8081484	42	STIM=3
8089078	42	RESP=1
8098929	42	STIM=p
8105671	42	RESP=1
8117854	42	STIM=c
8123706	42	RESP=1
8135578	42	STIM=j
8145267	42	RESP=1
8151919	42	STIM=d
8155526	42	RESP=1
8170822	42	STIM=o
8176819	42	RESP=1
8188269	42	STIM=y
8192971	42	RESP=1
8203531	42	STIM=c
8207010	42	RESP=1
8221971	42	STIM=b
8224583	42	RESP=1
8237767	42	STIM=u
8244921	42	RESP=1
8254997	42	STIM=g
8257870	42	RESP=1
8270285	42	STIM=2
8277066	42	RESP=2
8289229	42	STIM=d
8295479	42	RESP=1
8305544	42	STIM=c
8309452	42	RESP=1
8324141	42	STIM=i
8330663	42	RESP=1
8341954	42	STIM=z
8348793	42	RESP=2
8360175	42	STIM=j
8363892	42	RESP=1
8377408	42	STIM=s
8389940	42	RESP=1
8392547	42	STIM=8
8399165	42	RESP=2
8410412	42	STIM=f
8412874	42	RESP=1
8426149	42	STIM=x
8429612	42	RESP=1
8442543	42	STIM=s
8445769	42	RESP=1
8459130	42	STIM=z
8463248	42	RESP=1
8474836	42	STIM=3
8482574	42	RESP=2
8493708	42	STIM=q
8496553	42	RESP=1
8509173	42	STIM=2
8512645	42	RESP=2
8526102	42	STIM=8
8534515	42	RESP=2
8543997	42	STIM=e
8549194	42	RESP=1
8562171	42	STIM=x
8568430	42	RESP=1
8580983	42	STIM=p
8586611	42	RESP=1
8599097	42	STIM=2
8606941	42	RESP=2
8614436	42	STIM=5
8620918	42	RESP=1
8630405	42	STIM=s
8637651	42	RESP=1
8646403	42	STIM=r
8653734	42	RESP=1
8663580	42	STIM=8
8671445	42	RESP=2
8682053	42	STIM=p
8686102	42	RESP=1
8697505	42	STIM=b
8700435	42	RESP=1
8716117	42	STIM=l
8723020	42	RESP=1
8731401	42	STIM=h
8737713	42	RESP=1
8747572	42	STIM=2
8754279	42	RESP=2
8764253	42	STIM=t
8772734	42	RESP=1
8782465	42	STIM=h
8794235	42	RESP=1
8800907	42	STIM=d
8804416	42	RESP=1
8817280	42	STIM=w
8823189	42	RESP=1
8832806	42	STIM=z
8838208	42	RESP=1
8851034	42	STIM=x
8856145	42	RESP=1
8868801	42	STIM=o
8877196	42	RESP=1
8884637	42	STIM=i
8890091	42	RESP=1
8902551	42	STIM=o
8909706	42	RESP=1
8917978	42	STIM=k
8925381	42	RESP=1
8936360	42	STIM=a
8941562	42	RESP=1
8954927	42	STIM=r
8961304	42	RESP=1
8970660	42	STIM=l
8979581	42	RESP=1
8986640	42	STIM=6
8991738	42	RESP=1
9001954	42	STIM=2
9007938	42	RESP=2
9017497	42	STIM=i
9025300	42	RESP=1
9034752	42	STIM=a
9040018	42	RESP=1
9049898	42	STIM=n
9054350	42	RESP=1
9067407	42	STIM=x
9071645	42	RESP=1
9084080	42	STIM=w
9089825	42	RESP=1
9099307	42	STIM=3
9104553	42	RESP=2
9115485	42	STIM=r
9119040	42	RESP=1
9134288	42	STIM=p
9139759	42	RESP=1
9150732	42	STIM=7
9160422	42	RESP=2
9166480	42	STIM=l
9171810	42	RESP=1
9184588	42	STIM=e
9189829	42	RESP=1
9201080	42	STIM=n
9205204	42	RESP=1
9219465	42	STIM=9
9237453	42	RESP=2
9237553	42	STIM=z
9240597	42	RESP=1
9255891	42	STIM=d
9262243	42	RESP=1
9274619	42	STIM=l
9286342	42	RESP=1
9292919	42	STIM=6
9300882	42	RESP=2
9311463	42	STIM=j
9317667	42	RESP=1
9330015	42	STIM=x
9335043	42	RESP=2
9347369	42	STIM=7
9354911	42	RESP=2
9362456	42	STIM=v
9369288	42	RESP=1
9380020	42	STIM=3
9390700	42	RESP=2
9396984	42	STIM=a
9400572	42	RESP=1
9413114	42	STIM=8
9420543	42	RESP=2
9430158	42	STIM=4
9433537	42	RESP=2
9447688	42	STIM=o
9452725	42	RESP=1
9464206	42	STIM=e
9468019	42	RESP=1
9482674	42	STIM=s
9488528	42	RESP=1
9498344	42	STIM=t
9501560	42	RESP=1
9516066	42	STIM=h
9520833	42	RESP=1
9531585	42	STIM=y
9544977	42	RESP=1
9549461	42	STIM=p
9554280	42	RESP=1
9564827	42	STIM=3
9569720	42	RESP=2
9580876	42	STIM=c
9586136	42	RESP=1
9597821	42	STIM=y
9602093	42	RESP=1
9614491	42	STIM=u
9620722	42	RESP=1
9630310	42	STIM=n
9633785	42	RESP=1
9646238	42	STIM=i
9658548	42	RESP=1
9661932	42	STIM=i
9670706	42	RESP=1
9679658	42	STIM=t
9683181	42	RESP=1
9696308	42	STIM=x
9700684	42	RESP=1
9715235	42	STIM=g
9723605	42	RESP=1
9732096	42	STIM=u
9737176	42	RESP=1
9747236	42	STIM=g
9749849	42	RESP=1
9764676	42	STIM=7
9775181	42	RESP=1
9782521	42	STIM=l
9789759	42	RESP=1
9798685	42	STIM=k
9806425	42	RESP=1
9815261	42	STIM=2
9825849	42	RESP=1
9834072	42	STIM=g
9838899	42	RESP=1
9850818	42	STIM=t
9854670	42	RESP=1
9867963	42	STIM=1
9872013	42	RESP=2
9883281	42	STIM=f
9887249	42	RESP=1
9898572	42	STIM=6
9906653	42	RESP=1
9917067	42	STIM=1
9926516	42	RESP=2
9935516	42	STIM=y
9940162	42	RESP=1
9952182	42	STIM=e
9955560	42	RESP=1
9969577	42	STIM=4
9980503	42	RESP=2
9985477	42	STIM=b
9989255	42	RESP=1
10001879	42	STIM=c
10007753	42	RESP=1
10018284	42	STIM=5
10024843	42	RESP=2
10034392	42	STIM=z
10039091	42	RESP=1
10050788	42	STIM=w
10056053	42	RESP=1
10066090	42	STIM=g
10069864	42	RESP=1
10084640	42	STIM=l
10090248	42	RESP=1
10101795	42	STIM=d
10106943	42	RESP=2
10118312	42	STIM=d
10126506	42	RESP=1
10136250	42	STIM=w
10148354	42	RESP=1
10153015	42	STIM=s
10158984	42	RESP=1
10168917	42	STIM=o
10175670	42	RESP=1
10184382	42	STIM=0
10190706	42	RESP=2
10199804	42	STIM=c
10206296	42	RESP=1
10216778	42	STIM=9
10222448	42	RESP=2
10234924	42	STIM=e
10239190	42	RESP=1
10253514	42	STIM=x
10256640	42	RESP=1
10269262	42	STIM=e
10275578	42	RESP=1
10287450	42	STIM=r
10295280	42	RESP=1
10303191	42	STIM=v
10308598	42	RESP=1
10321324	42	STIM=u
10330685	42	RESP=1
10336941	42	STIM=c
10341628	42	RESP=1
10355300	42	STIM=c
10358254	42	RESP=1
10372835	42	STIM=d
10378907	42	RESP=1
10389763	42	STIM=y
10394226	42	RESP=1
10408608	42	STIM=r
10413009	42	RESP=1
10424618	42	STIM=i
10429436	42	RESP=1
10439950	42	STIM=m
10442783	42	RESP=1
10457298	42	STIM=1
10464291	42	RESP=2
10475892	42	STIM=x
10481568	42	RESP=1
10490917	42	STIM=l
10496837	42	RESP=1
10506303	42	STIM=0
10514047	42	RESP=2
10524483	42	STIM=e
10531716	42	RESP=1
10540642	42	STIM=4
10545145	42	RESP=2
10557995	42	STIM=5
10568663	42	RESP=2
10573170	42	STIM=h
10582541	42	RESP=1
10591866	42	STIM=s
10596268	42	RESP=1
10609095	42	STIM=p
10613293	42	RESP=1
10627381	42	STIM=k
10633899	42	RESP=2
10643213	42	STIM=w
10647291	42	RESP=1
10660887	42	STIM=1
10665957	42	RESP=1
10679202	42	STIM=f
10688361	42	RESP=1
10697892	42	STIM=m
10708237	42	RESP=1
10713085	42	STIM=j
10717520	42	RESP=1
10730760	42	STIM=a
10736948	42	RESP=1
10746239	42	STIM=k
10752395	42	RESP=1
10762399	42	STIM=1
10769535	42	RESP=2
10779573	42	STIM=c
10782326	42	RESP=1
10798067	42	STIM=d
10804657	42	RESP=1
10815745	42	STIM=k
10820234	42	RESP=1
10831871	42	STIM=h
10835832	42	RESP=1
10848209	42	STIM=j
10853466	42	RESP=1
10863304	42	STIM=t
10866658	42	RESP=1
10881085	42	STIM=f
10887840	42	RESP=1
10898993	42	STIM=w
10903977	42	RESP=2
10916884	42	STIM=l
10920964	42	RESP=2
10934903	42	STIM=6
10939366	42	RESP=2
10950700	42	STIM=n
10956749	42	RESP=1
10966100	42	STIM=f
10972916	42	RESP=1
10981188	42	STIM=o
10988728	42	RESP=1
10996753	42	STIM=l
11003445	42	RESP=1
11013936	42	STIM=b
11017611	42	RESP=1
11032607	42	STIM=m
11041050	42	RESP=1
11048763	42	STIM=f
11055953	42	RESP=1
11066677	42	STIM=8
11074097	42	RESP=2
11083414	42	STIM=l
11089027	42	RESP=1
11098493	42	STIM=p
11106480	42	RESP=1
11115520	42	STIM=d
11122304	42	RESP=1
11131624	42	STIM=j
11136173	42	RESP=1
11148720	42	STIM=0
11155371	42	RESP=1
11165439	42	STIM=6
11173269	42	RESP=2
11182435	42	STIM=4
11190176	42	RESP=1
11200833	42	STIM=t
11204695	42	RESP=1
11217413	42	STIM=k
11222306	42	RESP=1
11235145	42	STIM=s
11240128	42	RESP=1
11252407	42	STIM=t
11257308	42	RESP=1
11267589	42	STIM=z
11271246	42	RESP=1
11283971	42	STIM=7
11292124	42	RESP=2
11302014	42	STIM=e
11312158	42	RESP=1
11318061	42	STIM=o
11321181	42	RESP=1
11335118	42	STIM=7
11342527	42	RESP=2
11350280	42	STIM=z
11355590	42	RESP=1
11368057	42	STIM=z
11375373	42	RESP=2
11383913	42	STIM=9
11393796	42	RESP=2
11400112	42	STIM=h
11404237	42	RESP=2
11416930	42	STIM=x
11426113	42	RESP=1
11433350	42	STIM=b
11436841	42	RESP=1
11451537	42	STIM=g
11462852	42	RESP=1
11469600	42	STIM=m
11473197	42	RESP=1
11486636	42	STIM=p
11491794	42	RESP=1
11505340	42	STIM=8
11512627	42	RESP=2
11523204	42	STIM=i
11530332	42	RESP=1
11538508	42	STIM=z
11543674	42	RESP=1
11554567	42	STIM=e
11559376	42	RESP=1
11573332	42	STIM=x
11576593	42	RESP=1
11590293	42	STIM=j
11597806	42	RESP=1
11608886	42	STIM=n
11612664	42	RESP=1
11626405	42	STIM=w
11629832	42	RESP=1
11642651	42	STIM=g
11647367	42	RESP=1
11658734	42	STIM=6
11664751	42	RESP=2
11676274	42	STIM=7
11683451	42	RESP=2
11695107	42	STIM=d
11699966	42	RESP=1
11710242	42	STIM=c
11714730	42	RESP=1
11725469	42	STIM=c
11729066	42	RESP=1
11743488	42	STIM=y
11751239	42	RESP=1
11762007	42	STIM=3
11770814	42	RESP=2
11780312	42	STIM=t
11785057	42	RESP=1
11796676	42	STIM=x
11807898	42	RESP=1
11812626	42	STIM=n
11817786	42	RESP=1
11828430	42	STIM=1
11834259	42	RESP=2
11844294	42	STIM=t
11850304	42	RESP=1
11861166	42	STIM=0
11865290	42	RESP=2
11880133	42	STIM=t
11883953	42	RESP=1
11899016	42	STIM=r
11905604	42	RESP=1
11917387	42	STIM=9
11925021	42	RESP=2
11934435	42	STIM=5
11942932	42	RESP=1
11951622	42	STIM=f
11958521	42	RESP=1
11966692	42	STIM=y
11971208	42	RESP=1
11983428	42	STIM=g
11991568	42	RESP=1
12000397	42	STIM=z
12006157	42	RESP=1
12018974	42	STIM=j
12025256	42	RESP=1
12037452	42	STIM=d
12043818	42	RESP=1
12054928	42	STIM=f
12058765	42	RESP=1
12073063	42	STIM=q
12078481	42	RESP=1
12088430	42	STIM=6
12096005	42	RESP=2
12107258	42	STIM=n
12110836	42	RESP=1
12124809	42	STIM=a
12128728	42	RESP=1
12141423	42	STIM=n
12148490	42	RESP=1
12160309	42	STIM=b
12167552	42	RESP=1
12178735	42	STIM=2
12184818	42	RESP=2
12197498	42	STIM=g
12202524	42	RESP=1
12215180	42	STIM=e
12218138	42	RESP=1
12230294	42	STIM=1
12238537	42	RESP=2
12245779	42	STIM=d
12252168	42	RESP=1
12264496	42	STIM=d
12268020	42	RESP=1
12281740	42	STIM=m
12287429	42	RESP=1
12297754	42	STIM=5
12303551	42	RESP=2
12314779	42	STIM=0
12319118	42	RESP=2
12329862	42	STIM=a
12334166	42	RESP=1
12345103	42	STIM=8
12349246	42	RESP=2
12361271	42	STIM=i
12369208	42	RESP=1
12379241	42	STIM=g
12390111	42	RESP=2
12394581	42	STIM=l
12400873	42	RESP=1
12409849	42	STIM=o
12413654	42	RESP=1
12428633	42	STIM=d
12433492	42	RESP=1
12447094	42	STIM=t
12454512	42	RESP=1
12465652	42	STIM=l
12469787	42	RESP=1
12483203	42	STIM=5
12489783	42	RESP=2
12499191	42	STIM=w
12503150	42	RESP=1
12514455	42	STIM=c
12518434	42	RESP=1
12531379	42	STIM=9
12538738	42	RESP=2
12547533	42	STIM=z
12553344	42	RESP=1
12563274	42	STIM=q
12568575	42	RESP=1
12582013	42	STIM=j
12589116	42	RESP=1
12598973	42	STIM=c
12604723	42	RESP=1
12616499	42	STIM=g
12624671	42	RESP=1
12632622	42	STIM=6
12639041	42	RESP=2
12649182	42	STIM=n
12654459	42	RESP=1
12664604	42	STIM=a
12667192	42	RESP=1
12682089	42	STIM=l
12693828	42	RESP=1
12698859	42	STIM=v
12705221	42	RESP=1
12713926	42	STIM=2
12721689	42	RESP=2
12731380	42	STIM=v
12736080	42	RESP=1
12748118	42	STIM=o
12752614	42	RESP=1
12765817	42	STIM=b
12773945	42	RESP=1
12781698	42	STIM=8
12786338	42	RESP=2
12798101	42	STIM=5
12803299	42	RESP=2
12814076	42	STIM=g
12820285	42	RESP=1
12832689	42	STIM=w
12837449	42	RESP=1
12847973	42	STIM=q
12852564	42	RESP=1
12864906	42	STIM=l
12869075	42	RESP=1
12882175	42	STIM=a
12889591	42	RESP=2
12899840	42	STIM=1
12905854	42	RESP=2
12917997	42	STIM=r
12923894	42	RESP=1
12934479	42	STIM=g
12939022	42	RESP=1
12952237	42	STIM=x
12959096	42	RESP=1
12968104	42	STIM=6
12974064	42	RESP=2
12984304	42	STIM=s
12988590	42	RESP=1
13000248	42	STIM=n
13006816	42	RESP=1
13015573	42	STIM=p
13020805	42	RESP=1
13034284	42	STIM=p
13038529	42	RESP=1
13049959	42	STIM=e
13056794	42	RESP=1
13066659	42	STIM=g
13071814	42	RESP=1
13082077	42	STIM=e
13093484	42	RESP=1
13099897	42	STIM=d
13106157	42	RESP=1
13115819	42	STIM=p
13119338	42	RESP=1
13132290	42	STIM=1
13137001	42	RESP=2
13147853	42	STIM=f
13155324	42	RESP=2
13165613	42	STIM=q
13171595	42	RESP=1
13183792	42	STIM=d
13188895	42	RESP=1
13201713	42	STIM=p
13207800	42	RESP=1
13220407	42	STIM=w
13225301	42	RESP=1
13237583	42	STIM=b
13243065	42	RESP=1
13253175	42	STIM=j
13257962	42	RESP=1
13268838	42	STIM=l
13272359	42	RESP=1
13285933	42	STIM=r
13290199	42	RESP=1
13303392	42	STIM=n
13308276	42	RESP=1
13321938	42	STIM=j
13326376	42	RESP=1
13338429	42	STIM=n
13342754	42	RESP=1
13354904	42	STIM=q
13360868	42	RESP=1
13370015	42	STIM=e
13378359	42	RESP=1
13387397	42	STIM=k
13391285	42	RESP=1
13403571	42	STIM=y
13407934	42	RESP=1
13420863	42	STIM=5
13426466	42	RESP=2
13437451	42	STIM=z
13444439	42	RESP=1
13452917	42	STIM=t
13458222	42	RESP=1
13469045	42	STIM=z
13479941	42	RESP=1
13484255	42	STIM=d
13488961	42	RESP=1
13502126	42	STIM=g
13505741	42	RESP=1
13519233	42	STIM=n
13524831	42	RESP=1
13537238	42	STIM=d
13543015	42	RESP=1
13552627	42	STIM=6
13556908	42	RESP=2
13570802	42	STIM=d
13575398	42	RESP=1
13588183	42	STIM=g
13595821	42	RESP=1
13605546	42	STIM=a
13610934	42	RESP=1
13623194	42	STIM=d
13627709	42	RESP=1
13641168	42	STIM=j
13646080	42	RESP=1
13658521	42	STIM=i
13666917	42	RESP=1
13674051	42	STIM=r
13679545	42	RESP=1
13692679	42	STIM=8
13697015	42	RESP=2
13711108	42	STIM=j
13715042	42	RESP=1
13728378	42	STIM=k
13731974	42	RESP=1
13743502	42	STIM=n
13748122	42	RESP=1
13758605	42	STIM=d
13762877	42	RESP=1
13775969	42	STIM=s
13780610	42	RESP=1
13792433	42	STIM=d
13796752	42	RESP=1
13809145	42	STIM=8
13821309	42	RESP=2
13828016	42	STIM=i
13836366	42	RESP=1
13844345	42	STIM=o
13848802	42	RESP=1
13862762	42	STIM=2
13869020	42	RESP=1
13879150	42	STIM=h
13881656	42	RESP=1
13897933	42	STIM=9
13901852	42	RESP=2
13913549	42	STIM=k
13917326	42	RESP=1
13928761	42	STIM=v
13935060	42	RESP=1
13946735	42	STIM=3
13950268	42	RESP=2
13961810	42	STIM=w
13966523	42	RESP=1
13978296	42	STIM=x
13986230	42	RESP=1
13993864	42	STIM=6
13999788	42	RESP=2
14009642	42	STIM=k
14016217	42	RESP=1
14026847	42	STIM=q
14031000	42	RESP=1
14044717	42	STIM=h
14051100	42	RESP=1
14061528	42	STIM=0
14074665	42	RESP=2
14080027	42	STIM=m
14090036	42	RESP=1
14098850	42	STIM=f
14106869	42	RESP=1
14117309	42	STIM=g
14121946	42	RESP=1
14134200	42	STIM=c
14141198	42	RESP=1
14153122	42	STIM=a
14159937	42	RESP=1
14169612	42	STIM=n
14173363	42	RESP=1
14185842	42	STIM=e
14191116	42	RESP=1
14201396	42	STIM=8
14208404	42	RESP=2
14219002	42	STIM=q
14226201	42	RESP=1
14235499	42	STIM=u
14242284	42	RESP=1
14252144	42	STIM=5
14257829	42	RESP=2
14269788	42	STIM=a
14273514	42	RESP=1
14287587	42	STIM=v
14292646	42	RESP=1
14303491	42	STIM=5
14314616	42	RESP=2
14319949	42	STIM=d
14323639	42	RESP=1
14336363	42	STIM=e
14343134	42	RESP=1
14352447	42	STIM=c
14357562	42	RESP=1
14371132	42	STIM=y
14378167	42	RESP=1
14387383	42	STIM=3
14395922	42	RESP=2
14404386	42	STIM=x
14408117	42	RESP=1
14423041	42	STIM=v
14429239	42	RESP=1
14441468	42	STIM=s
14448435	42	RESP=1
14457908	42	STIM=5
14464704	42	RESP=2
14473427	42	STIM=y
14477445	42	RESP=1
14491357	42	STIM=i
14495644	42	RESP=1
14508037	42	STIM=5
14513197	42	RESP=2
14524463	42	STIM=3
14529661	42	RESP=2
14541605	42	STIM=m
14546889	42	RESP=1
14556726	42	STIM=4
14564677	42	RESP=2
14572511	42	STIM=t
14578466	42	RESP=1
14590791	42	STIM=e
14595538	42	RESP=1
14606383	42	STIM=e
14611643	42	RESP=1
14623982	42	STIM=k
14629479	42	RESP=1
14642242	42	STIM=f
14650657	42	RESP=2
14659360	42	STIM=l
14663251	42	RESP=2
14674706	42	STIM=o
14677737	42	RESP=1
14693025	42	STIM=s
14699805	42	RESP=1
14709263	42	STIM=7
14714108	42	RESP=2
14727287	42	STIM=c
14735008	42	RESP=1
14744969	42	STIM=7
14752889	42	RESP=2
14761869	42	STIM=h
14767197	42	RESP=1
14777894	42	STIM=r
14787074	42	RESP=1
14795619	42	STIM=t
14800952	42	RESP=1
14813771	42	STIM=n
14820818	42	RESP=1
14831733	42	STIM=a
14838783	42	RESP=1
14847069	42	STIM=i
14851949	42	RESP=1
14863091	42	STIM=u
14873303	42	RESP=1
14878436	42	STIM=x
14887431	42	RESP=1
14893974	42	STIM=n
14899998	42	RESP=1
14909615	42	STIM=1
14917151	42	RESP=2
14928170	42	STIM=e
14932267	42	RESP=1
14945832	42	STIM=n
14957303	42	RESP=1
14964155	42	STIM=w
14974906	42	RESP=1
14979981	42	STIM=y
14991028	42	RESP=1
14997376	42	STIM=0
15003058	42	RESP=2
15012597	42	STIM=j
15018949	42	RESP=1
15030919	42	STIM=l
15035564	42	RESP=1
15048219	42	STIM=u
15054103	42	RESP=1
15063674	42	STIM=f
15070912	42	RESP=2
15080494	42	STIM=i
15086432	42	RESP=1
15095818	42	STIM=a
15100957	42	RESP=1
15112106	42	STIM=t
15116981	42	RESP=1
15129927	42	STIM=l
15136696	42	RESP=1
15147415	42	STIM=9
15154300	42	RESP=2
15166005	42	STIM=q
15170087	42	RESP=1
15183054	42	STIM=o
15189544	42	RESP=1
15200424	42	STIM=b
15207466	42	RESP=1
15219372	42	STIM=l
15223164	42	RESP=1
15236083	42	STIM=5
15241670	42	RESP=2
15254650	42	STIM=g
15259634	42	RESP=1
15270817	42	STIM=l
15276748	42	RESP=2
15286225	42	STIM=x
15290186	42	RESP=1
15301242	42	STIM=j
15310391	42	RESP=1
15319616	42	STIM=j
15325226	42	RESP=1
15336527	42	STIM=d
15341738	42	RESP=1
15353082	42	STIM=n
15356961	42	RESP=1
15368279	42	STIM=q
15371856	42	RESP=2
15384027	42	STIM=y
15391868	42	RESP=1
15399515	42	STIM=r
15408427	42	RESP=1
15417830	42	STIM=4
15423260	42	RESP=2
15435988	42	STIM=6
15440660	42	RESP=2
15454073	42	STIM=l
15459223	42	RESP=1
15470415	42	STIM=q
15475126	42	RESP=1
15486156	42	STIM=9
15492071	42	RESP=2
15501646	42	STIM=b
15505422	42	RESP=1
15519400	42	STIM=4
15524824	42	RESP=1
15536667	42	STIM=n
15542776	42	RESP=1
15552886	42	STIM=q
15555480	42	RESP=1
15568428	42	STIM=p
15572183	42	RESP=1
15587334	42	STIM=g
15590544	42	RESP=1
15602524	42	STIM=5
15617211	42	RESP=2
15620619	42	STIM=l
15626043	42	RESP=1
15639152	42	STIM=g
15642841	42	RESP=1
15656008	42	STIM=f
15661267	42	RESP=1
15673549	42	STIM=q
15680894	42	RESP=1
15689829	42	STIM=8
15695051	42	RESP=2
15705069	42	STIM=e
15709517	42	RESP=1
15722895	42	STIM=k
15727584	42	RESP=1
15739435	42	STIM=h
15745608	42	RESP=1
15755202	42	STIM=c
15762196	42	RESP=1
15773524	42	STIM=w
15779064	42	RESP=1
15789266	42	STIM=i
15796932	42	RESP=1
15804762	42	STIM=t
15808550	42	RESP=1
15822739	42	STIM=j
15827599	42	RESP=1
15837799	42	STIM=0
15847617	42	RESP=2
15854197	42	STIM=r
15859366	42	RESP=1
15869457	42	STIM=x
15874672	42	RESP=1
15886226	42	STIM=e
15890294	42	RESP=1
15901744	42	STIM=4
15905927	42	RESP=2
15916873	42	STIM=b
15920563	42	RESP=1
15934707	42	STIM=t
15938562	42	RESP=1
15953148	42	STIM=l
15957848	42	RESP=1
15971301	42	STIM=u
15978565	42	RESP=1
15987453	42	STIM=6
15991619	42	RESP=2
16003831	42	STIM=g
16008085	42	RESP=1
16022495	42	STIM=r
16027870	42	RESP=1
16040161	42	STIM=b
16043590	42	RESP=1
16059144	42	STIM=c
16063232	42	RESP=1
16074220	42	STIM=w
16078628	42	RESP=1
16093088	42	STIM=k
16096516	42	RESP=1
16108449	42	STIM=k
16112772	42	RESP=1
16125937	42	STIM=v
16130563	42	RESP=1
16142906	42	STIM=z
16148103	42	RESP=1
16160859	42	STIM=h
16165244	42	RESP=1
16176946	42	STIM=d
16181324	42	RESP=1
16192811	42	STIM=z
16198489	42	RESP=1
16210227	42	STIM=d
16214621	42	RESP=1
16228426	42	STIM=b
16233612	42	RESP=1
16247182	42	STIM=5
16252360	42	RESP=1
16263246	42	STIM=o
16269711	42	RESP=1
16282139	42	STIM=r
16287208	42	RESP=1
16299989	42	STIM=d
16303771	42	RESP=2
16316619	42	STIM=f
16320372	42	RESP=1
16331897	42	STIM=s
16337214	42	RESP=1
16349347	42	STIM=r
16353805	42	RESP=1
16364447	42	STIM=x
16367941	42	RESP=1
16380390	42	STIM=k
16392847	42	RESP=1
16395770	42	STIM=1
16401700	42	RESP=2
16411306	42	STIM=m
16416026	42	RESP=1
16429142	42	STIM=x
16435468	42	RESP=1
16447302	42	STIM=i
16451696	42	RESP=1
16465781	42	STIM=x
16469943	42	RESP=1
16481493	42	STIM=l
16488679	42	RESP=1
16498524	42	STIM=d
16504276	42	RESP=1
16516170	42	STIM=i
16521932	42	RESP=1
16531434	42	STIM=t
16536649	42	RESP=1
16546997	42	STIM=x
16552380	42	RESP=1
16563597	42	STIM=6
16572943	42	RESP=2
16578880	42	STIM=g
16582877	42	RESP=1
16597091	42	STIM=i
16603841	42	RESP=1
16614258	42	STIM=v
16620544	42	RESP=1
16632579	42	STIM=t
16639717	42	RESP=1
16648590	42	STIM=b
16653466	42	RESP=1
16666533	42	STIM=r
16670893	42	RESP=1
16685057	42	STIM=f
16691160	42	RESP=1
16701840	42	STIM=s
16704846	42	RESP=1
16718666	42	STIM=h
16723857	42	RESP=1
16734113	42	STIM=r
16741531	42	RESP=1
16749850	42	STIM=5
16753646	42	RESP=2
16766732	42	STIM=f
16770275	42	RESP=1
16782655	42	STIM=j
16789499	42	RESP=1
16798789	42	STIM=q
16802368	42	RESP=1
16816119	42	STIM=v
16825235	42	RESP=2
16831175	42	STIM=h
16834932	42	RESP=1
16846635	42	STIM=e
16850646	42	RESP=1
16863011	42	STIM=2
16869543	42	RESP=2
16881083	42	STIM=b
16886640	42	RESP=2
16899035	42	STIM=o
16902805	42	RESP=1
16915791	42	STIM=i
16922916	42	RESP=1
16933993	42	STIM=0
16941829	42	RESP=2
16950513	42	STIM=6
16954549	42	RESP=2
16967506	42	STIM=m
16974203	42	RESP=1
16984823	42	STIM=3
16989623	42	RESP=1
17002330	42	STIM=d
17007053	42	RESP=1
17017817	42	STIM=d
17022308	42	RESP=1
17034123	42	STIM=g
17043705	42	RESP=1
17050026	42	STIM=p
17060786	42	RESP=1
17065473	42	STIM=q
17070783	42	RESP=1
17081356	42	STIM=q
17085078	42	RESP=1
17098394	42	STIM=c
17105290	42	RESP=1
17114558	42	STIM=p
17118813	42	RESP=1
17132512	42	STIM=f
17135423	42	RESP=1
17151391	42	STIM=x
17156711	42	RESP=1
17169810	42	STIM=e
17177621	42	RESP=1
17185965	42	STIM=2
17192271	42	RESP=2
17203188	42	STIM=6
17209198	42	RESP=2
17221235	42	STIM=p
17226507	42	RESP=1
17237673	42	STIM=e
17244667	42	RESP=1
17255003	42	STIM=q
17261973	42	RESP=1
17271381	42	STIM=r
17277625	42	RESP=1
17288061	42	STIM=v
17291238	42	RESP=1
17304591	42	STIM=6
17314562	42	RESP=2
17321681	42	STIM=m
17326463	42	RESP=1
17338475	42	STIM=5
17346631	42	RESP=2
17356568	42	STIM=i
17360633	42	RESP=1
17374224	42	STIM=n
17380453	42	RESP=1
17390840	42	STIM=5
17397052	42	RESP=2
17407987	42	STIM=u
17414569	42	RESP=1
17426659	42	STIM=x
17432471	42	RESP=1
17442705	42	STIM=8
17447379	42	RESP=2
17460004	42	STIM=h
17465170	42	RESP=1
17477494	42	STIM=h
17483436	42	RESP=1
17493998	42	STIM=l
17499877	42	RESP=1
17510364	42	STIM=t
17513812	42	RESP=1
17526333	42	STIM=g
17538126	42	RESP=1
17543510	42	STIM=4
17548301	42	RESP=2
17558953	42	STIM=r
17564831	42	RESP=1
17574534	42	STIM=o
17578101	42	RESP=1
17592318	42	STIM=b
17599230	42	RESP=1
17607400	42	STIM=d
17614029	42	RESP=1
17623166	42	STIM=g
17626984	42	RESP=1
17641481	42	STIM=4
17647762	42	RESP=1
17658791	42	STIM=h
17665768	42	RESP=1
17675272	42	STIM=o
17680064	42	RESP=1
17692357	42	STIM=w
17696505	42	RESP=1
17708193	42	STIM=4
17714840	42	RESP=2
17724795	42	STIM=s
17729298	42	RESP=1
17742437	42	STIM=w
17746868	42	RESP=1
17761048	42	STIM=4
17767818	42	RESP=1
17777037	42	STIM=k
17785442	42	RESP=1
17793129	42	STIM=l
17798094	42	RESP=1
17811680	42	STIM=t
17814751	42	RESP=1
17830332	42	STIM=g
17838953	42	RESP=1
17847167	42	STIM=d
17851084	42	RESP=1
17862871	42	STIM=d
17869031	42	RESP=1
17880897	42	STIM=y
17887172	42	RESP=1
17897332	42	STIM=c
17906852	42	RESP=2
17912937	42	STIM=o
17917979	42	RESP=1
17929099	42	STIM=u
17935608	42	RESP=1
17944191	42	STIM=x
17946974	42	RESP=1
17959559	42	STIM=3
17968234	42	RESP=2
17976728	42	STIM=n
17982440	42	RESP=1
17993531	42	STIM=b
17998186	42	RESP=1
18010602	42	STIM=t
18017606	42	RESP=1
18027959	42	STIM=u
18033697	42	RESP=1
18045006	42	STIM=a
18050631	42	RESP=1
18060974	42	STIM=v
18067169	42	RESP=1
18076151	42	STIM=e
18082705	42	RESP=1
18095093	42	STIM=u
18099951	42	RESP=1
18114072	42	STIM=k
18120670	42	RESP=1
18132783	42	STIM=8
18139576	42	RESP=2
18149571	42	STIM=o
18155971	42	RESP=1
18167647	42	STIM=a
18173146	42	RESP=1
18185904	42	STIM=c
18191229	42	RESP=1
18202319	42	STIM=6
18208446	42	RESP=2
18219254	42	STIM=v
18225609	42	RESP=1
18234767	42	STIM=b
18239938	42	RESP=2
18250641	42	STIM=s
18256514	42	RESP=1
18268986	42	STIM=v
18274524	42	RESP=1
18287749	42	STIM=4
18293132	42	RESP=2
18305148	42	STIM=4
18309343	42	RESP=2
18323868	42	STIM=i
18327121	42	RESP=1
18342202	42	STIM=t
18351432	42	RESP=1
18360513	42	STIM=a
18364940	42	RESP=1
18379058	42	STIM=h
18383841	42	RESP=1
18397452	42	STIM=0
18402297	42	RESP=2
18415483	42	STIM=a
18419960	42	RESP=1
18434074	42	STIM=9
18445076	42	RESP=1
18450612	42	STIM=e
18456258	42	RESP=1
18468370	42	STIM=6
18473123	42	RESP=2
18485205	42	STIM=y
18491358	42	RESP=1
18503062	42	STIM=t
18510817	42	RESP=1
18521235	42	STIM=7
18525743	42	RESP=2
18538955	42	STIM=q
18544095	42	RESP=1
18554434	42	STIM=m
18559730	42	RESP=1
18572679	42	STIM=9
18577792	42	RESP=2
18589884	42	STIM=v
18593754	42	RESP=1
18608172	42	STIM=t
18612759	42	RESP=1
18626216	42	STIM=p
18632429	42	RESP=1
18641302	42	STIM=s
18647139	42	RESP=1
18659695	42	STIM=w
18663567	42	RESP=1
18676718	42	STIM=q
18682249	42	RESP=1
18695360	42	STIM=z
18700472	42	RESP=1
18713228	42	STIM=y
18721179	42	RESP=1
18729551	42	STIM=g
18736322	42	RESP=1
18746654	42	STIM=2
18751886	42	RESP=2
18762394	42	STIM=z
18766368	42	RESP=1
18778871	42	STIM=f
18783191	42	RESP=1
18796951	42	STIM=d
18801098	42	RESP=1
18812826	42	STIM=x
18818045	42	RESP=2
18830573	42	STIM=u
18837044	42	RESP=1
18846293	42	STIM=s
18851527	42	RESP=1
18864096	42	STIM=w
18867153	42	RESP=1
18880330	42	STIM=x
18889854	42	RESP=1
18896885	42	STIM=r
18899745	42	RESP=1
18912366	42	STIM=j
18917380	42	RESP=1
18929068	42	STIM=2
18935719	42	RESP=1
18946015	42	STIM=k
18949484	42	RESP=1
18962589	42	STIM=y
18968474	42	RESP=1
18980203	42	STIM=y
18984753	42	RESP=1
18995464	42	STIM=u
19001475	42	RESP=1
19011166	42	STIM=b
19014275	42	RESP=1
19028304	42	STIM=o
19030976	42	RESP=1
19046293	42	STIM=o
19050404	42	RESP=1
19061865	42	STIM=i
19069351	42	RESP=1
19080566	42	STIM=k
19084615	42	RESP=1
19095835	42	STIM=e
19101367	42	RESP=1
19111641	42	STIM=u
19116899	42	RESP=1
19127712	42	STIM=a
19131967	42	RESP=1
19145437	42	STIM=r
19152750	42	RESP=1
19162254	42	STIM=e
19166374	42	RESP=1
19179672	42	STIM=u
19184246	42	RESP=1
19197929	42	STIM=i
19202050	42	RESP=1
19216306	42	STIM=p
19219884	42	RESP=1
19233480	42	STIM=2
19238051	42	RESP=1
19248973	42	STIM=1
19255490	42	RESP=2
19265136	42	STIM=v
19269554	42	RESP=1
19283017	42	STIM=j
19286548	42	RESP=2
19301865	42	STIM=l
19305530	42	RESP=2
19316936	42	STIM=x
19321735	42	RESP=1
19333510	42	STIM=j
19336779	42	RESP=1
19351881	42	STIM=v
19358272	42	RESP=1
19367173	42	STIM=s
19380365	42	RESP=1
19385623	42	STIM=x
19392998	42	RESP=2
19403707	42	STIM=q
19410094	42	RESP=1
19420236	42	STIM=y
19424561	42	RESP=1
19435700	42	STIM=3
19440500	42	RESP=2
19454312	42	STIM=4
19459890	42	RESP=2
19472773	42	STIM=n
19477133	42	RESP=1
19489605	42	STIM=j
19493789	42	RESP=1
19504960	42	STIM=l
19508708	42	RESP=1
19523317	42	STIM=x
19526701	42	RESP=1
19540622	42	STIM=2
19545020	42	RESP=2
19555658	42	STIM=u
19559334	42	RESP=1
19572101	42	STIM=g
19576672	42	RESP=1
19590976	42	STIM=0
19595596	42	RESP=2
19609155	42	STIM=m
19612272	42	RESP=1
19626654	42	STIM=7
19633681	42	RESP=2
19644336	42	STIM=9
19651329	42	RESP=2
19659357	42	STIM=c
19664465	42	RESP=1
19677232	42	STIM=z
19685001	42	RESP=1
19692418	42	STIM=q
19698620	42	RESP=1
19707961	42	STIM=a
19713557	42	RESP=1
19723727	42	STIM=y
19728381	42	RESP=1
19740690	42	STIM=d
19744360	42	RESP=2
19756526	42	STIM=b
19763232	42	RESP=1
19773488	42	STIM=6
19778189	42	RESP=2
19789795	42	STIM=d
19792532	42	RESP=1
19807621	42	STIM=6
19812632	42	RESP=2
19824805	42	STIM=d
19828140	42	RESP=1
19841816	42	STIM=k
19848160	42	RESP=1
19858182	42	STIM=m
19862684	42	RESP=1
19873809	42	STIM=r
19882809	42	RESP=1
19889252	42	STIM=d
19895127	42	RESP=1
19906815	42	STIM=x
19914123	42	RESP=1
19923345	42	STIM=j
19930015	42	RESP=1
19942232	42	STIM=i
19949548	42	RESP=1
19957275	42	STIM=i
19965887	42	RESP=1
19975203	42	STIM=w
19983848	42	RESP=1
19993225	42	STIM=v
19999684	42	RESP=1
20010287	42	STIM=o
20013011	42	RESP=1
20028407	42	STIM=d
20031287	42	RESP=1
20043796	42	STIM=f
20048272	42	RESP=1
20059948	42	STIM=f
20062875	42	RESP=1
20076135	42	STIM=x
20082598	42	RESP=1
20091935	42	STIM=v
20097390	42	RESP=1
20107421	42	STIM=o
20111291	42	RESP=1
20124138	42	STIM=c
20129257	42	RESP=1
20140614	42	STIM=w
20144572	42	RESP=1
20157016	42	STIM=t
20162678	42	RESP=1
20175529	42	STIM=j
20182905	42	RESP=1
20190767	42	STIM=q
20199147	42	RESP=1
20209568	42	STIM=p
20217517	42	RESP=1
20226652	42	STIM=m
20231581	42	RESP=1
20245379	42	STIM=z
20250484	42	RESP=1
20261560	42	STIM=a
20266135	42	RESP=1
20277352	42	STIM=e
20280489	42	RESP=1
20292581	42	STIM=g
20297922	42	RESP=1
20308048	42	STIM=8
20314390	42	RESP=2
20325628	42	STIM=i
20331214	42	RESP=1
20342949	42	STIM=9
20351698	42	RESP=2
20361162	42	STIM=p
20368408	42	RESP=1
20376974	42	STIM=a
20382157	42	RESP=1
20394545	42	STIM=x
20397827	42	RESP=1
20410364	42	STIM=k
20412989	42	RESP=1
20429139	42	STIM=d
20438149	42	RESP=1
20448042	42	STIM=s
20453205	42	RESP=1
20463384	42	STIM=p
20468455	42	RESP=1
20481051	42	STIM=z
20488226	42	RESP=1
20498389	42	STIM=5
20510973	42	RESP=2
20514990	42	STIM=e
20520709	42	RESP=1
20530078	42	STIM=2
20535832	42	RESP=2
20548395	42	STIM=o
20552333	42	RESP=1
20564897	42	STIM=7
20571414	42	RESP=2
20582532	42	STIM=n
20586802	42	RESP=1
20601294	42	STIM=r
20604805	42	RESP=1
20617918	42	STIM=q
20621030	42	RESP=1
20635681	42	STIM=b
20643623	42	RESP=1
20654053	42	STIM=k
20659200	42	RESP=1
20670156	42	STIM=a
20678010	42	RESP=1
20685864	42	STIM=u
20691180	42	RESP=1
20701310	42	STIM=6
20707695	42	RESP=2
20720078	42	STIM=2
20725889	42	RESP=1
20738915	42	STIM=o
20742203	42	RESP=1
20755079	42	STIM=u
20761211	42	RESP=1
20770374	42	STIM=p
20773986	42	RESP=1
20786867	42	STIM=r
20790294	42	RESP=1
20803027	42	STIM=m
20813659	42	RESP=1
20821954	42	STIM=i
20829334	42	RESP=1
20838994	42	STIM=q
20844265	42	RESP=1
20856210	42	STIM=y
20859455	42	RESP=1
20871504	42	STIM=m
20879707	42	RESP=1
20890052	42	STIM=a
20895852	42	RESP=1
20908513	42	STIM=f
20915313	42	RESP=1
20925319	42	STIM=w
20928624	42	RESP=1
20940950	42	STIM=u
20948776	42	RESP=1
20956232	42	STIM=c
20960852	42	RESP=1
20974661	42	STIM=j
20979259	42	RESP=1
20989820	42	STIM=r
20998710	42	RESP=1
21006230	42	STIM=d
21010507	42	RESP=1
21022709	42	STIM=u
21026356	42	RESP=1
21039344	42	STIM=h
21042748	42	RESP=1
21054536	42	STIM=t
21060523	42	RESP=1
21071447	42	STIM=s
21076998	42	RESP=1
21089515	42	STIM=l
21095305	42	RESP=1
21107898	42	STIM=s
21111958	42	RESP=1
21126470	42	STIM=w
21131167	42	RESP=1
21144126	42	STIM=7
21152802	42	RESP=2
21159854	42	STIM=l
21171748	42	RESP=2
21177163	42	STIM=x
21182978	42	RESP=1
21195281	42	STIM=n
21204570	42	RESP=1
21211852	42	STIM=t
21217918	42	RESP=1
21230124	42	STIM=5
21239700	42	RESP=2
21245765	42	STIM=h
21251736	42	RESP=1
21264396	42	STIM=r
21269137	42	RESP=1
21280948	42	STIM=a
21287849	42	RESP=1
21298198	42	STIM=j
21303186	42	RESP=1
21316993	42	STIM=5
21321459	42	RESP=2
21335156	42	STIM=j
21341896	42	RESP=2
21350629	42	STIM=j
21354546	42	RESP=1
21367596	42	STIM=v
21373092	42	RESP=1
21385004	42	STIM=t
21391772	42	RESP=1
21402180	42	STIM=q
21405321	42	RESP=1
21418340	42	STIM=w
21421342	42	RESP=1
21433633	42	STIM=g
21439221	42	RESP=1
21450781	42	STIM=q
21455545	42	RESP=1
21467990	42	STIM=x
21470971	42	RESP=1
21486730	42	STIM=p
21490623	42	RESP=1
21503771	42	STIM=d
21506848	42	RESP=1
21521345	42	STIM=r
21527435	42	RESP=1
21536378	42	STIM=t
21541256	42	RESP=1
21552553	42	STIM=p
21557070	42	RESP=1
21568368	42	STIM=8
21575286	42	RESP=2
21585945	42	STIM=d
21594300	42	RESP=1
21603854	42	STIM=a
21607860	42	RESP=1
21620492	42	STIM=1
21624978	42	RESP=1
21636915	42	STIM=p
21641111	42	RESP=1
21654912	42	STIM=a
21663191	42	RESP=1
21673004	42	STIM=c
21679034	42	RESP=2
21690022	42	STIM=u
21695214	42	RESP=1
21706920	42	STIM=8
21711700	42	RESP=2
21722208	42	STIM=q
21727287	42	RESP=1
21738469	42	STIM=4
21743761	42	RESP=2
