# Original filename: 0022_YTA_2017-05-23.log
# Time unit: 100 us
# RARECAT=digit
#
# Time	HHGG	Event
29012	42	STIM=n
33307	42	RESP=1
44170	42	STIM=u
52709	42	RESP=1
61872	42	STIM=q
69099	42	RESP=1
78168	42	STIM=j
87945	42	RESP=1
93385	42	STIM=b
98045	42	RESP=1
111859	42	STIM=g
115953	42	RESP=1
128239	42	STIM=o
132639	42	RESP=1
144526	42	STIM=s
148730	42	RESP=1
159758	42	STIM=0
164427	42	RESP=2
175219	42	STIM=h
182525	42	RESP=1
193081	42	STIM=e
199430	42	RESP=1
210886	42	STIM=1
223638	42	RESP=2
226912	42	STIM=s
233273	42	RESP=1
242157	42	STIM=6
250925	42	RESP=1
259958	42	STIM=c
268809	42	RESP=1
277973	42	STIM=u
283423	42	RESP=1
294463	42	STIM=r
299351	42	RESP=1
310058	42	STIM=o
313987	42	RESP=1
326497	42	STIM=0
333262	42	RESP=2
342676	42	STIM=0
351137	42	RESP=2
360869	42	STIM=e
363946	42	RESP=1
378951	42	STIM=x
383144	42	RESP=1
396240	42	STIM=q
403042	42	RESP=1
413229	42	STIM=s
416305	42	RESP=1
428930	42	STIM=s
436313	42	RESP=1
444477	42	STIM=w
449793	42	RESP=1
461882	42	STIM=c
473050	42	RESP=1
479531	42	STIM=0
485585	42	RESP=2
495255	42	STIM=o
498802	42	RESP=1
511708	42	STIM=c
518408	42	RESP=1
529346	42	STIM=7
533967	42	RESP=2
546372	42	STIM=k
549759	42	RESP=1
561490	42	STIM=n
565401	42	RESP=1
580371	42	STIM=6
590601	42	RESP=2
596524	42	STIM=m
605055	42	RESP=1
613603	42	STIM=i
623846	42	RESP=1
629100	42	STIM=s
638785	42	RESP=1
645117	42	STIM=o
649295	42	RESP=1
661508	42	STIM=z
667235	42	RESP=1
678267	42	STIM=p
683677	42	RESP=1
695177	42	STIM=i
699102	42	RESP=1
711240	42	STIM=q
714319	42	RESP=1
728594	42	STIM=w
735103	42	RESP=1
743981	42	STIM=8
751021	42	RESP=2
760565	42	STIM=f
764915	42	RESP=1
779500	42	STIM=j
783164	42	RESP=1
795809	42	STIM=o
802075	42	RESP=1
814039	42	STIM=g
824770	42	RESP=1
832343	42	STIM=0
841243	42	RESP=2
847528	42	STIM=n
851410	42	RESP=1
862916	42	STIM=q
868073	42	RESP=1
880416	42	STIM=d
883329	42	RESP=1
898815	42	STIM=x
904904	42	RESP=1
913963	42	STIM=a
919257	42	RESP=1
928973	42	STIM=4
935637	42	RESP=1
947056	42	STIM=q
951964	42	RESP=1
965464	42	STIM=f
971173	42	RESP=1
983834	42	STIM=i
991458	42	RESP=1
1002354	42	STIM=g
1010360	42	RESP=1
1018101	42	STIM=o
1022345	42	RESP=1
1035694	42	STIM=x
1039295	42	RESP=1
1051513	42	STIM=g
1056833	42	RESP=1
1067576	42	STIM=u
1071427	42	RESP=1
1084916	42	STIM=x
1092462	42	RESP=1
1102692	42	STIM=p
1107326	42	RESP=1
1121477	42	STIM=k
1125565	42	RESP=1
1139795	42	STIM=d
1143516	42	RESP=1
1157634	42	STIM=f
1162615	42	RESP=1
1173683	42	STIM=r
1178764	42	RESP=1
1189040	42	STIM=7
1195225	42	RESP=1
1205501	42	STIM=h
1211576	42	RESP=1
1221423	42	STIM=y
1227051	42	RESP=1
1237580	42	STIM=n
1248448	42	RESP=2
1254992	42	STIM=z
1257566	42	RESP=1
1273619	42	STIM=l
1276548	42	RESP=1
1289938	42	STIM=r
1304038	42	RESP=1
1306465	42	STIM=z
1309928	42	RESP=1
1325437	42	STIM=5
1331187	42	RESP=2
1343042	42	STIM=3
1348300	42	RESP=2
1360754	42	STIM=e
1367652	42	RESP=1
1377794	42	STIM=z
1381081	42	RESP=1
1395953	42	STIM=e
1399188	42	RESP=1
1412909	42	STIM=0
1421355	42	RESP=2
1430405	42	STIM=z
1434113	42	RESP=1
1446521	42	STIM=b
1451300	42	RESP=1
1463868	42	STIM=5
1469430	42	RESP=2
1479104	42	STIM=s
1482206	42	RESP=1
1495567	42	STIM=j
1501159	42	RESP=1
1514341	42	STIM=s
1520155	42	RESP=1
1532559	42	STIM=g
1539043	42	RESP=1
1549872	42	STIM=5
1560412	42	RESP=2
1566520	42	STIM=n
1572363	42	RESP=1
1585241	42	STIM=0
1593707	42	RESP=1
1602737	42	STIM=g
1606193	42	RESP=1
1620343	42	STIM=w
1626804	42	RESP=1
1637783	42	STIM=t
1642652	42	RESP=1
1653623	42	STIM=l
1658132	42	RESP=1
1671383	42	STIM=b
1675763	42	RESP=1
1686884	42	STIM=3
1692479	42	RESP=2
1703226	42	STIM=d
1707982	42	RESP=1
1721365	42	STIM=p
1729859	42	RESP=1
1739924	42	STIM=x
1746899	42	RESP=1
1758809	42	STIM=k
1767192	42	RESP=1
1773885	42	STIM=3
1781604	42	RESP=2
1789007	42	STIM=o
1793126	42	RESP=1
1807394	42	STIM=p
1813568	42	RESP=1
1825734	42	STIM=f
1831072	42	RESP=1
1841289	42	STIM=x
1848638	42	RESP=1
1856552	42	STIM=b
1864469	42	RESP=1
1871643	42	STIM=h
1879117	42	RESP=1
1887934	42	STIM=u
1891326	42	RESP=1
1906293	42	STIM=k
1910553	42	RESP=1
1924584	42	STIM=8
1930495	42	RESP=2
1940276	42	STIM=r
1948131	42	RESP=2
1958998	42	STIM=m
1965165	42	RESP=1
1977551	42	STIM=j
1981571	42	RESP=1
1992628	42	STIM=q
1997894	42	RESP=1
2010644	42	STIM=v
2016868	42	RESP=1
2026942	42	STIM=d
2035482	42	RESP=1
2043039	42	STIM=d
2049175	42	RESP=1
2059268	42	STIM=x
2062900	42	RESP=1
2074812	42	STIM=h
2081770	42	RESP=1
2092174	42	STIM=e
2095334	42	RESP=1
2108731	42	STIM=9
2115145	42	RESP=2
2126362	42	STIM=w
2131064	42	RESP=1
2144300	42	STIM=0
2153115	42	RESP=2
2159431	42	STIM=p
2170234	42	RESP=1
2175077	42	STIM=3
2181081	42	RESP=1
2193163	42	STIM=y
2198850	42	RESP=1
2210565	42	STIM=8
2215270	42	RESP=2
2226104	42	STIM=w
2229912	42	RESP=1
2241543	42	STIM=x
2247267	42	RESP=1
2256676	42	STIM=i
2262068	42	RESP=1
2273188	42	STIM=0
2281202	42	RESP=2
2289194	42	STIM=x
2294814	42	RESP=1
2307571	42	STIM=5
2312745	42	RESP=2
2323492	42	STIM=p
2330589	42	RESP=1
2338567	42	STIM=0
2346259	42	RESP=1
2355704	42	STIM=x
2360522	42	RESP=1
2372173	42	STIM=p
2378017	42	RESP=1
2387206	42	STIM=w
2391989	42	RESP=1
2404653	42	STIM=p
2408798	42	RESP=1
2423382	42	STIM=v
2428937	42	RESP=1
2439436	42	STIM=y
2444076	42	RESP=1
2454910	42	STIM=h
2460342	42	RESP=1
2471748	42	STIM=k
2475205	42	RESP=1
2489632	42	STIM=2
2499696	42	RESP=2
2505154	42	STIM=s
2510950	42	RESP=1
2523931	42	STIM=j
2530813	42	RESP=2
2539667	42	STIM=x
2548243	42	RESP=1
2555137	42	STIM=8
2561525	42	RESP=2
2572082	42	STIM=y
2588414	42	RESP=1
2590209	42	STIM=t
2597475	42	RESP=1
2606378	42	STIM=7
2610692	42	RESP=2
2625000	42	STIM=s
2633095	42	RESP=1
2641734	42	STIM=g
2650327	42	RESP=1
2659428	42	STIM=6
2668474	42	RESP=2
2675983	42	STIM=4
2681615	42	RESP=2
2694659	42	STIM=9
2700321	42	RESP=2
2710762	42	STIM=t
2715228	42	RESP=1
2728015	42	STIM=2
2735654	42	RESP=2
2745918	42	STIM=q
2753933	42	RESP=1
2761078	42	STIM=m
2767638	42	RESP=1
2776423	42	STIM=1
2783716	42	RESP=1
2793858	42	STIM=b
2797452	42	RESP=1
2811731	42	STIM=g
2820639	42	RESP=1
2828183	42	STIM=t
2838786	42	RESP=1
2846355	42	STIM=i
2854555	42	RESP=1
2863369	42	STIM=z
2866798	42	RESP=1
2880748	42	STIM=g
2890221	42	RESP=1
2896044	42	STIM=a
2901274	42	RESP=1
2914769	42	STIM=t
2919353	42	RESP=1
2930088	42	STIM=q
2936520	42	RESP=1
2948625	42	STIM=k
2955740	42	RESP=1
2967010	42	STIM=z
2971970	42	RESP=1
2985713	42	STIM=n
2993470	42	RESP=1
3001932	42	STIM=s
3008927	42	RESP=1
3018417	42	STIM=c
3024164	42	RESP=1
3036490	42	STIM=0
3041863	42	RESP=2
3053475	42	STIM=x
3059369	42	RESP=1
3071510	42	STIM=j
3074472	42	RESP=1
3089209	42	STIM=v
3092683	42	RESP=1
3106597	42	STIM=a
3112487	42	RESP=1
3123701	42	STIM=3
3130660	42	RESP=2
3140729	42	STIM=6
3145838	42	RESP=2
3157578	42	STIM=b
3161966	42	RESP=1
3173107	42	STIM=t
3176102	42	RESP=1
3190034	42	STIM=9
3201624	42	RESP=2
3207834	42	STIM=y
3213492	42	RESP=1
3225947	42	STIM=7
3231402	42	RESP=2
3244079	42	STIM=r
3250687	42	RESP=1
3260453	42	STIM=p
3272045	42	RESP=1
3278069	42	STIM=8
3283055	42	RESP=2
3293081	42	STIM=b
3301418	42	RESP=1
3311282	42	STIM=r
3314438	42	RESP=1
3328445	42	STIM=9
3335411	42	RESP=2
3344202	42	STIM=4
3351882	42	RESP=2
3359993	42	STIM=x
3365100	42	RESP=1
3377526	42	STIM=w
3381517	42	RESP=1
3396236	42	STIM=8
3403116	42	RESP=2
3413407	42	STIM=r
3417770	42	RESP=1
3430707	42	STIM=f
3434645	42	RESP=1
3448951	42	STIM=g
3456748	42	RESP=1
3464446	42	STIM=k
3472770	42	RESP=1
3479819	42	STIM=1
3485195	42	RESP=2
3496421	42	STIM=g
3500997	42	RESP=1
3511485	42	STIM=m
3519017	42	RESP=1
3527268	42	STIM=w
3533534	42	RESP=1
3542530	42	STIM=l
3548683	42	RESP=2
3558569	42	STIM=g
3568136	42	RESP=1
3576685	42	STIM=k
3585787	42	RESP=1
3593675	42	STIM=i
3598088	42	RESP=1
3609127	42	STIM=b
3612779	42	RESP=1
3625807	42	STIM=f
3630141	42	RESP=1
3644374	42	STIM=m
3649624	42	RESP=1
3663187	42	STIM=r
3667377	42	RESP=1
3682067	42	STIM=u
3686195	42	RESP=1
3701052	42	STIM=x
3705549	42	RESP=2
3717640	42	STIM=k
3725867	42	RESP=1
3734742	42	STIM=j
3740187	42	RESP=1
3750214	42	STIM=k
3764548	42	RESP=1
3766370	42	STIM=6
3772543	42	RESP=2
3781732	42	STIM=y
3788568	42	RESP=1
3800363	42	STIM=w
3807801	42	RESP=1
3815955	42	STIM=2
3822082	42	RESP=2
3832509	42	STIM=3
3843795	42	RESP=2
3848267	42	STIM=w
3854413	42	RESP=1
3867013	42	STIM=u
3870218	42	RESP=1
3885076	42	STIM=v
3890150	42	RESP=1
3902535	42	STIM=p
3908349	42	RESP=1
3917872	42	STIM=7
3924059	42	RESP=2
3936665	42	STIM=l
3942162	42	RESP=1
3955327	42	STIM=t
3959077	42	RESP=1
3972396	42	STIM=9
3976701	42	RESP=2
3991261	42	STIM=w
3998363	42	RESP=1
4007299	42	STIM=y
4013509	42	RESP=1
4024325	42	STIM=y
4027823	42	RESP=1
4040569	42	STIM=4
4046217	42	RESP=2
4056430	42	STIM=4
4064613	42	RESP=2
4074859	42	STIM=0
4081158	42	RESP=2
4090790	42	STIM=e
4102778	42	RESP=1
4106076	42	STIM=5
4114385	42	RESP=2
4121986	42	STIM=a
4127822	42	RESP=2
4138981	42	STIM=z
4144528	42	RESP=1
4156568	42	STIM=7
4160465	42	RESP=2
4174136	42	STIM=8
4178036	42	RESP=1
4192602	42	STIM=2
4199766	42	RESP=2
4208414	42	STIM=o
4212578	42	RESP=1
4227355	42	STIM=d
4230723	42	RESP=1
4242423	42	STIM=5
4249435	42	RESP=2
4260869	42	STIM=9
4266946	42	RESP=1
4279118	42	STIM=5
4287421	42	RESP=1
4294358	42	STIM=d
4299339	42	RESP=2
4311970	42	STIM=j
4315365	42	RESP=1
4330047	42	STIM=h
4335797	42	RESP=1
4345315	42	STIM=c
4348608	42	RESP=1
4363332	42	STIM=4
4368471	42	RESP=1
4381201	42	STIM=0
4387803	42	RESP=1
4397635	42	STIM=g
4401905	42	RESP=1
4414678	42	STIM=o
4429255	42	RESP=1
4430562	42	STIM=i
4434719	42	RESP=1
4446323	42	STIM=d
4453339	42	RESP=1
4465204	42	STIM=q
4474067	42	RESP=1
4484033	42	STIM=j
4490447	42	RESP=1
4502360	42	STIM=k
4509512	42	RESP=1
4518023	42	STIM=2
4524077	42	RESP=2
4536743	42	STIM=4
4543024	42	RESP=2
4555327	42	STIM=e
4560653	42	RESP=1
4571055	42	STIM=y
4573891	42	RESP=1
4589640	42	STIM=z
4595290	42	RESP=1
4608453	42	STIM=9
4619563	42	RESP=1
4624053	42	STIM=u
4629799	42	RESP=1
4642806	42	STIM=f
4648780	42	RESP=1
4660573	42	STIM=e
4668681	42	RESP=1
4679548	42	STIM=7
4684056	42	RESP=2
4696238	42	STIM=q
4699619	42	RESP=1
4714662	42	STIM=g
4722211	42	RESP=1
4730884	42	STIM=r
4736513	42	RESP=1
4746650	42	STIM=3
4752127	42	RESP=2
4763542	42	STIM=a
4767332	42	RESP=1
4780892	42	STIM=c
4787761	42	RESP=1
4796317	42	STIM=l
4800627	42	RESP=1
4815174	42	STIM=a
4818633	42	RESP=1
4831951	42	STIM=m
4839758	42	RESP=1
4847646	42	STIM=z
4856886	42	RESP=1
4863830	42	STIM=o
4869612	42	RESP=1
4879152	42	STIM=i
4885219	42	RESP=1
4896674	42	STIM=h
4902722	42	RESP=1
4915362	42	STIM=l
4919213	42	RESP=1
4934277	42	STIM=y
4937854	42	RESP=1
4952241	42	STIM=y
4959687	42	RESP=1
4969982	42	STIM=s
4975069	42	RESP=1
4986775	42	STIM=i
4993674	42	RESP=1
5003123	42	STIM=f
5007713	42	RESP=1
5018246	42	STIM=g
5025585	42	RESP=1
5033999	42	STIM=x
5040690	42	RESP=1
5052733	42	STIM=o
5057007	42	RESP=1
5069347	42	STIM=z
5079241	42	RESP=1
5087311	42	STIM=p
5095447	42	RESP=1
5104653	42	STIM=j
5112691	42	RESP=1
5121860	42	STIM=l
5130905	42	RESP=1
5136993	42	STIM=e
5141193	42	RESP=1
5155953	42	STIM=3
5161124	42	RESP=2
5174822	42	STIM=h
5184195	42	RESP=1
5193101	42	STIM=v
5199064	42	RESP=1
5208698	42	STIM=4
5214395	42	RESP=1
5227214	42	STIM=h
5231616	42	RESP=1
5244023	42	STIM=x
5248282	42	RESP=1
5260887	42	STIM=t
5265499	42	RESP=1
5278124	42	STIM=y
5284821	42	RESP=1
5295135	42	STIM=e
5299904	42	RESP=1
5313916	42	STIM=k
5319207	42	RESP=1
5332303	42	STIM=c
5337014	42	RESP=1
5351273	42	STIM=d
5356760	42	RESP=1
5369994	42	STIM=h
5377805	42	RESP=1
5387769	42	STIM=v
5392224	42	RESP=1
5404944	42	STIM=9
5410798	42	RESP=2
5423518	42	STIM=k
5431475	42	RESP=1
5441085	42	STIM=h
5444968	42	RESP=1
5459422	42	STIM=f
5464442	42	RESP=1
5476676	42	STIM=l
5485145	42	RESP=1
5494296	42	STIM=n
5498185	42	RESP=1
5512321	42	STIM=v
5515970	42	RESP=1
5531241	42	STIM=h
5536301	42	RESP=1
5547524	42	STIM=8
5553977	42	RESP=2
5565030	42	STIM=l
5568492	42	RESP=1
5581207	42	STIM=y
5585314	42	RESP=1
5596411	42	STIM=t
5603949	42	RESP=1
5612288	42	STIM=l
5617001	42	RESP=1
5627390	42	STIM=v
5637018	42	RESP=1
5645140	42	STIM=w
5651631	42	RESP=1
5662373	42	STIM=h
5668479	42	RESP=1
5679969	42	STIM=g
5685864	42	RESP=1
5695136	42	STIM=6
5701267	42	RESP=2
5712186	42	STIM=d
5718246	42	RESP=1
5729812	42	STIM=j
5734493	42	RESP=1
5746825	42	STIM=a
5753414	42	RESP=1
5763792	42	STIM=z
5768369	42	RESP=1
5779260	42	STIM=k
5786435	42	RESP=1
5794394	42	STIM=h
5800669	42	RESP=1
5811653	42	STIM=o
5814826	42	RESP=1
5826734	42	STIM=t
5838767	42	RESP=2
5844795	42	STIM=n
5848982	42	RESP=1
5860201	42	STIM=e
5864532	42	RESP=1
5878178	42	STIM=m
5884688	42	RESP=1
5893987	42	STIM=w
5900409	42	RESP=1
5909543	42	STIM=q
5916122	42	RESP=1
5928253	42	STIM=c
5935500	42	RESP=1
5944432	42	STIM=z
5950459	42	RESP=1
5962065	42	STIM=g
5968488	42	RESP=1
5980309	42	STIM=2
5991433	42	RESP=2
5998709	42	STIM=k
6007272	42	RESP=1
6017183	42	STIM=7
6022417	42	RESP=2
6033857	42	STIM=u
6040813	42	RESP=1
6050096	42	STIM=3
6056937	42	RESP=2
6067229	42	STIM=o
6071309	42	RESP=1
6082378	42	STIM=q
6086794	42	RESP=1
6097855	42	STIM=s
6102687	42	RESP=1
6115912	42	STIM=a
6120851	42	RESP=1
6132121	42	STIM=o
6141697	42	RESP=2
6150671	42	STIM=u
6154462	42	RESP=1
6166219	42	STIM=3
6174466	42	RESP=2
6182474	42	STIM=m
6187064	42	RESP=1
6199594	42	STIM=u
6207587	42	RESP=1
6217848	42	STIM=6
6222348	42	RESP=2
6236394	42	STIM=m
6247157	42	RESP=1
6255028	42	STIM=w
6262847	42	RESP=1
6272865	42	STIM=0
6278812	42	RESP=1
6288784	42	STIM=u
6291959	42	RESP=1
6306883	42	STIM=8
6311910	42	RESP=2
6323239	42	STIM=y
6327125	42	RESP=1
6341057	42	STIM=4
6346108	42	RESP=2
6356898	42	STIM=1
6362910	42	RESP=1
6375075	42	STIM=z
6380021	42	RESP=2
6390331	42	STIM=0
6394593	42	RESP=2
6405761	42	STIM=9
6413985	42	RESP=2
6424037	42	STIM=y
6428523	42	RESP=1
6439064	42	STIM=w
6443687	42	RESP=1
6454501	42	STIM=q
6459352	42	RESP=1
6471928	42	STIM=u
6477108	42	RESP=1
6490680	42	STIM=v
6499254	42	RESP=1
6506326	42	STIM=f
6516665	42	RESP=1
6522395	42	STIM=8
6527137	42	RESP=1
6538458	42	STIM=p
6544552	42	RESP=1
6554869	42	STIM=0
6561189	42	RESP=2
6571147	42	STIM=h
6576295	42	RESP=1
6589576	42	STIM=6
6598980	42	RESP=2
6606290	42	STIM=m
6616624	42	RESP=1
6624618	42	STIM=6
6630992	42	RESP=2
6641003	42	STIM=a
6646917	42	RESP=1
6659687	42	STIM=7
6669456	42	RESP=1
6677423	42	STIM=d
6682005	42	RESP=1
6693226	42	STIM=3
6704363	42	RESP=1
6710878	42	STIM=7
6719556	42	RESP=2
6728014	42	STIM=8
6733496	42	RESP=1
6744219	42	STIM=v
6749783	42	RESP=1
6762789	42	STIM=p
6767838	42	RESP=1
6781440	42	STIM=o
6787925	42	RESP=1
6800419	42	STIM=f
6807808	42	RESP=1
6817621	42	STIM=w
6824162	42	RESP=1
6835926	42	STIM=r
6840704	42	RESP=1
6854577	42	STIM=9
6864045	42	RESP=2
6871785	42	STIM=5
6876070	42	RESP=2
6887322	42	STIM=j
6892996	42	RESP=1
6902551	42	STIM=w
6905388	42	RESP=1
6921548	42	STIM=9
6926717	42	RESP=1
6938692	42	STIM=g
6948787	42	RESP=1
6955518	42	STIM=g
6962168	42	RESP=1
6972560	42	STIM=r
6977569	42	RESP=1
6987562	42	STIM=b
6992978	42	RESP=1
7004610	42	STIM=c
7009438	42	RESP=1
7020274	42	STIM=b
7027273	42	RESP=1
7038582	42	STIM=t
7042112	42	RESP=1
7055021	42	STIM=5
7066135	42	RESP=1
7071111	42	STIM=r
7075676	42	RESP=1
7086201	42	STIM=i
7091747	42	RESP=1
7104054	42	STIM=5
7109920	42	RESP=2
7120735	42	STIM=3
7125929	42	RESP=2
7139055	42	STIM=i
7148417	42	RESP=1
7155778	42	STIM=4
7161594	42	RESP=1
7172633	42	STIM=p
7177805	42	RESP=1
7190688	42	STIM=p
7201623	42	RESP=1
7208499	42	STIM=n
7214201	42	RESP=1
7226692	42	STIM=7
7233861	42	RESP=2
7242885	42	STIM=s
7249388	42	RESP=1
7259513	42	STIM=m
7265692	42	RESP=1
7277954	42	STIM=6
7287798	42	RESP=2
7295582	42	STIM=p
7302650	42	RESP=1
7312553	42	STIM=v
7318071	42	RESP=1
7329076	42	STIM=i
7336292	42	RESP=1
7344681	42	STIM=6
7353056	42	RESP=2
7362149	42	STIM=m
7367788	42	RESP=1
7380547	42	STIM=a
7385717	42	RESP=1
7399252	42	STIM=p
7406898	42	RESP=1
7415540	42	STIM=e
7421712	42	RESP=1
7434460	42	STIM=c
7440954	42	RESP=1
7450475	42	STIM=k
7455191	42	RESP=1
7466334	42	STIM=d
7472922	42	RESP=1
7483897	42	STIM=a
7491256	42	RESP=1
7500048	42	STIM=e
7510482	42	RESP=1
7518448	42	STIM=i
7524782	42	RESP=2
7534313	42	STIM=l
7539769	42	RESP=1
7549664	42	STIM=6
7556647	42	RESP=1
7565772	42	STIM=z
7571133	42	RESP=1
7584735	42	STIM=x
7588211	42	RESP=1
7602445	42	STIM=4
7607274	42	RESP=2
7618661	42	STIM=n
7623900	42	RESP=1
7637176	42	STIM=w
7643083	42	RESP=1
7654954	42	STIM=t
7660708	42	RESP=1
7670062	42	STIM=t
7674386	42	RESP=1
7688287	42	STIM=j
7694270	42	RESP=1
7706807	42	STIM=7
7712400	42	RESP=2
7724828	42	STIM=m
7730873	42	RESP=1
7743256	42	STIM=1
7749741	42	RESP=1
7758787	42	STIM=l
7761630	42	RESP=1
7774208	42	STIM=d
7780672	42	RESP=1
7790652	42	STIM=x
7795278	42	RESP=1
7808815	42	STIM=p
7814164	42	RESP=1
7823872	42	STIM=m
7829543	42	RESP=1
7842530	42	STIM=0
7847077	42	RESP=1
7860008	42	STIM=x
7864127	42	RESP=2
7875714	42	STIM=m
7881383	42	RESP=2
7890761	42	STIM=8
7894905	42	RESP=2
7906247	42	STIM=p
7910309	42	RESP=1
7921320	42	STIM=7
7928171	42	RESP=2
7939739	42	STIM=9
7949908	42	RESP=2
7956495	42	STIM=s
7963981	42	RESP=1
7974817	42	STIM=3
7984115	42	RESP=2
7993586	42	STIM=o
7999125	42	RESP=1
8011120	42	STIM=x
8014501	42	RESP=1
8028338	42	STIM=q
8038234	42	RESP=2
8045355	42	STIM=f
8049221	42	RESP=1
8060862	42	STIM=3
8070320	42	RESP=2
8078551	42	STIM=f
8086627	42	RESP=1
8095157	42	STIM=r
8104856	42	RESP=1
8112923	42	STIM=q
8119738	42	RESP=1
8128510	42	STIM=f
8134489	42	RESP=1
8143543	42	STIM=0
8150939	42	RESP=2
8161464	42	STIM=o
8167530	42	RESP=1
8180084	42	STIM=q
8185078	42	RESP=1
8197314	42	STIM=g
8201815	42	RESP=1
8213079	42	STIM=m
8217638	42	RESP=1
8230036	42	STIM=1
8235686	42	RESP=2
8247395	42	STIM=r
8251852	42	RESP=1
8265035	42	STIM=x
8270896	42	RESP=1
8283647	42	STIM=p
8289730	42	RESP=1
8300248	42	STIM=3
8305821	42	RESP=1
8316714	42	STIM=2
8321341	42	RESP=2
8334616	42	STIM=4
8340334	42	RESP=1
8350871	42	STIM=o
8358262	42	RESP=1
8368119	42	STIM=f
8372533	42	RESP=1
8385560	42	STIM=o
8391705	42	RESP=1
8404519	42	STIM=u
8409580	42	RESP=1
8422751	42	STIM=0
8428866	42	RESP=1
8438053	42	STIM=k
8443430	42	RESP=2
8456140	42	STIM=a
8462580	42	RESP=1
8472285	42	STIM=r
8477742	42	RESP=1
8489187	42	STIM=t
8499018	42	RESP=1
8504880	42	STIM=x
8510924	42	RESP=1
8523276	42	STIM=p
8529472	42	RESP=1
8539675	42	STIM=i
8544242	42	RESP=1
8557118	42	STIM=y
8562136	42	RESP=1
8575352	42	STIM=t
8582114	42	RESP=1
8592790	42	STIM=5
8597264	42	RESP=2
8611748	42	STIM=b
8616881	42	RESP=1
8629541	42	STIM=o
8632425	42	RESP=1
8648140	42	STIM=v
8652443	42	RESP=1
8664844	42	STIM=1
8670704	42	RESP=2
8681599	42	STIM=6
8691273	42	RESP=2
8696602	42	STIM=f
8701933	42	RESP=1
8715427	42	STIM=x
8720003	42	RESP=1
8733103	42	STIM=t
8737660	42	RESP=1
8749915	42	STIM=9
8755558	42	RESP=2
8765592	42	STIM=n
8772525	42	RESP=1
8783607	42	STIM=p
8788118	42	RESP=1
8802272	42	STIM=9
8809156	42	RESP=2
8817399	42	STIM=6
8823059	42	RESP=2
8834029	42	STIM=n
8839051	42	RESP=1
8850601	42	STIM=o
8855371	42	RESP=1
8869008	42	STIM=d
8874556	42	RESP=1
8887898	42	STIM=h
8893740	42	RESP=1
8904191	42	STIM=l
8913731	42	RESP=1
8919378	42	STIM=l
8924035	42	RESP=1
8934945	42	STIM=h
8938764	42	RESP=1
8953335	42	STIM=s
8959028	42	RESP=1
8972207	42	STIM=u
8978431	42	RESP=1
8989671	42	STIM=k
8998124	42	RESP=1
9006671	42	STIM=f
9011522	42	RESP=1
9021767	42	STIM=8
9028984	42	RESP=2
9039132	42	STIM=f
9045941	42	RESP=1
9057531	42	STIM=i
9065431	42	RESP=1
9074742	42	STIM=s
9079709	42	RESP=1
9092047	42	STIM=i
9097038	42	RESP=1
9107923	42	STIM=y
9112088	42	RESP=1
9123211	42	STIM=g
9132105	42	RESP=1
9140407	42	STIM=2
9147219	42	RESP=2
9155806	42	STIM=i
9158602	42	RESP=1
9172266	42	STIM=g
9177297	42	RESP=1
9188564	42	STIM=b
9193657	42	RESP=2
9205649	42	STIM=t
9209087	42	RESP=1
9222230	42	STIM=i
9226383	42	RESP=1
9237720	42	STIM=0
9246272	42	RESP=2
9254307	42	STIM=y
9262018	42	RESP=1
9270791	42	STIM=e
9278050	42	RESP=1
9288476	42	STIM=d
9294461	42	RESP=1
9306480	42	STIM=1
9315845	42	RESP=2
9323614	42	STIM=r
9327256	42	RESP=1
9339850	42	STIM=m
9346492	42	RESP=1
9357363	42	STIM=p
9364492	42	RESP=1
9372935	42	STIM=c
9378732	42	RESP=1
9388454	42	STIM=v
9392761	42	RESP=1
9404346	42	STIM=7
9410640	42	RESP=2
9420704	42	STIM=v
9423587	42	RESP=1
9439542	42	STIM=r
9446808	42	RESP=2
9458473	42	STIM=z
9464833	42	RESP=1
9474537	42	STIM=i
9484515	42	RESP=1
9490153	42	STIM=b
9499313	42	RESP=1
9507434	42	STIM=m
9512412	42	RESP=2
9525880	42	STIM=j
9531916	42	RESP=1
9543012	42	STIM=c
9547217	42	RESP=1
9559839	42	STIM=d
9563017	42	RESP=2
9576075	42	STIM=f
9586772	42	RESP=1
9592746	42	STIM=2
9601475	42	RESP=2
9608226	42	STIM=o
9616109	42	RESP=1
9624319	42	STIM=h
9629634	42	RESP=1
9642842	42	STIM=o
9646943	42	RESP=1
9659649	42	STIM=r
9664890	42	RESP=1
9676733	42	STIM=w
9684556	42	RESP=1
9693542	42	STIM=t
9701276	42	RESP=1
9708933	42	STIM=p
9712890	42	RESP=1
9726019	42	STIM=p
9731936	42	RESP=1
9744765	42	STIM=7
9754001	42	RESP=2
9761705	42	STIM=a
9767053	42	RESP=1
9779962	42	STIM=0
9785697	42	RESP=2
9797788	42	STIM=8
9803786	42	RESP=2
9816441	42	STIM=k
9823756	42	RESP=1
9831502	42	STIM=d
9840065	42	RESP=1
9849082	42	STIM=e
9857172	42	RESP=1
9866675	42	STIM=t
9872124	42	RESP=1
9885651	42	STIM=7
9892141	42	RESP=2
9903581	42	STIM=2
9912306	42	RESP=2
9920143	42	STIM=o
9925741	42	RESP=1
9936105	42	STIM=a
9939777	42	RESP=1
9952962	42	STIM=c
9958656	42	RESP=1
9970455	42	STIM=r
9978418	42	RESP=1
9986481	42	STIM=x
9994792	42	RESP=1
10003421	42	STIM=s
10009702	42	RESP=1
10021491	42	STIM=e
10024953	42	RESP=1
10037720	42	STIM=r
10040955	42	RESP=1
10056236	42	STIM=e
10060183	42	RESP=1
10073277	42	STIM=d
10078082	42	RESP=1
10091083	42	STIM=v
10100086	42	RESP=1
10107777	42	STIM=4
10111924	42	RESP=2
10123909	42	STIM=i
10131378	42	RESP=1
10140594	42	STIM=m
10144412	42	RESP=1
10159324	42	STIM=z
10168148	42	RESP=1
10175097	42	STIM=q
10179468	42	RESP=1
10190517	42	STIM=i
10194645	42	RESP=1
10208511	42	STIM=m
10219401	42	RESP=1
10226332	42	STIM=q
10234993	42	RESP=1
10245075	42	STIM=t
10249312	42	RESP=1
10263628	42	STIM=c
10270692	42	RESP=1
10280103	42	STIM=f
10286896	42	RESP=1
10295918	42	STIM=1
10303247	42	RESP=2
10312177	42	STIM=v
10318905	42	RESP=1
10330565	42	STIM=k
10335551	42	RESP=1
10346543	42	STIM=f
10354405	42	RESP=1
10364123	42	STIM=d
10370762	42	RESP=1
10382007	42	STIM=o
10385608	42	RESP=1
10400827	42	STIM=j
10405200	42	RESP=1
10417105	42	STIM=2
10424301	42	RESP=1
10433136	42	STIM=s
10439102	42	RESP=1
10450858	42	STIM=q
10461503	42	RESP=1
10468010	42	STIM=p
10472887	42	RESP=1
10486980	42	STIM=h
10493577	42	RESP=1
10503107	42	STIM=4
10511406	42	RESP=2
10518953	42	STIM=u
10525249	42	RESP=1
10537484	42	STIM=i
10542587	42	RESP=1
10556271	42	STIM=a
10560866	42	RESP=1
10574541	42	STIM=8
10580727	42	RESP=2
10591665	42	STIM=p
10598307	42	RESP=1
10609740	42	STIM=u
10615520	42	RESP=1
10624793	42	STIM=g
10629915	42	RESP=1
10642157	42	STIM=v
10647410	42	RESP=1
10658187	42	STIM=j
10662932	42	RESP=1
10673975	42	STIM=e
10680529	42	RESP=2
10690121	42	STIM=e
10694523	42	RESP=1
10706793	42	STIM=i
10710792	42	RESP=1
10722928	42	STIM=d
10727651	42	RESP=1
10739532	42	STIM=m
10747313	42	RESP=1
10754841	42	STIM=u
10757835	42	RESP=2
10773621	42	STIM=k
10778605	42	RESP=1
10789038	42	STIM=9
10796749	42	RESP=1
10807604	42	STIM=2
10812900	42	RESP=1
10823728	42	STIM=a
10827684	42	RESP=1
10839583	42	STIM=s
10845144	42	RESP=1
10857161	42	STIM=l
10860663	42	RESP=1
10873162	42	STIM=p
10885242	42	RESP=1
10888203	42	STIM=t
10892629	42	RESP=1
10905745	42	STIM=u
10910190	42	RESP=1
10921343	42	STIM=a
10927125	42	RESP=2
10936887	42	STIM=3
10942654	42	RESP=2
10953425	42	STIM=q
10960952	42	RESP=1
10968852	42	STIM=d
10974423	42	RESP=1
10987213	42	STIM=v
10995428	42	RESP=1
11004000	42	STIM=h
11007138	42	RESP=1
11021645	42	STIM=d
11024604	42	RESP=1
11038749	42	STIM=7
11047908	42	RESP=2
11053906	42	STIM=o
11059820	42	RESP=1
11071938	42	STIM=g
11077993	42	RESP=1
11089967	42	STIM=u
11093919	42	RESP=1
11108692	42	STIM=b
11113219	42	RESP=1
11127566	42	STIM=n
11133634	42	RESP=1
11144716	42	STIM=s
11150412	42	RESP=1
11162567	42	STIM=t
11167316	42	RESP=1
11179937	42	STIM=2
11186426	42	RESP=2
11197709	42	STIM=b
11200603	42	RESP=1
11215931	42	STIM=s
11220424	42	RESP=1
11233788	42	STIM=0
11238444	42	RESP=2
11249767	42	STIM=h
11253287	42	RESP=1
11265504	42	STIM=5
11269512	42	RESP=1
11281256	42	STIM=n
11287933	42	RESP=1
11296533	42	STIM=w
11303144	42	RESP=1
11313346	42	STIM=9
11319617	42	RESP=1
11331941	42	STIM=i
11337970	42	RESP=1
11346965	42	STIM=h
11352275	42	RESP=1
11362608	42	STIM=l
11367390	42	RESP=1
11379505	42	STIM=j
11385112	42	RESP=1
11396639	42	STIM=j
11401084	42	RESP=1
11414543	42	STIM=h
11422321	42	RESP=1
11430499	42	STIM=k
11435795	42	RESP=1
11449457	42	STIM=r
11457288	42	RESP=1
11465588	42	STIM=v
11472636	42	RESP=1
11480823	42	STIM=m
11484905	42	RESP=1
11499495	42	STIM=o
11506124	42	RESP=1
11516170	42	STIM=m
11521257	42	RESP=1
11534951	42	STIM=w
11538024	42	RESP=1
11551652	42	STIM=o
11556180	42	RESP=1
11568347	42	STIM=g
11571791	42	RESP=1
11587001	42	STIM=x
11590223	42	RESP=1
11602485	42	STIM=n
11605676	42	RESP=1
11620233	42	STIM=l
11623882	42	RESP=1
11638790	42	STIM=m
11645471	42	RESP=1
11655575	42	STIM=9
11661996	42	RESP=2
11674486	42	STIM=h
11677556	42	RESP=1
11690601	42	STIM=a
11696959	42	RESP=2
11707986	42	STIM=g
11712386	42	RESP=1
11723028	42	STIM=q
11728378	42	RESP=1
11739698	42	STIM=a
11748935	42	RESP=1
11755289	42	STIM=2
11761406	42	RESP=2
11771934	42	STIM=u
11777017	42	RESP=1
11789362	42	STIM=o
11792974	42	RESP=1
11805523	42	STIM=h
11813731	42	RESP=1
11822902	42	STIM=v
11830757	42	RESP=1
11839800	42	STIM=m
11843159	42	RESP=1
11858287	42	STIM=o
11864318	42	RESP=2
11876131	42	STIM=g
11881631	42	RESP=1
11892283	42	STIM=2
11902472	42	RESP=2
11911037	42	STIM=w
11916355	42	RESP=1
11927576	42	STIM=0
11932957	42	RESP=2
11943375	42	STIM=m
11946866	42	RESP=1
11961446	42	STIM=a
11964287	42	RESP=1
11978690	42	STIM=2
11985453	42	RESP=2
11997302	42	STIM=l
12003326	42	RESP=2
12016051	42	STIM=o
12022568	42	RESP=1
12031120	42	STIM=j
12037323	42	RESP=1
12048030	42	STIM=j
12051139	42	RESP=1
12064758	42	STIM=8
12072340	42	RESP=2
12083030	42	STIM=n
12090176	42	RESP=1
12098297	42	STIM=2
12105809	42	RESP=2
12116324	42	STIM=6
12123570	42	RESP=2
12134258	42	STIM=n
12138979	42	RESP=1
12149904	42	STIM=o
12152837	42	RESP=1
12167684	42	STIM=r
12174876	42	RESP=1
12183653	42	STIM=r
12188310	42	RESP=1
12199700	42	STIM=k
12205854	42	RESP=1
12214918	42	STIM=g
12222234	42	RESP=1
12231372	42	STIM=y
12233870	42	RESP=1
12246776	42	STIM=m
12252898	42	RESP=1
12262353	42	STIM=8
12271247	42	RESP=1
12281127	42	STIM=8
12286848	42	RESP=2
12298372	42	STIM=e
12304810	42	RESP=1
12313809	42	STIM=m
12323466	42	RESP=1
12329905	42	STIM=q
12336288	42	RESP=1
12344948	42	STIM=q
12349247	42	RESP=1
12363752	42	STIM=r
12367309	42	RESP=1
12378880	42	STIM=k
12386986	42	RESP=2
12394085	42	STIM=t
12401578	42	RESP=1
12409162	42	STIM=k
12413797	42	RESP=1
12427316	42	STIM=n
12436374	42	RESP=1
12445733	42	STIM=b
12454823	42	RESP=1
12464002	42	STIM=c
12470485	42	RESP=1
12479194	42	STIM=4
12485251	42	RESP=2
12498127	42	STIM=s
12502070	42	RESP=1
12515135	42	STIM=s
12521994	42	RESP=1
12533341	42	STIM=t
12541080	42	RESP=1
12551320	42	STIM=z
12557294	42	RESP=1
12568106	42	STIM=x
12575215	42	RESP=1
12586817	42	STIM=u
12591442	42	RESP=2
12602252	42	STIM=4
12608279	42	RESP=1
12618455	42	STIM=d
12622871	42	RESP=2
12633953	42	STIM=5
12640417	42	RESP=2
12650962	42	STIM=i
12657642	42	RESP=1
12666483	42	STIM=j
12673385	42	RESP=1
12683483	42	STIM=3
12689475	42	RESP=2
12700036	42	STIM=o
12704313	42	RESP=1
12717476	42	STIM=n
12720665	42	RESP=1
12736244	42	STIM=z
12740200	42	RESP=1
12751450	42	STIM=r
12757393	42	RESP=1
12768203	42	STIM=5
12774398	42	RESP=2
12783901	42	STIM=l
12788408	42	RESP=1
12800384	42	STIM=d
12805677	42	RESP=1
12819322	42	STIM=a
12822174	42	RESP=1
12835570	42	STIM=i
12840819	42	RESP=1
12851021	42	STIM=d
12857815	42	RESP=1
12869683	42	STIM=7
12880090	42	RESP=1
12886520	42	STIM=0
12892763	42	RESP=2
12902983	42	STIM=c
12906919	42	RESP=1
12919187	42	STIM=v
12922643	42	RESP=1
12937675	42	STIM=u
12941307	42	RESP=1
12956074	42	STIM=a
12968636	42	RESP=1
12971127	42	STIM=x
12975532	42	RESP=1
12986453	42	STIM=p
12989216	42	RESP=1
13001726	42	STIM=5
13007217	42	RESP=2
13018837	42	STIM=q
13022382	42	RESP=1
13034881	42	STIM=e
13039433	42	RESP=1
13051100	42	STIM=k
13058174	42	RESP=1
13066547	42	STIM=k
13069786	42	RESP=1
13085357	42	STIM=c
13089509	42	RESP=1
13100555	42	STIM=m
13109163	42	RESP=1
13116770	42	STIM=z
13123361	42	RESP=1
13132537	42	STIM=4
13139534	42	RESP=1
13149025	42	STIM=y
13155821	42	RESP=1
13166859	42	STIM=f
13174240	42	RESP=1
13184032	42	STIM=x
13188905	42	RESP=1
13200608	42	STIM=z
13206059	42	RESP=1
13219326	42	STIM=j
13224628	42	RESP=1
13235894	42	STIM=y
13239868	42	RESP=1
13254871	42	STIM=e
13259255	42	RESP=1
13271812	42	STIM=1
13284256	42	RESP=2
13289647	42	STIM=h
13293387	42	RESP=1
13304947	42	STIM=o
13310258	42	RESP=1
13321109	42	STIM=q
13333046	42	RESP=2
13338895	42	STIM=f
13343245	42	RESP=1
13357126	42	STIM=w
13360708	42	RESP=1
13373131	42	STIM=g
13382002	42	RESP=2
13388216	42	STIM=l
13394377	42	RESP=1
13404452	42	STIM=0
13410533	42	RESP=2
13420910	42	STIM=c
13425846	42	RESP=1
13439618	42	STIM=l
13445562	42	RESP=1
13457643	42	STIM=k
13461546	42	RESP=1
13475342	42	STIM=1
13480444	42	RESP=2
13491318	42	STIM=d
13497115	42	RESP=2
13506884	42	STIM=l
13514775	42	RESP=1
13522958	42	STIM=n
13528504	42	RESP=1
13540573	42	STIM=t
13545008	42	RESP=1
13559363	42	STIM=l
13564572	42	RESP=1
13578160	42	STIM=n
13584211	42	RESP=1
13596329	42	STIM=0
13606430	42	RESP=2
13611380	42	STIM=y
13615058	42	RESP=1
13629003	42	STIM=9
13639552	42	RESP=2
13645437	42	STIM=5
13654096	42	RESP=2
13662522	42	STIM=2
13671877	42	RESP=2
13679747	42	STIM=s
13684133	42	RESP=1
13697382	42	STIM=w
13704553	42	RESP=1
13716195	42	STIM=5
13723329	42	RESP=1
13731879	42	STIM=0
13737407	42	RESP=2
13747253	42	STIM=q
13751818	42	RESP=1
13762417	42	STIM=4
13767262	42	RESP=2
13781026	42	STIM=z
13788954	42	RESP=1
13799591	42	STIM=m
13803225	42	RESP=1
13817540	42	STIM=u
13824110	42	RESP=1
13832548	42	STIM=m
13835090	42	RESP=1
13849252	42	STIM=d
13855128	42	RESP=1
13867909	42	STIM=g
13872784	42	RESP=1
13884858	42	STIM=l
13889433	42	RESP=1
13903244	42	STIM=2
13908978	42	RESP=1
13922215	42	STIM=f
13934261	42	RESP=1
13940340	42	STIM=f
13945097	42	RESP=1
13958146	42	STIM=1
13963904	42	RESP=2
13976726	42	STIM=c
13983728	42	RESP=1
13995207	42	STIM=8
14009425	42	RESP=2
14011484	42	STIM=4
14017523	42	RESP=2
14027868	42	STIM=v
14039214	42	RESP=1
14042997	42	STIM=v
14049572	42	RESP=1
14058587	42	STIM=c
14064653	42	RESP=1
14073654	42	STIM=h
14079758	42	RESP=1
14089166	42	STIM=b
14097800	42	RESP=1
14106795	42	STIM=p
14113732	42	RESP=1
14123422	42	STIM=x
14128062	42	RESP=1
14139561	42	STIM=a
14147246	42	RESP=1
14154721	42	STIM=a
14159132	42	RESP=1
14173641	42	STIM=y
14182034	42	RESP=1
14192465	42	STIM=v
14196467	42	RESP=1
14207544	42	STIM=k
14215292	42	RESP=1
14224973	42	STIM=n
14234454	42	RESP=1
14242965	42	STIM=n
14247070	42	RESP=1
14258886	42	STIM=p
14261907	42	RESP=1
14277379	42	STIM=i
14286522	42	RESP=1
14293909	42	STIM=t
14299877	42	RESP=1
14310797	42	STIM=c
14318548	42	RESP=1
14328791	42	STIM=s
14333461	42	RESP=1
14345709	42	STIM=2
14350680	42	RESP=1
14361655	42	STIM=l
14366620	42	RESP=1
14376695	42	STIM=h
14380714	42	RESP=1
14392411	42	STIM=6
14400741	42	RESP=2
14409362	42	STIM=z
14414811	42	RESP=1
14426776	42	STIM=k
14436046	42	RESP=1
14443188	42	STIM=g
14447284	42	RESP=1
14462132	42	STIM=u
14465434	42	RESP=1
14477915	42	STIM=q
14489767	42	RESP=1
14496330	42	STIM=y
14501477	42	RESP=1
14512578	42	STIM=y
14521305	42	RESP=1
14530400	42	STIM=i
14537322	42	RESP=1
14548374	42	STIM=l
14556967	42	RESP=1
14564574	42	STIM=s
14567974	42	RESP=1
14582822	42	STIM=v
14586536	42	RESP=1
14601062	42	STIM=y
14611723	42	RESP=2
14618242	42	STIM=r
14623158	42	RESP=1
14635018	42	STIM=g
14639933	42	RESP=1
14650279	42	STIM=g
14655228	42	RESP=1
14666467	42	STIM=e
14669514	42	RESP=1
14682791	42	STIM=8
14687306	42	RESP=2
14701558	42	STIM=k
14707738	42	RESP=1
14718389	42	STIM=p
14726233	42	RESP=1
14734258	42	STIM=k
14740690	42	RESP=1
14752885	42	STIM=h
14758267	42	RESP=1
14768840	42	STIM=a
14775329	42	RESP=1
14783840	42	STIM=g
14789540	42	RESP=1
14799511	42	STIM=b
14807468	42	RESP=1
14817886	42	STIM=p
14824579	42	RESP=1
14834270	42	STIM=f
14839725	42	RESP=1
14851356	42	STIM=t
14854491	42	RESP=1
14867062	42	STIM=e
14873543	42	RESP=1
14882180	42	STIM=p
14890862	42	RESP=2
14900265	42	STIM=c
14906371	42	RESP=1
14916418	42	STIM=c
14921314	42	RESP=1
14935080	42	STIM=y
14939973	42	RESP=1
14950996	42	STIM=r
14958802	42	RESP=1
14969329	42	STIM=z
14976428	42	RESP=1
14987327	42	STIM=e
14990615	42	RESP=1
15004888	42	STIM=w
15010800	42	RESP=1
15020205	42	STIM=t
15024463	42	RESP=1
15035439	42	STIM=l
15043089	42	RESP=1
15054240	42	STIM=4
15062566	42	RESP=2
15069627	42	STIM=i
15074728	42	RESP=1
15087670	42	STIM=t
15099176	42	RESP=2
15104998	42	STIM=x
15110896	42	RESP=1
15123404	42	STIM=a
15126314	42	RESP=1
15138621	42	STIM=u
15147107	42	RESP=1
15154997	42	STIM=2
15162940	42	RESP=2
15173042	42	STIM=g
15182564	42	RESP=1
15190124	42	STIM=b
15194063	42	RESP=1
15206889	42	STIM=i
15212071	42	RESP=1
15223920	42	STIM=y
15231127	42	RESP=1
15240376	42	STIM=d
15248114	42	RESP=1
15258598	42	STIM=j
15263400	42	RESP=1
15276847	42	STIM=t
15279770	42	RESP=1
15292299	42	STIM=y
15296366	42	RESP=1
15309248	42	STIM=b
15315868	42	RESP=1
15324477	42	STIM=4
15330067	42	RESP=2
15341486	42	STIM=i
15353733	42	RESP=1
15357889	42	STIM=5
15363700	42	RESP=2
15374832	42	STIM=h
15380897	42	RESP=1
15390799	42	STIM=r
15393904	42	RESP=1
15407413	42	STIM=6
15415561	42	RESP=2
15423463	42	STIM=i
15426192	42	RESP=1
15441505	42	STIM=z
15448595	42	RESP=1
15458314	42	STIM=b
15464731	42	RESP=1
15475716	42	STIM=s
15479536	42	RESP=1
15494035	42	STIM=f
15499266	42	RESP=1
15510385	42	STIM=x
15516954	42	RESP=1
15529233	42	STIM=j
15534630	42	RESP=1
15544892	42	STIM=y
15550708	42	RESP=1
15562600	42	STIM=3
15567157	42	RESP=2
15579740	42	STIM=h
15584164	42	RESP=1
15598617	42	STIM=f
15603475	42	RESP=1
15616566	42	STIM=n
15622083	42	RESP=1
15635207	42	STIM=f
15639157	42	RESP=1
15653571	42	STIM=m
15659161	42	RESP=1
15668622	42	STIM=8
15679718	42	RESP=2
15685473	42	STIM=h
15691675	42	RESP=1
15703362	42	STIM=b
15706393	42	RESP=1
15721257	42	STIM=j
15726682	42	RESP=1
15738425	42	STIM=u
15743107	42	RESP=1
15755097	42	STIM=k
15760655	42	RESP=1
15773725	42	STIM=d
15784853	42	RESP=1
15790232	42	STIM=p
15795490	42	RESP=1
15806421	42	STIM=p
15815763	42	RESP=1
15822157	42	STIM=g
15831576	42	RESP=1
15839315	42	STIM=s
15844505	42	RESP=1
15858012	42	STIM=j
15866131	42	RESP=1
15874766	42	STIM=w
15881090	42	RESP=1
15890798	42	STIM=z
15894461	42	RESP=1
15906510	42	STIM=9
15912208	42	RESP=2
15921841	42	STIM=w
15927556	42	RESP=1
15940613	42	STIM=4
15945943	42	RESP=2
15956174	42	STIM=q
15966575	42	RESP=1
15975093	42	STIM=e
15982144	42	RESP=1
15990730	42	STIM=x
15997599	42	RESP=1
16005766	42	STIM=v
16011403	42	RESP=1
16021220	42	STIM=c
16028476	42	RESP=1
16038050	42	STIM=z
16041119	42	RESP=1
16056225	42	STIM=8
16068749	42	RESP=2
16074086	42	STIM=2
16079222	42	RESP=2
16092100	42	STIM=k
16094825	42	RESP=1
16109490	42	STIM=l
16114220	42	RESP=1
16127408	42	STIM=i
16133499	42	RESP=2
16145243	42	STIM=s
16156096	42	RESP=1
16161115	42	STIM=6
16167751	42	RESP=1
16177186	42	STIM=v
16185822	42	RESP=1
16195780	42	STIM=m
16200470	42	RESP=1
16212265	42	STIM=y
16216370	42	RESP=1
16227877	42	STIM=7
16235792	42	RESP=2
16245159	42	STIM=b
16248687	42	RESP=1
16261721	42	STIM=k
16267427	42	RESP=1
16280091	42	STIM=a
16286334	42	RESP=1
16295641	42	STIM=i
16301459	42	RESP=1
16312908	42	STIM=x
16317626	42	RESP=1
16328712	42	STIM=q
16334118	42	RESP=1
16346631	42	STIM=b
16349418	42	RESP=1
16362264	42	STIM=u
16369745	42	RESP=1
16380676	42	STIM=k
16389209	42	RESP=1
16398047	42	STIM=h
16405603	42	RESP=1
16416005	42	STIM=s
16422223	42	RESP=1
16434327	42	STIM=5
16439525	42	RESP=1
16449410	42	STIM=x
16457954	42	RESP=1
16468201	42	STIM=c
16473594	42	RESP=1
16484423	42	STIM=a
16492030	42	RESP=1
16499804	42	STIM=a
16511075	42	RESP=1
16518608	42	STIM=h
16524102	42	RESP=1
16535942	42	STIM=k
16541418	42	RESP=1
16552132	42	STIM=1
16557294	42	RESP=2
16569377	42	STIM=z
16574404	42	RESP=1
16587750	42	STIM=p
16592594	42	RESP=2
16604057	42	STIM=m
16608415	42	RESP=1
16620708	42	STIM=e
16627346	42	RESP=1
16637329	42	STIM=b
16641493	42	RESP=1
16654692	42	STIM=o
16666270	42	RESP=1
16670455	42	STIM=b
16679350	42	RESP=1
16688543	42	STIM=6
16694295	42	RESP=2
16704047	42	STIM=k
16707796	42	RESP=1
16719642	42	STIM=x
16725205	42	RESP=1
16734699	42	STIM=4
16740759	42	RESP=2
16751794	42	STIM=3
16760166	42	RESP=2
16769600	42	STIM=c
16776433	42	RESP=1
16787128	42	STIM=t
16791234	42	RESP=1
16804750	42	STIM=w
16808522	42	RESP=1
16819978	42	STIM=i
16823170	42	RESP=1
16837528	42	STIM=s
16842044	42	RESP=1
16853097	42	STIM=b
16860269	42	RESP=1
16870139	42	STIM=v
16875851	42	RESP=1
16887178	42	STIM=6
16896110	42	RESP=2
16905587	42	STIM=e
16912585	42	RESP=1
16921875	42	STIM=w
16926084	42	RESP=1
16939960	42	STIM=e
16946071	42	RESP=1
16956847	42	STIM=u
16961813	42	RESP=1
16973358	42	STIM=v
16977908	42	RESP=1
16990710	42	STIM=h
16995491	42	RESP=1
17009025	42	STIM=0
17013872	42	RESP=1
17024360	42	STIM=o
17027946	42	RESP=1
17043122	42	STIM=7
17047103	42	RESP=2
17060058	42	STIM=x
17071244	42	RESP=1
17078569	42	STIM=u
17087855	42	RESP=1
17096208	42	STIM=u
17100399	42	RESP=1
17113909	42	STIM=x
17119926	42	RESP=1
17132893	42	STIM=f
17138618	42	RESP=1
17151844	42	STIM=v
17157614	42	RESP=1
17167115	42	STIM=f
17170876	42	RESP=1
17185920	42	STIM=f
17190356	42	RESP=1
17204841	42	STIM=b
17211302	42	RESP=1
17220035	42	STIM=j
17224978	42	RESP=1
17236243	42	STIM=4
17239847	42	RESP=2
17252464	42	STIM=g
17255047	42	RESP=1
17269540	42	STIM=k
17273412	42	RESP=1
17288406	42	STIM=l
17291855	42	RESP=1
17304584	42	STIM=k
17312553	42	RESP=1
17320817	42	STIM=v
17327745	42	RESP=1
17337772	42	STIM=l
17342676	42	RESP=1
17356007	42	STIM=1
17367844	42	RESP=2
17371858	42	STIM=t
17376623	42	RESP=1
17386959	42	STIM=i
17391966	42	RESP=1
17404222	42	STIM=2
17410244	42	RESP=2
17421375	42	STIM=5
17425880	42	RESP=2
17439458	42	STIM=8
17447561	42	RESP=1
17457033	42	STIM=b
17460609	42	RESP=1
17472541	42	STIM=5
17482878	42	RESP=2
17491178	42	STIM=s
17497106	42	RESP=1
17507115	42	STIM=h
17513151	42	RESP=1
17522255	42	STIM=m
17531807	42	RESP=1
17537931	42	STIM=i
17545975	42	RESP=1
17556319	42	STIM=x
17564738	42	RESP=1
17572437	42	STIM=r
17577225	42	RESP=1
17590731	42	STIM=f
17594154	42	RESP=2
17606136	42	STIM=x
17610340	42	RESP=1
17623147	42	STIM=e
17630404	42	RESP=1
17640619	42	STIM=r
17648150	42	RESP=1
17657411	42	STIM=y
17662124	42	RESP=1
17674188	42	STIM=j
17680049	42	RESP=1
17691475	42	STIM=c
17695620	42	RESP=1
17709422	42	STIM=a
17713481	42	RESP=1
17728181	42	STIM=y
17734473	42	RESP=1
17745284	42	STIM=d
17749368	42	RESP=1
17761319	42	STIM=l
17766617	42	RESP=1
17777864	42	STIM=g
17782638	42	RESP=1
17793653	42	STIM=w
17803315	42	RESP=1
17811750	42	STIM=6
17817236	42	RESP=2
17830606	42	STIM=p
17835341	42	RESP=1
17846245	42	STIM=6
17852989	42	RESP=2
17862588	42	STIM=2
17866894	42	RESP=2
17880691	42	STIM=j
17883661	42	RESP=1
17898232	42	STIM=b
17901942	42	RESP=1
17915630	42	STIM=u
17920760	42	RESP=1
17931656	42	STIM=i
17938188	42	RESP=1
17949092	42	STIM=o
17955347	42	RESP=1
17967523	42	STIM=m
17972927	42	RESP=1
17983491	42	STIM=o
17991220	42	RESP=1
18000384	42	STIM=2
18008689	42	RESP=2
18019146	42	STIM=m
18025591	42	RESP=1
18035253	42	STIM=c
18039506	42	RESP=1
18051176	42	STIM=k
18054597	42	RESP=1
18068272	42	STIM=r
18073431	42	RESP=1
18083941	42	STIM=v
18087919	42	RESP=1
18101638	42	STIM=x
18106686	42	RESP=1
18118538	42	STIM=k
18122883	42	RESP=1
18136009	42	STIM=z
18140847	42	RESP=1
18152856	42	STIM=u
18156706	42	RESP=1
18170798	42	STIM=p
18175047	42	RESP=1
18188460	42	STIM=h
18193803	42	RESP=1
18204641	42	STIM=v
18209452	42	RESP=1
18219656	42	STIM=y
18229679	42	RESP=1
18237317	42	STIM=5
18248287	42	RESP=1
18255164	42	STIM=s
18260678	42	RESP=1
18270268	42	STIM=y
18279065	42	RESP=1
18288080	42	STIM=7
18293047	42	RESP=2
18305365	42	STIM=w
18311841	42	RESP=1
18321470	42	STIM=r
18325007	42	RESP=1
18339207	42	STIM=l
18341794	42	RESP=1
18357968	42	STIM=7
18363425	42	RESP=2
18374846	42	STIM=f
18377499	42	RESP=1
18392069	42	STIM=x
18398021	42	RESP=1
18408287	42	STIM=q
18417842	42	RESP=1
18426103	42	STIM=d
18434347	42	RESP=1
18444180	42	STIM=5
18449029	42	RESP=2
18462283	42	STIM=8
18467418	42	RESP=2
18479263	42	STIM=d
18482296	42	RESP=1
18495195	42	STIM=f
18501714	42	RESP=1
18512337	42	STIM=j
18517624	42	RESP=1
18529365	42	STIM=a
18534327	42	RESP=1
18546460	42	STIM=r
18551388	42	RESP=2
18564656	42	STIM=p
18571740	42	RESP=1
18580232	42	STIM=6
18585079	42	RESP=2
18598114	42	STIM=3
18604673	42	RESP=2
18614509	42	STIM=2
18619503	42	RESP=2
18632458	42	STIM=o
18636365	42	RESP=1
18648235	42	STIM=p
18650573	42	RESP=2
18666615	42	STIM=z
18673511	42	RESP=1
18681740	42	STIM=f
18688014	42	RESP=1
18698137	42	STIM=v
18701463	42	RESP=1
18713261	42	STIM=p
18718270	42	RESP=1
18728762	42	STIM=x
18732857	42	RESP=1
18745302	42	STIM=o
18752168	42	RESP=1
18761137	42	STIM=r
18773392	42	RESP=1
18778385	42	STIM=t
18783785	42	RESP=1
18793680	42	STIM=x
18799691	42	RESP=1
18811721	42	STIM=z
18820563	42	RESP=1
18827813	42	STIM=z
18831824	42	RESP=1
18845963	42	STIM=q
18850583	42	RESP=1
18864173	42	STIM=l
18867984	42	RESP=1
18881842	42	STIM=y
18885641	42	RESP=1
18900164	42	STIM=c
18907429	42	RESP=1
18918645	42	STIM=u
18921599	42	RESP=1
18934217	42	STIM=i
18939537	42	RESP=1
18951009	42	STIM=v
18963691	42	RESP=1
18966808	42	STIM=d
18972031	42	RESP=1
18984968	42	STIM=b
18990858	42	RESP=1
19003284	42	STIM=d
19006264	42	RESP=2
19020094	42	STIM=7
19030256	42	RESP=1
19038349	42	STIM=e
19044952	42	RESP=1
19054512	42	STIM=2
19061365	42	RESP=2
19071817	42	STIM=q
19076535	42	RESP=1
19090476	42	STIM=h
19094273	42	RESP=1
19108159	42	STIM=1
19111910	42	RESP=2
19123287	42	STIM=a
19126886	42	RESP=1
19140392	42	STIM=k
19146946	42	RESP=2
19158133	42	STIM=a
19164330	42	RESP=1
19174499	42	STIM=w
19180191	42	RESP=1
19191372	42	STIM=g
19200263	42	RESP=2
19207586	42	STIM=j
19211217	42	RESP=1
19225141	42	STIM=9
19234468	42	RESP=2
19241140	42	STIM=w
19247472	42	RESP=1
19258394	42	STIM=r
19270116	42	RESP=1
19276407	42	STIM=e
19286556	42	RESP=1
19295243	42	STIM=k
19300022	42	RESP=1
19313729	42	STIM=i
19317515	42	RESP=1
19331910	42	STIM=m
19337732	42	RESP=1
19349311	42	STIM=8
19356704	42	RESP=2
19364926	42	STIM=5
19371837	42	RESP=2
19380432	42	STIM=t
19386029	42	RESP=1
19398598	42	STIM=e
19401553	42	RESP=1
19413709	42	STIM=y
19418967	42	RESP=1
19432361	42	STIM=s
19440128	42	RESP=1
19448888	42	STIM=4
19458006	42	RESP=2
19467732	42	STIM=j
19470714	42	RESP=1
19486603	42	STIM=q
19494392	42	RESP=2
19503247	42	STIM=f
19508842	42	RESP=1
19521965	42	STIM=1
19527766	42	RESP=2
19539530	42	STIM=0
19545223	42	RESP=2
19556301	42	STIM=5
19562275	42	RESP=2
19573442	42	STIM=5
19577618	42	RESP=2
19590685	42	STIM=k
19601149	42	RESP=1
19609554	42	STIM=4
19613880	42	RESP=2
19624617	42	STIM=8
19630313	42	RESP=2
19641888	42	STIM=l
19647103	42	RESP=1
19657622	42	STIM=d
19664450	42	RESP=1
19674550	42	STIM=4
19682644	42	RESP=2
19692573	42	STIM=h
19696757	42	RESP=1
19709802	42	STIM=p
19718111	42	RESP=1
19727197	42	STIM=g
19730422	42	RESP=1
19745418	42	STIM=z
19751903	42	RESP=1
19762386	42	STIM=h
19769043	42	RESP=1
19780835	42	STIM=m
19784354	42	RESP=1
19799330	42	STIM=b
19805878	42	RESP=1
19816920	42	STIM=n
19822892	42	RESP=1
19832955	42	STIM=m
19836717	42	RESP=1
19849663	42	STIM=t
19856236	42	RESP=1
19867602	42	STIM=r
19877666	42	RESP=1
19885305	42	STIM=r
19888835	42	RESP=1
19900966	42	STIM=e
19910039	42	RESP=1
19916184	42	STIM=6
19922517	42	RESP=2
19932613	42	STIM=t
19936185	42	RESP=1
19948753	42	STIM=h
19953389	42	RESP=1
19966582	42	STIM=k
19971439	42	RESP=1
19983116	42	STIM=d
19990577	42	RESP=1
19999687	42	STIM=n
20004391	42	RESP=1
20015027	42	STIM=d
20022182	42	RESP=1
20031035	42	STIM=l
20035243	42	RESP=1
20046535	42	STIM=0
20051437	42	RESP=1
20064946	42	STIM=j
20078544	42	RESP=1
20080090	42	STIM=f
20088896	42	RESP=1
20098053	42	STIM=s
20103048	42	RESP=1
20114383	42	STIM=x
20120908	42	RESP=1
20133277	42	STIM=o
20136775	42	RESP=1
20152231	42	STIM=e
20157878	42	RESP=1
20170996	42	STIM=b
20176227	42	RESP=1
20186465	42	STIM=j
20193423	42	RESP=1
20201941	42	STIM=m
20206758	42	RESP=1
20216960	42	STIM=n
20220849	42	RESP=1
20234163	42	STIM=x
20240672	42	RESP=1
20251889	42	STIM=h
20257996	42	RESP=1
20267485	42	STIM=o
20272791	42	RESP=1
20286085	42	STIM=n
20289910	42	RESP=1
20303514	42	STIM=a
20309877	42	RESP=1
20320918	42	STIM=w
20327205	42	RESP=1
20337778	42	STIM=5
20344204	42	RESP=2
20356304	42	STIM=f
20360590	42	RESP=1
20375131	42	STIM=e
20386109	42	RESP=1
20393574	42	STIM=x
20404350	42	RESP=1
20410247	42	STIM=e
20413663	42	RESP=1
20428697	42	STIM=f
20433611	42	RESP=1
20444260	42	STIM=c
20448471	42	RESP=1
20462937	42	STIM=o
20466308	42	RESP=1
20481240	42	STIM=b
20485943	42	RESP=2
20497464	42	STIM=2
20505653	42	RESP=2
20513318	42	STIM=h
20518992	42	RESP=1
20531665	42	STIM=x
20541504	42	RESP=1
20550093	42	STIM=2
20556605	42	RESP=1
20568298	42	STIM=3
20577337	42	RESP=2
20587235	42	STIM=2
20595533	42	RESP=2
20605069	42	STIM=m
20612481	42	RESP=1
20623750	42	STIM=j
20630582	42	RESP=1
20639659	42	STIM=3
20645494	42	RESP=2
20657783	42	STIM=y
20663684	42	RESP=1
20673065	42	STIM=l
20679927	42	RESP=1
20690859	42	STIM=q
20696331	42	RESP=1
20707648	42	STIM=g
20714002	42	RESP=2
20725578	42	STIM=z
20730500	42	RESP=1
20741088	42	STIM=q
20749092	42	RESP=1
20759025	42	STIM=4
20764952	42	RESP=2
20776630	42	STIM=h
20781096	42	RESP=1
20792813	42	STIM=0
20796887	42	RESP=2
20809469	42	STIM=o
20816411	42	RESP=1
20827931	42	STIM=x
20832803	42	RESP=1
20844813	42	STIM=1
20852803	42	RESP=1
20862474	42	STIM=c
20876935	42	RESP=1
20879345	42	STIM=a
20884810	42	RESP=1
20895012	42	STIM=r
20898898	42	RESP=1
20913463	42	STIM=8
20917516	42	RESP=2
20929919	42	STIM=w
20936944	42	RESP=1
20947569	42	STIM=m
20952420	42	RESP=1
20963105	42	STIM=f
20968008	42	RESP=1
20980144	42	STIM=y
20983835	42	RESP=1
20998797	42	STIM=v
21002529	42	RESP=1
21015104	42	STIM=w
21021197	42	RESP=1
21031139	42	STIM=j
21040008	42	RESP=1
21046946	42	STIM=r
21052438	42	RESP=2
21063100	42	STIM=9
21071293	42	RESP=2
21081026	42	STIM=n
21084607	42	RESP=1
21098367	42	STIM=n
21106666	42	RESP=1
21116150	42	STIM=x
21120789	42	RESP=1
21132281	42	STIM=d
21136203	42	RESP=1
21147305	42	STIM=u
21155630	42	RESP=1
21165905	42	STIM=c
21179455	42	RESP=1
21180910	42	STIM=h
21194066	42	RESP=1
21198429	42	STIM=o
21204410	42	RESP=1
21216685	42	STIM=r
21222107	42	RESP=1
21232181	42	STIM=l
21237455	42	RESP=1
21250022	42	STIM=u
21255116	42	RESP=1
21266918	42	STIM=y
21273343	42	RESP=1
21284752	42	STIM=5
21288719	42	RESP=1
21300842	42	STIM=w
21307886	42	RESP=1
21316362	42	STIM=b
21320869	42	RESP=1
21334137	42	STIM=i
21342527	42	RESP=2
21352525	42	STIM=z
21357810	42	RESP=1
21371418	42	STIM=q
21375426	42	RESP=1
21387848	42	STIM=j
21397829	42	RESP=1
21406367	42	STIM=7
21412777	42	RESP=2
21423836	42	STIM=p
21427983	42	RESP=1
21441788	42	STIM=y
21449203	42	RESP=1
21458129	42	STIM=x
21465167	42	RESP=1
21474906	42	STIM=e
21479701	42	RESP=1
21493426	42	STIM=2
21502587	42	RESP=2
21510224	42	STIM=i
21517117	42	RESP=1
21526073	42	STIM=b
21531397	42	RESP=1
21542985	42	STIM=t
21550059	42	RESP=1
21561611	42	STIM=v
21566063	42	RESP=1
21580407	42	STIM=l
21586556	42	RESP=1
21597248	42	STIM=7
21602444	42	RESP=1
21613487	42	STIM=k
21617173	42	RESP=2
21631646	42	STIM=h
21636718	42	RESP=1
21648178	42	STIM=0
21653408	42	RESP=2
21663688	42	STIM=5
21667434	42	RESP=2
21682533	42	STIM=y
21690399	42	RESP=1
21699394	42	STIM=i
21704592	42	RESP=1
21716130	42	STIM=q
21720821	42	RESP=1
21733389	42	STIM=a
21739243	42	RESP=1
21749330	42	STIM=f
21752859	42	RESP=1
21768098	42	STIM=l
21775105	42	RESP=1
21786693	42	STIM=y
21792259	42	RESP=1
21805621	42	STIM=l
21809398	42	RESP=1
