# Original filename: 0027_NPC_2016-09-01.log
# Time unit: 100 us
# RARECAT=digit
#
# Time	HHGG	Event
36708	42	STIM=f
42634	42	RESP=1
53876	42	STIM=l
61065	42	RESP=1
71823	42	STIM=q
76137	42	RESP=1
87933	42	STIM=t
94196	42	RESP=1
103188	42	STIM=a
116909	42	RESP=1
121586	42	STIM=6
126905	42	RESP=2
137990	42	STIM=b
142229	42	RESP=1
154251	42	STIM=p
159482	42	RESP=1
170685	42	STIM=9
176896	42	RESP=2
189418	42	STIM=j
199768	42	RESP=1
205022	42	STIM=0
214689	42	RESP=2
222289	42	STIM=3
231747	42	RESP=2
238818	42	STIM=3
245831	42	RESP=2
254688	42	STIM=v
259467	42	RESP=1
272140	42	STIM=5
276272	42	RESP=2
289696	42	STIM=1
295659	42	RESP=1
307620	42	STIM=s
312538	42	RESP=1
323568	42	STIM=u
328475	42	RESP=1
340255	42	STIM=q
346323	42	RESP=1
357611	42	STIM=i
363588	42	RESP=1
373060	42	STIM=n
379080	42	RESP=1
389179	42	STIM=v
393589	42	RESP=1
404455	42	STIM=w
408791	42	RESP=1
422086	42	STIM=8
427412	42	RESP=2
440844	42	STIM=1
445059	42	RESP=2
458616	42	STIM=8
463478	42	RESP=1
477137	42	STIM=b
486306	42	RESP=1
494882	42	STIM=i
499788	42	RESP=1
511816	42	STIM=b
523008	42	RESP=1
528710	42	STIM=o
534303	42	RESP=1
545784	42	STIM=f
555852	42	RESP=1
561904	42	STIM=u
566314	42	RESP=1
577831	42	STIM=o
589521	42	RESP=1
596192	42	STIM=n
603906	42	RESP=1
612579	42	STIM=g
616953	42	RESP=1
630574	42	STIM=g
636726	42	RESP=1
647201	42	STIM=1
659253	42	RESP=2
665077	42	STIM=l
669928	42	RESP=2
683438	42	STIM=9
690256	42	RESP=2
699686	42	STIM=q
706512	42	RESP=1
716344	42	STIM=n
721389	42	RESP=1
733238	42	STIM=5
737344	42	RESP=2
752102	42	STIM=k
756833	42	RESP=1
768115	42	STIM=u
780409	42	RESP=1
783614	42	STIM=m
794593	42	RESP=1
801978	42	STIM=u
808585	42	RESP=1
818938	42	STIM=z
826343	42	RESP=1
833973	42	STIM=j
839308	42	RESP=1
850490	42	STIM=l
857440	42	RESP=1
866064	42	STIM=u
872047	42	RESP=1
884993	42	STIM=c
895115	42	RESP=1
900326	42	STIM=g
905911	42	RESP=1
916623	42	STIM=t
922510	42	RESP=1
934393	42	STIM=m
942707	42	RESP=1
951285	42	STIM=p
961789	42	RESP=1
969458	42	STIM=v
975742	42	RESP=1
986406	42	STIM=p
990248	42	RESP=1
1005375	42	STIM=v
1008171	42	RESP=1
1023703	42	STIM=1
1030698	42	RESP=2
1040742	42	STIM=5
1050566	42	RESP=2
1057499	42	STIM=e
1065145	42	RESP=1
1073338	42	STIM=p
1076851	42	RESP=1
1090493	42	STIM=k
1099727	42	RESP=1
1106577	42	STIM=s
1110760	42	RESP=1
1123627	42	STIM=p
1132233	42	RESP=1
1140634	42	STIM=e
1147375	42	RESP=1
1155671	42	STIM=0
1161307	42	RESP=2
1172070	42	STIM=h
1181832	42	RESP=1
1190370	42	STIM=o
1197132	42	RESP=1
1208734	42	STIM=q
1214976	42	RESP=1
1225180	42	STIM=4
1232669	42	RESP=2
1243946	42	STIM=5
1253785	42	RESP=2
1259767	42	STIM=a
1265617	42	RESP=1
1275353	42	STIM=s
1279505	42	RESP=1
1291630	42	STIM=6
1295455	42	RESP=2
1309115	42	STIM=8
1316705	42	RESP=1
1326225	42	STIM=c
1334328	42	RESP=1
1345026	42	STIM=7
1352760	42	RESP=1
1363961	42	STIM=v
1367280	42	RESP=1
1380020	42	STIM=m
1383912	42	RESP=1
1397987	42	STIM=h
1402434	42	RESP=1
1415663	42	STIM=w
1423211	42	RESP=1
1434662	42	STIM=m
1438969	42	RESP=1
1453454	42	STIM=x
1463016	42	RESP=1
1469969	42	STIM=1
1485664	42	RESP=2
1487620	42	STIM=a
1493926	42	RESP=1
1506615	42	STIM=v
1515154	42	RESP=1
1525389	42	STIM=a
1531458	42	RESP=1
1543356	42	STIM=m
1546807	42	RESP=1
1561338	42	STIM=n
1565067	42	RESP=1
1579351	42	STIM=1
1591960	42	RESP=2
1597617	42	STIM=o
1601795	42	RESP=1
1614158	42	STIM=d
1619091	42	RESP=1
1630704	42	STIM=0
1641317	42	RESP=1
1647893	42	STIM=8
1653497	42	RESP=1
1663427	42	STIM=5
1670639	42	RESP=1
1680208	42	STIM=a
1685666	42	RESP=1
1698319	42	STIM=c
1704205	42	RESP=1
1713356	42	STIM=v
1718487	42	RESP=1
1731715	42	STIM=g
1737890	42	RESP=2
1747764	42	STIM=m
1752716	42	RESP=1
1765557	42	STIM=u
1773490	42	RESP=1
1782284	42	STIM=k
1788121	42	RESP=1
1800003	42	STIM=5
1804592	42	RESP=2
1815869	42	STIM=2
1820501	42	RESP=2
1834596	42	STIM=l
1837899	42	RESP=1
1850396	42	STIM=8
1858537	42	RESP=2
1868983	42	STIM=z
1873763	42	RESP=1
1884048	42	STIM=n
1890104	42	RESP=1
1899314	42	STIM=s
1902727	42	RESP=1
1915555	42	STIM=d
1924756	42	RESP=1
1932145	42	STIM=e
1940303	42	RESP=1
1950967	42	STIM=t
1957439	42	RESP=1
1969462	42	STIM=t
1972453	42	RESP=1
1988371	42	STIM=c
1992251	42	RESP=1
2006829	42	STIM=j
2013168	42	RESP=1
2023210	42	STIM=c
2029288	42	RESP=1
2038405	42	STIM=u
2056255	42	RESP=1
2056355	42	STIM=y
2061297	42	RESP=1
2072444	42	STIM=j
2077925	42	RESP=1
2088950	42	STIM=8
2094908	42	RESP=2
2104888	42	STIM=j
2118438	42	RESP=2
2123562	42	STIM=g
2128561	42	RESP=1
2141945	42	STIM=i
2148014	42	RESP=1
2158557	42	STIM=6
2167297	42	RESP=1
2176739	42	STIM=t
2182809	42	RESP=1
2193480	42	STIM=o
2198456	42	RESP=1
2211149	42	STIM=o
2216375	42	RESP=1
2227324	42	STIM=x
2230994	42	RESP=1
2243699	42	STIM=f
2249589	42	RESP=2
2262328	42	STIM=1
2268856	42	RESP=1
2281086	42	STIM=y
2285333	42	RESP=1
2296803	42	STIM=5
2302010	42	RESP=2
2314345	42	STIM=i
2319828	42	RESP=1
2331507	42	STIM=6
2336380	42	RESP=2
2348634	42	STIM=m
2352804	42	RESP=1
2367263	42	STIM=5
2374172	42	RESP=2
2385213	42	STIM=y
2389189	42	RESP=2
2402564	42	STIM=n
2408133	42	RESP=1
2420417	42	STIM=f
2424823	42	RESP=1
2437983	42	STIM=7
2444916	42	RESP=2
2453122	42	STIM=h
2458797	42	RESP=1
2470934	42	STIM=l
2476223	42	RESP=1
2488685	42	STIM=3
2492701	42	RESP=2
2505165	42	STIM=i
2508914	42	RESP=1
2523963	42	STIM=j
2531866	42	RESP=1
2540918	42	STIM=z
2546177	42	RESP=1
2557891	42	STIM=u
2563443	42	RESP=1
2572912	42	STIM=g
2578094	42	RESP=1
2591746	42	STIM=1
2599171	42	RESP=2
2610335	42	STIM=3
2616866	42	RESP=2
2627392	42	STIM=d
2633604	42	RESP=1
2643127	42	STIM=6
2648595	42	RESP=2
2661082	42	STIM=1
2669098	42	RESP=2
2677591	42	STIM=e
2683440	42	RESP=1
2696263	42	STIM=7
2705751	42	RESP=2
2712663	42	STIM=m
2720642	42	RESP=1
2727852	42	STIM=v
2733745	42	RESP=1
2746380	42	STIM=9
2751016	42	RESP=2
2762648	42	STIM=s
2769345	42	RESP=1
2779450	42	STIM=k
2787034	42	RESP=1
2797214	42	STIM=f
2804473	42	RESP=1
2816026	42	STIM=z
2820897	42	RESP=1
2831604	42	STIM=5
2836285	42	RESP=2
2850150	42	STIM=1
2858909	42	RESP=2
2869092	42	STIM=n
2876411	42	RESP=1
2884246	42	STIM=i
2889069	42	RESP=1
2901484	42	STIM=u
2905553	42	RESP=1
2919498	42	STIM=h
2924552	42	RESP=1
2937934	42	STIM=6
2943605	42	RESP=1
2953229	42	STIM=m
2961192	42	RESP=1
2968949	42	STIM=u
2972265	42	RESP=1
2985467	42	STIM=l
2992566	42	RESP=1
3004154	42	STIM=w
3012868	42	RESP=1
3022427	42	STIM=p
3028784	42	RESP=1
3040309	42	STIM=b
3045443	42	RESP=1
3056985	42	STIM=b
3064454	42	RESP=1
3075638	42	STIM=g
3079104	42	RESP=1
3093566	42	STIM=x
3099236	42	RESP=1
3112296	42	STIM=3
3120602	42	RESP=2
3127561	42	STIM=t
3136353	42	RESP=1
3143394	42	STIM=r
3148800	42	RESP=1
3160298	42	STIM=8
3165340	42	RESP=2
3178591	42	STIM=5
3184214	42	RESP=2
3195673	42	STIM=m
3199553	42	RESP=1
3212683	42	STIM=f
3215566	42	RESP=1
3231514	42	STIM=x
3237531	42	RESP=1
3246848	42	STIM=u
3251624	42	RESP=1
3264212	42	STIM=z
3268515	42	RESP=1
3282882	42	STIM=7
3289338	42	RESP=2
3301342	42	STIM=d
3308490	42	RESP=1
3318235	42	STIM=m
3322549	42	RESP=1
3335987	42	STIM=z
3348575	42	RESP=1
3353524	42	STIM=9
3358371	42	RESP=2
3370425	42	STIM=m
3379683	42	RESP=1
3387856	42	STIM=3
3394782	42	RESP=2
3405268	42	STIM=d
3418068	42	RESP=1
3422371	42	STIM=3
3430563	42	RESP=2
3438706	42	STIM=1
3446579	42	RESP=2
3455968	42	STIM=p
3461107	42	RESP=1
3472579	42	STIM=r
3478080	42	RESP=1
3490428	42	STIM=f
3500042	42	RESP=1
3505954	42	STIM=n
3513126	42	RESP=2
3521329	42	STIM=r
3525331	42	RESP=1
3540156	42	STIM=f
3549208	42	RESP=1
3558606	42	STIM=3
3564917	42	RESP=1
3575356	42	STIM=7
3581056	42	RESP=2
3592418	42	STIM=6
3598955	42	RESP=2
3609225	42	STIM=q
3616750	42	RESP=2
3628083	42	STIM=b
3634202	42	RESP=1
3644643	42	STIM=s
3650797	42	RESP=1
3661436	42	STIM=y
3667652	42	RESP=1
3679154	42	STIM=m
3686943	42	RESP=1
3696408	42	STIM=p
3707006	42	RESP=1
3715125	42	STIM=2
3721070	42	RESP=1
3731408	42	STIM=i
3735762	42	RESP=1
3747493	42	STIM=a
3751293	42	RESP=1
3762552	42	STIM=a
3767019	42	RESP=1
3779643	42	STIM=p
3785379	42	RESP=1
3797930	42	STIM=v
3805540	42	RESP=1
3816160	42	STIM=9
3823622	42	RESP=2
3831175	42	STIM=u
3836566	42	RESP=1
3846466	42	STIM=h
3856937	42	RESP=1
3864687	42	STIM=p
3871670	42	RESP=1
3880006	42	STIM=6
3884860	42	RESP=1
3898670	42	STIM=g
3906526	42	RESP=1
3915988	42	STIM=g
3919734	42	RESP=1
3931985	42	STIM=r
3937932	42	RESP=1
3947340	42	STIM=m
3951001	42	RESP=1
3962632	42	STIM=w
3970872	42	RESP=1
3979753	42	STIM=8
3985657	42	RESP=2
3997822	42	STIM=3
4003787	42	RESP=2
4016254	42	STIM=5
4022209	42	RESP=1
4034859	42	STIM=k
4041075	42	RESP=1
4051157	42	STIM=e
4055665	42	RESP=1
4067878	42	STIM=q
4071864	42	RESP=1
4085744	42	STIM=v
4094550	42	RESP=1
4102445	42	STIM=l
4111834	42	RESP=1
4119568	42	STIM=v
4122995	42	RESP=1
4138421	42	STIM=8
4147193	42	RESP=2
4156156	42	STIM=m
4159816	42	RESP=1
4172762	42	STIM=8
4180795	42	RESP=2
4188663	42	STIM=j
4195353	42	RESP=1
4205495	42	STIM=k
4212593	42	RESP=1
4222808	42	STIM=e
4227876	42	RESP=1
4240371	42	STIM=o
4245406	42	RESP=1
4257571	42	STIM=v
4269107	42	RESP=1
4272783	42	STIM=s
4275394	42	RESP=1
4291688	42	STIM=m
4297217	42	RESP=1
4307953	42	STIM=x
4312894	42	RESP=1
4323470	42	STIM=q
4332630	42	RESP=1
4339832	42	STIM=4
4346057	42	RESP=2
4358223	42	STIM=f
4365498	42	RESP=1
4375798	42	STIM=m
4383990	42	RESP=2
4394300	42	STIM=b
4401974	42	RESP=1
4410908	42	STIM=x
4415056	42	RESP=1
4429397	42	STIM=b
4436721	42	RESP=1
4447221	42	STIM=a
4451453	42	RESP=1
4465432	42	STIM=j
4469610	42	RESP=1
4480882	42	STIM=z
4485644	42	RESP=1
4497908	42	STIM=d
4503002	42	RESP=2
4516576	42	STIM=9
4523903	42	RESP=2
4532814	42	STIM=k
4536714	42	RESP=1
4548826	42	STIM=9
4556399	42	RESP=2
4563921	42	STIM=0
4570320	42	RESP=2
4582259	42	STIM=b
4588945	42	RESP=1
4599801	42	STIM=n
4606097	42	RESP=1
4617309	42	STIM=o
4621524	42	RESP=1
4632383	42	STIM=u
4640002	42	RESP=1
4647909	42	STIM=g
4655925	42	RESP=1
4665320	42	STIM=a
4668393	42	RESP=1
4683468	42	STIM=h
4688504	42	RESP=1
4702145	42	STIM=h
4713025	42	RESP=1
4717750	42	STIM=f
4724293	42	RESP=1
4733195	42	STIM=j
4737607	42	RESP=1
4749414	42	STIM=q
4755202	42	RESP=1
4766619	42	STIM=f
4772186	42	RESP=1
4783577	42	STIM=b
4790005	42	RESP=1
4799984	42	STIM=c
4805215	42	RESP=1
4815131	42	STIM=o
4823575	42	RESP=1
4831105	42	STIM=t
4835349	42	RESP=2
4847639	42	STIM=x
4853633	42	RESP=1
4864457	42	STIM=j
4867368	42	RESP=1
4882751	42	STIM=y
4891316	42	RESP=1
4898616	42	STIM=q
4908680	42	RESP=2
4914814	42	STIM=t
4922575	42	RESP=1
4933102	42	STIM=r
4936783	42	RESP=1
4948594	42	STIM=1
4956513	42	RESP=2
4965331	42	STIM=s
4975100	42	RESP=1
4982695	42	STIM=o
4987482	42	RESP=1
5000139	42	STIM=f
5007670	42	RESP=1
5017529	42	STIM=i
5022830	42	RESP=1
5035569	42	STIM=g
5040812	42	RESP=1
5054028	42	STIM=u
5059408	42	RESP=1
5069943	42	STIM=6
5073899	42	RESP=2
5086021	42	STIM=q
5089627	42	RESP=1
5104969	42	STIM=y
5109507	42	RESP=1
5123467	42	STIM=b
5128630	42	RESP=1
5140637	42	STIM=i
5145001	42	RESP=1
5157643	42	STIM=f
5164292	42	RESP=1
5173558	42	STIM=w
5178397	42	RESP=1
5189539	42	STIM=3
5195600	42	RESP=2
5207489	42	STIM=y
5210767	42	RESP=1
5224506	42	STIM=z
5230090	42	RESP=1
5242701	42	STIM=a
5247629	42	RESP=1
5257806	42	STIM=e
5263668	42	RESP=1
5274946	42	STIM=q
5278804	42	RESP=1
5290088	42	STIM=g
5296814	42	RESP=1
5306041	42	STIM=c
5312704	42	RESP=1
5325027	42	STIM=r
5329847	42	RESP=2
5340698	42	STIM=0
5348021	42	RESP=2
5358997	42	STIM=4
5365062	42	RESP=2
5374172	42	STIM=j
5380545	42	RESP=1
5390442	42	STIM=m
5400472	42	RESP=1
5406931	42	STIM=w
5413032	42	RESP=1
5422750	42	STIM=r
5428994	42	RESP=1
5439223	42	STIM=h
5449845	42	RESP=1
5456565	42	STIM=r
5464418	42	RESP=1
5473990	42	STIM=7
5479406	42	RESP=2
5491973	42	STIM=s
5500887	42	RESP=1
5510569	42	STIM=8
5514693	42	RESP=1
5529549	42	STIM=v
5536653	42	RESP=1
5548037	42	STIM=l
5551074	42	RESP=1
5563098	42	STIM=i
5567596	42	RESP=1
5581759	42	STIM=k
5589869	42	RESP=1
5598601	42	STIM=a
5602977	42	RESP=1
5616894	42	STIM=h
5621294	42	RESP=1
5634664	42	STIM=4
5641282	42	RESP=2
5653282	42	STIM=j
5661040	42	RESP=1
5668616	42	STIM=w
5673184	42	RESP=1
5685488	42	STIM=n
5692208	42	RESP=1
5703347	42	STIM=u
5707392	42	RESP=1
5720734	42	STIM=n
5723727	42	RESP=1
5739329	42	STIM=u
5744959	42	RESP=1
5757862	42	STIM=v
5763193	42	RESP=1
5774399	42	STIM=h
5777912	42	RESP=1
5791172	42	STIM=3
5797401	42	RESP=2
5809039	42	STIM=e
5816024	42	RESP=1
5827988	42	STIM=w
5832818	42	RESP=1
5844350	42	STIM=t
5850366	42	RESP=1
5860909	42	STIM=a
5864772	42	RESP=1
5879239	42	STIM=t
5886065	42	RESP=1
5895816	42	STIM=u
5900422	42	RESP=1
5912982	42	STIM=h
5917834	42	RESP=2
5928901	42	STIM=s
5932781	42	RESP=1
5945521	42	STIM=w
5949969	42	RESP=1
5961372	42	STIM=f
5966280	42	RESP=1
5979582	42	STIM=f
5984421	42	RESP=1
5998462	42	STIM=c
6005848	42	RESP=1
6014304	42	STIM=z
6016958	42	RESP=1
6032913	42	STIM=b
6036591	42	RESP=1
6051751	42	STIM=w
6060240	42	RESP=1
6070049	42	STIM=g
6075778	42	RESP=1
6086117	42	STIM=h
6092860	42	RESP=1
6102388	42	STIM=l
6105166	42	RESP=1
6120440	42	STIM=h
6127656	42	RESP=1
6136139	42	STIM=0
6143611	42	RESP=2
6154302	42	STIM=z
6157773	42	RESP=1
6172363	42	STIM=u
6179296	42	RESP=1
6190908	42	STIM=a
6200352	42	RESP=1
6206905	42	STIM=o
6214377	42	RESP=1
6223645	42	STIM=f
6227385	42	RESP=1
6242161	42	STIM=2
6247458	42	RESP=2
6260811	42	STIM=s
6271589	42	RESP=1
6277734	42	STIM=w
6284253	42	RESP=1
6295425	42	STIM=k
6299770	42	RESP=1
6313622	42	STIM=o
6318041	42	RESP=1
6329914	42	STIM=0
6339144	42	RESP=2
6345821	42	STIM=b
6352972	42	RESP=1
6363871	42	STIM=6
6369197	42	RESP=2
6380959	42	STIM=s
6385251	42	RESP=1
6396226	42	STIM=l
6401166	42	RESP=1
6414524	42	STIM=k
6423844	42	RESP=1
6430780	42	STIM=l
6435768	42	RESP=1
6448297	42	STIM=y
6453138	42	RESP=1
6464945	42	STIM=d
6470547	42	RESP=1
6482522	42	STIM=k
6489186	42	RESP=1
6501251	42	STIM=a
6506234	42	RESP=2
6517524	42	STIM=u
6521531	42	RESP=1
6534607	42	STIM=u
6539814	42	RESP=1
6552365	42	STIM=1
6557952	42	RESP=2
6571140	42	STIM=n
6579797	42	RESP=2
6588779	42	STIM=k
6597027	42	RESP=1
6605394	42	STIM=q
6609977	42	RESP=1
6622402	42	STIM=f
6632368	42	RESP=1
6637824	42	STIM=l
6645007	42	RESP=1
6653758	42	STIM=t
6660896	42	RESP=1
6671795	42	STIM=4
6677941	42	RESP=2
6688338	42	STIM=g
6695568	42	RESP=1
6706831	42	STIM=4
6719207	42	RESP=2
6724492	42	STIM=p
6728495	42	RESP=1
6742780	42	STIM=c
6746118	42	RESP=1
6761552	42	STIM=k
6766682	42	RESP=1
6778364	42	STIM=h
6787956	42	RESP=1
6795556	42	STIM=c
6798431	42	RESP=1
6811581	42	STIM=t
6815827	42	RESP=1
6829288	42	STIM=j
6834548	42	RESP=1
6846928	42	STIM=u
6850526	42	RESP=1
6862857	42	STIM=a
6869436	42	RESP=1
6879422	42	STIM=e
6884224	42	RESP=1
6898418	42	STIM=2
6908485	42	RESP=2
6915324	42	STIM=4
6919767	42	RESP=2
6931347	42	STIM=d
6935907	42	RESP=1
6948420	42	STIM=u
6954313	42	RESP=1
6963924	42	STIM=s
6976429	42	RESP=1
6980828	42	STIM=x
6984354	42	RESP=1
6996228	42	STIM=l
7001447	42	RESP=1
7014721	42	STIM=v
7023024	42	RESP=1
7033508	42	STIM=n
7040764	42	RESP=1
7049001	42	STIM=t
7053572	42	RESP=1
7067333	42	STIM=a
7074791	42	RESP=1
7086261	42	STIM=0
7094062	42	RESP=1
7101324	42	STIM=c
7105171	42	RESP=1
7119800	42	STIM=o
7125567	42	RESP=1
7137755	42	STIM=l
7146257	42	RESP=1
7154644	42	STIM=9
7163745	42	RESP=2
7173509	42	STIM=c
7180625	42	RESP=1
7188754	42	STIM=1
7194406	42	RESP=1
7205356	42	STIM=o
7209865	42	RESP=2
7220497	42	STIM=j
7226440	42	RESP=1
7236100	42	STIM=6
7241189	42	RESP=2
7253206	42	STIM=a
7257340	42	RESP=1
7271948	42	STIM=f
7279240	42	RESP=1
7289467	42	STIM=0
7296742	42	RESP=2
7307746	42	STIM=n
7313635	42	RESP=1
7323180	42	STIM=w
7328632	42	RESP=1
7338186	42	STIM=a
7346158	42	RESP=1
7356420	42	STIM=y
7360499	42	RESP=1
7373633	42	STIM=2
7377366	42	RESP=2
7389897	42	STIM=0
7394156	42	RESP=2
7406224	42	STIM=6
7413393	42	RESP=2
7424620	42	STIM=c
7429782	42	RESP=1
7441139	42	STIM=p
7450327	42	RESP=1
7459495	42	STIM=q
7462645	42	RESP=1
7476120	42	STIM=l
7479578	42	RESP=1
7494349	42	STIM=j
7497445	42	RESP=1
7510618	42	STIM=o
7516670	42	RESP=1
7527373	42	STIM=6
7536261	42	RESP=2
7546295	42	STIM=s
7550790	42	RESP=1
7563573	42	STIM=1
7568825	42	RESP=2
7579032	42	STIM=n
7586185	42	RESP=1
7597934	42	STIM=b
7602712	42	RESP=1
7616768	42	STIM=w
7621238	42	RESP=1
7633952	42	STIM=o
7637835	42	RESP=1
7650760	42	STIM=y
7658102	42	RESP=1
7666821	42	STIM=b
7670355	42	RESP=1
7683649	42	STIM=f
7689488	42	RESP=1
7702313	42	STIM=t
7710539	42	RESP=1
7719734	42	STIM=8
7730556	42	RESP=2
7737070	42	STIM=l
7741133	42	RESP=1
7752121	42	STIM=h
7755624	42	RESP=1
7770103	42	STIM=4
7778286	42	RESP=2
7785863	42	STIM=r
7790869	42	RESP=1
7801055	42	STIM=z
7810802	42	RESP=1
7817712	42	STIM=c
7821559	42	RESP=2
7835861	42	STIM=r
7846953	42	RESP=1
7852715	42	STIM=i
7860363	42	RESP=1
7868830	42	STIM=m
7878572	42	RESP=1
7885097	42	STIM=0
7892861	42	RESP=2
7900438	42	STIM=d
7907579	42	RESP=1
7915785	42	STIM=a
7920059	42	RESP=1
7932779	42	STIM=s
7939196	42	RESP=1
7948297	42	STIM=5
7953098	42	RESP=2
7963346	42	STIM=o
7969667	42	RESP=1
7980108	42	STIM=i
7989067	42	RESP=1
7995531	42	STIM=b
8003162	42	RESP=1
8011453	42	STIM=s
8014426	42	RESP=1
8029430	42	STIM=q
8035365	42	RESP=1
8044496	42	STIM=w
8050394	42	RESP=1
8062633	42	STIM=g
8071631	42	RESP=1
8081549	42	STIM=8
8086697	42	RESP=2
8098653	42	STIM=l
8102807	42	RESP=2
8117116	42	STIM=f
8121262	42	RESP=1
8133243	42	STIM=o
8137844	42	RESP=1
8151339	42	STIM=t
8157425	42	RESP=1
8168125	42	STIM=6
8175110	42	RESP=2
8185947	42	STIM=h
8192742	42	RESP=1
8203180	42	STIM=w
8211087	42	RESP=1
8218199	42	STIM=t
8222513	42	RESP=1
8233490	42	STIM=l
8239466	42	RESP=1
8249294	42	STIM=v
8258414	42	RESP=1
8266885	42	STIM=p
8274943	42	RESP=1
8285052	42	STIM=1
8292640	42	RESP=2
8300936	42	STIM=9
8308110	42	RESP=2
8317380	42	STIM=8
8326464	42	RESP=2
8333719	42	STIM=y
8339522	42	RESP=1
8352214	42	STIM=y
8355404	42	RESP=1
8368915	42	STIM=5
8373814	42	RESP=1
8384098	42	STIM=o
8386745	42	RESP=1
8401026	42	STIM=1
8407724	42	RESP=1
8416859	42	STIM=o
8423319	42	RESP=1
8435507	42	STIM=o
8440781	42	RESP=1
8453404	42	STIM=n
8460022	42	RESP=1
8471138	42	STIM=v
8476390	42	RESP=1
8486840	42	STIM=4
8494017	42	RESP=2
8503548	42	STIM=j
8510764	42	RESP=1
8522000	42	STIM=g
8526886	42	RESP=1
8539654	42	STIM=6
8550693	42	RESP=2
8557107	42	STIM=d
8568372	42	RESP=1
8572201	42	STIM=o
8576763	42	RESP=1
8589994	42	STIM=u
8594107	42	RESP=1
8607839	42	STIM=4
8612032	42	RESP=1
8626086	42	STIM=y
8629668	42	RESP=1
8643836	42	STIM=5
8653952	42	RESP=2
8661722	42	STIM=r
8669836	42	RESP=1
8679565	42	STIM=4
8684957	42	RESP=2
8698240	42	STIM=o
8705225	42	RESP=1
8713380	42	STIM=u
8719572	42	RESP=1
8731929	42	STIM=o
8737164	42	RESP=1
8747977	42	STIM=j
8755714	42	RESP=1
8765632	42	STIM=u
8771529	42	RESP=1
8784464	42	STIM=b
8788692	42	RESP=1
8799629	42	STIM=z
8804474	42	RESP=1
8817301	42	STIM=q
8823284	42	RESP=1
8833981	42	STIM=t
8841693	42	RESP=2
8851367	42	STIM=y
8857642	42	RESP=1
8869218	42	STIM=u
8873767	42	RESP=1
8885091	42	STIM=b
8888609	42	RESP=1
8901825	42	STIM=v
8908626	42	RESP=1
8920286	42	STIM=o
8925799	42	RESP=2
8937738	42	STIM=k
8942272	42	RESP=1
8953469	42	STIM=w
8962250	42	RESP=1
8968907	42	STIM=m
8974683	42	RESP=1
8987806	42	STIM=b
8998884	42	RESP=1
9003673	42	STIM=i
9011734	42	RESP=1
9019234	42	STIM=t
9025279	42	RESP=1
9035243	42	STIM=z
9041710	42	RESP=1
9051927	42	STIM=g
9055571	42	RESP=1
9069225	42	STIM=1
9076690	42	RESP=1
9084666	42	STIM=r
9091224	42	RESP=1
9103336	42	STIM=6
9111755	42	RESP=2
9119116	42	STIM=r
9126759	42	RESP=1
9134433	42	STIM=g
9140340	42	RESP=1
9151866	42	STIM=y
9158955	42	RESP=1
9167371	42	STIM=4
9172130	42	RESP=2
9184299	42	STIM=a
9187846	42	RESP=1
9200646	42	STIM=j
9205242	42	RESP=1
9216281	42	STIM=v
9220355	42	RESP=1
9233574	42	STIM=z
9239669	42	RESP=1
9249754	42	STIM=m
9256143	42	RESP=1
9268278	42	STIM=x
9276037	42	RESP=1
9284496	42	STIM=d
9288416	42	RESP=1
9301176	42	STIM=9
9307486	42	RESP=2
9320017	42	STIM=c
9324955	42	RESP=1
9335057	42	STIM=u
9341703	42	RESP=1
9351335	42	STIM=i
9357873	42	RESP=1
9367014	42	STIM=j
9372903	42	RESP=1
9383565	42	STIM=d
9390950	42	RESP=1
9401788	42	STIM=o
9407304	42	RESP=1
9419571	42	STIM=n
9427322	42	RESP=1
9436162	42	STIM=2
9442831	42	RESP=2
9453603	42	STIM=h
9461748	42	RESP=1
9468840	42	STIM=t
9471697	42	RESP=1
9485159	42	STIM=f
9489541	42	RESP=1
9502219	42	STIM=e
9508761	42	RESP=1
9519321	42	STIM=w
9529132	42	RESP=1
9535605	42	STIM=o
9538832	42	RESP=1
9552644	42	STIM=m
9559779	42	RESP=1
9567769	42	STIM=y
9574689	42	RESP=1
9584557	42	STIM=4
9590293	42	RESP=1
9599725	42	STIM=v
9604984	42	RESP=1
9617853	42	STIM=4
9623772	42	RESP=2
9633465	42	STIM=5
9638590	42	RESP=2
9650969	42	STIM=a
9655549	42	RESP=1
9667762	42	STIM=j
9675723	42	RESP=1
9684042	42	STIM=r
9692636	42	RESP=1
9700723	42	STIM=o
9704693	42	RESP=1
9719345	42	STIM=d
9726116	42	RESP=1
9737237	42	STIM=z
9746092	42	RESP=1
9754992	42	STIM=a
9758695	42	RESP=1
9770698	42	STIM=o
9773570	42	RESP=1
9788080	42	STIM=3
9801426	42	RESP=2
9805816	42	STIM=4
9811924	42	RESP=2
9822298	42	STIM=g
9826431	42	RESP=1
9838991	42	STIM=h
9841943	42	RESP=2
9855903	42	STIM=y
9860615	42	RESP=1
9872964	42	STIM=g
9885039	42	RESP=1
9889991	42	STIM=z
9898202	42	RESP=1
9906462	42	STIM=w
9911508	42	RESP=1
9924862	42	STIM=t
9929109	42	RESP=2
9943314	42	STIM=l
9949510	42	RESP=1
9959371	42	STIM=c
9965562	42	RESP=1
9977248	42	STIM=j
9982537	42	RESP=1
9994160	42	STIM=q
9998888	42	RESP=1
10011507	42	STIM=b
10019741	42	RESP=1
10028716	42	STIM=a
10034585	42	RESP=2
10044969	42	STIM=r
10048005	42	RESP=1
10060866	42	STIM=b
10066447	42	RESP=1
10077573	42	STIM=d
10084285	42	RESP=1
10093378	42	STIM=u
10102556	42	RESP=1
10111340	42	STIM=9
10116290	42	RESP=2
10128288	42	STIM=k
10132671	42	RESP=1
10145373	42	STIM=p
10151762	42	RESP=1
10162524	42	STIM=l
10171606	42	RESP=2
10180768	42	STIM=s
10186169	42	RESP=1
10196860	42	STIM=j
10204282	42	RESP=1
10212582	42	STIM=t
10216434	42	RESP=1
10230728	42	STIM=i
10237483	42	RESP=1
10247759	42	STIM=j
10251449	42	RESP=1
10264825	42	STIM=n
10270101	42	RESP=1
10281521	42	STIM=m
10286146	42	RESP=1
10298236	42	STIM=3
10304402	42	RESP=2
10316681	42	STIM=b
10323668	42	RESP=1
10333706	42	STIM=k
10337164	42	RESP=1
10349930	42	STIM=f
10354389	42	RESP=1
10365771	42	STIM=b
10368393	42	RESP=1
10384504	42	STIM=m
10389916	42	RESP=1
10403306	42	STIM=y
10407552	42	RESP=1
10419060	42	STIM=g
10422653	42	RESP=1
10434639	42	STIM=w
10441301	42	RESP=1
10451872	42	STIM=s
10455569	42	RESP=1
10467475	42	STIM=v
10472282	42	RESP=1
10483467	42	STIM=g
10489139	42	RESP=1
10502234	42	STIM=c
10505363	42	RESP=1
10519724	42	STIM=s
10523949	42	RESP=1
10535787	42	STIM=0
10539527	42	RESP=2
10551023	42	STIM=w
10558785	42	RESP=1
10569454	42	STIM=r
10577733	42	RESP=1
10587782	42	STIM=t
10592548	42	RESP=1
10606653	42	STIM=p
10613533	42	RESP=1
10622001	42	STIM=w
10628360	42	RESP=1
10638719	42	STIM=l
10645770	42	RESP=1
10654772	42	STIM=d
10660720	42	RESP=1
10671462	42	STIM=q
10675435	42	RESP=1
10686975	42	STIM=w
10693068	42	RESP=2
10705065	42	STIM=l
10709494	42	RESP=1
10721190	42	STIM=x
10726571	42	RESP=1
10739585	42	STIM=a
10746081	42	RESP=1
10757085	42	STIM=z
10765090	42	RESP=1
10775364	42	STIM=l
10781600	42	RESP=1
10791954	42	STIM=a
10795791	42	RESP=1
10809783	42	STIM=c
10816318	42	RESP=1
10825330	42	STIM=a
10832247	42	RESP=1
10841470	42	STIM=9
10848824	42	RESP=2
10859643	42	STIM=l
10865712	42	RESP=1
10875399	42	STIM=a
10881805	42	RESP=2
10893849	42	STIM=s
10898258	42	RESP=1
10911461	42	STIM=z
10919849	42	RESP=1
10926747	42	STIM=u
10934326	42	RESP=1
10943387	42	STIM=a
10950994	42	RESP=1
10958568	42	STIM=a
10966236	42	RESP=1
10977453	42	STIM=b
10985897	42	RESP=1
10995774	42	STIM=w
11004902	42	RESP=1
11011126	42	STIM=w
11014938	42	RESP=1
11029839	42	STIM=g
11037357	42	RESP=1
11046647	42	STIM=w
11051191	42	RESP=1
11064726	42	STIM=4
11075994	42	RESP=2
11079969	42	STIM=h
11083903	42	RESP=1
11098156	42	STIM=1
11106001	42	RESP=2
11115315	42	STIM=a
11120714	42	RESP=1
11131753	42	STIM=n
11137665	42	RESP=2
11147245	42	STIM=3
11152413	42	RESP=2
11164388	42	STIM=f
11168605	42	RESP=1
11182398	42	STIM=b
11186453	42	RESP=1
11197512	42	STIM=i
11202246	42	RESP=1
11213695	42	STIM=l
11219221	42	RESP=1
11229475	42	STIM=c
11234045	42	RESP=1
11245009	42	STIM=e
11250709	42	RESP=1
11260672	42	STIM=h
11269998	42	RESP=1
11279069	42	STIM=d
11284612	42	RESP=1
11296058	42	STIM=n
11302584	42	RESP=1
11313194	42	STIM=o
11319817	42	RESP=1
11331986	42	STIM=f
11338114	42	RESP=2
11350126	42	STIM=a
11354564	42	RESP=1
11368675	42	STIM=o
11374095	42	RESP=1
11387203	42	STIM=s
11398326	42	RESP=1
11403302	42	STIM=u
11406851	42	RESP=1
11422212	42	STIM=d
11425380	42	RESP=1
11440732	42	STIM=u
11448323	42	RESP=1
11459458	42	STIM=d
11466428	42	RESP=1
11476727	42	STIM=v
11481755	42	RESP=1
11492702	42	STIM=f
11498479	42	RESP=2
11508400	42	STIM=x
11512320	42	RESP=1
11525688	42	STIM=i
11529304	42	RESP=1
11542245	42	STIM=5
11546467	42	RESP=1
11558215	42	STIM=q
11563003	42	RESP=1
11575409	42	STIM=4
11580173	42	RESP=2
11594343	42	STIM=s
11605141	42	RESP=1
11610381	42	STIM=9
11617248	42	RESP=2
11626934	42	STIM=3
11634721	42	RESP=2
11643727	42	STIM=w
11646634	42	RESP=1
11662315	42	STIM=y
11669513	42	RESP=1
11679644	42	STIM=b
11688295	42	RESP=1
11695017	42	STIM=6
11706498	42	RESP=2
11711661	42	STIM=n
11715313	42	RESP=1
11729196	42	STIM=j
11735358	42	RESP=2
11745282	42	STIM=b
11749806	42	RESP=1
11762301	42	STIM=j
11767137	42	RESP=1
11781152	42	STIM=3
11789593	42	RESP=1
11799028	42	STIM=t
11806547	42	RESP=1
11816910	42	STIM=8
11822511	42	RESP=1
11834512	42	STIM=4
11844858	42	RESP=2
11852494	42	STIM=9
11860911	42	RESP=1
11867628	42	STIM=7
11873467	42	RESP=2
11882701	42	STIM=2
11888057	42	RESP=2
11898705	42	STIM=r
11904133	42	RESP=1
11915671	42	STIM=l
11919122	42	RESP=1
11933924	42	STIM=m
11941801	42	RESP=1
11949278	42	STIM=t
11953849	42	RESP=1
11964844	42	STIM=t
11969467	42	RESP=1
11980085	42	STIM=4
11988172	42	RESP=2
11995342	42	STIM=s
12006081	42	RESP=1
12011796	42	STIM=3
12015825	42	RESP=1
12027255	42	STIM=y
12032679	42	RESP=1
12043119	42	STIM=d
12051888	42	RESP=1
12060502	42	STIM=4
12066760	42	RESP=2
12076641	42	STIM=w
12084277	42	RESP=1
12091742	42	STIM=e
12100121	42	RESP=1
12108360	42	STIM=u
12115057	42	RESP=1
12124967	42	STIM=t
12129182	42	RESP=1
12141711	42	STIM=1
12145772	42	RESP=2
12159118	42	STIM=q
12162279	42	RESP=1
12175712	42	STIM=r
12180902	42	RESP=1
12190995	42	STIM=g
12195825	42	RESP=1
12207757	42	STIM=n
12210585	42	RESP=1
12226723	42	STIM=9
12236050	42	RESP=2
12244097	42	STIM=s
12250120	42	RESP=1
12262026	42	STIM=g
12265845	42	RESP=1
12278341	42	STIM=1
12285551	42	RESP=2
12293603	42	STIM=b
12298465	42	RESP=1
12310314	42	STIM=v
12314632	42	RESP=1
12326343	42	STIM=0
12332959	42	RESP=2
12342266	42	STIM=6
12348339	42	RESP=2
12360849	42	STIM=d
12366069	42	RESP=1
12376497	42	STIM=g
12384086	42	RESP=1
12394845	42	STIM=l
12401441	42	RESP=2
12413030	42	STIM=j
12419800	42	RESP=1
12430401	42	STIM=f
12435720	42	RESP=1
12446017	42	STIM=5
12453641	42	RESP=2
12464506	42	STIM=3
12471229	42	RESP=2
12483362	42	STIM=7
12488005	42	RESP=2
12501593	42	STIM=y
12505719	42	RESP=1
12517427	42	STIM=m
12523379	42	RESP=1
12533468	42	STIM=l
12539618	42	RESP=1
12549817	42	STIM=l
12553833	42	RESP=1
12566079	42	STIM=k
12570195	42	RESP=1
12583614	42	STIM=o
12593003	42	RESP=1
12602177	42	STIM=s
12608637	42	RESP=1
12617489	42	STIM=i
12622200	42	RESP=1
12633781	42	STIM=j
12647062	42	RESP=1
12650437	42	STIM=t
12654800	42	RESP=2
12665920	42	STIM=m
12669638	42	RESP=1
12684204	42	STIM=v
12687667	42	RESP=1
12701738	42	STIM=n
12704116	42	RESP=1
12717425	42	STIM=z
12722043	42	RESP=2
12735416	42	STIM=s
12738030	42	RESP=1
12750893	42	STIM=f
12761327	42	RESP=1
12766704	42	STIM=6
12777745	42	RESP=2
12782341	42	STIM=m
12789562	42	RESP=1
12798915	42	STIM=e
12806670	42	RESP=1
12817286	42	STIM=o
12826579	42	RESP=1
12833961	42	STIM=0
12841713	42	RESP=2
12849173	42	STIM=f
12855240	42	RESP=1
12864506	42	STIM=z
12871424	42	RESP=1
12881261	42	STIM=h
12889159	42	RESP=1
12898287	42	STIM=d
12904882	42	RESP=1
12913957	42	STIM=m
12917560	42	RESP=1
12932925	42	STIM=k
12940778	42	RESP=1
12948462	42	STIM=j
12954490	42	RESP=1
12966060	42	STIM=8
12975095	42	RESP=2
12981134	42	STIM=o
12990526	42	RESP=1
12999462	42	STIM=z
13003131	42	RESP=1
13016922	42	STIM=k
13024301	42	RESP=1
13032876	42	STIM=4
13040177	42	RESP=1
13049464	42	STIM=u
13054238	42	RESP=1
13064870	42	STIM=d
13074892	42	RESP=1
13081232	42	STIM=o
13084580	42	RESP=1
13100096	42	STIM=g
13104615	42	RESP=1
13115358	42	STIM=q
13119825	42	RESP=1
13133568	42	STIM=i
13137633	42	RESP=1
13150201	42	STIM=q
13153647	42	RESP=1
13168111	42	STIM=2
13175976	42	RESP=2
13183512	42	STIM=u
13190176	42	RESP=1
13200450	42	STIM=l
13206928	42	RESP=1
13217056	42	STIM=w
13221619	42	RESP=1
13232986	42	STIM=6
13236550	42	RESP=1
13249915	42	STIM=u
13253762	42	RESP=1
13268151	42	STIM=w
13272366	42	RESP=1
13283221	42	STIM=e
13287502	42	RESP=2
13301052	42	STIM=c
13304091	42	RESP=1
13316757	42	STIM=w
13326854	42	RESP=1
13334873	42	STIM=o
13340150	42	RESP=1
13350266	42	STIM=a
13354655	42	RESP=1
13367152	42	STIM=s
13373680	42	RESP=1
13385475	42	STIM=q
13392491	42	RESP=1
13402029	42	STIM=e
13409941	42	RESP=1
13420598	42	STIM=r
13428226	42	RESP=1
13437907	42	STIM=p
13442430	42	RESP=1
13453965	42	STIM=d
13458284	42	RESP=2
13472322	42	STIM=q
13476220	42	RESP=1
13487682	42	STIM=t
13491831	42	RESP=1
13504099	42	STIM=c
13507370	42	RESP=1
13519939	42	STIM=4
13526510	42	RESP=2
13538741	42	STIM=m
13547639	42	RESP=1
13554171	42	STIM=w
13558204	42	RESP=1
13570135	42	STIM=t
13575581	42	RESP=1
13587719	42	STIM=5
13601281	42	RESP=1
13605733	42	STIM=m
13610138	42	RESP=1
13621696	42	STIM=q
13627119	42	RESP=1
13637420	42	STIM=z
13640179	42	RESP=1
13656264	42	STIM=r
13662766	42	RESP=1
13674101	42	STIM=6
13678588	42	RESP=2
13692949	42	STIM=x
13705350	42	RESP=2
13711587	42	STIM=u
13714217	42	RESP=1
13728448	42	STIM=9
13736432	42	RESP=2
13746544	42	STIM=q
13750632	42	RESP=1
13763982	42	STIM=z
13768392	42	RESP=1
13782714	42	STIM=1
13789661	42	RESP=2
13801192	42	STIM=u
13807945	42	RESP=1
13817620	42	STIM=v
13827994	42	RESP=1
13835427	42	STIM=h
13840099	42	RESP=1
13853340	42	STIM=l
13864467	42	RESP=1
13871862	42	STIM=k
13876891	42	RESP=1
13887764	42	STIM=5
13894650	42	RESP=2
13904572	42	STIM=m
13913900	42	RESP=1
13921264	42	STIM=k
13925498	42	RESP=1
13939492	42	STIM=n
13944479	42	RESP=1
13957383	42	STIM=g
13959820	42	RESP=1
13973349	42	STIM=w
13980408	42	RESP=1
13991525	42	STIM=x
13996120	42	RESP=1
14006699	42	STIM=u
14009225	42	RESP=1
14023931	42	STIM=n
14031514	42	RESP=1
14039412	42	STIM=w
14046111	42	RESP=1
14054532	42	STIM=j
14059437	42	RESP=1
14073120	42	STIM=n
14076192	42	RESP=1
14090626	42	STIM=v
14094014	42	RESP=1
14106516	42	STIM=v
14113626	42	RESP=1
14122709	42	STIM=a
14127746	42	RESP=1
14139852	42	STIM=h
14148564	42	RESP=1
14155243	42	STIM=t
14158370	42	RESP=1
14170750	42	STIM=u
14175938	42	RESP=1
14187118	42	STIM=6
14195776	42	RESP=2
14203187	42	STIM=i
14206670	42	RESP=1
14218742	42	STIM=z
14223219	42	RESP=1
14236867	42	STIM=8
14242295	42	RESP=2
14254876	42	STIM=o
14259653	42	RESP=2
14273626	42	STIM=e
14277387	42	RESP=1
14288949	42	STIM=n
14294367	42	RESP=1
14306899	42	STIM=w
14312503	42	RESP=1
14322006	42	STIM=e
14332341	42	RESP=1
14340000	42	STIM=u
14348895	42	RESP=1
14357601	42	STIM=3
14362774	42	RESP=2
14373205	42	STIM=q
14378145	42	RESP=1
14392107	42	STIM=o
14394796	42	RESP=1
14409859	42	STIM=h
14416401	42	RESP=2
14425434	42	STIM=u
14430982	42	RESP=1
14442864	42	STIM=2
14448270	42	RESP=2
14460929	42	STIM=8
14465551	42	RESP=2
14478029	42	STIM=c
14485221	42	RESP=1
14495149	42	STIM=v
14498318	42	RESP=1
14512338	42	STIM=h
14515882	42	RESP=1
14528414	42	STIM=v
14536343	42	RESP=1
14544770	42	STIM=h
14548821	42	RESP=1
14563170	42	STIM=6
14571060	42	RESP=2
14580422	42	STIM=q
14584801	42	RESP=1
14598711	42	STIM=9
14605603	42	RESP=2
14615616	42	STIM=2
14619627	42	RESP=2
14631151	42	STIM=c
14637298	42	RESP=1
14650119	42	STIM=h
14653343	42	RESP=1
14667657	42	STIM=j
14671762	42	RESP=1
14685128	42	STIM=u
14690160	42	RESP=1
14701565	42	STIM=f
14706162	42	RESP=1
14719049	42	STIM=w
14727197	42	RESP=1
14737312	42	STIM=o
14743222	42	RESP=1
14753199	42	STIM=w
14757283	42	RESP=1
14771603	42	STIM=d
14776546	42	RESP=1
14789882	42	STIM=m
14795770	42	RESP=1
14806287	42	STIM=w
14812139	42	RESP=1
14822504	42	STIM=d
14830598	42	RESP=1
14841151	42	STIM=e
14845798	42	RESP=1
14858350	42	STIM=l
14869182	42	RESP=1
14874887	42	STIM=d
14880784	42	RESP=1
14892938	42	STIM=r
14902557	42	RESP=1
14908703	42	STIM=p
14914649	42	RESP=2
14925433	42	STIM=r
14928550	42	RESP=1
14943008	42	STIM=a
14949687	42	RESP=1
14959607	42	STIM=l
14964694	42	RESP=2
14974961	42	STIM=l
14981342	42	RESP=1
14991533	42	STIM=e
15003051	42	RESP=1
15008727	42	STIM=w
15016048	42	RESP=1
15027094	42	STIM=5
15031362	42	RESP=2
15042322	42	STIM=l
15046335	42	RESP=1
15060760	42	STIM=n
15066246	42	RESP=1
15079278	42	STIM=1
15083148	42	RESP=2
15094551	42	STIM=p
15103488	42	RESP=2
15111842	42	STIM=j
15115316	42	RESP=1
15127383	42	STIM=b
15130161	42	RESP=1
15143229	42	STIM=y
15148318	42	RESP=1
15160266	42	STIM=s
15165457	42	RESP=1
15177298	42	STIM=6
15181338	42	RESP=1
15195801	42	STIM=e
15203789	42	RESP=1
15212713	42	STIM=i
15217218	42	RESP=1
15231382	42	STIM=4
15238523	42	RESP=2
15248067	42	STIM=m
15257338	42	RESP=1
15264295	42	STIM=x
15269362	42	RESP=1
15279447	42	STIM=6
15286057	42	RESP=2
15295178	42	STIM=m
15299289	42	RESP=1
15310686	42	STIM=9
15315377	42	RESP=2
15329665	42	STIM=c
15332960	42	RESP=1
15346340	42	STIM=c
15351179	42	RESP=1
15364018	42	STIM=y
15369104	42	RESP=1
15382370	42	STIM=d
15387700	42	RESP=1
15398802	42	STIM=w
15401777	42	RESP=1
15416915	42	STIM=l
15421614	42	RESP=2
15433827	42	STIM=b
15437583	42	RESP=1
15448991	42	STIM=l
15454621	42	RESP=1
15464138	42	STIM=j
15468750	42	RESP=1
15482030	42	STIM=7
15486528	42	RESP=1
15498619	42	STIM=d
15501753	42	RESP=1
15515820	42	STIM=g
15520506	42	RESP=1
15532342	42	STIM=i
15538237	42	RESP=1
15549867	42	STIM=2
15554373	42	RESP=2
15565906	42	STIM=b
15573183	42	RESP=1
15584876	42	STIM=6
15591282	42	RESP=2
15600551	42	STIM=d
15604101	42	RESP=1
15615704	42	STIM=7
15620774	42	RESP=2
15631376	42	STIM=c
15639809	42	RESP=1
15647748	42	STIM=w
15653116	42	RESP=1
15663127	42	STIM=i
15667794	42	RESP=1
15680920	42	STIM=f
15689373	42	RESP=1
15697117	42	STIM=9
15710152	42	RESP=2
15714328	42	STIM=4
15719643	42	RESP=2
15731040	42	STIM=1
15742138	42	RESP=2
15748195	42	STIM=n
15753150	42	RESP=1
15764837	42	STIM=n
15768796	42	RESP=1
15781259	42	STIM=x
15786210	42	RESP=1
15800256	42	STIM=l
15806148	42	RESP=1
15816153	42	STIM=k
15821098	42	RESP=2
15833888	42	STIM=p
15838286	42	RESP=1
15851935	42	STIM=v
15857269	42	RESP=1
15868810	42	STIM=f
15874070	42	RESP=1
15884992	42	STIM=v
15902804	42	RESP=1
15903701	42	STIM=g
15916195	42	RESP=1
15921600	42	STIM=f
15925000	42	RESP=1
15938682	42	STIM=z
15945212	42	RESP=1
15955791	42	STIM=q
15960938	42	RESP=1
15972547	42	STIM=q
15976691	42	RESP=1
15990863	42	STIM=u
15994263	42	RESP=1
16007569	42	STIM=c
16014745	42	RESP=1
16023735	42	STIM=k
16028707	42	RESP=1
16039015	42	STIM=g
16042909	42	RESP=1
16056836	42	STIM=5
16065264	42	RESP=2
16072395	42	STIM=t
16077582	42	RESP=1
16091009	42	STIM=5
16096697	42	RESP=2
16109491	42	STIM=7
16116913	42	RESP=2
16125119	42	STIM=h
16129428	42	RESP=1
16143334	42	STIM=2
16149121	42	RESP=2
16160334	42	STIM=o
16165144	42	RESP=1
16177148	42	STIM=o
16182225	42	RESP=1
16196062	42	STIM=i
16206144	42	RESP=1
16212496	42	STIM=n
16222006	42	RESP=1
16229559	42	STIM=l
16234397	42	RESP=1
16246557	42	STIM=j
16252684	42	RESP=1
16263960	42	STIM=m
16274289	42	RESP=1
16280605	42	STIM=3
16290127	42	RESP=2
16297713	42	STIM=z
16301664	42	RESP=1
16314450	42	STIM=c
16319934	42	RESP=1
16330697	42	STIM=c
16335668	42	RESP=1
16347395	42	STIM=l
16353288	42	RESP=1
16362454	42	STIM=d
16367720	42	RESP=1
16379323	42	STIM=j
16394450	42	RESP=1
16395539	42	STIM=s
16399320	42	RESP=1
16411121	42	STIM=2
16419039	42	RESP=2
16429569	42	STIM=3
16435456	42	RESP=1
16445858	42	STIM=v
16451765	42	RESP=1
16462450	42	STIM=x
16469426	42	RESP=1
16480413	42	STIM=1
16489867	42	RESP=2
16498500	42	STIM=e
16506930	42	RESP=1
16514533	42	STIM=j
16522173	42	RESP=1
16532080	42	STIM=l
16539208	42	RESP=1
16550503	42	STIM=r
16559522	42	RESP=1
16568810	42	STIM=5
16575464	42	RESP=2
16586337	42	STIM=i
16589400	42	RESP=1
16603755	42	STIM=r
16612884	42	RESP=1
16621758	42	STIM=b
16625884	42	RESP=1
16638455	42	STIM=3
16644381	42	RESP=2
16653986	42	STIM=l
16660267	42	RESP=1
16672308	42	STIM=h
16678311	42	RESP=1
16689051	42	STIM=d
16692573	42	RESP=1
16705338	42	STIM=n
16710778	42	RESP=1
16720503	42	STIM=o
16726445	42	RESP=1
16736044	42	STIM=x
16742011	42	RESP=1
16753963	42	STIM=t
16759513	42	RESP=1
16772401	42	STIM=n
16777235	42	RESP=1
16787475	42	STIM=a
16792682	42	RESP=1
16805049	42	STIM=w
16809975	42	RESP=1
16822106	42	STIM=9
16829033	42	RESP=2
16837944	42	STIM=f
16843704	42	RESP=1
16855868	42	STIM=r
16860496	42	RESP=1
16872929	42	STIM=x
16876353	42	RESP=1
16889442	42	STIM=q
16894816	42	RESP=1
16908264	42	STIM=6
16914568	42	RESP=2
16924482	42	STIM=6
16931921	42	RESP=1
16941054	42	STIM=c
16947417	42	RESP=1
16959334	42	STIM=e
16967157	42	RESP=1
16975838	42	STIM=b
16979784	42	RESP=1
16992276	42	STIM=b
17000928	42	RESP=1
17010180	42	STIM=v
17015629	42	RESP=1
17027984	42	STIM=t
17032864	42	RESP=1
17045322	42	STIM=m
17050817	42	RESP=1
17063082	42	STIM=t
17067808	42	RESP=1
17080400	42	STIM=i
17086163	42	RESP=1
17096973	42	STIM=n
17103855	42	RESP=1
17113553	42	STIM=q
17117572	42	RESP=1
17132080	42	STIM=l
17137345	42	RESP=1
17148981	42	STIM=9
17156162	42	RESP=2
17167784	42	STIM=4
17177117	42	RESP=2
17184594	42	STIM=s
17191739	42	RESP=1
17203580	42	STIM=b
17208536	42	RESP=1
17221308	42	STIM=n
17226932	42	RESP=1
17238807	42	STIM=h
17245940	42	RESP=1
17255222	42	STIM=i
17260726	42	RESP=1
17271916	42	STIM=b
17275704	42	RESP=1
17287299	42	STIM=8
17294857	42	RESP=2
17305349	42	STIM=r
17308628	42	RESP=1
17323850	42	STIM=j
17330169	42	RESP=1
17341041	42	STIM=7
17349546	42	RESP=2
17359637	42	STIM=q
17362667	42	RESP=1
17378440	42	STIM=o
17387817	42	RESP=1
17394761	42	STIM=f
17400258	42	RESP=1
17410911	42	STIM=1
17419676	42	RESP=2
17426600	42	STIM=5
17431433	42	RESP=2
17443671	42	STIM=8
17448394	42	RESP=2
17461852	42	STIM=p
17468025	42	RESP=1
17479661	42	STIM=w
17483202	42	RESP=2
17495355	42	STIM=s
17500143	42	RESP=1
17511246	42	STIM=u
17514955	42	RESP=1
17529160	42	STIM=n
17535142	42	RESP=1
17547869	42	STIM=g
17560463	42	RESP=1
17566398	42	STIM=o
17571285	42	RESP=1
17581512	42	STIM=g
17589348	42	RESP=1
17597788	42	STIM=c
17603384	42	RESP=1
17614326	42	STIM=x
17618309	42	RESP=1
17631403	42	STIM=e
17635324	42	RESP=2
17647512	42	STIM=w
17654754	42	RESP=1
17665633	42	STIM=s
17674337	42	RESP=1
17684545	42	STIM=n
17688545	42	RESP=1
17703294	42	STIM=n
17707483	42	RESP=1
17718625	42	STIM=z
17726547	42	RESP=1
17734210	42	STIM=b
17739154	42	RESP=1
17752840	42	STIM=f
17757105	42	RESP=1
17770599	42	STIM=d
17774693	42	RESP=1
17789398	42	STIM=p
17802428	42	RESP=1
17804799	42	STIM=c
17810985	42	RESP=1
17821542	42	STIM=n
17826716	42	RESP=1
17838345	42	STIM=n
17849193	42	RESP=1
17853923	42	STIM=e
17858907	42	RESP=1
17872167	42	STIM=y
17877946	42	RESP=1
17889234	42	STIM=c
17892692	42	RESP=1
17904922	42	STIM=o
17909388	42	RESP=1
17920089	42	STIM=k
17923401	42	RESP=2
17935385	42	STIM=b
17941791	42	RESP=1
17953939	42	STIM=4
17959430	42	RESP=2
17970790	42	STIM=q
17974419	42	RESP=1
17989236	42	STIM=j
17995421	42	RESP=2
18007267	42	STIM=f
18012368	42	RESP=1
18024514	42	STIM=a
18028512	42	RESP=1
18041820	42	STIM=d
18046260	42	RESP=1
18057281	42	STIM=o
18068155	42	RESP=1
18073628	42	STIM=o
18081624	42	RESP=1
18090003	42	STIM=f
18095051	42	RESP=1
18107896	42	STIM=l
18113176	42	RESP=1
18126050	42	STIM=s
18129912	42	RESP=1
18143224	42	STIM=h
18147044	42	RESP=1
18161036	42	STIM=d
18165566	42	RESP=1
18179507	42	STIM=0
18186867	42	RESP=2
18195975	42	STIM=a
18204579	42	RESP=1
18212782	42	STIM=f
18219575	42	RESP=1
18230164	42	STIM=7
18236225	42	RESP=2
18247108	42	STIM=q
18256690	42	RESP=1
18265969	42	STIM=p
18273640	42	RESP=1
18283811	42	STIM=r
18288090	42	RESP=1
18300237	42	STIM=t
18305553	42	RESP=1
18315981	42	STIM=j
18319526	42	RESP=1
18331242	42	STIM=b
18334629	42	RESP=1
18347022	42	STIM=7
18359735	42	RESP=2
18362628	42	STIM=l
18367235	42	RESP=1
18378198	42	STIM=d
18385621	42	RESP=1
18393390	42	STIM=f
18397033	42	RESP=1
18410014	42	STIM=y
18415309	42	RESP=1
18427937	42	STIM=l
18434496	42	RESP=1
18446567	42	STIM=e
18452079	42	RESP=1
18462182	42	STIM=i
18469748	42	RESP=1
18479843	42	STIM=s
18482501	42	RESP=1
18495680	42	STIM=w
18499076	42	RESP=1
18511905	42	STIM=x
18516506	42	RESP=1
18528407	42	STIM=z
18535220	42	RESP=1
18547071	42	STIM=4
18551387	42	RESP=2
18565811	42	STIM=g
18571060	42	RESP=1
18581179	42	STIM=g
18583501	42	RESP=1
18597821	42	STIM=t
18606875	42	RESP=1
18613059	42	STIM=w
18617995	42	RESP=1
18630241	42	STIM=7
18633630	42	RESP=2
18645269	42	STIM=6
18653649	42	RESP=2
18662795	42	STIM=j
18668624	42	RESP=2
18680809	42	STIM=p
18687315	42	RESP=1
18696548	42	STIM=c
18701134	42	RESP=1
18715000	42	STIM=r
18722824	42	RESP=1
18731965	42	STIM=c
18740101	42	RESP=1
18750051	42	STIM=c
18756288	42	RESP=1
18765275	42	STIM=b
18769897	42	RESP=1
18782118	42	STIM=3
18787741	42	RESP=2
18797349	42	STIM=3
18802744	42	RESP=2
18815557	42	STIM=b
18821383	42	RESP=1
18830899	42	STIM=j
18835272	42	RESP=1
18847985	42	STIM=3
18852004	42	RESP=2
18863867	42	STIM=q
18875317	42	RESP=1
18881525	42	STIM=x
18891333	42	RESP=1
18896542	42	STIM=u
18902597	42	RESP=1
18913569	42	STIM=4
18919477	42	RESP=1
18928904	42	STIM=v
18931933	42	RESP=1
18947015	42	STIM=1
18953043	42	RESP=1
18964135	42	STIM=z
18969998	42	RESP=1
18979373	42	STIM=b
18983480	42	RESP=2
18996430	42	STIM=g
19000120	42	RESP=1
19012453	42	STIM=o
19022129	42	RESP=1
19031293	42	STIM=h
19036168	42	RESP=1
19049684	42	STIM=s
19057681	42	RESP=1
19065311	42	STIM=2
19072188	42	RESP=2
19082456	42	STIM=d
19090780	42	RESP=1
19100347	42	STIM=g
19106765	42	RESP=1
19116748	42	STIM=e
19122127	42	RESP=1
19134683	42	STIM=d
19141395	42	RESP=1
19153190	42	STIM=n
19157317	42	RESP=1
19170237	42	STIM=k
19175444	42	RESP=1
19185245	42	STIM=3
19191396	42	RESP=1
19201587	42	STIM=v
19211738	42	RESP=1
19218473	42	STIM=o
19221867	42	RESP=1
19235337	42	STIM=c
19240142	42	RESP=1
19253195	42	STIM=b
19259273	42	RESP=2
19269616	42	STIM=p
19273745	42	RESP=1
19286145	42	STIM=x
19293134	42	RESP=1
19301796	42	STIM=s
19306056	42	RESP=1
19319199	42	STIM=3
19324707	42	RESP=1
19337016	42	STIM=x
19341447	42	RESP=1
19355770	42	STIM=i
19360710	42	RESP=1
19371762	42	STIM=0
19377540	42	RESP=2
19387987	42	STIM=j
19393740	42	RESP=1
19404323	42	STIM=e
19408804	42	RESP=1
19422845	42	STIM=0
19427072	42	RESP=1
19440866	42	STIM=f
19445207	42	RESP=1
19457084	42	STIM=f
19463974	42	RESP=1
19473331	42	STIM=v
19478810	42	RESP=1
19489582	42	STIM=1
19495440	42	RESP=2
19505694	42	STIM=7
19512675	42	RESP=2
19520909	42	STIM=9
19526440	42	RESP=2
19536715	42	STIM=a
19546979	42	RESP=1
19553493	42	STIM=v
19558329	42	RESP=1
19569199	42	STIM=r
19576543	42	RESP=1
19584945	42	STIM=4
19593756	42	RESP=2
19602127	42	STIM=9
19608243	42	RESP=2
19619209	42	STIM=f
19622506	42	RESP=1
19635236	42	STIM=a
19641877	42	RESP=1
19650837	42	STIM=o
19658856	42	RESP=1
19668054	42	STIM=4
19673517	42	RESP=2
19684855	42	STIM=i
19689197	42	RESP=1
19703635	42	STIM=w
19709905	42	RESP=1
19719652	42	STIM=w
19724883	42	RESP=1
19735794	42	STIM=s
19740987	42	RESP=2
19752028	42	STIM=a
19757955	42	RESP=1
19767720	42	STIM=b
19770923	42	RESP=1
19783158	42	STIM=u
19791619	42	RESP=1
19800585	42	STIM=g
19805401	42	RESP=1
19818416	42	STIM=h
19821059	42	RESP=1
19834403	42	STIM=1
19838503	42	RESP=2
19851724	42	STIM=g
19857014	42	RESP=1
19870577	42	STIM=c
19874314	42	RESP=1
19887183	42	STIM=g
19891401	42	RESP=1
19905567	42	STIM=k
19910439	42	RESP=1
19922371	42	STIM=v
19931035	42	RESP=1
19938000	42	STIM=m
19942997	42	RESP=1
19954066	42	STIM=d
19958456	42	RESP=1
19969810	42	STIM=q
19972796	42	RESP=1
19988448	42	STIM=b
19992832	42	RESP=1
20007118	42	STIM=f
20012319	42	RESP=1
20023861	42	STIM=u
20030187	42	RESP=1
20040062	42	STIM=v
20055502	42	RESP=1
20057567	42	STIM=a
20061653	42	RESP=1
20073153	42	STIM=l
20077050	42	RESP=1
20090613	42	STIM=r
20095641	42	RESP=1
20107828	42	STIM=d
20116546	42	RESP=1
20126271	42	STIM=r
20129389	42	RESP=1
20143365	42	STIM=1
20150199	42	RESP=2
20161536	42	STIM=t
20167025	42	RESP=1
20179854	42	STIM=p
20185524	42	RESP=1
20198770	42	STIM=1
20209896	42	RESP=1
20216737	42	STIM=5
20222120	42	RESP=2
20232408	42	STIM=x
20237630	42	RESP=1
20251342	42	STIM=l
20255208	42	RESP=1
20268297	42	STIM=w
20272745	42	RESP=2
20284443	42	STIM=y
20293634	42	RESP=1
20302295	42	STIM=i
20307130	42	RESP=1
20320871	42	STIM=r
20326569	42	RESP=1
20337248	42	STIM=i
20341787	42	RESP=1
20353097	42	STIM=b
20360597	42	RESP=1
20368902	42	STIM=u
20374603	42	RESP=1
20386353	42	STIM=f
20394934	42	RESP=1
20402027	42	STIM=7
20408094	42	RESP=2
20417696	42	STIM=k
20424449	42	RESP=1
20432780	42	STIM=m
20436481	42	RESP=1
20448124	42	STIM=n
20453061	42	RESP=1
20463850	42	STIM=s
20469617	42	RESP=1
20480614	42	STIM=6
20490422	42	RESP=1
20497719	42	STIM=v
20509464	42	RESP=1
20514722	42	STIM=t
20519622	42	RESP=1
20529894	42	STIM=7
20536844	42	RESP=2
20547119	42	STIM=2
20556668	42	RESP=1
20565237	42	STIM=r
20571141	42	RESP=1
20580747	42	STIM=q
20583870	42	RESP=1
20599672	42	STIM=h
20609269	42	RESP=1
20617601	42	STIM=8
20622165	42	RESP=2
20634690	42	STIM=e
20643541	42	RESP=1
20652680	42	STIM=c
20658129	42	RESP=1
20669748	42	STIM=r
20678556	42	RESP=1
20686032	42	STIM=0
20694902	42	RESP=2
20704947	42	STIM=i
20709086	42	RESP=1
20720594	42	STIM=o
20725255	42	RESP=1
20739222	42	STIM=m
20748868	42	RESP=1
20757369	42	STIM=c
20761782	42	RESP=1
20773545	42	STIM=8
20780082	42	RESP=2
20790971	42	STIM=9
20797186	42	RESP=2
20806568	42	STIM=1
20813582	42	RESP=2
20824642	42	STIM=w
20828006	42	RESP=1
20840218	42	STIM=w
20844647	42	RESP=1
20857944	42	STIM=q
20863206	42	RESP=1
20873034	42	STIM=c
20876174	42	RESP=1
20889258	42	STIM=n
20897285	42	RESP=1
20907787	42	STIM=d
20912287	42	RESP=1
20923900	42	STIM=d
20927544	42	RESP=1
20942603	42	STIM=3
20949395	42	RESP=2
20957837	42	STIM=k
20962383	42	RESP=1
20973650	42	STIM=u
20980946	42	RESP=1
20991347	42	STIM=4
20995236	42	RESP=2
21009403	42	STIM=3
21016095	42	RESP=2
21025283	42	STIM=b
21029882	42	RESP=1
21043772	42	STIM=r
21048465	42	RESP=1
21058808	42	STIM=6
21063165	42	RESP=2
21077119	42	STIM=g
21080994	42	RESP=1
21093198	42	STIM=i
21098864	42	RESP=1
21110323	42	STIM=2
21115451	42	RESP=2
21126844	42	STIM=w
21132239	42	RESP=1
21143406	42	STIM=4
21150844	42	RESP=2
21158826	42	STIM=o
21162610	42	RESP=1
21176093	42	STIM=6
21182151	42	RESP=2
21192912	42	STIM=c
21198153	42	RESP=1
21210617	42	STIM=v
21221701	42	RESP=1
21229526	42	STIM=j
21232410	42	RESP=1
21247990	42	STIM=h
21254097	42	RESP=2
21266653	42	STIM=b
21270756	42	RESP=1
21283376	42	STIM=g
21285888	42	RESP=1
21302370	42	STIM=y
21307888	42	RESP=1
21320580	42	STIM=f
21328963	42	RESP=1
21338070	42	STIM=i
21342465	42	RESP=1
21355451	42	STIM=7
21360227	42	RESP=1
21374051	42	STIM=p
21380185	42	RESP=1
21392135	42	STIM=g
21396162	42	RESP=1
21410219	42	STIM=l
21414691	42	RESP=1
21428941	42	STIM=m
21433143	42	RESP=1
21444910	42	STIM=6
21452133	42	RESP=2
21460166	42	STIM=j
21465697	42	RESP=1
21477309	42	STIM=v
21485881	42	RESP=1
21494453	42	STIM=k
21505135	42	RESP=1
21510042	42	STIM=5
21516660	42	RESP=2
21527116	42	STIM=m
21533947	42	RESP=1
21544082	42	STIM=a
21551627	42	RESP=1
21559108	42	STIM=9
21567954	42	RESP=1
21576302	42	STIM=k
21581524	42	RESP=1
21592377	42	STIM=3
21600377	42	RESP=2
21609765	42	STIM=f
21613685	42	RESP=1
21626155	42	STIM=o
21630797	42	RESP=1
21642138	42	STIM=h
21648911	42	RESP=1
21660793	42	STIM=x
21667327	42	RESP=1
21677481	42	STIM=o
21680509	42	RESP=1
21692518	42	STIM=7
21697811	42	RESP=2
21711180	42	STIM=l
21717432	42	RESP=1
21728575	42	STIM=s
21731146	42	RESP=1
21746962	42	STIM=p
21753919	42	RESP=1
21764024	42	STIM=4
21772986	42	RESP=2
21780091	42	STIM=7
21790259	42	RESP=2
21796054	42	STIM=c
21800375	42	RESP=1
