# Original filename: 0027_MFF_2017-04-29.log
# Time unit: 100 us
# RARECAT=digit
#
# Time	HHGG	Event
30397	42	STIM=3
34916	42	RESP=2
47247	42	STIM=i
50424	42	RESP=1
62254	42	STIM=y
65726	42	RESP=1
80343	42	STIM=u
85471	42	RESP=1
96515	42	STIM=a
101264	42	RESP=1
112878	42	STIM=1
117165	42	RESP=2
130394	42	STIM=b
133641	42	RESP=1
148000	42	STIM=d
153417	42	RESP=1
166293	42	STIM=6
173741	42	RESP=2
183214	42	STIM=j
186097	42	RESP=1
201868	42	STIM=v
208153	42	RESP=1
217990	42	STIM=f
225553	42	RESP=1
236965	42	STIM=i
240537	42	RESP=1
254718	42	STIM=2
259999	42	RESP=1
271531	42	STIM=w
278235	42	RESP=1
290429	42	STIM=4
296676	42	RESP=2
307887	42	STIM=6
313684	42	RESP=2
325387	42	STIM=2
331870	42	RESP=2
341766	42	STIM=6
345386	42	RESP=2
357347	42	STIM=8
363595	42	RESP=2
375296	42	STIM=p
379476	42	RESP=1
394107	42	STIM=d
397046	42	RESP=1
410179	42	STIM=5
418842	42	RESP=2
426812	42	STIM=e
430830	42	RESP=1
444403	42	STIM=x
448182	42	RESP=1
462704	42	STIM=n
467372	42	RESP=1
479334	42	STIM=a
484818	42	RESP=1
494852	42	STIM=9
501696	42	RESP=2
511431	42	STIM=k
516485	42	RESP=1
526905	42	STIM=q
532598	42	RESP=1
542167	42	STIM=c
549852	42	RESP=1
560516	42	STIM=c
565680	42	RESP=1
578670	42	STIM=q
581721	42	RESP=1
597189	42	STIM=i
604847	42	RESP=1
615984	42	STIM=o
619643	42	RESP=1
634662	42	STIM=m
638068	42	RESP=1
650427	42	STIM=p
655028	42	RESP=1
667634	42	STIM=9
672182	42	RESP=2
685079	42	STIM=b
688684	42	RESP=2
701072	42	STIM=h
707466	42	RESP=1
716571	42	STIM=k
719327	42	RESP=1
735509	42	STIM=6
740130	42	RESP=2
753958	42	STIM=l
758514	42	RESP=1
772554	42	STIM=c
777890	42	RESP=2
787557	42	STIM=h
792073	42	RESP=1
805930	42	STIM=h
809978	42	RESP=1
824534	42	STIM=3
830942	42	RESP=2
843494	42	STIM=y
847641	42	RESP=1
859518	42	STIM=1
865141	42	RESP=2
874660	42	STIM=0
879535	42	RESP=2
892843	42	STIM=3
899157	42	RESP=2
908273	42	STIM=l
911478	42	RESP=2
927168	42	STIM=m
930950	42	RESP=1
945482	42	STIM=a
950230	42	RESP=1
961347	42	STIM=z
968191	42	RESP=1
977485	42	STIM=9
980550	42	RESP=2
992713	42	STIM=a
999166	42	RESP=1
1008403	42	STIM=e
1013631	42	RESP=1
1024231	42	STIM=v
1027501	42	RESP=1
1042897	42	STIM=o
1047797	42	RESP=1
1059470	42	STIM=b
1068003	42	RESP=1
1077407	42	STIM=7
1084943	42	RESP=2
1094851	42	STIM=z
1099199	42	RESP=1
1110949	42	STIM=m
1115895	42	RESP=1
1126048	42	STIM=u
1128687	42	RESP=1
1142533	42	STIM=8
1155697	42	RESP=2
1159564	42	STIM=b
1163411	42	RESP=1
1176144	42	STIM=e
1181693	42	RESP=1
1194984	42	STIM=a
1198598	42	RESP=1
1212683	42	STIM=p
1216504	42	RESP=1
1231234	42	STIM=f
1236152	42	RESP=1
1249450	42	STIM=i
1252948	42	RESP=1
1266493	42	STIM=r
1273682	42	RESP=1
1285064	42	STIM=g
1291253	42	RESP=1
1301009	42	STIM=2
1308602	42	RESP=2
1318667	42	STIM=g
1324924	42	RESP=1
1336740	42	STIM=z
1340330	42	RESP=1
1354792	42	STIM=5
1360426	42	RESP=2
1370332	42	STIM=s
1375291	42	RESP=1
1386141	42	STIM=t
1389504	42	RESP=1
1404401	42	STIM=r
1410765	42	RESP=1
1421675	42	STIM=z
1426075	42	RESP=1
1437300	42	STIM=k
1442914	42	RESP=1
1454558	42	STIM=2
1460450	42	RESP=2
1473219	42	STIM=m
1480010	42	RESP=1
1491597	42	STIM=8
1495963	42	RESP=2
1510357	42	STIM=u
1520963	42	RESP=1
1527019	42	STIM=r
1530433	42	RESP=1
1544147	42	STIM=k
1550989	42	RESP=1
1561983	42	STIM=g
1566681	42	RESP=1
1579219	42	STIM=n
1582848	42	RESP=1
1595727	42	STIM=t
1600713	42	RESP=1
1611853	42	STIM=n
1615499	42	RESP=1
1630732	42	STIM=r
1634467	42	RESP=1
1647612	42	STIM=v
1655270	42	RESP=1
1662779	42	STIM=6
1670011	42	RESP=2
1679419	42	STIM=0
1683654	42	RESP=2
1696761	42	STIM=q
1700935	42	RESP=1
1713359	42	STIM=o
1717746	42	RESP=1
1729486	42	STIM=l
1736273	42	RESP=1
1746441	42	STIM=s
1749796	42	RESP=1
1761620	42	STIM=n
1771055	42	RESP=1
1778203	42	STIM=5
1781755	42	RESP=2
1794497	42	STIM=f
1799976	42	RESP=1
1810592	42	STIM=d
1818370	42	RESP=1
1826542	42	STIM=k
1830129	42	RESP=1
1844300	42	STIM=1
1849895	42	RESP=2
1862874	42	STIM=r
1867087	42	RESP=1
1879425	42	STIM=j
1884567	42	RESP=1
1896957	42	STIM=z
1904871	42	RESP=1
1915188	42	STIM=e
1920964	42	RESP=1
1932744	42	STIM=p
1938092	42	RESP=1
1950782	42	STIM=1
1955581	42	RESP=2
1965844	42	STIM=x
1969257	42	RESP=1
1984346	42	STIM=m
1991992	42	RESP=1
2003286	42	STIM=m
2007637	42	RESP=1
2020866	42	STIM=d
2026134	42	RESP=1
2038732	42	STIM=h
2043375	42	RESP=1
2054989	42	STIM=c
2058391	42	RESP=1
2073735	42	STIM=9
2078083	42	RESP=2
2088747	42	STIM=g
2092362	42	RESP=1
2106660	42	STIM=m
2113411	42	RESP=1
2122023	42	STIM=k
2126202	42	RESP=2
2137755	42	STIM=p
2141436	42	RESP=1
2155991	42	STIM=p
2159200	42	RESP=1
2173426	42	STIM=o
2179849	42	RESP=1
2191045	42	STIM=t
2197934	42	RESP=1
2209782	42	STIM=q
2212391	42	RESP=1
2225488	42	STIM=l
2232809	42	RESP=2
2241014	42	STIM=y
2245260	42	RESP=1
2256474	42	STIM=i
2264545	42	RESP=1
2271982	42	STIM=s
2276973	42	RESP=1
2288785	42	STIM=8
2294954	42	RESP=2
2307265	42	STIM=i
2312856	42	RESP=1
2324976	42	STIM=i
2328438	42	RESP=1
2340195	42	STIM=g
2346629	42	RESP=1
2357412	42	STIM=l
2360581	42	RESP=1
2374397	42	STIM=s
2379681	42	RESP=1
2389658	42	STIM=g
2396211	42	RESP=1
2405329	42	STIM=c
2413698	42	RESP=1
2423753	42	STIM=4
2427400	42	RESP=2
2441151	42	STIM=s
2444621	42	RESP=1
2458418	42	STIM=b
2464605	42	RESP=1
2474434	42	STIM=j
2484166	42	RESP=1
2489888	42	STIM=8
2499006	42	RESP=2
2506072	42	STIM=e
2510011	42	RESP=1
2523999	42	STIM=a
2529924	42	RESP=1
2541477	42	STIM=6
2545165	42	RESP=2
2559182	42	STIM=q
2562164	42	RESP=1
2576870	42	STIM=7
2583252	42	RESP=1
2593530	42	STIM=j
2597593	42	RESP=1
2610585	42	STIM=m
2614072	42	RESP=1
2627369	42	STIM=a
2632140	42	RESP=1
2645424	42	STIM=9
2653786	42	RESP=2
2662730	42	STIM=0
2669386	42	RESP=2
2680603	42	STIM=u
2688038	42	RESP=1
2698249	42	STIM=d
2701815	42	RESP=1
2714861	42	STIM=n
2718522	42	RESP=1
2731006	42	STIM=z
2733711	42	RESP=1
2748090	42	STIM=w
2750869	42	RESP=1
2766975	42	STIM=g
2773111	42	RESP=1
2784434	42	STIM=t
2790149	42	RESP=2
2802737	42	STIM=u
2805713	42	RESP=1
2819270	42	STIM=r
2825186	42	RESP=1
2834957	42	STIM=4
2840384	42	RESP=2
2853017	42	STIM=n
2858307	42	RESP=1
2870206	42	STIM=j
2875222	42	RESP=1
2887294	42	STIM=s
2894894	42	RESP=1
2904052	42	STIM=k
2908983	42	RESP=1
2922409	42	STIM=u
2928651	42	RESP=1
2939845	42	STIM=5
2945907	42	RESP=2
2956699	42	STIM=x
2960180	42	RESP=1
2974107	42	STIM=4
2981238	42	RESP=2
2989195	42	STIM=l
2993394	42	RESP=1
3005296	42	STIM=e
3008327	42	RESP=2
3021933	42	STIM=d
3024727	42	RESP=1
3037435	42	STIM=5
3045486	42	RESP=2
3054350	42	STIM=z
3058770	42	RESP=1
3070854	42	STIM=s
3074631	42	RESP=1
3089007	42	STIM=i
3093595	42	RESP=1
3107090	42	STIM=z
3115349	42	RESP=1
3123988	42	STIM=h
3132459	42	RESP=1
3142064	42	STIM=c
3146560	42	RESP=1
3160500	42	STIM=r
3163407	42	RESP=1
3178361	42	STIM=9
3182890	42	RESP=2
3195467	42	STIM=n
3200095	42	RESP=1
3211772	42	STIM=t
3216488	42	RESP=1
3228654	42	STIM=v
3235114	42	RESP=1
3247176	42	STIM=v
3251732	42	RESP=1
3262546	42	STIM=g
3265710	42	RESP=1
3278623	42	STIM=u
3281159	42	RESP=1
3295517	42	STIM=8
3298982	42	RESP=2
3312358	42	STIM=i
3327584	42	RESP=1
3328307	42	STIM=r
3332230	42	RESP=1
3345663	42	STIM=1
3349360	42	RESP=2
3363310	42	STIM=4
3370309	42	RESP=2
3380502	42	STIM=w
3385520	42	RESP=1
3395996	42	STIM=t
3401705	42	RESP=1
3412916	42	STIM=u
3421266	42	RESP=1
3430081	42	STIM=m
3434751	42	RESP=1
3446671	42	STIM=d
3451490	42	RESP=1
3463201	42	STIM=y
3466820	42	RESP=1
3479539	42	STIM=2
3484415	42	RESP=2
3498499	42	STIM=z
3502275	42	RESP=1
3514672	42	STIM=p
3520800	42	RESP=1
3532497	42	STIM=b
3535802	42	RESP=1
3551494	42	STIM=9
3555209	42	RESP=2
3568370	42	STIM=w
3571407	42	RESP=1
3586957	42	STIM=8
3591230	42	RESP=2
3602969	42	STIM=z
3605771	42	RESP=1
3619145	42	STIM=s
3622479	42	RESP=1
3638106	42	STIM=7
3641768	42	RESP=2
3653569	42	STIM=a
3658853	42	RESP=1
3671725	42	STIM=y
3675738	42	RESP=1
3690066	42	STIM=z
3695801	42	RESP=1
3707584	42	STIM=2
3712920	42	RESP=2
3725647	42	STIM=k
3730238	42	RESP=1
3744292	42	STIM=x
3747964	42	RESP=2
3761056	42	STIM=g
3766653	42	RESP=1
3777400	42	STIM=c
3782226	42	RESP=1
3792993	42	STIM=p
3796791	42	RESP=1
3809548	42	STIM=r
3814825	42	RESP=1
3827609	42	STIM=d
3830903	42	RESP=1
3843636	42	STIM=x
3846745	42	RESP=2
3860736	42	STIM=0
3865274	42	RESP=2
3876508	42	STIM=e
3879794	42	RESP=1
3891559	42	STIM=g
3894707	42	RESP=1
3909847	42	STIM=5
3917901	42	RESP=2
3925327	42	STIM=p
3934922	42	RESP=1
3942737	42	STIM=a
3948304	42	RESP=1
3961260	42	STIM=7
3971422	42	RESP=2
3978623	42	STIM=s
3982603	42	RESP=1
3995241	42	STIM=z
3998419	42	RESP=1
4013906	42	STIM=e
4018313	42	RESP=1
4029448	42	STIM=h
4033770	42	RESP=1
4045782	42	STIM=0
4049797	42	RESP=2
4063314	42	STIM=m
4067349	42	RESP=1
4078839	42	STIM=f
4081465	42	RESP=1
4097594	42	STIM=n
4103657	42	RESP=1
4113782	42	STIM=r
4118419	42	RESP=1
4131106	42	STIM=k
4133837	42	RESP=1
4148408	42	STIM=z
4156277	42	RESP=1
4164433	42	STIM=b
4168101	42	RESP=1
4183251	42	STIM=m
4187048	42	RESP=1
4199201	42	STIM=g
4206933	42	RESP=1
4215805	42	STIM=8
4221179	42	RESP=2
4232417	42	STIM=c
4235326	42	RESP=1
4249614	42	STIM=h
4253963	42	RESP=1
4268020	42	STIM=u
4271549	42	RESP=1
4286218	42	STIM=e
4290498	42	RESP=1
4302551	42	STIM=0
4307949	42	RESP=1
4319896	42	STIM=z
4324370	42	RESP=1
4337264	42	STIM=m
4345686	42	RESP=1
4352574	42	STIM=t
4356122	42	RESP=1
4367674	42	STIM=y
4373229	42	RESP=1
4385889	42	STIM=f
4388754	42	RESP=1
4403586	42	STIM=t
4406945	42	RESP=1
4422011	42	STIM=5
4426386	42	RESP=2
4440921	42	STIM=1
4446633	42	RESP=2
4458193	42	STIM=s
4463366	42	RESP=1
4476561	42	STIM=r
4482301	42	RESP=1
4492588	42	STIM=q
4497007	42	RESP=1
4509494	42	STIM=g
4514492	42	RESP=1
4524501	42	STIM=x
4528895	42	RESP=1
4542169	42	STIM=x
4545384	42	RESP=1
4559028	42	STIM=a
4562646	42	RESP=1
4575008	42	STIM=6
4580901	42	RESP=2
4593561	42	STIM=l
4597449	42	RESP=1
4609402	42	STIM=g
4614325	42	RESP=1
4626638	42	STIM=6
4631275	42	RESP=2
4643376	42	STIM=z
4648758	42	RESP=1
4660134	42	STIM=j
4666464	42	RESP=1
4678515	42	STIM=4
4683370	42	RESP=2
4694185	42	STIM=y
4697162	42	RESP=1
4711068	42	STIM=w
4715068	42	RESP=1
4729977	42	STIM=9
4733762	42	RESP=2
4746387	42	STIM=n
4749913	42	RESP=1
4762201	42	STIM=i
4765335	42	RESP=1
4780250	42	STIM=a
4785529	42	RESP=1
4796746	42	STIM=1
4801295	42	RESP=2
4813809	42	STIM=9
4817809	42	RESP=2
4829317	42	STIM=e
4834360	42	RESP=1
4844755	42	STIM=l
4852676	42	RESP=1
4859757	42	STIM=0
4868710	42	RESP=2
4877135	42	STIM=8
4883133	42	RESP=2
4894420	42	STIM=c
4899009	42	RESP=1
4911216	42	STIM=p
4916838	42	RESP=1
4928091	42	STIM=y
4933392	42	RESP=1
4943483	42	STIM=7
4950263	42	RESP=2
4961012	42	STIM=j
4967800	42	RESP=1
4976258	42	STIM=9
4981916	42	RESP=1
4993588	42	STIM=i
5004707	42	RESP=1
5009520	42	STIM=u
5015343	42	RESP=1
5028273	42	STIM=d
5036481	42	RESP=1
5045273	42	STIM=6
5049523	42	RESP=2
5062672	42	STIM=z
5067043	42	RESP=1
5081346	42	STIM=f
5085153	42	RESP=1
5098398	42	STIM=d
5105721	42	RESP=1
5115889	42	STIM=i
5123793	42	RESP=1
5133446	42	STIM=v
5140942	42	RESP=1
5149977	42	STIM=d
5156207	42	RESP=1
5167043	42	STIM=8
5172152	42	RESP=2
5183788	42	STIM=v
5188797	42	RESP=1
5201630	42	STIM=u
5206140	42	RESP=1
5220369	42	STIM=4
5226080	42	RESP=2
5235620	42	STIM=q
5239518	42	RESP=1
5250999	42	STIM=v
5256818	42	RESP=1
5266759	42	STIM=c
5270060	42	RESP=1
5285688	42	STIM=f
5289708	42	RESP=1
5301707	42	STIM=7
5308765	42	RESP=2
5317531	42	STIM=9
5322115	42	RESP=2
5335055	42	STIM=j
5339561	42	RESP=1
5352028	42	STIM=v
5355092	42	RESP=1
5368621	42	STIM=u
5374714	42	RESP=1
5385721	42	STIM=s
5392976	42	RESP=1
5403691	42	STIM=m
5410419	42	RESP=1
5419711	42	STIM=g
5424473	42	RESP=1
5435964	42	STIM=l
5439645	42	RESP=1
5451467	42	STIM=0
5455449	42	RESP=2
5466636	42	STIM=y
5471528	42	RESP=1
5481734	42	STIM=d
5487066	42	RESP=1
5498667	42	STIM=f
5502301	42	RESP=1
5513785	42	STIM=m
5517173	42	RESP=1
5532646	42	STIM=y
5536985	42	RESP=1
5548022	42	STIM=1
5555837	42	RESP=2
5566659	42	STIM=u
5572037	42	RESP=1
5584284	42	STIM=h
5597001	42	RESP=1
5599717	42	STIM=u
5603613	42	RESP=1
5617625	42	STIM=v
5624555	42	RESP=1
5632775	42	STIM=p
5640097	42	RESP=1
5647803	42	STIM=u
5654356	42	RESP=1
5664434	42	STIM=f
5668076	42	RESP=1
5682578	42	STIM=i
5686527	42	RESP=1
5700748	42	STIM=w
5704596	42	RESP=1
5718772	42	STIM=y
5725167	42	RESP=1
5734626	42	STIM=0
5738122	42	RESP=2
5752756	42	STIM=n
5758890	42	RESP=1
5769248	42	STIM=n
5776946	42	RESP=1
5785631	42	STIM=q
5789427	42	RESP=1
5804461	42	STIM=l
5808915	42	RESP=1
5822354	42	STIM=e
5826414	42	RESP=1
5840696	42	STIM=l
5844027	42	RESP=1
5857455	42	STIM=q
5861585	42	RESP=1
5874738	42	STIM=n
5880533	42	RESP=1
5893169	42	STIM=j
5899219	42	RESP=1
5909862	42	STIM=z
5919799	42	RESP=1
5925826	42	STIM=8
5929318	42	RESP=2
5943982	42	STIM=z
5949481	42	RESP=1
5959857	42	STIM=f
5967138	42	RESP=1
5978211	42	STIM=p
5981751	42	RESP=1
5995032	42	STIM=v
5999903	42	RESP=1
6010803	42	STIM=r
6013726	42	RESP=1
6026844	42	STIM=k
6032065	42	RESP=1
6044560	42	STIM=z
6048914	42	RESP=2
6060882	42	STIM=m
6064596	42	RESP=1
6077306	42	STIM=n
6085787	42	RESP=1
6094206	42	STIM=w
6096781	42	RESP=1
6110039	42	STIM=r
6117902	42	RESP=2
6126548	42	STIM=l
6129820	42	RESP=1
6142285	42	STIM=i
6146364	42	RESP=1
6158292	42	STIM=k
6162527	42	RESP=1
6176821	42	STIM=u
6184855	42	RESP=1
6194175	42	STIM=a
6197719	42	RESP=1
6212696	42	STIM=q
6219484	42	RESP=1
6229845	42	STIM=r
6235316	42	RESP=1
6245642	42	STIM=s
6252180	42	RESP=1
6264076	42	STIM=d
6269930	42	RESP=1
6281990	42	STIM=o
6286907	42	RESP=1
6297469	42	STIM=a
6300035	42	RESP=1
6315113	42	STIM=r
6325367	42	RESP=1
6333892	42	STIM=f
6338913	42	RESP=1
6351623	42	STIM=g
6354848	42	RESP=1
6369935	42	STIM=h
6375425	42	RESP=2
6385153	42	STIM=z
6388704	42	RESP=1
6401909	42	STIM=0
6412637	42	RESP=2
6419101	42	STIM=v
6425478	42	RESP=1
6437992	42	STIM=0
6442904	42	RESP=2
6456260	42	STIM=u
6459526	42	RESP=1
6473421	42	STIM=0
6485792	42	RESP=2
6489733	42	STIM=h
6494781	42	RESP=1
6505378	42	STIM=a
6508938	42	RESP=1
6520594	42	STIM=r
6524748	42	RESP=1
6536583	42	STIM=0
6541078	42	RESP=2
6552579	42	STIM=f
6557381	42	RESP=1
6570587	42	STIM=g
6577290	42	RESP=2
6587412	42	STIM=u
6594196	42	RESP=1
6605939	42	STIM=8
6610733	42	RESP=2
6622637	42	STIM=s
6626186	42	RESP=1
6637765	42	STIM=s
6641733	42	RESP=1
6654458	42	STIM=k
6659005	42	RESP=1
6671574	42	STIM=b
6675316	42	RESP=1
6689394	42	STIM=j
6692833	42	RESP=1
6707561	42	STIM=5
6711379	42	RESP=2
6725598	42	STIM=q
6730342	42	RESP=1
6741099	42	STIM=2
6747267	42	RESP=2
6758942	42	STIM=t
6764033	42	RESP=1
6777154	42	STIM=0
6781167	42	RESP=2
6794634	42	STIM=7
6804083	42	RESP=2
6811976	42	STIM=d
6815271	42	RESP=1
6828078	42	STIM=7
6835404	42	RESP=2
6845920	42	STIM=l
6849885	42	RESP=1
6861867	42	STIM=6
6867165	42	RESP=2
6877880	42	STIM=l
6882533	42	RESP=1
6896365	42	STIM=m
6902357	42	RESP=1
6911739	42	STIM=d
6916505	42	RESP=1
6929330	42	STIM=0
6935412	42	RESP=2
6945016	42	STIM=4
6949639	42	RESP=2
6960523	42	STIM=g
6963526	42	RESP=1
6979018	42	STIM=6
6985600	42	RESP=2
6995468	42	STIM=s
7003314	42	RESP=1
7012103	42	STIM=x
7015650	42	RESP=1
7029938	42	STIM=3
7033815	42	RESP=2
7048451	42	STIM=9
7054971	42	RESP=2
7066972	42	STIM=5
7071478	42	RESP=2
7084053	42	STIM=b
7091302	42	RESP=1
7100707	42	STIM=5
7108835	42	RESP=2
7119083	42	STIM=e
7122534	42	RESP=1
7134117	42	STIM=q
7141572	42	RESP=1
7150093	42	STIM=p
7155239	42	RESP=1
7167887	42	STIM=5
7175076	42	RESP=2
7184811	42	STIM=0
7189263	42	RESP=2
7201798	42	STIM=g
7209023	42	RESP=1
7220047	42	STIM=x
7229274	42	RESP=1
7238849	42	STIM=e
7242292	42	RESP=1
7256921	42	STIM=7
7261454	42	RESP=2
7275794	42	STIM=r
7281004	42	RESP=1
7292764	42	STIM=u
7300097	42	RESP=1
7309144	42	STIM=h
7313757	42	RESP=1
7325280	42	STIM=0
7329630	42	RESP=2
7340804	42	STIM=a
7345676	42	RESP=1
7356114	42	STIM=u
7360001	42	RESP=1
7371889	42	STIM=g
7382710	42	RESP=1
7389246	42	STIM=2
7394443	42	RESP=2
7405796	42	STIM=i
7411326	42	RESP=1
7424560	42	STIM=o
7429947	42	RESP=1
7440095	42	STIM=v
7445744	42	RESP=1
7457903	42	STIM=l
7462008	42	RESP=1
7476611	42	STIM=q
7482067	42	RESP=1
7493007	42	STIM=p
7497403	42	RESP=1
7510257	42	STIM=i
7513773	42	RESP=1
7525511	42	STIM=y
7536158	42	RESP=1
7543147	42	STIM=w
7549333	42	RESP=1
7558786	42	STIM=f
7563258	42	RESP=1
7575125	42	STIM=2
7581410	42	RESP=2
7592827	42	STIM=w
7596968	42	RESP=1
7608133	42	STIM=4
7617482	42	RESP=2
7623965	42	STIM=e
7629106	42	RESP=1
7639722	42	STIM=s
7642616	42	RESP=1
7658043	42	STIM=k
7662925	42	RESP=1
7673613	42	STIM=4
7679269	42	RESP=2
7692571	42	STIM=z
7695529	42	RESP=1
7710385	42	STIM=b
7714290	42	RESP=1
7729331	42	STIM=6
7736938	42	RESP=2
7746128	42	STIM=1
7749812	42	RESP=2
7762760	42	STIM=w
7769710	42	RESP=1
7781082	42	STIM=u
7785788	42	RESP=2
7798838	42	STIM=p
7804159	42	RESP=1
7817627	42	STIM=q
7821939	42	RESP=1
7834668	42	STIM=3
7839205	42	RESP=2
7849974	42	STIM=l
7854794	42	RESP=1
7866376	42	STIM=w
7869983	42	RESP=1
7882549	42	STIM=e
7890080	42	RESP=1
7898579	42	STIM=g
7903977	42	RESP=1
7914012	42	STIM=h
7919456	42	RESP=1
7930004	42	STIM=4
7933671	42	RESP=2
7946820	42	STIM=u
7951159	42	RESP=1
7962346	42	STIM=f
7965897	42	RESP=1
7980037	42	STIM=1
7987689	42	RESP=2
7995637	42	STIM=h
8000893	42	RESP=1
8013767	42	STIM=o
8018663	42	RESP=1
8030127	42	STIM=j
8035781	42	RESP=1
8045743	42	STIM=a
8053075	42	RESP=1
8064180	42	STIM=0
8068553	42	RESP=2
8081432	42	STIM=2
8086792	42	RESP=2
8097403	42	STIM=d
8102370	42	RESP=1
8115120	42	STIM=z
8119309	42	RESP=1
8130819	42	STIM=g
8134292	42	RESP=1
8145925	42	STIM=k
8150537	42	RESP=1
8164403	42	STIM=w
8170869	42	RESP=1
8180213	42	STIM=i
8187030	42	RESP=1
8198444	42	STIM=u
8201766	42	RESP=1
8217400	42	STIM=c
8224141	42	RESP=1
8235129	42	STIM=v
8238816	42	RESP=1
8253627	42	STIM=j
8257407	42	RESP=1
8268819	42	STIM=f
8272682	42	RESP=1
8285298	42	STIM=i
8288223	42	RESP=1
8302814	42	STIM=y
8307818	42	RESP=1
8320285	42	STIM=g
8326234	42	RESP=1
8336822	42	STIM=c
8340146	42	RESP=1
8353274	42	STIM=3
8357898	42	RESP=2
8368822	42	STIM=r
8373545	42	RESP=1
8384917	42	STIM=u
8389117	42	RESP=1
8402915	42	STIM=5
8406359	42	RESP=2
8419733	42	STIM=t
8422584	42	RESP=1
8436130	42	STIM=g
8445657	42	RESP=1
8455118	42	STIM=g
8458162	42	RESP=1
8471953	42	STIM=u
8481100	42	RESP=1
8488953	42	STIM=4
8494752	42	RESP=2
8504697	42	STIM=3
8512728	42	RESP=2
8521043	42	STIM=7
8528643	42	RESP=2
8536741	42	STIM=j
8541056	42	RESP=1
8553767	42	STIM=8
8562921	42	RESP=2
8570337	42	STIM=d
8574959	42	RESP=1
8588736	42	STIM=a
8595556	42	RESP=1
8603943	42	STIM=k
8608284	42	RESP=1
8619667	42	STIM=0
8624139	42	RESP=2
8637543	42	STIM=x
8640325	42	RESP=1
8652589	42	STIM=f
8656859	42	RESP=1
8669725	42	STIM=t
8676232	42	RESP=1
8686032	42	STIM=1
8690322	42	RESP=2
8704815	42	STIM=p
8710431	42	RESP=1
8720665	42	STIM=b
8723253	42	RESP=1
8736507	42	STIM=0
8740153	42	RESP=2
8751936	42	STIM=i
8756212	42	RESP=1
8768021	42	STIM=2
8774597	42	RESP=2
8786578	42	STIM=w
8789686	42	RESP=1
8802664	42	STIM=b
8806778	42	RESP=1
8821325	42	STIM=m
8825611	42	RESP=1
8839794	42	STIM=m
8845793	42	RESP=1
8857219	42	STIM=x
8860759	42	RESP=1
8874712	42	STIM=t
8877473	42	RESP=1
8889761	42	STIM=r
8894983	42	RESP=1
8906584	42	STIM=m
8911476	42	RESP=1
8922302	42	STIM=i
8928400	42	RESP=1
8939613	42	STIM=l
8943249	42	RESP=1
8956721	42	STIM=h
8960139	42	RESP=1
8973794	42	STIM=q
8978688	42	RESP=1
8989234	42	STIM=f
8994340	42	RESP=1
9004453	42	STIM=w
9011792	42	RESP=1
9021094	42	STIM=u
9024788	42	RESP=1
9037755	42	STIM=c
9043374	42	RESP=1
9056030	42	STIM=h
9062059	42	RESP=1
9072189	42	STIM=z
9076288	42	RESP=1
9089019	42	STIM=h
9092740	42	RESP=1
9107870	42	STIM=h
9111882	42	RESP=1
9123594	42	STIM=p
9127275	42	RESP=1
9140814	42	STIM=l
9145104	42	RESP=1
9156486	42	STIM=y
9162172	42	RESP=1
9173644	42	STIM=e
9177796	42	RESP=1
9190666	42	STIM=p
9194811	42	RESP=1
9206405	42	STIM=x
9212605	42	RESP=1
9223181	42	STIM=j
9229412	42	RESP=1
9241383	42	STIM=c
9244468	42	RESP=1
9256548	42	STIM=v
9265151	42	RESP=1
9271931	42	STIM=v
9275582	42	RESP=1
9290886	42	STIM=8
9298496	42	RESP=2
9308564	42	STIM=5
9315562	42	RESP=2
9326329	42	STIM=2
9330524	42	RESP=2
9343780	42	STIM=5
9348736	42	RESP=1
9360169	42	STIM=3
9366816	42	RESP=2
9378405	42	STIM=z
9382802	42	RESP=1
9396923	42	STIM=5
9402124	42	RESP=2
9412046	42	STIM=3
9417126	42	RESP=2
9430039	42	STIM=p
9433228	42	RESP=1
9446985	42	STIM=z
9452907	42	RESP=1
9465412	42	STIM=u
9468757	42	RESP=1
9483929	42	STIM=c
9486817	42	RESP=1
9501834	42	STIM=d
9507101	42	RESP=1
9517488	42	STIM=k
9522679	42	RESP=2
9535730	42	STIM=c
9538495	42	RESP=1
9552342	42	STIM=3
9558015	42	RESP=2
9569946	42	STIM=t
9572584	42	RESP=1
9586286	42	STIM=r
9594048	42	RESP=1
9603295	42	STIM=o
9605754	42	RESP=1
9618724	42	STIM=x
9623117	42	RESP=1
9637310	42	STIM=3
9640414	42	RESP=2
9652822	42	STIM=a
9655914	42	RESP=1
9671559	42	STIM=0
9676551	42	RESP=1
9686592	42	STIM=l
9690837	42	RESP=1
9705524	42	STIM=d
9709014	42	RESP=1
9723159	42	STIM=x
9726852	42	RESP=1
9742038	42	STIM=3
9748727	42	RESP=2
9758960	42	STIM=w
9762875	42	RESP=1
9774883	42	STIM=e
9782415	42	RESP=1
9793201	42	STIM=p
9799192	42	RESP=1
9809537	42	STIM=y
9815061	42	RESP=1
9827802	42	STIM=y
9832630	42	RESP=1
9845170	42	STIM=s
9852674	42	RESP=1
9862025	42	STIM=3
9867510	42	RESP=2
9877945	42	STIM=y
9882513	42	RESP=1
9896351	42	STIM=j
9900566	42	RESP=1
9912274	42	STIM=r
9915987	42	RESP=2
9929612	42	STIM=m
9934443	42	RESP=1
9948059	42	STIM=m
9951743	42	RESP=1
9965275	42	STIM=q
9971364	42	RESP=1
9980810	42	STIM=e
9985226	42	RESP=1
9997574	42	STIM=e
10003026	42	RESP=1
10013777	42	STIM=n
10020014	42	RESP=1
10029450	42	STIM=6
10033559	42	RESP=2
10044636	42	STIM=i
10050809	42	RESP=1
10061809	42	STIM=g
10065591	42	RESP=1
10079355	42	STIM=s
10085527	42	RESP=1
10094438	42	STIM=d
10097331	42	RESP=1
10113365	42	STIM=w
10117050	42	RESP=1
10130381	42	STIM=f
10134180	42	RESP=1
10148658	42	STIM=o
10153275	42	RESP=1
10164135	42	STIM=2
10168561	42	RESP=1
10181454	42	STIM=u
10186378	42	RESP=1
10199307	42	STIM=y
10205564	42	RESP=1
10218217	42	STIM=6
10226546	42	RESP=2
10234972	42	STIM=p
10239604	42	RESP=1
10250195	42	STIM=5
10257144	42	RESP=2
10267951	42	STIM=t
10272362	42	RESP=1
10283274	42	STIM=r
10287424	42	RESP=1
10302099	42	STIM=t
10306392	42	RESP=1
10318713	42	STIM=w
10323151	42	RESP=1
10336181	42	STIM=d
10340653	42	RESP=1
10352738	42	STIM=8
10359350	42	RESP=2
10367809	42	STIM=f
10371213	42	RESP=1
10385183	42	STIM=b
10388819	42	RESP=1
10401478	42	STIM=o
10404677	42	RESP=1
10417171	42	STIM=1
10422731	42	RESP=2
10432886	42	STIM=z
10435675	42	RESP=1
10449417	42	STIM=a
10453422	42	RESP=1
10465666	42	STIM=p
10470346	42	RESP=1
10483431	42	STIM=k
10494332	42	RESP=1
10501344	42	STIM=8
10505526	42	RESP=2
10519483	42	STIM=4
10525009	42	RESP=2
10534708	42	STIM=h
10539194	42	RESP=1
10551547	42	STIM=e
10555290	42	RESP=1
10566904	42	STIM=9
10571260	42	RESP=2
10584161	42	STIM=y
10592925	42	RESP=1
10602031	42	STIM=b
10606227	42	RESP=1
10618135	42	STIM=e
10621611	42	RESP=1
10635592	42	STIM=a
10638942	42	RESP=1
10654283	42	STIM=t
10658719	42	RESP=1
10671111	42	STIM=4
10676554	42	RESP=2
10688666	42	STIM=x
10693355	42	RESP=1
10707195	42	STIM=p
10712125	42	RESP=1
10725357	42	STIM=c
10728324	42	RESP=1
10742073	42	STIM=5
10746673	42	RESP=2
10759475	42	STIM=q
10763471	42	RESP=1
10777766	42	STIM=j
10781926	42	RESP=1
10793455	42	STIM=i
10798396	42	RESP=2
10811613	42	STIM=g
10816010	42	RESP=1
10828110	42	STIM=w
10832162	42	RESP=1
10845796	42	STIM=f
10849059	42	RESP=1
10863587	42	STIM=d
10873192	42	RESP=1
10879348	42	STIM=s
10883344	42	RESP=1
10895964	42	STIM=5
10902515	42	RESP=2
10913940	42	STIM=s
10919234	42	RESP=1
10931676	42	STIM=k
10937617	42	RESP=1
10946700	42	STIM=t
10952664	42	RESP=1
10965487	42	STIM=n
10972392	42	RESP=2
10982756	42	STIM=z
10986957	42	RESP=1
11000724	42	STIM=j
11003624	42	RESP=1
11018052	42	STIM=n
11022321	42	RESP=1
11036117	42	STIM=y
11045455	42	RESP=1
11054711	42	STIM=s
11059026	42	RESP=1
11071571	42	STIM=a
11075594	42	RESP=1
11089977	42	STIM=d
11094974	42	RESP=1
11106811	42	STIM=i
11112403	42	RESP=2
11123047	42	STIM=7
11128535	42	RESP=2
11138448	42	STIM=n
11142985	42	RESP=1
11153728	42	STIM=w
11160625	42	RESP=1
11171908	42	STIM=1
11178482	42	RESP=2
11189016	42	STIM=s
11195710	42	RESP=1
11205146	42	STIM=k
11209897	42	RESP=1
11223077	42	STIM=t
11228259	42	RESP=1
11239744	42	STIM=n
11245319	42	RESP=1
11255038	42	STIM=k
11261583	42	RESP=1
11270554	42	STIM=g
11278450	42	RESP=1
11287984	42	STIM=k
11293183	42	RESP=1
11304289	42	STIM=k
11311784	42	RESP=1
11322361	42	STIM=a
11324845	42	RESP=1
11340482	42	STIM=0
11347670	42	RESP=2
11355718	42	STIM=m
11360756	42	RESP=2
11372707	42	STIM=v
11378005	42	RESP=1
11391176	42	STIM=9
11396045	42	RESP=2
11409237	42	STIM=c
11412100	42	RESP=2
11428160	42	STIM=p
11436979	42	RESP=1
11445619	42	STIM=p
11448249	42	RESP=1
11460984	42	STIM=l
11465138	42	RESP=1
11476001	42	STIM=n
11480770	42	RESP=1
11494172	42	STIM=p
11497524	42	RESP=1
11511334	42	STIM=t
11515856	42	RESP=1
11529419	42	STIM=z
11536939	42	RESP=1
11546011	42	STIM=o
11550061	42	RESP=1
11561746	42	STIM=1
11568335	42	RESP=2
11577219	42	STIM=p
11581158	42	RESP=1
11596058	42	STIM=5
11600930	42	RESP=2
11611381	42	STIM=7
11617050	42	RESP=2
11627609	42	STIM=u
11635771	42	RESP=1
11642864	42	STIM=1
11647071	42	RESP=2
11660086	42	STIM=6
11664744	42	RESP=2
11675100	42	STIM=n
11680150	42	RESP=1
11691117	42	STIM=a
11695823	42	RESP=1
11707605	42	STIM=h
11713722	42	RESP=1
11725685	42	STIM=m
11729734	42	RESP=1
11744546	42	STIM=i
11750877	42	RESP=1
11763209	42	STIM=4
11769856	42	RESP=1
11778888	42	STIM=m
11784884	42	RESP=1
11795556	42	STIM=y
11799485	42	RESP=1
11812038	42	STIM=h
11815295	42	RESP=1
11830684	42	STIM=q
11835276	42	RESP=1
11848620	42	STIM=s
11853187	42	RESP=1
11866037	42	STIM=w
11875263	42	RESP=2
11882211	42	STIM=f
11885463	42	RESP=1
11899283	42	STIM=x
11903481	42	RESP=1
11914847	42	STIM=p
11921554	42	RESP=1
11932221	42	STIM=k
11939670	42	RESP=1
11950800	42	STIM=0
11957479	42	RESP=2
11968038	42	STIM=j
11971187	42	RESP=1
11985534	42	STIM=q
11989588	42	RESP=1
12002227	42	STIM=y
12006926	42	RESP=1
12018440	42	STIM=f
12025360	42	RESP=1
12036286	42	STIM=n
12040277	42	RESP=1
12052931	42	STIM=0
12058386	42	RESP=2
12070331	42	STIM=y
12074447	42	RESP=1
12087989	42	STIM=c
12092301	42	RESP=1
12103037	42	STIM=v
12106729	42	RESP=1
12121003	42	STIM=d
12128754	42	RESP=1
12139883	42	STIM=5
12144640	42	RESP=2
12156619	42	STIM=5
12165565	42	RESP=2
12173552	42	STIM=t
12176853	42	RESP=1
12190336	42	STIM=8
12194999	42	RESP=1
12205502	42	STIM=6
12209891	42	RESP=2
12222371	42	STIM=v
12225440	42	RESP=1
12238983	42	STIM=y
12242851	42	RESP=1
12257362	42	STIM=o
12259803	42	RESP=1
12273977	42	STIM=b
12277018	42	RESP=1
12291037	42	STIM=q
12299240	42	RESP=2
12309077	42	STIM=k
12313689	42	RESP=1
12327208	42	STIM=o
12332040	42	RESP=1
12342298	42	STIM=x
12345248	42	RESP=1
12361112	42	STIM=9
12365439	42	RESP=2
12379483	42	STIM=d
12384545	42	RESP=1
12394885	42	STIM=i
12397982	42	RESP=1
12410539	42	STIM=c
12415834	42	RESP=1
12425973	42	STIM=j
12430441	42	RESP=1
12441045	42	STIM=k
12446987	42	RESP=1
12456658	42	STIM=w
12462108	42	RESP=1
12475228	42	STIM=y
12481326	42	RESP=1
12490670	42	STIM=k
12493298	42	RESP=1
12507724	42	STIM=f
12512260	42	RESP=1
12523130	42	STIM=f
12526782	42	RESP=1
12538981	42	STIM=y
12546511	42	RESP=1
12554285	42	STIM=c
12557792	42	RESP=1
12571953	42	STIM=c
12575069	42	RESP=1
12587042	42	STIM=2
12592116	42	RESP=2
12604060	42	STIM=g
12607703	42	RESP=1
12621700	42	STIM=7
12629336	42	RESP=1
12638445	42	STIM=f
12644266	42	RESP=1
12657412	42	STIM=v
12661049	42	RESP=1
12674134	42	STIM=d
12677531	42	RESP=1
12691190	42	STIM=m
12695951	42	RESP=1
12709194	42	STIM=u
12713640	42	RESP=1
12727944	42	STIM=z
12731821	42	RESP=1
12743985	42	STIM=n
12749671	42	RESP=1
12759258	42	STIM=d
12763861	42	RESP=1
12776673	42	STIM=u
12780992	42	RESP=1
12792551	42	STIM=7
12797499	42	RESP=2
12810951	42	STIM=w
12817178	42	RESP=1
12829800	42	STIM=6
12835257	42	RESP=2
12848588	42	STIM=o
12851149	42	RESP=1
12863782	42	STIM=0
12867708	42	RESP=2
12881018	42	STIM=i
12885603	42	RESP=1
12897637	42	STIM=t
12904756	42	RESP=1
12916531	42	STIM=q
12920346	42	RESP=1
12934609	42	STIM=t
12939108	42	RESP=2
12950314	42	STIM=z
12954538	42	RESP=1
12965906	42	STIM=q
12969710	42	RESP=1
12981540	42	STIM=v
12985171	42	RESP=1
12998970	42	STIM=p
13002139	42	RESP=1
13017769	42	STIM=x
13023201	42	RESP=1
13033935	42	STIM=r
13038657	42	RESP=1
13051832	42	STIM=c
13059688	42	RESP=1
13069459	42	STIM=u
13076344	42	RESP=1
13086371	42	STIM=a
13090306	42	RESP=1
13104886	42	STIM=p
13108236	42	RESP=1
13121121	42	STIM=c
13125299	42	RESP=1
13138611	42	STIM=b
13147974	42	RESP=1
13156013	42	STIM=w
13159186	42	RESP=1
13173175	42	STIM=g
13179857	42	RESP=1
13192163	42	STIM=5
13202505	42	RESP=2
13209746	42	STIM=z
13219206	42	RESP=1
13227293	42	STIM=b
13231675	42	RESP=1
13245540	42	STIM=0
13252253	42	RESP=2
13261726	42	STIM=t
13267901	42	RESP=1
13277665	42	STIM=z
13282072	42	RESP=1
13292845	42	STIM=2
13297123	42	RESP=2
13311281	42	STIM=y
13316341	42	RESP=1
13327013	42	STIM=m
13331900	42	RESP=1
13342323	42	STIM=h
13347440	42	RESP=1
13359029	42	STIM=v
13364976	42	RESP=1
13377218	42	STIM=b
13381044	42	RESP=1
13394537	42	STIM=2
13398984	42	RESP=2
13411692	42	STIM=6
13415235	42	RESP=2
13429357	42	STIM=c
13432884	42	RESP=1
13445255	42	STIM=f
13449364	42	RESP=1
13463939	42	STIM=y
13468543	42	RESP=1
13481801	42	STIM=z
13485159	42	RESP=1
13499302	42	STIM=t
13505762	42	RESP=1
13515088	42	STIM=w
13518565	42	RESP=1
13532763	42	STIM=t
13537376	42	RESP=1
13550835	42	STIM=q
13553525	42	RESP=1
13567840	42	STIM=f
13573108	42	RESP=1
13584653	42	STIM=l
13590981	42	RESP=1
13600004	42	STIM=n
13604956	42	RESP=1
13617598	42	STIM=1
13622713	42	RESP=2
13633969	42	STIM=y
13643761	42	RESP=1
13648998	42	STIM=p
13652603	42	RESP=1
13664138	42	STIM=n
13668768	42	RESP=1
13682283	42	STIM=v
13688301	42	RESP=2
13700129	42	STIM=b
13705420	42	RESP=1
13716141	42	STIM=b
13720347	42	RESP=1
13733160	42	STIM=c
13739191	42	RESP=1
13751204	42	STIM=w
13756136	42	RESP=1
13767256	42	STIM=v
13772661	42	RESP=1
13784460	42	STIM=d
13789037	42	RESP=1
13803129	42	STIM=p
13806937	42	RESP=1
13821351	42	STIM=t
13827959	42	RESP=1
13837259	42	STIM=s
13841354	42	RESP=1
13852423	42	STIM=w
13855699	42	RESP=1
13868697	42	STIM=u
13874722	42	RESP=1
13885769	42	STIM=f
13890754	42	RESP=1
13901006	42	STIM=p
13904154	42	RESP=1
13916945	42	STIM=v
13920920	42	RESP=1
13934911	42	STIM=l
13938310	42	RESP=1
13951582	42	STIM=k
13957381	42	RESP=1
13966699	42	STIM=w
13971199	42	RESP=1
13985566	42	STIM=x
13989299	42	RESP=1
14003165	42	STIM=l
14009125	42	RESP=1
14020857	42	STIM=u
14023510	42	RESP=1
14037023	42	STIM=k
14041942	42	RESP=1
14054272	42	STIM=s
14060695	42	RESP=1
14071547	42	STIM=r
14074931	42	RESP=1
14086911	42	STIM=e
14090973	42	RESP=1
14103885	42	STIM=y
14107332	42	RESP=1
14121488	42	STIM=x
14124726	42	RESP=1
14136877	42	STIM=z
14142033	42	RESP=1
14155779	42	STIM=o
14159099	42	RESP=2
14172062	42	STIM=7
14177622	42	RESP=2
14190816	42	STIM=i
14194252	42	RESP=1
14209734	42	STIM=x
14215187	42	RESP=1
14226663	42	STIM=i
14231269	42	RESP=1
14243763	42	STIM=k
14247380	42	RESP=1
14261470	42	STIM=u
14270364	42	RESP=1
14279522	42	STIM=s
14284336	42	RESP=1
14296698	42	STIM=i
14300607	42	RESP=1
14315490	42	STIM=3
14322430	42	RESP=2
14331751	42	STIM=x
14338747	42	RESP=1
14347529	42	STIM=l
14355708	42	RESP=1
14362579	42	STIM=b
14369476	42	RESP=1
14381357	42	STIM=t
14391780	42	RESP=1
14399962	42	STIM=k
14405093	42	RESP=1
14416045	42	STIM=p
14419838	42	RESP=1
14434519	42	STIM=t
14439204	42	RESP=1
14450111	42	STIM=x
14455556	42	RESP=1
14466814	42	STIM=2
14474950	42	RESP=2
14482937	42	STIM=9
14490364	42	RESP=2
14500806	42	STIM=1
14506061	42	RESP=2
14516914	42	STIM=o
14521440	42	RESP=1
14533519	42	STIM=q
14536316	42	RESP=1
14552296	42	STIM=r
14556202	42	RESP=1
14568731	42	STIM=i
14573281	42	RESP=1
14587030	42	STIM=4
14591536	42	RESP=2
14604492	42	STIM=w
14608891	42	RESP=1
14620196	42	STIM=f
14622938	42	RESP=1
14637536	42	STIM=b
14641828	42	RESP=1
14654382	42	STIM=v
14657685	42	RESP=1
14672783	42	STIM=x
14677137	42	RESP=1
14691196	42	STIM=d
14697637	42	RESP=1
14708650	42	STIM=p
14716157	42	RESP=1
14724985	42	STIM=r
14729415	42	RESP=1
14742324	42	STIM=h
14745524	42	RESP=1
14758279	42	STIM=m
14763049	42	RESP=1
14774891	42	STIM=m
14780980	42	RESP=1
14790730	42	STIM=g
14794961	42	RESP=1
14806844	42	STIM=v
14812573	42	RESP=1
14824561	42	STIM=j
14830098	42	RESP=1
14842447	42	STIM=v
14848191	42	RESP=1
14858048	42	STIM=x
14861668	42	RESP=1
14876558	42	STIM=r
14881220	42	RESP=1
14892426	42	STIM=t
14898483	42	RESP=1
14907613	42	STIM=g
14915636	42	RESP=1
14922991	42	STIM=n
14926547	42	RESP=1
14941772	42	STIM=g
14945218	42	RESP=1
14959830	42	STIM=s
14965018	42	RESP=1
14978721	42	STIM=0
14982224	42	RESP=1
14993804	42	STIM=a
14998998	42	RESP=1
15010016	42	STIM=9
15016008	42	RESP=2
15026665	42	STIM=2
15034073	42	RESP=1
15041802	42	STIM=i
15045366	42	RESP=1
15057781	42	STIM=k
15061961	42	RESP=1
15076777	42	STIM=b
15079716	42	RESP=1
15095638	42	STIM=s
15102202	42	RESP=1
15112086	42	STIM=n
15115764	42	RESP=1
15129251	42	STIM=h
15137076	42	RESP=1
15144341	42	STIM=v
15149466	42	RESP=2
15161533	42	STIM=u
15166521	42	RESP=1
15176597	42	STIM=z
15182928	42	RESP=1
15192634	42	STIM=j
15198354	42	RESP=1
15210027	42	STIM=k
15214766	42	RESP=1
15227298	42	STIM=y
15233265	42	RESP=1
15243325	42	STIM=v
15251549	42	RESP=2
15258460	42	STIM=t
15264771	42	RESP=1
15273681	42	STIM=8
15277742	42	RESP=2
15290582	42	STIM=v
15296339	42	RESP=1
15306063	42	STIM=i
15311513	42	RESP=1
15324507	42	STIM=z
15328919	42	RESP=1
15341875	42	STIM=j
15345773	42	RESP=1
15360758	42	STIM=l
15366022	42	RESP=1
15379592	42	STIM=s
15383373	42	RESP=1
15394882	42	STIM=n
15399463	42	RESP=1
15411882	42	STIM=c
15416400	42	RESP=1
15430744	42	STIM=m
15438683	42	RESP=1
15448722	42	STIM=l
15452080	42	RESP=1
15465780	42	STIM=1
15472874	42	RESP=2
15481216	42	STIM=a
15485787	42	RESP=1
15497260	42	STIM=0
15503061	42	RESP=2
15514533	42	STIM=x
15522019	42	RESP=1
15532480	42	STIM=t
15537598	42	RESP=1
15549928	42	STIM=u
15553708	42	RESP=1
15568055	42	STIM=w
15571680	42	RESP=1
15585682	42	STIM=1
15592438	42	RESP=2
15603671	42	STIM=e
15607249	42	RESP=1
15620902	42	STIM=f
15623773	42	RESP=1
15639119	42	STIM=z
15644841	42	RESP=1
15657026	42	STIM=h
15661593	42	RESP=1
15674482	42	STIM=1
15682479	42	RESP=2
15691897	42	STIM=x
15695587	42	RESP=1
15710828	42	STIM=e
15715056	42	RESP=1
15726696	42	STIM=1
15731216	42	RESP=2
15744098	42	STIM=8
15750462	42	RESP=2
15759783	42	STIM=j
15767310	42	RESP=1
15777302	42	STIM=z
15781692	42	RESP=1
15792555	42	STIM=i
15798069	42	RESP=1
15808005	42	STIM=7
15812414	42	RESP=2
15824378	42	STIM=k
15827335	42	RESP=1
15840689	42	STIM=0
15845909	42	RESP=2
15858593	42	STIM=k
15861358	42	RESP=1
15874783	42	STIM=m
15877747	42	RESP=1
15890927	42	STIM=w
15897558	42	RESP=1
15907315	42	STIM=c
15911131	42	RESP=2
15926193	42	STIM=n
15929508	42	RESP=1
15942566	42	STIM=4
15950701	42	RESP=2
15958585	42	STIM=j
15963001	42	RESP=1
15975561	42	STIM=b
15982226	42	RESP=1
15992403	42	STIM=t
15997202	42	RESP=1
16007811	42	STIM=u
16010466	42	RESP=1
16025532	42	STIM=3
16033093	42	RESP=2
16041354	42	STIM=b
16043947	42	RESP=1
16059485	42	STIM=b
16062495	42	RESP=1
16075598	42	STIM=q
16082004	42	RESP=1
16092372	42	STIM=q
16095296	42	RESP=1
16110819	42	STIM=w
16115402	42	RESP=1
16127476	42	STIM=v
16130616	42	RESP=1
16143233	42	STIM=0
16147899	42	RESP=2
16161218	42	STIM=t
16164746	42	RESP=1
16177188	42	STIM=f
16187731	42	RESP=1
16192858	42	STIM=v
16195341	42	RESP=1
16211512	42	STIM=n
16214967	42	RESP=1
16227843	42	STIM=p
16231447	42	RESP=1
16245740	42	STIM=z
16249163	42	RESP=1
16262293	42	STIM=c
16265574	42	RESP=1
16277470	42	STIM=0
16283031	42	RESP=2
16295152	42	STIM=f
16298237	42	RESP=2
16313597	42	STIM=f
16317754	42	RESP=1
16329822	42	STIM=i
16336262	42	RESP=1
16348651	42	STIM=q
16354571	42	RESP=1
16364033	42	STIM=k
16372013	42	RESP=1
16380206	42	STIM=x
16386599	42	RESP=1
16396440	42	STIM=5
16401180	42	RESP=2
16414761	42	STIM=7
16419994	42	RESP=2
16431044	42	STIM=6
16435216	42	RESP=2
16449406	42	STIM=i
16453857	42	RESP=1
16465060	42	STIM=y
16470247	42	RESP=1
16482991	42	STIM=x
16487921	42	RESP=1
16500494	42	STIM=h
16503788	42	RESP=1
16518652	42	STIM=g
16522956	42	RESP=1
16535310	42	STIM=g
16539222	42	RESP=1
16551992	42	STIM=4
16555860	42	RESP=2
16569007	42	STIM=j
16573833	42	RESP=1
16584155	42	STIM=4
16590509	42	RESP=2
16599659	42	STIM=m
16603423	42	RESP=1
16615234	42	STIM=s
16622094	42	RESP=1
16632057	42	STIM=a
16635584	42	RESP=1
16650435	42	STIM=o
16653609	42	RESP=1
16667459	42	STIM=l
16670947	42	RESP=1
16686214	42	STIM=s
16691438	42	RESP=1
16702733	42	STIM=j
16707327	42	RESP=1
16721410	42	STIM=c
16724942	42	RESP=1
16740243	42	STIM=4
16744343	42	RESP=2
16756789	42	STIM=c
16760858	42	RESP=1
16773611	42	STIM=1
16778738	42	RESP=1
16789057	42	STIM=f
16793484	42	RESP=1
16806625	42	STIM=g
16811310	42	RESP=1
16823482	42	STIM=b
16828901	42	RESP=1
16841038	42	STIM=e
16845334	42	RESP=1
16858875	42	STIM=w
16864135	42	RESP=1
16874942	42	STIM=m
16880697	42	RESP=1
16890854	42	STIM=y
16898793	42	RESP=1
16908785	42	STIM=y
16918190	42	RESP=1
16924016	42	STIM=r
16932414	42	RESP=1
16942794	42	STIM=h
16946003	42	RESP=1
16959851	42	STIM=y
16968676	42	RESP=1
16976391	42	STIM=v
16981489	42	RESP=1
16993648	42	STIM=y
16996241	42	RESP=1
17011211	42	STIM=d
17014120	42	RESP=1
17028501	42	STIM=9
17032820	42	RESP=2
17044349	42	STIM=k
17050883	42	RESP=1
17060567	42	STIM=n
17069833	42	RESP=1
17078972	42	STIM=d
17082544	42	RESP=1
17097350	42	STIM=x
17102554	42	RESP=1
17112987	42	STIM=9
17118887	42	RESP=2
17131610	42	STIM=x
17137953	42	RESP=1
17147795	42	STIM=f
17152784	42	RESP=1
17164060	42	STIM=t
17170264	42	RESP=1
17180194	42	STIM=l
17185008	42	RESP=1
17195475	42	STIM=l
17204227	42	RESP=1
17212199	42	STIM=a
17216213	42	RESP=1
17230670	42	STIM=7
17235446	42	RESP=2
17248918	42	STIM=6
17253268	42	RESP=2
17264226	42	STIM=0
17268919	42	RESP=1
17282214	42	STIM=j
17285851	42	RESP=1
17298370	42	STIM=e
17302018	42	RESP=1
17315320	42	STIM=e
17322153	42	RESP=1
17331136	42	STIM=6
17336671	42	RESP=2
17346930	42	STIM=s
17350825	42	RESP=1
17364790	42	STIM=b
17374171	42	RESP=1
17381174	42	STIM=m
17385743	42	RESP=1
17397125	42	STIM=v
17401306	42	RESP=1
17412239	42	STIM=3
17415974	42	RESP=1
17428922	42	STIM=n
17438614	42	RESP=1
17443948	42	STIM=v
17447735	42	RESP=1
17460798	42	STIM=o
17464344	42	RESP=1
17478353	42	STIM=0
17484108	42	RESP=2
17496807	42	STIM=z
17501530	42	RESP=1
17514902	42	STIM=o
17520789	42	RESP=1
17531101	42	STIM=j
17534267	42	RESP=1
17549195	42	STIM=g
17552936	42	RESP=1
17565344	42	STIM=4
17573596	42	RESP=2
17583529	42	STIM=i
17587742	42	RESP=1
17600774	42	STIM=4
17610806	42	RESP=2
17619016	42	STIM=s
17624142	42	RESP=1
17637498	42	STIM=k
17641992	42	RESP=1
17652667	42	STIM=6
17658612	42	RESP=2
17671272	42	STIM=o
17677805	42	RESP=1
17690132	42	STIM=c
17697478	42	RESP=1
17707351	42	STIM=m
17711004	42	RESP=1
17725065	42	STIM=p
17728815	42	RESP=1
17743499	42	STIM=c
17746958	42	RESP=1
17759566	42	STIM=3
17766038	42	RESP=2
17775356	42	STIM=6
17781542	42	RESP=2
17792278	42	STIM=v
17796265	42	RESP=1
17807620	42	STIM=s
17813786	42	RESP=1
17823318	42	STIM=p
17826532	42	RESP=1
17839457	42	STIM=n
17842626	42	RESP=1
17856935	42	STIM=8
17860509	42	RESP=1
17875079	42	STIM=i
17879884	42	RESP=1
17893006	42	STIM=o
17897526	42	RESP=1
17908122	42	STIM=g
17919621	42	RESP=1
17926203	42	STIM=f
17932002	42	RESP=1
17942095	42	STIM=r
17945563	42	RESP=1
17960647	42	STIM=t
17966812	42	RESP=1
17976059	42	STIM=i
17979841	42	RESP=1
17992003	42	STIM=g
17998782	42	RESP=1
18010900	42	STIM=j
18017924	42	RESP=1
18027922	42	STIM=g
18032284	42	RESP=1
18044739	42	STIM=4
18049083	42	RESP=2
18060046	42	STIM=k
18068207	42	RESP=1
18078065	42	STIM=t
18082530	42	RESP=1
18093360	42	STIM=8
18097518	42	RESP=1
18108634	42	STIM=b
18115821	42	RESP=1
18124829	42	STIM=e
18128184	42	RESP=1
18140553	42	STIM=g
18143893	42	RESP=1
18157044	42	STIM=w
18159950	42	RESP=1
18175902	42	STIM=5
18180055	42	RESP=1
18193767	42	STIM=l
18197145	42	RESP=1
18212587	42	STIM=d
18216522	42	RESP=1
18230715	42	STIM=r
18236775	42	RESP=1
18246323	42	STIM=g
18250068	42	RESP=1
18262169	42	STIM=l
18267100	42	RESP=1
18280456	42	STIM=v
18286613	42	RESP=1
18298639	42	STIM=k
18306279	42	RESP=1
18316999	42	STIM=b
18321018	42	RESP=1
18334297	42	STIM=d
18340644	42	RESP=1
18351259	42	STIM=2
18356474	42	RESP=1
18366801	42	STIM=m
18371712	42	RESP=1
18383370	42	STIM=q
18387709	42	RESP=1
18399625	42	STIM=v
18402613	42	RESP=1
18417445	42	STIM=s
18420928	42	RESP=1
18436343	42	STIM=j
18439156	42	RESP=1
18453017	42	STIM=p
18459586	42	RESP=1
18469923	42	STIM=g
18473904	42	RESP=1
18487035	42	STIM=u
18491179	42	RESP=2
18502993	42	STIM=q
18506902	42	RESP=1
18518932	42	STIM=a
18524735	42	RESP=2
18536455	42	STIM=s
18542767	42	RESP=1
18551875	42	STIM=o
18556944	42	RESP=1
18570540	42	STIM=r
18575108	42	RESP=1
18588113	42	STIM=c
18591465	42	RESP=1
18603114	42	STIM=z
18611946	42	RESP=1
18619891	42	STIM=v
18625223	42	RESP=1
18638684	42	STIM=i
18644958	42	RESP=1
18654786	42	STIM=h
18657915	42	RESP=1
18672707	42	STIM=7
18678178	42	RESP=2
18688060	42	STIM=j
18691030	42	RESP=1
18706824	42	STIM=3
18712541	42	RESP=2
18722893	42	STIM=i
18725966	42	RESP=1
18741046	42	STIM=v
18747435	42	RESP=1
18758213	42	STIM=w
18762605	42	RESP=1
18777128	42	STIM=y
18781459	42	RESP=1
18795606	42	STIM=i
18801598	42	RESP=1
18814341	42	STIM=w
18817757	42	RESP=1
18832992	42	STIM=m
18838372	42	RESP=1
18850678	42	STIM=o
18853451	42	RESP=1
18869481	42	STIM=5
18873644	42	RESP=2
18884679	42	STIM=t
18893142	42	RESP=1
18902280	42	STIM=y
18906727	42	RESP=1
18919364	42	STIM=v
18927760	42	RESP=1
18935905	42	STIM=u
18944627	42	RESP=1
18952080	42	STIM=i
18957237	42	RESP=1
18968340	42	STIM=k
18972979	42	RESP=2
18986920	42	STIM=i
18992307	42	RESP=1
19002529	42	STIM=d
19007611	42	RESP=2
19018008	42	STIM=x
19024897	42	RESP=1
19036804	42	STIM=a
19040686	42	RESP=1
19052005	42	STIM=f
19055606	42	RESP=1
19067781	42	STIM=p
19072118	42	RESP=1
19084382	42	STIM=3
19090161	42	RESP=2
19101106	42	STIM=w
19105028	42	RESP=1
19118385	42	STIM=y
19132653	42	RESP=1
19134727	42	STIM=c
19137964	42	RESP=1
19150492	42	STIM=k
19155574	42	RESP=1
19168039	42	STIM=h
19172265	42	RESP=1
19185799	42	STIM=v
19189336	42	RESP=1
19200827	42	STIM=e
19206685	42	RESP=1
19217278	42	STIM=y
19222845	42	RESP=1
19236047	42	STIM=y
19240523	42	RESP=2
19252175	42	STIM=p
19260192	42	RESP=1
19270487	42	STIM=t
19274989	42	RESP=1
19287467	42	STIM=u
19292240	42	RESP=1
19305536	42	STIM=e
19310275	42	RESP=1
19320692	42	STIM=r
19324446	42	RESP=1
19338641	42	STIM=e
19342791	42	RESP=1
19356170	42	STIM=j
19365351	42	RESP=1
19373732	42	STIM=h
19379872	42	RESP=1
19390078	42	STIM=a
19393301	42	RESP=1
19408438	42	STIM=i
19411311	42	RESP=1
19424941	42	STIM=4
19429067	42	RESP=2
19440316	42	STIM=i
19442792	42	RESP=1
19457598	42	STIM=a
19461746	42	RESP=1
19475454	42	STIM=p
19479841	42	RESP=1
19492324	42	STIM=l
19497154	42	RESP=1
19508813	42	STIM=f
19513336	42	RESP=1
19524182	42	STIM=g
19528913	42	RESP=1
19539831	42	STIM=4
19545445	42	RESP=2
19556115	42	STIM=u
19561487	42	RESP=1
19573783	42	STIM=i
19579569	42	RESP=1
19590786	42	STIM=o
19594799	42	RESP=1
19609705	42	STIM=y
19617722	42	RESP=1
19626483	42	STIM=r
19630405	42	RESP=1
19643930	42	STIM=n
19648595	42	RESP=1
19660241	42	STIM=2
19666010	42	RESP=2
19675328	42	STIM=e
19678570	42	RESP=1
19694012	42	STIM=0
19698728	42	RESP=2
19710490	42	STIM=r
19715933	42	RESP=1
19727254	42	STIM=c
19732274	42	RESP=1
19744143	42	STIM=s
19747621	42	RESP=1
19759905	42	STIM=t
19762982	42	RESP=1
19775625	42	STIM=p
19779461	42	RESP=1
19792629	42	STIM=9
19797294	42	RESP=2
19809816	42	STIM=6
19815559	42	RESP=2
19826424	42	STIM=s
19830990	42	RESP=1
19841532	42	STIM=y
19847012	42	RESP=1
19859464	42	STIM=p
19864116	42	RESP=1
19876210	42	STIM=e
19883675	42	RESP=1
19891232	42	STIM=d
19898384	42	RESP=1
19907945	42	STIM=i
19914566	42	RESP=1
19924705	42	STIM=q
19928719	42	RESP=1
19942871	42	STIM=r
19946568	42	RESP=1
19957881	42	STIM=v
19961505	42	RESP=1
19974129	42	STIM=j
19978854	42	RESP=1
19989368	42	STIM=r
19996857	42	RESP=1
20006475	42	STIM=m
20013819	42	RESP=1
20022380	42	STIM=c
20028824	42	RESP=1
20037711	42	STIM=b
20045287	42	RESP=1
20053844	42	STIM=t
20057122	42	RESP=1
20072120	42	STIM=e
20077542	42	RESP=1
20087539	42	STIM=8
20091948	42	RESP=2
20106342	42	STIM=a
20109139	42	RESP=1
20123077	42	STIM=6
20126267	42	RESP=2
20139463	42	STIM=6
20143012	42	RESP=2
20157269	42	STIM=6
20164238	42	RESP=2
20176116	42	STIM=r
20181254	42	RESP=1
20191519	42	STIM=7
20196213	42	RESP=2
20208461	42	STIM=m
20211502	42	RESP=1
20226144	42	STIM=i
20230984	42	RESP=1
20242394	42	STIM=c
20245830	42	RESP=1
20258049	42	STIM=8
20263675	42	RESP=2
20274222	42	STIM=y
20278043	42	RESP=1
20290668	42	STIM=r
20295405	42	RESP=1
20306941	42	STIM=a
20310114	42	RESP=1
20322255	42	STIM=y
20328184	42	RESP=1
20337404	42	STIM=0
20341943	42	RESP=2
20356306	42	STIM=s
20359839	42	RESP=1
20374680	42	STIM=2
20378673	42	RESP=2
20393439	42	STIM=t
20398151	42	RESP=1
20409171	42	STIM=b
20416834	42	RESP=1
20425334	42	STIM=t
20428702	42	RESP=1
20441342	42	STIM=2
20446526	42	RESP=2
20457257	42	STIM=i
20463014	42	RESP=1
20475168	42	STIM=d
20479989	42	RESP=1
20492402	42	STIM=d
20498784	42	RESP=1
20507919	42	STIM=k
20515732	42	RESP=1
20523326	42	STIM=0
20529017	42	RESP=2
20540527	42	STIM=p
20544751	42	RESP=1
20557765	42	STIM=9
20565017	42	RESP=2
20573621	42	STIM=n
20581142	42	RESP=1
20591702	42	STIM=i
20600631	42	RESP=1
20610564	42	STIM=l
20618345	42	RESP=1
20626066	42	STIM=o
20630573	42	RESP=1
20641167	42	STIM=j
20645127	42	RESP=1
20658921	42	STIM=r
20662178	42	RESP=1
20674096	42	STIM=j
20679492	42	RESP=1
20689277	42	STIM=c
20693772	42	RESP=1
20706448	42	STIM=e
20710086	42	RESP=1
20724931	42	STIM=8
20729192	42	RESP=2
20740368	42	STIM=4
20749890	42	RESP=2
20756950	42	STIM=z
20762861	42	RESP=1
20774117	42	STIM=w
20778549	42	RESP=1
20789214	42	STIM=z
20797337	42	RESP=1
20808206	42	STIM=9
20815017	42	RESP=2
20825563	42	STIM=7
20829426	42	RESP=1
20843838	42	STIM=y
20847355	42	RESP=1
20861600	42	STIM=g
20864398	42	RESP=1
20879543	42	STIM=i
20882711	42	RESP=1
20896984	42	STIM=g
20903967	42	RESP=1
20913682	42	STIM=o
20918699	42	RESP=1
20931326	42	STIM=0
20937795	42	RESP=2
20949553	42	STIM=b
20952743	42	RESP=1
20966099	42	STIM=4
20971598	42	RESP=2
20984431	42	STIM=3
20988787	42	RESP=2
20999823	42	STIM=n
21002995	42	RESP=1
21017078	42	STIM=x
21022102	42	RESP=1
21035232	42	STIM=d
21039376	42	RESP=1
21051938	42	STIM=e
21056849	42	RESP=1
21066968	42	STIM=y
21069508	42	RESP=1
21082041	42	STIM=t
21085963	42	RESP=1
21098140	42	STIM=p
21101909	42	RESP=2
21116138	42	STIM=n
21121689	42	RESP=1
21133625	42	STIM=7
21141840	42	RESP=2
21150468	42	STIM=6
21153686	42	RESP=2
21165779	42	STIM=p
21171443	42	RESP=1
21184389	42	STIM=w
21187507	42	RESP=1
21203159	42	STIM=6
21208690	42	RESP=2
21220754	42	STIM=e
21226541	42	RESP=1
21237856	42	STIM=j
21244237	42	RESP=1
21253599	42	STIM=r
21256561	42	RESP=1
21269100	42	STIM=q
21274620	42	RESP=1
21285228	42	STIM=s
21290152	42	RESP=1
21301674	42	STIM=g
21304674	42	RESP=1
21320121	42	STIM=v
21326384	42	RESP=1
21338087	42	STIM=s
21343247	42	RESP=1
21355932	42	STIM=o
21361233	42	RESP=1
21372879	42	STIM=o
21376767	42	RESP=1
21389995	42	STIM=m
21395033	42	RESP=1
21406930	42	STIM=c
21411850	42	RESP=1
21424015	42	STIM=j
21427734	42	RESP=1
21441994	42	STIM=o
21446997	42	RESP=1
21460435	42	STIM=b
21464036	42	RESP=1
21476600	42	STIM=x
21481070	42	RESP=2
21495507	42	STIM=0
21499861	42	RESP=2
21513471	42	STIM=u
21519613	42	RESP=1
21529184	42	STIM=w
21536297	42	RESP=1
21546671	42	STIM=c
21551895	42	RESP=1
21565115	42	STIM=4
21570796	42	RESP=2
21583733	42	STIM=s
21588063	42	RESP=1
21598962	42	STIM=e
21605510	42	RESP=1
21616272	42	STIM=g
21619224	42	RESP=1
21632986	42	STIM=3
21637439	42	RESP=2
21649807	42	STIM=6
21653421	42	RESP=2
21667461	42	STIM=x
21673847	42	RESP=1
21682731	42	STIM=6
21690212	42	RESP=2
21699478	42	STIM=x
21703468	42	RESP=1
21716337	42	STIM=3
21724868	42	RESP=2
21732437	42	STIM=d
21737003	42	RESP=1
21751061	42	STIM=a
21757801	42	RESP=1
