# Original filename: 0028_MQU_2017-05-04.log
# Time unit: 100 us
# RARECAT=digit
#
# Time	HHGG	Event
37800	42	STIM=3
44659	42	RESP=1
55545	42	STIM=w
64438	42	RESP=1
72058	42	STIM=i
75805	42	RESP=1
90248	42	STIM=g
93772	42	RESP=1
106873	42	STIM=k
113189	42	RESP=1
125755	42	STIM=r
130117	42	RESP=1
141557	42	STIM=b
147986	42	RESP=2
158683	42	STIM=d
164549	42	RESP=1
175783	42	STIM=f
178829	42	RESP=1
194365	42	STIM=b
200959	42	RESP=1
210631	42	STIM=u
216138	42	RESP=1
227712	42	STIM=b
233176	42	RESP=1
246553	42	STIM=a
250034	42	RESP=1
264215	42	STIM=t
271126	42	RESP=1
282915	42	STIM=u
288233	42	RESP=1
300599	42	STIM=6
311948	42	RESP=2
317500	42	STIM=l
320710	42	RESP=1
333122	42	STIM=d
338661	42	RESP=1
348636	42	STIM=n
353051	42	RESP=1
366627	42	STIM=8
372567	42	RESP=2
383534	42	STIM=z
389918	42	RESP=1
402127	42	STIM=c
407223	42	RESP=1
417743	42	STIM=m
421139	42	RESP=1
434986	42	STIM=y
438241	42	RESP=1
450054	42	STIM=h
453617	42	RESP=1
467700	42	STIM=z
470694	42	RESP=1
486481	42	STIM=k
492935	42	RESP=1
504018	42	STIM=o
512745	42	RESP=1
519531	42	STIM=u
523521	42	RESP=1
535901	42	STIM=u
539834	42	RESP=1
552879	42	STIM=n
564593	42	RESP=1
569025	42	STIM=0
574523	42	RESP=2
586966	42	STIM=x
589392	42	RESP=1
603428	42	STIM=w
608579	42	RESP=1
619984	42	STIM=o
624539	42	RESP=1
636492	42	STIM=n
641368	42	RESP=1
652156	42	STIM=x
656668	42	RESP=1
667424	42	STIM=z
671696	42	RESP=1
683758	42	STIM=q
687329	42	RESP=1
701731	42	STIM=3
706975	42	RESP=2
719469	42	STIM=4
727953	42	RESP=2
736576	42	STIM=x
739991	42	RESP=1
751831	42	STIM=h
757019	42	RESP=1
767158	42	STIM=z
770453	42	RESP=1
785694	42	STIM=8
794072	42	RESP=2
801416	42	STIM=y
811394	42	RESP=2
819106	42	STIM=a
826072	42	RESP=1
836868	42	STIM=1
841503	42	RESP=2
855552	42	STIM=d
858792	42	RESP=1
871546	42	STIM=m
874639	42	RESP=1
888264	42	STIM=5
892770	42	RESP=2
906607	42	STIM=5
910492	42	RESP=1
923594	42	STIM=r
933161	42	RESP=1
938615	42	STIM=n
943428	42	RESP=1
956303	42	STIM=d
963184	42	RESP=2
974311	42	STIM=t
978672	42	RESP=1
989647	42	STIM=v
997888	42	RESP=1
1007806	42	STIM=j
1012628	42	RESP=1
1023900	42	STIM=d
1031840	42	RESP=1
1040007	42	STIM=4
1044315	42	RESP=1
1055449	42	STIM=g
1060031	42	RESP=1
1072863	42	STIM=p
1080503	42	RESP=1
1090935	42	STIM=o
1095914	42	RESP=1
1106306	42	STIM=e
1109738	42	RESP=1
1124155	42	STIM=p
1129050	42	RESP=1
1140609	42	STIM=t
1143959	42	RESP=1
1156352	42	STIM=e
1163084	42	RESP=1
1171405	42	STIM=m
1174517	42	RESP=1
1189260	42	STIM=4
1193920	42	RESP=2
1207309	42	STIM=1
1210996	42	RESP=1
1225437	42	STIM=7
1230156	42	RESP=2
1240922	42	STIM=s
1244238	42	RESP=1
1258627	42	STIM=m
1262627	42	RESP=1
1277028	42	STIM=y
1282051	42	RESP=1
1292881	42	STIM=p
1298592	42	RESP=1
1311305	42	STIM=1
1317043	42	RESP=2
1327195	42	STIM=m
1331165	42	RESP=1
1345179	42	STIM=u
1351247	42	RESP=2
1364033	42	STIM=4
1370039	42	RESP=2
1381964	42	STIM=g
1387538	42	RESP=1
1397026	42	STIM=u
1401191	42	RESP=1
1412344	42	STIM=j
1417947	42	RESP=1
1428931	42	STIM=o
1435467	42	RESP=1
1447823	42	STIM=o
1452031	42	RESP=1
1465427	42	STIM=h
1469527	42	RESP=1
1483713	42	STIM=k
1489702	42	RESP=1
1500075	42	STIM=g
1507961	42	RESP=1
1517871	42	STIM=p
1520850	42	RESP=1
1535253	42	STIM=a
1539266	42	RESP=1
1552270	42	STIM=w
1555184	42	RESP=1
1569764	42	STIM=i
1572906	42	RESP=1
1587419	42	STIM=j
1592087	42	RESP=1
1605319	42	STIM=o
1612818	42	RESP=1
1624089	42	STIM=f
1629236	42	RESP=1
1643027	42	STIM=k
1646723	42	RESP=1
1658451	42	STIM=h
1662577	42	RESP=1
1674637	42	STIM=a
1682809	42	RESP=1
1693109	42	STIM=n
1700739	42	RESP=1
1709668	42	STIM=a
1713250	42	RESP=2
1725485	42	STIM=d
1729958	42	RESP=1
1741244	42	STIM=y
1745307	42	RESP=1
1756907	42	STIM=n
1761911	42	RESP=1
1775529	42	STIM=d
1781569	42	RESP=1
1791672	42	STIM=c
1794600	42	RESP=1
1807767	42	STIM=l
1812099	42	RESP=1
1825740	42	STIM=1
1830127	42	RESP=1
1842860	42	STIM=k
1846726	42	RESP=1
1858895	42	STIM=4
1864213	42	RESP=2
1875215	42	STIM=g
1878168	42	RESP=2
1892642	42	STIM=q
1897278	42	RESP=1
1908104	42	STIM=e
1911673	42	RESP=1
1923203	42	STIM=v
1927386	42	RESP=1
1942137	42	STIM=x
1949469	42	RESP=2
1960894	42	STIM=c
1964506	42	RESP=1
1979831	42	STIM=x
1983957	42	RESP=1
1996253	42	STIM=m
2002456	42	RESP=1
2013674	42	STIM=f
2017318	42	RESP=1
2029914	42	STIM=r
2033987	42	RESP=1
2045033	42	STIM=l
2047975	42	RESP=1
2063257	42	STIM=m
2069516	42	RESP=1
2080436	42	STIM=w
2087667	42	RESP=1
2096344	42	STIM=b
2099353	42	RESP=1
2114649	42	STIM=t
2117493	42	RESP=1
2130642	42	STIM=p
2135507	42	RESP=1
2146527	42	STIM=5
2152747	42	RESP=2
2162178	42	STIM=2
2167482	42	RESP=2
2179247	42	STIM=g
2184052	42	RESP=1
2194397	42	STIM=g
2197719	42	RESP=1
2211269	42	STIM=i
2215745	42	RESP=1
2227933	42	STIM=i
2231088	42	RESP=1
2246382	42	STIM=r
2250213	42	RESP=1
2264646	42	STIM=f
2273857	42	RESP=1
2280451	42	STIM=j
2287618	42	RESP=1
2296598	42	STIM=2
2302042	42	RESP=2
2313223	42	STIM=s
2318677	42	RESP=1
2330233	42	STIM=k
2334067	42	RESP=1
2346123	42	STIM=z
2350504	42	RESP=1
2361881	42	STIM=m
2366862	42	RESP=1
2378099	42	STIM=5
2381553	42	RESP=2
2394037	42	STIM=0
2398594	42	RESP=2
2409317	42	STIM=y
2412708	42	RESP=1
2425930	42	STIM=0
2430334	42	RESP=2
2441504	42	STIM=d
2449576	42	RESP=1
2460324	42	STIM=v
2463064	42	RESP=1
2475338	42	STIM=e
2482538	42	RESP=1
2492573	42	STIM=y
2498610	42	RESP=1
2507974	42	STIM=r
2515763	42	RESP=1
2526309	42	STIM=s
2530437	42	RESP=2
2543034	42	STIM=h
2548093	42	RESP=1
2559202	42	STIM=1
2563456	42	RESP=2
2576030	42	STIM=f
2582122	42	RESP=1
2594915	42	STIM=z
2603032	42	RESP=1
2610102	42	STIM=g
2617473	42	RESP=1
2627787	42	STIM=5
2633716	42	RESP=1
2643908	42	STIM=u
2650876	42	RESP=1
2660457	42	STIM=l
2665562	42	RESP=1
2678069	42	STIM=9
2683999	42	RESP=1
2696508	42	STIM=1
2701516	42	RESP=2
2713935	42	STIM=3
2719153	42	RESP=2
2731521	42	STIM=1
2734818	42	RESP=2
2748136	42	STIM=d
2755786	42	RESP=1
2766610	42	STIM=m
2772584	42	RESP=1
2781793	42	STIM=c
2785028	42	RESP=1
2797241	42	STIM=x
2802001	42	RESP=1
2815000	42	STIM=g
2821108	42	RESP=1
2831279	42	STIM=h
2836383	42	RESP=1
2846742	42	STIM=s
2849919	42	RESP=1
2865021	42	STIM=t
2869184	42	RESP=1
2881735	42	STIM=d
2886063	42	RESP=1
2900254	42	STIM=j
2904212	42	RESP=1
2915717	42	STIM=f
2923794	42	RESP=1
2933273	42	STIM=p
2937908	42	RESP=1
2951509	42	STIM=q
2954293	42	RESP=1
2969293	42	STIM=p
2972070	42	RESP=1
2986540	42	STIM=u
2989716	42	RESP=2
3004729	42	STIM=k
3008945	42	RESP=1
3023520	42	STIM=l
3029529	42	RESP=1
3041229	42	STIM=q
3046410	42	RESP=1
3058305	42	STIM=5
3063404	42	RESP=2
3075713	42	STIM=q
3086419	42	RESP=1
3093921	42	STIM=g
3097518	42	RESP=1
3111399	42	STIM=e
3114652	42	RESP=1
3129786	42	STIM=l
3133409	42	RESP=1
3147911	42	STIM=b
3151145	42	RESP=1
3166658	42	STIM=w
3170125	42	RESP=1
3184716	42	STIM=d
3189496	42	RESP=1
3200314	42	STIM=m
3205444	42	RESP=1
3218625	42	STIM=1
3224421	42	RESP=2
3233718	42	STIM=2
3239205	42	RESP=2
3250818	42	STIM=n
3254604	42	RESP=1
3269139	42	STIM=c
3276037	42	RESP=1
3288126	42	STIM=l
3292405	42	RESP=1
3305881	42	STIM=d
3308456	42	RESP=1
3323286	42	STIM=4
3331076	42	RESP=2
3338986	42	STIM=f
3344170	42	RESP=1
3357545	42	STIM=x
3363388	42	RESP=1
3374517	42	STIM=n
3385577	42	RESP=1
3391465	42	STIM=w
3399769	42	RESP=1
3408725	42	STIM=a
3415427	42	RESP=1
3427338	42	STIM=l
3432847	42	RESP=1
3443846	42	STIM=p
3447836	42	RESP=1
3461618	42	STIM=i
3469745	42	RESP=2
3476696	42	STIM=i
3480798	42	RESP=1
3492165	42	STIM=t
3496828	42	RESP=1
3508343	42	STIM=w
3516879	42	RESP=1
3525916	42	STIM=v
3530609	42	RESP=1
3542983	42	STIM=g
3547399	42	RESP=1
3560312	42	STIM=w
3565016	42	RESP=1
3578189	42	STIM=e
3586503	42	RESP=1
3594820	42	STIM=1
3599840	42	RESP=2
3612360	42	STIM=r
3616353	42	RESP=1
3627735	42	STIM=8
3633295	42	RESP=1
3643024	42	STIM=d
3647706	42	RESP=1
3658781	42	STIM=o
3663484	42	RESP=1
3673871	42	STIM=j
3676767	42	RESP=1
3690943	42	STIM=u
3694083	42	RESP=1
3708863	42	STIM=u
3711807	42	RESP=1
3725870	42	STIM=w
3730223	42	RESP=1
3742622	42	STIM=4
3747103	42	RESP=2
3757678	42	STIM=n
3762357	42	RESP=1
3774086	42	STIM=g
3780774	42	RESP=1
3791395	42	STIM=s
3796100	42	RESP=1
3807661	42	STIM=a
3812317	42	RESP=1
3823074	42	STIM=z
3825986	42	RESP=1
3840205	42	STIM=x
3844898	42	RESP=1
3855766	42	STIM=a
3859831	42	RESP=1
3871308	42	STIM=a
3875501	42	RESP=1
3886823	42	STIM=x
3889860	42	RESP=1
3904285	42	STIM=b
3910163	42	RESP=1
3922516	42	STIM=a
3928551	42	RESP=1
3940982	42	STIM=w
3948684	42	RESP=2
3956703	42	STIM=g
3959630	42	RESP=1
3972901	42	STIM=f
3975969	42	RESP=1
3990606	42	STIM=w
3994300	42	RESP=1
4009466	42	STIM=3
4015858	42	RESP=2
4026635	42	STIM=b
4035514	42	RESP=1
4042948	42	STIM=3
4047886	42	RESP=2
4058585	42	STIM=y
4065735	42	RESP=1
4074815	42	STIM=j
4077608	42	RESP=1
4092596	42	STIM=x
4096498	42	RESP=1
4109821	42	STIM=d
4113257	42	RESP=1
4126539	42	STIM=5
4131364	42	RESP=1
4141568	42	STIM=s
4145664	42	RESP=1
4157145	42	STIM=4
4165072	42	RESP=2
4172855	42	STIM=2
4178832	42	RESP=2
4190137	42	STIM=2
4197566	42	RESP=2
4206330	42	STIM=q
4210354	42	RESP=1
4221836	42	STIM=z
4228957	42	RESP=1
4239869	42	STIM=w
4245753	42	RESP=1
4256633	42	STIM=0
4261041	42	RESP=2
4272769	42	STIM=y
4276787	42	RESP=1
4291484	42	STIM=x
4295848	42	RESP=1
4309576	42	STIM=y
4313847	42	RESP=1
4327807	42	STIM=f
4332052	42	RESP=1
4346691	42	STIM=c
4353030	42	RESP=1
4365528	42	STIM=s
4368249	42	RESP=1
4382831	42	STIM=k
4387875	42	RESP=1
4400805	42	STIM=h
4406436	42	RESP=1
4419479	42	STIM=g
4425027	42	RESP=1
4436139	42	STIM=a
4441330	42	RESP=1
4452787	42	STIM=4
4457979	42	RESP=2
4469118	42	STIM=8
4472947	42	RESP=2
4484838	42	STIM=g
4495766	42	RESP=1
4500761	42	STIM=9
4506905	42	RESP=2
4515964	42	STIM=f
4520101	42	RESP=1
4532125	42	STIM=i
4535769	42	RESP=2
4549397	42	STIM=w
4556102	42	RESP=1
4565517	42	STIM=b
4569232	42	RESP=1
4580627	42	STIM=q
4585921	42	RESP=1
4598155	42	STIM=9
4603589	42	RESP=1
4616659	42	STIM=h
4622750	42	RESP=1
4634038	42	STIM=i
4637089	42	RESP=1
4652094	42	STIM=k
4655582	42	RESP=1
4667777	42	STIM=n
4671049	42	RESP=1
4682978	42	STIM=t
4691411	42	RESP=1
4700928	42	STIM=z
4704507	42	RESP=1
4717754	42	STIM=m
4721279	42	RESP=1
4736001	42	STIM=b
4741930	42	RESP=1
4753944	42	STIM=h
4756616	42	RESP=2
4772044	42	STIM=z
4776482	42	RESP=1
4790072	42	STIM=t
4792993	42	RESP=1
4807194	42	STIM=d
4810985	42	RESP=1
4823885	42	STIM=9
4831629	42	RESP=2
4840506	42	STIM=f
4845277	42	RESP=1
4857221	42	STIM=m
4860866	42	RESP=1
4875524	42	STIM=d
4879388	42	RESP=1
4892643	42	STIM=m
4897195	42	RESP=1
4911552	42	STIM=m
4917785	42	RESP=2
4928298	42	STIM=e
4933088	42	RESP=1
4945932	42	STIM=x
4949365	42	RESP=2
4961852	42	STIM=t
4966142	42	RESP=1
4979123	42	STIM=m
4983515	42	RESP=1
4997583	42	STIM=i
5006705	42	RESP=1
5012791	42	STIM=3
5016248	42	RESP=2
5031206	42	STIM=b
5035811	42	RESP=1
5048919	42	STIM=x
5052896	42	RESP=1
5067376	42	STIM=w
5074996	42	RESP=1
5083294	42	STIM=9
5087870	42	RESP=2
5099365	42	STIM=t
5102708	42	RESP=1
5116437	42	STIM=u
5119477	42	RESP=1
5134717	42	STIM=k
5139177	42	RESP=1
5151680	42	STIM=8
5156790	42	RESP=1
5168624	42	STIM=y
5175103	42	RESP=1
5184135	42	STIM=p
5188933	42	RESP=1
5202506	42	STIM=y
5205977	42	RESP=1
5218781	42	STIM=s
5222291	42	RESP=1
5237598	42	STIM=p
5242146	42	RESP=1
5254634	42	STIM=w
5258882	42	RESP=1
5273163	42	STIM=7
5279956	42	RESP=1
5292013	42	STIM=c
5299001	42	RESP=1
5307707	42	STIM=s
5312890	42	RESP=1
5323037	42	STIM=p
5330315	42	RESP=1
5341187	42	STIM=3
5347137	42	RESP=2
5358687	42	STIM=c
5363215	42	RESP=1
5373823	42	STIM=a
5377897	42	RESP=1
5389305	42	STIM=0
5394484	42	RESP=1
5406498	42	STIM=x
5410347	42	RESP=1
5422710	42	STIM=3
5427107	42	RESP=2
5439493	42	STIM=k
5445527	42	RESP=1
5456865	42	STIM=s
5461136	42	RESP=1
5473399	42	STIM=7
5477957	42	RESP=2
5492204	42	STIM=g
5497164	42	RESP=1
5508152	42	STIM=h
5513438	42	RESP=1
5527114	42	STIM=4
5532475	42	RESP=2
5542855	42	STIM=g
5548303	42	RESP=1
5560372	42	STIM=j
5563964	42	RESP=1
5579026	42	STIM=c
5586564	42	RESP=1
5595325	42	STIM=0
5599987	42	RESP=2
5612306	42	STIM=9
5619307	42	RESP=1
5627615	42	STIM=j
5633034	42	RESP=1
5643462	42	STIM=s
5649578	42	RESP=2
5658612	42	STIM=w
5665118	42	RESP=1
5677235	42	STIM=0
5683685	42	RESP=2
5695252	42	STIM=9
5701202	42	RESP=2
5712584	42	STIM=i
5716985	42	RESP=1
5730066	42	STIM=w
5736532	42	RESP=1
5748000	42	STIM=i
5752398	42	RESP=1
5765982	42	STIM=p
5770930	42	RESP=1
5784373	42	STIM=m
5787573	42	RESP=1
5799591	42	STIM=a
5804194	42	RESP=1
5815834	42	STIM=f
5820400	42	RESP=2
5834519	42	STIM=p
5837935	42	RESP=1
5850859	42	STIM=y
5856090	42	RESP=1
5866992	42	STIM=x
5875316	42	RESP=1
5883568	42	STIM=o
5888751	42	RESP=1
5901262	42	STIM=m
5908002	42	RESP=1
5918337	42	STIM=b
5925758	42	RESP=1
5933983	42	STIM=x
5940657	42	RESP=1
5952350	42	STIM=6
5957818	42	RESP=2
5968889	42	STIM=y
5974439	42	RESP=1
5987695	42	STIM=n
5991175	42	RESP=1
6004434	42	STIM=0
6009601	42	RESP=2
6021561	42	STIM=7
6026137	42	RESP=1
6038582	42	STIM=7
6044628	42	RESP=2
6056415	42	STIM=t
6064972	42	RESP=1
6072083	42	STIM=z
6076513	42	RESP=1
6087984	42	STIM=y
6091891	42	RESP=1
6104027	42	STIM=i
6108958	42	RESP=1
6122144	42	STIM=h
6125751	42	RESP=1
6138665	42	STIM=o
6142793	42	RESP=1
6156972	42	STIM=r
6160229	42	RESP=1
6175351	42	STIM=k
6177754	42	RESP=1
6192795	42	STIM=m
6195866	42	RESP=1
6209952	42	STIM=g
6216583	42	RESP=1
6227409	42	STIM=3
6231124	42	RESP=2
6243893	42	STIM=j
6250390	42	RESP=1
6260206	42	STIM=w
6264825	42	RESP=1
6278625	42	STIM=s
6286581	42	RESP=1
6297129	42	STIM=v
6304086	42	RESP=1
6314718	42	STIM=4
6321830	42	RESP=2
6331252	42	STIM=e
6335226	42	RESP=1
6348269	42	STIM=f
6351783	42	RESP=1
6366261	42	STIM=0
6375126	42	RESP=2
6383669	42	STIM=5
6389119	42	RESP=2
6401306	42	STIM=s
6404932	42	RESP=1
6417828	42	STIM=t
6423513	42	RESP=1
6432904	42	STIM=v
6436581	42	RESP=1
6450677	42	STIM=s
6456759	42	RESP=1
6467162	42	STIM=q
6470941	42	RESP=1
6482880	42	STIM=b
6486871	42	RESP=1
6500813	42	STIM=h
6505077	42	RESP=1
6517917	42	STIM=4
6521566	42	RESP=2
6536335	42	STIM=d
6541416	42	RESP=1
6552546	42	STIM=f
6556194	42	RESP=1
6570382	42	STIM=q
6575012	42	RESP=2
6588454	42	STIM=b
6592931	42	RESP=1
6604957	42	STIM=b
6607681	42	RESP=1
6621848	42	STIM=0
6630409	42	RESP=2
6637178	42	STIM=5
6642497	42	RESP=2
6652808	42	STIM=p
6656589	42	RESP=1
6670713	42	STIM=x
6675595	42	RESP=1
6686003	42	STIM=f
6690035	42	RESP=2
6703836	42	STIM=a
6706793	42	RESP=1
6719047	42	STIM=b
6724774	42	RESP=1
6736972	42	STIM=7
6743107	42	RESP=2
6753103	42	STIM=h
6760171	42	RESP=1
6771119	42	STIM=7
6777443	42	RESP=2
6788343	42	STIM=o
6792320	42	RESP=1
6807289	42	STIM=8
6810783	42	RESP=2
6824463	42	STIM=n
6829882	42	RESP=1
6841951	42	STIM=2
6845914	42	RESP=2
6858992	42	STIM=h
6862878	42	RESP=1
6876425	42	STIM=k
6881354	42	RESP=1
6894181	42	STIM=k
6897261	42	RESP=1
6909535	42	STIM=3
6914497	42	RESP=2
6924737	42	STIM=v
6929096	42	RESP=1
6941635	42	STIM=t
6945570	42	RESP=1
6960205	42	STIM=k
6966442	42	RESP=1
6978886	42	STIM=w
6983445	42	RESP=1
6996628	42	STIM=0
7003098	42	RESP=2
7013383	42	STIM=q
7019350	42	RESP=1
7032168	42	STIM=z
7037417	42	RESP=1
7048513	42	STIM=j
7052920	42	RESP=1
7066577	42	STIM=x
7070558	42	RESP=1
7085004	42	STIM=i
7089132	42	RESP=1
7101158	42	STIM=o
7105370	42	RESP=1
7119108	42	STIM=r
7124704	42	RESP=1
7136917	42	STIM=b
7143064	42	RESP=1
7155524	42	STIM=h
7163919	42	RESP=1
7173505	42	STIM=z
7180248	42	RESP=1
7191498	42	STIM=d
7196555	42	RESP=1
7209511	42	STIM=u
7213920	42	RESP=1
7227799	42	STIM=u
7232240	42	RESP=1
7245325	42	STIM=w
7247822	42	RESP=1
7264296	42	STIM=6
7268466	42	RESP=2
7282629	42	STIM=1
7286869	42	RESP=2
7299233	42	STIM=f
7302564	42	RESP=1
7317189	42	STIM=c
7320919	42	RESP=1
7334074	42	STIM=0
7337896	42	RESP=2
7349808	42	STIM=x
7354092	42	RESP=1
7367101	42	STIM=q
7370435	42	RESP=2
7384122	42	STIM=y
7387150	42	RESP=1
7400814	42	STIM=p
7406780	42	RESP=1
7415818	42	STIM=t
7419072	42	RESP=1
7433723	42	STIM=m
7438841	42	RESP=1
7451248	42	STIM=s
7454652	42	RESP=1
7469324	42	STIM=k
7478233	42	RESP=1
7486504	42	STIM=x
7492389	42	RESP=1
7505318	42	STIM=h
7510167	42	RESP=1
7523063	42	STIM=n
7527910	42	RESP=1
7538973	42	STIM=j
7541874	42	RESP=1
7554203	42	STIM=m
7558627	42	RESP=1
7569459	42	STIM=r
7572672	42	RESP=1
7586976	42	STIM=w
7592412	42	RESP=2
7604248	42	STIM=m
7607917	42	RESP=1
7621849	42	STIM=q
7627370	42	RESP=1
7638966	42	STIM=0
7644690	42	RESP=2
7656824	42	STIM=6
7662131	42	RESP=2
7673846	42	STIM=k
7679239	42	RESP=1
7689185	42	STIM=d
7694476	42	RESP=1
7704271	42	STIM=9
7709028	42	RESP=2
7720584	42	STIM=b
7725974	42	RESP=1
7737288	42	STIM=e
7742165	42	RESP=1
7754656	42	STIM=x
7759710	42	RESP=1
7770291	42	STIM=7
7775037	42	RESP=2
7787681	42	STIM=g
7798367	42	RESP=1
7803689	42	STIM=7
7807264	42	RESP=2
7818990	42	STIM=5
7825768	42	RESP=2
7836973	42	STIM=v
7841139	42	RESP=1
7855617	42	STIM=5
7861236	42	RESP=2
7873659	42	STIM=d
7884706	42	RESP=1
7890430	42	STIM=s
7893497	42	RESP=1
7905782	42	STIM=2
7909818	42	RESP=2
7922012	42	STIM=y
7926544	42	RESP=2
7940368	42	STIM=c
7944956	42	RESP=1
7956682	42	STIM=m
7964370	42	RESP=1
7975384	42	STIM=l
7981380	42	RESP=1
7993937	42	STIM=s
7998439	42	RESP=1
8009389	42	STIM=u
8014165	42	RESP=1
8024939	42	STIM=b
8028345	42	RESP=1
8041842	42	STIM=e
8046981	42	RESP=1
8059218	42	STIM=f
8063764	42	RESP=1
8077445	42	STIM=6
8084268	42	RESP=2
8094102	42	STIM=m
8097660	42	RESP=1
8111934	42	STIM=j
8114384	42	RESP=1
8129814	42	STIM=o
8133465	42	RESP=1
8145471	42	STIM=s
8153538	42	RESP=1
8162972	42	STIM=1
8171351	42	RESP=2
8178965	42	STIM=g
8182552	42	RESP=1
8196853	42	STIM=i
8200764	42	RESP=1
8214889	42	STIM=g
8223107	42	RESP=1
8231451	42	STIM=m
8234833	42	RESP=1
8246553	42	STIM=r
8250811	42	RESP=1
8263195	42	STIM=a
8266317	42	RESP=1
8278221	42	STIM=l
8281696	42	RESP=1
8294764	42	STIM=k
8299459	42	RESP=1
8312496	42	STIM=d
8317537	42	RESP=1
8329306	42	STIM=d
8334136	42	RESP=1
8347596	42	STIM=x
8351199	42	RESP=1
8366154	42	STIM=z
8372479	42	RESP=1
8381645	42	STIM=y
8386138	42	RESP=1
8399970	42	STIM=0
8406537	42	RESP=2
8416849	42	STIM=y
8423527	42	RESP=1
8432397	42	STIM=p
8437304	42	RESP=1
8447513	42	STIM=r
8456028	42	RESP=1
8463639	42	STIM=z
8471089	42	RESP=1
8479430	42	STIM=p
8485364	42	RESP=1
8496494	42	STIM=t
8499269	42	RESP=1
8513663	42	STIM=w
8521464	42	RESP=2
8531113	42	STIM=q
8534587	42	RESP=1
8548292	42	STIM=n
8552776	42	RESP=1
8565095	42	STIM=1
8569597	42	RESP=2
8582888	42	STIM=d
8587699	42	RESP=1
8601730	42	STIM=6
8606762	42	RESP=1
8619793	42	STIM=7
8623331	42	RESP=2
8637830	42	STIM=l
8641122	42	RESP=1
8655077	42	STIM=y
8659273	42	RESP=1
8673840	42	STIM=i
8683433	42	RESP=1
8689888	42	STIM=y
8693785	42	RESP=1
8708257	42	STIM=5
8712431	42	RESP=2
8724729	42	STIM=w
8731892	42	RESP=1
8740194	42	STIM=2
8747587	42	RESP=2
8758952	42	STIM=s
8766199	42	RESP=1
8776127	42	STIM=g
8779772	42	RESP=1
8794519	42	STIM=x
8798051	42	RESP=1
8811467	42	STIM=p
8816400	42	RESP=1
8826494	42	STIM=j
8830147	42	RESP=1
8843537	42	STIM=c
8851081	42	RESP=1
8860498	42	STIM=9
8866547	42	RESP=2
8875577	42	STIM=r
8881900	42	RESP=1
8893220	42	STIM=p
8897637	42	RESP=1
8912086	42	STIM=n
8915042	42	RESP=1
8928951	42	STIM=u
8936289	42	RESP=1
8946559	42	STIM=r
8951172	42	RESP=1
8962059	42	STIM=d
8965942	42	RESP=1
8979992	42	STIM=q
8984800	42	RESP=1
8997751	42	STIM=6
9003321	42	RESP=2
9013336	42	STIM=k
9019062	42	RESP=1
9031166	42	STIM=u
9034704	42	RESP=1
9047217	42	STIM=2
9052387	42	RESP=2
9065404	42	STIM=l
9070449	42	RESP=1
9081977	42	STIM=n
9087759	42	RESP=1
9097874	42	STIM=8
9104990	42	RESP=2
9114232	42	STIM=9
9118172	42	RESP=2
9130498	42	STIM=o
9136871	42	RESP=1
9148004	42	STIM=e
9152531	42	RESP=1
9163570	42	STIM=i
9168921	42	RESP=1
9181768	42	STIM=s
9187252	42	RESP=1
9197527	42	STIM=2
9201974	42	RESP=2
9216518	42	STIM=d
9219557	42	RESP=1
9235033	42	STIM=q
9240555	42	RESP=1
9252744	42	STIM=r
9255810	42	RESP=1
9269062	42	STIM=q
9273460	42	RESP=1
9287477	42	STIM=g
9290774	42	RESP=1
9303185	42	STIM=u
9308893	42	RESP=1
9319650	42	STIM=y
9324241	42	RESP=1
9337357	42	STIM=n
9343658	42	RESP=1
9356193	42	STIM=f
9359801	42	RESP=1
9371815	42	STIM=o
9376150	42	RESP=1
9389892	42	STIM=e
9396850	42	RESP=1
9405624	42	STIM=z
9408479	42	RESP=1
9420790	42	STIM=1
9425869	42	RESP=2
9436006	42	STIM=y
9438979	42	RESP=1
9451854	42	STIM=t
9457810	42	RESP=1
9470238	42	STIM=t
9473854	42	RESP=1
9489003	42	STIM=k
9492457	42	RESP=1
9506290	42	STIM=f
9510162	42	RESP=1
9521446	42	STIM=z
9527813	42	RESP=1
9539336	42	STIM=q
9543191	42	RESP=1
9557543	42	STIM=p
9560462	42	RESP=2
9572871	42	STIM=8
9580308	42	RESP=2
9590193	42	STIM=b
9596812	42	RESP=1
9608791	42	STIM=a
9611486	42	RESP=1
9627673	42	STIM=y
9631709	42	RESP=1
9643237	42	STIM=p
9651302	42	RESP=1
9660211	42	STIM=z
9665904	42	RESP=1
9677681	42	STIM=3
9682018	42	RESP=2
9692908	42	STIM=e
9701519	42	RESP=1
9711254	42	STIM=q
9714808	42	RESP=1
9729030	42	STIM=w
9734010	42	RESP=1
9744494	42	STIM=u
9747158	42	RESP=2
9761532	42	STIM=h
9765239	42	RESP=1
9780260	42	STIM=z
9788655	42	RESP=1
9796030	42	STIM=4
9804022	42	RESP=2
9814915	42	STIM=j
9819605	42	RESP=1
9830959	42	STIM=3
9835256	42	RESP=2
9846278	42	STIM=u
9849631	42	RESP=1
9863369	42	STIM=7
9868426	42	RESP=2
9878897	42	STIM=m
9884232	42	RESP=1
9894799	42	STIM=2
9902233	42	RESP=2
9911132	42	STIM=c
9918711	42	RESP=1
9927609	42	STIM=a
9930586	42	RESP=1
9945799	42	STIM=7
9949259	42	RESP=2
9962571	42	STIM=m
9966524	42	RESP=1
9980745	42	STIM=h
9983651	42	RESP=1
9998022	42	STIM=3
10001352	42	RESP=2
10013077	42	STIM=9
10022953	42	RESP=2
10028144	42	STIM=p
10031809	42	RESP=1
10046514	42	STIM=m
10050458	42	RESP=1
10061925	42	STIM=v
10065901	42	RESP=1
10078149	42	STIM=i
10081584	42	RESP=1
10093178	42	STIM=o
10096476	42	RESP=1
10112112	42	STIM=b
10117381	42	RESP=2
10128752	42	STIM=t
10131758	42	RESP=1
10145965	42	STIM=1
10151847	42	RESP=2
10162343	42	STIM=w
10165937	42	RESP=1
10180656	42	STIM=i
10184697	42	RESP=1
10198501	42	STIM=h
10204123	42	RESP=1
10216150	42	STIM=e
10221072	42	RESP=1
10232410	42	STIM=s
10236674	42	RESP=1
10250925	42	STIM=r
10255704	42	RESP=1
10267689	42	STIM=g
10275569	42	RESP=1
10285342	42	STIM=p
10292080	42	RESP=1
10301486	42	STIM=c
10308446	42	RESP=1
10316884	42	STIM=1
10320369	42	RESP=2
10334671	42	STIM=4
10340781	42	RESP=2
10353149	42	STIM=t
10357176	42	RESP=1
10370423	42	STIM=y
10373973	42	RESP=1
10386895	42	STIM=z
10390886	42	RESP=1
10404951	42	STIM=6
10409955	42	RESP=2
10421643	42	STIM=5
10426412	42	RESP=2
10437475	42	STIM=0
10441773	42	RESP=2
10454131	42	STIM=h
10457534	42	RESP=1
10470754	42	STIM=z
10473473	42	RESP=1
10487490	42	STIM=i
10491670	42	RESP=1
10503452	42	STIM=4
10506945	42	RESP=2
10518705	42	STIM=u
10522976	42	RESP=1
10533707	42	STIM=p
10537359	42	RESP=1
10550874	42	STIM=r
10563204	42	RESP=2
10569625	42	STIM=n
10573725	42	RESP=1
10586079	42	STIM=4
10593338	42	RESP=2
10601280	42	STIM=n
10605943	42	RESP=1
10619909	42	STIM=n
10624037	42	RESP=1
10636497	42	STIM=4
10643444	42	RESP=2
10651894	42	STIM=l
10658597	42	RESP=2
10667622	42	STIM=p
10671518	42	RESP=1
10686375	42	STIM=w
10691216	42	RESP=1
10702156	42	STIM=o
10707864	42	RESP=1
10721029	42	STIM=8
10725527	42	RESP=2
10737472	42	STIM=h
10740541	42	RESP=1
10756226	42	STIM=w
10759572	42	RESP=1
10772730	42	STIM=p
10776150	42	RESP=1
10787785	42	STIM=u
10792169	42	RESP=1
10806228	42	STIM=w
10811420	42	RESP=1
10821248	42	STIM=q
10827939	42	RESP=1
10837154	42	STIM=h
10843505	42	RESP=1
10855049	42	STIM=f
10860941	42	RESP=1
10871256	42	STIM=b
10877122	42	RESP=1
10888834	42	STIM=8
10892877	42	RESP=2
10904160	42	STIM=z
10907544	42	RESP=1
10920321	42	STIM=n
10926853	42	RESP=1
10937686	42	STIM=d
10941042	42	RESP=1
10956366	42	STIM=i
10963249	42	RESP=1
10974071	42	STIM=1
10978417	42	RESP=2
10991627	42	STIM=t
10997574	42	RESP=1
11007901	42	STIM=o
11010896	42	RESP=1
11025961	42	STIM=5
11031401	42	RESP=2
11043021	42	STIM=7
11048066	42	RESP=2
11059037	42	STIM=k
11063400	42	RESP=1
11074800	42	STIM=2
11079849	42	RESP=2
11090140	42	STIM=e
11096705	42	RESP=1
11105872	42	STIM=s
11110134	42	RESP=1
11122797	42	STIM=n
11126364	42	RESP=1
11141412	42	STIM=j
11148058	42	RESP=1
11159779	42	STIM=t
11166818	42	RESP=1
11177050	42	STIM=1
11182945	42	RESP=2
11194708	42	STIM=y
11198355	42	RESP=1
11211732	42	STIM=8
11217044	42	RESP=2
11229068	42	STIM=b
11235635	42	RESP=1
11246225	42	STIM=p
11250656	42	RESP=1
11264812	42	STIM=k
11268508	42	RESP=1
11282709	42	STIM=u
11286983	42	RESP=1
11299080	42	STIM=4
11303855	42	RESP=1
11317235	42	STIM=k
11322794	42	RESP=1
11332546	42	STIM=1
11337684	42	RESP=2
11350493	42	STIM=t
11353976	42	RESP=1
11369049	42	STIM=2
11373870	42	RESP=2
11386430	42	STIM=p
11391460	42	RESP=1
11403460	42	STIM=2
11410208	42	RESP=2
11420108	42	STIM=x
11423974	42	RESP=1
11435797	42	STIM=8
11440302	42	RESP=2
11453397	42	STIM=i
11456306	42	RESP=1
11470006	42	STIM=a
11474372	42	RESP=1
11487015	42	STIM=x
11491863	42	RESP=1
11504371	42	STIM=h
11508970	42	RESP=1
11520424	42	STIM=1
11523766	42	RESP=2
11535919	42	STIM=b
11544843	42	RESP=1
11553700	42	STIM=a
11563168	42	RESP=1
11572023	42	STIM=j
11577552	42	RESP=1
11589657	42	STIM=v
11593744	42	RESP=1
11604791	42	STIM=b
11609574	42	RESP=1
11622328	42	STIM=0
11626907	42	RESP=2
11641044	42	STIM=t
11646373	42	RESP=1
11657782	42	STIM=r
11663284	42	RESP=1
11673762	42	STIM=z
11676842	42	RESP=1
11692361	42	STIM=d
11697050	42	RESP=1
11708342	42	STIM=f
11714991	42	RESP=1
11726239	42	STIM=t
11735899	42	RESP=1
11744227	42	STIM=r
11749007	42	RESP=1
11762138	42	STIM=v
11767499	42	RESP=1
11777721	42	STIM=i
11783271	42	RESP=1
11793164	42	STIM=r
11799304	42	RESP=1
11808582	42	STIM=z
11812069	42	RESP=1
11823678	42	STIM=d
11828534	42	RESP=2
11839431	42	STIM=0
11848583	42	RESP=2
11854815	42	STIM=4
11859910	42	RESP=2
11873660	42	STIM=q
11883672	42	RESP=2
11889596	42	STIM=p
11894245	42	RESP=1
11908210	42	STIM=m
11914609	42	RESP=1
11923598	42	STIM=w
11928262	42	RESP=1
11938871	42	STIM=0
11943143	42	RESP=2
11955300	42	STIM=m
11958888	42	RESP=1
11970934	42	STIM=t
11973933	42	RESP=1
11989610	42	STIM=r
11994714	42	RESP=2
12007319	42	STIM=s
12013132	42	RESP=1
12022697	42	STIM=p
12025370	42	RESP=1
12037978	42	STIM=o
12042185	42	RESP=1
12054097	42	STIM=b
12061361	42	RESP=1
12072295	42	STIM=0
12077475	42	RESP=2
12090705	42	STIM=h
12096106	42	RESP=1
12107950	42	STIM=2
12116167	42	RESP=2
12126396	42	STIM=i
12129368	42	RESP=1
12145046	42	STIM=t
12150788	42	RESP=1
12161588	42	STIM=o
12167417	42	RESP=1
12178848	42	STIM=l
12182734	42	RESP=1
12197583	42	STIM=v
12202931	42	RESP=1
12214828	42	STIM=n
12218022	42	RESP=1
12233539	42	STIM=d
12236619	42	RESP=1
12249368	42	STIM=g
12253602	42	RESP=1
12266208	42	STIM=7
12270261	42	RESP=2
12282806	42	STIM=x
12287134	42	RESP=1
12298064	42	STIM=l
12303383	42	RESP=1
12314212	42	STIM=j
12320954	42	RESP=1
12332739	42	STIM=j
12338448	42	RESP=1
12349797	42	STIM=u
12354876	42	RESP=1
12365955	42	STIM=d
12368794	42	RESP=1
12383806	42	STIM=w
12388842	42	RESP=1
12400328	42	STIM=2
12406239	42	RESP=2
12418391	42	STIM=r
12422886	42	RESP=1
12435514	42	STIM=s
12440594	42	RESP=1
12451782	42	STIM=1
12461789	42	RESP=2
12468801	42	STIM=t
12473734	42	RESP=1
12487628	42	STIM=w
12491879	42	RESP=1
12503765	42	STIM=b
12506494	42	RESP=1
12519948	42	STIM=p
12527783	42	RESP=1
12538349	42	STIM=6
12542902	42	RESP=2
12557002	42	STIM=1
12561554	42	RESP=2
12574847	42	STIM=t
12578159	42	RESP=1
12590453	42	STIM=g
12593713	42	RESP=1
12606674	42	STIM=3
12613175	42	RESP=2
12622011	42	STIM=l
12627040	42	RESP=1
12639214	42	STIM=g
12641673	42	RESP=1
12654903	42	STIM=r
12658013	42	RESP=1
12671949	42	STIM=x
12675836	42	RESP=1
12690877	42	STIM=k
12701326	42	RESP=1
12709862	42	STIM=x
12715327	42	RESP=1
12726597	42	STIM=i
12732294	42	RESP=1
12742204	42	STIM=b
12749575	42	RESP=1
12758017	42	STIM=h
12765011	42	RESP=1
12776747	42	STIM=m
12781205	42	RESP=1
12792725	42	STIM=y
12796460	42	RESP=1
12810750	42	STIM=8
12816583	42	RESP=2
12828438	42	STIM=k
12833438	42	RESP=1
12845385	42	STIM=c
12848410	42	RESP=1
12863342	42	STIM=0
12869142	42	RESP=2
12882332	42	STIM=q
12885577	42	RESP=1
12900817	42	STIM=k
12905408	42	RESP=1
12919053	42	STIM=2
12928004	42	RESP=1
12936880	42	STIM=d
12940399	42	RESP=1
12952467	42	STIM=f
12955873	42	RESP=1
12968195	42	STIM=i
12977140	42	RESP=1
12985081	42	STIM=6
12989626	42	RESP=2
13001802	42	STIM=i
13006670	42	RESP=1
13018743	42	STIM=q
13024401	42	RESP=1
13034426	42	STIM=k
13040835	42	RESP=1
13052189	42	STIM=c
13054855	42	RESP=1
13068243	42	STIM=2
13074828	42	RESP=2
13083797	42	STIM=v
13095093	42	RESP=1
13100968	42	STIM=d
13106279	42	RESP=1
13119636	42	STIM=1
13123410	42	RESP=2
13135703	42	STIM=m
13141315	42	RESP=1
13152929	42	STIM=n
13159691	42	RESP=1
13168666	42	STIM=h
13172566	42	RESP=1
13187329	42	STIM=h
13194758	42	RESP=1
13206203	42	STIM=c
13211424	42	RESP=1
13221918	42	STIM=k
13224531	42	RESP=1
13239059	42	STIM=q
13244900	42	RESP=1
13254770	42	STIM=9
13258754	42	RESP=2
13273670	42	STIM=0
13278970	42	RESP=2
13289019	42	STIM=c
13292497	42	RESP=1
13307634	42	STIM=n
13313832	42	RESP=1
13326045	42	STIM=0
13335955	42	RESP=2
13342808	42	STIM=2
13348842	42	RESP=2
13360932	42	STIM=b
13366568	42	RESP=1
13378075	42	STIM=a
13382670	42	RESP=1
13394478	42	STIM=y
13399066	42	RESP=1
13409896	42	STIM=y
13414776	42	RESP=1
13427142	42	STIM=b
13429845	42	RESP=1
13444691	42	STIM=a
13450652	42	RESP=1
13459854	42	STIM=c
13463950	42	RESP=1
13478482	42	STIM=s
13484864	42	RESP=1
13497182	42	STIM=8
13504535	42	RESP=2
13516004	42	STIM=x
13519669	42	RESP=1
13532789	42	STIM=l
13536971	42	RESP=1
13549685	42	STIM=f
13553575	42	RESP=1
13568059	42	STIM=p
13573156	42	RESP=1
13586416	42	STIM=h
13592647	42	RESP=1
13602265	42	STIM=s
13606473	42	RESP=1
13618261	42	STIM=9
13622296	42	RESP=2
13634120	42	STIM=v
13640173	42	RESP=1
13650901	42	STIM=6
13655877	42	RESP=2
13666293	42	STIM=g
13669567	42	RESP=1
13683398	42	STIM=o
13686832	42	RESP=1
13700895	42	STIM=l
13704301	42	RESP=1
13719585	42	STIM=x
13724008	42	RESP=1
13735853	42	STIM=n
13739093	42	RESP=1
13753826	42	STIM=w
13758214	42	RESP=1
13770950	42	STIM=y
13774882	42	RESP=1
13786650	42	STIM=w
13790123	42	RESP=1
13805248	42	STIM=t
13808250	42	RESP=1
13823661	42	STIM=g
13829318	42	RESP=1
13841286	42	STIM=w
13845888	42	RESP=1
13857060	42	STIM=c
13860388	42	RESP=1
13872368	42	STIM=p
13877621	42	RESP=1
13890326	42	STIM=e
13896118	42	RESP=1
13907342	42	STIM=1
13912421	42	RESP=2
13923858	42	STIM=w
13929953	42	RESP=1
13940571	42	STIM=j
13943617	42	RESP=1
13959316	42	STIM=f
13963109	42	RESP=1
13976451	42	STIM=8
13982384	42	RESP=2
13993759	42	STIM=a
13997314	42	RESP=1
14012052	42	STIM=k
14015292	42	RESP=1
14027354	42	STIM=x
14033501	42	RESP=2
14044285	42	STIM=g
14049103	42	RESP=1
14062224	42	STIM=6
14068581	42	RESP=2
14078570	42	STIM=j
14086593	42	RESP=1
14096960	42	STIM=8
14101155	42	RESP=2
14113492	42	STIM=0
14119734	42	RESP=2
14130687	42	STIM=n
14135619	42	RESP=1
14148459	42	STIM=a
14154582	42	RESP=1
14165345	42	STIM=8
14172592	42	RESP=2
14181030	42	STIM=p
14184488	42	RESP=2
14198795	42	STIM=c
14206855	42	RESP=1
14214188	42	STIM=q
14218274	42	RESP=1
14229250	42	STIM=0
14234000	42	RESP=2
14246952	42	STIM=7
14252159	42	RESP=1
14265070	42	STIM=l
14268663	42	RESP=1
14282350	42	STIM=i
14286534	42	RESP=1
14299607	42	STIM=8
14303344	42	RESP=2
14316431	42	STIM=i
14320393	42	RESP=2
14334135	42	STIM=v
14337666	42	RESP=1
14353106	42	STIM=i
14359104	42	RESP=1
14371961	42	STIM=r
14378633	42	RESP=1
14387187	42	STIM=p
14390568	42	RESP=1
14403458	42	STIM=d
14407370	42	RESP=1
14420617	42	STIM=f
14425060	42	RESP=1
14436722	42	STIM=l
14440501	42	RESP=1
14452669	42	STIM=x
14456849	42	RESP=1
14471353	42	STIM=p
14476220	42	RESP=1
14489242	42	STIM=t
14494300	42	RESP=1
14505358	42	STIM=m
14508571	42	RESP=1
14520918	42	STIM=r
14526083	42	RESP=1
14536844	42	STIM=d
14541343	42	RESP=1
14552047	42	STIM=w
14555487	42	RESP=1
14570910	42	STIM=s
14575595	42	RESP=2
14588074	42	STIM=n
14590969	42	RESP=1
14604724	42	STIM=9
14612951	42	RESP=2
14622993	42	STIM=j
14628151	42	RESP=1
14639548	42	STIM=a
14644228	42	RESP=1
14657794	42	STIM=z
14661346	42	RESP=1
14676510	42	STIM=i
14681302	42	RESP=1
14695407	42	STIM=f
14697797	42	RESP=1
14711723	42	STIM=y
14714343	42	RESP=1
14730690	42	STIM=j
14733867	42	RESP=1
14747885	42	STIM=i
14752062	42	RESP=1
14766198	42	STIM=d
14771363	42	RESP=1
14783608	42	STIM=d
14790096	42	RESP=2
14800123	42	STIM=k
14805710	42	RESP=1
14815135	42	STIM=h
14820429	42	RESP=1
14831650	42	STIM=k
14837966	42	RESP=1
14849390	42	STIM=s
14853171	42	RESP=1
14868365	42	STIM=r
14874088	42	RESP=1
14886083	42	STIM=a
14890430	42	RESP=1
14903711	42	STIM=k
14910296	42	RESP=1
14922033	42	STIM=f
14925199	42	RESP=1
14938096	42	STIM=e
14942890	42	RESP=1
14953403	42	STIM=d
14957434	42	RESP=1
14968824	42	STIM=p
14971664	42	RESP=1
14984033	42	STIM=m
14989311	42	RESP=1
15001959	42	STIM=0
15005386	42	RESP=2
15020944	42	STIM=j
15027448	42	RESP=1
15037808	42	STIM=3
15044952	42	RESP=2
15055241	42	STIM=k
15061236	42	RESP=1
15071650	42	STIM=i
15076544	42	RESP=1
15089709	42	STIM=v
15099004	42	RESP=1
15106467	42	STIM=u
15115259	42	RESP=1
15122515	42	STIM=o
15126193	42	RESP=1
15138905	42	STIM=c
15144037	42	RESP=1
15153908	42	STIM=5
15159507	42	RESP=2
15169943	42	STIM=0
15176309	42	RESP=2
15188019	42	STIM=s
15191384	42	RESP=1
15206612	42	STIM=y
15211050	42	RESP=1
15223236	42	STIM=x
15227032	42	RESP=1
15238830	42	STIM=e
15243376	42	RESP=1
15254888	42	STIM=i
15260489	42	RESP=1
15271981	42	STIM=9
15276777	42	RESP=2
15290463	42	STIM=f
15293525	42	RESP=1
15308208	42	STIM=a
15311201	42	RESP=1
15326487	42	STIM=d
15331966	42	RESP=1
15342487	42	STIM=n
15345885	42	RESP=1
15360751	42	STIM=6
15367933	42	RESP=2
15377472	42	STIM=y
15380017	42	RESP=1
15395738	42	STIM=v
15401035	42	RESP=1
15413420	42	STIM=a
15419010	42	RESP=1
15429516	42	STIM=v
15436181	42	RESP=1
15446031	42	STIM=3
15452475	42	RESP=1
15463608	42	STIM=k
15467454	42	RESP=1
15479930	42	STIM=p
15483984	42	RESP=1
15498190	42	STIM=k
15502249	42	RESP=1
15513725	42	STIM=u
15517142	42	RESP=1
15529552	42	STIM=2
15534494	42	RESP=2
15546371	42	STIM=5
15554684	42	RESP=2
15563390	42	STIM=h
15566466	42	RESP=1
15581928	42	STIM=j
15585392	42	RESP=1
15599078	42	STIM=6
15603341	42	RESP=2
15617545	42	STIM=z
15622125	42	RESP=1
15634561	42	STIM=p
15638995	42	RESP=1
15653393	42	STIM=x
15660603	42	RESP=1
15671695	42	STIM=l
15678767	42	RESP=1
15690395	42	STIM=l
15693024	42	RESP=1
15706353	42	STIM=y
15710383	42	RESP=1
15723312	42	STIM=v
15730557	42	RESP=1
15740042	42	STIM=2
15743923	42	RESP=2
15755911	42	STIM=b
15759591	42	RESP=1
15773402	42	STIM=t
15776942	42	RESP=1
15790031	42	STIM=x
15795591	42	RESP=1
15808463	42	STIM=d
15814595	42	RESP=1
15825713	42	STIM=l
15830422	42	RESP=1
15843032	42	STIM=w
15846886	42	RESP=1
15861192	42	STIM=q
15865387	42	RESP=1
15876443	42	STIM=5
15880998	42	RESP=2
15891874	42	STIM=7
15896260	42	RESP=2
15909382	42	STIM=g
15912219	42	RESP=1
15927663	42	STIM=b
15931039	42	RESP=1
15945450	42	STIM=i
15948287	42	RESP=1
15963786	42	STIM=t
15971290	42	RESP=1
15981800	42	STIM=c
15985882	42	RESP=1
16000685	42	STIM=s
16004670	42	RESP=1
16018236	42	STIM=n
16028200	42	RESP=1
16036432	42	STIM=u
16041712	42	RESP=1
16051873	42	STIM=t
16057198	42	RESP=1
16068229	42	STIM=n
16071736	42	RESP=1
16086663	42	STIM=w
16091605	42	RESP=1
16104002	42	STIM=8
16108683	42	RESP=1
16121098	42	STIM=w
16130047	42	RESP=1
16139168	42	STIM=q
16141738	42	RESP=2
16154643	42	STIM=c
16158859	42	RESP=1
16171250	42	STIM=d
16177438	42	RESP=1
16187202	42	STIM=d
16192698	42	RESP=1
16205201	42	STIM=d
16209596	42	RESP=1
16221908	42	STIM=q
16224937	42	RESP=1
16240530	42	STIM=7
16244866	42	RESP=2
16257229	42	STIM=w
16260313	42	RESP=2
16273805	42	STIM=2
16279024	42	RESP=2
16290503	42	STIM=h
16296325	42	RESP=1
16309068	42	STIM=o
16314443	42	RESP=1
16327465	42	STIM=5
16334380	42	RESP=2
16345223	42	STIM=r
16349581	42	RESP=1
16361680	42	STIM=j
16367895	42	RESP=1
16380138	42	STIM=s
16383031	42	RESP=1
16396865	42	STIM=h
16402937	42	RESP=1
16413140	42	STIM=g
16417269	42	RESP=1
16431139	42	STIM=r
16438828	42	RESP=1
16448760	42	STIM=o
16452954	42	RESP=1
16466535	42	STIM=6
16471022	42	RESP=1
16485228	42	STIM=o
16490642	42	RESP=1
16502674	42	STIM=s
16508898	42	RESP=1
16520324	42	STIM=y
16523841	42	RESP=1
16538043	42	STIM=j
16543385	42	RESP=1
16556020	42	STIM=i
16559406	42	RESP=1
16571117	42	STIM=f
16579516	42	RESP=1
16589373	42	STIM=k
16592291	42	RESP=1
16607972	42	STIM=w
16615094	42	RESP=1
16625947	42	STIM=h
16632193	42	RESP=1
16642661	42	STIM=z
16645445	42	RESP=1
16658480	42	STIM=m
16661665	42	RESP=1
16673480	42	STIM=r
16682269	42	RESP=1
16691330	42	STIM=l
16694880	42	RESP=1
16709295	42	STIM=y
16713966	42	RESP=1
16726379	42	STIM=8
16730248	42	RESP=2
16745313	42	STIM=u
16749504	42	RESP=1
16763551	42	STIM=t
16767569	42	RESP=1
16781603	42	STIM=6
16786087	42	RESP=2
16797027	42	STIM=s
16804307	42	RESP=1
16814194	42	STIM=n
16819357	42	RESP=1
16831284	42	STIM=n
16838144	42	RESP=1
16847626	42	STIM=7
16854854	42	RESP=2
16864351	42	STIM=v
16870747	42	RESP=1
16881588	42	STIM=w
16885257	42	RESP=1
16899953	42	STIM=h
16904425	42	RESP=1
16915386	42	STIM=j
16920551	42	RESP=1
16930439	42	STIM=i
16935008	42	RESP=1
16948545	42	STIM=y
16952926	42	RESP=1
16967528	42	STIM=8
16970939	42	RESP=1
16983052	42	STIM=v
16986147	42	RESP=1
17000458	42	STIM=j
17005648	42	RESP=2
17018424	42	STIM=i
17024907	42	RESP=2
17034352	42	STIM=n
17040789	42	RESP=1
17049944	42	STIM=p
17056727	42	RESP=1
17065849	42	STIM=w
17069860	42	RESP=1
17084102	42	STIM=2
17090117	42	RESP=1
17099823	42	STIM=g
17104206	42	RESP=1
17117238	42	STIM=b
17128853	42	RESP=1
17135095	42	STIM=q
17140209	42	RESP=1
17152455	42	STIM=9
17157810	42	RESP=1
17169918	42	STIM=3
17176796	42	RESP=2
17187876	42	STIM=5
17193952	42	RESP=2
17205028	42	STIM=y
17209977	42	RESP=1
17221564	42	STIM=h
17225729	42	RESP=1
17239712	42	STIM=f
17244081	42	RESP=1
17258577	42	STIM=s
17264012	42	RESP=1
17275592	42	STIM=y
17280888	42	RESP=1
17293277	42	STIM=r
17300638	42	RESP=1
17311358	42	STIM=o
17315130	42	RESP=1
17327117	42	STIM=e
17332763	42	RESP=1
17343430	42	STIM=p
17348094	42	RESP=1
17360130	42	STIM=s
17365951	42	RESP=1
17376067	42	STIM=v
17384328	42	RESP=1
17391939	42	STIM=q
17398996	42	RESP=1
17410600	42	STIM=u
17413842	42	RESP=1
17428188	42	STIM=0
17434700	42	RESP=2
17445256	42	STIM=c
17448723	42	RESP=1
17463881	42	STIM=j
17473288	42	RESP=1
17481039	42	STIM=q
17487153	42	RESP=1
17498026	42	STIM=h
17503742	42	RESP=1
17515701	42	STIM=u
17521855	42	RESP=1
17531774	42	STIM=w
17535090	42	RESP=1
17547551	42	STIM=j
17552146	42	RESP=1
17563658	42	STIM=1
17568407	42	RESP=2
17579329	42	STIM=p
17584380	42	RESP=1
17597125	42	STIM=7
17600395	42	RESP=2
17614562	42	STIM=r
17619673	42	RESP=1
17632117	42	STIM=o
17639192	42	RESP=1
17650310	42	STIM=h
17653548	42	RESP=1
17667894	42	STIM=c
17674965	42	RESP=1
17683097	42	STIM=d
17688084	42	RESP=1
17699597	42	STIM=7
17703878	42	RESP=1
17714874	42	STIM=i
17719291	42	RESP=1
17733711	42	STIM=j
17740066	42	RESP=1
17749765	42	STIM=a
17753920	42	RESP=1
17765058	42	STIM=f
17770549	42	RESP=1
17783614	42	STIM=w
17789036	42	RESP=1
17800753	42	STIM=2
17805664	42	RESP=2
17818193	42	STIM=z
17821320	42	RESP=1
17834274	42	STIM=c
17837874	42	RESP=1
17850868	42	STIM=z
17859136	42	RESP=1
17868846	42	STIM=i
17876873	42	RESP=1
17886391	42	STIM=h
17890289	42	RESP=1
17904175	42	STIM=4
17910201	42	RESP=2
17919993	42	STIM=s
17926818	42	RESP=1
17936015	42	STIM=3
17941233	42	RESP=2
17953470	42	STIM=b
17957635	42	RESP=1
17969913	42	STIM=a
17974551	42	RESP=1
17986308	42	STIM=u
17990335	42	RESP=1
18004693	42	STIM=k
18007500	42	RESP=1
18020952	42	STIM=j
18028761	42	RESP=1
18038746	42	STIM=t
18042857	42	RESP=1
18057170	42	STIM=4
18064159	42	RESP=2
18075114	42	STIM=f
18080182	42	RESP=1
18092992	42	STIM=l
18100102	42	RESP=1
18108263	42	STIM=5
18115482	42	RESP=2
18124748	42	STIM=8
18129158	42	RESP=2
18141324	42	STIM=g
18145530	42	RESP=1
18157729	42	STIM=l
18163783	42	RESP=1
18174112	42	STIM=v
18179453	42	RESP=1
18193013	42	STIM=w
18199316	42	RESP=1
18211092	42	STIM=n
18213612	42	RESP=2
18226674	42	STIM=k
18231391	42	RESP=1
18243596	42	STIM=m
18249809	42	RESP=1
18259592	42	STIM=d
18262657	42	RESP=1
18276507	42	STIM=o
18284324	42	RESP=1
18294035	42	STIM=6
18301765	42	RESP=2
18311128	42	STIM=i
18313622	42	RESP=1
18327766	42	STIM=f
18331885	42	RESP=1
18345013	42	STIM=9
18350228	42	RESP=2
18361610	42	STIM=0
18367636	42	RESP=2
18377380	42	STIM=k
18381833	42	RESP=1
18395051	42	STIM=6
18400205	42	RESP=2
18410639	42	STIM=e
18415234	42	RESP=1
18427579	42	STIM=t
18430354	42	RESP=1
18443673	42	STIM=y
18446866	42	RESP=1
18459983	42	STIM=a
18466487	42	RESP=1
18476983	42	STIM=y
18480495	42	RESP=1
18493127	42	STIM=u
18496427	42	RESP=1
18511379	42	STIM=w
18515895	42	RESP=1
18527806	42	STIM=7
18532476	42	RESP=2
18544197	42	STIM=8
18549274	42	RESP=2
18562549	42	STIM=f
18567322	42	RESP=1
18578028	42	STIM=p
18583515	42	RESP=1
18596456	42	STIM=9
18601046	42	RESP=1
18614629	42	STIM=g
18620569	42	RESP=1
18631919	42	STIM=x
18642848	42	RESP=1
18647473	42	STIM=r
18655048	42	RESP=1
18663494	42	STIM=0
18674429	42	RESP=2
18678627	42	STIM=n
18684335	42	RESP=1
18694993	42	STIM=s
18700521	42	RESP=1
18710512	42	STIM=1
18717045	42	RESP=2
18726398	42	STIM=1
18735717	42	RESP=1
18742661	42	STIM=b
18746955	42	RESP=1
18758867	42	STIM=c
18764282	42	RESP=1
18775864	42	STIM=b
18779290	42	RESP=1
18794163	42	STIM=l
18798798	42	RESP=1
18810953	42	STIM=r
18819418	42	RESP=1
18827603	42	STIM=p
18830630	42	RESP=1
18844588	42	STIM=o
18848096	42	RESP=1
18861324	42	STIM=9
18868037	42	RESP=2
18879032	42	STIM=t
18884076	42	RESP=1
18897839	42	STIM=5
18904185	42	RESP=2
18916096	42	STIM=j
18918748	42	RESP=1
18933983	42	STIM=r
18939307	42	RESP=1
18952241	42	STIM=o
18958053	42	RESP=1
18969212	42	STIM=r
18975120	42	RESP=1
18986425	42	STIM=y
18991707	42	RESP=1
19005229	42	STIM=b
19009290	42	RESP=1
19022216	42	STIM=r
19027626	42	RESP=1
19037735	42	STIM=f
19044208	42	RESP=1
19055150	42	STIM=v
19058606	42	RESP=1
19073582	42	STIM=l
19079383	42	RESP=1
19090333	42	STIM=o
19093570	42	RESP=1
19105388	42	STIM=j
19110018	42	RESP=1
19123205	42	STIM=g
19126997	42	RESP=1
19139059	42	STIM=v
19142392	42	RESP=1
19156303	42	STIM=p
19160217	42	RESP=1
19171540	42	STIM=h
19177961	42	RESP=1
19189298	42	STIM=3
19194468	42	RESP=2
19207885	42	STIM=e
19211184	42	RESP=1
19226090	42	STIM=t
19232078	42	RESP=1
19241541	42	STIM=u
19245223	42	RESP=1
19257442	42	STIM=i
19262742	42	RESP=1
19273550	42	STIM=k
19280114	42	RESP=1
19292248	42	STIM=i
19297805	42	RESP=1
19308962	42	STIM=r
19315343	42	RESP=1
19324840	42	STIM=v
19330367	42	RESP=1
19341440	42	STIM=u
19344245	42	RESP=1
19357948	42	STIM=e
19365526	42	RESP=1
19376405	42	STIM=i
19385062	42	RESP=1
19393188	42	STIM=u
19396938	42	RESP=1
19412166	42	STIM=e
19416812	42	RESP=1
19427198	42	STIM=7
19431439	42	RESP=2
19442862	42	STIM=c
19447075	42	RESP=1
19460519	42	STIM=i
19466806	42	RESP=1
19477237	42	STIM=u
19484507	42	RESP=1
19492847	42	STIM=n
19496577	42	RESP=1
19510055	42	STIM=x
19515262	42	RESP=1
19528313	42	STIM=e
19536091	42	RESP=1
19544300	42	STIM=d
19547308	42	RESP=1
19561087	42	STIM=a
19564154	42	RESP=1
19579166	42	STIM=s
19583125	42	RESP=1
19595562	42	STIM=x
19601350	42	RESP=1
19611504	42	STIM=6
19615352	42	RESP=2
19626860	42	STIM=z
19633196	42	RESP=2
19642749	42	STIM=3
19647292	42	RESP=2
19660538	42	STIM=a
19665764	42	RESP=1
19676410	42	STIM=g
19682240	42	RESP=2
19694350	42	STIM=l
19697551	42	RESP=1
19713017	42	STIM=q
19717055	42	RESP=1
19730460	42	STIM=a
19734871	42	RESP=1
19747853	42	STIM=h
19751632	42	RESP=1
19765179	42	STIM=a
19772074	42	RESP=1
19783271	42	STIM=t
19791212	42	RESP=1
19800095	42	STIM=0
19804514	42	RESP=2
19816226	42	STIM=0
19821914	42	RESP=2
19834687	42	STIM=k
19837624	42	RESP=1
19851869	42	STIM=q
19857031	42	RESP=1
19868643	42	STIM=5
19872731	42	RESP=2
19887197	42	STIM=v
19892281	42	RESP=1
19903173	42	STIM=e
19906493	42	RESP=1
19922137	42	STIM=q
19927117	42	RESP=1
19941043	42	STIM=r
19946331	42	RESP=2
19959687	42	STIM=j
19963228	42	RESP=1
19975708	42	STIM=6
19979666	42	RESP=2
19993408	42	STIM=z
19997275	42	RESP=1
20008819	42	STIM=f
20012357	42	RESP=1
20026782	42	STIM=v
20032202	42	RESP=1
20044398	42	STIM=v
20051852	42	RESP=1
20060224	42	STIM=6
20068195	42	RESP=2
20075803	42	STIM=f
20079327	42	RESP=1
20091646	42	STIM=z
20095347	42	RESP=1
20109337	42	STIM=7
20117042	42	RESP=2
20128105	42	STIM=5
20133932	42	RESP=1
20144178	42	STIM=q
20147516	42	RESP=1
20161038	42	STIM=x
20165939	42	RESP=1
20178219	42	STIM=l
20182225	42	RESP=1
20195661	42	STIM=f
20201502	42	RESP=1
20212572	42	STIM=u
20215713	42	RESP=1
20231202	42	STIM=m
20236696	42	RESP=1
20246688	42	STIM=s
20250711	42	RESP=1
20262236	42	STIM=q
20266706	42	RESP=1
20279146	42	STIM=b
20283585	42	RESP=1
20294160	42	STIM=0
20298275	42	RESP=2
20312284	42	STIM=j
20317538	42	RESP=1
20329453	42	STIM=w
20333196	42	RESP=1
20347163	42	STIM=j
20350359	42	RESP=1
20363163	42	STIM=5
20368791	42	RESP=1
20378572	42	STIM=w
20384313	42	RESP=1
20395048	42	STIM=v
20398600	42	RESP=1
20410490	42	STIM=g
20416749	42	RESP=1
20428484	42	STIM=o
20432334	42	RESP=2
20444547	42	STIM=6
20454323	42	RESP=2
20459576	42	STIM=1
20465289	42	RESP=2
20475859	42	STIM=4
20480295	42	RESP=2
20491303	42	STIM=u
20497171	42	RESP=1
20508208	42	STIM=i
20514751	42	RESP=1
20524801	42	STIM=8
20528930	42	RESP=2
20541305	42	STIM=6
20547820	42	RESP=2
20558848	42	STIM=2
20564323	42	RESP=2
20577130	42	STIM=2
20581302	42	RESP=2
20596032	42	STIM=a
20603011	42	RESP=2
20612483	42	STIM=t
20616037	42	RESP=1
20627750	42	STIM=x
20631828	42	RESP=1
20643308	42	STIM=m
20646238	42	RESP=1
20658445	42	STIM=k
20666439	42	RESP=1
20674030	42	STIM=0
20679862	42	RESP=2
20689396	42	STIM=1
20694919	42	RESP=2
20705384	42	STIM=n
20710502	42	RESP=1
20722718	42	STIM=p
20728171	42	RESP=1
20737836	42	STIM=8
20742087	42	RESP=2
20753882	42	STIM=0
20758975	42	RESP=2
20769429	42	STIM=e
20772268	42	RESP=1
20786936	42	STIM=8
20795485	42	RESP=1
20805450	42	STIM=m
20809318	42	RESP=1
20823300	42	STIM=8
20827823	42	RESP=2
20842296	42	STIM=1
20848254	42	RESP=2
20858490	42	STIM=k
20863772	42	RESP=1
20875991	42	STIM=k
20879635	42	RESP=1
20892874	42	STIM=p
20896775	42	RESP=1
20909989	42	STIM=b
20916566	42	RESP=1
20925948	42	STIM=y
20930716	42	RESP=1
20942636	42	STIM=g
20947920	42	RESP=1
20960087	42	STIM=l
20964076	42	RESP=1
20976128	42	STIM=s
20982991	42	RESP=1
20993046	42	STIM=h
20999557	42	RESP=1
21011260	42	STIM=3
21017111	42	RESP=2
21029449	42	STIM=u
21033284	42	RESP=1
21045763	42	STIM=q
21050867	42	RESP=2
21064023	42	STIM=w
21066712	42	RESP=1
21082394	42	STIM=s
21085668	42	RESP=1
21099207	42	STIM=j
21103186	42	RESP=1
21118099	42	STIM=h
21121501	42	RESP=1
21135157	42	STIM=d
21139157	42	RESP=1
21150315	42	STIM=k
21154963	42	RESP=1
21166029	42	STIM=n
21169195	42	RESP=2
21182133	42	STIM=x
21185096	42	RESP=1
21199460	42	STIM=z
21203078	42	RESP=1
21214875	42	STIM=m
21218070	42	RESP=1
21230511	42	STIM=f
21236864	42	RESP=1
21248333	42	STIM=g
21253001	42	RESP=1
21265945	42	STIM=b
21271745	42	RESP=1
21283932	42	STIM=2
21288877	42	RESP=1
21302133	42	STIM=t
21305972	42	RESP=1
21317755	42	STIM=p
21320156	42	RESP=1
21335708	42	STIM=q
21338605	42	RESP=1
21353719	42	STIM=w
21358023	42	RESP=1
21368931	42	STIM=y
21377846	42	RESP=1
21385708	42	STIM=c
21391121	42	RESP=1
21402734	42	STIM=5
21407604	42	RESP=2
21418542	42	STIM=0
21423845	42	RESP=2
21435605	42	STIM=o
21438766	42	RESP=1
21453790	42	STIM=3
21459111	42	RESP=2
21470182	42	STIM=m
21473713	42	RESP=1
21487594	42	STIM=7
21493165	42	RESP=2
21502704	42	STIM=2
21507080	42	RESP=2
21520452	42	STIM=b
21525852	42	RESP=1
21535480	42	STIM=p
21538355	42	RESP=1
21550501	42	STIM=q
21555306	42	RESP=1
21567132	42	STIM=v
21572166	42	RESP=1
21585711	42	STIM=m
21590239	42	RESP=1
21602774	42	STIM=u
21608838	42	RESP=1
21618123	42	STIM=1
21624662	42	RESP=1
21633677	42	STIM=f
21637948	42	RESP=1
21650995	42	STIM=k
21655221	42	RESP=1
21666922	42	STIM=h
21676195	42	RESP=1
21682097	42	STIM=m
21686721	42	RESP=1
21700399	42	STIM=b
21704995	42	RESP=1
21718529	42	STIM=u
21721378	42	RESP=1
21737370	42	STIM=l
21743236	42	RESP=1
21753517	42	STIM=s
21757707	42	RESP=1
21772127	42	STIM=6
21780373	42	RESP=2
21790599	42	STIM=h
21795149	42	RESP=2
21807729	42	STIM=r
21815921	42	RESP=1
