# Original filename: 0029_BKG_2017-03-15.log
# Time unit: 100 us
# RARECAT=digit
#
# Time	HHGG	Event
27213	42	STIM=t
37614	42	RESP=1
45151	42	STIM=e
51828	42	RESP=1
62433	42	STIM=h
67146	42	RESP=1
78037	42	STIM=u
82755	42	RESP=1
93344	42	STIM=u
102446	42	RESP=1
109418	42	STIM=2
115445	42	RESP=2
126233	42	STIM=k
134022	42	RESP=1
141462	42	STIM=q
146102	42	RESP=1
158500	42	STIM=3
166805	42	RESP=2
175541	42	STIM=t
179561	42	RESP=1
190592	42	STIM=4
194559	42	RESP=2
206441	42	STIM=m
214536	42	RESP=1
224933	42	STIM=r
231792	42	RESP=1
242850	42	STIM=p
245845	42	RESP=1
260221	42	STIM=n
264647	42	RESP=1
275932	42	STIM=1
282744	42	RESP=1
293414	42	STIM=a
298363	42	RESP=1
309301	42	STIM=s
314891	42	RESP=1
325145	42	STIM=t
330838	42	RESP=1
343644	42	STIM=z
347455	42	RESP=1
358672	42	STIM=e
366423	42	RESP=1
376200	42	STIM=q
384238	42	RESP=1
392749	42	STIM=g
397652	42	RESP=1
410240	42	STIM=0
415234	42	RESP=2
426143	42	STIM=v
430029	42	RESP=1
442623	42	STIM=u
450580	42	RESP=1
460458	42	STIM=c
465478	42	RESP=1
476059	42	STIM=8
481649	42	RESP=2
493544	42	STIM=r
498121	42	RESP=1
510169	42	STIM=y
513278	42	RESP=1
525807	42	STIM=i
537529	42	RESP=1
543898	42	STIM=n
552956	42	RESP=1
559216	42	STIM=g
563416	42	RESP=1
575245	42	STIM=w
580700	42	RESP=1
594106	42	STIM=o
598456	42	RESP=1
609467	42	STIM=h
613109	42	RESP=1
627132	42	STIM=p
631587	42	RESP=1
644423	42	STIM=4
651619	42	RESP=2
660063	42	STIM=b
666007	42	RESP=1
678838	42	STIM=r
683549	42	RESP=1
696248	42	STIM=g
702821	42	RESP=1
715138	42	STIM=j
718935	42	RESP=1
733261	42	STIM=j
736860	42	RESP=1
751859	42	STIM=e
761019	42	RESP=1
769254	42	STIM=p
773104	42	RESP=1
787765	42	STIM=k
793108	42	RESP=1
805469	42	STIM=e
809101	42	RESP=1
820675	42	STIM=t
825168	42	RESP=1
838095	42	STIM=9
848432	42	RESP=2
856249	42	STIM=i
863401	42	RESP=1
872777	42	STIM=s
876411	42	RESP=1
889920	42	STIM=x
896186	42	RESP=1
905000	42	STIM=g
913494	42	RESP=1
921418	42	STIM=c
927254	42	RESP=1
938870	42	STIM=q
942826	42	RESP=1
955570	42	STIM=d
962034	42	RESP=1
972365	42	STIM=m
977588	42	RESP=1
988953	42	STIM=h
994870	42	RESP=2
1004144	42	STIM=n
1010628	42	RESP=1
1022643	42	STIM=c
1026171	42	RESP=1
1040937	42	STIM=v
1043850	42	RESP=1
1056457	42	STIM=0
1066619	42	RESP=2
1072636	42	STIM=m
1079145	42	RESP=1
1090839	42	STIM=3
1100137	42	RESP=2
1107581	42	STIM=w
1113425	42	RESP=1
1126412	42	STIM=2
1130738	42	RESP=2
1143685	42	STIM=4
1150018	42	RESP=2
1159411	42	STIM=3
1164605	42	RESP=1
1178378	42	STIM=f
1188527	42	RESP=1
1195582	42	STIM=r
1202994	42	RESP=1
1210730	42	STIM=c
1214652	42	RESP=1
1226128	42	STIM=0
1235455	42	RESP=2
1243629	42	STIM=8
1253473	42	RESP=2
1258795	42	STIM=q
1263511	42	RESP=1
1274918	42	STIM=t
1278874	42	RESP=1
1292641	42	STIM=y
1300030	42	RESP=1
1309992	42	STIM=a
1314156	42	RESP=1
1326599	42	STIM=2
1332621	42	RESP=2
1342351	42	STIM=p
1348165	42	RESP=1
1359803	42	STIM=k
1368694	42	RESP=1
1375404	42	STIM=x
1381865	42	RESP=1
1393106	42	STIM=o
1396061	42	RESP=1
1408135	42	STIM=8
1415015	42	RESP=2
1425664	42	STIM=n
1433668	42	RESP=1
1441100	42	STIM=v
1446806	42	RESP=1
1457513	42	STIM=w
1463027	42	RESP=1
1473605	42	STIM=5
1477890	42	RESP=2
1488681	42	STIM=c
1493257	42	RESP=1
1504056	42	STIM=q
1514395	42	RESP=1
1519171	42	STIM=t
1525828	42	RESP=1
1536533	42	STIM=e
1539031	42	RESP=1
1554953	42	STIM=w
1559899	42	RESP=1
1570885	42	STIM=l
1576433	42	RESP=1
1588790	42	STIM=t
1595605	42	RESP=1
1607087	42	STIM=2
1613646	42	RESP=1
1624236	42	STIM=k
1629258	42	RESP=1
1640788	42	STIM=c
1646853	42	RESP=1
1657532	42	STIM=2
1664044	42	RESP=2
1674174	42	STIM=v
1678352	42	RESP=1
1692780	42	STIM=l
1698886	42	RESP=2
1709592	42	STIM=n
1714249	42	RESP=1
1727311	42	STIM=z
1732605	42	RESP=1
1744371	42	STIM=t
1748191	42	RESP=1
1762348	42	STIM=u
1766230	42	RESP=1
1777449	42	STIM=x
1781946	42	RESP=1
1793643	42	STIM=n
1800323	42	RESP=1
1811613	42	STIM=e
1814751	42	RESP=1
1830339	42	STIM=d
1835687	42	RESP=1
1848423	42	STIM=t
1855321	42	RESP=1
1864021	42	STIM=m
1875958	42	RESP=1
1881214	42	STIM=0
1887457	42	RESP=2
1898410	42	STIM=h
1903904	42	RESP=1
1917182	42	STIM=m
1921241	42	RESP=1
1933501	42	STIM=q
1937874	42	RESP=1
1950254	42	STIM=7
1955550	42	RESP=2
1968831	42	STIM=d
1972070	42	RESP=1
1986506	42	STIM=h
1992869	42	RESP=1
2004469	42	STIM=v
2007926	42	RESP=1
2020549	42	STIM=q
2027119	42	RESP=1
2038797	42	STIM=l
2044544	42	RESP=1
2053872	42	STIM=3
2062550	42	RESP=2
2070337	42	STIM=u
2075895	42	RESP=1
2087833	42	STIM=1
2098382	42	RESP=2
2104087	42	STIM=r
2108553	42	RESP=1
2121123	42	STIM=n
2125995	42	RESP=1
2137477	42	STIM=y
2152054	42	RESP=1
2153382	42	STIM=t
2158318	42	RESP=2
2169419	42	STIM=0
2179588	42	RESP=1
2184432	42	STIM=h
2187605	42	RESP=1
2201012	42	STIM=2
2205274	42	RESP=2
2218955	42	STIM=y
2225395	42	RESP=1
2235844	42	STIM=g
2239516	42	RESP=1
2254196	42	STIM=m
2260091	42	RESP=1
2270789	42	STIM=r
2279652	42	RESP=1
2288242	42	STIM=r
2294529	42	RESP=1
2305891	42	STIM=a
2312215	42	RESP=1
2324179	42	STIM=b
2328118	42	RESP=1
2341170	42	STIM=k
2344275	42	RESP=1
2357591	42	STIM=t
2360661	42	RESP=1
2375653	42	STIM=a
2379939	42	RESP=1
2391540	42	STIM=j
2396263	42	RESP=2
2408395	42	STIM=o
2412540	42	RESP=1
2425049	42	STIM=x
2428868	42	RESP=1
2441580	42	STIM=p
2447532	42	RESP=1
2460385	42	STIM=z
2464851	42	RESP=1
2478672	42	STIM=x
2483363	42	RESP=1
2495444	42	STIM=c
2501905	42	RESP=1
2510602	42	STIM=z
2517438	42	RESP=1
2526805	42	STIM=d
2531395	42	RESP=1
2542976	42	STIM=t
2546467	42	RESP=1
2559619	42	STIM=i
2562462	42	RESP=1
2574968	42	STIM=c
2581493	42	RESP=1
2592854	42	STIM=0
2599765	42	RESP=2
2608545	42	STIM=x
2616854	42	RESP=2
2627502	42	STIM=k
2636095	42	RESP=1
2644428	42	STIM=g
2650140	42	RESP=1
2661298	42	STIM=v
2665417	42	RESP=1
2679698	42	STIM=r
2696030	42	RESP=1
2697163	42	STIM=t
2707808	42	RESP=1
2714775	42	STIM=l
2718552	42	RESP=1
2733518	42	STIM=q
2744686	42	RESP=1
2752132	42	STIM=n
2758623	42	RESP=1
2768819	42	STIM=s
2773009	42	RESP=1
2787153	42	STIM=h
2792853	42	RESP=1
2805739	42	STIM=y
2815762	42	RESP=1
2822420	42	STIM=6
2829022	42	RESP=2
2840540	42	STIM=x
2847986	42	RESP=1
2858752	42	STIM=t
2863342	42	RESP=1
2876236	42	STIM=p
2883627	42	RESP=2
2892665	42	STIM=g
2899019	42	RESP=1
2909808	42	STIM=k
2913043	42	RESP=1
2925208	42	STIM=c
2930003	42	RESP=1
2943978	42	STIM=x
2950082	42	RESP=1
2962663	42	STIM=m
2966034	42	RESP=1
2977816	42	STIM=h
2984165	42	RESP=1
2993172	42	STIM=x
3001129	42	RESP=1
3009898	42	STIM=r
3017632	42	RESP=1
3026420	42	STIM=x
3039102	42	RESP=1
3044984	42	STIM=z
3052669	42	RESP=1
3063532	42	STIM=j
3067077	42	RESP=1
3078631	42	STIM=w
3083617	42	RESP=1
3094761	42	STIM=a
3098772	42	RESP=1
3112328	42	STIM=k
3118171	42	RESP=1
3130605	42	STIM=m
3138353	42	RESP=1
3147585	42	STIM=n
3152824	42	RESP=1
3166143	42	STIM=u
3172055	42	RESP=1
3184981	42	STIM=o
3188847	42	RESP=1
3202049	42	STIM=8
3207742	42	RESP=2
3217579	42	STIM=n
3221788	42	RESP=1
3232794	42	STIM=x
3239969	42	RESP=1
3251302	42	STIM=p
3254235	42	RESP=1
3269521	42	STIM=z
3276693	42	RESP=1
3286478	42	STIM=j
3294693	42	RESP=1
3304981	42	STIM=n
3313071	42	RESP=1
3320606	42	STIM=4
3324750	42	RESP=2
3336883	42	STIM=e
3343841	42	RESP=2
3352021	42	STIM=i
3355437	42	RESP=1
3368697	42	STIM=k
3372159	42	RESP=1
3385383	42	STIM=z
3394620	42	RESP=1
3401068	42	STIM=6
3411608	42	RESP=1
3417528	42	STIM=v
3428225	42	RESP=2
3433324	42	STIM=g
3438080	42	RESP=1
3449367	42	STIM=e
3455163	42	RESP=2
3468209	42	STIM=e
3473859	42	RESP=1
3484160	42	STIM=c
3496012	42	RESP=1
3499352	42	STIM=q
3504756	42	RESP=1
3516465	42	STIM=9
3525933	42	RESP=2
3531829	42	STIM=z
3539558	42	RESP=1
3549510	42	STIM=u
3555489	42	RESP=1
3567424	42	STIM=j
3575998	42	RESP=1
3586145	42	STIM=i
3591014	42	RESP=1
3603185	42	STIM=r
3607556	42	RESP=1
3619963	42	STIM=j
3622933	42	RESP=1
3637979	42	STIM=3
3641960	42	RESP=2
3655183	42	STIM=o
3660501	42	RESP=1
3671230	42	STIM=t
3677010	42	RESP=1
3688431	42	STIM=y
3700419	42	RESP=1
3705574	42	STIM=9
3711051	42	RESP=2
3723144	42	STIM=j
3731137	42	RESP=1
3741389	42	STIM=t
3746738	42	RESP=1
3758648	42	STIM=7
3769934	42	RESP=1
3777544	42	STIM=j
3782045	42	RESP=1
3794898	42	STIM=j
3798612	42	RESP=1
3810751	42	STIM=k
3816042	42	RESP=1
3828271	42	STIM=o
3832782	42	RESP=1
3847247	42	STIM=k
3852557	42	RESP=1
3862943	42	STIM=0
3869003	42	RESP=2
3880461	42	STIM=1
3889229	42	RESP=2
3899127	42	STIM=3
3905300	42	RESP=2
3915856	42	STIM=a
3920236	42	RESP=1
3932402	42	STIM=d
3939099	42	RESP=1
3950338	42	STIM=j
3961114	42	RESP=1
3965393	42	STIM=1
3969144	42	RESP=2
3984210	42	STIM=u
3988568	42	RESP=1
3999725	42	STIM=e
4004125	42	RESP=1
4015670	42	STIM=6
4023859	42	RESP=2
4034306	42	STIM=v
4045241	42	RESP=1
4053184	42	STIM=7
4058514	42	RESP=2
4069519	42	STIM=g
4074131	42	RESP=1
4087901	42	STIM=8
4096227	42	RESP=2
4104048	42	STIM=t
4108936	42	RESP=1
4121296	42	STIM=7
4128279	42	RESP=1
4138736	42	STIM=8
4144867	42	RESP=2
4157180	42	STIM=d
4160074	42	RESP=1
4175999	42	STIM=m
4179224	42	RESP=1
4193396	42	STIM=g
4202951	42	RESP=1
4211655	42	STIM=t
4218971	42	RESP=1
4229261	42	STIM=s
4234827	42	RESP=1
4246046	42	STIM=2
4260264	42	RESP=2
4261152	42	STIM=p
4267444	42	RESP=1
4278959	42	STIM=f
4286765	42	RESP=1
4297011	42	STIM=3
4304650	42	RESP=2
4314153	42	STIM=c
4320306	42	RESP=1
4329746	42	STIM=l
4332906	42	RESP=1
4345901	42	STIM=s
4351023	42	RESP=1
4361152	42	STIM=i
4365126	42	RESP=1
4376639	42	STIM=w
4379181	42	RESP=1
4395485	42	STIM=x
4402026	42	RESP=1
4410807	42	STIM=1
4417658	42	RESP=2
4425847	42	STIM=a
4430621	42	RESP=1
4443941	42	STIM=p
4448919	42	RESP=1
4460376	42	STIM=e
4470810	42	RESP=1
4476697	42	STIM=c
4480234	42	RESP=1
4495438	42	STIM=j
4502396	42	RESP=1
4511744	42	STIM=r
4518229	42	RESP=1
4528028	42	STIM=h
4531614	42	RESP=1
4544560	42	STIM=o
4555450	42	RESP=2
4563431	42	STIM=o
4567578	42	RESP=1
4582008	42	STIM=r
4587704	42	RESP=1
4597933	42	STIM=y
4606496	42	RESP=1
4615405	42	STIM=l
4626676	42	RESP=1
4633587	42	STIM=y
4639653	42	RESP=1
4648755	42	STIM=h
4653985	42	RESP=1
4666628	42	STIM=1
4674543	42	RESP=2
4683388	42	STIM=i
4688703	42	RESP=1
4699144	42	STIM=4
4703649	42	RESP=2
4716847	42	STIM=i
4722516	42	RESP=1
4735486	42	STIM=x
4739247	42	RESP=1
4750487	42	STIM=n
4754821	42	RESP=1
4766760	42	STIM=n
4774017	42	RESP=2
4782114	42	STIM=s
4788705	42	RESP=1
4798053	42	STIM=q
4804650	42	RESP=1
4813750	42	STIM=c
4817490	42	RESP=1
4829265	42	STIM=w
4841298	42	RESP=1
4846913	42	STIM=1
4851618	42	RESP=2
4865032	42	STIM=j
4873714	42	RESP=1
4881362	42	STIM=8
4887477	42	RESP=2
4897381	42	STIM=z
4902612	42	RESP=1
4914405	42	STIM=u
4919663	42	RESP=1
4932849	42	STIM=t
4936249	42	RESP=1
4947902	42	STIM=g
4953279	42	RESP=1
4963131	42	STIM=n
4966204	42	RESP=1
4979389	42	STIM=q
4987170	42	RESP=1
4996056	42	STIM=v
5002085	42	RESP=1
5012038	42	STIM=g
5020569	42	RESP=1
5029552	42	STIM=m
5033504	42	RESP=1
5047298	42	STIM=1
5054310	42	RESP=2
5062893	42	STIM=0
5068348	42	RESP=2
5080300	42	STIM=f
5088544	42	RESP=1
5097338	42	STIM=u
5101503	42	RESP=1
5114070	42	STIM=u
5119064	42	RESP=1
5131413	42	STIM=f
5138438	42	RESP=1
5149629	42	STIM=1
5157321	42	RESP=2
5166722	42	STIM=q
5170224	42	RESP=1
5183973	42	STIM=s
5193454	42	RESP=1
5202213	42	STIM=y
5205657	42	RESP=1
5221059	42	STIM=x
5224080	42	RESP=1
5239263	42	STIM=s
5246701	42	RESP=1
5257006	42	STIM=c
5260195	42	RESP=1
5273295	42	STIM=z
5282768	42	RESP=1
5289739	42	STIM=v
5293370	42	RESP=1
5307520	42	STIM=p
5313996	42	RESP=1
5323802	42	STIM=3
5327876	42	RESP=1
5341489	42	STIM=p
5351953	42	RESP=1
5358904	42	STIM=q
5366435	42	RESP=1
5377768	42	STIM=2
5383428	42	RESP=2
5395587	42	STIM=0
5401160	42	RESP=2
5412956	42	STIM=r
5417701	42	RESP=1
5428776	42	STIM=2
5437222	42	RESP=2
5447479	42	STIM=i
5454953	42	RESP=1
5465666	42	STIM=6
5471852	42	RESP=2
5484102	42	STIM=m
5489205	42	RESP=1
5499564	42	STIM=m
5504914	42	RESP=1
5515876	42	STIM=t
5519586	42	RESP=2
5532416	42	STIM=y
5539562	42	RESP=1
5550787	42	STIM=8
5555634	42	RESP=2
5567517	42	STIM=c
5574034	42	RESP=1
5584011	42	STIM=z
5589793	42	RESP=1
5602212	42	STIM=t
5606536	42	RESP=2
5618592	42	STIM=6
5624288	42	RESP=1
5635721	42	STIM=v
5641446	42	RESP=1
5653686	42	STIM=7
5661079	42	RESP=2
5671458	42	STIM=3
5679401	42	RESP=2
5689775	42	STIM=b
5694479	42	RESP=1
5707858	42	STIM=8
5718828	42	RESP=2
5723748	42	STIM=h
5727426	42	RESP=1
5741634	42	STIM=5
5749827	42	RESP=2
5756872	42	STIM=t
5765072	42	RESP=1
5773673	42	STIM=j
5780262	42	RESP=1
5790479	42	STIM=q
5794170	42	RESP=1
5808318	42	STIM=3
5816977	42	RESP=2
5827057	42	STIM=v
5830232	42	RESP=1
5843263	42	STIM=g
5846565	42	RESP=1
5861355	42	STIM=f
5865931	42	RESP=1
5878809	42	STIM=m
5884429	42	RESP=1
5896163	42	STIM=x
5900932	42	RESP=1
5914461	42	STIM=f
5919011	42	RESP=1
5933402	42	STIM=m
5937818	42	RESP=1
5949773	42	STIM=q
5958667	42	RESP=1
5967812	42	STIM=5
5980256	42	RESP=2
5986636	42	STIM=5
5992471	42	RESP=1
6002689	42	STIM=o
6012256	42	RESP=1
6018357	42	STIM=t
6027018	42	RESP=1
6037185	42	STIM=g
6040144	42	RESP=1
6055702	42	STIM=r
6063630	42	RESP=1
6070945	42	STIM=q
6075007	42	RESP=1
6086408	42	STIM=x
6091769	42	RESP=1
6102845	42	STIM=i
6108862	42	RESP=1
6120085	42	STIM=f
6126705	42	RESP=1
6137998	42	STIM=x
6142505	42	RESP=1
6153175	42	STIM=x
6159456	42	RESP=1
6170911	42	STIM=c
6175397	42	RESP=1
6189906	42	STIM=a
6196028	42	RESP=1
6208567	42	STIM=s
6216536	42	RESP=1
6223927	42	STIM=o
6229895	42	RESP=1
6240524	42	STIM=z
6243911	42	RESP=1
6255943	42	STIM=n
6260583	42	RESP=1
6272183	42	STIM=6
6280558	42	RESP=2
6288152	42	STIM=r
6293603	42	RESP=1
6306193	42	STIM=f
6314199	42	RESP=1
6325073	42	STIM=1
6337825	42	RESP=1
6341512	42	STIM=j
6348739	42	RESP=1
6356529	42	STIM=z
6362279	42	RESP=1
6373418	42	STIM=j
6382791	42	RESP=1
6390150	42	STIM=x
6396978	42	RESP=2
6408376	42	STIM=h
6411532	42	RESP=1
6427266	42	STIM=m
6435149	42	RESP=1
6442284	42	STIM=b
6446016	42	RESP=1
6458622	42	STIM=m
6464918	42	RESP=1
6475059	42	STIM=l
6478884	42	RESP=1
6491387	42	STIM=t
6493725	42	RESP=1
6509281	42	STIM=9
6515338	42	RESP=2
6526997	42	STIM=s
6529650	42	RESP=1
6543440	42	STIM=1
6555030	42	RESP=2
6560882	42	STIM=h
6567305	42	RESP=1
6578519	42	STIM=s
6581806	42	RESP=1
6594596	42	STIM=j
6599668	42	RESP=1
6612231	42	STIM=1
6617400	42	RESP=2
6629788	42	STIM=5
6635915	42	RESP=2
6646740	42	STIM=a
6653101	42	RESP=1
6664976	42	STIM=k
6671545	42	RESP=1
6681563	42	STIM=p
6687631	42	RESP=1
6696991	42	STIM=3
6702792	42	RESP=1
6713369	42	STIM=l
6716446	42	RESP=1
6731216	42	STIM=p
6737599	42	RESP=1
6746363	42	STIM=3
6751210	42	RESP=2
6761406	42	STIM=l
6766969	42	RESP=1
6777432	42	STIM=5
6782261	42	RESP=1
6794184	42	STIM=q
6800826	42	RESP=1
6810320	42	STIM=k
6813902	42	RESP=1
6829120	42	STIM=d
6833841	42	RESP=1
6844972	42	STIM=v
6850296	42	RESP=1
6861663	42	STIM=d
6864515	42	RESP=1
6876831	42	STIM=2
6882002	42	RESP=2
6893405	42	STIM=2
6898540	42	RESP=2
6909375	42	STIM=u
6914831	42	RESP=1
6926509	42	STIM=c
6934364	42	RESP=1
6943273	42	STIM=q
6947281	42	RESP=1
6958706	42	STIM=t
6967340	42	RESP=1
6976653	42	STIM=5
6985692	42	RESP=2
6992623	42	STIM=9
6998434	42	RESP=2
7010395	42	STIM=l
7019122	42	RESP=1
7027695	42	STIM=a
7033746	42	RESP=1
7044541	42	STIM=f
7047521	42	RESP=1
7059586	42	STIM=m
7065150	42	RESP=1
7076200	42	STIM=g
7081184	42	RESP=1
7092900	42	STIM=7
7098276	42	RESP=2
7108254	42	STIM=8
7115650	42	RESP=2
7124773	42	STIM=z
7130047	42	RESP=1
7142023	42	STIM=f
7145785	42	RESP=1
7159864	42	STIM=k
7163496	42	RESP=1
7177285	42	STIM=g
7183896	42	RESP=1
7194694	42	STIM=f
7200323	42	RESP=1
7212856	42	STIM=8
7218347	42	RESP=2
7230110	42	STIM=l
7235032	42	RESP=1
7246987	42	STIM=w
7254525	42	RESP=1
7264451	42	STIM=k
7267482	42	RESP=1
7282741	42	STIM=a
7289792	42	RESP=1
7301113	42	STIM=y
7306243	42	RESP=1
7317160	42	STIM=5
7323480	42	RESP=2
7333466	42	STIM=p
7337769	42	RESP=1
7352307	42	STIM=c
7358270	42	RESP=1
7371138	42	STIM=9
7377979	42	RESP=2
7388630	42	STIM=a
7393505	42	RESP=1
7404639	42	STIM=b
7409490	42	RESP=1
7420306	42	STIM=3
7429352	42	RESP=2
7436562	42	STIM=g
7442805	42	RESP=1
7451656	42	STIM=1
7458615	42	RESP=2
7466839	42	STIM=e
7476415	42	RESP=1
7484647	42	STIM=w
7490722	42	RESP=1
7500451	42	STIM=7
7506636	42	RESP=2
7518446	42	STIM=p
7521805	42	RESP=1
7534830	42	STIM=0
7540480	42	RESP=2
7550027	42	STIM=p
7557292	42	RESP=1
7567093	42	STIM=f
7572413	42	RESP=1
7582243	42	STIM=g
7589039	42	RESP=1
7597813	42	STIM=9
7605059	42	RESP=2
7614144	42	STIM=i
7625722	42	RESP=1
7631868	42	STIM=g
7637317	42	RESP=1
7650117	42	STIM=0
7659278	42	RESP=2
7666636	42	STIM=m
7671060	42	RESP=1
7683016	42	STIM=e
7691560	42	RESP=1
7699940	42	STIM=n
7704328	42	RESP=1
7716439	42	STIM=o
7719888	42	RESP=1
7732733	42	STIM=s
7738707	42	RESP=1
7751524	42	STIM=f
7755910	42	RESP=2
7767574	42	STIM=z
7776380	42	RESP=1
7784939	42	STIM=f
7794624	42	RESP=1
7803190	42	STIM=y
7808456	42	RESP=1
7818914	42	STIM=6
7824110	42	RESP=2
7836580	42	STIM=l
7839464	42	RESP=1
7854379	42	STIM=b
7860553	42	RESP=1
7871012	42	STIM=l
7877881	42	RESP=1
7887684	42	STIM=h
7893312	42	RESP=1
7906656	42	STIM=y
7911962	42	RESP=1
7923065	42	STIM=9
7931055	42	RESP=2
7940382	42	STIM=s
7947426	42	RESP=1
7956208	42	STIM=d
7964591	42	RESP=1
7973599	42	STIM=g
7983139	42	RESP=2
7992231	42	STIM=5
7997929	42	RESP=1
8009248	42	STIM=m
8015149	42	RESP=2
8026021	42	STIM=c
8030229	42	RESP=1
8044765	42	STIM=b
8050848	42	RESP=1
8061830	42	STIM=v
8065958	42	RESP=1
8079283	42	STIM=s
8082840	42	RESP=1
8094971	42	STIM=j
8100186	42	RESP=1
8112232	42	STIM=y
8115334	42	RESP=1
8129907	42	STIM=i
8132748	42	RESP=1
8145698	42	STIM=u
8153598	42	RESP=1
8163206	42	STIM=q
8169906	42	RESP=1
8178834	42	STIM=d
8183108	42	RESP=1
8195250	42	STIM=c
8201753	42	RESP=1
8211553	42	STIM=k
8218682	42	RESP=2
8230455	42	STIM=h
8234562	42	RESP=1
8248657	42	STIM=3
8258846	42	RESP=2
8264450	42	STIM=t
8269537	42	RESP=1
8281236	42	STIM=z
8288069	42	RESP=1
8297433	42	STIM=u
8302235	42	RESP=1
8315492	42	STIM=r
8319576	42	RESP=1
8334352	42	STIM=c
8342892	42	RESP=1
8350545	42	STIM=5
8355516	42	RESP=2
8368169	42	STIM=h
8373083	42	RESP=1
8385623	42	STIM=f
8391115	42	RESP=1
8403702	42	STIM=y
8409248	42	RESP=1
8419578	42	STIM=q
8423227	42	RESP=1
8435008	42	STIM=r
8440430	42	RESP=1
8450599	42	STIM=d
8454556	42	RESP=1
8468639	42	STIM=b
8474997	42	RESP=1
8484293	42	STIM=h
8490868	42	RESP=1
8501946	42	STIM=v
8505558	42	RESP=1
8519282	42	STIM=k
8525836	42	RESP=1
8536703	42	STIM=n
8541576	42	RESP=1
8552034	42	STIM=r
8558195	42	RESP=1
8569948	42	STIM=p
8576280	42	RESP=1
8588666	42	STIM=7
8597598	42	RESP=2
8604559	42	STIM=m
8611250	42	RESP=2
8619808	42	STIM=n
8623176	42	RESP=1
8636329	42	STIM=v
8639165	42	RESP=1
8654603	42	STIM=2
8659861	42	RESP=2
8670312	42	STIM=3
8676178	42	RESP=2
8686306	42	STIM=2
8692796	42	RESP=2
8702515	42	STIM=v
8708162	42	RESP=1
8720218	42	STIM=i
8728854	42	RESP=2
8737553	42	STIM=d
8742110	42	RESP=1
8754195	42	STIM=x
8758291	42	RESP=1
8772123	42	STIM=o
8777877	42	RESP=1
8790486	42	STIM=m
8794745	42	RESP=1
8808500	42	STIM=z
8814524	42	RESP=1
8824059	42	STIM=l
8829379	42	RESP=2
8839530	42	STIM=r
8843466	42	RESP=1
8855381	42	STIM=f
8863188	42	RESP=2
8870442	42	STIM=r
8873863	42	RESP=1
8887810	42	STIM=a
8892014	42	RESP=1
8906178	42	STIM=r
8909841	42	RESP=1
8921649	42	STIM=f
8933904	42	RESP=1
8938353	42	STIM=3
8943009	42	RESP=2
8956114	42	STIM=u
8959543	42	RESP=1
8971643	42	STIM=t
8978539	42	RESP=1
8986687	42	STIM=b
8991595	42	RESP=1
9002126	42	STIM=z
9008551	42	RESP=1
9020988	42	STIM=r
9027134	42	RESP=1
9038853	42	STIM=e
9044424	42	RESP=1
9057535	42	STIM=k
9063957	42	RESP=1
9076367	42	STIM=3
9082088	42	RESP=2
9093262	42	STIM=n
9099298	42	RESP=2
9108532	42	STIM=s
9115080	42	RESP=1
9123659	42	STIM=3
9130033	42	RESP=1
9141006	42	STIM=p
9148105	42	RESP=2
9156122	42	STIM=3
9162199	42	RESP=2
9171653	42	STIM=s
9178172	42	RESP=1
9188856	42	STIM=d
9198198	42	RESP=1
9204503	42	STIM=0
9214272	42	RESP=2
9221316	42	STIM=s
9227997	42	RESP=1
9237850	42	STIM=4
9245561	42	RESP=2
9254449	42	STIM=v
9262216	42	RESP=1
9269903	42	STIM=v
9275627	42	RESP=1
9287130	42	STIM=1
9293583	42	RESP=1
9305291	42	STIM=e
9310985	42	RESP=1
9321127	42	STIM=f
9325052	42	RESP=1
9336322	42	STIM=n
9344791	42	RESP=1
9353233	42	STIM=r
9358228	42	RESP=1
9369226	42	STIM=p
9377551	42	RESP=1
9384580	42	STIM=a
9389203	42	RESP=1
9403105	42	STIM=a
9406706	42	RESP=1
9420375	42	STIM=d
9428914	42	RESP=1
9438677	42	STIM=j
9443684	42	RESP=1
9455086	42	STIM=t
9460693	42	RESP=1
9472080	42	STIM=b
9479346	42	RESP=1
9488813	42	STIM=w
9493844	42	RESP=1
9504437	42	STIM=u
9518035	42	RESP=1
9520526	42	STIM=0
9527492	42	RESP=2
9538465	42	STIM=u
9543761	42	RESP=1
9556313	42	STIM=s
9563107	42	RESP=1
9572798	42	STIM=q
9582862	42	RESP=1
9591294	42	STIM=q
9597192	42	RESP=1
9606948	42	STIM=t
9613556	42	RESP=1
9625882	42	STIM=i
9628836	42	RESP=1
9642487	42	STIM=w
9648004	42	RESP=1
9659982	42	STIM=9
9666467	42	RESP=2
9675035	42	STIM=w
9683904	42	RESP=1
9692069	42	STIM=c
9698223	42	RESP=1
9709469	42	STIM=p
9713412	42	RESP=1
9727303	42	STIM=9
9732412	42	RESP=2
9744973	42	STIM=e
9750939	42	RESP=1
9762062	42	STIM=x
9764649	42	RESP=1
9778529	42	STIM=f
9792079	42	RESP=1
9794448	42	STIM=g
9797358	42	RESP=1
9810358	42	STIM=5
9816110	42	RESP=2
9826420	42	STIM=i
9829489	42	RESP=1
9843077	42	STIM=1
9848104	42	RESP=2
9858756	42	STIM=c
9865911	42	RESP=1
9875711	42	STIM=g
9881104	42	RESP=1
9890828	42	STIM=d
9894116	42	RESP=1
9909316	42	STIM=4
9915355	42	RESP=2
9926625	42	STIM=q
9932515	42	RESP=1
9941736	42	STIM=d
9948429	42	RESP=1
9960403	42	STIM=p
9964819	42	RESP=1
9978915	42	STIM=x
9984963	42	RESP=1
9994445	42	STIM=x
9999202	42	RESP=1
10012657	42	STIM=k
10016465	42	RESP=1
10029723	42	STIM=h
10034307	42	RESP=1
10048576	42	STIM=f
10052846	42	RESP=1
10063840	42	STIM=x
10066834	42	RESP=1
10081587	42	STIM=p
10085494	42	RESP=1
10097782	42	STIM=o
10103456	42	RESP=1
10113537	42	STIM=a
10121764	42	RESP=1
10130792	42	STIM=d
10138503	42	RESP=1
10146000	42	STIM=u
10149463	42	RESP=1
10162273	42	STIM=e
10167698	42	RESP=1
10177400	42	STIM=9
10184253	42	RESP=2
10192645	42	STIM=q
10202064	42	RESP=1
10209165	42	STIM=l
10211952	42	RESP=2
10227460	42	STIM=n
10232292	42	RESP=1
10244338	42	STIM=w
10249386	42	RESP=1
10262422	42	STIM=n
10267653	42	RESP=1
10279840	42	STIM=j
10286602	42	RESP=1
10296452	42	STIM=j
10301391	42	RESP=1
10311550	42	STIM=o
10317533	42	RESP=1
10328396	42	STIM=0
10334810	42	RESP=2
10345156	42	STIM=c
10354784	42	RESP=1
10361538	42	STIM=n
10366343	42	RESP=1
10379533	42	STIM=5
10386750	42	RESP=2
10397748	42	STIM=e
10400781	42	RESP=1
10412853	42	STIM=d
10422948	42	RESP=1
10428204	42	STIM=6
10434475	42	RESP=2
10446527	42	STIM=r
10450378	42	RESP=2
10461593	42	STIM=9
10467647	42	RESP=2
10477601	42	STIM=g
10481551	42	RESP=1
10493947	42	STIM=1
10505057	42	RESP=2
10510517	42	STIM=g
10515610	42	RESP=1
10529416	42	STIM=z
10534407	42	RESP=1
10546098	42	STIM=e
10549806	42	RESP=1
10561288	42	STIM=q
10565815	42	RESP=1
10578214	42	STIM=h
10582628	42	RESP=1
10594525	42	STIM=r
10599077	42	RESP=1
10611781	42	STIM=4
10620681	42	RESP=2
10627725	42	STIM=m
10633174	42	RESP=1
10645145	42	STIM=a
10659606	42	RESP=1
10661743	42	STIM=h
10665948	42	RESP=1
10678493	42	STIM=t
10684202	42	RESP=1
10695291	42	STIM=f
10700448	42	RESP=1
10710821	42	STIM=y
10714012	42	RESP=1
10729214	42	STIM=z
10736147	42	RESP=1
10745746	42	STIM=m
10750385	42	RESP=1
10764229	42	STIM=v
10773026	42	RESP=1
10781350	42	STIM=p
10792081	42	RESP=1
10797613	42	STIM=3
10806978	42	RESP=2
10816053	42	STIM=0
10824147	42	RESP=2
10832129	42	STIM=g
10836196	42	RESP=1
10847561	42	STIM=z
10854577	42	RESP=1
10864973	42	STIM=2
10872653	42	RESP=2
10882215	42	STIM=y
10886316	42	RESP=1
10897441	42	STIM=w
10900324	42	RESP=1
10914443	42	STIM=s
10919336	42	RESP=1
10933102	42	STIM=r
10937452	42	RESP=1
10949618	42	STIM=o
10953013	42	RESP=1
10964671	42	STIM=x
10970715	42	RESP=1
10982319	42	STIM=0
10986834	42	RESP=2
10997792	42	STIM=n
11002893	42	RESP=1
11015862	42	STIM=r
11021998	42	RESP=1
11034400	42	STIM=o
11042724	42	RESP=1
11050646	42	STIM=r
11055228	42	RESP=1
11067629	42	STIM=n
11077406	42	RESP=1
11084160	42	STIM=c
11089243	42	RESP=1
11102109	42	STIM=3
11111345	42	RESP=2
11118080	42	STIM=h
11128883	42	RESP=2
11133541	42	STIM=v
11138136	42	RESP=1
11151425	42	STIM=s
11159291	42	RESP=1
11166796	42	STIM=7
11172282	42	RESP=2
11183994	42	STIM=k
11192130	42	RESP=1
11202054	42	STIM=t
11206291	42	RESP=1
11220107	42	STIM=6
11224581	42	RESP=2
11237051	42	STIM=o
11243979	42	RESP=1
11254943	42	STIM=7
11261607	42	RESP=2
11272427	42	STIM=y
11277162	42	RESP=2
11290062	42	STIM=b
11294157	42	RESP=1
11308482	42	STIM=v
11314389	42	RESP=1
11324300	42	STIM=u
11336380	42	RESP=1
11340984	42	STIM=v
11346730	42	RESP=1
11359832	42	STIM=o
11363721	42	RESP=1
11376469	42	STIM=p
11388515	42	RESP=1
11391563	42	STIM=f
11397730	42	RESP=1
11407577	42	STIM=l
11416817	42	RESP=1
11423411	42	STIM=c
11427622	42	RESP=1
11438944	42	STIM=l
11441518	42	RESP=1
11454863	42	STIM=m
11458322	42	RESP=1
11473587	42	STIM=3
11483045	42	RESP=2
11489438	42	STIM=1
11495031	42	RESP=2
11506751	42	STIM=y
11512641	42	RESP=1
11522528	42	STIM=8
11528263	42	RESP=2
11539186	42	STIM=u
11549949	42	RESP=1
11556226	42	STIM=n
11565778	42	RESP=1
11574756	42	STIM=5
11579313	42	RESP=2
11592121	42	STIM=5
11603217	42	RESP=2
11607354	42	STIM=a
11613786	42	RESP=1
11623491	42	STIM=9
11629241	42	RESP=2
11638995	42	STIM=9
11643495	42	RESP=1
11657978	42	STIM=c
11663570	42	RESP=1
11673597	42	STIM=o
11677173	42	RESP=1
11691383	42	STIM=f
11693966	42	RESP=1
11708062	42	STIM=m
11712682	42	RESP=1
11726676	42	STIM=e
11729723	42	RESP=1
11743734	42	STIM=i
11748650	42	RESP=1
11762085	42	STIM=9
11770810	42	RESP=2
11778676	42	STIM=p
11785651	42	RESP=1
11795596	42	STIM=q
11801687	42	RESP=1
11812695	42	STIM=9
11820994	42	RESP=2
11829704	42	STIM=4
11834938	42	RESP=2
11845001	42	STIM=a
11851996	42	RESP=1
11863493	42	STIM=i
11868183	42	RESP=1
11879226	42	STIM=v
11882682	42	RESP=1
11895350	42	STIM=s
11901443	42	RESP=1
11912754	42	STIM=4
11917984	42	RESP=1
11928504	42	STIM=m
11934286	42	RESP=1
11944305	42	STIM=z
11951791	42	RESP=1
11960844	42	STIM=8
11966660	42	RESP=2
11978561	42	STIM=q
11982090	42	RESP=1
11994002	42	STIM=j
12001534	42	RESP=1
12011364	42	STIM=m
12015929	42	RESP=1
12029725	42	STIM=k
12034915	42	RESP=1
12045696	42	STIM=b
12050662	42	RESP=2
12061633	42	STIM=4
12066375	42	RESP=2
12077958	42	STIM=3
12086261	42	RESP=2
12096630	42	STIM=d
12101883	42	RESP=2
12115144	42	STIM=k
12120125	42	RESP=1
12130576	42	STIM=5
12138679	42	RESP=2
12147373	42	STIM=i
12153249	42	RESP=1
12163309	42	STIM=l
12170251	42	RESP=1
12179931	42	STIM=3
12189090	42	RESP=2
12197507	42	STIM=9
12203895	42	RESP=2
12215964	42	STIM=9
12222708	42	RESP=2
12234177	42	STIM=r
12240071	42	RESP=1
12251425	42	STIM=3
12257122	42	RESP=2
12268239	42	STIM=l
12273020	42	RESP=1
12285545	42	STIM=y
12289092	42	RESP=1
12303652	42	STIM=1
12313753	42	RESP=2
12319854	42	STIM=2
12325708	42	RESP=2
12337737	42	STIM=l
12341338	42	RESP=1
12355331	42	STIM=y
12366459	42	RESP=1
12371157	42	STIM=a
12377251	42	RESP=1
12389437	42	STIM=j
12395661	42	RESP=1
12405471	42	STIM=6
12411033	42	RESP=2
12424285	42	STIM=d
12427247	42	RESP=1
12439592	42	STIM=4
12446921	42	RESP=2
12454779	42	STIM=7
12462072	42	RESP=2
12472053	42	STIM=c
12477235	42	RESP=1
12488451	42	STIM=p
12495997	42	RESP=1
12505615	42	STIM=q
12512871	42	RESP=1
12524372	42	STIM=h
12531487	42	RESP=1
12541246	42	STIM=u
12548629	42	RESP=1
12557862	42	STIM=b
12563873	42	RESP=1
12576627	42	STIM=e
12581084	42	RESP=2
12593420	42	STIM=9
12599367	42	RESP=2
12611014	42	STIM=u
12616406	42	RESP=1
12629638	42	STIM=f
12636447	42	RESP=1
12644767	42	STIM=w
12656113	42	RESP=1
12662469	42	STIM=e
12666882	42	RESP=1
12678103	42	STIM=s
12682122	42	RESP=2
12696209	42	STIM=k
12705299	42	RESP=1
12714782	42	STIM=e
12720818	42	RESP=1
12733730	42	STIM=y
12743392	42	RESP=1
12749649	42	STIM=r
12757008	42	RESP=1
12766430	42	STIM=5
12774728	42	RESP=2
12781902	42	STIM=i
12786684	42	RESP=1
12797434	42	STIM=b
12801539	42	RESP=1
12812864	42	STIM=p
12816767	42	RESP=1
12829380	42	STIM=r
12832615	42	RESP=1
12846539	42	STIM=b
12853546	42	RESP=1
12863511	42	STIM=b
12867510	42	RESP=1
12880414	42	STIM=r
12885074	42	RESP=1
12898608	42	STIM=z
12902106	42	RESP=1
12915100	42	STIM=s
12920398	42	RESP=1
12930701	42	STIM=b
12939525	42	RESP=2
12949288	42	STIM=j
12953693	42	RESP=1
12967290	42	STIM=g
12973822	42	RESP=1
12984873	42	STIM=8
12991509	42	RESP=2
13003087	42	STIM=s
13012449	42	RESP=1
13020439	42	STIM=p
13029347	42	RESP=1
13038737	42	STIM=p
13046076	42	RESP=1
13057461	42	STIM=v
13064189	42	RESP=1
13075730	42	STIM=s
13080878	42	RESP=1
13093232	42	STIM=l
13099048	42	RESP=1
13108720	42	STIM=9
13114202	42	RESP=2
13127524	42	STIM=n
13133727	42	RESP=1
13146002	42	STIM=i
13153194	42	RESP=1
13164905	42	STIM=i
13172152	42	RESP=2
13183273	42	STIM=q
13188233	42	RESP=1
13200046	42	STIM=5
13208355	42	RESP=2
13216849	42	STIM=6
13226523	42	RESP=2
13233611	42	STIM=o
13241948	42	RESP=1
13250619	42	STIM=y
13258100	42	RESP=1
13269244	42	STIM=l
13274709	42	RESP=1
13284771	42	STIM=6
13292995	42	RESP=1
13300717	42	STIM=5
13311124	42	RESP=2
13317330	42	STIM=m
13322012	42	RESP=1
13335754	42	STIM=9
13342243	42	RESP=2
13353984	42	STIM=v
13357870	42	RESP=1
13371414	42	STIM=s
13375859	42	RESP=1
13388642	42	STIM=j
13392363	42	RESP=1
13404496	42	STIM=4
13411665	42	RESP=2
13421724	42	STIM=m
13425653	42	RESP=1
13440272	42	STIM=g
13445999	42	RESP=1
13457513	42	STIM=c
13460276	42	RESP=1
13474744	42	STIM=l
13480244	42	RESP=1
13491178	42	STIM=2
13495075	42	RESP=2
13507818	42	STIM=3
13512124	42	RESP=2
13526701	42	STIM=p
13531103	42	RESP=1
13542564	42	STIM=n
13549612	42	RESP=1
13558363	42	STIM=1
13565126	42	RESP=2
13573423	42	STIM=v
13578059	42	RESP=1
13591769	42	STIM=v
13598043	42	RESP=1
13607108	42	STIM=e
13610187	42	RESP=1
13625952	42	STIM=e
13629701	42	RESP=1
13641158	42	STIM=o
13648651	42	RESP=1
13658320	42	STIM=d
13661525	42	RESP=1
13677091	42	STIM=r
13682224	42	RESP=1
13692145	42	STIM=y
13695931	42	RESP=2
13708846	42	STIM=h
13715356	42	RESP=1
13727613	42	STIM=h
13734201	42	RESP=1
13743811	42	STIM=6
13750092	42	RESP=1
13761369	42	STIM=s
13769475	42	RESP=1
13777989	42	STIM=k
13783076	42	RESP=1
13793998	42	STIM=u
13798816	42	RESP=1
13809488	42	STIM=i
13822050	42	RESP=1
13827163	42	STIM=h
13836005	42	RESP=1
13842194	42	STIM=t
13846438	42	RESP=1
13858750	42	STIM=s
13865824	42	RESP=1
13876196	42	STIM=r
13884682	42	RESP=1
13893094	42	STIM=e
13898491	42	RESP=1
13908654	42	STIM=m
13916509	42	RESP=1
13925852	42	STIM=k
13929382	42	RESP=1
13942377	42	STIM=t
13947221	42	RESP=1
13959953	42	STIM=8
13966718	42	RESP=2
13978524	42	STIM=e
13985018	42	RESP=1
13995913	42	STIM=l
14001474	42	RESP=1
14011430	42	STIM=4
14016099	42	RESP=2
14026533	42	STIM=3
14031435	42	RESP=1
14042579	42	STIM=j
14050402	42	RESP=1
14059167	42	STIM=q
14065527	42	RESP=1
14076198	42	STIM=7
14083362	42	RESP=2
14093863	42	STIM=y
14097435	42	RESP=1
14111725	42	STIM=h
14117567	42	RESP=1
14129915	42	STIM=6
14141052	42	RESP=2
14148878	42	STIM=v
14153774	42	RESP=1
14166088	42	STIM=s
14172233	42	RESP=1
14184371	42	STIM=e
14189889	42	RESP=1
14202502	42	STIM=1
14210221	42	RESP=2
14218165	42	STIM=p
14222245	42	RESP=1
14234888	42	STIM=o
14238879	42	RESP=1
14251534	42	STIM=q
14259331	42	RESP=1
14270036	42	STIM=f
14276958	42	RESP=1
14287345	42	STIM=x
14293611	42	RESP=1
14304797	42	STIM=b
14312575	42	RESP=1
14320111	42	STIM=9
14324258	42	RESP=2
14338059	42	STIM=w
14342824	42	RESP=1
14355377	42	STIM=z
14360849	42	RESP=1
14372699	42	STIM=r
14376155	42	RESP=2
14388246	42	STIM=8
14392254	42	RESP=2
14405337	42	STIM=p
14416315	42	RESP=1
14421259	42	STIM=2
14425005	42	RESP=1
14436809	42	STIM=y
14444566	42	RESP=1
14451904	42	STIM=q
14457153	42	RESP=1
14468427	42	STIM=v
14476258	42	RESP=1
14485986	42	STIM=t
14488782	42	RESP=1
14504867	42	STIM=y
14510343	42	RESP=1
14522577	42	STIM=y
14529679	42	RESP=1
14537663	42	STIM=z
14547641	42	RESP=1
14552960	42	STIM=j
14558821	42	RESP=1
14568226	42	STIM=4
14574230	42	RESP=2
14586606	42	STIM=v
14591624	42	RESP=1
14603142	42	STIM=g
14608574	42	RESP=2
14618630	42	STIM=j
14624810	42	RESP=1
14635726	42	STIM=j
14642724	42	RESP=1
14653609	42	STIM=n
14660958	42	RESP=1
14670882	42	STIM=d
14674017	42	RESP=1
14689206	42	STIM=t
14694149	42	RESP=1
14706828	42	STIM=b
14710933	42	RESP=1
14722273	42	STIM=u
14727333	42	RESP=1
14740615	42	STIM=e
14746289	42	RESP=1
14758007	42	STIM=g
14761388	42	RESP=1
14774698	42	STIM=t
14780672	42	RESP=1
14789972	42	STIM=v
14796622	42	RESP=1
14808680	42	STIM=p
14817683	42	RESP=1
14825563	42	STIM=i
14830879	42	RESP=1
14843101	42	STIM=q
14850272	42	RESP=1
14861240	42	STIM=i
14867212	42	RESP=1
14877169	42	STIM=z
14883371	42	RESP=1
14892480	42	STIM=y
14896418	42	RESP=1
14908704	42	STIM=g
14914685	42	RESP=1
14926254	42	STIM=2
14933388	42	RESP=2
14942274	42	STIM=9
14949856	42	RESP=2
14957606	42	STIM=a
14963016	42	RESP=1
14974344	42	STIM=z
14980371	42	RESP=1
14990992	42	STIM=h
14995196	42	RESP=1
15008676	42	STIM=d
15015478	42	RESP=1
15024571	42	STIM=3
15030865	42	RESP=1
15040256	42	STIM=a
15046745	42	RESP=1
15055537	42	STIM=c
15061626	42	RESP=1
15071943	42	STIM=q
15077193	42	RESP=1
15090438	42	STIM=y
15097394	42	RESP=1
15107772	42	STIM=t
15115510	42	RESP=1
15123903	42	STIM=e
15132496	42	RESP=1
15140809	42	STIM=0
15146404	42	RESP=2
15156991	42	STIM=7
15165806	42	RESP=1
15175063	42	STIM=x
15183374	42	RESP=1
15190514	42	STIM=u
15194821	42	RESP=1
15207626	42	STIM=r
15219873	42	RESP=1
15222777	42	STIM=u
15225506	42	RESP=1
15240029	42	STIM=z
15247119	42	RESP=1
15256099	42	STIM=i
15262144	42	RESP=1
15274894	42	STIM=y
15279022	42	RESP=1
15291880	42	STIM=2
15301944	42	RESP=2
15307472	42	STIM=o
15312566	42	RESP=1
15324807	42	STIM=u
15330402	42	RESP=1
15340300	42	STIM=g
15348908	42	RESP=1
15357922	42	STIM=4
15363833	42	RESP=2
15373385	42	STIM=i
15378313	42	RESP=1
15390513	42	STIM=d
15398069	42	RESP=1
15408112	42	STIM=a
15412496	42	RESP=1
15426252	42	STIM=l
15431103	42	RESP=1
15443702	42	STIM=e
15450968	42	RESP=1
15461541	42	STIM=i
15465071	42	RESP=1
15477936	42	STIM=m
15481585	42	RESP=1
15495741	42	STIM=i
15506927	42	RESP=1
15513801	42	STIM=e
15521877	42	RESP=1
15531458	42	STIM=3
15537922	42	RESP=2
15546675	42	STIM=b
15550924	42	RESP=1
15561784	42	STIM=z
15567994	42	RESP=1
15578649	42	STIM=g
15582168	42	RESP=1
15597437	42	STIM=a
15601255	42	RESP=1
15616271	42	STIM=t
15622909	42	RESP=1
15634635	42	STIM=y
15639338	42	RESP=1
15650592	42	STIM=h
15656659	42	RESP=1
15669368	42	STIM=h
15676575	42	RESP=1
15684734	42	STIM=u
15691843	42	RESP=1
15703124	42	STIM=b
15708382	42	RESP=1
15719728	42	STIM=l
15723810	42	RESP=1
15736605	42	STIM=6
15741803	42	RESP=2
15754675	42	STIM=n
15758866	42	RESP=1
15772868	42	STIM=h
15777020	42	RESP=1
15790769	42	STIM=9
15795074	42	RESP=2
15806685	42	STIM=t
15809522	42	RESP=1
15824430	42	STIM=g
15829887	42	RESP=1
15840204	42	STIM=c
15845061	42	RESP=1
15855889	42	STIM=i
15860291	42	RESP=1
15873397	42	STIM=e
15877842	42	RESP=1
15890802	42	STIM=w
15895055	42	RESP=1
15908843	42	STIM=1
15915253	42	RESP=2
15926300	42	STIM=x
15931128	42	RESP=1
15943217	42	STIM=5
15947531	42	RESP=2
15958417	42	STIM=r
15968751	42	RESP=2
15973758	42	STIM=y
15978673	42	RESP=1
15989345	42	STIM=e
15994115	42	RESP=1
16005627	42	STIM=p
16013471	42	RESP=1
16023405	42	STIM=s
16028183	42	RESP=1
16039970	42	STIM=j
16042952	42	RESP=1
16058073	42	STIM=a
16064712	42	RESP=1
16074866	42	STIM=y
16082247	42	RESP=1
16092322	42	STIM=e
16096094	42	RESP=1
16107948	42	STIM=p
16113635	42	RESP=1
16124136	42	STIM=4
16130110	42	RESP=2
16142215	42	STIM=g
16146162	42	RESP=1
16158649	42	STIM=5
16164836	42	RESP=2
16177172	42	STIM=a
16184721	42	RESP=1
16194244	42	STIM=3
16203599	42	RESP=2
16212696	42	STIM=l
16221272	42	RESP=1
16229365	42	STIM=8
16235008	42	RESP=2
16245266	42	STIM=j
16250905	42	RESP=1
16261738	42	STIM=t
16268155	42	RESP=1
16279107	42	STIM=w
16283365	42	RESP=1
16295985	42	STIM=a
16303512	42	RESP=2
16313414	42	STIM=7
16319274	42	RESP=2
16328495	42	STIM=v
16332473	42	RESP=1
16345198	42	STIM=p
16351059	42	RESP=1
16363180	42	STIM=m
16369435	42	RESP=1
16379315	42	STIM=o
16383409	42	RESP=1
16397903	42	STIM=0
16406051	42	RESP=2
16415184	42	STIM=r
16422645	42	RESP=1
16431685	42	STIM=t
16437792	42	RESP=1
16447241	42	STIM=y
16450679	42	RESP=1
16465027	42	STIM=s
16469133	42	RESP=1
16484024	42	STIM=r
16490856	42	RESP=1
16499046	42	STIM=2
16510170	42	RESP=1
16516329	42	STIM=4
16521991	42	RESP=2
16532995	42	STIM=n
16539997	42	RESP=1
16548134	42	STIM=o
16554077	42	RESP=1
16563314	42	STIM=n
16574820	42	RESP=1
16580311	42	STIM=4
16585839	42	RESP=1
16597077	42	STIM=r
16600006	42	RESP=2
16613653	42	STIM=7
16620079	42	RESP=2
16631453	42	STIM=1
16641683	42	RESP=2
16648395	42	STIM=k
16657266	42	RESP=1
16664078	42	STIM=o
16668704	42	RESP=1
16679471	42	STIM=5
16686468	42	RESP=2
16697464	42	STIM=k
16701336	42	RESP=1
16713874	42	STIM=a
16717200	42	RESP=1
16730561	42	STIM=m
16736107	42	RESP=1
16748330	42	STIM=4
16754751	42	RESP=2
16765855	42	STIM=0
16771312	42	RESP=2
16782396	42	STIM=i
16795552	42	RESP=1
16798454	42	STIM=s
16804650	42	RESP=1
16817188	42	STIM=k
16821890	42	RESP=1
16834688	42	STIM=t
16841120	42	RESP=1
16852042	42	STIM=t
16855465	42	RESP=1
16868345	42	STIM=b
16872234	42	RESP=1
16884582	42	STIM=x
16891475	42	RESP=1
16902740	42	STIM=i
16907039	42	RESP=2
16921707	42	STIM=r
16926235	42	RESP=2
16939897	42	STIM=f
16945957	42	RESP=1
16954975	42	STIM=3
16959820	42	RESP=2
16970251	42	STIM=f
16978266	42	RESP=1
16988125	42	STIM=s
16993622	42	RESP=1
17005533	42	STIM=5
17018057	42	RESP=2
17023818	42	STIM=v
17031464	42	RESP=1
17039817	42	STIM=r
17047734	42	RESP=1
17055837	42	STIM=e
17061903	42	RESP=1
17072050	42	STIM=c
17076237	42	RESP=1
17088090	42	STIM=m
17091889	42	RESP=1
17104998	42	STIM=c
17110007	42	RESP=1
17122376	42	STIM=8
17126429	42	RESP=1
17138714	42	STIM=g
17146364	42	RESP=1
17153958	42	STIM=b
17158122	42	RESP=1
17170714	42	STIM=l
17175679	42	RESP=1
17189522	42	STIM=l
17197566	42	RESP=1
17205357	42	STIM=a
17208579	42	RESP=1
17221114	42	STIM=8
17227413	42	RESP=2
17239500	42	STIM=w
17246293	42	RESP=1
17255753	42	STIM=n
17263168	42	RESP=1
17273802	42	STIM=l
17277278	42	RESP=1
17290228	42	STIM=z
17294909	42	RESP=1
17308063	42	STIM=t
17314048	42	RESP=1
17323695	42	STIM=f
17332768	42	RESP=1
17340525	42	STIM=h
17344835	42	RESP=1
17356196	42	STIM=x
17359388	42	RESP=1
17374010	42	STIM=5
17379146	42	RESP=2
17392433	42	STIM=z
17400552	42	RESP=1
17409312	42	STIM=w
17419915	42	RESP=2
17427404	42	STIM=k
17434306	42	RESP=1
17443446	42	STIM=7
17452340	42	RESP=2
17462417	42	STIM=t
17466852	42	RESP=1
17478534	42	STIM=a
17484972	42	RESP=1
17495174	42	STIM=d
17501371	42	RESP=1
17511962	42	STIM=i
17518296	42	RESP=1
17528644	42	STIM=t
17534441	42	RESP=1
17544252	42	STIM=4
17552624	42	RESP=2
17562154	42	STIM=n
17567447	42	RESP=1
17577163	42	STIM=k
17582613	42	RESP=1
17593080	42	STIM=3
17601327	42	RESP=2
17608405	42	STIM=u
17614063	42	RESP=1
17625629	42	STIM=w
17630596	42	RESP=1
17643305	42	STIM=j
17647821	42	RESP=1
17659269	42	STIM=c
17667659	42	RESP=1
17676290	42	STIM=b
17680483	42	RESP=1
17691619	42	STIM=y
17696628	42	RESP=1
17708102	42	STIM=b
17713804	42	RESP=1
17726545	42	STIM=s
17732143	42	RESP=1
17742380	42	STIM=x
17748177	42	RESP=1
17758255	42	STIM=i
17767777	42	RESP=1
17776374	42	STIM=h
17786213	42	RESP=1
17793432	42	STIM=6
17802161	42	RESP=1
17810024	42	STIM=h
17817121	42	RESP=1
17827316	42	STIM=0
17831937	42	RESP=2
17846071	42	STIM=n
17848994	42	RESP=1
17861477	42	STIM=b
17869440	42	RESP=1
17877074	42	STIM=w
17880150	42	RESP=1
17894020	42	STIM=q
17898808	42	RESP=1
17912395	42	STIM=x
17916579	42	RESP=1
17931090	42	STIM=y
17936496	42	RESP=1
17946206	42	STIM=l
17951280	42	RESP=1
17962867	42	STIM=l
17968026	42	RESP=2
17978525	42	STIM=w
17983863	42	RESP=1
17993648	42	STIM=v
18002101	42	RESP=1
18011781	42	STIM=9
18016832	42	RESP=2
18026796	42	STIM=o
18030586	42	RESP=1
18045518	42	STIM=7
18050485	42	RESP=2
18063451	42	STIM=1
18070491	42	RESP=2
18082073	42	STIM=v
18086230	42	RESP=1
18100206	42	STIM=z
18104771	42	RESP=1
18116006	42	STIM=z
18119468	42	RESP=1
18131183	42	STIM=n
18136034	42	RESP=1
18149854	42	STIM=n
18155141	42	RESP=1
18165681	42	STIM=q
18170992	42	RESP=1
18182746	42	STIM=v
18188564	42	RESP=1
18198137	42	STIM=4
18204064	42	RESP=2
18213420	42	STIM=m
18220357	42	RESP=2
18230233	42	STIM=z
18235091	42	RESP=1
18248844	42	STIM=n
18254481	42	RESP=2
18266638	42	STIM=7
18272019	42	RESP=2
18283748	42	STIM=6
18287924	42	RESP=1
18299171	42	STIM=a
18304616	42	RESP=1
18317693	42	STIM=y
18325300	42	RESP=1
18334734	42	STIM=c
18343779	42	RESP=1
18351397	42	STIM=s
18356458	42	RESP=1
18367473	42	STIM=k
18372222	42	RESP=1
18385786	42	STIM=1
18390948	42	RESP=2
18404714	42	STIM=a
18409497	42	RESP=1
18421376	42	STIM=e
18427487	42	RESP=1
18437123	42	STIM=b
18440775	42	RESP=1
18454933	42	STIM=b
18465594	42	RESP=1
18472876	42	STIM=t
18476964	42	RESP=1
18489723	42	STIM=f
18494348	42	RESP=1
18506554	42	STIM=e
18511211	42	RESP=1
18521819	42	STIM=s
18527416	42	RESP=1
18538277	42	STIM=w
18542622	42	RESP=2
18555741	42	STIM=b
18559532	42	RESP=1
18573156	42	STIM=q
18582987	42	RESP=1
18590573	42	STIM=3
18601687	42	RESP=2
18606305	42	STIM=a
18612934	42	RESP=1
18622938	42	STIM=6
18626542	42	RESP=2
18639536	42	STIM=e
18644563	42	RESP=1
18654615	42	STIM=w
18658526	42	RESP=1
18672473	42	STIM=t
18678697	42	RESP=1
18688264	42	STIM=t
18697115	42	RESP=1
18703626	42	STIM=a
18709732	42	RESP=1
18722281	42	STIM=u
18728790	42	RESP=1
18739123	42	STIM=l
18743559	42	RESP=1
18754363	42	STIM=h
18758763	42	RESP=1
18772140	42	STIM=e
18780533	42	RESP=1
18789009	42	STIM=w
18793584	42	RESP=1
18806268	42	STIM=s
18809849	42	RESP=1
18821903	42	STIM=p
18827144	42	RESP=1
18840156	42	STIM=y
18849299	42	RESP=1
18858750	42	STIM=i
18873084	42	RESP=1
18876515	42	STIM=a
18881846	42	RESP=1
18893784	42	STIM=z
18903680	42	RESP=1
18910079	42	STIM=0
18916091	42	RESP=2
18926753	42	STIM=1
18932385	42	RESP=2
18945595	42	STIM=h
18950374	42	RESP=1
18962942	42	STIM=8
18971494	42	RESP=2
18981041	42	STIM=f
18987595	42	RESP=1
18999943	42	STIM=l
19004395	42	RESP=2
19018726	42	STIM=k
19024028	42	RESP=1
19034971	42	STIM=5
19043154	42	RESP=2
19052456	42	STIM=e
19058628	42	RESP=1
19069006	42	STIM=k
19075420	42	RESP=1
19085122	42	STIM=b
19090407	42	RESP=1
19101355	42	STIM=c
19106462	42	RESP=1
19117118	42	STIM=y
19120499	42	RESP=1
19135586	42	STIM=n
19144872	42	RESP=1
19154374	42	STIM=l
19160228	42	RESP=1
19171128	42	STIM=5
19180532	42	RESP=2
19186658	42	STIM=o
19191867	42	RESP=1
19204899	42	STIM=7
19210038	42	RESP=2
19220072	42	STIM=x
19226553	42	RESP=1
19238673	42	STIM=9
19244321	42	RESP=1
19255249	42	STIM=i
19259808	42	RESP=1
19270268	42	STIM=p
19276182	42	RESP=1
19287318	42	STIM=h
19297561	42	RESP=1
19305572	42	STIM=2
19311767	42	RESP=2
19323051	42	STIM=o
19327686	42	RESP=1
19339681	42	STIM=3
19345679	42	RESP=2
19354780	42	STIM=v
19368880	42	RESP=1
19370223	42	STIM=7
19376304	42	RESP=2
19388967	42	STIM=0
19394340	42	RESP=2
19407049	42	STIM=w
19410547	42	RESP=1
19422183	42	STIM=g
19429489	42	RESP=1
19438459	42	STIM=s
19445325	42	RESP=1
19455888	42	STIM=g
19462530	42	RESP=1
19473262	42	STIM=b
19477539	42	RESP=2
19491734	42	STIM=a
19496464	42	RESP=1
19508318	42	STIM=k
19516129	42	RESP=1
19527118	42	STIM=r
19534377	42	RESP=1
19543943	42	STIM=3
19552273	42	RESP=1
19562923	42	STIM=f
19571486	42	RESP=1
19578751	42	STIM=x
19583318	42	RESP=1
19595413	42	STIM=g
19603946	42	RESP=1
19610837	42	STIM=g
19616009	42	RESP=1
19628521	42	STIM=r
19634739	42	RESP=1
19645342	42	STIM=v
19649976	42	RESP=1
19662005	42	STIM=p
19669221	42	RESP=1
19678038	42	STIM=p
19687737	42	RESP=1
19695018	42	STIM=o
19702487	42	RESP=1
19713866	42	STIM=2
19721880	42	RESP=2
19730804	42	STIM=z
19736220	42	RESP=1
19749526	42	STIM=z
19754696	42	RESP=1
19765573	42	STIM=f
19769575	42	RESP=1
19783563	42	STIM=1
19788110	42	RESP=2
19801584	42	STIM=n
19808583	42	RESP=1
19816955	42	STIM=s
19821074	42	RESP=1
19832858	42	STIM=2
19838912	42	RESP=2
19850948	42	STIM=r
19854831	42	RESP=2
19869083	42	STIM=d
19874045	42	RESP=1
19887236	42	STIM=z
19891906	42	RESP=1
19902342	42	STIM=f
19908112	42	RESP=1
19920257	42	STIM=m
19926171	42	RESP=1
19937896	42	STIM=o
19942403	42	RESP=1
19953878	42	STIM=o
19959025	42	RESP=1
19970217	42	STIM=g
19975704	42	RESP=1
19988479	42	STIM=b
19996218	42	RESP=1
20003831	42	STIM=u
20008648	42	RESP=1
20019085	42	STIM=v
20022605	42	RESP=1
20037180	42	STIM=d
20040473	42	RESP=1
20055453	42	STIM=k
20063561	42	RESP=1
20072696	42	STIM=m
20076088	42	RESP=1
20088061	42	STIM=l
20091239	42	RESP=1
20105488	42	STIM=o
20110569	42	RESP=1
20123813	42	STIM=s
20130887	42	RESP=1
20141557	42	STIM=s
20147249	42	RESP=1
20160164	42	STIM=e
20165002	42	RESP=1
20178354	42	STIM=s
20183072	42	RESP=1
20194633	42	STIM=y
20198107	42	RESP=1
20210718	42	STIM=c
20217756	42	RESP=1
20227157	42	STIM=g
20237051	42	RESP=1
20243595	42	STIM=g
20248921	42	RESP=1
20260669	42	STIM=4
20266786	42	RESP=2
20275685	42	STIM=e
20280464	42	RESP=1
20290870	42	STIM=r
20298761	42	RESP=1
20307178	42	STIM=r
20313781	42	RESP=1
20324780	42	STIM=a
20331225	42	RESP=1
20341650	42	STIM=y
20348714	42	RESP=1
20356783	42	STIM=s
20363362	42	RESP=1
20372244	42	STIM=m
20375838	42	RESP=1
20388811	42	STIM=q
20393860	42	RESP=1
20405155	42	STIM=e
20410826	42	RESP=1
20421696	42	STIM=j
20425547	42	RESP=1
20439469	42	STIM=u
20446029	42	RESP=1
20457514	42	STIM=w
20463545	42	RESP=1
20476097	42	STIM=m
20482966	42	RESP=1
20494569	42	STIM=4
20506406	42	RESP=2
20509669	42	STIM=u
20515216	42	RESP=1
20528225	42	STIM=2
20533992	42	RESP=2
20545887	42	STIM=u
20552066	42	RESP=2
20564178	42	STIM=0
20572639	42	RESP=2
20581442	42	STIM=r
20585587	42	RESP=1
20599907	42	STIM=n
20607222	42	RESP=1
20616540	42	STIM=s
20620117	42	RESP=1
20634507	42	STIM=2
20640241	42	RESP=2
20651597	42	STIM=d
20663189	42	RESP=1
20669277	42	STIM=l
20676345	42	RESP=1
20687666	42	STIM=h
20691926	42	RESP=1
20704492	42	STIM=y
20715345	42	RESP=1
20721920	42	STIM=v
20726215	42	RESP=1
20739620	42	STIM=n
20746704	42	RESP=1
20755287	42	STIM=e
20763106	42	RESP=1
20773478	42	STIM=a
20783135	42	RESP=1
20789756	42	STIM=7
20794605	42	RESP=2
20808545	42	STIM=8
20813172	42	RESP=1
20823888	42	STIM=m
20828299	42	RESP=1
20841589	42	STIM=g
20847864	42	RESP=1
20858956	42	STIM=4
20867422	42	RESP=2
20876220	42	STIM=3
20881978	42	RESP=2
20893623	42	STIM=n
20901922	42	RESP=1
20911964	42	STIM=1
20917138	42	RESP=2
20929305	42	STIM=g
20935454	42	RESP=1
20945773	42	STIM=g
20951155	42	RESP=1
20960850	42	STIM=q
20968712	42	RESP=2
20978016	42	STIM=0
20984900	42	RESP=2
20995792	42	STIM=t
21004211	42	RESP=1
21011934	42	STIM=k
21015684	42	RESP=1
21027939	42	STIM=1
21032447	42	RESP=2
21044428	42	STIM=f
21049608	42	RESP=1
21060637	42	STIM=c
21070618	42	RESP=2
21075751	42	STIM=c
21083375	42	RESP=1
21091862	42	STIM=4
21096848	42	RESP=2
21109285	42	STIM=3
21118403	42	RESP=2
21125953	42	STIM=l
21134161	42	RESP=2
21143894	42	STIM=k
21148403	42	RESP=2
21159623	42	STIM=m
21163309	42	RESP=1
21175652	42	STIM=y
21182551	42	RESP=1
21193316	42	STIM=v
21198193	42	RESP=1
21210891	42	STIM=x
21220161	42	RESP=1
21227023	42	STIM=q
21231176	42	RESP=2
21245237	42	STIM=y
21250218	42	RESP=1
21261860	42	STIM=q
21268742	42	RESP=1
21279362	42	STIM=o
21285184	42	RESP=1
21297287	42	STIM=3
21304799	42	RESP=2
21312829	42	STIM=t
21323697	42	RESP=1
21328783	42	STIM=4
21332683	42	RESP=2
21346138	42	STIM=b
21350469	42	RESP=2
21362766	42	STIM=c
21368580	42	RESP=1
21378759	42	STIM=k
21383472	42	RESP=1
21397611	42	STIM=e
21404096	42	RESP=1
21414359	42	STIM=5
21419461	42	RESP=2
21430165	42	STIM=i
21432890	42	RESP=1
21446399	42	STIM=x
21451938	42	RESP=2
21462434	42	STIM=h
21466098	42	RESP=1
21480015	42	STIM=e
21484919	42	RESP=1
21496528	42	STIM=h
21503011	42	RESP=1
21514901	42	STIM=z
21519264	42	RESP=1
21532634	42	STIM=r
21538562	42	RESP=1
21549357	42	STIM=p
21554555	42	RESP=1
21565423	42	STIM=f
21570978	42	RESP=1
21582555	42	STIM=d
21587955	42	RESP=1
21599909	42	STIM=l
21604720	42	RESP=1
21617281	42	STIM=6
21622999	42	RESP=2
21635926	42	STIM=i
21641641	42	RESP=1
21653755	42	STIM=x
21662650	42	RESP=1
21670257	42	STIM=6
21676249	42	RESP=2
21687638	42	STIM=g
21693693	42	RESP=1
21704137	42	STIM=w
21710999	42	RESP=1
