# Original filename: 0030_SNP_2017-08-16.log
# Time unit: 100 us
# RARECAT=digit
#
# Time	HHGG	Event
27892	42	STIM=a
34440	42	RESP=1
45727	42	STIM=d
53247	42	RESP=1
63077	42	STIM=0
69766	42	RESP=2
80531	42	STIM=a
85330	42	RESP=1
97349	42	STIM=0
101699	42	RESP=2
114765	42	STIM=y
123298	42	RESP=1
130220	42	STIM=n
135977	42	RESP=1
145307	42	STIM=n
149506	42	RESP=1
162729	42	STIM=7
168172	42	RESP=2
178271	42	STIM=v
182933	42	RESP=1
194812	42	STIM=u
198589	42	RESP=1
211841	42	STIM=7
215525	42	RESP=2
227203	42	STIM=q
230646	42	RESP=1
243756	42	STIM=g
251488	42	RESP=1
261849	42	STIM=m
267985	42	RESP=1
279371	42	STIM=t
284001	42	RESP=1
294654	42	STIM=k
299036	42	RESP=1
309896	42	STIM=c
317235	42	RESP=1
327207	42	STIM=d
332028	42	RESP=1
345235	42	STIM=6
349730	42	RESP=2
361180	42	STIM=h
363941	42	RESP=1
376266	42	STIM=s
381183	42	RESP=1
391750	42	STIM=f
395163	42	RESP=1
407347	42	STIM=b
411938	42	RESP=1
424905	42	STIM=u
428039	42	RESP=1
443439	42	STIM=h
448212	42	RESP=1
458984	42	STIM=h
462919	42	RESP=1
474946	42	STIM=7
479570	42	RESP=2
490009	42	STIM=g
496914	42	RESP=1
506402	42	STIM=v
510471	42	RESP=1
524801	42	STIM=p
529369	42	RESP=1
542516	42	STIM=g
548202	42	RESP=1
558626	42	STIM=m
563023	42	RESP=2
576493	42	STIM=s
580098	42	RESP=1
595208	42	STIM=d
599303	42	RESP=1
613749	42	STIM=c
622975	42	RESP=1
628960	42	STIM=5
635429	42	RESP=1
646254	42	STIM=p
651272	42	RESP=1
661801	42	STIM=w
667099	42	RESP=1
680414	42	STIM=y
691533	42	RESP=1
696194	42	STIM=f
702541	42	RESP=1
712451	42	STIM=5
716988	42	RESP=2
730700	42	STIM=x
733869	42	RESP=1
746970	42	STIM=n
751902	42	RESP=1
765734	42	STIM=c
770916	42	RESP=1
783960	42	STIM=w
787679	42	RESP=2
800994	42	STIM=z
807527	42	RESP=1
819685	42	STIM=6
823972	42	RESP=2
834694	42	STIM=s
837745	42	RESP=1
852186	42	STIM=j
855664	42	RESP=1
871097	42	STIM=l
875494	42	RESP=1
886585	42	STIM=h
892971	42	RESP=1
904504	42	STIM=c
912000	42	RESP=1
921934	42	STIM=7
929534	42	RESP=1
937739	42	STIM=d
942155	42	RESP=1
953956	42	STIM=t
958776	42	RESP=1
970351	42	STIM=n
973145	42	RESP=2
988038	42	STIM=x
991818	42	RESP=1
1003616	42	STIM=s
1008804	42	RESP=1
1021413	42	STIM=a
1025003	42	RESP=1
1037313	42	STIM=l
1040055	42	RESP=2
1056006	42	STIM=r
1060728	42	RESP=1
1071350	42	STIM=8
1081512	42	RESP=2
1086980	42	STIM=q
1091180	42	RESP=1
1102920	42	STIM=z
1108970	42	RESP=1
1117973	42	STIM=b
1122867	42	RESP=1
1136864	42	STIM=5
1143675	42	RESP=2
1154575	42	STIM=j
1158781	42	RESP=1
1172495	42	STIM=s
1178271	42	RESP=1
1189928	42	STIM=z
1192992	42	RESP=1
1205791	42	STIM=e
1210423	42	RESP=1
1221730	42	STIM=i
1225166	42	RESP=2
1237833	42	STIM=u
1241808	42	RESP=1
1255944	42	STIM=t
1259461	42	RESP=1
1271897	42	STIM=h
1275878	42	RESP=1
1288985	42	STIM=w
1293736	42	RESP=1
1306761	42	STIM=h
1309749	42	RESP=1
1324517	42	STIM=z
1328338	42	RESP=1
1339696	42	STIM=g
1347131	42	RESP=1
1357082	42	STIM=n
1363810	42	RESP=1
1374557	42	STIM=a
1378879	42	RESP=1
1393155	42	STIM=7
1396599	42	RESP=2
1411625	42	STIM=x
1415064	42	RESP=1
1430349	42	STIM=o
1436409	42	RESP=1
1446101	42	STIM=1
1450374	42	RESP=2
1463153	42	STIM=2
1469339	42	RESP=2
1481142	42	STIM=i
1489538	42	RESP=1
1498551	42	STIM=p
1503383	42	RESP=1
1513603	42	STIM=u
1516776	42	RESP=1
1531567	42	STIM=e
1538188	42	RESP=1
1548360	42	STIM=n
1551508	42	RESP=1
1567322	42	STIM=d
1575793	42	RESP=1
1585449	42	STIM=1
1589793	42	RESP=2
1603078	42	STIM=x
1606714	42	RESP=2
1620003	42	STIM=o
1628206	42	RESP=1
1637155	42	STIM=k
1640662	42	RESP=1
1655602	42	STIM=s
1658872	42	RESP=1
1673467	42	STIM=x
1677071	42	RESP=1
1689950	42	STIM=z
1697231	42	RESP=1
1705880	42	STIM=q
1709928	42	RESP=1
1724107	42	STIM=6
1730754	42	RESP=1
1742547	42	STIM=w
1748333	42	RESP=1
1761181	42	STIM=7
1766837	42	RESP=2
1777334	42	STIM=s
1780337	42	RESP=1
1795379	42	STIM=y
1802701	42	RESP=1
1811179	42	STIM=t
1816110	42	RESP=1
1828638	42	STIM=1
1833090	42	RESP=2
1847219	42	STIM=h
1850428	42	RESP=1
1863908	42	STIM=p
1869081	42	RESP=1
1880328	42	STIM=r
1884121	42	RESP=1
1899228	42	STIM=7
1904685	42	RESP=2
1918176	42	STIM=x
1923593	42	RESP=1
1935821	42	STIM=p
1943684	42	RESP=2
1953889	42	STIM=f
1958165	42	RESP=1
1972847	42	STIM=w
1979529	42	RESP=1
1991132	42	STIM=x
1996825	42	RESP=1
2008550	42	STIM=6
2020921	42	RESP=2
2023890	42	STIM=l
2031536	42	RESP=1
2042735	42	STIM=8
2048095	42	RESP=2
2059907	42	STIM=u
2063723	42	RESP=1
2075738	42	STIM=v
2081756	42	RESP=1
2094048	42	STIM=j
2097188	42	RESP=1
2109878	42	STIM=f
2112975	42	RESP=2
2127343	42	STIM=2
2131691	42	RESP=1
2144091	42	STIM=u
2147734	42	RESP=1
2161026	42	STIM=l
2163828	42	RESP=1
2176290	42	STIM=q
2181034	42	RESP=1
2191514	42	STIM=w
2195934	42	RESP=1
2206732	42	STIM=s
2210072	42	RESP=1
2222818	42	STIM=1
2230144	42	RESP=2
2239305	42	STIM=7
2244790	42	RESP=2
2254624	42	STIM=n
2261444	42	RESP=1
2272808	42	STIM=k
2276655	42	RESP=1
2288102	42	STIM=z
2290899	42	RESP=2
2304139	42	STIM=m
2308659	42	RESP=1
2323037	42	STIM=2
2330464	42	RESP=2
2339713	42	STIM=l
2342670	42	RESP=1
2358250	42	STIM=y
2364703	42	RESP=1
2373380	42	STIM=0
2378120	42	RESP=2
2392345	42	STIM=9
2398142	42	RESP=1
2408107	42	STIM=r
2413053	42	RESP=1
2426801	42	STIM=w
2429710	42	RESP=1
2442022	42	STIM=q
2445300	42	RESP=1
2457068	42	STIM=p
2463353	42	RESP=1
2472271	42	STIM=c
2476012	42	RESP=1
2488542	42	STIM=n
2491298	42	RESP=1
2504602	42	STIM=j
2508914	42	RESP=1
2520633	42	STIM=e
2535859	42	RESP=1
2535959	42	STIM=i
2542983	42	RESP=1
2554413	42	STIM=b
2558301	42	RESP=1
2570697	42	STIM=4
2575771	42	RESP=2
2587820	42	STIM=4
2592486	42	RESP=2
2603756	42	STIM=h
2606344	42	RESP=1
2621463	42	STIM=r
2630868	42	RESP=1
2639189	42	STIM=o
2646444	42	RESP=1
2656942	42	STIM=c
2660116	42	RESP=1
2671993	42	STIM=p
2676509	42	RESP=1
2689373	42	STIM=1
2696322	42	RESP=2
2707218	42	STIM=l
2711559	42	RESP=1
2722718	42	STIM=l
2730381	42	RESP=1
2739190	42	STIM=v
2741972	42	RESP=1
2757175	42	STIM=4
2763955	42	RESP=2
2775646	42	STIM=l
2780840	42	RESP=1
2793138	42	STIM=b
2803681	42	RESP=1
2809029	42	STIM=e
2812519	42	RESP=1
2824055	42	STIM=m
2829526	42	RESP=1
2842377	42	STIM=0
2847574	42	RESP=2
2857409	42	STIM=w
2862893	42	RESP=1
2874144	42	STIM=p
2882305	42	RESP=1
2889943	42	STIM=y
2892426	42	RESP=1
2908658	42	STIM=l
2911142	42	RESP=1
2926879	42	STIM=j
2929415	42	RESP=1
2942452	42	STIM=i
2948592	42	RESP=1
2961132	42	STIM=t
2964947	42	RESP=1
2978759	42	STIM=k
2983049	42	RESP=1
2996248	42	STIM=r
3000392	42	RESP=1
3011669	42	STIM=8
3016581	42	RESP=2
3028336	42	STIM=c
3031989	42	RESP=1
3045558	42	STIM=v
3049581	42	RESP=1
3060879	42	STIM=s
3068818	42	RESP=1
3079745	42	STIM=r
3084349	42	RESP=1
3097226	42	STIM=b
3101472	42	RESP=1
3116189	42	STIM=3
3121815	42	RESP=2
3131770	42	STIM=v
3135342	42	RESP=1
3148058	42	STIM=0
3154226	42	RESP=2
3164990	42	STIM=b
3167878	42	RESP=1
3181096	42	STIM=e
3185277	42	RESP=1
3199825	42	STIM=m
3209430	42	RESP=1
3216834	42	STIM=k
3223398	42	RESP=1
3234978	42	STIM=v
3241215	42	RESP=1
3251185	42	STIM=0
3255560	42	RESP=2
3266757	42	STIM=f
3274320	42	RESP=1
3282956	42	STIM=u
3287522	42	RESP=1
3300645	42	STIM=x
3305061	42	RESP=1
3319605	42	STIM=v
3324792	42	RESP=1
3336867	42	STIM=z
3340109	42	RESP=1
3355588	42	STIM=j
3360216	42	RESP=1
3371932	42	STIM=9
3377187	42	RESP=2
3387642	42	STIM=9
3391814	42	RESP=2
3406105	42	STIM=w
3412332	42	RESP=1
3424306	42	STIM=1
3430895	42	RESP=2
3442773	42	STIM=5
3449256	42	RESP=2
3461416	42	STIM=7
3465579	42	RESP=2
3477841	42	STIM=g
3483331	42	RESP=1
3495330	42	STIM=i
3503811	42	RESP=1
3513112	42	STIM=k
3517700	42	RESP=1
3530016	42	STIM=h
3534534	42	RESP=1
3548730	42	STIM=o
3552361	42	RESP=1
3564529	42	STIM=m
3568815	42	RESP=1
3582908	42	STIM=i
3589368	42	RESP=1
3601262	42	STIM=6
3610416	42	RESP=2
3618609	42	STIM=t
3623414	42	RESP=1
3634297	42	STIM=t
3638123	42	RESP=1
3649937	42	STIM=y
3655393	42	RESP=1
3667392	42	STIM=y
3671731	42	RESP=1
3685567	42	STIM=e
3693348	42	RESP=1
3702866	42	STIM=h
3708897	42	RESP=1
3721322	42	STIM=v
3727552	42	RESP=1
3739346	42	STIM=h
3742965	42	RESP=1
3754982	42	STIM=q
3758529	42	RESP=1
3772636	42	STIM=r
3780143	42	RESP=1
3790494	42	STIM=4
3794941	42	RESP=2
3808606	42	STIM=6
3814323	42	RESP=2
3825652	42	STIM=d
3830059	42	RESP=1
3842136	42	STIM=n
3846568	42	RESP=1
3857952	42	STIM=3
3861142	42	RESP=2
3873842	42	STIM=w
3876958	42	RESP=1
3889030	42	STIM=s
3892006	42	RESP=1
3904484	42	STIM=p
3910659	42	RESP=1
3920016	42	STIM=3
3924343	42	RESP=2
3935750	42	STIM=8
3939293	42	RESP=2
3952127	42	STIM=w
3957291	42	RESP=1
3970875	42	STIM=x
3975464	42	RESP=1
3988256	42	STIM=8
3994011	42	RESP=2
4003585	42	STIM=c
4009408	42	RESP=1
4019727	42	STIM=n
4022927	42	RESP=1
4038164	42	STIM=n
4042353	42	RESP=1
4055993	42	STIM=b
4059111	42	RESP=1
4071424	42	STIM=7
4078960	42	RESP=2
4086773	42	STIM=w
4093239	42	RESP=1
4103045	42	STIM=5
4108605	42	RESP=2
4119149	42	STIM=9
4122846	42	RESP=1
4136491	42	STIM=f
4141144	42	RESP=1
4152571	42	STIM=3
4160786	42	RESP=2
4167871	42	STIM=l
4172702	42	RESP=1
4185728	42	STIM=4
4193364	42	RESP=2
4203740	42	STIM=s
4207144	42	RESP=1
4222465	42	STIM=v
4227352	42	RESP=1
4237591	42	STIM=d
4245191	42	RESP=1
4254513	42	STIM=j
4258532	42	RESP=1
4271004	42	STIM=s
4274564	42	RESP=1
4286093	42	STIM=k
4290595	42	RESP=1
4301602	42	STIM=g
4305747	42	RESP=1
4318425	42	STIM=f
4324682	42	RESP=2
4334901	42	STIM=n
4341229	42	RESP=1
4352583	42	STIM=a
4356931	42	RESP=1
4368830	42	STIM=f
4372508	42	RESP=1
4387438	42	STIM=7
4394117	42	RESP=2
4405896	42	STIM=7
4413085	42	RESP=2
4422215	42	STIM=o
4426545	42	RESP=1
4437345	42	STIM=2
4442121	42	RESP=2
4454804	42	STIM=j
4459375	42	RESP=1
4473148	42	STIM=y
4476564	42	RESP=1
4491011	42	STIM=v
4496071	42	RESP=1
4506465	42	STIM=c
4512020	42	RESP=1
4522908	42	STIM=5
4528566	42	RESP=1
4540748	42	STIM=i
4548433	42	RESP=1
4556453	42	STIM=y
4560513	42	RESP=1
4574639	42	STIM=9
4580887	42	RESP=2
4591370	42	STIM=x
4595964	42	RESP=1
4608122	42	STIM=w
4612184	42	RESP=1
4624569	42	STIM=6
4631089	42	RESP=2
4640909	42	STIM=l
4643876	42	RESP=1
4659651	42	STIM=y
4664217	42	RESP=1
4675532	42	STIM=k
4678890	42	RESP=1
4691265	42	STIM=m
4695317	42	RESP=1
4709276	42	STIM=v
4712912	42	RESP=1
4726047	42	STIM=a
4731271	42	RESP=1
4743004	42	STIM=s
4746172	42	RESP=1
4760979	42	STIM=w
4766908	42	RESP=1
4778447	42	STIM=g
4782229	42	RESP=1
4795225	42	STIM=m
4800657	42	RESP=1
4812900	42	STIM=8
4816635	42	RESP=1
4831633	42	STIM=e
4835653	42	RESP=1
4849952	42	STIM=h
4854502	42	RESP=1
4866177	42	STIM=o
4870157	42	RESP=1
4884069	42	STIM=6
4888419	42	RESP=2
4900362	42	STIM=b
4906183	42	RESP=1
4917478	42	STIM=c
4921275	42	RESP=1
4935370	42	STIM=z
4940849	42	RESP=1
4951952	42	STIM=t
4955398	42	RESP=1
4968388	42	STIM=o
4971747	42	RESP=1
4986614	42	STIM=e
4993863	42	RESP=1
5005377	42	STIM=o
5009887	42	RESP=1
5022399	42	STIM=b
5028556	42	RESP=1
5039355	42	STIM=c
5042226	42	RESP=1
5054791	42	STIM=c
5062449	42	RESP=1
5073771	42	STIM=l
5081805	42	RESP=1
5092560	42	STIM=c
5098359	42	RESP=1
5109996	42	STIM=u
5112847	42	RESP=1
5127390	42	STIM=k
5130956	42	RESP=1
5142457	42	STIM=y
5147163	42	RESP=1
5159196	42	STIM=t
5162273	42	RESP=1
5175974	42	STIM=q
5180874	42	RESP=1
5192524	42	STIM=h
5196704	42	RESP=1
5210760	42	STIM=i
5215652	42	RESP=2
5228197	42	STIM=l
5233696	42	RESP=1
5244210	42	STIM=3
5250102	42	RESP=2
5261939	42	STIM=f
5266963	42	RESP=1
5278241	42	STIM=u
5284982	42	RESP=1
5295574	42	STIM=g
5303470	42	RESP=1
5310841	42	STIM=g
5314135	42	RESP=1
5328590	42	STIM=r
5332227	42	RESP=1
5347240	42	STIM=w
5353265	42	RESP=1
5362858	42	STIM=y
5368825	42	RESP=1
5378653	42	STIM=0
5383768	42	RESP=2
5396317	42	STIM=r
5409034	42	RESP=1
5415023	42	STIM=9
5420766	42	RESP=2
5433168	42	STIM=0
5436233	42	RESP=2
5449975	42	STIM=h
5454471	42	RESP=1
5467651	42	STIM=x
5475181	42	RESP=1
5486393	42	STIM=m
5492704	42	RESP=1
5503995	42	STIM=p
5509272	42	RESP=1
5522060	42	STIM=l
5526391	42	RESP=1
5539528	42	STIM=e
5545144	42	RESP=1
5557431	42	STIM=a
5561770	42	RESP=1
5574925	42	STIM=x
5579610	42	RESP=1
5591772	42	STIM=g
5595053	42	RESP=1
5607350	42	STIM=s
5611022	42	RESP=1
5623694	42	STIM=5
5628895	42	RESP=2
5640389	42	STIM=i
5645834	42	RESP=1
5657207	42	STIM=p
5665278	42	RESP=1
5673318	42	STIM=p
5677470	42	RESP=1
5690898	42	STIM=r
5693990	42	RESP=1
5709511	42	STIM=s
5716290	42	RESP=1
5725616	42	STIM=s
5733596	42	RESP=1
5740992	42	STIM=2
5746771	42	RESP=1
5757200	42	STIM=e
5765663	42	RESP=1
5776073	42	STIM=1
5780622	42	RESP=2
5794336	42	STIM=g
5803863	42	RESP=1
5811146	42	STIM=y
5816228	42	RESP=1
5828319	42	STIM=r
5832000	42	RESP=1
5845484	42	STIM=a
5850625	42	RESP=1
5861125	42	STIM=v
5865593	42	RESP=1
5876944	42	STIM=z
5884769	42	RESP=1
5892563	42	STIM=o
5897669	42	RESP=1
5907873	42	STIM=b
5912553	42	RESP=1
5926316	42	STIM=r
5931759	42	RESP=1
5944073	42	STIM=k
5948271	42	RESP=1
5961471	42	STIM=n
5965941	42	RESP=1
5977268	42	STIM=i
5984800	42	RESP=1
5995372	42	STIM=c
6000186	42	RESP=1
6012662	42	STIM=h
6018112	42	RESP=1
6028248	42	STIM=p
6030857	42	RESP=1
6045148	42	STIM=r
6050544	42	RESP=1
6063613	42	STIM=n
6071459	42	RESP=1
6078750	42	STIM=3
6082876	42	RESP=2
6094766	42	STIM=g
6100688	42	RESP=1
6113454	42	STIM=j
6119696	42	RESP=1
6131643	42	STIM=l
6137563	42	RESP=2
6146721	42	STIM=z
6155443	42	RESP=1
6164328	42	STIM=z
6167648	42	RESP=1
6183056	42	STIM=l
6187069	42	RESP=1
6200749	42	STIM=c
6206346	42	RESP=1
6217255	42	STIM=s
6220732	42	RESP=1
6233245	42	STIM=3
6236349	42	RESP=2
6250532	42	STIM=r
6253789	42	RESP=1
6266663	42	STIM=9
6272090	42	RESP=2
6282802	42	STIM=c
6288001	42	RESP=1
6298113	42	STIM=o
6300978	42	RESP=1
6313424	42	STIM=i
6316823	42	RESP=1
6328966	42	STIM=0
6338998	42	RESP=2
6345372	42	STIM=a
6348372	42	RESP=1
6364347	42	STIM=n
6368154	42	RESP=1
6379454	42	STIM=w
6384610	42	RESP=1
6394787	42	STIM=c
6399174	42	RESP=1
6411213	42	STIM=k
6416373	42	RESP=1
6429059	42	STIM=g
6434045	42	RESP=1
6444851	42	STIM=v
6451114	42	RESP=1
6462485	42	STIM=u
6470354	42	RESP=1
6478032	42	STIM=g
6484031	42	RESP=1
6495858	42	STIM=2
6502470	42	RESP=2
6512736	42	STIM=u
6518908	42	RESP=1
6530992	42	STIM=z
6534215	42	RESP=1
6547827	42	STIM=q
6553992	42	RESP=1
6562935	42	STIM=6
6568880	42	RESP=1
6581903	42	STIM=f
6585255	42	RESP=2
6600332	42	STIM=l
6603296	42	RESP=1
6618277	42	STIM=w
6621362	42	RESP=1
6635092	42	STIM=p
6641003	42	RESP=1
6650715	42	STIM=2
6657846	42	RESP=2
6669584	42	STIM=8
6673940	42	RESP=2
6685111	42	STIM=l
6688034	42	RESP=1
6703844	42	STIM=m
6709588	42	RESP=2
6719138	42	STIM=c
6723247	42	RESP=1
6735668	42	STIM=j
6742510	42	RESP=2
6753985	42	STIM=s
6757619	42	RESP=1
6770941	42	STIM=c
6778692	42	RESP=1
6786074	42	STIM=a
6789843	42	RESP=1
6801217	42	STIM=m
6807166	42	RESP=1
6817274	42	STIM=t
6821944	42	RESP=1
6834905	42	STIM=8
6839505	42	RESP=2
6851085	42	STIM=b
6855201	42	RESP=1
6869877	42	STIM=f
6873890	42	RESP=1
6884986	42	STIM=d
6889734	42	RESP=1
6900538	42	STIM=p
6904070	42	RESP=1
6918520	42	STIM=g
6928943	42	RESP=1
6936449	42	STIM=6
6944264	42	RESP=2
6955146	42	STIM=h
6961886	42	RESP=1
6970504	42	STIM=i
6977623	42	RESP=1
6985603	42	STIM=p
6991528	42	RESP=1
7001418	42	STIM=h
7005340	42	RESP=1
7017100	42	STIM=k
7020401	42	RESP=1
7033975	42	STIM=w
7037897	42	RESP=1
7049343	42	STIM=p
7053986	42	RESP=1
7064802	42	STIM=w
7069015	42	RESP=1
7080233	42	STIM=2
7084096	42	RESP=2
7095320	42	STIM=a
7101413	42	RESP=1
7113400	42	STIM=5
7117268	42	RESP=2
7130958	42	STIM=y
7135727	42	RESP=2
7148595	42	STIM=o
7151664	42	RESP=1
7165173	42	STIM=l
7171202	42	RESP=1
7183644	42	STIM=q
7188130	42	RESP=1
7201841	42	STIM=8
7207401	42	RESP=2
7219367	42	STIM=e
7224364	42	RESP=1
7237955	42	STIM=w
7247221	42	RESP=1
7255521	42	STIM=5
7261885	42	RESP=1
7271545	42	STIM=n
7275381	42	RESP=1
7288612	42	STIM=x
7293913	42	RESP=1
7305267	42	STIM=a
7307726	42	RESP=1
7324094	42	STIM=a
7330538	42	RESP=1
7340561	42	STIM=k
7348475	42	RESP=1
7356236	42	STIM=5
7360609	42	RESP=2
7372275	42	STIM=8
7378560	42	RESP=2
7388399	42	STIM=z
7393700	42	RESP=1
7405326	42	STIM=1
7411037	42	RESP=2
7423978	42	STIM=d
7427665	42	RESP=1
7442142	42	STIM=r
7445341	42	RESP=1
7458320	42	STIM=2
7463881	42	RESP=2
7474293	42	STIM=2
7479169	42	RESP=1
7492631	42	STIM=o
7496570	42	RESP=1
7507945	42	STIM=0
7513618	42	RESP=2
7525406	42	STIM=s
7529469	42	RESP=1
7543907	42	STIM=3
7550965	42	RESP=2
7559865	42	STIM=a
7564882	42	RESP=1
7578746	42	STIM=4
7583615	42	RESP=2
7596138	42	STIM=6
7600373	42	RESP=1
7612927	42	STIM=w
7618887	42	RESP=1
7630791	42	STIM=6
7635311	42	RESP=1
7649373	42	STIM=p
7656838	42	RESP=1
7667280	42	STIM=l
7672405	42	RESP=1
7684477	42	STIM=s
7690663	42	RESP=1
7700246	42	STIM=z
7704028	42	RESP=1
7715738	42	STIM=w
7719973	42	RESP=1
7733382	42	STIM=q
7738208	42	RESP=1
7750234	42	STIM=o
7753265	42	RESP=1
7767113	42	STIM=b
7771113	42	RESP=1
7785587	42	STIM=x
7790498	42	RESP=1
7800731	42	STIM=m
7804749	42	RESP=1
7817761	42	STIM=p
7822346	42	RESP=1
7834182	42	STIM=y
7837787	42	RESP=1
7850204	42	STIM=n
7854116	42	RESP=1
7867211	42	STIM=n
7872731	42	RESP=1
7883673	42	STIM=w
7887678	42	RESP=1
7902289	42	STIM=7
7911738	42	RESP=2
7918634	42	STIM=d
7922781	42	RESP=1
7936377	42	STIM=i
7940851	42	RESP=2
7954862	42	STIM=c
7959850	42	RESP=1
7971183	42	STIM=p
7978632	42	RESP=1
7987318	42	STIM=n
7990115	42	RESP=1
8003628	42	STIM=y
8008546	42	RESP=1
8021198	42	STIM=c
8027638	42	RESP=1
8038141	42	STIM=j
8043655	42	RESP=1
8053217	42	STIM=j
8057509	42	RESP=1
8070736	42	STIM=k
8073630	42	RESP=1
8087881	42	STIM=t
8093822	42	RESP=1
8104902	42	STIM=7
8113030	42	RESP=2
8121617	42	STIM=g
8125921	42	RESP=1
8137356	42	STIM=5
8141551	42	RESP=2
8154186	42	STIM=i
8156965	42	RESP=1
8171411	42	STIM=w
8178019	42	RESP=1
8188558	42	STIM=i
8196479	42	RESP=1
8204946	42	STIM=y
8212450	42	RESP=1
8221013	42	STIM=4
8227011	42	RESP=2
8238598	42	STIM=6
8243678	42	RESP=2
8256648	42	STIM=o
8260616	42	RESP=1
8273369	42	STIM=n
8277237	42	RESP=1
8289716	42	STIM=7
8298379	42	RESP=2
8305825	42	STIM=h
8308989	42	RESP=1
8324771	42	STIM=0
8328771	42	RESP=2
8342609	42	STIM=l
8347888	42	RESP=1
8360573	42	STIM=g
8366885	42	RESP=1
8378021	42	STIM=t
8381638	42	RESP=1
8396677	42	STIM=g
8400427	42	RESP=1
8414958	42	STIM=u
8418734	42	RESP=1
8430555	42	STIM=r
8435783	42	RESP=1
8447901	42	STIM=s
8453288	42	RESP=1
8463705	42	STIM=p
8467593	42	RESP=1
8479956	42	STIM=t
8485354	42	RESP=1
8496859	42	STIM=6
8501017	42	RESP=1
8513354	42	STIM=w
8521377	42	RESP=1
8529183	42	STIM=t
8534309	42	RESP=1
8546314	42	STIM=t
8550263	42	RESP=1
8565078	42	STIM=z
8567987	42	RESP=1
8581711	42	STIM=7
8587242	42	RESP=2
8598413	42	STIM=m
8602981	42	RESP=1
8616579	42	STIM=9
8620225	42	RESP=2
8633705	42	STIM=r
8639037	42	RESP=1
8652586	42	STIM=m
8657595	42	RESP=1
8669081	42	STIM=4
8674850	42	RESP=2
8684917	42	STIM=p
8687572	42	RESP=1
8703155	42	STIM=s
8709820	42	RESP=1
8720526	42	STIM=c
8727456	42	RESP=1
8736534	42	STIM=k
8740218	42	RESP=1
8752556	42	STIM=e
8759781	42	RESP=1
8768695	42	STIM=p
8773886	42	RESP=1
8785204	42	STIM=q
8789669	42	RESP=1
8802285	42	STIM=8
8806943	42	RESP=2
8819920	42	STIM=g
8830567	42	RESP=1
8836697	42	STIM=c
8840234	42	RESP=1
8852469	42	STIM=l
8855957	42	RESP=1
8869010	42	STIM=r
8871486	42	RESP=1
8885839	42	STIM=5
8890372	42	RESP=2
8904665	42	STIM=i
8908679	42	RESP=1
8921727	42	STIM=w
8927180	42	RESP=1
8938428	42	STIM=z
8941762	42	RESP=1
8955026	42	STIM=8
8959345	42	RESP=2
8973695	42	STIM=j
8976932	42	RESP=1
8991655	42	STIM=s
8995306	42	RESP=1
9009798	42	STIM=n
9016180	42	RESP=1
9026941	42	STIM=e
9032003	42	RESP=1
9045659	42	STIM=a
9050365	42	RESP=1
9063452	42	STIM=a
9066493	42	RESP=1
9078913	42	STIM=h
9084197	42	RESP=1
9096679	42	STIM=7
9102480	42	RESP=2
9111737	42	STIM=k
9115887	42	RESP=1
9127025	42	STIM=y
9133885	42	RESP=1
9144335	42	STIM=k
9147972	42	RESP=1
9160821	42	STIM=s
9164473	42	RESP=1
9178686	42	STIM=s
9185120	42	RESP=1
9195345	42	STIM=q
9199026	42	RESP=1
9212995	42	STIM=b
9221157	42	RESP=1
9229459	42	STIM=w
9235179	42	RESP=1
9246472	42	STIM=q
9249787	42	RESP=1
9265346	42	STIM=3
9269013	42	RESP=2
9282398	42	STIM=e
9286141	42	RESP=1
9299667	42	STIM=k
9304433	42	RESP=1
9316244	42	STIM=c
9323227	42	RESP=1
9334503	42	STIM=x
9338582	42	RESP=1
9353272	42	STIM=n
9357377	42	RESP=1
9371519	42	STIM=s
9375873	42	RESP=1
9387542	42	STIM=1
9397884	42	RESP=2
9404491	42	STIM=e
9410345	42	RESP=1
9421777	42	STIM=9
9430139	42	RESP=2
9438715	42	STIM=2
9444349	42	RESP=2
9455661	42	STIM=0
9461330	42	RESP=1
9473639	42	STIM=v
9482464	42	RESP=1
9490637	42	STIM=7
9496537	42	RESP=2
9507425	42	STIM=m
9510597	42	RESP=1
9522911	42	STIM=b
9529334	42	RESP=2
9540224	42	STIM=l
9546023	42	RESP=1
9556714	42	STIM=k
9562533	42	RESP=1
9572661	42	STIM=e
9576673	42	RESP=1
9588385	42	STIM=i
9593007	42	RESP=1
9606796	42	STIM=c
9611108	42	RESP=1
9622630	42	STIM=n
9627355	42	RESP=1
9639340	42	STIM=y
9649594	42	RESP=1
9656470	42	STIM=c
9660333	42	RESP=1
9671773	42	STIM=i
9675655	42	RESP=1
9689734	42	STIM=g
9697220	42	RESP=1
9708157	42	STIM=2
9711804	42	RESP=2
9725385	42	STIM=n
9731180	42	RESP=1
9742255	42	STIM=b
9746838	42	RESP=1
9760326	42	STIM=1
9764947	42	RESP=2
9779143	42	STIM=v
9781932	42	RESP=2
9795222	42	STIM=z
9798778	42	RESP=1
9812901	42	STIM=o
9818039	42	RESP=1
9830711	42	STIM=3
9834961	42	RESP=2
9846020	42	STIM=4
9850492	42	RESP=1
9863826	42	STIM=k
9866624	42	RESP=1
9881041	42	STIM=c
9884346	42	RESP=1
9897360	42	STIM=0
9903942	42	RESP=2
9913384	42	STIM=7
9920616	42	RESP=2
9930251	42	STIM=g
9934138	42	RESP=1
9945883	42	STIM=r
9950179	42	RESP=1
9962971	42	STIM=9
9967963	42	RESP=2
9981916	42	STIM=v
9985503	42	RESP=1
9997868	42	STIM=i
10002264	42	RESP=1
10015183	42	STIM=p
10019848	42	RESP=1
10031900	42	STIM=g
10034665	42	RESP=1
10049018	42	STIM=z
10054242	42	RESP=1
10064906	42	STIM=t
10069401	42	RESP=1
10083567	42	STIM=x
10087048	42	RESP=1
10100399	42	STIM=z
10105329	42	RESP=1
10118685	42	STIM=q
10126702	42	RESP=1
10134561	42	STIM=r
10138315	42	RESP=1
10150157	42	STIM=i
10157489	42	RESP=1
10167111	42	STIM=6
10171905	42	RESP=2
10183378	42	STIM=l
10188726	42	RESP=1
10200017	42	STIM=6
10205552	42	RESP=2
10218536	42	STIM=a
10222384	42	RESP=1
10234157	42	STIM=h
10237139	42	RESP=1
10250603	42	STIM=h
10255522	42	RESP=1
10268943	42	STIM=4
10276424	42	RESP=2
10285586	42	STIM=h
10291250	42	RESP=1
10303847	42	STIM=j
10308319	42	RESP=2
10320415	42	STIM=t
10325027	42	RESP=1
10335425	42	STIM=f
10341831	42	RESP=1
10352720	42	STIM=r
10358507	42	RESP=1
10371412	42	STIM=j
10376049	42	RESP=1
10386848	42	STIM=a
10393401	42	RESP=1
10405574	42	STIM=v
10414326	42	RESP=1
10421130	42	STIM=l
10426462	42	RESP=1
10436828	42	STIM=y
10441322	42	RESP=1
10452609	42	STIM=9
10456870	42	RESP=2
10471394	42	STIM=u
10475408	42	RESP=1
10488208	42	STIM=p
10497137	42	RESP=1
10503441	42	STIM=f
10508484	42	RESP=1
10520975	42	STIM=n
10524084	42	RESP=1
10539375	42	STIM=z
10544665	42	RESP=1
10558151	42	STIM=h
10561819	42	RESP=1
10576702	42	STIM=5
10581395	42	RESP=1
10595003	42	STIM=s
10599702	42	RESP=2
10610260	42	STIM=n
10616649	42	RESP=1
10628555	42	STIM=p
10631952	42	RESP=1
10645356	42	STIM=1
10649371	42	RESP=2
10663988	42	STIM=d
10668677	42	RESP=1
10680207	42	STIM=q
10688146	42	RESP=1
10696096	42	STIM=0
10700733	42	RESP=2
10711513	42	STIM=i
10714406	42	RESP=1
10728270	42	STIM=p
10732746	42	RESP=1
10743635	42	STIM=d
10746175	42	RESP=1
10759082	42	STIM=8
10764266	42	RESP=2
10776685	42	STIM=w
10780464	42	RESP=1
10793905	42	STIM=2
10798453	42	RESP=1
10810095	42	STIM=w
10814734	42	RESP=1
10825789	42	STIM=6
10835311	42	RESP=1
10842729	42	STIM=s
10846550	42	RESP=1
10860825	42	STIM=s
10866882	42	RESP=1
10875832	42	STIM=l
10878981	42	RESP=1
10893414	42	STIM=a
10899745	42	RESP=1
10910239	42	STIM=v
10914639	42	RESP=1
10929154	42	STIM=r
10933369	42	RESP=1
10945049	42	STIM=w
10948343	42	RESP=1
10963724	42	STIM=k
10968550	42	RESP=1
10982012	42	STIM=n
10985747	42	RESP=1
10999504	42	STIM=i
11008336	42	RESP=1
11015091	42	STIM=d
11018624	42	RESP=1
11033192	42	STIM=j
11038230	42	RESP=1
11048817	42	STIM=o
11051378	42	RESP=2
11066941	42	STIM=u
11070403	42	RESP=1
11082360	42	STIM=6
11088253	42	RESP=2
11098738	42	STIM=c
11102266	42	RESP=1
11117040	42	STIM=k
11122422	42	RESP=1
11134092	42	STIM=f
11142986	42	RESP=1
11152492	42	STIM=o
11155979	42	RESP=1
11168737	42	STIM=g
11173657	42	RESP=1
11186290	42	STIM=u
11189841	42	RESP=1
11202183	42	STIM=t
11211410	42	RESP=1
11218621	42	STIM=c
11221878	42	RESP=1
11234488	42	STIM=x
11240762	42	RESP=1
11250130	42	STIM=h
11253003	42	RESP=1
11268588	42	STIM=k
11276083	42	RESP=1
11286605	42	STIM=0
11291058	42	RESP=2
11302943	42	STIM=r
11306345	42	RESP=1
11319590	42	STIM=z
11323136	42	RESP=1
11335972	42	STIM=v
11341963	42	RESP=1
11353673	42	STIM=y
11357437	42	RESP=1
11372503	42	STIM=3
11376781	42	RESP=2
11390347	42	STIM=f
11393995	42	RESP=1
11405918	42	STIM=r
11410966	42	RESP=1
11424530	42	STIM=d
11428435	42	RESP=1
11439694	42	STIM=2
11447255	42	RESP=2
11455360	42	STIM=5
11461934	42	RESP=2
11474026	42	STIM=6
11480739	42	RESP=2
11490967	42	STIM=y
11500759	42	RESP=1
11506967	42	STIM=b
11511781	42	RESP=1
11523594	42	STIM=t
11531853	42	RESP=1
11540806	42	STIM=s
11545625	42	RESP=1
11559519	42	STIM=j
11563955	42	RESP=1
11574953	42	STIM=4
11578567	42	RESP=2
11591078	42	STIM=b
11596019	42	RESP=1
11609917	42	STIM=p
11615397	42	RESP=1
11626825	42	STIM=y
11633612	42	RESP=1
11645644	42	STIM=m
11652351	42	RESP=1
11662538	42	STIM=e
11667287	42	RESP=2
11678262	42	STIM=8
11683943	42	RESP=2
11694174	42	STIM=y
11702297	42	RESP=1
11709283	42	STIM=1
11713436	42	RESP=2
11727515	42	STIM=s
11732799	42	RESP=1
11743680	42	STIM=5
11749168	42	RESP=2
11759529	42	STIM=c
11762658	42	RESP=1
11775319	42	STIM=c
11780541	42	RESP=1
11793167	42	STIM=e
11799367	42	RESP=1
11809754	42	STIM=f
11812968	42	RESP=1
11828149	42	STIM=b
11833280	42	RESP=1
11846929	42	STIM=l
11849582	42	RESP=1
11864000	42	STIM=x
11867906	42	RESP=1
11879510	42	STIM=n
11883664	42	RESP=1
11896291	42	STIM=0
11899509	42	RESP=2
11912532	42	STIM=q
11923433	42	RESP=1
11928132	42	STIM=b
11931347	42	RESP=1
11945345	42	STIM=d
11950789	42	RESP=1
11960819	42	STIM=t
11963997	42	RESP=1
11976745	42	STIM=n
11982737	42	RESP=1
11993749	42	STIM=m
11997387	42	RESP=1
12010507	42	STIM=5
12014500	42	RESP=2
12028447	42	STIM=d
12031656	42	RESP=1
12047331	42	STIM=v
12050096	42	RESP=1
12063258	42	STIM=t
12067620	42	RESP=1
12082216	42	STIM=l
12087472	42	RESP=2
12099084	42	STIM=j
12102982	42	RESP=1
12116717	42	STIM=j
12123348	42	RESP=1
12134721	42	STIM=7
12139520	42	RESP=2
12152235	42	STIM=o
12156628	42	RESP=1
12168062	42	STIM=9
12172568	42	RESP=2
12185541	42	STIM=y
12191772	42	RESP=2
12203745	42	STIM=t
12206450	42	RESP=1
12221212	42	STIM=3
12228211	42	RESP=2
12236594	42	STIM=v
12242683	42	RESP=1
12254900	42	STIM=p
12259030	42	RESP=1
12270103	42	STIM=f
12273999	42	RESP=1
12286545	42	STIM=w
12291561	42	RESP=1
12302939	42	STIM=j
12308531	42	RESP=1
12321925	42	STIM=e
12327219	42	RESP=2
12338613	42	STIM=4
12342162	42	RESP=2
12355186	42	STIM=a
12362826	42	RESP=1
12374067	42	STIM=9
12380823	42	RESP=2
12392320	42	STIM=v
12399209	42	RESP=1
12410689	42	STIM=a
12413319	42	RESP=1
12428248	42	STIM=q
12431061	42	RESP=1
12443483	42	STIM=t
12447412	42	RESP=1
12461056	42	STIM=v
12465280	42	RESP=1
12479110	42	STIM=w
12483981	42	RESP=1
12494727	42	STIM=a
12500099	42	RESP=1
12511496	42	STIM=h
12518393	42	RESP=1
12529201	42	STIM=x
12533813	42	RESP=1
12544744	42	STIM=d
12548779	42	RESP=2
12561225	42	STIM=y
12569575	42	RESP=1
12579725	42	STIM=e
12583093	42	RESP=1
12596923	42	STIM=q
12602065	42	RESP=1
12612200	42	STIM=b
12617040	42	RESP=1
12630304	42	STIM=3
12633769	42	RESP=2
12647855	42	STIM=6
12653567	42	RESP=2
12663136	42	STIM=z
12668095	42	RESP=1
12680538	42	STIM=f
12684945	42	RESP=1
12697805	42	STIM=e
12700398	42	RESP=1
12716448	42	STIM=h
12723979	42	RESP=1
12733700	42	STIM=r
12738051	42	RESP=1
12751461	42	STIM=t
12755269	42	RESP=1
12768356	42	STIM=b
12776169	42	RESP=1
12785671	42	STIM=b
12792365	42	RESP=1
12802735	42	STIM=t
12807089	42	RESP=1
12818270	42	STIM=a
12824404	42	RESP=1
12833743	42	STIM=t
12839273	42	RESP=1
12851052	42	STIM=k
12856347	42	RESP=1
12866647	42	STIM=d
12872611	42	RESP=1
12884287	42	STIM=q
12887710	42	RESP=1
12903219	42	STIM=f
12907904	42	RESP=1
12920557	42	STIM=u
12924033	42	RESP=1
12937670	42	STIM=5
12941244	42	RESP=2
12954618	42	STIM=t
12957557	42	RESP=1
12970386	42	STIM=h
12974666	42	RESP=1
12986406	42	STIM=v
12990777	42	RESP=1
13002970	42	STIM=t
13007144	42	RESP=1
13019897	42	STIM=g
13024699	42	RESP=1
13038347	42	STIM=3
13044516	42	RESP=2
13056453	42	STIM=m
13062102	42	RESP=1
13072824	42	STIM=3
13081355	42	RESP=2
13090461	42	STIM=c
13094984	42	RESP=1
13107016	42	STIM=d
13111912	42	RESP=1
13122187	42	STIM=g
13126064	42	RESP=1
13137466	42	STIM=h
13144019	42	RESP=1
13154883	42	STIM=q
13161025	42	RESP=1
13170283	42	STIM=0
13175503	42	RESP=2
13189211	42	STIM=2
13197242	42	RESP=2
13206097	42	STIM=c
13209995	42	RESP=1
13223308	42	STIM=k
13230125	42	RESP=1
13239476	42	STIM=e
13245468	42	RESP=1
13255249	42	STIM=t
13258496	42	RESP=1
13273314	42	STIM=x
13276351	42	RESP=2
13289779	42	STIM=1
13298732	42	RESP=2
13307527	42	STIM=w
13312794	42	RESP=1
13322988	42	STIM=q
13328935	42	RESP=1
13340524	42	STIM=5
13344144	42	RESP=2
13355760	42	STIM=l
13361335	42	RESP=1
13373669	42	STIM=r
13379665	42	RESP=1
13389848	42	STIM=9
13394723	42	RESP=2
13406190	42	STIM=u
13410180	42	RESP=1
13422727	42	STIM=h
13432664	42	RESP=1
13441657	42	STIM=g
13446394	42	RESP=1
13459621	42	STIM=t
13464642	42	RESP=2
13475429	42	STIM=i
13479966	42	RESP=1
13491926	42	STIM=h
13496624	42	RESP=1
13510124	42	STIM=h
13513592	42	RESP=1
13527924	42	STIM=z
13531464	42	RESP=1
13546160	42	STIM=b
13552553	42	RESP=1
13563900	42	STIM=q
13567835	42	RESP=1
13580606	42	STIM=s
13587795	42	RESP=1
13597198	42	STIM=k
13600499	42	RESP=1
13613993	42	STIM=t
13621180	42	RESP=1
13632334	42	STIM=o
13635344	42	RESP=1
13648219	42	STIM=p
13651844	42	RESP=1
13664918	42	STIM=a
13668273	42	RESP=1
13681875	42	STIM=m
13688760	42	RESP=1
13698409	42	STIM=c
13701987	42	RESP=1
13713604	42	STIM=q
13716876	42	RESP=1
13731029	42	STIM=e
13734292	42	RESP=1
13748212	42	STIM=w
13752010	42	RESP=1
13767037	42	STIM=p
13771261	42	RESP=1
13785512	42	STIM=i
13789611	42	RESP=1
13804286	42	STIM=g
13810384	42	RESP=1
13820477	42	STIM=g
13825129	42	RESP=1
13837742	42	STIM=c
13842672	42	RESP=1
13854030	42	STIM=l
13860234	42	RESP=1
13871068	42	STIM=j
13877856	42	RESP=1
13886806	42	STIM=f
13890771	42	RESP=1
13905087	42	STIM=i
13910974	42	RESP=1
13920596	42	STIM=y
13927748	42	RESP=1
13936218	42	STIM=h
13943331	42	RESP=1
13953045	42	STIM=q
13956726	42	RESP=1
13969477	42	STIM=r
13974013	42	RESP=1
13985214	42	STIM=z
13988114	42	RESP=1
14002902	42	STIM=9
14006687	42	RESP=2
14018201	42	STIM=j
14022593	42	RESP=1
14035570	42	STIM=z
14045005	42	RESP=1
14050940	42	STIM=q
14055990	42	RESP=1
14068397	42	STIM=k
14072193	42	RESP=1
14083420	42	STIM=j
14088741	42	RESP=1
14099897	42	STIM=x
14103163	42	RESP=1
14117735	42	STIM=6
14123206	42	RESP=2
14133257	42	STIM=n
14138149	42	RESP=1
14151646	42	STIM=p
14159344	42	RESP=1
14167892	42	STIM=f
14172123	42	RESP=1
14185247	42	STIM=e
14191670	42	RESP=1
14201759	42	STIM=p
14209248	42	RESP=1
14219169	42	STIM=y
14228507	42	RESP=1
14235737	42	STIM=o
14238600	42	RESP=1
14251768	42	STIM=b
14256290	42	RESP=1
14269686	42	STIM=o
14279049	42	RESP=1
14288034	42	STIM=x
14293484	42	RESP=1
14305239	42	STIM=9
14309446	42	RESP=2
14323656	42	STIM=g
14327103	42	RESP=1
14340305	42	STIM=a
14348484	42	RESP=1
14358667	42	STIM=o
14362412	42	RESP=1
14375840	42	STIM=x
14380251	42	RESP=1
14392340	42	STIM=n
14396909	42	RESP=1
14410938	42	STIM=n
14415709	42	RESP=1
14427303	42	STIM=v
14431730	42	RESP=1
14445035	42	STIM=k
14450602	42	RESP=1
14460921	42	STIM=j
14466038	42	RESP=1
14478831	42	STIM=4
14483496	42	RESP=2
14497392	42	STIM=k
14501662	42	RESP=1
14516003	42	STIM=c
14521919	42	RESP=1
14531158	42	STIM=f
14535889	42	RESP=1
14548440	42	STIM=l
14552427	42	RESP=1
14563871	42	STIM=x
14568186	42	RESP=1
14579341	42	STIM=0
14583925	42	RESP=2
14597186	42	STIM=i
14600549	42	RESP=1
14616020	42	STIM=f
14620359	42	RESP=2
14631607	42	STIM=p
14636188	42	RESP=1
14647205	42	STIM=w
14651353	42	RESP=1
14665663	42	STIM=e
14670386	42	RESP=1
14682940	42	STIM=4
14687469	42	RESP=2
14701486	42	STIM=d
14705087	42	RESP=1
14717392	42	STIM=a
14721637	42	RESP=1
14735115	42	STIM=5
14739469	42	RESP=2
14750375	42	STIM=p
14755087	42	RESP=1
14766911	42	STIM=o
14774767	42	RESP=1
14784757	42	STIM=6
14792009	42	RESP=2
14800502	42	STIM=y
14803479	42	RESP=1
14815692	42	STIM=1
14823689	42	RESP=2
14833123	42	STIM=f
14841887	42	RESP=1
14850546	42	STIM=n
14854706	42	RESP=1
14869488	42	STIM=l
14873638	42	RESP=1
14885627	42	STIM=t
14891716	42	RESP=1
14901875	42	STIM=b
14910273	42	RESP=1
14918378	42	STIM=b
14921723	42	RESP=1
14933579	42	STIM=h
14939437	42	RESP=2
14948647	42	STIM=c
14952293	42	RESP=1
14965103	42	STIM=g
14972449	42	RESP=1
14980419	42	STIM=9
14985546	42	RESP=2
14995861	42	STIM=6
15000555	42	RESP=2
15013067	42	STIM=m
15017117	42	RESP=1
15030732	42	STIM=v
15034146	42	RESP=1
15049146	42	STIM=t
15051877	42	RESP=1
15065467	42	STIM=p
15069879	42	RESP=1
15083530	42	STIM=e
15085971	42	RESP=1
15101109	42	STIM=i
15104404	42	RESP=1
15118941	42	STIM=c
15124098	42	RESP=1
15136126	42	STIM=p
15139653	42	RESP=1
15152947	42	STIM=e
15156473	42	RESP=1
15171645	42	STIM=o
15175554	42	RESP=1
15189406	42	STIM=s
15194426	42	RESP=1
15205849	42	STIM=j
15209398	42	RESP=1
15224311	42	STIM=r
15229263	42	RESP=1
15243013	42	STIM=k
15246936	42	RESP=1
15260846	42	STIM=e
15267637	42	RESP=1
15279760	42	STIM=e
15283230	42	RESP=1
15297090	42	STIM=n
15299780	42	RESP=1
15315429	42	STIM=p
15318884	42	RESP=1
15331851	42	STIM=i
15339613	42	RESP=1
15347523	42	STIM=c
15351143	42	RESP=1
15364717	42	STIM=j
15368861	42	RESP=1
15382778	42	STIM=x
15386407	42	RESP=1
15400867	42	STIM=2
15406666	42	RESP=2
15417101	42	STIM=w
15420573	42	RESP=1
15435514	42	STIM=x
15440120	42	RESP=1
15450564	42	STIM=p
15456945	42	RESP=2
15466662	42	STIM=4
15472654	42	RESP=2
15481804	42	STIM=m
15487902	42	RESP=1
15497433	42	STIM=z
15503496	42	RESP=2
15513310	42	STIM=z
15518697	42	RESP=1
15531662	42	STIM=d
15534948	42	RESP=1
15548697	42	STIM=2
15555079	42	RESP=2
15565550	42	STIM=k
15569122	42	RESP=1
15583713	42	STIM=z
15588305	42	RESP=1
15599239	42	STIM=s
15602981	42	RESP=1
15614840	42	STIM=c
15618065	42	RESP=1
15633559	42	STIM=v
15637737	42	RESP=1
15650971	42	STIM=y
15656307	42	RESP=1
15667040	42	STIM=l
15676732	42	RESP=1
15683820	42	STIM=m
15687010	42	RESP=1
15702039	42	STIM=d
15707779	42	RESP=1
15719741	42	STIM=e
15728344	42	RESP=1
15737041	42	STIM=v
15740774	42	RESP=1
15753277	42	STIM=2
15766441	42	RESP=2
15771042	42	STIM=k
15774755	42	RESP=1
15787425	42	STIM=g
15791040	42	RESP=1
15803553	42	STIM=y
15806856	42	RESP=1
15819481	42	STIM=o
15825811	42	RESP=1
15837665	42	STIM=u
15841279	42	RESP=1
15853860	42	STIM=1
15859386	42	RESP=2
15872623	42	STIM=1
15877921	42	RESP=2
15888273	42	STIM=q
15893364	42	RESP=1
15904760	42	STIM=y
15908669	42	RESP=1
15922542	42	STIM=q
15928109	42	RESP=1
15939356	42	STIM=c
15944775	42	RESP=1
15955103	42	STIM=8
15959766	42	RESP=2
15972052	42	STIM=k
15975833	42	RESP=1
15988024	42	STIM=g
15991823	42	RESP=1
16005424	42	STIM=k
16008468	42	RESP=1
16022242	42	STIM=j
16026579	42	RESP=1
16037392	42	STIM=5
16043864	42	RESP=2
16052939	42	STIM=a
16055712	42	RESP=1
16070388	42	STIM=4
16077998	42	RESP=2
16086400	42	STIM=n
16090977	42	RESP=1
16103517	42	STIM=c
16107631	42	RESP=1
16118935	42	STIM=r
16126593	42	RESP=1
16137472	42	STIM=7
16140968	42	RESP=2
16153466	42	STIM=u
16158348	42	RESP=1
16170874	42	STIM=g
16174112	42	RESP=1
16189718	42	STIM=b
16196615	42	RESP=1
16206238	42	STIM=z
16211008	42	RESP=1
16225032	42	STIM=a
16228205	42	RESP=1
16243122	42	STIM=l
16247883	42	RESP=2
16261948	42	STIM=2
16269600	42	RESP=2
16279434	42	STIM=u
16283035	42	RESP=1
16294741	42	STIM=0
16300139	42	RESP=2
16312430	42	STIM=i
16317954	42	RESP=1
16331166	42	STIM=s
16336546	42	RESP=1
16349531	42	STIM=q
16356038	42	RESP=1
16364700	42	STIM=v
16378968	42	RESP=1
16380752	42	STIM=h
16385475	42	RESP=1
16395801	42	STIM=s
16401223	42	RESP=1
16414601	42	STIM=2
16418289	42	RESP=2
16433289	42	STIM=z
16439004	42	RESP=1
16451104	42	STIM=f
16455498	42	RESP=1
16468579	42	STIM=s
16473017	42	RESP=1
16485086	42	STIM=d
16488464	42	RESP=1
16503093	42	STIM=6
16507275	42	RESP=1
16518248	42	STIM=3
16525188	42	RESP=2
16533446	42	STIM=y
16537250	42	RESP=1
16549287	42	STIM=m
16554356	42	RESP=1
16567103	42	STIM=6
16574511	42	RESP=2
16586053	42	STIM=4
16591676	42	RESP=2
16603753	42	STIM=u
16610130	42	RESP=1
16620056	42	STIM=7
16629405	42	RESP=1
16638785	42	STIM=f
16645128	42	RESP=1
16654830	42	STIM=8
16661486	42	RESP=2
16671050	42	STIM=w
16677445	42	RESP=1
16686500	42	STIM=g
16689852	42	RESP=1
16703247	42	STIM=r
16708457	42	RESP=1
16720752	42	STIM=y
16724466	42	RESP=1
16736864	42	STIM=v
16741626	42	RESP=1
16755680	42	STIM=z
16762074	42	RESP=1
16774137	42	STIM=n
16778097	42	RESP=1
16791965	42	STIM=r
16795463	42	RESP=1
16809927	42	STIM=t
16816368	42	RESP=1
16828060	42	STIM=5
16835653	42	RESP=2
16845195	42	STIM=p
16850162	42	RESP=1
16864061	42	STIM=g
16874882	42	RESP=1
16881973	42	STIM=z
16885489	42	RESP=1
16898900	42	STIM=i
16904451	42	RESP=1
16917851	42	STIM=h
16921544	42	RESP=1
16935788	42	STIM=g
16944210	42	RESP=1
16950816	42	STIM=w
16954345	42	RESP=1
16965840	42	STIM=t
16969258	42	RESP=1
16981004	42	STIM=8
16985113	42	RESP=2
16999127	42	STIM=h
17003328	42	RESP=1
17014614	42	STIM=e
17019818	42	RESP=1
17030957	42	STIM=9
17038051	42	RESP=2
17047430	42	STIM=k
17053021	42	RESP=1
17063619	42	STIM=j
17068038	42	RESP=1
17080056	42	STIM=k
17084455	42	RESP=1
17097284	42	STIM=m
17099850	42	RESP=1
17113450	42	STIM=c
17117604	42	RESP=1
17131262	42	STIM=4
17135362	42	RESP=2
17149553	42	STIM=6
17154501	42	RESP=2
17166330	42	STIM=u
17172790	42	RESP=1
17184986	42	STIM=d
17191774	42	RESP=1
17202884	42	STIM=3
17212002	42	RESP=1
17220940	42	STIM=c
17225120	42	RESP=1
17236171	42	STIM=w
17242740	42	RESP=1
17251958	42	STIM=0
17255776	42	RESP=2
17269536	42	STIM=i
17276320	42	RESP=2
17284550	42	STIM=5
17288427	42	RESP=2
17303360	42	STIM=n
17307811	42	RESP=1
17319171	42	STIM=b
17325922	42	RESP=1
17334522	42	STIM=4
17341710	42	RESP=2
17351323	42	STIM=p
17356701	42	RESP=1
17367716	42	STIM=3
17374267	42	RESP=1
17383329	42	STIM=w
17387244	42	RESP=1
17401895	42	STIM=i
17406826	42	RESP=1
17418772	42	STIM=l
17422968	42	RESP=1
17435747	42	STIM=k
17438686	42	RESP=2
17450815	42	STIM=g
17456220	42	RESP=1
17469068	42	STIM=c
17477085	42	RESP=1
17486298	42	STIM=e
17491952	42	RESP=1
17503836	42	STIM=v
17508982	42	RESP=1
17520661	42	STIM=7
17525894	42	RESP=2
17536834	42	STIM=k
17542591	42	RESP=1
17554384	42	STIM=v
17558951	42	RESP=1
17571748	42	STIM=j
17575643	42	RESP=1
17587442	42	STIM=w
17593128	42	RESP=1
17604565	42	STIM=0
17612619	42	RESP=2
17620193	42	STIM=b
17623515	42	RESP=1
17636815	42	STIM=1
17642151	42	RESP=1
17653888	42	STIM=b
17657585	42	RESP=1
17670028	42	STIM=p
17674377	42	RESP=1
17685254	42	STIM=k
17689547	42	RESP=1
17703809	42	STIM=p
17706771	42	RESP=1
17719931	42	STIM=g
17724361	42	RESP=1
17737727	42	STIM=b
17740365	42	RESP=1
17756391	42	STIM=g
17759017	42	RESP=1
17774865	42	STIM=c
17779863	42	RESP=1
17791932	42	STIM=r
17797153	42	RESP=1
17808369	42	STIM=t
17811917	42	RESP=1
17826268	42	STIM=3
17833875	42	RESP=2
17843152	42	STIM=j
17846679	42	RESP=1
17858216	42	STIM=u
17867948	42	RESP=1
17873790	42	STIM=t
17877786	42	RESP=1
17891104	42	STIM=t
17895026	42	RESP=2
17907466	42	STIM=8
17914914	42	RESP=2
17925656	42	STIM=n
17932545	42	RESP=2
17941586	42	STIM=1
17945995	42	RESP=2
17960350	42	STIM=2
17964706	42	RESP=2
17976861	42	STIM=3
17984997	42	RESP=2
17994303	42	STIM=9
18002354	42	RESP=2
18011480	42	STIM=h
18017202	42	RESP=1
18028627	42	STIM=y
18032784	42	RESP=1
18044146	42	STIM=c
18049901	42	RESP=1
18062831	42	STIM=3
18067257	42	RESP=2
18077912	42	STIM=g
18082740	42	RESP=1
18096168	42	STIM=j
18100437	42	RESP=1
18114878	42	STIM=p
18122222	42	RESP=1
18130401	42	STIM=9
18138730	42	RESP=2
18146676	42	STIM=e
18150463	42	RESP=1
18165255	42	STIM=g
18170373	42	RESP=1
18180269	42	STIM=o
18183545	42	RESP=1
18196783	42	STIM=0
18202397	42	RESP=1
18214582	42	STIM=g
18219195	42	RESP=1
18231151	42	STIM=4
18237559	42	RESP=2
18246504	42	STIM=1
18252586	42	RESP=2
18261669	42	STIM=z
18266270	42	RESP=1
18276870	42	STIM=c
18279753	42	RESP=1
18292905	42	STIM=p
18299825	42	RESP=1
18311317	42	STIM=x
18316056	42	RESP=1
18329342	42	STIM=3
18336186	42	RESP=1
18346863	42	STIM=l
18351787	42	RESP=1
18363549	42	STIM=w
18368817	42	RESP=1
18380706	42	STIM=l
18384348	42	RESP=1
18396782	42	STIM=7
18401891	42	RESP=2
18412101	42	STIM=g
18417199	42	RESP=1
18429575	42	STIM=0
18433067	42	RESP=1
18447828	42	STIM=k
18450780	42	RESP=1
18466584	42	STIM=7
18474719	42	RESP=1
18484568	42	STIM=t
18490371	42	RESP=1
18499727	42	STIM=w
18504283	42	RESP=1
18517722	42	STIM=9
18521384	42	RESP=2
18534490	42	STIM=a
18537440	42	RESP=1
18551195	42	STIM=b
18554735	42	RESP=1
18568654	42	STIM=c
18572205	42	RESP=1
18585030	42	STIM=p
18587955	42	RESP=1
18601597	42	STIM=c
18606104	42	RESP=1
18620510	42	STIM=i
18626129	42	RESP=1
18637476	42	STIM=g
18643211	42	RESP=1
18654562	42	STIM=h
18658045	42	RESP=1
18671264	42	STIM=p
18674349	42	RESP=1
18686970	42	STIM=o
18689940	42	RESP=1
18705492	42	STIM=c
18713716	42	RESP=1
18721823	42	STIM=f
18725207	42	RESP=1
18738483	42	STIM=8
18743355	42	RESP=2
18754611	42	STIM=y
18761932	42	RESP=1
18772385	42	STIM=t
18778327	42	RESP=1
18787451	42	STIM=j
18794906	42	RESP=1
18804930	42	STIM=1
18809553	42	RESP=1
18823203	42	STIM=j
18827919	42	RESP=1
18842001	42	STIM=m
18846050	42	RESP=1
18857357	42	STIM=y
18863688	42	RESP=1
18875030	42	STIM=z
18879536	42	RESP=1
18891249	42	STIM=2
18896104	42	RESP=2
18909331	42	STIM=d
18913113	42	RESP=1
18927317	42	STIM=7
18931243	42	RESP=2
18943688	42	STIM=u
18950233	42	RESP=2
18961050	42	STIM=b
18963643	42	RESP=1
18976333	42	STIM=x
18985793	42	RESP=1
18993254	42	STIM=y
18997801	42	RESP=1
19012206	42	STIM=a
19015891	42	RESP=1
19031182	42	STIM=u
19036804	42	RESP=1
19049375	42	STIM=4
19054874	42	RESP=2
19065309	42	STIM=l
19068667	42	RESP=1
19083571	42	STIM=j
19088138	42	RESP=1
19100971	42	STIM=h
19109340	42	RESP=1
19116267	42	STIM=b
19121719	42	RESP=1
19133012	42	STIM=i
19142607	42	RESP=1
19151795	42	STIM=0
19158109	42	RESP=2
19169610	42	STIM=o
19174648	42	RESP=1
19187568	42	STIM=i
19190641	42	RESP=1
19204344	42	STIM=p
19211048	42	RESP=1
19222752	42	STIM=1
19227118	42	RESP=2
19238370	42	STIM=f
19244557	42	RESP=1
19255013	42	STIM=w
19258557	42	RESP=1
19270754	42	STIM=e
19274446	42	RESP=1
19286258	42	STIM=x
19289216	42	RESP=1
19302715	42	STIM=w
19306654	42	RESP=1
19321264	42	STIM=z
19324433	42	RESP=1
19338197	42	STIM=b
19344314	42	RESP=1
19355101	42	STIM=5
19363353	42	RESP=1
19372081	42	STIM=9
19377296	42	RESP=2
19388562	42	STIM=p
19392256	42	RESP=1
19404350	42	STIM=l
19410478	42	RESP=1
19422226	42	STIM=a
19428764	42	RESP=1
19440166	42	STIM=q
19445434	42	RESP=1
19458883	42	STIM=9
19464257	42	RESP=2
19474612	42	STIM=m
19479280	42	RESP=1
19490349	42	STIM=b
19493967	42	RESP=1
19509054	42	STIM=x
19512162	42	RESP=1
19525680	42	STIM=v
19528255	42	RESP=1
19541977	42	STIM=b
19546980	42	RESP=1
19557147	42	STIM=y
19559786	42	RESP=1
19573839	42	STIM=3
19578795	42	RESP=2
19590994	42	STIM=r
19596122	42	RESP=2
19608371	42	STIM=g
19612870	42	RESP=1
19623458	42	STIM=e
19628075	42	RESP=1
19641694	42	STIM=0
19646083	42	RESP=1
19658778	42	STIM=e
19670277	42	RESP=1
19675241	42	STIM=e
19682768	42	RESP=1
19694164	42	STIM=p
19700528	42	RESP=1
19710640	42	STIM=2
19721368	42	RESP=2
19728782	42	STIM=1
19733288	42	RESP=2
19747378	42	STIM=d
19754081	42	RESP=1
19764657	42	STIM=7
19768160	42	RESP=2
19780768	42	STIM=2
19784750	42	RESP=2
19796010	42	STIM=z
19803006	42	RESP=1
19812394	42	STIM=f
19816950	42	RESP=1
19829502	42	STIM=m
19833949	42	RESP=1
19847811	42	STIM=s
19852037	42	RESP=1
19864062	42	STIM=z
19868241	42	RESP=1
19879642	42	STIM=d
19883048	42	RESP=1
19897850	42	STIM=e
19904683	42	RESP=1
19915075	42	STIM=l
19918534	42	RESP=1
19930571	42	STIM=p
19935310	42	RESP=1
19948457	42	STIM=g
19959063	42	RESP=1
19963987	42	STIM=c
19967438	42	RESP=1
19982653	42	STIM=b
19989976	42	RESP=1
20000609	42	STIM=q
20003997	42	RESP=1
20019441	42	STIM=h
20028822	42	RESP=1
20034668	42	STIM=h
20037999	42	RESP=1
20052682	42	STIM=c
20057295	42	RESP=1
20070182	42	STIM=3
20077180	42	RESP=2
20088414	42	STIM=b
20092075	42	RESP=1
20105038	42	STIM=n
20112559	42	RESP=1
20123458	42	STIM=8
20127748	42	RESP=2
20139826	42	STIM=q
20144815	42	RESP=1
20155363	42	STIM=6
20160079	42	RESP=2
20173269	42	STIM=8
20179623	42	RESP=2
20191071	42	STIM=p
20198021	42	RESP=1
20206529	42	STIM=8
20210590	42	RESP=2
20224191	42	STIM=3
20229786	42	RESP=2
20241017	42	STIM=q
20243645	42	RESP=1
20257320	42	STIM=m
20262869	42	RESP=1
20275357	42	STIM=o
20281523	42	RESP=2
20293866	42	STIM=8
20298404	42	RESP=2
20312256	42	STIM=u
20315445	42	RESP=1
20329461	42	STIM=l
20336794	42	RESP=1
20347290	42	STIM=m
20351281	42	RESP=1
20364211	42	STIM=d
20369134	42	RESP=1
20379351	42	STIM=w
20383131	42	RESP=1
20397784	42	STIM=t
20404041	42	RESP=1
20413145	42	STIM=p
20416752	42	RESP=1
20431633	42	STIM=t
20438167	42	RESP=1
20448190	42	STIM=8
20453881	42	RESP=2
20466517	42	STIM=1
20470530	42	RESP=2
20482359	42	STIM=2
20486074	42	RESP=2
20498908	42	STIM=d
20503990	42	RESP=1
20517404	42	STIM=v
20521904	42	RESP=1
20534716	42	STIM=0
20539125	42	RESP=2
20550716	42	STIM=t
20558292	42	RESP=1
20567161	42	STIM=x
20572033	42	RESP=1
20582413	42	STIM=v
20587673	42	RESP=1
20599273	42	STIM=b
20604184	42	RESP=1
20616899	42	STIM=0
20623868	42	RESP=2
20635344	42	STIM=b
20640348	42	RESP=1
20651972	42	STIM=u
20661153	42	RESP=1
20670307	42	STIM=0
20673859	42	RESP=2
20687647	42	STIM=t
20692037	42	RESP=1
20706231	42	STIM=y
20710677	42	RESP=1
20725058	42	STIM=w
20728748	42	RESP=1
20742399	42	STIM=w
20748013	42	RESP=1
20759405	42	STIM=q
20763931	42	RESP=1
20777537	42	STIM=f
20781856	42	RESP=1
20794310	42	STIM=d
20799574	42	RESP=1
20809915	42	STIM=r
20814839	42	RESP=1
20826434	42	STIM=u
20829603	42	RESP=1
20842923	42	STIM=p
20848214	42	RESP=1
20858433	42	STIM=o
20862887	42	RESP=1
20874189	42	STIM=5
20880251	42	RESP=2
20891399	42	STIM=f
20896453	42	RESP=1
20907904	42	STIM=n
20912132	42	RESP=1
20925883	42	STIM=j
20929031	42	RESP=1
20941395	42	STIM=w
20945710	42	RESP=1
20959670	42	STIM=4
20966317	42	RESP=2
20976196	42	STIM=h
20985343	42	RESP=1
20994288	42	STIM=n
20997540	42	RESP=1
21009824	42	STIM=c
21013179	42	RESP=1
21027788	42	STIM=x
21030829	42	RESP=1
21046771	42	STIM=m
21050912	42	RESP=1
21063355	42	STIM=z
21069084	42	RESP=1
21080475	42	STIM=x
21086664	42	RESP=1
21097333	42	STIM=x
21100957	42	RESP=1
21116303	42	STIM=1
21121584	42	RESP=1
21133945	42	STIM=n
21136852	42	RESP=1
21149356	42	STIM=4
21154811	42	RESP=2
21164871	42	STIM=z
21168037	42	RESP=1
21180018	42	STIM=u
21185009	42	RESP=1
21195832	42	STIM=1
21202079	42	RESP=2
21213349	42	STIM=h
21217736	42	RESP=1
21231583	42	STIM=e
21238427	42	RESP=1
21249020	42	STIM=o
21251926	42	RESP=1
21266193	42	STIM=i
21270189	42	RESP=1
21283331	42	STIM=n
21286255	42	RESP=1
21299432	42	STIM=i
21304262	42	RESP=1
21314736	42	STIM=i
21318209	42	RESP=1
21330039	42	STIM=b
21333363	42	RESP=1
21348623	42	STIM=n
21351973	42	RESP=1
21365369	42	STIM=l
21369972	42	RESP=1
21381159	42	STIM=9
21385916	42	RESP=2
21396295	42	STIM=b
21400349	42	RESP=1
21412911	42	STIM=k
21420689	42	RESP=1
21431002	42	STIM=c
21434207	42	RESP=1
21446147	42	STIM=f
21451684	42	RESP=1
21461244	42	STIM=s
21464965	42	RESP=1
21478417	42	STIM=2
21484993	42	RESP=2
21496385	42	STIM=a
21502094	42	RESP=1
21513187	42	STIM=f
21517400	42	RESP=1
21528210	42	STIM=3
21537156	42	RESP=2
21545175	42	STIM=z
21548525	42	RESP=1
21560502	42	STIM=r
21564161	42	RESP=2
21576046	42	STIM=m
21583950	42	RESP=1
21592122	42	STIM=c
21595686	42	RESP=1
21609119	42	STIM=a
21614104	42	RESP=1
21625422	42	STIM=9
21629941	42	RESP=2
21642859	42	STIM=b
21649032	42	RESP=1
21658193	42	STIM=e
21661629	42	RESP=1
21673681	42	STIM=y
21676858	42	RESP=1
21690886	42	STIM=a
21699705	42	RESP=1
21709686	42	STIM=u
21714158	42	RESP=1
21727154	42	STIM=v
21735362	42	RESP=1
21745361	42	STIM=3
21749900	42	RESP=2
