# Original filename: 0030_MJC_2016-11-16.log
# Time unit: 100 us
# RARECAT=digit
#
# Time	HHGG	Event
34837	42	STIM=u
39312	42	RESP=1
50857	42	STIM=y
59882	42	RESP=2
67979	42	STIM=f
73955	42	RESP=1
86912	42	STIM=9
90463	42	RESP=2
105193	42	STIM=t
109109	42	RESP=1
124023	42	STIM=n
128710	42	RESP=1
139275	42	STIM=s
143279	42	RESP=1
155817	42	STIM=m
158437	42	RESP=1
171671	42	STIM=l
174831	42	RESP=1
187474	42	STIM=9
191479	42	RESP=1
204235	42	STIM=t
208651	42	RESP=1
219354	42	STIM=g
225995	42	RESP=1
234589	42	STIM=b
239272	42	RESP=1
253477	42	STIM=d
258541	42	RESP=1
271042	42	STIM=m
276329	42	RESP=1
288591	42	STIM=w
292272	42	RESP=1
305310	42	STIM=e
310653	42	RESP=1
323953	42	STIM=e
328931	42	RESP=1
342410	42	STIM=v
347888	42	RESP=1
358552	42	STIM=o
362032	42	RESP=1
377207	42	STIM=v
380044	42	RESP=1
395755	42	STIM=6
402336	42	RESP=2
414269	42	STIM=w
418303	42	RESP=1
430625	42	STIM=4
436312	42	RESP=2
446344	42	STIM=v
452952	42	RESP=1
463682	42	STIM=w
467946	42	RESP=1
480055	42	STIM=x
486015	42	RESP=1
497449	42	STIM=v
509252	42	RESP=1
513620	42	STIM=n
517050	42	RESP=1
530288	42	STIM=9
535821	42	RESP=2
547031	42	STIM=s
551094	42	RESP=1
562826	42	STIM=a
569617	42	RESP=1
581100	42	STIM=n
586109	42	RESP=1
596741	42	STIM=p
600984	42	RESP=1
613593	42	STIM=1
619931	42	RESP=2
629269	42	STIM=3
635269	42	RESP=2
644792	42	STIM=c
649816	42	RESP=2
662289	42	STIM=u
666056	42	RESP=1
679158	42	STIM=v
682921	42	RESP=2
697243	42	STIM=g
702668	42	RESP=1
714024	42	STIM=a
720515	42	RESP=1
730254	42	STIM=b
738539	42	RESP=1
746981	42	STIM=q
753220	42	RESP=1
762741	42	STIM=t
771224	42	RESP=1
779052	42	STIM=5
783459	42	RESP=2
794481	42	STIM=4
799211	42	RESP=2
810853	42	STIM=l
814719	42	RESP=1
828590	42	STIM=z
832340	42	RESP=1
844676	42	STIM=w
850272	42	RESP=1
860045	42	STIM=9
865038	42	RESP=2
875965	42	STIM=q
882672	42	RESP=1
894187	42	STIM=c
898381	42	RESP=1
909833	42	STIM=p
914290	42	RESP=1
928481	42	STIM=n
936289	42	RESP=1
945228	42	STIM=z
948643	42	RESP=1
962748	42	STIM=b
968423	42	RESP=1
980298	42	STIM=x
983341	42	RESP=1
996505	42	STIM=i
1003311	42	RESP=1
1014246	42	STIM=1
1020929	42	RESP=2
1032353	42	STIM=y
1038194	42	RESP=1
1048943	42	STIM=o
1052245	42	RESP=1
1066903	42	STIM=j
1071142	42	RESP=1
1081973	42	STIM=3
1087872	42	RESP=2
1099356	42	STIM=b
1107563	42	RESP=1
1116848	42	STIM=e
1124432	42	RESP=1
1134518	42	STIM=k
1137867	42	RESP=1
1151524	42	STIM=r
1155733	42	RESP=1
1168761	42	STIM=5
1173747	42	RESP=2
1187625	42	STIM=o
1191585	42	RESP=1
1205564	42	STIM=b
1211529	42	RESP=1
1220839	42	STIM=0
1225153	42	RESP=2
1239391	42	STIM=l
1246072	42	RESP=1
1254538	42	STIM=h
1258977	42	RESP=1
1269794	42	STIM=s
1274140	42	RESP=1
1287996	42	STIM=k
1291285	42	RESP=1
1304397	42	STIM=6
1311246	42	RESP=2
1321435	42	STIM=l
1324971	42	RESP=1
1339400	42	STIM=e
1347248	42	RESP=1
1357797	42	STIM=5
1362993	42	RESP=2
1373406	42	STIM=9
1378909	42	RESP=2
1390612	42	STIM=q
1398093	42	RESP=1
1407709	42	STIM=j
1415308	42	RESP=1
1423779	42	STIM=g
1428548	42	RESP=1
1439168	42	STIM=a
1443000	42	RESP=1
1454736	42	STIM=m
1463073	42	RESP=1
1472544	42	STIM=s
1477681	42	RESP=1
1490184	42	STIM=b
1497956	42	RESP=1
1507349	42	STIM=t
1511469	42	RESP=1
1524555	42	STIM=t
1529368	42	RESP=1
1539688	42	STIM=m
1546688	42	RESP=1
1556533	42	STIM=c
1560057	42	RESP=1
1572396	42	STIM=x
1575501	42	RESP=1
1589521	42	STIM=v
1596680	42	RESP=1
1607481	42	STIM=w
1611407	42	RESP=1
1622546	42	STIM=7
1626370	42	RESP=2
1638500	42	STIM=p
1643027	42	RESP=1
1656408	42	STIM=2
1662957	42	RESP=1
1672648	42	STIM=b
1676357	42	RESP=1
1691577	42	STIM=z
1694478	42	RESP=1
1707476	42	STIM=l
1710933	42	RESP=1
1724841	42	STIM=a
1728240	42	RESP=1
1741398	42	STIM=2
1748803	42	RESP=2
1757601	42	STIM=l
1761869	42	RESP=1
1776567	42	STIM=c
1781645	42	RESP=1
1793606	42	STIM=z
1799064	42	RESP=1
1811830	42	STIM=8
1816657	42	RESP=2
1828917	42	STIM=a
1836424	42	RESP=1
1846810	42	STIM=9
1852825	42	RESP=2
1865358	42	STIM=d
1875564	42	RESP=1
1882423	42	STIM=j
1892733	42	RESP=1
1899924	42	STIM=8
1905683	42	RESP=2
1915369	42	STIM=7
1921656	42	RESP=2
1932693	42	STIM=9
1938196	42	RESP=2
1949804	42	STIM=q
1954092	42	RESP=1
1966946	42	STIM=7
1970350	42	RESP=1
1983769	42	STIM=z
1989004	42	RESP=1
1999892	42	STIM=o
2003547	42	RESP=1
2015323	42	STIM=k
2020717	42	RESP=1
2030555	42	STIM=w
2035407	42	RESP=1
2048294	42	STIM=a
2054469	42	RESP=1
2067281	42	STIM=t
2076872	42	RESP=1
2083256	42	STIM=s
2088572	42	RESP=1
2100077	42	STIM=y
2103411	42	RESP=1
2116123	42	STIM=i
2120601	42	RESP=1
2132527	42	STIM=n
2135113	42	RESP=1
2148903	42	STIM=h
2154541	42	RESP=1
2164398	42	STIM=1
2170778	42	RESP=2
2181491	42	STIM=y
2189020	42	RESP=1
2200212	42	STIM=q
2204191	42	RESP=2
2218068	42	STIM=j
2222829	42	RESP=1
2233344	42	STIM=g
2243999	42	RESP=1
2249030	42	STIM=r
2253960	42	RESP=1
2266494	42	STIM=9
2271824	42	RESP=2
2284355	42	STIM=4
2289261	42	RESP=2
2303264	42	STIM=q
2307755	42	RESP=1
2319378	42	STIM=y
2325179	42	RESP=1
2337826	42	STIM=v
2341479	42	RESP=1
2354982	42	STIM=u
2359359	42	RESP=2
2370671	42	STIM=r
2373745	42	RESP=1
2389211	42	STIM=n
2394955	42	RESP=1
2405727	42	STIM=v
2410450	42	RESP=1
2421800	42	STIM=2
2429794	42	RESP=2
2439273	42	STIM=p
2444029	42	RESP=1
2455111	42	STIM=l
2458110	42	RESP=1
2472948	42	STIM=b
2478980	42	RESP=1
2490152	42	STIM=v
2494570	42	RESP=1
2505670	42	STIM=q
2508506	42	RESP=1
2520858	42	STIM=l
2524181	42	RESP=1
2538937	42	STIM=e
2544994	42	RESP=1
2553972	42	STIM=c
2557073	42	RESP=1
2572694	42	STIM=a
2577643	42	RESP=1
2588052	42	STIM=o
2591465	42	RESP=1
2606497	42	STIM=z
2612761	42	RESP=1
2624759	42	STIM=j
2627746	42	RESP=1
2641384	42	STIM=v
2645280	42	RESP=1
2658910	42	STIM=r
2663206	42	RESP=1
2675826	42	STIM=8
2681149	42	RESP=2
2694254	42	STIM=8
2698449	42	RESP=2
2711559	42	STIM=e
2714651	42	RESP=1
2727911	42	STIM=z
2732113	42	RESP=1
2744858	42	STIM=j
2753570	42	RESP=1
2762350	42	STIM=t
2766984	42	RESP=1
2780066	42	STIM=c
2783635	42	RESP=1
2796439	42	STIM=d
2801677	42	RESP=1
2811908	42	STIM=f
2818391	42	RESP=1
2829608	42	STIM=n
2834252	42	RESP=1
2847058	42	STIM=4
2851569	42	RESP=2
2862971	42	STIM=k
2868885	42	RESP=1
2881732	42	STIM=o
2887145	42	RESP=1
2899341	42	STIM=l
2904405	42	RESP=1
2916241	42	STIM=c
2921271	42	RESP=1
2933306	42	STIM=1
2938178	42	RESP=2
2950217	42	STIM=c
2954323	42	RESP=1
2966693	42	STIM=n
2969162	42	RESP=1
2984350	42	STIM=l
2989045	42	RESP=1
3000486	42	STIM=k
3004494	42	RESP=1
3015866	42	STIM=y
3021829	42	RESP=1
3030947	42	STIM=r
3034743	42	RESP=1
3049163	42	STIM=c
3053395	42	RESP=2
3066242	42	STIM=h
3070733	42	RESP=1
3082351	42	STIM=i
3086333	42	RESP=1
3097701	42	STIM=k
3101843	42	RESP=1
3116525	42	STIM=i
3121640	42	RESP=1
3132540	42	STIM=o
3135806	42	RESP=1
3151058	42	STIM=x
3158355	42	RESP=1
3167410	42	STIM=u
3172183	42	RESP=1
3185976	42	STIM=h
3191126	42	RESP=1
3201212	42	STIM=y
3207441	42	RESP=1
3218460	42	STIM=u
3221526	42	RESP=1
3235389	42	STIM=r
3241221	42	RESP=1
3252975	42	STIM=z
3256803	42	RESP=1
3268007	42	STIM=n
3271877	42	RESP=1
3283182	42	STIM=z
3288437	42	RESP=1
3299867	42	STIM=7
3303619	42	RESP=2
3316134	42	STIM=f
3319976	42	RESP=1
3332395	42	STIM=q
3339322	42	RESP=2
3349084	42	STIM=v
3354655	42	RESP=1
3365091	42	STIM=b
3368872	42	RESP=1
3382393	42	STIM=e
3387575	42	RESP=1
3397990	42	STIM=f
3403591	42	RESP=1
3416176	42	STIM=x
3420561	42	RESP=1
3434347	42	STIM=g
3440775	42	RESP=1
3449471	42	STIM=o
3457071	42	RESP=1
3467834	42	STIM=0
3471686	42	RESP=2
3484097	42	STIM=o
3488654	42	RESP=1
3501247	42	STIM=x
3506981	42	RESP=1
3516788	42	STIM=i
3519922	42	RESP=1
3535006	42	STIM=p
3540092	42	RESP=1
3553146	42	STIM=v
3557387	42	RESP=1
3569239	42	STIM=l
3576265	42	RESP=1
3584243	42	STIM=r
3589329	42	RESP=1
3601329	42	STIM=1
3607532	42	RESP=2
3618965	42	STIM=t
3622984	42	RESP=1
3636485	42	STIM=r
3640002	42	RESP=1
3652402	42	STIM=d
3656344	42	RESP=1
3668197	42	STIM=j
3671249	42	RESP=1
3685718	42	STIM=z
3690697	42	RESP=2
3701623	42	STIM=v
3704519	42	RESP=1
3718846	42	STIM=v
3725797	42	RESP=1
3737168	42	STIM=j
3741071	42	RESP=1
3753265	42	STIM=1
3757227	42	RESP=2
3770460	42	STIM=l
3773141	42	RESP=1
3786127	42	STIM=6
3790305	42	RESP=2
3804078	42	STIM=s
3811474	42	RESP=1
3819479	42	STIM=i
3822883	42	RESP=1
3834870	42	STIM=c
3840275	42	RESP=1
3852859	42	STIM=j
3860148	42	RESP=1
3868106	42	STIM=3
3874705	42	RESP=2
3885659	42	STIM=g
3893777	42	RESP=1
3903285	42	STIM=j
3910040	42	RESP=1
3920743	42	STIM=q
3929541	42	RESP=1
3936225	42	STIM=t
3941633	42	RESP=1
3953211	42	STIM=h
3958711	42	RESP=1
3970971	42	STIM=j
3976669	42	RESP=1
3986050	42	STIM=8
3997486	42	RESP=1
4001245	42	STIM=v
4005324	42	RESP=1
4019186	42	STIM=k
4023343	42	RESP=1
4037486	42	STIM=w
4047565	42	RESP=1
4054938	42	STIM=9
4061278	42	RESP=2
4071234	42	STIM=v
4074821	42	RESP=1
4086567	42	STIM=6
4092940	42	RESP=2
4101575	42	STIM=x
4105741	42	RESP=1
4120422	42	STIM=3
4126026	42	RESP=2
4135891	42	STIM=x
4144818	42	RESP=1
4153014	42	STIM=d
4157919	42	RESP=1
4169431	42	STIM=o
4174688	42	RESP=1
4188007	42	STIM=1
4192153	42	RESP=2
4204958	42	STIM=i
4211453	42	RESP=1
4222488	42	STIM=e
4231293	42	RESP=1
4239640	42	STIM=2
4247303	42	RESP=2
4254820	42	STIM=4
4261679	42	RESP=2
4271831	42	STIM=l
4277871	42	RESP=1
4290515	42	STIM=g
4298610	42	RESP=1
4307917	42	STIM=p
4314000	42	RESP=1
4324726	42	STIM=s
4330475	42	RESP=2
4341641	42	STIM=4
4346118	42	RESP=2
4358723	42	STIM=x
4366233	42	RESP=1
4376676	42	STIM=n
4382846	42	RESP=1
4394001	42	STIM=b
4397652	42	RESP=1
4410498	42	STIM=e
4415833	42	RESP=1
4425779	42	STIM=d
4434251	42	RESP=1
4442641	42	STIM=7
4448898	42	RESP=2
4458426	42	STIM=j
4463001	42	RESP=1
4476808	42	STIM=0
4484445	42	RESP=2
4493055	42	STIM=8
4498809	42	RESP=2
4509487	42	STIM=k
4513064	42	RESP=1
4524892	42	STIM=1
4529174	42	RESP=2
4543424	42	STIM=m
4546932	42	RESP=1
4560179	42	STIM=c
4566356	42	RESP=1
4577372	42	STIM=j
4579785	42	RESP=1
4594780	42	STIM=l
4599192	42	RESP=1
4613588	42	STIM=6
4617961	42	RESP=2
4629158	42	STIM=v
4633348	42	RESP=1
4648132	42	STIM=9
4656005	42	RESP=2
4666525	42	STIM=x
4672232	42	RESP=1
4682606	42	STIM=f
4685816	42	RESP=1
4701449	42	STIM=8
4704677	42	RESP=2
4719808	42	STIM=p
4723177	42	RESP=1
4737749	42	STIM=j
4741233	42	RESP=1
4755221	42	STIM=w
4761253	42	RESP=1
4774123	42	STIM=i
4778181	42	RESP=1
4789734	42	STIM=2
4799121	42	RESP=2
4807781	42	STIM=g
4810340	42	RESP=2
4825681	42	STIM=b
4828643	42	RESP=1
4842488	42	STIM=h
4846692	42	RESP=1
4858413	42	STIM=g
4862485	42	RESP=1
4875804	42	STIM=m
4879549	42	RESP=1
4892360	42	STIM=f
4898320	42	RESP=1
4910368	42	STIM=o
4914667	42	RESP=1
4928135	42	STIM=c
4935953	42	RESP=1
4946835	42	STIM=i
4956912	42	RESP=1
4962410	42	STIM=t
4965713	42	RESP=1
4977587	42	STIM=t
4985068	42	RESP=1
4994577	42	STIM=g
5002465	42	RESP=1
5010175	42	STIM=b
5013798	42	RESP=1
5027849	42	STIM=5
5033091	42	RESP=2
5044285	42	STIM=u
5048773	42	RESP=1
5060163	42	STIM=g
5063406	42	RESP=2
5078845	42	STIM=o
5082046	42	RESP=1
5095747	42	STIM=e
5100610	42	RESP=1
5114638	42	STIM=7
5121062	42	RESP=2
5129706	42	STIM=c
5132970	42	RESP=1
5147512	42	STIM=2
5153187	42	RESP=2
5164259	42	STIM=d
5168173	42	RESP=1
5182122	42	STIM=w
5186358	42	RESP=1
5199336	42	STIM=s
5201841	42	RESP=1
5214876	42	STIM=p
5220105	42	RESP=1
5230600	42	STIM=k
5236822	42	RESP=1
5249152	42	STIM=i
5254296	42	RESP=1
5268144	42	STIM=k
5271673	42	RESP=1
5284896	42	STIM=x
5288181	42	RESP=1
5303796	42	STIM=9
5309506	42	RESP=2
5319076	42	STIM=t
5324475	42	RESP=1
5337025	42	STIM=v
5342192	42	RESP=1
5354772	42	STIM=l
5362632	42	RESP=1
5371845	42	STIM=z
5382953	42	RESP=1
5388194	42	STIM=d
5393626	42	RESP=1
5406045	42	STIM=0
5413022	42	RESP=2
5421226	42	STIM=t
5426895	42	RESP=1
5438310	42	STIM=j
5441680	42	RESP=1
5456457	42	STIM=c
5461167	42	RESP=1
5472606	42	STIM=k
5477066	42	RESP=1
5491216	42	STIM=x
5495125	42	RESP=1
5507348	42	STIM=u
5514843	42	RESP=1
5525013	42	STIM=7
5530228	42	RESP=2
5542678	42	STIM=r
5547653	42	RESP=1
5558120	42	STIM=l
5562847	42	RESP=1
5575598	42	STIM=n
5580313	42	RESP=1
5593422	42	STIM=u
5600597	42	RESP=1
5610453	42	STIM=w
5613465	42	RESP=1
5625936	42	STIM=s
5630861	42	RESP=1
5644215	42	STIM=d
5649073	42	RESP=1
5659752	42	STIM=u
5664884	42	RESP=1
5675239	42	STIM=l
5679860	42	RESP=1
5691532	42	STIM=x
5696057	42	RESP=1
5706860	42	STIM=c
5709543	42	RESP=1
5725379	42	STIM=n
5731096	42	RESP=1
5743193	42	STIM=u
5747670	42	RESP=1
5760980	42	STIM=t
5767027	42	RESP=1
5779826	42	STIM=i
5783485	42	RESP=2
5795089	42	STIM=0
5803692	42	RESP=1
5810610	42	STIM=9
5818124	42	RESP=2
5827529	42	STIM=h
5831833	42	RESP=1
5845039	42	STIM=r
5849442	42	RESP=1
5861130	42	STIM=x
5865492	42	RESP=1
5878732	42	STIM=n
5884025	42	RESP=1
5895642	42	STIM=8
5902487	42	RESP=2
5911975	42	STIM=j
5919318	42	RESP=1
5927732	42	STIM=u
5933188	42	RESP=1
5944946	42	STIM=c
5948437	42	RESP=1
5961755	42	STIM=a
5966322	42	RESP=1
5980008	42	STIM=i
5983667	42	RESP=1
5998535	42	STIM=g
6002332	42	RESP=1
6014999	42	STIM=f
6022606	42	RESP=1
6032760	42	STIM=i
6037225	42	RESP=1
6048011	42	STIM=7
6051215	42	RESP=2
6064075	42	STIM=x
6071113	42	RESP=1
6080239	42	STIM=k
6085561	42	RESP=1
6097276	42	STIM=y
6101161	42	RESP=1
6113459	42	STIM=j
6117655	42	RESP=1
6132458	42	STIM=7
6138106	42	RESP=2
6148039	42	STIM=d
6154636	42	RESP=1
6163343	42	STIM=t
6168655	42	RESP=1
6180965	42	STIM=o
6190127	42	RESP=1
6197307	42	STIM=4
6201900	42	RESP=2
6214006	42	STIM=k
6218134	42	RESP=1
6230679	42	STIM=b
6233919	42	RESP=2
6247181	42	STIM=8
6250989	42	RESP=2
6262258	42	STIM=1
6266955	42	RESP=2
6277999	42	STIM=q
6283643	42	RESP=1
6295384	42	STIM=y
6299898	42	RESP=1
6314076	42	STIM=k
6318141	42	RESP=1
6331319	42	STIM=s
6334673	42	RESP=1
6346787	42	STIM=j
6350329	42	RESP=1
6365089	42	STIM=z
6368203	42	RESP=1
6380094	42	STIM=8
6384688	42	RESP=2
6397399	42	STIM=q
6402895	42	RESP=1
6412410	42	STIM=r
6416436	42	RESP=1
6428931	42	STIM=q
6432539	42	RESP=1
6444426	42	STIM=h
6450957	42	RESP=1
6461957	42	STIM=l
6466130	42	RESP=1
6479525	42	STIM=t
6483693	42	RESP=1
6496600	42	STIM=g
6504194	42	RESP=1
6515571	42	STIM=l
6521333	42	RESP=1
6532840	42	STIM=9
6538153	42	RESP=2
6550812	42	STIM=v
6554050	42	RESP=1
6567686	42	STIM=d
6570624	42	RESP=1
6585770	42	STIM=f
6590500	42	RESP=1
6602642	42	STIM=l
6607563	42	RESP=1
6619245	42	STIM=e
6622950	42	RESP=1
6636268	42	STIM=q
6639956	42	RESP=1
6653685	42	STIM=r
6661876	42	RESP=1
6670057	42	STIM=c
6673889	42	RESP=1
6686952	42	STIM=a
6691200	42	RESP=1
6704897	42	STIM=7
6710605	42	RESP=2
6722487	42	STIM=u
6726924	42	RESP=1
6737683	42	STIM=5
6744364	42	RESP=2
6754423	42	STIM=3
6763615	42	RESP=2
6769625	42	STIM=e
6773027	42	RESP=1
6786820	42	STIM=o
6791970	42	RESP=1
6802578	42	STIM=d
6805452	42	RESP=1
6820558	42	STIM=u
6824074	42	RESP=1
6837947	42	STIM=t
6841597	42	RESP=1
6854849	42	STIM=z
6859222	42	RESP=1
6872485	42	STIM=t
6878981	42	RESP=1
6888215	42	STIM=l
6894629	42	RESP=1
6904091	42	STIM=w
6908593	42	RESP=1
6922745	42	STIM=t
6928409	42	RESP=1
6938807	42	STIM=d
6943320	42	RESP=1
6954083	42	STIM=1
6962075	42	RESP=2
6970903	42	STIM=d
6978538	42	RESP=1
6986691	42	STIM=w
6990324	42	RESP=1
7005042	42	STIM=6
7009712	42	RESP=2
7021991	42	STIM=w
7026478	42	RESP=1
7038118	42	STIM=8
7044780	42	RESP=2
7054538	42	STIM=i
7063634	42	RESP=1
7071749	42	STIM=4
7078300	42	RESP=2
7090495	42	STIM=l
7094970	42	RESP=1
7107303	42	STIM=3
7113020	42	RESP=2
7124516	42	STIM=v
7129255	42	RESP=1
7140425	42	STIM=h
7145265	42	RESP=1
7156753	42	STIM=8
7161473	42	RESP=2
7171995	42	STIM=z
7179828	42	RESP=1
7187854	42	STIM=d
7192624	42	RESP=1
7205323	42	STIM=h
7212434	42	RESP=1
7224249	42	STIM=p
7231354	42	RESP=1
7239645	42	STIM=j
7243796	42	RESP=1
7254992	42	STIM=3
7260408	42	RESP=2
7273819	42	STIM=2
7280366	42	RESP=2
7289334	42	STIM=z
7292858	42	RESP=1
7305782	42	STIM=g
7309871	42	RESP=1
7321475	42	STIM=c
7327310	42	RESP=2
7337154	42	STIM=r
7343463	42	RESP=1
7354334	42	STIM=y
7356975	42	RESP=1
7372007	42	STIM=6
7376453	42	RESP=2
7388456	42	STIM=r
7394953	42	RESP=1
7407033	42	STIM=p
7411474	42	RESP=1
7423123	42	STIM=b
7433292	42	RESP=1
7438783	42	STIM=0
7446382	42	RESP=2
7455673	42	STIM=7
7462465	42	RESP=2
7473321	42	STIM=e
7477248	42	RESP=1
7490771	42	STIM=n
7495308	42	RESP=1
7508514	42	STIM=s
7510962	42	RESP=1
7527216	42	STIM=h
7531277	42	RESP=1
7542942	42	STIM=h
7547176	42	RESP=1
7561160	42	STIM=o
7567449	42	RESP=1
7579293	42	STIM=4
7583467	42	RESP=2
7596046	42	STIM=z
7603405	42	RESP=1
7613852	42	STIM=2
7618519	42	RESP=2
7629708	42	STIM=k
7638364	42	RESP=1
7645357	42	STIM=z
7649190	42	RESP=1
7663171	42	STIM=o
7671455	42	RESP=1
7681233	42	STIM=3
7686705	42	RESP=2
7696984	42	STIM=z
7703333	42	RESP=1
7712986	42	STIM=r
7718153	42	RESP=1
7731541	42	STIM=n
7738113	42	RESP=2
7749275	42	STIM=v
7752352	42	RESP=1
7768171	42	STIM=7
7773335	42	RESP=2
7784017	42	STIM=l
7788520	42	RESP=1
7801616	42	STIM=g
7805197	42	RESP=1
7818237	42	STIM=p
7822938	42	RESP=1
7835491	42	STIM=8
7839941	42	RESP=2
7851361	42	STIM=r
7856329	42	RESP=1
7866669	42	STIM=d
7871355	42	RESP=1
7881862	42	STIM=z
7886733	42	RESP=2
7897445	42	STIM=z
7902343	42	RESP=1
7914429	42	STIM=7
7918250	42	RESP=2
7929655	42	STIM=1
7935482	42	RESP=2
7947579	42	STIM=i
7952434	42	RESP=1
7964131	42	STIM=6
7974356	42	RESP=2
7981083	42	STIM=d
7986892	42	RESP=1
7996112	42	STIM=p
8002880	42	RESP=1
8011740	42	STIM=l
8016080	42	RESP=1
8027923	42	STIM=m
8031989	42	RESP=1
8045679	42	STIM=3
8051055	42	RESP=2
8063343	42	STIM=n
8066884	42	RESP=1
8079473	42	STIM=2
8086255	42	RESP=2
8096967	42	STIM=i
8103434	42	RESP=1
8115890	42	STIM=3
8120711	42	RESP=2
8131058	42	STIM=k
8136785	42	RESP=1
8148893	42	STIM=c
8154465	42	RESP=1
8164821	42	STIM=k
8169111	42	RESP=1
8179999	42	STIM=4
8184667	42	RESP=2
8198536	42	STIM=k
8204180	42	RESP=1
8214636	42	STIM=t
8223943	42	RESP=2
8230469	42	STIM=3
8237818	42	RESP=2
8246622	42	STIM=s
8249839	42	RESP=1
8264495	42	STIM=r
8268276	42	RESP=1
8281748	42	STIM=b
8287183	42	RESP=1
8298563	42	STIM=m
8304860	42	RESP=1
8313935	42	STIM=z
8320870	42	RESP=1
8332505	42	STIM=x
8337059	42	RESP=1
8350446	42	STIM=m
8353254	42	RESP=1
8367460	42	STIM=m
8370848	42	RESP=1
8382549	42	STIM=j
8386376	42	RESP=1
8401407	42	STIM=n
8404873	42	RESP=1
8419399	42	STIM=t
8423037	42	RESP=1
8434455	42	STIM=b
8438722	42	RESP=1
8449543	42	STIM=q
8454643	42	RESP=1
8465905	42	STIM=q
8470531	42	RESP=1
8483069	42	STIM=2
8491281	42	RESP=2
8498577	42	STIM=u
8501429	42	RESP=1
8517102	42	STIM=p
8521461	42	RESP=1
8533672	42	STIM=l
8541456	42	RESP=1
8552432	42	STIM=x
8557671	42	RESP=1
8568414	42	STIM=l
8572375	42	RESP=1
8586162	42	STIM=y
8590254	42	RESP=1
8604711	42	STIM=e
8608606	42	RESP=1
8622528	42	STIM=e
8628269	42	RESP=1
8638031	42	STIM=5
8642037	42	RESP=2
8653754	42	STIM=w
8656653	42	RESP=1
8668869	42	STIM=9
8676142	42	RESP=2
8683904	42	STIM=b
8689858	42	RESP=1
8700474	42	STIM=y
8703638	42	RESP=1
8717307	42	STIM=y
8724328	42	RESP=1
8732328	42	STIM=h
8735336	42	RESP=1
8751291	42	STIM=k
8756393	42	RESP=1
8766742	42	STIM=4
8771497	42	RESP=2
8785560	42	STIM=u
8791123	42	RESP=1
8800955	42	STIM=4
8805369	42	RESP=1
8817287	42	STIM=j
8821087	42	RESP=1
8832821	42	STIM=h
8836587	42	RESP=1
8851004	42	STIM=d
8857280	42	RESP=1
8866343	42	STIM=2
8871396	42	RESP=2
8881594	42	STIM=r
8884457	42	RESP=1
8898711	42	STIM=s
8902134	42	RESP=1
8915382	42	STIM=8
8921231	42	RESP=2
8930947	42	STIM=d
8934607	42	RESP=2
8947938	42	STIM=w
8953272	42	RESP=1
8966135	42	STIM=d
8970529	42	RESP=1
8983325	42	STIM=i
8987803	42	RESP=1
9000127	42	STIM=8
9004285	42	RESP=2
9015406	42	STIM=z
9019707	42	RESP=1
9031656	42	STIM=j
9034414	42	RESP=1
9048319	42	STIM=t
9051866	42	RESP=1
9064343	42	STIM=y
9068382	42	RESP=1
9082741	42	STIM=0
9086489	42	RESP=2
9098791	42	STIM=p
9104055	42	RESP=1
9115265	42	STIM=6
9119872	42	RESP=2
9132615	42	STIM=t
9135460	42	RESP=1
9150659	42	STIM=h
9153510	42	RESP=1
9167070	42	STIM=c
9171151	42	RESP=1
9185276	42	STIM=8
9192356	42	RESP=2
9203185	42	STIM=z
9210370	42	RESP=1
9220045	42	STIM=4
9225306	42	RESP=2
9236610	42	STIM=y
9239542	42	RESP=1
9253837	42	STIM=o
9257895	42	RESP=1
9270206	42	STIM=b
9276489	42	RESP=1
9286873	42	STIM=v
9291950	42	RESP=1
9303496	42	STIM=4
9309226	42	RESP=2
9320992	42	STIM=4
9326853	42	RESP=2
9336164	42	STIM=y
9341877	42	RESP=1
9353738	42	STIM=y
9357153	42	RESP=1
9371490	42	STIM=o
9379605	42	RESP=1
9387382	42	STIM=e
9391972	42	RESP=1
9405018	42	STIM=d
9408129	42	RESP=1
9421520	42	STIM=e
9426503	42	RESP=2
9438221	42	STIM=q
9441623	42	RESP=1
9453970	42	STIM=r
9459026	42	RESP=1
9470547	42	STIM=i
9474421	42	RESP=1
9488693	42	STIM=u
9495750	42	RESP=1
9503831	42	STIM=n
9511666	42	RESP=1
9522437	42	STIM=z
9528273	42	RESP=1
9538353	42	STIM=2
9542585	42	RESP=2
9557332	42	STIM=p
9561929	42	RESP=1
9572537	42	STIM=a
9579636	42	RESP=1
9589724	42	STIM=r
9596269	42	RESP=1
9607978	42	STIM=b
9613443	42	RESP=1
9625110	42	STIM=h
9629197	42	RESP=1
9643949	42	STIM=u
9646859	42	RESP=1
9662812	42	STIM=h
9668181	42	RESP=1
9681458	42	STIM=q
9685961	42	RESP=2
9697538	42	STIM=d
9702521	42	RESP=2
9713341	42	STIM=6
9717882	42	RESP=2
9732120	42	STIM=a
9736994	42	RESP=1
9749550	42	STIM=1
9756047	42	RESP=1
9767204	42	STIM=e
9774219	42	RESP=1
9785750	42	STIM=i
9790845	42	RESP=1
9802471	42	STIM=t
9808355	42	RESP=1
9817720	42	STIM=r
9823639	42	RESP=1
9832912	42	STIM=c
9836863	42	RESP=1
9850003	42	STIM=e
9855100	42	RESP=1
9866857	42	STIM=s
9875879	42	RESP=1
9881928	42	STIM=5
9886957	42	RESP=2
9897453	42	STIM=l
9903597	42	RESP=1
9914917	42	STIM=y
9920385	42	RESP=1
9931065	42	STIM=b
9934921	42	RESP=1
9948403	42	STIM=a
9952506	42	RESP=1
9964770	42	STIM=t
9968838	42	RESP=1
9981292	42	STIM=n
9984602	42	RESP=1
9997332	42	STIM=v
10001676	42	RESP=1
10012663	42	STIM=d
10021951	42	RESP=1
10029194	42	STIM=o
10035601	42	RESP=1
10047228	42	STIM=2
10053461	42	RESP=2
10063686	42	STIM=q
10066480	42	RESP=1
10080244	42	STIM=9
10088704	42	RESP=2
10098039	42	STIM=s
10103974	42	RESP=1
10116116	42	STIM=7
10119419	42	RESP=2
10133549	42	STIM=k
10137846	42	RESP=1
10148962	42	STIM=x
10156049	42	RESP=1
10166745	42	STIM=r
10173007	42	RESP=1
10184401	42	STIM=0
10188493	42	RESP=2
10200524	42	STIM=5
10205987	42	RESP=2
10217764	42	STIM=r
10222250	42	RESP=1
10235909	42	STIM=s
10239020	42	RESP=1
10252419	42	STIM=l
10256789	42	RESP=1
10267732	42	STIM=k
10274063	42	RESP=2
10282769	42	STIM=c
10286422	42	RESP=1
10299867	42	STIM=d
10303782	42	RESP=1
10316262	42	STIM=d
10319450	42	RESP=1
10334531	42	STIM=d
10343645	42	RESP=1
10349796	42	STIM=t
10354432	42	RESP=1
10367579	42	STIM=k
10370877	42	RESP=2
10386013	42	STIM=r
10388422	42	RESP=1
10403355	42	STIM=4
10407492	42	RESP=2
10421524	42	STIM=u
10432096	42	RESP=1
10440092	42	STIM=k
10444749	42	RESP=1
10455924	42	STIM=c
10459748	42	RESP=1
10474851	42	STIM=r
10481786	42	RESP=1
10493200	42	STIM=k
10498971	42	RESP=1
10510492	42	STIM=3
10520307	42	RESP=2
10529137	42	STIM=r
10533399	42	RESP=2
10546275	42	STIM=s
10553437	42	RESP=1
10563444	42	STIM=y
10566729	42	RESP=1
10578633	42	STIM=j
10585896	42	RESP=1
10595388	42	STIM=1
10601173	42	RESP=1
10611886	42	STIM=j
10617849	42	RESP=1
10629298	42	STIM=o
10636028	42	RESP=1
10648156	42	STIM=q
10654800	42	RESP=1
10665470	42	STIM=s
10668308	42	RESP=1
10684380	42	STIM=b
10689331	42	RESP=1
10700677	42	STIM=x
10703915	42	RESP=1
10717977	42	STIM=3
10723014	42	RESP=2
10734170	42	STIM=1
10739030	42	RESP=2
10750534	42	STIM=u
10756401	42	RESP=1
10768684	42	STIM=c
10771580	42	RESP=1
10783848	42	STIM=j
10790256	42	RESP=2
10799803	42	STIM=b
10804325	42	RESP=1
10816556	42	STIM=j
10819977	42	RESP=1
10835231	42	STIM=z
10843176	42	RESP=1
10853566	42	STIM=z
10856662	42	RESP=1
10871386	42	STIM=o
10874795	42	RESP=1
10887069	42	STIM=x
10891994	42	RESP=1
10902178	42	STIM=u
10905834	42	RESP=1
10921107	42	STIM=g
10927589	42	RESP=1
10936775	42	STIM=v
10942601	42	RESP=1
10953030	42	STIM=a
10961592	42	RESP=1
10969162	42	STIM=z
10975044	42	RESP=1
10986515	42	STIM=c
10994441	42	RESP=1
11002341	42	STIM=r
11006486	42	RESP=1
11019216	42	STIM=j
11025071	42	RESP=1
11036603	42	STIM=b
11040777	42	RESP=1
11054182	42	STIM=h
11058233	42	RESP=2
11071067	42	STIM=x
11075277	42	RESP=1
11087498	42	STIM=u
11093495	42	RESP=1
11105252	42	STIM=i
11112891	42	RESP=1
11123300	42	STIM=g
11126950	42	RESP=1
11139236	42	STIM=1
11143817	42	RESP=2
11155086	42	STIM=g
11161572	42	RESP=1
11171605	42	STIM=4
11178364	42	RESP=2
11188550	42	STIM=o
11191757	42	RESP=1
11205400	42	STIM=i
11210132	42	RESP=1
11223962	42	STIM=x
11230932	42	RESP=1
11239746	42	STIM=m
11246129	42	RESP=1
11257740	42	STIM=v
11261586	42	RESP=2
11274208	42	STIM=m
11279347	42	RESP=1
11290940	42	STIM=z
11295346	42	RESP=1
11307093	42	STIM=q
11312091	42	RESP=1
11323334	42	STIM=v
11330635	42	RESP=1
11338566	42	STIM=k
11346949	42	RESP=1
11354568	42	STIM=l
11361600	42	RESP=1
11370970	42	STIM=0
11378827	42	RESP=2
11387511	42	STIM=i
11391750	42	RESP=1
11404778	42	STIM=u
11414631	42	RESP=1
11420889	42	STIM=g
11427283	42	RESP=1
11436609	42	STIM=t
11439270	42	RESP=1
11454435	42	STIM=l
11459484	42	RESP=1
11470136	42	STIM=9
11475487	42	RESP=2
11488097	42	STIM=a
11491396	42	RESP=1
11504049	42	STIM=y
11506890	42	RESP=1
11522903	42	STIM=r
11525580	42	RESP=1
11541065	42	STIM=v
11548033	42	RESP=1
11557697	42	STIM=h
11562529	42	RESP=1
11572900	42	STIM=c
11577410	42	RESP=1
11589251	42	STIM=t
11593088	42	RESP=1
11607562	42	STIM=h
11609984	42	RESP=1
11624833	42	STIM=h
11632953	42	RESP=1
11642151	42	STIM=y
11646059	42	RESP=1
11658923	42	STIM=e
11663312	42	RESP=1
11674919	42	STIM=9
11681350	42	RESP=2
11690746	42	STIM=k
11696213	42	RESP=1
11707005	42	STIM=s
11712877	42	RESP=2
11722167	42	STIM=x
11726121	42	RESP=1
11740189	42	STIM=d
11744132	42	RESP=1
11757139	42	STIM=v
11761028	42	RESP=2
11773302	42	STIM=f
11776125	42	RESP=1
11790408	42	STIM=w
11794965	42	RESP=1
11807540	42	STIM=1
11812742	42	RESP=2
11823497	42	STIM=i
11828396	42	RESP=1
11841981	42	STIM=6
11845829	42	RESP=2
11859658	42	STIM=9
11865990	42	RESP=2
11876071	42	STIM=y
11881658	42	RESP=1
11891750	42	STIM=s
11895194	42	RESP=1
11909850	42	STIM=p
11912882	42	RESP=1
11926326	42	STIM=w
11934692	42	RESP=1
11943514	42	STIM=b
11951396	42	RESP=1
11958648	42	STIM=n
11962072	42	RESP=1
11975103	42	STIM=q
11977967	42	RESP=2
11990812	42	STIM=h
11995577	42	RESP=1
12009229	42	STIM=9
12014573	42	RESP=2
12026313	42	STIM=0
12031568	42	RESP=2
12044460	42	STIM=y
12050134	42	RESP=1
12060300	42	STIM=5
12067052	42	RESP=2
12077632	42	STIM=x
12083536	42	RESP=1
12095450	42	STIM=z
12100131	42	RESP=1
12113442	42	STIM=f
12120267	42	RESP=1
12131029	42	STIM=y
12136054	42	RESP=1
12148300	42	STIM=z
12152533	42	RESP=1
12166220	42	STIM=o
12170137	42	RESP=1
12184711	42	STIM=x
12190955	42	RESP=1
12200402	42	STIM=p
12206315	42	RESP=1
12217603	42	STIM=p
12223007	42	RESP=1
12233125	42	STIM=i
12239958	42	RESP=1
12249485	42	STIM=1
12254557	42	RESP=2
12265646	42	STIM=3
12272127	42	RESP=2
12283872	42	STIM=e
12287116	42	RESP=1
12302821	42	STIM=p
12307823	42	RESP=1
12319463	42	STIM=i
12324921	42	RESP=1
12336148	42	STIM=p
12340012	42	RESP=1
12352939	42	STIM=7
12361257	42	RESP=2
12368961	42	STIM=d
12371852	42	RESP=1
12385668	42	STIM=e
12390612	42	RESP=1
12402040	42	STIM=a
12405906	42	RESP=1
12419670	42	STIM=n
12423916	42	RESP=1
12435256	42	STIM=5
12439612	42	RESP=1
12453795	42	STIM=7
12458478	42	RESP=2
12470836	42	STIM=t
12476492	42	RESP=1
12487398	42	STIM=u
12491269	42	RESP=1
12504884	42	STIM=0
12512353	42	RESP=2
12521827	42	STIM=i
12525570	42	RESP=1
12540119	42	STIM=x
12551726	42	RESP=1
12558102	42	STIM=p
12561460	42	RESP=2
12576956	42	STIM=j
12584573	42	RESP=1
12593823	42	STIM=n
12597741	42	RESP=1
12609294	42	STIM=c
12615365	42	RESP=2
12627580	42	STIM=y
12639879	42	RESP=1
12645382	42	STIM=j
12653527	42	RESP=1
12663055	42	STIM=q
12668178	42	RESP=1
12678930	42	STIM=k
12684493	42	RESP=1
12695322	42	STIM=q
12704202	42	RESP=1
12713459	42	STIM=n
12717869	42	RESP=1
12732127	42	STIM=y
12735086	42	RESP=1
12748526	42	STIM=l
12753761	42	RESP=1
12767072	42	STIM=r
12770463	42	RESP=1
12784728	42	STIM=r
12790447	42	RESP=1
12800616	42	STIM=g
12807132	42	RESP=1
12817901	42	STIM=2
12822673	42	RESP=2
12833677	42	STIM=d
12839435	42	RESP=1
12850295	42	STIM=o
12854957	42	RESP=1
12866372	42	STIM=l
12872049	42	RESP=1
12882057	42	STIM=f
12885335	42	RESP=1
12900942	42	STIM=9
12904278	42	RESP=2
12916753	42	STIM=g
12921377	42	RESP=1
12933175	42	STIM=6
12939758	42	RESP=2
12949318	42	STIM=0
12958028	42	RESP=2
12966081	42	STIM=t
12969612	42	RESP=1
12982779	42	STIM=q
12987570	42	RESP=1
13001497	42	STIM=n
13010053	42	RESP=1
13018460	42	STIM=n
13025302	42	RESP=1
13035891	42	STIM=v
13039423	42	RESP=1
13051713	42	STIM=8
13055296	42	RESP=2
13069464	42	STIM=3
13075604	42	RESP=2
13086535	42	STIM=h
13092667	42	RESP=1
13102814	42	STIM=w
13106611	42	RESP=1
13120533	42	STIM=i
13123559	42	RESP=1
13139160	42	STIM=p
13142513	42	RESP=1
13155981	42	STIM=p
13168403	42	RESP=1
13174534	42	STIM=d
13180776	42	RESP=1
13190530	42	STIM=a
13196578	42	RESP=1
13208343	42	STIM=y
13213645	42	RESP=1
13224339	42	STIM=q
13228357	42	RESP=2
13241740	42	STIM=g
13245313	42	RESP=2
13260712	42	STIM=6
13266176	42	RESP=2
13279080	42	STIM=0
13282801	42	RESP=2
13295296	42	STIM=a
13299041	42	RESP=1
13311099	42	STIM=o
13319482	42	RESP=1
13326135	42	STIM=2
13333382	42	RESP=2
13341751	42	STIM=e
13344740	42	RESP=1
13360443	42	STIM=u
13365268	42	RESP=1
13378093	42	STIM=0
13384279	42	RESP=2
13394558	42	STIM=o
13397144	42	RESP=1
13412166	42	STIM=r
13418248	42	RESP=1
13429335	42	STIM=g
13432596	42	RESP=1
13445905	42	STIM=8
13450858	42	RESP=2
13464274	42	STIM=s
13469651	42	RESP=1
13483204	42	STIM=i
13486415	42	RESP=1
13500220	42	STIM=r
13504241	42	RESP=1
13516616	42	STIM=m
13521749	42	RESP=1
13533353	42	STIM=s
13540958	42	RESP=1
13551909	42	STIM=i
13557983	42	RESP=1
13567884	42	STIM=u
13571043	42	RESP=1
13586564	42	STIM=7
13594526	42	RESP=2
13604255	42	STIM=w
13609945	42	RESP=1
13620713	42	STIM=w
13626407	42	RESP=1
13639086	42	STIM=h
13644868	42	RESP=1
13657858	42	STIM=y
13663891	42	RESP=1
13676020	42	STIM=y
13681194	42	RESP=1
13694939	42	STIM=p
13702574	42	RESP=1
13710910	42	STIM=x
13713793	42	RESP=1
13726728	42	STIM=f
13734247	42	RESP=1
13742459	42	STIM=p
13745931	42	RESP=1
13759609	42	STIM=o
13764673	42	RESP=1
13776254	42	STIM=f
13781023	42	RESP=1
13793131	42	STIM=l
13796270	42	RESP=1
13808445	42	STIM=e
13812115	42	RESP=1
13827214	42	STIM=s
13831119	42	RESP=1
13845431	42	STIM=s
13849800	42	RESP=1
13861874	42	STIM=w
13866692	42	RESP=1
13877143	42	STIM=m
13881248	42	RESP=1
13894240	42	STIM=y
13899992	42	RESP=1
13912758	42	STIM=m
13916051	42	RESP=1
13928938	42	STIM=o
13933994	42	RESP=1
13943962	42	STIM=6
13948145	42	RESP=2
13959368	42	STIM=z
13964724	42	RESP=1
13975638	42	STIM=e
13984201	42	RESP=1
13994227	42	STIM=6
13997986	42	RESP=2
14012656	42	STIM=e
14019253	42	RESP=1
14030987	42	STIM=5
14035925	42	RESP=2
14046970	42	STIM=6
14054530	42	RESP=2
14064785	42	STIM=7
14069291	42	RESP=1
14080190	42	STIM=p
14084995	42	RESP=1
14096220	42	STIM=q
14102435	42	RESP=1
14111525	42	STIM=d
14115755	42	RESP=1
14127451	42	STIM=i
14132918	42	RESP=1
14145736	42	STIM=k
14151244	42	RESP=1
14163410	42	STIM=h
14167715	42	RESP=1
14180444	42	STIM=5
14184609	42	RESP=2
14196082	42	STIM=q
14200963	42	RESP=1
14211235	42	STIM=l
14218925	42	RESP=2
14226611	42	STIM=g
14232306	42	RESP=1
14245030	42	STIM=l
14250278	42	RESP=1
14263933	42	STIM=t
14267649	42	RESP=1
14280056	42	STIM=c
14291682	42	RESP=1
14297689	42	STIM=9
14302619	42	RESP=2
14314043	42	STIM=e
14318442	42	RESP=1
14329542	42	STIM=e
14333543	42	RESP=1
14347078	42	STIM=r
14351999	42	RESP=1
14365152	42	STIM=p
14374236	42	RESP=1
14382071	42	STIM=t
14390072	42	RESP=1
14400199	42	STIM=w
14406112	42	RESP=1
14419102	42	STIM=c
14424581	42	RESP=1
14435077	42	STIM=i
14438916	42	RESP=1
14452993	42	STIM=s
14456085	42	RESP=1
14468126	42	STIM=n
14473188	42	RESP=1
14486786	42	STIM=l
14491718	42	RESP=1
14502177	42	STIM=p
14509610	42	RESP=1
14519490	42	STIM=g
14523413	42	RESP=1
14535393	42	STIM=z
14544983	42	RESP=1
14551029	42	STIM=d
14557058	42	RESP=1
14567978	42	STIM=b
14571212	42	RESP=1
14584420	42	STIM=u
14588900	42	RESP=1
14602088	42	STIM=4
14606270	42	RESP=2
14620956	42	STIM=i
14625476	42	RESP=1
14636452	42	STIM=n
14641371	42	RESP=1
14651582	42	STIM=v
14655743	42	RESP=1
14667693	42	STIM=v
14671864	42	RESP=1
14682892	42	STIM=o
14687091	42	RESP=2
14698340	42	STIM=c
14701424	42	RESP=1
14715560	42	STIM=c
14722301	42	RESP=1
14733993	42	STIM=d
14739732	42	RESP=1
14750723	42	STIM=g
14755651	42	RESP=1
14769296	42	STIM=k
14776828	42	RESP=1
14788010	42	STIM=t
14794885	42	RESP=1
14803704	42	STIM=c
14807241	42	RESP=1
14820470	42	STIM=6
14825098	42	RESP=2
14836572	42	STIM=a
14841606	42	RESP=1
14851962	42	STIM=u
14856658	42	RESP=1
14869174	42	STIM=r
14873414	42	RESP=1
14884390	42	STIM=e
14888315	42	RESP=1
14902377	42	STIM=3
14909550	42	RESP=2
14920115	42	STIM=8
14925855	42	RESP=2
14938484	42	STIM=p
14942718	42	RESP=1
14955714	42	STIM=s
14961920	42	RESP=1
14974026	42	STIM=j
14979441	42	RESP=1
14992068	42	STIM=k
14998225	42	RESP=1
15008556	42	STIM=q
15011658	42	RESP=1
15026527	42	STIM=t
15030447	42	RESP=1
15042449	42	STIM=b
15046909	42	RESP=1
15057933	42	STIM=c
15060768	42	RESP=1
15074633	42	STIM=k
15080162	42	RESP=1
15092753	42	STIM=c
15098691	42	RESP=1
15110853	42	STIM=h
15116244	42	RESP=1
15127781	42	STIM=1
15135604	42	RESP=2
15146338	42	STIM=p
15151567	42	RESP=1
15164132	42	STIM=5
15169464	42	RESP=2
15180106	42	STIM=e
15186586	42	RESP=1
15196404	42	STIM=8
15200641	42	RESP=2
15214152	42	STIM=s
15217639	42	RESP=1
15231134	42	STIM=l
15238714	42	RESP=1
15247346	42	STIM=b
15252998	42	RESP=1
15264033	42	STIM=4
15267466	42	RESP=2
15280859	42	STIM=l
15284579	42	RESP=2
15296798	42	STIM=x
15304694	42	RESP=1
15313944	42	STIM=g
15318516	42	RESP=1
15330285	42	STIM=a
15335014	42	RESP=1
15348699	42	STIM=d
15353531	42	RESP=1
15364932	42	STIM=p
15368736	42	RESP=1
15380566	42	STIM=i
15386222	42	RESP=1
15397084	42	STIM=n
15401011	42	RESP=1
15416066	42	STIM=8
15421239	42	RESP=2
15434040	42	STIM=j
15439317	42	RESP=1
15452397	42	STIM=4
15456292	42	RESP=2
15468763	42	STIM=5
15473757	42	RESP=2
15486286	42	STIM=v
15494340	42	RESP=1
15501823	42	STIM=u
15505948	42	RESP=1
15517085	42	STIM=m
15521262	42	RESP=1
15533978	42	STIM=f
15540725	42	RESP=1
15549977	42	STIM=l
15554587	42	RESP=1
15566099	42	STIM=q
15571505	42	RESP=1
15583714	42	STIM=g
15589466	42	RESP=1
15601081	42	STIM=m
15606114	42	RESP=1
15616368	42	STIM=m
15623436	42	RESP=1
15634668	42	STIM=8
15639590	42	RESP=2
15653489	42	STIM=x
15656000	42	RESP=1
15671078	42	STIM=b
15677690	42	RESP=1
15688923	42	STIM=4
15693788	42	RESP=2
15704099	42	STIM=y
15708589	42	RESP=1
15719622	42	STIM=j
15726245	42	RESP=1
15735694	42	STIM=x
15739620	42	RESP=1
15752741	42	STIM=0
15759168	42	RESP=2
15768679	42	STIM=t
15774159	42	RESP=1
15784208	42	STIM=i
15788768	42	RESP=1
15802658	42	STIM=j
15807906	42	RESP=1
15820678	42	STIM=9
15827333	42	RESP=2
15838221	42	STIM=r
15841421	42	RESP=1
15856568	42	STIM=y
15862848	42	RESP=1
15874610	42	STIM=j
15878969	42	RESP=1
15890227	42	STIM=i
15898556	42	RESP=1
15907159	42	STIM=q
15912157	42	RESP=1
15925224	42	STIM=5
15931333	42	RESP=2
15941777	42	STIM=d
15945605	42	RESP=1
15960455	42	STIM=y
15963796	42	RESP=1
15975683	42	STIM=y
15981215	42	RESP=1
15991488	42	STIM=v
15998143	42	RESP=1
16009723	42	STIM=v
16013884	42	RESP=1
16028305	42	STIM=z
16034500	42	RESP=1
16046440	42	STIM=i
16050222	42	RESP=1
16063177	42	STIM=w
16071478	42	RESP=1
16079461	42	STIM=t
16085531	42	RESP=1
16094718	42	STIM=d
16100496	42	RESP=1
16110094	42	STIM=n
16112577	42	RESP=1
16128271	42	STIM=q
16133726	42	RESP=1
16146797	42	STIM=j
16151995	42	RESP=1
16165355	42	STIM=n
16170820	42	RESP=1
16184175	42	STIM=z
16189747	42	RESP=1
16201637	42	STIM=b
16204441	42	RESP=1
16217916	42	STIM=h
16221779	42	RESP=1
16235109	42	STIM=0
16242433	42	RESP=2
16253812	42	STIM=i
16260268	42	RESP=1
16272189	42	STIM=s
16277250	42	RESP=1
16289138	42	STIM=m
16292824	42	RESP=1
16305685	42	STIM=8
16311626	42	RESP=2
16321383	42	STIM=m
16325390	42	RESP=1
16337412	42	STIM=7
16341489	42	RESP=2
16356017	42	STIM=6
16361156	42	RESP=2
16374918	42	STIM=8
16380632	42	RESP=2
16392109	42	STIM=6
16396752	42	RESP=2
16408651	42	STIM=f
16417352	42	RESP=1
16426925	42	STIM=p
16431297	42	RESP=1
16442779	42	STIM=d
16447353	42	RESP=1
16459048	42	STIM=3
16467328	42	RESP=2
16476029	42	STIM=h
16482798	42	RESP=1
16491544	42	STIM=n
16499082	42	RESP=1
16510405	42	STIM=3
16515957	42	RESP=2
16526214	42	STIM=7
16533813	42	RESP=2
16542690	42	STIM=i
16547024	42	RESP=1
16561173	42	STIM=t
16564138	42	RESP=1
16579280	42	STIM=x
16585153	42	RESP=1
16595928	42	STIM=i
16598425	42	RESP=1
16611583	42	STIM=o
16618856	42	RESP=2
16629930	42	STIM=k
16635321	42	RESP=1
16648552	42	STIM=b
16651890	42	RESP=1
16664558	42	STIM=3
16670252	42	RESP=2
16682259	42	STIM=a
16685110	42	RESP=1
16699073	42	STIM=9
16704083	42	RESP=2
16714469	42	STIM=v
16719616	42	RESP=1
16731030	42	STIM=0
16736103	42	RESP=2
16749831	42	STIM=o
16755490	42	RESP=1
16765905	42	STIM=0
16773432	42	RESP=2
16780971	42	STIM=k
16788454	42	RESP=1
16796830	42	STIM=l
16800824	42	RESP=1
16813378	42	STIM=v
16819864	42	RESP=1
16829344	42	STIM=e
16832695	42	RESP=1
16845664	42	STIM=3
16849355	42	RESP=1
16860864	42	STIM=m
16863780	42	RESP=1
16879556	42	STIM=p
16884913	42	RESP=1
16897603	42	STIM=l
16901857	42	RESP=1
16915159	42	STIM=i
16920293	42	RESP=1
16931523	42	STIM=w
16934292	42	RESP=1
16949646	42	STIM=f
16954944	42	RESP=1
16964881	42	STIM=4
16970293	42	RESP=1
16983849	42	STIM=y
16989962	42	RESP=1
16998901	42	STIM=o
17006941	42	RESP=1
17017740	42	STIM=7
17026544	42	RESP=2
17036207	42	STIM=7
17043703	42	RESP=2
17052887	42	STIM=f
17057053	42	RESP=1
17068004	42	STIM=y
17075713	42	RESP=1
17085424	42	STIM=d
17093638	42	RESP=1
17103865	42	STIM=i
17107833	42	RESP=1
17120410	42	STIM=b
17124440	42	RESP=1
17137685	42	STIM=f
17141840	42	RESP=1
17155781	42	STIM=x
17159657	42	RESP=1
17173640	42	STIM=o
17178889	42	RESP=1
17189723	42	STIM=2
17196466	42	RESP=2
17205344	42	STIM=1
17209811	42	RESP=2
17222362	42	STIM=c
17225736	42	RESP=1
17240241	42	STIM=7
17245390	42	RESP=2
17256440	42	STIM=7
17261293	42	RESP=2
17271948	42	STIM=b
17277683	42	RESP=1
17288891	42	STIM=v
17295986	42	RESP=1
17305290	42	STIM=b
17309541	42	RESP=1
17321230	42	STIM=i
17326967	42	RESP=1
17339890	42	STIM=g
17346091	42	RESP=1
17357782	42	STIM=g
17362296	42	RESP=1
17376745	42	STIM=m
17382533	42	RESP=1
17393701	42	STIM=d
17398369	42	RESP=1
17411835	42	STIM=1
17419548	42	RESP=2
17427533	42	STIM=w
17431968	42	RESP=1
17444472	42	STIM=a
17447766	42	RESP=1
17462150	42	STIM=l
17467220	42	RESP=1
17480645	42	STIM=a
17486518	42	RESP=1
17496586	42	STIM=q
17501931	42	RESP=1
17513845	42	STIM=j
17517935	42	RESP=1
17531250	42	STIM=w
17534172	42	RESP=2
17547240	42	STIM=k
17553734	42	RESP=1
17564101	42	STIM=w
17572092	42	RESP=1
17581572	42	STIM=n
17586153	42	RESP=1
17598644	42	STIM=8
17604202	42	RESP=2
17617415	42	STIM=z
17622022	42	RESP=1
17632461	42	STIM=e
17635000	42	RESP=1
17650729	42	STIM=q
17655875	42	RESP=1
17669000	42	STIM=g
17673428	42	RESP=1
17684201	42	STIM=m
17689885	42	RESP=1
17701864	42	STIM=z
17705555	42	RESP=1
17717832	42	STIM=r
17722472	42	RESP=1
17733255	42	STIM=9
17739865	42	RESP=1
17748920	42	STIM=y
17754084	42	RESP=1
17764550	42	STIM=p
17772233	42	RESP=1
17780955	42	STIM=8
17785775	42	RESP=2
17797092	42	STIM=9
17801441	42	RESP=2
17815545	42	STIM=q
17822194	42	RESP=1
17832867	42	STIM=e
17838137	42	RESP=1
17851100	42	STIM=w
17857329	42	RESP=1
17866415	42	STIM=l
17870463	42	RESP=1
17883525	42	STIM=q
17886352	42	RESP=1
17900131	42	STIM=4
17906820	42	RESP=2
17915231	42	STIM=k
17918478	42	RESP=1
17930234	42	STIM=m
17934413	42	RESP=1
17948841	42	STIM=z
17956691	42	RESP=1
17964126	42	STIM=w
17967168	42	RESP=1
17980352	42	STIM=f
17986118	42	RESP=1
17996009	42	STIM=g
18000048	42	RESP=1
18014196	42	STIM=v
18018470	42	RESP=1
18030252	42	STIM=0
18034314	42	RESP=2
18047702	42	STIM=p
18051791	42	RESP=1
18065153	42	STIM=8
18070529	42	RESP=2
18083601	42	STIM=o
18094542	42	RESP=1
18101630	42	STIM=s
18104158	42	RESP=1
18118551	42	STIM=3
18125480	42	RESP=2
18133743	42	STIM=1
18139079	42	RESP=2
18151018	42	STIM=a
18154863	42	RESP=2
18167443	42	STIM=u
18172867	42	RESP=1
18182986	42	STIM=a
18187291	42	RESP=1
18201948	42	STIM=o
18207097	42	RESP=1
18219967	42	STIM=q
18226875	42	RESP=1
18238560	42	STIM=s
18242362	42	RESP=2
18257353	42	STIM=y
18262995	42	RESP=1
18273802	42	STIM=c
18277960	42	RESP=1
18290864	42	STIM=x
18296374	42	RESP=1
18309314	42	STIM=x
18315470	42	RESP=1
18327416	42	STIM=f
18330919	42	RESP=1
18344394	42	STIM=g
18348501	42	RESP=1
18361231	42	STIM=t
18364123	42	RESP=1
18379177	42	STIM=e
18386467	42	RESP=1
18396621	42	STIM=j
18400998	42	RESP=1
18414369	42	STIM=r
18417413	42	RESP=1
18432212	42	STIM=w
18436623	42	RESP=1
18450657	42	STIM=a
18454149	42	RESP=1
18469285	42	STIM=2
18474484	42	RESP=1
18487807	42	STIM=f
18491210	42	RESP=1
18504414	42	STIM=i
18510360	42	RESP=1
18519824	42	STIM=f
18524465	42	RESP=1
18537167	42	STIM=7
18540599	42	RESP=2
18554339	42	STIM=b
18557772	42	RESP=1
18570669	42	STIM=o
18575623	42	RESP=2
18587589	42	STIM=w
18590884	42	RESP=1
18602901	42	STIM=j
18608947	42	RESP=1
18620338	42	STIM=r
18629301	42	RESP=1
18638124	42	STIM=g
18645595	42	RESP=1
18653295	42	STIM=f
18655979	42	RESP=1
18668430	42	STIM=j
18671696	42	RESP=1
18687065	42	STIM=2
18691792	42	RESP=1
18705591	42	STIM=a
18709473	42	RESP=1
18720976	42	STIM=a
18725826	42	RESP=1
18737786	42	STIM=q
18748205	42	RESP=1
18755114	42	STIM=6
18760279	42	RESP=2
18771415	42	STIM=3
18777306	42	RESP=2
18790397	42	STIM=h
18794815	42	RESP=1
18807524	42	STIM=3
18813239	42	RESP=2
18824525	42	STIM=l
18830086	42	RESP=1
18842991	42	STIM=w
18849939	42	RESP=1
18858266	42	STIM=o
18864001	42	RESP=1
18875879	42	STIM=t
18878677	42	RESP=1
18892535	42	STIM=x
18896229	42	RESP=1
18907887	42	STIM=s
18911557	42	RESP=2
18924084	42	STIM=4
18929081	42	RESP=2
18942224	42	STIM=w
18946174	42	RESP=1
18960543	42	STIM=3
18966392	42	RESP=2
18977685	42	STIM=l
18981147	42	RESP=1
18995007	42	STIM=y
19000353	42	RESP=1
19011425	42	STIM=u
19015852	42	RESP=1
19030389	42	STIM=r
19035605	42	RESP=1
19049198	42	STIM=r
19052842	42	RESP=1
19067289	42	STIM=o
19073216	42	RESP=2
19084425	42	STIM=h
19087759	42	RESP=1
19102349	42	STIM=2
19106510	42	RESP=1
19119032	42	STIM=n
19122906	42	RESP=1
19136906	42	STIM=8
19145175	42	RESP=2
19155247	42	STIM=9
19159814	42	RESP=1
19173505	42	STIM=1
19181409	42	RESP=2
19190859	42	STIM=g
19199215	42	RESP=1
19208457	42	STIM=3
19211952	42	RESP=2
19226088	42	STIM=v
19229457	42	RESP=1
19241529	42	STIM=e
19245590	42	RESP=1
19257218	42	STIM=i
19260105	42	RESP=1
19272403	42	STIM=k
19276166	42	RESP=1
19288403	42	STIM=a
19290758	42	RESP=1
19306511	42	STIM=s
19310533	42	RESP=1
19322106	42	STIM=q
19326587	42	RESP=1
19340940	42	STIM=i
19348325	42	RESP=1
19357649	42	STIM=1
19363305	42	RESP=1
19375156	42	STIM=f
19378865	42	RESP=1
19392085	42	STIM=s
19395575	42	RESP=1
19410065	42	STIM=1
19413663	42	RESP=2
19426786	42	STIM=u
19430172	42	RESP=1
19445314	42	STIM=5
19453432	42	RESP=2
19460865	42	STIM=p
19465181	42	RESP=1
19479481	42	STIM=u
19484417	42	RESP=1
19496544	42	STIM=i
19501164	42	RESP=1
19515140	42	STIM=v
19518722	42	RESP=1
19530400	42	STIM=o
19535079	42	RESP=1
19545871	42	STIM=i
19551574	42	RESP=1
19562497	42	STIM=o
19567365	42	RESP=1
19581126	42	STIM=4
19585873	42	RESP=2
19599711	42	STIM=c
19604600	42	RESP=1
19616128	42	STIM=0
19621971	42	RESP=2
19634582	42	STIM=a
19638590	42	RESP=1
19650266	42	STIM=9
19655487	42	RESP=1
19666702	42	STIM=7
19672110	42	RESP=2
19682328	42	STIM=a
19685383	42	RESP=1
19697410	42	STIM=p
19702637	42	RESP=1
19716313	42	STIM=7
19722477	42	RESP=2
19734478	42	STIM=q
19742715	42	RESP=1
19749804	42	STIM=4
19757909	42	RESP=2
19765939	42	STIM=j
19773526	42	RESP=1
19784021	42	STIM=3
19789477	42	RESP=2
19803014	42	STIM=c
19807245	42	RESP=1
19821694	42	STIM=w
19826217	42	RESP=2
19837579	42	STIM=m
19841013	42	RESP=1
19855533	42	STIM=n
19862170	42	RESP=1
19871796	42	STIM=0
19877895	42	RESP=2
19890470	42	STIM=j
19897748	42	RESP=1
19907279	42	STIM=k
19916298	42	RESP=1
19922672	42	STIM=s
19925852	42	RESP=1
19938922	42	STIM=7
19944241	42	RESP=2
19955975	42	STIM=9
19962893	42	RESP=2
19972446	42	STIM=g
19976856	42	RESP=1
19989336	42	STIM=f
19994682	42	RESP=1
20005987	42	STIM=h
20010939	42	RESP=1
20023566	42	STIM=l
20028444	42	RESP=1
20039835	42	STIM=v
20045934	42	RESP=1
20058659	42	STIM=i
20065332	42	RESP=1
20075871	42	STIM=y
20079256	42	RESP=1
20094218	42	STIM=1
20098761	42	RESP=2
20111035	42	STIM=9
20114949	42	RESP=2
20128007	42	STIM=b
20138765	42	RESP=1
20145302	42	STIM=0
20151793	42	RESP=2
20162494	42	STIM=2
20167236	42	RESP=2
20180501	42	STIM=e
20182925	42	RESP=1
20199497	42	STIM=3
20206192	42	RESP=2
20216096	42	STIM=7
20222342	42	RESP=2
20232969	42	STIM=x
20236991	42	RESP=1
20248162	42	STIM=w
20251668	42	RESP=1
20266194	42	STIM=d
20272631	42	RESP=1
20282335	42	STIM=w
20285323	42	RESP=1
20300642	42	STIM=x
20306917	42	RESP=1
20316536	42	STIM=w
20319828	42	RESP=1
20332499	42	STIM=q
20337758	42	RESP=1
20350868	42	STIM=3
20356681	42	RESP=2
20366315	42	STIM=u
20373418	42	RESP=1
20382694	42	STIM=w
20385716	42	RESP=1
20400313	42	STIM=p
20408005	42	RESP=1
20415604	42	STIM=o
20419623	42	RESP=2
20431192	42	STIM=l
20436004	42	RESP=1
20449438	42	STIM=b
20454419	42	RESP=1
20466329	42	STIM=f
20473246	42	RESP=1
20481596	42	STIM=1
20488703	42	RESP=2
20499372	42	STIM=u
20505150	42	RESP=1
20515507	42	STIM=z
20520435	42	RESP=1
20533385	42	STIM=j
20538071	42	RESP=1
20550171	42	STIM=r
20555650	42	RESP=1
20565983	42	STIM=4
20571327	42	RESP=2
20583442	42	STIM=2
20588800	42	RESP=1
20598872	42	STIM=h
20604851	42	RESP=1
20617731	42	STIM=b
20620696	42	RESP=1
20633320	42	STIM=5
20639048	42	RESP=2
20648479	42	STIM=x
20650804	42	RESP=1
20666612	42	STIM=w
20670417	42	RESP=1
20682697	42	STIM=p
20686087	42	RESP=1
20699863	42	STIM=z
20707211	42	RESP=1
20717710	42	STIM=5
20721408	42	RESP=2
20736537	42	STIM=5
20741452	42	RESP=2
20753582	42	STIM=x
20758320	42	RESP=1
20770291	42	STIM=m
20775128	42	RESP=1
20788110	42	STIM=8
20793196	42	RESP=2
20804111	42	STIM=t
20814289	42	RESP=1
20820921	42	STIM=b
20825436	42	RESP=1
20837400	42	STIM=s
20841452	42	RESP=1
20855393	42	STIM=i
20859599	42	RESP=1
20872985	42	STIM=f
20879592	42	RESP=1
20890793	42	STIM=3
20893793	42	RESP=2
20907065	42	STIM=r
20912804	42	RESP=1
20925559	42	STIM=d
20931125	42	RESP=1
20942737	42	STIM=f
20948254	42	RESP=1
20960947	42	STIM=n
20964648	42	RESP=1
20977458	42	STIM=o
20980623	42	RESP=1
20996305	42	STIM=7
21000485	42	RESP=2
21011961	42	STIM=1
21016556	42	RESP=2
21027408	42	STIM=v
21033369	42	RESP=1
21045698	42	STIM=j
21051234	42	RESP=1
21063856	42	STIM=i
21067601	42	RESP=1
21079043	42	STIM=d
21084786	42	RESP=1
21095011	42	STIM=w
21101861	42	RESP=1
21112704	42	STIM=h
21118729	42	RESP=1
21128904	42	STIM=g
21137035	42	RESP=1
21144186	42	STIM=p
21148277	42	RESP=1
21159293	42	STIM=x
21162663	42	RESP=2
21178167	42	STIM=8
21184021	42	RESP=2
21196541	42	STIM=n
21199696	42	RESP=1
21214980	42	STIM=j
21219251	42	RESP=1
21233945	42	STIM=y
21239346	42	RESP=1
21250337	42	STIM=k
21255778	42	RESP=1
21267483	42	STIM=f
21272145	42	RESP=1
21283278	42	STIM=d
21286797	42	RESP=1
21299620	42	STIM=k
21302716	42	RESP=1
21317904	42	STIM=g
21321574	42	RESP=1
21333287	42	STIM=k
21337213	42	RESP=1
21350413	42	STIM=l
21354859	42	RESP=2
21368764	42	STIM=p
21372994	42	RESP=1
21384916	42	STIM=n
21388301	42	RESP=1
21403497	42	STIM=g
21406009	42	RESP=1
21421764	42	STIM=t
21426641	42	RESP=1
21438373	42	STIM=w
21446093	42	RESP=1
21453413	42	STIM=p
21457675	42	RESP=1
21470433	42	STIM=5
21475005	42	RESP=2
21487449	42	STIM=m
21491350	42	RESP=1
21504237	42	STIM=v
21510023	42	RESP=1
21521724	42	STIM=f
21524631	42	RESP=1
21539499	42	STIM=u
21543607	42	RESP=1
21554637	42	STIM=g
21557827	42	RESP=1
21573256	42	STIM=p
21581620	42	RESP=1
21588777	42	STIM=c
21593797	42	RESP=1
21604508	42	STIM=8
21610191	42	RESP=2
21621516	42	STIM=d
21626573	42	RESP=1
21639601	42	STIM=g
21644158	42	RESP=1
21658068	42	STIM=r
21661360	42	RESP=2
21676990	42	STIM=w
21680917	42	RESP=1
21692525	42	STIM=p
21696291	42	RESP=1
21708097	42	STIM=v
21711972	42	RESP=1
21723283	42	STIM=w
21728921	42	RESP=1
