# Original filename: 0031_ALX_2017-01-04.log
# Time unit: 100 us
# RARECAT=digit
#
# Time	HHGG	Event
37466	42	STIM=s
43932	42	RESP=1
55351	42	STIM=x
61312	42	RESP=1
72203	42	STIM=b
75181	42	RESP=1
89650	42	STIM=5
94905	42	RESP=2
105866	42	STIM=4
111422	42	RESP=1
122521	42	STIM=d
126752	42	RESP=1
137706	42	STIM=h
144749	42	RESP=1
153516	42	STIM=n
158506	42	RESP=1
169110	42	STIM=e
176077	42	RESP=1
186767	42	STIM=9
195838	42	RESP=2
203035	42	STIM=p
208559	42	RESP=1
218984	42	STIM=l
222431	42	RESP=1
236140	42	STIM=u
239149	42	RESP=1
251145	42	STIM=n
256410	42	RESP=1
267221	42	STIM=t
269992	42	RESP=1
285905	42	STIM=i
291258	42	RESP=1
301213	42	STIM=p
306821	42	RESP=1
319726	42	STIM=i
326220	42	RESP=1
335859	42	STIM=d
346300	42	RESP=2
352459	42	STIM=m
358394	42	RESP=1
369805	42	STIM=2
375540	42	RESP=2
388062	42	STIM=y
392788	42	RESP=1
405649	42	STIM=i
409240	42	RESP=1
422274	42	STIM=a
428165	42	RESP=1
437982	42	STIM=n
443585	42	RESP=1
455584	42	STIM=v
463101	42	RESP=1
472432	42	STIM=p
479987	42	RESP=1
488355	42	STIM=u
494405	42	RESP=2
506544	42	STIM=6
518608	42	RESP=2
523939	42	STIM=p
529378	42	RESP=1
540797	42	STIM=l
548767	42	RESP=1
558320	42	STIM=5
563580	42	RESP=2
574975	42	STIM=9
581729	42	RESP=2
591936	42	STIM=h
597643	42	RESP=1
607871	42	STIM=b
615870	42	RESP=1
625462	42	STIM=m
631865	42	RESP=1
643532	42	STIM=r
647790	42	RESP=1
660524	42	STIM=w
665962	42	RESP=1
676612	42	STIM=2
680420	42	RESP=2
692939	42	STIM=d
700827	42	RESP=1
708029	42	STIM=l
717176	42	RESP=1
723731	42	STIM=h
729436	42	RESP=1
739260	42	STIM=f
743945	42	RESP=1
756950	42	STIM=k
763556	42	RESP=1
775682	42	STIM=o
782792	42	RESP=1
792246	42	STIM=u
799346	42	RESP=1
810970	42	STIM=h
815996	42	RESP=1
826305	42	STIM=1
832454	42	RESP=2
844082	42	STIM=w
848595	42	RESP=1
861429	42	STIM=8
866998	42	RESP=2
878693	42	STIM=8
890034	42	RESP=2
895979	42	STIM=6
901121	42	RESP=2
914217	42	STIM=w
918486	42	RESP=1
932575	42	STIM=c
936098	42	RESP=1
949130	42	STIM=a
952911	42	RESP=1
967102	42	STIM=3
971736	42	RESP=1
984412	42	STIM=v
990183	42	RESP=1
1002391	42	STIM=t
1006034	42	RESP=1
1019067	42	STIM=5
1025790	42	RESP=2
1034216	42	STIM=j
1038412	42	RESP=1
1049302	42	STIM=m
1055818	42	RESP=1
1064580	42	STIM=h
1069734	42	RESP=1
1081023	42	STIM=r
1087903	42	RESP=1
1098175	42	STIM=g
1101239	42	RESP=1
1114691	42	STIM=2
1125218	42	RESP=2
1130256	42	STIM=i
1135776	42	RESP=1
1147867	42	STIM=k
1156206	42	RESP=1
1164904	42	STIM=f
1170173	42	RESP=1
1179949	42	STIM=w
1184290	42	RESP=1
1195293	42	STIM=i
1199761	42	RESP=1
1210917	42	STIM=5
1217682	42	RESP=2
1229274	42	STIM=0
1236960	42	RESP=1
1245819	42	STIM=f
1248751	42	RESP=1
1263546	42	STIM=r
1267546	42	RESP=1
1281530	42	STIM=m
1287460	42	RESP=1
1297236	42	STIM=u
1301951	42	RESP=1
1315292	42	STIM=u
1327216	42	RESP=1
1333658	42	STIM=z
1337931	42	RESP=1
1350908	42	STIM=e
1354256	42	RESP=1
1366396	42	STIM=i
1373411	42	RESP=1
1384189	42	STIM=g
1391188	42	RESP=1
1401385	42	STIM=d
1406194	42	RESP=1
1419912	42	STIM=q
1425271	42	RESP=1
1438829	42	STIM=j
1450592	42	RESP=1
1455639	42	STIM=h
1462558	42	RESP=1
1474521	42	STIM=y
1481261	42	RESP=1
1490822	42	STIM=c
1494500	42	RESP=1
1506574	42	STIM=5
1514879	42	RESP=2
1524377	42	STIM=s
1531764	42	RESP=1
1543158	42	STIM=h
1549776	42	RESP=1
1560660	42	STIM=n
1567142	42	RESP=1
1577574	42	STIM=r
1585791	42	RESP=1
1593105	42	STIM=g
1596087	42	RESP=1
1609391	42	STIM=v
1614509	42	RESP=1
1628096	42	STIM=m
1633019	42	RESP=1
1646973	42	STIM=f
1650725	42	RESP=1
1665947	42	STIM=t
1674724	42	RESP=1
1684670	42	STIM=f
1692382	42	RESP=1
1699734	42	STIM=7
1704684	42	RESP=2
1716273	42	STIM=c
1722800	42	RESP=1
1732320	42	STIM=g
1736908	42	RESP=1
1748334	42	STIM=y
1754841	42	RESP=1
1766264	42	STIM=v
1772646	42	RESP=1
1781879	42	STIM=1
1789765	42	RESP=2
1799499	42	STIM=1
1806338	42	RESP=1
1814807	42	STIM=4
1821665	42	RESP=2
1833294	42	STIM=g
1841149	42	RESP=1
1851376	42	STIM=c
1856465	42	RESP=1
1869018	42	STIM=n
1874426	42	RESP=2
1884750	42	STIM=v
1894069	42	RESP=1
1900236	42	STIM=l
1909140	42	RESP=1
1917756	42	STIM=t
1928381	42	RESP=1
1934770	42	STIM=o
1941471	42	RESP=2
1950324	42	STIM=b
1955192	42	RESP=1
1966898	42	STIM=u
1972256	42	RESP=1
1982216	42	STIM=7
1989952	42	RESP=2
1997728	42	STIM=u
2003793	42	RESP=1
2016541	42	STIM=p
2022633	42	RESP=1
2033060	42	STIM=g
2039075	42	RESP=1
2048081	42	STIM=v
2051856	42	RESP=1
2063478	42	STIM=2
2068004	42	RESP=2
2082336	42	STIM=2
2090276	42	RESP=2
2100689	42	STIM=v
2103641	42	RESP=1
2117576	42	STIM=m
2121986	42	RESP=1
2133202	42	STIM=z
2137489	42	RESP=1
2149555	42	STIM=5
2155446	42	RESP=2
2165727	42	STIM=l
2170174	42	RESP=2
2183368	42	STIM=j
2188750	42	RESP=1
2202147	42	STIM=j
2206676	42	RESP=1
2219946	42	STIM=i
2226070	42	RESP=1
2238383	42	STIM=q
2245989	42	RESP=1
2255814	42	STIM=h
2258939	42	RESP=1
2274789	42	STIM=l
2281096	42	RESP=1
2289819	42	STIM=5
2295549	42	RESP=2
2305406	42	STIM=q
2314318	42	RESP=1
2322993	42	STIM=u
2329360	42	RESP=1
2339874	42	STIM=k
2351575	42	RESP=1
2357083	42	STIM=5
2366306	42	RESP=2
2373571	42	STIM=u
2377372	42	RESP=1
2388815	42	STIM=3
2396736	42	RESP=2
2405649	42	STIM=p
2410418	42	RESP=1
2422230	42	STIM=z
2426796	42	RESP=1
2439379	42	STIM=w
2447290	42	RESP=1
2456180	42	STIM=u
2460792	42	RESP=1
2472022	42	STIM=2
2478834	42	RESP=2
2489930	42	STIM=t
2493090	42	RESP=1
2506464	42	STIM=8
2511782	42	RESP=2
2522387	42	STIM=b
2528428	42	RESP=1
2539443	42	STIM=0
2543660	42	RESP=2
2556055	42	STIM=1
2562928	42	RESP=2
2572259	42	STIM=2
2578256	42	RESP=2
2588903	42	STIM=k
2592358	42	RESP=1
2605406	42	STIM=v
2611933	42	RESP=1
2622271	42	STIM=r
2626782	42	RESP=1
2638862	42	STIM=d
2643322	42	RESP=1
2654188	42	STIM=a
2660089	42	RESP=1
2671446	42	STIM=s
2676785	42	RESP=1
2689066	42	STIM=m
2694635	42	RESP=1
2704893	42	STIM=6
2712175	42	RESP=2
2720849	42	STIM=6
2728226	42	RESP=2
2737860	42	STIM=w
2748149	42	RESP=1
2754081	42	STIM=m
2758203	42	RESP=1
2769994	42	STIM=i
2773967	42	RESP=1
2787008	42	STIM=i
2791910	42	RESP=1
2803680	42	STIM=9
2809809	42	RESP=2
2820196	42	STIM=c
2824251	42	RESP=1
2837207	42	STIM=n
2846096	42	RESP=1
2854426	42	STIM=h
2861301	42	RESP=1
2872233	42	STIM=t
2875611	42	RESP=1
2890616	42	STIM=t
2896933	42	RESP=1
2909497	42	STIM=a
2914940	42	RESP=1
2926081	42	STIM=5
2937657	42	RESP=2
2943586	42	STIM=2
2948998	42	RESP=2
2958633	42	STIM=e
2963096	42	RESP=1
2976804	42	STIM=q
2980590	42	RESP=1
2992677	42	STIM=w
2999238	42	RESP=1
3009744	42	STIM=s
3015622	42	RESP=1
3027813	42	STIM=5
3033720	42	RESP=2
3046538	42	STIM=t
3050580	42	RESP=1
3065409	42	STIM=4
3072895	42	RESP=2
3081538	42	STIM=v
3089965	42	RESP=1
3099768	42	STIM=x
3103361	42	RESP=1
3116330	42	STIM=i
3120443	42	RESP=1
3134006	42	STIM=0
3143867	42	RESP=2
3150329	42	STIM=a
3156680	42	RESP=1
3166260	42	STIM=o
3169851	42	RESP=1
3184264	42	STIM=i
3189471	42	RESP=1
3199385	42	STIM=a
3202537	42	RESP=1
3214647	42	STIM=b
3224079	42	RESP=1
3232489	42	STIM=c
3240514	42	RESP=1
3248312	42	STIM=d
3254002	42	RESP=1
3266495	42	STIM=8
3272895	42	RESP=2
3282981	42	STIM=i
3287889	42	RESP=1
3300570	42	STIM=i
3305866	42	RESP=1
3316002	42	STIM=w
3322680	42	RESP=1
3333269	42	STIM=g
3337667	42	RESP=1
3352025	42	STIM=x
3358776	42	RESP=1
3369587	42	STIM=z
3378618	42	RESP=2
3387212	42	STIM=d
3392708	42	RESP=1
3403744	42	STIM=b
3411340	42	RESP=1
3419894	42	STIM=l
3425874	42	RESP=1
3437959	42	STIM=b
3441207	42	RESP=1
3454588	42	STIM=2
3462004	42	RESP=2
3471363	42	STIM=y
3475684	42	RESP=1
3489315	42	STIM=w
3492427	42	RESP=1
3505142	42	STIM=z
3509964	42	RESP=1
3523573	42	STIM=6
3530683	42	RESP=2
3539424	42	STIM=x
3545308	42	RESP=1
3554869	42	STIM=p
3560384	42	RESP=1
3570627	42	STIM=v
3574757	42	RESP=1
3588308	42	STIM=7
3593154	42	RESP=1
3606075	42	STIM=d
3613532	42	RESP=1
3624356	42	STIM=i
3630361	42	RESP=1
3643146	42	STIM=y
3648882	42	RESP=1
3659060	42	STIM=j
3662334	42	RESP=1
3676644	42	STIM=6
3681644	42	RESP=2
3693255	42	STIM=b
3700083	42	RESP=1
3708328	42	STIM=v
3712402	42	RESP=1
3725363	42	STIM=2
3729721	42	RESP=1
3741922	42	STIM=n
3747062	42	RESP=1
3758599	42	STIM=k
3761995	42	RESP=1
3776178	42	STIM=2
3781095	42	RESP=2
3792315	42	STIM=r
3797865	42	RESP=1
3810069	42	STIM=k
3812740	42	RESP=1
3826692	42	STIM=2
3831156	42	RESP=2
3845592	42	STIM=f
3852653	42	RESP=1
3862545	42	STIM=m
3871938	42	RESP=1
3879005	42	STIM=7
3885068	42	RESP=2
3895206	42	STIM=j
3898266	42	RESP=1
3911335	42	STIM=o
3917366	42	RESP=1
3928291	42	STIM=b
3935993	42	RESP=1
3944551	42	STIM=n
3953753	42	RESP=1
3961784	42	STIM=4
3968225	42	RESP=2
3980374	42	STIM=8
3988553	42	RESP=2
3995819	42	STIM=t
4000518	42	RESP=1
4013295	42	STIM=6
4017196	42	RESP=2
4030777	42	STIM=w
4034350	42	RESP=1
4047724	42	STIM=4
4055769	42	RESP=2
4063850	42	STIM=n
4068040	42	RESP=1
4082727	42	STIM=e
4087170	42	RESP=1
4098128	42	STIM=c
4104198	42	RESP=1
4113267	42	STIM=s
4119063	42	RESP=2
4129238	42	STIM=8
4136977	42	RESP=2
4147794	42	STIM=j
4151798	42	RESP=1
4163764	42	STIM=y
4168407	42	RESP=1
4178834	42	STIM=0
4183036	42	RESP=1
4195853	42	STIM=6
4204483	42	RESP=2
4214192	42	STIM=6
4219905	42	RESP=1
4230754	42	STIM=x
4236507	42	RESP=1
4246707	42	STIM=g
4253247	42	RESP=1
4263406	42	STIM=q
4271134	42	RESP=1
4281755	42	STIM=j
4287339	42	RESP=1
4298705	42	STIM=o
4306736	42	RESP=1
4316770	42	STIM=6
4322730	42	RESP=2
4332787	42	STIM=q
4338982	42	RESP=2
4350396	42	STIM=r
4356656	42	RESP=1
4368326	42	STIM=w
4374609	42	RESP=1
4383481	42	STIM=m
4389276	42	RESP=1
4401610	42	STIM=d
4405165	42	RESP=1
4419299	42	STIM=b
4423124	42	RESP=1
4436999	42	STIM=j
4441123	42	RESP=1
4454279	42	STIM=o
4467599	42	RESP=1
4472713	42	STIM=c
4475244	42	RESP=1
4490657	42	STIM=9
4496701	42	RESP=1
4506782	42	STIM=9
4511834	42	RESP=2
4522524	42	STIM=r
4526981	42	RESP=1
4541512	42	STIM=0
4546070	42	RESP=1
4557670	42	STIM=q
4563527	42	RESP=1
4574648	42	STIM=x
4579531	42	RESP=1
4590224	42	STIM=1
4596305	42	RESP=2
4606258	42	STIM=3
4611855	42	RESP=1
4624982	42	STIM=h
4628905	42	RESP=1
4643656	42	STIM=t
4649245	42	RESP=1
4661877	42	STIM=5
4671010	42	RESP=2
4677452	42	STIM=0
4686754	42	RESP=2
4695832	42	STIM=4
4700247	42	RESP=2
4712647	42	STIM=5
4721896	42	RESP=2
4727651	42	STIM=e
4734625	42	RESP=1
4746045	42	STIM=t
4753057	42	RESP=1
4761852	42	STIM=l
4768675	42	RESP=1
4778042	42	STIM=1
4784368	42	RESP=2
4794383	42	STIM=6
4805727	42	RESP=2
4812541	42	STIM=d
4818589	42	RESP=1
4828901	42	STIM=n
4833341	42	RESP=1
4844729	42	STIM=k
4849377	42	RESP=1
4860100	42	STIM=n
4866064	42	RESP=1
4878196	42	STIM=2
4889761	42	RESP=1
4897068	42	STIM=y
4904748	42	RESP=2
4914842	42	STIM=x
4918950	42	RESP=1
4931394	42	STIM=h
4935835	42	RESP=1
4947980	42	STIM=f
4959652	42	RESP=1
4964656	42	STIM=1
4972732	42	RESP=2
4981163	42	STIM=5
4987761	42	RESP=2
4998605	42	STIM=d
5005523	42	RESP=1
5015897	42	STIM=g
5023962	42	RESP=1
5034364	42	STIM=b
5041383	42	RESP=1
5050344	42	STIM=g
5054675	42	RESP=1
5066386	42	STIM=v
5070253	42	RESP=1
5082611	42	STIM=h
5087303	42	RESP=1
5100949	42	STIM=n
5105590	42	RESP=1
5117482	42	STIM=p
5126918	42	RESP=1
5134409	42	STIM=i
5141024	42	RESP=1
5150945	42	STIM=0
5158051	42	RESP=1
5167793	42	STIM=b
5172052	42	RESP=1
5183492	42	STIM=s
5201460	42	RESP=1
5201560	42	STIM=u
5206381	42	RESP=1
5216809	42	STIM=j
5224329	42	RESP=1
5232354	42	STIM=t
5238788	42	RESP=1
5250625	42	STIM=a
5253328	42	RESP=1
5269548	42	STIM=a
5274839	42	RESP=1
5285380	42	STIM=y
5292134	42	RESP=1
5300934	42	STIM=n
5305669	42	RESP=1
5316094	42	STIM=b
5323163	42	RESP=1
5333832	42	STIM=c
5337330	42	RESP=1
5349136	42	STIM=f
5353331	42	RESP=1
5365671	42	STIM=8
5372194	42	RESP=2
5382957	42	STIM=v
5388839	42	RESP=1
5399978	42	STIM=9
5405397	42	RESP=2
5417645	42	STIM=w
5422910	42	RESP=1
5435621	42	STIM=e
5439188	42	RESP=1
5452687	42	STIM=o
5459064	42	RESP=1
5469950	42	STIM=d
5473959	42	RESP=1
5485757	42	STIM=5
5492640	42	RESP=2
5504552	42	STIM=1
5512262	42	RESP=1
5520568	42	STIM=2
5524842	42	RESP=1
5537602	42	STIM=c
5542969	42	RESP=1
5555760	42	STIM=e
5560385	42	RESP=1
5573171	42	STIM=h
5576941	42	RESP=1
5591493	42	STIM=t
5597295	42	RESP=1
5608534	42	STIM=n
5615011	42	RESP=1
5624323	42	STIM=r
5630068	42	RESP=1
5642315	42	STIM=y
5645832	42	RESP=1
5660310	42	STIM=0
5664422	42	RESP=2
5679187	42	STIM=r
5684241	42	RESP=2
5696766	42	STIM=k
5703107	42	RESP=2
5713653	42	STIM=f
5717845	42	RESP=1
5730271	42	STIM=e
5742831	42	RESP=1
5748692	42	STIM=b
5751849	42	RESP=1
5763709	42	STIM=i
5773505	42	RESP=1
5779152	42	STIM=c
5785712	42	RESP=1
5797417	42	STIM=z
5800746	42	RESP=1
5813788	42	STIM=z
5821454	42	RESP=1
5831739	42	STIM=n
5837693	42	RESP=1
5848528	42	STIM=k
5853208	42	RESP=1
5866141	42	STIM=4
5876917	42	RESP=2
5884776	42	STIM=r
5888840	42	RESP=1
5903551	42	STIM=m
5908049	42	RESP=1
5921560	42	STIM=c
5928409	42	RESP=1
5940398	42	STIM=o
5947184	42	RESP=1
5958337	42	STIM=k
5965333	42	RESP=1
5974179	42	STIM=c
5978309	42	RESP=1
5991275	42	STIM=q
5998816	42	RESP=1
6006652	42	STIM=k
6014204	42	RESP=2
6025170	42	STIM=e
6029911	42	RESP=1
6042406	42	STIM=s
6046230	42	RESP=1
6057701	42	STIM=t
6066907	42	RESP=1
6076066	42	STIM=x
6079522	42	RESP=1
6091389	42	STIM=n
6098516	42	RESP=1
6106650	42	STIM=h
6110403	42	RESP=1
6123362	42	STIM=h
6127580	42	RESP=1
6141881	42	STIM=l
6147324	42	RESP=1
6157213	42	STIM=s
6161316	42	RESP=1
6172347	42	STIM=6
6181423	42	RESP=2
6191044	42	STIM=1
6203487	42	RESP=2
6209219	42	STIM=w
6214158	42	RESP=1
6227205	42	STIM=s
6233862	42	RESP=1
6242579	42	STIM=v
6246727	42	RESP=1
6261163	42	STIM=n
6265981	42	RESP=1
6276247	42	STIM=m
6287569	42	RESP=1
6292133	42	STIM=u
6298755	42	RESP=1
6307268	42	STIM=2
6314796	42	RESP=2
6323531	42	STIM=f
6327744	42	RESP=1
6340340	42	STIM=m
6347461	42	RESP=1
6358120	42	STIM=j
6364645	42	RESP=1
6374121	42	STIM=t
6379743	42	RESP=1
6391020	42	STIM=0
6400085	42	RESP=2
6407205	42	STIM=m
6418723	42	RESP=1
6422668	42	STIM=r
6427633	42	RESP=2
6438210	42	STIM=f
6443702	42	RESP=1
6453302	42	STIM=e
6457354	42	RESP=1
6471259	42	STIM=i
6476250	42	RESP=1
6489877	42	STIM=b
6493694	42	RESP=1
6506199	42	STIM=o
6514406	42	RESP=1
6521293	42	STIM=b
6525988	42	RESP=1
6539672	42	STIM=9
6543541	42	RESP=2
6557245	42	STIM=z
6561569	42	RESP=1
6575343	42	STIM=5
6583860	42	RESP=2
6593749	42	STIM=v
6598794	42	RESP=1
6611268	42	STIM=a
6617111	42	RESP=1
6629002	42	STIM=s
6632935	42	RESP=1
6646429	42	STIM=x
6656407	42	RESP=1
6661662	42	STIM=c
6665840	42	RESP=1
6679052	42	STIM=o
6687559	42	RESP=1
6696385	42	STIM=y
6704711	42	RESP=2
6712867	42	STIM=7
6721685	42	RESP=2
6729451	42	STIM=o
6738188	42	RESP=1
6745280	42	STIM=p
6751785	42	RESP=1
6760937	42	STIM=3
6767671	42	RESP=1
6776637	42	STIM=a
6783533	42	RESP=1
6792231	42	STIM=s
6796904	42	RESP=1
6808153	42	STIM=k
6812112	42	RESP=1
6823510	42	STIM=b
6831809	42	RESP=1
6840967	42	STIM=w
6849859	42	RESP=1
6859704	42	STIM=u
6871077	42	RESP=1
6875753	42	STIM=m
6881245	42	RESP=1
6894206	42	STIM=d
6899621	42	RESP=1
6911042	42	STIM=0
6920110	42	RESP=2
6928160	42	STIM=d
6931419	42	RESP=1
6944624	42	STIM=7
6949755	42	RESP=2
6963045	42	STIM=6
6967229	42	RESP=2
6981259	42	STIM=0
6991307	42	RESP=2
6996562	42	STIM=2
7001498	42	RESP=2
7011686	42	STIM=6
7018046	42	RESP=2
7027349	42	STIM=x
7033675	42	RESP=1
7044202	42	STIM=x
7049146	42	RESP=1
7060329	42	STIM=u
7065763	42	RESP=1
7076275	42	STIM=b
7084640	42	RESP=2
7092538	42	STIM=c
7101309	42	RESP=1
7108937	42	STIM=h
7112445	42	RESP=1
7124494	42	STIM=a
7131307	42	RESP=1
7140425	42	STIM=m
7147763	42	RESP=1
7155493	42	STIM=f
7160968	42	RESP=1
7171105	42	STIM=e
7175283	42	RESP=1
7187993	42	STIM=t
7198512	42	RESP=1
7206632	42	STIM=m
7220473	42	RESP=1
7223183	42	STIM=i
7226988	42	RESP=1
7241154	42	STIM=o
7247399	42	RESP=1
7257418	42	STIM=a
7267075	42	RESP=2
7274435	42	STIM=s
7281645	42	RESP=1
7291637	42	STIM=r
7296995	42	RESP=1
7308112	42	STIM=q
7315278	42	RESP=1
7323824	42	STIM=x
7328806	42	RESP=1
7340365	42	STIM=y
7344412	42	RESP=1
7359108	42	STIM=u
7367019	42	RESP=1
7374856	42	STIM=0
7381914	42	RESP=2
7392402	42	STIM=b
7397845	42	RESP=1
7408800	42	STIM=j
7412293	42	RESP=2
7424843	42	STIM=d
7432511	42	RESP=1
7441012	42	STIM=z
7444877	42	RESP=1
7456110	42	STIM=r
7458851	42	RESP=1
7472770	42	STIM=g
7479083	42	RESP=2
7490079	42	STIM=p
7496276	42	RESP=1
7506136	42	STIM=u
7509586	42	RESP=1
7524050	42	STIM=o
7530784	42	RESP=1
7541844	42	STIM=9
7547015	42	RESP=2
7557061	42	STIM=0
7564421	42	RESP=2
7573234	42	STIM=q
7580376	42	RESP=1
7592050	42	STIM=c
7599762	42	RESP=1
7608280	42	STIM=p
7615335	42	RESP=1
7623374	42	STIM=4
7632765	42	RESP=2
7639152	42	STIM=x
7649966	42	RESP=1
7657440	42	STIM=n
7662173	42	RESP=1
7675060	42	STIM=z
7679001	42	RESP=1
7693523	42	STIM=6
7702051	42	RESP=2
7710362	42	STIM=g
7721514	42	RESP=1
7728632	42	STIM=s
7731099	42	RESP=1
7746229	42	STIM=b
7759878	42	RESP=1
7762585	42	STIM=p
7767457	42	RESP=1
7778798	42	STIM=l
7785355	42	RESP=1
7796787	42	STIM=u
7804874	42	RESP=1
7811841	42	STIM=2
7817205	42	RESP=2
7827547	42	STIM=o
7835866	42	RESP=1
7842636	42	STIM=b
7847518	42	RESP=1
7861416	42	STIM=o
7866677	42	RESP=1
7879469	42	STIM=a
7886786	42	RESP=1
7898303	42	STIM=n
7903814	42	RESP=1
7915833	42	STIM=k
7918695	42	RESP=2
7931400	42	STIM=y
7935200	42	RESP=1
7949441	42	STIM=k
7958742	42	RESP=1
7966666	42	STIM=1
7971764	42	RESP=2
7985509	42	STIM=6
7990761	42	RESP=2
8002789	42	STIM=w
8007269	42	RESP=1
8019028	42	STIM=l
8025041	42	RESP=1
8034039	42	STIM=b
8037419	42	RESP=1
8049703	42	STIM=q
8053354	42	RESP=1
8064893	42	STIM=p
8070466	42	RESP=1
8080631	42	STIM=p
8084927	42	RESP=1
8098914	42	STIM=b
8102379	42	RESP=1
8116443	42	STIM=i
8125850	42	RESP=1
8135365	42	STIM=1
8139515	42	RESP=2
8151956	42	STIM=p
8155976	42	RESP=2
8169800	42	STIM=k
8176220	42	RESP=1
8187174	42	STIM=h
8198014	42	RESP=1
8204994	42	STIM=y
8213983	42	RESP=1
8222250	42	STIM=p
8230876	42	RESP=2
8238189	42	STIM=9
8246257	42	RESP=2
8254912	42	STIM=v
8258726	42	RESP=1
8271010	42	STIM=p
8274602	42	RESP=1
8288451	42	STIM=d
8291831	42	RESP=2
8304390	42	STIM=c
8309218	42	RESP=1
8320586	42	STIM=b
8325910	42	RESP=1
8338717	42	STIM=0
8348711	42	RESP=1
8356008	42	STIM=n
8362849	42	RESP=1
8372879	42	STIM=4
8379511	42	RESP=2
8388750	42	STIM=p
8393001	42	RESP=1
8406782	42	STIM=z
8411299	42	RESP=1
8425478	42	STIM=b
8435880	42	RESP=1
8444277	42	STIM=4
8449433	42	RESP=2
8461088	42	STIM=e
8469431	42	RESP=1
8477364	42	STIM=g
8485171	42	RESP=1
8494471	42	STIM=4
8499967	42	RESP=2
8512792	42	STIM=p
8517448	42	RESP=1
8529569	42	STIM=f
8534975	42	RESP=1
8545299	42	STIM=n
8548677	42	RESP=1
8562443	42	STIM=z
8568092	42	RESP=1
8578848	42	STIM=9
8583103	42	RESP=1
8596093	42	STIM=5
8602870	42	RESP=2
8613533	42	STIM=n
8621823	42	RESP=1
8630957	42	STIM=9
8635326	42	RESP=2
8649136	42	STIM=h
8651932	42	RESP=1
8665416	42	STIM=c
8670097	42	RESP=1
8683631	42	STIM=a
8689024	42	RESP=1
8699643	42	STIM=g
8706447	42	RESP=1
8715014	42	STIM=4
8720135	42	RESP=1
8730360	42	STIM=v
8735886	42	RESP=1
8748230	42	STIM=m
8752956	42	RESP=1
8763294	42	STIM=x
8769443	42	RESP=1
8781324	42	STIM=m
8785587	42	RESP=1
8799035	42	STIM=x
8805884	42	RESP=1
8817551	42	STIM=a
8823345	42	RESP=1
8834673	42	STIM=0
8839729	42	RESP=2
8849794	42	STIM=y
8861695	42	RESP=1
8868724	42	STIM=5
8876426	42	RESP=2
8885534	42	STIM=y
8893660	42	RESP=2
8902759	42	STIM=z
8908853	42	RESP=1
8919670	42	STIM=f
8926298	42	RESP=1
8937581	42	STIM=g
8947723	42	RESP=1
8955025	42	STIM=2
8961271	42	RESP=2
8971183	42	STIM=b
8976317	42	RESP=1
8988269	42	STIM=u
8994159	42	RESP=1
9003813	42	STIM=g
9008443	42	RESP=1
9022663	42	STIM=k
9026958	42	RESP=1
9041549	42	STIM=o
9048986	42	RESP=1
9060523	42	STIM=n
9067333	42	RESP=1
9077729	42	STIM=s
9082905	42	RESP=1
9094071	42	STIM=u
9097898	42	RESP=1
9112447	42	STIM=f
9119026	42	RESP=1
9130602	42	STIM=y
9134384	42	RESP=1
9148545	42	STIM=y
9153565	42	RESP=1
9164372	42	STIM=3
9177532	42	RESP=2
9182212	42	STIM=z
9188827	42	RESP=2
9198711	42	STIM=v
9203277	42	RESP=1
9217460	42	STIM=l
9222003	42	RESP=1
9232469	42	STIM=w
9236732	42	RESP=2
9248174	42	STIM=t
9252211	42	RESP=1
9265642	42	STIM=5
9272419	42	RESP=2
9281705	42	STIM=6
9287743	42	RESP=2
9297881	42	STIM=s
9303750	42	RESP=1
9313556	42	STIM=o
9321349	42	RESP=1
9328623	42	STIM=2
9335544	42	RESP=1
9344471	42	STIM=a
9359320	42	RESP=1
9360819	42	STIM=n
9364718	42	RESP=1
9379062	42	STIM=8
9399240	42	RESP=1
9399340	42	STIM=s
9404732	42	RESP=1
9416370	42	STIM=3
9423984	42	RESP=2
9435061	42	STIM=o
9438666	42	RESP=1
9450343	42	STIM=m
9452761	42	RESP=1
9468424	42	STIM=z
9473757	42	RESP=1
9485332	42	STIM=r
9491859	42	RESP=1
9501727	42	STIM=8
9510593	42	RESP=1
9517839	42	STIM=y
9521546	42	RESP=1
9536518	42	STIM=c
9543264	42	RESP=1
9553527	42	STIM=q
9558443	42	RESP=1
9570860	42	STIM=6
9580334	42	RESP=2
9587108	42	STIM=3
9593317	42	RESP=2
9602451	42	STIM=f
9606612	42	RESP=1
9619583	42	STIM=1
9627240	42	RESP=2
9634933	42	STIM=q
9641412	42	RESP=1
9653546	42	STIM=f
9656514	42	RESP=1
9672239	42	STIM=k
9679517	42	RESP=1
9689561	42	STIM=n
9693485	42	RESP=1
9706705	42	STIM=q
9710139	42	RESP=1
9724092	42	STIM=k
9726497	42	RESP=1
9740165	42	STIM=4
9744842	42	RESP=2
9755195	42	STIM=m
9758102	42	RESP=1
9770298	42	STIM=i
9776970	42	RESP=1
9786906	42	STIM=e
9793458	42	RESP=1
9803607	42	STIM=w
9810882	42	RESP=1
9819470	42	STIM=9
9825083	42	RESP=1
9836939	42	STIM=c
9843759	42	RESP=1
9855555	42	STIM=k
9862693	42	RESP=1
9873929	42	STIM=a
9880228	42	RESP=1
9890114	42	STIM=8
9900192	42	RESP=2
9905985	42	STIM=2
9911688	42	RESP=2
9924507	42	STIM=f
9928258	42	RESP=1
9943263	42	STIM=u
9947761	42	RESP=1
9961931	42	STIM=k
9969269	42	RESP=1
9977897	42	STIM=i
9983673	42	RESP=1
9993927	42	STIM=x
9998881	42	RESP=2
10012663	42	STIM=b
10017315	42	RESP=1
10031145	42	STIM=3
10037937	42	RESP=1
10049243	42	STIM=g
10053493	42	RESP=1
10064530	42	STIM=y
10068946	42	RESP=1
10081415	42	STIM=q
10086765	42	RESP=1
10097669	42	STIM=3
10107517	42	RESP=2
10112818	42	STIM=y
10119643	42	RESP=1
10128216	42	STIM=m
10135178	42	RESP=1
10145579	42	STIM=v
10154789	42	RESP=1
10164175	42	STIM=d
10172973	42	RESP=1
10181149	42	STIM=i
10186974	42	RESP=1
10198728	42	STIM=r
10201812	42	RESP=1
10215682	42	STIM=j
10221024	42	RESP=1
10234050	42	STIM=m
10238417	42	RESP=1
10249628	42	STIM=a
10255407	42	RESP=1
10268244	42	STIM=q
10271838	42	RESP=1
10283736	42	STIM=j
10289374	42	RESP=1
10299907	42	STIM=t
10304581	42	RESP=1
10315804	42	STIM=r
10327324	42	RESP=1
10333509	42	STIM=e
10337128	42	RESP=1
10351756	42	STIM=r
10355653	42	RESP=1
10370608	42	STIM=z
10374542	42	RESP=1
10385611	42	STIM=o
10390141	42	RESP=1
10403645	42	STIM=g
10408852	42	RESP=1
10419364	42	STIM=n
10426377	42	RESP=1
10437555	42	STIM=m
10444395	42	RESP=1
10453770	42	STIM=l
10459851	42	RESP=1
10471125	42	STIM=e
10475348	42	RESP=1
10488550	42	STIM=v
10493477	42	RESP=1
10505636	42	STIM=q
10510589	42	RESP=1
10521977	42	STIM=4
10529471	42	RESP=1
10539457	42	STIM=h
10546098	42	RESP=1
10555349	42	STIM=b
10560127	42	RESP=1
10570610	42	STIM=g
10574581	42	RESP=1
10587677	42	STIM=z
10593632	42	RESP=1
10604148	42	STIM=1
10613354	42	RESP=2
10622437	42	STIM=y
10630086	42	RESP=1
10641190	42	STIM=c
10645755	42	RESP=1
10657225	42	STIM=4
10663685	42	RESP=2
10676119	42	STIM=g
10680947	42	RESP=1
10693641	42	STIM=g
10698421	42	RESP=1
10711730	42	STIM=k
10715883	42	RESP=1
10727871	42	STIM=n
10732248	42	RESP=1
10742926	42	STIM=o
10748812	42	RESP=1
10761216	42	STIM=l
10767943	42	RESP=1
10777390	42	STIM=x
10781688	42	RESP=1
10792862	42	STIM=z
10797800	42	RESP=1
10809289	42	STIM=r
10813481	42	RESP=1
10828080	42	STIM=i
10831884	42	RESP=1
10845470	42	STIM=7
10849839	42	RESP=2
10862739	42	STIM=q
10869868	42	RESP=1
10880625	42	STIM=x
10885223	42	RESP=1
10897728	42	STIM=j
10901348	42	RESP=1
10913504	42	STIM=g
10918026	42	RESP=1
10932313	42	STIM=y
10939651	42	RESP=1
10948837	42	STIM=t
10952027	42	RESP=1
10966630	42	STIM=q
10970625	42	RESP=1
10985301	42	STIM=m
10996143	42	RESP=1
11002465	42	STIM=k
11008373	42	RESP=1
11020876	42	STIM=o
11026044	42	RESP=1
11036126	42	STIM=o
11044540	42	RESP=1
11054725	42	STIM=g
11057270	42	RESP=1
11073400	42	STIM=c
11082324	42	RESP=1
11090752	42	STIM=5
11095300	42	RESP=2
11108102	42	STIM=k
11114816	42	RESP=2
11123141	42	STIM=m
11127789	42	RESP=1
11141603	42	STIM=x
11146441	42	RESP=1
11159634	42	STIM=n
11164988	42	RESP=2
11176882	42	STIM=r
11182195	42	RESP=2
11192625	42	STIM=k
11197704	42	RESP=1
11208555	42	STIM=g
11211295	42	RESP=2
11226683	42	STIM=g
11234067	42	RESP=1
11242819	42	STIM=c
11254196	42	RESP=1
11258011	42	STIM=d
11264426	42	RESP=1
11275907	42	STIM=f
11279776	42	RESP=2
11291586	42	STIM=t
11295572	42	RESP=1
11306936	42	STIM=b
11311246	42	RESP=1
11323239	42	STIM=y
11326647	42	RESP=1
11340126	42	STIM=9
11344082	42	RESP=2
11358389	42	STIM=l
11365821	42	RESP=1
11377326	42	STIM=c
11380871	42	RESP=1
11394499	42	STIM=q
11397934	42	RESP=1
11410660	42	STIM=x
11413539	42	RESP=1
11428409	42	STIM=a
11433184	42	RESP=1
11446482	42	STIM=0
11450475	42	RESP=2
11462882	42	STIM=0
11470148	42	RESP=2
11479338	42	STIM=c
11483876	42	RESP=1
11496742	42	STIM=y
11504038	42	RESP=1
11512294	42	STIM=i
11518775	42	RESP=1
11531293	42	STIM=0
11543170	42	RESP=2
11548677	42	STIM=v
11554228	42	RESP=1
11565286	42	STIM=w
11570755	42	RESP=1
11580974	42	STIM=n
11589182	42	RESP=1
11599770	42	STIM=1
11606068	42	RESP=2
11614997	42	STIM=4
11621618	42	RESP=2
11633977	42	STIM=n
11643921	42	RESP=1
11652769	42	STIM=m
11659323	42	RESP=1
11669841	42	STIM=x
11675715	42	RESP=1
11687405	42	STIM=e
11697881	42	RESP=1
11703089	42	STIM=9
11708939	42	RESP=2
11720198	42	STIM=u
11722932	42	RESP=1
11736942	42	STIM=c
11741261	42	RESP=1
11754354	42	STIM=k
11760187	42	RESP=1
11772314	42	STIM=h
11775796	42	RESP=1
11790215	42	STIM=q
11793305	42	RESP=1
11806220	42	STIM=j
11809764	42	RESP=1
11822534	42	STIM=c
11829616	42	RESP=1
11838437	42	STIM=q
11848494	42	RESP=1
11854147	42	STIM=r
11859419	42	RESP=1
11869611	42	STIM=r
11873439	42	RESP=1
11887141	42	STIM=h
11891294	42	RESP=1
11902180	42	STIM=l
11908972	42	RESP=1
11918731	42	STIM=m
11928103	42	RESP=1
11935732	42	STIM=i
11940391	42	RESP=1
11951258	42	STIM=f
11956867	42	RESP=1
11969511	42	STIM=2
11975474	42	RESP=2
11985910	42	STIM=z
11989752	42	RESP=1
12004458	42	STIM=e
12008645	42	RESP=1
12019583	42	STIM=p
12027270	42	RESP=1
12034937	42	STIM=8
12039114	42	RESP=1
12050730	42	STIM=b
12054598	42	RESP=1
12068837	42	STIM=u
12074870	42	RESP=1
12085646	42	STIM=a
12092003	42	RESP=1
12104577	42	STIM=g
12111124	42	RESP=1
12120165	42	STIM=l
12124058	42	RESP=1
12135439	42	STIM=n
12138727	42	RESP=1
12152516	42	STIM=m
12156754	42	RESP=1
12171467	42	STIM=m
12177456	42	RESP=1
12188360	42	STIM=0
12194289	42	RESP=2
12204964	42	STIM=x
12210537	42	RESP=1
12223827	42	STIM=6
12229138	42	RESP=2
12239485	42	STIM=g
12244502	42	RESP=1
12255026	42	STIM=r
12262460	42	RESP=1
12273876	42	STIM=t
12277104	42	RESP=1
12289025	42	STIM=l
12293680	42	RESP=1
12304858	42	STIM=h
12316317	42	RESP=1
12323828	42	STIM=o
12330166	42	RESP=1
12340411	42	STIM=7
12346291	42	RESP=2
12358062	42	STIM=7
12367458	42	RESP=1
12376850	42	STIM=n
12381906	42	RESP=1
12394680	42	STIM=l
12400883	42	RESP=1
12410296	42	STIM=q
12417181	42	RESP=1
12425621	42	STIM=j
12429294	42	RESP=1
12443282	42	STIM=i
12456012	42	RESP=1
12462049	42	STIM=g
12472401	42	RESP=2
12477891	42	STIM=x
12482142	42	RESP=1
12494278	42	STIM=x
12498075	42	RESP=1
12511520	42	STIM=k
12518304	42	RESP=1
12530209	42	STIM=7
12535293	42	RESP=1
12545292	42	STIM=m
12548916	42	RESP=1
12563757	42	STIM=w
12566448	42	RESP=1
12579489	42	STIM=6
12586126	42	RESP=2
12596774	42	STIM=e
12603215	42	RESP=1
12614278	42	STIM=f
12618894	42	RESP=1
12630494	42	STIM=k
12634785	42	RESP=1
12646698	42	STIM=5
12651447	42	RESP=2
12665411	42	STIM=f
12670229	42	RESP=1
12680926	42	STIM=2
12687082	42	RESP=2
12696609	42	STIM=a
12702049	42	RESP=1
12712151	42	STIM=d
12718876	42	RESP=1
12729217	42	STIM=c
12733699	42	RESP=1
12746672	42	STIM=l
12754163	42	RESP=1
12763365	42	STIM=m
12772115	42	RESP=1
12780889	42	STIM=v
12789310	42	RESP=1
12797028	42	STIM=h
12803018	42	RESP=1
12814854	42	STIM=2
12820029	42	RESP=2
12830196	42	STIM=u
12834809	42	RESP=1
12848002	42	STIM=d
12852299	42	RESP=1
12863249	42	STIM=q
12867862	42	RESP=1
12880995	42	STIM=s
12885323	42	RESP=1
12897611	42	STIM=r
12903605	42	RESP=1
12914127	42	STIM=m
12923010	42	RESP=1
12933101	42	STIM=g
12946834	42	RESP=1
12950345	42	STIM=d
12955467	42	RESP=1
12968050	42	STIM=n
12975923	42	RESP=1
12986628	42	STIM=d
12997081	42	RESP=2
13002004	42	STIM=c
13004996	42	RESP=1
13017115	42	STIM=j
13021355	42	RESP=1
13034739	42	STIM=i
13042520	42	RESP=1
13053319	42	STIM=o
13057524	42	RESP=1
13070789	42	STIM=u
13075985	42	RESP=1
13088499	42	STIM=x
13094199	42	RESP=1
13106334	42	STIM=j
13111076	42	RESP=1
13123725	42	STIM=u
13128870	42	RESP=1
13140741	42	STIM=n
13147960	42	RESP=1
13157604	42	STIM=j
13163034	42	RESP=1
13174364	42	STIM=7
13181347	42	RESP=2
13190971	42	STIM=4
13197440	42	RESP=2
13207606	42	STIM=q
13212590	42	RESP=1
13222612	42	STIM=0
13229027	42	RESP=2
13237708	42	STIM=6
13244707	42	RESP=2
13256288	42	STIM=c
13260970	42	RESP=1
13271739	42	STIM=g
13278021	42	RESP=1
13289626	42	STIM=j
13294544	42	RESP=1
13307460	42	STIM=z
13315806	42	RESP=1
13325427	42	STIM=1
13332035	42	RESP=1
13344090	42	STIM=4
13350729	42	RESP=2
13361105	42	STIM=w
13364202	42	RESP=2
13379881	42	STIM=h
13385109	42	RESP=1
13395440	42	STIM=v
13399695	42	RESP=1
13411749	42	STIM=w
13416598	42	RESP=1
13427480	42	STIM=c
13431245	42	RESP=1
13444119	42	STIM=o
13449239	42	RESP=1
13460014	42	STIM=6
13469223	42	RESP=1
13475029	42	STIM=n
13480366	42	RESP=1
13491943	42	STIM=l
13495770	42	RESP=1
13507835	42	STIM=m
13513528	42	RESP=1
13525416	42	STIM=c
13533439	42	RESP=1
13542405	42	STIM=b
13546007	42	RESP=1
13561200	42	STIM=k
13567345	42	RESP=1
13578743	42	STIM=2
13583365	42	RESP=2
13597539	42	STIM=p
13601651	42	RESP=1
13613966	42	STIM=r
13617644	42	RESP=2
13630266	42	STIM=p
13635213	42	RESP=1
13647362	42	STIM=8
13653626	42	RESP=2
13665943	42	STIM=y
13671797	42	RESP=1
13684734	42	STIM=o
13688963	42	RESP=1
13701277	42	STIM=o
13707539	42	RESP=1
13720193	42	STIM=v
13725185	42	RESP=1
13738285	42	STIM=g
13745030	42	RESP=1
13754791	42	STIM=w
13760233	42	RESP=1
13769893	42	STIM=h
13775437	42	RESP=1
13786092	42	STIM=p
13792100	42	RESP=1
13803152	42	STIM=2
13808921	42	RESP=2
13820724	42	STIM=w
13825197	42	RESP=1
13838840	42	STIM=e
13844083	42	RESP=2
13855768	42	STIM=b
13861008	42	RESP=1
13871047	42	STIM=u
13874697	42	RESP=1
13889403	42	STIM=s
13899567	42	RESP=1
13906614	42	STIM=m
13911890	42	RESP=2
13924203	42	STIM=j
13927607	42	RESP=2
13939751	42	STIM=h
13945514	42	RESP=1
13956302	42	STIM=f
13964980	42	RESP=1
13971740	42	STIM=y
13975688	42	RESP=1
13988830	42	STIM=r
13994930	42	RESP=1
14007707	42	STIM=c
14015445	42	RESP=1
14024014	42	STIM=k
14031178	42	RESP=1
14042034	42	STIM=g
14046929	42	RESP=1
14057805	42	STIM=y
14065143	42	RESP=1
14076031	42	STIM=m
14080770	42	RESP=1
14092061	42	STIM=r
14103373	42	RESP=1
14110413	42	STIM=b
14116034	42	RESP=1
14126412	42	STIM=q
14130315	42	RESP=1
14144846	42	STIM=3
14151112	42	RESP=2
14163525	42	STIM=9
14169741	42	RESP=2
14181457	42	STIM=e
14187047	42	RESP=1
14196686	42	STIM=0
14202789	42	RESP=2
14215261	42	STIM=x
14220367	42	RESP=1
14231966	42	STIM=d
14242890	42	RESP=2
14248119	42	STIM=7
14255068	42	RESP=2
14266946	42	STIM=e
14271115	42	RESP=1
14283369	42	STIM=3
14291541	42	RESP=2
14300360	42	STIM=r
14305981	42	RESP=1
14316250	42	STIM=a
14324926	42	RESP=1
14331502	42	STIM=a
14336268	42	RESP=1
14346641	42	STIM=x
14354085	42	RESP=1
14363907	42	STIM=o
14371050	42	RESP=2
14382441	42	STIM=4
14394602	42	RESP=2
14400477	42	STIM=7
14407243	42	RESP=2
14418387	42	STIM=h
14429447	42	RESP=1
14437067	42	STIM=n
14444756	42	RESP=1
14455575	42	STIM=m
14458676	42	RESP=1
14471212	42	STIM=y
14475217	42	RESP=1
14487219	42	STIM=x
14490799	42	RESP=1
14502983	42	STIM=p
14507545	42	RESP=1
14518004	42	STIM=l
14520855	42	RESP=1
14534422	42	STIM=j
14537668	42	RESP=1
14549830	42	STIM=b
14555737	42	RESP=1
14564890	42	STIM=j
14571515	42	RESP=1
14581192	42	STIM=b
14588327	42	RESP=1
14598614	42	STIM=b
14603139	42	RESP=1
14613691	42	STIM=l
14619192	42	RESP=1
14631544	42	STIM=4
14641088	42	RESP=2
14646974	42	STIM=x
14650202	42	RESP=1
14665701	42	STIM=m
14669780	42	RESP=1
14683018	42	STIM=j
14692829	42	RESP=1
14700196	42	STIM=5
14709519	42	RESP=2
14716848	42	STIM=z
14722887	42	RESP=1
14734259	42	STIM=4
14741222	42	RESP=2
14749656	42	STIM=5
14754574	42	RESP=2
14767676	42	STIM=7
14775013	42	RESP=2
14782858	42	STIM=i
14788537	42	RESP=1
14799806	42	STIM=u
14807069	42	RESP=1
14815554	42	STIM=7
14821373	42	RESP=2
14833681	42	STIM=a
14836923	42	RESP=1
14851762	42	STIM=g
14861076	42	RESP=1
14869133	42	STIM=z
14874931	42	RESP=1
14887002	42	STIM=j
14893111	42	RESP=1
14904420	42	STIM=t
14913051	42	RESP=1
14922973	42	STIM=k
14926326	42	RESP=1
14941549	42	STIM=q
14946433	42	RESP=1
14959456	42	STIM=v
14962806	42	RESP=1
14977081	42	STIM=p
14984621	42	RESP=1
14994757	42	STIM=t
14999599	42	RESP=2
15013395	42	STIM=w
15016444	42	RESP=1
15030985	42	STIM=i
15035662	42	RESP=1
15049057	42	STIM=e
15057970	42	RESP=1
15066281	42	STIM=e
15069299	42	RESP=1
15085114	42	STIM=c
15090403	42	RESP=1
15103088	42	STIM=t
15109417	42	RESP=1
15121024	42	STIM=m
15123913	42	RESP=1
15138115	42	STIM=v
15141145	42	RESP=1
15155626	42	STIM=e
15161145	42	RESP=1
15173844	42	STIM=3
15189734	42	RESP=2
15189834	42	STIM=u
15193494	42	RESP=1
15207746	42	STIM=p
15215960	42	RESP=1
15224843	42	STIM=b
15229403	42	RESP=1
15242844	42	STIM=v
15247051	42	RESP=1
15260334	42	STIM=g
15268316	42	RESP=1
15277869	42	STIM=x
15284030	42	RESP=1
15295692	42	STIM=6
15304299	42	RESP=1
15313438	42	STIM=f
15318243	42	RESP=1
15332273	42	STIM=v
15339592	42	RESP=1
15348965	42	STIM=6
15359073	42	RESP=1
15364512	42	STIM=i
15372201	42	RESP=1
15380418	42	STIM=x
15386052	42	RESP=1
15397758	42	STIM=1
15404455	42	RESP=2
15414605	42	STIM=w
15420953	42	RESP=1
15431980	42	STIM=u
15438541	42	RESP=1
15447982	42	STIM=p
15452330	42	RESP=1
15465637	42	STIM=k
15472277	42	RESP=1
15484202	42	STIM=o
15491406	42	RESP=1
15502042	42	STIM=1
15509105	42	RESP=2
15519925	42	STIM=0
15524685	42	RESP=2
15537741	42	STIM=1
15551298	42	RESP=2
15555834	42	STIM=e
15558592	42	RESP=1
15571574	42	STIM=s
15580394	42	RESP=1
15588938	42	STIM=t
15597327	42	RESP=1
15605861	42	STIM=c
15610960	42	RESP=1
15623431	42	STIM=d
15627468	42	RESP=1
15638436	42	STIM=c
15643052	42	RESP=1
15657120	42	STIM=w
15669463	42	RESP=1
15674273	42	STIM=e
15678748	42	RESP=1
15691486	42	STIM=a
15696552	42	RESP=1
15707129	42	STIM=g
15715746	42	RESP=1
15725771	42	STIM=d
15731643	42	RESP=1
15742334	42	STIM=n
15746299	42	RESP=1
15757971	42	STIM=g
15769575	42	RESP=1
15774201	42	STIM=f
15779064	42	RESP=2
15792369	42	STIM=8
15800559	42	RESP=2
15809281	42	STIM=v
15813155	42	RESP=1
15825367	42	STIM=4
15830912	42	RESP=2
15841078	42	STIM=z
15845740	42	RESP=1
15857797	42	STIM=w
15862138	42	RESP=1
15874954	42	STIM=v
15879407	42	RESP=1
15892962	42	STIM=5
15898737	42	RESP=2
15909917	42	STIM=l
15914364	42	RESP=1
15926810	42	STIM=b
15932041	42	RESP=1
15943719	42	STIM=5
15953442	42	RESP=2
15958757	42	STIM=w
15968465	42	RESP=1
15973940	42	STIM=f
15980779	42	RESP=1
15991227	42	STIM=p
15999591	42	RESP=1
16009872	42	STIM=6
16018273	42	RESP=2
16026809	42	STIM=p
16030786	42	RESP=1
16044425	42	STIM=c
16049861	42	RESP=1
16062583	42	STIM=j
16066762	42	RESP=1
16078457	42	STIM=m
16083225	42	RESP=1
16095607	42	STIM=5
16107223	42	RESP=2
16111368	42	STIM=0
16115471	42	RESP=2
16126391	42	STIM=h
16128837	42	RESP=1
16144888	42	STIM=o
16149810	42	RESP=1
16160749	42	STIM=u
16168932	42	RESP=1
16175948	42	STIM=i
16181905	42	RESP=1
16191047	42	STIM=k
16195287	42	RESP=1
16209535	42	STIM=4
16218002	42	RESP=2
16227864	42	STIM=g
16233637	42	RESP=1
16245265	42	STIM=q
16252484	42	RESP=1
16263133	42	STIM=o
16270288	42	RESP=1
16280501	42	STIM=x
16285099	42	RESP=2
16299102	42	STIM=8
16309775	42	RESP=2
16317347	42	STIM=z
16322492	42	RESP=1
16336237	42	STIM=x
16342987	42	RESP=1
16351882	42	STIM=d
16360886	42	RESP=1
16367386	42	STIM=q
16372065	42	RESP=1
16384240	42	STIM=2
16391824	42	RESP=2
16402784	42	STIM=p
16406895	42	RESP=1
16419950	42	STIM=n
16425363	42	RESP=1
16438351	42	STIM=p
16443805	42	RESP=1
16455408	42	STIM=3
16461740	42	RESP=2
16470605	42	STIM=0
16478085	42	RESP=1
16486671	42	STIM=b
16494209	42	RESP=1
16504099	42	STIM=g
16509032	42	RESP=1
16522708	42	STIM=n
16527853	42	RESP=1
16537942	42	STIM=f
16545528	42	RESP=2
16553823	42	STIM=n
16562002	42	RESP=1
16570723	42	STIM=m
16576836	42	RESP=1
16586160	42	STIM=7
16594201	42	RESP=2
16601990	42	STIM=r
16609789	42	RESP=1
16618487	42	STIM=3
16624521	42	RESP=2
16633612	42	STIM=6
16638958	42	RESP=2
16649733	42	STIM=3
16655771	42	RESP=2
16666362	42	STIM=z
16670908	42	RESP=1
16684835	42	STIM=w
16688400	42	RESP=2
16703772	42	STIM=f
16710048	42	RESP=1
16722664	42	STIM=k
16726732	42	RESP=1
16738312	42	STIM=u
16741367	42	RESP=1
16754411	42	STIM=w
16760154	42	RESP=1
16772668	42	STIM=j
16775120	42	RESP=1
16788957	42	STIM=n
16794976	42	RESP=1
16805891	42	STIM=m
16814150	42	RESP=1
16823752	42	STIM=h
16832184	42	RESP=1
16838780	42	STIM=z
16845130	42	RESP=1
16857600	42	STIM=m
16863603	42	RESP=1
16872782	42	STIM=r
16879986	42	RESP=1
16891542	42	STIM=z
16898680	42	RESP=1
16908867	42	STIM=z
16914883	42	RESP=2
16927702	42	STIM=c
16935717	42	RESP=1
16944371	42	STIM=t
16949535	42	RESP=1
16961907	42	STIM=l
16965767	42	RESP=1
16979227	42	STIM=t
16984867	42	RESP=1
16994279	42	STIM=9
16999888	42	RESP=2
17009391	42	STIM=7
17016488	42	RESP=2
17026480	42	STIM=c
17029650	42	RESP=1
17041838	42	STIM=j
17047499	42	RESP=1
17057685	42	STIM=s
17062266	42	RESP=1
17075679	42	STIM=a
17084651	42	RESP=1
17090693	42	STIM=v
17095663	42	RESP=1
17106194	42	STIM=y
17115299	42	RESP=1
17122390	42	STIM=b
17132447	42	RESP=1
17139565	42	STIM=g
17143457	42	RESP=1
17156875	42	STIM=r
17163096	42	RESP=1
17174509	42	STIM=i
17186500	42	RESP=1
17191210	42	STIM=i
17195758	42	RESP=1
17208946	42	STIM=a
17211714	42	RESP=1
17226862	42	STIM=b
17237964	42	RESP=2
17245525	42	STIM=a
17250392	42	RESP=1
17262982	42	STIM=m
17269667	42	RESP=1
17281042	42	STIM=q
17284861	42	RESP=1
17297665	42	STIM=b
17301735	42	RESP=1
17314439	42	STIM=b
17318497	42	RESP=1
17332462	42	STIM=c
17336789	42	RESP=1
17349870	42	STIM=9
17358729	42	RESP=2
17365679	42	STIM=a
17370729	42	RESP=1
17384526	42	STIM=p
17393024	42	RESP=1
17400469	42	STIM=d
17408789	42	RESP=1
17416844	42	STIM=0
17422263	42	RESP=2
17433528	42	STIM=u
17437300	42	RESP=1
17450903	42	STIM=n
17455623	42	RESP=1
17466545	42	STIM=a
17473635	42	RESP=1
17484808	42	STIM=j
17490996	42	RESP=1
17503332	42	STIM=k
17513819	42	RESP=1
17519449	42	STIM=e
17524695	42	RESP=1
17536275	42	STIM=y
17545060	42	RESP=1
17555051	42	STIM=3
17558809	42	RESP=2
17573195	42	STIM=d
17578442	42	RESP=1
17589894	42	STIM=a
17595754	42	RESP=1
17605020	42	STIM=t
17610904	42	RESP=1
17620123	42	STIM=5
17628914	42	RESP=1
17638824	42	STIM=g
17643251	42	RESP=1
17657258	42	STIM=k
17661337	42	RESP=1
17673623	42	STIM=h
17681526	42	RESP=1
17689538	42	STIM=r
17694437	42	RESP=2
17707987	42	STIM=d
17713675	42	RESP=1
17724504	42	STIM=e
17730374	42	RESP=1
17742658	42	STIM=w
17747137	42	RESP=1
17758965	42	STIM=2
17765700	42	RESP=1
17774415	42	STIM=n
17777995	42	RESP=1
17789611	42	STIM=b
17794191	42	RESP=1
17807333	42	STIM=2
17813061	42	RESP=2
17823476	42	STIM=9
17829749	42	RESP=2
17839113	42	STIM=i
17847295	42	RESP=1
17857493	42	STIM=2
17864250	42	RESP=2
17874176	42	STIM=z
17881727	42	RESP=1
17891964	42	STIM=m
17896165	42	RESP=1
17909306	42	STIM=f
17912743	42	RESP=1
17925119	42	STIM=h
17928905	42	RESP=1
17941130	42	STIM=l
17947545	42	RESP=1
17960026	42	STIM=u
17965800	42	RESP=1
17976310	42	STIM=g
17980914	42	RESP=1
17994512	42	STIM=b
17998292	42	RESP=1
18010380	42	STIM=5
18016865	42	RESP=2
18027018	42	STIM=t
18032837	42	RESP=1
18043604	42	STIM=t
18048562	42	RESP=1
18060699	42	STIM=v
18066642	42	RESP=1
18076908	42	STIM=k
18081734	42	RESP=1
18092560	42	STIM=j
18095731	42	RESP=1
18108597	42	STIM=m
18111229	42	RESP=1
18126004	42	STIM=e
18130942	42	RESP=1
18143156	42	STIM=i
18154746	42	RESP=1
18158603	42	STIM=i
18165840	42	RESP=2
18175755	42	STIM=z
18184739	42	RESP=1
18193215	42	STIM=k
18198989	42	RESP=1
18210983	42	STIM=o
18216605	42	RESP=1
18229915	42	STIM=j
18232767	42	RESP=1
18247273	42	STIM=6
18259063	42	RESP=2
18262630	42	STIM=u
18269252	42	RESP=1
18279917	42	STIM=x
18284300	42	RESP=1
18297429	42	STIM=c
18301971	42	RESP=1
18312780	42	STIM=6
18317676	42	RESP=2
18328020	42	STIM=9
18335054	42	RESP=2
18345308	42	STIM=b
18348968	42	RESP=1
18363283	42	STIM=m
18369133	42	RESP=1
18380616	42	STIM=y
18383507	42	RESP=1
18396895	42	STIM=c
18404858	42	RESP=1
18413977	42	STIM=v
18417128	42	RESP=1
18430768	42	STIM=g
18435412	42	RESP=1
18447565	42	STIM=n
18452708	42	RESP=1
18464074	42	STIM=k
18466797	42	RESP=1
18479185	42	STIM=d
18482876	42	RESP=2
18497269	42	STIM=g
18501159	42	RESP=1
18514247	42	STIM=b
18520673	42	RESP=2
18530374	42	STIM=l
18534650	42	RESP=1
18546077	42	STIM=9
18549987	42	RESP=2
18563903	42	STIM=y
18569860	42	RESP=1
18582836	42	STIM=g
18586064	42	RESP=1
18600121	42	STIM=e
18605705	42	RESP=1
18618472	42	STIM=2
18626954	42	RESP=1
18633713	42	STIM=o
18646268	42	RESP=1
18649136	42	STIM=c
18652452	42	RESP=1
18667260	42	STIM=f
18671523	42	RESP=1
18682873	42	STIM=q
18686955	42	RESP=1
18698701	42	STIM=l
18702907	42	RESP=1
18716542	42	STIM=9
18721014	42	RESP=2
18731624	42	STIM=f
18738643	42	RESP=1
18747152	42	STIM=u
18753162	42	RESP=1
18766072	42	STIM=c
18774825	42	RESP=1
18781114	42	STIM=v
18788730	42	RESP=1
18797247	42	STIM=2
18804813	42	RESP=1
18816196	42	STIM=8
18824073	42	RESP=2
18832696	42	STIM=g
18837121	42	RESP=1
18848503	42	STIM=4
18853877	42	RESP=2
18867016	42	STIM=k
18873794	42	RESP=1
18882126	42	STIM=c
18885469	42	RESP=1
18899613	42	STIM=y
18903594	42	RESP=1
18915056	42	STIM=h
18917978	42	RESP=1
18930742	42	STIM=x
18934584	42	RESP=2
18946687	42	STIM=q
18957059	42	RESP=1
18965522	42	STIM=3
18972586	42	RESP=2
18982745	42	STIM=0
18989623	42	RESP=2
19000565	42	STIM=o
19004433	42	RESP=1
19017205	42	STIM=d
19021509	42	RESP=1
19032746	42	STIM=y
19039885	42	RESP=1
19048220	42	STIM=w
19056297	42	RESP=1
19066107	42	STIM=y
19070868	42	RESP=1
19083283	42	STIM=t
19089162	42	RESP=1
19101615	42	STIM=r
19105151	42	RESP=1
19119462	42	STIM=h
19127101	42	RESP=1
19135959	42	STIM=k
19141569	42	RESP=1
19153865	42	STIM=3
19162123	42	RESP=2
19170841	42	STIM=v
19173877	42	RESP=1
19188508	42	STIM=0
19197964	42	RESP=2
19205283	42	STIM=5
19214253	42	RESP=2
19223680	42	STIM=o
19227882	42	RESP=1
19239828	42	STIM=i
19245426	42	RESP=1
19257289	42	STIM=z
19263545	42	RESP=1
19274302	42	STIM=6
19284301	42	RESP=1
19290584	42	STIM=t
19297255	42	RESP=1
19306857	42	STIM=q
19316232	42	RESP=1
19323960	42	STIM=g
19329906	42	RESP=1
19339410	42	STIM=b
19342774	42	RESP=1
19357838	42	STIM=t
19366264	42	RESP=1
19374906	42	STIM=h
19379265	42	RESP=1
19391221	42	STIM=n
19397316	42	RESP=1
19407380	42	STIM=r
19414221	42	RESP=1
19422644	42	STIM=l
19425869	42	RESP=1
19441371	42	STIM=y
19448465	42	RESP=1
19458892	42	STIM=3
19465604	42	RESP=2
19474085	42	STIM=z
19479261	42	RESP=1
19491255	42	STIM=r
19502047	42	RESP=1
19508556	42	STIM=a
19512703	42	RESP=1
19523569	42	STIM=x
19531910	42	RESP=1
19541706	42	STIM=6
19551575	42	RESP=2
19557740	42	STIM=y
19563009	42	RESP=1
19573904	42	STIM=9
19581446	42	RESP=2
19589726	42	STIM=b
19598340	42	RESP=1
19606248	42	STIM=2
19612808	42	RESP=2
19621280	42	STIM=u
19626988	42	RESP=1
19640025	42	STIM=l
19644933	42	RESP=1
19658589	42	STIM=4
19666705	42	RESP=1
19674039	42	STIM=p
19680934	42	RESP=1
19689968	42	STIM=g
19696053	42	RESP=1
19705927	42	STIM=2
19711004	42	RESP=2
19723035	42	STIM=7
19729262	42	RESP=2
19741168	42	STIM=2
19747396	42	RESP=2
19759736	42	STIM=l
19765571	42	RESP=1
19778573	42	STIM=a
19781921	42	RESP=1
19794679	42	STIM=b
19803937	42	RESP=1
19809975	42	STIM=t
19814802	42	RESP=1
19826630	42	STIM=i
19832460	42	RESP=1
19844423	42	STIM=s
19848568	42	RESP=1
19862419	42	STIM=b
19868588	42	RESP=1
19881198	42	STIM=1
19887810	42	RESP=1
19896405	42	STIM=r
19900114	42	RESP=1
19913775	42	STIM=x
19919331	42	RESP=1
19932123	42	STIM=n
19937467	42	RESP=1
19948351	42	STIM=m
19954272	42	RESP=1
19965381	42	STIM=1
19979301	42	RESP=1
19981936	42	STIM=e
19990325	42	RESP=1
19999446	42	STIM=2
20007217	42	RESP=2
20015591	42	STIM=r
20021036	42	RESP=1
20032766	42	STIM=k
20040000	42	RESP=1
20050993	42	STIM=x
20059876	42	RESP=1
20066287	42	STIM=0
20070325	42	RESP=2
20081477	42	STIM=u
20088488	42	RESP=1
20096935	42	STIM=g
20101925	42	RESP=1
20113438	42	STIM=e
20118749	42	RESP=1
20129915	42	STIM=2
20141129	42	RESP=2
20147948	42	STIM=r
20151430	42	RESP=1
20163414	42	STIM=z
20169479	42	RESP=1
20180507	42	STIM=b
20184938	42	RESP=1
20196294	42	STIM=r
20199753	42	RESP=1
20213619	42	STIM=h
20222328	42	RESP=1
20231031	42	STIM=k
20239204	42	RESP=2
20249003	42	STIM=m
20257483	42	RESP=1
20267462	42	STIM=w
20275798	42	RESP=1
20283641	42	STIM=v
20289689	42	RESP=1
20301479	42	STIM=f
20305912	42	RESP=1
20317682	42	STIM=1
20323806	42	RESP=2
20335813	42	STIM=m
20341319	42	RESP=1
20354515	42	STIM=s
20363255	42	RESP=1
20370948	42	STIM=n
20376494	42	RESP=1
20386942	42	STIM=2
20393657	42	RESP=2
20403093	42	STIM=g
20407420	42	RESP=1
20418181	42	STIM=c
20422304	42	RESP=1
20436500	42	STIM=a
20444389	42	RESP=1
20455053	42	STIM=d
20459561	42	RESP=1
20470780	42	STIM=y
20481174	42	RESP=1
20487667	42	STIM=c
20496786	42	RESP=1
20502781	42	STIM=o
20508859	42	RESP=1
20521512	42	STIM=m
20532544	42	RESP=1
20537277	42	STIM=n
20540868	42	RESP=1
20555029	42	STIM=3
20561132	42	RESP=2
20571131	42	STIM=p
20575995	42	RESP=1
20587147	42	STIM=a
20594318	42	RESP=1
20603943	42	STIM=y
20609859	42	RESP=1
20622682	42	STIM=c
20629326	42	RESP=1
20640389	42	STIM=o
20649678	42	RESP=1
20656495	42	STIM=5
20663684	42	RESP=2
20674237	42	STIM=j
20678852	42	RESP=1
20693120	42	STIM=a
20699754	42	RESP=1
20710126	42	STIM=j
20714260	42	RESP=1
20728076	42	STIM=n
20734287	42	RESP=1
20744145	42	STIM=e
20748092	42	RESP=1
20759994	42	STIM=v
20766711	42	RESP=1
20776322	42	STIM=s
20780654	42	RESP=1
20794827	42	STIM=0
20803028	42	RESP=2
20811768	42	STIM=w
20818839	42	RESP=1
20829830	42	STIM=j
20835654	42	RESP=1
20846159	42	STIM=u
20850292	42	RESP=1
20861843	42	STIM=m
20866266	42	RESP=1
20877564	42	STIM=s
20882757	42	RESP=1
20894866	42	STIM=y
20900508	42	RESP=1
20912794	42	STIM=y
20918274	42	RESP=1
20931548	42	STIM=o
20935769	42	RESP=1
20948690	42	STIM=q
20954776	42	RESP=1
20965428	42	STIM=h
20977515	42	RESP=1
20980657	42	STIM=t
20987450	42	RESP=1
20998355	42	STIM=g
21006870	42	RESP=1
21015602	42	STIM=n
21026797	42	RESP=1
21032640	42	STIM=x
21035313	42	RESP=1
21050999	42	STIM=g
21056369	42	RESP=1
21067679	42	STIM=c
21074823	42	RESP=1
21086200	42	STIM=1
21097928	42	RESP=2
21103403	42	STIM=n
21108856	42	RESP=1
21122102	42	STIM=f
21126240	42	RESP=1
21138631	42	STIM=h
21145750	42	RESP=1
21155907	42	STIM=8
21160813	42	RESP=2
21172043	42	STIM=k
21177243	42	RESP=1
21187501	42	STIM=q
21191198	42	RESP=1
21202870	42	STIM=i
21209467	42	RESP=1
21220548	42	STIM=7
21224512	42	RESP=2
21235561	42	STIM=s
21241617	42	RESP=1
21251231	42	STIM=z
21262592	42	RESP=1
21267775	42	STIM=w
21271554	42	RESP=1
21286166	42	STIM=p
21292716	42	RESP=1
21302105	42	STIM=3
21313102	42	RESP=2
21320387	42	STIM=1
21328890	42	RESP=2
21338823	42	STIM=i
21343661	42	RESP=1
21356242	42	STIM=c
21360693	42	RESP=1
21373681	42	STIM=0
21388350	42	RESP=2
21389286	42	STIM=u
21393434	42	RESP=1
21407833	42	STIM=l
21412823	42	RESP=1
21423556	42	STIM=r
21426395	42	RESP=1
21442182	42	STIM=o
21446601	42	RESP=1
21460267	42	STIM=m
21466789	42	RESP=1
21475917	42	STIM=6
21483726	42	RESP=1
21492483	42	STIM=l
21497110	42	RESP=1
21507830	42	STIM=n
21512880	42	RESP=1
21525943	42	STIM=1
21536807	42	RESP=2
21541275	42	STIM=z
21546138	42	RESP=1
21559610	42	STIM=t
21564385	42	RESP=1
21577070	42	STIM=8
21585387	42	RESP=2
21594198	42	STIM=g
21598989	42	RESP=1
21611671	42	STIM=x
21615497	42	RESP=1
21629003	42	STIM=r
21636847	42	RESP=1
21646303	42	STIM=q
21654365	42	RESP=2
21662113	42	STIM=s
21665372	42	RESP=1
21678003	42	STIM=8
21684297	42	RESP=2
21696670	42	STIM=y
21700563	42	RESP=1
21715441	42	STIM=g
21719497	42	RESP=1
21731209	42	STIM=d
21735941	42	RESP=1
