# Original filename: 0031_IMB_2016-11-08.log
# Time unit: 100 us
# RARECAT=digit
#
# Time	HHGG	Event
28127	42	STIM=z
36386	42	RESP=1
46208	42	STIM=9
52455	42	RESP=2
63968	42	STIM=v
72720	42	RESP=1
79038	42	STIM=a
84229	42	RESP=1
94985	42	STIM=n
100927	42	RESP=1
113791	42	STIM=3
117668	42	RESP=2
132077	42	STIM=e
137301	42	RESP=1
148737	42	STIM=z
155626	42	RESP=1
166960	42	STIM=p
170889	42	RESP=1
184133	42	STIM=j
189427	42	RESP=1
202949	42	STIM=z
205832	42	RESP=1
218188	42	STIM=m
221191	42	RESP=1
233188	42	STIM=a
240437	42	RESP=1
248312	42	STIM=o
252739	42	RESP=1
267079	42	STIM=c
273643	42	RESP=1
285659	42	STIM=s
290582	42	RESP=1
303664	42	STIM=f
309695	42	RESP=1
322436	42	STIM=h
326910	42	RESP=1
339932	42	STIM=d
345431	42	RESP=1
358204	42	STIM=m
360813	42	RESP=1
377084	42	STIM=m
383778	42	RESP=2
393335	42	STIM=m
397315	42	RESP=1
410896	42	STIM=l
414641	42	RESP=1
428074	42	STIM=k
430983	42	RESP=1
445051	42	STIM=p
449205	42	RESP=1
463510	42	STIM=w
467264	42	RESP=1
478970	42	STIM=n
483526	42	RESP=1
495580	42	STIM=j
501678	42	RESP=1
513437	42	STIM=4
521252	42	RESP=2
531322	42	STIM=9
535480	42	RESP=2
547935	42	STIM=u
551987	42	RESP=1
566355	42	STIM=l
570967	42	RESP=1
582117	42	STIM=2
587828	42	RESP=2
599176	42	STIM=j
604267	42	RESP=1
617721	42	STIM=3
623057	42	RESP=2
634190	42	STIM=2
638685	42	RESP=2
650115	42	STIM=v
653340	42	RESP=1
667631	42	STIM=i
674451	42	RESP=1
684830	42	STIM=o
691061	42	RESP=1
701389	42	STIM=c
704659	42	RESP=1
718633	42	STIM=n
728425	42	RESP=1
735731	42	STIM=8
741448	42	RESP=2
751376	42	STIM=b
756419	42	RESP=1
766887	42	STIM=k
772012	42	RESP=2
784463	42	STIM=m
792161	42	RESP=1
802972	42	STIM=z
807578	42	RESP=1
818158	42	STIM=x
822570	42	RESP=1
834015	42	STIM=a
842486	42	RESP=1
852463	42	STIM=p
857224	42	RESP=1
868045	42	STIM=9
872917	42	RESP=2
884618	42	STIM=c
887865	42	RESP=1
902074	42	STIM=k
905222	42	RESP=1
919637	42	STIM=t
923453	42	RESP=1
935701	42	STIM=t
941002	42	RESP=1
951334	42	STIM=j
954912	42	RESP=1
966818	42	STIM=f
971946	42	RESP=1
983359	42	STIM=l
986635	42	RESP=1
1001548	42	STIM=c
1004419	42	RESP=1
1019555	42	STIM=t
1025342	42	RESP=1
1037312	42	STIM=9
1040958	42	RESP=2
1054016	42	STIM=q
1058196	42	RESP=1
1072325	42	STIM=d
1080675	42	RESP=1
1088085	42	STIM=p
1091611	42	RESP=1
1103479	42	STIM=d
1105938	42	RESP=1
1121941	42	STIM=1
1125437	42	RESP=2
1140614	42	STIM=2
1144809	42	RESP=2
1155640	42	STIM=y
1158592	42	RESP=1
1172050	42	STIM=z
1175583	42	RESP=1
1187535	42	STIM=d
1192138	42	RESP=1
1206456	42	STIM=f
1210254	42	RESP=1
1225263	42	STIM=y
1227901	42	RESP=1
1240593	42	STIM=u
1243793	42	RESP=1
1258822	42	STIM=k
1262699	42	RESP=1
1277511	42	STIM=7
1283180	42	RESP=2
1293006	42	STIM=z
1297618	42	RESP=1
1310914	42	STIM=z
1315432	42	RESP=1
1326132	42	STIM=i
1329536	42	RESP=1
1343316	42	STIM=n
1350468	42	RESP=1
1362258	42	STIM=d
1369790	42	RESP=1
1377767	42	STIM=x
1382397	42	RESP=1
1394514	42	STIM=s
1397453	42	RESP=1
1409623	42	STIM=w
1414030	42	RESP=1
1425664	42	STIM=l
1431148	42	RESP=1
1442726	42	STIM=d
1448301	42	RESP=1
1458429	42	STIM=v
1461619	42	RESP=1
1474005	42	STIM=u
1479734	42	RESP=1
1491032	42	STIM=l
1496035	42	RESP=1
1506969	42	STIM=k
1513748	42	RESP=1
1523896	42	STIM=a
1531913	42	RESP=1
1541198	42	STIM=s
1547746	42	RESP=1
1558320	42	STIM=6
1562840	42	RESP=2
1573322	42	STIM=b
1579269	42	RESP=1
1590278	42	STIM=l
1595298	42	RESP=1
1609215	42	STIM=i
1612908	42	RESP=1
1624458	42	STIM=d
1629735	42	RESP=1
1641496	42	STIM=o
1644484	42	RESP=1
1657172	42	STIM=v
1662012	42	RESP=1
1675037	42	STIM=q
1677831	42	RESP=1
1691777	42	STIM=o
1698674	42	RESP=1
1709695	42	STIM=x
1714365	42	RESP=1
1725474	42	STIM=w
1727915	42	RESP=1
1742085	42	STIM=e
1745690	42	RESP=1
1757230	42	STIM=7
1762628	42	RESP=2
1774426	42	STIM=4
1780040	42	RESP=2
1791720	42	STIM=r
1801315	42	RESP=1
1808046	42	STIM=s
1812745	42	RESP=1
1826504	42	STIM=h
1829742	42	RESP=1
1844177	42	STIM=c
1848083	42	RESP=2
1861071	42	STIM=z
1865808	42	RESP=1
1877508	42	STIM=j
1880465	42	RESP=1
1894402	42	STIM=p
1900331	42	RESP=1
1909888	42	STIM=5
1916464	42	RESP=2
1928213	42	STIM=w
1935734	42	RESP=1
1947169	42	STIM=p
1953056	42	RESP=1
1962213	42	STIM=0
1966836	42	RESP=2
1979629	42	STIM=f
1983853	42	RESP=1
1995842	42	STIM=j
1999281	42	RESP=1
2013672	42	STIM=e
2024095	42	RESP=1
2031767	42	STIM=y
2038656	42	RESP=1
2046902	42	STIM=o
2051137	42	RESP=1
2064983	42	STIM=1
2071231	42	RESP=2
2081176	42	STIM=r
2084535	42	RESP=1
2099936	42	STIM=u
2104502	42	RESP=1
2117708	42	STIM=v
2122975	42	RESP=1
2133353	42	STIM=s
2136869	42	RESP=1
2150172	42	STIM=e
2154903	42	RESP=1
2168275	42	STIM=c
2173924	42	RESP=1
2187202	42	STIM=u
2193330	42	RESP=2
2204191	42	STIM=y
2207525	42	RESP=1
2221220	42	STIM=w
2228747	42	RESP=1
2239459	42	STIM=0
2245521	42	RESP=1
2255029	42	STIM=c
2258005	42	RESP=1
2270666	42	STIM=t
2274575	42	RESP=1
2286018	42	STIM=y
2294141	42	RESP=2
2303364	42	STIM=l
2308316	42	RESP=1
2319151	42	STIM=o
2325855	42	RESP=1
2334916	42	STIM=r
2337960	42	RESP=1
2353811	42	STIM=9
2359484	42	RESP=2
2369560	42	STIM=0
2376558	42	RESP=2
2387076	42	STIM=k
2390553	42	RESP=1
2402726	42	STIM=a
2406926	42	RESP=1
2418216	42	STIM=0
2424688	42	RESP=1
2433283	42	STIM=f
2437622	42	RESP=1
2451968	42	STIM=i
2454765	42	RESP=1
2469933	42	STIM=1
2473648	42	RESP=2
2485841	42	STIM=l
2489736	42	RESP=1
2501446	42	STIM=r
2506640	42	RESP=1
2520322	42	STIM=c
2524091	42	RESP=1
2538484	42	STIM=g
2541960	42	RESP=1
2555516	42	STIM=b
2561682	42	RESP=1
2573437	42	STIM=b
2576090	42	RESP=1
2590545	42	STIM=2
2597777	42	RESP=2
2609360	42	STIM=n
2614186	42	RESP=1
2626469	42	STIM=m
2631519	42	RESP=1
2644560	42	STIM=5
2650357	42	RESP=2
2663415	42	STIM=i
2667730	42	RESP=1
2678734	42	STIM=2
2682552	42	RESP=2
2694391	42	STIM=l
2698677	42	RESP=1
2711749	42	STIM=n
2716787	42	RESP=1
2727413	42	STIM=6
2732037	42	RESP=2
2743530	42	STIM=2
2749242	42	RESP=2
2762362	42	STIM=t
2769386	42	RESP=1
2779835	42	STIM=d
2787996	42	RESP=1
2795187	42	STIM=8
2801185	42	RESP=2
2812710	42	STIM=d
2816030	42	RESP=1
2828407	42	STIM=7
2834176	42	RESP=2
2847258	42	STIM=i
2850877	42	RESP=1
2865950	42	STIM=1
2873377	42	RESP=2
2884568	42	STIM=k
2888767	42	RESP=1
2903536	42	STIM=e
2910239	42	RESP=1
2920529	42	STIM=3
2924226	42	RESP=2
2936709	42	STIM=p
2940905	42	RESP=2
2953506	42	STIM=9
2957756	42	RESP=1
2969884	42	STIM=c
2974814	42	RESP=1
2987560	42	STIM=a
2992311	42	RESP=1
3004842	42	STIM=i
3008443	42	RESP=1
3023697	42	STIM=w
3026870	42	RESP=1
3040444	42	STIM=o
3048383	42	RESP=1
3057003	42	STIM=d
3063367	42	RESP=1
3075994	42	STIM=5
3080344	42	RESP=2
3092850	42	STIM=r
3097774	42	RESP=1
3111362	42	STIM=d
3116646	42	RESP=1
3128140	42	STIM=p
3130728	42	RESP=1
3145065	42	STIM=6
3148991	42	RESP=2
3163867	42	STIM=e
3167016	42	RESP=1
3179860	42	STIM=n
3188754	42	RESP=1
3198344	42	STIM=v
3201666	42	RESP=1
3216183	42	STIM=w
3222103	42	RESP=1
3234066	42	STIM=y
3237887	42	RESP=1
3252183	42	STIM=f
3258355	42	RESP=1
3268678	42	STIM=t
3272482	42	RESP=1
3285226	42	STIM=y
3292070	42	RESP=1
3302512	42	STIM=f
3306209	42	RESP=2
3318715	42	STIM=p
3323380	42	RESP=1
3333767	42	STIM=4
3338296	42	RESP=2
3351004	42	STIM=v
3355689	42	RESP=1
3366355	42	STIM=k
3369134	42	RESP=1
3385288	42	STIM=9
3390773	42	RESP=2
3402718	42	STIM=x
3408576	42	RESP=1
3418214	42	STIM=i
3423878	42	RESP=1
3436723	42	STIM=x
3439662	42	RESP=1
3453563	42	STIM=w
3462166	42	RESP=2
3470246	42	STIM=o
3473818	42	RESP=1
3488207	42	STIM=g
3499028	42	RESP=1
3505955	42	STIM=c
3511342	42	RESP=1
3523075	42	STIM=d
3526817	42	RESP=1
3538335	42	STIM=b
3544079	42	RESP=1
3557113	42	STIM=t
3560205	42	RESP=1
3574992	42	STIM=f
3580061	42	RESP=1
3590349	42	STIM=t
3594768	42	RESP=1
3605732	42	STIM=v
3610028	42	RESP=1
3621866	42	STIM=1
3628835	42	RESP=2
3638130	42	STIM=1
3643764	42	RESP=1
3653624	42	STIM=x
3657097	42	RESP=1
3671719	42	STIM=z
3675270	42	RESP=1
3689120	42	STIM=3
3693720	42	RESP=2
3704596	42	STIM=r
3710193	42	RESP=1
3722571	42	STIM=4
3727852	42	RESP=2
3739307	42	STIM=w
3744029	42	RESP=1
3755027	42	STIM=j
3758949	42	RESP=1
3770716	42	STIM=f
3774495	42	RESP=1
3788595	42	STIM=5
3793067	42	RESP=2
3806122	42	STIM=l
3812385	42	RESP=1
3822493	42	STIM=g
3827681	42	RESP=1
3838259	42	STIM=z
3842847	42	RESP=1
3854803	42	STIM=q
3859271	42	RESP=1
3870905	42	STIM=0
3876120	42	RESP=2
3887314	42	STIM=y
3893109	42	RESP=1
3905924	42	STIM=t
3909210	42	RESP=1
3923092	42	STIM=c
3930917	42	RESP=1
3939062	42	STIM=i
3943141	42	RESP=1
3957415	42	STIM=m
3960955	42	RESP=1
3973417	42	STIM=5
3977765	42	RESP=2
3990608	42	STIM=e
3993313	42	RESP=1
4009585	42	STIM=n
4013924	42	RESP=1
4024991	42	STIM=o
4028672	42	RESP=1
4042212	42	STIM=v
4046648	42	RESP=1
4060039	42	STIM=p
4063772	42	RESP=1
4077335	42	STIM=t
4083050	42	RESP=1
4093795	42	STIM=l
4097197	42	RESP=1
4110971	42	STIM=1
4114463	42	RESP=2
4126425	42	STIM=2
4131280	42	RESP=2
4142791	42	STIM=f
4150113	42	RESP=1
4161088	42	STIM=s
4168420	42	RESP=1
4177599	42	STIM=u
4183716	42	RESP=1
4195321	42	STIM=l
4198362	42	RESP=2
4213188	42	STIM=t
4217434	42	RESP=1
4230733	42	STIM=x
4236012	42	RESP=1
4249692	42	STIM=0
4255066	42	RESP=1
4265646	42	STIM=o
4270237	42	RESP=1
4281739	42	STIM=f
4292345	42	RESP=1
4299960	42	STIM=l
4303508	42	RESP=1
4315642	42	STIM=1
4320095	42	RESP=2
4331414	42	STIM=7
4335953	42	RESP=2
4348199	42	STIM=i
4352722	42	RESP=1
4363337	42	STIM=5
4367843	42	RESP=2
4378390	42	STIM=l
4382371	42	RESP=1
4395642	42	STIM=z
4399363	42	RESP=1
4410826	42	STIM=y
4414181	42	RESP=1
4426153	42	STIM=i
4431169	42	RESP=1
4443605	42	STIM=m
4447757	42	RESP=1
4462180	42	STIM=d
4465744	42	RESP=1
4478189	42	STIM=m
4483003	42	RESP=1
4493342	42	STIM=b
4497573	42	RESP=1
4508869	42	STIM=f
4515774	42	RESP=1
4526112	42	STIM=s
4530021	42	RESP=1
4541347	42	STIM=l
4546167	42	RESP=1
4558477	42	STIM=z
4564468	42	RESP=1
4576549	42	STIM=q
4580221	42	RESP=1
4594882	42	STIM=y
4599801	42	RESP=1
4611726	42	STIM=z
4615369	42	RESP=1
4628992	42	STIM=3
4633439	42	RESP=2
4645770	42	STIM=m
4650493	42	RESP=2
4661075	42	STIM=r
4669894	42	RESP=1
4677872	42	STIM=h
4682409	42	RESP=1
4696522	42	STIM=j
4699504	42	RESP=1
4712675	42	STIM=b
4717140	42	RESP=1
4731426	42	STIM=g
4735085	42	RESP=1
4747224	42	STIM=w
4751696	42	RESP=1
4765360	42	STIM=x
4769756	42	RESP=1
4780954	42	STIM=l
4785940	42	RESP=1
4799697	42	STIM=w
4804213	42	RESP=1
4815552	42	STIM=m
4818593	42	RESP=1
4834524	42	STIM=a
4842428	42	RESP=1
4853417	42	STIM=c
4860906	42	RESP=1
4871723	42	STIM=5
4882065	42	RESP=2
4889727	42	STIM=1
4896383	42	RESP=2
4907056	42	STIM=8
4912799	42	RESP=2
4924183	42	STIM=4
4930075	42	RESP=1
4940792	42	STIM=r
4946083	42	RESP=1
4956011	42	STIM=6
4960548	42	RESP=2
4974634	42	STIM=l
4982530	42	RESP=1
4991785	42	STIM=e
4995292	42	RESP=1
5008167	42	STIM=5
5015767	42	RESP=2
5026881	42	STIM=a
5031332	42	RESP=1
5042049	42	STIM=0
5048998	42	RESP=2
5059132	42	STIM=9
5065601	42	RESP=2
5075960	42	STIM=k
5079742	42	RESP=1
5093517	42	STIM=l
5099066	42	RESP=1
5109521	42	STIM=b
5118747	42	RESP=1
5124580	42	STIM=j
5130171	42	RESP=1
5140443	42	STIM=r
5143989	42	RESP=1
5158324	42	STIM=w
5162067	42	RESP=1
5176072	42	STIM=f
5182314	42	RESP=1
5193545	42	STIM=y
5202926	42	RESP=1
5211267	42	STIM=i
5214905	42	RESP=1
5226467	42	STIM=y
5234245	42	RESP=1
5242346	42	STIM=u
5245836	42	RESP=2
5257632	42	STIM=9
5263917	42	RESP=1
5275802	42	STIM=x
5281559	42	RESP=1
5293269	42	STIM=h
5299287	42	RESP=1
5310128	42	STIM=n
5316127	42	RESP=1
5327358	42	STIM=e
5335891	42	RESP=1
5345568	42	STIM=5
5350642	42	RESP=2
5361677	42	STIM=o
5365313	42	RESP=1
5378562	42	STIM=s
5385349	42	RESP=1
5395314	42	STIM=c
5402653	42	RESP=1
5411367	42	STIM=o
5417102	42	RESP=1
5429866	42	STIM=j
5436070	42	RESP=1
5448818	42	STIM=b
5452531	42	RESP=1
5466810	42	STIM=r
5470775	42	RESP=1
5485115	42	STIM=k
5487651	42	RESP=1
5502004	42	STIM=0
5508386	42	RESP=2
5518375	42	STIM=j
5525696	42	RESP=1
5534632	42	STIM=h
5538514	42	RESP=1
5550439	42	STIM=j
5554975	42	RESP=1
5567648	42	STIM=c
5574071	42	RESP=1
5585826	42	STIM=x
5590823	42	RESP=1
5602235	42	STIM=g
5609026	42	RESP=1
5618137	42	STIM=s
5622519	42	RESP=1
5636221	42	STIM=h
5642284	42	RESP=1
5653645	42	STIM=7
5660456	42	RESP=1
5671992	42	STIM=v
5679773	42	RESP=1
5688352	42	STIM=h
5692784	42	RESP=1
5703874	42	STIM=q
5707505	42	RESP=1
5720133	42	STIM=1
5725081	42	RESP=2
5735699	42	STIM=e
5740061	42	RESP=1
5752432	42	STIM=r
5755122	42	RESP=1
5771221	42	STIM=t
5777278	42	RESP=1
5788762	42	STIM=4
5798284	42	RESP=2
5805628	42	STIM=a
5810376	42	RESP=1
5823816	42	STIM=a
5831839	42	RESP=1
5841814	42	STIM=e
5846628	42	RESP=1
5857350	42	STIM=z
5863816	42	RESP=2
5874205	42	STIM=x
5878592	42	RESP=1
5891663	42	STIM=q
5895602	42	RESP=1
5909948	42	STIM=k
5914747	42	RESP=1
5926302	42	STIM=n
5930970	42	RESP=1
5944209	42	STIM=t
5949653	42	RESP=1
5960038	42	STIM=6
5964703	42	RESP=2
5976700	42	STIM=f
5982523	42	RESP=1
5994395	42	STIM=5
5998015	42	RESP=2
6009942	42	STIM=z
6013474	42	RESP=1
6025717	42	STIM=w
6030628	42	RESP=1
6040719	42	STIM=k
6048532	42	RESP=1
6055794	42	STIM=s
6062981	42	RESP=1
6073893	42	STIM=3
6077678	42	RESP=2
6092707	42	STIM=a
6096570	42	RESP=1
6111462	42	STIM=j
6117017	42	RESP=1
6128832	42	STIM=k
6133252	42	RESP=1
6147311	42	STIM=v
6151223	42	RESP=1
6165901	42	STIM=v
6170048	42	RESP=1
6184571	42	STIM=e
6189078	42	RESP=1
6201627	42	STIM=d
6207083	42	RESP=1
6218662	42	STIM=u
6229781	42	RESP=1
6236961	42	STIM=8
6242194	42	RESP=2
6253102	42	STIM=j
6255915	42	RESP=1
6271226	42	STIM=5
6275287	42	RESP=2
6287411	42	STIM=l
6291028	42	RESP=1
6302497	42	STIM=a
6305123	42	RESP=1
6320749	42	STIM=d
6327130	42	RESP=1
6338235	42	STIM=b
6340828	42	RESP=1
6357222	42	STIM=y
6362841	42	RESP=1
6373486	42	STIM=b
6378627	42	RESP=1
6390097	42	STIM=u
6394120	42	RESP=1
6408334	42	STIM=s
6412780	42	RESP=1
6426814	42	STIM=7
6434868	42	RESP=2
6442004	42	STIM=2
6446265	42	RESP=2
6459882	42	STIM=r
6462537	42	RESP=1
6477162	42	STIM=q
6482082	42	RESP=1
6493494	42	STIM=g
6497707	42	RESP=1
6510081	42	STIM=g
6515595	42	RESP=1
6525544	42	STIM=y
6534691	42	RESP=1
6543982	42	STIM=f
6547460	42	RESP=1
6559524	42	STIM=3
6565182	42	RESP=2
6577153	42	STIM=s
6582409	42	RESP=2
6592424	42	STIM=i
6596714	42	RESP=1
6609001	42	STIM=0
6619163	42	RESP=2
6626929	42	STIM=u
6630565	42	RESP=1
6644459	42	STIM=e
6650408	42	RESP=1
6660682	42	STIM=2
6665902	42	RESP=2
6678126	42	STIM=a
6685351	42	RESP=1
6696656	42	STIM=8
6702842	42	RESP=2
6715316	42	STIM=l
6720526	42	RESP=1
6731953	42	STIM=l
6739483	42	RESP=1
6747000	42	STIM=w
6749970	42	RESP=1
6765945	42	STIM=c
6769154	42	RESP=1
6784123	42	STIM=f
6788011	42	RESP=2
6800251	42	STIM=g
6804753	42	RESP=1
6818803	42	STIM=h
6823885	42	RESP=1
6835619	42	STIM=7
6840045	42	RESP=2
6853334	42	STIM=l
6857523	42	RESP=1
6871011	42	STIM=w
6876391	42	RESP=1
6886137	42	STIM=p
6889104	42	RESP=1
6903918	42	STIM=d
6909737	42	RESP=1
6921851	42	STIM=6
6926129	42	RESP=2
6937353	42	STIM=j
6940519	42	RESP=1
6955886	42	STIM=y
6962424	42	RESP=1
6971313	42	STIM=y
6976495	42	RESP=1
6988476	42	STIM=l
6991645	42	RESP=1
7006594	42	STIM=x
7011144	42	RESP=1
7022103	42	STIM=h
7025659	42	RESP=1
7038769	42	STIM=w
7046931	42	RESP=1
7055077	42	STIM=w
7061362	42	RESP=1
7071549	42	STIM=4
7076976	42	RESP=2
7087003	42	STIM=g
7089896	42	RESP=1
7103882	42	STIM=n
7107266	42	RESP=1
7121673	42	STIM=i
7129587	42	RESP=1
7137662	42	STIM=h
7144403	42	RESP=1
7155519	42	STIM=x
7163204	42	RESP=1
7172941	42	STIM=d
7181310	42	RESP=1
7190460	42	STIM=7
7195715	42	RESP=2
7208573	42	STIM=w
7212139	42	RESP=1
7227036	42	STIM=7
7234167	42	RESP=2
7242789	42	STIM=9
7252138	42	RESP=2
7259303	42	STIM=l
7265560	42	RESP=2
7275274	42	STIM=1
7279823	42	RESP=2
7292295	42	STIM=g
7295985	42	RESP=1
7310006	42	STIM=2
7317414	42	RESP=2
7326634	42	STIM=9
7333822	42	RESP=1
7343698	42	STIM=0
7348895	42	RESP=1
7360576	42	STIM=3
7365370	42	RESP=2
7378861	42	STIM=q
7383921	42	RESP=1
7394129	42	STIM=g
7397658	42	RESP=1
7411961	42	STIM=0
7418043	42	RESP=2
7427386	42	STIM=y
7431816	42	RESP=1
7445891	42	STIM=o
7449435	42	RESP=1
7461614	42	STIM=2
7469750	42	RESP=1
7478552	42	STIM=n
7482951	42	RESP=1
7496871	42	STIM=a
7500035	42	RESP=1
7514939	42	STIM=j
7518128	42	RESP=1
7532192	42	STIM=y
7535799	42	RESP=2
7549831	42	STIM=n
7554820	42	RESP=1
7568053	42	STIM=r
7572183	42	RESP=1
7583279	42	STIM=y
7592111	42	RESP=1
7598538	42	STIM=z
7602025	42	RESP=1
7615302	42	STIM=4
7620178	42	RESP=2
7630715	42	STIM=l
7638918	42	RESP=1
7649113	42	STIM=p
7654239	42	RESP=1
7667779	42	STIM=z
7674567	42	RESP=1
7684621	42	STIM=c
7688509	42	RESP=1
7699768	42	STIM=c
7703755	42	RESP=1
7715724	42	STIM=s
7718489	42	RESP=1
7734263	42	STIM=o
7738027	42	RESP=1
7753178	42	STIM=e
7757178	42	RESP=1
7770877	42	STIM=1
7780031	42	RESP=2
7788141	42	STIM=h
7793033	42	RESP=1
7806284	42	STIM=e
7810674	42	RESP=1
7824593	42	STIM=b
7827444	42	RESP=1
7840472	42	STIM=t
7845038	42	RESP=1
7857586	42	STIM=e
7861764	42	RESP=1
7873415	42	STIM=x
7881073	42	RESP=1
7892382	42	STIM=3
7896669	42	RESP=2
7910455	42	STIM=q
7918311	42	RESP=2
7926272	42	STIM=g
7932529	42	RESP=1
7942793	42	STIM=u
7946281	42	RESP=1
7961500	42	STIM=i
7964936	42	RESP=1
7979717	42	STIM=w
7982514	42	RESP=1
7997070	42	STIM=g
8001382	42	RESP=1
8014854	42	STIM=a
8018850	42	RESP=1
8033247	42	STIM=y
8038726	42	RESP=1
8050386	42	STIM=l
8053792	42	RESP=1
8067459	42	STIM=o
8072291	42	RESP=1
8085924	42	STIM=z
8092319	42	RESP=1
8102481	42	STIM=v
8105554	42	RESP=1
8120378	42	STIM=b
8124771	42	RESP=1
8137040	42	STIM=6
8142241	42	RESP=1
8153941	42	STIM=u
8157789	42	RESP=2
8169261	42	STIM=f
8174207	42	RESP=1
8185867	42	STIM=t
8192787	42	RESP=1
8201851	42	STIM=u
8206075	42	RESP=1
8218127	42	STIM=a
8224049	42	RESP=1
8233703	42	STIM=t
8239837	42	RESP=1
8250186	42	STIM=n
8256498	42	RESP=1
8268671	42	STIM=x
8273008	42	RESP=1
8287631	42	STIM=l
8293083	42	RESP=1
8306304	42	STIM=m
8311200	42	RESP=1
8323762	42	STIM=z
8328468	42	RESP=1
8341667	42	STIM=l
8347234	42	RESP=1
8358148	42	STIM=e
8361862	42	RESP=1
8375299	42	STIM=x
8381439	42	RESP=1
8394274	42	STIM=v
8400014	42	RESP=1
8411940	42	STIM=6
8422668	42	RESP=2
8428497	42	STIM=k
8432333	42	RESP=1
8444186	42	STIM=w
8450102	42	RESP=1
8460901	42	STIM=v
8464840	42	RESP=1
8479157	42	STIM=f
8483162	42	RESP=1
8495108	42	STIM=a
8500801	42	RESP=1
8510299	42	STIM=8
8516054	42	RESP=2
8526203	42	STIM=z
8531407	42	RESP=1
8543251	42	STIM=r
8546768	42	RESP=1
8561280	42	STIM=3
8565813	42	RESP=2
8579749	42	STIM=r
8582622	42	RESP=1
8595180	42	STIM=h
8599170	42	RESP=2
8612442	42	STIM=q
8615349	42	RESP=1
8629359	42	STIM=l
8632532	42	RESP=2
8647444	42	STIM=f
8651237	42	RESP=1
8666061	42	STIM=i
8672606	42	RESP=1
8683384	42	STIM=5
8690031	42	RESP=2
8698598	42	STIM=k
8705787	42	RESP=1
8717085	42	STIM=o
8723221	42	RESP=1
8734111	42	STIM=7
8738804	42	RESP=2
8751772	42	STIM=c
8757937	42	RESP=1
8768275	42	STIM=u
8773199	42	RESP=1
8785193	42	STIM=0
8791676	42	RESP=2
8802955	42	STIM=j
8808327	42	RESP=1
8820853	42	STIM=u
8827196	42	RESP=1
8836944	42	STIM=o
8839700	42	RESP=1
8854144	42	STIM=8
8860312	42	RESP=2
8872736	42	STIM=0
8876862	42	RESP=2
8891310	42	STIM=l
8899179	42	RESP=1
8908542	42	STIM=q
8914264	42	RESP=1
8925881	42	STIM=u
8933820	42	RESP=1
8944478	42	STIM=9
8949390	42	RESP=2
8960915	42	STIM=j
8964696	42	RESP=1
8979556	42	STIM=6
8984272	42	RESP=2
8995293	42	STIM=j
8999999	42	RESP=1
9011626	42	STIM=j
9015522	42	RESP=1
9029581	42	STIM=q
9036564	42	RESP=1
9048016	42	STIM=j
9051544	42	RESP=1
9065108	42	STIM=l
9068008	42	RESP=1
9082744	42	STIM=m
9090761	42	RESP=1
9101183	42	STIM=r
9104561	42	RESP=1
9116405	42	STIM=g
9120187	42	RESP=1
9133366	42	STIM=2
9137639	42	RESP=2
9151930	42	STIM=d
9155598	42	RESP=1
9170491	42	STIM=e
9174672	42	RESP=1
9186230	42	STIM=h
9194628	42	RESP=1
9204603	42	STIM=1
9210198	42	RESP=2
9221459	42	STIM=p
9225603	42	RESP=1
9236862	42	STIM=n
9241578	42	RESP=1
9253227	42	STIM=e
9257634	42	RESP=1
9270793	42	STIM=t
9274255	42	RESP=1
9288343	42	STIM=v
9293254	42	RESP=1
9306740	42	STIM=s
9311156	42	RESP=1
9324480	42	STIM=u
9327717	42	RESP=1
9340019	42	STIM=n
9343193	42	RESP=2
9357936	42	STIM=2
9362325	42	RESP=2
9373442	42	STIM=b
9377914	42	RESP=1
9390355	42	STIM=r
9399960	42	RESP=1
9407319	42	STIM=k
9412764	42	RESP=1
9423147	42	STIM=d
9429581	42	RESP=1
9438984	42	STIM=u
9445170	42	RESP=1
9455275	42	STIM=m
9461735	42	RESP=1
9471375	42	STIM=c
9477029	42	RESP=1
9486743	42	STIM=t
9491299	42	RESP=1
9502444	42	STIM=p
9510176	42	RESP=1
9521186	42	STIM=d
9524746	42	RESP=1
9539200	42	STIM=x
9542308	42	RESP=1
9554959	42	STIM=t
9558611	42	RESP=1
9572262	42	STIM=j
9575543	42	RESP=1
9589806	42	STIM=h
9594923	42	RESP=1
9608165	42	STIM=n
9611460	42	RESP=1
9624324	42	STIM=v
9627975	42	RESP=1
9640080	42	STIM=a
9643294	42	RESP=1
9655706	42	STIM=b
9662112	42	RESP=1
9672978	42	STIM=g
9682341	42	RESP=1
9688867	42	STIM=i
9696371	42	RESP=1
9706537	42	STIM=r
9711827	42	RESP=1
9724358	42	STIM=s
9732392	42	RESP=1
9740793	42	STIM=6
9748928	42	RESP=2
9758590	42	STIM=2
9762797	42	RESP=2
9777564	42	STIM=j
9782737	42	RESP=1
9794288	42	STIM=x
9800619	42	RESP=1
9812124	42	STIM=9
9816790	42	RESP=2
9828135	42	STIM=b
9831099	42	RESP=1
9843389	42	STIM=j
9847590	42	RESP=1
9861686	42	STIM=d
9867653	42	RESP=1
9878919	42	STIM=3
9885439	42	RESP=2
9895303	42	STIM=o
9901023	42	RESP=1
9912898	42	STIM=j
9916238	42	RESP=1
9931401	42	STIM=7
9934466	42	RESP=2
9948187	42	STIM=v
9952282	42	RESP=1
9965676	42	STIM=5
9969539	42	RESP=2
9984654	42	STIM=g
9987926	42	RESP=1
10003208	42	STIM=h
10008468	42	RESP=1
10020681	42	STIM=a
10026436	42	RESP=1
10036516	42	STIM=q
10040913	42	RESP=1
10052447	42	STIM=h
10055863	42	RESP=1
10068632	42	STIM=w
10074054	42	RESP=1
10087420	42	STIM=a
10092182	42	RESP=1
10103220	42	STIM=4
10108663	42	RESP=2
10120425	42	STIM=f
10124112	42	RESP=1
10136191	42	STIM=d
10142280	42	RESP=1
10153109	42	STIM=3
10160670	42	RESP=2
10171565	42	STIM=q
10175919	42	RESP=1
10186900	42	STIM=j
10197154	42	RESP=1
10204775	42	STIM=2
10208349	42	RESP=2
10222377	42	STIM=3
10228959	42	RESP=1
10237855	42	STIM=z
10242787	42	RESP=1
10256697	42	STIM=v
10261861	42	RESP=1
10272773	42	STIM=e
10279103	42	RESP=1
10289935	42	STIM=6
10302306	42	RESP=2
10306570	42	STIM=y
10311487	42	RESP=1
10323035	42	STIM=m
10330379	42	RESP=1
10341707	42	STIM=j
10346537	42	RESP=1
10359555	42	STIM=g
10362724	42	RESP=1
10378056	42	STIM=o
10382076	42	RESP=1
10393169	42	STIM=c
10396421	42	RESP=2
10409408	42	STIM=n
10414729	42	RESP=1
10427007	42	STIM=q
10431650	42	RESP=1
10442088	42	STIM=1
10446081	42	RESP=2
10460387	42	STIM=o
10464437	42	RESP=1
10476139	42	STIM=z
10479679	42	RESP=1
10493604	42	STIM=7
10499075	42	RESP=2
10510276	42	STIM=a
10515422	42	RESP=2
10526881	42	STIM=e
10530895	42	RESP=1
10542641	42	STIM=q
10548969	42	RESP=1
10561540	42	STIM=k
10565927	42	RESP=1
10577062	42	STIM=r
10582060	42	RESP=2
10595009	42	STIM=g
10599577	42	RESP=1
10611560	42	STIM=2
10616079	42	RESP=2
10628048	42	STIM=z
10634146	42	RESP=1
10644672	42	STIM=i
10652137	42	RESP=1
10661386	42	STIM=w
10665953	42	RESP=1
10679922	42	STIM=i
10684984	42	RESP=1
10698545	42	STIM=n
10701685	42	RESP=1
10716681	42	STIM=s
10719681	42	RESP=1
10731889	42	STIM=b
10737456	42	RESP=1
10749103	42	STIM=h
10756599	42	RESP=1
10764523	42	STIM=v
10770434	42	RESP=1
10781983	42	STIM=f
10787007	42	RESP=1
10800331	42	STIM=h
10806381	42	RESP=1
10819039	42	STIM=b
10824590	42	RESP=1
10837640	42	STIM=2
10841143	42	RESP=2
10855568	42	STIM=p
10861367	42	RESP=1
10872463	42	STIM=q
10878857	42	RESP=1
10890311	42	STIM=q
10893679	42	RESP=1
10907333	42	STIM=i
10911393	42	RESP=1
10924788	42	STIM=7
10931501	42	RESP=2
10942186	42	STIM=q
10947005	42	RESP=2
10958999	42	STIM=x
10963804	42	RESP=1
10976177	42	STIM=4
10986209	42	RESP=2
10992675	42	STIM=s
10997943	42	RESP=1
11011323	42	STIM=c
11017550	42	RESP=1
11029955	42	STIM=p
11034259	42	RESP=1
11045837	42	STIM=6
11052151	42	RESP=2
11063853	42	STIM=f
11070184	42	RESP=1
11081926	42	STIM=z
11091863	42	RESP=1
11098435	42	STIM=g
11102049	42	RESP=1
11113834	42	STIM=6
11120833	42	RESP=2
11129086	42	STIM=6
11134195	42	RESP=2
11144357	42	STIM=6
11147909	42	RESP=2
11160601	42	STIM=g
11166072	42	RESP=1
11177102	42	STIM=h
11181596	42	RESP=1
11195435	42	STIM=4
11199435	42	RESP=2
11211407	42	STIM=w
11214958	42	RESP=1
11227062	42	STIM=r
11232460	42	RESP=1
11242120	42	STIM=k
11245601	42	RESP=1
11258665	42	STIM=f
11265012	42	RESP=1
11276050	42	STIM=h
11282432	42	RESP=1
11291851	42	STIM=k
11296733	42	RESP=1
11309039	42	STIM=h
11315428	42	RESP=1
11324099	42	STIM=6
11329660	42	RESP=2
11342714	42	STIM=q
11348234	42	RESP=1
11358586	42	STIM=m
11362191	42	RESP=1
11375139	42	STIM=0
11378827	42	RESP=1
11393664	42	STIM=b
11397678	42	RESP=1
11410879	42	STIM=5
11415463	42	RESP=2
11427036	42	STIM=7
11433028	42	RESP=2
11445172	42	STIM=w
11452658	42	RESP=2
11463323	42	STIM=x
11470778	42	RESP=1
11481905	42	STIM=9
11486645	42	RESP=2
11497192	42	STIM=s
11500675	42	RESP=1
11515274	42	STIM=v
11518801	42	RESP=1
11534263	42	STIM=d
11539595	42	RESP=1
11551144	42	STIM=s
11557932	42	RESP=1
11569623	42	STIM=i
11573317	42	RESP=1
11586490	42	STIM=v
11594010	42	RESP=1
11604438	42	STIM=x
11607680	42	RESP=1
11623149	42	STIM=o
11627297	42	RESP=1
11638399	42	STIM=x
11642988	42	RESP=1
11654332	42	STIM=9
11658622	42	RESP=2
11670483	42	STIM=s
11676013	42	RESP=1
11686426	42	STIM=w
11689477	42	RESP=1
11704726	42	STIM=q
11709451	42	RESP=1
11721586	42	STIM=p
11729093	42	RESP=1
11737098	42	STIM=j
11744860	42	RESP=1
11755394	42	STIM=7
11761085	42	RESP=2
11772896	42	STIM=6
11778789	42	RESP=2
11789087	42	STIM=b
11792445	42	RESP=1
11804572	42	STIM=i
11809626	42	RESP=1
11823203	42	STIM=5
11828002	42	RESP=2
11841220	42	STIM=e
11847006	42	RESP=1
11856264	42	STIM=4
11861795	42	RESP=2
11875135	42	STIM=c
11878334	42	RESP=1
11893581	42	STIM=w
11898929	42	RESP=1
11911014	42	STIM=0
11915186	42	RESP=2
11926546	42	STIM=w
11930014	42	RESP=1
11941943	42	STIM=7
11951392	42	RESP=2
11958064	42	STIM=u
11961026	42	RESP=1
11973616	42	STIM=1
11976720	42	RESP=2
11989961	42	STIM=b
11994167	42	RESP=1
12007070	42	STIM=6
12010535	42	RESP=2
12023401	42	STIM=y
12026549	42	RESP=1
12041627	42	STIM=s
12050023	42	RESP=1
12057422	42	STIM=g
12061918	42	RESP=1
12075923	42	STIM=k
12079186	42	RESP=1
12090989	42	STIM=p
12095484	42	RESP=1
12107849	42	STIM=k
12115829	42	RESP=1
12124513	42	STIM=b
12135056	42	RESP=2
12140526	42	STIM=d
12143503	42	RESP=1
12155932	42	STIM=b
12160585	42	RESP=1
12173911	42	STIM=o
12178411	42	RESP=1
12191963	42	STIM=4
12198514	42	RESP=2
12210792	42	STIM=n
12217185	42	RESP=1
12229184	42	STIM=a
12235624	42	RESP=1
12246910	42	STIM=3
12251686	42	RESP=2
12265771	42	STIM=v
12270187	42	RESP=1
12280873	42	STIM=u
12287758	42	RESP=1
12299300	42	STIM=y
12306117	42	RESP=1
12314896	42	STIM=v
12326395	42	RESP=1
12333678	42	STIM=d
12337852	42	RESP=1
12350147	42	STIM=b
12353471	42	RESP=1
12367216	42	STIM=7
12371535	42	RESP=2
12383751	42	STIM=x
12386885	42	RESP=1
12399815	42	STIM=8
12407866	42	RESP=2
12418136	42	STIM=k
12422286	42	RESP=1
12435448	42	STIM=z
12440608	42	RESP=1
12452337	42	STIM=t
12456807	42	RESP=1
12469911	42	STIM=i
12474488	42	RESP=1
12488151	42	STIM=h
12491829	42	RESP=1
12503373	42	STIM=6
12512326	42	RESP=2
12519153	42	STIM=0
12526093	42	RESP=2
12534389	42	STIM=v
12539380	42	RESP=1
12550231	42	STIM=d
12554099	42	RESP=1
12566927	42	STIM=m
12570517	42	RESP=1
12584228	42	STIM=q
12590027	42	RESP=1
12601202	42	STIM=n
12606161	42	RESP=1
12618594	42	STIM=l
12622648	42	RESP=1
12634878	42	STIM=i
12641509	42	RESP=1
12653311	42	STIM=u
12658182	42	RESP=1
12668355	42	STIM=g
12673577	42	RESP=1
12685400	42	STIM=s
12690300	42	RESP=1
12702951	42	STIM=n
12713598	42	RESP=1
12718795	42	STIM=i
12723144	42	RESP=1
12735277	42	STIM=7
12739686	42	RESP=2
12753144	42	STIM=p
12758442	42	RESP=1
12768930	42	STIM=f
12771839	42	RESP=1
12785685	42	STIM=s
12795212	42	RESP=1
12801437	42	STIM=i
12806842	42	RESP=1
12817188	42	STIM=v
12821694	42	RESP=1
12834819	42	STIM=z
12842152	42	RESP=1
12850237	42	STIM=u
12857079	42	RESP=1
12867480	42	STIM=s
12872812	42	RESP=1
12882723	42	STIM=s
12888166	42	RESP=1
12899217	42	STIM=g
12902575	42	RESP=1
12915286	42	STIM=h
12918911	42	RESP=1
12932994	42	STIM=u
12935783	42	RESP=1
12949279	42	STIM=1
12955179	42	RESP=2
12966372	42	STIM=y
12969266	42	RESP=1
12984900	42	STIM=n
12989045	42	RESP=1
13000524	42	STIM=5
13005822	42	RESP=2
13017979	42	STIM=u
13022571	42	RESP=1
13036436	42	STIM=f
13041720	42	RESP=1
13053271	42	STIM=6
13058897	42	RESP=2
13071193	42	STIM=k
13077467	42	RESP=1
13087196	42	STIM=z
13091472	42	RESP=2
13103383	42	STIM=6
13109328	42	RESP=2
13121243	42	STIM=b
13127971	42	RESP=1
13139215	42	STIM=t
13143534	42	RESP=1
13157990	42	STIM=c
13162089	42	RESP=1
13174102	42	STIM=n
13178706	42	RESP=1
13190332	42	STIM=v
13193985	42	RESP=1
13206622	42	STIM=a
13216314	42	RESP=1
13225336	42	STIM=t
13229086	42	RESP=1
13241097	42	STIM=f
13245445	42	RESP=1
13259944	42	STIM=8
13264298	42	RESP=2
13276454	42	STIM=x
13280275	42	RESP=1
13292228	42	STIM=h
13295522	42	RESP=1
13311122	42	STIM=j
13317352	42	RESP=1
13326733	42	STIM=j
13330849	42	RESP=1
13343090	42	STIM=e
13350086	42	RESP=1
13359440	42	STIM=o
13365677	42	RESP=1
13378073	42	STIM=1
13382439	42	RESP=2
13393748	42	STIM=t
13397927	42	RESP=1
13410540	42	STIM=4
13418076	42	RESP=1
13428788	42	STIM=w
13431561	42	RESP=1
13447625	42	STIM=a
13452310	42	RESP=1
13465175	42	STIM=5
13473838	42	RESP=2
13481650	42	STIM=m
13484981	42	RESP=1
13496940	42	STIM=s
13501557	42	RESP=1
13513424	42	STIM=h
13516961	42	RESP=1
13529205	42	STIM=l
13532593	42	RESP=1
13547895	42	STIM=o
13550697	42	RESP=1
13564576	42	STIM=6
13572791	42	RESP=2
13581177	42	STIM=w
13584858	42	RESP=1
13599704	42	STIM=b
13602567	42	RESP=1
13617743	42	STIM=w
13621739	42	RESP=1
13634930	42	STIM=r
13642588	42	RESP=1
13653657	42	STIM=c
13657706	42	RESP=1
13670584	42	STIM=p
13673713	42	RESP=1
13685837	42	STIM=g
13690149	42	RESP=2
13701012	42	STIM=9
13705706	42	RESP=2
13717525	42	STIM=y
13722237	42	RESP=1
13735431	42	STIM=3
13740991	42	RESP=2
13753037	42	STIM=n
13758456	42	RESP=1
13771397	42	STIM=s
13776989	42	RESP=1
13789798	42	STIM=x
13792722	42	RESP=1
13807141	42	STIM=z
13812158	42	RESP=1
13823639	42	STIM=j
13826381	42	RESP=1
13839348	42	STIM=v
13844352	42	RESP=1
13858301	42	STIM=z
13860940	42	RESP=1
13876400	42	STIM=o
13879701	42	RESP=1
13895152	42	STIM=4
13902210	42	RESP=2
13912332	42	STIM=e
13916112	42	RESP=1
13931079	42	STIM=k
13934156	42	RESP=1
13948476	42	STIM=b
13953863	42	RESP=1
13967290	42	STIM=f
13970745	42	RESP=1
13985252	42	STIM=h
13988894	42	RESP=1
14003593	42	STIM=i
14006069	42	RESP=1
14018674	42	STIM=3
14024162	42	RESP=2
14035097	42	STIM=1
14038744	42	RESP=1
14053377	42	STIM=x
14062715	42	RESP=1
14071453	42	STIM=c
14075891	42	RESP=1
14087956	42	STIM=r
14091843	42	RESP=1
14104287	42	STIM=3
14109968	42	RESP=2
14120335	42	STIM=y
14125207	42	RESP=1
14139081	42	STIM=s
14147260	42	RESP=1
14157943	42	STIM=1
14161605	42	RESP=1
14173917	42	STIM=e
14176948	42	RESP=1
14191403	42	STIM=g
14194708	42	RESP=1
14207942	42	STIM=d
14213320	42	RESP=1
14226472	42	STIM=p
14230652	42	RESP=1
14245133	42	STIM=u
14250354	42	RESP=1
14261003	42	STIM=1
14266659	42	RESP=2
14279903	42	STIM=m
14284148	42	RESP=1
14296944	42	STIM=g
14302468	42	RESP=1
14312828	42	STIM=6
14317585	42	RESP=2
14327898	42	STIM=6
14332271	42	RESP=2
14343694	42	STIM=u
14347616	42	RESP=1
14360059	42	STIM=9
14367695	42	RESP=2
14376403	42	STIM=f
14382560	42	RESP=1
14393863	42	STIM=t
14399788	42	RESP=1
14412614	42	STIM=w
14416728	42	RESP=1
14429028	42	STIM=2
14432763	42	RESP=2
14445585	42	STIM=t
14452482	42	RESP=1
14462038	42	STIM=1
14466576	42	RESP=2
14479611	42	STIM=2
14483967	42	RESP=2
14496276	42	STIM=3
14504528	42	RESP=2
14511605	42	STIM=0
14517165	42	RESP=2
14526607	42	STIM=n
14535788	42	RESP=1
14543219	42	STIM=s
14548150	42	RESP=1
14559454	42	STIM=r
14563269	42	RESP=1
14578288	42	STIM=8
14585614	42	RESP=2
14597139	42	STIM=6
14601152	42	RESP=2
14615702	42	STIM=e
14623302	42	RESP=1
14631700	42	STIM=m
14637153	42	RESP=2
14646747	42	STIM=c
14650050	42	RESP=1
14663346	42	STIM=e
14668277	42	RESP=1
14679304	42	STIM=m
14683045	42	RESP=1
14698094	42	STIM=b
14702043	42	RESP=1
14713939	42	STIM=r
14718688	42	RESP=1
14731170	42	STIM=w
14735314	42	RESP=1
14749575	42	STIM=w
14752744	42	RESP=1
14766624	42	STIM=2
14772159	42	RESP=2
14783762	42	STIM=g
14787334	42	RESP=1
14799134	42	STIM=h
14802391	42	RESP=1
14815485	42	STIM=w
14819204	42	RESP=1
14830735	42	STIM=x
14835474	42	RESP=1
14845883	42	STIM=d
14850205	42	RESP=1
14862811	42	STIM=d
14866163	42	RESP=1
14878033	42	STIM=e
14883000	42	RESP=1
14894076	42	STIM=8
14897294	42	RESP=2
14910476	42	STIM=4
14913666	42	RESP=2
14929126	42	STIM=d
14933957	42	RESP=1
14944684	42	STIM=a
14947607	42	RESP=1
14960091	42	STIM=k
14963996	42	RESP=2
14976973	42	STIM=o
14983350	42	RESP=1
14994465	42	STIM=x
14997759	42	RESP=1
15011901	42	STIM=1
15016310	42	RESP=2
15027960	42	STIM=r
15032290	42	RESP=1
15044905	42	STIM=0
15050431	42	RESP=2
15063285	42	STIM=d
15068215	42	RESP=1
15082250	42	STIM=d
15089001	42	RESP=1
15097316	42	STIM=l
15103002	42	RESP=1
15116221	42	STIM=b
15124292	42	RESP=1
15134519	42	STIM=h
15139406	42	RESP=1
15150479	42	STIM=z
15154810	42	RESP=1
15166273	42	STIM=l
15170008	42	RESP=1
15183839	42	STIM=g
15187737	42	RESP=1
15200950	42	STIM=z
15205107	42	RESP=1
15218247	42	STIM=g
15225570	42	RESP=1
15236504	42	STIM=y
15245909	42	RESP=1
15252293	42	STIM=9
15257420	42	RESP=2
15268550	42	STIM=z
15272242	42	RESP=1
15286115	42	STIM=q
15290456	42	RESP=1
15302027	42	STIM=0
15311145	42	RESP=2
15318643	42	STIM=c
15324732	42	RESP=1
15334227	42	STIM=5
15337671	42	RESP=2
15351180	42	STIM=h
15355534	42	RESP=1
15368918	42	STIM=9
15373910	42	RESP=2
15384904	42	STIM=8
15392156	42	RESP=2
15401947	42	STIM=z
15405966	42	RESP=1
15417359	42	STIM=8
15422234	42	RESP=2
15436348	42	STIM=m
15441071	42	RESP=1
15452195	42	STIM=s
15456410	42	RESP=1
15467739	42	STIM=9
15474428	42	RESP=2
15483960	42	STIM=9
15488829	42	RESP=1
15502566	42	STIM=i
15507962	42	RESP=1
15517606	42	STIM=b
15520675	42	RESP=1
15534045	42	STIM=f
15537130	42	RESP=1
15550099	42	STIM=8
15556778	42	RESP=2
15568972	42	STIM=f
15574200	42	RESP=1
15584463	42	STIM=d
15589799	42	RESP=1
15601765	42	STIM=q
15605366	42	RESP=1
15619846	42	STIM=o
15622644	42	RESP=1
15636915	42	STIM=v
15641326	42	RESP=1
15654013	42	STIM=r
15658560	42	RESP=1
15671439	42	STIM=d
15676487	42	RESP=1
15690197	42	STIM=a
15695185	42	RESP=1
15708098	42	STIM=y
15714062	42	RESP=1
15723466	42	STIM=s
15726912	42	RESP=1
15741343	42	STIM=n
15746112	42	RESP=1
15758886	42	STIM=i
15761844	42	RESP=1
15774708	42	STIM=c
15781541	42	RESP=1
15793502	42	STIM=4
15797517	42	RESP=1
15811043	42	STIM=u
15814486	42	RESP=1
15826862	42	STIM=m
15830508	42	RESP=1
15843186	42	STIM=u
15847033	42	RESP=1
15861341	42	STIM=g
15864123	42	RESP=1
15879191	42	STIM=o
15886141	42	RESP=1
15896862	42	STIM=a
15900207	42	RESP=1
15912795	42	STIM=y
15917195	42	RESP=1
15930734	42	STIM=l
15934656	42	RESP=1
15948763	42	STIM=u
15952214	42	RESP=1
15966464	42	STIM=u
15971235	42	RESP=1
15984325	42	STIM=r
15988523	42	RESP=1
16001649	42	STIM=3
16007450	42	RESP=2
16020644	42	STIM=f
16024662	42	RESP=1
16036182	42	STIM=e
16043463	42	RESP=1
16051250	42	STIM=b
16055519	42	RESP=1
16069215	42	STIM=w
16073784	42	RESP=1
16086695	42	STIM=a
16091713	42	RESP=1
16102916	42	STIM=x
16105841	42	RESP=1
16119298	42	STIM=c
16123784	42	RESP=1
16137833	42	STIM=w
16142418	42	RESP=1
16153720	42	STIM=a
16157070	42	RESP=1
16170074	42	STIM=1
16176428	42	RESP=2
16187429	42	STIM=t
16190956	42	RESP=1
16205900	42	STIM=4
16210227	42	RESP=2
16221766	42	STIM=w
16232667	42	RESP=1
16237312	42	STIM=m
16242051	42	RESP=2
16253639	42	STIM=s
16258271	42	RESP=1
16271164	42	STIM=v
16275177	42	RESP=1
16287296	42	STIM=h
16293292	42	RESP=1
16302950	42	STIM=z
16306998	42	RESP=1
16318952	42	STIM=v
16328218	42	RESP=1
16335436	42	STIM=a
16340209	42	RESP=1
16351246	42	STIM=3
16355409	42	RESP=2
16367992	42	STIM=o
16372055	42	RESP=1
16383699	42	STIM=j
16388225	42	RESP=1
16398748	42	STIM=m
16402100	42	RESP=1
16414925	42	STIM=p
16419319	42	RESP=1
16430340	42	STIM=z
16434816	42	RESP=1
16447454	42	STIM=a
16450491	42	RESP=1
16462677	42	STIM=o
16467443	42	RESP=1
16478952	42	STIM=p
16488179	42	RESP=1
16496601	42	STIM=z
16503045	42	RESP=2
16514769	42	STIM=o
16520969	42	RESP=1
16530053	42	STIM=l
16534573	42	RESP=1
16545903	42	STIM=p
16549916	42	RESP=1
16561952	42	STIM=0
16568732	42	RESP=2
16579753	42	STIM=m
16586613	42	RESP=1
16598522	42	STIM=e
16606985	42	RESP=1
16616844	42	STIM=s
16620953	42	RESP=2
16634378	42	STIM=w
16637982	42	RESP=1
16652280	42	STIM=f
16655703	42	RESP=1
16670973	42	STIM=f
16676827	42	RESP=1
16687467	42	STIM=d
16695889	42	RESP=1
16703273	42	STIM=8
16707894	42	RESP=1
16720539	42	STIM=b
16724316	42	RESP=1
16738490	42	STIM=4
16746100	42	RESP=2
16755470	42	STIM=q
16760852	42	RESP=1
16773702	42	STIM=p
16780442	42	RESP=1
16792113	42	STIM=q
16801573	42	RESP=1
16809703	42	STIM=2
16814059	42	RESP=1
16825824	42	STIM=7
16829924	42	RESP=2
16842918	42	STIM=c
16849091	42	RESP=1
16860414	42	STIM=c
16865076	42	RESP=1
16878528	42	STIM=5
16883076	42	RESP=2
16894646	42	STIM=d
16901353	42	RESP=1
16913009	42	STIM=9
16916676	42	RESP=2
16929387	42	STIM=o
16936950	42	RESP=1
16944593	42	STIM=x
16953522	42	RESP=1
16962283	42	STIM=r
16966511	42	RESP=1
16978884	42	STIM=j
16983177	42	RESP=1
16995139	42	STIM=i
16999531	42	RESP=1
17011397	42	STIM=6
17018586	42	RESP=2
17026716	42	STIM=z
17032338	42	RESP=2
17041850	42	STIM=i
17044935	42	RESP=1
17057523	42	STIM=f
17063280	42	RESP=1
17073407	42	STIM=n
17076994	42	RESP=1
17090886	42	STIM=e
17094955	42	RESP=1
17109431	42	STIM=a
17114848	42	RESP=1
17126492	42	STIM=c
17130107	42	RESP=1
17145107	42	STIM=3
17151696	42	RESP=2
17161007	42	STIM=s
17167514	42	RESP=1
17178546	42	STIM=c
17181029	42	RESP=1
17197021	42	STIM=z
17202501	42	RESP=1
17214986	42	STIM=a
17220250	42	RESP=1
17230793	42	STIM=p
17237346	42	RESP=1
17246838	42	STIM=h
17249947	42	RESP=1
17263987	42	STIM=m
17268905	42	RESP=1
17282926	42	STIM=g
17291150	42	RESP=1
17299296	42	STIM=p
17302519	42	RESP=1
17315508	42	STIM=5
17319852	42	RESP=2
17331157	42	STIM=c
17334472	42	RESP=1
17346583	42	STIM=l
17349213	42	RESP=1
17362509	42	STIM=s
17366444	42	RESP=1
17381014	42	STIM=r
17385026	42	RESP=1
17397520	42	STIM=8
17404614	42	RESP=2
17415037	42	STIM=h
17418303	42	RESP=1
17430152	42	STIM=r
17435161	42	RESP=1
17447688	42	STIM=r
17454309	42	RESP=1
17465559	42	STIM=g
17473405	42	RESP=1
17483669	42	STIM=p
17491315	42	RESP=1
17500354	42	STIM=7
17508683	42	RESP=2
17517063	42	STIM=0
17525094	42	RESP=2
17534639	42	STIM=j
17538562	42	RESP=1
17549820	42	STIM=8
17554483	42	RESP=2
17568794	42	STIM=f
17572212	42	RESP=1
17587324	42	STIM=4
17594976	42	RESP=2
17604083	42	STIM=f
17612004	42	RESP=1
17621413	42	STIM=r
17625193	42	RESP=1
17638572	42	STIM=b
17643729	42	RESP=2
17656136	42	STIM=i
17659042	42	RESP=1
17673406	42	STIM=5
17681013	42	RESP=2
17691881	42	STIM=x
17695231	42	RESP=1
17709972	42	STIM=u
17715171	42	RESP=1
17728887	42	STIM=s
17735328	42	RESP=1
17746045	42	STIM=r
17751731	42	RESP=1
17764214	42	STIM=x
17766775	42	RESP=1
17782073	42	STIM=c
17785691	42	RESP=1
17798185	42	STIM=2
17806313	42	RESP=2
17817101	42	STIM=c
17821995	42	RESP=1
17835138	42	STIM=j
17839827	42	RESP=1
17850828	42	STIM=q
17854988	42	RESP=1
17866576	42	STIM=l
17872536	42	RESP=1
17884517	42	STIM=v
17887989	42	RESP=1
17900561	42	STIM=2
17906360	42	RESP=2
17917212	42	STIM=j
17919840	42	RESP=1
17935564	42	STIM=v
17938130	42	RESP=2
17953950	42	STIM=r
17958242	42	RESP=1
17971542	42	STIM=k
17974955	42	RESP=1
17986969	42	STIM=e
17990405	42	RESP=1
18002069	42	STIM=3
18008913	42	RESP=1
18019940	42	STIM=u
18027603	42	RESP=1
18037582	42	STIM=i
18041029	42	RESP=1
18053705	42	STIM=h
18057855	42	RESP=1
18070951	42	STIM=o
18075545	42	RESP=1
18088774	42	STIM=p
18094075	42	RESP=1
18104887	42	STIM=1
18109339	42	RESP=2
18123169	42	STIM=r
18126346	42	RESP=1
18139623	42	STIM=w
18143538	42	RESP=1
18155535	42	STIM=y
18160148	42	RESP=1
18173014	42	STIM=j
18176561	42	RESP=1
18189419	42	STIM=4
18196867	42	RESP=2
18206257	42	STIM=n
18209462	42	RESP=1
18222389	42	STIM=3
18228558	42	RESP=2
18241294	42	STIM=q
18245101	42	RESP=1
18259480	42	STIM=n
18263979	42	RESP=1
18275895	42	STIM=8
18279763	42	RESP=2
18292593	42	STIM=a
18297675	42	RESP=1
18308960	42	STIM=b
18312644	42	RESP=1
18326602	42	STIM=k
18331587	42	RESP=1
18344030	42	STIM=z
18346895	42	RESP=1
18361563	42	STIM=c
18367013	42	RESP=1
18378486	42	STIM=1
18386483	42	RESP=2
18395036	42	STIM=b
18398399	42	RESP=1
18410816	42	STIM=9
18415931	42	RESP=1
18428770	42	STIM=b
18432399	42	RESP=1
18446496	42	STIM=t
18450292	42	RESP=1
18462774	42	STIM=0
18467730	42	RESP=2
18479869	42	STIM=2
18486516	42	RESP=2
18496946	42	STIM=q
18502975	42	RESP=1
18512830	42	STIM=f
18516790	42	RESP=1
18530365	42	STIM=l
18535660	42	RESP=1
18547742	42	STIM=j
18552880	42	RESP=1
18564791	42	STIM=q
18570405	42	RESP=1
18583222	42	STIM=n
18589163	42	RESP=1
18599016	42	STIM=z
18605624	42	RESP=1
18615554	42	STIM=m
18621004	42	RESP=1
18634281	42	STIM=5
18641762	42	RESP=2
18652658	42	STIM=o
18655198	42	RESP=1
18670924	42	STIM=f
18678455	42	RESP=1
18686646	42	STIM=u
18691788	42	RESP=1
18702755	42	STIM=l
18707383	42	RESP=1
18720620	42	STIM=3
18724773	42	RESP=2
18739553	42	STIM=9
18744211	42	RESP=2
18757917	42	STIM=n
18762743	42	RESP=1
18773443	42	STIM=j
18778014	42	RESP=1
18792213	42	STIM=h
18806481	42	RESP=1
18810581	42	STIM=j
18818221	42	RESP=1
18826319	42	STIM=8
18834850	42	RESP=2
18842548	42	STIM=5
18846530	42	RESP=2
18858180	42	STIM=j
18861352	42	RESP=1
18876042	42	STIM=h
18880844	42	RESP=1
18894421	42	STIM=o
18898412	42	RESP=1
18911549	42	STIM=q
18916570	42	RESP=1
18926902	42	STIM=m
18932705	42	RESP=1
18942650	42	STIM=1
18947730	42	RESP=2
18958263	42	STIM=4
18971427	42	RESP=2
18974928	42	STIM=d
18978552	42	RESP=1
18991390	42	STIM=k
18995172	42	RESP=1
19008394	42	STIM=h
19013618	42	RESP=1
19024436	42	STIM=b
19028097	42	RESP=1
19040735	42	STIM=t
19043799	42	RESP=1
19059120	42	STIM=h
19071837	42	RESP=1
19075398	42	STIM=s
19080168	42	RESP=1
19094196	42	STIM=i
19100188	42	RESP=1
19112517	42	STIM=w
19117100	42	RESP=1
19128826	42	STIM=r
19133280	42	RESP=1
19146020	42	STIM=r
19152473	42	RESP=1
19164161	42	STIM=1
19167710	42	RESP=2
19179365	42	STIM=9
19184725	42	RESP=2
19197622	42	STIM=k
19202132	42	RESP=1
19212871	42	STIM=9
19219235	42	RESP=1
19227895	42	STIM=e
19231682	42	RESP=1
19246136	42	STIM=b
19254858	42	RESP=1
19262882	42	STIM=m
19267521	42	RESP=1
19277996	42	STIM=p
19284926	42	RESP=1
19293574	42	STIM=b
19299885	42	RESP=1
19312404	42	STIM=x
19318593	42	RESP=1
19329693	42	STIM=h
19336116	42	RESP=1
19345270	42	STIM=d
19351295	42	RESP=1
19361482	42	STIM=m
19364075	42	RESP=1
19378579	42	STIM=y
19382950	42	RESP=1
19395641	42	STIM=o
19400385	42	RESP=1
19412425	42	STIM=j
19417026	42	RESP=1
19429444	42	STIM=6
19433058	42	RESP=2
19448015	42	STIM=j
19455450	42	RESP=1
19465275	42	STIM=l
19471735	42	RESP=1
19480352	42	STIM=l
19483972	42	RESP=1
19496912	42	STIM=z
19501493	42	RESP=2
19514026	42	STIM=h
19520086	42	RESP=1
19529878	42	STIM=s
19536431	42	RESP=1
19546027	42	STIM=g
19552169	42	RESP=1
19563043	42	STIM=i
19570906	42	RESP=1
19581263	42	STIM=i
19584360	42	RESP=1
19596613	42	STIM=m
19600412	42	RESP=1
19612687	42	STIM=z
19617579	42	RESP=1
19628597	42	STIM=j
19643823	42	RESP=1
19646676	42	STIM=k
19649251	42	RESP=1
19665356	42	STIM=f
19673837	42	RESP=1
19681467	42	STIM=n
19685435	42	RESP=1
19699584	42	STIM=f
19705016	42	RESP=1
19716535	42	STIM=m
19719932	42	RESP=1
19735122	42	STIM=t
19738620	42	RESP=1
19750158	42	STIM=n
19752923	42	RESP=1
19769060	42	STIM=y
19775742	42	RESP=1
19786086	42	STIM=e
19789096	42	RESP=2
19803771	42	STIM=d
19808877	42	RESP=2
19819804	42	STIM=j
19825072	42	RESP=1
19837462	42	STIM=m
19842560	42	RESP=1
19853139	42	STIM=q
19859232	42	RESP=1
19870478	42	STIM=8
19874713	42	RESP=2
19886048	42	STIM=e
19890661	42	RESP=1
19902521	42	STIM=u
19905005	42	RESP=1
19921444	42	STIM=l
19927978	42	RESP=2
19940129	42	STIM=w
19947242	42	RESP=1
19955308	42	STIM=f
19959988	42	RESP=1
19972512	42	STIM=j
19982244	42	RESP=1
19991237	42	STIM=e
19994187	42	RESP=1
20008003	42	STIM=8
20012378	42	RESP=2
20023346	42	STIM=a
20030130	42	RESP=1
20042069	42	STIM=6
20050431	42	RESP=2
20060725	42	STIM=a
20064274	42	RESP=1
20076401	42	STIM=l
20081053	42	RESP=1
20094973	42	STIM=f
20099801	42	RESP=1
20110909	42	STIM=x
20115546	42	RESP=1
20128374	42	STIM=d
20135823	42	RESP=1
20146879	42	STIM=p
20151700	42	RESP=1
20162609	42	STIM=d
20166879	42	RESP=1
20178631	42	STIM=k
20184121	42	RESP=1
20195332	42	STIM=j
20199954	42	RESP=2
20211866	42	STIM=j
20215221	42	RESP=1
20228556	42	STIM=o
20233687	42	RESP=1
20244977	42	STIM=v
20248145	42	RESP=1
20263766	42	STIM=h
20267979	42	RESP=1
20279720	42	STIM=l
20284117	42	RESP=1
20296580	42	STIM=o
20305405	42	RESP=1
20311982	42	STIM=z
20318157	42	RESP=1
20330009	42	STIM=g
20332740	42	RESP=1
20346779	42	STIM=h
20356214	42	RESP=1
20364910	42	STIM=d
20369478	42	RESP=2
20381925	42	STIM=p
20384813	42	RESP=1
20396951	42	STIM=f
20401056	42	RESP=1
20415612	42	STIM=u
20418373	42	RESP=1
20432412	42	STIM=l
20439667	42	RESP=1
20450719	42	STIM=6
20458312	42	RESP=2
20469662	42	STIM=b
20472840	42	RESP=1
20487527	42	STIM=h
20494873	42	RESP=1
20503387	42	STIM=m
20510882	42	RESP=1
20522146	42	STIM=o
20525560	42	RESP=1
20539048	42	STIM=y
20544824	42	RESP=1
20557246	42	STIM=7
20563654	42	RESP=2
20575578	42	STIM=j
20579215	42	RESP=1
20592783	42	STIM=k
20595901	42	RESP=1
20608648	42	STIM=g
20613215	42	RESP=1
20625297	42	STIM=e
20634061	42	RESP=1
20644253	42	STIM=q
20647901	42	RESP=1
20660247	42	STIM=z
20666816	42	RESP=1
20677705	42	STIM=o
20685456	42	RESP=1
20694552	42	STIM=3
20699189	42	RESP=2
20712540	42	STIM=x
20720116	42	RESP=1
20731407	42	STIM=g
20734622	42	RESP=1
20750032	42	STIM=z
20753491	42	RESP=1
20766135	42	STIM=9
20772891	42	RESP=2
20784843	42	STIM=0
20790300	42	RESP=2
20802732	42	STIM=d
20807673	42	RESP=1
20818982	42	STIM=9
20823332	42	RESP=2
20836929	42	STIM=f
20840328	42	RESP=1
20854931	42	STIM=u
20863139	42	RESP=1
20872204	42	STIM=p
20876102	42	RESP=1
20890707	42	STIM=x
20893823	42	RESP=1
20908141	42	STIM=v
20911822	42	RESP=1
20924555	42	STIM=y
20928530	42	RESP=1
20943497	42	STIM=e
20947651	42	RESP=1
20958859	42	STIM=h
20963977	42	RESP=1
20976809	42	STIM=z
20981124	42	RESP=1
20994427	42	STIM=q
20998235	42	RESP=1
21010821	42	STIM=s
21015859	42	RESP=1
21026127	42	STIM=z
21032660	42	RESP=1
21044814	42	STIM=q
21050001	42	RESP=1
21061066	42	STIM=b
21066603	42	RESP=1
21079028	42	STIM=o
21082963	42	RESP=1
21097946	42	STIM=1
21103725	42	RESP=2
21115287	42	STIM=m
21118972	42	RESP=1
21131359	42	STIM=9
21136858	42	RESP=2
21146841	42	STIM=j
21153960	42	RESP=1
21161886	42	STIM=g
21165523	42	RESP=1
21178057	42	STIM=3
21182239	42	RESP=2
21196519	42	STIM=7
21203093	42	RESP=2
21213049	42	STIM=w
21217400	42	RESP=1
21229820	42	STIM=0
21238766	42	RESP=2
21246664	42	STIM=h
21249965	42	RESP=1
21262797	42	STIM=5
21266906	42	RESP=2
21280793	42	STIM=k
21284619	42	RESP=1
21299287	42	STIM=s
21302565	42	RESP=1
21316903	42	STIM=6
21321409	42	RESP=2
21333688	42	STIM=k
21339680	42	RESP=1
21349580	42	STIM=q
21355196	42	RESP=1
21366485	42	STIM=c
21372194	42	RESP=1
21385099	42	STIM=l
21388569	42	RESP=1
21403881	42	STIM=f
21407515	42	RESP=1
21420201	42	STIM=i
21424899	42	RESP=1
21437338	42	STIM=a
21441114	42	RESP=1
21456021	42	STIM=x
21459818	42	RESP=1
21473369	42	STIM=3
21477053	42	RESP=2
21488886	42	STIM=8
21494509	42	RESP=2
21504549	42	STIM=q
21508584	42	RESP=1
21521398	42	STIM=2
21528010	42	RESP=2
21539823	42	STIM=h
21544345	42	RESP=1
21558304	42	STIM=g
21564125	42	RESP=2
21574005	42	STIM=g
21579161	42	RESP=1
21592307	42	STIM=w
21595564	42	RESP=1
21609610	42	STIM=3
21614794	42	RESP=2
21627836	42	STIM=j
21634222	42	RESP=1
21643157	42	STIM=p
21649344	42	RESP=2
21661499	42	STIM=2
21665042	42	RESP=1
21680397	42	STIM=l
21684538	42	RESP=1
21698614	42	STIM=w
21702894	42	RESP=1
21714848	42	STIM=5
21720303	42	RESP=2
21732824	42	STIM=c
21737271	42	RESP=1
21749131	42	STIM=a
21753357	42	RESP=1
21766054	42	STIM=a
21772719	42	RESP=1
21782744	42	STIM=s
21786806	42	RESP=1
21801679	42	STIM=p
21806018	42	RESP=1
21817835	42	STIM=a
21821044	42	RESP=1
