# Original filename: 0032_FTT_2017-03-01.log
# Time unit: 100 us
# RARECAT=digit
#
# Time	HHGG	Event
27834	42	STIM=a
34413	42	RESP=1
43311	42	STIM=s
48394	42	RESP=1
60501	42	STIM=a
64087	42	RESP=1
77428	42	STIM=r
83026	42	RESP=1
95333	42	STIM=7
102915	42	RESP=2
113168	42	STIM=x
115931	42	RESP=1
129695	42	STIM=4
139857	42	RESP=2
146237	42	STIM=v
150694	42	RESP=1
163400	42	STIM=l
174378	42	RESP=1
179958	42	STIM=0
184985	42	RESP=2
197847	42	STIM=d
207870	42	RESP=1
214079	42	STIM=y
220598	42	RESP=1
230422	42	STIM=q
233951	42	RESP=1
246426	42	STIM=e
250721	42	RESP=1
263218	42	STIM=d
276374	42	RESP=2
279036	42	STIM=d
283853	42	RESP=1
296318	42	STIM=w
300753	42	RESP=1
314497	42	STIM=m
319795	42	RESP=1
330263	42	STIM=x
336177	42	RESP=1
346594	42	STIM=t
351482	42	RESP=1
363154	42	STIM=w
368900	42	RESP=1
378344	42	STIM=j
383046	42	RESP=1
393823	42	STIM=3
400734	42	RESP=2
411059	42	STIM=t
415249	42	RESP=1
427839	42	STIM=b
433126	42	RESP=1
446469	42	STIM=v
453338	42	RESP=2
461470	42	STIM=n
468472	42	RESP=1
476918	42	STIM=x
481912	42	RESP=1
494761	42	STIM=y
501643	42	RESP=1
513269	42	STIM=d
518330	42	RESP=1
531838	42	STIM=b
534767	42	RESP=1
547389	42	STIM=d
551699	42	RESP=1
563445	42	STIM=u
573426	42	RESP=1
579401	42	STIM=u
593501	42	RESP=1
598267	42	STIM=x
603677	42	RESP=1
616331	42	STIM=b
622283	42	RESP=1
632952	42	STIM=a
639020	42	RESP=1
649913	42	STIM=w
653490	42	RESP=1
666557	42	STIM=t
672918	42	RESP=1
681919	42	STIM=f
688444	42	RESP=1
700431	42	STIM=k
706863	42	RESP=1
717299	42	STIM=l
722137	42	RESP=1
732539	42	STIM=l
738361	42	RESP=1
750305	42	STIM=j
756332	42	RESP=1
765795	42	STIM=z
771824	42	RESP=1
781244	42	STIM=0
791433	42	RESP=2
797006	42	STIM=8
805452	42	RESP=2
814323	42	STIM=d
818567	42	RESP=1
829853	42	STIM=k
835671	42	RESP=1
845358	42	STIM=d
851324	42	RESP=1
864154	42	STIM=3
871151	42	RESP=2
882205	42	STIM=h
889269	42	RESP=1
899860	42	STIM=u
907679	42	RESP=1
918828	42	STIM=l
923015	42	RESP=1
936263	42	STIM=c
942621	42	RESP=1
954170	42	STIM=7
960591	42	RESP=1
969235	42	STIM=y
975111	42	RESP=1
986686	42	STIM=j
993035	42	RESP=1
1003737	42	STIM=s
1011286	42	RESP=1
1021627	42	STIM=g
1027678	42	RESP=1
1037191	42	STIM=9
1046352	42	RESP=2
1052785	42	STIM=s
1056930	42	RESP=1
1068087	42	STIM=z
1072861	42	RESP=1
1085191	42	STIM=w
1090688	42	RESP=1
1104128	42	STIM=p
1107770	42	RESP=1
1121474	42	STIM=s
1127959	42	RESP=1
1138895	42	STIM=d
1142351	42	RESP=1
1156105	42	STIM=t
1159018	42	RESP=1
1172091	42	STIM=i
1178984	42	RESP=1
1187946	42	STIM=w
1192966	42	RESP=1
1205257	42	STIM=3
1213446	42	RESP=2
1222299	42	STIM=t
1226188	42	RESP=1
1237401	42	STIM=u
1243456	42	RESP=1
1254244	42	STIM=e
1261627	42	RESP=1
1272937	42	STIM=i
1279806	42	RESP=1
1290289	42	STIM=b
1299334	42	RESP=1
1306301	42	STIM=j
1311524	42	RESP=1
1322738	42	STIM=4
1331638	42	RESP=2
1339137	42	STIM=x
1347700	42	RESP=1
1355980	42	STIM=b
1359788	42	RESP=1
1374611	42	STIM=n
1379960	42	RESP=1
1392660	42	STIM=7
1400958	42	RESP=2
1409962	42	STIM=n
1413936	42	RESP=1
1425172	42	STIM=r
1430279	42	RESP=1
1441129	42	STIM=6
1447980	42	RESP=2
1459123	42	STIM=o
1464313	42	RESP=1
1477812	42	STIM=1
1487167	42	RESP=2
1496574	42	STIM=n
1499411	42	RESP=1
1513369	42	STIM=7
1519408	42	RESP=2
1528683	42	STIM=a
1532605	42	RESP=1
1546252	42	STIM=k
1553251	42	RESP=1
1564932	42	STIM=f
1568783	42	RESP=1
1581988	42	STIM=w
1585839	42	RESP=1
1597014	42	STIM=x
1601081	42	RESP=1
1612434	42	STIM=0
1621593	42	RESP=2
1628407	42	STIM=o
1632502	42	RESP=1
1647046	42	STIM=w
1651257	42	RESP=1
1662991	42	STIM=y
1667336	42	RESP=1
1680670	42	STIM=y
1685330	42	RESP=1
1697780	42	STIM=i
1702355	42	RESP=1
1714284	42	STIM=p
1721183	42	RESP=1
1730295	42	STIM=l
1746627	42	RESP=1
1747950	42	STIM=i
1755018	42	RESP=1
1763266	42	STIM=v
1768143	42	RESP=1
1781496	42	STIM=b
1787183	42	RESP=1
1800492	42	STIM=6
1812082	42	RESP=2
1817648	42	STIM=8
1822550	42	RESP=2
1834489	42	STIM=q
1840970	42	RESP=1
1853433	42	STIM=r
1856963	42	RESP=1
1868590	42	STIM=t
1874571	42	RESP=1
1884687	42	STIM=t
1892542	42	RESP=1
1900216	42	STIM=a
1906599	42	RESP=1
1917095	42	STIM=4
1922425	42	RESP=2
1933655	42	STIM=3
1941848	42	RESP=2
1952238	42	STIM=n
1961311	42	RESP=1
1969018	42	STIM=r
1974647	42	RESP=1
1985101	42	STIM=4
1995438	42	RESP=1
2001332	42	STIM=u
2007880	42	RESP=1
2016390	42	STIM=n
2019927	42	RESP=1
2033674	42	STIM=x
2040718	42	RESP=1
2049829	42	STIM=7
2055833	42	RESP=1
2068306	42	STIM=2
2076965	42	RESP=2
2084743	42	STIM=t
2094639	42	RESP=1
2103008	42	STIM=n
2111642	42	RESP=1
2120531	42	STIM=e
2127489	42	RESP=1
2137666	42	STIM=g
2142356	42	RESP=1
2156174	42	STIM=g
2160378	42	RESP=1
2173693	42	STIM=0
2178744	42	RESP=2
2191702	42	STIM=e
2197022	42	RESP=1
2208982	42	STIM=y
2215611	42	RESP=1
2224544	42	STIM=6
2230345	42	RESP=1
2242634	42	STIM=h
2252201	42	RESP=1
2258639	42	STIM=l
2266450	42	RESP=1
2275996	42	STIM=7
2283165	42	RESP=2
2293994	42	STIM=e
2300039	42	RESP=1
2312662	42	STIM=i
2316030	42	RESP=1
2330365	42	STIM=6
2337611	42	RESP=2
2348873	42	STIM=9
2353975	42	RESP=2
2364068	42	STIM=2
2371202	42	RESP=2
2382943	42	STIM=7
2389502	42	RESP=1
2400290	42	STIM=8
2406025	42	RESP=2
2417626	42	STIM=r
2422133	42	RESP=1
2433413	42	STIM=d
2437826	42	RESP=1
2451010	42	STIM=6
2457141	42	RESP=2
2469802	42	STIM=l
2474630	42	RESP=1
2488338	42	STIM=e
2491573	42	RESP=1
2505895	42	STIM=s
2514997	42	RESP=1
2524700	42	STIM=o
2530149	42	RESP=1
2543154	42	STIM=b
2548369	42	RESP=1
2562149	42	STIM=b
2569540	42	RESP=1
2577221	42	STIM=y
2584158	42	RESP=1
2595473	42	STIM=b
2600085	42	RESP=1
2613101	42	STIM=f
2619894	42	RESP=1
2628509	42	STIM=f
2632654	42	RESP=2
2646171	42	STIM=l
2650916	42	RESP=1
2661308	42	STIM=2
2666155	42	RESP=2
2679315	42	STIM=a
2683293	42	RESP=1
2694803	42	STIM=5
2701439	42	RESP=2
2711944	42	STIM=q
2717499	42	RESP=1
2729248	42	STIM=c
2733009	42	RESP=1
2745142	42	STIM=a
2756077	42	RESP=1
2762481	42	STIM=c
2768655	42	RESP=1
2777621	42	STIM=t
2784659	42	RESP=1
2794283	42	STIM=f
2798487	42	RESP=1
2810142	42	STIM=z
2817038	42	RESP=1
2827777	42	STIM=o
2831554	42	RESP=1
2844345	42	STIM=c
2848756	42	RESP=1
2862887	42	STIM=q
2867731	42	RESP=1
2879829	42	STIM=u
2886510	42	RESP=1
2898640	42	STIM=c
2902097	42	RESP=1
2917179	42	STIM=s
2921595	42	RESP=1
2934578	42	STIM=2
2940763	42	RESP=2
2951492	42	STIM=6
2957419	42	RESP=1
2968425	42	STIM=s
2979771	42	RESP=1
2984792	42	STIM=k
2991588	42	RESP=1
3000510	42	STIM=q
3009192	42	RESP=1
3015971	42	STIM=3
3022214	42	RESP=2
3031829	42	STIM=l
3037323	42	RESP=1
3047649	42	STIM=4
3054412	42	RESP=2
3063735	42	STIM=9
3067481	42	RESP=2
3081774	42	STIM=o
3086739	42	RESP=1
3100440	42	STIM=e
3105599	42	RESP=1
3115877	42	STIM=2
3120382	42	RESP=2
3133098	42	STIM=d
3142384	42	RESP=1
3150206	42	STIM=n
3155657	42	RESP=1
3166608	42	STIM=x
3170616	42	RESP=1
3183789	42	STIM=x
3189935	42	RESP=2
3199843	42	STIM=y
3205750	42	RESP=1
3216400	42	STIM=k
3219380	42	RESP=1
3233386	42	STIM=t
3239667	42	RESP=1
3252082	42	STIM=d
3256187	42	RESP=1
3269157	42	STIM=0
3276197	42	RESP=1
3286939	42	STIM=q
3291920	42	RESP=2
3304175	42	STIM=l
3308339	42	RESP=1
3320120	42	STIM=f
3323193	42	RESP=1
3336508	42	STIM=u
3340665	42	RESP=1
3351841	42	STIM=z
3356225	42	RESP=1
3368478	42	STIM=d
3380524	42	RESP=1
3384843	42	STIM=g
3394737	42	RESP=1
3402407	42	STIM=3
3412176	42	RESP=1
3418646	42	STIM=e
3424791	42	RESP=1
3434886	42	STIM=3
3442876	42	RESP=2
3450636	42	STIM=0
3455144	42	RESP=2
3468937	42	STIM=i
3475557	42	RESP=1
3487784	42	STIM=w
3493873	42	RESP=1
3502816	42	STIM=y
3509493	42	RESP=1
3520259	42	STIM=g
3527486	42	RESP=1
3535505	42	STIM=e
3539226	42	RESP=1
3553797	42	STIM=c
3563159	42	RESP=1
3569660	42	STIM=p
3580357	42	RESP=1
3587931	42	STIM=z
3593407	42	RESP=1
3606111	42	STIM=1
3618863	42	RESP=2
3622590	42	STIM=s
3627533	42	RESP=1
3640091	42	STIM=a
3644809	42	RESP=1
3658627	42	STIM=g
3666458	42	RESP=1
3676955	42	STIM=x
3688807	42	RESP=1
3692687	42	STIM=c
3695843	42	RESP=1
3710971	42	STIM=g
3717295	42	RESP=1
3729550	42	STIM=6
3734744	42	RESP=2
3744679	42	STIM=y
3749772	42	RESP=1
3761869	42	STIM=j
3768429	42	RESP=1
3778550	42	STIM=v
3784347	42	RESP=1
3797429	42	STIM=i
3806951	42	RESP=1
3812926	42	STIM=y
3818056	42	RESP=1
3828391	42	STIM=m
3832141	42	RESP=1
3843564	42	STIM=0
3852603	42	RESP=2
3861189	42	STIM=i
3864378	42	RESP=2
3876665	42	STIM=a
3879698	42	RESP=1
3892905	42	STIM=u
3899861	42	RESP=1
3910141	42	STIM=4
3916626	42	RESP=2
3926934	42	STIM=w
3933793	42	RESP=1
3943317	42	STIM=4
3951564	42	RESP=2
3960249	42	STIM=d
3962823	42	RESP=1
3977985	42	STIM=n
3981693	42	RESP=1
3994945	42	STIM=j
4001362	42	RESP=1
4012509	42	STIM=w
4018202	42	RESP=1
4030290	42	STIM=z
4037123	42	RESP=1
4047544	42	STIM=u
4052201	42	RESP=1
4063143	42	STIM=5
4071609	42	RESP=2
4080396	42	STIM=e
4084923	42	RESP=1
4096692	42	STIM=a
4099980	42	RESP=1
4113063	42	STIM=0
4118049	42	RESP=2
4131990	42	STIM=h
4138057	42	RESP=1
4147970	42	STIM=c
4154262	42	RESP=1
4163286	42	STIM=s
4167688	42	RESP=1
4179806	42	STIM=m
4187292	42	RESP=1
4198478	42	STIM=l
4204923	42	RESP=2
4214500	42	STIM=o
4218770	42	RESP=1
4231396	42	STIM=d
4234355	42	RESP=1
4247157	42	STIM=g
4255494	42	RESP=2
4264900	42	STIM=o
4268982	42	RESP=1
4280223	42	STIM=x
4288438	42	RESP=1
4296381	42	STIM=9
4303146	42	RESP=2
4312474	42	STIM=y
4316285	42	RESP=1
4329292	42	STIM=l
4334640	42	RESP=1
4346130	42	STIM=o
4350909	42	RESP=1
4364969	42	STIM=z
4371897	42	RESP=1
4380838	42	STIM=h
4384840	42	RESP=2
4398980	42	STIM=d
4403737	42	RESP=1
4415743	42	STIM=q
4420830	42	RESP=1
4431106	42	STIM=b
4435299	42	RESP=1
4446442	42	STIM=p
4449404	42	RESP=1
4462452	42	STIM=h
4469708	42	RESP=1
4480723	42	STIM=o
4483898	42	RESP=1
4498818	42	STIM=g
4503218	42	RESP=1
4514263	42	STIM=h
4518828	42	RESP=1
4529889	42	STIM=j
4533575	42	RESP=1
4547209	42	STIM=q
4553388	42	RESP=1
4564965	42	STIM=g
4572280	42	RESP=1
4582837	42	STIM=k
4586709	42	RESP=1
4599964	42	STIM=7
4612488	42	RESP=1
4616547	42	STIM=0
4627833	42	RESP=2
4633456	42	STIM=m
4638626	42	RESP=1
4652359	42	STIM=e
4655782	42	RESP=2
4671136	42	STIM=o
4675906	42	RESP=1
4689426	42	STIM=m
4696001	42	RESP=1
4705352	42	STIM=z
4713119	42	RESP=1
4722341	42	STIM=u
4726277	42	RESP=1
4739357	42	STIM=d
4745567	42	RESP=1
4755687	42	STIM=u
4762276	42	RESP=1
4773316	42	STIM=k
4779477	42	RESP=1
4790285	42	STIM=g
4794737	42	RESP=1
4808685	42	STIM=v
4815110	42	RESP=1
4826985	42	STIM=p
4835294	42	RESP=1
4841986	42	STIM=y
4847304	42	RESP=1
4860714	42	STIM=0
4865849	42	RESP=1
4876375	42	STIM=b
4880801	42	RESP=1
4895229	42	STIM=q
4904372	42	RESP=1
4911110	42	STIM=b
4916907	42	RESP=1
4926965	42	STIM=7
4931959	42	RESP=2
4942130	42	STIM=t
4945862	42	RESP=1
4958099	42	STIM=t
4962402	42	RESP=1
4975759	42	STIM=1
4981625	42	RESP=2
4992513	42	STIM=j
4999587	42	RESP=1
5009010	42	STIM=b
5013879	42	RESP=1
5027195	42	STIM=g
5033555	42	RESP=1
5045202	42	STIM=b
5048992	42	RESP=1
5063732	42	STIM=c
5071443	42	RESP=1
5079425	42	STIM=y
5088320	42	RESP=1
5095437	42	STIM=h
5099771	42	RESP=1
5111278	42	STIM=i
5114513	42	RESP=1
5128491	42	STIM=n
5131473	42	RESP=1
5145397	42	STIM=j
5150961	42	RESP=1
5163463	42	STIM=d
5170278	42	RESP=1
5179804	42	STIM=r
5188397	42	RESP=1
5196773	42	STIM=j
5205336	42	RESP=1
5211872	42	STIM=k
5216660	42	RESP=1
5226995	42	STIM=m
5233479	42	RESP=1
5242306	42	STIM=h
5246772	42	RESP=1
5257390	42	STIM=6
5264349	42	RESP=2
5274608	42	STIM=3
5283423	42	RESP=2
5293433	42	STIM=y
5300605	42	RESP=1
5309181	42	STIM=0
5315173	42	RESP=2
5327729	42	STIM=s
5332363	42	RESP=1
5343350	42	STIM=l
5349992	42	RESP=1
5361148	42	STIM=h
5370621	42	RESP=1
5378168	42	STIM=u
5386662	42	RESP=1
5394512	42	STIM=m
5397933	42	RESP=1
5410370	42	STIM=y
5416268	42	RESP=1
5427143	42	STIM=t
5433713	42	RESP=1
5443419	42	STIM=d
5447718	42	RESP=1
5460842	42	STIM=s
5466136	42	RESP=1
5479297	42	STIM=s
5488188	42	RESP=1
5496414	42	STIM=m
5507177	42	RESP=1
5513926	42	STIM=c
5522984	42	RESP=1
5532498	42	STIM=t
5536436	42	RESP=1
5550939	42	STIM=2
5558658	42	RESP=2
5568728	42	STIM=y
5576517	42	RESP=1
5584687	42	STIM=p
5587270	42	RESP=1
5600399	42	STIM=x
5604823	42	RESP=1
5616175	42	STIM=j
5625832	42	RESP=1
5631998	42	STIM=m
5638678	42	RESP=1
5648001	42	STIM=s
5651327	42	RESP=1
5664695	42	STIM=i
5667628	42	RESP=1
5681804	42	STIM=7
5689316	42	RESP=2
5700322	42	STIM=k
5706961	42	RESP=1
5716447	42	STIM=3
5726987	42	RESP=1
5733242	42	STIM=u
5742584	42	RESP=1
5750773	42	STIM=b
5755759	42	RESP=1
5766889	42	STIM=c
5771937	42	RESP=1
5782026	42	STIM=3
5793150	42	RESP=1
5799706	42	STIM=m
5804655	42	RESP=1
5815716	42	STIM=e
5821374	42	RESP=1
5831258	42	STIM=1
5837632	42	RESP=2
5847841	42	STIM=j
5855012	42	RESP=1
5864982	42	STIM=8
5873287	42	RESP=2
5882191	42	STIM=c
5889407	42	RESP=1
5900097	42	STIM=c
5905413	42	RESP=1
5915909	42	STIM=4
5921907	42	RESP=2
5934326	42	STIM=g
5937775	42	RESP=1
5952608	42	STIM=u
5956491	42	RESP=1
5969521	42	STIM=b
5974417	42	RESP=1
5987884	42	STIM=2
5993544	42	RESP=2
6003729	42	STIM=n
6010169	42	RESP=1
6021723	42	STIM=t
6027635	42	RESP=1
6038019	42	STIM=c
6044669	42	RESP=1
6057014	42	STIM=2
6063526	42	RESP=2
6073281	42	STIM=a
6077984	42	RESP=1
6088624	42	STIM=f
6094263	42	RESP=1
6106998	42	STIM=2
6112455	42	RESP=2
6125783	42	STIM=4
6130340	42	RESP=2
6141738	42	STIM=q
6152077	42	RESP=1
6159807	42	STIM=r
6164442	42	RESP=1
6177622	42	STIM=p
6183687	42	RESP=1
6194886	42	STIM=e
6203094	42	RESP=1
6212004	42	STIM=j
6216643	42	RESP=1
6230119	42	STIM=x
6237565	42	RESP=1
6247445	42	STIM=x
6253599	42	RESP=1
6262655	42	STIM=x
6267894	42	RESP=1
6278182	42	STIM=0
6285821	42	RESP=2
6293822	42	STIM=n
6301705	42	RESP=1
6309768	42	STIM=v
6313588	42	RESP=1
6328209	42	STIM=q
6337837	42	RESP=1
6345691	42	STIM=p
6351438	42	RESP=1
6362202	42	STIM=j
6368145	42	RESP=1
6380698	42	STIM=6
6388801	42	RESP=2
6396077	42	STIM=d
6400184	42	RESP=1
6413918	42	STIM=r
6417567	42	RESP=1
6429218	42	STIM=p
6434023	42	RESP=1
6444919	42	STIM=7
6449466	42	RESP=2
6462442	42	STIM=i
6465664	42	RESP=1
6481246	42	STIM=6
6488442	42	RESP=2
6499156	42	STIM=k
6510662	42	RESP=1
6515513	42	STIM=l
6521414	42	RESP=1
6533964	42	STIM=u
6539938	42	RESP=1
6552612	42	STIM=8
6558447	42	RESP=2
6570705	42	STIM=a
6577316	42	RESP=1
6588257	42	STIM=j
6594845	42	RESP=1
6603684	42	STIM=s
6610949	42	RESP=1
6622594	42	STIM=m
6626656	42	RESP=1
6638203	42	STIM=t
6649071	42	RESP=1
6656975	42	STIM=p
6661375	42	RESP=1
6675133	42	STIM=2
6679607	42	RESP=2
6693196	42	STIM=2
6698917	42	RESP=2
6711729	42	STIM=a
6716222	42	RESP=1
6730550	42	STIM=v
6738656	42	RESP=1
6746533	42	STIM=6
6752720	42	RESP=2
6764604	42	STIM=r
6769120	42	RESP=1
6779660	42	STIM=y
6785021	42	RESP=1
6795673	42	STIM=n
6800903	42	RESP=1
6810972	42	STIM=r
6815845	42	RESP=1
6828587	42	STIM=i
6832606	42	RESP=1
6846110	42	STIM=l
6856755	42	RESP=1
6861112	42	STIM=1
6867166	42	RESP=1
6878994	42	STIM=8
6885054	42	RESP=2
6894276	42	STIM=v
6899913	42	RESP=1
6912721	42	STIM=w
6917187	42	RESP=1
6930567	42	STIM=9
6940035	42	RESP=2
6947349	42	STIM=r
6951607	42	RESP=1
6964356	42	STIM=p
6972446	42	RESP=1
6983350	42	STIM=g
6990831	42	RESP=2
7000192	42	STIM=s
7005390	42	RESP=1
7016814	42	STIM=o
7020258	42	RESP=1
7035416	42	STIM=g
7040848	42	RESP=1
7051868	42	STIM=q
7056776	42	RESP=1
7070361	42	STIM=a
7077163	42	RESP=1
7088701	42	STIM=i
7093623	42	RESP=1
7103724	42	STIM=i
7108301	42	RESP=1
7121788	42	STIM=e
7127438	42	RESP=1
7140389	42	STIM=d
7146089	42	RESP=1
7155955	42	STIM=s
7160950	42	RESP=2
7174137	42	STIM=p
7182364	42	RESP=1
7190086	42	STIM=w
7196589	42	RESP=1
7207063	42	STIM=f
7210777	42	RESP=1
7223795	42	STIM=5
7234905	42	RESP=2
7240754	42	STIM=x
7247863	42	RESP=1
7258195	42	STIM=s
7264158	42	RESP=1
7273584	42	STIM=n
7279101	42	RESP=1
7292498	42	STIM=a
7298392	42	RESP=1
7311220	42	STIM=r
7315675	42	RESP=1
7329628	42	STIM=w
7334178	42	RESP=1
7348108	42	STIM=i
7357770	42	RESP=1
7365339	42	STIM=q
7371856	42	RESP=1
7383694	42	STIM=i
7388489	42	RESP=1
7398864	42	STIM=a
7404843	42	RESP=2
7416588	42	STIM=a
7422060	42	RESP=1
7435229	42	STIM=p
7442977	42	RESP=1
7451142	42	STIM=o
7453994	42	RESP=1
7467017	42	STIM=v
7473939	42	RESP=1
7484635	42	STIM=w
7490032	42	RESP=1
7503464	42	STIM=v
7510730	42	RESP=1
7519068	42	STIM=g
7526802	42	RESP=1
7536494	42	STIM=s
7539796	42	RESP=1
7552415	42	STIM=z
7557424	42	RESP=1
7568787	42	STIM=c
7576791	42	RESP=1
7587766	42	STIM=r
7593332	42	RESP=1
7604698	42	STIM=y
7608951	42	RESP=1
7622734	42	STIM=2
7628377	42	RESP=1
7641406	42	STIM=y
7647573	42	RESP=1
7658110	42	STIM=7
7664225	42	RESP=2
7676947	42	STIM=c
7682412	42	RESP=1
7694964	42	STIM=b
7698736	42	RESP=1
7711085	42	STIM=z
7715586	42	RESP=1
7726360	42	STIM=w
7730565	42	RESP=1
7745107	42	STIM=5
7751919	42	RESP=2
7763765	42	STIM=4
7767773	42	RESP=2
7779397	42	STIM=l
7782792	42	RESP=1
7797600	42	STIM=q
7801489	42	RESP=1
7812810	42	STIM=v
7818116	42	RESP=1
7831429	42	STIM=2
7836098	42	RESP=2
7849412	42	STIM=z
7854069	42	RESP=1
7865260	42	STIM=a
7873793	42	RESP=1
7882816	42	STIM=g
7889299	42	RESP=1
7898988	42	STIM=d
7903351	42	RESP=1
7914620	42	STIM=n
7918082	42	RESP=1
7929769	42	STIM=q
7934405	42	RESP=1
7946848	42	STIM=w
7954341	42	RESP=1
7964491	42	STIM=j
7967512	42	RESP=1
7982785	42	STIM=a
7988081	42	RESP=2
7998899	42	STIM=i
8004149	42	RESP=1
8017209	42	STIM=k
8026072	42	RESP=2
8033863	42	STIM=o
8037813	42	RESP=1
8051271	42	STIM=j
8054872	42	RESP=1
8069193	42	STIM=m
8080361	42	RESP=1
8087687	42	STIM=w
8091378	42	RESP=1
8106614	42	STIM=r
8112209	42	RESP=1
8121797	42	STIM=i
8129604	42	RESP=1
8138295	42	STIM=7
8147622	42	RESP=1
8153625	42	STIM=0
8157951	42	RESP=2
8170179	42	STIM=x
8176836	42	RESP=1
8188180	42	STIM=w
8192910	42	RESP=1
8204315	42	STIM=c
8208665	42	RESP=1
8220701	42	STIM=z
8227211	42	RESP=1
8237492	42	STIM=j
8240288	42	RESP=1
8255181	42	STIM=r
8264757	42	RESP=1
8273695	42	STIM=5
8281994	42	RESP=2
8290169	42	STIM=g
8296645	42	RESP=1
8306276	42	STIM=p
8309635	42	RESP=1
8323077	42	STIM=0
8327383	42	RESP=2
8338710	42	STIM=w
8345735	42	RESP=1
8357690	42	STIM=t
8361818	42	RESP=1
8376207	42	STIM=f
8386038	42	RESP=1
8392783	42	STIM=s
8400983	42	RESP=1
8407892	42	STIM=e
8411179	42	RESP=1
8426394	42	STIM=t
8432230	42	RESP=1
8441945	42	STIM=b
8449357	42	RESP=1
8458617	42	STIM=o
8464433	42	RESP=1
8475961	42	STIM=o
8480836	42	RESP=2
8491230	42	STIM=y
8496192	42	RESP=1
8508560	42	STIM=r
8512713	42	RESP=1
8526115	42	STIM=3
8535351	42	RESP=2
8542971	42	STIM=t
8547416	42	RESP=1
8561189	42	STIM=1
8570863	42	RESP=1
8576489	42	STIM=s
8584452	42	RESP=1
8595150	42	STIM=f
8604702	42	RESP=1
8612987	42	STIM=2
8623051	42	RESP=2
8628177	42	STIM=h
8631697	42	RESP=1
8644248	42	STIM=w
8650233	42	RESP=1
8663033	42	STIM=h
8667746	42	RESP=1
8680226	42	STIM=z
8685576	42	RESP=1
8695385	42	STIM=1
8703065	42	RESP=2
8711410	42	STIM=p
8716855	42	RESP=2
8728592	42	STIM=c
8734520	42	RESP=1
8745147	42	STIM=l
8749478	42	RESP=1
8762598	42	STIM=5
8767340	42	RESP=2
8778134	42	STIM=2
8786859	42	RESP=1
8797004	42	STIM=f
8806544	42	RESP=1
8813389	42	STIM=0
8819037	42	RESP=2
8831994	42	STIM=g
8844676	42	RESP=1
8847843	42	STIM=w
8853243	42	RESP=1
8863642	42	STIM=x
8867761	42	RESP=1
8881730	42	STIM=3
8888024	42	RESP=2
8898266	42	STIM=s
8902982	42	RESP=1
8913764	42	STIM=h
8917255	42	RESP=1
8931354	42	STIM=0
8935659	42	RESP=2
8949962	42	STIM=p
8957817	42	RESP=1
8965826	42	STIM=5
8974944	42	RESP=2
8981897	42	STIM=l
8989626	42	RESP=1
8997163	42	STIM=7
9011381	42	RESP=2
9012450	42	STIM=8
9017746	42	RESP=2
9030557	42	STIM=h
9033627	42	RESP=1
9048220	42	STIM=i
9051960	42	RESP=1
9064134	42	STIM=x
9068522	42	RESP=1
9082437	42	STIM=o
9088711	42	RESP=1
9098004	42	STIM=5
9104337	42	RESP=2
9115406	42	STIM=6
9121380	42	RESP=1
9131121	42	STIM=c
9139511	42	RESP=1
9148558	42	STIM=b
9154282	42	RESP=1
9165429	42	STIM=o
9171983	42	RESP=1
9182769	42	STIM=u
9187705	42	RESP=1
9200408	42	STIM=g
9205312	42	RESP=1
9216980	42	STIM=t
9224937	42	RESP=1
9234302	42	STIM=o
9237673	42	RESP=1
9250271	42	STIM=p
9254778	42	RESP=1
9266752	42	STIM=l
9275291	42	RESP=1
9284445	42	STIM=n
9292914	42	RESP=1
9301002	42	STIM=u
9305693	42	RESP=1
9317205	42	STIM=m
9320396	42	RESP=1
9334693	42	STIM=b
9343354	42	RESP=1
9350876	42	STIM=g
9354528	42	RESP=1
9369189	42	STIM=7
9374907	42	RESP=2
9387711	42	STIM=5
9393992	42	RESP=2
9404534	42	STIM=7
9411375	42	RESP=2
9422180	42	STIM=g
9425596	42	RESP=1
9440922	42	STIM=l
9447075	42	RESP=1
9456195	42	STIM=o
9460876	42	RESP=2
9473265	42	STIM=q
9477384	42	RESP=1
9490505	42	STIM=z
9495270	42	RESP=1
9507025	42	STIM=y
9510875	42	RESP=1
9525896	42	STIM=6
9530040	42	RESP=2
9544294	42	STIM=s
9551768	42	RESP=2
9561406	42	STIM=i
9567188	42	RESP=1
9579289	42	STIM=7
9584817	42	RESP=2
9596420	42	STIM=0
9604363	42	RESP=2
9612948	42	STIM=4
9618057	42	RESP=2
9631599	42	STIM=d
9640139	42	RESP=1
9647545	42	STIM=6
9653303	42	RESP=2
9665101	42	STIM=e
9670123	42	RESP=1
9682501	42	STIM=s
9691352	42	RESP=2
9699013	42	STIM=m
9702205	42	RESP=1
9717118	42	STIM=w
9722511	42	RESP=1
9732489	42	STIM=8
9738400	42	RESP=2
9747727	42	STIM=6
9754710	42	RESP=2
9763923	42	STIM=e
9773296	42	RESP=1
9781676	42	STIM=8
9785961	42	RESP=2
9798162	42	STIM=t
9803108	42	RESP=1
9814617	42	STIM=e
9826872	42	RESP=1
9832166	42	STIM=c
9837860	42	RESP=1
9847552	42	STIM=x
9852403	42	RESP=1
9863804	42	STIM=s
9870636	42	RESP=1
9880120	42	STIM=f
9884111	42	RESP=1
9897768	42	STIM=q
9903307	42	RESP=1
9912943	42	STIM=u
9917654	42	RESP=1
9930130	42	STIM=s
9942210	42	RESP=1
9945761	42	STIM=z
9954921	42	RESP=1
9960766	42	STIM=b
9964552	42	RESP=1
9978816	42	STIM=m
9981921	42	RESP=1
9995517	42	STIM=g
10001080	42	RESP=2
10012571	42	STIM=s
10017155	42	RESP=1
10031388	42	STIM=1
10036233	42	RESP=2
10050197	42	STIM=i
10052784	42	RESP=1
10065444	42	STIM=s
10069351	42	RESP=1
10082366	42	STIM=k
10086986	42	RESP=1
10097504	42	STIM=f
10105803	42	RESP=1
10113108	42	STIM=4
10116712	42	RESP=2
10131677	42	STIM=s
10135249	42	RESP=1
10149580	42	STIM=w
10156002	42	RESP=1
10166475	42	STIM=f
10173936	42	RESP=1
10182753	42	STIM=f
10190291	42	RESP=1
10200345	42	STIM=z
10206451	42	RESP=1
10215617	42	STIM=f
10221860	42	RESP=1
10231259	42	STIM=o
10234697	42	RESP=1
10248897	42	STIM=t
10252122	42	RESP=1
10267767	42	STIM=v
10275633	42	RESP=1
10285707	42	STIM=n
10288550	42	RESP=1
10304308	42	STIM=p
10308688	42	RESP=1
10319733	42	STIM=j
10325840	42	RESP=1
10338348	42	STIM=b
10343205	42	RESP=1
10357150	42	STIM=s
10362824	42	RESP=1
10374841	42	STIM=l
10379974	42	RESP=1
10392612	42	STIM=p
10399220	42	RESP=1
10408485	42	STIM=o
10411455	42	RESP=1
10426144	42	STIM=u
10434252	42	RESP=1
10443928	42	STIM=d
10447430	42	RESP=1
10462712	42	STIM=c
10468772	42	RESP=1
10479219	42	STIM=0
10487987	42	RESP=2
10494576	42	STIM=j
10501442	42	RESP=1
10509946	42	STIM=u
10516962	42	RESP=1
10525529	42	STIM=b
10530347	42	RESP=1
10543890	42	STIM=l
10548829	42	RESP=1
10560954	42	STIM=w
10567551	42	RESP=1
10577437	42	STIM=f
10583520	42	RESP=1
10593848	42	STIM=k
10597928	42	RESP=1
10609198	42	STIM=0
10615058	42	RESP=2
10626900	42	STIM=m
10634015	42	RESP=1
10644385	42	STIM=3
10652688	42	RESP=2
10659906	42	STIM=n
10666438	42	RESP=1
10675980	42	STIM=e
10681300	42	RESP=2
10693230	42	STIM=v
10698858	42	RESP=1
10710999	42	STIM=3
10715655	42	RESP=2
10728609	42	STIM=f
10733593	42	RESP=1
10744805	42	STIM=u
10751396	42	RESP=1
10760293	42	STIM=2
10766147	42	RESP=2
10775943	42	STIM=v
10779324	42	RESP=1
10793699	42	STIM=y
10799673	42	RESP=1
10809584	42	STIM=z
10815009	42	RESP=1
10826474	42	STIM=1
10831965	42	RESP=2
10843194	42	STIM=k
10846653	42	RESP=1
10860767	42	STIM=r
10867665	42	RESP=1
10877504	42	STIM=2
10883631	42	RESP=2
10895215	42	STIM=d
10907462	42	RESP=1
10912129	42	STIM=m
10916842	42	RESP=1
10927613	42	STIM=l
10933160	42	RESP=1
10944935	42	STIM=x
10948760	42	RESP=1
10963008	42	STIM=v
10967517	42	RESP=1
10979734	42	STIM=g
10989573	42	RESP=1
10997997	42	STIM=d
11002911	42	RESP=1
11014596	42	STIM=n
11020491	42	RESP=1
11030317	42	STIM=i
11035489	42	RESP=1
11047978	42	STIM=i
11054675	42	RESP=1
11064617	42	STIM=g
11074766	42	RESP=1
11081288	42	STIM=z
11089924	42	RESP=1
11097757	42	STIM=d
11101406	42	RESP=1
11112782	42	STIM=2
11122951	42	RESP=2
11131616	42	STIM=q
11138706	42	RESP=1
11149370	42	STIM=z
11156070	42	RESP=2
11167820	42	STIM=2
11174484	42	RESP=2
11183753	42	STIM=n
11187656	42	RESP=1
11202027	42	STIM=a
11206809	42	RESP=1
11217422	42	STIM=q
11223202	42	RESP=1
11233653	42	STIM=o
11237452	42	RESP=1
11252146	42	STIM=w
11257692	42	RESP=1
11267354	42	STIM=7
11272523	42	RESP=2
11283482	42	STIM=0
11293583	42	RESP=1
11300505	42	STIM=u
11303415	42	RESP=2
11318746	42	STIM=2
11325172	42	RESP=2
11335042	42	STIM=e
11340333	42	RESP=1
11353462	42	STIM=x
11358480	42	RESP=1
11370757	42	STIM=d
11374858	42	RESP=1
11389152	42	STIM=y
11393984	42	RESP=1
11404653	42	STIM=m
11407648	42	RESP=1
11419947	42	STIM=4
11426133	42	RESP=2
11435616	42	STIM=u
11439763	42	RESP=1
11454279	42	STIM=8
11459734	42	RESP=2
11472405	42	STIM=i
11476605	42	RESP=1
11488991	42	STIM=y
11495193	42	RESP=1
11507018	42	STIM=x
11511292	42	RESP=1
11525714	42	STIM=m
11531911	42	RESP=1
11541770	42	STIM=o
11548703	42	RESP=1
11557975	42	STIM=5
11561956	42	RESP=2
11576140	42	STIM=b
11582681	42	RESP=1
11594927	42	STIM=v
11602024	42	RESP=1
11610911	42	STIM=m
11615102	42	RESP=1
11625970	42	STIM=a
11635060	42	RESP=1
11643888	42	STIM=k
11648915	42	RESP=1
11660710	42	STIM=q
11665941	42	RESP=1
11679160	42	STIM=m
11685021	42	RESP=1
11694767	42	STIM=u
11700414	42	RESP=1
11710907	42	STIM=6
11719090	42	RESP=1
11729510	42	STIM=y
11734926	42	RESP=1
11747451	42	STIM=s
11750998	42	RESP=2
11763313	42	STIM=u
11772137	42	RESP=1
11780645	42	STIM=e
11784202	42	RESP=1
11797975	42	STIM=v
11802753	42	RESP=1
11816106	42	STIM=y
11822968	42	RESP=1
11833338	42	STIM=d
11840296	42	RESP=1
11849581	42	STIM=h
11855252	42	RESP=1
11865782	42	STIM=m
11873751	42	RESP=1
11880827	42	STIM=b
11883962	42	RESP=1
11896632	42	STIM=g
11903639	42	RESP=1
11914759	42	STIM=7
11919989	42	RESP=2
11931099	42	STIM=m
11934499	42	RESP=1
11947359	42	STIM=x
11953055	42	RESP=1
11966201	42	STIM=t
11972373	42	RESP=2
11985010	42	STIM=x
11988057	42	RESP=1
12002088	42	STIM=6
12008832	42	RESP=1
12020735	42	STIM=7
12026747	42	RESP=2
12036361	42	STIM=b
12039255	42	RESP=1
12053855	42	STIM=e
12068316	42	RESP=1
12071633	42	STIM=t
12079189	42	RESP=2
12089497	42	STIM=h
12097320	42	RESP=1
12105757	42	STIM=0
12111130	42	RESP=2
12123646	42	STIM=g
12127996	42	RESP=1
12142199	42	STIM=b
12146920	42	RESP=1
12159747	42	STIM=k
12167293	42	RESP=1
12177106	42	STIM=z
12181978	42	RESP=1
12194288	42	STIM=8
12199938	42	RESP=2
12212438	42	STIM=x
12217679	42	RESP=1
12230500	42	STIM=k
12236483	42	RESP=1
12246826	42	STIM=7
12251002	42	RESP=2
12262524	42	STIM=a
12268042	42	RESP=1
12280751	42	STIM=g
12285520	42	RESP=1
12298254	42	STIM=7
12304707	42	RESP=1
12314373	42	STIM=t
12317367	42	RESP=1
12333131	42	STIM=k
12337757	42	RESP=1
12348845	42	STIM=z
12352973	42	RESP=2
12367381	42	STIM=t
12373890	42	RESP=1
12385680	42	STIM=z
12389785	42	RESP=1
12404060	42	STIM=j
12408636	42	RESP=1
12419878	42	STIM=n
12423051	42	RESP=1
12435795	42	STIM=4
12441968	42	RESP=1
12453001	42	STIM=k
12457917	42	RESP=1
12469250	42	STIM=p
12475711	42	RESP=2
12485969	42	STIM=a
12489045	42	RESP=1
12501452	42	STIM=n
12506705	42	RESP=1
12516507	42	STIM=m
12523609	42	RESP=2
12532883	42	STIM=p
12537892	42	RESP=1
12548535	42	STIM=i
12552199	42	RESP=1
12564420	42	STIM=n
12568598	42	RESP=1
12580865	42	STIM=n
12587916	42	RESP=1
12597226	42	STIM=b
12600465	42	RESP=1
12612465	42	STIM=e
12618496	42	RESP=1
12629015	42	STIM=8
12634749	42	RESP=1
12645134	42	STIM=r
12653587	42	RESP=1
12660458	42	STIM=u
12666301	42	RESP=1
12676856	42	STIM=0
12685585	42	RESP=2
12694327	42	STIM=k
12704930	42	RESP=1
12711046	42	STIM=k
12715419	42	RESP=1
12727452	42	STIM=h
12732829	42	RESP=1
12743030	42	STIM=s
12749141	42	RESP=1
12758375	42	STIM=w
12763303	42	RESP=1
12776268	42	STIM=c
12784799	42	RESP=1
12794564	42	STIM=q
12800078	42	RESP=1
12810191	42	STIM=t
12814677	42	RESP=1
12826971	42	STIM=k
12833107	42	RESP=1
12844943	42	STIM=8
12850139	42	RESP=2
12862834	42	STIM=h
12866986	42	RESP=1
12881029	42	STIM=u
12889105	42	RESP=1
12899485	42	STIM=r
12902961	42	RESP=1
12916240	42	STIM=c
12928177	42	RESP=1
12935226	42	STIM=x
12943126	42	RESP=1
12952872	42	STIM=n
12956828	42	RESP=2
12970144	42	STIM=9
12977308	42	RESP=2
12986808	42	STIM=o
12989649	42	RESP=1
13004881	42	STIM=u
13013457	42	RESP=1
13020709	42	STIM=p
13024595	42	RESP=1
13038998	42	STIM=0
13048842	42	RESP=1
13057435	42	STIM=h
13065921	42	RESP=1
13074757	42	STIM=5
13084161	42	RESP=2
13092343	42	STIM=t
13099600	42	RESP=1
13108573	42	STIM=t
13112679	42	RESP=1
13126598	42	STIM=t
13130464	42	RESP=1
13144796	42	STIM=2
13153122	42	RESP=2
13161682	42	STIM=v
13168146	42	RESP=1
13179957	42	STIM=j
13183754	42	RESP=1
13198625	42	STIM=g
13203027	42	RESP=1
13214278	42	STIM=g
13220372	42	RESP=1
13232667	42	STIM=8
13240815	42	RESP=2
13247938	42	STIM=q
13251937	42	RESP=1
13266299	42	STIM=g
13269330	42	RESP=1
13283108	42	STIM=g
13286177	42	RESP=1
13300749	42	STIM=r
13305056	42	RESP=1
13317219	42	STIM=q
13326113	42	RESP=1
13333916	42	STIM=j
13339628	42	RESP=1
13349677	42	STIM=v
13356100	42	RESP=1
13367191	42	STIM=x
13370825	42	RESP=1
13383280	42	STIM=e
13388565	42	RESP=1
13400708	42	STIM=v
13405559	42	RESP=1
13417195	42	STIM=s
13425769	42	RESP=1
13435457	42	STIM=r
13441789	42	RESP=1
13454119	42	STIM=9
13459871	42	RESP=1
13472917	42	STIM=f
13478831	42	RESP=1
13489098	42	STIM=w
13498517	42	RESP=1
13504699	42	STIM=n
13507424	42	RESP=1
13519846	42	STIM=v
13524739	42	RESP=2
13536372	42	STIM=n
13540324	42	RESP=1
13555023	42	STIM=k
13561357	42	RESP=1
13573989	42	STIM=5
13579365	42	RESP=2
13591956	42	STIM=q
13597362	42	RESP=1
13607853	42	STIM=y
13615385	42	RESP=1
13624312	42	STIM=3
13632004	42	RESP=2
13639708	42	STIM=h
13645598	42	RESP=2
13655785	42	STIM=k
13659416	42	RESP=1
13673241	42	STIM=g
13679258	42	RESP=1
13691217	42	STIM=a
13699261	42	RESP=1
13709383	42	STIM=0
13713645	42	RESP=2
13726602	42	STIM=w
13729486	42	RESP=1
13742775	42	STIM=g
13747849	42	RESP=1
13761098	42	STIM=b
13767353	42	RESP=1
13779514	42	STIM=o
13783723	42	RESP=1
13795056	42	STIM=1
13803280	42	RESP=2
13811204	42	STIM=e
13819528	42	RESP=1
13826617	42	STIM=5
13831466	42	RESP=2
13842077	42	STIM=v
13848125	42	RESP=1
13859606	42	STIM=9
13868500	42	RESP=2
13876504	42	STIM=z
13882394	42	RESP=1
13895397	42	STIM=v
13902928	42	RESP=1
13911914	42	STIM=3
13920466	42	RESP=2
13928396	42	STIM=m
13938095	42	RESP=1
13944062	42	STIM=x
13949311	42	RESP=1
13961882	42	STIM=b
13967632	42	RESP=1
13979549	42	STIM=8
13984378	42	RESP=1
13997088	42	STIM=d
14001599	42	RESP=1
14015306	42	STIM=j
14018978	42	RESP=1
14031582	42	STIM=v
14042358	42	RESP=1
14046959	42	STIM=q
14050119	42	RESP=1
14062815	42	STIM=j
14069453	42	RESP=1
14080860	42	STIM=3
14089906	42	RESP=2
14099677	42	STIM=d
14106115	42	RESP=1
14116168	42	STIM=n
14120970	42	RESP=1
14132398	42	STIM=t
14138622	42	RESP=1
14148454	42	STIM=5
14156915	42	RESP=1
14164296	42	STIM=2
14168796	42	RESP=2
14180869	42	STIM=m
14185784	42	RESP=1
14199523	42	STIM=b
14202252	42	RESP=1
14215804	42	STIM=j
14219686	42	RESP=1
14232551	42	STIM=z
14235474	42	RESP=1
14250024	42	STIM=s
14255348	42	RESP=1
14265448	42	STIM=o
14276251	42	RESP=1
14281008	42	STIM=k
14284437	42	RESP=1
14297458	42	STIM=h
14309050	42	RESP=1
14314895	42	STIM=w
14319644	42	RESP=1
14333600	42	STIM=y
14338318	42	RESP=2
14349205	42	STIM=c
14352787	42	RESP=1
14367148	42	STIM=i
14369801	42	RESP=1
14382528	42	STIM=t
14387977	42	RESP=1
14398147	42	STIM=h
14405463	42	RESP=1
14415778	42	STIM=o
14426631	42	RESP=1
14434417	42	STIM=7
14440688	42	RESP=2
14453090	42	STIM=w
14460934	42	RESP=1
14471910	42	STIM=h
14481147	42	RESP=1
14487714	42	STIM=0
14492853	42	RESP=2
14506453	42	STIM=v
14511356	42	RESP=1
14522654	42	STIM=x
14528036	42	RESP=1
14541652	42	STIM=k
14550449	42	RESP=1
14559723	42	STIM=a
14568993	42	RESP=1
14575590	42	STIM=m
14587578	42	RESP=1
14591131	42	STIM=k
14595726	42	RESP=1
14607370	42	STIM=a
14612351	42	RESP=1
14623432	42	STIM=k
14627044	42	RESP=1
14640108	42	STIM=o
14644790	42	RESP=1
14657076	42	STIM=q
14663182	42	RESP=1
14673583	42	STIM=p
14677671	42	RESP=1
14690376	42	STIM=y
14696220	42	RESP=1
14707061	42	STIM=j
14712392	42	RESP=1
14722776	42	STIM=y
14728867	42	RESP=1
14738164	42	STIM=p
14742121	42	RESP=1
14754189	42	STIM=0
14760306	42	RESP=1
14772980	42	STIM=b
14776499	42	RESP=1
14788532	42	STIM=3
14794122	42	RESP=2
14806349	42	STIM=q
14811471	42	RESP=1
14821982	42	STIM=f
14828026	42	RESP=1
14840805	42	STIM=v
14846514	42	RESP=2
14857388	42	STIM=b
14862491	42	RESP=1
14875032	42	STIM=r
14886218	42	RESP=1
14893551	42	STIM=m
14897828	42	RESP=2
14909653	42	STIM=2
14915973	42	RESP=2
14927911	42	STIM=q
14934813	42	RESP=1
14945192	42	STIM=t
14950861	42	RESP=1
14961958	42	STIM=4
14966473	42	RESP=2
14978760	42	STIM=a
14983327	42	RESP=1
14997201	42	STIM=z
15002808	42	RESP=1
15013104	42	STIM=f
15017839	42	RESP=1
15028176	42	STIM=m
15033676	42	RESP=1
15044222	42	STIM=w
15049200	42	RESP=1
15061872	42	STIM=1
15065839	42	RESP=2
15077205	42	STIM=0
15081910	42	RESP=1
15092907	42	STIM=f
15106505	42	RESP=1
15110106	42	STIM=j
15113580	42	RESP=1
15128754	42	STIM=u
15137560	42	RESP=1
15144019	42	STIM=2
15148646	42	RESP=2
15159339	42	STIM=g
15168579	42	RESP=1
15177161	42	STIM=l
15183436	42	RESP=1
15195002	42	STIM=3
15206116	42	RESP=2
15210781	42	STIM=u
15222503	42	RESP=1
15225969	42	STIM=a
15234811	42	RESP=1
15244463	42	STIM=o
15250681	42	RESP=1
15261293	42	STIM=z
15267107	42	RESP=1
15277991	42	STIM=d
15280946	42	RESP=1
15293467	42	STIM=d
15300733	42	RESP=1
15310340	42	STIM=c
15317599	42	RESP=1
15328331	42	STIM=q
15331440	42	RESP=1
15347242	42	STIM=7
15353844	42	RESP=2
15365958	42	STIM=v
15369590	42	RESP=1
15381233	42	STIM=j
15386725	42	RESP=1
15399497	42	STIM=c
15403855	42	RESP=1
15416886	42	STIM=p
15423577	42	RESP=1
15432373	42	STIM=c
15437830	42	RESP=1
15447427	42	STIM=q
15453024	42	RESP=1
15462733	42	STIM=j
15467323	42	RESP=1
15478884	42	STIM=k
15482412	42	RESP=1
15497117	42	STIM=2
15500868	42	RESP=2
15512554	42	STIM=g
15518115	42	RESP=1
15529260	42	STIM=d
15535721	42	RESP=1
15547028	42	STIM=a
15550846	42	RESP=1
15565003	42	STIM=r
15579337	42	RESP=1
15583304	42	STIM=l
15590352	42	RESP=1
15600678	42	STIM=a
15605123	42	RESP=1
15617297	42	STIM=x
15627958	42	RESP=1
15634679	42	STIM=f
15639462	42	RESP=1
15649777	42	STIM=m
15652854	42	RESP=1
15664846	42	STIM=q
15667948	42	RESP=1
15682228	42	STIM=f
15686322	42	RESP=1
15700251	42	STIM=s
15704194	42	RESP=1
15717443	42	STIM=w
15721940	42	RESP=1
15734371	42	STIM=7
15740069	42	RESP=2
15752414	42	STIM=0
15758468	42	RESP=1
15769614	42	STIM=d
15776108	42	RESP=1
15788314	42	STIM=k
15798557	42	RESP=1
15805768	42	STIM=v
15816202	42	RESP=1
15823670	42	STIM=9
15830058	42	RESP=1
15842258	42	STIM=k
15845859	42	RESP=1
15859343	42	STIM=g
15864653	42	RESP=1
15877320	42	STIM=h
15880274	42	RESP=1
15893685	42	STIM=j
15901463	42	RESP=1
15910025	42	STIM=9
15917418	42	RESP=1
15925025	42	STIM=0
15930502	42	RESP=1
15942364	42	STIM=8
15947926	42	RESP=1
15959491	42	STIM=g
15962570	42	RESP=1
15974572	42	STIM=w
15978391	42	RESP=1
15992665	42	STIM=b
15997224	42	RESP=1
16009141	42	STIM=f
16013097	42	RESP=1
16024925	42	STIM=m
16028387	42	RESP=1
16043683	42	STIM=x
16048674	42	RESP=1
16062137	42	STIM=a
16066689	42	RESP=1
16080314	42	STIM=w
16086029	42	RESP=1
16097801	42	STIM=v
16104067	42	RESP=1
16115422	42	STIM=q
16120509	42	RESP=1
16130604	42	STIM=h
16135930	42	RESP=1
16146841	42	STIM=d
16149979	42	RESP=1
16161911	42	STIM=x
16170294	42	RESP=1
16179839	42	STIM=p
16186105	42	RESP=1
16198058	42	STIM=t
16208122	42	RESP=1
16214477	42	STIM=7
16222491	42	RESP=2
16230448	42	STIM=c
16235071	42	RESP=1
16248629	42	STIM=l
16253887	42	RESP=1
16264490	42	STIM=l
16268750	42	RESP=1
16281935	42	STIM=o
16287278	42	RESP=1
16298252	42	STIM=e
16303944	42	RESP=1
16316257	42	STIM=k
16323252	42	RESP=1
16331743	42	STIM=c
16336594	42	RESP=1
16348290	42	STIM=1
16353952	42	RESP=2
16367184	42	STIM=2
16373483	42	RESP=2
16384186	42	STIM=y
16389744	42	RESP=1
16402289	42	STIM=k
16406309	42	RESP=1
16417640	42	STIM=c
16423927	42	RESP=1
16433143	42	STIM=1
16444280	42	RESP=2
16448315	42	STIM=c
16453719	42	RESP=1
16464947	42	STIM=h
16475411	42	RESP=1
16482182	42	STIM=w
16488218	42	RESP=1
16499677	42	STIM=a
16503926	42	RESP=1
16514897	42	STIM=y
16519537	42	RESP=2
16532360	42	STIM=6
16539653	42	RESP=2
16547470	42	STIM=1
16555845	42	RESP=2
16565075	42	STIM=e
16571584	42	RESP=1
16583102	42	STIM=x
16591140	42	RESP=1
16598794	42	STIM=w
16602723	42	RESP=1
16615545	42	STIM=l
16619001	42	RESP=1
16633335	42	STIM=k
16638395	42	RESP=1
16648650	42	STIM=7
16655503	42	RESP=2
16664996	42	STIM=n
16669775	42	RESP=1
16681005	42	STIM=5
16685852	42	RESP=2
16699716	42	STIM=3
16710265	42	RESP=1
16715801	42	STIM=3
16721617	42	RESP=2
16731140	42	STIM=1
16742110	42	RESP=2
16746280	42	STIM=n
16757408	42	RESP=1
16763524	42	STIM=9
16770536	42	RESP=1
16781413	42	STIM=l
16787140	42	RESP=1
16798087	42	STIM=t
16812664	42	RESP=1
16814986	42	STIM=p
16819082	42	RESP=1
16830627	42	STIM=p
16836114	42	RESP=1
16847921	42	STIM=f
16852732	42	RESP=2
16866600	42	STIM=r
16871016	42	RESP=1
16885523	42	STIM=3
16892012	42	RESP=2
16901310	42	STIM=o
16906014	42	RESP=1
16919550	42	STIM=s
16924115	42	RESP=1
16938140	42	STIM=d
16942697	42	RESP=1
16954895	42	STIM=2
16960468	42	RESP=2
16972697	42	STIM=f
16976956	42	RESP=2
16988617	42	STIM=w
16993648	42	RESP=1
17003799	42	STIM=a
17009389	42	RESP=1
17020039	42	STIM=z
17027378	42	RESP=1
17037068	42	STIM=o
17043172	42	RESP=1
17054652	42	STIM=x
17068202	42	RESP=1
17071360	42	STIM=x
17079375	42	RESP=1
17087990	42	STIM=p
17096993	42	RESP=1
17105513	42	STIM=x
17112688	42	RESP=1
17123462	42	STIM=6
17128598	42	RESP=2
17141234	42	STIM=h
17146414	42	RESP=1
17156734	42	STIM=x
17161515	42	RESP=1
17172996	42	STIM=1
17182294	42	RESP=2
17191588	42	STIM=7
17199897	42	RESP=2
17210329	42	STIM=q
17219056	42	RESP=2
17228386	42	STIM=9
17232283	42	RESP=2
17247200	42	STIM=v
17251211	42	RESP=1
17264216	42	STIM=h
17269527	42	RESP=1
17281458	42	STIM=g
17289553	42	RESP=1
17298922	42	STIM=q
17303308	42	RESP=1
17314063	42	STIM=o
17321991	42	RESP=1
17330899	42	STIM=2
17336492	42	RESP=2
17347035	42	STIM=e
17353863	42	RESP=1
17363724	42	STIM=j
17372143	42	RESP=1
17378726	42	STIM=p
17385329	42	RESP=1
17395910	42	STIM=r
17399291	42	RESP=1
17412307	42	STIM=m
17420088	42	RESP=1
17430592	42	STIM=1
17435754	42	RESP=2
17449271	42	STIM=1
17454445	42	RESP=2
17465401	42	STIM=j
17470502	42	RESP=1
17483541	42	STIM=8
17491871	42	RESP=2
17500773	42	STIM=o
17508524	42	RESP=1
17518673	42	STIM=7
17525557	42	RESP=2
17534418	42	STIM=g
17544819	42	RESP=1
17551976	42	STIM=u
17560845	42	RESP=1
17568346	42	STIM=i
17575321	42	RESP=1
17583805	42	STIM=v
17592413	42	RESP=1
17599376	42	STIM=z
17604650	42	RESP=1
17617531	42	STIM=9
17622789	42	RESP=2
17633012	42	STIM=j
17637096	42	RESP=1
17651521	42	STIM=j
17656602	42	RESP=1
17669101	42	STIM=d
17678878	42	RESP=1
17686219	42	STIM=o
17691366	42	RESP=1
17703639	42	STIM=d
17709185	42	RESP=1
17721185	42	STIM=a
17732763	42	RESP=1
17738961	42	STIM=u
17749692	42	RESP=1
17756612	42	STIM=6
17761233	42	RESP=2
17772899	42	STIM=y
17777107	42	RESP=1
17790246	42	STIM=p
17795455	42	RESP=1
17808726	42	STIM=i
17814028	42	RESP=1
17824608	42	STIM=n
17827995	42	RESP=1
17843184	42	STIM=v
17851777	42	RESP=1
17861835	42	STIM=d
17867984	42	RESP=1
17880265	42	STIM=n
17886628	42	RESP=1
17898583	42	STIM=q
17905729	42	RESP=1
17917554	42	STIM=e
17927109	42	RESP=1
17933875	42	STIM=f
17940684	42	RESP=1
17948931	42	STIM=p
17955485	42	RESP=1
17965583	42	STIM=4
17971778	42	RESP=2
17982272	42	STIM=i
17989687	42	RESP=1
18001222	42	STIM=x
18005108	42	RESP=1
18017753	42	STIM=8
18021900	42	RESP=1
18036548	42	STIM=w
18040258	42	RESP=1
18053085	42	STIM=u
18058946	42	RESP=1
18069737	42	STIM=c
18074995	42	RESP=1
18088637	42	STIM=x
18094933	42	RESP=1
18106951	42	STIM=2
18112122	42	RESP=2
18123155	42	STIM=v
18133489	42	RESP=1
18139887	42	STIM=p
18143417	42	RESP=1
18156303	42	STIM=p
18161161	42	RESP=1
18173042	42	STIM=k
18180126	42	RESP=2
18190515	42	STIM=e
18196063	42	RESP=1
18208383	42	STIM=h
18214874	42	RESP=1
18227250	42	STIM=9
18231564	42	RESP=2
18243638	42	STIM=9
18250102	42	RESP=2
18259489	42	STIM=i
18264496	42	RESP=1
18275351	42	STIM=h
18281531	42	RESP=1
18293549	42	STIM=u
18300756	42	RESP=1
18309905	42	STIM=f
18322467	42	RESP=1
18326890	42	STIM=a
18331295	42	RESP=2
18343224	42	STIM=d
18350870	42	RESP=1
18361356	42	STIM=x
18364854	42	RESP=1
18379559	42	STIM=f
18385373	42	RESP=1
18394950	42	STIM=7
18400897	42	RESP=1
18413094	42	STIM=h
18424365	42	RESP=1
18431428	42	STIM=4
18440360	42	RESP=2
18447155	42	STIM=g
18454894	42	RESP=1
18465900	42	STIM=d
18470065	42	RESP=1
18483402	42	STIM=l
18487726	42	RESP=1
18498649	42	STIM=4
18505139	42	RESP=2
18515639	42	STIM=y
18522053	42	RESP=1
18532906	42	STIM=2
18538673	42	RESP=2
18548175	42	STIM=5
18552228	42	RESP=2
18563270	42	STIM=i
18569066	42	RESP=1
18579142	42	STIM=j
18583379	42	RESP=1
18596953	42	STIM=q
18603149	42	RESP=1
18615289	42	STIM=z
18619214	42	RESP=1
18631338	42	STIM=o
18636495	42	RESP=1
18648924	42	STIM=t
18657795	42	RESP=1
18664388	42	STIM=p
18669838	42	RESP=1
18682899	42	STIM=e
18686493	42	RESP=1
18701173	42	STIM=7
18709851	42	RESP=2
18717022	42	STIM=r
18720685	42	RESP=1
18735521	42	STIM=h
18743832	42	RESP=1
18753487	42	STIM=v
18763582	42	RESP=1
18769759	42	STIM=v
18773698	42	RESP=1
18785707	42	STIM=3
18793418	42	RESP=2
18803363	42	STIM=3
18809444	42	RESP=2
18820408	42	STIM=h
18824936	42	RESP=1
18837329	42	STIM=c
18843818	42	RESP=1
18855359	42	STIM=5
18863731	42	RESP=2
18872397	42	STIM=8
18878147	42	RESP=2
18890501	42	STIM=e
18897807	42	RESP=1
18906715	42	STIM=n
18910314	42	RESP=1
18924302	42	STIM=l
18928927	42	RESP=1
18939535	42	STIM=0
18951979	42	RESP=2
18955169	42	STIM=e
18961897	42	RESP=1
18973526	42	STIM=5
18978907	42	RESP=2
18988840	42	STIM=b
18992133	42	RESP=1
19004700	42	STIM=i
19010271	42	RESP=1
19022096	42	STIM=e
19029781	42	RESP=1
19037784	42	STIM=e
19041176	42	RESP=1
19054604	42	STIM=c
19061546	42	RESP=1
19070425	42	STIM=u
19077806	42	RESP=1
19086996	42	STIM=6
19092693	42	RESP=2
19102003	42	STIM=j
19110122	42	RESP=1
19119284	42	STIM=1
19127378	42	RESP=2
19136893	42	STIM=z
19148926	42	RESP=1
19154594	42	STIM=p
19159561	42	RESP=1
19169675	42	STIM=0
19176089	42	RESP=2
19184815	42	STIM=n
19194296	42	RESP=1
19201574	42	STIM=w
19207029	42	RESP=1
19217236	42	STIM=u
19228126	42	RESP=1
19235508	42	STIM=l
19243399	42	RESP=1
19251782	42	STIM=0
19261240	42	RESP=2
19270211	42	STIM=f
19273973	42	RESP=1
19287968	42	STIM=a
19293390	42	RESP=1
19304827	42	STIM=h
19310893	42	RESP=1
19323124	42	STIM=e
19327714	42	RESP=1
19340075	42	STIM=o
19345917	42	RESP=1
19358242	42	STIM=g
19366199	42	RESP=1
19374083	42	STIM=o
19376421	42	RESP=1
19392701	42	STIM=g
19396648	42	RESP=1
19410167	42	STIM=1
19417047	42	RESP=1
19429040	42	STIM=o
19434632	42	RESP=1
19444722	42	STIM=4
19449689	42	RESP=2
19462871	42	STIM=s
19470628	42	RESP=1
19479761	42	STIM=c
19486597	42	RESP=1
19498585	42	STIM=z
19506054	42	RESP=1
19515892	42	STIM=p
19521809	42	RESP=1
19531468	42	STIM=u
19536517	42	RESP=1
19549597	42	STIM=x
19557603	42	RESP=1
19567719	42	STIM=b
19574966	42	RESP=1
19584247	42	STIM=m
19589003	42	RESP=1
19602294	42	STIM=i
19609821	42	RESP=1
19617794	42	STIM=v
19621543	42	RESP=1
19636055	42	STIM=a
19643662	42	RESP=1
19654804	42	STIM=e
19661996	42	RESP=1
19671868	42	STIM=q
19674655	42	RESP=1
19687008	42	STIM=u
19694163	42	RESP=1
19704135	42	STIM=x
19708805	42	RESP=1
19722539	42	STIM=2
19728235	42	RESP=2
19738375	42	STIM=8
19744452	42	RESP=2
19755860	42	STIM=i
19762553	42	RESP=1
19772168	42	STIM=n
19777893	42	RESP=2
19787566	42	STIM=b
19791980	42	RESP=1
19805118	42	STIM=y
19807660	42	RESP=1
19822480	42	STIM=m
19828912	42	RESP=1
19839283	42	STIM=x
19845227	42	RESP=1
19857000	42	STIM=i
19862315	42	RESP=1
19875409	42	STIM=r
19881612	42	RESP=1
19893800	42	STIM=j
19899256	42	RESP=1
19911739	42	STIM=z
19919128	42	RESP=1
19927958	42	STIM=t
19932918	42	RESP=1
19946432	42	STIM=7
19952454	42	RESP=2
19961737	42	STIM=p
19965415	42	RESP=1
19978967	42	STIM=g
19984039	42	RESP=1
19995268	42	STIM=x
19998104	42	RESP=1
20010651	42	STIM=o
20016717	42	RESP=1
20026459	42	STIM=h
20033253	42	RESP=1
20042729	42	STIM=q
20050379	42	RESP=1
20059070	42	STIM=b
20066068	42	RESP=1
20077682	42	STIM=4
20087047	42	RESP=2
20093508	42	STIM=9
20099201	42	RESP=2
20109189	42	STIM=a
20116813	42	RESP=1
20125325	42	STIM=8
20131352	42	RESP=1
20142064	42	STIM=x
20147030	42	RESP=1
20159275	42	STIM=d
20164568	42	RESP=1
20177047	42	STIM=1
20182858	42	RESP=2
20192054	42	STIM=y
20199413	42	RESP=2
20209392	42	STIM=j
20213678	42	RESP=1
20225811	42	STIM=7
20236907	42	RESP=2
20244005	42	STIM=o
20248064	42	RESP=1
20262222	42	STIM=4
20269188	42	RESP=2
20278002	42	STIM=2
20282076	42	RESP=2
20293610	42	STIM=3
20299205	42	RESP=2
20312530	42	STIM=g
20319682	42	RESP=1
20327842	42	STIM=7
20333899	42	RESP=2
20346122	42	STIM=1
20351356	42	RESP=1
20361690	42	STIM=c
20369039	42	RESP=1
20377972	42	STIM=k
20383996	42	RESP=1
20396265	42	STIM=c
20402750	42	RESP=1
20414915	42	STIM=8
20421325	42	RESP=2
20430961	42	STIM=e
20434537	42	RESP=1
20447057	42	STIM=w
20454495	42	RESP=1
20463410	42	STIM=j
20468133	42	RESP=1
20479042	42	STIM=t
20482247	42	RESP=1
20497787	42	STIM=u
20500670	42	RESP=1
20514532	42	STIM=b
20519108	42	RESP=1
20532824	42	STIM=l
20540562	42	RESP=1
20549022	42	STIM=q
20553662	42	RESP=2
20566034	42	STIM=u
20569497	42	RESP=1
20584332	42	STIM=4
20589303	42	RESP=1
20601333	42	STIM=r
20605769	42	RESP=1
20616894	42	STIM=m
20622862	42	RESP=1
20633645	42	STIM=w
20638793	42	RESP=1
20648750	42	STIM=r
20654532	42	RESP=1
20664092	42	STIM=f
20672636	42	RESP=1
20679248	42	STIM=e
20682880	42	RESP=1
20695834	42	STIM=w
20701100	42	RESP=1
20713952	42	STIM=e
20719572	42	RESP=1
20729334	42	STIM=t
20737196	42	RESP=1
20746916	42	STIM=l
20755052	42	RESP=1
20765321	42	STIM=d
20769903	42	RESP=1
20781243	42	STIM=i
20784741	42	RESP=1
20800049	42	STIM=g
20806085	42	RESP=1
20818126	42	STIM=k
20823832	42	RESP=1
20833377	42	STIM=u
20838769	42	RESP=1
20849110	42	STIM=w
20852691	42	RESP=1
20866197	42	STIM=j
20873326	42	RESP=1
20883841	42	STIM=s
20889515	42	RESP=1
20901633	42	STIM=i
20906727	42	RESP=1
20919681	42	STIM=7
20925167	42	RESP=2
20936510	42	STIM=4
20944425	42	RESP=2
20954650	42	STIM=r
20962567	42	RESP=2
20970264	42	STIM=a
20978657	42	RESP=1
20985576	42	STIM=x
20993901	42	RESP=1
21004552	42	STIM=r
21007730	42	RESP=1
21022273	42	STIM=m
21027455	42	RESP=1
21037606	42	STIM=4
21043088	42	RESP=1
21054887	42	STIM=n
21060859	42	RESP=1
21070173	42	STIM=c
21074084	42	RESP=1
21085772	42	STIM=6
21096002	42	RESP=2
21100909	42	STIM=j
21104454	42	RESP=1
21118534	42	STIM=u
21126778	42	RESP=1
21136474	42	STIM=7
21143870	42	RESP=2
21155159	42	STIM=4
21166996	42	RESP=1
21173451	42	STIM=e
21175949	42	RESP=1
21189459	42	STIM=y
21193643	42	RESP=1
21206511	42	STIM=7
21216918	42	RESP=2
21221715	42	STIM=q
21227790	42	RESP=1
21240694	42	STIM=x
21247263	42	RESP=1
21258063	42	STIM=v
21265860	42	RESP=1
21275850	42	STIM=x
21281604	42	RESP=1
21292806	42	STIM=r
21297177	42	RESP=2
21310216	42	STIM=t
21316227	42	RESP=1
21325358	42	STIM=j
21331480	42	RESP=1
21341497	42	STIM=e
21351475	42	RESP=1
21360189	42	STIM=n
21363980	42	RESP=1
21376420	42	STIM=l
21382274	42	RESP=1
21393436	42	STIM=f
21399529	42	RESP=1
21408796	42	STIM=f
21416789	42	RESP=1
21427662	42	STIM=7
21434991	42	RESP=1
21446447	42	STIM=x
21453020	42	RESP=1
21463883	42	STIM=t
21470645	42	RESP=1
21479395	42	STIM=2
21484593	42	RESP=2
21498156	42	STIM=i
21502320	42	RESP=1
21516947	42	STIM=f
21524021	42	RESP=1
21535177	42	STIM=q
21540408	42	RESP=2
21550343	42	STIM=f
21558149	42	RESP=1
21567545	42	STIM=2
21574762	42	RESP=1
21584765	42	STIM=6
21590397	42	RESP=2
21602536	42	STIM=n
21608306	42	RESP=1
21621314	42	STIM=n
21630999	42	RESP=1
21637587	42	STIM=g
21643941	42	RESP=2
21653273	42	STIM=t
21660372	42	RESP=1
21671776	42	STIM=r
21677114	42	RESP=1
21690532	42	STIM=e
21699440	42	RESP=1
21707792	42	STIM=8
21711692	42	RESP=2
21723246	42	STIM=p
21728948	42	RESP=1
21738581	42	STIM=x
21745223	42	RESP=1
21755899	42	STIM=s
21762123	42	RESP=1
