# Original filename: 0036_ZXA_2016-10-12.log
# Time unit: 100 us
# RARECAT=digit
#
# Time	HHGG	Event
35411	42	STIM=i
50311	42	RESP=1
51222	42	STIM=y
55025	42	RESP=2
66818	42	STIM=p
70855	42	RESP=1
83302	42	STIM=y
86223	42	RESP=2
101083	42	STIM=p
107884	42	RESP=1
117702	42	STIM=a
124466	42	RESP=1
134746	42	STIM=4
143161	42	RESP=2
150990	42	STIM=a
160696	42	RESP=1
167238	42	STIM=b
174925	42	RESP=1
184014	42	STIM=f
189683	42	RESP=1
202340	42	STIM=c
207431	42	RESP=1
218848	42	STIM=4
224371	42	RESP=1
236760	42	STIM=b
242225	42	RESP=1
253364	42	STIM=c
258781	42	RESP=1
271786	42	STIM=t
279792	42	RESP=2
289119	42	STIM=w
292350	42	RESP=1
305285	42	STIM=2
314591	42	RESP=2
321852	42	STIM=t
329417	42	RESP=1
339750	42	STIM=0
345850	42	RESP=2
357974	42	STIM=e
366313	42	RESP=1
375551	42	STIM=w
379614	42	RESP=2
392726	42	STIM=d
396452	42	RESP=1
408453	42	STIM=e
414840	42	RESP=1
426280	42	STIM=b
433709	42	RESP=1
443677	42	STIM=q
453266	42	RESP=1
459441	42	STIM=v
465379	42	RESP=1
477371	42	STIM=x
484874	42	RESP=1
495150	42	STIM=9
502431	42	RESP=2
512462	42	STIM=i
516425	42	RESP=1
530113	42	STIM=c
536133	42	RESP=1
548164	42	STIM=i
552744	42	RESP=1
563192	42	STIM=m
573116	42	RESP=1
581259	42	STIM=2
589196	42	RESP=2
598977	42	STIM=f
607407	42	RESP=1
614953	42	STIM=n
619364	42	RESP=2
630193	42	STIM=g
635630	42	RESP=1
645263	42	STIM=k
651833	42	RESP=1
662155	42	STIM=7
667634	42	RESP=1
677835	42	STIM=s
682872	42	RESP=1
695188	42	STIM=a
699910	42	RESP=1
713788	42	STIM=5
720982	42	RESP=2
732556	42	STIM=b
739408	42	RESP=1
751293	42	STIM=c
758307	42	RESP=1
767028	42	STIM=j
771205	42	RESP=1
783711	42	STIM=k
791499	42	RESP=1
802065	42	STIM=t
808007	42	RESP=1
817126	42	STIM=f
820030	42	RESP=2
832371	42	STIM=h
835647	42	RESP=1
848588	42	STIM=o
856205	42	RESP=1
864868	42	STIM=s
874586	42	RESP=1
881091	42	STIM=4
890061	42	RESP=2
896557	42	STIM=a
901387	42	RESP=1
911958	42	STIM=i
918043	42	RESP=1
928499	42	STIM=z
934038	42	RESP=1
943840	42	STIM=c
950373	42	RESP=1
962776	42	STIM=t
967524	42	RESP=1
980997	42	STIM=h
988092	42	RESP=1
996235	42	STIM=n
1002798	42	RESP=1
1011980	42	STIM=w
1022283	42	RESP=1
1030431	42	STIM=u
1037842	42	RESP=1
1046905	42	STIM=c
1052251	42	RESP=1
1063740	42	STIM=y
1071738	42	RESP=1
1082216	42	STIM=a
1086185	42	RESP=1
1100070	42	STIM=l
1105363	42	RESP=1
1115566	42	STIM=o
1119652	42	RESP=1
1131220	42	STIM=s
1136842	42	RESP=1
1149281	42	STIM=2
1156979	42	RESP=2
1166277	42	STIM=h
1169527	42	RESP=1
1184723	42	STIM=t
1189016	42	RESP=1
1199884	42	STIM=o
1205339	42	RESP=1
1216548	42	STIM=x
1224707	42	RESP=1
1233502	42	STIM=0
1238302	42	RESP=2
1250314	42	STIM=s
1253626	42	RESP=1
1267107	42	STIM=g
1270309	42	RESP=1
1284656	42	STIM=h
1288594	42	RESP=1
1303384	42	STIM=j
1307578	42	RESP=2
1322042	42	STIM=t
1325439	42	RESP=1
1339997	42	STIM=7
1345448	42	RESP=2
1356396	42	STIM=s
1360938	42	RESP=1
1372672	42	STIM=u
1378778	42	RESP=1
1388039	42	STIM=r
1391622	42	RESP=2
1407027	42	STIM=v
1412542	42	RESP=1
1422890	42	STIM=l
1429161	42	RESP=1
1441664	42	STIM=0
1450864	42	RESP=2
1457132	42	STIM=z
1464125	42	RESP=1
1474142	42	STIM=7
1480002	42	RESP=1
1491354	42	STIM=j
1497078	42	RESP=1
1507170	42	STIM=j
1511437	42	RESP=1
1525781	42	STIM=u
1533948	42	RESP=2
1542370	42	STIM=p
1548959	42	RESP=1
1559122	42	STIM=7
1564752	42	RESP=2
1574913	42	STIM=x
1579170	42	RESP=1
1592683	42	STIM=c
1597203	42	RESP=2
1610944	42	STIM=b
1615203	42	RESP=1
1626694	42	STIM=l
1633382	42	RESP=1
1644673	42	STIM=e
1649109	42	RESP=1
1663412	42	STIM=c
1670112	42	RESP=1
1680482	42	STIM=o
1684529	42	RESP=1
1698607	42	STIM=y
1702259	42	RESP=1
1714312	42	STIM=r
1720659	42	RESP=1
1732697	42	STIM=r
1737901	42	RESP=1
1750425	42	STIM=8
1759455	42	RESP=1
1769084	42	STIM=h
1774793	42	RESP=1
1785283	42	STIM=s
1791251	42	RESP=1
1803851	42	STIM=s
1810151	42	RESP=1
1821280	42	STIM=y
1824919	42	RESP=1
1839950	42	STIM=k
1843864	42	RESP=1
1858899	42	STIM=u
1865062	42	RESP=1
1876854	42	STIM=q
1881782	42	RESP=1
1895745	42	STIM=9
1904720	42	RESP=2
1910868	42	STIM=x
1914907	42	RESP=1
1926798	42	STIM=k
1930237	42	RESP=1
1942138	42	STIM=k
1946435	42	RESP=1
1960832	42	STIM=p
1970271	42	RESP=2
1976589	42	STIM=w
1984271	42	RESP=1
1993972	42	STIM=q
1997751	42	RESP=1
2011499	42	STIM=y
2018968	42	RESP=1
2026657	42	STIM=c
2031001	42	RESP=1
2044646	42	STIM=t
2050759	42	RESP=1
2060393	42	STIM=0
2067565	42	RESP=2
2078039	42	STIM=v
2082364	42	RESP=1
2096518	42	STIM=k
2103936	42	RESP=1
2113920	42	STIM=c
2122127	42	RESP=1
2132408	42	STIM=z
2135371	42	RESP=1
2150106	42	STIM=1
2155738	42	RESP=2
2167731	42	STIM=r
2174755	42	RESP=1
2185868	42	STIM=l
2191731	42	RESP=1
2202679	42	STIM=g
2207225	42	RESP=1
2221530	42	STIM=z
2226155	42	RESP=1
2237343	42	STIM=k
2240988	42	RESP=1
2253802	42	STIM=6
2262327	42	RESP=2
2271164	42	STIM=l
2277161	42	RESP=1
2286683	42	STIM=n
2295958	42	RESP=1
2305524	42	STIM=t
2310421	42	RESP=1
2322080	42	STIM=b
2326381	42	RESP=1
2338185	42	STIM=0
2345013	42	RESP=2
2354668	42	STIM=g
2359308	42	RESP=1
2373569	42	STIM=w
2379978	42	RESP=1
2388759	42	STIM=t
2393621	42	RESP=1
2404170	42	STIM=w
2408562	42	RESP=1
2419263	42	STIM=f
2423837	42	RESP=1
2435648	42	STIM=b
2441361	42	RESP=1
2451574	42	STIM=p
2463602	42	RESP=1
2468378	42	STIM=u
2472627	42	RESP=1
2486978	42	STIM=f
2492135	42	RESP=1
2502275	42	STIM=q
2505181	42	RESP=1
2518591	42	STIM=1
2527293	42	RESP=2
2533845	42	STIM=6
2540757	42	RESP=2
2552458	42	STIM=l
2559318	42	RESP=1
2568121	42	STIM=h
2572479	42	RESP=1
2585232	42	STIM=0
2593209	42	RESP=2
2604183	42	STIM=h
2612134	42	RESP=1
2620993	42	STIM=l
2626476	42	RESP=1
2639567	42	STIM=3
2645064	42	RESP=2
2657141	42	STIM=a
2663782	42	RESP=1
2675508	42	STIM=b
2680981	42	RESP=1
2692881	42	STIM=l
2696368	42	RESP=1
2711380	42	STIM=v
2718907	42	RESP=1
2728557	42	STIM=l
2733690	42	RESP=1
2747191	42	STIM=6
2751517	42	RESP=2
2762413	42	STIM=w
2769742	42	RESP=1
2778534	42	STIM=q
2786901	42	RESP=1
2794076	42	STIM=m
2799037	42	RESP=1
2809537	42	STIM=h
2819965	42	RESP=1
2828355	42	STIM=7
2833356	42	RESP=2
2846548	42	STIM=l
2850668	42	RESP=1
2863951	42	STIM=h
2867369	42	RESP=1
2880929	42	STIM=v
2884645	42	RESP=1
2899250	42	STIM=x
2902517	42	RESP=1
2915147	42	STIM=z
2920950	42	RESP=1
2930517	42	STIM=u
2936649	42	RESP=2
2949063	42	STIM=l
2954460	42	RESP=1
2964880	42	STIM=c
2971527	42	RESP=1
2979894	42	STIM=y
2989398	42	RESP=1
2997227	42	STIM=k
3002569	42	RESP=1
3013209	42	STIM=b
3021870	42	RESP=1
3031850	42	STIM=q
3039226	42	RESP=1
3048972	42	STIM=r
3060275	42	RESP=1
3064059	42	STIM=7
3072875	42	RESP=2
3079817	42	STIM=0
3086386	42	RESP=2
3095661	42	STIM=g
3104115	42	RESP=1
3113349	42	STIM=j
3119364	42	RESP=1
3128903	42	STIM=g
3132537	42	RESP=1
3146966	42	STIM=n
3156098	42	RESP=1
3163113	42	STIM=y
3171559	42	RESP=1
3178961	42	STIM=3
3183793	42	RESP=1
3194225	42	STIM=u
3197151	42	RESP=1
3210895	42	STIM=5
3216219	42	RESP=2
3227495	42	STIM=u
3233489	42	RESP=1
3242883	42	STIM=5
3248159	42	RESP=2
3260082	42	STIM=1
3265234	42	RESP=2
3277790	42	STIM=d
3281270	42	RESP=1
3296145	42	STIM=w
3307825	42	RESP=1
3312099	42	STIM=g
3317391	42	RESP=1
3329255	42	STIM=9
3334343	42	RESP=2
3346055	42	STIM=s
3350146	42	RESP=1
3362748	42	STIM=s
3367917	42	RESP=1
3379465	42	STIM=d
3383709	42	RESP=1
3395380	42	STIM=t
3400145	42	RESP=1
3413991	42	STIM=v
3418270	42	RESP=1
3431333	42	STIM=7
3438960	42	RESP=1
3449450	42	STIM=j
3452127	42	RESP=1
3467594	42	STIM=t
3473971	42	RESP=1
3483152	42	STIM=d
3486645	42	RESP=1
3501675	42	STIM=w
3508746	42	RESP=1
3518031	42	STIM=5
3525457	42	RESP=2
3534980	42	STIM=7
3540970	42	RESP=2
3550322	42	STIM=e
3554320	42	RESP=1
3567820	42	STIM=r
3572120	42	RESP=1
3582895	42	STIM=7
3589159	42	RESP=2
3598049	42	STIM=g
3603011	42	RESP=1
3613167	42	STIM=x
3621644	42	RESP=1
3630147	42	STIM=a
3636958	42	RESP=1
3649095	42	STIM=d
3654683	42	RESP=2
3667801	42	STIM=o
3674521	42	RESP=1
3683312	42	STIM=t
3692334	42	RESP=2
3702019	42	STIM=z
3708853	42	RESP=1
3717788	42	STIM=u
3722820	42	RESP=1
3733560	42	STIM=r
3741347	42	RESP=1
3750410	42	STIM=e
3761699	42	RESP=1
3768581	42	STIM=x
3772465	42	RESP=1
3786444	42	STIM=e
3790447	42	RESP=1
3803415	42	STIM=y
3807904	42	RESP=1
3818904	42	STIM=j
3827528	42	RESP=1
3835056	42	STIM=b
3842619	42	RESP=1
3850891	42	STIM=m
3858866	42	RESP=1
3867010	42	STIM=j
3873754	42	RESP=1
3883763	42	STIM=m
3889607	42	RESP=1
3901678	42	STIM=c
3911117	42	RESP=1
3919244	42	STIM=p
3923864	42	RESP=1
3936999	42	STIM=g
3941515	42	RESP=1
3955546	42	STIM=z
3958984	42	RESP=1
3971938	42	STIM=x
3978743	42	RESP=1
3987507	42	STIM=6
3997486	42	RESP=2
4003447	42	STIM=t
4015177	42	RESP=1
4021771	42	STIM=x
4033221	42	RESP=1
4039106	42	STIM=g
4043282	42	RESP=2
4055804	42	STIM=n
4063698	42	RESP=1
4074288	42	STIM=7
4078573	42	RESP=1
4089391	42	STIM=t
4094841	42	RESP=1
4105319	42	STIM=3
4111776	42	RESP=2
4121449	42	STIM=4
4126336	42	RESP=2
4140280	42	STIM=0
4149751	42	RESP=1
4156381	42	STIM=0
4161663	42	RESP=2
4174781	42	STIM=e
4181365	42	RESP=1
4193304	42	STIM=m
4203047	42	RESP=1
4211604	42	STIM=b
4214969	42	RESP=2
4228443	42	STIM=f
4235598	42	RESP=1
4246500	42	STIM=3
4255678	42	RESP=2
4264151	42	STIM=x
4272649	42	RESP=1
4279212	42	STIM=m
4286241	42	RESP=1
4294654	42	STIM=7
4301624	42	RESP=2
4310794	42	STIM=y
4319472	42	RESP=1
4327222	42	STIM=p
4333786	42	RESP=1
4342757	42	STIM=i
4346990	42	RESP=1
4360005	42	STIM=y
4366851	42	RESP=1
4375324	42	STIM=e
4381998	42	RESP=1
4393746	42	STIM=q
4399361	42	RESP=1
4409118	42	STIM=e
4413323	42	RESP=1
4427546	42	STIM=i
4434127	42	RESP=1
4443960	42	STIM=a
4449228	42	RESP=1
4461970	42	STIM=u
4467052	42	RESP=1
4480429	42	STIM=z
4483930	42	RESP=1
4498228	42	STIM=f
4501023	42	RESP=1
4515032	42	STIM=q
4522723	42	RESP=1
4532447	42	STIM=y
4535341	42	RESP=1
4549947	42	STIM=p
4554927	42	RESP=1
4567024	42	STIM=k
4574901	42	RESP=1
4584564	42	STIM=m
4589482	42	RESP=1
4600324	42	STIM=1
4606087	42	RESP=2
4617054	42	STIM=5
4625130	42	RESP=2
4634539	42	STIM=2
4639588	42	RESP=2
4651737	42	STIM=s
4658247	42	RESP=1
4670736	42	STIM=n
4675835	42	RESP=2
4688742	42	STIM=u
4694797	42	RESP=1
4705695	42	STIM=j
4709150	42	RESP=1
4723451	42	STIM=s
4729746	42	RESP=1
4740067	42	STIM=6
4755922	42	RESP=2
4756022	42	STIM=t
4762984	42	RESP=1
4771448	42	STIM=f
4783944	42	RESP=1
4790149	42	STIM=0
4796518	42	RESP=2
4805244	42	STIM=x
4813331	42	RESP=1
4821035	42	STIM=a
4824316	42	RESP=1
4837084	42	STIM=i
4843210	42	RESP=1
4852526	42	STIM=d
4856459	42	RESP=1
4870259	42	STIM=4
4877651	42	RESP=2
4886255	42	STIM=v
4895068	42	RESP=1
4903745	42	STIM=t
4907631	42	RESP=1
4922398	42	STIM=u
4928750	42	RESP=1
4940721	42	STIM=r
4947821	42	RESP=1
4956467	42	STIM=n
4965250	42	RESP=1
4974240	42	STIM=s
4981852	42	RESP=1
4991485	42	STIM=q
4997231	42	RESP=1
5008893	42	STIM=o
5016582	42	RESP=1
5027247	42	STIM=9
5033971	42	RESP=2
5043915	42	STIM=s
5052126	42	RESP=1
5060964	42	STIM=u
5065926	42	RESP=1
5079399	42	STIM=u
5083977	42	RESP=1
5098131	42	STIM=u
5103600	42	RESP=1
5116469	42	STIM=7
5128169	42	RESP=2
5131784	42	STIM=k
5137704	42	RESP=1
5149194	42	STIM=a
5158662	42	RESP=1
5167636	42	STIM=j
5173622	42	RESP=1
5185614	42	STIM=o
5190093	42	RESP=1
5200775	42	STIM=u
5207963	42	RESP=2
5216193	42	STIM=k
5221328	42	RESP=1
5232881	42	STIM=h
5237947	42	RESP=1
5250980	42	STIM=b
5254975	42	RESP=1
5266189	42	STIM=a
5268964	42	RESP=2
5282536	42	STIM=f
5286671	42	RESP=1
5297937	42	STIM=d
5302684	42	RESP=1
5313983	42	STIM=v
5320338	42	RESP=1
5331629	42	STIM=0
5339237	42	RESP=2
5347352	42	STIM=9
5354604	42	RESP=2
5365626	42	STIM=n
5372179	42	RESP=1
5383885	42	STIM=l
5389907	42	RESP=1
5399206	42	STIM=w
5408546	42	RESP=1
5417082	42	STIM=h
5421675	42	RESP=1
5435894	42	STIM=1
5445704	42	RESP=2
5454245	42	STIM=9
5461234	42	RESP=2
5470114	42	STIM=9
5477120	42	RESP=2
5485710	42	STIM=y
5492369	42	RESP=1
5503730	42	STIM=h
5509243	42	RESP=1
5520715	42	STIM=e
5528395	42	RESP=1
5538403	42	STIM=l
5543783	42	RESP=1
5554475	42	STIM=s
5561998	42	RESP=1
5572169	42	STIM=m
5575601	42	RESP=1
5590149	42	STIM=y
5595998	42	RESP=1
5605771	42	STIM=a
5611169	42	RESP=1
5623471	42	STIM=8
5630309	42	RESP=2
5642283	42	STIM=4
5648978	42	RESP=2
5658821	42	STIM=4
5669969	42	RESP=2
5677803	42	STIM=s
5683094	42	RESP=1
5693337	42	STIM=t
5699096	42	RESP=1
5709679	42	STIM=g
5713795	42	RESP=1
5727653	42	STIM=5
5733650	42	RESP=2
5746575	42	STIM=4
5753600	42	RESP=1
5762874	42	STIM=x
5767047	42	RESP=1
5780103	42	STIM=l
5784418	42	RESP=1
5798141	42	STIM=j
5805073	42	RESP=1
5816749	42	STIM=p
5824628	42	RESP=1
5834841	42	STIM=w
5841337	42	RESP=1
5852555	42	STIM=6
5857668	42	RESP=2
5869109	42	STIM=v
5881531	42	RESP=1
5886308	42	STIM=w
5890100	42	RESP=2
5902013	42	STIM=8
5910029	42	RESP=2
5919776	42	STIM=z
5926107	42	RESP=1
5936088	42	STIM=w
5942705	42	RESP=1
5954456	42	STIM=p
5961271	42	RESP=1
5969805	42	STIM=c
5979179	42	RESP=1
5986219	42	STIM=m
5990805	42	RESP=1
6002204	42	STIM=g
6008703	42	RESP=1
6018349	42	STIM=k
6022679	42	RESP=1
6037244	42	STIM=w
6040981	42	RESP=1
6055921	42	STIM=y
6062796	42	RESP=1
6073295	42	STIM=x
6077811	42	RESP=1
6088815	42	STIM=u
6097846	42	RESP=1
6107738	42	STIM=2
6116242	42	RESP=2
6122917	42	STIM=b
6130376	42	RESP=1
6138166	42	STIM=8
6143882	42	RESP=2
6155008	42	STIM=9
6159838	42	RESP=2
6173038	42	STIM=2
6178573	42	RESP=2
6190966	42	STIM=a
6199532	42	RESP=1
6207100	42	STIM=o
6210336	42	RESP=1
6225072	42	STIM=a
6233292	42	RESP=1
6243095	42	STIM=0
6251356	42	RESP=2
6258704	42	STIM=b
6263356	42	RESP=1
6274041	42	STIM=n
6278077	42	RESP=1
6290388	42	STIM=t
6297387	42	RESP=1
6308701	42	STIM=l
6313974	42	RESP=1
6323874	42	STIM=3
6330285	42	RESP=2
6341485	42	STIM=s
6344657	42	RESP=1
6357583	42	STIM=l
6362601	42	RESP=1
6375638	42	STIM=9
6380250	42	RESP=1
6390662	42	STIM=w
6397587	42	RESP=1
6406800	42	STIM=6
6413695	42	RESP=1
6422754	42	STIM=c
6427052	42	RESP=1
6439624	42	STIM=j
6447269	42	RESP=1
6458160	42	STIM=w
6462983	42	RESP=1
6474268	42	STIM=n
6480914	42	RESP=1
6491590	42	STIM=q
6494777	42	RESP=1
6507037	42	STIM=v
6511687	42	RESP=1
6522534	42	STIM=p
6528583	42	RESP=1
6537590	42	STIM=s
6544193	42	RESP=1
6554936	42	STIM=k
6559031	42	RESP=1
6570131	42	STIM=4
6574529	42	RESP=2
6587214	42	STIM=x
6593184	42	RESP=1
6602794	42	STIM=7
6612006	42	RESP=2
6618895	42	STIM=3
6623368	42	RESP=1
6636717	42	STIM=j
6641829	42	RESP=1
6653577	42	STIM=i
6657756	42	RESP=1
6668840	42	STIM=z
6673963	42	RESP=1
6687583	42	STIM=d
6691897	42	RESP=1
6703653	42	STIM=s
6707289	42	RESP=1
6721891	42	STIM=4
6727021	42	RESP=1
6737293	42	STIM=6
6749119	42	RESP=2
6752359	42	STIM=g
6757368	42	RESP=1
6770799	42	STIM=x
6776341	42	RESP=1
6789700	42	STIM=z
6795280	42	RESP=1
6806216	42	STIM=o
6809923	42	RESP=1
6824989	42	STIM=2
6836180	42	RESP=2
6843481	42	STIM=y
6849509	42	RESP=1
6859624	42	STIM=z
6868614	42	RESP=1
6876269	42	STIM=8
6886242	42	RESP=2
6893728	42	STIM=9
6899087	42	RESP=2
6909183	42	STIM=t
6914038	42	RESP=1
6927928	42	STIM=d
6938198	42	RESP=1
6943073	42	STIM=c
6947948	42	RESP=1
6959710	42	STIM=v
6966707	42	RESP=1
6975037	42	STIM=j
6980138	42	RESP=1
6993087	42	STIM=k
6999966	42	RESP=1
7009223	42	STIM=h
7015374	42	RESP=1
7025557	42	STIM=5
7030041	42	RESP=2
7043772	42	STIM=o
7053022	42	RESP=1
7060882	42	STIM=6
7069477	42	RESP=2
7079819	42	STIM=7
7083678	42	RESP=2
7096154	42	STIM=f
7099692	42	RESP=2
7114070	42	STIM=v
7121756	42	RESP=1
7129457	42	STIM=o
7135116	42	RESP=1
7145237	42	STIM=s
7155108	42	RESP=1
7161911	42	STIM=k
7167831	42	RESP=2
7179891	42	STIM=d
7182954	42	RESP=1
7196817	42	STIM=a
7206659	42	RESP=1
7213784	42	STIM=0
7218022	42	RESP=2
7229024	42	STIM=w
7235596	42	RESP=1
7246693	42	STIM=p
7253263	42	RESP=1
7264303	42	STIM=l
7270204	42	RESP=1
7282696	42	STIM=x
7285278	42	RESP=1
7300623	42	STIM=j
7305907	42	RESP=1
7315812	42	STIM=4
7323452	42	RESP=1
7331201	42	STIM=t
7337786	42	RESP=1
7348614	42	STIM=u
7354670	42	RESP=1
7366966	42	STIM=r
7369652	42	RESP=1
7382228	42	STIM=w
7386942	42	RESP=1
7399440	42	STIM=b
7403214	42	RESP=1
7417052	42	STIM=2
7422089	42	RESP=2
7432678	42	STIM=a
7436878	42	RESP=1
7451520	42	STIM=d
7458442	42	RESP=1
7467116	42	STIM=k
7471631	42	RESP=2
7484426	42	STIM=1
7491825	42	RESP=2
7500161	42	STIM=o
7508461	42	RESP=1
7516974	42	STIM=q
7529701	42	RESP=1
7533157	42	STIM=j
7539171	42	RESP=1
7548343	42	STIM=8
7553571	42	RESP=2
7564916	42	STIM=4
7569743	42	RESP=2
7582468	42	STIM=k
7586724	42	RESP=1
7601279	42	STIM=s
7605332	42	RESP=1
7620011	42	STIM=6
7623986	42	RESP=2
7637659	42	STIM=n
7642553	42	RESP=1
7652762	42	STIM=h
7656112	42	RESP=1
7669150	42	STIM=7
7675623	42	RESP=2
7687693	42	STIM=d
7693375	42	RESP=1
7703335	42	STIM=x
7711924	42	RESP=1
7721739	42	STIM=e
7729853	42	RESP=2
7739239	42	STIM=r
7746732	42	RESP=1
7755718	42	STIM=t
7759743	42	RESP=1
7771203	42	STIM=c
7774731	42	RESP=1
7789943	42	STIM=5
7795996	42	RESP=1
7806340	42	STIM=k
7810395	42	RESP=2
7823885	42	STIM=a
7827823	42	RESP=1
7839741	42	STIM=h
7843949	42	RESP=1
7856871	42	STIM=9
7865111	42	RESP=1
7872666	42	STIM=2
7879520	42	RESP=2
7891053	42	STIM=z
7895042	42	RESP=1
7907278	42	STIM=q
7919076	42	RESP=1
7923622	42	STIM=w
7929696	42	RESP=1
7940669	42	STIM=5
7945269	42	RESP=2
7957318	42	STIM=g
7962750	42	RESP=1
7974347	42	STIM=z
7984441	42	RESP=1
7989455	42	STIM=w
7993598	42	RESP=1
8005786	42	STIM=r
8012042	42	RESP=1
8023944	42	STIM=n
8029073	42	RESP=1
8042323	42	STIM=y
8045736	42	RESP=1
8059486	42	STIM=c
8062938	42	RESP=1
8076397	42	STIM=g
8084269	42	RESP=1
8094586	42	STIM=h
8098779	42	RESP=1
8111790	42	STIM=w
8115866	42	RESP=1
8128713	42	STIM=e
8133642	42	RESP=1
8145602	42	STIM=x
8153849	42	RESP=1
8162346	42	STIM=r
8165567	42	RESP=1
8178854	42	STIM=p
8183985	42	RESP=1
8197023	42	STIM=v
8204095	42	RESP=1
8213543	42	STIM=l
8221476	42	RESP=1
8229354	42	STIM=6
8236845	42	RESP=2
8244934	42	STIM=l
8249792	42	RESP=1
8260586	42	STIM=d
8265416	42	RESP=1
8278679	42	STIM=z
8283641	42	RESP=1
8294824	42	STIM=y
8301399	42	RESP=1
8313287	42	STIM=f
8318129	42	RESP=1
8332192	42	STIM=y
8336054	42	RESP=1
8347898	42	STIM=g
8362774	42	RESP=1
8364451	42	STIM=j
8369935	42	RESP=1
8383321	42	STIM=e
8389127	42	RESP=1
8401147	42	STIM=p
8410100	42	RESP=1
8419102	42	STIM=g
8432608	42	RESP=1
8437876	42	STIM=t
8442222	42	RESP=1
8455563	42	STIM=r
8462102	42	RESP=1
8473866	42	STIM=d
8479630	42	RESP=2
8491609	42	STIM=i
8498195	42	RESP=1
8510353	42	STIM=a
8514633	42	RESP=1
8528799	42	STIM=k
8536398	42	RESP=1
8546687	42	STIM=7
8552674	42	RESP=2
8563030	42	STIM=i
8571729	42	RESP=1
8581554	42	STIM=m
8585943	42	RESP=1
8599258	42	STIM=a
8603798	42	RESP=1
8616105	42	STIM=p
8623402	42	RESP=2
8633445	42	STIM=i
8641772	42	RESP=1
8651785	42	STIM=j
8657477	42	RESP=2
8668170	42	STIM=p
8677134	42	RESP=1
8684989	42	STIM=0
8694434	42	RESP=1
8700656	42	STIM=5
8707690	42	RESP=1
8717860	42	STIM=y
8721023	42	RESP=1
8733295	42	STIM=n
8740312	42	RESP=1
8751380	42	STIM=g
8755401	42	RESP=1
8770022	42	STIM=9
8777554	42	RESP=1
8787017	42	STIM=e
8791152	42	RESP=2
8803391	42	STIM=7
8810622	42	RESP=2
8819020	42	STIM=h
8824054	42	RESP=1
8836640	42	STIM=a
8845764	42	RESP=1
8852927	42	STIM=i
8860168	42	RESP=1
8869502	42	STIM=s
8875177	42	RESP=1
8884749	42	STIM=2
8889063	42	RESP=1
8903225	42	STIM=1
8909142	42	RESP=2
8919811	42	STIM=v
8926172	42	RESP=1
8938130	42	STIM=e
8940694	42	RESP=1
8955826	42	STIM=h
8959938	42	RESP=1
8973858	42	STIM=l
8981267	42	RESP=1
8991500	42	STIM=e
8994801	42	RESP=1
9008325	42	STIM=c
9014811	42	RESP=1
9025309	42	STIM=v
9029209	42	RESP=1
9043060	42	STIM=0
9047846	42	RESP=2
9058121	42	STIM=1
9064784	42	RESP=2
9074536	42	STIM=d
9080193	42	RESP=1
9091275	42	STIM=i
9094053	42	RESP=1
9107726	42	STIM=f
9115648	42	RESP=1
9123221	42	STIM=1
9131648	42	RESP=2
9138877	42	STIM=m
9144474	42	RESP=1
9156341	42	STIM=m
9159128	42	RESP=1
9171383	42	STIM=o
9178592	42	RESP=1
9186412	42	STIM=m
9191874	42	RESP=1
9204382	42	STIM=d
9208225	42	RESP=1
9220767	42	STIM=y
9226850	42	RESP=1
9239072	42	STIM=s
9246409	42	RESP=1
9255718	42	STIM=f
9262108	42	RESP=2
9273255	42	STIM=g
9276698	42	RESP=1
9288677	42	STIM=n
9297320	42	RESP=1
9306289	42	STIM=x
9313001	42	RESP=1
9323389	42	STIM=n
9325944	42	RESP=1
9340442	42	STIM=i
9348903	42	RESP=1
9358534	42	STIM=v
9362140	42	RESP=1
9374005	42	STIM=6
9379417	42	RESP=2
9392539	42	STIM=n
9401041	42	RESP=1
9409144	42	STIM=s
9412809	42	RESP=1
9426889	42	STIM=p
9441816	42	RESP=1
9443349	42	STIM=b
9446005	42	RESP=1
9460951	42	STIM=w
9470071	42	RESP=1
9476847	42	STIM=f
9480472	42	RESP=1
9495829	42	STIM=f
9500352	42	RESP=1
9512068	42	STIM=x
9517777	42	RESP=1
9529883	42	STIM=7
9536537	42	RESP=2
9548023	42	STIM=d
9558087	42	RESP=1
9564259	42	STIM=1
9573602	42	RESP=2
9582139	42	STIM=1
9587252	42	RESP=2
9600946	42	STIM=t
9603711	42	RESP=1
9619622	42	STIM=s
9625270	42	RESP=1
9634778	42	STIM=4
9638839	42	RESP=2
9650485	42	STIM=9
9655646	42	RESP=2
9667527	42	STIM=i
9675205	42	RESP=1
9685053	42	STIM=y
9688940	42	RESP=1
9700650	42	STIM=h
9705241	42	RESP=1
9715874	42	STIM=1
9719850	42	RESP=2
9734078	42	STIM=w
9746084	42	RESP=1
9751295	42	STIM=v
9757582	42	RESP=1
9766660	42	STIM=4
9775639	42	RESP=2
9785249	42	STIM=a
9791038	42	RESP=1
9802699	42	STIM=3
9812745	42	RESP=2
9818808	42	STIM=o
9822627	42	RESP=1
9834156	42	STIM=q
9837918	42	RESP=1
9850732	42	STIM=e
9856178	42	RESP=1
9867488	42	STIM=g
9873487	42	RESP=1
9884725	42	STIM=1
9893127	42	RESP=2
9902182	42	STIM=s
9905798	42	RESP=1
9918895	42	STIM=v
9921780	42	RESP=1
9934081	42	STIM=j
9942836	42	RESP=1
9949419	42	STIM=x
9954587	42	RESP=1
9967025	42	STIM=d
9972686	42	RESP=1
9983557	42	STIM=t
9989473	42	RESP=1
9999501	42	STIM=w
10003658	42	RESP=1
10016184	42	STIM=x
10018976	42	RESP=1
10034439	42	STIM=j
10038570	42	RESP=1
10052600	42	STIM=e
10058440	42	RESP=1
10069761	42	STIM=q
10073709	42	RESP=1
10085365	42	STIM=w
10089411	42	RESP=1
10104093	42	STIM=i
10109125	42	RESP=1
10122048	42	STIM=b
10127196	42	RESP=1
10139894	42	STIM=8
10149106	42	RESP=1
10155441	42	STIM=n
10159255	42	RESP=1
10170797	42	STIM=5
10176711	42	RESP=2
10189791	42	STIM=p
10195270	42	RESP=1
10207793	42	STIM=b
10211399	42	RESP=1
10224168	42	STIM=m
10228261	42	RESP=1
10240405	42	STIM=t
10243577	42	RESP=1
10256144	42	STIM=f
10260630	42	RESP=1
10273685	42	STIM=1
10283173	42	RESP=2
10290115	42	STIM=a
10297115	42	RESP=1
10307452	42	STIM=l
10315218	42	RESP=1
10326430	42	STIM=m
10333046	42	RESP=1
10343860	42	STIM=d
10348164	42	RESP=1
10360481	42	STIM=0
10366247	42	RESP=2
10378741	42	STIM=h
10386226	42	RESP=1
10396337	42	STIM=q
10400746	42	RESP=1
10415203	42	STIM=h
10422741	42	RESP=2
10433379	42	STIM=a
10437886	42	RESP=1
10451995	42	STIM=6
10460211	42	RESP=2
10470006	42	STIM=j
10475074	42	RESP=1
10487577	42	STIM=a
10492677	42	RESP=1
10502678	42	STIM=0
10507902	42	RESP=2
10520065	42	STIM=5
10530518	42	RESP=2
10537185	42	STIM=b
10540710	42	RESP=1
10552972	42	STIM=s
10556081	42	RESP=1
10568662	42	STIM=5
10575543	42	RESP=2
10586232	42	STIM=g
10591835	42	RESP=1
10604252	42	STIM=8
10615805	42	RESP=2
10621734	42	STIM=s
10626619	42	RESP=1
10639793	42	STIM=0
10644679	42	RESP=2
10658393	42	STIM=s
10662358	42	RESP=1
10677004	42	STIM=9
10683922	42	RESP=2
10693356	42	STIM=l
10697526	42	RESP=1
10710659	42	STIM=t
10716388	42	RESP=1
10728666	42	STIM=3
10733103	42	RESP=2
10744260	42	STIM=a
10752586	42	RESP=1
10763147	42	STIM=p
10766807	42	RESP=1
10781837	42	STIM=b
10787873	42	RESP=1
10798456	42	STIM=b
10804650	42	RESP=1
10816890	42	STIM=0
10828569	42	RESP=1
10834762	42	STIM=k
10839161	42	RESP=1
10852046	42	STIM=9
10860516	42	RESP=2
10870493	42	STIM=n
10879821	42	RESP=1
10886381	42	STIM=a
10892429	42	RESP=1
10904830	42	STIM=4
10909782	42	RESP=2
10923358	42	STIM=p
10928498	42	RESP=1
10940774	42	STIM=n
10948202	42	RESP=1
10958009	42	STIM=r
10960798	42	RESP=1
10973807	42	STIM=4
10979020	42	RESP=2
10990391	42	STIM=d
10996475	42	RESP=1
11007287	42	STIM=k
11010794	42	RESP=1
11024805	42	STIM=4
11030582	42	RESP=2
11042879	42	STIM=4
11049032	42	RESP=1
11058865	42	STIM=1
11064234	42	RESP=2
11077172	42	STIM=u
11083033	42	RESP=1
11094324	42	STIM=w
11099179	42	RESP=1
11110422	42	STIM=5
11119358	42	RESP=2
11127913	42	STIM=b
11134928	42	RESP=1
11143630	42	STIM=l
11149765	42	RESP=1
11161690	42	STIM=x
11168523	42	RESP=1
11176756	42	STIM=a
11183587	42	RESP=2
11195242	42	STIM=f
11201296	42	RESP=1
11214152	42	STIM=8
11219341	42	RESP=2
11230047	42	STIM=m
11235346	42	RESP=1
11245706	42	STIM=o
11250573	42	RESP=1
11261980	42	STIM=q
11268449	42	RESP=1
11279288	42	STIM=7
11287893	42	RESP=2
11294455	42	STIM=i
11299981	42	RESP=1
11310370	42	STIM=g
11315511	42	RESP=1
11326368	42	STIM=x
11334569	42	RESP=1
11344622	42	STIM=b
11351436	42	RESP=1
11362897	42	STIM=p
11370869	42	RESP=1
11380339	42	STIM=f
11387552	42	RESP=1
11398287	42	STIM=0
11406017	42	RESP=2
11413441	42	STIM=z
11416202	42	RESP=1
11430055	42	STIM=3
11434077	42	RESP=2
11446510	42	STIM=k
11451254	42	RESP=1
11462521	42	STIM=p
11470965	42	RESP=1
11477751	42	STIM=u
11486194	42	RESP=1
11495428	42	STIM=d
11499700	42	RESP=1
11510472	42	STIM=k
11514492	42	RESP=1
11528263	42	STIM=p
11534096	42	RESP=1
11546181	42	STIM=b
11550551	42	RESP=1
11563225	42	STIM=o
11567803	42	RESP=1
11578710	42	STIM=o
11588849	42	RESP=1
11596915	42	STIM=t
11600100	42	RESP=1
11614671	42	STIM=5
11623240	42	RESP=2
11629734	42	STIM=x
11637098	42	RESP=1
11645250	42	STIM=j
11656605	42	RESP=1
11662114	42	STIM=p
11669018	42	RESP=1
11678391	42	STIM=i
11681920	42	RESP=1
11693556	42	STIM=q
11696669	42	RESP=1
11711981	42	STIM=w
11715133	42	RESP=1
11729463	42	STIM=i
11736710	42	RESP=1
11747570	42	STIM=b
11752328	42	RESP=1
11763277	42	STIM=0
11768206	42	RESP=2
11779164	42	STIM=9
11784403	42	RESP=1
11797174	42	STIM=e
11806077	42	RESP=1
11812826	42	STIM=f
11819881	42	RESP=1
11830740	42	STIM=g
11840038	42	RESP=1
11849470	42	STIM=t
11853087	42	RESP=1
11865819	42	STIM=z
11869359	42	RESP=1
11882150	42	STIM=8
11886810	42	RESP=1
11900064	42	STIM=8
11906145	42	RESP=1
11918470	42	STIM=2
11926325	42	RESP=2
11934208	42	STIM=k
11938213	42	RESP=1
11951733	42	STIM=l
11956842	42	RESP=1
11968903	42	STIM=p
11971838	42	RESP=1
11984062	42	STIM=z
11988374	42	RESP=1
12001448	42	STIM=j
12005243	42	RESP=1
12017227	42	STIM=f
12021299	42	RESP=1
12032468	42	STIM=i
12035474	42	RESP=1
12047856	42	STIM=c
12056787	42	RESP=1
12063917	42	STIM=y
12072296	42	RESP=2
12082227	42	STIM=x
12088244	42	RESP=1
12099968	42	STIM=g
12105078	42	RESP=1
12116609	42	STIM=z
12120606	42	RESP=1
12133369	42	STIM=g
12136385	42	RESP=1
12150863	42	STIM=c
12158851	42	RESP=1
12166690	42	STIM=9
12174853	42	RESP=2
12184895	42	STIM=7
12192042	42	RESP=2
12203447	42	STIM=h
12207699	42	RESP=1
12219689	42	STIM=4
12227473	42	RESP=2
12238256	42	STIM=q
12242094	42	RESP=1
12254349	42	STIM=5
12260187	42	RESP=2
12273330	42	STIM=k
12280309	42	RESP=1
12289480	42	STIM=b
12294308	42	RESP=1
12304986	42	STIM=n
12312248	42	RESP=1
12322067	42	STIM=e
12327483	42	RESP=1
12338739	42	STIM=1
12346065	42	RESP=2
12355562	42	STIM=p
12362260	42	RESP=1
12371372	42	STIM=z
12375600	42	RESP=2
12389578	42	STIM=a
12400173	42	RESP=1
12408473	42	STIM=e
12414385	42	RESP=1
12426904	42	STIM=1
12434916	42	RESP=2
12443586	42	STIM=n
12447576	42	RESP=1
12462105	42	STIM=k
12469767	42	RESP=1
12479564	42	STIM=n
12485723	42	RESP=1
12496101	42	STIM=b
12499476	42	RESP=1
12511730	42	STIM=e
12522054	42	RESP=1
12526891	42	STIM=f
12531200	42	RESP=1
12542509	42	STIM=f
12552141	42	RESP=1
12559453	42	STIM=a
12563147	42	RESP=1
12576668	42	STIM=o
12581754	42	RESP=1
12591981	42	STIM=k
12597558	42	RESP=1
12607121	42	STIM=e
12611884	42	RESP=1
12622300	42	STIM=m
12625942	42	RESP=1
12639192	42	STIM=0
12646165	42	RESP=2
12655420	42	STIM=n
12658677	42	RESP=1
12674341	42	STIM=k
12680351	42	RESP=1
12692867	42	STIM=m
12703445	42	RESP=1
12710535	42	STIM=o
12715500	42	RESP=1
12728939	42	STIM=w
12732942	42	RESP=1
12745521	42	STIM=h
12751233	42	RESP=1
12762294	42	STIM=t
12766271	42	RESP=1
12781042	42	STIM=k
12784769	42	RESP=1
12799291	42	STIM=q
12806021	42	RESP=1
12816009	42	STIM=u
12819823	42	RESP=1
12831769	42	STIM=o
12837835	42	RESP=1
12849537	42	STIM=x
12853988	42	RESP=1
12865920	42	STIM=m
12871157	42	RESP=1
12881062	42	STIM=u
12888471	42	RESP=1
12898717	42	STIM=p
12904289	42	RESP=1
12916283	42	STIM=k
12923225	42	RESP=1
12933618	42	STIM=g
12943422	42	RESP=1
12950613	42	STIM=n
12954482	42	RESP=1
12969217	42	STIM=4
12977511	42	RESP=2
12985826	42	STIM=b
12992124	42	RESP=1
13001000	42	STIM=y
13011985	42	RESP=1
13019667	42	STIM=i
13024205	42	RESP=1
13037869	42	STIM=b
13045131	42	RESP=1
13054292	42	STIM=l
13057518	42	RESP=1
13070964	42	STIM=g
13075120	42	RESP=1
13089488	42	STIM=g
13096743	42	RESP=1
13106858	42	STIM=q
13118795	42	RESP=1
13125684	42	STIM=e
13131561	42	RESP=1
13142434	42	STIM=l
13151250	42	RESP=2
13159782	42	STIM=w
13163905	42	RESP=1
13177666	42	STIM=c
13181767	42	RESP=1
13194530	42	STIM=9
13199964	42	RESP=2
13210334	42	STIM=g
13214188	42	RESP=1
13225838	42	STIM=p
13231035	42	RESP=1
13243177	42	STIM=t
13249058	42	RESP=1
13260374	42	STIM=b
13266523	42	RESP=1
13278423	42	STIM=z
13285649	42	RESP=1
13294029	42	STIM=s
13299230	42	RESP=1
13311349	42	STIM=m
13317463	42	RESP=1
13328753	42	STIM=f
13341057	42	RESP=1
13346263	42	STIM=m
13350153	42	RESP=1
13361453	42	STIM=9
13375210	42	RESP=2
13380347	42	STIM=7
13390538	42	RESP=2
13396275	42	STIM=n
13403138	42	RESP=1
13414634	42	STIM=r
13423869	42	RESP=1
13430322	42	STIM=8
13436054	42	RESP=2
13447186	42	STIM=t
13450510	42	RESP=1
13463580	42	STIM=l
13467221	42	RESP=2
13479808	42	STIM=6
13488024	42	RESP=1
13498392	42	STIM=8
13503473	42	RESP=2
13513626	42	STIM=4
13520691	42	RESP=2
13531583	42	STIM=l
13536801	42	RESP=1
13550046	42	STIM=3
13559731	42	RESP=2
13567148	42	STIM=b
13571793	42	RESP=1
13582459	42	STIM=n
13585927	42	RESP=1
13598174	42	STIM=k
13606919	42	RESP=1
13616247	42	STIM=a
13619523	42	RESP=1
13634829	42	STIM=r
13642941	42	RESP=1
13652721	42	STIM=r
13658852	42	RESP=1
13668265	42	STIM=d
13672156	42	RESP=1
13686670	42	STIM=i
13691313	42	RESP=1
13704617	42	STIM=u
13712522	42	RESP=1
13723014	42	STIM=u
13728101	42	RESP=1
13741980	42	STIM=m
13749309	42	RESP=1
13759342	42	STIM=h
13762947	42	RESP=1
13778272	42	STIM=4
13784112	42	RESP=2
13794310	42	STIM=j
13803716	42	RESP=1
13811890	42	STIM=u
13817955	42	RESP=1
13828116	42	STIM=l
13833271	42	RESP=1
13843274	42	STIM=a
13846165	42	RESP=1
13861063	42	STIM=t
13867589	42	RESP=1
13878757	42	STIM=f
13884113	42	RESP=1
13896050	42	STIM=d
13900391	42	RESP=1
13914304	42	STIM=6
13922169	42	RESP=2
13931514	42	STIM=g
13935321	42	RESP=1
13948960	42	STIM=i
13955096	42	RESP=1
13964880	42	STIM=d
13971772	42	RESP=1
13982652	42	STIM=b
13989909	42	RESP=1
13998469	42	STIM=e
14004513	42	RESP=1
14014269	42	STIM=t
14018134	42	RESP=1
14029415	42	STIM=s
14034368	42	RESP=1
14045372	42	STIM=y
14049254	42	RESP=1
14062193	42	STIM=i
14065553	42	RESP=1
14080061	42	STIM=l
14083849	42	RESP=1
14095069	42	STIM=n
14098865	42	RESP=1
14113858	42	STIM=f
14119323	42	RESP=1
14132320	42	STIM=x
14139100	42	RESP=1
14151304	42	STIM=r
14156944	42	RESP=1
14169979	42	STIM=e
14173619	42	RESP=1
14185346	42	STIM=e
14188943	42	RESP=1
14201969	42	STIM=r
14204458	42	RESP=1
14219827	42	STIM=a
14223546	42	RESP=1
14235005	42	STIM=k
14243422	42	RESP=1
14250924	42	STIM=c
14254940	42	RESP=1
14269005	42	STIM=d
14272190	42	RESP=1
14284691	42	STIM=i
14288271	42	RESP=1
14300034	42	STIM=e
14304026	42	RESP=1
14318245	42	STIM=v
14321780	42	RESP=1
14336237	42	STIM=e
14344816	42	RESP=1
14351265	42	STIM=m
14360170	42	RESP=1
14368516	42	STIM=f
14380329	42	RESP=1
14387310	42	STIM=8
14393482	42	RESP=2
14406203	42	STIM=v
14413115	42	RESP=1
14422159	42	STIM=s
14426199	42	RESP=2
14440368	42	STIM=j
14444064	42	RESP=1
14457569	42	STIM=r
14466612	42	RESP=1
14473793	42	STIM=w
14476618	42	RESP=1
14489153	42	STIM=t
14497328	42	RESP=1
14505141	42	STIM=t
14509151	42	RESP=1
14523628	42	STIM=o
14529050	42	RESP=1
14539417	42	STIM=t
14547967	42	RESP=1
14555726	42	STIM=a
14560633	42	RESP=1
14572325	42	STIM=c
14578216	42	RESP=1
14591069	42	STIM=8
14600287	42	RESP=2
14606253	42	STIM=o
14611832	42	RESP=1
14623199	42	STIM=9
14630907	42	RESP=2
14640630	42	STIM=x
14648030	42	RESP=1
14659329	42	STIM=b
14663042	42	RESP=1
14676943	42	STIM=u
14681458	42	RESP=1
14693244	42	STIM=m
14702571	42	RESP=1
14708510	42	STIM=a
14717692	42	RESP=1
14724023	42	STIM=g
14727319	42	RESP=1
14739156	42	STIM=p
14748519	42	RESP=1
14755955	42	STIM=6
14762263	42	RESP=2
14773688	42	STIM=8
14782150	42	RESP=2
14791883	42	STIM=d
14797910	42	RESP=1
14807616	42	STIM=n
14812053	42	RESP=1
14825277	42	STIM=x
14842707	42	RESP=2
14842826	42	STIM=y
14847564	42	RESP=1
14857908	42	STIM=z
14862596	42	RESP=1
14874108	42	STIM=o
14878430	42	RESP=1
14892523	42	STIM=r
14898322	42	RESP=1
14909363	42	STIM=j
14913136	42	RESP=1
14926365	42	STIM=n
14931826	42	RESP=1
14943154	42	STIM=k
14945885	42	RESP=1
14959200	42	STIM=w
14970474	42	RESP=1
14976258	42	STIM=t
14980384	42	RESP=1
14993689	42	STIM=g
15002906	42	RESP=1
15012389	42	STIM=h
15017793	42	RESP=1
15028537	42	STIM=0
15033879	42	RESP=2
15045334	42	STIM=2
15050872	42	RESP=2
15061781	42	STIM=h
15067893	42	RESP=1
15077493	42	STIM=s
15083943	42	RESP=1
15094930	42	STIM=e
15103379	42	RESP=1
15112660	42	STIM=o
15116617	42	RESP=1
15129976	42	STIM=m
15134844	42	RESP=1
15145443	42	STIM=6
15149038	42	RESP=2
15162039	42	STIM=k
15166739	42	RESP=1
15180952	42	STIM=b
15186702	42	RESP=1
15199577	42	STIM=e
15204862	42	RESP=1
15216787	42	STIM=z
15220283	42	RESP=1
15232430	42	STIM=m
15235788	42	RESP=2
15248451	42	STIM=l
15252270	42	RESP=1
15266041	42	STIM=f
15272467	42	RESP=1
15281644	42	STIM=f
15287057	42	RESP=1
15298971	42	STIM=h
15305220	42	RESP=1
15316096	42	STIM=o
15321429	42	RESP=1
15331374	42	STIM=k
15334740	42	RESP=1
15346595	42	STIM=m
15351746	42	RESP=1
15364652	42	STIM=x
15371129	42	RESP=1
15381493	42	STIM=e
15385796	42	RESP=1
15399408	42	STIM=j
15404516	42	RESP=1
15414625	42	STIM=l
15417817	42	RESP=1
15431247	42	STIM=e
15436341	42	RESP=1
15447942	42	STIM=1
15457173	42	RESP=2
15464852	42	STIM=x
15475210	42	RESP=1
15481450	42	STIM=h
15485260	42	RESP=1
15499316	42	STIM=6
15508827	42	RESP=1
15516962	42	STIM=m
15521348	42	RESP=1
15535836	42	STIM=t
15540201	42	RESP=1
15551800	42	STIM=c
15559426	42	RESP=1
15568314	42	STIM=h
15571943	42	RESP=1
15586052	42	STIM=h
15592348	42	RESP=1
15602645	42	STIM=2
15612204	42	RESP=2
15619149	42	STIM=z
15622616	42	RESP=1
15636139	42	STIM=c
15644736	42	RESP=1
15653213	42	STIM=7
15657886	42	RESP=2
15668293	42	STIM=u
15674030	42	RESP=1
15685194	42	STIM=b
15696447	42	RESP=1
15703261	42	STIM=a
15709868	42	RESP=1
15718642	42	STIM=o
15723314	42	RESP=1
15734742	42	STIM=h
15737698	42	RESP=1
15749773	42	STIM=c
15755053	42	RESP=1
15768178	42	STIM=g
15772599	42	RESP=1
15783905	42	STIM=j
15788439	42	RESP=1
15802827	42	STIM=8
15807339	42	RESP=2
15819887	42	STIM=5
15826000	42	RESP=2
15837068	42	STIM=v
15840489	42	RESP=1
15855872	42	STIM=w
15860603	42	RESP=1
15872161	42	STIM=b
15883068	42	RESP=1
15887474	42	STIM=p
15892223	42	RESP=1
15905526	42	STIM=f
15915317	42	RESP=1
15921320	42	STIM=j
15926397	42	RESP=1
15938152	42	STIM=a
15945460	42	RESP=1
15955155	42	STIM=b
15963542	42	RESP=1
15973794	42	STIM=3
15980016	42	RESP=2
15989786	42	STIM=2
15998099	42	RESP=2
16006482	42	STIM=z
16012898	42	RESP=1
16022751	42	STIM=o
16025526	42	RESP=1
16038839	42	STIM=e
16046565	42	RESP=1
16055364	42	STIM=u
16062295	42	RESP=1
16070903	42	STIM=s
16077960	42	RESP=1
16087483	42	STIM=z
16091843	42	RESP=1
16103617	42	STIM=q
16109534	42	RESP=1
16119183	42	STIM=5
16126524	42	RESP=2
16137169	42	STIM=o
16146984	42	RESP=1
16155196	42	STIM=e
16161863	42	RESP=1
16173069	42	STIM=9
16179808	42	RESP=2
16189382	42	STIM=e
16192714	42	RESP=1
16205636	42	STIM=4
16215049	42	RESP=1
16224496	42	STIM=4
16230556	42	RESP=2
16242635	42	STIM=a
16251065	42	RESP=1
16258022	42	STIM=m
16266396	42	RESP=1
16274826	42	STIM=3
16283581	42	RESP=2
16291582	42	STIM=3
16301685	42	RESP=2
16308081	42	STIM=j
16313141	42	RESP=1
16323936	42	STIM=g
16328904	42	RESP=1
16342586	42	STIM=v
16346107	42	RESP=1
16358497	42	STIM=p
16366610	42	RESP=1
16375038	42	STIM=3
16379828	42	RESP=2
16391098	42	STIM=k
16398463	42	RESP=1
16406980	42	STIM=0
16412512	42	RESP=1
16422702	42	STIM=a
16427349	42	RESP=1
16438916	42	STIM=l
16446747	42	RESP=1
16454942	42	STIM=8
16460754	42	RESP=1
16472687	42	STIM=0
16480613	42	RESP=1
16490207	42	STIM=n
16498366	42	RESP=1
16508616	42	STIM=e
16512873	42	RESP=1
16526144	42	STIM=u
16534356	42	RESP=1
16541981	42	STIM=l
16546767	42	RESP=1
16559114	42	STIM=6
16563774	42	RESP=1
16577554	42	STIM=4
16585755	42	RESP=2
16595137	42	STIM=g
16600428	42	RESP=1
16610842	42	STIM=i
16617522	42	RESP=1
16628720	42	STIM=7
16635154	42	RESP=2
16645287	42	STIM=s
16652046	42	RESP=1
16662316	42	STIM=w
16668708	42	RESP=1
16678538	42	STIM=x
16684099	42	RESP=1
16693538	42	STIM=4
16700121	42	RESP=1
16711873	42	STIM=d
16719083	42	RESP=1
16730624	42	STIM=d
16735954	42	RESP=1
16749241	42	STIM=2
16759140	42	RESP=2
16766487	42	STIM=3
16770954	42	RESP=2
16784658	42	STIM=t
16788614	42	RESP=1
16802417	42	STIM=s
16806131	42	RESP=1
16818290	42	STIM=l
16826106	42	RESP=1
16834153	42	STIM=2
16841809	42	RESP=2
16852326	42	STIM=0
16859386	42	RESP=2
16871226	42	STIM=f
16876377	42	RESP=2
16888066	42	STIM=5
16893295	42	RESP=2
16905248	42	STIM=1
16911998	42	RESP=2
16920275	42	STIM=5
16927977	42	RESP=2
16938872	42	STIM=2
16943668	42	RESP=2
16956402	42	STIM=v
16961709	42	RESP=1
16973206	42	STIM=3
16981464	42	RESP=1
16990574	42	STIM=e
16997013	42	RESP=1
17006399	42	STIM=l
17012244	42	RESP=1
17022008	42	STIM=7
17026831	42	RESP=1
17038608	42	STIM=y
17042774	42	RESP=1
17056794	42	STIM=i
17060106	42	RESP=1
17074962	42	STIM=k
17082579	42	RESP=1
17091709	42	STIM=g
17098497	42	RESP=1
17106794	42	STIM=6
17114067	42	RESP=2
17123049	42	STIM=g
17128064	42	RESP=2
17141999	42	STIM=w
17150848	42	RESP=1
17160596	42	STIM=4
17169701	42	RESP=2
17176409	42	STIM=s
17180996	42	RESP=1
17192012	42	STIM=b
17197981	42	RESP=1
17210550	42	STIM=a
17214882	42	RESP=2
17227121	42	STIM=g
17233818	42	RESP=1
17244076	42	STIM=f
17248674	42	RESP=1
17262894	42	STIM=e
17270009	42	RESP=1
17280327	42	STIM=w
17287604	42	RESP=2
17297404	42	STIM=c
17305398	42	RESP=1
17312837	42	STIM=w
17317165	42	RESP=1
17329182	42	STIM=5
17337519	42	RESP=2
17344968	42	STIM=t
17354234	42	RESP=1
17361298	42	STIM=o
17368732	42	RESP=1
17376864	42	STIM=a
17388848	42	RESP=1
17394395	42	STIM=e
17405540	42	RESP=1
17411628	42	STIM=v
17417223	42	RESP=1
17428356	42	STIM=w
17438393	42	RESP=1
17446702	42	STIM=u
17452944	42	RESP=1
17464855	42	STIM=g
17468274	42	RESP=1
17480223	42	STIM=9
17487228	42	RESP=2
17498157	42	STIM=n
17500916	42	RESP=1
17515222	42	STIM=q
17519341	42	RESP=1
17533442	42	STIM=2
17538634	42	RESP=2
17548748	42	STIM=k
17551454	42	RESP=1
17567572	42	STIM=w
17575362	42	RESP=1
17584578	42	STIM=v
17594922	42	RESP=1
17600415	42	STIM=9
17605147	42	RESP=2
17617953	42	STIM=w
17623356	42	RESP=1
17635611	42	STIM=e
17645331	42	RESP=1
17652604	42	STIM=a
17658872	42	RESP=1
17669795	42	STIM=i
17674050	42	RESP=2
17685261	42	STIM=k
17691799	42	RESP=1
17703623	42	STIM=n
17709828	42	RESP=1
17719566	42	STIM=8
17723762	42	RESP=2
17738022	42	STIM=k
17744052	42	RESP=1
17753131	42	STIM=s
17759657	42	RESP=1
17771861	42	STIM=u
17776765	42	RESP=1
17788518	42	STIM=l
17791934	42	RESP=1
17807139	42	STIM=c
17810290	42	RESP=1
17823653	42	STIM=i
17829152	42	RESP=1
17838841	42	STIM=f
17843941	42	RESP=1
17855780	42	STIM=k
17859627	42	RESP=1
17872271	42	STIM=j
17875806	42	RESP=1
17889157	42	STIM=j
17894684	42	RESP=1
17905346	42	STIM=y
17910016	42	RESP=1
17923941	42	STIM=s
17932348	42	RESP=1
17941523	42	STIM=b
17947206	42	RESP=1
17957681	42	STIM=p
17961724	42	RESP=1
17973564	42	STIM=2
17977735	42	RESP=2
17992167	42	STIM=g
18002540	42	RESP=1
18008004	42	STIM=q
18016175	42	RESP=1
18026593	42	STIM=n
18031252	42	RESP=1
18044090	42	STIM=m
18048327	42	RESP=1
18059471	42	STIM=y
18066292	42	RESP=1
18076446	42	STIM=l
18089679	42	RESP=1
18092537	42	STIM=h
18098025	42	RESP=1
18110710	42	STIM=m
18115519	42	RESP=1
18129455	42	STIM=c
18135273	42	RESP=1
18145964	42	STIM=x
18153599	42	RESP=1
18162203	42	STIM=v
18167116	42	RESP=1
18179360	42	STIM=j
18184048	42	RESP=1
18196667	42	STIM=j
18201312	42	RESP=2
18215028	42	STIM=o
18220837	42	RESP=1
18231911	42	STIM=n
18235508	42	RESP=1
18250701	42	STIM=n
18260105	42	RESP=1
18268056	42	STIM=r
18275059	42	RESP=1
18283659	42	STIM=p
18293911	42	RESP=1
18298870	42	STIM=k
18303448	42	RESP=1
18317257	42	STIM=v
18324857	42	RESP=1
18335803	42	STIM=0
18341772	42	RESP=1
18353392	42	STIM=0
18360113	42	RESP=2
18371599	42	STIM=t
18375413	42	RESP=1
18388615	42	STIM=k
18400764	42	RESP=1
18405967	42	STIM=a
18410063	42	RESP=1
18424407	42	STIM=k
18429693	42	RESP=1
18441223	42	STIM=g
18446926	42	RESP=1
18457523	42	STIM=4
18462490	42	RESP=1
18474398	42	STIM=z
18479350	42	RESP=1
18490613	42	STIM=o
18493896	42	RESP=1
18508926	42	STIM=g
18512820	42	RESP=1
18527468	42	STIM=o
18530953	42	RESP=1
18543672	42	STIM=u
18550485	42	RESP=1
18562648	42	STIM=9
18569172	42	RESP=2
18581465	42	STIM=w
18586157	42	RESP=1
18599547	42	STIM=k
18605635	42	RESP=1
18616781	42	STIM=r
18623048	42	RESP=1
18633240	42	STIM=q
18642832	42	RESP=1
18650928	42	STIM=v
18655701	42	RESP=1
18669569	42	STIM=6
18676896	42	RESP=2
18688404	42	STIM=j
18692297	42	RESP=1
18705241	42	STIM=d
18710094	42	RESP=1
18721025	42	STIM=q
18725623	42	RESP=1
18739707	42	STIM=v
18744892	42	RESP=1
18758531	42	STIM=5
18764236	42	RESP=2
18774201	42	STIM=l
18779310	42	RESP=1
18792510	42	STIM=g
18799326	42	RESP=1
18810220	42	STIM=y
18814528	42	RESP=2
18827433	42	STIM=l
18830860	42	RESP=1
18844373	42	STIM=7
18851954	42	RESP=2
18859600	42	STIM=6
18866250	42	RESP=2
18876131	42	STIM=c
18882006	42	RESP=1
18893058	42	STIM=h
18896735	42	RESP=2
18908548	42	STIM=f
18916964	42	RESP=1
18924813	42	STIM=8
18932162	42	RESP=2
18941392	42	STIM=c
18945565	42	RESP=1
18957595	42	STIM=l
18965002	42	RESP=1
18973587	42	STIM=j
18977353	42	RESP=1
18992413	42	STIM=j
18996951	42	RESP=1
19009880	42	STIM=w
19015141	42	RESP=1
19026666	42	STIM=q
19035518	42	RESP=1
19041924	42	STIM=y
19046392	42	RESP=2
19059612	42	STIM=7
19065762	42	RESP=2
19077242	42	STIM=f
19081584	42	RESP=1
19093662	42	STIM=m
19101365	42	RESP=2
19109778	42	STIM=x
19114366	42	RESP=1
19127928	42	STIM=n
19135137	42	RESP=1
19144681	42	STIM=p
19149201	42	RESP=1
19162137	42	STIM=8
19171942	42	RESP=2
19180811	42	STIM=3
19186128	42	RESP=2
19198414	42	STIM=p
19205581	42	RESP=1
19216327	42	STIM=g
19220624	42	RESP=1
19234114	42	STIM=u
19237988	42	RESP=1
19251513	42	STIM=p
19257705	42	RESP=1
19270009	42	STIM=j
19275364	42	RESP=2
19288397	42	STIM=m
19294703	42	RESP=1
19307298	42	STIM=9
19314973	42	RESP=1
19325947	42	STIM=n
19330451	42	RESP=1
19342095	42	STIM=a
19348389	42	RESP=1
19359012	42	STIM=k
19363077	42	RESP=1
19377934	42	STIM=z
19381160	42	RESP=1
19396845	42	STIM=d
19402044	42	RESP=1
19412307	42	STIM=8
19418455	42	RESP=1
19428556	42	STIM=p
19434559	42	RESP=1
19446806	42	STIM=d
19456693	42	RESP=1
19464465	42	STIM=p
19470419	42	RESP=1
19479484	42	STIM=t
19485674	42	RESP=1
19497146	42	STIM=a
19500958	42	RESP=1
19514902	42	STIM=j
19519100	42	RESP=1
19530229	42	STIM=4
19538681	42	RESP=2
19548924	42	STIM=1
19563522	42	RESP=2
19566107	42	STIM=l
19578339	42	RESP=1
19583320	42	STIM=d
19588287	42	RESP=1
19600681	42	STIM=3
19609901	42	RESP=1
19619577	42	STIM=q
19623306	42	RESP=1
19635057	42	STIM=q
19647622	42	RESP=1
19651117	42	STIM=t
19656237	42	RESP=1
19669470	42	STIM=f
19678686	42	RESP=1
19685122	42	STIM=s
19691850	42	RESP=1
19700998	42	STIM=s
19707446	42	RESP=1
19718946	42	STIM=2
19724370	42	RESP=2
19734828	42	STIM=d
19745388	42	RESP=1
19752065	42	STIM=g
19761799	42	RESP=1
19769178	42	STIM=d
19774912	42	RESP=1
19785610	42	STIM=b
19793192	42	RESP=2
19803159	42	STIM=z
19809262	42	RESP=1
19821330	42	STIM=9
19827275	42	RESP=1
19836968	42	STIM=e
19843719	42	RESP=1
19854099	42	STIM=3
19858837	42	RESP=2
19872845	42	STIM=e
19875707	42	RESP=1
19890928	42	STIM=p
19894809	42	RESP=1
19906612	42	STIM=x
19913913	42	RESP=1
19923677	42	STIM=o
19930755	42	RESP=1
19939852	42	STIM=m
19947031	42	RESP=2
19955877	42	STIM=e
19962017	42	RESP=1
19973798	42	STIM=3
19982235	42	RESP=1
19990285	42	STIM=t
19996805	42	RESP=1
20005672	42	STIM=f
20011724	42	RESP=1
20021756	42	STIM=h
20026876	42	RESP=1
20037035	42	STIM=v
20043974	42	RESP=1
20055740	42	STIM=j
20062605	42	RESP=1
20073035	42	STIM=m
20080228	42	RESP=1
20089254	42	STIM=l
20093003	42	RESP=1
20107443	42	STIM=4
20115625	42	RESP=2
20122648	42	STIM=n
20127704	42	RESP=1
20138038	42	STIM=j
20146329	42	RESP=1
20156543	42	STIM=5
20170888	42	RESP=2
20173462	42	STIM=z
20177081	42	RESP=1
20190863	42	STIM=k
20196004	42	RESP=1
20206772	42	STIM=4
20214912	42	RESP=2
20223960	42	STIM=u
20229867	42	RESP=1
20242410	42	STIM=6
20247430	42	RESP=1
20257920	42	STIM=r
20265580	42	RESP=1
20274156	42	STIM=i
20277907	42	RESP=1
20289361	42	STIM=m
20292419	42	RESP=1
20305476	42	STIM=q
20308853	42	RESP=1
20324401	42	STIM=j
20330519	42	RESP=2
20340631	42	STIM=4
20350885	42	RESP=2
20355704	42	STIM=a
20363791	42	RESP=1
20372114	42	STIM=0
20380586	42	RESP=2
20389327	42	STIM=w
20394133	42	RESP=1
20407048	42	STIM=r
20410417	42	RESP=1
20425888	42	STIM=u
20429765	42	RESP=1
20443964	42	STIM=5
20448840	42	RESP=2
20462123	42	STIM=8
20474040	42	RESP=2
20477470	42	STIM=t
20482881	42	RESP=1
20492935	42	STIM=n
20504496	42	RESP=2
20511330	42	STIM=i
20518403	42	RESP=1
20529841	42	STIM=p
20539976	42	RESP=1
20545784	42	STIM=v
20550683	42	RESP=1
20560884	42	STIM=a
20564798	42	RESP=2
20579552	42	STIM=q
20586328	42	RESP=1
20597457	42	STIM=3
20603498	42	RESP=2
20614110	42	STIM=i
20626402	42	RESP=1
20632668	42	STIM=v
20635204	42	RESP=1
20650582	42	STIM=g
20660792	42	RESP=1
20669209	42	STIM=l
20675649	42	RESP=1
20685258	42	STIM=6
20691360	42	RESP=2
20703044	42	STIM=l
20706781	42	RESP=1
20718087	42	STIM=1
20727104	42	RESP=2
20736167	42	STIM=5
20743652	42	RESP=2
20754064	42	STIM=x
20759971	42	RESP=1
20770151	42	STIM=f
20777276	42	RESP=1
20785340	42	STIM=2
20791640	42	RESP=2
20800691	42	STIM=l
20804885	42	RESP=1
20817782	42	STIM=x
20826912	42	RESP=1
20834203	42	STIM=m
20838539	42	RESP=1
20853166	42	STIM=i
20859014	42	RESP=1
20870480	42	STIM=x
20874362	42	RESP=1
20885537	42	STIM=h
20892724	42	RESP=1
20903736	42	STIM=q
20909029	42	RESP=1
20921265	42	STIM=o
20925418	42	RESP=1
20939311	42	STIM=4
20946222	42	RESP=2
20957552	42	STIM=5
20963213	42	RESP=2
20975528	42	STIM=r
20981419	42	RESP=1
20992768	42	STIM=t
20995187	42	RESP=1
21009675	42	STIM=u
21014662	42	RESP=1
21026759	42	STIM=m
21031463	42	RESP=2
21044919	42	STIM=f
21051070	42	RESP=1
21061118	42	STIM=7
21066393	42	RESP=2
21078012	42	STIM=q
21080823	42	RESP=1
21096325	42	STIM=k
21099962	42	RESP=1
21113138	42	STIM=y
21118700	42	RESP=1
21131700	42	STIM=s
21139015	42	RESP=1
21146955	42	STIM=h
21150963	42	RESP=1
21162929	42	STIM=j
21168712	42	RESP=1
21178369	42	STIM=g
21184453	42	RESP=1
21193507	42	STIM=b
21196993	42	RESP=1
21212387	42	STIM=f
21218839	42	RESP=1
21227664	42	STIM=k
21231226	42	RESP=1
21246467	42	STIM=i
21254042	42	RESP=1
21261778	42	STIM=h
21267221	42	RESP=1
21277235	42	STIM=y
21282019	42	RESP=2
21294911	42	STIM=g
21299475	42	RESP=1
21310463	42	STIM=a
21315887	42	RESP=1
21327664	42	STIM=4
21337259	42	RESP=2
21345562	42	STIM=c
21353077	42	RESP=1
21364135	42	STIM=2
21373684	42	RESP=2
21380755	42	STIM=y
21386444	42	RESP=1
21399510	42	STIM=x
21408325	42	RESP=1
21417639	42	STIM=t
21421497	42	RESP=1
21432666	42	STIM=o
21441294	42	RESP=1
21447928	42	STIM=r
21452191	42	RESP=1
21463320	42	STIM=y
21466244	42	RESP=1
21480033	42	STIM=p
21485882	42	RESP=1
21497166	42	STIM=b
21501606	42	RESP=1
21515138	42	STIM=p
21519322	42	RESP=2
21532653	42	STIM=8
21539812	42	RESP=1
21550691	42	STIM=5
21555898	42	RESP=2
21568545	42	STIM=d
21573746	42	RESP=1
21585600	42	STIM=5
21591516	42	RESP=2
21604254	42	STIM=m
21607584	42	RESP=1
21621256	42	STIM=u
21626452	42	RESP=1
21637178	42	STIM=u
21642075	42	RESP=1
21654404	42	STIM=v
21659827	42	RESP=1
21672565	42	STIM=z
21679193	42	RESP=2
21691303	42	STIM=s
21696549	42	RESP=1
21707589	42	STIM=e
21712353	42	RESP=1
21723351	42	STIM=t
21731528	42	RESP=1
21738577	42	STIM=l
21740983	42	RESP=1
21756747	42	STIM=k
21760745	42	RESP=1
21773044	42	STIM=k
21778720	42	RESP=1
21789586	42	STIM=n
21796449	42	RESP=1
