# Original filename: 0037_AKG_2016-11-01.log
# Time unit: 100 us
# RARECAT=digit
#
# Time	HHGG	Event
30784	42	STIM=e
37852	42	RESP=1
49662	42	STIM=d
53394	42	RESP=1
65691	42	STIM=e
74110	42	RESP=1
82726	42	STIM=h
88875	42	RESP=1
100635	42	STIM=o
107827	42	RESP=1
119627	42	STIM=0
128093	42	RESP=2
134824	42	STIM=y
141872	42	RESP=1
151773	42	STIM=v
159673	42	RESP=2
167541	42	STIM=7
175233	42	RESP=2
184735	42	STIM=m
194713	42	RESP=1
203308	42	STIM=e
206278	42	RESP=1
219299	42	STIM=s
223875	42	RESP=1
236006	42	STIM=n
243754	42	RESP=1
252834	42	STIM=b
258558	42	RESP=1
271751	42	STIM=a
276673	42	RESP=1
287958	42	STIM=y
293091	42	RESP=1
304915	42	STIM=2
313467	42	RESP=2
320644	42	STIM=c
323227	42	RESP=1
337094	42	STIM=u
341603	42	RESP=2
352932	42	STIM=s
359768	42	RESP=1
371368	42	STIM=k
379107	42	RESP=1
388370	42	STIM=r
391157	42	RESP=1
403451	42	STIM=3
408832	42	RESP=2
421938	42	STIM=c
426874	42	RESP=1
439119	42	STIM=f
447163	42	RESP=1
456283	42	STIM=r
464876	42	RESP=1
472680	42	STIM=8
479897	42	RESP=2
491243	42	STIM=i
497753	42	RESP=1
510154	42	STIM=x
518790	42	RESP=1
528615	42	STIM=a
534704	42	RESP=1
546936	42	STIM=f
554410	42	RESP=1
562121	42	STIM=g
568275	42	RESP=1
577882	42	STIM=c
581073	42	RESP=1
596512	42	STIM=3
602922	42	RESP=1
613323	42	STIM=b
620260	42	RESP=1
630378	42	STIM=u
634664	42	RESP=1
648777	42	STIM=8
654470	42	RESP=2
663943	42	STIM=1
672132	42	RESP=2
682684	42	STIM=i
690612	42	RESP=1
701033	42	STIM=i
705233	42	RESP=1
719469	42	STIM=v
722913	42	RESP=1
736544	42	STIM=6
740525	42	RESP=2
754072	42	STIM=s
763734	42	RESP=1
770423	42	STIM=9
776158	42	RESP=2
786075	42	STIM=p
792249	42	RESP=1
805041	42	STIM=g
807770	42	RESP=1
823822	42	STIM=1
830566	42	RESP=2
841982	42	STIM=a
848621	42	RESP=1
857833	42	STIM=r
860968	42	RESP=1
873670	42	STIM=p
882278	42	RESP=1
891392	42	STIM=8
896097	42	RESP=2
906611	42	STIM=6
912882	42	RESP=2
924297	42	STIM=r
929211	42	RESP=1
940686	42	STIM=5
951823	42	RESP=2
956532	42	STIM=n
960133	42	RESP=1
975528	42	STIM=r
981042	42	RESP=2
993073	42	STIM=c
998782	42	RESP=1
1009251	42	STIM=w
1013801	42	RESP=2
1026415	42	STIM=k
1029935	42	RESP=1
1044143	42	STIM=u
1047834	42	RESP=1
1061583	42	STIM=h
1068525	42	RESP=1
1077351	42	STIM=l
1086770	42	RESP=1
1094058	42	STIM=v
1099550	42	RESP=1
1110020	42	STIM=t
1113002	42	RESP=1
1128541	42	STIM=f
1132941	42	RESP=1
1146127	42	STIM=5
1154573	42	RESP=2
1165002	42	STIM=g
1176348	42	RESP=1
1182288	42	STIM=b
1185711	42	RESP=1
1197334	42	STIM=2
1206149	42	RESP=2
1213692	42	STIM=a
1220501	42	RESP=1
1230175	42	STIM=c
1235405	42	RESP=1
1247727	42	STIM=1
1261945	42	RESP=2
1265369	42	STIM=j
1271400	42	RESP=1
1282793	42	STIM=z
1287063	42	RESP=1
1298729	42	STIM=7
1304481	42	RESP=2
1316238	42	STIM=o
1323699	42	RESP=1
1333537	42	STIM=i
1342431	42	RESP=1
1351402	42	STIM=n
1358577	42	RESP=1
1367433	42	STIM=u
1376523	42	RESP=1
1385129	42	STIM=i
1391153	42	RESP=1
1402325	42	STIM=u
1408898	42	RESP=1
1417906	42	STIM=5
1423960	42	RESP=2
1436126	42	STIM=5
1441876	42	RESP=1
1451282	42	STIM=x
1455189	42	RESP=1
1468846	42	STIM=h
1475307	42	RESP=1
1485774	42	STIM=w
1490781	42	RESP=1
1501533	42	STIM=s
1505883	42	RESP=1
1520456	42	STIM=u
1526522	42	RESP=1
1538554	42	STIM=m
1546081	42	RESP=1
1557215	42	STIM=t
1563306	42	RESP=1
1573114	42	STIM=8
1579061	42	RESP=2
1588537	42	STIM=h
1594438	42	RESP=1
1605769	42	STIM=m
1611054	42	RESP=1
1621898	42	STIM=v
1629721	42	RESP=1
1638987	42	STIM=c
1643610	42	RESP=1
1657283	42	STIM=5
1662419	42	RESP=2
1675889	42	STIM=g
1684740	42	RESP=1
1692307	42	STIM=i
1702952	42	RESP=1
1708595	42	STIM=7
1715436	42	RESP=2
1725272	42	STIM=5
1733215	42	RESP=2
1741734	42	STIM=n
1747021	42	RESP=1
1759724	42	STIM=2
1766858	42	RESP=1
1775657	42	STIM=t
1784499	42	RESP=1
1792450	42	STIM=e
1796916	42	RESP=1
1809258	42	STIM=c
1820126	42	RESP=1
1827635	42	STIM=g
1833853	42	RESP=1
1845563	42	STIM=n
1850395	42	RESP=1
1863581	42	STIM=n
1869296	42	RESP=1
1879548	42	STIM=7
1884397	42	RESP=2
1894658	42	STIM=7
1901148	42	RESP=2
1910346	42	STIM=2
1914854	42	RESP=1
1928615	42	STIM=5
1936918	42	RESP=2
1943641	42	STIM=d
1949622	42	RESP=1
1960340	42	STIM=w
1971116	42	RESP=1
1978995	42	STIM=s
1989930	42	RESP=2
1994251	42	STIM=u
1997360	42	RESP=1
2010346	42	STIM=f
2022198	42	RESP=1
2026868	42	STIM=m
2032729	42	RESP=1
2041996	42	STIM=c
2048277	42	RESP=1
2060396	42	STIM=2
2069864	42	RESP=2
2075897	42	STIM=f
2083912	42	RESP=1
2091844	42	STIM=e
2096672	42	RESP=2
2109703	42	STIM=y
2116565	42	RESP=1
2127221	42	STIM=i
2134667	42	RESP=1
2143259	42	STIM=v
2147378	42	RESP=1
2162217	42	STIM=x
2167891	42	RESP=2
2179004	42	STIM=d
2183195	42	RESP=1
2194102	42	STIM=v
2199209	42	RESP=1
2209257	42	STIM=p
2215618	42	RESP=2
2225885	42	STIM=5
2235986	42	RESP=2
2244768	42	STIM=e
2249092	42	RESP=1
2262802	42	STIM=0
2271480	42	RESP=2
2278509	42	STIM=o
2285583	42	RESP=1
2297373	42	STIM=2
2302218	42	RESP=2
2314334	42	STIM=3
2325304	42	RESP=1
2331033	42	STIM=i
2335237	42	RESP=1
2348443	42	STIM=i
2351405	42	RESP=1
2367282	42	STIM=d
2372829	42	RESP=1
2383576	42	STIM=p
2397676	42	RESP=1
2400369	42	STIM=c
2405164	42	RESP=1
2415890	42	STIM=f
2420794	42	RESP=1
2433228	42	STIM=f
2442465	42	RESP=1
2451668	42	STIM=s
2454552	42	RESP=1
2467848	42	STIM=r
2478282	42	RESP=1
2486238	42	STIM=j
2492876	42	RESP=1
2504772	42	STIM=j
2508558	42	RESP=1
2521631	42	STIM=l
2525622	42	RESP=1
2537234	42	STIM=5
2542403	42	RESP=1
2553485	42	STIM=5
2562214	42	RESP=2
2572255	42	STIM=n
2577316	42	RESP=1
2589806	42	STIM=n
2596164	42	RESP=1
2607659	42	STIM=e
2616704	42	RESP=1
2625735	42	STIM=v
2631779	42	RESP=1
2641964	42	STIM=6
2651200	42	RESP=2
2660263	42	STIM=z
2667132	42	RESP=1
2677044	42	STIM=w
2687807	42	RESP=1
2692876	42	STIM=2
2697433	42	RESP=2
2711302	42	STIM=g
2717145	42	RESP=1
2727986	42	STIM=l
2733830	42	RESP=1
2745851	42	STIM=s
2750256	42	RESP=1
2762759	42	STIM=i
2770075	42	RESP=1
2780548	42	STIM=x
2791438	42	RESP=1
2795713	42	STIM=0
2800228	42	RESP=2
2814023	42	STIM=6
2819757	42	RESP=2
2831135	42	STIM=5
2837133	42	RESP=2
2847628	42	STIM=p
2853174	42	RESP=1
2865677	42	STIM=5
2871053	42	RESP=1
2881115	42	STIM=m
2888131	42	RESP=1
2898436	42	STIM=t
2906121	42	RESP=1
2917019	42	STIM=z
2923901	42	RESP=1
2935915	42	STIM=q
2942400	42	RESP=1
2954584	42	STIM=9
2962096	42	RESP=2
2971890	42	STIM=y
2977143	42	RESP=2
2989177	42	STIM=z
2992558	42	RESP=1
3006574	42	STIM=1
3011421	42	RESP=2
3024890	42	STIM=d
3034160	42	RESP=2
3042669	42	STIM=p
3046922	42	RESP=1
3058091	42	STIM=o
3061725	42	RESP=1
3073720	42	STIM=7
3080108	42	RESP=2
3089020	42	STIM=y
3094834	42	RESP=1
3106314	42	STIM=3
3115082	42	RESP=2
3122463	42	STIM=i
3126420	42	RESP=1
3141441	42	STIM=s
3146613	42	RESP=1
3156458	42	STIM=c
3159845	42	RESP=1
3171510	42	STIM=s
3176180	42	RESP=1
3188508	42	STIM=0
3195704	42	RESP=1
3205130	42	STIM=6
3217574	42	RESP=1
3220157	42	STIM=m
3229856	42	RESP=1
3237058	42	STIM=s
3241715	42	RESP=1
3254830	42	STIM=q
3262787	42	RESP=1
3271556	42	STIM=i
3278206	42	RESP=1
3290020	42	STIM=2
3298914	42	RESP=1
3305741	42	STIM=y
3312383	42	RESP=1
3321570	42	STIM=i
3330643	42	RESP=2
3339918	42	STIM=g
3345715	42	RESP=1
3355994	42	STIM=8
3367118	42	RESP=2
3374532	42	STIM=a
3380190	42	RESP=1
3391508	42	STIM=h
3401489	42	RESP=1
3409615	42	STIM=t
3413501	42	RESP=1
3427164	42	STIM=d
3433451	42	RESP=1
3443451	42	STIM=1
3449378	42	RESP=2
3458616	42	STIM=g
3462441	42	RESP=1
3476550	42	STIM=c
3480290	42	RESP=1
3494596	42	STIM=9
3500407	42	RESP=1
3509618	42	STIM=w
3515246	42	RESP=1
3526669	42	STIM=q
3531360	42	RESP=1
3544253	42	STIM=j
3548830	42	RESP=1
3562856	42	STIM=w
3571432	42	RESP=1
3580484	42	STIM=u
3586378	42	RESP=1
3596778	42	STIM=e
3605322	42	RESP=1
3613444	42	STIM=r
3616666	42	RESP=2
3629258	42	STIM=z
3635318	42	RESP=1
3646953	42	STIM=n
3653507	42	RESP=1
3662196	42	STIM=4
3667163	42	RESP=2
3680914	42	STIM=s
3685732	42	RESP=1
3695918	42	STIM=7
3706087	42	RESP=2
3711879	42	STIM=o
3717069	42	RESP=1
3729713	42	STIM=h
3734628	42	RESP=1
3747596	42	STIM=n
3757148	42	RESP=1
3764315	42	STIM=2
3773719	42	RESP=2
3780487	42	STIM=n
3785257	42	RESP=1
3799362	42	STIM=8
3804658	42	RESP=2
3815092	42	STIM=c
3821789	42	RESP=1
3833528	42	STIM=c
3838944	42	RESP=1
3850351	42	STIM=i
3858914	42	RESP=1
3866270	42	STIM=q
3875067	42	RESP=1
3884314	42	STIM=t
3891964	42	RESP=1
3900379	42	STIM=l
3904737	42	RESP=1
3915480	42	STIM=7
3923119	42	RESP=2
3933927	42	STIM=8
3944334	42	RESP=2
3950163	42	STIM=g
3955040	42	RESP=2
3966930	42	STIM=y
3976403	42	RESP=1
3985270	42	STIM=g
3989121	42	RESP=1
4001372	42	STIM=o
4005786	42	RESP=1
4017944	42	STIM=5
4023118	42	RESP=1
4035872	42	STIM=c
4042553	42	RESP=1
4052271	42	STIM=c
4061838	42	RESP=1
4070309	42	STIM=i
4080205	42	RESP=1
4088855	42	STIM=l
4093578	42	RESP=1
4107474	42	STIM=l
4114833	42	RESP=1
4122797	42	STIM=h
4130063	42	RESP=1
4140584	42	STIM=j
4143660	42	RESP=1
4156718	42	STIM=j
4161475	42	RESP=1
4172458	42	STIM=h
4178552	42	RESP=1
4190039	42	STIM=j
4195578	42	RESP=1
4208519	42	STIM=s
4215441	42	RESP=1
4227363	42	STIM=0
4235693	42	RESP=2
4244089	42	STIM=6
4250515	42	RESP=2
4261989	42	STIM=5
4270182	42	RESP=2
4278752	42	STIM=r
4285514	42	RESP=1
4297555	42	STIM=i
4301112	42	RESP=1
4316018	42	STIM=c
4323825	42	RESP=1
4331930	42	STIM=l
4337837	42	RESP=1
4348508	42	STIM=j
4353630	42	RESP=1
4366121	42	STIM=s
4370959	42	RESP=1
4384105	42	STIM=f
4387777	42	RESP=1
4401481	42	STIM=r
4405758	42	RESP=1
4418143	42	STIM=e
4424060	42	RESP=1
4435712	42	STIM=8
4440970	42	RESP=2
4452365	42	STIM=m
4460358	42	RESP=1
4469414	42	STIM=e
4475380	42	RESP=1
4485093	42	STIM=u
4490493	42	RESP=1
4500137	42	STIM=c
4508864	42	RESP=1
4518681	42	STIM=2
4523911	42	RESP=2
4535184	42	STIM=1
4541478	42	RESP=2
4551479	42	STIM=f
4557086	42	RESP=1
4566575	42	STIM=l
4574313	42	RESP=1
4584928	42	STIM=n
4590143	42	RESP=1
4601521	42	STIM=n
4607628	42	RESP=1
4616643	42	STIM=e
4630977	42	RESP=1
4635022	42	STIM=t
4638422	42	RESP=1
4652961	42	STIM=3
4658100	42	RESP=2
4671373	42	STIM=a
4676118	42	RESP=1
4688352	42	STIM=x
4694407	42	RESP=1
4706853	42	STIM=y
4711913	42	RESP=2
4725326	42	STIM=e
4730254	42	RESP=1
4742790	42	STIM=j
4748680	42	RESP=1
4761201	42	STIM=c
4767686	42	RESP=1
4778357	42	STIM=c
4783767	42	RESP=1
4796651	42	STIM=7
4804745	42	RESP=2
4813512	42	STIM=5
4819270	42	RESP=2
4829490	42	STIM=5
4834972	42	RESP=2
4847115	42	STIM=w
4852827	42	RESP=1
4865539	42	STIM=6
4870525	42	RESP=1
4883524	42	STIM=b
4887969	42	RESP=1
4900203	42	STIM=t
4905607	42	RESP=1
4918551	42	STIM=4
4923178	42	RESP=1
4936581	42	STIM=s
4940295	42	RESP=1
4953921	42	STIM=h
4961688	42	RESP=1
4969907	42	STIM=u
4977246	42	RESP=1
4985724	42	STIM=a
4990881	42	RESP=1
5003417	42	STIM=j
5008520	42	RESP=1
5018944	42	STIM=6
5025001	42	RESP=2
5036418	42	STIM=l
5046752	42	RESP=1
5054291	42	STIM=u
5059012	42	RESP=1
5073118	42	STIM=s
5080290	42	RESP=1
5091455	42	STIM=9
5097151	42	RESP=2
5108053	42	STIM=s
5112424	42	RESP=1
5124678	42	STIM=y
5130800	42	RESP=1
5140496	42	STIM=z
5150051	42	RESP=2
5157467	42	STIM=g
5161389	42	RESP=1
5173458	42	STIM=q
5178707	42	RESP=1
5189541	42	STIM=l
5197165	42	RESP=1
5205704	42	STIM=6
5214822	42	RESP=2
5221452	42	STIM=0
5227785	42	RESP=2
5238680	42	STIM=p
5245474	42	RESP=1
5257589	42	STIM=i
5265367	42	RESP=1
5275814	42	STIM=7
5281271	42	RESP=2
5294056	42	STIM=f
5299374	42	RESP=1
5309347	42	STIM=q
5315094	42	RESP=1
5325518	42	STIM=5
5331649	42	RESP=2
5340754	42	STIM=s
5346151	42	RESP=1
5358300	42	STIM=w
5361377	42	RESP=1
5375400	42	STIM=3
5379706	42	RESP=2
5391524	42	STIM=1
5397015	42	RESP=2
5409518	42	STIM=b
5414833	42	RESP=2
5427516	42	STIM=i
5433145	42	RESP=1
5445826	42	STIM=h
5452978	42	RESP=1
5462699	42	STIM=f
5474421	42	RESP=1
5478640	42	STIM=l
5483276	42	RESP=1
5495632	42	STIM=a
5499226	42	RESP=1
5514576	42	STIM=8
5525686	42	RESP=2
5532884	42	STIM=r
5540440	42	RESP=1
5549862	42	STIM=u
5553570	42	RESP=1
5565081	42	STIM=o
5568931	42	RESP=1
5582818	42	STIM=j
5589495	42	RESP=1
5598256	42	STIM=q
5606225	42	RESP=1
5616738	42	STIM=e
5622905	42	RESP=1
5632509	42	STIM=p
5638101	42	RESP=1
5647982	42	STIM=2
5652126	42	RESP=2
5663547	42	STIM=v
5666272	42	RESP=1
5681570	42	STIM=h
5687862	42	RESP=1
5697927	42	STIM=b
5703493	42	RESP=1
5715407	42	STIM=c
5721995	42	RESP=1
5733991	42	STIM=r
5737362	42	RESP=2
5751644	42	STIM=f
5754883	42	RESP=1
5769712	42	STIM=f
5774871	42	RESP=1
5787832	42	STIM=6
5792488	42	RESP=1
5804244	42	STIM=8
5810733	42	RESP=2
5823116	42	STIM=h
5827933	42	RESP=1
5840512	42	STIM=i
5856844	42	RESP=1
5857011	42	STIM=0
5866170	42	RESP=2
5875967	42	STIM=r
5880976	42	RESP=1
5893641	42	STIM=h
5898606	42	RESP=1
5912238	42	STIM=w
5916956	42	RESP=1
5930002	42	STIM=u
5936960	42	RESP=1
5945399	42	STIM=5
5952981	42	RESP=1
5960781	42	STIM=d
5967055	42	RESP=1
5979515	42	STIM=q
5991452	42	RESP=1
5996750	42	STIM=k
6000436	42	RESP=1
6014209	42	STIM=5
6020873	42	RESP=2
6030168	42	STIM=t
6035518	42	RESP=1
6045698	42	STIM=i
6055355	42	RESP=1
6062041	42	STIM=d
6066990	42	RESP=1
6078642	42	STIM=0
6084759	42	RESP=2
6097559	42	STIM=c
6101854	42	RESP=1
6114452	42	STIM=e
6120102	42	RESP=1
6132695	42	STIM=q
6136515	42	RESP=1
6151067	42	STIM=k
6154866	42	RESP=1
6168315	42	STIM=j
6175006	42	RESP=1
6184249	42	STIM=s
6188368	42	RESP=1
6200554	42	STIM=6
6209715	42	RESP=1
6216934	42	STIM=r
6222554	42	RESP=1
6234557	42	STIM=s
6242676	42	RESP=1
6251998	42	STIM=x
6254952	42	RESP=1
6268585	42	STIM=h
6273288	42	RESP=1
6283598	42	STIM=9
6289458	42	RESP=2
6302003	42	STIM=k
6307917	42	RESP=1
6318990	42	STIM=a
6325593	42	RESP=1
6334815	42	STIM=q
6341814	42	RESP=1
6352464	42	STIM=2
6360175	42	RESP=2
6368221	42	STIM=e
6373917	42	RESP=1
6385317	42	STIM=k
6389066	42	RESP=1
6401321	42	STIM=p
6405525	42	RESP=1
6418573	42	STIM=l
6422957	42	RESP=1
6433800	42	STIM=n
6438037	42	RESP=1
6450164	42	STIM=v
6455982	42	RESP=1
6468712	42	STIM=m
6474482	42	RESP=1
6487254	42	STIM=k
6496596	42	RESP=1
6504423	42	STIM=k
6509234	42	RESP=1
6521194	42	STIM=p
6527177	42	RESP=1
6537046	42	STIM=f
6542990	42	RESP=1
6552151	42	STIM=e
6556727	42	RESP=1
6570878	42	STIM=p
6573872	42	RESP=1
6588688	42	STIM=h
6593199	42	RESP=1
6603929	42	STIM=a
6607867	42	RESP=1
6621607	42	STIM=e
6627939	42	RESP=1
6637011	42	STIM=w
6641601	42	RESP=1
6655561	42	STIM=p
6660277	42	RESP=1
6670634	42	STIM=b
6675661	42	RESP=1
6688741	42	STIM=c
6696560	42	RESP=1
6707662	42	STIM=q
6712682	42	RESP=1
6724017	42	STIM=5
6730204	42	RESP=2
6740923	42	STIM=6
6750381	42	RESP=2
6758577	42	STIM=s
6762367	42	RESP=2
6775092	42	STIM=s
6782247	42	RESP=1
6792543	42	STIM=k
6798040	42	RESP=1
6811229	42	STIM=9
6817140	42	RESP=1
6829950	42	STIM=s
6835935	42	RESP=1
6848726	42	STIM=j
6854395	42	RESP=1
6867056	42	STIM=p
6872749	42	RESP=1
6883383	42	STIM=s
6887333	42	RESP=1
6902268	42	STIM=c
6906279	42	RESP=1
6920504	42	STIM=f
6925953	42	RESP=1
6935671	42	STIM=e
6938604	42	RESP=1
6950886	42	STIM=w
6963141	42	RESP=1
6965900	42	STIM=d
6973249	42	RESP=1
6983758	42	STIM=q
6990327	42	RESP=1
6999733	42	STIM=s
7003977	42	RESP=1
7018367	42	STIM=s
7022426	42	RESP=1
7034222	42	STIM=c
7039080	42	RESP=1
7049378	42	STIM=s
7052840	42	RESP=1
7065528	42	STIM=g
7071752	42	RESP=2
7083815	42	STIM=b
7089265	42	RESP=1
7102266	42	STIM=5
7110575	42	RESP=2
7117705	42	STIM=m
7123971	42	RESP=1
7132918	42	STIM=b
7136715	42	RESP=1
7151627	42	STIM=w
7156331	42	RESP=1
7166713	42	STIM=v
7170039	42	RESP=1
7181830	42	STIM=o
7187420	42	RESP=1
7199399	42	STIM=1
7203575	42	RESP=2
7214558	42	STIM=n
7218723	42	RESP=1
7231919	42	STIM=k
7236047	42	RESP=1
7247134	42	STIM=g
7254233	42	RESP=1
7265500	42	STIM=u
7269807	42	RESP=1
7284341	42	STIM=s
7288446	42	RESP=1
7303251	42	STIM=4
7308302	42	RESP=2
7320549	42	STIM=g
7324973	42	RESP=1
7336656	42	STIM=g
7341705	42	RESP=1
7354415	42	STIM=j
7360378	42	RESP=1
7373245	42	STIM=w
7379670	42	RESP=1
7389154	42	STIM=v
7399885	42	RESP=1
7406871	42	STIM=p
7412069	42	RESP=1
7422794	42	STIM=t
7427576	42	RESP=1
7440721	42	STIM=m
7447153	42	RESP=1
7458807	42	STIM=x
7463138	42	RESP=1
7477213	42	STIM=f
7482511	42	RESP=1
7492496	42	STIM=2
7501535	42	RESP=2
7510253	42	STIM=n
7513431	42	RESP=1
7526296	42	STIM=e
7528949	42	RESP=1
7543225	42	STIM=o
7546684	42	RESP=1
7558716	42	STIM=q
7562535	42	RESP=1
7574927	42	STIM=6
7583586	42	RESP=2
7593085	42	STIM=v
7597958	42	RESP=1
7608953	42	STIM=p
7613732	42	RESP=1
7626600	42	STIM=4
7632604	42	RESP=2
7644472	42	STIM=r
7648104	42	RESP=1
7660266	42	STIM=r
7664371	42	RESP=1
7678450	42	STIM=9
7687777	42	RESP=2
7695607	42	STIM=5
7701461	42	RESP=1
7712662	42	STIM=j
7716340	42	RESP=1
7730675	42	STIM=v
7734880	42	RESP=1
7747507	42	STIM=y
7752800	42	RESP=2
7764889	42	STIM=o
7772646	42	RESP=1
7780846	42	STIM=q
7787371	42	RESP=1
7797808	42	STIM=l
7806145	42	RESP=2
7816472	42	STIM=g
7824338	42	RESP=1
7834245	42	STIM=z
7839014	42	RESP=1
7850242	42	STIM=p
7855465	42	RESP=1
7866979	42	STIM=s
7875372	42	RESP=1
7884907	42	STIM=g
7891527	42	RESP=1
7901198	42	STIM=h
7906900	42	RESP=1
7916452	42	STIM=3
7924757	42	RESP=2
7934067	42	STIM=s
7937360	42	RESP=1
7951855	42	STIM=1
7958414	42	RESP=1
7968222	42	STIM=k
7973768	42	RESP=1
7984637	42	STIM=5
7993569	42	RESP=2
8001051	42	STIM=k
8005671	42	RESP=1
8016508	42	STIM=o
8023592	42	RESP=1
8032213	42	STIM=9
8040203	42	RESP=2
8047929	42	STIM=q
8053901	42	RESP=1
8066727	42	STIM=n
8073244	42	RESP=1
8085343	42	STIM=p
8091846	42	RESP=1
8103167	42	STIM=z
8111707	42	RESP=1
8119954	42	STIM=c
8133110	42	RESP=2
8137130	42	STIM=g
8144086	42	RESP=1
8153761	42	STIM=q
8157708	42	RESP=1
8169889	42	STIM=p
8177004	42	RESP=1
8188533	42	STIM=d
8192921	42	RESP=1
8204558	42	STIM=w
8212389	42	RESP=1
8221838	42	STIM=l
8228392	42	RESP=1
8240228	42	STIM=v
8244381	42	RESP=1
8257248	42	STIM=6
8263325	42	RESP=2
8273223	42	STIM=m
8277179	42	RESP=1
8290032	42	STIM=6
8298330	42	RESP=2
8308653	42	STIM=g
8313556	42	RESP=1
8327314	42	STIM=r
8338167	42	RESP=1
8344844	42	STIM=3
8350504	42	RESP=2
8363722	42	STIM=u
8370076	42	RESP=1
8379746	42	STIM=c
8390724	42	RESP=1
8396076	42	STIM=3
8404537	42	RESP=2
8411593	42	STIM=o
8417339	42	RESP=1
8428337	42	STIM=t
8434366	42	RESP=1
8443777	42	STIM=r
8451558	42	RESP=1
8461866	42	STIM=k
8466852	42	RESP=1
8478243	42	STIM=j
8481734	42	RESP=1
8493465	42	STIM=j
8507015	42	RESP=2
8510061	42	STIM=b
8515454	42	RESP=1
8527398	42	STIM=j
8534884	42	RESP=1
8543758	42	STIM=k
8549306	42	RESP=1
8561717	42	STIM=a
8565294	42	RESP=1
8580602	42	STIM=z
8586163	42	RESP=1
8597397	42	STIM=h
8604125	42	RESP=1
8612440	42	STIM=s
8617284	42	RESP=1
8629502	42	STIM=f
8634863	42	RESP=1
8644814	42	STIM=8
8654658	42	RESP=2
8661809	42	STIM=u
8666449	42	RESP=1
8680694	42	STIM=x
8687291	42	RESP=1
8696857	42	STIM=c
8701796	42	RESP=1
8712777	42	STIM=n
8718675	42	RESP=1
8728879	42	STIM=6
8739041	42	RESP=1
8744194	42	STIM=0
8749524	42	RESP=2
8762522	42	STIM=n
8769517	42	RESP=1
8779366	42	STIM=m
8782998	42	RESP=1
8797015	42	STIM=d
8806537	42	RESP=1
8814068	42	STIM=a
8817449	42	RESP=2
8829751	42	STIM=i
8835128	42	RESP=1
8848310	42	STIM=9
8853139	42	RESP=1
8864288	42	STIM=g
8869360	42	RESP=1
8882251	42	STIM=z
8886687	42	RESP=1
8900446	42	STIM=u
8906539	42	RESP=1
8918229	42	STIM=r
8925760	42	RESP=1
8935536	42	STIM=h
8939637	42	RESP=1
8950852	42	STIM=0
8957835	42	RESP=1
8968345	42	STIM=m
8973354	42	RESP=1
8987273	42	STIM=6
8995648	42	RESP=2
9006251	42	STIM=e
9012093	42	RESP=1
9024496	42	STIM=6
9030949	42	RESP=2
9042987	42	STIM=z
9049133	42	RESP=1
9058318	42	STIM=2
9065315	42	RESP=2
9073724	42	STIM=9
9077777	42	RESP=2
9089609	42	STIM=5
9099798	42	RESP=2
9105119	42	STIM=c
9110027	42	RESP=1
9120730	42	STIM=u
9125064	42	RESP=1
9135845	42	STIM=d
9140733	42	RESP=1
9154502	42	STIM=o
9159251	42	RESP=1
9171617	42	STIM=1
9178528	42	RESP=2
9188470	42	STIM=m
9194346	42	RESP=1
9203725	42	STIM=v
9209991	42	RESP=1
9220214	42	STIM=k
9224587	42	RESP=1
9236905	42	STIM=f
9241472	42	RESP=1
9253350	42	STIM=a
9259386	42	RESP=1
9270977	42	STIM=a
9277836	42	RESP=1
9286467	42	STIM=m
9292550	42	RESP=1
9304239	42	STIM=8
9314469	42	RESP=2
9322844	42	STIM=1
9328217	42	RESP=2
9339060	42	STIM=e
9349524	42	RESP=1
9354338	42	STIM=d
9357875	42	RESP=1
9371428	42	STIM=l
9375339	42	RESP=1
9389616	42	STIM=k
9394882	42	RESP=1
9407549	42	STIM=u
9413104	42	RESP=1
9423596	42	STIM=y
9430204	42	RESP=1
9440828	42	STIM=v
9445976	42	RESP=1
9457966	42	STIM=h
9462463	42	RESP=1
9474795	42	STIM=w
9485981	42	RESP=1
9491358	42	STIM=k
9497890	42	RESP=1
9508053	42	STIM=6
9514180	42	RESP=2
9523064	42	STIM=h
9529091	42	RESP=1
9541241	42	STIM=r
9555818	42	RESP=1
9557079	42	STIM=y
9560438	42	RESP=2
9572708	42	STIM=3
9579674	42	RESP=2
9588155	42	STIM=q
9592154	42	RESP=1
9606919	42	STIM=1
9613404	42	RESP=2
9623999	42	STIM=u
9629169	42	RESP=1
9642416	42	STIM=1
9652480	42	RESP=2
9659408	42	STIM=4
9665400	42	RESP=2
9674580	42	STIM=w
9681446	42	RESP=1
9692863	42	STIM=8
9702218	42	RESP=2
9710522	42	STIM=s
9715161	42	RESP=1
9728274	42	STIM=j
9734967	42	RESP=1
9746149	42	STIM=g
9752321	42	RESP=1
9761727	42	STIM=h
9765203	42	RESP=1
9778994	42	STIM=g
9782041	42	RESP=1
9795099	42	STIM=p
9803994	42	RESP=1
9810508	42	STIM=u
9819002	42	RESP=1
9829294	42	STIM=n
9840800	42	RESP=1
9846661	42	STIM=h
9853668	42	RESP=1
9865161	42	STIM=q
9871104	42	RESP=1
9881585	42	STIM=d
9888997	42	RESP=1
9897709	42	STIM=f
9902856	42	RESP=2
9913714	42	STIM=e
9918273	42	RESP=1
9931809	42	STIM=6
9936918	42	RESP=2
9947726	42	STIM=j
9951793	42	RESP=1
9966578	42	STIM=6
9972168	42	RESP=2
9984732	42	STIM=p
9988277	42	RESP=1
10003192	42	STIM=d
10008686	42	RESP=1
10019345	42	STIM=g
10023009	42	RESP=1
10035734	42	STIM=l
10041895	42	RESP=1
10051778	42	STIM=u
10056491	42	RESP=1
10070437	42	STIM=a
10078532	42	RESP=1
10089384	42	STIM=1
10094979	42	RESP=2
10105523	42	STIM=d
10109687	42	RESP=1
10123219	42	STIM=y
10126738	42	RESP=1
10141364	42	STIM=0
10145985	42	RESP=2
10158472	42	STIM=2
10165865	42	RESP=2
10176255	42	STIM=w
10182435	42	RESP=1
10194414	42	STIM=z
10201673	42	RESP=1
10211537	42	STIM=t
10217603	42	RESP=1
10228291	42	STIM=j
10232052	42	RESP=1
10246995	42	STIM=c
10255526	42	RESP=1
10262834	42	STIM=h
10266263	42	RESP=1
10280624	42	STIM=o
10284490	42	RESP=1
10299459	42	STIM=x
10304375	42	RESP=1
10316697	42	STIM=l
10324701	42	RESP=1
10332323	42	STIM=d
10338578	42	RESP=1
10349394	42	STIM=c
10356445	42	RESP=1
10366370	42	STIM=y
10377067	42	RESP=1
10382247	42	STIM=p
10392311	42	RESP=1
10399922	42	STIM=c
10404903	42	RESP=1
10416303	42	STIM=x
10422844	42	RESP=1
10434489	42	STIM=s
10438138	42	RESP=1
10452182	42	STIM=4
10458947	42	RESP=2
10468064	42	STIM=y
10471695	42	RESP=1
10483262	42	STIM=t
10488711	42	RESP=1
10499417	42	STIM=b
10502891	42	RESP=1
10517560	42	STIM=f
10522522	42	RESP=1
10534244	42	STIM=5
10540079	42	RESP=2
10549530	42	STIM=o
10552293	42	RESP=1
10567417	42	STIM=y
10571167	42	RESP=1
10585884	42	STIM=c
10590614	42	RESP=1
10602366	42	STIM=3
10606871	42	RESP=1
10620975	42	STIM=h
10624200	42	RESP=1
10637814	42	STIM=7
10650338	42	RESP=2
10653711	42	STIM=r
10659864	42	RESP=1
10670604	42	STIM=q
10673709	42	RESP=2
10688853	42	STIM=n
10693871	42	RESP=1
10704355	42	STIM=u
10716602	42	RESP=1
10721096	42	STIM=s
10729757	42	RESP=1
10738483	42	STIM=j
10744915	42	RESP=1
10755218	42	STIM=1
10761299	42	RESP=1
10770405	42	STIM=0
10777285	42	RESP=1
10786940	42	STIM=w
10791574	42	RESP=1
10805086	42	STIM=l
10811065	42	RESP=1
10821645	42	STIM=n
10825013	42	RESP=1
10837246	42	STIM=f
10842485	42	RESP=1
10855139	42	STIM=y
10861284	42	RESP=1
10870275	42	STIM=w
10873158	42	RESP=1
10888919	42	STIM=y
10893675	42	RESP=1
10907097	42	STIM=g
10911075	42	RESP=1
10922301	42	STIM=3
10930484	42	RESP=2
10938141	42	STIM=g
10943399	42	RESP=1
10954757	42	STIM=g
10960007	42	RESP=1
10973683	42	STIM=2
10979856	42	RESP=2
10989590	42	STIM=u
10996971	42	RESP=1
11005042	42	STIM=f
11008994	42	RESP=1
11023113	42	STIM=5
11027782	42	RESP=2
11039515	42	STIM=j
11043774	42	RESP=1
11058008	42	STIM=x
11062070	42	RESP=1
11076572	42	STIM=5
11082632	42	RESP=2
11092814	42	STIM=k
11100346	42	RESP=1
11109461	42	STIM=n
11115497	42	RESP=1
11126533	42	STIM=i
11131989	42	RESP=1
11144312	42	STIM=p
11150491	42	RESP=1
11159991	42	STIM=t
11162565	42	RESP=1
11178051	42	STIM=b
11181700	42	RESP=1
11197002	42	STIM=i
11203511	42	RESP=1
11212832	42	STIM=t
11220097	42	RESP=1
11228141	42	STIM=8
11233276	42	RESP=2
11245705	42	STIM=h
11249889	42	RESP=2
11261495	42	STIM=s
11268801	42	RESP=1
11278899	42	STIM=i
11285695	42	RESP=1
11295089	42	STIM=1
11302101	42	RESP=2
11313212	42	STIM=7
11318874	42	RESP=2
11331974	42	STIM=7
11338933	42	RESP=2
11350509	42	STIM=v
11356423	42	RESP=1
11368294	42	STIM=z
11380856	42	RESP=1
11385617	42	STIM=e
11391721	42	RESP=1
11402483	42	STIM=w
11407011	42	RESP=1
11418360	42	STIM=x
11421429	42	RESP=2
11437353	42	STIM=l
11439691	42	RESP=1
11453574	42	STIM=4
11459760	42	RESP=2
11471115	42	STIM=y
11476196	42	RESP=1
11486173	42	STIM=f
11491151	42	RESP=1
11503889	42	STIM=d
11508192	42	RESP=1
11521013	42	STIM=g
11526827	42	RESP=1
11539422	42	STIM=k
11545096	42	RESP=1
11557191	42	STIM=n
11563434	42	RESP=1
11572226	42	STIM=p
11575756	42	RESP=1
11588688	42	STIM=g
11592591	42	RESP=1
11606439	42	STIM=l
11613666	42	RESP=1
11624276	42	STIM=4
11630912	42	RESP=2
11642367	42	STIM=p
11650101	42	RESP=1
11658490	42	STIM=b
11662597	42	RESP=1
11676110	42	STIM=7
11682712	42	RESP=2
11693504	42	STIM=y
11699472	42	RESP=1
11712206	42	STIM=f
11718317	42	RESP=1
11729749	42	STIM=h
11739122	42	RESP=1
11746254	42	STIM=v
11750137	42	RESP=1
11764314	42	STIM=k
11769408	42	RESP=1
11779598	42	STIM=s
11785235	42	RESP=1
11798231	42	STIM=e
11802796	42	RESP=2
11814714	42	STIM=o
11822804	42	RESP=1
11830181	42	STIM=v
11840424	42	RESP=1
11846249	42	STIM=t
11854632	42	RESP=1
11862601	42	STIM=r
11867241	42	RESP=1
11878605	42	STIM=j
11890638	42	RESP=1
11894389	42	STIM=z
11900437	42	RESP=1
11913144	42	STIM=u
11923483	42	RESP=1
11931542	42	STIM=4
11938711	42	RESP=2
11949461	42	STIM=e
11956607	42	RESP=1
11966844	42	STIM=a
11973973	42	RESP=1
11984745	42	STIM=b
11990719	42	RESP=1
12003175	42	STIM=s
12010073	42	RESP=1
12020114	42	STIM=p
12033712	42	RESP=1
12036421	42	STIM=q
12041886	42	RESP=1
12053440	42	STIM=x
12057396	42	RESP=1
12070414	42	STIM=0
12076453	42	RESP=2
12086899	42	STIM=g
12092546	42	RESP=1
12105140	42	STIM=k
12108917	42	RESP=1
12121307	42	STIM=l
12127202	42	RESP=1
12136440	42	STIM=q
12143273	42	RESP=1
12154123	42	STIM=c
12157036	42	RESP=1
12171198	42	STIM=l
12181037	42	RESP=1
12187986	42	STIM=1
12196000	42	RESP=2
12204702	42	STIM=d
12213188	42	RESP=1
12221432	42	STIM=8
12227130	42	RESP=2
12240307	42	STIM=d
12246168	42	RESP=1
12255950	42	STIM=9
12261924	42	RESP=2
12274013	42	STIM=e
12276856	42	RESP=1
12289716	42	STIM=x
12293863	42	RESP=1
12307152	42	STIM=6
12312802	42	RESP=1
12323032	42	STIM=v
12331357	42	RESP=1
12341884	42	STIM=s
12347232	42	RESP=1
12360549	42	STIM=w
12363837	42	RESP=1
12377732	42	STIM=j
12382754	42	RESP=2
12393394	42	STIM=x
12399191	42	RESP=1
12411191	42	STIM=h
12416493	42	RESP=1
12427000	42	STIM=f
12435453	42	RESP=1
12442845	42	STIM=r
12448076	42	RESP=1
12461364	42	STIM=9
12469690	42	RESP=2
12477772	42	STIM=l
12483204	42	RESP=1
12492999	42	STIM=z
12501633	42	RESP=1
12509827	42	STIM=z
12518929	42	RESP=1
12525699	42	STIM=w
12529793	42	RESP=1
12541502	42	STIM=g
12545847	42	RESP=1
12558485	42	STIM=7
12565248	42	RESP=2
12574668	42	STIM=p
12580168	42	RESP=1
12592693	42	STIM=j
12597095	42	RESP=1
12609755	42	STIM=p
12615046	42	RESP=1
12628728	42	STIM=f
12634291	42	RESP=1
12647311	42	STIM=j
12650703	42	RESP=1
12665324	42	STIM=j
12672223	42	RESP=1
12681576	42	STIM=c
12688205	42	RESP=1
12698286	42	STIM=1
12702253	42	RESP=2
12716434	42	STIM=5
12725480	42	RESP=2
12732160	42	STIM=q
12741845	42	RESP=1
12750477	42	STIM=3
12755504	42	RESP=2
12766481	42	STIM=r
12769937	42	RESP=1
12784080	42	STIM=v
12787101	42	RESP=1
12802990	42	STIM=h
12805884	42	RESP=1
12820492	42	STIM=k
12824892	42	RESP=1
12836479	42	STIM=5
12845777	42	RESP=2
12851726	42	STIM=6
12857493	42	RESP=2
12868280	42	STIM=v
12874769	42	RESP=1
12886798	42	STIM=g
12891511	42	RESP=2
12903443	42	STIM=v
12909038	42	RESP=1
12919847	42	STIM=x
12924698	42	RESP=1
12937663	42	STIM=g
12944591	42	RESP=1
12955055	42	STIM=q
12959836	42	RESP=1
12971431	42	STIM=5
12975177	42	RESP=2
12987221	42	STIM=v
12990820	42	RESP=1
13004676	42	STIM=3
13011140	42	RESP=2
13023148	42	STIM=t
13030899	42	RESP=1
13041297	42	STIM=i
13046154	42	RESP=1
13057582	42	STIM=x
13064753	42	RESP=1
13073136	42	STIM=q
13080674	42	RESP=1
13091139	42	STIM=4
13099511	42	RESP=2
13108862	42	STIM=a
13112514	42	RESP=1
13127833	42	STIM=3
13133465	42	RESP=2
13146615	42	STIM=p
13155208	42	RESP=1
13162532	42	STIM=6
13169572	42	RESP=2
13178255	42	STIM=3
13182560	42	RESP=2
13196249	42	STIM=w
13200413	42	RESP=1
13215136	42	STIM=b
13221951	42	RESP=1
13232642	42	STIM=f
13235438	42	RESP=1
13250642	42	STIM=7
13256885	42	RESP=2
13268115	42	STIM=w
13271662	42	RESP=1
13284526	42	STIM=7
13291690	42	RESP=2
13303141	42	STIM=b
13306070	42	RESP=1
13321899	42	STIM=z
13331139	42	RESP=1
13337951	42	STIM=c
13341840	42	RESP=1
13353730	42	STIM=7
13360614	42	RESP=2
13371411	42	STIM=d
13380469	42	RESP=1
13388576	42	STIM=p
13394270	42	RESP=1
13405882	42	STIM=z
13409454	42	RESP=1
13424191	42	STIM=v
13427772	42	RESP=1
13440139	42	STIM=r
13447688	42	RESP=1
13458614	42	STIM=1
13464641	42	RESP=2
13474884	42	STIM=p
13480481	42	RESP=1
13490953	42	STIM=8
13499252	42	RESP=1
13509407	42	STIM=l
13512599	42	RESP=1
13526689	42	STIM=x
13535580	42	RESP=1
13545358	42	STIM=j
13549301	42	RESP=1
13564250	42	STIM=h
13567485	42	RESP=1
13580777	42	STIM=k
13584706	42	RESP=1
13599501	42	STIM=r
13603319	42	RESP=1
13616198	42	STIM=9
13623444	42	RESP=2
13633241	42	STIM=y
13636151	42	RESP=1
13649064	42	STIM=9
13655478	42	RESP=2
13667628	42	STIM=z
13673602	42	RESP=1
13685288	42	STIM=f
13689969	42	RESP=2
13703309	42	STIM=2
13708211	42	RESP=2
13719282	42	STIM=r
13723734	42	RESP=1
13735355	42	STIM=z
13742602	42	RESP=1
13750379	42	STIM=r
13756576	42	RESP=1
13768242	42	STIM=d
13775280	42	RESP=1
13783729	42	STIM=4
13794825	42	RESP=2
13799960	42	STIM=q
13807757	42	RESP=1
13816121	42	STIM=w
13819326	42	RESP=1
13833340	42	STIM=b
13843943	42	RESP=1
13850741	42	STIM=r
13858124	42	RESP=1
13866969	42	STIM=g
13875438	42	RESP=1
13884848	42	STIM=a
13890191	42	RESP=1
13902827	42	STIM=f
13909303	42	RESP=1
13920831	42	STIM=f
13931492	42	RESP=1
13939404	42	STIM=z
13943897	42	RESP=1
13956741	42	STIM=h
13964849	42	RESP=1
13975649	42	STIM=w
13983130	42	RESP=1
13991145	42	STIM=3
13997998	42	RESP=2
14008076	42	STIM=d
14013552	42	RESP=1
14023566	42	STIM=j
14028597	42	RESP=1
14039782	42	STIM=t
14044570	42	RESP=1
14056533	42	STIM=q
14063635	42	RESP=2
14071914	42	STIM=h
14080304	42	RESP=2
14088646	42	STIM=a
14093966	42	RESP=1
14104488	42	STIM=l
14110902	42	RESP=1
14123379	42	STIM=7
14128373	42	RESP=2
14139263	42	STIM=1
14146659	42	RESP=1
14156962	42	STIM=6
14163016	42	RESP=2
14173991	42	STIM=x
14182854	42	RESP=1
14191908	42	STIM=j
14195780	42	RESP=1
14206927	42	STIM=f
14213151	42	RESP=1
14223436	42	STIM=f
14228420	42	RESP=1
14241784	42	STIM=u
14245366	42	RESP=1
14260605	42	STIM=s
14265954	42	RESP=2
14279199	42	STIM=g
14282909	42	RESP=1
14295932	42	STIM=o
14302957	42	RESP=1
14313288	42	STIM=x
14322159	42	RESP=1
14329992	42	STIM=z
14334342	42	RESP=1
14347656	42	STIM=e
14352367	42	RESP=1
14363000	42	STIM=l
14368296	42	RESP=2
14381189	42	STIM=2
14386782	42	RESP=2
14399312	42	STIM=r
14405729	42	RESP=1
14415074	42	STIM=n
14419967	42	RESP=1
14430794	42	STIM=v
14435369	42	RESP=1
14445960	42	STIM=k
14450461	42	RESP=1
14461534	42	STIM=d
14468113	42	RESP=1
14478982	42	STIM=k
14484302	42	RESP=1
14494155	42	STIM=r
14501624	42	RESP=1
14509246	42	STIM=p
14518070	42	RESP=1
14524294	42	STIM=0
14530409	42	RESP=2
14540733	42	STIM=f
14546291	42	RESP=1
14556366	42	STIM=5
14562551	42	RESP=2
14575096	42	STIM=t
14580876	42	RESP=1
14590291	42	STIM=s
14596933	42	RESP=1
14608734	42	STIM=3
14620324	42	RESP=1
14627468	42	STIM=p
14632428	42	RESP=1
14642885	42	STIM=t
14646736	42	RESP=1
14659330	42	STIM=a
14666226	42	RESP=1
14677106	42	STIM=8
14682077	42	RESP=2
14694847	42	STIM=7
14700018	42	RESP=2
14712723	42	STIM=m
14720931	42	RESP=1
14730627	42	STIM=z
14741795	42	RESP=1
14747280	42	STIM=h
14751360	42	RESP=1
14764456	42	STIM=5
14774793	42	RESP=2
14779718	42	STIM=o
14783490	42	RESP=1
14797639	42	STIM=r
14803084	42	RESP=1
14813693	42	STIM=h
14819799	42	RESP=1
14831364	42	STIM=r
14838157	42	RESP=1
14848275	42	STIM=o
14851777	42	RESP=1
14866258	42	STIM=e
14871569	42	RESP=1
14883882	42	STIM=n
14888090	42	RESP=1
14899078	42	STIM=m
14907293	42	RESP=1
14915129	42	STIM=z
14919148	42	RESP=1
14931810	42	STIM=x
14936897	42	RESP=1
14950106	42	STIM=v
14954364	42	RESP=1
14968839	42	STIM=g
14975330	42	RESP=1
14987440	42	STIM=w
14991524	42	RESP=1
15002961	42	STIM=q
15008797	42	RESP=1
15019924	42	STIM=d
15025935	42	RESP=1
15035494	42	STIM=h
15041221	42	RESP=1
15053395	42	STIM=e
15061969	42	RESP=1
15072203	42	STIM=z
15077385	42	RESP=1
15089714	42	STIM=e
15099076	42	RESP=2
15107533	42	STIM=r
15118336	42	RESP=1
15123961	42	STIM=n
15128618	42	RESP=2
15141785	42	STIM=o
15150928	42	RESP=1
15158216	42	STIM=m
15163641	42	RESP=1
15176899	42	STIM=i
15183897	42	RESP=1
15194629	42	STIM=z
15199074	42	RESP=1
15210378	42	STIM=y
15216938	42	RESP=1
15226437	42	STIM=n
15232797	42	RESP=1
15241951	42	STIM=u
15248147	42	RESP=1
15258516	42	STIM=y
15263483	42	RESP=1
15275280	42	STIM=v
15279489	42	RESP=1
15290472	42	STIM=h
15298771	42	RESP=1
15306513	42	STIM=q
15311905	42	RESP=1
15324491	42	STIM=e
15331882	42	RESP=1
15343289	42	STIM=o
15351365	42	RESP=1
15362233	42	STIM=j
15366390	42	RESP=1
15380861	42	STIM=z
15387763	42	RESP=2
15396444	42	STIM=s
15399514	42	RESP=2
15412964	42	STIM=t
15418718	42	RESP=1
15427994	42	STIM=s
15430835	42	RESP=1
15446067	42	STIM=9
15454291	42	RESP=2
15463947	42	STIM=f
15473778	42	RESP=1
15481235	42	STIM=b
15484656	42	RESP=1
15496314	42	STIM=f
15500879	42	RESP=1
15512031	42	STIM=6
15517728	42	RESP=2
15529879	42	STIM=m
15534178	42	RESP=1
15547113	42	STIM=w
15554006	42	RESP=1
15563734	42	STIM=k
15569516	42	RESP=1
15579528	42	STIM=y
15584769	42	RESP=1
15595587	42	STIM=o
15600969	42	RESP=1
15611399	42	STIM=g
15615335	42	RESP=1
15627251	42	STIM=5
15635976	42	RESP=2
15642699	42	STIM=f
15646827	42	RESP=1
15659060	42	STIM=n
15665608	42	RESP=1
15676888	42	STIM=g
15684732	42	RESP=1
15693556	42	STIM=f
15697054	42	RESP=1
15710780	42	STIM=b
15715196	42	RESP=2
15727654	42	STIM=r
15732985	42	RESP=1
15745423	42	STIM=b
15751529	42	RESP=1
15761658	42	STIM=u
15765053	42	RESP=1
15779098	42	STIM=m
15791178	42	RESP=1
15796020	42	STIM=a
15803277	42	RESP=1
15814166	42	STIM=p
15819253	42	RESP=1
15833156	42	STIM=h
15836605	42	RESP=1
15848592	42	STIM=n
15856138	42	RESP=1
15864999	42	STIM=w
15870450	42	RESP=1
15880246	42	STIM=u
15884506	42	RESP=1
15897538	42	STIM=t
15902668	42	RESP=1
15913740	42	STIM=w
15917622	42	RESP=1
15929423	42	STIM=n
15933803	42	RESP=1
15947233	42	STIM=i
15954191	42	RESP=1
15962862	42	STIM=d
15969245	42	RESP=1
15981321	42	STIM=v
15985707	42	RESP=1
15997048	42	STIM=j
16000649	42	RESP=1
16015189	42	STIM=4
16022001	42	RESP=2
16033274	42	STIM=s
16038590	42	RESP=1
16051520	42	STIM=o
16057981	42	RESP=1
16067472	42	STIM=v
16077100	42	RESP=1
16083935	42	STIM=5
16089736	42	RESP=2
16102442	42	STIM=e
16106587	42	RESP=1
16117872	42	STIM=l
16125661	42	RESP=1
16133208	42	STIM=f
16136203	42	RESP=1
16151297	42	STIM=1
16158148	42	RESP=1
16166404	42	STIM=u
16172154	42	RESP=1
16185208	42	STIM=0
16194882	42	RESP=2
16203963	42	STIM=i
16212272	42	RESP=1
16220220	42	STIM=x
16224222	42	RESP=1
16238465	42	STIM=g
16243091	42	RESP=1
16254516	42	STIM=t
16259747	42	RESP=1
16271995	42	STIM=v
16275607	42	RESP=1
16287870	42	STIM=1
16292612	42	RESP=2
16302903	42	STIM=r
16307358	42	RESP=1
16319743	42	STIM=1
16326042	42	RESP=2
16338324	42	STIM=7
16346571	42	RESP=2
16356756	42	STIM=c
16364639	42	RESP=1
16374441	42	STIM=3
16378915	42	RESP=2
16392951	42	STIM=p
16397945	42	RESP=1
16409451	42	STIM=8
16415267	42	RESP=2
16426555	42	STIM=n
16431861	42	RESP=1
16443442	42	STIM=k
16448716	42	RESP=1
16460796	42	STIM=8
16471336	42	RESP=1
16478372	42	STIM=b
16486616	42	RESP=1
16494688	42	STIM=e
16501732	42	RESP=1
16510438	42	STIM=y
16518149	42	RESP=1
16527619	42	STIM=l
16532828	42	RESP=1
16543751	42	STIM=v
16552754	42	RESP=1
16560424	42	STIM=a
16563954	42	RESP=1
16575782	42	STIM=h
16578280	42	RESP=1
16591856	42	STIM=z
16599718	42	RESP=1
16610364	42	STIM=c
16615239	42	RESP=1
16628540	42	STIM=3
16633734	42	RESP=2
16644522	42	STIM=y
16651202	42	RESP=1
16663328	42	STIM=o
16668200	42	RESP=1
16679775	42	STIM=i
16691763	42	RESP=1
16695146	42	STIM=j
16705241	42	RESP=1
16712873	42	STIM=x
16717066	42	RESP=1
16728563	42	STIM=m
16733298	42	RESP=1
16743741	42	STIM=e
16750090	42	RESP=1
16758787	42	STIM=q
16771469	42	RESP=1
16774888	42	STIM=8
16780536	42	RESP=2
16793103	42	STIM=t
16800749	42	RESP=1
16809400	42	STIM=r
16814448	42	RESP=1
16824883	42	STIM=0
16829030	42	RESP=2
16842603	42	STIM=z
16848328	42	RESP=1
16858130	42	STIM=x
16866236	42	RESP=1
16875171	42	STIM=2
16880367	42	RESP=2
16890503	42	STIM=7
16895003	42	RESP=2
16908938	42	STIM=7
16913200	42	RESP=2
16925048	42	STIM=e
16932541	42	RESP=1
16944012	42	STIM=o
16947428	42	RESP=1
16960455	42	STIM=e
16967046	42	RESP=1
16978472	42	STIM=d
16984384	42	RESP=2
16997214	42	STIM=9
17004543	42	RESP=2
17015085	42	STIM=0
17022765	42	RESP=2
17033008	42	STIM=7
17040301	42	RESP=1
17050465	42	STIM=a
17054676	42	RESP=1
17069231	42	STIM=x
17074569	42	RESP=1
17087356	42	STIM=r
17092927	42	RESP=1
17104847	42	STIM=n
17109096	42	RESP=1
17121778	42	STIM=3
17125786	42	RESP=2
17138439	42	STIM=t
17144145	42	RESP=1
17156448	42	STIM=h
17165356	42	RESP=1
17173008	42	STIM=a
17176799	42	RESP=1
17190429	42	STIM=p
17194842	42	RESP=1
17208587	42	STIM=7
17212872	42	RESP=2
17225149	42	STIM=u
17232151	42	RESP=1
17240811	42	STIM=e
17244907	42	RESP=1
17259406	42	STIM=5
17265601	42	RESP=2
17276374	42	STIM=z
17280790	42	RESP=1
17293420	42	STIM=a
17301620	42	RESP=1
17309616	42	STIM=j
17316872	42	RESP=2
17328234	42	STIM=w
17334809	42	RESP=2
17346760	42	STIM=x
17350699	42	RESP=1
17363003	42	STIM=y
17368674	42	RESP=1
17380993	42	STIM=h
17385628	42	RESP=1
17397045	42	STIM=m
17401511	42	RESP=1
17412784	42	STIM=4
17423898	42	RESP=2
17429358	42	STIM=v
17434301	42	RESP=1
17448266	42	STIM=k
17454749	42	RESP=1
17466437	42	STIM=v
17469597	42	RESP=1
17484699	42	STIM=y
17491139	42	RESP=1
17500026	42	STIM=u
17508832	42	RESP=1
17518931	42	STIM=z
17525141	42	RESP=1
17537045	42	STIM=m
17541810	42	RESP=1
17553056	42	STIM=t
17563205	42	RESP=1
17570723	42	STIM=x
17577820	42	RESP=1
17587857	42	STIM=t
17592314	42	RESP=1
17603649	42	STIM=p
17609121	42	RESP=1
17618899	42	STIM=r
17625488	42	RESP=1
17634840	42	STIM=c
17637919	42	RESP=1
17652684	42	STIM=1
17658161	42	RESP=2
17667828	42	STIM=e
17672314	42	RESP=1
17683185	42	STIM=h
17697646	42	RESP=1
17698237	42	STIM=1
17702563	42	RESP=2
17714849	42	STIM=z
17718735	42	RESP=1
17729895	42	STIM=w
17741473	42	RESP=2
17747073	42	STIM=r
17750659	42	RESP=1
17764050	42	STIM=w
17767223	42	RESP=1
17781022	42	STIM=i
17792150	42	RESP=1
17796848	42	STIM=5
17802046	42	RESP=2
17812533	42	STIM=3
17818555	42	RESP=2
17829559	42	STIM=u
17832715	42	RESP=1
17846959	42	STIM=z
17849882	42	RESP=1
17863931	42	STIM=n
17867652	42	RESP=1
17879377	42	STIM=6
17883451	42	RESP=2
17896596	42	STIM=x
17901103	42	RESP=1
17914832	42	STIM=v
17918640	42	RESP=1
17930619	42	STIM=0
17936262	42	RESP=2
17948321	42	STIM=5
17954742	42	RESP=1
17966413	42	STIM=8
17970164	42	RESP=2
17981811	42	STIM=u
17986327	42	RESP=1
18000778	42	STIM=9
18006012	42	RESP=2
18018745	42	STIM=p
18025079	42	RESP=1
18034152	42	STIM=2
18040433	42	RESP=2
18049629	42	STIM=c
18056286	42	RESP=2
18065641	42	STIM=z
18070231	42	RESP=1
18082432	42	STIM=g
18087215	42	RESP=1
18100968	42	STIM=q
18105949	42	RESP=1
18116227	42	STIM=c
18126121	42	RESP=2
18134487	42	STIM=v
18139974	42	RESP=1
18149674	42	STIM=l
18154453	42	RESP=1
18166230	42	STIM=0
18171392	42	RESP=2
18184407	42	STIM=f
18187983	42	RESP=1
18201563	42	STIM=6
18207883	42	RESP=2
18218308	42	STIM=c
18225398	42	RESP=1
18237122	42	STIM=o
18241432	42	RESP=1
18254145	42	STIM=j
18257607	42	RESP=1
18272193	42	STIM=m
18277975	42	RESP=1
18288938	42	STIM=i
18291918	42	RESP=1
18304873	42	STIM=x
18308968	42	RESP=1
18321093	42	STIM=p
18327144	42	RESP=1
18339287	42	STIM=n
18344709	42	RESP=1
18358114	42	STIM=a
18365843	42	RESP=1
18375132	42	STIM=v
18380225	42	RESP=1
18390995	42	STIM=y
18396885	42	RESP=1
18406336	42	STIM=s
18414899	42	RESP=1
18425284	42	STIM=z
18428740	42	RESP=1
18442892	42	STIM=h
18451574	42	RESP=1
18460477	42	STIM=p
18463329	42	RESP=1
18478950	42	STIM=q
18484878	42	RESP=1
18496705	42	STIM=1
18501552	42	RESP=2
18515678	42	STIM=6
18521399	42	RESP=2
18533590	42	STIM=q
18537088	42	RESP=1
18550879	42	STIM=t
18555581	42	RESP=1
18567723	42	STIM=v
18570754	42	RESP=1
18583093	42	STIM=s
18586622	42	RESP=1
18600155	42	STIM=n
18605006	42	RESP=1
18616995	42	STIM=y
18623970	42	RESP=1
18634860	42	STIM=i
18640905	42	RESP=1
18650545	42	STIM=g
18656620	42	RESP=1
18668545	42	STIM=9
18672445	42	RESP=2
18687032	42	STIM=e
18691052	42	RESP=1
18704253	42	STIM=h
18708431	42	RESP=1
18720394	42	STIM=n
18726216	42	RESP=1
18737512	42	STIM=p
18749558	42	RESP=1
18755160	42	STIM=d
18758119	42	RESP=1
18771588	42	STIM=d
18779724	42	RESP=1
18790349	42	STIM=u
18795295	42	RESP=1
18807893	42	STIM=h
18813845	42	RESP=1
18826543	42	STIM=o
18832906	42	RESP=1
18843163	42	STIM=i
18848802	42	RESP=1
18861597	42	STIM=b
18869012	42	RESP=1
18880312	42	STIM=q
18884586	42	RESP=1
18896736	42	STIM=v
18901293	42	RESP=1
18912581	42	STIM=e
18915123	42	RESP=1
18929926	42	STIM=4
18940475	42	RESP=2
18945554	42	STIM=q
18955577	42	RESP=1
18964447	42	STIM=y
18967284	42	RESP=1
18979885	42	STIM=m
18983967	42	RESP=1
18995766	42	STIM=o
19001783	42	RESP=1
19011035	42	STIM=l
19014210	42	RESP=1
19026813	42	STIM=h
19029768	42	RESP=1
19042501	42	STIM=m
19047496	42	RESP=1
19060318	42	STIM=r
19064744	42	RESP=2
19076334	42	STIM=m
19082945	42	RESP=2
19092762	42	STIM=r
19098454	42	RESP=1
19109951	42	STIM=a
19114533	42	RESP=1
19125214	42	STIM=i
19133538	42	RESP=1
19142734	42	STIM=x
19149667	42	RESP=1
19160275	42	STIM=u
19165601	42	RESP=1
19178805	42	STIM=1
19187705	42	RESP=2
19196526	42	STIM=7
19201073	42	RESP=2
19214199	42	STIM=w
19221415	42	RESP=1
19232263	42	STIM=t
19238963	42	RESP=1
19248933	42	STIM=z
19253558	42	RESP=1
19264987	42	STIM=d
19269139	42	RESP=1
19282188	42	STIM=i
19291728	42	RESP=1
19299918	42	STIM=u
19308145	42	RESP=2
19317491	42	STIM=s
19321253	42	RESP=1
19332530	42	STIM=l
19337631	42	RESP=1
19351442	42	STIM=i
19361219	42	RESP=1
19369548	42	STIM=t
19374622	42	RESP=1
19385573	42	STIM=e
19394733	42	RESP=1
19403032	42	STIM=0
19412801	42	RESP=1
19420514	42	STIM=i
19426838	42	RESP=1
19438875	42	STIM=o
19445320	42	RESP=1
19457337	42	STIM=j
19464775	42	RESP=1
19475135	42	STIM=z
19481573	42	RESP=2
19493654	42	STIM=k
19496956	42	RESP=1
19511464	42	STIM=c
19517318	42	RESP=1
19527063	42	STIM=r
19532879	42	RESP=1
19544353	42	STIM=b
19551668	42	RESP=1
19562766	42	STIM=m
19567732	42	RESP=1
19579048	42	STIM=i
19585113	42	RESP=1
19597723	42	STIM=i
19604217	42	RESP=1
19613112	42	STIM=4
19618640	42	RESP=1
19631196	42	STIM=8
19639111	42	RESP=1
19648473	42	STIM=8
19652077	42	RESP=2
19666972	42	STIM=f
19671335	42	RESP=1
19684519	42	STIM=x
19687806	42	RESP=1
19703499	42	STIM=i
19707424	42	RESP=1
19721278	42	STIM=6
19726996	42	RESP=2
19737274	42	STIM=n
19742568	42	RESP=2
19752339	42	STIM=9
19756653	42	RESP=1
19770299	42	STIM=u
19781891	42	RESP=1
19785871	42	STIM=e
19790553	42	RESP=1
19801598	42	STIM=x
19807055	42	RESP=1
19817917	42	STIM=j
19825728	42	RESP=1
19835935	42	STIM=d
19842399	42	RESP=1
19853369	42	STIM=t
19857377	42	RESP=1
19870015	42	STIM=l
19877870	42	RESP=1
19886405	42	STIM=h
19889507	42	RESP=1
19904875	42	STIM=k
19908403	42	RESP=1
19923257	42	STIM=v
19929741	42	RESP=1
19938686	42	STIM=n
19946643	42	RESP=1
19957153	42	STIM=n
19962840	42	RESP=1
19972730	42	STIM=5
19977832	42	RESP=1
19987809	42	STIM=o
19990645	42	RESP=1
20005488	42	STIM=n
20012754	42	RESP=1
20023699	42	STIM=c
20028206	42	RESP=1
20040468	42	STIM=n
20049007	42	RESP=1
20059435	42	STIM=g
20063987	42	RESP=1
20077167	42	STIM=q
20085700	42	RESP=1
20094389	42	STIM=b
20099713	42	RESP=1
20112756	42	STIM=p
20115894	42	RESP=1
20130532	42	STIM=n
20135842	42	RESP=1
20147704	42	STIM=v
20152139	42	RESP=1
20163446	42	STIM=w
20169146	42	RESP=1
20179394	42	STIM=a
20183057	42	RESP=1
20194796	42	STIM=6
20200282	42	RESP=2
20211769	42	STIM=t
20216429	42	RESP=1
20229949	42	STIM=i
20237338	42	RESP=1
20247948	42	STIM=q
20253206	42	RESP=1
20264196	42	STIM=p
20270471	42	RESP=1
20279452	42	STIM=x
20282890	42	RESP=1
20296916	42	STIM=v
20303486	42	RESP=1
20313186	42	STIM=r
20317376	42	RESP=1
20330940	42	STIM=v
20336346	42	RESP=1
20349131	42	STIM=g
20358417	42	RESP=1
20365244	42	STIM=3
20371256	42	RESP=2
20383946	42	STIM=w
20388357	42	RESP=1
20401118	42	STIM=i
20404191	42	RESP=1
20419689	42	STIM=e
20427606	42	RESP=1
20437303	42	STIM=m
20446879	42	RESP=1
20452906	42	STIM=k
20460712	42	RESP=1
20469123	42	STIM=b
20475546	42	RESP=1
20485777	42	STIM=g
20490372	42	RESP=1
20504748	42	STIM=1
20512851	42	RESP=2
20522625	42	STIM=w
20525860	42	RESP=1
20539564	42	STIM=a
20544254	42	RESP=1
20556711	42	STIM=a
20563539	42	RESP=1
20574294	42	STIM=7
20579856	42	RESP=2
20590336	42	STIM=s
20597410	42	RESP=1
20608699	42	STIM=a
20618180	42	RESP=1
20626803	42	STIM=k
20632401	42	RESP=1
20645119	42	STIM=x
20653157	42	RESP=1
20661865	42	STIM=v
20668067	42	RESP=1
20680524	42	STIM=k
20685375	42	RESP=1
20699348	42	STIM=z
20704217	42	RESP=1
20714351	42	STIM=u
20722357	42	RESP=1
20729631	42	STIM=7
20735204	42	RESP=2
20745517	42	STIM=c
20749704	42	RESP=1
20764177	42	STIM=t
20771384	42	RESP=2
20780931	42	STIM=b
20787134	42	RESP=1
20797912	42	STIM=m
20801801	42	RESP=1
20814376	42	STIM=7
20826213	42	RESP=2
20833026	42	STIM=y
20836489	42	RESP=1
20850764	42	STIM=7
20862050	42	RESP=1
20866503	42	STIM=f
20871586	42	RESP=1
20885391	42	STIM=f
20890909	42	RESP=1
20903516	42	STIM=f
20909080	42	RESP=1
20918900	42	STIM=2
20928265	42	RESP=1
20937466	42	STIM=q
20942078	42	RESP=2
20956313	42	STIM=1
20961768	42	RESP=2
20971633	42	STIM=c
20976435	42	RESP=1
20989161	42	STIM=l
20991748	42	RESP=1
21006254	42	STIM=o
21013086	42	RESP=1
21022587	42	STIM=3
21028961	42	RESP=2
21038931	42	STIM=r
21045353	42	RESP=1
21054904	42	STIM=n
21061773	42	RESP=1
21073719	42	STIM=s
21078246	42	RESP=1
21089027	42	STIM=s
21096091	42	RESP=1
21106854	42	STIM=w
21113963	42	RESP=1
21125701	42	STIM=h
21129158	42	RESP=1
21142387	42	STIM=u
21148454	42	RESP=1
21159999	42	STIM=y
21164401	42	RESP=1
21177913	42	STIM=y
21182497	42	RESP=1
21194038	42	STIM=c
21198012	42	RESP=1
21210274	42	STIM=4
21216786	42	RESP=1
21225850	42	STIM=h
21231030	42	RESP=1
21244073	42	STIM=e
21252036	42	RESP=1
21259086	42	STIM=y
21264077	42	RESP=1
21277849	42	STIM=7
21281746	42	RESP=2
21296231	42	STIM=r
21304086	42	RESP=2
21314548	42	STIM=n
21321057	42	RESP=1
21332462	42	STIM=z
21336273	42	RESP=2
21348384	42	STIM=a
21358785	42	RESP=1
21366443	42	STIM=2
21379195	42	RESP=2
21383937	42	STIM=x
21386970	42	RESP=1
21400564	42	STIM=p
21408171	42	RESP=2
21418358	42	STIM=p
21424154	42	RESP=1
21434835	42	STIM=g
21446106	42	RESP=1
21453326	42	STIM=e
21458222	42	RESP=1
21469722	42	STIM=y
21476524	42	RESP=1
21488592	42	STIM=g
21492680	42	RESP=1
21504392	42	STIM=6
21512111	42	RESP=1
21520260	42	STIM=t
21525065	42	RESP=2
21537703	42	STIM=0
21543569	42	RESP=1
21553388	42	STIM=5
21561536	42	RESP=2
21570920	42	STIM=d
21574109	42	RESP=2
21586379	42	STIM=x
21594690	42	RESP=1
21603569	42	STIM=z
21612438	42	RESP=2
21622378	42	STIM=m
21627895	42	RESP=1
21639315	42	STIM=q
21645611	42	RESP=1
21658050	42	STIM=h
21662195	42	RESP=1
21673221	42	STIM=e
21681112	42	RESP=1
21690084	42	STIM=e
21696152	42	RESP=1
21708254	42	STIM=x
21714390	42	RESP=1
21725297	42	STIM=h
21730015	42	RESP=1
21741267	42	STIM=m
21747786	42	RESP=1
21756305	42	STIM=n
21761083	42	RESP=1
21772064	42	STIM=i
21776170	42	RESP=1
21789867	42	STIM=n
21794641	42	RESP=1
21806513	42	STIM=g
21811968	42	RESP=1
21824455	42	STIM=q
21828097	42	RESP=2
21842798	42	STIM=h
21849279	42	RESP=1
