# Original filename: 0039_DBX_2016-10-11.log
# Time unit: 100 us
# RARECAT=digit
#
# Time	HHGG	Event
37578	42	STIM=k
43280	42	RESP=1
56441	42	STIM=v
59789	42	RESP=1
72224	42	STIM=k
75493	42	RESP=1
88467	42	STIM=1
96104	42	RESP=2
105725	42	STIM=7
110149	42	RESP=2
121017	42	STIM=5
129127	42	RESP=2
139060	42	STIM=y
141777	42	RESP=1
157961	42	STIM=u
162617	42	RESP=1
175547	42	STIM=h
178614	42	RESP=1
191448	42	STIM=2
198644	42	RESP=2
210307	42	STIM=h
214848	42	RESP=1
225749	42	STIM=8
232446	42	RESP=2
242125	42	STIM=j
247060	42	RESP=1
260450	42	STIM=s
264501	42	RESP=1
278909	42	STIM=o
282504	42	RESP=1
295680	42	STIM=z
298450	42	RESP=1
313629	42	STIM=6
318471	42	RESP=2
331041	42	STIM=q
340487	42	RESP=1
349246	42	STIM=4
355907	42	RESP=2
366834	42	STIM=t
370462	42	RESP=1
382085	42	STIM=z
385518	42	RESP=1
400434	42	STIM=i
403625	42	RESP=1
415823	42	STIM=m
420133	42	RESP=1
432810	42	STIM=e
436684	42	RESP=1
448623	42	STIM=o
453083	42	RESP=1
463637	42	STIM=6
474804	42	RESP=2
480774	42	STIM=w
484223	42	RESP=1
496724	42	STIM=t
500190	42	RESP=1
512428	42	STIM=f
518231	42	RESP=1
528032	42	STIM=u
532279	42	RESP=1
545239	42	STIM=i
548840	42	RESP=1
562736	42	STIM=7
567855	42	RESP=2
580409	42	STIM=m
584979	42	RESP=1
597970	42	STIM=6
603380	42	RESP=2
616806	42	STIM=6
620365	42	RESP=2
634320	42	STIM=f
639685	42	RESP=2
650039	42	STIM=t
654073	42	RESP=1
666182	42	STIM=d
670050	42	RESP=1
681355	42	STIM=t
687364	42	RESP=1
698556	42	STIM=g
701922	42	RESP=1
716997	42	STIM=o
721938	42	RESP=1
734773	42	STIM=p
739557	42	RESP=1
750010	42	STIM=z
752700	42	RESP=1
765499	42	STIM=l
768591	42	RESP=1
783097	42	STIM=2
787130	42	RESP=2
799606	42	STIM=q
806356	42	RESP=1
816305	42	STIM=f
824495	42	RESP=1
834460	42	STIM=l
838929	42	RESP=1
850206	42	STIM=8
855882	42	RESP=2
867417	42	STIM=s
870703	42	RESP=1
885005	42	STIM=n
888980	42	RESP=2
901814	42	STIM=o
904834	42	RESP=1
918446	42	STIM=d
921017	42	RESP=1
935993	42	STIM=t
940076	42	RESP=1
953044	42	STIM=t
958600	42	RESP=1
970751	42	STIM=8
977388	42	RESP=2
987901	42	STIM=l
994679	42	RESP=1
1003135	42	STIM=3
1012603	42	RESP=2
1020324	42	STIM=q
1025279	42	RESP=1
1039211	42	STIM=5
1044422	42	RESP=1
1057423	42	STIM=m
1061095	42	RESP=2
1074604	42	STIM=8
1083663	42	RESP=1
1090187	42	STIM=i
1093952	42	RESP=1
1105570	42	STIM=k
1110676	42	RESP=1
1124051	42	STIM=o
1128446	42	RESP=1
1141270	42	STIM=g
1144042	42	RESP=1
1157970	42	STIM=q
1162509	42	RESP=1
1174474	42	STIM=l
1180411	42	RESP=1
1191819	42	STIM=g
1196841	42	RESP=1
1209446	42	STIM=2
1215001	42	RESP=1
1227465	42	STIM=o
1235470	42	RESP=1
1243742	42	STIM=p
1247328	42	RESP=1
1259918	42	STIM=6
1265011	42	RESP=2
1277533	42	STIM=i
1281595	42	RESP=1
1295787	42	STIM=t
1300150	42	RESP=1
1310838	42	STIM=k
1318864	42	RESP=1
1328034	42	STIM=j
1338821	42	RESP=1
1344589	42	STIM=7
1350665	42	RESP=2
1359685	42	STIM=q
1365393	42	RESP=1
1376958	42	STIM=7
1383143	42	RESP=2
1395608	42	STIM=q
1399695	42	RESP=2
1411161	42	STIM=c
1416557	42	RESP=1
1428724	42	STIM=c
1432534	42	RESP=1
1443920	42	STIM=x
1448129	42	RESP=1
1462534	42	STIM=r
1468949	42	RESP=1
1480836	42	STIM=a
1486983	42	RESP=1
1496180	42	STIM=l
1499625	42	RESP=1
1511619	42	STIM=p
1518250	42	RESP=1
1530440	42	STIM=i
1538906	42	RESP=1
1547887	42	STIM=f
1552405	42	RESP=1
1564847	42	STIM=r
1568648	42	RESP=1
1581850	42	STIM=8
1587106	42	RESP=2
1600659	42	STIM=7
1604837	42	RESP=2
1616930	42	STIM=v
1621618	42	RESP=1
1633310	42	STIM=e
1639267	42	RESP=1
1649915	42	STIM=w
1653577	42	RESP=1
1666508	42	STIM=4
1672300	42	RESP=1
1682147	42	STIM=e
1688222	42	RESP=1
1701051	42	STIM=k
1708593	42	RESP=1
1719820	42	STIM=o
1724374	42	RESP=1
1735907	42	STIM=y
1741399	42	RESP=2
1753047	42	STIM=x
1757352	42	RESP=1
1769886	42	STIM=p
1779644	42	RESP=1
1784966	42	STIM=d
1791691	42	RESP=2
1801421	42	STIM=p
1809193	42	RESP=1
1819030	42	STIM=v
1825103	42	RESP=1
1834097	42	STIM=t
1843887	42	RESP=1
1851185	42	STIM=f
1861300	42	RESP=1
1866405	42	STIM=k
1872263	42	RESP=1
1882366	42	STIM=v
1888216	42	RESP=1
1898552	42	STIM=0
1906383	42	RESP=2
1917165	42	STIM=p
1922319	42	RESP=1
1934505	42	STIM=u
1938205	42	RESP=1
1953270	42	STIM=b
1957675	42	RESP=1
1971441	42	STIM=e
1977118	42	RESP=2
1988990	42	STIM=9
1994990	42	RESP=2
2005032	42	STIM=6
2008319	42	RESP=2
2023101	42	STIM=v
2026410	42	RESP=1
2039785	42	STIM=9
2043705	42	RESP=2
2056739	42	STIM=g
2061678	42	RESP=1
2075230	42	STIM=v
2078701	42	RESP=2
2091905	42	STIM=g
2099963	42	RESP=1
2109297	42	STIM=t
2112523	42	RESP=1
2124565	42	STIM=i
2130597	42	RESP=1
2139629	42	STIM=3
2144514	42	RESP=2
2157587	42	STIM=q
2164002	42	RESP=1
2173238	42	STIM=s
2177089	42	RESP=1
2190075	42	STIM=e
2195424	42	RESP=1
2205940	42	STIM=a
2211776	42	RESP=2
2221717	42	STIM=m
2228281	42	RESP=1
2238691	42	STIM=y
2244648	42	RESP=1
2254615	42	STIM=f
2260325	42	RESP=1
2272688	42	STIM=g
2277413	42	RESP=1
2289520	42	STIM=6
2294127	42	RESP=2
2308412	42	STIM=w
2312054	42	RESP=1
2325924	42	STIM=o
2330192	42	RESP=1
2342649	42	STIM=8
2346995	42	RESP=2
2360903	42	STIM=v
2364089	42	RESP=1
2379836	42	STIM=7
2384790	42	RESP=2
2397398	42	STIM=t
2404129	42	RESP=1
2413647	42	STIM=r
2417871	42	RESP=1
2430509	42	STIM=a
2434500	42	RESP=1
2448740	42	STIM=w
2455528	42	RESP=1
2465054	42	STIM=0
2469403	42	RESP=2
2482310	42	STIM=m
2490542	42	RESP=1
2499419	42	STIM=9
2504929	42	RESP=1
2514913	42	STIM=b
2521776	42	RESP=1
2531189	42	STIM=1
2535197	42	RESP=2
2549008	42	STIM=e
2557100	42	RESP=1
2565113	42	STIM=n
2569960	42	RESP=1
2582699	42	STIM=0
2587703	42	RESP=2
2599284	42	STIM=1
2605203	42	RESP=2
2617974	42	STIM=5
2624932	42	RESP=2
2633355	42	STIM=2
2643037	42	RESP=2
2650629	42	STIM=x
2655515	42	RESP=1
2669217	42	STIM=q
2674697	42	RESP=1
2686605	42	STIM=m
2690058	42	RESP=1
2704019	42	STIM=2
2710601	42	RESP=2
2722969	42	STIM=a
2729425	42	RESP=1
2740490	42	STIM=l
2744830	42	RESP=1
2759152	42	STIM=8
2767468	42	RESP=2
2777742	42	STIM=a
2781125	42	RESP=1
2794340	42	STIM=5
2800192	42	RESP=2
2813167	42	STIM=q
2817473	42	RESP=1
2829370	42	STIM=x
2832773	42	RESP=1
2847090	42	STIM=m
2852865	42	RESP=1
2864979	42	STIM=8
2869641	42	RESP=2
2881961	42	STIM=8
2887684	42	RESP=2
2897407	42	STIM=8
2907819	42	RESP=1
2914999	42	STIM=p
2921526	42	RESP=1
2931297	42	STIM=c
2938744	42	RESP=1
2946849	42	STIM=r
2951047	42	RESP=1
2965150	42	STIM=h
2972657	42	RESP=1
2980507	42	STIM=h
2986579	42	RESP=1
2996009	42	STIM=g
2999225	42	RESP=1
3013437	42	STIM=f
3018787	42	RESP=2
3031231	42	STIM=b
3035613	42	RESP=1
3049092	42	STIM=h
3053727	42	RESP=1
3065936	42	STIM=a
3072531	42	RESP=1
3083205	42	STIM=o
3085782	42	RESP=1
3101557	42	STIM=l
3108355	42	RESP=1
3117020	42	STIM=k
3121164	42	RESP=1
3136019	42	STIM=d
3143199	42	RESP=1
3153556	42	STIM=7
3159837	42	RESP=2
3171078	42	STIM=q
3179667	42	RESP=1
3188879	42	STIM=j
3193691	42	RESP=1
3204886	42	STIM=u
3208260	42	RESP=1
3221885	42	STIM=s
3227385	42	RESP=1
3237829	42	STIM=e
3241429	42	RESP=1
3255351	42	STIM=h
3263609	42	RESP=1
3272265	42	STIM=h
3275990	42	RESP=1
3287692	42	STIM=b
3293181	42	RESP=1
3304723	42	STIM=p
3307855	42	RESP=1
3321707	42	STIM=8
3325363	42	RESP=2
3337725	42	STIM=o
3344554	42	RESP=1
3356121	42	STIM=g
3359870	42	RESP=1
3374930	42	STIM=g
3377330	42	RESP=1
3392411	42	STIM=0
3398323	42	RESP=2
3408874	42	STIM=m
3411435	42	RESP=1
3424310	42	STIM=v
3427497	42	RESP=1
3440347	42	STIM=u
3445567	42	RESP=1
3457422	42	STIM=b
3464356	42	RESP=1
3474806	42	STIM=p
3478745	42	RESP=1
3490814	42	STIM=h
3496060	42	RESP=1
3508148	42	STIM=5
3512642	42	RESP=2
3524630	42	STIM=b
3530648	42	RESP=1
3543479	42	STIM=y
3547206	42	RESP=1
3558500	42	STIM=c
3563475	42	RESP=1
3573848	42	STIM=l
3578954	42	RESP=1
3588950	42	STIM=f
3591903	42	RESP=1
3607602	42	STIM=6
3612435	42	RESP=2
3625256	42	STIM=v
3632301	42	RESP=1
3643356	42	STIM=w
3648405	42	RESP=1
3661725	42	STIM=y
3665544	42	RESP=1
3679564	42	STIM=o
3684808	42	RESP=1
3697324	42	STIM=z
3700898	42	RESP=1
3715923	42	STIM=h
3719874	42	RESP=1
3732076	42	STIM=h
3738599	42	RESP=1
3750890	42	STIM=4
3756489	42	RESP=2
3766967	42	STIM=n
3770878	42	RESP=1
3785849	42	STIM=3
3791300	42	RESP=2
3801608	42	STIM=r
3804633	42	RESP=1
3816871	42	STIM=u
3820864	42	RESP=1
3835601	42	STIM=c
3840678	42	RESP=1
3853777	42	STIM=g
3858900	42	RESP=1
3872010	42	STIM=6
3881136	42	RESP=2
3888711	42	STIM=q
3894879	42	RESP=1
3904546	42	STIM=a
3908973	42	RESP=1
3922501	42	STIM=5
3926510	42	RESP=2
3939836	42	STIM=i
3942921	42	RESP=1
3958516	42	STIM=m
3965611	42	RESP=1
3975912	42	STIM=m
3980837	42	RESP=1
3994209	42	STIM=w
3998260	42	RESP=1
4011009	42	STIM=h
4016995	42	RESP=1
4026694	42	STIM=u
4030783	42	RESP=1
4043739	42	STIM=7
4047186	42	RESP=2
4059007	42	STIM=5
4062627	42	RESP=2
4075933	42	STIM=d
4079301	42	RESP=1
4094407	42	STIM=4
4099035	42	RESP=1
4109563	42	STIM=x
4112692	42	RESP=1
4128017	42	STIM=9
4132411	42	RESP=2
4144640	42	STIM=k
4148124	42	RESP=1
4163149	42	STIM=y
4168496	42	RESP=1
4181600	42	STIM=a
4189309	42	RESP=1
4196800	42	STIM=n
4202744	42	RESP=1
4214135	42	STIM=b
4217887	42	RESP=1
4231015	42	STIM=g
4234114	42	RESP=1
4249564	42	STIM=z
4256384	42	RESP=1
4266538	42	STIM=r
4269224	42	RESP=1
4282488	42	STIM=f
4288511	42	RESP=1
4301201	42	STIM=u
4305891	42	RESP=1
4319221	42	STIM=7
4323841	42	RESP=2
4334868	42	STIM=e
4339856	42	RESP=1
4353774	42	STIM=d
4358123	42	RESP=1
4370357	42	STIM=w
4378364	42	RESP=1
4386291	42	STIM=d
4389268	42	RESP=1
4405053	42	STIM=a
4409181	42	RESP=1
4421358	42	STIM=i
4427978	42	RESP=1
4436653	42	STIM=w
4440485	42	RESP=1
4453424	42	STIM=u
4458250	42	RESP=1
4468991	42	STIM=0
4477090	42	RESP=2
4486542	42	STIM=c
4490864	42	RESP=1
4502522	42	STIM=b
4506964	42	RESP=1
4519931	42	STIM=h
4523929	42	RESP=1
4535273	42	STIM=9
4540259	42	RESP=2
4551033	42	STIM=g
4553732	42	RESP=1
4567932	42	STIM=m
4571387	42	RESP=1
4582979	42	STIM=5
4587775	42	RESP=2
4599177	42	STIM=c
4603386	42	RESP=1
4615363	42	STIM=c
4620341	42	RESP=1
4631338	42	STIM=t
4642578	42	RESP=1
4647566	42	STIM=l
4650944	42	RESP=1
4664472	42	STIM=9
4669776	42	RESP=2
4681375	42	STIM=n
4687247	42	RESP=2
4697454	42	STIM=p
4703872	42	RESP=1
4714933	42	STIM=m
4718577	42	RESP=1
4732065	42	STIM=i
4737956	42	RESP=1
4749306	42	STIM=q
4752650	42	RESP=1
4766080	42	STIM=b
4772925	42	RESP=1
4785074	42	STIM=q
4789586	42	RESP=1
4803299	42	STIM=c
4809717	42	RESP=1
4820751	42	STIM=0
4827594	42	RESP=2
4838292	42	STIM=h
4844538	42	RESP=1
4854233	42	STIM=1
4859602	42	RESP=2
4869406	42	STIM=g
4873332	42	RESP=1
4887343	42	STIM=j
4890999	42	RESP=1
4903812	42	STIM=l
4908098	42	RESP=1
4919512	42	STIM=p
4923033	42	RESP=1
4937560	42	STIM=y
4942441	42	RESP=1
4953106	42	STIM=l
4956245	42	RESP=1
4970772	42	STIM=y
4973877	42	RESP=1
4985930	42	STIM=p
4990338	42	RESP=1
5003441	42	STIM=l
5007930	42	RESP=1
5022175	42	STIM=1
5030473	42	RESP=2
5040003	42	STIM=i
5042671	42	RESP=1
5058566	42	STIM=r
5063297	42	RESP=1
5074010	42	STIM=l
5080443	42	RESP=1
5092892	42	STIM=o
5098630	42	RESP=2
5111880	42	STIM=q
5117028	42	RESP=1
5130097	42	STIM=s
5137294	42	RESP=1
5147897	42	STIM=c
5153532	42	RESP=1
5163040	42	STIM=n
5166865	42	RESP=1
5181859	42	STIM=n
5185900	42	RESP=1
5197545	42	STIM=x
5201939	42	RESP=1
5216102	42	STIM=g
5221129	42	RESP=1
5232286	42	STIM=9
5240027	42	RESP=2
5249092	42	STIM=m
5253347	42	RESP=1
5264296	42	STIM=u
5268669	42	RESP=1
5282569	42	STIM=0
5288125	42	RESP=2
5300440	42	STIM=i
5304114	42	RESP=1
5318491	42	STIM=e
5322553	42	RESP=1
5337375	42	STIM=3
5342792	42	RESP=2
5352773	42	STIM=p
5358113	42	RESP=1
5371085	42	STIM=3
5377341	42	RESP=2
5387421	42	STIM=r
5391416	42	RESP=1
5404510	42	STIM=t
5410668	42	RESP=1
5420157	42	STIM=m
5423251	42	RESP=1
5439155	42	STIM=g
5443230	42	RESP=1
5456967	42	STIM=p
5462446	42	RESP=1
5474393	42	STIM=l
5477836	42	RESP=1
5490360	42	STIM=g
5496019	42	RESP=1
5508581	42	STIM=6
5512648	42	RESP=2
5526999	42	STIM=h
5530600	42	RESP=1
5544812	42	STIM=z
5551073	42	RESP=1
5560826	42	STIM=n
5564298	42	RESP=1
5575979	42	STIM=c
5581525	42	RESP=1
5592793	42	STIM=i
5595759	42	RESP=1
5608183	42	STIM=t
5611030	42	RESP=1
5623326	42	STIM=s
5626637	42	RESP=1
5639263	42	STIM=f
5643664	42	RESP=1
5656033	42	STIM=e
5659489	42	RESP=1
5672494	42	STIM=w
5676957	42	RESP=1
5691168	42	STIM=6
5696720	42	RESP=2
5707347	42	STIM=6
5713423	42	RESP=2
5725426	42	STIM=m
5730314	42	RESP=1
5743796	42	STIM=o
5749175	42	RESP=1
5761902	42	STIM=p
5765027	42	RESP=1
5779631	42	STIM=a
5785685	42	RESP=1
5796283	42	STIM=u
5800843	42	RESP=1
5814168	42	STIM=i
5822461	42	RESP=1
5832919	42	STIM=t
5837298	42	RESP=1
5848041	42	STIM=h
5852651	42	RESP=1
5865974	42	STIM=3
5879002	42	RESP=2
5882786	42	STIM=b
5886050	42	RESP=1
5899555	42	STIM=b
5902280	42	RESP=1
5915927	42	STIM=z
5918791	42	RESP=1
5934722	42	STIM=m
5939822	42	RESP=1
5953576	42	STIM=x
5960957	42	RESP=1
5971372	42	STIM=c
5976952	42	RESP=1
5987089	42	STIM=2
5991922	42	RESP=2
6004070	42	STIM=r
6007099	42	RESP=1
6022821	42	STIM=y
6028658	42	RESP=1
6041472	42	STIM=m
6047795	42	RESP=1
6056951	42	STIM=j
6060975	42	RESP=1
6073054	42	STIM=t
6076581	42	RESP=1
6091713	42	STIM=t
6096646	42	RESP=1
6107430	42	STIM=x
6114099	42	RESP=1
6122517	42	STIM=3
6126212	42	RESP=2
6137888	42	STIM=x
6140864	42	RESP=1
6154230	42	STIM=v
6157706	42	RESP=1
6171765	42	STIM=0
6182504	42	RESP=2
6190294	42	STIM=h
6194176	42	RESP=1
6207786	42	STIM=o
6211400	42	RESP=1
6226385	42	STIM=5
6230299	42	RESP=2
6243699	42	STIM=3
6249480	42	RESP=2
6260315	42	STIM=y
6263979	42	RESP=1
6275791	42	STIM=8
6280490	42	RESP=2
6293140	42	STIM=z
6297997	42	RESP=1
6308787	42	STIM=n
6313009	42	RESP=2
6327247	42	STIM=i
6331351	42	RESP=1
6344094	42	STIM=l
6348886	42	RESP=1
6362804	42	STIM=t
6369118	42	RESP=1
6379014	42	STIM=t
6384839	42	RESP=1
6395914	42	STIM=7
6400686	42	RESP=2
6414903	42	STIM=i
6421328	42	RESP=1
6431201	42	STIM=c
6437410	42	RESP=1
6447805	42	STIM=u
6451054	42	RESP=1
6464908	42	STIM=f
6468336	42	RESP=2
6482801	42	STIM=s
6488001	42	RESP=2
6499345	42	STIM=j
6509750	42	RESP=1
6515466	42	STIM=g
6519595	42	RESP=1
6532340	42	STIM=9
6537479	42	RESP=2
6550981	42	STIM=p
6555415	42	RESP=1
6566010	42	STIM=d
6571552	42	RESP=1
6584653	42	STIM=4
6590844	42	RESP=2
6602302	42	STIM=g
6606223	42	RESP=1
6618135	42	STIM=l
6621160	42	RESP=1
6636006	42	STIM=f
6639968	42	RESP=1
6652279	42	STIM=f
6656308	42	RESP=1
6668036	42	STIM=6
6676713	42	RESP=2
6684664	42	STIM=z
6690113	42	RESP=1
6700106	42	STIM=7
6707214	42	RESP=2
6718834	42	STIM=r
6726419	42	RESP=1
6737383	42	STIM=i
6741863	42	RESP=1
6754796	42	STIM=d
6764577	42	RESP=1
6771013	42	STIM=3
6779097	42	RESP=1
6787712	42	STIM=5
6793224	42	RESP=2
6802955	42	STIM=e
6807503	42	RESP=1
6819705	42	STIM=l
6823822	42	RESP=1
6835219	42	STIM=h
6841773	42	RESP=1
6853344	42	STIM=c
6858173	42	RESP=1
6868640	42	STIM=8
6872440	42	RESP=2
6885162	42	STIM=i
6892010	42	RESP=1
6904134	42	STIM=a
6907247	42	RESP=1
6921336	42	STIM=v
6926165	42	RESP=2
6938592	42	STIM=b
6944727	42	RESP=1
6956662	42	STIM=l
6961442	42	RESP=1
6973702	42	STIM=4
6979766	42	RESP=2
6991613	42	STIM=7
6996347	42	RESP=1
7010272	42	STIM=o
7013284	42	RESP=1
7027645	42	STIM=l
7035282	42	RESP=1
7043071	42	STIM=i
7047740	42	RESP=1
7058734	42	STIM=w
7062675	42	RESP=1
7074988	42	STIM=d
7079284	42	RESP=1
7093526	42	STIM=r
7097665	42	RESP=1
7109305	42	STIM=k
7116914	42	RESP=1
7125339	42	STIM=f
7130625	42	RESP=1
7141738	42	STIM=g
7146252	42	RESP=1
7159275	42	STIM=x
7166165	42	RESP=1
7175309	42	STIM=w
7180748	42	RESP=1
7190375	42	STIM=n
7193412	42	RESP=1
7207756	42	STIM=z
7211909	42	RESP=1
7225663	42	STIM=y
7230309	42	RESP=1
7240825	42	STIM=4
7245739	42	RESP=2
7257552	42	STIM=i
7263449	42	RESP=1
7273652	42	STIM=a
7281507	42	RESP=1
7289363	42	STIM=5
7293046	42	RESP=2
7306242	42	STIM=g
7311543	42	RESP=1
7322431	42	STIM=h
7330693	42	RESP=1
7339231	42	STIM=s
7345227	42	RESP=2
7355484	42	STIM=x
7359137	42	RESP=1
7371017	42	STIM=m
7374631	42	RESP=1
7386468	42	STIM=b
7390303	42	RESP=1
7404733	42	STIM=x
7409525	42	RESP=1
7423731	42	STIM=f
7427960	42	RESP=1
7439429	42	STIM=h
7448081	42	RESP=1
7456017	42	STIM=1
7462666	42	RESP=2
7471270	42	STIM=h
7475418	42	RESP=1
7487835	42	STIM=v
7495239	42	RESP=1
7504408	42	STIM=8
7509860	42	RESP=2
7522271	42	STIM=u
7527037	42	RESP=1
7537952	42	STIM=6
7547379	42	RESP=1
7553470	42	STIM=9
7561747	42	RESP=2
7570456	42	STIM=e
7576560	42	RESP=1
7586576	42	STIM=n
7593447	42	RESP=1
7604573	42	STIM=m
7611921	42	RESP=1
7619886	42	STIM=b
7625055	42	RESP=1
7634954	42	STIM=s
7639752	42	RESP=1
7652358	42	STIM=o
7657092	42	RESP=1
7669592	42	STIM=v
7674118	42	RESP=1
7688366	42	STIM=o
7695784	42	RESP=1
7703841	42	STIM=c
7706555	42	RESP=1
7720272	42	STIM=9
7725518	42	RESP=2
7737939	42	STIM=p
7741149	42	RESP=1
7755878	42	STIM=e
7762985	42	RESP=1
7772519	42	STIM=u
7776304	42	RESP=1
7789362	42	STIM=a
7793370	42	RESP=1
7808270	42	STIM=i
7811480	42	RESP=1
7825814	42	STIM=3
7836811	42	RESP=2
7842715	42	STIM=8
7846736	42	RESP=1
7859162	42	STIM=4
7863795	42	RESP=2
7878060	42	STIM=d
7884009	42	RESP=1
7895996	42	STIM=8
7900638	42	RESP=2
7913092	42	STIM=5
7916768	42	RESP=2
7928787	42	STIM=t
7934087	42	RESP=1
7944268	42	STIM=0
7951593	42	RESP=2
7960022	42	STIM=x
7964623	42	RESP=1
7978836	42	STIM=l
7981542	42	RESP=1
7995573	42	STIM=c
7999774	42	RESP=2
8013188	42	STIM=l
8018470	42	RESP=1
8030058	42	STIM=s
8034188	42	RESP=1
8046913	42	STIM=c
8051271	42	RESP=1
8062932	42	STIM=n
8067644	42	RESP=1
8078371	42	STIM=w
8081372	42	RESP=1
8096232	42	STIM=t
8102991	42	RESP=1
8112907	42	STIM=4
8117242	42	RESP=2
8128722	42	STIM=f
8134983	42	RESP=1
8144492	42	STIM=a
8153270	42	RESP=1
8160706	42	STIM=1
8165478	42	RESP=2
8176178	42	STIM=y
8180385	42	RESP=1
8193082	42	STIM=y
8198205	42	RESP=1
8209817	42	STIM=3
8214775	42	RESP=2
8227553	42	STIM=i
8233451	42	RESP=1
8244276	42	STIM=t
8249404	42	RESP=2
8260449	42	STIM=2
8265003	42	RESP=2
8278173	42	STIM=x
8282779	42	RESP=1
8293931	42	STIM=2
8301006	42	RESP=2
8309242	42	STIM=m
8315127	42	RESP=1
8326194	42	STIM=x
8331987	42	RESP=1
8343749	42	STIM=c
8348267	42	RESP=1
8361839	42	STIM=x
8367088	42	RESP=1
8378415	42	STIM=6
8382705	42	RESP=2
8397181	42	STIM=h
8404842	42	RESP=1
8413202	42	STIM=6
8417547	42	RESP=2
8428329	42	STIM=i
8432103	42	RESP=1
8445663	42	STIM=u
8448908	42	RESP=1
8463628	42	STIM=6
8468815	42	RESP=2
8480975	42	STIM=x
8487319	42	RESP=1
8496525	42	STIM=k
8504399	42	RESP=1
8512047	42	STIM=x
8518650	42	RESP=1
8530240	42	STIM=z
8535721	42	RESP=1
8549098	42	STIM=v
8554177	42	RESP=1
8567576	42	STIM=o
8570864	42	RESP=1
8584585	42	STIM=f
8592912	42	RESP=1
8603285	42	STIM=f
8611494	42	RESP=1
8620844	42	STIM=w
8623674	42	RESP=1
8638101	42	STIM=j
8643003	42	RESP=1
8656182	42	STIM=o
8659269	42	RESP=1
8672686	42	STIM=2
8679320	42	RESP=2
8690730	42	STIM=u
8695642	42	RESP=1
8708758	42	STIM=i
8713667	42	RESP=1
8724172	42	STIM=n
8729493	42	RESP=1
8741655	42	STIM=p
8747994	42	RESP=1
8757720	42	STIM=v
8762158	42	RESP=1
8776313	42	STIM=8
8781472	42	RESP=2
8793102	42	STIM=g
8796814	42	RESP=1
8808836	42	STIM=1
8814946	42	RESP=2
8826328	42	STIM=i
8830443	42	RESP=1
8841781	42	STIM=9
8849310	42	RESP=2
8857772	42	STIM=2
8863669	42	RESP=2
8872820	42	STIM=k
8876746	42	RESP=1
8891600	42	STIM=7
8897128	42	RESP=2
8910295	42	STIM=d
8918596	42	RESP=1
8928631	42	STIM=w
8934900	42	RESP=1
8943756	42	STIM=v
8947309	42	RESP=1
8962431	42	STIM=m
8966578	42	RESP=2
8977584	42	STIM=k
8981556	42	RESP=1
8994378	42	STIM=x
8997418	42	RESP=1
9012899	42	STIM=s
9016119	42	RESP=1
9031267	42	STIM=k
9038595	42	RESP=1
9050051	42	STIM=m
9053217	42	RESP=1
9068984	42	STIM=w
9073231	42	RESP=1
9085886	42	STIM=9
9093388	42	RESP=2
9103124	42	STIM=e
9107841	42	RESP=1
9119184	42	STIM=3
9123916	42	RESP=2
9137700	42	STIM=1
9142584	42	RESP=2
9153723	42	STIM=l
9160260	42	RESP=1
9168871	42	STIM=r
9172645	42	RESP=1
9187219	42	STIM=0
9190843	42	RESP=2
9205350	42	STIM=g
9209008	42	RESP=1
9223367	42	STIM=n
9228837	42	RESP=1
9238615	42	STIM=z
9243163	42	RESP=1
9254757	42	STIM=w
9264735	42	RESP=1
9271286	42	STIM=s
9274852	42	RESP=1
9287014	42	STIM=s
9289873	42	RESP=1
9305221	42	STIM=b
9310532	42	RESP=1
9320301	42	STIM=8
9326006	42	RESP=2
9338671	42	STIM=r
9344529	42	RESP=1
9357346	42	STIM=j
9363406	42	RESP=1
9373115	42	STIM=v
9378883	42	RESP=1
9391552	42	STIM=p
9397690	42	RESP=1
9407836	42	STIM=6
9413948	42	RESP=2
9424831	42	STIM=9
9430227	42	RESP=2
9440498	42	STIM=r
9443895	42	RESP=1
9459276	42	STIM=y
9463697	42	RESP=1
9475843	42	STIM=8
9481111	42	RESP=2
9493376	42	STIM=3
9496773	42	RESP=2
9509507	42	STIM=w
9511820	42	RESP=1
9527939	42	STIM=q
9535256	42	RESP=1
9546574	42	STIM=r
9550864	42	RESP=1
9562075	42	STIM=t
9565468	42	RESP=1
9578801	42	STIM=c
9583880	42	RESP=1
9594319	42	STIM=9
9598881	42	RESP=2
9610492	42	STIM=9
9614804	42	RESP=2
9627612	42	STIM=n
9632434	42	RESP=1
9644355	42	STIM=m
9650203	42	RESP=1
9661663	42	STIM=o
9665908	42	RESP=1
9677474	42	STIM=q
9682706	42	RESP=1
9695032	42	STIM=w
9701009	42	RESP=1
9710867	42	STIM=c
9715267	42	RESP=1
9726037	42	STIM=y
9731119	42	RESP=2
9742661	42	STIM=r
9746279	42	RESP=1
9758721	42	STIM=a
9763788	42	RESP=1
9774045	42	STIM=0
9778047	42	RESP=2
9790946	42	STIM=0
9797956	42	RESP=2
9809066	42	STIM=l
9814988	42	RESP=1
9825786	42	STIM=9
9832057	42	RESP=2
9843610	42	STIM=2
9847810	42	RESP=2
9859687	42	STIM=z
9862795	42	RESP=1
9876520	42	STIM=0
9882519	42	RESP=2
9894367	42	STIM=z
9898978	42	RESP=1
9911983	42	STIM=c
9916665	42	RESP=1
9928946	42	STIM=s
9936472	42	RESP=2
9944288	42	STIM=6
9950313	42	RESP=2
9962583	42	STIM=x
9965536	42	RESP=1
9979944	42	STIM=e
9984823	42	RESP=1
9995443	42	STIM=v
9999234	42	RESP=1
10010943	42	STIM=w
10017133	42	RESP=1
10027241	42	STIM=g
10031200	42	RESP=2
10044500	42	STIM=6
10053215	42	RESP=2
10061027	42	STIM=5
10065028	42	RESP=2
10079767	42	STIM=c
10083394	42	RESP=1
10096583	42	STIM=a
10107490	42	RESP=1
10112355	42	STIM=9
10119748	42	RESP=2
10128217	42	STIM=h
10132735	42	RESP=1
10144513	42	STIM=m
10149672	42	RESP=1
10161027	42	STIM=u
10164331	42	RESP=1
10179876	42	STIM=s
10187776	42	RESP=1
10198677	42	STIM=r
10203565	42	RESP=1
10214742	42	STIM=v
10217555	42	RESP=1
10231941	42	STIM=i
10237800	42	RESP=1
10250529	42	STIM=j
10259060	42	RESP=1
10268828	42	STIM=t
10274153	42	RESP=1
10284225	42	STIM=7
10290000	42	RESP=2
10301353	42	STIM=j
10307005	42	RESP=1
10317914	42	STIM=k
10322077	42	RESP=1
10334678	42	STIM=t
10338817	42	RESP=1
10350051	42	STIM=l
10355209	42	RESP=1
10365892	42	STIM=j
10370833	42	RESP=1
10383054	42	STIM=v
10387143	42	RESP=1
10399042	42	STIM=y
10402039	42	RESP=1
10415582	42	STIM=1
10419513	42	RESP=2
10431390	42	STIM=v
10438460	42	RESP=1
10448379	42	STIM=5
10456639	42	RESP=2
10464096	42	STIM=e
10469027	42	RESP=1
10479248	42	STIM=o
10482755	42	RESP=1
10497096	42	STIM=p
10503976	42	RESP=1
10515740	42	STIM=j
10518932	42	RESP=1
10531940	42	STIM=t
10535152	42	RESP=1
10550891	42	STIM=w
10556353	42	RESP=1
10566769	42	STIM=g
10572088	42	RESP=1
10583150	42	STIM=i
10588140	42	RESP=1
10601784	42	STIM=2
10605714	42	RESP=2
10620332	42	STIM=b
10625922	42	RESP=1
10637412	42	STIM=n
10644744	42	RESP=1
10655942	42	STIM=t
10659965	42	RESP=1
10672554	42	STIM=g
10676842	42	RESP=1
10690330	42	STIM=i
10694949	42	RESP=1
10707316	42	STIM=a
10712176	42	RESP=1
10722955	42	STIM=x
10727213	42	RESP=1
10738391	42	STIM=g
10744281	42	RESP=1
10754283	42	STIM=l
10757724	42	RESP=1
10772361	42	STIM=v
10778585	42	RESP=1
10788281	42	STIM=q
10796792	42	RESP=1
10803282	42	STIM=e
10806951	42	RESP=1
10818481	42	STIM=c
10826457	42	RESP=1
10837228	42	STIM=x
10840953	42	RESP=1
10854229	42	STIM=5
10861695	42	RESP=2
10871242	42	STIM=n
10875900	42	RESP=1
10887102	42	STIM=m
10894267	42	RESP=1
10906048	42	STIM=t
10910027	42	RESP=1
10921512	42	STIM=4
10926349	42	RESP=2
10938570	42	STIM=z
10941407	42	RESP=1
10956210	42	STIM=q
10960368	42	RESP=1
10971742	42	STIM=f
10980211	42	RESP=1
10988150	42	STIM=f
10991141	42	RESP=1
11005199	42	STIM=u
11010116	42	RESP=1
11023981	42	STIM=g
11028905	42	RESP=1
11042310	42	STIM=x
11045940	42	RESP=1
11059162	42	STIM=w
11068465	42	RESP=1
11075350	42	STIM=s
11080753	42	RESP=1
11091542	42	STIM=w
11097651	42	RESP=1
11107169	42	STIM=a
11109976	42	RESP=1
11124578	42	STIM=u
11130730	42	RESP=1
11141563	42	STIM=z
11147004	42	RESP=1
11159862	42	STIM=i
11162903	42	RESP=1
11178224	42	STIM=y
11182587	42	RESP=1
11193280	42	STIM=z
11197583	42	RESP=1
11211743	42	STIM=z
11217937	42	RESP=1
11230724	42	STIM=p
11233846	42	RESP=1
11248829	42	STIM=l
11254264	42	RESP=1
11266693	42	STIM=4
11271746	42	RESP=2
11282992	42	STIM=o
11287145	42	RESP=1
11299011	42	STIM=o
11305695	42	RESP=1
11317326	42	STIM=q
11320055	42	RESP=1
11333350	42	STIM=m
11336897	42	RESP=1
11351826	42	STIM=3
11359503	42	RESP=2
11370454	42	STIM=f
11378636	42	RESP=1
11386966	42	STIM=5
11391350	42	RESP=2
11404172	42	STIM=9
11408770	42	RESP=2
11422330	42	STIM=w
11432523	42	RESP=1
11439615	42	STIM=p
11447741	42	RESP=2
11455653	42	STIM=b
11458502	42	RESP=1
11471903	42	STIM=s
11475877	42	RESP=1
11488890	42	STIM=n
11492873	42	RESP=1
11504371	42	STIM=8
11512144	42	RESP=2
11520074	42	STIM=y
11525023	42	RESP=1
11536667	42	STIM=p
11540984	42	RESP=1
11555518	42	STIM=r
11558646	42	RESP=1
11571761	42	STIM=m
11577910	42	RESP=1
11587715	42	STIM=f
11598659	42	RESP=1
11605647	42	STIM=4
11612599	42	RESP=2
11624290	42	STIM=b
11630176	42	RESP=1
11641939	42	STIM=j
11647309	42	RESP=1
11657820	42	STIM=2
11665907	42	RESP=2
11674417	42	STIM=4
11679944	42	RESP=2
11691392	42	STIM=u
11695900	42	RESP=1
11707643	42	STIM=b
11712294	42	RESP=1
11723211	42	STIM=v
11726988	42	RESP=1
11739712	42	STIM=4
11743729	42	RESP=1
11758178	42	STIM=b
11761543	42	RESP=1
11775910	42	STIM=6
11780432	42	RESP=2
11791994	42	STIM=w
11795472	42	RESP=1
11808700	42	STIM=i
11812080	42	RESP=1
11824824	42	STIM=p
11828491	42	RESP=1
11841147	42	STIM=f
11846483	42	RESP=1
11856860	42	STIM=s
11864076	42	RESP=1
11872411	42	STIM=f
11879439	42	RESP=1
11890721	42	STIM=x
11895236	42	RESP=1
11907967	42	STIM=j
11913073	42	RESP=1
11923257	42	STIM=z
11928349	42	RESP=1
11938571	42	STIM=3
11945544	42	RESP=2
11955835	42	STIM=z
11963387	42	RESP=1
11973726	42	STIM=h
11981754	42	RESP=1
11990034	42	STIM=8
11994474	42	RESP=2
12007219	42	STIM=t
12012694	42	RESP=1
12023339	42	STIM=m
12029319	42	RESP=2
12038492	42	STIM=1
12048931	42	RESP=1
12056210	42	STIM=g
12065101	42	RESP=1
12071285	42	STIM=d
12074903	42	RESP=1
12088959	42	STIM=h
12096632	42	RESP=1
12104717	42	STIM=n
12107606	42	RESP=1
12120078	42	STIM=9
12125032	42	RESP=2
12136173	42	STIM=y
12142583	42	RESP=1
12154240	42	STIM=w
12158465	42	RESP=1
12172088	42	STIM=1
12176570	42	RESP=2
12187627	42	STIM=e
12190528	42	RESP=1
12205933	42	STIM=w
12214684	42	RESP=1
12223321	42	STIM=a
12226641	42	RESP=1
12241221	42	STIM=o
12247168	42	RESP=1
12257151	42	STIM=d
12263737	42	RESP=1
12275308	42	STIM=g
12279263	42	RESP=1
12291608	42	STIM=z
12295599	42	RESP=1
12307163	42	STIM=2
12312300	42	RESP=2
12324248	42	STIM=k
12331726	42	RESP=1
12343233	42	STIM=h
12348325	42	RESP=1
12361087	42	STIM=9
12366701	42	RESP=2
12378092	42	STIM=d
12381552	42	RESP=1
12395443	42	STIM=n
12402181	42	RESP=1
12410873	42	STIM=0
12415294	42	RESP=2
12429400	42	STIM=h
12435762	42	RESP=1
12447332	42	STIM=l
12452543	42	RESP=1
12466105	42	STIM=q
12469966	42	RESP=1
12481612	42	STIM=l
12484793	42	RESP=1
12497704	42	STIM=m
12502922	42	RESP=1
12516130	42	STIM=f
12518941	42	RESP=1
12534907	42	STIM=s
12540197	42	RESP=1
12553221	42	STIM=z
12557404	42	RESP=1
12569620	42	STIM=x
12575297	42	RESP=1
12584944	42	STIM=v
12591118	42	RESP=1
12601433	42	STIM=6
12606041	42	RESP=2
12617999	42	STIM=n
12626060	42	RESP=1
12634089	42	STIM=y
12640737	42	RESP=1
12651624	42	STIM=h
12655005	42	RESP=1
12667774	42	STIM=7
12673087	42	RESP=2
12683339	42	STIM=f
12693158	42	RESP=1
12698974	42	STIM=o
12704077	42	RESP=1
12715003	42	STIM=8
12718685	42	RESP=2
12731721	42	STIM=o
12734712	42	RESP=1
12750346	42	STIM=n
12756851	42	RESP=1
12768487	42	STIM=p
12771457	42	RESP=2
12787272	42	STIM=r
12791145	42	RESP=1
12805523	42	STIM=g
12812871	42	RESP=1
12823020	42	STIM=d
12827191	42	RESP=1
12839707	42	STIM=o
12842841	42	RESP=1
12858303	42	STIM=w
12862771	42	RESP=1
12876646	42	STIM=5
12881001	42	RESP=2
12891889	42	STIM=1
12897132	42	RESP=2
12910791	42	STIM=r
12917049	42	RESP=1
12927782	42	STIM=p
12936766	42	RESP=1
12945680	42	STIM=f
12949929	42	RESP=1
12961242	42	STIM=l
12965975	42	RESP=1
12980100	42	STIM=s
12985026	42	RESP=1
12998707	42	STIM=h
13003378	42	RESP=1
13015748	42	STIM=i
13019985	42	RESP=1
13032186	42	STIM=p
13038516	42	RESP=1
13048552	42	STIM=y
13052523	42	RESP=1
13065290	42	STIM=i
13070461	42	RESP=1
13082351	42	STIM=0
13087415	42	RESP=2
13101310	42	STIM=z
13106420	42	RESP=1
13117031	42	STIM=8
13124021	42	RESP=2
13135459	42	STIM=n
13140101	42	RESP=1
13152480	42	STIM=a
13157050	42	RESP=1
13171125	42	STIM=g
13176509	42	RESP=1
13186263	42	STIM=x
13193159	42	RESP=1
13203458	42	STIM=q
13206734	42	RESP=1
13222260	42	STIM=u
13226297	42	RESP=1
13237366	42	STIM=b
13241973	42	RESP=1
13254409	42	STIM=x
13258799	42	RESP=1
13272304	42	STIM=y
13277099	42	RESP=1
13289839	42	STIM=j
13292689	42	RESP=2
13305864	42	STIM=u
13310002	42	RESP=1
13323231	42	STIM=4
13328562	42	RESP=2
13340664	42	STIM=t
13344946	42	RESP=2
13355840	42	STIM=q
13360579	42	RESP=1
13374210	42	STIM=k
13380121	42	RESP=1
13390559	42	STIM=w
13394004	42	RESP=1
13409067	42	STIM=c
13416816	42	RESP=1
13424962	42	STIM=m
13428390	42	RESP=1
13441563	42	STIM=x
13445645	42	RESP=1
13457044	42	STIM=2
13462789	42	RESP=2
13473361	42	STIM=e
13477700	42	RESP=1
13488551	42	STIM=z
13494356	42	RESP=1
13506513	42	STIM=w
13512837	42	RESP=1
13521653	42	STIM=w
13527567	42	RESP=1
13539381	42	STIM=x
13544265	42	RESP=1
13554730	42	STIM=z
13560494	42	RESP=1
13573311	42	STIM=i
13579079	42	RESP=1
13589214	42	STIM=b
13595554	42	RESP=1
13607521	42	STIM=m
13611605	42	RESP=1
13622707	42	STIM=n
13626945	42	RESP=1
13641445	42	STIM=q
13647534	42	RESP=2
13657002	42	STIM=e
13661614	42	RESP=1
13673075	42	STIM=o
13677340	42	RESP=1
13688850	42	STIM=m
13695178	42	RESP=2
13704914	42	STIM=b
13709722	42	RESP=1
13721364	42	STIM=q
13726054	42	RESP=1
13738868	42	STIM=j
13745226	42	RESP=1
13757806	42	STIM=c
13762613	42	RESP=2
13772869	42	STIM=u
13778274	42	RESP=1
13790942	42	STIM=w
13797376	42	RESP=1
13809220	42	STIM=l
13812848	42	RESP=1
13824855	42	STIM=h
13829390	42	RESP=1
13842818	42	STIM=6
13850449	42	RESP=2
13861226	42	STIM=q
13865553	42	RESP=1
13878835	42	STIM=b
13882409	42	RESP=1
13896826	42	STIM=z
13902617	42	RESP=1
13915020	42	STIM=r
13921034	42	RESP=1
13931833	42	STIM=r
13937327	42	RESP=1
13947243	42	STIM=t
13951928	42	RESP=1
13963351	42	STIM=c
13968024	42	RESP=1
13981133	42	STIM=z
13988747	42	RESP=1
13998219	42	STIM=y
14002065	42	RESP=1
14016222	42	STIM=b
14022112	42	RESP=1
14032090	42	STIM=q
14035777	42	RESP=1
14049436	42	STIM=w
14052181	42	RESP=1
14065975	42	STIM=d
14069319	42	RESP=1
14082095	42	STIM=i
14087067	42	RESP=1
14098110	42	STIM=7
14102702	42	RESP=2
14115138	42	STIM=1
14121399	42	RESP=2
14133139	42	STIM=w
14138109	42	RESP=1
14150240	42	STIM=6
14155388	42	RESP=1
14167714	42	STIM=5
14171746	42	RESP=2
14184570	42	STIM=d
14190265	42	RESP=1
14199960	42	STIM=8
14204473	42	RESP=1
14215678	42	STIM=e
14220630	42	RESP=1
14232323	42	STIM=8
14236490	42	RESP=2
14248747	42	STIM=3
14253131	42	RESP=2
14264469	42	STIM=r
14270637	42	RESP=2
14281431	42	STIM=c
14285430	42	RESP=1
14298500	42	STIM=s
14303217	42	RESP=1
14314755	42	STIM=g
14319338	42	RESP=1
14331384	42	STIM=o
14338003	42	RESP=1
14347858	42	STIM=i
14354751	42	RESP=1
14364822	42	STIM=c
14369282	42	RESP=2
14383766	42	STIM=c
14387277	42	RESP=1
14400507	42	STIM=7
14404817	42	RESP=1
14418656	42	STIM=m
14423363	42	RESP=1
14437030	42	STIM=y
14440419	42	RESP=1
14453342	42	STIM=1
14458397	42	RESP=2
14472211	42	STIM=k
14479312	42	RESP=1
14489030	42	STIM=7
14496154	42	RESP=2
14504437	42	STIM=m
14511529	42	RESP=1
14522593	42	STIM=a
14525701	42	RESP=1
14538775	42	STIM=g
14543348	42	RESP=1
14556107	42	STIM=q
14560347	42	RESP=1
14571777	42	STIM=e
14575315	42	RESP=1
14586996	42	STIM=f
14590716	42	RESP=1
14604245	42	STIM=t
14609898	42	RESP=1
14620462	42	STIM=u
14623771	42	RESP=1
14638955	42	STIM=8
14642566	42	RESP=2
14657681	42	STIM=i
14661777	42	RESP=1
14673114	42	STIM=b
14678456	42	RESP=1
14690370	42	STIM=i
14695704	42	RESP=1
14707942	42	STIM=e
14715400	42	RESP=1
14725886	42	STIM=p
14729473	42	RESP=1
14743670	42	STIM=o
14748563	42	RESP=1
14760821	42	STIM=e
14763685	42	RESP=1
14778972	42	STIM=3
14783830	42	RESP=2
14795224	42	STIM=g
14804003	42	RESP=1
14811775	42	STIM=h
14815199	42	RESP=1
14827629	42	STIM=q
14834293	42	RESP=1
14844227	42	STIM=8
14848132	42	RESP=2
14861920	42	STIM=j
14864755	42	RESP=1
14880283	42	STIM=w
14886841	42	RESP=2
14896656	42	STIM=f
14900632	42	RESP=1
14915207	42	STIM=j
14919059	42	RESP=1
14930262	42	STIM=h
14936170	42	RESP=1
14946370	42	STIM=y
14955344	42	RESP=1
14963402	42	STIM=g
14969981	42	RESP=1
14981008	42	STIM=8
14986427	42	RESP=2
14999259	42	STIM=m
15002786	42	RESP=1
15016386	42	STIM=k
15020289	42	RESP=1
15034432	42	STIM=e
15037223	42	RESP=1
15049649	42	STIM=n
15052760	42	RESP=1
15068434	42	STIM=e
15074638	42	RESP=1
15086903	42	STIM=k
15090826	42	RESP=1
15102546	42	STIM=5
15113769	42	RESP=1
15118544	42	STIM=t
15124981	42	RESP=1
15133631	42	STIM=6
15138742	42	RESP=2
15152573	42	STIM=o
15156074	42	RESP=1
15171540	42	STIM=w
15175382	42	RESP=1
15187973	42	STIM=v
15191999	42	RESP=1
15204626	42	STIM=j
15210625	42	RESP=1
15221453	42	STIM=x
15226098	42	RESP=1
15237911	42	STIM=q
15242558	42	RESP=1
15256824	42	STIM=8
15261101	42	RESP=2
15275788	42	STIM=m
15280288	42	RESP=1
15291835	42	STIM=z
15297447	42	RESP=1
15308790	42	STIM=l
15315752	42	RESP=1
15326516	42	STIM=t
15331061	42	RESP=1
15341826	42	STIM=r
15344693	42	RESP=1
15358889	42	STIM=l
15362888	42	RESP=1
15375292	42	STIM=n
15378792	42	RESP=2
15392527	42	STIM=a
15397217	42	RESP=1
15408446	42	STIM=f
15412841	42	RESP=1
15425379	42	STIM=h
15432094	42	RESP=1
15442136	42	STIM=8
15446667	42	RESP=1
15459916	42	STIM=0
15465182	42	RESP=2
15476883	42	STIM=7
15480264	42	RESP=2
15495082	42	STIM=g
15503712	42	RESP=1
15513556	42	STIM=g
15518163	42	RESP=1
15529122	42	STIM=t
15533813	42	RESP=1
15547446	42	STIM=h
15551966	42	RESP=1
15566042	42	STIM=u
15572211	42	RESP=1
15581715	42	STIM=f
15588589	42	RESP=1
15597992	42	STIM=i
15601581	42	RESP=1
15615590	42	STIM=5
15619310	42	RESP=2
15632522	42	STIM=j
15635897	42	RESP=1
15650863	42	STIM=d
15655701	42	RESP=2
15667089	42	STIM=3
15671755	42	RESP=2
15685696	42	STIM=b
15694484	42	RESP=1
15701217	42	STIM=t
15707348	42	RESP=1
15718063	42	STIM=a
15723838	42	RESP=1
15733148	42	STIM=k
15737841	42	RESP=1
15748491	42	STIM=3
15760323	42	RESP=2
15764978	42	STIM=w
15770965	42	RESP=1
15781016	42	STIM=3
15788215	42	RESP=2
15796088	42	STIM=u
15799815	42	RESP=1
15811587	42	STIM=c
15817900	42	RESP=1
15829970	42	STIM=w
15833094	42	RESP=1
15847199	42	STIM=r
15852274	42	RESP=1
15864751	42	STIM=c
15871171	42	RESP=1
15880774	42	STIM=l
15885011	42	RESP=1
15898827	42	STIM=9
15905944	42	RESP=2
15915699	42	STIM=l
15919419	42	RESP=1
15933116	42	STIM=2
15938370	42	RESP=2
15951051	42	STIM=t
15954325	42	RESP=1
15967954	42	STIM=d
15971341	42	RESP=1
15983343	42	STIM=h
15990172	42	RESP=1
15998655	42	STIM=c
16006428	42	RESP=1
16016333	42	STIM=w
16020044	42	RESP=1
16034952	42	STIM=w
16046425	42	RESP=1
16050298	42	STIM=d
16056069	42	RESP=1
16067050	42	STIM=w
16070971	42	RESP=1
16085996	42	STIM=y
16090993	42	RESP=1
16103087	42	STIM=1
16106870	42	RESP=2
16121055	42	STIM=o
16126526	42	RESP=1
16139415	42	STIM=9
16145585	42	RESP=2
16156955	42	STIM=w
16159470	42	RESP=1
16175489	42	STIM=1
16181305	42	RESP=2
16193265	42	STIM=o
16197508	42	RESP=1
16211272	42	STIM=b
16216137	42	RESP=1
16226682	42	STIM=2
16232943	42	RESP=2
16244297	42	STIM=l
16248614	42	RESP=1
16260865	42	STIM=g
16264382	42	RESP=1
16279824	42	STIM=g
16289109	42	RESP=1
16297659	42	STIM=k
16301809	42	RESP=1
16313809	42	STIM=k
16320394	42	RESP=1
16329255	42	STIM=o
16332729	42	RESP=1
16344290	42	STIM=l
16346668	42	RESP=1
16361153	42	STIM=s
16368037	42	RESP=1
16377019	42	STIM=b
16384828	42	RESP=1
16392470	42	STIM=5
16400011	42	RESP=2
16408640	42	STIM=r
16412162	42	RESP=1
16425289	42	STIM=x
16431117	42	RESP=1
16441927	42	STIM=c
16448378	42	RESP=1
16458795	42	STIM=y
16462786	42	RESP=1
16475969	42	STIM=i
16479189	42	RESP=1
16492247	42	STIM=n
16496131	42	RESP=1
16510505	42	STIM=l
16517320	42	RESP=1
16529325	42	STIM=d
16534292	42	RESP=1
16547179	42	STIM=l
16552876	42	RESP=1
16565647	42	STIM=d
16574662	42	RESP=1
16582010	42	STIM=h
16587463	42	RESP=1
16597736	42	STIM=o
16602954	42	RESP=1
16616393	42	STIM=i
16620213	42	RESP=1
16633449	42	STIM=x
16638767	42	RESP=1
16648516	42	STIM=t
16652499	42	RESP=1
16664782	42	STIM=n
16669647	42	RESP=1
16679831	42	STIM=g
16684052	42	RESP=1
16697248	42	STIM=5
16704786	42	RESP=1
16712369	42	STIM=z
16717558	42	RESP=1
16728716	42	STIM=0
16732325	42	RESP=2
16746892	42	STIM=8
16757402	42	RESP=2
16763002	42	STIM=y
16769482	42	RESP=1
16779625	42	STIM=b
16785007	42	RESP=1
16797180	42	STIM=6
16801621	42	RESP=2
16813636	42	STIM=p
16819199	42	RESP=1
16832197	42	STIM=k
16835731	42	RESP=1
16848801	42	STIM=t
16852509	42	RESP=1
16867730	42	STIM=z
16874447	42	RESP=1
16884254	42	STIM=1
16888664	42	RESP=2
16900891	42	STIM=q
16905196	42	RESP=1
16916751	42	STIM=g
16922254	42	RESP=1
16932875	42	STIM=2
16937474	42	RESP=2
16949051	42	STIM=r
16956722	42	RESP=1
16966013	42	STIM=r
16972765	42	RESP=1
16982854	42	STIM=b
16989365	42	RESP=1
16999900	42	STIM=b
17003380	42	RESP=1
17015483	42	STIM=j
17019462	42	RESP=1
17032418	42	STIM=b
17036549	42	RESP=1
17050391	42	STIM=a
17057138	42	RESP=1
17067979	42	STIM=r
17073245	42	RESP=1
17085766	42	STIM=x
17091193	42	RESP=1
17103113	42	STIM=w
17108035	42	RESP=1
17120457	42	STIM=z
17125096	42	RESP=1
17136859	42	STIM=l
17143679	42	RESP=1
17152839	42	STIM=u
17162137	42	RESP=1
17169662	42	STIM=i
17172499	42	RESP=1
17184869	42	STIM=7
17193423	42	RESP=2
17201614	42	STIM=p
17216221	42	RESP=1
17219025	42	STIM=0
17226181	42	RESP=2
17237940	42	STIM=d
17241448	42	RESP=1
17253457	42	STIM=x
17257840	42	RESP=1
17269165	42	STIM=s
17277785	42	RESP=1
17286257	42	STIM=s
17291547	42	RESP=1
17302470	42	STIM=9
17309945	42	RESP=2
17320128	42	STIM=a
17325355	42	RESP=1
17337342	42	STIM=l
17341102	42	RESP=1
17355340	42	STIM=m
17360261	42	RESP=1
17371622	42	STIM=s
17377749	42	RESP=1
17390489	42	STIM=j
17395666	42	RESP=1
17407598	42	STIM=e
17414338	42	RESP=1
17423239	42	STIM=r
17426583	42	RESP=1
17440213	42	STIM=s
17448165	42	RESP=1
17455832	42	STIM=d
17459996	42	RESP=1
17472369	42	STIM=7
17477065	42	RESP=2
17490493	42	STIM=f
17494956	42	RESP=1
17506859	42	STIM=c
17511107	42	RESP=2
17522382	42	STIM=y
17526182	42	RESP=1
17538375	42	STIM=a
17541606	42	RESP=2
17556009	42	STIM=7
17560828	42	RESP=2
17574128	42	STIM=y
17579172	42	RESP=1
17590298	42	STIM=e
17594330	42	RESP=1
17607394	42	STIM=a
17611443	42	RESP=1
17623048	42	STIM=c
17628335	42	RESP=1
17640007	42	STIM=u
17647051	42	RESP=1
17658273	42	STIM=t
17663124	42	RESP=1
17675700	42	STIM=z
17686588	42	RESP=1
17691861	42	STIM=j
17695748	42	RESP=1
17707724	42	STIM=j
17710717	42	RESP=1
17725222	42	STIM=k
17728351	42	RESP=1
17743197	42	STIM=k
17746866	42	RESP=1
17759394	42	STIM=n
17762926	42	RESP=1
17774720	42	STIM=f
17779390	42	RESP=1
17789725	42	STIM=s
17798363	42	RESP=1
17807289	42	STIM=f
17810345	42	RESP=1
17826257	42	STIM=h
17832397	42	RESP=1
17842366	42	STIM=r
17845601	42	RESP=1
17857750	42	STIM=9
17863254	42	RESP=2
17876020	42	STIM=g
17883787	42	RESP=1
17894564	42	STIM=5
17899772	42	RESP=2
17913519	42	STIM=p
17919652	42	RESP=1
17931465	42	STIM=w
17936229	42	RESP=1
17947196	42	STIM=i
17956553	42	RESP=1
17964417	42	STIM=0
17971076	42	RESP=2
17981472	42	STIM=8
17985639	42	RESP=2
18000129	42	STIM=i
18002800	42	RESP=1
18015830	42	STIM=t
18020865	42	RESP=1
18031681	42	STIM=9
18038507	42	RESP=2
18049254	42	STIM=u
18053101	42	RESP=1
18064928	42	STIM=p
18072825	42	RESP=1
18081971	42	STIM=h
18086559	42	RESP=1
18099486	42	STIM=s
18102617	42	RESP=1
18117732	42	STIM=6
18122999	42	RESP=2
18135082	42	STIM=e
18138996	42	RESP=1
18154033	42	STIM=t
18159225	42	RESP=1
18171225	42	STIM=6
18178390	42	RESP=2
18189613	42	STIM=g
18193670	42	RESP=1
18207045	42	STIM=h
18211249	42	RESP=1
18224645	42	STIM=t
18229129	42	RESP=1
18240353	42	STIM=z
18243845	42	RESP=1
18257816	42	STIM=c
18262104	42	RESP=1
18274738	42	STIM=z
18279343	42	RESP=1
18293069	42	STIM=w
18299442	42	RESP=1
18308194	42	STIM=r
18312056	42	RESP=1
18324019	42	STIM=2
18330561	42	RESP=2
18340579	42	STIM=f
18345075	42	RESP=1
18357569	42	STIM=j
18365516	42	RESP=1
18373179	42	STIM=5
18379073	42	RESP=2
18390879	42	STIM=h
18397636	42	RESP=1
18406522	42	STIM=t
18409294	42	RESP=1
18421939	42	STIM=w
18429099	42	RESP=1
18437617	42	STIM=i
18440845	42	RESP=1
18456286	42	STIM=n
18461483	42	RESP=1
18472398	42	STIM=9
18476133	42	RESP=2
18491217	42	STIM=f
18497844	42	RESP=1
18506419	42	STIM=r
18510856	42	RESP=1
18523428	42	STIM=d
18529336	42	RESP=1
18540897	42	STIM=v
18544941	42	RESP=1
18556281	42	STIM=c
18562758	42	RESP=1
18573093	42	STIM=o
18578078	42	RESP=1
18589984	42	STIM=n
18594433	42	RESP=1
18606862	42	STIM=g
18616371	42	RESP=1
18623032	42	STIM=i
18628864	42	RESP=1
18638667	42	STIM=j
18643448	42	RESP=1
18657604	42	STIM=q
18661153	42	RESP=1
18676345	42	STIM=h
18681168	42	RESP=1
18693436	42	STIM=3
18700206	42	RESP=2
18709483	42	STIM=t
18713851	42	RESP=1
18725558	42	STIM=h
18734783	42	RESP=1
18742259	42	STIM=r
18747696	42	RESP=1
18760794	42	STIM=m
18766845	42	RESP=1
18777403	42	STIM=8
18782795	42	RESP=2
18793872	42	STIM=z
18798013	42	RESP=1
18810713	42	STIM=m
18815475	42	RESP=1
18825962	42	STIM=g
18831314	42	RESP=1
18840996	42	STIM=4
18845518	42	RESP=2
18858074	42	STIM=h
18862932	42	RESP=1
18874500	42	STIM=q
18878270	42	RESP=1
18892677	42	STIM=t
18898005	42	RESP=1
18910717	42	STIM=n
18917544	42	RESP=1
18926105	42	STIM=1
18930537	42	RESP=2
18943175	42	STIM=q
18946427	42	RESP=1
18960868	42	STIM=5
18966700	42	RESP=2
18977091	42	STIM=x
18981349	42	RESP=1
18992685	42	STIM=v
18998453	42	RESP=1
19008253	42	STIM=n
19014237	42	RESP=2
19026826	42	STIM=w
19029949	42	RESP=1
19042311	42	STIM=w
19045072	42	RESP=1
19061166	42	STIM=c
19068340	42	RESP=1
19076500	42	STIM=g
19081532	42	RESP=1
19094771	42	STIM=a
19102247	42	RESP=1
19111970	42	STIM=c
19118394	42	RESP=1
19128002	42	STIM=i
19134428	42	RESP=1
19145778	42	STIM=p
19150986	42	RESP=1
19162835	42	STIM=f
19166325	42	RESP=1
19181219	42	STIM=b
19186643	42	RESP=1
19199950	42	STIM=y
19206287	42	RESP=1
19218606	42	STIM=v
19224777	42	RESP=1
19235480	42	STIM=u
19239487	42	RESP=1
19251412	42	STIM=w
19254361	42	RESP=1
19269900	42	STIM=b
19273072	42	RESP=1
19286998	42	STIM=g
19290910	42	RESP=1
19305847	42	STIM=f
19312404	42	RESP=1
19321173	42	STIM=r
19326214	42	RESP=1
19336716	42	STIM=i
19341344	42	RESP=1
19351991	42	STIM=z
19356003	42	RESP=1
19370629	42	STIM=5
19378262	42	RESP=2
19389016	42	STIM=4
19393941	42	RESP=2
19404757	42	STIM=d
19410170	42	RESP=1
19420679	42	STIM=0
19426542	42	RESP=1
19436046	42	STIM=9
19440621	42	RESP=2
19452344	42	STIM=9
19457484	42	RESP=2
19468238	42	STIM=r
19472580	42	RESP=1
19486056	42	STIM=w
19490211	42	RESP=1
19502918	42	STIM=f
19507332	42	RESP=1
19519253	42	STIM=v
19522637	42	RESP=1
19534769	42	STIM=q
19540051	42	RESP=1
19550531	42	STIM=2
19554316	42	RESP=2
19566665	42	STIM=v
19570119	42	RESP=1
19585010	42	STIM=s
19589985	42	RESP=1
19603405	42	STIM=w
19607456	42	RESP=1
19618734	42	STIM=k
19624152	42	RESP=1
19634237	42	STIM=k
19637830	42	RESP=1
19652606	42	STIM=3
19660632	42	RESP=2
19671384	42	STIM=f
19674510	42	RESP=1
19690008	42	STIM=6
19693858	42	RESP=2
19708671	42	STIM=x
19713340	42	RESP=1
19725579	42	STIM=4
19730017	42	RESP=2
19742419	42	STIM=m
19745881	42	RESP=1
19758299	42	STIM=v
19764585	42	RESP=1
19776802	42	STIM=w
19779604	42	RESP=1
19794843	42	STIM=h
19800206	42	RESP=1
19811304	42	STIM=a
19814909	42	RESP=1
19827726	42	STIM=p
19832968	42	RESP=1
19844920	42	STIM=e
19848431	42	RESP=1
19861203	42	STIM=e
19865518	42	RESP=1
19877050	42	STIM=m
19883251	42	RESP=1
19892762	42	STIM=n
19896772	42	RESP=1
19908797	42	STIM=d
19915556	42	RESP=1
19925313	42	STIM=w
19928661	42	RESP=1
19941358	42	STIM=y
19945497	42	RESP=1
19957532	42	STIM=3
19961053	42	RESP=2
19973929	42	STIM=f
19978452	42	RESP=1
19990429	42	STIM=6
19995244	42	RESP=2
20005887	42	STIM=o
20009676	42	RESP=1
20024509	42	STIM=m
20027441	42	RESP=1
20039814	42	STIM=h
20042651	42	RESP=1
20055265	42	STIM=k
20059916	42	RESP=1
20071447	42	STIM=m
20075478	42	RESP=1
20089664	42	STIM=r
20097095	42	RESP=1
20108462	42	STIM=p
20112093	42	RESP=1
20123696	42	STIM=v
20128968	42	RESP=1
20139582	42	STIM=d
20146066	42	RESP=1
20157598	42	STIM=i
20163346	42	RESP=1
20174157	42	STIM=p
20180722	42	RESP=1
20189565	42	STIM=f
20194333	42	RESP=1
20205061	42	STIM=o
20212141	42	RESP=1
20223479	42	STIM=3
20228542	42	RESP=2
20241840	42	STIM=s
20246487	42	RESP=1
20260187	42	STIM=c
20263402	42	RESP=1
20278802	42	STIM=h
20286145	42	RESP=1
20296299	42	STIM=s
20299592	42	RESP=1
20315085	42	STIM=y
20317804	42	RESP=2
20332960	42	STIM=q
20337758	42	RESP=1
20351928	42	STIM=x
20357876	42	RESP=1
20369064	42	STIM=e
20373835	42	RESP=1
20386184	42	STIM=k
20391543	42	RESP=1
20402942	42	STIM=v
20407596	42	RESP=1
20420091	42	STIM=m
20424845	42	RESP=1
20439007	42	STIM=h
20441923	42	RESP=1
20454660	42	STIM=p
20459652	42	RESP=1
20470639	42	STIM=v
20475548	42	RESP=1
20487927	42	STIM=f
20490827	42	RESP=1
20504859	42	STIM=1
20510966	42	RESP=2
20521837	42	STIM=z
20530391	42	RESP=1
20538212	42	STIM=u
20542085	42	RESP=1
20557084	42	STIM=h
20560136	42	RESP=1
20575228	42	STIM=o
20577991	42	RESP=1
20594195	42	STIM=f
20599569	42	RESP=1
20611798	42	STIM=8
20616052	42	RESP=2
20627628	42	STIM=u
20634594	42	RESP=1
20644862	42	STIM=b
20654306	42	RESP=1
20661976	42	STIM=k
20664395	42	RESP=1
20680399	42	STIM=n
20686201	42	RESP=1
20696608	42	STIM=z
20701495	42	RESP=1
20714799	42	STIM=a
20717859	42	RESP=1
20730561	42	STIM=1
20735713	42	RESP=2
20749329	42	STIM=o
20754869	42	RESP=1
20765144	42	STIM=i
20769221	42	RESP=1
20780977	42	STIM=9
20785398	42	RESP=2
20799218	42	STIM=h
20802132	42	RESP=1
20815981	42	STIM=n
20820873	42	RESP=1
20833299	42	STIM=n
20838999	42	RESP=2
20849982	42	STIM=m
20856397	42	RESP=1
20868703	42	STIM=e
20875185	42	RESP=1
20887142	42	STIM=z
20891535	42	RESP=1
20903726	42	STIM=y
20906673	42	RESP=1
20919963	42	STIM=x
20923263	42	RESP=1
20935913	42	STIM=l
20939690	42	RESP=2
20952540	42	STIM=t
20958569	42	RESP=1
20971344	42	STIM=9
20980067	42	RESP=1
20987408	42	STIM=t
20992974	42	RESP=1
21004100	42	STIM=r
21009785	42	RESP=1
21020585	42	STIM=v
21024131	42	RESP=1
21037142	42	STIM=w
21043178	42	RESP=1
21054963	42	STIM=4
21062862	42	RESP=2
21072302	42	STIM=e
21075686	42	RESP=1
21088729	42	STIM=5
21094046	42	RESP=2
21104827	42	STIM=a
21107973	42	RESP=1
21122704	42	STIM=h
21130955	42	RESP=1
21139985	42	STIM=u
21144281	42	RESP=1
21156137	42	STIM=r
21162054	42	RESP=1
21172376	42	STIM=8
21175938	42	RESP=2
21189874	42	STIM=i
21193260	42	RESP=1
21206845	42	STIM=s
21209935	42	RESP=1
21223802	42	STIM=y
21227930	42	RESP=2
21242004	42	STIM=1
21247900	42	RESP=2
21259762	42	STIM=2
21264923	42	RESP=1
21277198	42	STIM=8
21281712	42	RESP=2
21293172	42	STIM=5
21297112	42	RESP=2
21308422	42	STIM=o
21311350	42	RESP=1
21324677	42	STIM=s
21331531	42	RESP=1
21341013	42	STIM=w
21348959	42	RESP=1
21358045	42	STIM=w
21361310	42	RESP=1
21374264	42	STIM=m
21379010	42	RESP=1
21392591	42	STIM=g
21396167	42	RESP=1
21407709	42	STIM=s
21413189	42	RESP=1
21422969	42	STIM=n
21426043	42	RESP=2
21441072	42	STIM=o
21447175	42	RESP=1
21458860	42	STIM=6
21468470	42	RESP=2
21477360	42	STIM=0
21483205	42	RESP=2
21494901	42	STIM=e
21499528	42	RESP=1
21512967	42	STIM=u
21517783	42	RESP=1
21529205	42	STIM=b
21532825	42	RESP=1
21547109	42	STIM=e
21551912	42	RESP=1
21562582	42	STIM=d
21565455	42	RESP=1
21580918	42	STIM=k
21584362	42	RESP=2
21597673	42	STIM=y
21600640	42	RESP=1
21613687	42	STIM=m
21617898	42	RESP=1
21631380	42	STIM=w
21635404	42	RESP=1
21647575	42	STIM=m
21653959	42	RESP=1
21666526	42	STIM=j
21673379	42	RESP=1
21683110	42	STIM=n
21686966	42	RESP=2
21699622	42	STIM=1
21704476	42	RESP=1
21718425	42	STIM=q
21723684	42	RESP=1
21735519	42	STIM=8
21743554	42	RESP=2
21753725	42	STIM=r
21758512	42	RESP=1
