# Original filename: 0041_IJN_2016-09-17.log
# Time unit: 100 us
# RARECAT=digit
#
# Time	HHGG	Event
37382	42	STIM=v
41633	42	RESP=1
53721	42	STIM=d
63379	42	RESP=1
71266	42	STIM=y
79904	42	RESP=1
89532	42	STIM=w
93378	42	RESP=1
104572	42	STIM=m
109576	42	RESP=1
123553	42	STIM=g
130567	42	RESP=1
140689	42	STIM=c
146881	42	RESP=1
158200	42	STIM=m
166899	42	RESP=1
173893	42	STIM=3
177928	42	RESP=2
190643	42	STIM=x
197473	42	RESP=1
209445	42	STIM=t
213599	42	RESP=1
227202	42	STIM=k
230467	42	RESP=1
244623	42	STIM=g
251424	42	RESP=1
261056	42	STIM=j
265310	42	RESP=1
279352	42	STIM=f
285937	42	RESP=1
297886	42	STIM=e
301783	42	RESP=1
316824	42	STIM=d
327854	42	RESP=1
332886	42	STIM=o
338094	42	RESP=1
350094	42	STIM=o
353192	42	RESP=1
366945	42	STIM=c
370964	42	RESP=1
383120	42	STIM=y
388250	42	RESP=1
399015	42	STIM=y
404571	42	RESP=1
414548	42	STIM=w
416910	42	RESP=2
430159	42	STIM=d
434358	42	RESP=2
448199	42	STIM=z
455978	42	RESP=1
464008	42	STIM=o
471307	42	RESP=1
482734	42	STIM=n
488651	42	RESP=1
498144	42	STIM=w
501734	42	RESP=1
515802	42	STIM=f
520662	42	RESP=1
534607	42	STIM=w
538633	42	RESP=1
553595	42	STIM=u
560403	42	RESP=1
571150	42	STIM=a
580722	42	RESP=1
589309	42	STIM=5
597286	42	RESP=2
606346	42	STIM=a
611767	42	RESP=1
622058	42	STIM=2
626001	42	RESP=2
638618	42	STIM=o
644946	42	RESP=1
657361	42	STIM=x
662985	42	RESP=1
672825	42	STIM=q
677558	42	RESP=1
689208	42	STIM=c
696206	42	RESP=1
706851	42	STIM=v
713986	42	RESP=1
724822	42	STIM=8
730192	42	RESP=2
742758	42	STIM=y
746450	42	RESP=1
759842	42	STIM=t
763184	42	RESP=1
778133	42	STIM=n
781820	42	RESP=1
795325	42	STIM=n
799914	42	RESP=1
811380	42	STIM=9
820675	42	RESP=1
828646	42	STIM=m
832526	42	RESP=2
846588	42	STIM=3
851820	42	RESP=2
864160	42	STIM=t
867320	42	RESP=1
882625	42	STIM=l
888076	42	RESP=1
900643	42	STIM=4
913671	42	RESP=2
917866	42	STIM=w
922425	42	RESP=1
933200	42	STIM=g
937443	42	RESP=1
950431	42	STIM=b
956877	42	RESP=1
967270	42	STIM=g
976511	42	RESP=1
983768	42	STIM=l
988503	42	RESP=1
1002630	42	STIM=p
1010896	42	RESP=1
1021074	42	STIM=j
1030457	42	RESP=1
1039516	42	STIM=8
1045966	42	RESP=2
1057699	42	STIM=g
1060553	42	RESP=1
1075294	42	STIM=n
1083232	42	RESP=1
1091431	42	STIM=b
1099029	42	RESP=1
1107587	42	STIM=c
1112712	42	RESP=1
1125822	42	STIM=z
1130357	42	RESP=1
1142974	42	STIM=t
1145879	42	RESP=1
1158712	42	STIM=w
1162310	42	RESP=1
1174828	42	STIM=k
1180819	42	RESP=1
1192423	42	STIM=w
1197836	42	RESP=1
1208325	42	STIM=l
1217231	42	RESP=1
1225294	42	STIM=i
1229972	42	RESP=1
1244056	42	STIM=4
1250314	42	RESP=1
1262873	42	STIM=b
1266607	42	RESP=1
1280123	42	STIM=r
1287019	42	RESP=1
1298412	42	STIM=n
1300972	42	RESP=1
1313569	42	STIM=c
1317815	42	RESP=1
1329829	42	STIM=q
1333417	42	RESP=1
1346088	42	STIM=h
1349550	42	RESP=1
1362125	42	STIM=t
1367488	42	RESP=1
1379815	42	STIM=i
1384003	42	RESP=1
1395161	42	STIM=7
1401487	42	RESP=2
1413570	42	STIM=7
1419862	42	RESP=2
1428646	42	STIM=g
1432315	42	RESP=1
1444085	42	STIM=c
1448400	42	RESP=1
1461491	42	STIM=4
1466105	42	RESP=2
1479558	42	STIM=j
1484797	42	RESP=1
1495914	42	STIM=r
1501038	42	RESP=1
1514210	42	STIM=j
1517135	42	RESP=1
1529352	42	STIM=e
1536394	42	RESP=1
1547716	42	STIM=v
1553528	42	RESP=1
1566556	42	STIM=a
1571010	42	RESP=1
1585448	42	STIM=8
1590278	42	RESP=2
1604378	42	STIM=d
1610164	42	RESP=1
1620574	42	STIM=h
1627452	42	RESP=1
1637853	42	STIM=2
1645959	42	RESP=2
1656828	42	STIM=f
1666038	42	RESP=1
1672883	42	STIM=w
1676276	42	RESP=1
1688056	42	STIM=6
1693937	42	RESP=2
1705764	42	STIM=x
1714354	42	RESP=1
1721837	42	STIM=v
1729930	42	RESP=1
1740390	42	STIM=j
1745216	42	RESP=1
1758877	42	STIM=m
1763950	42	RESP=1
1775183	42	STIM=3
1780804	42	RESP=2
1790356	42	STIM=p
1793961	42	RESP=1
1807481	42	STIM=c
1813889	42	RESP=1
1824432	42	STIM=p
1831386	42	RESP=1
1839486	42	STIM=g
1851341	42	RESP=1
1857756	42	STIM=u
1863693	42	RESP=1
1873570	42	STIM=k
1879393	42	RESP=1
1890935	42	STIM=2
1895577	42	RESP=2
1907440	42	STIM=v
1914705	42	RESP=1
1923642	42	STIM=w
1931192	42	RESP=1
1939349	42	STIM=n
1948438	42	RESP=1
1955631	42	STIM=0
1966153	42	RESP=2
1972705	42	STIM=v
1980917	42	RESP=1
1988716	42	STIM=8
1996686	42	RESP=1
2007076	42	STIM=s
2014247	42	RESP=1
2024948	42	STIM=l
2031761	42	RESP=1
2043110	42	STIM=9
2048322	42	RESP=2
2058845	42	STIM=h
2062505	42	RESP=1
2075894	42	STIM=e
2080338	42	RESP=1
2093847	42	STIM=k
2098716	42	RESP=1
2112317	42	STIM=2
2116697	42	RESP=2
2128609	42	STIM=o
2134748	42	RESP=1
2146075	42	STIM=u
2158876	42	RESP=1
2161614	42	STIM=8
2169851	42	RESP=2
2178417	42	STIM=6
2185151	42	RESP=2
2197085	42	STIM=n
2208975	42	RESP=1
2216050	42	STIM=d
2221764	42	RESP=1
2233024	42	STIM=t
2239785	42	RESP=1
2251035	42	STIM=k
2255640	42	RESP=1
2268691	42	STIM=w
2272509	42	RESP=1
2284472	42	STIM=y
2293274	42	RESP=2
2302077	42	STIM=7
2307777	42	RESP=2
2317799	42	STIM=n
2322966	42	RESP=1
2335757	42	STIM=b
2342511	42	RESP=1
2354735	42	STIM=e
2362042	42	RESP=1
2373311	42	STIM=g
2376147	42	RESP=1
2390880	42	STIM=g
2395841	42	RESP=1
2408651	42	STIM=7
2414186	42	RESP=2
2427258	42	STIM=j
2434967	42	RESP=1
2442838	42	STIM=p
2446059	42	RESP=2
2459147	42	STIM=x
2465296	42	RESP=1
2475496	42	STIM=z
2480944	42	RESP=1
2492742	42	STIM=c
2496381	42	RESP=1
2509444	42	STIM=z
2512339	42	RESP=1
2524682	42	STIM=7
2528955	42	RESP=2
2540112	42	STIM=s
2545644	42	RESP=1
2558979	42	STIM=h
2563566	42	RESP=2
2575803	42	STIM=d
2581654	42	RESP=1
2593768	42	STIM=k
2598003	42	RESP=1
2608966	42	STIM=w
2615080	42	RESP=1
2626008	42	STIM=z
2630370	42	RESP=1
2642645	42	STIM=0
2647543	42	RESP=2
2658070	42	STIM=j
2663528	42	RESP=1
2674577	42	STIM=a
2679437	42	RESP=1
2691493	42	STIM=g
2694264	42	RESP=1
2706982	42	STIM=s
2715760	42	RESP=1
2725943	42	STIM=m
2731992	42	RESP=1
2742722	42	STIM=9
2750900	42	RESP=2
2758629	42	STIM=o
2764154	42	RESP=1
2777437	42	STIM=g
2780973	42	RESP=2
2795181	42	STIM=1
2799980	42	RESP=2
2810777	42	STIM=g
2818270	42	RESP=1
2829642	42	STIM=4
2836192	42	RESP=2
2845154	42	STIM=7
2850753	42	RESP=2
2860524	42	STIM=a
2866551	42	RESP=1
2877125	42	STIM=r
2882832	42	RESP=1
2895803	42	STIM=y
2903731	42	RESP=1
2913658	42	STIM=b
2920549	42	RESP=1
2929229	42	STIM=p
2932469	42	RESP=1
2945093	42	STIM=c
2950464	42	RESP=1
2960479	42	STIM=d
2966982	42	RESP=1
2978378	42	STIM=m
2983002	42	RESP=1
2996280	42	STIM=k
3000165	42	RESP=1
3012688	42	STIM=1
3018387	42	RESP=2
3030141	42	STIM=y
3038103	42	RESP=1
3048592	42	STIM=f
3055418	42	RESP=2
3064012	42	STIM=b
3067550	42	RESP=1
3080014	42	STIM=a
3084000	42	RESP=1
3095829	42	STIM=9
3103956	42	RESP=2
3112976	42	STIM=q
3118121	42	RESP=1
3128446	42	STIM=y
3133628	42	RESP=1
3146880	42	STIM=j
3150615	42	RESP=1
3162399	42	STIM=b
3168160	42	RESP=1
3180598	42	STIM=d
3185487	42	RESP=1
3199440	42	STIM=u
3204027	42	RESP=1
3215158	42	STIM=r
3221260	42	RESP=2
3231829	42	STIM=x
3235533	42	RESP=1
3249605	42	STIM=x
3252429	42	RESP=1
3267204	42	STIM=7
3279266	42	RESP=2
3283392	42	STIM=l
3292492	42	RESP=1
3302154	42	STIM=7
3308607	42	RESP=2
3319765	42	STIM=5
3328907	42	RESP=2
3336204	42	STIM=1
3343230	42	RESP=2
3352062	42	STIM=w
3356560	42	RESP=1
3370869	42	STIM=u
3375841	42	RESP=1
3385980	42	STIM=o
3392583	42	RESP=2
3403891	42	STIM=2
3409929	42	RESP=2
3421172	42	STIM=4
3429345	42	RESP=1
3438315	42	STIM=v
3445218	42	RESP=1
3457288	42	STIM=c
3465437	42	RESP=1
3473021	42	STIM=a
3480114	42	RESP=1
3490687	42	STIM=o
3497192	42	RESP=1
3508608	42	STIM=k
3512441	42	RESP=1
3523783	42	STIM=s
3530805	42	RESP=1
3541827	42	STIM=m
3549563	42	RESP=1
3558990	42	STIM=5
3564027	42	RESP=2
3574674	42	STIM=d
3581531	42	RESP=1
3591857	42	STIM=x
3595659	42	RESP=1
3607371	42	STIM=s
3614548	42	RESP=1
3623763	42	STIM=u
3627030	42	RESP=1
3640232	42	STIM=i
3645123	42	RESP=1
3657115	42	STIM=g
3664276	42	RESP=1
3675689	42	STIM=r
3679465	42	RESP=1
3691950	42	STIM=m
3696600	42	RESP=1
3708614	42	STIM=u
3713779	42	RESP=2
3725144	42	STIM=k
3734040	42	RESP=1
3740780	42	STIM=n
3748519	42	RESP=1
3757233	42	STIM=i
3761431	42	RESP=2
3774995	42	STIM=3
3781173	42	RESP=2
3793837	42	STIM=t
3802596	42	RESP=1
3809884	42	STIM=v
3817174	42	RESP=1
3827799	42	STIM=y
3832423	42	RESP=1
3846564	42	STIM=q
3854705	42	RESP=1
3864631	42	STIM=i
3872476	42	RESP=1
3881587	42	STIM=1
3888616	42	RESP=2
3898160	42	STIM=g
3903909	42	RESP=1
3914565	42	STIM=g
3919245	42	RESP=1
3930159	42	STIM=s
3937342	42	RESP=1
3949118	42	STIM=2
3955676	42	RESP=2
3967936	42	STIM=5
3976513	42	RESP=2
3983220	42	STIM=w
3988096	42	RESP=2
4000523	42	STIM=a
4004042	42	RESP=2
4018854	42	STIM=5
4024948	42	RESP=2
4034933	42	STIM=m
4040369	42	RESP=1
4052050	42	STIM=9
4062150	42	RESP=2
4069265	42	STIM=6
4072663	42	RESP=2
4086333	42	STIM=v
4091559	42	RESP=1
4104403	42	STIM=c
4110156	42	RESP=1
4123342	42	STIM=2
4132180	42	RESP=2
4141670	42	STIM=f
4145456	42	RESP=1
4158913	42	STIM=v
4166036	42	RESP=1
4174875	42	STIM=g
4180712	42	RESP=1
4192158	42	STIM=3
4202114	42	RESP=2
4210091	42	STIM=b
4214684	42	RESP=1
4226996	42	STIM=e
4233731	42	RESP=1
4244367	42	STIM=z
4247672	42	RESP=1
4261731	42	STIM=u
4265252	42	RESP=1
4278779	42	STIM=b
4285067	42	RESP=1
4294112	42	STIM=z
4300337	42	RESP=1
4309828	42	STIM=2
4317050	42	RESP=1
4328321	42	STIM=r
4334516	42	RESP=1
4345329	42	STIM=x
4351105	42	RESP=1
4363096	42	STIM=s
4372025	42	RESP=1
4380410	42	STIM=i
4384879	42	RESP=1
4398683	42	STIM=h
4402260	42	RESP=1
4416384	42	STIM=6
4423040	42	RESP=2
4433284	42	STIM=0
4437628	42	RESP=2
4449167	42	STIM=1
4454860	42	RESP=2
4464693	42	STIM=x
4467551	42	RESP=1
4483102	42	STIM=r
4486310	42	RESP=1
4499210	42	STIM=b
4503796	42	RESP=1
4517847	42	STIM=v
4524231	42	RESP=1
4535450	42	STIM=4
4542525	42	RESP=2
4554023	42	STIM=s
4561843	42	RESP=1
4572080	42	STIM=r
4580710	42	RESP=1
4590749	42	STIM=c
4594037	42	RESP=1
4607001	42	STIM=b
4610772	42	RESP=1
4622042	42	STIM=5
4629450	42	RESP=2
4638008	42	STIM=p
4642995	42	RESP=1
4654051	42	STIM=e
4657439	42	RESP=1
4670254	42	STIM=5
4676776	42	RESP=1
4687227	42	STIM=m
4691124	42	RESP=1
4703550	42	STIM=u
4708796	42	RESP=1
4720603	42	STIM=q
4723567	42	RESP=1
4739405	42	STIM=p
4745446	42	RESP=1
4757506	42	STIM=b
4767963	42	RESP=1
4773671	42	STIM=l
4780428	42	RESP=1
4789473	42	STIM=k
4793647	42	RESP=1
4807525	42	STIM=n
4812872	42	RESP=1
4826513	42	STIM=n
4834547	42	RESP=2
4844826	42	STIM=z
4850112	42	RESP=1
4862369	42	STIM=0
4870240	42	RESP=2
4878849	42	STIM=c
4883313	42	RESP=1
4895211	42	STIM=5
4903554	42	RESP=1
4913260	42	STIM=l
4917812	42	RESP=1
4930835	42	STIM=e
4935634	42	RESP=1
4948028	42	STIM=v
4955892	42	RESP=1
4963072	42	STIM=v
4968776	42	RESP=1
4979638	42	STIM=b
4986139	42	RESP=1
4996734	42	STIM=9
5005650	42	RESP=1
5015278	42	STIM=8
5020365	42	RESP=1
5030864	42	STIM=y
5038612	42	RESP=1
5047825	42	STIM=y
5054109	42	RESP=1
5063704	42	STIM=o
5068116	42	RESP=1
5080339	42	STIM=k
5086571	42	RESP=1
5097326	42	STIM=r
5105033	42	RESP=2
5113042	42	STIM=t
5119003	42	RESP=1
5129428	42	STIM=t
5132242	42	RESP=1
5148203	42	STIM=s
5157559	42	RESP=2
5166936	42	STIM=m
5174957	42	RESP=1
5181987	42	STIM=a
5187443	42	RESP=1
5198614	42	STIM=a
5203599	42	RESP=1
5215032	42	STIM=e
5220525	42	RESP=1
5232184	42	STIM=2
5236274	42	RESP=2
5247604	42	STIM=k
5253455	42	RESP=1
5263678	42	STIM=a
5268240	42	RESP=1
5279258	42	STIM=o
5284577	42	RESP=1
5297038	42	STIM=z
5303069	42	RESP=1
5314712	42	STIM=z
5321007	42	RESP=1
5329791	42	STIM=a
5333143	42	RESP=1
5347105	42	STIM=h
5353609	42	RESP=1
5363316	42	STIM=u
5370297	42	RESP=1
5379330	42	STIM=j
5384695	42	RESP=1
5395775	42	STIM=n
5399920	42	RESP=1
5412181	42	STIM=t
5416519	42	RESP=1
5429481	42	STIM=v
5438053	42	RESP=1
5448465	42	STIM=r
5452851	42	RESP=1
5464983	42	STIM=t
5476934	42	RESP=1
5482206	42	STIM=2
5490166	42	RESP=2
5500681	42	STIM=7
5506698	42	RESP=2
5517978	42	STIM=l
5522201	42	RESP=1
5533595	42	STIM=e
5542067	42	RESP=1
5549009	42	STIM=j
5554435	42	RESP=1
5565065	42	STIM=o
5569199	42	RESP=1
5583510	42	STIM=7
5588788	42	RESP=1
5599361	42	STIM=m
5604852	42	RESP=1
5616333	42	STIM=h
5623331	42	RESP=1
5633535	42	STIM=7
5640879	42	RESP=2
5651034	42	STIM=l
5655626	42	RESP=1
5669431	42	STIM=d
5675213	42	RESP=1
5687430	42	STIM=q
5694759	42	RESP=1
5702730	42	STIM=w
5708328	42	RESP=1
5718628	42	STIM=4
5726350	42	RESP=2
5737064	42	STIM=s
5743792	42	RESP=1
5755063	42	STIM=x
5759788	42	RESP=1
5773989	42	STIM=u
5778224	42	RESP=1
5791683	42	STIM=u
5794543	42	RESP=1
5810575	42	STIM=y
5816975	42	RESP=1
5826355	42	STIM=0
5835702	42	RESP=2
5841573	42	STIM=t
5846619	42	RESP=1
5860250	42	STIM=i
5866549	42	RESP=2
5878974	42	STIM=5
5892281	42	RESP=1
5897767	42	STIM=v
5908257	42	RESP=2
5915760	42	STIM=i
5921664	42	RESP=1
5932600	42	STIM=r
5938708	42	RESP=1
5950127	42	STIM=c
5954694	42	RESP=1
5968163	42	STIM=c
5970851	42	RESP=1
5985310	42	STIM=e
5993608	42	RESP=1
6000958	42	STIM=n
6013943	42	RESP=1
6019161	42	STIM=w
6024733	42	RESP=1
6035295	42	STIM=m
6045247	42	RESP=1
6052567	42	STIM=4
6059898	42	RESP=2
6069921	42	STIM=o
6072833	42	RESP=2
6086018	42	STIM=m
6090773	42	RESP=1
6103764	42	STIM=q
6109934	42	RESP=1
6119011	42	STIM=p
6126441	42	RESP=1
6135554	42	STIM=q
6147950	42	RESP=2
6151516	42	STIM=o
6157581	42	RESP=1
6167610	42	STIM=d
6171977	42	RESP=1
6185765	42	STIM=e
6191912	42	RESP=1
6201120	42	STIM=l
6204928	42	RESP=1
6219393	42	STIM=o
6227280	42	RESP=2
6235706	42	STIM=t
6238553	42	RESP=1
6251625	42	STIM=e
6254568	42	RESP=1
6270503	42	STIM=6
6275862	42	RESP=2
6287265	42	STIM=n
6290149	42	RESP=1
6305961	42	STIM=2
6312114	42	RESP=2
6322071	42	STIM=5
6326808	42	RESP=2
6340986	42	STIM=g
6349054	42	RESP=1
6358919	42	STIM=f
6366382	42	RESP=1
6376193	42	STIM=e
6384273	42	RESP=1
6391763	42	STIM=r
6398561	42	RESP=1
6407782	42	STIM=s
6415286	42	RESP=1
6426669	42	STIM=t
6436393	42	RESP=1
6444781	42	STIM=y
6453673	42	RESP=1
6461375	42	STIM=r
6469675	42	RESP=1
6479442	42	STIM=5
6485393	42	RESP=1
6497679	42	STIM=h
6504385	42	RESP=1
6513001	42	STIM=a
6518874	42	RESP=1
6529771	42	STIM=r
6534779	42	RESP=1
6547845	42	STIM=x
6553171	42	RESP=1
6563076	42	STIM=j
6565585	42	RESP=1
6582047	42	STIM=m
6587689	42	RESP=1
6599167	42	STIM=x
6604780	42	RESP=1
6617731	42	STIM=g
6624303	42	RESP=1
6634707	42	STIM=t
6638575	42	RESP=1
6650057	42	STIM=i
6653421	42	RESP=1
6666347	42	STIM=h
6670867	42	RESP=1
6681759	42	STIM=8
6688432	42	RESP=1
6698331	42	STIM=p
6703484	42	RESP=1
6716170	42	STIM=f
6720110	42	RESP=1
6733827	42	STIM=b
6739263	42	RESP=1
6749408	42	STIM=k
6753635	42	RESP=1
6766393	42	STIM=i
6771056	42	RESP=2
6783818	42	STIM=w
6787615	42	RESP=1
6802131	42	STIM=d
6808016	42	RESP=1
6820798	42	STIM=x
6824649	42	RESP=1
6838725	42	STIM=o
6845274	42	RESP=1
6857712	42	STIM=7
6866464	42	RESP=2
6873338	42	STIM=k
6877967	42	RESP=1
6890719	42	STIM=v
6893256	42	RESP=1
6907049	42	STIM=j
6911723	42	RESP=1
6922903	42	STIM=o
6931151	42	RESP=2
6941416	42	STIM=1
6948616	42	RESP=2
6957401	42	STIM=j
6963959	42	RESP=2
6975860	42	STIM=z
6981780	42	RESP=1
6991140	42	STIM=i
6995535	42	RESP=1
7008576	42	STIM=7
7015087	42	RESP=2
7026595	42	STIM=j
7032421	42	RESP=1
7042098	42	STIM=s
7050654	42	RESP=1
7058224	42	STIM=b
7067138	42	RESP=1
7075699	42	STIM=q
7081700	42	RESP=1
7091310	42	STIM=j
7094816	42	RESP=1
7109205	42	STIM=w
7115427	42	RESP=1
7125281	42	STIM=s
7132664	42	RESP=1
7142703	42	STIM=i
7154652	42	RESP=1
7160781	42	STIM=l
7165368	42	RESP=1
7177913	42	STIM=a
7182285	42	RESP=1
7192930	42	STIM=f
7197543	42	RESP=1
7211148	42	STIM=4
7215970	42	RESP=2
7226223	42	STIM=m
7235056	42	RESP=1
7241773	42	STIM=4
7246799	42	RESP=2
7259048	42	STIM=5
7266482	42	RESP=2
7276845	42	STIM=o
7283955	42	RESP=1
7293038	42	STIM=g
7298785	42	RESP=2
7310700	42	STIM=w
7315938	42	RESP=1
7328786	42	STIM=7
7334974	42	RESP=2
7344500	42	STIM=u
7350293	42	RESP=1
7360240	42	STIM=2
7370699	42	RESP=2
7377643	42	STIM=7
7382560	42	RESP=2
7396193	42	STIM=l
7401778	42	RESP=1
7413246	42	STIM=w
7422713	42	RESP=1
7429587	42	STIM=v
7435523	42	RESP=2
7448022	42	STIM=4
7452705	42	RESP=1
7464526	42	STIM=u
7468926	42	RESP=1
7483065	42	STIM=h
7486927	42	RESP=1
7501086	42	STIM=n
7505139	42	RESP=1
7518639	42	STIM=4
7523324	42	RESP=2
7533763	42	STIM=s
7540198	42	RESP=1
7549510	42	STIM=0
7556609	42	RESP=1
7565190	42	STIM=r
7569610	42	RESP=1
7581930	42	STIM=g
7585252	42	RESP=1
7599775	42	STIM=9
7607980	42	RESP=1
7617637	42	STIM=2
7624584	42	RESP=2
7633822	42	STIM=d
7637831	42	RESP=1
7651746	42	STIM=z
7654984	42	RESP=1
7669833	42	STIM=l
7675242	42	RESP=1
7684994	42	STIM=u
7689113	42	RESP=1
7703011	42	STIM=r
7706879	42	RESP=1
7720108	42	STIM=7
7727392	42	RESP=2
7738912	42	STIM=i
7744800	42	RESP=1
7753993	42	STIM=c
7758231	42	RESP=1
7771658	42	STIM=k
7779142	42	RESP=2
7788268	42	STIM=8
7795173	42	RESP=1
7807096	42	STIM=a
7813082	42	RESP=2
7822465	42	STIM=j
7825752	42	RESP=1
7838936	42	STIM=r
7845826	42	RESP=1
7854449	42	STIM=l
7859680	42	RESP=2
7870195	42	STIM=b
7875544	42	RESP=1
7887613	42	STIM=f
7893481	42	RESP=1
7906451	42	STIM=z
7916658	42	RESP=1
7923175	42	STIM=b
7928364	42	RESP=1
7940625	42	STIM=q
7945493	42	RESP=1
7959554	42	STIM=c
7965089	42	RESP=1
7977436	42	STIM=2
7983334	42	RESP=1
7996214	42	STIM=d
8002916	42	RESP=1
8011324	42	STIM=j
8019590	42	RESP=1
8026836	42	STIM=g
8034306	42	RESP=1
8042603	42	STIM=1
8047223	42	RESP=2
8060718	42	STIM=k
8068860	42	RESP=1
8075724	42	STIM=w
8079374	42	RESP=1
8093234	42	STIM=2
8098883	42	RESP=2
8111303	42	STIM=d
8115560	42	RESP=1
8126520	42	STIM=m
8132333	42	RESP=1
8144364	42	STIM=f
8151625	42	RESP=1
8162352	42	STIM=i
8167589	42	RESP=1
8178269	42	STIM=a
8183405	42	RESP=1
8193304	42	STIM=8
8200293	42	RESP=2
8210631	42	STIM=z
8217788	42	RESP=2
8227691	42	STIM=g
8231331	42	RESP=1
8245344	42	STIM=r
8251066	42	RESP=1
8263096	42	STIM=o
8268080	42	RESP=1
8278526	42	STIM=p
8283819	42	RESP=1
8296269	42	STIM=3
8301694	42	RESP=2
8314375	42	STIM=b
8320406	42	RESP=1
8332019	42	STIM=m
8336206	42	RESP=1
8348487	42	STIM=a
8351266	42	RESP=1
8363492	42	STIM=9
8369977	42	RESP=2
8381165	42	STIM=2
8385282	42	RESP=2
8397043	42	STIM=w
8403575	42	RESP=1
8412564	42	STIM=w
8418508	42	RESP=1
8430576	42	STIM=h
8438477	42	RESP=2
8445605	42	STIM=k
8451328	42	RESP=1
8462456	42	STIM=0
8468722	42	RESP=2
8479356	42	STIM=r
8489154	42	RESP=1
8497129	42	STIM=g
8501019	42	RESP=1
8514279	42	STIM=7
8519864	42	RESP=1
8531004	42	STIM=n
8534971	42	RESP=1
8549758	42	STIM=e
8557032	42	RESP=2
8565114	42	STIM=v
8569594	42	RESP=1
8581032	42	STIM=u
8585829	42	RESP=1
8597967	42	STIM=u
8606387	42	RESP=1
8615291	42	STIM=9
8621760	42	RESP=2
8632164	42	STIM=n
8636159	42	RESP=1
8649608	42	STIM=9
8657898	42	RESP=2
8667268	42	STIM=d
8670031	42	RESP=1
8684739	42	STIM=z
8695477	42	RESP=1
8701951	42	STIM=k
8705676	42	RESP=1
8718972	42	STIM=v
8726313	42	RESP=1
8735695	42	STIM=7
8743142	42	RESP=1
8751229	42	STIM=n
8754965	42	RESP=1
8767271	42	STIM=n
8778458	42	RESP=1
8785806	42	STIM=p
8791914	42	RESP=1
8804253	42	STIM=q
8809294	42	RESP=1
8822899	42	STIM=f
8828916	42	RESP=1
8841848	42	STIM=z
8852577	42	RESP=1
8857738	42	STIM=z
8863716	42	RESP=1
8872815	42	STIM=3
8879278	42	RESP=2
8891067	42	STIM=1
8896319	42	RESP=2
8909586	42	STIM=s
8917363	42	RESP=1
8925939	42	STIM=m
8934110	42	RESP=1
8943472	42	STIM=b
8948271	42	RESP=1
8959584	42	STIM=l
8963359	42	RESP=1
8976356	42	STIM=x
8981954	42	RESP=1
8992342	42	STIM=e
9000087	42	RESP=1
9007479	42	STIM=0
9012103	42	RESP=2
9022773	42	STIM=b
9028209	42	RESP=1
9039941	42	STIM=h
9045209	42	RESP=2
9055220	42	STIM=k
9061383	42	RESP=1
9073193	42	STIM=j
9076362	42	RESP=1
9090152	42	STIM=7
9095141	42	RESP=2
9105816	42	STIM=2
9110896	42	RESP=2
9121855	42	STIM=r
9125164	42	RESP=1
9140004	42	STIM=n
9143821	42	RESP=1
9157545	42	STIM=a
9166567	42	RESP=1
9175845	42	STIM=y
9179521	42	RESP=1
9191385	42	STIM=v
9196741	42	RESP=1
9208542	42	STIM=s
9211943	42	RESP=1
9226548	42	STIM=c
9231626	42	RESP=1
9241862	42	STIM=w
9258834	42	RESP=1
9259755	42	STIM=y
9264766	42	RESP=1
9277036	42	STIM=x
9282339	42	RESP=1
9292623	42	STIM=v
9303253	42	RESP=1
9307979	42	STIM=n
9313165	42	RESP=1
9326851	42	STIM=a
9331392	42	RESP=1
9342063	42	STIM=x
9347049	42	RESP=1
9358356	42	STIM=9
9366896	42	RESP=2
9377280	42	STIM=4
9381782	42	RESP=2
9393913	42	STIM=x
9399217	42	RESP=1
9411864	42	STIM=c
9416743	42	RESP=1
9427972	42	STIM=7
9437087	42	RESP=2
9445547	42	STIM=k
9450201	42	RESP=1
9462711	42	STIM=k
9467022	42	RESP=1
9479444	42	STIM=i
9488511	42	RESP=1
9497006	42	STIM=n
9502983	42	RESP=1
9515800	42	STIM=c
9522731	42	RESP=1
9532808	42	STIM=r
9542121	42	RESP=1
9548004	42	STIM=p
9554910	42	RESP=1
9564750	42	STIM=9
9568955	42	RESP=1
9582154	42	STIM=v
9588578	42	RESP=1
9598213	42	STIM=7
9603012	42	RESP=2
9616225	42	STIM=q
9621534	42	RESP=1
9632405	42	STIM=h
9638803	42	RESP=1
9649716	42	STIM=p
9656744	42	RESP=1
9668007	42	STIM=c
9674487	42	RESP=1
9686424	42	STIM=i
9694493	42	RESP=1
9704108	42	STIM=f
9712447	42	RESP=1
9722131	42	STIM=s
9726464	42	RESP=2
9737625	42	STIM=f
9744706	42	RESP=1
9755049	42	STIM=l
9760093	42	RESP=1
9771464	42	STIM=q
9776369	42	RESP=1
9787715	42	STIM=r
9793221	42	RESP=1
9804533	42	STIM=u
9813583	42	RESP=1
9823244	42	STIM=u
9828030	42	RESP=1
9838937	42	STIM=r
9842498	42	RESP=1
9854127	42	STIM=4
9861497	42	RESP=2
9871897	42	STIM=u
9875686	42	RESP=1
9889911	42	STIM=3
9895353	42	RESP=2
9906057	42	STIM=z
9912191	42	RESP=1
9924118	42	STIM=v
9928707	42	RESP=1
9943084	42	STIM=l
9949072	42	RESP=1
9958433	42	STIM=s
9965543	42	RESP=1
9977305	42	STIM=r
9981461	42	RESP=1
9995282	42	STIM=s
9999772	42	RESP=1
10012285	42	STIM=p
10017125	42	RESP=1
10031279	42	STIM=l
10036718	42	RESP=1
10049871	42	STIM=x
10052912	42	RESP=1
10065034	42	STIM=j
10070536	42	RESP=1
10082400	42	STIM=n
10091953	42	RESP=1
10097794	42	STIM=n
10102278	42	RESP=1
10112800	42	STIM=y
10119023	42	RESP=1
10129413	42	STIM=s
10133901	42	RESP=1
10145652	42	STIM=d
10155809	42	RESP=1
10161967	42	STIM=6
10167410	42	RESP=2
10180898	42	STIM=i
10185399	42	RESP=1
10196299	42	STIM=a
10199004	42	RESP=1
10213244	42	STIM=w
10216526	42	RESP=1
10228940	42	STIM=f
10233615	42	RESP=1
10247459	42	STIM=j
10251760	42	RESP=1
10263439	42	STIM=w
10268635	42	RESP=1
10279056	42	STIM=w
10282670	42	RESP=1
10296238	42	STIM=a
10301193	42	RESP=2
10312788	42	STIM=i
10319330	42	RESP=1
10331299	42	STIM=j
10338833	42	RESP=1
10346429	42	STIM=j
10351183	42	RESP=1
10362599	42	STIM=a
10368868	42	RESP=1
10380706	42	STIM=p
10384763	42	RESP=2
10397594	42	STIM=n
10403993	42	RESP=1
10414465	42	STIM=m
10419891	42	RESP=1
10430627	42	STIM=9
10438730	42	RESP=1
10449038	42	STIM=y
10454125	42	RESP=1
10465386	42	STIM=l
10469861	42	RESP=1
10482764	42	STIM=8
10489174	42	RESP=2
10500467	42	STIM=q
10506760	42	RESP=1
10517007	42	STIM=h
10524725	42	RESP=1
10534756	42	STIM=k
10539267	42	RESP=2
10550891	42	STIM=m
10560132	42	RESP=1
10567782	42	STIM=h
10573555	42	RESP=1
10586067	42	STIM=x
10595956	42	RESP=1
10602130	42	STIM=q
10612444	42	RESP=1
10618480	42	STIM=2
10624511	42	RESP=2
10637425	42	STIM=z
10643502	42	RESP=1
10653600	42	STIM=q
10656874	42	RESP=1
10672595	42	STIM=w
10678685	42	RESP=1
10691261	42	STIM=u
10697104	42	RESP=1
10709168	42	STIM=i
10712991	42	RESP=1
10726304	42	STIM=f
10731086	42	RESP=1
10742379	42	STIM=b
10745817	42	RESP=1
10759071	42	STIM=4
10768613	42	RESP=2
10776905	42	STIM=k
10779215	42	RESP=1
10792506	42	STIM=f
10803654	42	RESP=1
10808803	42	STIM=a
10813717	42	RESP=1
10826653	42	STIM=n
10830070	42	RESP=1
10844639	42	STIM=k
10849471	42	RESP=1
10861343	42	STIM=g
10869882	42	RESP=1
10878996	42	STIM=i
10884299	42	RESP=1
10894425	42	STIM=l
10900338	42	RESP=1
10911458	42	STIM=e
10918090	42	RESP=1
10930329	42	STIM=g
10937988	42	RESP=1
10948513	42	STIM=1
10957888	42	RESP=2
10967453	42	STIM=h
10975456	42	RESP=1
10986277	42	STIM=o
10992314	42	RESP=1
11003269	42	STIM=j
11010426	42	RESP=1
11021668	42	STIM=g
11025562	42	RESP=1
11039712	42	STIM=r
11047143	42	RESP=1
11057859	42	STIM=b
11065495	42	RESP=1
11073858	42	STIM=g
11079313	42	RESP=1
11090037	42	STIM=e
11093128	42	RESP=1
11106057	42	STIM=l
11111117	42	RESP=1
11124424	42	STIM=p
11132676	42	RESP=1
11143358	42	STIM=x
11149915	42	RESP=2
11159582	42	STIM=y
11163839	42	RESP=1
11177634	42	STIM=g
11180941	42	RESP=1
11193055	42	STIM=h
11205696	42	RESP=1
11208430	42	STIM=i
11215157	42	RESP=1
11226406	42	STIM=i
11233012	42	RESP=1
11244712	42	STIM=i
11248797	42	RESP=1
11263448	42	STIM=3
11270923	42	RESP=2
11281903	42	STIM=j
11286208	42	RESP=1
11299573	42	STIM=k
11302845	42	RESP=1
11318030	42	STIM=n
11322157	42	RESP=1
11335221	42	STIM=u
11339616	42	RESP=1
11351905	42	STIM=z
11355834	42	RESP=1
11368625	42	STIM=d
11373465	42	RESP=1
11384427	42	STIM=d
11393596	42	RESP=1
11400827	42	STIM=b
11407105	42	RESP=1
11419745	42	STIM=u
11424224	42	RESP=1
11437182	42	STIM=6
11442943	42	RESP=1
11455884	42	STIM=k
11460601	42	RESP=2
11471117	42	STIM=d
11478677	42	RESP=1
11489348	42	STIM=0
11498173	42	RESP=2
11505764	42	STIM=x
11510838	42	RESP=1
11522007	42	STIM=4
11530680	42	RESP=2
11537034	42	STIM=j
11542775	42	RESP=2
11553761	42	STIM=6
11558508	42	RESP=2
11570604	42	STIM=r
11578352	42	RESP=1
11585690	42	STIM=j
11589548	42	RESP=1
11600718	42	STIM=i
11604662	42	RESP=1
11617546	42	STIM=d
11621499	42	RESP=1
11633433	42	STIM=3
11638642	42	RESP=2
11649198	42	STIM=z
11655197	42	RESP=1
11664605	42	STIM=7
11670783	42	RESP=1
11680051	42	STIM=1
11686591	42	RESP=2
11696865	42	STIM=2
11702887	42	RESP=2
11713675	42	STIM=t
11716624	42	RESP=2
11731885	42	STIM=z
11737205	42	RESP=1
11748129	42	STIM=a
11751979	42	RESP=1
11767103	42	STIM=6
11772637	42	RESP=2
11783044	42	STIM=s
11789778	42	RESP=2
11800032	42	STIM=f
11805083	42	RESP=1
11816289	42	STIM=o
11828420	42	RESP=1
11831815	42	STIM=c
11839633	42	RESP=1
11847514	42	STIM=7
11855077	42	RESP=2
11864251	42	STIM=s
11867109	42	RESP=1
11881278	42	STIM=o
11885818	42	RESP=1
11897466	42	STIM=x
11903228	42	RESP=1
11912951	42	STIM=t
11916527	42	RESP=1
11931515	42	STIM=h
11934434	42	RESP=1
11949786	42	STIM=q
11957304	42	RESP=1
11966291	42	STIM=u
11972728	42	RESP=1
11983263	42	STIM=r
11987353	42	RESP=1
12002214	42	STIM=f
12007272	42	RESP=1
12019749	42	STIM=y
12027347	42	RESP=1
12038384	42	STIM=w
12043000	42	RESP=1
12054852	42	STIM=v
12061699	42	RESP=1
12070531	42	STIM=b
12078184	42	RESP=1
12089018	42	STIM=h
12095706	42	RESP=1
12105048	42	STIM=u
12111855	42	RESP=1
12122840	42	STIM=j
12129925	42	RESP=1
12140408	42	STIM=l
12146767	42	RESP=2
12157522	42	STIM=p
12162762	42	RESP=1
12174021	42	STIM=h
12179496	42	RESP=1
12189766	42	STIM=b
12193232	42	RESP=1
12206866	42	STIM=s
12213003	42	RESP=1
12224408	42	STIM=f
12227798	42	RESP=1
12241807	42	STIM=h
12252360	42	RESP=1
12260326	42	STIM=2
12266876	42	RESP=2
12277811	42	STIM=r
12282822	42	RESP=1
12293177	42	STIM=c
12296088	42	RESP=2
12309511	42	STIM=r
12317350	42	RESP=1
12324561	42	STIM=l
12330528	42	RESP=1
12341359	42	STIM=y
12348259	42	RESP=1
12357021	42	STIM=e
12365903	42	RESP=1
12375745	42	STIM=1
12381861	42	RESP=2
12392283	42	STIM=a
12399019	42	RESP=1
12407447	42	STIM=z
12411599	42	RESP=1
12424365	42	STIM=q
12427643	42	RESP=1
12443090	42	STIM=b
12447537	42	RESP=1
12460587	42	STIM=k
12467741	42	RESP=1
12476294	42	STIM=m
12482700	42	RESP=1
12492079	42	STIM=k
12498534	42	RESP=1
12508558	42	STIM=f
12514792	42	RESP=1
12526974	42	STIM=q
12536569	42	RESP=1
12542196	42	STIM=r
12549812	42	RESP=1
12558504	42	STIM=i
12563648	42	RESP=1
12575028	42	STIM=p
12578012	42	RESP=1
12590587	42	STIM=u
12600318	42	RESP=1
12609168	42	STIM=e
12614125	42	RESP=1
12626376	42	STIM=g
12631181	42	RESP=1
12644329	42	STIM=q
12649806	42	RESP=1
12660709	42	STIM=7
12667407	42	RESP=2
12677614	42	STIM=e
12686986	42	RESP=1
12696025	42	STIM=g
12709917	42	RESP=1
12713942	42	STIM=6
12720810	42	RESP=1
12730392	42	STIM=d
12737920	42	RESP=1
12748946	42	STIM=h
12757426	42	RESP=1
12765960	42	STIM=r
12769378	42	RESP=1
12781061	42	STIM=n
12786221	42	RESP=1
12798223	42	STIM=s
12805427	42	RESP=1
12813247	42	STIM=2
12819797	42	RESP=2
12829311	42	STIM=j
12836509	42	RESP=1
12848227	42	STIM=g
12855827	42	RESP=1
12866785	42	STIM=g
12870268	42	RESP=1
12884260	42	STIM=5
12896067	42	RESP=2
12900012	42	STIM=y
12906273	42	RESP=2
12917601	42	STIM=9
12923107	42	RESP=2
12935188	42	STIM=3
12940984	42	RESP=1
12954074	42	STIM=f
12956743	42	RESP=1
12970363	42	STIM=8
12974759	42	RESP=2
12988037	42	STIM=f
12990824	42	RESP=1
13006156	42	STIM=h
13012173	42	RESP=1
13024849	42	STIM=w
13028860	42	RESP=1
13042073	42	STIM=u
13046532	42	RESP=1
13058167	42	STIM=t
13062811	42	RESP=2
13076229	42	STIM=9
13083737	42	RESP=2
13093628	42	STIM=j
13097589	42	RESP=1
13112061	42	STIM=i
13122442	42	RESP=1
13129689	42	STIM=l
13134348	42	RESP=1
13147991	42	STIM=e
13159530	42	RESP=1
13166375	42	STIM=t
13173186	42	RESP=1
13183206	42	STIM=x
13188366	42	RESP=1
13201702	42	STIM=c
13204999	42	RESP=1
13217017	42	STIM=f
13229625	42	RESP=1
13233324	42	STIM=j
13238936	42	RESP=1
13250749	42	STIM=w
13257326	42	RESP=1
13268233	42	STIM=0
13273145	42	RESP=2
13285306	42	STIM=h
13294354	42	RESP=1
13303113	42	STIM=2
13309044	42	RESP=2
13322057	42	STIM=g
13330634	42	RESP=1
13340989	42	STIM=u
13345818	42	RESP=1
13358066	42	STIM=j
13365863	42	RESP=1
13373996	42	STIM=h
13378813	42	RESP=1
13389113	42	STIM=k
13393288	42	RESP=1
13405392	42	STIM=v
13410671	42	RESP=1
13423500	42	STIM=c
13430374	42	RESP=1
13439766	42	STIM=i
13446653	42	RESP=1
13456898	42	STIM=u
13460986	42	RESP=1
13473743	42	STIM=e
13480179	42	RESP=1
13491888	42	STIM=z
13498653	42	RESP=1
13508644	42	STIM=z
13513367	42	RESP=1
13524204	42	STIM=u
13528196	42	RESP=1
13540653	42	STIM=z
13545476	42	RESP=1
13559114	42	STIM=o
13562307	42	RESP=1
13576168	42	STIM=n
13583715	42	RESP=1
13594658	42	STIM=6
13600707	42	RESP=2
13611788	42	STIM=7
13618378	42	RESP=2
13628213	42	STIM=d
13634069	42	RESP=1
13646496	42	STIM=7
13655927	42	RESP=2
13663172	42	STIM=6
13667803	42	RESP=2
13681833	42	STIM=w
13686488	42	RESP=1
13698086	42	STIM=y
13701460	42	RESP=1
13716784	42	STIM=q
13723108	42	RESP=1
13733074	42	STIM=l
13743233	42	RESP=1
13748882	42	STIM=7
13755463	42	RESP=1
13766914	42	STIM=c
13772773	42	RESP=1
13783391	42	STIM=t
13792084	42	RESP=1
13801254	42	STIM=r
13807635	42	RESP=1
13820157	42	STIM=0
13826907	42	RESP=2
13838641	42	STIM=d
13848425	42	RESP=1
13856489	42	STIM=8
13868255	42	RESP=2
13874028	42	STIM=e
13878207	42	RESP=1
13892610	42	STIM=1
13898276	42	RESP=2
13907637	42	STIM=m
13915653	42	RESP=1
13923886	42	STIM=w
13933655	42	RESP=1
13939751	42	STIM=b
13947730	42	RESP=1
13957319	42	STIM=n
13967203	42	RESP=1
13974771	42	STIM=4
13984192	42	RESP=2
13993293	42	STIM=w
13997902	42	RESP=1
14011463	42	STIM=n
14017124	42	RESP=1
14029569	42	STIM=y
14033954	42	RESP=1
14048068	42	STIM=s
14051757	42	RESP=1
14063406	42	STIM=7
14069907	42	RESP=2
14080295	42	STIM=y
14087774	42	RESP=1
14098235	42	STIM=x
14102192	42	RESP=1
14116254	42	STIM=c
14119978	42	RESP=1
14134618	42	STIM=d
14140492	42	RESP=1
14151671	42	STIM=g
14157831	42	RESP=1
14167803	42	STIM=q
14171244	42	RESP=1
14183908	42	STIM=m
14189715	42	RESP=1
14199482	42	STIM=c
14201964	42	RESP=2
14214659	42	STIM=7
14221270	42	RESP=2
14232751	42	STIM=f
14243354	42	RESP=1
14248190	42	STIM=e
14252307	42	RESP=1
14265561	42	STIM=c
14270631	42	RESP=1
14283076	42	STIM=m
14287415	42	RESP=1
14299232	42	STIM=a
14307429	42	RESP=1
14314665	42	STIM=v
14321338	42	RESP=1
14331586	42	STIM=n
14339213	42	RESP=1
14348973	42	STIM=q
14352770	42	RESP=1
14364584	42	STIM=l
14374042	42	RESP=1
14380601	42	STIM=d
14387295	42	RESP=1
14398868	42	STIM=u
14408229	42	RESP=1
14415498	42	STIM=n
14418375	42	RESP=1
14434122	42	STIM=8
14442264	42	RESP=2
14451406	42	STIM=s
14455495	42	RESP=1
14467034	42	STIM=p
14472895	42	RESP=1
14483558	42	STIM=j
14491494	42	RESP=1
14499856	42	STIM=p
14503725	42	RESP=2
14517047	42	STIM=u
14521988	42	RESP=1
14532811	42	STIM=m
14540062	42	RESP=1
14549853	42	STIM=y
14560003	42	RESP=1
14567573	42	STIM=f
14571764	42	RESP=1
14583566	42	STIM=y
14588920	42	RESP=1
14600295	42	STIM=0
14608190	42	RESP=2
14616153	42	STIM=b
14621119	42	RESP=1
14633624	42	STIM=b
14645056	42	RESP=1
14650169	42	STIM=a
14656489	42	RESP=1
14665451	42	STIM=a
14672821	42	RESP=1
14681989	42	STIM=o
14687446	42	RESP=1
14700278	42	STIM=d
14704193	42	RESP=1
14718406	42	STIM=g
14725885	42	RESP=1
14736470	42	STIM=7
14740242	42	RESP=2
14753626	42	STIM=q
14757824	42	RESP=1
14769518	42	STIM=e
14778033	42	RESP=1
14785336	42	STIM=j
14788877	42	RESP=1
14801278	42	STIM=y
14810663	42	RESP=1
14819897	42	STIM=f
14826043	42	RESP=1
14837881	42	STIM=c
14846575	42	RESP=1
14854281	42	STIM=b
14863200	42	RESP=1
14871374	42	STIM=d
14874728	42	RESP=1
14889045	42	STIM=a
14895694	42	RESP=2
14904789	42	STIM=m
14910953	42	RESP=1
14921739	42	STIM=5
14927506	42	RESP=2
14937456	42	STIM=j
14947291	42	RESP=1
14956167	42	STIM=z
14966787	42	RESP=1
14972063	42	STIM=c
14977194	42	RESP=1
14990157	42	STIM=3
14996300	42	RESP=2
15006686	42	STIM=j
15011368	42	RESP=1
15023388	42	STIM=t
15030844	42	RESP=1
15038452	42	STIM=l
15044744	42	RESP=1
15057165	42	STIM=m
15064268	42	RESP=1
15073073	42	STIM=g
15078985	42	RESP=1
15090420	42	STIM=t
15097425	42	RESP=1
15109143	42	STIM=1
15117612	42	RESP=2
15126907	42	STIM=8
15132568	42	RESP=2
15144882	42	STIM=6
15154365	42	RESP=2
15161972	42	STIM=r
15170795	42	RESP=1
15178059	42	STIM=y
15181463	42	RESP=1
15195322	42	STIM=y
15201866	42	RESP=1
15213377	42	STIM=7
15222570	42	RESP=1
15231579	42	STIM=v
15237915	42	RESP=1
15247968	42	STIM=o
15256259	42	RESP=2
15263900	42	STIM=9
15269821	42	RESP=2
15282016	42	STIM=9
15289274	42	RESP=1
15299698	42	STIM=m
15305553	42	RESP=1
15317156	42	STIM=a
15319628	42	RESP=1
15336111	42	STIM=7
15346660	42	RESP=2
15352132	42	STIM=f
15360027	42	RESP=1
15370612	42	STIM=y
15379680	42	RESP=1
15389342	42	STIM=9
15395449	42	RESP=2
15405971	42	STIM=u
15414064	42	RESP=1
15422121	42	STIM=y
15428772	42	RESP=1
15440454	42	STIM=b
15444891	42	RESP=1
15457043	42	STIM=u
15463915	42	RESP=1
15473820	42	STIM=0
15479103	42	RESP=2
15491546	42	STIM=b
15498176	42	RESP=1
15508266	42	STIM=y
15513421	42	RESP=1
15524447	42	STIM=5
15532289	42	RESP=2
15539833	42	STIM=7
15545954	42	RESP=1
15557807	42	STIM=j
15562103	42	RESP=1
15576579	42	STIM=5
15584473	42	RESP=2
15593391	42	STIM=6
15602802	42	RESP=2
15611599	42	STIM=g
15623571	42	RESP=1
15630563	42	STIM=4
15635927	42	RESP=2
15649406	42	STIM=1
15660050	42	RESP=2
15668389	42	STIM=p
15672269	42	RESP=1
15686969	42	STIM=s
15697252	42	RESP=2
15705566	42	STIM=p
15713822	42	RESP=1
15722565	42	STIM=h
15728165	42	RESP=1
15738155	42	STIM=e
15741948	42	RESP=1
15755473	42	STIM=s
15759756	42	RESP=1
15770476	42	STIM=m
15779094	42	RESP=1
15785971	42	STIM=r
15792450	42	RESP=1
15804004	42	STIM=z
15808302	42	RESP=1
15819105	42	STIM=g
15825462	42	RESP=1
15837869	42	STIM=h
15843195	42	RESP=2
15855531	42	STIM=g
15861141	42	RESP=1
15873562	42	STIM=a
15877810	42	RESP=1
15891956	42	STIM=b
15897309	42	RESP=1
15910190	42	STIM=c
15916173	42	RESP=1
15928757	42	STIM=v
15935749	42	RESP=1
15945597	42	STIM=4
15954865	42	RESP=2
15963017	42	STIM=a
15968912	42	RESP=1
15979176	42	STIM=w
15983095	42	RESP=1
15995351	42	STIM=o
16001081	42	RESP=1
16012248	42	STIM=9
16017924	42	RESP=2
16030964	42	STIM=5
16036559	42	RESP=2
16049838	42	STIM=o
16054082	42	RESP=1
16066353	42	STIM=q
16073822	42	RESP=1
16084730	42	STIM=s
16091024	42	RESP=1
16100655	42	STIM=8
16107572	42	RESP=1
16116037	42	STIM=j
16122817	42	RESP=1
16134946	42	STIM=u
16139133	42	RESP=1
16153799	42	STIM=p
16157223	42	RESP=1
16169799	42	STIM=t
16175387	42	RESP=1
16186993	42	STIM=7
16191990	42	RESP=2
16202467	42	STIM=9
16209700	42	RESP=2
16220438	42	STIM=n
16225728	42	RESP=1
16237454	42	STIM=p
16243115	42	RESP=1
16255572	42	STIM=p
16261856	42	RESP=2
16274201	42	STIM=a
16280143	42	RESP=2
16291096	42	STIM=4
16295843	42	RESP=2
16306672	42	STIM=f
16311625	42	RESP=1
16325595	42	STIM=l
16330051	42	RESP=1
16340881	42	STIM=v
16351086	42	RESP=1
16359309	42	STIM=a
16363581	42	RESP=1
16374624	42	STIM=8
16382480	42	RESP=2
16390505	42	STIM=x
16397540	42	RESP=1
16405610	42	STIM=x
16409810	42	RESP=1
16422033	42	STIM=1
16428240	42	RESP=2
16438756	42	STIM=r
16444674	42	RESP=1
16453974	42	STIM=f
16458820	42	RESP=1
16469791	42	STIM=p
16478393	42	RESP=1
16486681	42	STIM=p
16494828	42	RESP=1
16502024	42	STIM=v
16506575	42	RESP=1
16519059	42	STIM=k
16523086	42	RESP=1
16535387	42	STIM=w
16540247	42	RESP=1
16552945	42	STIM=7
16560195	42	RESP=2
16570349	42	STIM=i
16581012	42	RESP=1
16586699	42	STIM=r
16596030	42	RESP=1
16603477	42	STIM=x
16614967	42	RESP=1
16619971	42	STIM=o
16628232	42	RESP=1
16637907	42	STIM=w
16641232	42	RESP=1
16654653	42	STIM=m
16659045	42	RESP=1
16669950	42	STIM=w
16673687	42	RESP=1
16686750	42	STIM=a
16694643	42	RESP=1
16705465	42	STIM=d
16711721	42	RESP=2
16723828	42	STIM=q
16730743	42	RESP=1
16741128	42	STIM=l
16746294	42	RESP=1
16759221	42	STIM=l
16764671	42	RESP=1
16776880	42	STIM=t
16781333	42	RESP=1
16793111	42	STIM=0
16803975	42	RESP=2
16810942	42	STIM=f
16814883	42	RESP=1
16828115	42	STIM=m
16832994	42	RESP=1
16845307	42	STIM=f
16854029	42	RESP=1
16862012	42	STIM=d
16867003	42	RESP=1
16879745	42	STIM=f
16883194	42	RESP=1
16896847	42	STIM=i
16899586	42	RESP=1
16913927	42	STIM=g
16921180	42	RESP=1
16930640	42	STIM=o
16937046	42	RESP=1
16948291	42	STIM=z
16955450	42	RESP=1
16965737	42	STIM=y
16970817	42	RESP=1
16983382	42	STIM=2
16989877	42	RESP=2
16999121	42	STIM=5
17005434	42	RESP=2
17016425	42	STIM=6
17023294	42	RESP=2
17032844	42	STIM=b
17036374	42	RESP=1
17048454	42	STIM=b
17058855	42	RESP=1
17065166	42	STIM=h
17069150	42	RESP=1
17084146	42	STIM=v
17092975	42	RESP=1
17101407	42	STIM=s
17108813	42	RESP=2
17118050	42	STIM=y
17124176	42	RESP=1
17136530	42	STIM=n
17140807	42	RESP=1
17155066	42	STIM=9
17161439	42	RESP=2
17172865	42	STIM=x
17177411	42	RESP=1
17191060	42	STIM=0
17197470	42	RESP=2
17209241	42	STIM=c
17216122	42	RESP=1
17226868	42	STIM=g
17235689	42	RESP=1
17245746	42	STIM=p
17255098	42	RESP=1
17263895	42	STIM=m
17269766	42	RESP=1
17280989	42	STIM=6
17293221	42	RESP=2
17299234	42	STIM=b
17303815	42	RESP=1
17314577	42	STIM=v
17323505	42	RESP=1
17331014	42	STIM=9
17339446	42	RESP=2
17347224	42	STIM=i
17351601	42	RESP=1
17365578	42	STIM=c
17377762	42	RESP=1
17384124	42	STIM=i
17391930	42	RESP=1
17399611	42	STIM=k
17404284	42	RESP=2
17415099	42	STIM=d
17419700	42	RESP=1
17431281	42	STIM=g
17436119	42	RESP=1
17448300	42	STIM=j
17453264	42	RESP=1
17466142	42	STIM=o
17470965	42	RESP=1
17481458	42	STIM=z
17486583	42	RESP=1
17497715	42	STIM=t
17501293	42	RESP=1
17513023	42	STIM=e
17520254	42	RESP=1
17530288	42	STIM=p
17535033	42	RESP=1
17547464	42	STIM=q
17556549	42	RESP=1
17564770	42	STIM=h
17573858	42	RESP=1
17582972	42	STIM=f
17588620	42	RESP=1
17601134	42	STIM=l
17605236	42	RESP=1
17620078	42	STIM=h
17624399	42	RESP=1
17636569	42	STIM=v
17641732	42	RESP=1
17654272	42	STIM=q
17660085	42	RESP=1
17672671	42	STIM=k
17681615	42	RESP=1
17691118	42	STIM=p
17696493	42	RESP=1
17707434	42	STIM=4
17711345	42	RESP=2
17723339	42	STIM=n
17728778	42	RESP=1
17742061	42	STIM=i
17747838	42	RESP=1
17757342	42	STIM=9
17761268	42	RESP=2
17774148	42	STIM=t
17778479	42	RESP=1
17790405	42	STIM=3
17798707	42	RESP=2
17805592	42	STIM=q
17812085	42	RESP=1
17822001	42	STIM=a
17825051	42	RESP=1
17838744	42	STIM=e
17843914	42	RESP=1
17857402	42	STIM=6
17869845	42	RESP=2
17873238	42	STIM=m
17879332	42	RESP=1
17888492	42	STIM=0
17898773	42	RESP=2
17904191	42	STIM=f
17911665	42	RESP=1
17921306	42	STIM=g
17927057	42	RESP=1
17940250	42	STIM=1
17950790	42	RESP=2
17958215	42	STIM=9
17967080	42	RESP=2
17974326	42	STIM=l
17977264	42	RESP=1
17991371	42	STIM=j
17994603	42	RESP=1
18007210	42	STIM=d
18012937	42	RESP=1
18023281	42	STIM=y
18033903	42	RESP=1
18040670	42	STIM=m
18051444	42	RESP=1
18056325	42	STIM=5
18062165	42	RESP=2
18072110	42	STIM=z
18077290	42	RESP=1
18088916	42	STIM=g
18094766	42	RESP=1
18105259	42	STIM=w
18109778	42	RESP=1
18122332	42	STIM=a
18126322	42	RESP=1
18138563	42	STIM=6
18145329	42	RESP=2
18156896	42	STIM=b
18161093	42	RESP=1
18172674	42	STIM=5
18179836	42	RESP=1
18188332	42	STIM=r
18192758	42	RESP=1
18203768	42	STIM=f
18210100	42	RESP=1
18222485	42	STIM=1
18227191	42	RESP=2
18238324	42	STIM=f
18242166	42	RESP=1
18254738	42	STIM=2
18260557	42	RESP=2
18271252	42	STIM=t
18276154	42	RESP=1
18289200	42	STIM=4
18295340	42	RESP=2
18306398	42	STIM=k
18310204	42	RESP=1
18322756	42	STIM=i
18326184	42	RESP=1
18340346	42	STIM=0
18350385	42	RESP=2
18358454	42	STIM=6
18362045	42	RESP=2
18376081	42	STIM=y
18379289	42	RESP=1
18391274	42	STIM=h
18396689	42	RESP=1
18408009	42	STIM=y
18415145	42	RESP=1
18423530	42	STIM=e
18429716	42	RESP=1
18440981	42	STIM=w
18448421	42	RESP=1
18456301	42	STIM=r
18460174	42	RESP=1
18471478	42	STIM=0
18479664	42	RESP=2
18489257	42	STIM=x
18496752	42	RESP=1
18506382	42	STIM=e
18515415	42	RESP=1
18522555	42	STIM=l
18529122	42	RESP=1
18538778	42	STIM=2
18543943	42	RESP=2
18557233	42	STIM=c
18564744	42	RESP=1
18574961	42	STIM=f
18580270	42	RESP=1
18590074	42	STIM=p
18593995	42	RESP=1
18606400	42	STIM=t
18609271	42	RESP=1
18623186	42	STIM=9
18632077	42	RESP=2
18642122	42	STIM=b
18647220	42	RESP=1
18661024	42	STIM=8
18670084	42	RESP=2
18679302	42	STIM=g
18684703	42	RESP=1
18694894	42	STIM=1
18703101	42	RESP=2
18713682	42	STIM=b
18718380	42	RESP=1
18731358	42	STIM=w
18736025	42	RESP=1
18748089	42	STIM=r
18752575	42	RESP=1
18763572	42	STIM=l
18768990	42	RESP=1
18781225	42	STIM=3
18790358	42	RESP=2
18799096	42	STIM=x
18804751	42	RESP=1
18815665	42	STIM=i
18822335	42	RESP=2
18833712	42	STIM=t
18839915	42	RESP=1
18852538	42	STIM=m
18858171	42	RESP=1
18871102	42	STIM=1
18877377	42	RESP=2
18889471	42	STIM=j
18892781	42	RESP=1
18905209	42	STIM=y
18912334	42	RESP=1
18922563	42	STIM=w
18927327	42	RESP=1
18938279	42	STIM=k
18941070	42	RESP=1
18956598	42	STIM=n
18962059	42	RESP=1
18971859	42	STIM=y
18978986	42	RESP=1
18987562	42	STIM=w
18991815	42	RESP=1
19005499	42	STIM=7
19012768	42	RESP=2
19021247	42	STIM=t
19030704	42	RESP=1
19039085	42	STIM=e
19044628	42	RESP=1
19056695	42	STIM=y
19062759	42	RESP=1
19075305	42	STIM=c
19080259	42	RESP=1
19090711	42	STIM=9
19097921	42	RESP=2
19108198	42	STIM=i
19113204	42	RESP=1
19124336	42	STIM=5
19128856	42	RESP=2
19143005	42	STIM=d
19149537	42	RESP=1
19159502	42	STIM=e
19170065	42	RESP=1
19175106	42	STIM=9
19181582	42	RESP=2
19191266	42	STIM=o
19194247	42	RESP=1
19207479	42	STIM=4
19214221	42	RESP=1
19224092	42	STIM=5
19231023	42	RESP=1
19241595	42	STIM=r
19249783	42	RESP=2
19258327	42	STIM=o
19263636	42	RESP=1
19273880	42	STIM=d
19278141	42	RESP=1
19290461	42	STIM=k
19297092	42	RESP=1
19308144	42	STIM=e
19314949	42	RESP=1
19325167	42	STIM=f
19330710	42	RESP=1
19340775	42	STIM=7
19345925	42	RESP=2
19359181	42	STIM=5
19362762	42	RESP=2
19375271	42	STIM=5
19383579	42	RESP=2
19392598	42	STIM=v
19398836	42	RESP=1
19410477	42	STIM=v
19417263	42	RESP=1
19428373	42	STIM=4
19434735	42	RESP=2
19445150	42	STIM=a
19449446	42	RESP=1
19460256	42	STIM=i
19464247	42	RESP=1
19479241	42	STIM=y
19484338	42	RESP=1
19495894	42	STIM=t
19501335	42	RESP=1
19513734	42	STIM=9
19519763	42	RESP=2
19532280	42	STIM=e
19537131	42	RESP=1
19550179	42	STIM=6
19555825	42	RESP=2
19568345	42	STIM=w
19574653	42	RESP=1
19583688	42	STIM=f
19589344	42	RESP=1
19602340	42	STIM=3
19607713	42	RESP=2
19620011	42	STIM=r
19626660	42	RESP=1
19638020	42	STIM=f
19641809	42	RESP=1
19653218	42	STIM=5
19661103	42	RESP=1
19669068	42	STIM=x
19678227	42	RESP=1
19684122	42	STIM=q
19694279	42	RESP=1
19700849	42	STIM=v
19707490	42	RESP=1
19718509	42	STIM=h
19722935	42	RESP=1
19735225	42	STIM=w
19742412	42	RESP=1
19751646	42	STIM=o
19758649	42	RESP=1
19768187	42	STIM=t
19778843	42	RESP=1
19786749	42	STIM=o
19792631	42	RESP=1
19803297	42	STIM=q
19811184	42	RESP=1
19818886	42	STIM=l
19826876	42	RESP=1
19834656	42	STIM=8
19841250	42	RESP=2
19850357	42	STIM=y
19854288	42	RESP=1
19866383	42	STIM=g
19878655	42	RESP=1
19882706	42	STIM=4
19893634	42	RESP=1
19899702	42	STIM=m
19905316	42	RESP=1
19917965	42	STIM=y
19923353	42	RESP=1
19934069	42	STIM=k
19938744	42	RESP=1
19950948	42	STIM=i
19956001	42	RESP=1
19967829	42	STIM=d
19972165	42	RESP=1
19985718	42	STIM=q
19989628	42	RESP=1
20000910	42	STIM=s
20004914	42	RESP=1
20016125	42	STIM=g
20021108	42	RESP=1
20033140	42	STIM=e
20036339	42	RESP=1
20051832	42	STIM=j
20057000	42	RESP=1
20069237	42	STIM=7
20076694	42	RESP=2
20086006	42	STIM=4
20089505	42	RESP=2
20104020	42	STIM=j
20107000	42	RESP=1
20120194	42	STIM=d
20126189	42	RESP=1
20137276	42	STIM=j
20147532	42	RESP=1
20155731	42	STIM=u
20163356	42	RESP=1
20174478	42	STIM=q
20179738	42	RESP=1
20191345	42	STIM=7
20197036	42	RESP=2
20208707	42	STIM=p
20212057	42	RESP=1
20227016	42	STIM=1
20234035	42	RESP=1
20245854	42	STIM=j
20249473	42	RESP=1
20263983	42	STIM=3
20269902	42	RESP=2
20282337	42	STIM=h
20288533	42	RESP=1
20301166	42	STIM=z
20304526	42	RESP=1
20318703	42	STIM=g
20322710	42	RESP=1
20335320	42	STIM=i
20342081	42	RESP=1
20353585	42	STIM=d
20360379	42	RESP=1
20369440	42	STIM=j
20379669	42	RESP=1
20387310	42	STIM=l
20394497	42	RESP=1
20402799	42	STIM=f
20406441	42	RESP=1
20419244	42	STIM=4
20428036	42	RESP=1
20435490	42	STIM=i
20439190	42	RESP=1
20451120	42	STIM=7
20457278	42	RESP=2
20467738	42	STIM=p
20472157	42	RESP=1
20484191	42	STIM=9
20491180	42	RESP=2
20499200	42	STIM=0
20505165	42	RESP=1
20518133	42	STIM=f
20524597	42	RESP=1
20534794	42	STIM=e
20538947	42	RESP=1
20550663	42	STIM=j
20556152	42	RESP=1
20567874	42	STIM=t
20575926	42	RESP=1
20586259	42	STIM=s
20593569	42	RESP=1
20604914	42	STIM=l
20608344	42	RESP=1
20621403	42	STIM=1
20627582	42	RESP=2
20637403	42	STIM=w
20643612	42	RESP=1
20653344	42	STIM=j
20667952	42	RESP=1
20669436	42	STIM=p
20681727	42	RESP=1
20686626	42	STIM=k
20692872	42	RESP=1
20703960	42	STIM=1
20708818	42	RESP=2
20720443	42	STIM=n
20725660	42	RESP=1
20738747	42	STIM=o
20744879	42	RESP=1
20754579	42	STIM=9
20761182	42	RESP=2
20773577	42	STIM=1
20787583	42	RESP=2
20789969	42	STIM=w
20795317	42	RESP=1
20808087	42	STIM=s
20817743	42	RESP=1
20825764	42	STIM=1
20830549	42	RESP=2
20843221	42	STIM=f
20854531	42	RESP=1
20859659	42	STIM=r
20866590	42	RESP=1
20876412	42	STIM=2
20881679	42	RESP=2
20892960	42	STIM=f
20898036	42	RESP=1
20910166	42	STIM=k
20916440	42	RESP=1
20928352	42	STIM=a
20936204	42	RESP=2
20943354	42	STIM=g
20947762	42	RESP=1
20962309	42	STIM=v
20965101	42	RESP=1
20978785	42	STIM=r
20987758	42	RESP=1
20996738	42	STIM=e
21002953	42	RESP=2
21013176	42	STIM=6
21018706	42	RESP=1
21029647	42	STIM=s
21032395	42	RESP=1
21046749	42	STIM=w
21053212	42	RESP=1
21063336	42	STIM=4
21070296	42	RESP=2
21079324	42	STIM=g
21083451	42	RESP=1
21097607	42	STIM=0
21102802	42	RESP=2
21113273	42	STIM=n
21120765	42	RESP=1
21131965	42	STIM=h
21137735	42	RESP=1
21150313	42	STIM=2
21157897	42	RESP=2
21168571	42	STIM=g
21172439	42	RESP=1
21184905	42	STIM=x
21190735	42	RESP=1
21203183	42	STIM=f
21209182	42	RESP=1
21219706	42	STIM=p
21223993	42	RESP=1
21238015	42	STIM=d
21244769	42	RESP=1
21256135	42	STIM=t
21260713	42	RESP=1
21272513	42	STIM=b
21279733	42	RESP=1
21290407	42	STIM=h
21296004	42	RESP=1
21308529	42	STIM=q
21315517	42	RESP=1
21327113	42	STIM=d
21333579	42	RESP=1
21344137	42	STIM=1
21349224	42	RESP=2
21362655	42	STIM=x
21368588	42	RESP=1
21380416	42	STIM=b
21384900	42	RESP=1
21397891	42	STIM=o
21402075	42	RESP=1
21416852	42	STIM=c
21426898	42	RESP=1
21432478	42	STIM=z
21437230	42	RESP=1
21451307	42	STIM=z
21455996	42	RESP=1
21469382	42	STIM=w
21475417	42	RESP=1
21486703	42	STIM=0
21491637	42	RESP=1
21504171	42	STIM=q
21510240	42	RESP=1
21522776	42	STIM=m
21528785	42	RESP=1
21541013	42	STIM=p
21543888	42	RESP=1
21559508	42	STIM=r
21567096	42	RESP=1
21577920	42	STIM=a
21583147	42	RESP=1
21595927	42	STIM=9
21602041	42	RESP=1
21614666	42	STIM=z
21624827	42	RESP=1
21630185	42	STIM=k
21636204	42	RESP=1
21647903	42	STIM=s
21651354	42	RESP=1
21666383	42	STIM=w
21677322	42	RESP=2
21683257	42	STIM=5
21691739	42	RESP=2
21701495	42	STIM=g
21706574	42	RESP=1
21720129	42	STIM=r
21726141	42	RESP=1
21736986	42	STIM=b
21744574	42	RESP=1
21755350	42	STIM=r
21761244	42	RESP=1
21774204	42	STIM=7
21784926	42	RESP=2
21790064	42	STIM=t
21793473	42	RESP=1
21808586	42	STIM=t
21815849	42	RESP=1
21827083	42	STIM=0
21836037	42	RESP=2
21842680	42	STIM=d
21848308	42	RESP=1
21857700	42	STIM=4
21864212	42	RESP=2
21876599	42	STIM=p
21883503	42	RESP=1
