# Original filename: 0042_TQL_2017-05-07.log
# Time unit: 100 us
# RARECAT=digit
#
# Time	HHGG	Event
37523	42	STIM=e
41424	42	RESP=1
52568	42	STIM=n
56233	42	RESP=1
69113	42	STIM=q
73560	42	RESP=1
87606	42	STIM=f
90933	42	RESP=1
105169	42	STIM=q
115959	42	RESP=1
122214	42	STIM=l
125746	42	RESP=1
137831	42	STIM=d
140911	42	RESP=1
156276	42	STIM=k
161776	42	RESP=1
173458	42	STIM=4
177589	42	RESP=2
190022	42	STIM=h
195059	42	RESP=1
208221	42	STIM=j
216253	42	RESP=1
224077	42	STIM=q
227408	42	RESP=1
240835	42	STIM=m
244419	42	RESP=1
258265	42	STIM=3
265644	42	RESP=2
276667	42	STIM=3
282872	42	RESP=2
293946	42	STIM=w
300970	42	RESP=1
309763	42	STIM=9
315654	42	RESP=2
325673	42	STIM=u
329548	42	RESP=1
342802	42	STIM=9
346770	42	RESP=2
358614	42	STIM=p
367599	42	RESP=1
375423	42	STIM=x
378286	42	RESP=2
392078	42	STIM=4
396543	42	RESP=2
409803	42	STIM=f
414947	42	RESP=1
427798	42	STIM=j
433269	42	RESP=1
444778	42	STIM=j
448377	42	RESP=1
462551	42	STIM=h
467051	42	RESP=1
481142	42	STIM=r
486442	42	RESP=1
498257	42	STIM=o
503377	42	RESP=1
514176	42	STIM=g
519354	42	RESP=1
529733	42	STIM=a
534899	42	RESP=1
547076	42	STIM=o
553171	42	RESP=1
565392	42	STIM=l
569240	42	RESP=1
582110	42	STIM=v
587503	42	RESP=1
599687	42	STIM=1
608556	42	RESP=2
616949	42	STIM=d
622425	42	RESP=2
632878	42	STIM=c
636698	42	RESP=1
651102	42	STIM=f
654855	42	RESP=1
667875	42	STIM=w
672261	42	RESP=1
684969	42	STIM=m
688591	42	RESP=1
703602	42	STIM=q
708806	42	RESP=1
721781	42	STIM=x
728294	42	RESP=1
740425	42	STIM=w
744105	42	RESP=1
757199	42	STIM=t
761071	42	RESP=1
775073	42	STIM=u
779419	42	RESP=1
793802	42	STIM=r
800021	42	RESP=1
811145	42	STIM=i
815375	42	RESP=1
827513	42	STIM=y
832956	42	RESP=1
844995	42	STIM=0
849772	42	RESP=2
863696	42	STIM=n
869183	42	RESP=1
879971	42	STIM=t
886412	42	RESP=1
896627	42	STIM=i
903144	42	RESP=1
913778	42	STIM=s
919921	42	RESP=1
930985	42	STIM=r
934406	42	RESP=1
946230	42	STIM=j
951413	42	RESP=1
962264	42	STIM=p
965477	42	RESP=1
980126	42	STIM=t
986628	42	RESP=2
998532	42	STIM=8
1006866	42	RESP=2
1016372	42	STIM=7
1021561	42	RESP=2
1035330	42	STIM=9
1044111	42	RESP=1
1052530	42	STIM=s
1061559	42	RESP=1
1068629	42	STIM=s
1074406	42	RESP=1
1084100	42	STIM=x
1088200	42	RESP=1
1103023	42	STIM=b
1106123	42	RESP=1
1119644	42	STIM=u
1124334	42	RESP=1
1137499	42	STIM=k
1143851	42	RESP=1
1155912	42	STIM=c
1162138	42	RESP=1
1171919	42	STIM=5
1179110	42	RESP=2
1187117	42	STIM=h
1192930	42	RESP=1
1205156	42	STIM=l
1209146	42	RESP=1
1220601	42	STIM=a
1223741	42	RESP=1
1236068	42	STIM=z
1240040	42	RESP=1
1253215	42	STIM=c
1256814	42	RESP=1
1268769	42	STIM=u
1274544	42	RESP=1
1285302	42	STIM=d
1289336	42	RESP=1
1302294	42	STIM=v
1307380	42	RESP=1
1317642	42	STIM=7
1324196	42	RESP=2
1335921	42	STIM=8
1341208	42	RESP=2
1351667	42	STIM=a
1354589	42	RESP=1
1369083	42	STIM=g
1373508	42	RESP=1
1387573	42	STIM=n
1391105	42	RESP=1
1405105	42	STIM=9
1413074	42	RESP=2
1422252	42	STIM=w
1425479	42	RESP=1
1439393	42	STIM=8
1443282	42	RESP=2
1455081	42	STIM=v
1460852	42	RESP=1
1472424	42	STIM=b
1476390	42	RESP=1
1489382	42	STIM=5
1493062	42	RESP=2
1506067	42	STIM=c
1509516	42	RESP=1
1522247	42	STIM=y
1525557	42	RESP=1
1537891	42	STIM=d
1540704	42	RESP=2
1555559	42	STIM=q
1560610	42	RESP=1
1570663	42	STIM=v
1575634	42	RESP=1
1587887	42	STIM=u
1592707	42	RESP=1
1605252	42	STIM=8
1610013	42	RESP=2
1621987	42	STIM=x
1626710	42	RESP=1
1638916	42	STIM=j
1642299	42	RESP=1
1657293	42	STIM=u
1663620	42	RESP=1
1675266	42	STIM=e
1679620	42	RESP=1
1691146	42	STIM=d
1694109	42	RESP=1
1708143	42	STIM=e
1713918	42	RESP=1
1725230	42	STIM=f
1728785	42	RESP=1
1743759	42	STIM=2
1748564	42	RESP=2
1761686	42	STIM=7
1767871	42	RESP=2
1779862	42	STIM=v
1786276	42	RESP=1
1796965	42	STIM=f
1799803	42	RESP=1
1813400	42	STIM=u
1817968	42	RESP=1
1829487	42	STIM=w
1835009	42	RESP=1
1844958	42	STIM=q
1849566	42	RESP=1
1860990	42	STIM=h
1866217	42	RESP=1
1877285	42	STIM=b
1882597	42	RESP=1
1892747	42	STIM=3
1899237	42	RESP=2
1911248	42	STIM=t
1915921	42	RESP=1
1928288	42	STIM=1
1934710	42	RESP=2
1944562	42	STIM=w
1952448	42	RESP=1
1962664	42	STIM=d
1968482	42	RESP=1
1978505	42	STIM=b
1983206	42	RESP=1
1994469	42	STIM=b
2000087	42	RESP=1
2009597	42	STIM=i
2015628	42	RESP=1
2025613	42	STIM=c
2032707	42	RESP=1
2041000	42	STIM=j
2045484	42	RESP=1
2059401	42	STIM=2
2063769	42	RESP=2
2076145	42	STIM=u
2081561	42	RESP=1
2091627	42	STIM=i
2095792	42	RESP=1
2107493	42	STIM=m
2111205	42	RESP=1
2125312	42	STIM=h
2132422	42	RESP=1
2142359	42	STIM=q
2145690	42	RESP=1
2160418	42	STIM=2
2166192	42	RESP=2
2176000	42	STIM=z
2182439	42	RESP=1
2193349	42	STIM=1
2203394	42	RESP=2
2209311	42	STIM=0
2216017	42	RESP=2
2224581	42	STIM=b
2229451	42	RESP=1
2241639	42	STIM=4
2247400	42	RESP=2
2257845	42	STIM=g
2261699	42	RESP=1
2273649	42	STIM=b
2280441	42	RESP=1
2289142	42	STIM=o
2295334	42	RESP=1
2307770	42	STIM=u
2314914	42	RESP=1
2322850	42	STIM=h
2325743	42	RESP=1
2339169	42	STIM=z
2343953	42	RESP=1
2356572	42	STIM=o
2360744	42	RESP=1
2375089	42	STIM=f
2379022	42	RESP=2
2391205	42	STIM=7
2395423	42	RESP=2
2409795	42	STIM=z
2413787	42	RESP=1
2426959	42	STIM=n
2430842	42	RESP=1
2444708	42	STIM=k
2448850	42	RESP=1
2462247	42	STIM=4
2468154	42	RESP=2
2479912	42	STIM=z
2484314	42	RESP=1
2495774	42	STIM=1
2499518	42	RESP=2
2514265	42	STIM=q
2520747	42	RESP=1
2530330	42	STIM=v
2535329	42	RESP=1
2545332	42	STIM=h
2551527	42	RESP=1
2564164	42	STIM=f
2568589	42	RESP=1
2580148	42	STIM=k
2584595	42	RESP=1
2596022	42	STIM=v
2599926	42	RESP=1
2614250	42	STIM=u
2619900	42	RESP=1
2629459	42	STIM=r
2633204	42	RESP=1
2645961	42	STIM=6
2651214	42	RESP=2
2662407	42	STIM=d
2666920	42	RESP=1
2680136	42	STIM=g
2684341	42	RESP=2
2698803	42	STIM=u
2703128	42	RESP=1
2716331	42	STIM=f
2720981	42	RESP=1
2735014	42	STIM=r
2739835	42	RESP=1
2752953	42	STIM=j
2756579	42	RESP=1
2770209	42	STIM=i
2782666	42	RESP=1
2788290	42	STIM=u
2793781	42	RESP=1
2806005	42	STIM=t
2811759	42	RESP=1
2822897	42	STIM=y
2826095	42	RESP=2
2840862	42	STIM=a
2844785	42	RESP=1
2858214	42	STIM=g
2864920	42	RESP=1
2874838	42	STIM=d
2877554	42	RESP=1
2892840	42	STIM=d
2897562	42	RESP=1
2910760	42	STIM=f
2915924	42	RESP=1
2927930	42	STIM=e
2932721	42	RESP=1
2946123	42	STIM=b
2955480	42	RESP=1
2962327	42	STIM=x
2965463	42	RESP=1
2977507	42	STIM=j
2982362	42	RESP=1
2993992	42	STIM=z
2996870	42	RESP=1
3009085	42	STIM=x
3012461	42	RESP=1
3025668	42	STIM=o
3028495	42	RESP=1
3044350	42	STIM=s
3050594	42	RESP=1
3063023	42	STIM=t
3066637	42	RESP=1
3079264	42	STIM=f
3085333	42	RESP=1
3096425	42	STIM=n
3101380	42	RESP=1
3111494	42	STIM=k
3117492	42	RESP=1
3126601	42	STIM=a
3130315	42	RESP=1
3145291	42	STIM=c
3153312	42	RESP=1
3160728	42	STIM=s
3168917	42	RESP=1
3177253	42	STIM=r
3180848	42	RESP=1
3195342	42	STIM=j
3201223	42	RESP=1
3210433	42	STIM=1
3215141	42	RESP=2
3227920	42	STIM=v
3232195	42	RESP=1
3246569	42	STIM=a
3251681	42	RESP=1
3264258	42	STIM=w
3268484	42	RESP=1
3279367	42	STIM=x
3284026	42	RESP=1
3295341	42	STIM=j
3299976	42	RESP=1
3313208	42	STIM=a
3316529	42	RESP=1
3331511	42	STIM=y
3336344	42	RESP=1
3347484	42	STIM=b
3353574	42	RESP=1
3363465	42	STIM=h
3370514	42	RESP=1
3378891	42	STIM=6
3385432	42	RESP=2
3394587	42	STIM=f
3402494	42	RESP=1
3412588	42	STIM=g
3420295	42	RESP=1
3427695	42	STIM=u
3431265	42	RESP=1
3445779	42	STIM=f
3450023	42	RESP=1
3463303	42	STIM=o
3468291	42	RESP=1
3479667	42	STIM=u
3486945	42	RESP=1
3497776	42	STIM=g
3501806	42	RESP=1
3516442	42	STIM=c
3521371	42	RESP=1
3533893	42	STIM=g
3538574	42	RESP=1
3551729	42	STIM=7
3560523	42	RESP=1
3568971	42	STIM=z
3573705	42	RESP=1
3585114	42	STIM=f
3592676	42	RESP=1
3602293	42	STIM=4
3607562	42	RESP=2
3618887	42	STIM=b
3626713	42	RESP=2
3634625	42	STIM=m
3638637	42	RESP=1
3651202	42	STIM=p
3655528	42	RESP=1
3669994	42	STIM=d
3674580	42	RESP=1
3688479	42	STIM=c
3693128	42	RESP=1
3707151	42	STIM=i
3718065	42	RESP=1
3722527	42	STIM=r
3727208	42	RESP=1
3740737	42	STIM=u
3746220	42	RESP=1
3758629	42	STIM=l
3763878	42	RESP=1
3773766	42	STIM=e
3779741	42	RESP=1
3791878	42	STIM=l
3797656	42	RESP=1
3807323	42	STIM=x
3811762	42	RESP=1
3824776	42	STIM=d
3827709	42	RESP=1
3842560	42	STIM=m
3846368	42	RESP=1
3857963	42	STIM=0
3863343	42	RESP=1
3875824	42	STIM=r
3878988	42	RESP=1
3894728	42	STIM=x
3898781	42	RESP=1
3910664	42	STIM=z
3913653	42	RESP=1
3926344	42	STIM=m
3931405	42	RESP=1
3941994	42	STIM=a
3946265	42	RESP=1
3959111	42	STIM=g
3964075	42	RESP=1
3976948	42	STIM=l
3981719	42	RESP=1
3993581	42	STIM=i
3998174	42	RESP=1
4011217	42	STIM=p
4015623	42	RESP=1
4026881	42	STIM=w
4030025	42	RESP=1
4045715	42	STIM=5
4050548	42	RESP=2
4063107	42	STIM=2
4069336	42	RESP=2
4079598	42	STIM=e
4084393	42	RESP=1
4097356	42	STIM=s
4102809	42	RESP=1
4113937	42	STIM=o
4117907	42	RESP=1
4129502	42	STIM=p
4134110	42	RESP=1
4146752	42	STIM=x
4154084	42	RESP=1
4162138	42	STIM=c
4170001	42	RESP=1
4179123	42	STIM=c
4186191	42	RESP=1
4196819	42	STIM=7
4206414	42	RESP=2
4215039	42	STIM=5
4222273	42	RESP=2
4233390	42	STIM=c
4238669	42	RESP=1
4251145	42	STIM=0
4257118	42	RESP=2
4267963	42	STIM=h
4273627	42	RESP=1
4286258	42	STIM=u
4292819	42	RESP=1
4302286	42	STIM=i
4306546	42	RESP=1
4319140	42	STIM=8
4325086	42	RESP=2
4337861	42	STIM=o
4340586	42	RESP=1
4354712	42	STIM=p
4359376	42	RESP=1
4373126	42	STIM=9
4376753	42	RESP=2
4389154	42	STIM=7
4392887	42	RESP=2
4407393	42	STIM=w
4410645	42	RESP=1
4425972	42	STIM=a
4431385	42	RESP=1
4441582	42	STIM=k
4448604	42	RESP=1
4460288	42	STIM=m
4464526	42	RESP=1
4476945	42	STIM=m
4483415	42	RESP=1
4493030	42	STIM=s
4500820	42	RESP=1
4511290	42	STIM=l
4514617	42	RESP=1
4530086	42	STIM=l
4535410	42	RESP=1
4547575	42	STIM=w
4551280	42	RESP=2
4564539	42	STIM=j
4567585	42	RESP=1
4579743	42	STIM=o
4583047	42	RESP=1
4597955	42	STIM=k
4603839	42	RESP=1
4615893	42	STIM=f
4618189	42	RESP=1
4631082	42	STIM=j
4634867	42	RESP=1
4649803	42	STIM=b
4653671	42	RESP=1
4665851	42	STIM=g
4670843	42	RESP=1
4684280	42	STIM=k
4687909	42	RESP=1
4701124	42	STIM=6
4704672	42	RESP=2
4716996	42	STIM=m
4725180	42	RESP=1
4732300	42	STIM=a
4736842	42	RESP=2
4749815	42	STIM=j
4753570	42	RESP=1
4768576	42	STIM=t
4770976	42	RESP=1
4786743	42	STIM=f
4791795	42	RESP=1
4803459	42	STIM=w
4807797	42	RESP=1
4819275	42	STIM=y
4825141	42	RESP=1
4834703	42	STIM=z
4841341	42	RESP=1
4851327	42	STIM=g
4859000	42	RESP=1
4870302	42	STIM=l
4874188	42	RESP=1
4887593	42	STIM=g
4894622	42	RESP=1
4904787	42	STIM=v
4908724	42	RESP=1
4922778	42	STIM=3
4925935	42	RESP=2
4938454	42	STIM=4
4943221	42	RESP=2
4954914	42	STIM=3
4960880	42	RESP=1
4973299	42	STIM=r
4978706	42	RESP=1
4991833	42	STIM=1
4998521	42	RESP=2
5007290	42	STIM=3
5014263	42	RESP=2
5024227	42	STIM=g
5029741	42	RESP=1
5043155	42	STIM=p
5047671	42	RESP=1
5060238	42	STIM=s
5066498	42	RESP=1
5079099	42	STIM=r
5083150	42	RESP=1
5096555	42	STIM=8
5101729	42	RESP=2
5111859	42	STIM=f
5116063	42	RESP=1
5130230	42	STIM=s
5135041	42	RESP=1
5148484	42	STIM=q
5152558	42	RESP=1
5167201	42	STIM=j
5171285	42	RESP=1
5185044	42	STIM=1
5192810	42	RESP=2
5200812	42	STIM=g
5207716	42	RESP=1
5216460	42	STIM=g
5221097	42	RESP=1
5233310	42	STIM=s
5240082	42	RESP=1
5250083	42	STIM=w
5255393	42	RESP=1
5268180	42	STIM=t
5273946	42	RESP=1
5285256	42	STIM=a
5292568	42	RESP=1
5303398	42	STIM=i
5308219	42	RESP=1
5318691	42	STIM=q
5322941	42	RESP=2
5335789	42	STIM=s
5339954	42	RESP=2
5352548	42	STIM=7
5361141	42	RESP=2
5367876	42	STIM=g
5371671	42	RESP=1
5384947	42	STIM=2
5390539	42	RESP=1
5401626	42	STIM=z
5405942	42	RESP=1
5417377	42	STIM=a
5420999	42	RESP=1
5435353	42	STIM=5
5439765	42	RESP=2
5453289	42	STIM=s
5459288	42	RESP=1
5472160	42	STIM=i
5476268	42	RESP=1
5490656	42	STIM=8
5497333	42	RESP=2
5506641	42	STIM=r
5513850	42	RESP=1
5523957	42	STIM=f
5528956	42	RESP=1
5540146	42	STIM=q
5544367	42	RESP=2
5557725	42	STIM=d
5563390	42	RESP=1
5572833	42	STIM=d
5579571	42	RESP=1
5589274	42	STIM=e
5594673	42	RESP=1
5607933	42	STIM=k
5613395	42	RESP=1
5623052	42	STIM=s
5628965	42	RESP=1
5641079	42	STIM=5
5645101	42	RESP=2
5659440	42	STIM=s
5663014	42	RESP=1
5677128	42	STIM=0
5684018	42	RESP=2
5695217	42	STIM=l
5700127	42	RESP=1
5712931	42	STIM=f
5719197	42	RESP=1
5729464	42	STIM=m
5733465	42	RESP=1
5747055	42	STIM=d
5753139	42	RESP=1
5765355	42	STIM=x
5769994	42	RESP=1
5782524	42	STIM=5
5790025	42	RESP=2
5798403	42	STIM=f
5802516	42	RESP=1
5816033	42	STIM=0
5824744	42	RESP=2
5832667	42	STIM=8
5839937	42	RESP=2
5850451	42	STIM=o
5854243	42	RESP=1
5866631	42	STIM=c
5870037	42	RESP=1
5885465	42	STIM=4
5890695	42	RESP=1
5904232	42	STIM=a
5908540	42	RESP=2
5921483	42	STIM=p
5925731	42	RESP=1
5936687	42	STIM=u
5942213	42	RESP=1
5953687	42	STIM=f
5958016	42	RESP=1
5972519	42	STIM=z
5977442	42	RESP=1
5990615	42	STIM=3
5996448	42	RESP=2
6009480	42	STIM=t
6014081	42	RESP=1
6025037	42	STIM=b
6032753	42	RESP=1
6043407	42	STIM=w
6048419	42	RESP=1
6060085	42	STIM=8
6065710	42	RESP=2
6076950	42	STIM=r
6083139	42	RESP=1
6094925	42	STIM=f
6098157	42	RESP=1
6111152	42	STIM=n
6114841	42	RESP=1
6128067	42	STIM=p
6132994	42	RESP=1
6145415	42	STIM=k
6151272	42	RESP=1
6161159	42	STIM=7
6164361	42	RESP=2
6176582	42	STIM=0
6181210	42	RESP=2
6192819	42	STIM=w
6196669	42	RESP=1
6209984	42	STIM=x
6214826	42	RESP=1
6226466	42	STIM=8
6232160	42	RESP=2
6241552	42	STIM=v
6245824	42	RESP=1
6257834	42	STIM=g
6260827	42	RESP=2
6276246	42	STIM=v
6282074	42	RESP=1
6291491	42	STIM=f
6294901	42	RESP=1
6308409	42	STIM=l
6311960	42	RESP=1
6325409	42	STIM=b
6330308	42	RESP=1
6343815	42	STIM=8
6347779	42	RESP=2
6361957	42	STIM=q
6366174	42	RESP=1
6379918	42	STIM=x
6384558	42	RESP=1
6396704	42	STIM=9
6401217	42	RESP=2
6414925	42	STIM=h
6419188	42	RESP=1
6430587	42	STIM=b
6434220	42	RESP=1
6446127	42	STIM=q
6451043	42	RESP=1
6464034	42	STIM=z
6469586	42	RESP=1
6479124	42	STIM=h
6487762	42	RESP=1
6495022	42	STIM=a
6503497	42	RESP=1
6510971	42	STIM=4
6515316	42	RESP=2
6526543	42	STIM=9
6534524	42	RESP=2
6543337	42	STIM=6
6547360	42	RESP=2
6560021	42	STIM=z
6565203	42	RESP=1
6578766	42	STIM=s
6583516	42	RESP=1
6597593	42	STIM=0
6601759	42	RESP=2
6614477	42	STIM=f
6618482	42	RESP=1
6631514	42	STIM=v
6640028	42	RESP=1
6649956	42	STIM=t
6656316	42	RESP=1
6665530	42	STIM=g
6669487	42	RESP=1
6680629	42	STIM=g
6687225	42	RESP=1
6697330	42	STIM=h
6700728	42	RESP=2
6712578	42	STIM=d
6720090	42	RESP=1
6730535	42	STIM=n
6738314	42	RESP=1
6745910	42	STIM=3
6750984	42	RESP=1
6764820	42	STIM=t
6769109	42	RESP=1
6783087	42	STIM=6
6787936	42	RESP=2
6799516	42	STIM=2
6804695	42	RESP=2
6815105	42	STIM=v
6819554	42	RESP=1
6831110	42	STIM=a
6835264	42	RESP=1
6846206	42	STIM=d
6850897	42	RESP=1
6861998	42	STIM=7
6868317	42	RESP=2
6879957	42	STIM=h
6884651	42	RESP=1
6896173	42	STIM=7
6901249	42	RESP=2
6914700	42	STIM=e
6918955	42	RESP=1
6931856	42	STIM=b
6937065	42	RESP=1
6948696	42	STIM=u
6952754	42	RESP=1
6964437	42	STIM=f
6968883	42	RESP=1
6982515	42	STIM=m
6989136	42	RESP=2
6999167	42	STIM=w
7003138	42	RESP=1
7017047	42	STIM=q
7020822	42	RESP=1
7033130	42	STIM=u
7036239	42	RESP=1
7051191	42	STIM=h
7054500	42	RESP=1
7066984	42	STIM=e
7071759	42	RESP=1
7083774	42	STIM=i
7087135	42	RESP=1
7099547	42	STIM=l
7103558	42	RESP=1
7118252	42	STIM=g
7125183	42	RESP=1
7136780	42	STIM=t
7139196	42	RESP=1
7153207	42	STIM=l
7158114	42	RESP=1
7168911	42	STIM=9
7173904	42	RESP=1
7184389	42	STIM=8
7188725	42	RESP=2
7202907	42	STIM=j
7209240	42	RESP=1
7221034	42	STIM=1
7227230	42	RESP=2
7238322	42	STIM=i
7244041	42	RESP=1
7253513	42	STIM=8
7257483	42	RESP=2
7271698	42	STIM=i
7278811	42	RESP=1
7288846	42	STIM=n
7294217	42	RESP=1
7304893	42	STIM=i
7312869	42	RESP=1
7320781	42	STIM=x
7328447	42	RESP=1
7338411	42	STIM=f
7342189	42	RESP=1
7354413	42	STIM=5
7359181	42	RESP=2
7369750	42	STIM=z
7377486	42	RESP=1
7387976	42	STIM=r
7394186	42	RESP=2
7404657	42	STIM=5
7409870	42	RESP=2
7423428	42	STIM=b
7428309	42	RESP=1
7440981	42	STIM=g
7446099	42	RESP=1
7458359	42	STIM=5
7468509	42	RESP=2
7473656	42	STIM=s
7476876	42	RESP=1
7490868	42	STIM=d
7495588	42	RESP=1
7507109	42	STIM=o
7513767	42	RESP=1
7525002	42	STIM=k
7529128	42	RESP=1
7541500	42	STIM=6
7546620	42	RESP=1
7560237	42	STIM=j
7566959	42	RESP=1
7578941	42	STIM=h
7581779	42	RESP=1
7596432	42	STIM=9
7600608	42	RESP=1
7611866	42	STIM=h
7614563	42	RESP=1
7627469	42	STIM=6
7634044	42	RESP=2
7643829	42	STIM=s
7646897	42	RESP=1
7659545	42	STIM=k
7663092	42	RESP=1
7674692	42	STIM=g
7679830	42	RESP=1
7691733	42	STIM=l
7695980	42	RESP=1
7709352	42	STIM=7
7713653	42	RESP=2
7728016	42	STIM=l
7734491	42	RESP=1
7746923	42	STIM=p
7752015	42	RESP=1
7762680	42	STIM=c
7767934	42	RESP=2
7778133	42	STIM=q
7781614	42	RESP=1
7795138	42	STIM=j
7799881	42	RESP=1
7813435	42	STIM=r
7817472	42	RESP=1
7831091	42	STIM=v
7835011	42	RESP=1
7846877	42	STIM=v
7855351	42	RESP=1
7864541	42	STIM=r
7868802	42	RESP=1
7879883	42	STIM=r
7884287	42	RESP=1
7897849	42	STIM=d
7903563	42	RESP=1
7916662	42	STIM=x
7919691	42	RESP=1
7933578	42	STIM=d
7938743	42	RESP=1
7949816	42	STIM=c
7954112	42	RESP=1
7966426	42	STIM=f
7972664	42	RESP=1
7982182	42	STIM=z
7987952	42	RESP=1
7997446	42	STIM=y
8005474	42	RESP=1
8014133	42	STIM=j
8018463	42	RESP=1
8029684	42	STIM=s
8033791	42	RESP=1
8045792	42	STIM=2
8049578	42	RESP=2
8064722	42	STIM=z
8068770	42	RESP=1
8080528	42	STIM=d
8084060	42	RESP=1
8099172	42	STIM=g
8108409	42	RESP=1
8114477	42	STIM=r
8123390	42	RESP=1
8132574	42	STIM=4
8136644	42	RESP=2
8150627	42	STIM=k
8156347	42	RESP=1
8168570	42	STIM=g
8171543	42	RESP=1
8187114	42	STIM=z
8194868	42	RESP=1
8205790	42	STIM=t
8213443	42	RESP=1
8223274	42	STIM=0
8229562	42	RESP=2
8239292	42	STIM=r
8243261	42	RESP=1
8256244	42	STIM=d
8260640	42	RESP=1
8271509	42	STIM=l
8276434	42	RESP=1
8286721	42	STIM=g
8292632	42	RESP=1
8303043	42	STIM=u
8306952	42	RESP=1
8321225	42	STIM=k
8326261	42	RESP=1
8336946	42	STIM=m
8340991	42	RESP=2
8355890	42	STIM=g
8360360	42	RESP=1
8371518	42	STIM=m
8375198	42	RESP=1
8387676	42	STIM=r
8393231	42	RESP=1
8403391	42	STIM=g
8408056	42	RESP=1
8421761	42	STIM=h
8425047	42	RESP=1
8440020	42	STIM=e
8452362	42	RESP=1
8458185	42	STIM=a
8462497	42	RESP=1
8476441	42	STIM=g
8479107	42	RESP=1
8492224	42	STIM=m
8495947	42	RESP=1
8510366	42	STIM=q
8515545	42	RESP=1
8528307	42	STIM=2
8536004	42	RESP=2
8544135	42	STIM=g
8547282	42	RESP=2
8561058	42	STIM=a
8568505	42	RESP=1
8577174	42	STIM=s
8581160	42	RESP=1
8594180	42	STIM=y
8597521	42	RESP=1
8612097	42	STIM=o
8614894	42	RESP=1
8627169	42	STIM=2
8631038	42	RESP=2
8645878	42	STIM=n
8652189	42	RESP=1
8661003	42	STIM=v
8669247	42	RESP=1
8676461	42	STIM=c
8684744	42	RESP=1
8693082	42	STIM=a
8696356	42	RESP=1
8708465	42	STIM=l
8712085	42	RESP=1
8727364	42	STIM=x
8733436	42	RESP=1
8743378	42	STIM=c
8746842	42	RESP=1
8760911	42	STIM=y
8765445	42	RESP=1
8777181	42	STIM=s
8785244	42	RESP=1
8793531	42	STIM=r
8798774	42	RESP=1
8809251	42	STIM=t
8812834	42	RESP=1
8826608	42	STIM=p
8831558	42	RESP=1
8843068	42	STIM=h
8848532	42	RESP=1
8859775	42	STIM=5
8865142	42	RESP=2
8876293	42	STIM=p
8884227	42	RESP=1
8894034	42	STIM=j
8896673	42	RESP=1
8910997	42	STIM=j
8916251	42	RESP=1
8929845	42	STIM=t
8934194	42	RESP=1
8948673	42	STIM=u
8952239	42	RESP=1
8964914	42	STIM=c
8968408	42	RESP=1
8982977	42	STIM=g
8987728	42	RESP=1
9001944	42	STIM=2
9008841	42	RESP=2
9020148	42	STIM=h
9024532	42	RESP=1
9036899	42	STIM=l
9040540	42	RESP=1
9053751	42	STIM=3
9057450	42	RESP=2
9070021	42	STIM=r
9077290	42	RESP=1
9087158	42	STIM=l
9090255	42	RESP=1
9102298	42	STIM=x
9113476	42	RESP=1
9118325	42	STIM=u
9122158	42	RESP=1
9135013	42	STIM=d
9137590	42	RESP=1
9153733	42	STIM=z
9157610	42	RESP=1
9171904	42	STIM=9
9177365	42	RESP=2
9188585	42	STIM=n
9192650	42	RESP=1
9206728	42	STIM=j
9210330	42	RESP=1
9222392	42	STIM=t
9226742	42	RESP=1
9239893	42	STIM=s
9242962	42	RESP=1
9257427	42	STIM=a
9260492	42	RESP=1
9273371	42	STIM=p
9277366	42	RESP=1
9292183	42	STIM=f
9297223	42	RESP=1
9308993	42	STIM=a
9314033	42	RESP=1
9325566	42	STIM=u
9330331	42	RESP=1
9341633	42	STIM=p
9346483	42	RESP=1
9358370	42	STIM=l
9363740	42	RESP=1
9376164	42	STIM=k
9380306	42	RESP=1
9391745	42	STIM=j
9395858	42	RESP=1
9410551	42	STIM=s
9415044	42	RESP=1
9425922	42	STIM=i
9428905	42	RESP=1
9442663	42	STIM=o
9449503	42	RESP=1
9458840	42	STIM=5
9463647	42	RESP=2
9477011	42	STIM=y
9479990	42	RESP=1
9494275	42	STIM=6
9499294	42	RESP=2
9510984	42	STIM=9
9514931	42	RESP=2
9528316	42	STIM=k
9532187	42	RESP=1
9544416	42	STIM=j
9547309	42	RESP=1
9561926	42	STIM=b
9565782	42	RESP=1
9579150	42	STIM=g
9584159	42	RESP=1
9597022	42	STIM=t
9599306	42	RESP=1
9615671	42	STIM=f
9618593	42	RESP=1
9632732	42	STIM=j
9636187	42	RESP=1
9650423	42	STIM=j
9654661	42	RESP=1
9666919	42	STIM=5
9674397	42	RESP=2
9684079	42	STIM=j
9687122	42	RESP=1
9700679	42	STIM=i
9706385	42	RESP=1
9716288	42	STIM=f
9719889	42	RESP=1
9731940	42	STIM=l
9737648	42	RESP=1
9749852	42	STIM=y
9753427	42	RESP=1
9765783	42	STIM=h
9769678	42	RESP=1
9783349	42	STIM=w
9787486	42	RESP=1
9800653	42	STIM=i
9805402	42	RESP=1
9816225	42	STIM=6
9820500	42	RESP=2
9831725	42	STIM=g
9835318	42	RESP=1
9849325	42	STIM=i
9852328	42	RESP=1
9865665	42	STIM=z
9870584	42	RESP=1
9883769	42	STIM=p
9889056	42	RESP=1
9902626	42	STIM=n
9905583	42	RESP=1
9920991	42	STIM=z
9925352	42	RESP=1
9936660	42	STIM=x
9942727	42	RESP=1
9953765	42	STIM=s
9960290	42	RESP=1
9969196	42	STIM=d
9975689	42	RESP=1
9987801	42	STIM=7
9993097	42	RESP=1
10005675	42	STIM=9
10012095	42	RESP=2
10023702	42	STIM=h
10027631	42	RESP=1
10041469	42	STIM=f
10046108	42	RESP=1
10059386	42	STIM=3
10068240	42	RESP=1
10075389	42	STIM=m
10079242	42	RESP=1
10091719	42	STIM=d
10095582	42	RESP=1
10108787	42	STIM=s
10114450	42	RESP=1
10124366	42	STIM=r
10127036	42	RESP=1
10142127	42	STIM=k
10147204	42	RESP=1
10158056	42	STIM=b
10165966	42	RESP=1
10176301	42	STIM=z
10181701	42	RESP=1
10193034	42	STIM=k
10196950	42	RESP=1
10209167	42	STIM=b
10215530	42	RESP=1
10224570	42	STIM=0
10232042	42	RESP=1
10243174	42	STIM=0
10249153	42	RESP=2
10261184	42	STIM=4
10265545	42	RESP=1
10279110	42	STIM=6
10287348	42	RESP=2
10294644	42	STIM=t
10302750	42	RESP=1
10309711	42	STIM=o
10315069	42	RESP=1
10327755	42	STIM=j
10332007	42	RESP=1
10343430	42	STIM=x
10346923	42	RESP=1
10361152	42	STIM=6
10366037	42	RESP=2
10379586	42	STIM=c
10384405	42	RESP=1
10398403	42	STIM=1
10402097	42	RESP=2
10414018	42	STIM=l
10420299	42	RESP=1
10429518	42	STIM=n
10435718	42	RESP=1
10444775	42	STIM=b
10450885	42	RESP=1
10459837	42	STIM=v
10467944	42	RESP=1
10476049	42	STIM=a
10479158	42	RESP=1
10492386	42	STIM=q
10498738	42	RESP=1
10510063	42	STIM=c
10516210	42	RESP=1
10528708	42	STIM=t
10532078	42	RESP=1
10545993	42	STIM=z
10550294	42	RESP=1
10563368	42	STIM=d
10567449	42	RESP=1
10580954	42	STIM=7
10585763	42	RESP=2
10596375	42	STIM=j
10604315	42	RESP=1
10613584	42	STIM=d
10616711	42	RESP=1
10631750	42	STIM=y
10635518	42	RESP=1
10649217	42	STIM=f
10655178	42	RESP=2
10666781	42	STIM=e
10670873	42	RESP=1
10683180	42	STIM=u
10688059	42	RESP=1
10700091	42	STIM=b
10706011	42	RESP=1
10718909	42	STIM=k
10724438	42	RESP=1
10737761	42	STIM=o
10746869	42	RESP=1
10753472	42	STIM=c
10756566	42	RESP=1
10770906	42	STIM=0
10774827	42	RESP=2
10789869	42	STIM=d
10797009	42	RESP=1
10807222	42	STIM=m
10810445	42	RESP=1
10824569	42	STIM=f
10829045	42	RESP=1
10842394	42	STIM=x
10845749	42	RESP=1
10859636	42	STIM=e
10866533	42	RESP=1
10877791	42	STIM=n
10885959	42	RESP=1
10894612	42	STIM=s
10898155	42	RESP=1
10909883	42	STIM=4
10917695	42	RESP=2
10927047	42	STIM=t
10930285	42	RESP=1
10945990	42	STIM=l
10948781	42	RESP=1
10963992	42	STIM=v
10970200	42	RESP=1
10982544	42	STIM=o
10987837	42	RESP=1
10998533	42	STIM=4
11002112	42	RESP=1
11015743	42	STIM=4
11021884	42	RESP=2
11033658	42	STIM=v
11038484	42	RESP=1
11049712	42	STIM=z
11052474	42	RESP=1
11064877	42	STIM=x
11068337	42	RESP=2
11080482	42	STIM=x
11087318	42	RESP=1
11097720	42	STIM=2
11106064	42	RESP=2
11114500	42	STIM=h
11121924	42	RESP=1
11129632	42	STIM=f
11132870	42	RESP=1
11147688	42	STIM=m
11151818	42	RESP=1
11164143	42	STIM=l
11170319	42	RESP=1
11181187	42	STIM=p
11184171	42	RESP=1
11196923	42	STIM=k
11201137	42	RESP=1
11213133	42	STIM=z
11217883	42	RESP=1
11229897	42	STIM=r
11232857	42	RESP=1
11246700	42	STIM=o
11249018	42	RESP=1
11262694	42	STIM=k
11268241	42	RESP=2
11277853	42	STIM=6
11284492	42	RESP=2
11292906	42	STIM=1
11298294	42	RESP=2
11308315	42	STIM=8
11318684	42	RESP=2
11326278	42	STIM=s
11330625	42	RESP=1
11344575	42	STIM=i
11349639	42	RESP=1
11363364	42	STIM=a
11367994	42	RESP=1
11379280	42	STIM=6
11384844	42	RESP=2
11397412	42	STIM=v
11401118	42	RESP=1
11414725	42	STIM=1
11419827	42	RESP=2
11430765	42	STIM=t
11436666	42	RESP=1
11445893	42	STIM=o
11448793	42	RESP=1
11462841	42	STIM=d
11470951	42	RESP=1
11478789	42	STIM=o
11483142	42	RESP=1
11495275	42	STIM=i
11500580	42	RESP=1
11510278	42	STIM=q
11518253	42	RESP=1
11526248	42	STIM=f
11530603	42	RESP=1
11543981	42	STIM=w
11550136	42	RESP=1
11562564	42	STIM=x
11567760	42	RESP=1
11581489	42	STIM=s
11585187	42	RESP=1
11599436	42	STIM=m
11604594	42	RESP=1
11616583	42	STIM=m
11623669	42	RESP=1
11634072	42	STIM=j
11639262	42	RESP=1
11649407	42	STIM=r
11653168	42	RESP=1
11667723	42	STIM=o
11673906	42	RESP=1
11684853	42	STIM=o
11689680	42	RESP=1
11701898	42	STIM=l
11711584	42	RESP=1
11718661	42	STIM=h
11723164	42	RESP=1
11736574	42	STIM=l
11744412	42	RESP=1
11753045	42	STIM=e
11757558	42	RESP=1
11770791	42	STIM=t
11776606	42	RESP=1
11786712	42	STIM=1
11791474	42	RESP=2
11805545	42	STIM=0
11809335	42	RESP=2
11820714	42	STIM=s
11824564	42	RESP=1
11839021	42	STIM=s
11845400	42	RESP=1
11857597	42	STIM=w
11861319	42	RESP=1
11875225	42	STIM=m
11879951	42	RESP=2
11892602	42	STIM=v
11897289	42	RESP=1
11910663	42	STIM=w
11914113	42	RESP=1
11926892	42	STIM=w
11930319	42	RESP=1
11945463	42	STIM=m
11951557	42	RESP=1
11962642	42	STIM=z
11966961	42	RESP=1
11980444	42	STIM=g
11983703	42	RESP=1
11998405	42	STIM=i
12002019	42	RESP=2
12017350	42	STIM=e
12020893	42	RESP=1
12035195	42	STIM=g
12040460	42	RESP=1
12052650	42	STIM=w
12057077	42	RESP=1
12068313	42	STIM=u
12073520	42	RESP=1
12086741	42	STIM=d
12097942	42	RESP=1
12104951	42	STIM=d
12109064	42	RESP=1
12120937	42	STIM=r
12124740	42	RESP=1
12139837	42	STIM=b
12143969	42	RESP=1
12156146	42	STIM=r
12160313	42	RESP=1
12173693	42	STIM=y
12180673	42	RESP=1
12191721	42	STIM=s
12195725	42	RESP=1
12207513	42	STIM=4
12213604	42	RESP=2
12224571	42	STIM=6
12230806	42	RESP=2
12241139	42	STIM=6
12246254	42	RESP=1
12257032	42	STIM=a
12262538	42	RESP=1
12273939	42	STIM=z
12281513	42	RESP=1
12289485	42	STIM=c
12293354	42	RESP=1
12307387	42	STIM=d
12313975	42	RESP=1
12323748	42	STIM=f
12329568	42	RESP=1
12341002	42	STIM=q
12347304	42	RESP=1
12358779	42	STIM=v
12363387	42	RESP=1
12375885	42	STIM=r
12380383	42	RESP=2
12394860	42	STIM=v
12398977	42	RESP=1
12411002	42	STIM=w
12415241	42	RESP=1
12426310	42	STIM=z
12431524	42	RESP=1
12442493	42	STIM=m
12449633	42	RESP=1
12459045	42	STIM=o
12463021	42	RESP=1
12476338	42	STIM=z
12483270	42	RESP=1
12493449	42	STIM=1
12498849	42	RESP=2
12508992	42	STIM=d
12518388	42	RESP=1
12526790	42	STIM=n
12533208	42	RESP=1
12545280	42	STIM=5
12552504	42	RESP=2
12562671	42	STIM=y
12565963	42	RESP=1
12581128	42	STIM=y
12587196	42	RESP=1
12598230	42	STIM=j
12603294	42	RESP=1
12614288	42	STIM=o
12617797	42	RESP=1
12629378	42	STIM=q
12636437	42	RESP=1
12647883	42	STIM=m
12652997	42	RESP=1
12663773	42	STIM=0
12667739	42	RESP=2
12678855	42	STIM=0
12683563	42	RESP=2
12695256	42	STIM=t
12699847	42	RESP=1
12713183	42	STIM=v
12716734	42	RESP=1
12729571	42	STIM=x
12733800	42	RESP=1
12747265	42	STIM=r
12750615	42	RESP=1
12765092	42	STIM=g
12770155	42	RESP=1
12782975	42	STIM=b
12786829	42	RESP=1
12800174	42	STIM=j
12804429	42	RESP=1
12815395	42	STIM=9
12820839	42	RESP=1
12832940	42	STIM=1
12842366	42	RESP=2
12851695	42	STIM=x
12856154	42	RESP=1
12868537	42	STIM=w
12872591	42	RESP=2
12885620	42	STIM=y
12890988	42	RESP=1
12901091	42	STIM=3
12906439	42	RESP=2
12919156	42	STIM=l
12925714	42	RESP=1
12936657	42	STIM=s
12943520	42	RESP=1
12952755	42	STIM=a
12957073	42	RESP=1
12971548	42	STIM=z
12974705	42	RESP=1
12987985	42	STIM=8
12993607	42	RESP=2
13006981	42	STIM=b
13019213	42	RESP=1
13024453	42	STIM=r
13032012	42	RESP=1
13040576	42	STIM=v
13045774	42	RESP=1
13057938	42	STIM=o
13064991	42	RESP=1
13076316	42	STIM=l
13080993	42	RESP=1
13091913	42	STIM=i
13095974	42	RESP=1
13110421	42	STIM=v
13114517	42	RESP=1
13126921	42	STIM=1
13130526	42	RESP=2
13145547	42	STIM=m
13151656	42	RESP=1
13160888	42	STIM=d
13169263	42	RESP=1
13176561	42	STIM=3
13182722	42	RESP=2
13191871	42	STIM=5
13199274	42	RESP=2
13209905	42	STIM=i
13213445	42	RESP=1
13228888	42	STIM=3
13235530	42	RESP=2
13244144	42	STIM=i
13248387	42	RESP=1
13259837	42	STIM=i
13265212	42	RESP=1
13274841	42	STIM=p
13279663	42	RESP=1
13291667	42	STIM=0
13297479	42	RESP=2
13309120	42	STIM=2
13315468	42	RESP=1
13326979	42	STIM=j
13331258	42	RESP=1
13343530	42	STIM=4
13347266	42	RESP=1
13360417	42	STIM=7
13367042	42	RESP=2
13376482	42	STIM=c
13385137	42	RESP=1
13393267	42	STIM=h
13399798	42	RESP=1
13412095	42	STIM=j
13416364	42	RESP=1
13430824	42	STIM=l
13434121	42	RESP=1
13446611	42	STIM=d
13451596	42	RESP=1
13461889	42	STIM=3
13469832	42	RESP=2
13477277	42	STIM=b
13481613	42	RESP=1
13495283	42	STIM=u
13499633	42	RESP=1
13510820	42	STIM=p
13517458	42	RESP=1
13527327	42	STIM=s
13535230	42	RESP=1
13543923	42	STIM=2
13549276	42	RESP=2
13562825	42	STIM=h
13569041	42	RESP=1
13580023	42	STIM=a
13583435	42	RESP=1
13597843	42	STIM=g
13604737	42	RESP=1
13614898	42	STIM=c
13620004	42	RESP=1
13631885	42	STIM=7
13636756	42	RESP=2
13649637	42	STIM=g
13652438	42	RESP=2
13668132	42	STIM=c
13672702	42	RESP=1
13685478	42	STIM=o
13692175	42	RESP=1
13702504	42	STIM=d
13705808	42	RESP=1
13718790	42	STIM=t
13724484	42	RESP=1
13736092	42	STIM=1
13740653	42	RESP=2
13752472	42	STIM=k
13757997	42	RESP=1
13770556	42	STIM=y
13774629	42	RESP=2
13789068	42	STIM=t
13792619	42	RESP=1
13804077	42	STIM=m
13808693	42	RESP=1
13822803	42	STIM=e
13826703	42	RESP=1
13839088	42	STIM=w
13842983	42	RESP=1
13854991	42	STIM=g
13859674	42	RESP=1
13870621	42	STIM=4
13876224	42	RESP=2
13888406	42	STIM=e
13893470	42	RESP=1
13903685	42	STIM=j
13908340	42	RESP=1
13922289	42	STIM=7
13925790	42	RESP=2
13939946	42	STIM=j
13944587	42	RESP=1
13958647	42	STIM=u
13961578	42	RESP=1
13975261	42	STIM=0
13980478	42	RESP=1
13992714	42	STIM=6
13997425	42	RESP=2
14008082	42	STIM=0
14011446	42	RESP=1
14025060	42	STIM=d
14031307	42	RESP=1
14043397	42	STIM=z
14049692	42	RESP=1
14061843	42	STIM=v
14066352	42	RESP=1
14076918	42	STIM=d
14080971	42	RESP=1
14093944	42	STIM=r
14098256	42	RESP=1
14111423	42	STIM=5
14114707	42	RESP=2
14129881	42	STIM=f
14139096	42	RESP=1
14144936	42	STIM=j
14147658	42	RESP=1
14162521	42	STIM=o
14165752	42	RESP=1
14178359	42	STIM=1
14182016	42	RESP=2
14196449	42	STIM=g
14201702	42	RESP=1
14211825	42	STIM=9
14216826	42	RESP=2
14227704	42	STIM=q
14232479	42	RESP=1
14244651	42	STIM=s
14248185	42	RESP=1
14259708	42	STIM=w
14266399	42	RESP=1
14278087	42	STIM=u
14282279	42	RESP=1
14293430	42	STIM=s
14300126	42	RESP=1
14308978	42	STIM=0
14313548	42	RESP=2
14324446	42	STIM=c
14329008	42	RESP=1
14340882	42	STIM=6
14345471	42	RESP=2
14358455	42	STIM=v
14362593	42	RESP=1
14374670	42	STIM=5
14381161	42	RESP=2
14389740	42	STIM=b
14392899	42	RESP=1
14404854	42	STIM=k
14409459	42	RESP=1
14421519	42	STIM=c
14428531	42	RESP=1
14436792	42	STIM=k
14439935	42	RESP=1
14452212	42	STIM=3
14461164	42	RESP=2
14469867	42	STIM=v
14475979	42	RESP=1
14487324	42	STIM=w
14490627	42	RESP=1
14505280	42	STIM=x
14510209	42	RESP=1
14523379	42	STIM=k
14527041	42	RESP=1
14541586	42	STIM=u
14543920	42	RESP=1
14560314	42	STIM=u
14565557	42	RESP=2
14578909	42	STIM=u
14586120	42	RESP=1
14596809	42	STIM=y
14600835	42	RESP=1
14613983	42	STIM=a
14618861	42	RESP=2
14632861	42	STIM=9
14637907	42	RESP=2
14647951	42	STIM=n
14653250	42	RESP=1
14663434	42	STIM=s
14666536	42	RESP=1
14680458	42	STIM=q
14685886	42	RESP=1
14699233	42	STIM=v
14702209	42	RESP=1
14717629	42	STIM=u
14721700	42	RESP=1
14732945	42	STIM=x
14736474	42	RESP=1
14748787	42	STIM=g
14752690	42	RESP=1
14765125	42	STIM=7
14769620	42	RESP=2
14782744	42	STIM=c
14786298	42	RESP=1
14799372	42	STIM=u
14802385	42	RESP=1
14817904	42	STIM=y
14823995	42	RESP=1
14832926	42	STIM=a
14836734	42	RESP=1
14850834	42	STIM=y
14854748	42	RESP=1
14866243	42	STIM=3
14872463	42	RESP=2
14884869	42	STIM=e
14889707	42	RESP=1
14902839	42	STIM=i
14905719	42	RESP=1
14920208	42	STIM=t
14927204	42	RESP=1
14938467	42	STIM=8
14943570	42	RESP=2
14954964	42	STIM=m
14963314	42	RESP=1
14970273	42	STIM=2
14974696	42	RESP=1
14987631	42	STIM=2
14992941	42	RESP=2
15002876	42	STIM=v
15008242	42	RESP=1
15020926	42	STIM=f
15026735	42	RESP=1
15037113	42	STIM=e
15044386	42	RESP=1
15054529	42	STIM=r
15059739	42	RESP=1
15073034	42	STIM=6
15079218	42	RESP=1
15088191	42	STIM=l
15092521	42	RESP=1
15106575	42	STIM=1
15110947	42	RESP=2
15123106	42	STIM=4
15128990	42	RESP=2
15140258	42	STIM=7
15147444	42	RESP=2
15158769	42	STIM=c
15161926	42	RESP=1
15176861	42	STIM=g
15182102	42	RESP=1
15195614	42	STIM=2
15200827	42	RESP=2
15212055	42	STIM=g
15219095	42	RESP=1
15229430	42	STIM=v
15234097	42	RESP=1
15245070	42	STIM=b
15247934	42	RESP=1
15263121	42	STIM=5
15268849	42	RESP=2
15280286	42	STIM=d
15288237	42	RESP=1
15295780	42	STIM=h
15299852	42	RESP=1
15312837	42	STIM=j
15316581	42	RESP=1
15329904	42	STIM=h
15335697	42	RESP=1
15346281	42	STIM=y
15349184	42	RESP=1
15363276	42	STIM=h
15365760	42	RESP=1
15379156	42	STIM=y
15384065	42	RESP=1
15397191	42	STIM=y
15402320	42	RESP=1
15414827	42	STIM=7
15421091	42	RESP=2
15430428	42	STIM=9
15437043	42	RESP=2
15447869	42	STIM=x
15451716	42	RESP=1
15465428	42	STIM=5
15475116	42	RESP=1
15482649	42	STIM=1
15488400	42	RESP=2
15500903	42	STIM=2
15508057	42	RESP=2
15517352	42	STIM=p
15523384	42	RESP=1
15533022	42	STIM=i
15536946	42	RESP=1
15550414	42	STIM=m
15556928	42	RESP=1
15567013	42	STIM=t
15572415	42	RESP=1
15583311	42	STIM=k
15586344	42	RESP=1
15599658	42	STIM=z
15603835	42	RESP=1
15615909	42	STIM=x
15627699	42	RESP=1
15631139	42	STIM=j
15633992	42	RESP=2
15647229	42	STIM=r
15653326	42	RESP=1
15663429	42	STIM=0
15669427	42	RESP=2
15680791	42	STIM=t
15684754	42	RESP=1
15695999	42	STIM=s
15700742	42	RESP=1
15712019	42	STIM=l
15717955	42	RESP=1
15729873	42	STIM=9
15733583	42	RESP=2
15746238	42	STIM=y
15752785	42	RESP=1
15761820	42	STIM=z
15767381	42	RESP=1
15780613	42	STIM=u
15783329	42	RESP=1
15795947	42	STIM=y
15804186	42	RESP=1
15812557	42	STIM=q
15822334	42	RESP=1
15828182	42	STIM=m
15832671	42	RESP=1
15844251	42	STIM=m
15846903	42	RESP=1
15861363	42	STIM=r
15867622	42	RESP=1
15877801	42	STIM=g
15884785	42	RESP=1
15892831	42	STIM=e
15896914	42	RESP=1
15908793	42	STIM=y
15913750	42	RESP=1
15926074	42	STIM=d
15932571	42	RESP=1
15943565	42	STIM=n
15948734	42	RESP=1
15959537	42	STIM=o
15967601	42	RESP=1
15974631	42	STIM=f
15979113	42	RESP=1
15992728	42	STIM=x
15998243	42	RESP=1
16007728	42	STIM=h
16012990	42	RESP=1
16024303	42	STIM=t
16029975	42	RESP=1
16040640	42	STIM=4
16045160	42	RESP=2
16057713	42	STIM=w
16061602	42	RESP=1
16074040	42	STIM=r
16079665	42	RESP=1
16092905	42	STIM=d
16098243	42	RESP=1
16110461	42	STIM=n
16116288	42	RESP=1
16127779	42	STIM=b
16133429	42	RESP=1
16143063	42	STIM=4
16149053	42	RESP=2
16161153	42	STIM=x
16166929	42	RESP=1
16177306	42	STIM=r
16184761	42	RESP=1
16193077	42	STIM=h
16196285	42	RESP=1
16211441	42	STIM=q
16217217	42	RESP=1
16226963	42	STIM=2
16232973	42	RESP=2
16245789	42	STIM=a
16252322	42	RESP=1
16262379	42	STIM=4
16268087	42	RESP=1
16277692	42	STIM=k
16283712	42	RESP=1
16293728	42	STIM=7
16298997	42	RESP=2
16309779	42	STIM=u
16317311	42	RESP=1
16325632	42	STIM=b
16331249	42	RESP=1
16342595	42	STIM=b
16347025	42	RESP=1
16360899	42	STIM=w
16366132	42	RESP=1
16378084	42	STIM=8
16384792	42	RESP=2
16394538	42	STIM=v
16400480	42	RESP=1
16411732	42	STIM=w
16416526	42	RESP=1
16427083	42	STIM=4
16431782	42	RESP=2
16442926	42	STIM=y
16448604	42	RESP=1
16459435	42	STIM=n
16466820	42	RESP=1
16476011	42	STIM=7
16481115	42	RESP=2
16492337	42	STIM=l
16496809	42	RESP=1
16508589	42	STIM=1
16515308	42	RESP=1
16525944	42	STIM=w
16530591	42	RESP=1
16542738	42	STIM=e
16547561	42	RESP=1
16559600	42	STIM=f
16569207	42	RESP=1
16576649	42	STIM=b
16580849	42	RESP=1
16594193	42	STIM=r
16600913	42	RESP=1
16610529	42	STIM=i
16619494	42	RESP=1
16626862	42	STIM=c
16632754	42	RESP=1
16643453	42	STIM=8
16647983	42	RESP=2
16659513	42	STIM=a
16665230	42	RESP=1
16676546	42	STIM=4
16684543	42	RESP=1
16692452	42	STIM=s
16698148	42	RESP=1
16708788	42	STIM=g
16714961	42	RESP=1
16727189	42	STIM=z
16733908	42	RESP=1
16742511	42	STIM=g
16747645	42	RESP=1
16759671	42	STIM=g
16763757	42	RESP=1
16775593	42	STIM=y
16781336	42	RESP=1
16791909	42	STIM=8
16796252	42	RESP=2
16810361	42	STIM=n
16817323	42	RESP=1
16827911	42	STIM=8
16832281	42	RESP=2
16844162	42	STIM=p
16850757	42	RESP=1
16862619	42	STIM=1
16867838	42	RESP=2
16881118	42	STIM=c
16886885	42	RESP=1
16898060	42	STIM=i
16901899	42	RESP=1
16914828	42	STIM=j
16918011	42	RESP=1
16930639	42	STIM=q
16937409	42	RESP=1
16949389	42	STIM=f
16952110	42	RESP=1
16965577	42	STIM=z
16970522	42	RESP=1
16983027	42	STIM=2
16987469	42	RESP=2
17001476	42	STIM=a
17005671	42	RESP=1
17018544	42	STIM=9
17024207	42	RESP=2
17035543	42	STIM=d
17040503	42	RESP=1
17050619	42	STIM=g
17056022	42	RESP=1
17066651	42	STIM=p
17070105	42	RESP=1
17081940	42	STIM=o
17088848	42	RESP=1
17098342	42	STIM=3
17103802	42	RESP=2
17113962	42	STIM=t
17118007	42	RESP=1
17132069	42	STIM=8
17140439	42	RESP=2
17149470	42	STIM=f
17155879	42	RESP=1
17165670	42	STIM=j
17169455	42	RESP=1
17181955	42	STIM=e
17186109	42	RESP=1
17198220	42	STIM=k
17206195	42	RESP=1
17215994	42	STIM=c
17222248	42	RESP=1
17234619	42	STIM=k
17239247	42	RESP=1
17252865	42	STIM=j
17259842	42	RESP=1
17268766	42	STIM=2
17276969	42	RESP=2
17287465	42	STIM=t
17291489	42	RESP=1
17306019	42	STIM=r
17311820	42	RESP=1
17322099	42	STIM=u
17327214	42	RESP=1
17338110	42	STIM=p
17343652	42	RESP=1
17354236	42	STIM=s
17357557	42	RESP=1
17371203	42	STIM=t
17381186	42	RESP=1
17387955	42	STIM=x
17392246	42	RESP=1
17405119	42	STIM=z
17414205	42	RESP=1
17423448	42	STIM=p
17429476	42	RESP=1
17438957	42	STIM=4
17444172	42	RESP=2
17456197	42	STIM=g
17461866	42	RESP=1
17475107	42	STIM=g
17479307	42	RESP=2
17493038	42	STIM=j
17500043	42	RESP=1
17511166	42	STIM=r
17518636	42	RESP=2
17529107	42	STIM=j
17531470	42	RESP=1
17547543	42	STIM=e
17551346	42	RESP=1
17566398	42	STIM=o
17572708	42	RESP=1
17584183	42	STIM=u
17587157	42	RESP=1
17601385	42	STIM=5
17605799	42	RESP=2
17618172	42	STIM=y
17624087	42	RESP=1
17634434	42	STIM=y
17640566	42	RESP=1
17651619	42	STIM=b
17655094	42	RESP=1
17667497	42	STIM=2
17676246	42	RESP=2
17682825	42	STIM=4
17686475	42	RESP=2
17701637	42	STIM=e
17706757	42	RESP=1
17717105	42	STIM=5
17720191	42	RESP=1
17732938	42	STIM=o
17737082	42	RESP=1
17749175	42	STIM=v
17752141	42	RESP=1
17767396	42	STIM=e
17770561	42	RESP=1
17782565	42	STIM=d
17786455	42	RESP=1
17799713	42	STIM=w
17807220	42	RESP=1
17815867	42	STIM=x
17819150	42	RESP=2
17833503	42	STIM=d
17837028	42	RESP=1
17849088	42	STIM=l
17852925	42	RESP=1
17864747	42	STIM=o
17869847	42	RESP=1
17879862	42	STIM=x
17884513	42	RESP=1
17897747	42	STIM=x
17901015	42	RESP=1
17914776	42	STIM=r
17917797	42	RESP=1
17932578	42	STIM=m
17936780	42	RESP=1
17949890	42	STIM=z
17955138	42	RESP=1
17967204	42	STIM=g
17972693	42	RESP=1
17985475	42	STIM=f
17989017	42	RESP=1
18001211	42	STIM=y
18006050	42	RESP=1
18016659	42	STIM=b
18025040	42	RESP=1
18032848	42	STIM=n
18037770	42	RESP=1
18048428	42	STIM=6
18054851	42	RESP=1
18064683	42	STIM=o
18067489	42	RESP=1
18082094	42	STIM=y
18085521	42	RESP=1
18098749	42	STIM=u
18103260	42	RESP=1
18116608	42	STIM=u
18123459	42	RESP=1
18133047	42	STIM=4
18137665	42	RESP=2
18150217	42	STIM=1
18154847	42	RESP=2
18165628	42	STIM=n
18170165	42	RESP=1
18180841	42	STIM=8
18186097	42	RESP=2
18196232	42	STIM=c
18199449	42	RESP=2
18213750	42	STIM=f
18219064	42	RESP=1
18231918	42	STIM=1
18236839	42	RESP=1
18247898	42	STIM=a
18251120	42	RESP=1
18265544	42	STIM=l
18268294	42	RESP=1
18282675	42	STIM=a
18287108	42	RESP=1
18297759	42	STIM=9
18302876	42	RESP=1
18314971	42	STIM=p
18320463	42	RESP=1
18331742	42	STIM=8
18335195	42	RESP=2
18349536	42	STIM=c
18360763	42	RESP=1
18365553	42	STIM=8
18373102	42	RESP=2
18382324	42	STIM=i
18385762	42	RESP=1
18400632	42	STIM=c
18405689	42	RESP=1
18417533	42	STIM=b
18423665	42	RESP=1
18433309	42	STIM=r
18440622	42	RESP=1
18449781	42	STIM=e
18457631	42	RESP=1
18467222	42	STIM=0
18472059	42	RESP=2
18482654	42	STIM=8
18486418	42	RESP=2
18498301	42	STIM=u
18501409	42	RESP=1
18516239	42	STIM=e
18523850	42	RESP=1
18532151	42	STIM=t
18535031	42	RESP=1
18550138	42	STIM=8
18559271	42	RESP=2
18568998	42	STIM=r
18573023	42	RESP=1
18584038	42	STIM=k
18589320	42	RESP=1
18601825	42	STIM=u
18605413	42	RESP=1
18620038	42	STIM=0
18624206	42	RESP=2
18637554	42	STIM=2
18641863	42	RESP=2
18654589	42	STIM=c
18659200	42	RESP=1
18671031	42	STIM=d
18674888	42	RESP=1
18689524	42	STIM=4
18695255	42	RESP=2
18706372	42	STIM=p
18710338	42	RESP=1
18724433	42	STIM=o
18728459	42	RESP=1
18743239	42	STIM=p
18750609	42	RESP=1
18761533	42	STIM=0
18768362	42	RESP=2
18779051	42	STIM=u
18785468	42	RESP=1
18797533	42	STIM=i
18801696	42	RESP=1
18812935	42	STIM=b
18816403	42	RESP=1
18830408	42	STIM=m
18834644	42	RESP=1
18848200	42	STIM=t
18854563	42	RESP=1
18865762	42	STIM=j
18869734	42	RESP=1
18882074	42	STIM=h
18884785	42	RESP=1
18897293	42	STIM=h
18901972	42	RESP=1
18914225	42	STIM=e
18920436	42	RESP=1
18929970	42	STIM=o
18933523	42	RESP=1
18946130	42	STIM=l
18949560	42	RESP=1
18961717	42	STIM=x
18967210	42	RESP=1
18978205	42	STIM=b
18981745	42	RESP=1
18996983	42	STIM=z
19002469	42	RESP=1
19015099	42	STIM=3
19020669	42	RESP=2
19033645	42	STIM=y
19037329	42	RESP=1
19050453	42	STIM=7
19057687	42	RESP=2
19068899	42	STIM=m
19072638	42	RESP=1
19085106	42	STIM=5
19089486	42	RESP=2
19103116	42	STIM=u
19106786	42	RESP=1
19118606	42	STIM=v
19123149	42	RESP=1
19135291	42	STIM=q
19141370	42	RESP=1
19151070	42	STIM=w
19154746	42	RESP=1
19168880	42	STIM=h
19172864	42	RESP=1
19187397	42	STIM=l
19193849	42	RESP=1
19203465	42	STIM=m
19212672	42	RESP=1
19218798	42	STIM=s
19225928	42	RESP=1
19234457	42	STIM=a
19238285	42	RESP=1
19252912	42	STIM=0
19262447	42	RESP=2
19269574	42	STIM=i
19275167	42	RESP=1
19286038	42	STIM=z
19296029	42	RESP=1
19301471	42	STIM=q
19306357	42	RESP=1
19320161	42	STIM=j
19323675	42	RESP=1
19338794	42	STIM=c
19343669	42	RESP=1
19355460	42	STIM=y
19361220	42	RESP=1
19372112	42	STIM=d
19376078	42	RESP=1
19388452	42	STIM=n
19394683	42	RESP=1
19407286	42	STIM=c
19411014	42	RESP=1
19425298	42	STIM=c
19429609	42	RESP=1
19442784	42	STIM=h
19446518	42	RESP=1
19461388	42	STIM=1
19468985	42	RESP=2
19479880	42	STIM=u
19486212	42	RESP=1
19495702	42	STIM=e
19501860	42	RESP=1
19512781	42	STIM=g
19520342	42	RESP=1
19531082	42	STIM=e
19536636	42	RESP=1
19547708	42	STIM=h
19554054	42	RESP=1
19564526	42	STIM=t
19571507	42	RESP=1
19580883	42	STIM=z
19583265	42	RESP=1
19598640	42	STIM=7
19605548	42	RESP=2
19617494	42	STIM=h
19621867	42	RESP=1
19634147	42	STIM=1
19638771	42	RESP=2
19651249	42	STIM=5
19657654	42	RESP=2
19667108	42	STIM=u
19673376	42	RESP=1
19685583	42	STIM=s
19688498	42	RESP=1
19703660	42	STIM=f
19706146	42	RESP=1
19720851	42	STIM=6
19724676	42	RESP=2
19738449	42	STIM=l
19741974	42	RESP=1
19754366	42	STIM=o
19757349	42	RESP=1
19771451	42	STIM=c
19776964	42	RESP=1
19786725	42	STIM=m
19791940	42	RESP=2
19802908	42	STIM=o
19808115	42	RESP=1
19818286	42	STIM=s
19823131	42	RESP=1
19834081	42	STIM=3
19839194	42	RESP=2
19852765	42	STIM=3
19858678	42	RESP=2
19867995	42	STIM=k
19872042	42	RESP=1
19884552	42	STIM=v
19887621	42	RESP=1
19901301	42	STIM=c
19904946	42	RESP=1
19919337	42	STIM=l
19924068	42	RESP=1
19935948	42	STIM=z
19940991	42	RESP=1
19954611	42	STIM=q
19959200	42	RESP=1
19970022	42	STIM=w
19973822	42	RESP=1
19985855	42	STIM=b
19993801	42	RESP=1
20001246	42	STIM=7
20005859	42	RESP=2
20020214	42	STIM=i
20028175	42	RESP=1
20038140	42	STIM=z
20042480	42	RESP=1
20053148	42	STIM=p
20056839	42	RESP=1
20071412	42	STIM=w
20074576	42	RESP=1
20086523	42	STIM=z
20090268	42	RESP=1
20102575	42	STIM=9
20107308	42	RESP=2
20121262	42	STIM=y
20127323	42	RESP=1
20139342	42	STIM=5
20144689	42	RESP=2
20156733	42	STIM=p
20162784	42	RESP=1
20175397	42	STIM=3
20181194	42	RESP=2
20193973	42	STIM=s
20197063	42	RESP=1
20211392	42	STIM=j
20215788	42	RESP=1
20227141	42	STIM=2
20231164	42	RESP=2
20245782	42	STIM=c
20250793	42	RESP=1
20263185	42	STIM=a
20266846	42	RESP=1
20280270	42	STIM=c
20290444	42	RESP=1
20297010	42	STIM=x
20300642	42	RESP=1
20315791	42	STIM=w
20319601	42	RESP=1
20332637	42	STIM=d
20337698	42	RESP=1
20349867	42	STIM=6
20354739	42	RESP=2
20366394	42	STIM=5
20374588	42	RESP=2
20383371	42	STIM=y
20387859	42	RESP=1
20402144	42	STIM=t
20409222	42	RESP=1
20421074	42	STIM=h
20425733	42	RESP=1
20436588	42	STIM=v
20440735	42	RESP=1
20455397	42	STIM=c
20458632	42	RESP=2
20471152	42	STIM=o
20476217	42	RESP=1
20487223	42	STIM=9
20492607	42	RESP=2
20502274	42	STIM=1
20507648	42	RESP=2
20520505	42	STIM=a
20525007	42	RESP=1
20539160	42	STIM=0
20543427	42	RESP=2
20556717	42	STIM=k
20559814	42	RESP=1
20571776	42	STIM=n
20580755	42	RESP=1
20589588	42	STIM=g
20593499	42	RESP=1
20604669	42	STIM=b
20612486	42	RESP=1
20620220	42	STIM=4
20624441	42	RESP=2
20638238	42	STIM=1
20642547	42	RESP=2
20653908	42	STIM=e
20660113	42	RESP=1
20671784	42	STIM=p
20675653	42	RESP=1
20688142	42	STIM=w
20692200	42	RESP=1
20705055	42	STIM=j
20708305	42	RESP=1
20720363	42	STIM=r
20727436	42	RESP=1
20738038	42	STIM=4
20741827	42	RESP=2
20756628	42	STIM=m
20759685	42	RESP=1
20775165	42	STIM=m
20780738	42	RESP=1
20793687	42	STIM=n
20798300	42	RESP=1
20811475	42	STIM=2
20820608	42	RESP=2
20828244	42	STIM=n
20832947	42	RESP=1
20843377	42	STIM=g
20848600	42	RESP=1
20859324	42	STIM=k
20862542	42	RESP=1
20874555	42	STIM=t
20878252	42	RESP=1
20891053	42	STIM=d
20898840	42	RESP=1
20906780	42	STIM=6
20911628	42	RESP=2
20924417	42	STIM=k
20927910	42	RESP=1
20941076	42	STIM=q
20946460	42	RESP=1
20958912	42	STIM=l
20962693	42	RESP=1
20975043	42	STIM=4
20981237	42	RESP=1
20992034	42	STIM=s
20997845	42	RESP=1
21008884	42	STIM=t
21013798	42	RESP=1
21025198	42	STIM=l
21028467	42	RESP=1
21040415	42	STIM=m
21045144	42	RESP=1
21055738	42	STIM=c
21060362	42	RESP=1
21072108	42	STIM=q
21076097	42	RESP=1
21088680	42	STIM=v
21092619	42	RESP=1
21106277	42	STIM=v
21109906	42	RESP=1
21122862	42	STIM=8
21127837	42	RESP=2
21140395	42	STIM=m
21145506	42	RESP=1
21157335	42	STIM=r
21162038	42	RESP=1
21173816	42	STIM=z
21178943	42	RESP=1
21190831	42	STIM=m
21194975	42	RESP=1
21207332	42	STIM=r
21211563	42	RESP=1
21225641	42	STIM=l
21233331	42	RESP=1
21244162	42	STIM=m
21250350	42	RESP=1
21262421	42	STIM=0
21268161	42	RESP=2
21278900	42	STIM=l
21285475	42	RESP=1
21297502	42	STIM=9
21303564	42	RESP=2
21315288	42	STIM=3
21318904	42	RESP=2
21332893	42	STIM=q
21338481	42	RESP=1
21348301	42	STIM=j
21351428	42	RESP=1
21365652	42	STIM=7
21373379	42	RESP=2
21381956	42	STIM=d
21391088	42	RESP=1
21397052	42	STIM=3
21402071	42	RESP=2
21412716	42	STIM=r
21417142	42	RESP=1
21431300	42	STIM=4
21435346	42	RESP=2
21448093	42	STIM=c
21452496	42	RESP=1
21465047	42	STIM=m
21470795	42	RESP=1
21483702	42	STIM=r
21488542	42	RESP=1
21500079	42	STIM=3
21504427	42	RESP=2
21517586	42	STIM=e
21526224	42	RESP=1
21533547	42	STIM=a
21541404	42	RESP=1
21549359	42	STIM=q
21555139	42	RESP=1
21566416	42	STIM=d
21572950	42	RESP=1
21582352	42	STIM=k
21587170	42	RESP=1
21599077	42	STIM=l
21603269	42	RESP=1
21614653	42	STIM=5
21621444	42	RESP=2
21632293	42	STIM=k
21636676	42	RESP=1
21647307	42	STIM=r
21651157	42	RESP=1
21665976	42	STIM=9
21672252	42	RESP=2
21682816	42	STIM=b
21688520	42	RESP=1
21700802	42	STIM=h
21708683	42	RESP=1
21717951	42	STIM=9
21726496	42	RESP=2
21736206	42	STIM=t
21741502	42	RESP=1
21753346	42	STIM=d
21756817	42	RESP=1
