# Original filename: 0047_KHH_2017-03-20.log
# Time unit: 100 us
# RARECAT=digit
#
# Time	HHGG	Event
27105	42	STIM=8
39549	42	RESP=2
42625	42	STIM=z
46155	42	RESP=1
59549	42	STIM=q
63259	42	RESP=1
76453	42	STIM=y
82893	42	RESP=1
91579	42	STIM=m
99017	42	RESP=1
106850	42	STIM=i
117828	42	RESP=1
123864	42	STIM=z
129591	42	RESP=1
141969	42	STIM=2
147961	42	RESP=2
158992	42	STIM=f
163914	42	RESP=1
175000	42	STIM=p
181361	42	RESP=1
191240	42	STIM=p
195345	42	RESP=1
209392	42	STIM=n
215877	42	RESP=1
225113	42	STIM=8
231523	42	RESP=1
240493	42	STIM=v
247495	42	RESP=1
258383	42	STIM=s
263721	42	RESP=1
276804	42	STIM=j
283096	42	RESP=1
294646	42	STIM=f
301163	42	RESP=1
313207	42	STIM=3
321673	42	RESP=2
329989	42	STIM=e
333872	42	RESP=1
347142	42	STIM=b
352978	42	RESP=1
365955	42	STIM=l
369060	42	RESP=1
381919	42	STIM=1
386476	42	RESP=2
400283	42	STIM=x
405920	42	RESP=1
415749	42	STIM=7
422602	42	RESP=2
432202	42	STIM=e
437800	42	RESP=1
449456	42	STIM=c
458514	42	RESP=1
466881	42	STIM=p
472147	42	RESP=1
482262	42	STIM=t
487139	42	RESP=1
498359	42	STIM=r
501354	42	RESP=1
516191	42	STIM=n
524825	42	RESP=1
532969	42	STIM=l
540973	42	RESP=1
548594	42	STIM=c
553792	42	RESP=1
563943	42	STIM=v
568327	42	RESP=1
580539	42	STIM=c
584925	42	RESP=1
596156	42	STIM=k
602070	42	RESP=1
613942	42	STIM=e
617767	42	RESP=1
632473	42	STIM=z
637247	42	RESP=1
651454	42	STIM=p
655516	42	RESP=1
667486	42	STIM=l
673911	42	RESP=1
685893	42	STIM=o
692331	42	RESP=1
701967	42	STIM=r
706948	42	RESP=1
717774	42	STIM=2
723347	42	RESP=2
734752	42	STIM=5
739601	42	RESP=2
750024	42	STIM=5
754338	42	RESP=2
766271	42	STIM=l
770836	42	RESP=1
782046	42	STIM=u
785333	42	RESP=1
798158	42	STIM=f
803558	42	RESP=1
813957	42	STIM=8
819655	42	RESP=2
831620	42	STIM=8
838073	42	RESP=2
848068	42	STIM=2
854557	42	RESP=2
865968	42	STIM=c
872429	42	RESP=1
881012	42	STIM=f
883864	42	RESP=1
897714	42	STIM=8
903364	42	RESP=2
914262	42	STIM=0
920322	42	RESP=2
930473	42	STIM=z
934411	42	RESP=2
948157	42	STIM=7
953533	42	RESP=2
966455	42	STIM=f
970362	42	RESP=1
981772	42	STIM=o
994027	42	RESP=2
997225	42	STIM=s
1000745	42	RESP=1
1015281	42	STIM=h
1019361	42	RESP=1
1030359	42	STIM=b
1041487	42	RESP=1
1046771	42	STIM=0
1055889	42	RESP=2
1065016	42	STIM=c
1070906	42	RESP=1
1081185	42	STIM=x
1084644	42	RESP=1
1098222	42	STIM=o
1103126	42	RESP=1
1115050	42	STIM=k
1121305	42	RESP=1
1130262	42	STIM=d
1137024	42	RESP=1
1148429	42	STIM=y
1153522	42	RESP=1
1164741	42	STIM=w
1170887	42	RESP=1
1180789	42	STIM=a
1184475	42	RESP=1
1198964	42	STIM=9
1208123	42	RESP=2
1215103	42	STIM=n
1218073	42	RESP=1
1233945	42	STIM=3
1240985	42	RESP=1
1249663	42	STIM=u
1253050	42	RESP=1
1266371	42	STIM=l
1270020	42	RESP=1
1284480	42	STIM=f
1288454	42	RESP=1
1300399	42	STIM=9
1308774	42	RESP=2
1315920	42	STIM=v
1319439	42	RESP=1
1334517	42	STIM=1
1341153	42	RESP=2
1349827	42	STIM=b
1352401	42	RESP=1
1366333	42	STIM=c
1378366	42	RESP=1
1383263	42	STIM=d
1388516	42	RESP=1
1400344	42	STIM=j
1407159	42	RESP=1
1415434	42	STIM=m
1422037	42	RESP=1
1433592	42	STIM=i
1436797	42	RESP=1
1452235	42	STIM=v
1456926	42	RESP=1
1469538	42	STIM=h
1476586	42	RESP=1
1486287	42	STIM=u
1494670	42	RESP=1
1503161	42	STIM=a
1512251	42	RESP=2
1520102	42	STIM=d
1526650	42	RESP=1
1539031	42	STIM=z
1546443	42	RESP=1
1555384	42	STIM=m
1561108	42	RESP=1
1570665	42	STIM=0
1576746	42	RESP=2
1586118	42	STIM=7
1591314	42	RESP=2
1601498	42	STIM=a
1608505	42	RESP=1
1620212	42	STIM=n
1627250	42	RESP=1
1638311	42	STIM=j
1648914	42	RESP=1
1655681	42	STIM=z
1660803	42	RESP=1
1671493	42	STIM=r
1675945	42	RESP=1
1686559	42	STIM=a
1691642	42	RESP=1
1701895	42	STIM=z
1710204	42	RESP=1
1716980	42	STIM=k
1721961	42	RESP=1
1732141	42	STIM=k
1737733	42	RESP=1
1748119	42	STIM=4
1754146	42	RESP=2
1763297	42	STIM=s
1767887	42	RESP=1
1779734	42	STIM=e
1784309	42	RESP=1
1796190	42	STIM=5
1807286	42	RESP=2
1812859	42	STIM=0
1819825	42	RESP=2
1828489	42	STIM=2
1837389	42	RESP=2
1845134	42	STIM=q
1852672	42	RESP=1
1860284	42	STIM=i
1864874	42	RESP=1
1875858	42	STIM=o
1884903	42	RESP=2
1893623	42	STIM=d
1898402	42	RESP=1
1909561	42	STIM=n
1917518	42	RESP=1
1924763	42	STIM=g
1931591	42	RESP=1
1941493	42	STIM=p
1947736	42	RESP=1
1960218	42	STIM=o
1963054	42	RESP=1
1977859	42	STIM=d
1992436	42	RESP=1
1993905	42	STIM=2
1999391	42	RESP=2
2012301	42	STIM=k
2016659	42	RESP=1
2028880	42	STIM=n
2039733	42	RESP=1
2046319	42	STIM=d
2051966	42	RESP=1
2062494	42	STIM=i
2066793	42	RESP=1
2079670	42	STIM=m
2090838	42	RESP=1
2097367	42	STIM=k
2102145	42	RESP=1
2112610	42	STIM=1
2120249	42	RESP=2
2129286	42	STIM=o
2134612	42	RESP=1
2147007	42	STIM=4
2156465	42	RESP=2
2165556	42	STIM=2
2171876	42	RESP=2
2183129	42	STIM=n
2186417	42	RESP=1
2198593	42	STIM=z
2203311	42	RESP=1
2214494	42	STIM=6
2221238	42	RESP=2
2232067	42	STIM=i
2235970	42	RESP=1
2248872	42	STIM=f
2254597	42	RESP=1
2265825	42	STIM=o
2270733	42	RESP=2
2283993	42	STIM=l
2294394	42	RESP=1
2299457	42	STIM=m
2304560	42	RESP=1
2315828	42	STIM=c
2319577	42	RESP=1
2332942	42	STIM=k
2341784	42	RESP=2
2351480	42	STIM=i
2357075	42	RESP=1
2366800	42	STIM=r
2370159	42	RESP=1
2385109	42	STIM=t
2388906	42	RESP=1
2400160	42	STIM=q
2406605	42	RESP=1
2419045	42	STIM=v
2422445	42	RESP=2
2436786	42	STIM=t
2447120	42	RESP=1
2454739	42	STIM=x
2458196	42	RESP=1
2470878	42	STIM=t
2475926	42	RESP=1
2489213	42	STIM=9
2500337	42	RESP=2
2507821	42	STIM=l
2511672	42	RESP=1
2524438	42	STIM=n
2528629	42	RESP=1
2539906	42	STIM=d
2550774	42	RESP=2
2556863	42	STIM=5
2566099	42	RESP=2
2575124	42	STIM=n
2579975	42	RESP=1
2590908	42	STIM=j
2597427	42	RESP=1
2607340	42	STIM=u
2618611	42	RESP=1
2625568	42	STIM=b
2630655	42	RESP=1
2641756	42	STIM=b
2647728	42	RESP=1
2657375	42	STIM=0
2662222	42	RESP=2
2676183	42	STIM=7
2683067	42	RESP=1
2694852	42	STIM=b
2699004	42	RESP=1
2713793	42	STIM=o
2723478	42	RESP=1
2731102	42	STIM=s
2740204	42	RESP=1
2747505	42	STIM=h
2752262	42	RESP=1
2763835	42	STIM=u
2767206	42	RESP=1
2781787	42	STIM=p
2788360	42	RESP=1
2797242	42	STIM=r
2803881	42	RESP=1
2815813	42	STIM=1
2825582	42	RESP=2
2831518	42	STIM=v
2835075	42	RESP=1
2850396	42	STIM=p
2854268	42	RESP=1
2866882	42	STIM=4
2874797	42	RESP=2
2884192	42	STIM=4
2895329	42	RESP=2
2901853	42	STIM=x
2907864	42	RESP=1
2917389	42	STIM=0
2925850	42	RESP=2
2934845	42	STIM=j
2939105	42	RESP=1
2950920	42	STIM=n
2957531	42	RESP=1
2966018	42	STIM=s
2969907	42	RESP=1
2983859	42	STIM=l
2990008	42	RESP=1
3002198	42	STIM=f
3006900	42	RESP=1
3018266	42	STIM=2
3023252	42	RESP=2
3035450	42	STIM=m
3042605	42	RESP=1
3051192	42	STIM=b
3064790	42	RESP=2
3066247	42	STIM=i
3073246	42	RESP=1
3084267	42	STIM=c
3092720	42	RESP=1
3102364	42	STIM=t
3106448	42	RESP=1
3118333	42	STIM=d
3121915	42	RESP=1
3134193	42	STIM=t
3138503	42	RESP=1
3149410	42	STIM=i
3152912	42	RESP=1
3168348	42	STIM=w
3173697	42	RESP=1
3186004	42	STIM=x
3191902	42	RESP=1
3201844	42	STIM=r
3207083	42	RESP=1
3220826	42	STIM=b
3228132	42	RESP=1
3238952	42	STIM=y
3245301	42	RESP=1
3254893	42	STIM=w
3260490	42	RESP=1
3271942	42	STIM=k
3276973	42	RESP=1
3290864	42	STIM=c
3294392	42	RESP=1
3309573	42	STIM=e
3317692	42	RESP=1
3324771	42	STIM=s
3330329	42	RESP=1
3341113	42	STIM=j
3345387	42	RESP=1
3356709	42	STIM=7
3362575	42	RESP=2
3372485	42	STIM=k
3379732	42	RESP=1
3388471	42	STIM=4
3394287	42	RESP=2
3405994	42	STIM=9
3413686	42	RESP=2
3424440	42	STIM=1
3429096	42	RESP=2
3443155	42	STIM=7
3448182	42	RESP=2
3458724	42	STIM=b
3463690	42	RESP=1
3477685	42	STIM=p
3484784	42	RESP=1
3493620	42	STIM=o
3500180	42	RESP=1
3511009	42	STIM=m
3517038	42	RESP=1
3526074	42	STIM=v
3528861	42	RESP=1
3541823	42	STIM=l
3544548	42	RESP=1
3558972	42	STIM=b
3564288	42	RESP=1
3574509	42	STIM=z
3583191	42	RESP=1
3590490	42	STIM=l
3594310	42	RESP=1
3607418	42	STIM=s
3612738	42	RESP=1
3622889	42	STIM=n
3629531	42	RESP=1
3641247	42	STIM=i
3646657	42	RESP=1
3658062	42	STIM=k
3661823	42	RESP=1
3676426	42	STIM=x
3681776	42	RESP=2
3693633	42	STIM=d
3702496	42	RESP=1
3710480	42	STIM=q
3714242	42	RESP=1
3727174	42	STIM=p
3732571	42	RESP=1
3744578	42	STIM=g
3748154	42	RESP=1
3759997	42	STIM=t
3762793	42	RESP=1
3778125	42	STIM=p
3786594	42	RESP=1
3794881	42	STIM=l
3801078	42	RESP=1
3810787	42	STIM=r
3818995	42	RESP=1
3829010	42	STIM=0
3833679	42	RESP=1
3845802	42	STIM=k
3850218	42	RESP=1
3863980	42	STIM=w
3872370	42	RESP=1
3881830	42	STIM=v
3891249	42	RESP=1
3899118	42	STIM=g
3904327	42	RESP=1
3915355	42	STIM=t
3922547	42	RESP=1
3932883	42	STIM=9
3938633	42	RESP=2
3947990	42	STIM=g
3952154	42	RESP=1
3965201	42	STIM=f
3970381	42	RESP=1
3980500	42	STIM=r
3985561	42	RESP=1
3997135	42	STIM=p
4002706	42	RESP=1
4012932	42	STIM=0
4020096	42	RESP=2
4028811	42	STIM=y
4034418	42	RESP=1
4044535	42	STIM=t
4054366	42	RESP=1
4059671	42	STIM=3
4064518	42	RESP=2
4076634	42	STIM=k
4082151	42	RESP=1
4093721	42	STIM=m
4097671	42	RESP=1
4111287	42	STIM=a
4116752	42	RESP=1
4129947	42	STIM=r
4133328	42	RESP=1
4148563	42	STIM=8
4156553	42	RESP=2
4165060	42	STIM=k
4169680	42	RESP=1
4180402	42	STIM=z
4186493	42	RESP=1
4195889	42	STIM=l
4199380	42	RESP=1
4214714	42	STIM=3
4222657	42	RESP=2
4231527	42	STIM=1
4240573	42	RESP=2
4247305	42	STIM=0
4254068	42	RESP=1
4265237	42	STIM=7
4270832	42	RESP=2
4281979	42	STIM=v
4286817	42	RESP=1
4300359	42	STIM=n
4305655	42	RESP=1
4315757	42	STIM=q
4323306	42	RESP=1
4331081	42	STIM=b
4334061	42	RESP=1
4346160	42	STIM=p
4352267	42	RESP=1
4361543	42	STIM=3
4367957	42	RESP=2
4378657	42	STIM=1
4384734	42	RESP=2
4394751	42	STIM=u
4398323	42	RESP=1
4410402	42	STIM=c
4418141	42	RESP=1
4426152	42	STIM=h
4431966	42	RESP=1
4444734	42	STIM=m
4453540	42	RESP=1
4461031	42	STIM=c
4467192	42	RESP=1
4476327	42	STIM=c
4485700	42	RESP=1
4494127	42	STIM=q
4503904	42	RESP=1
4510486	42	STIM=s
4517128	42	RESP=1
4525716	42	STIM=x
4531810	42	RESP=1
4540741	42	STIM=h
4550027	42	RESP=1
4556335	42	STIM=e
4561344	42	RESP=1
4574312	42	STIM=k
4583879	42	RESP=1
4592853	42	STIM=6
4599124	42	RESP=2
4610285	42	STIM=1
4617797	42	RESP=2
4628037	42	STIM=e
4634993	42	RESP=1
4644465	42	STIM=d
4651992	42	RESP=1
4661282	42	STIM=2
4667000	42	RESP=2
4679707	42	STIM=1
4686924	42	RESP=2
4698138	42	STIM=i
4705612	42	RESP=1
4713215	42	STIM=e
4716125	42	RESP=1
4731987	42	STIM=o
4740312	42	RESP=1
4748659	42	STIM=d
4754625	42	RESP=1
4765599	42	STIM=y
4772557	42	RESP=1
4783475	42	STIM=c
4789369	42	RESP=1
4799296	42	STIM=4
4806207	42	RESP=2
4815266	42	STIM=b
4823128	42	RESP=1
4830279	42	STIM=h
4837201	42	RESP=1
4848803	42	STIM=9
4854561	42	RESP=1
4865983	42	STIM=h
4872397	42	RESP=2
4882311	42	STIM=7
4887450	42	RESP=2
4899204	42	STIM=y
4907070	42	RESP=1
4916495	42	STIM=g
4920992	42	RESP=1
4934851	42	STIM=w
4941687	42	RESP=1
4951491	42	STIM=o
4953829	42	RESP=1
4969294	42	STIM=n
4975116	42	RESP=1
4988168	42	STIM=8
4992430	42	RESP=2
5003959	42	STIM=v
5010183	42	RESP=1
5022190	42	STIM=1
5030495	42	RESP=2
5037487	42	STIM=l
5040903	42	RESP=1
5056355	42	STIM=c
5059434	42	RESP=1
5074872	42	STIM=u
5080042	42	RESP=1
5093699	42	STIM=i
5101433	42	RESP=1
5110908	42	STIM=g
5115752	42	RESP=1
5128210	42	STIM=4
5134812	42	RESP=2
5144456	42	STIM=a
5150560	42	RESP=1
5163290	42	STIM=a
5177624	42	RESP=1
5182010	42	STIM=0
5187870	42	RESP=2
5200900	42	STIM=v
5204321	42	RESP=1
5216120	42	STIM=e
5225462	42	RESP=1
5231839	42	STIM=y
5236423	42	RESP=1
5249450	42	STIM=d
5254622	42	RESP=1
5265776	42	STIM=8
5270250	42	RESP=2
5284214	42	STIM=i
5289596	42	RESP=1
5300677	42	STIM=i
5306656	42	RESP=1
5319037	42	STIM=o
5323865	42	RESP=1
5336517	42	STIM=h
5341300	42	RESP=1
5353045	42	STIM=r
5360506	42	RESP=1
5369338	42	STIM=y
5374287	42	RESP=1
5387887	42	STIM=e
5393872	42	RESP=1
5404558	42	STIM=k
5409950	42	RESP=1
5422519	42	STIM=0
5431413	42	RESP=2
5438318	42	STIM=m
5443767	42	RESP=1
5453983	42	STIM=7
5460834	42	RESP=2
5469540	42	STIM=p
5474699	42	RESP=1
5486210	42	STIM=o
5490975	42	RESP=1
5501393	42	STIM=x
5505329	42	RESP=1
5516845	42	STIM=f
5520756	42	RESP=1
5534235	42	STIM=4
5544299	42	RESP=1
5550695	42	STIM=a
5559006	42	RESP=1
5568563	42	STIM=x
5573253	42	RESP=1
5585202	42	STIM=j
5589221	42	RESP=1
5602034	42	STIM=6
5606319	42	RESP=2
5620538	42	STIM=b
5627602	42	RESP=2
5635751	42	STIM=k
5641905	42	RESP=1
5650925	42	STIM=i
5656640	42	RESP=1
5669078	42	STIM=p
5675542	42	RESP=1
5685779	42	STIM=s
5690558	42	RESP=1
5703048	42	STIM=6
5711231	42	RESP=2
5721289	42	STIM=z
5724751	42	RESP=1
5739339	42	STIM=k
5750229	42	RESP=1
5757844	42	STIM=h
5763362	42	RESP=1
5775239	42	STIM=d
5782307	42	RESP=1
5790496	42	STIM=d
5795277	42	RESP=1
5808622	42	STIM=f
5814801	42	RESP=1
5827133	42	STIM=e
5833999	42	RESP=1
5845760	42	STIM=a
5849649	42	RESP=1
5863017	42	STIM=n
5870548	42	RESP=1
5878243	42	STIM=n
5882883	42	RESP=1
5896691	42	STIM=t
5911152	42	RESP=2
5912339	42	STIM=9
5921500	42	RESP=2
5928778	42	STIM=c
5938354	42	RESP=1
5945733	42	STIM=1
5951534	42	RESP=2
5964535	42	STIM=t
5968343	42	RESP=1
5980286	42	STIM=d
5983667	42	RESP=1
5998268	42	STIM=a
6005101	42	RESP=1
6015003	42	STIM=6
6022000	42	RESP=2
6033441	42	STIM=d
6041834	42	RESP=1
6051230	42	STIM=f
6055423	42	RESP=1
6067727	42	STIM=a
6072620	42	RESP=1
6084052	42	STIM=8
6091035	42	RESP=2
6101560	42	STIM=u
6105665	42	RESP=1
6118692	42	STIM=e
6124247	42	RESP=1
6134321	42	STIM=w
6138422	42	RESP=1
6151163	42	STIM=i
6157648	42	RESP=1
6170009	42	STIM=a
6174520	42	RESP=1
6185932	42	STIM=m
6192983	42	RESP=1
6201794	42	STIM=7
6209513	42	RESP=1
6218665	42	STIM=l
6229396	42	RESP=1
6233764	42	STIM=7
6238873	42	RESP=2
6251719	42	STIM=u
6254678	42	RESP=1
6268947	42	STIM=t
6273956	42	RESP=1
6285593	42	STIM=l
6293424	42	RESP=1
6301649	42	STIM=d
6305301	42	RESP=1
6320406	42	STIM=f
6327265	42	RESP=1
6338749	42	STIM=j
6343756	42	RESP=1
6356445	42	STIM=j
6360890	42	RESP=1
6375055	42	STIM=c
6381387	42	RESP=1
6390941	42	STIM=a
6398473	42	RESP=1
6406536	42	STIM=q
6413012	42	RESP=1
6422681	42	STIM=g
6431824	42	RESP=1
6440731	42	STIM=d
6445691	42	RESP=1
6458188	42	STIM=s
6462716	42	RESP=1
6474582	42	STIM=0
6482293	42	RESP=2
6491425	42	STIM=t
6496106	42	RESP=1
6507295	42	STIM=x
6510136	42	RESP=1
6525661	42	STIM=a
6529910	42	RESP=1
6541950	42	STIM=y
6545175	42	RESP=1
6559602	42	STIM=l
6566019	42	RESP=1
6577236	42	STIM=f
6583325	42	RESP=1
6594097	42	STIM=j
6599725	42	RESP=1
6612554	42	STIM=j
6618599	42	RESP=1
6629292	42	STIM=u
6634610	42	RESP=1
6646426	42	STIM=o
6653601	42	RESP=1
6664937	42	STIM=z
6669794	42	RESP=1
6680283	42	STIM=u
6684448	42	RESP=1
6696365	42	STIM=3
6700418	42	RESP=2
6713003	42	STIM=e
6716955	42	RESP=1
6730741	42	STIM=f
6736715	42	RESP=1
6749186	42	STIM=l
6754547	42	RESP=1
6767010	42	STIM=l
6772807	42	RESP=1
6785432	42	STIM=s
6789619	42	RESP=1
6800720	42	STIM=k
6805279	42	RESP=2
6818830	42	STIM=d
6823797	42	RESP=1
6834395	42	STIM=4
6844732	42	RESP=1
6852530	42	STIM=4
6859194	42	RESP=2
6868359	42	STIM=3
6878589	42	RESP=2
6885050	42	STIM=z
6889946	42	RESP=1
6902994	42	STIM=w
6909644	42	RESP=1
6921651	42	STIM=7
6926166	42	RESP=2
6937968	42	STIM=w
6942785	42	RESP=1
6955834	42	STIM=a
6960964	42	RESP=1
6971403	42	STIM=b
6974859	42	RESP=1
6988013	42	STIM=n
6991991	42	RESP=1
7006510	42	STIM=h
7010844	42	RESP=2
7023356	42	STIM=w
7028586	42	RESP=1
7038612	42	STIM=q
7046393	42	RESP=1
7056564	42	STIM=c
7064791	42	RESP=1
7072728	42	STIM=m
7079703	42	RESP=1
7089195	42	STIM=z
7093611	42	RESP=1
7105477	42	STIM=1
7113580	42	RESP=2
7124032	42	STIM=h
7127053	42	RESP=1
7142082	42	STIM=z
7156182	42	RESP=1
7158766	42	STIM=m
7164314	42	RESP=1
7174091	42	STIM=3
7182816	42	RESP=2
7189413	42	STIM=h
7201401	42	RESP=1
7205854	42	STIM=c
7210838	42	RESP=1
7221310	42	STIM=q
7225683	42	RESP=1
7238474	42	STIM=u
7243460	42	RESP=1
7256825	42	STIM=l
7262149	42	RESP=2
7275568	42	STIM=u
7281364	42	RESP=2
7291151	42	STIM=i
7295921	42	RESP=1
7306214	42	STIM=s
7310625	42	RESP=1
7322494	42	STIM=s
7334574	42	RESP=1
7339058	42	STIM=q
7347164	42	RESP=1
7354225	42	STIM=f
7365803	42	RESP=1
7372227	42	STIM=h
7376940	42	RESP=1
7389324	42	STIM=6
7396204	42	RESP=2
7406890	42	STIM=m
7413487	42	RESP=1
7425210	42	STIM=4
7429831	42	RESP=2
7441123	42	STIM=6
7444727	42	RESP=2
7457920	42	STIM=z
7463674	42	RESP=2
7473348	42	STIM=c
7479042	42	RESP=1
7492117	42	STIM=s
7499972	42	RESP=1
7508912	42	STIM=i
7517452	42	RESP=1
7524444	42	STIM=p
7530953	42	RESP=1
7540890	42	STIM=5
7546533	42	RESP=2
7556295	42	STIM=9
7564621	42	RESP=2
7573222	42	STIM=d
7577427	42	RESP=1
7590915	42	STIM=m
7597747	42	RESP=1
7609774	42	STIM=i
7614187	42	RESP=1
7625235	42	STIM=m
7629117	42	RESP=1
7640652	42	STIM=o
7644771	42	RESP=1
7659628	42	STIM=b
7666497	42	RESP=1
7676463	42	STIM=a
7680843	42	RESP=1
7693707	42	STIM=1
7701387	42	RESP=1
7712690	42	STIM=a
7718965	42	RESP=1
7729730	42	STIM=z
7741236	42	RESP=1
7746150	42	STIM=j
7752779	42	RESP=1
7762122	42	STIM=9
7769518	42	RESP=2
7777219	42	STIM=o
7782911	42	RESP=1
7794991	42	STIM=k
7800240	42	RESP=1
7813434	42	STIM=y
7822915	42	RESP=1
7831399	42	STIM=x
7843961	42	RESP=1
7848313	42	STIM=h
7854230	42	RESP=1
7865872	42	STIM=p
7871543	42	RESP=1
7882412	42	STIM=z
7885989	42	RESP=1
7897509	42	STIM=i
7902314	42	RESP=1
7913503	42	STIM=e
7918790	42	RESP=1
7929847	42	STIM=j
7934786	42	RESP=1
7945415	42	STIM=0
7953509	42	RESP=1
7964319	42	STIM=c
7967931	42	RESP=1
7980933	42	STIM=z
7986405	42	RESP=1
7998103	42	STIM=7
8002948	42	RESP=2
8016538	42	STIM=w
8021103	42	RESP=1
8032531	42	STIM=s
8036931	42	RESP=1
8050124	42	STIM=m
8061310	42	RESP=1
8068226	42	STIM=f
8072496	42	RESP=1
8085519	42	STIM=r
8088362	42	RESP=1
8104054	42	STIM=3
8109536	42	RESP=2
8120928	42	STIM=7
8126064	42	RESP=2
8138709	42	STIM=w
8144421	42	RESP=1
8154671	42	STIM=f
8157633	42	RESP=1
8170134	42	STIM=d
8176468	42	RESP=1
8189056	42	STIM=8
8193561	42	RESP=2
8207861	42	STIM=m
8213643	42	RESP=1
8225106	42	STIM=x
8229819	42	RESP=1
8240829	42	STIM=n
8246019	42	RESP=1
8259264	42	STIM=z
8263464	42	RESP=1
8276589	42	STIM=o
8280528	42	RESP=1
8293515	42	STIM=o
8298940	42	RESP=1
8312151	42	STIM=p
8318848	42	RESP=1
8328457	42	STIM=z
8335628	42	RESP=1
8347018	42	STIM=9
8358304	42	RESP=2
8363773	42	STIM=o
8369023	42	RESP=1
8381228	42	STIM=1
8386609	42	RESP=2
8396688	42	STIM=3
8401886	42	RESP=2
8413814	42	STIM=y
8418164	42	RESP=1
8429816	42	STIM=9
8435512	42	RESP=2
8446332	42	STIM=e
8452542	42	RESP=1
8463494	42	STIM=g
8472057	42	RESP=1
8482376	42	STIM=e
8486683	42	RESP=1
8498059	42	STIM=2
8502961	42	RESP=2
8513277	42	STIM=h
8518571	42	RESP=1
8531394	42	STIM=4
8536624	42	RESP=2
8550167	42	STIM=p
8555158	42	RESP=1
8567175	42	STIM=z
8574117	42	RESP=1
8583733	42	STIM=s
8591556	42	RESP=1
8600334	42	STIM=n
8603627	42	RESP=1
8616732	42	STIM=s
8621813	42	RESP=1
8634952	42	STIM=s
8641018	42	RESP=1
8651448	42	STIM=k
8659094	42	RESP=1
8670176	42	STIM=v
8677557	42	RESP=1
8686525	42	STIM=h
8693791	42	RESP=1
8704031	42	STIM=x
8712046	42	RESP=1
8722881	42	STIM=q
8727009	42	RESP=1
8740158	42	STIM=o
8748086	42	RESP=1
8757308	42	STIM=b
8763325	42	RESP=1
8774318	42	STIM=l
8779120	42	RESP=1
8791931	42	STIM=u
8795354	42	RESP=1
8810651	42	STIM=d
8814100	42	RESP=1
8827748	42	STIM=p
8834251	42	RESP=1
8844273	42	STIM=x
8850116	42	RESP=1
8861540	42	STIM=t
8865843	42	RESP=1
8879442	42	STIM=e
8885974	42	RESP=1
8897690	42	STIM=h
8903083	42	RESP=1
8915560	42	STIM=m
8918862	42	RESP=1
8931397	42	STIM=9
8936987	42	RESP=2
8949875	42	STIM=m
8956671	42	RESP=1
8967649	42	STIM=z
8975540	42	RESP=1
8984917	42	STIM=k
8993117	42	RESP=1
9002961	42	STIM=f
9009549	42	RESP=1
9021496	42	STIM=o
9030072	42	RESP=1
9038474	42	STIM=7
9043303	42	RESP=2
9054797	42	STIM=h
9059041	42	RESP=1
9072169	42	STIM=d
9077443	42	RESP=1
9088509	42	STIM=l
9098064	42	RESP=1
9107365	42	STIM=z
9110557	42	RESP=1
9125000	42	STIM=t
9132797	42	RESP=1
9141508	42	STIM=7
9145254	42	RESP=2
9160299	42	STIM=k
9168037	42	RESP=1
9177658	42	STIM=a
9184914	42	RESP=2
9193780	42	STIM=s
9201635	42	RESP=1
9210696	42	STIM=r
9218702	42	RESP=1
9228575	42	STIM=j
9232038	42	RESP=1
9244734	42	STIM=s
9248196	42	RESP=1
9259965	42	STIM=u
9266827	42	RESP=1
9277646	42	STIM=i
9283757	42	RESP=1
9293868	42	STIM=q
9297398	42	RESP=1
9310161	42	STIM=s
9317290	42	RESP=1
9325214	42	STIM=w
9334374	42	RESP=1
9342651	42	STIM=j
9346804	42	RESP=1
9359581	42	STIM=6
9366007	42	RESP=2
9376891	42	STIM=e
9382927	42	RESP=1
9394941	42	STIM=r
9401034	42	RESP=1
9411710	42	STIM=a
9418794	42	RESP=1
9427716	42	STIM=t
9433697	42	RESP=1
9446700	42	STIM=3
9451327	42	RESP=2
9465235	42	STIM=r
9469182	42	RESP=1
9483607	42	STIM=b
9487279	42	RESP=1
9498867	42	STIM=w
9502617	42	RESP=1
9516412	42	STIM=2
9520312	42	RESP=2
9533355	42	STIM=r
9537821	42	RESP=1
9552347	42	STIM=s
9559004	42	RESP=1
9570620	42	STIM=s
9577422	42	RESP=1
9588199	42	STIM=5
9597497	42	RESP=2
9606349	42	STIM=t
9613698	42	RESP=1
9623579	42	STIM=a
9629782	42	RESP=1
9638862	42	STIM=p
9645356	42	RESP=1
9654394	42	STIM=j
9660459	42	RESP=1
9671217	42	STIM=z
9678314	42	RESP=1
9688608	42	STIM=v
9693158	42	RESP=1
9707035	42	STIM=h
9710173	42	RESP=1
9724406	42	STIM=x
9729117	42	RESP=1
9740750	42	STIM=y
9746316	42	RESP=1
9757246	42	STIM=i
9763273	42	RESP=1
9773935	42	STIM=g
9777091	42	RESP=1
9791467	42	STIM=s
9794965	42	RESP=1
9808909	42	STIM=c
9814167	42	RESP=1
9827649	42	STIM=g
9832306	42	RESP=1
9845834	42	STIM=g
9850707	42	RESP=1
9862941	42	STIM=o
9866932	42	RESP=1
9879405	42	STIM=v
9885349	42	RESP=1
9895451	42	STIM=9
9901148	42	RESP=2
9912094	42	STIM=w
9916499	42	RESP=1
9928722	42	STIM=c
9938384	42	RESP=1
9944387	42	STIM=v
9949352	42	RESP=1
9961059	42	STIM=p
9969967	42	RESP=1
9978004	42	STIM=k
9984465	42	RESP=1
9995118	42	STIM=1
10002447	42	RESP=2
10013422	42	STIM=y
10018217	42	RESP=1
10028750	42	STIM=3
10039157	42	RESP=2
10047408	42	STIM=m
10053382	42	RESP=1
10064568	42	STIM=r
10068217	42	RESP=1
10080756	42	STIM=p
10091532	42	RESP=1
10097593	42	STIM=8
10103720	42	RESP=1
10113286	42	STIM=9
10119097	42	RESP=2
10132157	42	STIM=v
10135702	42	RESP=1
10147920	42	STIM=t
10150967	42	RESP=1
10165899	42	STIM=y
10170648	42	RESP=1
10184460	42	STIM=q
10188102	42	RESP=1
10201490	42	STIM=y
10204521	42	RESP=1
10217873	42	STIM=x
10223183	42	RESP=1
10234748	42	STIM=a
10241014	42	RESP=1
10249789	42	STIM=f
10253184	42	RESP=1
10266015	42	STIM=m
10273898	42	RESP=1
10281430	42	STIM=q
10284669	42	RESP=1
10297468	42	STIM=i
10303957	42	RESP=1
10314391	42	STIM=7
10324940	42	RESP=2
10330841	42	STIM=u
10336909	42	RESP=1
10347556	42	STIM=a
10354455	42	RESP=1
10363167	42	STIM=z
10368623	42	RESP=1
10379057	42	STIM=q
10382856	42	RESP=1
10396066	42	STIM=s
10400501	42	RESP=1
10412724	42	STIM=g
10417493	42	RESP=1
10431034	42	STIM=1
10436203	42	RESP=2
10447865	42	STIM=x
10452860	42	RESP=1
10464315	42	STIM=s
10470953	42	RESP=1
10482599	42	STIM=v
10487224	42	RESP=1
10500065	42	STIM=0
10508437	42	RESP=2
10515094	42	STIM=o
10522563	42	RESP=1
10531966	42	STIM=j
10535101	42	RESP=1
10547506	42	STIM=1
10553341	42	RESP=2
10562851	42	STIM=d
10567567	42	RESP=1
10579933	42	STIM=8
10591523	42	RESP=2
10597965	42	STIM=j
10602367	42	RESP=1
10614745	42	STIM=y
10622645	42	RESP=1
10631322	42	STIM=s
10636670	42	RESP=1
10648553	42	STIM=c
10658796	42	RESP=1
10666364	42	STIM=d
10669258	42	RESP=1
10684000	42	STIM=v
10689311	42	RESP=1
10701464	42	STIM=c
10704699	42	RESP=1
10719866	42	STIM=e
10724237	42	RESP=1
10738700	42	STIM=v
10743114	42	RESP=1
10755942	42	STIM=a
10763423	42	RESP=1
10773072	42	STIM=z
10779138	42	RESP=1
10790981	42	STIM=5
10796985	42	RESP=2
10809357	42	STIM=n
10812951	42	RESP=1
10824989	42	STIM=j
10830049	42	RESP=1
10841866	42	STIM=e
10850459	42	RESP=1
10857867	42	STIM=8
10868036	42	RESP=2
10876142	42	STIM=l
10879961	42	RESP=1
10891274	42	STIM=f
10900098	42	RESP=1
10908932	42	STIM=y
10912008	42	RESP=2
10925502	42	STIM=4
10932314	42	RESP=2
10941934	42	STIM=b
10947985	42	RESP=1
10957017	42	STIM=k
10961740	42	RESP=1
10975395	42	STIM=o
10981470	42	RESP=1
10993874	42	STIM=9
11001070	42	RESP=2
11012629	42	STIM=y
11017651	42	RESP=1
11030822	42	STIM=u
11037046	42	RESP=1
11047953	42	STIM=d
11054234	42	RESP=1
11063095	42	STIM=x
11070454	42	RESP=1
11081700	42	STIM=1
11089282	42	RESP=2
11100606	42	STIM=b
11110945	42	RESP=1
11119228	42	STIM=o
11124060	42	RESP=1
11136468	42	STIM=5
11144771	42	RESP=2
11154593	42	STIM=d
11164688	42	RESP=2
11172376	42	STIM=p
11180220	42	RESP=1
11187618	42	STIM=a
11192995	42	RESP=1
11205168	42	STIM=h
11211757	42	RESP=1
11221311	42	STIM=3
11227610	42	RESP=2
11239094	42	STIM=0
11243641	42	RESP=2
11256275	42	STIM=s
11260528	42	RESP=1
11272940	42	STIM=0
11279404	42	RESP=2
11288013	42	STIM=3
11293064	42	RESP=2
11303278	42	STIM=r
11309028	42	RESP=1
11321040	42	STIM=s
11328212	42	RESP=1
11337285	42	STIM=z
11340458	42	RESP=1
11354646	42	STIM=0
11365760	42	RESP=2
11371440	42	STIM=q
11375118	42	RESP=1
11388175	42	STIM=t
11392993	42	RESP=1
11405269	42	STIM=i
11410761	42	RESP=1
11423033	42	STIM=9
11428960	42	RESP=2
11439945	42	STIM=t
11447752	42	RESP=1
11456479	42	STIM=f
11461139	42	RESP=1
11471885	42	STIM=r
11476754	42	RESP=1
11490047	42	STIM=j
11496949	42	RESP=1
11507488	42	STIM=z
11512808	42	RESP=1
11525998	42	STIM=v
11534529	42	RESP=1
11541753	42	STIM=n
11548236	42	RESP=1
11559409	42	STIM=0
11564667	42	RESP=2
11577664	42	STIM=a
11585470	42	RESP=1
11593108	42	STIM=x
11601979	42	RESP=1
11609460	42	STIM=k
11613915	42	RESP=1
11627782	42	STIM=h
11641332	42	RESP=1
11643996	42	STIM=x
11649670	42	RESP=1
11660159	42	STIM=s
11664863	42	RESP=1
11677790	42	STIM=z
11681319	42	RESP=1
11696719	42	STIM=w
11704326	42	RESP=1
11714535	42	STIM=6
11718711	42	RESP=2
11730650	42	STIM=c
11738688	42	RESP=1
11748681	42	STIM=e
11752624	42	RESP=1
11764117	42	STIM=v
11772416	42	RESP=1
11781810	42	STIM=q
11789727	42	RESP=1
11798922	42	STIM=r
11807466	42	RESP=1
11817118	42	STIM=4
11826586	42	RESP=2
11833952	42	STIM=n
11839498	42	RESP=1
11849793	42	STIM=q
11854975	42	RESP=1
11866414	42	STIM=7
11871744	42	RESP=2
11883670	42	STIM=i
11888697	42	RESP=1
11902323	42	STIM=1
11908016	42	RESP=2
11918800	42	STIM=r
11928340	42	RESP=1
11935843	42	STIM=3
11942176	42	RESP=2
11951253	42	STIM=f
11956189	42	RESP=1
11968866	42	STIM=z
11972295	42	RESP=1
11985782	42	STIM=g
11991813	42	RESP=1
12004689	42	STIM=8
12018907	42	RESP=2
12021945	42	STIM=5
12026271	42	RESP=2
12039548	42	STIM=5
12045733	42	RESP=2
12055092	42	STIM=d
12063666	42	RESP=1
12071315	42	STIM=c
12076608	42	RESP=1
12088060	42	STIM=t
12096150	42	RESP=1
12105119	42	STIM=s
12111315	42	RESP=1
12123013	42	STIM=0
12128504	42	RESP=2
12138963	42	STIM=l
12149608	42	RESP=1
12157024	42	STIM=k
12160392	42	RESP=1
12174958	42	STIM=l
12179289	42	RESP=2
12191001	42	STIM=m
12200004	42	RESP=1
12208680	42	STIM=m
12217004	42	RESP=1
12226830	42	STIM=x
12236894	42	RESP=1
12243992	42	STIM=i
12247724	42	RESP=1
12260584	42	STIM=x
12265882	42	RESP=1
12278531	42	STIM=x
12287893	42	RESP=1
12293805	42	STIM=h
12299585	42	RESP=1
12311883	42	STIM=s
12318820	42	RESP=1
12327299	42	STIM=t
12331366	42	RESP=1
12344802	42	STIM=u
12352348	42	RESP=1
12360469	42	STIM=v
12365204	42	RESP=1
12375477	42	STIM=g
12380380	42	RESP=1
12391158	42	STIM=r
12396613	42	RESP=1
12409724	42	STIM=o
12416622	42	RESP=1
12425962	42	STIM=h
12430890	42	RESP=1
12441681	42	STIM=w
12447649	42	RESP=1
12456779	42	STIM=c
12465273	42	RESP=1
12472056	42	STIM=v
12476264	42	RESP=1
12489424	42	STIM=r
12494338	42	RESP=1
12507310	42	STIM=a
12513006	42	RESP=1
12522806	42	STIM=g
12526244	42	RESP=1
12538632	42	STIM=h
12542836	42	RESP=2
12555468	42	STIM=7
12561889	42	RESP=2
12572497	42	STIM=5
12579262	42	RESP=2
12590611	42	STIM=i
12596678	42	RESP=1
12609569	42	STIM=i
12613360	42	RESP=1
12628501	42	STIM=z
12634064	42	RESP=1
12647393	42	STIM=o
12653209	42	RESP=1
12665576	42	STIM=u
12669835	42	RESP=1
12684219	42	STIM=f
12690573	42	RESP=1
12699970	42	STIM=7
12706027	42	RESP=1
12718646	42	STIM=k
12723624	42	RESP=1
12734429	42	STIM=p
12737604	42	RESP=1
12751238	42	STIM=x
12755873	42	RESP=1
12768977	42	STIM=y
12781023	42	RESP=1
12787457	42	STIM=h
12795552	42	RESP=1
12803112	42	STIM=h
12806998	42	RESP=1
12821001	42	STIM=w
12826694	42	RESP=1
12839495	42	STIM=c
12846597	42	RESP=1
12856568	42	STIM=0
12862422	42	RESP=2
12873328	42	STIM=s
12881861	42	RESP=1
12890004	42	STIM=z
12894428	42	RESP=1
12906345	42	STIM=o
12922677	42	RESP=2
12922777	42	STIM=k
12928899	42	RESP=1
12940475	42	STIM=u
12946427	42	RESP=1
12958947	42	STIM=z
12964351	42	RESP=1
12974633	42	STIM=k
12979707	42	RESP=1
12991897	42	STIM=x
12996473	42	RESP=1
13007969	42	STIM=i
13012227	42	RESP=1
13022973	42	STIM=c
13029593	42	RESP=1
13040207	42	STIM=6
13052959	42	RESP=2
13057010	42	STIM=u
13062712	42	RESP=1
13075189	42	STIM=1
13081163	42	RESP=2
13091144	42	STIM=5
13096706	42	RESP=2
13108315	42	STIM=q
13114698	42	RESP=1
13124549	42	STIM=n
13134248	42	RESP=1
13139731	42	STIM=0
13145974	42	RESP=2
13154996	42	STIM=y
13160090	42	RESP=1
13171613	42	STIM=a
13178293	42	RESP=1
13189431	42	STIM=e
13194646	42	RESP=2
13206336	42	STIM=e
13211836	42	RESP=1
13224064	42	STIM=b
13230574	42	RESP=1
13240951	42	STIM=h
13249544	42	RESP=1
13258575	42	STIM=g
13263450	42	RESP=1
13275451	42	STIM=e
13282026	42	RESP=1
13292258	42	STIM=b
13304110	42	RESP=1
13308698	42	STIM=a
13313098	42	RESP=1
13326978	42	STIM=c
13331998	42	RESP=1
13343456	42	STIM=m
13349274	42	RESP=1
13359415	42	STIM=p
13363281	42	RESP=1
13378348	42	STIM=1
13385641	42	RESP=2
13395097	42	STIM=s
13405794	42	RESP=1
13413362	42	STIM=5
13419384	42	RESP=2
13431821	42	STIM=l
13436978	42	RESP=1
13450765	42	STIM=8
13456819	42	RESP=2
13468912	42	STIM=g
13473090	42	RESP=1
13484258	42	STIM=h
13493886	42	RESP=1
13499663	42	STIM=s
13503940	42	RESP=1
13517175	42	STIM=u
13524860	42	RESP=1
13534731	42	STIM=3
13540862	42	RESP=2
13552293	42	STIM=a
13560256	42	RESP=1
13570369	42	STIM=o
13576166	42	RESP=1
13586461	42	STIM=6
13591166	42	RESP=2
13601892	42	STIM=j
13607512	42	RESP=1
13618159	42	STIM=i
13625652	42	RESP=1
13634765	42	STIM=x
13639128	42	RESP=1
13651953	42	STIM=z
13655973	42	RESP=1
13670745	42	STIM=9
13679423	42	RESP=2
13689620	42	STIM=4
13694791	42	RESP=2
13705978	42	STIM=u
13711687	42	RESP=1
13723012	42	STIM=4
13729127	42	RESP=2
13738942	42	STIM=r
13745511	42	RESP=1
13755689	42	STIM=5
13762077	42	RESP=2
13771443	42	STIM=8
13776545	42	RESP=2
13789500	42	STIM=p
13796544	42	RESP=1
13807356	42	STIM=i
13810426	42	RESP=1
13823208	42	STIM=p
13827398	42	RESP=1
13839478	42	STIM=a
13843802	42	RESP=1
13854833	42	STIM=b
13864103	42	RESP=1
13872731	42	STIM=i
13876813	42	RESP=1
13888355	42	STIM=6
13900192	42	RESP=1
13906868	42	STIM=2
13912042	42	RESP=2
13924558	42	STIM=j
13934397	42	RESP=1
13942844	42	STIM=o
13945799	42	RESP=2
13958340	42	STIM=g
13962577	42	RESP=1
13975994	42	STIM=a
13979780	42	RESP=1
13992348	42	STIM=a
13995232	42	RESP=1
14010100	42	STIM=s
14015094	42	RESP=1
14027800	42	STIM=w
14033661	42	RESP=1
14044996	42	STIM=g
14049153	42	RESP=1
14061512	42	STIM=d
14064690	42	RESP=1
14077192	42	STIM=8
14082426	42	RESP=2
14093136	42	STIM=v
14097431	42	RESP=1
14109999	42	STIM=a
14115781	42	RESP=1
14125539	42	STIM=m
14133532	42	RESP=1
14141197	42	STIM=b
14147767	42	RESP=1
14156655	42	STIM=b
14163348	42	RESP=1
14172567	42	STIM=n
14177418	42	RESP=1
14190907	42	STIM=y
14195295	42	RESP=2
14206428	42	STIM=t
14211877	42	RESP=1
14224130	42	STIM=1
14235100	42	RESP=2
14241657	42	STIM=c
14249143	42	RESP=1
14260588	42	STIM=j
14265879	42	RESP=1
14275763	42	STIM=y
14281277	42	RESP=2
14292739	42	STIM=7
14298332	42	RESP=2
14310976	42	STIM=h
14317869	42	RESP=1
14329367	42	STIM=6
14334844	42	RESP=1
14345969	42	STIM=0
14356158	42	RESP=2
14364705	42	STIM=i
14373574	42	RESP=1
14382773	42	STIM=k
14388431	42	RESP=1
14400932	42	STIM=7
14407213	42	RESP=2
14416652	42	STIM=u
14422788	42	RESP=1
14434123	42	STIM=c
14437934	42	RESP=1
14450218	42	STIM=0
14461328	42	RESP=2
14465676	42	STIM=t
14471305	42	RESP=1
14482426	42	STIM=m
14488321	42	RESP=1
14500385	42	STIM=u
14505019	42	RESP=1
14516211	42	STIM=y
14520062	42	RESP=1
14533645	42	STIM=t
14538047	42	RESP=1
14552011	42	STIM=1
14557958	42	RESP=2
14569786	42	STIM=o
14576311	42	RESP=1
14587794	42	STIM=0
14594279	42	RESP=2
14606642	42	STIM=g
14610641	42	RESP=1
14622962	42	STIM=w
14626973	42	RESP=1
14640425	42	STIM=e
14645919	42	RESP=2
14656223	42	STIM=w
14659445	42	RESP=1
14671902	42	STIM=z
14684149	42	RESP=1
14689599	42	STIM=2
14695893	42	RESP=2
14704665	42	STIM=l
14711980	42	RESP=2
14720221	42	STIM=l
14725322	42	RESP=1
14737181	42	STIM=3
14741486	42	RESP=2
14755259	42	STIM=2
14761298	42	RESP=2
14772410	42	STIM=2
14782084	42	RESP=2
14787627	42	STIM=q
14792699	42	RESP=1
14804638	42	STIM=c
14810060	42	RESP=1
14823032	42	STIM=w
14828263	42	RESP=1
14839064	42	STIM=1
14843208	42	RESP=2
14854156	42	STIM=a
14859499	42	RESP=1
14872417	42	STIM=2
14880610	42	RESP=2
14888386	42	STIM=6
14894120	42	RESP=2
14904106	42	STIM=b
14914129	42	RESP=1
14922747	42	STIM=t
14929355	42	RESP=1
14939061	42	STIM=2
14943069	42	RESP=2
14957490	42	STIM=3
14966258	42	RESP=2
14972962	42	STIM=g
14978264	42	RESP=1
14988553	42	STIM=c
14994827	42	RESP=1
15007485	42	STIM=i
15014692	42	RESP=1
15025014	42	STIM=z
15028123	42	RESP=1
15041349	42	STIM=u
15045496	42	RESP=1
15057080	42	STIM=y
15063761	42	RESP=1
15075301	42	STIM=v
15078403	42	RESP=1
15092481	42	STIM=8
15097675	42	RESP=2
15109592	42	STIM=m
15113313	42	RESP=2
15124741	42	STIM=4
15133050	42	RESP=2
15140671	42	STIM=z
15147786	42	RESP=1
15158806	42	STIM=j
15165130	42	RESP=1
15175792	42	STIM=u
15186226	42	RESP=1
15193117	42	STIM=w
15199845	42	RESP=2
15211500	42	STIM=q
15216256	42	RESP=1
15226636	42	STIM=a
15232323	42	RESP=1
15243276	42	STIM=1
15248411	42	RESP=2
15261350	42	STIM=4
15267537	42	RESP=2
15279771	42	STIM=r
15283696	42	RESP=1
15296976	42	STIM=w
15303408	42	RESP=1
15313184	42	STIM=u
15321292	42	RESP=2
15329102	42	STIM=d
15333595	42	RESP=1
15346166	42	STIM=p
15352094	42	RESP=1
15363702	42	STIM=i
15369352	42	RESP=1
15380455	42	STIM=p
15384941	42	RESP=1
15397746	42	STIM=f
15405475	42	RESP=1
15416077	42	STIM=x
15424928	42	RESP=1
15433100	42	STIM=x
15440491	42	RESP=1
15451169	42	STIM=i
15457336	42	RESP=1
15469468	42	STIM=m
15475891	42	RESP=1
15485783	42	STIM=3
15491978	42	RESP=2
15503489	42	STIM=7
15509543	42	RESP=2
15520167	42	STIM=3
15526165	42	RESP=2
15537291	42	STIM=j
15543465	42	RESP=1
15555071	42	STIM=p
15560178	42	RESP=1
15571790	42	STIM=5
15580605	42	RESP=1
15590093	42	STIM=m
15597183	42	RESP=1
15607005	42	STIM=x
15611687	42	RESP=1
15622473	42	STIM=w
15631270	42	RESP=1
15641276	42	STIM=w
15649613	42	RESP=1
15658651	42	STIM=z
15665917	42	RESP=1
15674844	42	STIM=u
15678425	42	RESP=1
15693012	42	STIM=r
15696703	42	RESP=1
15711253	42	STIM=v
15713840	42	RESP=1
15728051	42	STIM=k
15733905	42	RESP=1
15746104	42	STIM=y
15752210	42	RESP=1
15763824	42	STIM=u
15769281	42	RESP=1
15778882	42	STIM=h
15785054	42	RESP=1
15796648	42	STIM=j
15802209	42	RESP=1
15812728	42	STIM=h
15816730	42	RESP=2
15828902	42	STIM=0
15837631	42	RESP=2
15844224	42	STIM=6
15854764	42	RESP=2
15863039	42	STIM=q
15868088	42	RESP=1
15880863	42	STIM=d
15883626	42	RESP=1
15896976	42	STIM=5
15903488	42	RESP=1
15914142	42	STIM=5
15919136	42	RESP=2
15930867	42	STIM=l
15936911	42	RESP=1
15947081	42	STIM=t
15950967	42	RESP=1
15965074	42	STIM=t
15970844	42	RESP=1
15981117	42	STIM=v
15990590	42	RESP=1
15998407	42	STIM=t
16002914	42	RESP=1
16014146	42	STIM=k
16018603	42	RESP=1
16030428	42	STIM=1
16037821	42	RESP=2
16046095	42	STIM=x
16053745	42	RESP=1
16064771	42	STIM=x
16070916	42	RESP=1
16083110	42	STIM=1
16093272	42	RESP=2
16101883	42	STIM=p
16107725	42	RESP=1
16118789	42	STIM=f
16124458	42	RESP=1
16134839	42	STIM=l
16140154	42	RESP=1
16150037	42	STIM=t
16154740	42	RESP=1
16167455	42	STIM=c
16174529	42	RESP=1
16184803	42	STIM=w
16188466	42	RESP=1
16203170	42	STIM=z
16207264	42	RESP=1
16219937	42	STIM=n
16227089	42	RESP=1
16238014	42	STIM=j
16243714	42	RESP=1
16256808	42	STIM=c
16261751	42	RESP=1
16274322	42	STIM=k
16279040	42	RESP=1
16292110	42	STIM=a
16297597	42	RESP=1
16310793	42	STIM=8
16320197	42	RESP=2
16327561	42	STIM=k
16330515	42	RESP=1
16344526	42	STIM=6
16350054	42	RESP=2
16359610	42	STIM=z
16368850	42	RESP=1
16376389	42	STIM=u
16380496	42	RESP=1
16391610	42	STIM=1
16397984	42	RESP=2
16410003	42	STIM=p
16414212	42	RESP=1
16425208	42	STIM=e
16429765	42	RESP=1
16440729	42	STIM=u
16447986	42	RESP=1
16459444	42	STIM=d
16463234	42	RESP=1
16475146	42	STIM=x
16481060	42	RESP=1
16491888	42	STIM=t
16500132	42	RESP=1
16507041	42	STIM=e
16511762	42	RESP=1
16523963	42	STIM=g
16528603	42	RESP=1
16539109	42	STIM=s
16547836	42	RESP=1
16556278	42	STIM=r
16563160	42	RESP=1
16572963	42	STIM=t
16580741	42	RESP=1
16591000	42	STIM=0
16599148	42	RESP=2
16609160	42	STIM=k
16615021	42	RESP=1
16626745	42	STIM=w
16632076	42	RESP=1
16643719	42	STIM=w
16653271	42	RESP=1
16660544	42	STIM=l
16663526	42	RESP=1
16679212	42	STIM=k
16685119	42	RESP=1
16696355	42	STIM=x
16700311	42	RESP=1
16713087	42	STIM=j
16719193	42	RESP=1
16730103	42	STIM=z
16736390	42	RESP=1
16748872	42	STIM=6
16753178	42	RESP=2
16767500	42	STIM=4
16774059	42	RESP=2
16783904	42	STIM=x
16789162	42	RESP=1
16802657	42	STIM=q
16808102	42	RESP=1
16820399	42	STIM=i
16825287	42	RESP=1
16835777	42	STIM=j
16843566	42	RESP=1
16854676	42	STIM=z
16863571	42	RESP=1
16873138	42	STIM=1
16876889	42	RESP=2
16892072	42	STIM=b
16897504	42	RESP=1
16909516	42	STIM=b
16913053	42	RESP=1
16924678	42	STIM=6
16934043	42	RESP=2
16940279	42	STIM=b
16946155	42	RESP=1
16958763	42	STIM=a
16964179	42	RESP=1
16973979	42	STIM=v
16983501	42	RESP=2
16990680	42	STIM=2
17000781	42	RESP=2
17006448	42	STIM=a
17013039	42	RESP=1
17022543	42	STIM=k
17028019	42	RESP=1
17038920	42	STIM=4
17046089	42	RESP=2
17056132	42	STIM=f
17062180	42	RESP=1
17072627	42	STIM=c
17075700	42	RESP=1
17089517	42	STIM=c
17096071	42	RESP=1
17106751	42	STIM=6
17110732	42	RESP=2
17125500	42	STIM=c
17133211	42	RESP=1
17142939	42	STIM=i
17146525	42	RESP=1
17159827	42	STIM=4
17165200	42	RESP=1
17177928	42	STIM=r
17183742	42	RESP=1
17193574	42	STIM=h
17204337	42	RESP=1
17209439	42	STIM=j
17214587	42	RESP=1
17224547	42	STIM=a
17237703	42	RESP=1
17241420	42	STIM=u
17247403	42	RESP=1
17256964	42	STIM=a
17261746	42	RESP=1
17275673	42	STIM=i
17279387	42	RESP=1
17293316	42	STIM=v
17300655	42	RESP=1
17311222	42	STIM=n
17318220	42	RESP=1
17327520	42	STIM=w
17335564	42	RESP=1
17344061	42	STIM=7
17352250	42	RESP=2
17362597	42	STIM=r
17367236	42	RESP=1
17381569	42	STIM=t
17387749	42	RESP=1
17397852	42	STIM=4
17404986	42	RESP=2
17413297	42	STIM=p
17420853	42	RESP=1
17428993	42	STIM=d
17439796	42	RESP=1
17445999	42	STIM=z
17452357	42	RESP=1
17463586	42	STIM=u
17467363	42	RESP=1
17479502	42	STIM=m
17484097	42	RESP=1
17495129	42	STIM=d
17505107	42	RESP=1
17511484	42	STIM=1
17519708	42	RESP=1
17527701	42	STIM=w
17535017	42	RESP=1
17545168	42	STIM=i
17549313	42	RESP=1
17563166	42	STIM=c
17567330	42	RESP=1
17579781	42	STIM=h
17583710	42	RESP=1
17595393	42	STIM=r
17601689	42	RESP=1
17610446	42	STIM=j
17616192	42	RESP=1
17625837	42	STIM=k
17629925	42	RESP=1
17641604	42	STIM=w
17644930	42	RESP=1
17656780	42	STIM=b
17660886	42	RESP=1
17673151	42	STIM=c
17676698	42	RESP=1
17688228	42	STIM=q
17691726	42	RESP=1
17705058	42	STIM=i
17715522	42	RESP=1
17721567	42	STIM=b
17728713	42	RESP=1
17740347	42	STIM=f
17744959	42	RESP=1
17756577	42	STIM=n
17760033	42	RESP=1
17772644	42	STIM=4
17778306	42	RESP=2
17788345	42	STIM=x
17798002	42	RESP=1
17807265	42	STIM=2
17811765	42	RESP=2
17825237	42	STIM=a
17832453	42	RESP=1
17840520	42	STIM=w
17852242	42	RESP=1
17857616	42	STIM=2
17863789	42	RESP=2
17874869	42	STIM=d
17881569	42	RESP=1
17891206	42	STIM=l
17895492	42	RESP=1
17909883	42	STIM=1
17917129	42	RESP=2
17924934	42	STIM=l
17929664	42	RESP=1
17943212	42	STIM=a
17945754	42	RESP=1
17962148	42	STIM=g
17966664	42	RESP=1
17980606	42	STIM=a
17987038	42	RESP=1
17996088	42	STIM=c
18003083	42	RESP=1
18011783	42	STIM=z
18015739	42	RESP=1
18028167	42	STIM=n
18031798	42	RESP=1
18044714	42	STIM=8
18052728	42	RESP=2
18060009	42	STIM=j
18064971	42	RESP=1
18078620	42	STIM=m
18082328	42	RESP=1
18097067	42	STIM=0
18101141	42	RESP=2
18113399	42	STIM=v
18123295	42	RESP=1
18132019	42	STIM=z
18139976	42	RESP=1
18149026	42	STIM=c
18153942	42	RESP=1
18165220	42	STIM=k
18173356	42	RESP=1
18182648	42	STIM=x
18187225	42	RESP=1
18198073	42	STIM=a
18202924	42	RESP=1
18215347	42	STIM=b
18220004	42	RESP=1
18231112	42	STIM=e
18234504	42	RESP=1
18247286	42	STIM=z
18252876	42	RESP=1
18266042	42	STIM=c
18270101	42	RESP=1
18281921	42	STIM=y
18293858	42	RESP=1
18298737	42	STIM=s
18304939	42	RESP=1
18315277	42	STIM=u
18322901	42	RESP=1
18330729	42	STIM=z
18335236	42	RESP=1
18345780	42	STIM=e
18349224	42	RESP=1
18360840	42	STIM=b
18365285	42	RESP=1
18377085	42	STIM=e
18385976	42	RESP=1
18392930	42	STIM=6
18401260	42	RESP=2
18411360	42	STIM=m
18415024	42	RESP=2
18428812	42	STIM=b
18431845	42	RESP=1
18446526	42	STIM=c
18451757	42	RESP=1
18464038	42	STIM=l
18467273	42	RESP=1
18479251	42	STIM=x
18484109	42	RESP=1
18497878	42	STIM=t
18502896	42	RESP=1
18513107	42	STIM=z
18518558	42	RESP=1
18531083	42	STIM=d
18536984	42	RESP=1
18549963	42	STIM=c
18552886	42	RESP=1
18567238	42	STIM=j
18578830	42	RESP=1
18584845	42	STIM=n
18587922	42	RESP=1
18599923	42	STIM=z
18604546	42	RESP=1
18615299	42	STIM=i
18620838	42	RESP=1
18630581	42	STIM=q
18637065	42	RESP=1
18647825	42	STIM=j
18658760	42	RESP=1
18664284	42	STIM=i
18670975	42	RESP=1
18682803	42	STIM=q
18685797	42	RESP=1
18700053	42	STIM=0
18706543	42	RESP=2
18718558	42	STIM=8
18726857	42	RESP=2
18735585	42	STIM=8
18741771	42	RESP=2
18754404	42	STIM=m
18757595	42	RESP=1
18769578	42	STIM=0
18775035	42	RESP=2
18786730	42	STIM=4
18795176	42	RESP=1
18805131	42	STIM=q
18809088	42	RESP=2
18822779	42	STIM=8
18828500	42	RESP=2
18839259	42	STIM=7
18847557	42	RESP=1
18855211	42	STIM=a
18861477	42	RESP=1
18873236	42	STIM=f
18878733	42	RESP=1
18891971	42	STIM=k
18898462	42	RESP=1
18910145	42	STIM=r
18919218	42	RESP=1
18925203	42	STIM=w
18927856	42	RESP=1
18941360	42	STIM=q
18947513	42	RESP=1
18960068	42	STIM=u
18966151	42	RESP=1
18976394	42	STIM=t
18981800	42	RESP=1
18994172	42	STIM=2
19000083	42	RESP=2
19012838	42	STIM=c
19019947	42	RESP=1
19028916	42	STIM=g
19033011	42	RESP=1
19046137	42	STIM=r
19053396	42	RESP=1
19061621	42	STIM=b
19067584	42	RESP=1
19078048	42	STIM=i
19081649	42	RESP=2
19094157	42	STIM=f
19100666	42	RESP=1
19111033	42	STIM=n
19119109	42	RESP=1
19127543	42	STIM=v
19134501	42	RESP=1
19146432	42	STIM=2
19153444	42	RESP=2
19162773	42	STIM=m
19170162	42	RESP=1
19179614	42	STIM=n
19184190	42	RESP=1
19196575	42	STIM=z
19202518	42	RESP=1
19213436	42	STIM=v
19218982	42	RESP=1
19229774	42	STIM=m
19233893	42	RESP=1
19244788	42	STIM=s
19252536	42	RESP=1
19260296	42	STIM=x
19263225	42	RESP=1
19275398	42	STIM=a
19280683	42	RESP=1
19291191	42	STIM=n
19301172	42	RESP=1
19308574	42	STIM=2
19312541	42	RESP=1
19327012	42	STIM=a
19335906	42	RESP=1
19342752	42	STIM=z
19349306	42	RESP=1
19360896	42	STIM=z
19365024	42	RESP=2
19376836	42	STIM=m
19384593	42	RESP=2
19395591	42	STIM=n
19398660	42	RESP=2
19411728	42	STIM=e
19416875	42	RESP=1
19429376	42	STIM=e
19432289	42	RESP=1
19448324	42	STIM=s
19458985	42	RESP=1
19467160	42	STIM=t
19473953	42	RESP=1
19483778	42	STIM=r
19490794	42	RESP=1
19501777	42	STIM=a
19510413	42	RESP=1
19517191	42	STIM=o
19520028	42	RESP=1
19533592	42	STIM=l
19537224	42	RESP=1
19552530	42	STIM=n
19558420	42	RESP=1
19571350	42	STIM=p
19575446	42	RESP=1
19589986	42	STIM=f
19593994	42	RESP=1
19606994	42	STIM=n
19613803	42	RESP=1
19625577	42	STIM=x
19632804	42	RESP=1
19642739	42	STIM=d
19651302	42	RESP=1
19658021	42	STIM=p
19663244	42	RESP=1
19675382	42	STIM=s
19679891	42	RESP=1
19693502	42	STIM=5
19703346	42	RESP=1
19712337	42	STIM=s
19715497	42	RESP=1
19730700	42	STIM=o
19736374	42	RESP=1
19746037	42	STIM=d
19749671	42	RESP=1
19764599	42	STIM=5
19773531	42	RESP=2
19783100	42	STIM=l
19788187	42	RESP=1
19800976	42	STIM=h
19803474	42	RESP=1
19818398	42	STIM=7
19824133	42	RESP=1
19834052	42	STIM=8
19843407	42	RESP=2
19849948	42	STIM=m
19855654	42	RESP=1
19865711	42	STIM=f
19871929	42	RESP=1
19883097	42	STIM=a
19887885	42	RESP=1
19901023	42	STIM=z
19905590	42	RESP=2
19918693	42	STIM=i
19922292	42	RESP=1
19935541	42	STIM=n
19940042	42	RESP=1
19953762	42	STIM=n
19957907	42	RESP=1
19970807	42	STIM=t
19976371	42	RESP=1
19986365	42	STIM=x
19990569	42	RESP=1
20002919	42	STIM=1
20008551	42	RESP=2
20019991	42	STIM=d
20023841	42	RESP=1
20035500	42	STIM=2
20041267	42	RESP=2
20052370	42	STIM=8
20058487	42	RESP=1
20070107	42	STIM=1
20082631	42	RESP=2
20088097	42	STIM=i
20092308	42	RESP=2
20103498	42	STIM=q
20107270	42	RESP=1
20121205	42	STIM=e
20125127	42	RESP=1
20139951	42	STIM=p
20146628	42	RESP=2
20155425	42	STIM=z
20163192	42	RESP=1
20173439	42	STIM=y
20177789	42	RESP=1
20191544	42	STIM=y
20195889	42	RESP=1
20208768	42	STIM=i
20215793	42	RESP=1
20224140	42	STIM=p
20232748	42	RESP=1
20242564	42	STIM=0
20250811	42	RESP=2
20261527	42	STIM=q
20265001	42	RESP=1
20278720	42	STIM=f
20284467	42	RESP=1
20297365	42	STIM=k
20303209	42	RESP=1
20315349	42	STIM=u
20326695	42	RESP=1
20331856	42	STIM=l
20337911	42	RESP=1
20349746	42	STIM=r
20352629	42	RESP=1
20364819	42	STIM=9
20369981	42	RESP=1
20380924	42	STIM=m
20385796	42	RESP=1
20398935	42	STIM=8
20407487	42	RESP=2
20415979	42	STIM=a
20420163	42	RESP=1
20434322	42	STIM=a
20439772	42	RESP=1
20453138	42	STIM=a
20465820	42	RESP=1
20471795	42	STIM=y
20476231	42	RESP=1
20490670	42	STIM=i
20496694	42	RESP=1
20506365	42	STIM=b
20514184	42	RESP=1
20521773	42	STIM=r
20524356	42	RESP=1
20540032	42	STIM=x
20546068	42	RESP=1
20558214	42	STIM=r
20562850	42	RESP=1
20576738	42	STIM=1
20581480	42	RESP=2
20594333	42	STIM=f
20598860	42	RESP=2
20612226	42	STIM=r
20620037	42	RESP=1
20629041	42	STIM=o
20636487	42	RESP=1
20645050	42	STIM=h
20649676	42	RESP=1
20662149	42	STIM=u
20666701	42	RESP=1
20678101	42	STIM=v
20684461	42	RESP=1
20694596	42	STIM=y
20699341	42	RESP=1
20713396	42	STIM=d
20716125	42	RESP=1
20732129	42	STIM=a
20738923	42	RESP=1
20748634	42	STIM=k
20755708	42	RESP=1
20764846	42	STIM=p
20771209	42	RESP=1
20781168	42	STIM=j
20786301	42	RESP=1
20799278	42	STIM=e
20802754	42	RESP=1
20817414	42	STIM=k
20824347	42	RESP=1
20835138	42	STIM=p
20840084	42	RESP=1
20850242	42	STIM=b
20853175	42	RESP=1
20867013	42	STIM=1
20872468	42	RESP=2
20882959	42	STIM=7
20886856	42	RESP=2
20898196	42	STIM=q
20901385	42	RESP=1
20915732	42	STIM=w
20923147	42	RESP=1
20932673	42	STIM=u
20936491	42	RESP=1
20947838	42	STIM=d
20957732	42	RESP=1
20965512	42	STIM=o
20969113	42	RESP=1
20982123	42	STIM=p
20990092	42	RESP=1
20998101	42	STIM=8
21003853	42	RESP=2
21015217	42	STIM=5
21023876	42	RESP=2
21031087	42	STIM=o
21036328	42	RESP=1
21048060	42	STIM=d
21052526	42	RESP=1
21065535	42	STIM=v
21073954	42	RESP=1
21082314	42	STIM=x
21086740	42	RESP=1
21099565	42	STIM=s
21106434	42	RESP=1
21116491	42	STIM=s
21122403	42	RESP=1
21132304	42	STIM=8
21137964	42	RESP=2
21149855	42	STIM=f
21155161	42	RESP=1
21166243	42	STIM=c
21172784	42	RESP=1
21184736	42	STIM=0
21194063	42	RESP=2
21201709	42	STIM=s
21210248	42	RESP=1
21218723	42	STIM=v
21226938	42	RESP=1
21233915	42	STIM=v
21238585	42	RESP=1
21251320	42	STIM=c
21256959	42	RESP=1
21269927	42	STIM=l
21275987	42	RESP=1
21286187	42	STIM=v
21291734	42	RESP=1
21301673	42	STIM=o
21305305	42	RESP=1
21318938	42	STIM=3
21325897	42	RESP=2
21335875	42	STIM=0
21340846	42	RESP=2
21351227	42	STIM=z
21358123	42	RESP=1
21369559	42	STIM=3
21373706	42	RESP=2
21387594	42	STIM=9
21392561	42	RESP=2
21404947	42	STIM=w
21411369	42	RESP=2
21422825	42	STIM=0
21428473	42	RESP=2
21438024	42	STIM=x
21446510	42	RESP=1
21456072	42	STIM=g
21463455	42	RESP=1
21472424	42	STIM=c
21481661	42	RESP=2
21487904	42	STIM=n
21498053	42	RESP=1
21504204	42	STIM=p
21509015	42	RESP=1
21520591	42	STIM=6
21525887	42	RESP=2
21538871	42	STIM=6
21543379	42	RESP=2
21554474	42	STIM=s
21560955	42	RESP=1
21571188	42	STIM=h
21577767	42	RESP=1
21589610	42	STIM=a
21594192	42	RESP=1
21606185	42	STIM=1
21615224	42	RESP=2
21621417	42	STIM=5
21628258	42	RESP=2
21637280	42	STIM=j
21645031	42	RESP=1
21652909	42	STIM=d
21659837	42	RESP=2
21670367	42	STIM=q
21674107	42	RESP=1
21688868	42	STIM=o
21693783	42	RESP=1
21707121	42	STIM=u
21714386	42	RESP=1
21725627	42	STIM=t
21734288	42	RESP=1
21741661	42	STIM=4
21747673	42	RESP=2
