# Original filename: 0049_ESM_2017-01-22.log
# Time unit: 100 us
# RARECAT=digit
#
# Time	HHGG	Event
35756	42	STIM=t
38403	42	RESP=1
54341	42	STIM=p
59030	42	RESP=1
72228	42	STIM=l
78543	42	RESP=2
87797	42	STIM=u
91544	42	RESP=1
104523	42	STIM=7
110878	42	RESP=2
120856	42	STIM=k
126107	42	RESP=1
137654	42	STIM=d
144402	42	RESP=1
154888	42	STIM=e
158848	42	RESP=1
172508	42	STIM=c
177729	42	RESP=1
189802	42	STIM=s
193005	42	RESP=1
208415	42	STIM=a
214932	42	RESP=1
226350	42	STIM=y
231254	42	RESP=1
241560	42	STIM=b
245441	42	RESP=1
260544	42	STIM=q
268960	42	RESP=1
278521	42	STIM=4
283790	42	RESP=2
296830	42	STIM=v
304169	42	RESP=1
312472	42	STIM=s
315957	42	RESP=1
331295	42	STIM=1
335612	42	RESP=2
349306	42	STIM=9
356654	42	RESP=2
365321	42	STIM=k
370815	42	RESP=2
383946	42	STIM=5
390229	42	RESP=2
400625	42	STIM=q
406646	42	RESP=1
417449	42	STIM=y
420943	42	RESP=1
434016	42	STIM=a
441444	42	RESP=1
450589	42	STIM=r
454119	42	RESP=1
469535	42	STIM=n
474890	42	RESP=1
486197	42	STIM=k
489263	42	RESP=1
504440	42	STIM=a
508962	42	RESP=1
519819	42	STIM=p
524093	42	RESP=1
535764	42	STIM=3
542324	42	RESP=2
552776	42	STIM=1
557968	42	RESP=2
571515	42	STIM=f
579097	42	RESP=1
588799	42	STIM=w
592194	42	RESP=2
605981	42	STIM=w
609215	42	RESP=1
621598	42	STIM=9
630158	42	RESP=2
639694	42	STIM=p
643697	42	RESP=1
655340	42	STIM=y
659591	42	RESP=1
671385	42	STIM=y
673807	42	RESP=1
688115	42	STIM=w
690818	42	RESP=1
706403	42	STIM=w
711609	42	RESP=2
721532	42	STIM=p
724688	42	RESP=1
738628	42	STIM=n
744198	42	RESP=1
754687	42	STIM=c
758470	42	RESP=1
770929	42	STIM=b
778608	42	RESP=1
789396	42	STIM=x
795762	42	RESP=1
806312	42	STIM=i
810401	42	RESP=1
824084	42	STIM=3
833430	42	RESP=2
843000	42	STIM=e
848198	42	RESP=1
861360	42	STIM=u
866742	42	RESP=1
878709	42	STIM=p
882718	42	RESP=1
893785	42	STIM=a
902892	42	RESP=1
909725	42	STIM=m
914925	42	RESP=1
925283	42	STIM=s
930045	42	RESP=1
944277	42	STIM=u
949245	42	RESP=1
961611	42	STIM=b
969493	42	RESP=1
977605	42	STIM=j
982334	42	RESP=1
995201	42	STIM=y
1003992	42	RESP=1
1011208	42	STIM=e
1014977	42	RESP=1
1027280	42	STIM=u
1032471	42	RESP=1
1043421	42	STIM=2
1047531	42	RESP=1
1060655	42	STIM=b
1063445	42	RESP=1
1076149	42	STIM=d
1079700	42	RESP=1
1093752	42	STIM=a
1100669	42	RESP=1
1109006	42	STIM=p
1113902	42	RESP=1
1125362	42	STIM=x
1129563	42	RESP=1
1142022	42	STIM=h
1151327	42	RESP=1
1159890	42	STIM=4
1165638	42	RESP=2
1175368	42	STIM=f
1179313	42	RESP=1
1193357	42	STIM=t
1196562	42	RESP=1
1208898	42	STIM=f
1212566	42	RESP=1
1227477	42	STIM=o
1235937	42	RESP=1
1244324	42	STIM=9
1250811	42	RESP=2
1262886	42	STIM=f
1267180	42	RESP=1
1278598	42	STIM=p
1283540	42	RESP=1
1294665	42	STIM=s
1299164	42	RESP=1
1309832	42	STIM=j
1315194	42	RESP=1
1325573	42	STIM=u
1331885	42	RESP=1
1341909	42	STIM=d
1346726	42	RESP=1
1360606	42	STIM=i
1366797	42	RESP=1
1376955	42	STIM=e
1387065	42	RESP=1
1393782	42	STIM=q
1396773	42	RESP=1
1412732	42	STIM=z
1416235	42	RESP=1
1427765	42	STIM=i
1438910	42	RESP=1
1445872	42	STIM=k
1451276	42	RESP=1
1463082	42	STIM=0
1466682	42	RESP=1
1481771	42	STIM=r
1489015	42	RESP=1
1498981	42	STIM=l
1502573	42	RESP=1
1516608	42	STIM=d
1521250	42	RESP=1
1534368	42	STIM=k
1538771	42	RESP=1
1551167	42	STIM=5
1557081	42	RESP=2
1567270	42	STIM=p
1573685	42	RESP=1
1583287	42	STIM=n
1587168	42	RESP=1
1600648	42	STIM=r
1604751	42	RESP=1
1618495	42	STIM=y
1624089	42	RESP=1
1635376	42	STIM=a
1639958	42	RESP=1
1653311	42	STIM=a
1656244	42	RESP=1
1668553	42	STIM=e
1674990	42	RESP=1
1686495	42	STIM=r
1689729	42	RESP=1
1703536	42	STIM=x
1707667	42	RESP=1
1722482	42	STIM=8
1726370	42	RESP=2
1741117	42	STIM=m
1745785	42	RESP=1
1758699	42	STIM=p
1761725	42	RESP=1
1776487	42	STIM=n
1781829	42	RESP=1
1795309	42	STIM=4
1802147	42	RESP=2
1812596	42	STIM=g
1815752	42	RESP=1
1829191	42	STIM=2
1837215	42	RESP=2
1845719	42	STIM=9
1849209	42	RESP=2
1862270	42	STIM=z
1869044	42	RESP=1
1880831	42	STIM=u
1887885	42	RESP=1
1896488	42	STIM=l
1900585	42	RESP=1
1912715	42	STIM=v
1916408	42	RESP=1
1930649	42	STIM=w
1937802	42	RESP=1
1947792	42	STIM=7
1952021	42	RESP=2
1965555	42	STIM=m
1968885	42	RESP=1
1983250	42	STIM=x
1987497	42	RESP=2
2001991	42	STIM=c
2005665	42	RESP=1
2018322	42	STIM=2
2023660	42	RESP=2
2034146	42	STIM=3
2041136	42	RESP=2
2051483	42	STIM=8
2055047	42	RESP=1
2066627	42	STIM=d
2069745	42	RESP=1
2082337	42	STIM=l
2089682	42	RESP=1
2098733	42	STIM=w
2102086	42	RESP=1
2115592	42	STIM=d
2122729	42	RESP=1
2133403	42	STIM=e
2138698	42	RESP=1
2152288	42	STIM=z
2158994	42	RESP=1
2170973	42	STIM=2
2175459	42	RESP=2
2186199	42	STIM=n
2193664	42	RESP=1
2201752	42	STIM=h
2205598	42	RESP=1
2217261	42	STIM=3
2221768	42	RESP=2
2236177	42	STIM=2
2241693	42	RESP=2
2253067	42	STIM=w
2256414	42	RESP=1
2269809	42	STIM=t
2275279	42	RESP=1
2288349	42	STIM=e
2294799	42	RESP=2
2306648	42	STIM=i
2310313	42	RESP=1
2322176	42	STIM=e
2326889	42	RESP=1
2337635	42	STIM=z
2343303	42	RESP=1
2355688	42	STIM=c
2358754	42	RESP=1
2372781	42	STIM=i
2378874	42	RESP=1
2388512	42	STIM=z
2395488	42	RESP=1
2406049	42	STIM=f
2410753	42	RESP=1
2423165	42	STIM=r
2428771	42	RESP=1
2441442	42	STIM=8
2449717	42	RESP=2
2459577	42	STIM=0
2465073	42	RESP=2
2475207	42	STIM=9
2480635	42	RESP=2
2493433	42	STIM=u
2504013	42	RESP=1
2509244	42	STIM=0
2517079	42	RESP=2
2524711	42	STIM=i
2532387	42	RESP=1
2540676	42	STIM=r
2547914	42	RESP=1
2556503	42	STIM=g
2560716	42	RESP=1
2572597	42	STIM=0
2577087	42	RESP=2
2588863	42	STIM=r
2593961	42	RESP=1
2604271	42	STIM=o
2607490	42	RESP=1
2619521	42	STIM=3
2625284	42	RESP=2
2635787	42	STIM=m
2645243	42	RESP=1
2652719	42	STIM=i
2655633	42	RESP=1
2668824	42	STIM=d
2675035	42	RESP=1
2687722	42	STIM=m
2692075	42	RESP=1
2704810	42	STIM=6
2711270	42	RESP=2
2720050	42	STIM=n
2725749	42	RESP=1
2737121	42	STIM=n
2740970	42	RESP=1
2754269	42	STIM=c
2760917	42	RESP=1
2773015	42	STIM=h
2777236	42	RESP=1
2790569	42	STIM=r
2794632	42	RESP=1
2808909	42	STIM=2
2816368	42	RESP=2
2824505	42	STIM=l
2827476	42	RESP=1
2840629	42	STIM=l
2845262	42	RESP=1
2858780	42	STIM=s
2865333	42	RESP=1
2873916	42	STIM=u
2877216	42	RESP=1
2889708	42	STIM=n
2894958	42	RESP=1
2908533	42	STIM=3
2916931	42	RESP=2
2923878	42	STIM=c
2930857	42	RESP=1
2941651	42	STIM=q
2949323	42	RESP=1
2958811	42	STIM=i
2963486	42	RESP=1
2975391	42	STIM=m
2978570	42	RESP=1
2992866	42	STIM=b
2998484	42	RESP=1
3010232	42	STIM=a
3013746	42	RESP=1
3025343	42	STIM=w
3029347	42	RESP=1
3040684	42	STIM=9
3047556	42	RESP=2
3058097	42	STIM=8
3064392	42	RESP=2
3075422	42	STIM=4
3081057	42	RESP=2
3092414	42	STIM=w
3101432	42	RESP=1
3111233	42	STIM=t
3117528	42	RESP=1
3128165	42	STIM=h
3132931	42	RESP=1
3145482	42	STIM=w
3148194	42	RESP=1
3161135	42	STIM=c
3165719	42	RESP=1
3176543	42	STIM=x
3181863	42	RESP=1
3193275	42	STIM=x
3200343	42	RESP=1
3208678	42	STIM=q
3214942	42	RESP=1
3227293	42	STIM=r
3235839	42	RESP=1
3245454	42	STIM=1
3251258	42	RESP=2
3261956	42	STIM=q
3266568	42	RESP=1
3280812	42	STIM=j
3284637	42	RESP=1
3298236	42	STIM=s
3302845	42	RESP=1
3314710	42	STIM=d
3318059	42	RESP=1
3333062	42	STIM=r
3337388	42	RESP=1
3349668	42	STIM=y
3353367	42	RESP=1
3368552	42	STIM=f
3372063	42	RESP=1
3385672	42	STIM=d
3389313	42	RESP=1
3402213	42	STIM=4
3408096	42	RESP=2
3417763	42	STIM=a
3427258	42	RESP=1
3433830	42	STIM=9
3438048	42	RESP=2
3449624	42	STIM=y
3452198	42	RESP=1
3466186	42	STIM=3
3469545	42	RESP=2
3483131	42	STIM=m
3486893	42	RESP=1
3499154	42	STIM=z
3505495	42	RESP=1
3514226	42	STIM=p
3518906	42	RESP=1
3529464	42	STIM=3
3536692	42	RESP=2
3544466	42	STIM=y
3547234	42	RESP=1
3560147	42	STIM=y
3563274	42	RESP=1
3576799	42	STIM=m
3579801	42	RESP=1
3593733	42	STIM=o
3599663	42	RESP=1
3611159	42	STIM=3
3616490	42	RESP=1
3626210	42	STIM=5
3630829	42	RESP=2
3643384	42	STIM=0
3649140	42	RESP=2
3662012	42	STIM=m
3667187	42	RESP=1
3680175	42	STIM=a
3685617	42	RESP=1
3698470	42	STIM=8
3702417	42	RESP=2
3714070	42	STIM=i
3721690	42	RESP=1
3730604	42	STIM=z
3736091	42	RESP=1
3747949	42	STIM=k
3751471	42	RESP=1
3766169	42	STIM=2
3770939	42	RESP=2
3783006	42	STIM=o
3791167	42	RESP=1
3801104	42	STIM=p
3808342	42	RESP=1
3819735	42	STIM=k
3823956	42	RESP=1
3837354	42	STIM=i
3848249	42	RESP=1
3855418	42	STIM=q
3862235	42	RESP=1
3870482	42	STIM=3
3876465	42	RESP=2
3885758	42	STIM=2
3891189	42	RESP=2
3902467	42	STIM=f
3906644	42	RESP=1
3920580	42	STIM=q
3923180	42	RESP=1
3938058	42	STIM=a
3941772	42	RESP=1
3953201	42	STIM=y
3963369	42	RESP=1
3968954	42	STIM=g
3972089	42	RESP=1
3985222	42	STIM=l
3988993	42	RESP=1
4003772	42	STIM=v
4007025	42	RESP=1
4020980	42	STIM=e
4024938	42	RESP=1
4038025	42	STIM=2
4043479	42	RESP=2
4054579	42	STIM=o
4058531	42	RESP=1
4072824	42	STIM=i
4076689	42	RESP=1
4091605	42	STIM=3
4094987	42	RESP=2
4108201	42	STIM=q
4112272	42	RESP=1
4127109	42	STIM=0
4132458	42	RESP=2
4142894	42	STIM=5
4148061	42	RESP=2
4159871	42	STIM=7
4165564	42	RESP=2
4178547	42	STIM=v
4186735	42	RESP=1
4195233	42	STIM=3
4201293	42	RESP=2
4210522	42	STIM=x
4223191	42	RESP=1
4226602	42	STIM=x
4230355	42	RESP=1
4244465	42	STIM=e
4251124	42	RESP=1
4260604	42	STIM=w
4266013	42	RESP=1
4278728	42	STIM=2
4285887	42	RESP=1
4296056	42	STIM=b
4302245	42	RESP=2
4312965	42	STIM=h
4318328	42	RESP=1
4328792	42	STIM=n
4335897	42	RESP=1
4347503	42	STIM=h
4352582	42	RESP=1
4362611	42	STIM=u
4368033	42	RESP=1
4380792	42	STIM=a
4384183	42	RESP=1
4397947	42	STIM=s
4403005	42	RESP=1
4415041	42	STIM=x
4424303	42	RESP=1
4433918	42	STIM=t
4439052	42	RESP=1
4451506	42	STIM=m
4454892	42	RESP=1
4470472	42	STIM=f
4473874	42	RESP=1
4486937	42	STIM=c
4490276	42	RESP=1
4503064	42	STIM=i
4509493	42	RESP=1
4520142	42	STIM=1
4525136	42	RESP=2
4538654	42	STIM=l
4542565	42	RESP=1
4554761	42	STIM=h
4561289	42	RESP=1
4571332	42	STIM=h
4576458	42	RESP=1
4590115	42	STIM=d
4594026	42	RESP=1
4608787	42	STIM=c
4614844	42	RESP=1
4625569	42	STIM=9
4633560	42	RESP=1
4641551	42	STIM=6
4648559	42	RESP=2
4658143	42	STIM=p
4661953	42	RESP=1
4675557	42	STIM=d
4683704	42	RESP=1
4691805	42	STIM=y
4696804	42	RESP=1
4709381	42	STIM=z
4714981	42	RESP=1
4727490	42	STIM=q
4731911	42	RESP=1
4743915	42	STIM=e
4747510	42	RESP=1
4760735	42	STIM=e
4765275	42	RESP=1
4776457	42	STIM=l
4781450	42	RESP=1
4791810	42	STIM=b
4795440	42	RESP=1
4808037	42	STIM=1
4811845	42	RESP=2
4826443	42	STIM=c
4831251	42	RESP=1
4842667	42	STIM=o
4845782	42	RESP=1
4861127	42	STIM=u
4865638	42	RESP=1
4878819	42	STIM=n
4884635	42	RESP=1
4896138	42	STIM=t
4901827	42	RESP=1
4914737	42	STIM=t
4919569	42	RESP=1
4929890	42	STIM=v
4933020	42	RESP=1
4946119	42	STIM=g
4951713	42	RESP=2
4961947	42	STIM=g
4968368	42	RESP=1
4978914	42	STIM=a
4981814	42	RESP=2
4997619	42	STIM=h
5002490	42	RESP=1
5016326	42	STIM=8
5024657	42	RESP=2
5033359	42	STIM=e
5036371	42	RESP=1
5051724	42	STIM=4
5056096	42	RESP=2
5070582	42	STIM=m
5075748	42	RESP=1
5089184	42	STIM=z
5093145	42	RESP=1
5106520	42	STIM=g
5111088	42	RESP=1
5124949	42	STIM=1
5132742	42	RESP=2
5142685	42	STIM=v
5147128	42	RESP=1
5158691	42	STIM=x
5164969	42	RESP=1
5177228	42	STIM=q
5184107	42	RESP=1
5194189	42	STIM=1
5198438	42	RESP=2
5210638	42	STIM=z
5214578	42	RESP=1
5229539	42	STIM=m
5235403	42	RESP=1
5245281	42	STIM=n
5247996	42	RESP=1
5263480	42	STIM=9
5267907	42	RESP=2
5280673	42	STIM=u
5284965	42	RESP=1
5296207	42	STIM=c
5300699	42	RESP=1
5313697	42	STIM=o
5321405	42	RESP=1
5331278	42	STIM=5
5336337	42	RESP=2
5348707	42	STIM=9
5354365	42	RESP=2
5363744	42	STIM=h
5368434	42	RESP=1
5378789	42	STIM=c
5382113	42	RESP=1
5395509	42	STIM=d
5401166	42	RESP=1
5411015	42	STIM=k
5417013	42	RESP=1
5428707	42	STIM=i
5432318	42	RESP=2
5443860	42	STIM=e
5448291	42	RESP=1
5458981	42	STIM=x
5462324	42	RESP=1
5476313	42	STIM=b
5480568	42	RESP=1
5492364	42	STIM=7
5496574	42	RESP=2
5508629	42	STIM=r
5513110	42	RESP=1
5523730	42	STIM=b
5527550	42	RESP=1
5540735	42	STIM=x
5547328	42	RESP=1
5558805	42	STIM=r
5563941	42	RESP=1
5575395	42	STIM=5
5581484	42	RESP=2
5591300	42	STIM=p
5595304	42	RESP=1
5606713	42	STIM=h
5611885	42	RESP=1
5625369	42	STIM=y
5631086	42	RESP=1
5640867	42	STIM=u
5645985	42	RESP=1
5659509	42	STIM=m
5663669	42	RESP=1
5675375	42	STIM=d
5678776	42	RESP=1
5691750	42	STIM=n
5696977	42	RESP=1
5709540	42	STIM=o
5712293	42	RESP=1
5725637	42	STIM=a
5729148	42	RESP=1
5743180	42	STIM=y
5747061	42	RESP=1
5760352	42	STIM=z
5764142	42	RESP=1
5775618	42	STIM=r
5782953	42	RESP=1
5793749	42	STIM=h
5797800	42	RESP=1
5810343	42	STIM=a
5823526	42	RESP=1
5829086	42	STIM=7
5833525	42	RESP=2
5847967	42	STIM=d
5851149	42	RESP=1
5865519	42	STIM=z
5869343	42	RESP=1
5880765	42	STIM=x
5885031	42	RESP=1
5897135	42	STIM=e
5901707	42	RESP=1
5913600	42	STIM=e
5918100	42	RESP=1
5929882	42	STIM=j
5933816	42	RESP=1
5946987	42	STIM=e
5952485	42	RESP=1
5963693	42	STIM=r
5971737	42	RESP=1
5982503	42	STIM=g
5988558	42	RESP=1
5998215	42	STIM=y
6005735	42	RESP=1
6016136	42	STIM=c
6019398	42	RESP=1
6034719	42	STIM=c
6039514	42	RESP=1
6050255	42	STIM=x
6053413	42	RESP=1
6066726	42	STIM=g
6072189	42	RESP=1
6083368	42	STIM=1
6087067	42	RESP=2
6100714	42	STIM=j
6104653	42	RESP=1
6116676	42	STIM=b
6121534	42	RESP=1
6134890	42	STIM=r
6141062	42	RESP=1
6152654	42	STIM=x
6157938	42	RESP=1
6170439	42	STIM=v
6174759	42	RESP=1
6189175	42	STIM=9
6193367	42	RESP=2
6207717	42	STIM=k
6212263	42	RESP=1
6225969	42	STIM=b
6236232	42	RESP=1
6243569	42	STIM=z
6248162	42	RESP=1
6262104	42	STIM=m
6267457	42	RESP=1
6280027	42	STIM=p
6283799	42	RESP=1
6297410	42	STIM=u
6300152	42	RESP=1
6315815	42	STIM=m
6322613	42	RESP=1
6334383	42	STIM=z
6337281	42	RESP=1
6352587	42	STIM=8
6360680	42	RESP=2
6367790	42	STIM=6
6372217	42	RESP=2
6383101	42	STIM=k
6387349	42	RESP=1
6398878	42	STIM=s
6402407	42	RESP=1
6416361	42	STIM=i
6426444	42	RESP=1
6433732	42	STIM=c
6439015	42	RESP=1
6450410	42	STIM=0
6456094	42	RESP=2
6467046	42	STIM=k
6471035	42	RESP=1
6485716	42	STIM=w
6490144	42	RESP=1
6503474	42	STIM=5
6509288	42	RESP=2
6521171	42	STIM=g
6525143	42	RESP=1
6537809	42	STIM=j
6541884	42	RESP=1
6556305	42	STIM=z
6562453	42	RESP=1
6572540	42	STIM=j
6576181	42	RESP=1
6590482	42	STIM=r
6593528	42	RESP=1
6609155	42	STIM=9
6616397	42	RESP=2
6626946	42	STIM=o
6631090	42	RESP=1
6644336	42	STIM=b
6648429	42	RESP=1
6660397	42	STIM=x
6664160	42	RESP=1
6675887	42	STIM=3
6679775	42	RESP=2
6692301	42	STIM=n
6695882	42	RESP=1
6710273	42	STIM=s
6715325	42	RESP=1
6727706	42	STIM=m
6730540	42	RESP=1
6745575	42	STIM=n
6751517	42	RESP=1
6762542	42	STIM=p
6765569	42	RESP=1
6779861	42	STIM=k
6784412	42	RESP=1
6795920	42	STIM=f
6799850	42	RESP=1
6813732	42	STIM=z
6818598	42	RESP=1
6832381	42	STIM=9
6840896	42	RESP=2
6850425	42	STIM=9
6857230	42	RESP=2
6866873	42	STIM=o
6873974	42	RESP=1
6883484	42	STIM=f
6887055	42	RESP=1
6898840	42	STIM=d
6902423	42	RESP=1
6917721	42	STIM=3
6925059	42	RESP=2
6934491	42	STIM=0
6941112	42	RESP=2
6950851	42	STIM=h
6955384	42	RESP=1
6969084	42	STIM=n
6973624	42	RESP=1
6986143	42	STIM=e
6988768	42	RESP=1
7002056	42	STIM=s
7005554	42	RESP=1
7019670	42	STIM=j
7023110	42	RESP=1
7036082	42	STIM=l
7040976	42	RESP=1
7053790	42	STIM=h
7057983	42	RESP=1
7071959	42	STIM=v
7075863	42	RESP=1
7090593	42	STIM=z
7094226	42	RESP=1
7108373	42	STIM=5
7112919	42	RESP=2
7127350	42	STIM=3
7131864	42	RESP=2
7145825	42	STIM=m
7153054	42	RESP=2
7160896	42	STIM=h
7164877	42	RESP=1
7178418	42	STIM=s
7182457	42	RESP=1
7194908	42	STIM=q
7201071	42	RESP=1
7210140	42	STIM=b
7214237	42	RESP=1
7228212	42	STIM=p
7231515	42	RESP=2
7244619	42	STIM=l
7248152	42	RESP=1
7259837	42	STIM=p
7269701	42	RESP=1
7277597	42	STIM=w
7281765	42	RESP=1
7296409	42	STIM=1
7301576	42	RESP=2
7314089	42	STIM=5
7319724	42	RESP=2
7329857	42	STIM=g
7335627	42	RESP=1
7348265	42	STIM=v
7353105	42	RESP=1
7363786	42	STIM=4
7367723	42	RESP=2
7381371	42	STIM=4
7386150	42	RESP=2
7397218	42	STIM=j
7404017	42	RESP=1
7415438	42	STIM=s
7421484	42	RESP=1
7432836	42	STIM=2
7437156	42	RESP=2
7449222	42	STIM=j
7454424	42	RESP=1
7466226	42	STIM=k
7473868	42	RESP=1
7484809	42	STIM=i
7489537	42	RESP=1
7503035	42	STIM=0
7509869	42	RESP=2
7520286	42	STIM=e
7523704	42	RESP=1
7537945	42	STIM=n
7540341	42	RESP=1
7553076	42	STIM=6
7558113	42	RESP=1
7570377	42	STIM=g
7575135	42	RESP=1
7588098	42	STIM=a
7595339	42	RESP=1
7607076	42	STIM=r
7610971	42	RESP=1
7623128	42	STIM=j
7627220	42	RESP=1
7640486	42	STIM=n
7643580	42	RESP=1
7656960	42	STIM=c
7664897	42	RESP=1
7673336	42	STIM=2
7678817	42	RESP=1
7688932	42	STIM=k
7693125	42	RESP=1
7705785	42	STIM=b
7708916	42	RESP=1
7722386	42	STIM=2
7727009	42	RESP=2
7740924	42	STIM=9
7744829	42	RESP=2
7759475	42	STIM=c
7765018	42	RESP=1
7777271	42	STIM=5
7783822	42	RESP=2
7793023	42	STIM=f
7796805	42	RESP=1
7811331	42	STIM=q
7814916	42	RESP=1
7830081	42	STIM=t
7835939	42	RESP=1
7845252	42	STIM=3
7849244	42	RESP=2
7863551	42	STIM=o
7866985	42	RESP=1
7879703	42	STIM=x
7889629	42	RESP=1
7898053	42	STIM=j
7902578	42	RESP=1
7915090	42	STIM=w
7921448	42	RESP=1
7932863	42	STIM=t
7935917	42	RESP=1
7948136	42	STIM=4
7952159	42	RESP=2
7964857	42	STIM=p
7967859	42	RESP=1
7982441	42	STIM=u
7991096	42	RESP=1
8000751	42	STIM=p
8009385	42	RESP=1
8016856	42	STIM=y
8022440	42	RESP=1
8033602	42	STIM=z
8037315	42	RESP=1
8051333	42	STIM=k
8055549	42	RESP=1
8068072	42	STIM=6
8072013	42	RESP=2
8083811	42	STIM=x
8091271	42	RESP=1
8099170	42	STIM=3
8103636	42	RESP=2
8116693	42	STIM=q
8120675	42	RESP=1
8135007	42	STIM=8
8140250	42	RESP=2
8151781	42	STIM=o
8156859	42	RESP=1
8166806	42	STIM=g
8172168	42	RESP=1
8184966	42	STIM=k
8187930	42	RESP=1
8202726	42	STIM=l
8206759	42	RESP=1
8218298	42	STIM=b
8228048	42	RESP=1
8237003	42	STIM=t
8245186	42	RESP=1
8255557	42	STIM=0
8262698	42	RESP=1
8272185	42	STIM=7
8279226	42	RESP=2
8287336	42	STIM=w
8298258	42	RESP=1
8303820	42	STIM=u
8307395	42	RESP=1
8320118	42	STIM=u
8323288	42	RESP=1
8338494	42	STIM=g
8345058	42	RESP=1
8354699	42	STIM=i
8358405	42	RESP=1
8371943	42	STIM=s
8374699	42	RESP=1
8389235	42	STIM=d
8392183	42	RESP=1
8407918	42	STIM=0
8412852	42	RESP=2
8422947	42	STIM=6
8427923	42	RESP=2
8437979	42	STIM=y
8442892	42	RESP=1
8453780	42	STIM=5
8459495	42	RESP=2
8471049	42	STIM=n
8476490	42	RESP=1
8488846	42	STIM=f
8491846	42	RESP=1
8505749	42	STIM=d
8512258	42	RESP=1
8522382	42	STIM=a
8529900	42	RESP=1
8537924	42	STIM=v
8542809	42	RESP=1
8555599	42	STIM=n
8561102	42	RESP=1
8574250	42	STIM=w
8579116	42	RESP=1
8592380	42	STIM=p
8595548	42	RESP=1
8609734	42	STIM=6
8616072	42	RESP=2
8627153	42	STIM=k
8631117	42	RESP=2
8643935	42	STIM=l
8651084	42	RESP=1
8662624	42	STIM=w
8666999	42	RESP=1
8679558	42	STIM=v
8684637	42	RESP=1
8696562	42	STIM=h
8702571	42	RESP=1
8715316	42	STIM=d
8719490	42	RESP=1
8734179	42	STIM=i
8739612	42	RESP=1
8752220	42	STIM=q
8756704	42	RESP=1
8770324	42	STIM=b
8776411	42	RESP=1
8787928	42	STIM=o
8794079	42	RESP=1
8806330	42	STIM=i
8809927	42	RESP=1
8823704	42	STIM=z
8828942	42	RESP=1
8841918	42	STIM=i
8848172	42	RESP=1
8858351	42	STIM=y
8861182	42	RESP=1
8873930	42	STIM=x
8877884	42	RESP=1
8888932	42	STIM=x
8894462	42	RESP=1
8904779	42	STIM=w
8909383	42	RESP=1
8922984	42	STIM=2
8927232	42	RESP=2
8940488	42	STIM=k
8945884	42	RESP=1
8958483	42	STIM=2
8965798	42	RESP=2
8977384	42	STIM=o
8980289	42	RESP=2
8995184	42	STIM=v
9001366	42	RESP=2
9011577	42	STIM=a
9015561	42	RESP=1
9029478	42	STIM=c
9036184	42	RESP=1
9048118	42	STIM=x
9054860	42	RESP=1
9065299	42	STIM=i
9069689	42	RESP=1
9083883	42	STIM=1
9088785	42	RESP=2
9101024	42	STIM=0
9108304	42	RESP=2
9118629	42	STIM=4
9124537	42	RESP=2
9134102	42	STIM=u
9138577	42	RESP=1
9151946	42	STIM=e
9156035	42	RESP=1
9168008	42	STIM=o
9171486	42	RESP=1
9186396	42	STIM=w
9190116	42	RESP=1
9202579	42	STIM=w
9207180	42	RESP=1
9218070	42	STIM=z
9221471	42	RESP=1
9235714	42	STIM=i
9238811	42	RESP=1
9254463	42	STIM=a
9262092	42	RESP=1
9271304	42	STIM=v
9274584	42	RESP=1
9287785	42	STIM=q
9294020	42	RESP=1
9304425	42	STIM=m
9307901	42	RESP=1
9322928	42	STIM=s
9327214	42	RESP=1
9341791	42	STIM=n
9346645	42	RESP=1
9357968	42	STIM=o
9361566	42	RESP=1
9374094	42	STIM=8
9378566	42	RESP=2
9391494	42	STIM=n
9397110	42	RESP=2
9406607	42	STIM=i
9413516	42	RESP=1
9422996	42	STIM=q
9426485	42	RESP=1
9440670	42	STIM=3
9447480	42	RESP=2
9455680	42	STIM=3
9461521	42	RESP=2
9472207	42	STIM=c
9477443	42	RESP=1
9488216	42	STIM=m
9492347	42	RESP=1
9505698	42	STIM=r
9508958	42	RESP=1
9522513	42	STIM=o
9525694	42	RESP=1
9539119	42	STIM=f
9545292	42	RESP=1
9554966	42	STIM=5
9560079	42	RESP=2
9572319	42	STIM=w
9574974	42	RESP=1
9589195	42	STIM=c
9592166	42	RESP=1
9607315	42	STIM=8
9617699	42	RESP=2
9624255	42	STIM=r
9628912	42	RESP=1
9640307	42	STIM=c
9647318	42	RESP=1
9657953	42	STIM=t
9663908	42	RESP=1
9674813	42	STIM=k
9678555	42	RESP=1
9690677	42	STIM=z
9695966	42	RESP=1
9708963	42	STIM=p
9713333	42	RESP=1
9725973	42	STIM=8
9731334	42	RESP=2
9741391	42	STIM=v
9749374	42	RESP=1
9758111	42	STIM=a
9765471	42	RESP=1
9775262	42	STIM=d
9780360	42	RESP=1
9793387	42	STIM=p
9800151	42	RESP=1
9812136	42	STIM=j
9814965	42	RESP=2
9830561	42	STIM=t
9834899	42	RESP=1
9848763	42	STIM=x
9852656	42	RESP=1
9867565	42	STIM=e
9875886	42	RESP=1
9882873	42	STIM=b
9887088	42	RESP=1
9901069	42	STIM=h
9909952	42	RESP=1
9917554	42	STIM=s
9921577	42	RESP=1
9934106	42	STIM=l
9940830	42	RESP=1
9951433	42	STIM=3
9954653	42	RESP=1
9969620	42	STIM=m
9972911	42	RESP=1
9987989	42	STIM=v
9994471	42	RESP=1
10003166	42	STIM=k
10008724	42	RESP=1
10019738	42	STIM=h
10023932	42	RESP=1
10034934	42	STIM=o
10038821	42	RESP=1
10051895	42	STIM=i
10056970	42	RESP=1
10069558	42	STIM=l
10073598	42	RESP=1
10086891	42	STIM=u
10093683	42	RESP=1
10103345	42	STIM=m
10109949	42	RESP=1
10118715	42	STIM=y
10122265	42	RESP=2
10135430	42	STIM=p
10139607	42	RESP=1
10150574	42	STIM=0
10155197	42	RESP=2
10167624	42	STIM=d
10170867	42	RESP=1
10182862	42	STIM=k
10191879	42	RESP=2
10197910	42	STIM=o
10204306	42	RESP=1
10213175	42	STIM=a
10219316	42	RESP=1
10231824	42	STIM=m
10235976	42	RESP=1
10249445	42	STIM=z
10259433	42	RESP=1
10267550	42	STIM=v
10272050	42	RESP=1
10285991	42	STIM=j
10291599	42	RESP=1
10304288	42	STIM=e
10310821	42	RESP=1
10320647	42	STIM=q
10326206	42	RESP=1
10336783	42	STIM=4
10340669	42	RESP=1
10355109	42	STIM=x
10360247	42	RESP=1
10372754	42	STIM=r
10379646	42	RESP=1
10390066	42	STIM=3
10394184	42	RESP=2
10405991	42	STIM=2
10409675	42	RESP=2
10423399	42	STIM=v
10426077	42	RESP=1
10442108	42	STIM=g
10450489	42	RESP=1
10460637	42	STIM=y
10463176	42	RESP=1
10479488	42	STIM=h
10482130	42	RESP=1
10497283	42	STIM=h
10501165	42	RESP=1
10513413	42	STIM=a
10517365	42	RESP=2
10531175	42	STIM=l
10536499	42	RESP=1
10548014	42	STIM=q
10551303	42	RESP=1
10565962	42	STIM=k
10569698	42	RESP=1
10581735	42	STIM=p
10586158	42	RESP=1
10599336	42	STIM=y
10603372	42	RESP=1
10615278	42	STIM=9
10623374	42	RESP=1
10631819	42	STIM=z
10640829	42	RESP=1
10650788	42	STIM=0
10656899	42	RESP=2
10667199	42	STIM=g
10671086	42	RESP=1
10685784	42	STIM=2
10696845	42	RESP=2
10703387	42	STIM=c
10707173	42	RESP=1
10719875	42	STIM=e
10723393	42	RESP=1
10737215	42	STIM=l
10741492	42	RESP=1
10755466	42	STIM=g
10759002	42	RESP=1
10771001	42	STIM=1
10777379	42	RESP=2
10789316	42	STIM=n
10793952	42	RESP=1
10806558	42	STIM=5
10811730	42	RESP=2
10822553	42	STIM=2
10826988	42	RESP=2
10840944	42	STIM=8
10846887	42	RESP=1
10857925	42	STIM=a
10861709	42	RESP=1
10876022	42	STIM=o
10878413	42	RESP=1
10891937	42	STIM=n
10897978	42	RESP=1
10910842	42	STIM=4
10916699	42	RESP=2
10926424	42	STIM=7
10930855	42	RESP=2
10942011	42	STIM=f
10945569	42	RESP=1
10960796	42	STIM=g
10963962	42	RESP=1
10976386	42	STIM=q
10982976	42	RESP=1
10991588	42	STIM=a
10995212	42	RESP=1
11007475	42	STIM=s
11010323	42	RESP=1
11024381	42	STIM=b
11033563	42	RESP=1
11043322	42	STIM=l
11048392	42	RESP=1
11059082	42	STIM=b
11064449	42	RESP=1
11077775	42	STIM=h
11082529	42	RESP=1
11096546	42	STIM=2
11102124	42	RESP=2
11112087	42	STIM=g
11115832	42	RESP=1
11128538	42	STIM=9
11133365	42	RESP=2
11146537	42	STIM=m
11152161	42	RESP=1
11162431	42	STIM=m
11166285	42	RESP=1
11179065	42	STIM=a
11184681	42	RESP=1
11196467	42	STIM=a
11199228	42	RESP=1
11215196	42	STIM=0
11221770	42	RESP=2
11230664	42	STIM=q
11235081	42	RESP=2
11247271	42	STIM=c
11254034	42	RESP=1
11263332	42	STIM=3
11267428	42	RESP=2
11278786	42	STIM=v
11282564	42	RESP=1
11294895	42	STIM=i
11297645	42	RESP=1
11310567	42	STIM=2
11315748	42	RESP=2
11327055	42	STIM=6
11334243	42	RESP=2
11342816	42	STIM=5
11349288	42	RESP=2
11358235	42	STIM=t
11364984	42	RESP=1
11375033	42	STIM=o
11380837	42	RESP=1
11392289	42	STIM=a
11397931	42	RESP=1
11408598	42	STIM=5
11414430	42	RESP=2
11425881	42	STIM=u
11434920	42	RESP=1
11444070	42	STIM=n
11447868	42	RESP=1
11461971	42	STIM=w
11465810	42	RESP=2
11480239	42	STIM=6
11484324	42	RESP=2
11497673	42	STIM=4
11502261	42	RESP=2
11515225	42	STIM=s
11519561	42	RESP=1
11531192	42	STIM=p
11537335	42	RESP=1
11549734	42	STIM=t
11553145	42	RESP=1
11568183	42	STIM=x
11572270	42	RESP=1
11585610	42	STIM=d
11594597	42	RESP=1
11600823	42	STIM=s
11606390	42	RESP=1
11619691	42	STIM=k
11624783	42	RESP=1
11638378	42	STIM=7
11644201	42	RESP=1
11654212	42	STIM=9
11661213	42	RESP=2
11670968	42	STIM=p
11674395	42	RESP=1
11688125	42	STIM=n
11694774	42	RESP=1
11704637	42	STIM=h
11710091	42	RESP=1
11720111	42	STIM=9
11726720	42	RESP=2
11737462	42	STIM=l
11742402	42	RESP=1
11753898	42	STIM=z
11759692	42	RESP=1
11769516	42	STIM=8
11777106	42	RESP=2
11785355	42	STIM=w
11788252	42	RESP=1
11800697	42	STIM=q
11805702	42	RESP=1
11818051	42	STIM=r
11821600	42	RESP=1
11835836	42	STIM=z
11840452	42	RESP=1
11853871	42	STIM=p
11860034	42	RESP=1
11870411	42	STIM=v
11874471	42	RESP=1
11888919	42	STIM=o
11895350	42	RESP=1
11906922	42	STIM=6
11912202	42	RESP=2
11924910	42	STIM=m
11931014	42	RESP=1
11941419	42	STIM=y
11949635	42	RESP=1
11956764	42	STIM=l
11966895	42	RESP=1
11973253	42	STIM=x
11978288	42	RESP=1
11989017	42	STIM=3
11994236	42	RESP=1
12007226	42	STIM=0
12011494	42	RESP=2
12025692	42	STIM=j
12032507	42	RESP=1
12041514	42	STIM=l
12048148	42	RESP=1
12058022	42	STIM=p
12062582	42	RESP=1
12075961	42	STIM=d
12082415	42	RESP=1
12092013	42	STIM=i
12096761	42	RESP=1
12107473	42	STIM=6
12114286	42	RESP=2
12124573	42	STIM=b
12128844	42	RESP=1
12142417	42	STIM=4
12149581	42	RESP=2
12159907	42	STIM=e
12164552	42	RESP=1
12177241	42	STIM=r
12181415	42	RESP=1
12194120	42	STIM=q
12201671	42	RESP=1
12210623	42	STIM=h
12215617	42	RESP=1
12228251	42	STIM=e
12236870	42	RESP=1
12243332	42	STIM=m
12250319	42	RESP=1
12261620	42	STIM=c
12265022	42	RESP=1
12278992	42	STIM=5
12285535	42	RESP=2
12297027	42	STIM=t
12303658	42	RESP=1
12315378	42	STIM=x
12319480	42	RESP=1
12331635	42	STIM=s
12338257	42	RESP=1
12347539	42	STIM=9
12354843	42	RESP=2
12363454	42	STIM=x
12367896	42	RESP=1
12380114	42	STIM=q
12387202	42	RESP=1
12398729	42	STIM=0
12406200	42	RESP=2
12417349	42	STIM=m
12422185	42	RESP=1
12433086	42	STIM=1
12438997	42	RESP=2
12450577	42	STIM=b
12457467	42	RESP=1
12467909	42	STIM=n
12471230	42	RESP=1
12486628	42	STIM=4
12491072	42	RESP=2
12505121	42	STIM=t
12509307	42	RESP=1
12522082	42	STIM=y
12527160	42	RESP=1
12539145	42	STIM=z
12542229	42	RESP=1
12556742	42	STIM=q
12561519	42	RESP=1
12573494	42	STIM=q
12577565	42	RESP=1
12591025	42	STIM=b
12596868	42	RESP=1
12606867	42	STIM=e
12611960	42	RESP=1
12624866	42	STIM=j
12628259	42	RESP=1
12643027	42	STIM=1
12647349	42	RESP=1
12658321	42	STIM=0
12662307	42	RESP=2
12675946	42	STIM=n
12679358	42	RESP=1
12694050	42	STIM=7
12700332	42	RESP=2
12712263	42	STIM=6
12717595	42	RESP=2
12730019	42	STIM=g
12735056	42	RESP=1
12745384	42	STIM=g
12749473	42	RESP=1
12762056	42	STIM=c
12767779	42	RESP=1
12777898	42	STIM=m
12781260	42	RESP=1
12793199	42	STIM=y
12796892	42	RESP=1
12809832	42	STIM=3
12816920	42	RESP=2
12825947	42	STIM=v
12832834	42	RESP=1
12843826	42	STIM=f
12850910	42	RESP=1
12862245	42	STIM=f
12867511	42	RESP=1
12880297	42	STIM=d
12883978	42	RESP=1
12896057	42	STIM=g
12898697	42	RESP=1
12913250	42	STIM=f
12918211	42	RESP=1
12930885	42	STIM=1
12934599	42	RESP=2
12946038	42	STIM=b
12950618	42	RESP=1
12962216	42	STIM=o
12970082	42	RESP=1
12978413	42	STIM=a
12982090	42	RESP=1
12994431	42	STIM=h
12998610	42	RESP=1
13011983	42	STIM=f
13018862	42	RESP=1
13029555	42	STIM=4
13034988	42	RESP=2
13046549	42	STIM=i
13052081	42	RESP=1
13063332	42	STIM=a
13066957	42	RESP=1
13080957	42	STIM=y
13087320	42	RESP=1
13097444	42	STIM=8
13101684	42	RESP=2
13113452	42	STIM=h
13116543	42	RESP=1
13129809	42	STIM=x
13133590	42	RESP=1
13146344	42	STIM=i
13150530	42	RESP=2
13164966	42	STIM=m
13169407	42	RESP=1
13182534	42	STIM=1
13191002	42	RESP=2
13198751	42	STIM=b
13202442	42	RESP=1
13216557	42	STIM=6
13222078	42	RESP=2
13232525	42	STIM=d
13244652	42	RESP=1
13248034	42	STIM=z
13251841	42	RESP=1
13266031	42	STIM=g
13273006	42	RESP=1
13282369	42	STIM=9
13286919	42	RESP=2
13299313	42	STIM=t
13307044	42	RESP=1
13317896	42	STIM=i
13322123	42	RESP=1
13333344	42	STIM=r
13336458	42	RESP=1
13348439	42	STIM=x
13351731	42	RESP=1
13364825	42	STIM=c
13370419	42	RESP=1
13381530	42	STIM=a
13386518	42	RESP=1
13398468	42	STIM=e
13401844	42	RESP=1
13413784	42	STIM=g
13418305	42	RESP=1
13429564	42	STIM=j
13432806	42	RESP=1
13444990	42	STIM=6
13450320	42	RESP=2
13460693	42	STIM=5
13466515	42	RESP=2
13475729	42	STIM=s
13482292	42	RESP=1
13493733	42	STIM=g
13498304	42	RESP=1
13510559	42	STIM=o
13514060	42	RESP=1
13527023	42	STIM=k
13532143	42	RESP=1
13543153	42	STIM=b
13549138	42	RESP=1
13560205	42	STIM=y
13570441	42	RESP=1
13576498	42	STIM=n
13579901	42	RESP=1
13592459	42	STIM=r
13597552	42	RESP=1
13607615	42	STIM=g
13612024	42	RESP=1
13626031	42	STIM=i
13631390	42	RESP=1
13641617	42	STIM=a
13644940	42	RESP=1
13660490	42	STIM=j
13665352	42	RESP=2
13677517	42	STIM=x
13681941	42	RESP=1
13692981	42	STIM=t
13698077	42	RESP=1
13709913	42	STIM=u
13713272	42	RESP=1
13725404	42	STIM=z
13733036	42	RESP=1
13740830	42	STIM=q
13746109	42	RESP=1
13758994	42	STIM=1
13764513	42	RESP=2
13774326	42	STIM=i
13778283	42	RESP=1
13789405	42	STIM=m
13794945	42	RESP=1
13807279	42	STIM=a
13813013	42	RESP=1
13825802	42	STIM=y
13830210	42	RESP=1
13844444	42	STIM=i
13847225	42	RESP=1
13863083	42	STIM=l
13869488	42	RESP=1
13880177	42	STIM=w
13890356	42	RESP=1
13898041	42	STIM=1
13903759	42	RESP=2
13913100	42	STIM=8
13919638	42	RESP=2
13929991	42	STIM=w
13934516	42	RESP=1
13947127	42	STIM=t
13950554	42	RESP=2
13963924	42	STIM=f
13967345	42	RESP=1
13979136	42	STIM=y
13985113	42	RESP=1
13996246	42	STIM=i
14002900	42	RESP=1
14012033	42	STIM=e
14020776	42	RESP=1
14030842	42	STIM=h
14035698	42	RESP=1
14046042	42	STIM=z
14050872	42	RESP=1
14063518	42	STIM=x
14069968	42	RESP=1
14080500	42	STIM=q
14085445	42	RESP=1
14098030	42	STIM=z
14109645	42	RESP=1
14114822	42	STIM=l
14121560	42	RESP=1
14132712	42	STIM=b
14138773	42	RESP=2
14149911	42	STIM=x
14155526	42	RESP=1
14165418	42	STIM=9
14170247	42	RESP=2
14183906	42	STIM=a
14188831	42	RESP=1
14201946	42	STIM=y
14208245	42	RESP=1
14217360	42	STIM=h
14221487	42	RESP=1
14233772	42	STIM=l
14239245	42	RESP=1
14249174	42	STIM=4
14253553	42	RESP=2
14264248	42	STIM=4
14267771	42	RESP=1
14281397	42	STIM=e
14286345	42	RESP=1
14299943	42	STIM=o
14304016	42	RESP=1
14317367	42	STIM=h
14322477	42	RESP=1
14336094	42	STIM=o
14341588	42	RESP=1
14353880	42	STIM=k
14356514	42	RESP=1
14369164	42	STIM=y
14373296	42	RESP=1
14387449	42	STIM=s
14391815	42	RESP=1
14404712	42	STIM=6
14413291	42	RESP=2
14419910	42	STIM=g
14426103	42	RESP=1
14436507	42	STIM=s
14441687	42	RESP=1
14452364	42	STIM=o
14459386	42	RESP=1
14470355	42	STIM=f
14476520	42	RESP=1
14488059	42	STIM=l
14494137	42	RESP=1
14503406	42	STIM=s
14510163	42	RESP=1
14519947	42	STIM=r
14525756	42	RESP=1
14538019	42	STIM=y
14541238	42	RESP=1
14554690	42	STIM=w
14558199	42	RESP=1
14571436	42	STIM=y
14577642	42	RESP=1
14590297	42	STIM=o
14595309	42	RESP=1
14607598	42	STIM=q
14611153	42	RESP=1
14623630	42	STIM=p
14627224	42	RESP=1
14642044	42	STIM=x
14652252	42	RESP=1
14658095	42	STIM=h
14661146	42	RESP=1
14674436	42	STIM=z
14677584	42	RESP=1
14692287	42	STIM=7
14698409	42	RESP=2
14708542	42	STIM=v
14711868	42	RESP=1
14724872	42	STIM=w
14729778	42	RESP=1
14741335	42	STIM=d
14744915	42	RESP=1
14759227	42	STIM=a
14766426	42	RESP=1
14775168	42	STIM=r
14782111	42	RESP=1
14793068	42	STIM=f
14797291	42	RESP=1
14811344	42	STIM=p
14816416	42	RESP=1
14827648	42	STIM=o
14830839	42	RESP=1
14843394	42	STIM=b
14847635	42	RESP=1
14859123	42	STIM=n
14864727	42	RESP=1
14877166	42	STIM=9
14881668	42	RESP=2
14893029	42	STIM=l
14896828	42	RESP=1
14908850	42	STIM=d
14913734	42	RESP=1
14926928	42	STIM=g
14933245	42	RESP=1
14942179	42	STIM=f
14945649	42	RESP=1
14958028	42	STIM=n
14962746	42	RESP=1
14973385	42	STIM=x
14977847	42	RESP=1
14991216	42	STIM=f
14995406	42	RESP=1
15008270	42	STIM=n
15012547	42	RESP=2
15024741	42	STIM=c
15028073	42	RESP=1
15043520	42	STIM=k
15048443	42	RESP=1
15062299	42	STIM=o
15066383	42	RESP=1
15078349	42	STIM=v
15082748	42	RESP=1
15093393	42	STIM=5
15100662	42	RESP=2
15111505	42	STIM=f
15116867	42	RESP=1
15127936	42	STIM=f
15132584	42	RESP=1
15143620	42	STIM=z
15149057	42	RESP=1
15162084	42	STIM=x
15168158	42	RESP=1
15179886	42	STIM=1
15184527	42	RESP=2
15197572	42	STIM=q
15202715	42	RESP=1
15216054	42	STIM=e
15219508	42	RESP=1
15234289	42	STIM=w
15237481	42	RESP=1
15249513	42	STIM=h
15253387	42	RESP=1
15265679	42	STIM=f
15269260	42	RESP=1
15283071	42	STIM=b
15286078	42	RESP=1
15299990	42	STIM=k
15303132	42	RESP=1
15318599	42	STIM=8
15323843	42	RESP=2
15333986	42	STIM=c
15337474	42	RESP=1
15351372	42	STIM=d
15355157	42	RESP=1
15366444	42	STIM=4
15370256	42	RESP=2
15383756	42	STIM=3
15388169	42	RESP=2
15401628	42	STIM=q
15405439	42	RESP=1
15418165	42	STIM=g
15422600	42	RESP=1
15437161	42	STIM=c
15444121	42	RESP=1
15452265	42	STIM=h
15456866	42	RESP=1
15467275	42	STIM=z
15471087	42	RESP=1
15483741	42	STIM=9
15490108	42	RESP=2
15499387	42	STIM=g
15503100	42	RESP=1
15516575	42	STIM=7
15521282	42	RESP=2
15533534	42	STIM=0
15540434	42	RESP=2
15551884	42	STIM=4
15556315	42	RESP=2
15569266	42	STIM=1
15576294	42	RESP=2
15587926	42	STIM=m
15591899	42	RESP=1
15605730	42	STIM=j
15610380	42	RESP=1
15623376	42	STIM=p
15628199	42	RESP=1
15638723	42	STIM=v
15642618	42	RESP=1
15656532	42	STIM=m
15661625	42	RESP=1
15675140	42	STIM=g
15678055	42	RESP=1
15692326	42	STIM=o
15699413	42	RESP=1
15709253	42	STIM=w
15712813	42	RESP=1
15725764	42	STIM=f
15729050	42	RESP=1
15743879	42	STIM=d
15749375	42	RESP=1
15762794	42	STIM=9
15770359	42	RESP=2
15778932	42	STIM=j
15782834	42	RESP=1
15796189	42	STIM=y
15803590	42	RESP=2
15812335	42	STIM=v
15817652	42	RESP=1
15830568	42	STIM=r
15835138	42	RESP=1
15847461	42	STIM=j
15851305	42	RESP=1
15866149	42	STIM=g
15870126	42	RESP=1
15881345	42	STIM=u
15884727	42	RESP=1
15897837	42	STIM=5
15901363	42	RESP=2
15913746	42	STIM=u
15918586	42	RESP=1
15931356	42	STIM=8
15936884	42	RESP=2
15950008	42	STIM=b
15957203	42	RESP=1
15965698	42	STIM=r
15970434	42	RESP=1
15982411	42	STIM=p
15987765	42	RESP=1
16000589	42	STIM=z
16006430	42	RESP=1
16017266	42	STIM=9
16022318	42	RESP=2
16033491	42	STIM=v
16038478	42	RESP=1
16051309	42	STIM=1
16059661	42	RESP=2
16070128	42	STIM=t
16075343	42	RESP=1
16088523	42	STIM=l
16093700	42	RESP=1
16106988	42	STIM=y
16111886	42	RESP=1
16123702	42	STIM=f
16132450	42	RESP=1
16139306	42	STIM=d
16142963	42	RESP=1
16155524	42	STIM=o
16159931	42	RESP=2
16173700	42	STIM=b
16178411	42	RESP=1
16189834	42	STIM=8
16194313	42	RESP=2
16204878	42	STIM=0
16209103	42	RESP=2
16222836	42	STIM=q
16227655	42	RESP=1
16241489	42	STIM=m
16245648	42	RESP=1
16257558	42	STIM=g
16260836	42	RESP=1
16275787	42	STIM=1
16279634	42	RESP=2
16293070	42	STIM=w
16295685	42	RESP=1
16310839	42	STIM=x
16315617	42	RESP=1
16328500	42	STIM=2
16336705	42	RESP=2
16344395	42	STIM=q
16349224	42	RESP=1
16359428	42	STIM=b
16369628	42	RESP=1
16375736	42	STIM=a
16382287	42	RESP=1
16391474	42	STIM=8
16396387	42	RESP=2
16409040	42	STIM=5
16413289	42	RESP=2
16424229	42	STIM=c
16428444	42	RESP=1
16442520	42	STIM=v
16449579	42	RESP=1
16459428	42	STIM=w
16463119	42	RESP=1
16476558	42	STIM=k
16480009	42	RESP=1
16494370	42	STIM=m
16499607	42	RESP=1
16510353	42	STIM=g
16514184	42	RESP=1
16525474	42	STIM=j
16532106	42	RESP=2
16541007	42	STIM=g
16545816	42	RESP=1
16558575	42	STIM=z
16562462	42	RESP=1
16574122	42	STIM=u
16578177	42	RESP=1
16592577	42	STIM=m
16597769	42	RESP=1
16608519	42	STIM=d
16611742	42	RESP=1
16626057	42	STIM=n
16631536	42	RESP=1
16643252	42	STIM=9
16652639	42	RESP=2
16662199	42	STIM=5
16665592	42	RESP=2
16677581	42	STIM=p
16688299	42	RESP=1
16696550	42	STIM=c
16700186	42	RESP=1
16712032	42	STIM=g
16715450	42	RESP=1
16728450	42	STIM=k
16732853	42	RESP=1
16746537	42	STIM=2
16750351	42	RESP=2
16762814	42	STIM=l
16765487	42	RESP=1
16781111	42	STIM=p
16786142	42	RESP=1
16798718	42	STIM=6
16803003	42	RESP=2
16816017	42	STIM=x
16822025	42	RESP=1
16834219	42	STIM=j
16838436	42	RESP=1
16849226	42	STIM=o
16853006	42	RESP=1
16864942	42	STIM=z
16871458	42	RESP=1
16879988	42	STIM=g
16885459	42	RESP=1
16895189	42	STIM=w
16900325	42	RESP=1
16910828	42	STIM=u
16915429	42	RESP=1
16926618	42	STIM=o
16932330	42	RESP=1
16944067	42	STIM=v
16948477	42	RESP=1
16962721	42	STIM=c
16968540	42	RESP=1
16978767	42	STIM=y
16982877	42	RESP=1
16995133	42	STIM=s
16998301	42	RESP=1
17012770	42	STIM=x
17020113	42	RESP=1
17030698	42	STIM=3
17038579	42	RESP=2
17048347	42	STIM=k
17053050	42	RESP=1
17067177	42	STIM=f
17071457	42	RESP=1
17085000	42	STIM=9
17090802	42	RESP=2
17102003	42	STIM=p
17105728	42	RESP=1
17117615	42	STIM=l
17126416	42	RESP=1
17135108	42	STIM=b
17138847	42	RESP=1
17152786	42	STIM=u
17157020	42	RESP=1
17170043	42	STIM=7
17174661	42	RESP=2
17187664	42	STIM=p
17191672	42	RESP=1
17203703	42	STIM=b
17210544	42	RESP=1
17221370	42	STIM=u
17225358	42	RESP=1
17240061	42	STIM=j
17249420	42	RESP=1
17255634	42	STIM=f
17264530	42	RESP=1
17270702	42	STIM=2
17276581	42	RESP=2
17286488	42	STIM=c
17289680	42	RESP=1
17303678	42	STIM=r
17306744	42	RESP=1
17321245	42	STIM=x
17325224	42	RESP=1
17337806	42	STIM=k
17342698	42	RESP=1
17353796	42	STIM=l
17361199	42	RESP=1
17370403	42	STIM=h
17376237	42	RESP=1
17388618	42	STIM=w
17395172	42	RESP=1
17404333	42	STIM=x
17411927	42	RESP=1
17419972	42	STIM=p
17422981	42	RESP=1
17437091	42	STIM=a
17440584	42	RESP=1
17453576	42	STIM=v
17458170	42	RESP=1
17471489	42	STIM=y
17477001	42	RESP=1
17487861	42	STIM=q
17491028	42	RESP=1
17505989	42	STIM=2
17515203	42	RESP=2
17523988	42	STIM=6
17531965	42	RESP=2
17539692	42	STIM=o
17543571	42	RESP=1
17554922	42	STIM=w
17559589	42	RESP=1
17570499	42	STIM=h
17573690	42	RESP=1
17588741	42	STIM=i
17594664	42	RESP=1
17604077	42	STIM=n
17608788	42	RESP=1
17621236	42	STIM=i
17630132	42	RESP=1
17636987	42	STIM=4
17640380	42	RESP=2
17652171	42	STIM=a
17656083	42	RESP=1
17668719	42	STIM=b
17673048	42	RESP=1
17683782	42	STIM=8
17688016	42	RESP=2
17700026	42	STIM=h
17704834	42	RESP=1
17715896	42	STIM=e
17722232	42	RESP=1
17731028	42	STIM=2
17736526	42	RESP=2
17749201	42	STIM=0
17754017	42	RESP=2
17764463	42	STIM=x
17767881	42	RESP=1
17783100	42	STIM=a
17787275	42	RESP=1
17800456	42	STIM=a
17806416	42	RESP=1
17817153	42	STIM=z
17821981	42	RESP=1
17835393	42	STIM=j
17841164	42	RESP=1
17852099	42	STIM=1
17856017	42	RESP=2
17868998	42	STIM=n
17873512	42	RESP=1
17884885	42	STIM=b
17888257	42	RESP=1
17900927	42	STIM=6
17905052	42	RESP=2
17916882	42	STIM=v
17922286	42	RESP=1
17935163	42	STIM=9
17941539	42	RESP=1
17953469	42	STIM=1
17957452	42	RESP=2
17969194	42	STIM=c
17975420	42	RESP=1
17984909	42	STIM=g
17988866	42	RESP=1
18001152	42	STIM=6
18006403	42	RESP=2
18016769	42	STIM=9
18021610	42	RESP=2
18035761	42	STIM=x
18042441	42	RESP=1
18054162	42	STIM=r
18060552	42	RESP=1
18070961	42	STIM=q
18075712	42	RESP=1
18086639	42	STIM=g
18089495	42	RESP=1
18102243	42	STIM=i
18108183	42	RESP=1
18117905	42	STIM=h
18122335	42	RESP=1
18135005	42	STIM=u
18140133	42	RESP=1
18152835	42	STIM=1
18157956	42	RESP=2
18169412	42	STIM=6
18173037	42	RESP=1
18185586	42	STIM=s
18191282	42	RESP=1
18203039	42	STIM=f
18209624	42	RESP=1
18220652	42	STIM=t
18223603	42	RESP=1
18237391	42	STIM=c
18244478	42	RESP=1
18253016	42	STIM=7
18264137	42	RESP=2
18268196	42	STIM=v
18271281	42	RESP=1
18286430	42	STIM=n
18289380	42	RESP=1
18303708	42	STIM=q
18308300	42	RESP=1
18321404	42	STIM=w
18325290	42	RESP=1
18339861	42	STIM=o
18344534	42	RESP=2
18355621	42	STIM=k
18364591	42	RESP=1
18372998	42	STIM=v
18376149	42	RESP=1
18391686	42	STIM=u
18394834	42	RESP=1
18407286	42	STIM=k
18411827	42	RESP=1
18424081	42	STIM=r
18429259	42	RESP=1
18442545	42	STIM=a
18447991	42	RESP=1
18460307	42	STIM=b
18465014	42	RESP=1
18475871	42	STIM=j
18479466	42	RESP=1
18492167	42	STIM=x
18498834	42	RESP=1
18507253	42	STIM=f
18511672	42	RESP=1
18525651	42	STIM=w
18531067	42	RESP=1
18542475	42	STIM=h
18545720	42	RESP=1
18558625	42	STIM=r
18563809	42	RESP=1
18574146	42	STIM=z
18577794	42	RESP=1
18592361	42	STIM=x
18597190	42	RESP=1
18607691	42	STIM=m
18611827	42	RESP=1
18624435	42	STIM=x
18627783	42	RESP=1
18642124	42	STIM=9
18650360	42	RESP=2
18658337	42	STIM=b
18661991	42	RESP=1
18674442	42	STIM=m
18679635	42	RESP=1
18693088	42	STIM=j
18696395	42	RESP=1
18711676	42	STIM=j
18715629	42	RESP=1
18727020	42	STIM=j
18734110	42	RESP=1
18743117	42	STIM=x
18751201	42	RESP=1
18760446	42	STIM=p
18764855	42	RESP=1
18775783	42	STIM=j
18780239	42	RESP=1
18793846	42	STIM=i
18796530	42	RESP=1
18811762	42	STIM=j
18819319	42	RESP=1
18828170	42	STIM=3
18834520	42	RESP=2
18846484	42	STIM=k
18853042	42	RESP=1
18864309	42	STIM=n
18869401	42	RESP=1
18882752	42	STIM=b
18891510	42	RESP=1
18899388	42	STIM=l
18903699	42	RESP=1
18917516	42	STIM=s
18922801	42	RESP=1
18935599	42	STIM=5
18940113	42	RESP=2
18951359	42	STIM=3
18955815	42	RESP=2
18966900	42	STIM=0
18971899	42	RESP=2
18982508	42	STIM=f
18990726	42	RESP=1
18999684	42	STIM=o
19002606	42	RESP=1
19016274	42	STIM=m
19021526	42	RESP=1
19031600	42	STIM=s
19039972	42	RESP=1
19048122	42	STIM=g
19052302	42	RESP=1
19065115	42	STIM=w
19068167	42	RESP=1
19080345	42	STIM=s
19087326	42	RESP=1
19098509	42	STIM=s
19101239	42	RESP=1
19115562	42	STIM=3
19125387	42	RESP=2
19133994	42	STIM=u
19138916	42	RESP=1
19151472	42	STIM=f
19154717	42	RESP=1
19166799	42	STIM=v
19171532	42	RESP=1
19185008	42	STIM=b
19190052	42	RESP=1
19201588	42	STIM=t
19212393	42	RESP=1
19216794	42	STIM=2
19221227	42	RESP=2
19233825	42	STIM=v
19238415	42	RESP=1
19249050	42	STIM=f
19253999	42	RESP=1
19264597	42	STIM=b
19272315	42	RESP=1
19282657	42	STIM=o
19289200	42	RESP=1
19298921	42	STIM=j
19304059	42	RESP=1
19317171	42	STIM=r
19321938	42	RESP=1
19334495	42	STIM=o
19337767	42	RESP=1
19350474	42	STIM=2
19354908	42	RESP=2
19368962	42	STIM=y
19372749	42	RESP=1
19385179	42	STIM=u
19389829	42	RESP=1
19402411	42	STIM=p
19405713	42	RESP=1
19417839	42	STIM=h
19420719	42	RESP=1
19434980	42	STIM=3
19439522	42	RESP=2
19451323	42	STIM=5
19455878	42	RESP=2
19467266	42	STIM=j
19471439	42	RESP=1
19483050	42	STIM=s
19488226	42	RESP=1
19499549	42	STIM=t
19503010	42	RESP=1
19517816	42	STIM=1
19523989	42	RESP=2
19533533	42	STIM=m
19536282	42	RESP=1
19549739	42	STIM=d
19554053	42	RESP=2
19568082	42	STIM=x
19574524	42	RESP=1
19584818	42	STIM=w
19590041	42	RESP=1
19601940	42	STIM=u
19607583	42	RESP=1
19617229	42	STIM=t
19621705	42	RESP=1
19636066	42	STIM=e
19642318	42	RESP=1
19651503	42	STIM=k
19656107	42	RESP=1
19669851	42	STIM=m
19674691	42	RESP=1
19688056	42	STIM=q
19694473	42	RESP=1
19704882	42	STIM=5
19709064	42	RESP=2
19721974	42	STIM=6
19732755	42	RESP=2
19737189	42	STIM=x
19744725	42	RESP=1
19755496	42	STIM=y
19759851	42	RESP=1
19771132	42	STIM=y
19775739	42	RESP=1
19787241	42	STIM=z
19790802	42	RESP=1
19805721	42	STIM=b
19811202	42	RESP=1
19821802	42	STIM=4
19831315	42	RESP=2
19840095	42	STIM=r
19845689	42	RESP=1
19858019	42	STIM=w
19861217	42	RESP=1
19875810	42	STIM=4
19880429	42	RESP=2
19891706	42	STIM=m
19894762	42	RESP=1
19910673	42	STIM=e
19913787	42	RESP=1
19927174	42	STIM=l
19933831	42	RESP=1
19945917	42	STIM=h
19950170	42	RESP=1
19963111	42	STIM=o
19973846	42	RESP=1
19979521	42	STIM=l
19982963	42	RESP=1
19997294	42	STIM=g
20003041	42	RESP=1
20014556	42	STIM=9
20019582	42	RESP=1
20032468	42	STIM=c
20036317	42	RESP=1
20049682	42	STIM=t
20055283	42	RESP=1
20067955	42	STIM=a
20074941	42	RESP=1
20083948	42	STIM=5
20087371	42	RESP=2
20099958	42	STIM=3
20105651	42	RESP=1
20115590	42	STIM=d
20121433	42	RESP=1
20132127	42	STIM=i
20134788	42	RESP=1
20150806	42	STIM=0
20154586	42	RESP=2
20166439	42	STIM=6
20172318	42	RESP=2
20184844	42	STIM=a
20189484	42	RESP=1
20203077	42	STIM=j
20207468	42	RESP=1
20221370	42	STIM=x
20225706	42	RESP=2
20239314	42	STIM=d
20243705	42	RESP=1
20255473	42	STIM=n
20258742	42	RESP=1
20274413	42	STIM=y
20280164	42	RESP=1
20292365	42	STIM=x
20298171	42	RESP=1
20310088	42	STIM=v
20315471	42	RESP=1
20327538	42	STIM=r
20333483	42	RESP=1
20344649	42	STIM=e
20351345	42	RESP=1
20362487	42	STIM=a
20367195	42	RESP=1
20379552	42	STIM=t
20385254	42	RESP=1
20395673	42	STIM=u
20401804	42	RESP=1
20412811	42	STIM=s
20416890	42	RESP=1
20429686	42	STIM=r
20433438	42	RESP=1
20446073	42	STIM=5
20449753	42	RESP=2
20462429	42	STIM=a
20469841	42	RESP=1
20479545	42	STIM=5
20489054	42	RESP=2
20497546	42	STIM=f
20504631	42	RESP=1
20515129	42	STIM=v
20520915	42	RESP=1
20533566	42	STIM=h
20537183	42	RESP=1
20549733	42	STIM=x
20554925	42	RESP=1
20567684	42	STIM=3
20573210	42	RESP=1
20586046	42	STIM=t
20591496	42	RESP=1
20601767	42	STIM=s
20604977	42	RESP=1
20617080	42	STIM=g
20620914	42	RESP=1
20633348	42	STIM=n
20637486	42	RESP=1
20651458	42	STIM=w
20655251	42	RESP=1
20670448	42	STIM=c
20674723	42	RESP=1
20685946	42	STIM=k
20688963	42	RESP=1
20701093	42	STIM=w
20704606	42	RESP=1
20716118	42	STIM=c
20726375	42	RESP=1
20731596	42	STIM=z
20735075	42	RESP=1
20749846	42	STIM=e
20753050	42	RESP=1
20768839	42	STIM=e
20774279	42	RESP=1
20784321	42	STIM=x
20787498	42	RESP=1
20801430	42	STIM=o
20806148	42	RESP=1
20820320	42	STIM=y
20824870	42	RESP=1
20838944	42	STIM=2
20844666	42	RESP=2
20855003	42	STIM=p
20860705	42	RESP=1
20870116	42	STIM=e
20874316	42	RESP=1
20885116	42	STIM=w
20892761	42	RESP=1
20902167	42	STIM=q
20907760	42	RESP=1
20920256	42	STIM=6
20924549	42	RESP=2
20935857	42	STIM=p
20938414	42	RESP=1
20952999	42	STIM=j
20956798	42	RESP=1
20968833	42	STIM=i
20973096	42	RESP=1
20987452	42	STIM=j
20992577	42	RESP=1
21006256	42	STIM=9
21016417	42	RESP=1
21024741	42	STIM=e
21029108	42	RESP=1
21041315	42	STIM=7
21046127	42	RESP=2
21060109	42	STIM=b
21065154	42	RESP=1
21075304	42	STIM=9
21081067	42	RESP=2
21093802	42	STIM=d
21098124	42	RESP=1
21109392	42	STIM=f
21112491	42	RESP=1
21127553	42	STIM=d
21135511	42	RESP=1
21145911	42	STIM=f
21150545	42	RESP=1
21162151	42	STIM=w
21165572	42	RESP=1
21177255	42	STIM=6
21182558	42	RESP=2
21195526	42	STIM=j
21199833	42	RESP=1
21212062	42	STIM=b
21215959	42	RESP=1
21228487	42	STIM=q
21232984	42	RESP=1
21247197	42	STIM=y
21250711	42	RESP=1
21263648	42	STIM=l
21266720	42	RESP=1
21281157	42	STIM=0
21289404	42	RESP=2
21298172	42	STIM=l
21301416	42	RESP=1
21314176	42	STIM=1
21320218	42	RESP=2
21330938	42	STIM=d
21335480	42	RESP=1
21348694	42	STIM=h
21357549	42	RESP=1
21364771	42	STIM=g
21369028	42	RESP=1
21380165	42	STIM=t
21383589	42	RESP=1
21395441	42	STIM=0
21399859	42	RESP=2
21414152	42	STIM=v
21419684	42	RESP=1
21429327	42	STIM=a
21432313	42	RESP=1
21444759	42	STIM=v
21448380	42	RESP=1
21462924	42	STIM=j
21468784	42	RESP=1
21481433	42	STIM=9
21488859	42	RESP=2
21498726	42	STIM=g
21506301	42	RESP=1
21515591	42	STIM=o
21519888	42	RESP=1
21534065	42	STIM=j
21539718	42	RESP=1
21551697	42	STIM=m
21556186	42	RESP=1
21567398	42	STIM=c
21572634	42	RESP=1
21584330	42	STIM=h
21590331	42	RESP=1
21599673	42	STIM=n
21603930	42	RESP=1
21617264	42	STIM=7
21620768	42	RESP=2
21635611	42	STIM=u
21640732	42	RESP=1
21651017	42	STIM=a
21655465	42	RESP=1
21667851	42	STIM=w
21670942	42	RESP=1
21686731	42	STIM=m
21689275	42	RESP=1
21703860	42	STIM=q
21708097	42	RESP=1
21722094	42	STIM=d
21727478	42	RESP=1
21737330	42	STIM=v
21746746	42	RESP=1
21753052	42	STIM=j
21757195	42	RESP=1
21769146	42	STIM=3
21774809	42	RESP=2
