# Original filename: 0050_KXP_2017-04-02.log
# Time unit: 100 us
# RARECAT=digit
#
# Time	HHGG	Event
38341	42	STIM=7
43354	42	RESP=2
54178	42	STIM=x
62290	42	RESP=1
73065	42	STIM=g
77113	42	RESP=1
88807	42	STIM=5
95340	42	RESP=1
104765	42	STIM=p
108044	42	RESP=1
121740	42	STIM=r
125184	42	RESP=1
139246	42	STIM=1
145259	42	RESP=2
157474	42	STIM=g
164360	42	RESP=1
173716	42	STIM=3
177471	42	RESP=2
188983	42	STIM=h
193026	42	RESP=1
206216	42	STIM=d
213354	42	RESP=1
223778	42	STIM=d
227224	42	RESP=1
242122	42	STIM=u
251445	42	RESP=1
260996	42	STIM=o
266120	42	RESP=1
278322	42	STIM=5
283087	42	RESP=1
296340	42	STIM=e
301341	42	RESP=1
313021	42	STIM=w
319706	42	RESP=1
331985	42	STIM=e
341904	42	RESP=1
348010	42	STIM=g
352602	42	RESP=1
363870	42	STIM=e
367801	42	RESP=1
379955	42	STIM=c
386685	42	RESP=1
395783	42	STIM=4
402992	42	RESP=2
411586	42	STIM=d
419030	42	RESP=1
430094	42	STIM=v
435006	42	RESP=1
446964	42	STIM=o
453500	42	RESP=1
464158	42	STIM=t
468455	42	RESP=1
479174	42	STIM=x
482807	42	RESP=1
494209	42	STIM=v
498735	42	RESP=1
511628	42	STIM=j
516833	42	RESP=1
529035	42	STIM=l
532393	42	RESP=1
547294	42	STIM=z
553095	42	RESP=1
562610	42	STIM=v
568331	42	RESP=1
578772	42	STIM=v
584588	42	RESP=1
594020	42	STIM=9
597899	42	RESP=2
609333	42	STIM=v
613168	42	RESP=1
624948	42	STIM=z
630913	42	RESP=1
641970	42	STIM=a
647142	42	RESP=1
658233	42	STIM=g
666147	42	RESP=1
676376	42	STIM=d
682815	42	RESP=1
693597	42	STIM=g
700911	42	RESP=1
709850	42	STIM=w
712515	42	RESP=2
727202	42	STIM=d
731550	42	RESP=1
743725	42	STIM=y
751763	42	RESP=1
759539	42	STIM=z
764519	42	RESP=1
776707	42	STIM=i
780669	42	RESP=1
793919	42	STIM=8
799019	42	RESP=2
812514	42	STIM=z
820653	42	RESP=1
830565	42	STIM=p
834736	42	RESP=1
849176	42	STIM=g
854830	42	RESP=1
864277	42	STIM=7
871756	42	RESP=2
882335	42	STIM=s
886699	42	RESP=2
898037	42	STIM=6
903446	42	RESP=2
915160	42	STIM=1
921721	42	RESP=2
931797	42	STIM=o
934814	42	RESP=1
949060	42	STIM=1
956034	42	RESP=2
967733	42	STIM=y
971093	42	RESP=1
985279	42	STIM=g
989756	42	RESP=1
1003168	42	STIM=g
1007088	42	RESP=1
1022082	42	STIM=g
1026579	42	RESP=1
1040136	42	STIM=b
1046222	42	RESP=1
1058277	42	STIM=g
1064442	42	RESP=1
1075688	42	STIM=l
1086193	42	RESP=1
1090740	42	STIM=f
1094833	42	RESP=1
1106003	42	STIM=q
1112020	42	RESP=1
1123832	42	STIM=a
1126722	42	RESP=1
1139895	42	STIM=q
1143691	42	RESP=1
1155072	42	STIM=d
1160381	42	RESP=1
1170775	42	STIM=c
1175339	42	RESP=1
1188929	42	STIM=o
1192614	42	RESP=1
1204111	42	STIM=r
1208301	42	RESP=1
1221976	42	STIM=g
1225166	42	RESP=1
1237078	42	STIM=c
1241763	42	RESP=1
1255507	42	STIM=d
1259203	42	RESP=1
1273004	42	STIM=w
1278297	42	RESP=1
1289319	42	STIM=9
1294077	42	RESP=2
1308303	42	STIM=3
1315637	42	RESP=1
1326424	42	STIM=2
1333540	42	RESP=2
1341849	42	STIM=j
1345316	42	RESP=1
1359741	42	STIM=x
1364137	42	RESP=1
1377544	42	STIM=o
1381838	42	RESP=1
1394146	42	STIM=f
1398208	42	RESP=1
1412201	42	STIM=7
1418060	42	RESP=2
1430512	42	STIM=v
1434635	42	RESP=1
1445804	42	STIM=d
1452089	42	RESP=1
1461339	42	STIM=q
1465737	42	RESP=1
1477019	42	STIM=v
1481133	42	RESP=1
1493925	42	STIM=j
1498810	42	RESP=1
1509832	42	STIM=e
1515181	42	RESP=1
1527698	42	STIM=m
1533190	42	RESP=1
1545864	42	STIM=5
1552323	42	RESP=2
1564441	42	STIM=s
1572294	42	RESP=1
1580104	42	STIM=d
1583109	42	RESP=1
1597386	42	STIM=a
1600723	42	RESP=1
1615529	42	STIM=n
1620807	42	RESP=1
1632433	42	STIM=s
1635697	42	RESP=1
1649679	42	STIM=s
1654076	42	RESP=1
1666432	42	STIM=b
1670029	42	RESP=1
1682714	42	STIM=d
1685876	42	RESP=1
1700828	42	STIM=u
1705457	42	RESP=1
1717285	42	STIM=i
1720395	42	RESP=1
1733583	42	STIM=r
1737255	42	RESP=1
1752340	42	STIM=p
1754750	42	RESP=1
1767800	42	STIM=r
1773441	42	RESP=1
1783999	42	STIM=e
1787623	42	RESP=1
1802377	42	STIM=e
1805237	42	RESP=1
1818036	42	STIM=j
1822511	42	RESP=1
1836441	42	STIM=u
1841411	42	RESP=1
1853851	42	STIM=m
1858516	42	RESP=1
1870527	42	STIM=b
1874319	42	RESP=1
1886671	42	STIM=n
1890383	42	RESP=1
1905430	42	STIM=q
1911057	42	RESP=1
1921405	42	STIM=j
1924755	42	RESP=1
1938226	42	STIM=8
1941727	42	RESP=2
1956635	42	STIM=z
1963879	42	RESP=1
1973271	42	STIM=i
1976474	42	RESP=1
1991911	42	STIM=j
1995643	42	RESP=1
2009620	42	STIM=g
2012883	42	RESP=1
2027981	42	STIM=6
2033102	42	RESP=1
2045769	42	STIM=s
2050267	42	RESP=1
2063853	42	STIM=t
2066951	42	RESP=1
2080560	42	STIM=0
2087491	42	RESP=2
2097495	42	STIM=y
2101136	42	RESP=1
2114450	42	STIM=k
2117928	42	RESP=1
2132655	42	STIM=u
2137093	42	RESP=1
2150554	42	STIM=w
2154757	42	RESP=1
2166006	42	STIM=g
2170845	42	RESP=1
2183031	42	STIM=s
2186591	42	RESP=1
2201662	42	STIM=z
2205376	42	RESP=1
2218818	42	STIM=e
2226262	42	RESP=1
2234729	42	STIM=r
2242155	42	RESP=1
2252153	42	STIM=j
2254923	42	RESP=1
2270862	42	STIM=s
2274809	42	RESP=1
2289244	42	STIM=3
2293685	42	RESP=2
2306725	42	STIM=n
2310921	42	RESP=1
2324011	42	STIM=1
2328401	42	RESP=2
2340407	42	STIM=l
2347375	42	RESP=1
2357811	42	STIM=k
2364491	42	RESP=1
2376009	42	STIM=1
2380978	42	RESP=2
2392589	42	STIM=5
2397026	42	RESP=2
2407646	42	STIM=j
2410668	42	RESP=1
2424126	42	STIM=q
2427233	42	RESP=1
2441790	42	STIM=l
2446594	42	RESP=1
2457390	42	STIM=0
2465608	42	RESP=2
2475489	42	STIM=i
2479209	42	RESP=1
2490860	42	STIM=g
2493369	42	RESP=1
2508807	42	STIM=8
2519710	42	RESP=2
2525898	42	STIM=t
2531200	42	RESP=1
2543469	42	STIM=j
2548753	42	RESP=1
2561416	42	STIM=z
2565258	42	RESP=1
2579120	42	STIM=b
2584023	42	RESP=1
2595490	42	STIM=6
2603712	42	RESP=2
2612606	42	STIM=x
2616301	42	RESP=1
2629826	42	STIM=2
2635270	42	RESP=1
2646784	42	STIM=y
2652046	42	RESP=1
2665446	42	STIM=e
2672052	42	RESP=1
2683747	42	STIM=f
2691286	42	RESP=1
2702659	42	STIM=4
2716590	42	RESP=2
2720382	42	STIM=n
2724009	42	RESP=1
2736754	42	STIM=s
2740164	42	RESP=1
2752056	42	STIM=g
2758417	42	RESP=1
2770393	42	STIM=d
2775633	42	RESP=1
2785890	42	STIM=z
2789697	42	RESP=1
2803064	42	STIM=h
2810684	42	RESP=1
2819464	42	STIM=8
2824691	42	RESP=2
2838371	42	STIM=z
2844201	42	RESP=1
2856967	42	STIM=b
2860288	42	RESP=1
2875657	42	STIM=w
2880040	42	RESP=1
2894586	42	STIM=i
2902087	42	RESP=1
2911032	42	STIM=a
2913601	42	RESP=1
2927139	42	STIM=0
2930919	42	RESP=1
2946083	42	STIM=u
2949688	42	RESP=1
2962180	42	STIM=j
2965761	42	RESP=1
2980468	42	STIM=9
2987305	42	RESP=1
2998755	42	STIM=2
3006941	42	RESP=1
3013813	42	STIM=9
3019114	42	RESP=2
3032458	42	STIM=1
3035980	42	RESP=2
3049379	42	STIM=k
3055704	42	RESP=1
3065627	42	STIM=n
3070579	42	RESP=1
3082259	42	STIM=h
3085705	42	RESP=1
3100310	42	STIM=3
3107640	42	RESP=2
3117961	42	STIM=a
3125818	42	RESP=1
3136930	42	STIM=w
3143009	42	RESP=1
3153991	42	STIM=a
3158770	42	RESP=1
3170514	42	STIM=v
3178705	42	RESP=1
3188941	42	STIM=z
3191948	42	RESP=1
3206822	42	STIM=4
3212615	42	RESP=2
3223046	42	STIM=r
3228758	42	RESP=1
3240573	42	STIM=p
3243567	42	RESP=1
3257630	42	STIM=k
3262082	42	RESP=1
3273078	42	STIM=f
3278929	42	RESP=1
3289078	42	STIM=l
3292612	42	RESP=1
3306293	42	STIM=2
3309974	42	RESP=2
3324547	42	STIM=o
3329666	42	RESP=1
3341995	42	STIM=b
3347184	42	RESP=1
3357510	42	STIM=o
3361110	42	RESP=1
3374620	42	STIM=a
3378138	42	RESP=1
3389772	42	STIM=0
3395056	42	RESP=2
3407664	42	STIM=0
3412946	42	RESP=2
3423684	42	STIM=m
3427213	42	RESP=1
3441291	42	STIM=g
3445158	42	RESP=1
3458420	42	STIM=3
3461940	42	RESP=2
3475266	42	STIM=u
3482264	42	RESP=1
3492843	42	STIM=j
3496749	42	RESP=1
3507937	42	STIM=x
3511474	42	RESP=1
3526543	42	STIM=0
3533490	42	RESP=2
3543824	42	STIM=m
3548568	42	RESP=2
3560217	42	STIM=n
3564501	42	RESP=1
3578280	42	STIM=n
3581576	42	RESP=2
3593340	42	STIM=p
3596990	42	RESP=1
3612335	42	STIM=v
3616033	42	RESP=1
3627973	42	STIM=h
3632612	42	RESP=1
3646512	42	STIM=x
3650694	42	RESP=1
3662672	42	STIM=b
3665800	42	RESP=1
3679364	42	STIM=w
3683849	42	RESP=1
3696174	42	STIM=6
3704509	42	RESP=2
3712326	42	STIM=1
3716625	42	RESP=2
3727357	42	STIM=y
3730821	42	RESP=1
3744375	42	STIM=y
3750238	42	RESP=1
3760670	42	STIM=j
3766710	42	RESP=1
3779590	42	STIM=m
3783413	42	RESP=1
3796101	42	STIM=m
3799813	42	RESP=1
3811120	42	STIM=s
3815934	42	RESP=1
3828490	42	STIM=c
3831154	42	RESP=1
3843709	42	STIM=m
3849303	42	RESP=1
3859553	42	STIM=2
3864241	42	RESP=2
3877429	42	STIM=1
3881812	42	RESP=2
3893249	42	STIM=l
3896807	42	RESP=1
3908888	42	STIM=3
3918081	42	RESP=2
3925268	42	STIM=o
3927610	42	RESP=1
3944016	42	STIM=f
3948505	42	RESP=1
3960793	42	STIM=1
3965001	42	RESP=2
3979786	42	STIM=l
3984657	42	RESP=1
3996292	42	STIM=q
4002827	42	RESP=1
4015110	42	STIM=p
4021853	42	RESP=1
4031237	42	STIM=m
4035998	42	RESP=1
4048474	42	STIM=h
4054226	42	RESP=1
4063706	42	STIM=q
4067024	42	RESP=1
4080427	42	STIM=v
4084840	42	RESP=1
4096690	42	STIM=s
4107208	42	RESP=1
4112306	42	STIM=w
4118240	42	RESP=1
4128476	42	STIM=2
4136398	42	RESP=1
4143698	42	STIM=a
4149172	42	RESP=1
4161584	42	STIM=i
4165500	42	RESP=1
4178034	42	STIM=k
4182892	42	RESP=1
4196154	42	STIM=j
4201501	42	RESP=1
4213230	42	STIM=g
4219145	42	RESP=1
4228646	42	STIM=0
4235254	42	RESP=2
4247551	42	STIM=t
4252267	42	RESP=1
4264211	42	STIM=z
4267332	42	RESP=1
4282929	42	STIM=a
4288696	42	RESP=1
4301834	42	STIM=b
4309122	42	RESP=1
4320357	42	STIM=4
4326364	42	RESP=2
4338439	42	STIM=n
4343953	42	RESP=2
4353748	42	STIM=x
4357503	42	RESP=1
4370893	42	STIM=k
4377319	42	RESP=1
4386608	42	STIM=n
4390430	42	RESP=2
4401848	42	STIM=9
4407021	42	RESP=2
4417812	42	STIM=5
4423938	42	RESP=2
4434375	42	STIM=6
4438429	42	RESP=2
4450051	42	STIM=f
4453619	42	RESP=1
4467369	42	STIM=7
4471401	42	RESP=2
4485415	42	STIM=c
4488664	42	RESP=1
4503972	42	STIM=u
4508143	42	RESP=1
4518998	42	STIM=o
4525302	42	RESP=1
4537944	42	STIM=v
4541420	42	RESP=2
4556675	42	STIM=5
4561935	42	RESP=2
4573903	42	STIM=g
4577184	42	RESP=1
4591687	42	STIM=z
4594472	42	RESP=1
4610331	42	STIM=g
4619814	42	RESP=1
4629067	42	STIM=1
4634275	42	RESP=2
4647589	42	STIM=c
4650586	42	RESP=1
4662661	42	STIM=b
4669726	42	RESP=1
4679480	42	STIM=j
4684901	42	RESP=1
4695193	42	STIM=l
4700562	42	RESP=1
4713968	42	STIM=z
4723191	42	RESP=1
4730939	42	STIM=c
4733673	42	RESP=1
4748932	42	STIM=f
4754170	42	RESP=1
4766181	42	STIM=d
4772518	42	RESP=2
4781364	42	STIM=j
4787067	42	RESP=1
4799060	42	STIM=3
4809208	42	RESP=2
4817278	42	STIM=t
4823176	42	RESP=1
4833283	42	STIM=s
4837208	42	RESP=1
4852126	42	STIM=e
4855594	42	RESP=1
4870053	42	STIM=m
4873847	42	RESP=1
4888258	42	STIM=v
4892589	42	RESP=1
4906174	42	STIM=x
4909745	42	RESP=1
4924061	42	STIM=s
4930307	42	RESP=1
4942417	42	STIM=7
4947244	42	RESP=1
4958043	42	STIM=t
4961469	42	RESP=1
4976550	42	STIM=i
4980582	42	RESP=2
4994409	42	STIM=m
4999760	42	RESP=1
5009460	42	STIM=7
5014578	42	RESP=2
5025694	42	STIM=g
5028633	42	RESP=1
5044063	42	STIM=g
5046757	42	RESP=1
5062103	42	STIM=g
5065955	42	RESP=1
5079054	42	STIM=s
5082647	42	RESP=1
5094114	42	STIM=b
5102805	42	RESP=1
5112958	42	STIM=k
5117492	42	RESP=1
5129903	42	STIM=f
5135919	42	RESP=1
5146508	42	STIM=c
5150161	42	RESP=1
5162679	42	STIM=7
5169037	42	RESP=2
5181270	42	STIM=b
5184207	42	RESP=1
5199688	42	STIM=e
5206306	42	RESP=1
5217001	42	STIM=l
5222595	42	RESP=1
5232270	42	STIM=x
5238623	42	RESP=1
5249860	42	STIM=n
5253631	42	RESP=1
5268709	42	STIM=y
5277520	42	RESP=1
5284441	42	STIM=7
5291081	42	RESP=2
5301308	42	STIM=k
5304487	42	RESP=1
5319813	42	STIM=a
5327323	42	RESP=1
5337175	42	STIM=b
5340646	42	RESP=1
5354948	42	STIM=q
5361866	42	RESP=1
5372945	42	STIM=w
5377111	42	RESP=1
5391679	42	STIM=9
5398445	42	RESP=2
5410497	42	STIM=h
5414885	42	RESP=1
5428677	42	STIM=7
5435963	42	RESP=2
5444037	42	STIM=3
5452128	42	RESP=2
5462251	42	STIM=a
5466933	42	RESP=1
5477413	42	STIM=z
5481009	42	RESP=1
5493156	42	STIM=h
5496354	42	RESP=1
5510361	42	STIM=h
5513641	42	RESP=1
5528758	42	STIM=6
5533594	42	RESP=2
5547660	42	STIM=c
5550482	42	RESP=1
5564554	42	STIM=o
5571760	42	RESP=1
5579878	42	STIM=p
5582621	42	RESP=2
5597980	42	STIM=w
5602345	42	RESP=1
5616821	42	STIM=m
5619671	42	RESP=1
5635577	42	STIM=x
5641619	42	RESP=1
5650912	42	STIM=7
5657147	42	RESP=2
5668221	42	STIM=y
5676114	42	RESP=1
5684506	42	STIM=b
5690094	42	RESP=1
5699680	42	STIM=o
5703964	42	RESP=1
5718157	42	STIM=v
5723842	42	RESP=1
5735253	42	STIM=f
5740360	42	RESP=1
5753976	42	STIM=h
5759294	42	RESP=1
5771856	42	STIM=f
5776369	42	RESP=1
5790831	42	STIM=z
5793881	42	RESP=1
5806888	42	STIM=n
5815440	42	RESP=1
5823011	42	STIM=o
5830242	42	RESP=1
5840978	42	STIM=s
5844627	42	RESP=1
5859944	42	STIM=6
5863650	42	RESP=2
5877730	42	STIM=x
5882234	42	RESP=1
5896621	42	STIM=k
5900337	42	RESP=1
5913540	42	STIM=r
5919287	42	RESP=1
5931313	42	STIM=k
5934107	42	RESP=1
5947469	42	STIM=k
5952838	42	RESP=1
5965786	42	STIM=n
5973466	42	RESP=1
5980832	42	STIM=x
5984446	42	RESP=1
5997005	42	STIM=d
6004909	42	RESP=1
6013802	42	STIM=l
6017991	42	RESP=1
6029358	42	STIM=3
6033418	42	RESP=2
6048354	42	STIM=q
6051548	42	RESP=1
6064058	42	STIM=2
6068628	42	RESP=2
6082871	42	STIM=7
6090227	42	RESP=1
6101509	42	STIM=f
6105583	42	RESP=1
6117159	42	STIM=5
6122708	42	RESP=2
6134995	42	STIM=k
6138940	42	RESP=1
6150415	42	STIM=i
6155435	42	RESP=1
6169290	42	STIM=k
6175744	42	RESP=1
6184567	42	STIM=6
6189705	42	RESP=2
6201288	42	STIM=e
6205271	42	RESP=1
6218367	42	STIM=a
6222518	42	RESP=1
6236093	42	STIM=k
6243131	42	RESP=1
6252571	42	STIM=1
6256783	42	RESP=2
6267805	42	STIM=8
6273195	42	RESP=1
6286644	42	STIM=8
6291960	42	RESP=2
6302232	42	STIM=7
6310533	42	RESP=2
6317749	42	STIM=b
6323141	42	RESP=1
6334294	42	STIM=y
6340632	42	RESP=1
6352549	42	STIM=r
6355542	42	RESP=2
6370230	42	STIM=1
6375488	42	RESP=2
6385978	42	STIM=o
6389129	42	RESP=1
6402327	42	STIM=x
6405718	42	RESP=1
6419138	42	STIM=w
6424608	42	RESP=1
6436070	42	STIM=u
6440868	42	RESP=1
6453542	42	STIM=d
6457088	42	RESP=1
6470098	42	STIM=e
6474446	42	RESP=1
6488069	42	STIM=f
6493157	42	RESP=1
6503998	42	STIM=h
6511125	42	RESP=1
6522466	42	STIM=c
6526595	42	RESP=1
6538881	42	STIM=p
6543574	42	RESP=1
6555153	42	STIM=t
6558653	42	RESP=1
6572674	42	STIM=a
6578822	42	RESP=1
6590522	42	STIM=s
6594840	42	RESP=1
6606388	42	STIM=r
6609840	42	RESP=1
6623008	42	STIM=s
6627798	42	RESP=1
6640335	42	STIM=g
6644160	42	RESP=1
6659285	42	STIM=z
6664377	42	RESP=1
6677908	42	STIM=r
6682094	42	RESP=1
6695419	42	STIM=w
6703289	42	RESP=1
6713319	42	STIM=j
6718630	42	RESP=1
6730471	42	STIM=1
6738305	42	RESP=2
6748747	42	STIM=k
6752496	42	RESP=1
6765743	42	STIM=2
6775275	42	RESP=2
6783476	42	STIM=t
6787693	42	RESP=1
6800911	42	STIM=q
6805903	42	RESP=1
6818255	42	STIM=t
6823162	42	RESP=1
6834773	42	STIM=4
6840345	42	RESP=1
6851308	42	STIM=1
6855862	42	RESP=2
6868376	42	STIM=f
6872074	42	RESP=1
6885239	42	STIM=m
6889797	42	RESP=1
6902446	42	STIM=p
6908337	42	RESP=1
6918850	42	STIM=9
6924095	42	RESP=2
6935517	42	STIM=g
6939241	42	RESP=1
6952868	42	STIM=j
6957409	42	RESP=1
6969659	42	STIM=1
6976764	42	RESP=2
6987194	42	STIM=t
6990274	42	RESP=1
7003314	42	STIM=m
7008139	42	RESP=1
7021063	42	STIM=e
7025472	42	RESP=1
7036207	42	STIM=q
7042870	42	RESP=1
7051275	42	STIM=5
7055347	42	RESP=1
7068198	42	STIM=h
7072579	42	RESP=1
7084079	42	STIM=5
7087645	42	RESP=1
7099614	42	STIM=o
7104275	42	RESP=1
7116863	42	STIM=b
7122471	42	RESP=1
7133154	42	STIM=p
7139979	42	RESP=1
7151080	42	STIM=v
7155595	42	RESP=1
7169653	42	STIM=4
7176413	42	RESP=2
7187981	42	STIM=j
7192737	42	RESP=1
7204867	42	STIM=2
7209155	42	RESP=2
7221478	42	STIM=y
7226833	42	RESP=1
7240226	42	STIM=y
7242996	42	RESP=1
7255783	42	STIM=4
7260741	42	RESP=2
7274159	42	STIM=t
7278252	42	RESP=1
7290163	42	STIM=u
7294692	42	RESP=1
7306384	42	STIM=a
7312067	42	RESP=1
7322845	42	STIM=g
7330233	42	RESP=1
7341605	42	STIM=5
7345528	42	RESP=2
7358580	42	STIM=t
7363555	42	RESP=1
7377170	42	STIM=p
7381922	42	RESP=1
7393697	42	STIM=8
7398760	42	RESP=1
7412123	42	STIM=h
7415058	42	RESP=1
7428209	42	STIM=k
7435602	42	RESP=1
7447116	42	STIM=p
7451095	42	RESP=1
7462587	42	STIM=f
7469330	42	RESP=1
7478399	42	STIM=c
7485151	42	RESP=1
7494924	42	STIM=y
7500613	42	RESP=1
7512872	42	STIM=t
7516904	42	RESP=1
7529698	42	STIM=e
7535497	42	RESP=1
7545066	42	STIM=e
7549030	42	RESP=1
7561590	42	STIM=c
7565069	42	RESP=1
7578878	42	STIM=9
7587862	42	RESP=2
7595065	42	STIM=g
7598650	42	RESP=1
7610270	42	STIM=1
7616397	42	RESP=1
7626058	42	STIM=h
7629776	42	RESP=1
7641688	42	STIM=s
7645393	42	RESP=2
7658920	42	STIM=d
7664091	42	RESP=1
7674027	42	STIM=b
7680527	42	RESP=1
7690527	42	STIM=1
7696086	42	RESP=2
7707106	42	STIM=s
7710817	42	RESP=1
7722746	42	STIM=o
7726780	42	RESP=1
7739810	42	STIM=3
7747710	42	RESP=2
7755345	42	STIM=9
7765708	42	RESP=2
7773402	42	STIM=x
7777261	42	RESP=1
7790255	42	STIM=x
7793759	42	RESP=1
7808032	42	STIM=p
7811450	42	RESP=2
7823914	42	STIM=o
7827367	42	RESP=1
7839390	42	STIM=h
7844629	42	RESP=1
7855970	42	STIM=v
7860497	42	RESP=1
7874798	42	STIM=l
7879084	42	RESP=1
7892188	42	STIM=v
7895740	42	RESP=1
7907487	42	STIM=t
7912801	42	RESP=2
7922819	42	STIM=o
7929350	42	RESP=1
7939376	42	STIM=l
7942972	42	RESP=1
7955122	42	STIM=4
7960312	42	RESP=2
7970262	42	STIM=y
7975130	42	RESP=1
7986035	42	STIM=y
7988864	42	RESP=1
8004178	42	STIM=i
8009048	42	RESP=1
8022374	42	STIM=u
8025125	42	RESP=1
8039758	42	STIM=f
8044257	42	RESP=1
8055809	42	STIM=m
8059716	42	RESP=1
8073345	42	STIM=p
8077802	42	RESP=1
8090826	42	STIM=x
8094675	42	RESP=1
8106784	42	STIM=3
8111583	42	RESP=2
8124826	42	STIM=1
8128341	42	RESP=2
8140795	42	STIM=c
8147279	42	RESP=1
8159307	42	STIM=q
8162851	42	RESP=1
8175508	42	STIM=o
8178906	42	RESP=1
8190864	42	STIM=k
8196343	42	RESP=1
8207207	42	STIM=l
8213170	42	RESP=1
8223899	42	STIM=8
8228318	42	RESP=2
8242153	42	STIM=o
8247040	42	RESP=1
8259981	42	STIM=p
8266681	42	RESP=1
8277899	42	STIM=t
8282654	42	RESP=1
8294895	42	STIM=t
8301441	42	RESP=1
8313729	42	STIM=7
8318989	42	RESP=2
8329398	42	STIM=z
8334604	42	RESP=1
8347478	42	STIM=k
8350777	42	RESP=1
8363877	42	STIM=a
8366736	42	RESP=1
8382582	42	STIM=w
8389779	42	RESP=1
8399799	42	STIM=u
8405190	42	RESP=1
8416002	42	STIM=l
8420682	42	RESP=1
8431591	42	STIM=3
8441979	42	RESP=2
8447776	42	STIM=g
8453936	42	RESP=2
8463214	42	STIM=k
8467216	42	RESP=1
8481554	42	STIM=m
8486473	42	RESP=1
8499837	42	STIM=u
8508669	42	RESP=1
8518284	42	STIM=y
8522982	42	RESP=1
8537019	42	STIM=s
8543156	42	RESP=1
8553865	42	STIM=b
8557805	42	RESP=1
8568868	42	STIM=0
8573947	42	RESP=2
8586184	42	STIM=i
8590719	42	RESP=1
8604545	42	STIM=b
8609324	42	RESP=1
8622510	42	STIM=f
8625451	42	RESP=1
8637979	42	STIM=b
8642053	42	RESP=1
8656513	42	STIM=q
8660732	42	RESP=1
8672294	42	STIM=y
8676743	42	RESP=1
8690899	42	STIM=h
8694322	42	RESP=1
8707067	42	STIM=j
8720309	42	RESP=1
8725437	42	STIM=w
8731422	42	RESP=1
8742646	42	STIM=1
8749450	42	RESP=2
8759639	42	STIM=y
8767282	42	RESP=1
8776474	42	STIM=h
8779298	42	RESP=1
8793433	42	STIM=j
8798323	42	RESP=2
8808811	42	STIM=z
8819826	42	RESP=1
8824187	42	STIM=2
8829905	42	RESP=2
8841002	42	STIM=3
8844617	42	RESP=2
8858822	42	STIM=l
8863720	42	RESP=1
8876387	42	STIM=t
8881090	42	RESP=1
8895260	42	STIM=y
8899204	42	RESP=1
8914058	42	STIM=y
8917369	42	RESP=1
8930854	42	STIM=z
8935516	42	RESP=1
8948483	42	STIM=l
8959512	42	RESP=1
8964633	42	STIM=q
8971984	42	RESP=1
8980288	42	STIM=s
8985023	42	RESP=1
8998126	42	STIM=l
9005708	42	RESP=1
9015887	42	STIM=k
9018850	42	RESP=1
9031076	42	STIM=a
9036677	42	RESP=1
9047564	42	STIM=a
9051572	42	RESP=1
9065050	42	STIM=i
9075957	42	RESP=2
9080209	42	STIM=8
9083530	42	RESP=2
9095567	42	STIM=0
9100965	42	RESP=2
9114527	42	STIM=s
9118501	42	RESP=1
9132985	42	STIM=f
9137390	42	RESP=1
9149133	42	STIM=a
9154093	42	RESP=1
9164527	42	STIM=u
9175104	42	RESP=1
9180749	42	STIM=e
9186623	42	RESP=1
9196167	42	STIM=a
9201667	42	RESP=1
9212521	42	STIM=e
9215688	42	RESP=1
9231136	42	STIM=n
9235294	42	RESP=1
9249314	42	STIM=c
9254156	42	RESP=1
9266478	42	STIM=c
9276235	42	RESP=1
9282079	42	STIM=p
9288644	42	RESP=1
9299427	42	STIM=o
9302410	42	RESP=1
9314454	42	STIM=n
9321660	42	RESP=1
9329454	42	STIM=4
9338755	42	RESP=2
9346374	42	STIM=z
9352104	42	RESP=1
9364018	42	STIM=f
9366574	42	RESP=1
9382920	42	STIM=x
9388047	42	RESP=1
9398957	42	STIM=n
9404312	42	RESP=1
9414722	42	STIM=o
9419015	42	RESP=1
9430210	42	STIM=9
9436737	42	RESP=2
9445282	42	STIM=r
9449621	42	RESP=1
9462711	42	STIM=p
9466215	42	RESP=1
9479190	42	STIM=a
9485233	42	RESP=1
9497321	42	STIM=m
9501748	42	RESP=1
9515768	42	STIM=k
9520867	42	RESP=1
9534209	42	STIM=o
9540926	42	RESP=1
9550956	42	STIM=m
9556130	42	RESP=1
9567481	42	STIM=t
9571052	42	RESP=1
9584590	42	STIM=e
9590287	42	RESP=1
9600103	42	STIM=x
9606448	42	RESP=1
9615287	42	STIM=z
9622965	42	RESP=1
9632104	42	STIM=i
9636718	42	RESP=1
9647683	42	STIM=c
9651012	42	RESP=1
9664129	42	STIM=7
9669753	42	RESP=2
9681385	42	STIM=d
9686469	42	RESP=1
9697510	42	STIM=w
9701025	42	RESP=1
9713370	42	STIM=7
9717742	42	RESP=2
9732073	42	STIM=g
9735022	42	RESP=1
9747701	42	STIM=y
9751574	42	RESP=1
9764466	42	STIM=k
9769610	42	RESP=1
9782744	42	STIM=c
9787479	42	RESP=1
9798647	42	STIM=o
9804230	42	RESP=1
9815448	42	STIM=a
9823262	42	RESP=1
9832641	42	STIM=d
9836172	42	RESP=1
9848831	42	STIM=j
9854835	42	RESP=2
9866430	42	STIM=e
9872532	42	RESP=1
9884622	42	STIM=v
9887675	42	RESP=1
9902063	42	STIM=c
9906679	42	RESP=1
9919541	42	STIM=e
9923590	42	RESP=1
9935949	42	STIM=k
9941501	42	RESP=1
9951171	42	STIM=r
9956430	42	RESP=1
9968372	42	STIM=b
9972705	42	RESP=1
9986002	42	STIM=u
9993826	42	RESP=1
10003576	42	STIM=x
10007782	42	RESP=1
10019954	42	STIM=e
10023171	42	RESP=1
10035343	42	STIM=f
10043195	42	RESP=1
10052289	42	STIM=s
10056497	42	RESP=1
10067544	42	STIM=j
10072286	42	RESP=2
10083512	42	STIM=y
10087456	42	RESP=1
10102023	42	STIM=k
10105934	42	RESP=1
10120670	42	STIM=j
10124801	42	RESP=1
10137266	42	STIM=k
10141606	42	RESP=1
10154208	42	STIM=d
10160825	42	RESP=1
10172005	42	STIM=q
10177033	42	RESP=1
10188113	42	STIM=b
10193821	42	RESP=1
10205395	42	STIM=m
10209870	42	RESP=1
10223887	42	STIM=z
10228309	42	RESP=1
10239401	42	STIM=b
10244617	42	RESP=1
10257408	42	STIM=0
10264942	42	RESP=2
10275116	42	STIM=c
10277997	42	RESP=1
10293251	42	STIM=b
10296850	42	RESP=1
10309612	42	STIM=s
10314974	42	RESP=1
10327680	42	STIM=y
10332117	42	RESP=1
10346403	42	STIM=m
10350321	42	RESP=1
10362745	42	STIM=2
10368609	42	RESP=2
10380003	42	STIM=x
10383952	42	RESP=1
10398442	42	STIM=q
10404379	42	RESP=1
10416915	42	STIM=8
10420948	42	RESP=2
10435217	42	STIM=h
10444966	42	RESP=1
10451524	42	STIM=2
10458674	42	RESP=1
10467553	42	STIM=l
10470961	42	RESP=1
10483801	42	STIM=e
10489786	42	RESP=1
10500968	42	STIM=e
10505811	42	RESP=1
10519664	42	STIM=u
10524184	42	RESP=1
10535177	42	STIM=w
10539290	42	RESP=1
10551824	42	STIM=2
10556611	42	RESP=2
10568012	42	STIM=a
10571985	42	RESP=1
10584546	42	STIM=0
10591822	42	RESP=2
10601666	42	STIM=5
10610715	42	RESP=2
10619095	42	STIM=m
10624896	42	RESP=1
10636466	42	STIM=d
10642333	42	RESP=1
10651927	42	STIM=1
10655826	42	RESP=2
10667487	42	STIM=d
10671089	42	RESP=1
10683363	42	STIM=b
10688578	42	RESP=1
10701988	42	STIM=e
10705618	42	RESP=1
10717747	42	STIM=1
10723706	42	RESP=2
10735784	42	STIM=0
10740563	42	RESP=2
10751139	42	STIM=u
10757701	42	RESP=1
10766964	42	STIM=j
10772705	42	RESP=1
10784793	42	STIM=j
10789539	42	RESP=1
10800514	42	STIM=h
10803639	42	RESP=1
10815534	42	STIM=i
10820891	42	RESP=1
10833054	42	STIM=w
10837475	42	RESP=1
10849169	42	STIM=h
10854100	42	RESP=1
10865991	42	STIM=l
10868871	42	RESP=1
10882438	42	STIM=1
10887646	42	RESP=2
10901256	42	STIM=2
10906653	42	RESP=2
10919996	42	STIM=9
10927955	42	RESP=1
10935402	42	STIM=n
10938135	42	RESP=1
10951308	42	STIM=a
10956087	42	RESP=1
10969805	42	STIM=a
10972410	42	RESP=1
10986518	42	STIM=y
10989437	42	RESP=1
11005275	42	STIM=r
11009618	42	RESP=1
11022219	42	STIM=l
11029166	42	RESP=1
11039311	42	STIM=w
11044795	42	RESP=1
11056149	42	STIM=z
11059691	42	RESP=1
11071856	42	STIM=5
11075357	42	RESP=2
11088649	42	STIM=0
11093957	42	RESP=2
11104301	42	STIM=z
11109469	42	RESP=1
11120012	42	STIM=n
11124273	42	RESP=1
11137428	42	STIM=k
11143128	42	RESP=1
11154640	42	STIM=r
11157565	42	RESP=1
11172408	42	STIM=z
11178011	42	RESP=1
11190424	42	STIM=h
11193730	42	RESP=1
11208754	42	STIM=2
11213101	42	RESP=2
11225316	42	STIM=b
11230059	42	RESP=1
11240882	42	STIM=4
11245355	42	RESP=1
11256098	42	STIM=k
11261962	42	RESP=1
11271426	42	STIM=o
11277940	42	RESP=1
11288497	42	STIM=h
11294671	42	RESP=1
11304436	42	STIM=x
11308967	42	RESP=1
11320263	42	STIM=v
11329478	42	RESP=1
11335414	42	STIM=i
11338578	42	RESP=1
11351305	42	STIM=r
11354230	42	RESP=1
11369345	42	STIM=w
11373727	42	RESP=1
11388005	42	STIM=f
11391560	42	RESP=1
11403392	42	STIM=d
11409878	42	RESP=1
11421005	42	STIM=7
11429921	42	RESP=2
11439606	42	STIM=f
11444013	42	RESP=1
11458138	42	STIM=n
11461289	42	RESP=1
11474085	42	STIM=h
11480854	42	RESP=1
11492175	42	STIM=t
11497522	42	RESP=1
11507536	42	STIM=8
11512008	42	RESP=2
11523363	42	STIM=y
11529123	42	RESP=1
11538517	42	STIM=a
11543208	42	RESP=1
11557255	42	STIM=z
11560848	42	RESP=1
11573885	42	STIM=3
11577723	42	RESP=2
11591620	42	STIM=0
11600498	42	RESP=2
11608652	42	STIM=4
11613801	42	RESP=2
11626486	42	STIM=k
11632905	42	RESP=1
11641665	42	STIM=b
11645905	42	RESP=1
11656725	42	STIM=g
11663060	42	RESP=1
11675217	42	STIM=5
11681080	42	RESP=2
11691986	42	STIM=b
11696389	42	RESP=1
11708006	42	STIM=0
11714357	42	RESP=2
11723643	42	STIM=k
11728721	42	RESP=1
11742234	42	STIM=a
11746092	42	RESP=1
11757580	42	STIM=8
11762529	42	RESP=2
11775489	42	STIM=r
11783989	42	RESP=1
11792587	42	STIM=2
11799335	42	RESP=2
11809187	42	STIM=m
11815290	42	RESP=1
11825094	42	STIM=o
11828786	42	RESP=1
11843098	42	STIM=y
11849326	42	RESP=1
11859594	42	STIM=z
11866126	42	RESP=1
11875762	42	STIM=i
11879020	42	RESP=1
11892755	42	STIM=b
11896804	42	RESP=1
11909877	42	STIM=r
11913102	42	RESP=1
11927170	42	STIM=9
11931430	42	RESP=2
11946014	42	STIM=c
11953173	42	RESP=1
11963833	42	STIM=b
11968330	42	RESP=1
11982557	42	STIM=k
11986156	42	RESP=1
11998295	42	STIM=t
12001611	42	RESP=1
12016935	42	STIM=g
12021810	42	RESP=1
12032156	42	STIM=8
12036609	42	RESP=2
12049136	42	STIM=v
12054841	42	RESP=1
12064450	42	STIM=a
12070241	42	RESP=1
12081190	42	STIM=w
12091894	42	RESP=1
12099820	42	STIM=c
12106450	42	RESP=1
12116519	42	STIM=o
12121183	42	RESP=1
12132346	42	STIM=j
12137235	42	RESP=1
12148557	42	STIM=m
12154360	42	RESP=1
12163581	42	STIM=l
12168283	42	RESP=1
12181103	42	STIM=l
12185720	42	RESP=2
12198547	42	STIM=p
12203485	42	RESP=1
12217460	42	STIM=r
12220776	42	RESP=1
12233084	42	STIM=t
12238098	42	RESP=1
12251347	42	STIM=n
12256549	42	RESP=1
12268631	42	STIM=r
12274169	42	RESP=1
12285131	42	STIM=f
12290228	42	RESP=1
12302223	42	STIM=m
12310371	42	RESP=1
12319737	42	STIM=0
12323740	42	RESP=2
12338519	42	STIM=u
12344398	42	RESP=1
12354043	42	STIM=g
12359986	42	RESP=1
12370694	42	STIM=m
12374404	42	RESP=1
12387293	42	STIM=3
12391851	42	RESP=2
12405989	42	STIM=m
12410846	42	RESP=1
12423768	42	STIM=d
12426909	42	RESP=1
12440291	42	STIM=f
12444288	42	RESP=1
12459076	42	STIM=k
12465078	42	RESP=2
12476894	42	STIM=y
12481986	42	RESP=1
12492307	42	STIM=r
12496342	42	RESP=1
12509157	42	STIM=l
12515485	42	RESP=1
12527420	42	STIM=y
12531601	42	RESP=1
12544739	42	STIM=z
12548613	42	RESP=1
12561181	42	STIM=p
12567518	42	RESP=1
12576712	42	STIM=x
12582646	42	RESP=1
12595332	42	STIM=5
12599164	42	RESP=2
12613780	42	STIM=6
12621377	42	RESP=2
12629150	42	STIM=r
12632268	42	RESP=1
12645347	42	STIM=o
12649431	42	RESP=1
12662961	42	STIM=9
12667528	42	RESP=2
12679341	42	STIM=g
12684216	42	RESP=1
12695292	42	STIM=9
12699816	42	RESP=2
12711848	42	STIM=l
12717549	42	RESP=1
12729820	42	STIM=w
12734006	42	RESP=1
12747794	42	STIM=7
12753136	42	RESP=2
12766131	42	STIM=7
12771529	42	RESP=2
12784164	42	STIM=m
12790609	42	RESP=1
12803011	42	STIM=z
12811419	42	RESP=1
12820343	42	STIM=3
12824209	42	RESP=2
12837095	42	STIM=9
12846663	42	RESP=2
12854773	42	STIM=a
12859979	42	RESP=1
12871127	42	STIM=j
12876443	42	RESP=1
12890098	42	STIM=v
12895374	42	RESP=1
12905117	42	STIM=l
12908613	42	RESP=1
12920322	42	STIM=c
12924621	42	RESP=1
12939264	42	STIM=x
12943054	42	RESP=1
12954299	42	STIM=y
12960028	42	RESP=1
12972796	42	STIM=n
12980520	42	RESP=1
12988949	42	STIM=c
12994751	42	RESP=1
13005549	42	STIM=2
13010023	42	RESP=1
13021619	42	STIM=8
13028996	42	RESP=2
13040508	42	STIM=m
13046416	42	RESP=1
13058917	42	STIM=q
13064673	42	RESP=1
13077217	42	STIM=k
13080753	42	RESP=1
13092507	42	STIM=8
13097768	42	RESP=2
13109161	42	STIM=1
13114577	42	RESP=2
13125959	42	STIM=5
13133059	42	RESP=2
13143573	42	STIM=b
13149790	42	RESP=1
13162465	42	STIM=p
13169854	42	RESP=1
13178931	42	STIM=i
13183550	42	RESP=1
13195180	42	STIM=6
13200403	42	RESP=2
13212466	42	STIM=o
13216225	42	RESP=1
13230522	42	STIM=4
13239700	42	RESP=2
13246817	42	STIM=z
13252077	42	RESP=1
13264956	42	STIM=g
13270930	42	RESP=1
13283660	42	STIM=0
13289855	42	RESP=2
13298782	42	STIM=6
13303998	42	RESP=2
13316251	42	STIM=k
13320486	42	RESP=1
13335160	42	STIM=u
13343712	42	RESP=1
13352000	42	STIM=1
13355648	42	RESP=2
13367872	42	STIM=c
13374353	42	RESP=1
13384348	42	STIM=o
13388898	42	RESP=1
13400717	42	STIM=s
13406238	42	RESP=1
13419351	42	STIM=u
13423708	42	RESP=1
13436186	42	STIM=y
13441215	42	RESP=1
13452479	42	STIM=5
13460240	42	RESP=2
13470325	42	STIM=s
13473828	42	RESP=1
13485373	42	STIM=b
13489079	42	RESP=1
13500684	42	STIM=c
13507802	42	RESP=1
13515687	42	STIM=z
13526281	42	RESP=1
13531891	42	STIM=g
13534745	42	RESP=1
13547573	42	STIM=s
13558205	42	RESP=1
13565889	42	STIM=i
13568998	42	RESP=1
13582815	42	STIM=x
13586020	42	RESP=1
13601685	42	STIM=d
13606893	42	RESP=1
13619038	42	STIM=c
13626053	42	RESP=1
13635510	42	STIM=e
13639231	42	RESP=1
13651669	42	STIM=4
13658885	42	RESP=2
13667607	42	STIM=t
13672930	42	RESP=1
13685246	42	STIM=y
13688812	42	RESP=1
13701574	42	STIM=o
13708914	42	RESP=1
13720503	42	STIM=x
13724657	42	RESP=1
13739016	42	STIM=o
13743312	42	RESP=1
13757862	42	STIM=q
13764323	42	RESP=1
13775402	42	STIM=g
13781046	42	RESP=1
13792543	42	STIM=d
13798141	42	RESP=1
13810475	42	STIM=a
13813990	42	RESP=1
13826332	42	STIM=j
13830062	42	RESP=1
13842104	42	STIM=i
13846130	42	RESP=1
13860079	42	STIM=j
13863268	42	RESP=1
13875783	42	STIM=2
13879312	42	RESP=2
13893411	42	STIM=n
13897133	42	RESP=1
13910653	42	STIM=x
13915063	42	RESP=1
13927990	42	STIM=6
13933239	42	RESP=2
13944032	42	STIM=t
13948317	42	RESP=1
13961815	42	STIM=f
13965007	42	RESP=1
13978968	42	STIM=k
13983873	42	RESP=1
13995929	42	STIM=y
14000476	42	RESP=1
14014510	42	STIM=0
14018596	42	RESP=2
14029586	42	STIM=a
14035799	42	RESP=1
14047361	42	STIM=y
14051753	42	RESP=1
14062503	42	STIM=z
14066448	42	RESP=1
14079199	42	STIM=r
14082788	42	RESP=1
14096595	42	STIM=u
14103204	42	RESP=1
14111770	42	STIM=z
14118734	42	RESP=1
14129413	42	STIM=5
14137247	42	RESP=2
14146686	42	STIM=k
14152661	42	RESP=1
14163878	42	STIM=y
14168113	42	RESP=1
14181357	42	STIM=m
14185534	42	RESP=1
14196794	42	STIM=9
14202459	42	RESP=2
14212624	42	STIM=1
14219979	42	RESP=2
14229140	42	STIM=9
14232854	42	RESP=2
14246367	42	STIM=e
14249929	42	RESP=1
14262118	42	STIM=2
14269976	42	RESP=2
14278706	42	STIM=g
14285910	42	RESP=1
14293978	42	STIM=j
14296808	42	RESP=1
14312857	42	STIM=s
14317812	42	RESP=2
14328497	42	STIM=4
14334973	42	RESP=2
14343956	42	STIM=5
14348677	42	RESP=2
14362788	42	STIM=1
14367866	42	RESP=2
14379129	42	STIM=f
14383279	42	RESP=1
14395429	42	STIM=c
14398185	42	RESP=1
14410938	42	STIM=c
14415987	42	RESP=1
14427766	42	STIM=k
14433289	42	RESP=1
14444478	42	STIM=8
14450222	42	RESP=2
14461142	42	STIM=m
14467998	42	RESP=1
14476736	42	STIM=w
14480651	42	RESP=1
14495231	42	STIM=o
14500560	42	RESP=2
14511027	42	STIM=5
14518492	42	RESP=2
14529219	42	STIM=5
14534890	42	RESP=2
14546537	42	STIM=p
14551722	42	RESP=1
14561552	42	STIM=k
14567604	42	RESP=1
14579996	42	STIM=v
14584882	42	RESP=1
14596330	42	STIM=l
14600616	42	RESP=1
14613560	42	STIM=i
14618037	42	RESP=1
14629411	42	STIM=i
14633965	42	RESP=1
14645424	42	STIM=v
14649917	42	RESP=1
14664111	42	STIM=m
14669652	42	RESP=1
14679779	42	STIM=o
14684528	42	RESP=1
14696891	42	STIM=r
14700426	42	RESP=1
14712708	42	STIM=j
14725198	42	RESP=1
14730870	42	STIM=p
14738315	42	RESP=1
14748662	42	STIM=r
14752847	42	RESP=1
14764741	42	STIM=v
14772775	42	RESP=1
14783338	42	STIM=d
14787366	42	RESP=2
14800719	42	STIM=x
14803606	42	RESP=1
14819382	42	STIM=j
14824279	42	RESP=2
14836843	42	STIM=0
14843177	42	RESP=2
14855183	42	STIM=o
14859364	42	RESP=1
14871484	42	STIM=b
14878598	42	RESP=1
14888096	42	STIM=1
14891962	42	RESP=2
14904388	42	STIM=2
14910464	42	RESP=2
14919388	42	STIM=v
14922833	42	RESP=1
14934502	42	STIM=c
14938423	42	RESP=1
14951149	42	STIM=1
14955710	42	RESP=2
14967421	42	STIM=v
14973845	42	RESP=2
14983846	42	STIM=1
14987737	42	RESP=2
15000762	42	STIM=p
15003429	42	RESP=1
15018330	42	STIM=h
15025430	42	RESP=1
15035933	42	STIM=b
15041547	42	RESP=1
15051160	42	STIM=z
15054211	42	RESP=1
15066786	42	STIM=z
15074493	42	RESP=1
15084349	42	STIM=a
15088276	42	RESP=1
15102030	42	STIM=f
15105424	42	RESP=1
15120645	42	STIM=c
15124572	42	RESP=1
15137009	42	STIM=7
15144508	42	RESP=2
15152376	42	STIM=3
15159971	42	RESP=2
15170591	42	STIM=6
15176416	42	RESP=2
15188421	42	STIM=x
15194174	42	RESP=1
15204068	42	STIM=f
15208871	42	RESP=1
15220038	42	STIM=u
15227310	42	RESP=1
15238552	42	STIM=j
15244699	42	RESP=1
15255222	42	STIM=x
15260842	42	RESP=1
15271030	42	STIM=m
15280394	42	RESP=1
15286295	42	STIM=d
15291265	42	RESP=1
15301452	42	STIM=k
15305291	42	RESP=1
15319467	42	STIM=q
15324176	42	RESP=1
15335363	42	STIM=w
15345966	42	RESP=2
15350510	42	STIM=k
15354423	42	RESP=1
15368821	42	STIM=7
15376359	42	RESP=1
15386419	42	STIM=1
15392252	42	RESP=2
15403997	42	STIM=1
15408633	42	RESP=2
15419258	42	STIM=q
15425179	42	RESP=1
15434486	42	STIM=q
15438609	42	RESP=1
15452135	42	STIM=z
15457033	42	RESP=1
15467670	42	STIM=a
15471833	42	RESP=1
15484886	42	STIM=m
15490850	42	RESP=1
15501914	42	STIM=b
15506540	42	RESP=1
15518430	42	STIM=n
15522613	42	RESP=1
15537205	42	STIM=a
15540687	42	RESP=1
15554444	42	STIM=t
15559856	42	RESP=1
15572541	42	STIM=t
15578431	42	RESP=1
15591456	42	STIM=x
15596058	42	RESP=1
15609952	42	STIM=z
15613758	42	RESP=1
15627075	42	STIM=i
15634391	42	RESP=1
15645327	42	STIM=t
15650548	42	RESP=1
15662659	42	STIM=7
15669028	42	RESP=2
15680234	42	STIM=d
15684550	42	RESP=1
15696612	42	STIM=o
15702689	42	RESP=1
15714624	42	STIM=2
15718776	42	RESP=2
15731969	42	STIM=a
15736141	42	RESP=1
15749633	42	STIM=4
15753493	42	RESP=2
15766368	42	STIM=d
15769091	42	RESP=1
15783393	42	STIM=2
15790303	42	RESP=2
15799924	42	STIM=z
15804168	42	RESP=1
15815402	42	STIM=5
15819634	42	RESP=2
15833412	42	STIM=a
15837075	42	RESP=1
15850391	42	STIM=q
15854195	42	RESP=1
15868408	42	STIM=v
15873761	42	RESP=1
15883621	42	STIM=e
15891442	42	RESP=1
15900760	42	STIM=x
15906009	42	RESP=1
15918371	42	STIM=j
15923286	42	RESP=1
15934336	42	STIM=c
15938331	42	RESP=1
15950483	42	STIM=2
15954875	42	RESP=1
15966427	42	STIM=e
15972754	42	RESP=1
15982414	42	STIM=1
15988779	42	RESP=1
16000055	42	STIM=h
16005013	42	RESP=2
16015333	42	STIM=0
16019277	42	RESP=2
16033664	42	STIM=z
16037657	42	RESP=1
16049707	42	STIM=q
16054138	42	RESP=1
16068102	42	STIM=g
16072813	42	RESP=1
16085466	42	STIM=v
16089707	42	RESP=1
16101673	42	STIM=s
16105682	42	RESP=1
16120301	42	STIM=f
16123659	42	RESP=1
16136048	42	STIM=f
16143629	42	RESP=1
16151935	42	STIM=h
16158219	42	RESP=1
16170097	42	STIM=5
16174463	42	RESP=2
16189096	42	STIM=v
16193846	42	RESP=2
16205272	42	STIM=c
16210343	42	RESP=1
16222742	42	STIM=k
16226723	42	RESP=1
16237798	42	STIM=u
16244814	42	RESP=1
16254906	42	STIM=h
16257473	42	RESP=1
16273736	42	STIM=f
16279339	42	RESP=1
16290222	42	STIM=b
16295572	42	RESP=1
16307317	42	STIM=0
16316867	42	RESP=2
16324445	42	STIM=j
16329718	42	RESP=1
16341990	42	STIM=l
16345332	42	RESP=1
16359318	42	STIM=k
16362025	42	RESP=1
16377527	42	STIM=1
16382849	42	RESP=2
16394437	42	STIM=8
16401418	42	RESP=2
16412895	42	STIM=e
16416234	42	RESP=1
16430049	42	STIM=n
16433688	42	RESP=1
16445572	42	STIM=a
16449167	42	RESP=1
16462111	42	STIM=6
16469119	42	RESP=1
16479285	42	STIM=a
16485819	42	RESP=1
16497053	42	STIM=j
16501858	42	RESP=1
16515567	42	STIM=f
16521730	42	RESP=1
16531020	42	STIM=d
16536629	42	RESP=1
16549436	42	STIM=v
16554932	42	RESP=1
16564844	42	STIM=m
16569481	42	RESP=1
16582139	42	STIM=e
16587460	42	RESP=1
16597626	42	STIM=b
16602042	42	RESP=1
16613323	42	STIM=x
16618017	42	RESP=1
16628398	42	STIM=g
16634931	42	RESP=2
16646822	42	STIM=x
16652247	42	RESP=1
16663728	42	STIM=q
16667657	42	RESP=1
16681642	42	STIM=r
16687014	42	RESP=1
16699176	42	STIM=r
16704647	42	RESP=1
16714194	42	STIM=a
16717127	42	RESP=1
16731796	42	STIM=d
16735146	42	RESP=1
16750679	42	STIM=8
16760850	42	RESP=2
16765958	42	STIM=q
16771990	42	RESP=1
16784323	42	STIM=s
16788224	42	RESP=1
16799918	42	STIM=z
16802471	42	RESP=1
16818163	42	STIM=l
16823174	42	RESP=1
16835027	42	STIM=l
16838212	42	RESP=1
16851802	42	STIM=i
16862027	42	RESP=1
16868808	42	STIM=s
16877015	42	RESP=1
16887053	42	STIM=d
16889917	42	RESP=1
16904251	42	STIM=w
16910030	42	RESP=1
16920863	42	STIM=5
16927058	42	RESP=2
16937222	42	STIM=o
16942012	42	RESP=1
16953148	42	STIM=i
16959314	42	RESP=1
16969968	42	STIM=l
16974458	42	RESP=1
16988036	42	STIM=z
16992383	42	RESP=1
17005932	42	STIM=o
17009969	42	RESP=1
17022994	42	STIM=f
17027905	42	RESP=1
17039341	42	STIM=6
17043795	42	RESP=2
17056082	42	STIM=0
17066713	42	RESP=2
17072678	42	STIM=d
17076261	42	RESP=1
17090626	42	STIM=p
17098007	42	RESP=1
17109468	42	STIM=b
17113580	42	RESP=1
17125786	42	STIM=u
17128506	42	RESP=1
17143829	42	STIM=r
17147328	42	RESP=1
17160271	42	STIM=t
17163625	42	RESP=1
17175693	42	STIM=i
17183337	42	RESP=1
17191494	42	STIM=a
17196791	42	RESP=1
17209466	42	STIM=m
17213765	42	RESP=1
17225518	42	STIM=c
17229345	42	RESP=1
17241362	42	STIM=s
17246753	42	RESP=1
17259049	42	STIM=w
17265154	42	RESP=1
17276349	42	STIM=x
17280675	42	RESP=1
17294977	42	STIM=r
17300802	42	RESP=1
17312807	42	STIM=c
17316223	42	RESP=1
17328788	42	STIM=o
17332247	42	RESP=1
17343931	42	STIM=b
17347864	42	RESP=1
17362778	42	STIM=y
17367957	42	RESP=1
17379474	42	STIM=t
17383220	42	RESP=1
17395994	42	STIM=c
17400597	42	RESP=1
17412469	42	STIM=2
17418557	42	RESP=2
17429985	42	STIM=u
17437677	42	RESP=1
17445805	42	STIM=g
17449895	42	RESP=1
17463202	42	STIM=8
17467679	42	RESP=2
17480079	42	STIM=s
17485823	42	RESP=1
17495993	42	STIM=w
17499051	42	RESP=1
17514524	42	STIM=0
17520276	42	RESP=2
17532946	42	STIM=v
17535837	42	RESP=1
17551680	42	STIM=8
17557662	42	RESP=2
17570015	42	STIM=e
17573543	42	RESP=1
17588307	42	STIM=1
17595680	42	RESP=2
17605715	42	STIM=1
17610898	42	RESP=2
17621539	42	STIM=f
17628794	42	RESP=1
17637262	42	STIM=b
17640965	42	RESP=1
17655710	42	STIM=l
17658817	42	RESP=1
17672632	42	STIM=t
17679770	42	RESP=1
17688770	42	STIM=z
17693045	42	RESP=1
17706765	42	STIM=p
17711241	42	RESP=1
17724540	42	STIM=2
17728394	42	RESP=2
17743464	42	STIM=t
17749248	42	RESP=1
17758859	42	STIM=a
17763161	42	RESP=2
17774604	42	STIM=r
17779964	42	RESP=1
17792852	42	STIM=u
17797200	42	RESP=1
17809950	42	STIM=t
17816726	42	RESP=1
17828683	42	STIM=k
17832826	42	RESP=1
17846093	42	STIM=2
17850433	42	RESP=2
17864364	42	STIM=l
17868843	42	RESP=1
17880532	42	STIM=t
17884189	42	RESP=1
17898760	42	STIM=q
17902892	42	RESP=1
17917120	42	STIM=b
17920532	42	RESP=1
17935951	42	STIM=p
17941239	42	RESP=1
17953292	42	STIM=9
17959949	42	RESP=2
17971137	42	STIM=v
17977385	42	RESP=1
17986336	42	STIM=w
17992323	42	RESP=1
18004442	42	STIM=d
18010985	42	RESP=1
18022202	42	STIM=c
18027538	42	RESP=2
18040593	42	STIM=p
18045490	42	RESP=1
18057555	42	STIM=c
18061572	42	RESP=1
18075952	42	STIM=u
18079645	42	RESP=1
18094708	42	STIM=g
18099194	42	RESP=1
18110549	42	STIM=l
18113897	42	RESP=1
18126431	42	STIM=y
18133522	42	RESP=1
18144303	42	STIM=5
18149628	42	RESP=2
18160968	42	STIM=e
18163825	42	RESP=1
18177633	42	STIM=w
18185056	42	RESP=1
18195779	42	STIM=r
18201409	42	RESP=1
18211996	42	STIM=o
18217622	42	RESP=1
18230968	42	STIM=g
18237812	42	RESP=1
18248491	42	STIM=h
18252363	42	RESP=1
18264250	42	STIM=w
18268185	42	RESP=1
18280732	42	STIM=d
18284487	42	RESP=1
18298814	42	STIM=a
18302593	42	RESP=1
18314197	42	STIM=e
18319393	42	RESP=1
18332904	42	STIM=w
18337827	42	RESP=1
18348504	42	STIM=j
18352424	42	RESP=1
18364994	42	STIM=n
18369396	42	RESP=1
18381936	42	STIM=j
18387805	42	RESP=1
18399116	42	STIM=8
18405210	42	RESP=2
18414940	42	STIM=u
18418920	42	RESP=1
18433102	42	STIM=u
18437020	42	RESP=1
18451171	42	STIM=e
18456935	42	RESP=1
18467064	42	STIM=8
18473108	42	RESP=2
18483211	42	STIM=4
18490554	42	RESP=2
18501542	42	STIM=t
18505739	42	RESP=1
18517962	42	STIM=w
18524509	42	RESP=1
18534603	42	STIM=h
18538674	42	RESP=1
18550131	42	STIM=w
18553135	42	RESP=1
18566914	42	STIM=r
18570648	42	RESP=1
18583915	42	STIM=c
18586601	42	RESP=1
18599220	42	STIM=i
18603528	42	RESP=1
18616013	42	STIM=d
18620133	42	RESP=1
18631895	42	STIM=p
18636549	42	RESP=1
18648094	42	STIM=9
18651593	42	RESP=2
18665348	42	STIM=w
18668566	42	RESP=1
18684246	42	STIM=i
18687980	42	RESP=1
18702258	42	STIM=7
18708823	42	RESP=1
18721064	42	STIM=9
18726116	42	RESP=2
18736614	42	STIM=1
18740636	42	RESP=2
18752173	42	STIM=q
18757369	42	RESP=1
18768150	42	STIM=6
18774174	42	RESP=2
18784071	42	STIM=v
18788719	42	RESP=1
18801852	42	STIM=q
18806890	42	RESP=1
18820737	42	STIM=c
18825654	42	RESP=1
18839708	42	STIM=n
18844877	42	RESP=1
18856964	42	STIM=q
18861883	42	RESP=1
18871964	42	STIM=t
18876712	42	RESP=1
18887450	42	STIM=u
18891063	42	RESP=1
18902937	42	STIM=x
18909800	42	RESP=1
18919946	42	STIM=h
18925932	42	RESP=1
18935577	42	STIM=j
18940303	42	RESP=1
18954272	42	STIM=9
18958168	42	RESP=2
18972579	42	STIM=a
18977418	42	RESP=1
18989183	42	STIM=x
18994189	42	RESP=1
19007991	42	STIM=h
19012575	42	RESP=1
19025693	42	STIM=o
19032911	42	RESP=2
19041877	42	STIM=m
19044884	42	RESP=1
19057347	42	STIM=0
19062392	42	RESP=2
19074176	42	STIM=p
19078067	42	RESP=1
19093085	42	STIM=z
19098471	42	RESP=1
19110529	42	STIM=2
19115204	42	RESP=1
19125874	42	STIM=i
19133391	42	RESP=1
19144688	42	STIM=r
19150973	42	RESP=1
19161631	42	STIM=v
19166325	42	RESP=1
19178999	42	STIM=k
19185023	42	RESP=1
19197853	42	STIM=3
19202107	42	RESP=2
19215430	42	STIM=h
19220168	42	RESP=1
19232200	42	STIM=a
19235378	42	RESP=1
19247355	42	STIM=5
19251511	42	RESP=2
19263774	42	STIM=n
19269207	42	RESP=1
19281585	42	STIM=1
19286339	42	RESP=2
19299111	42	STIM=y
19303229	42	RESP=1
19315293	42	STIM=b
19319562	42	RESP=1
19332005	42	STIM=8
19338461	42	RESP=2
19348807	42	STIM=v
19354604	42	RESP=1
19366927	42	STIM=6
19371403	42	RESP=1
19384387	42	STIM=t
19388542	42	RESP=1
19403294	42	STIM=h
19407239	42	RESP=1
19422004	42	STIM=l
19425348	42	RESP=1
19439209	42	STIM=p
19444416	42	RESP=1
19455040	42	STIM=v
19458943	42	RESP=1
19472577	42	STIM=2
19478582	42	RESP=2
19490609	42	STIM=i
19497374	42	RESP=1
19506407	42	STIM=d
19512356	42	RESP=1
19521924	42	STIM=b
19525817	42	RESP=1
19537049	42	STIM=l
19540200	42	RESP=1
19554857	42	STIM=5
19560555	42	RESP=2
19571856	42	STIM=8
19579292	42	RESP=2
19587632	42	STIM=j
19595131	42	RESP=1
19605596	42	STIM=t
19610836	42	RESP=1
19623361	42	STIM=v
19627416	42	RESP=1
19641145	42	STIM=2
19645234	42	RESP=1
19656426	42	STIM=f
19663819	42	RESP=1
19673116	42	STIM=l
19679218	42	RESP=1
19690760	42	STIM=0
19696220	42	RESP=2
19708597	42	STIM=j
19711826	42	RESP=1
19726187	42	STIM=a
19733239	42	RESP=2
19744358	42	STIM=6
19751079	42	RESP=1
19760179	42	STIM=a
19763766	42	RESP=1
19777393	42	STIM=f
19783486	42	RESP=1
19794792	42	STIM=6
19798899	42	RESP=2
19812122	42	STIM=4
19816296	42	RESP=2
19827782	42	STIM=g
19831314	42	RESP=1
19845680	42	STIM=r
19849739	42	RESP=1
19862708	42	STIM=e
19867513	42	RESP=1
19880597	42	STIM=k
19884022	42	RESP=1
19899404	42	STIM=x
19904073	42	RESP=1
19915700	42	STIM=7
19921067	42	RESP=2
19932908	42	STIM=5
19938403	42	RESP=2
19951053	42	STIM=s
19955291	42	RESP=1
19967608	42	STIM=6
19971707	42	RESP=2
19983619	42	STIM=x
19988567	42	RESP=1
20001505	42	STIM=e
20012526	42	RESP=1
20016984	42	STIM=h
20024212	42	RESP=1
20033359	42	STIM=q
20039489	42	RESP=1
20051034	42	STIM=f
20055111	42	RESP=1
20067944	42	STIM=d
20075649	42	RESP=1
20083375	42	STIM=g
20088224	42	RESP=1
20099570	42	STIM=q
20102794	42	RESP=2
20115437	42	STIM=y
20121764	42	RESP=1
20133820	42	STIM=a
20142545	42	RESP=1
20148824	42	STIM=o
20152715	42	RESP=1
20165628	42	STIM=3
20170275	42	RESP=2
20181890	42	STIM=w
20185371	42	RESP=1
20198362	42	STIM=u
20203688	42	RESP=1
20213624	42	STIM=b
20217496	42	RESP=1
20228934	42	STIM=u
20231521	42	RESP=1
20245341	42	STIM=t
20248685	42	RESP=1
20263126	42	STIM=d
20269650	42	RESP=1
20279619	42	STIM=l
20283301	42	RESP=1
20298552	42	STIM=x
20301421	42	RESP=1
20313661	42	STIM=w
20319611	42	RESP=1
20329328	42	STIM=m
20335311	42	RESP=1
20347097	42	STIM=l
20350721	42	RESP=1
20364756	42	STIM=b
20371230	42	RESP=1
20380806	42	STIM=u
20386528	42	RESP=1
20399393	42	STIM=g
20404000	42	RESP=1
20414690	42	STIM=e
20421293	42	RESP=1
20430387	42	STIM=6
20437145	42	RESP=2
20446117	42	STIM=c
20450299	42	RESP=1
20461594	42	STIM=h
20468592	42	RESP=1
20477650	42	STIM=m
20484287	42	RESP=1
20494908	42	STIM=y
20499329	42	RESP=1
20510408	42	STIM=a
20517962	42	RESP=1
20529102	42	STIM=i
20534087	42	RESP=1
20545198	42	STIM=c
20549214	42	RESP=1
20562540	42	STIM=m
20567991	42	RESP=1
20578720	42	STIM=w
20586793	42	RESP=1
20596738	42	STIM=n
20604189	42	RESP=1
20613793	42	STIM=q
20617521	42	RESP=1
20629474	42	STIM=t
20634169	42	RESP=1
20647647	42	STIM=a
20650594	42	RESP=1
20666530	42	STIM=h
20674831	42	RESP=1
20684203	42	STIM=s
20690859	42	RESP=1
20702513	42	STIM=l
20705490	42	RESP=1
20720391	42	STIM=w
20726469	42	RESP=1
20736015	42	STIM=k
20739527	42	RESP=1
20752734	42	STIM=x
20757075	42	RESP=1
20768566	42	STIM=9
20775937	42	RESP=2
20784209	42	STIM=8
20788934	42	RESP=2
20800935	42	STIM=4
20806947	42	RESP=2
20816359	42	STIM=h
20821125	42	RESP=1
20833188	42	STIM=p
20839287	42	RESP=1
20851799	42	STIM=g
20855473	42	RESP=1
20869804	42	STIM=m
20876546	42	RESP=1
20887961	42	STIM=g
20891402	42	RESP=1
20906394	42	STIM=y
20911801	42	RESP=1
20924401	42	STIM=m
20930961	42	RESP=1
20942585	42	STIM=m
20948498	42	RESP=1
20960831	42	STIM=b
20970171	42	RESP=1
20975980	42	STIM=d
20979868	42	RESP=1
20992346	42	STIM=m
20998459	42	RESP=1
21010663	42	STIM=4
21015388	42	RESP=1
21027483	42	STIM=p
21032526	42	RESP=1
21043564	42	STIM=j
21046390	42	RESP=1
21059418	42	STIM=2
21067699	42	RESP=2
21078331	42	STIM=g
21082567	42	RESP=1
21094474	42	STIM=p
21097829	42	RESP=1
21110485	42	STIM=w
21113100	42	RESP=1
21129055	42	STIM=z
21133165	42	RESP=1
21146539	42	STIM=z
21152324	42	RESP=1
21164926	42	STIM=0
21170910	42	RESP=2
21183146	42	STIM=h
21188086	42	RESP=1
21199922	42	STIM=r
21204943	42	RESP=1
21216842	42	STIM=t
21220966	42	RESP=1
21234426	42	STIM=q
21237484	42	RESP=1
21251872	42	STIM=j
21255996	42	RESP=1
21267758	42	STIM=j
21271842	42	RESP=1
21283772	42	STIM=t
21291786	42	RESP=2
21301796	42	STIM=g
21307454	42	RESP=1
21318071	42	STIM=t
21322594	42	RESP=1
21336497	42	STIM=x
21341011	42	RESP=1
21355144	42	STIM=k
21362014	42	RESP=1
21373690	42	STIM=h
21377986	42	RESP=1
21389497	42	STIM=6
21394955	42	RESP=2
21408003	42	STIM=4
21412860	42	RESP=2
21423395	42	STIM=w
21429139	42	RESP=1
21440524	42	STIM=g
21445764	42	RESP=1
21459280	42	STIM=3
21463366	42	RESP=2
21474823	42	STIM=b
21478995	42	RESP=1
21493373	42	STIM=9
21496822	42	RESP=2
21508505	42	STIM=b
21513142	42	RESP=1
21524386	42	STIM=m
21530796	42	RESP=1
21542631	42	STIM=r
21545745	42	RESP=1
21559994	42	STIM=r
21563091	42	RESP=1
21578629	42	STIM=b
21582455	42	RESP=1
21597360	42	STIM=t
21601333	42	RESP=1
21612972	42	STIM=4
21617985	42	RESP=2
21628024	42	STIM=1
21632385	42	RESP=2
21644054	42	STIM=n
21647157	42	RESP=1
21661158	42	STIM=l
21668799	42	RESP=1
21676327	42	STIM=h
21680555	42	RESP=2
21693004	42	STIM=o
21697722	42	RESP=2
21709270	42	STIM=b
21714224	42	RESP=1
21727219	42	STIM=b
21729866	42	RESP=1
21744251	42	STIM=t
21750238	42	RESP=1
21762815	42	STIM=d
21768795	42	RESP=2
21779987	42	STIM=8
21784360	42	RESP=2
21797571	42	STIM=c
21805350	42	RESP=1
