# Original filename: 0051_ODE_2017-01-25.log
# Time unit: 100 us
# RARECAT=digit
#
# Time	HHGG	Event
30562	42	STIM=b
38260	42	RESP=1
48271	42	STIM=k
54648	42	RESP=1
65528	42	STIM=r
71147	42	RESP=1
81389	42	STIM=o
84734	42	RESP=1
98121	42	STIM=b
105310	42	RESP=1
114689	42	STIM=k
118587	42	RESP=1
130653	42	STIM=r
135930	42	RESP=2
146161	42	STIM=z
151289	42	RESP=1
161627	42	STIM=o
166651	42	RESP=1
176928	42	STIM=l
179730	42	RESP=1
193709	42	STIM=4
197835	42	RESP=2
212180	42	STIM=k
217318	42	RESP=1
230379	42	STIM=y
236321	42	RESP=1
247394	42	STIM=f
251047	42	RESP=1
262577	42	STIM=x
265608	42	RESP=1
278091	42	STIM=a
284082	42	RESP=1
295617	42	STIM=t
299613	42	RESP=1
314333	42	STIM=k
317866	42	RESP=1
331199	42	STIM=0
335489	42	RESP=2
347043	42	STIM=g
354570	42	RESP=1
363720	42	STIM=t
368131	42	RESP=1
379717	42	STIM=x
386505	42	RESP=1
395280	42	STIM=8
399541	42	RESP=2
410382	42	STIM=e
414606	42	RESP=1
426044	42	STIM=l
429253	42	RESP=1
442608	42	STIM=0
450144	42	RESP=2
458568	42	STIM=2
464163	42	RESP=2
475502	42	STIM=2
479164	42	RESP=2
491806	42	STIM=a
496730	42	RESP=1
508956	42	STIM=c
511997	42	RESP=1
524443	42	STIM=u
526902	42	RESP=1
541219	42	STIM=z
544260	42	RESP=1
558767	42	STIM=s
562145	42	RESP=1
577073	42	STIM=5
581697	42	RESP=2
594375	42	STIM=f
601040	42	RESP=1
609593	42	STIM=2
613167	42	RESP=2
627519	42	STIM=o
632324	42	RESP=1
645949	42	STIM=5
651064	42	RESP=2
660958	42	STIM=s
665788	42	RESP=1
678296	42	STIM=m
684533	42	RESP=1
696479	42	STIM=4
703960	42	RESP=2
713976	42	STIM=6
720689	42	RESP=2
732049	42	STIM=n
735685	42	RESP=1
747788	42	STIM=y
750271	42	RESP=1
763226	42	STIM=s
767722	42	RESP=1
779007	42	STIM=p
787041	42	RESP=1
796828	42	STIM=m
800777	42	RESP=1
812195	42	STIM=j
817455	42	RESP=1
829443	42	STIM=4
834974	42	RESP=2
845283	42	STIM=y
848584	42	RESP=2
864259	42	STIM=u
867153	42	RESP=1
882745	42	STIM=d
888931	42	RESP=1
899104	42	STIM=t
902293	42	RESP=1
917464	42	STIM=b
922149	42	RESP=1
936008	42	STIM=s
939177	42	RESP=1
954709	42	STIM=5
958702	42	RESP=2
970014	42	STIM=w
975734	42	RESP=1
988286	42	STIM=u
992261	42	RESP=1
1003561	42	STIM=j
1006037	42	RESP=2
1020327	42	STIM=6
1025663	42	RESP=2
1036899	42	STIM=r
1040715	42	RESP=1
1052528	42	STIM=q
1055775	42	RESP=1
1068760	42	STIM=b
1073114	42	RESP=1
1084520	42	STIM=r
1089114	42	RESP=1
1102771	42	STIM=f
1105781	42	RESP=1
1121111	42	STIM=z
1124547	42	RESP=1
1139470	42	STIM=7
1142962	42	RESP=2
1158280	42	STIM=5
1162636	42	RESP=2
1173967	42	STIM=2
1177835	42	RESP=2
1189795	42	STIM=6
1194707	42	RESP=1
1206639	42	STIM=k
1210041	42	RESP=1
1224447	42	STIM=h
1228329	42	RESP=1
1239806	42	STIM=l
1243915	42	RESP=1
1257237	42	STIM=l
1260176	42	RESP=1
1273339	42	STIM=n
1277815	42	RESP=1
1291866	42	STIM=b
1295901	42	RESP=2
1308897	42	STIM=i
1313917	42	RESP=1
1324458	42	STIM=6
1329006	42	RESP=2
1342932	42	STIM=e
1346709	42	RESP=1
1361057	42	STIM=1
1366738	42	RESP=2
1376194	42	STIM=f
1385721	42	RESP=1
1394777	42	STIM=i
1399708	42	RESP=1
1413550	42	STIM=g
1416690	42	RESP=2
1428935	42	STIM=a
1431911	42	RESP=1
1444076	42	STIM=1
1450650	42	RESP=2
1462374	42	STIM=p
1469707	42	RESP=1
1477819	42	STIM=i
1483955	42	RESP=1
1496720	42	STIM=3
1505082	42	RESP=2
1515466	42	STIM=o
1520946	42	RESP=1
1532599	42	STIM=e
1536054	42	RESP=1
1549301	42	STIM=t
1553261	42	RESP=1
1568014	42	STIM=s
1573436	42	RESP=1
1586439	42	STIM=h
1590941	42	RESP=1
1604172	42	STIM=f
1611676	42	RESP=1
1619362	42	STIM=v
1625562	42	RESP=1
1636003	42	STIM=p
1641950	42	RESP=1
1651628	42	STIM=o
1659274	42	RESP=2
1668723	42	STIM=g
1672531	42	RESP=1
1685508	42	STIM=c
1688626	42	RESP=1
1701588	42	STIM=8
1706886	42	RESP=1
1718146	42	STIM=5
1722746	42	RESP=2
1735191	42	STIM=d
1744529	42	RESP=1
1750737	42	STIM=8
1755286	42	RESP=2
1765906	42	STIM=n
1769493	42	RESP=1
1782403	42	STIM=h
1787006	42	RESP=1
1797500	42	STIM=x
1801862	42	RESP=1
1815645	42	STIM=9
1821999	42	RESP=2
1832380	42	STIM=y
1841205	42	RESP=1
1848895	42	STIM=i
1856082	42	RESP=1
1866770	42	STIM=o
1870154	42	RESP=1
1884571	42	STIM=3
1889328	42	RESP=2
1900616	42	STIM=r
1906069	42	RESP=1
1917175	42	STIM=r
1923505	42	RESP=1
1935838	42	STIM=m
1939674	42	RESP=1
1954525	42	STIM=b
1958912	42	RESP=1
1972518	42	STIM=n
1980541	42	RESP=1
1990695	42	STIM=s
1994901	42	RESP=1
2007850	42	STIM=s
2011564	42	RESP=1
2024884	42	STIM=m
2030001	42	RESP=1
2043383	42	STIM=d
2052649	42	RESP=2
2062159	42	STIM=n
2067457	42	RESP=1
2077581	42	STIM=r
2084903	42	RESP=2
2093419	42	STIM=m
2099517	42	RESP=1
2111709	42	STIM=o
2116374	42	RESP=1
2127475	42	STIM=q
2134372	42	RESP=1
2144469	42	STIM=f
2148989	42	RESP=1
2161752	42	STIM=9
2166290	42	RESP=2
2177238	42	STIM=b
2182694	42	RESP=1
2194931	42	STIM=u
2204723	42	RESP=1
2210681	42	STIM=f
2214568	42	RESP=1
2227947	42	STIM=9
2232303	42	RESP=2
2243001	42	STIM=e
2247990	42	RESP=2
2258181	42	STIM=c
2264315	42	RESP=1
2276545	42	STIM=s
2281769	42	RESP=1
2292260	42	STIM=3
2296669	42	RESP=2
2308733	42	STIM=n
2313337	42	RESP=1
2326634	42	STIM=d
2333957	42	RESP=1
2344327	42	STIM=4
2350128	42	RESP=1
2362947	42	STIM=k
2367548	42	RESP=1
2381833	42	STIM=g
2385365	42	RESP=1
2396965	42	STIM=5
2404572	42	RESP=2
2413994	42	STIM=g
2417781	42	RESP=1
2430128	42	STIM=r
2434808	42	RESP=1
2445528	42	STIM=k
2449443	42	RESP=1
2462664	42	STIM=j
2466397	42	RESP=1
2481222	42	STIM=g
2490682	42	RESP=1
2499686	42	STIM=s
2504242	42	RESP=1
2515595	42	STIM=2
2521038	42	RESP=1
2533220	42	STIM=g
2540125	42	RESP=1
2549825	42	STIM=s
2556218	42	RESP=1
2566574	42	STIM=x
2574070	42	RESP=1
2583607	42	STIM=0
2590254	42	RESP=2
2600619	42	STIM=r
2604166	42	RESP=1
2619110	42	STIM=f
2625227	42	RESP=1
2637322	42	STIM=a
2643347	42	RESP=1
2655921	42	STIM=w
2665148	42	RESP=1
2674847	42	STIM=q
2679477	42	RESP=1
2690581	42	STIM=v
2695513	42	RESP=1
2707752	42	STIM=l
2710951	42	RESP=1
2726441	42	STIM=y
2730795	42	RESP=1
2742426	42	STIM=w
2744962	42	RESP=1
2759392	42	STIM=f
2765581	42	RESP=1
2775653	42	STIM=e
2780369	42	RESP=1
2794164	42	STIM=n
2797858	42	RESP=1
2812396	42	STIM=u
2816965	42	RESP=1
2828437	42	STIM=c
2834826	42	RESP=1
2845591	42	STIM=s
2850174	42	RESP=1
2863470	42	STIM=2
2868186	42	RESP=2
2879839	42	STIM=2
2885608	42	RESP=2
2896453	42	STIM=f
2902139	42	RESP=1
2911937	42	STIM=e
2915509	42	RESP=1
2928521	42	STIM=o
2932736	42	RESP=1
2947246	42	STIM=e
2956472	42	RESP=1
2966235	42	STIM=y
2974585	42	RESP=1
2981953	42	STIM=b
2988393	42	RESP=1
2999583	42	STIM=4
3003203	42	RESP=2
3015474	42	STIM=c
3023682	42	RESP=1
3031023	42	STIM=c
3036881	42	RESP=1
3046948	42	STIM=d
3055767	42	RESP=1
3064360	42	STIM=f
3067848	42	RESP=1
3080453	42	STIM=r
3086727	42	RESP=2
3096765	42	STIM=a
3101165	42	RESP=1
3113895	42	STIM=1
3120143	42	RESP=1
3132356	42	STIM=n
3136642	42	RESP=1
3149964	42	STIM=p
3156748	42	RESP=1
3167200	42	STIM=b
3172532	42	RESP=1
3185220	42	STIM=j
3190351	42	RESP=1
3201542	42	STIM=l
3205768	42	RESP=2
3216681	42	STIM=a
3220039	42	RESP=1
3232042	42	STIM=q
3239938	42	RESP=1
3248395	42	STIM=8
3253850	42	RESP=2
3264065	42	STIM=j
3270460	42	RESP=1
3282171	42	STIM=x
3285171	42	RESP=1
3300247	42	STIM=u
3304741	42	RESP=1
3316286	42	STIM=u
3320637	42	RESP=1
3331594	42	STIM=f
3336758	42	RESP=1
3349827	42	STIM=g
3352924	42	RESP=1
3368155	42	STIM=p
3374312	42	RESP=1
3383281	42	STIM=s
3386146	42	RESP=2
3400839	42	STIM=m
3405074	42	RESP=1
3415946	42	STIM=l
3423546	42	RESP=1
3433217	42	STIM=c
3436614	42	RESP=1
3448282	42	STIM=r
3452302	42	RESP=1
3465895	42	STIM=i
3470042	42	RESP=1
3482615	42	STIM=z
3488065	42	RESP=1
3499690	42	STIM=i
3504396	42	RESP=1
3518235	42	STIM=l
3523583	42	RESP=1
3533829	42	STIM=t
3541685	42	RESP=1
3550211	42	STIM=s
3555543	42	RESP=1
3568078	42	STIM=z
3572417	42	RESP=1
3584014	42	STIM=q
3587578	42	RESP=1
3602531	42	STIM=o
3606058	42	RESP=1
3620724	42	STIM=t
3624280	42	RESP=1
3639541	42	STIM=e
3643388	42	RESP=1
3657194	42	STIM=v
3661765	42	RESP=1
3673001	42	STIM=y
3678388	42	RESP=1
3689423	42	STIM=d
3694249	42	RESP=1
3707718	42	STIM=v
3712480	42	RESP=1
3724468	42	STIM=1
3730550	42	RESP=2
3742296	42	STIM=r
3746766	42	RESP=1
3759416	42	STIM=3
3770144	42	RESP=1
3776893	42	STIM=q
3783224	42	RESP=1
3792150	42	STIM=3
3795968	42	RESP=2
3808437	42	STIM=u
3811914	42	RESP=1
3826557	42	STIM=i
3830040	42	RESP=1
3845520	42	STIM=8
3853517	42	RESP=2
3863643	42	STIM=c
3869741	42	RESP=1
3879554	42	STIM=5
3883804	42	RESP=2
3896100	42	STIM=q
3899370	42	RESP=1
3911366	42	STIM=f
3922865	42	RESP=1
3926753	42	STIM=i
3930533	42	RESP=1
3943398	42	STIM=o
3947849	42	RESP=1
3959704	42	STIM=z
3967907	42	RESP=1
3975325	42	STIM=y
3978410	42	RESP=1
3993115	42	STIM=7
3996729	42	RESP=2
4008340	42	STIM=z
4012770	42	RESP=1
4025439	42	STIM=i
4032688	42	RESP=1
4042699	42	STIM=f
4047586	42	RESP=1
4059398	42	STIM=w
4063713	42	RESP=1
4074676	42	STIM=q
4079442	42	RESP=1
4092925	42	STIM=k
4100703	42	RESP=1
4108568	42	STIM=j
4112548	42	RESP=1
4126262	42	STIM=5
4131822	42	RESP=2
4144823	42	STIM=m
4152840	42	RESP=1
4163431	42	STIM=2
4169813	42	RESP=2
4181476	42	STIM=k
4187233	42	RESP=1
4197925	42	STIM=t
4203500	42	RESP=1
4214605	42	STIM=v
4219653	42	RESP=1
4231736	42	STIM=m
4235195	42	RESP=1
4248100	42	STIM=m
4251651	42	RESP=1
4264274	42	STIM=n
4267479	42	RESP=1
4280236	42	STIM=w
4283273	42	RESP=2
4297973	42	STIM=d
4305228	42	RESP=1
4315335	42	STIM=x
4318444	42	RESP=1
4332222	42	STIM=m
4338182	42	RESP=1
4350373	42	STIM=b
4355753	42	RESP=1
4366106	42	STIM=b
4372248	42	RESP=1
4383398	42	STIM=s
4389217	42	RESP=1
4399634	42	STIM=c
4402227	42	RESP=1
4418160	42	STIM=z
4425492	42	RESP=1
4436313	42	STIM=j
4439942	42	RESP=1
4452428	42	STIM=m
4455906	42	RESP=1
4469754	42	STIM=7
4474746	42	RESP=2
4485846	42	STIM=3
4491066	42	RESP=2
4503429	42	STIM=2
4508613	42	RESP=2
4521910	42	STIM=b
4527832	42	RESP=1
4537110	42	STIM=u
4539671	42	RESP=1
4552529	42	STIM=e
4556833	42	RESP=1
4571478	42	STIM=5
4577792	42	RESP=2
4587347	42	STIM=8
4593594	42	RESP=2
4604974	42	STIM=q
4608326	42	RESP=1
4623462	42	STIM=1
4629354	42	RESP=2
4639119	42	STIM=5
4643591	42	RESP=2
4657406	42	STIM=p
4662444	42	RESP=1
4675655	42	STIM=e
4686556	42	RESP=1
4692009	42	STIM=t
4696615	42	RESP=1
4710497	42	STIM=a
4717118	42	RESP=1
4726363	42	STIM=9
4736705	42	RESP=2
4743998	42	STIM=e
4748194	42	RESP=1
4761644	42	STIM=2
4766070	42	RESP=2
4778306	42	STIM=9
4785150	42	RESP=2
4795666	42	STIM=q
4800059	42	RESP=1
4811036	42	STIM=l
4817293	42	RESP=1
4826865	42	STIM=1
4832577	42	RESP=2
4843663	42	STIM=g
4847413	42	RESP=1
4861733	42	STIM=p
4865083	42	RESP=1
4880221	42	STIM=p
4887742	42	RESP=1
4897244	42	STIM=w
4900937	42	RESP=1
4915361	42	STIM=s
4920423	42	RESP=1
4930524	42	STIM=f
4935522	42	RESP=1
4947191	42	STIM=z
4950179	42	RESP=1
4964616	42	STIM=f
4967574	42	RESP=1
4981579	42	STIM=f
4984340	42	RESP=1
5000068	42	STIM=t
5005808	42	RESP=1
5016641	42	STIM=4
5020656	42	RESP=2
5032790	42	STIM=s
5037177	42	RESP=1
5048117	42	STIM=7
5054586	42	RESP=2
5063964	42	STIM=i
5067304	42	RESP=1
5080383	42	STIM=4
5083886	42	RESP=2
5098595	42	STIM=0
5104394	42	RESP=2
5116514	42	STIM=b
5124453	42	RESP=1
5131681	42	STIM=b
5137744	42	RESP=1
5148686	42	STIM=3
5157217	42	RESP=2
5165795	42	STIM=2
5169347	42	RESP=2
5184215	42	STIM=4
5192544	42	RESP=2
5202567	42	STIM=b
5206558	42	RESP=1
5220205	42	STIM=q
5231026	42	RESP=1
5235695	42	STIM=6
5241864	42	RESP=2
5251656	42	STIM=2
5257182	42	RESP=2
5268184	42	STIM=1
5272821	42	RESP=2
5285743	42	STIM=g
5289917	42	RESP=1
5301934	42	STIM=w
5305675	42	RESP=1
5319821	42	STIM=5
5324273	42	RESP=2
5338113	42	STIM=3
5343782	42	RESP=2
5356935	42	STIM=j
5362846	42	RESP=1
5374828	42	STIM=w
5379235	42	RESP=1
5392022	42	STIM=7
5399254	42	RESP=2
5407074	42	STIM=4
5411447	42	RESP=2
5422181	42	STIM=x
5426511	42	RESP=1
5440266	42	STIM=0
5444959	42	RESP=2
5456536	42	STIM=p
5460930	42	RESP=1
5471849	42	STIM=q
5474605	42	RESP=1
5487707	42	STIM=v
5492889	42	RESP=1
5504572	42	STIM=8
5508239	42	RESP=2
5523347	42	STIM=k
5527151	42	RESP=1
5540104	42	STIM=f
5543785	42	RESP=1
5555444	42	STIM=b
5559574	42	RESP=1
5572799	42	STIM=w
5579749	42	RESP=1
5590543	42	STIM=a
5594556	42	RESP=1
5609271	42	STIM=i
5614863	42	RESP=1
5625659	42	STIM=e
5629859	42	RESP=1
5643460	42	STIM=p
5647075	42	RESP=1
5660451	42	STIM=z
5663855	42	RESP=1
5677289	42	STIM=m
5683378	42	RESP=1
5694900	42	STIM=v
5697807	42	RESP=1
5710336	42	STIM=r
5717771	42	RESP=1
5728534	42	STIM=x
5733259	42	RESP=1
5746442	42	STIM=n
5752886	42	RESP=1
5763295	42	STIM=o
5770083	42	RESP=1
5780438	42	STIM=6
5785639	42	RESP=2
5797385	42	STIM=w
5801297	42	RESP=1
5812617	42	STIM=t
5817626	42	RESP=1
5831594	42	STIM=b
5835533	42	RESP=1
5846693	42	STIM=y
5850874	42	RESP=1
5864926	42	STIM=1
5872374	42	RESP=2
5883897	42	STIM=c
5887678	42	RESP=1
5900934	42	STIM=d
5904902	42	RESP=1
5918677	42	STIM=4
5924134	42	RESP=2
5934000	42	STIM=m
5941507	42	RESP=1
5950218	42	STIM=x
5955360	42	RESP=1
5968158	42	STIM=i
5973382	42	RESP=1
5983593	42	STIM=k
5987241	42	RESP=1
6002274	42	STIM=f
6007192	42	RESP=1
6020948	42	STIM=s
6025402	42	RESP=1
6036688	42	STIM=u
6040295	42	RESP=1
6051835	42	STIM=y
6057634	42	RESP=1
6066902	42	STIM=c
6070623	42	RESP=1
6084150	42	STIM=r
6087914	42	RESP=1
6099430	42	STIM=o
6106247	42	RESP=1
6115001	42	STIM=o
6117901	42	RESP=2
6131039	42	STIM=v
6133744	42	RESP=1
6148976	42	STIM=s
6153486	42	RESP=1
6167886	42	STIM=j
6173165	42	RESP=1
6183105	42	STIM=p
6190554	42	RESP=1
6201439	42	STIM=e
6205770	42	RESP=1
6218171	42	STIM=q
6223262	42	RESP=1
6234450	42	STIM=h
6239654	42	RESP=1
6252645	42	STIM=t
6258367	42	RESP=1
6271509	42	STIM=l
6275324	42	RESP=1
6287928	42	STIM=v
6292931	42	RESP=1
6303488	42	STIM=o
6306843	42	RESP=1
6320646	42	STIM=0
6324965	42	RESP=2
6336585	42	STIM=j
6340003	42	RESP=1
6353017	42	STIM=a
6358681	42	RESP=1
6368279	42	STIM=k
6375112	42	RESP=1
6387107	42	STIM=0
6393275	42	RESP=2
6404073	42	STIM=s
6409960	42	RESP=1
6422348	42	STIM=t
6428514	42	RESP=1
6438549	42	STIM=d
6441772	42	RESP=1
6455593	42	STIM=n
6459016	42	RESP=1
6470797	42	STIM=t
6474811	42	RESP=1
6488262	42	STIM=b
6492314	42	RESP=2
6504776	42	STIM=c
6510158	42	RESP=1
6522009	42	STIM=f
6527293	42	RESP=1
6537553	42	STIM=s
6542021	42	RESP=1
6553445	42	STIM=h
6560265	42	RESP=1
6572155	42	STIM=f
6576906	42	RESP=1
6589813	42	STIM=j
6595114	42	RESP=1
6606682	42	STIM=l
6614586	42	RESP=1
6623017	42	STIM=e
6627554	42	RESP=1
6638981	42	STIM=b
6645375	42	RESP=1
6655920	42	STIM=c
6661363	42	RESP=1
6671002	42	STIM=h
6675724	42	RESP=1
6688695	42	STIM=e
6692255	42	RESP=1
6703919	42	STIM=6
6713073	42	RESP=2
6719023	42	STIM=c
6723570	42	RESP=1
6736504	42	STIM=u
6741248	42	RESP=1
6754352	42	STIM=b
6759192	42	RESP=1
6770857	42	STIM=j
6775239	42	RESP=1
6787384	42	STIM=u
6791396	42	RESP=1
6802427	42	STIM=v
6807718	42	RESP=1
6820366	42	STIM=c
6827929	42	RESP=1
6837344	42	STIM=l
6843548	42	RESP=1
6853922	42	STIM=k
6857335	42	RESP=1
6869960	42	STIM=6
6877521	42	RESP=2
6886814	42	STIM=3
6890827	42	RESP=2
6903484	42	STIM=1
6906702	42	RESP=2
6920492	42	STIM=w
6926456	42	RESP=1
6935873	42	STIM=s
6939197	42	RESP=1
6953679	42	STIM=i
6961018	42	RESP=1
6968780	42	STIM=5
6976595	42	RESP=2
6985829	42	STIM=s
6990276	42	RESP=1
7004062	42	STIM=d
7009611	42	RESP=1
7021284	42	STIM=w
7026007	42	RESP=1
7040225	42	STIM=s
7046589	42	RESP=1
7055681	42	STIM=l
7065286	42	RESP=1
7072864	42	STIM=3
7082313	42	RESP=2
7090459	42	STIM=l
7097301	42	RESP=1
7109186	42	STIM=p
7113957	42	RESP=1
7127802	42	STIM=n
7131253	42	RESP=1
7145106	42	STIM=t
7147999	42	RESP=1
7160454	42	STIM=a
7163691	42	RESP=1
7176815	42	STIM=r
7180435	42	RESP=1
7194832	42	STIM=t
7198478	42	RESP=1
7213399	42	STIM=0
7219154	42	RESP=1
7231844	42	STIM=q
7236241	42	RESP=1
7248665	42	STIM=b
7259271	42	RESP=1
7264125	42	STIM=8
7269252	42	RESP=2
7282001	42	STIM=z
7287397	42	RESP=1
7297732	42	STIM=o
7303518	42	RESP=1
7313435	42	STIM=j
7316903	42	RESP=1
7330597	42	STIM=e
7336373	42	RESP=1
7346246	42	STIM=i
7350211	42	RESP=1
7362187	42	STIM=n
7365481	42	RESP=1
7378416	42	STIM=k
7385871	42	RESP=1
7396926	42	STIM=v
7402397	42	RESP=1
7412700	42	STIM=v
7415874	42	RESP=1
7430999	42	STIM=7
7434064	42	RESP=2
7448581	42	STIM=q
7451730	42	RESP=1
7466821	42	STIM=i
7471169	42	RESP=1
7483104	42	STIM=e
7489244	42	RESP=1
7501253	42	STIM=2
7508442	42	RESP=2
7516380	42	STIM=c
7524205	42	RESP=1
7532061	42	STIM=t
7534687	42	RESP=2
7550992	42	STIM=j
7555662	42	RESP=1
7568719	42	STIM=k
7574333	42	RESP=1
7585252	42	STIM=v
7588528	42	RESP=1
7603017	42	STIM=k
7607077	42	RESP=1
7618563	42	STIM=v
7624077	42	RESP=1
7635071	42	STIM=l
7639777	42	RESP=1
7650092	42	STIM=4
7657702	42	RESP=2
7668043	42	STIM=t
7671679	42	RESP=1
7683166	42	STIM=q
7686105	42	RESP=1
7701030	42	STIM=h
7703827	42	RESP=1
7717440	42	STIM=4
7722106	42	RESP=2
7735586	42	STIM=y
7740704	42	RESP=1
7752654	42	STIM=q
7757100	42	RESP=1
7771478	42	STIM=8
7779071	42	RESP=2
7789448	42	STIM=u
7796199	42	RESP=1
7805353	42	STIM=z
7809415	42	RESP=1
7822759	42	STIM=3
7826941	42	RESP=1
7838115	42	STIM=b
7843493	42	RESP=1
7856955	42	STIM=m
7860545	42	RESP=1
7874029	42	STIM=n
7880021	42	RESP=1
7890176	42	STIM=q
7896582	42	RESP=1
7907035	42	STIM=c
7911648	42	RESP=1
7925476	42	STIM=4
7930348	42	RESP=2
7941761	42	STIM=y
7947055	42	RESP=1
7960323	42	STIM=8
7966014	42	RESP=2
7978669	42	STIM=k
7983686	42	RESP=1
7995962	42	STIM=o
8001068	42	RESP=1
8014898	42	STIM=7
8019753	42	RESP=1
8031880	42	STIM=t
8040602	42	RESP=1
8049479	42	STIM=8
8055093	42	RESP=2
8068102	42	STIM=o
8074277	42	RESP=1
8086504	42	STIM=g
8089466	42	RESP=1
8103996	42	STIM=j
8110419	42	RESP=1
8122040	42	STIM=d
8127268	42	RESP=1
8140284	42	STIM=i
8143493	42	RESP=1
8157606	42	STIM=1
8162803	42	RESP=2
8175092	42	STIM=8
8180627	42	RESP=2
8191779	42	STIM=w
8195384	42	RESP=1
8207464	42	STIM=m
8210936	42	RESP=1
8226166	42	STIM=p
8229838	42	RESP=1
8241308	42	STIM=i
8244960	42	RESP=1
8257320	42	STIM=m
8262707	42	RESP=1
8273351	42	STIM=j
8277401	42	RESP=1
8289374	42	STIM=n
8295228	42	RESP=1
8306230	42	STIM=w
8310428	42	RESP=1
8322901	42	STIM=m
8328817	42	RESP=1
8340712	42	STIM=a
8345869	42	RESP=1
8359528	42	STIM=h
8365182	42	RESP=1
8376082	42	STIM=h
8380632	42	RESP=1
8393043	42	STIM=z
8396550	42	RESP=1
8408283	42	STIM=y
8412218	42	RESP=1
8424583	42	STIM=j
8427634	42	RESP=1
8441481	42	STIM=t
8444920	42	RESP=1
8458702	42	STIM=i
8464627	42	RESP=1
8475713	42	STIM=p
8480585	42	RESP=1
8492103	42	STIM=3
8497882	42	RESP=2
8510939	42	STIM=7
8515560	42	RESP=2
8529315	42	STIM=s
8534256	42	RESP=1
8545121	42	STIM=v
8554502	42	RESP=1
8560777	42	STIM=v
8566463	42	RESP=1
8579629	42	STIM=s
8586549	42	RESP=1
8597874	42	STIM=c
8602805	42	RESP=1
8616246	42	STIM=f
8618821	42	RESP=1
8633746	42	STIM=a
8638646	42	RESP=1
8651252	42	STIM=o
8655818	42	RESP=2
8669290	42	STIM=8
8675476	42	RESP=2
8684322	42	STIM=i
8688210	42	RESP=1
8701553	42	STIM=k
8704916	42	RESP=1
8718151	42	STIM=v
8723045	42	RESP=1
8736020	42	STIM=7
8739210	42	RESP=2
8752546	42	STIM=f
8758333	42	RESP=1
8769551	42	STIM=c
8778383	42	RESP=1
8785883	42	STIM=p
8789356	42	RESP=1
8800923	42	STIM=r
8805169	42	RESP=1
8817881	42	STIM=e
8822872	42	RESP=1
8834793	42	STIM=p
8843189	42	RESP=1
8850042	42	STIM=t
8853232	42	RESP=1
8868031	42	STIM=q
8873834	42	RESP=1
8885757	42	STIM=a
8893696	42	RESP=1
8901679	42	STIM=f
8905219	42	RESP=1
8917090	42	STIM=h
8923556	42	RESP=1
8933713	42	STIM=m
8937808	42	RESP=1
8952564	42	STIM=0
8959253	42	RESP=2
8970763	42	STIM=d
8975594	42	RESP=1
8987489	42	STIM=r
8990231	42	RESP=1
9002740	42	STIM=q
9006885	42	RESP=1
9020611	42	STIM=a
9024933	42	RESP=1
9037833	42	STIM=t
9042501	42	RESP=1
9055705	42	STIM=l
9059322	42	RESP=1
9070802	42	STIM=j
9074789	42	RESP=1
9089225	42	STIM=z
9092038	42	RESP=1
9107617	42	STIM=k
9113096	42	RESP=1
9126409	42	STIM=i
9130070	42	RESP=1
9143773	42	STIM=v
9148684	42	RESP=1
9160769	42	STIM=m
9166765	42	RESP=1
9179270	42	STIM=9
9183270	42	RESP=2
9194528	42	STIM=t
9197068	42	RESP=1
9213401	42	STIM=b
9216573	42	RESP=1
9231336	42	STIM=q
9235756	42	RESP=1
9249061	42	STIM=y
9253822	42	RESP=1
9268055	42	STIM=9
9272588	42	RESP=2
9283832	42	STIM=8
9292950	42	RESP=2
9300172	42	STIM=j
9308351	42	RESP=1
9315812	42	STIM=0
9319500	42	RESP=2
9332289	42	STIM=f
9340513	42	RESP=1
9347469	42	STIM=f
9354354	42	RESP=2
9363322	42	STIM=e
9367889	42	RESP=1
9378485	42	STIM=e
9382284	42	RESP=1
9394937	42	STIM=x
9399182	42	RESP=1
9410743	42	STIM=k
9415455	42	RESP=1
9426194	42	STIM=7
9430603	42	RESP=2
9444951	42	STIM=h
9448020	42	RESP=2
9462400	42	STIM=o
9466816	42	RESP=1
9477822	42	STIM=y
9481177	42	RESP=1
9495206	42	STIM=b
9500803	42	RESP=1
9511975	42	STIM=2
9516598	42	RESP=2
9528572	42	STIM=2
9532850	42	RESP=2
9546817	42	STIM=j
9549781	42	RESP=1
9563169	42	STIM=m
9566583	42	RESP=1
9579915	42	STIM=l
9586146	42	RESP=1
9598565	42	STIM=l
9604625	42	RESP=1
9613825	42	STIM=x
9619355	42	RESP=1
9631986	42	STIM=m
9635699	42	RESP=1
9649930	42	STIM=k
9657416	42	RESP=1
9668173	42	STIM=s
9673096	42	RESP=1
9686658	42	STIM=v
9692393	42	RESP=1
9703035	42	STIM=5
9708708	42	RESP=2
9720539	42	STIM=g
9726531	42	RESP=1
9738228	42	STIM=s
9742010	42	RESP=1
9754525	42	STIM=9
9759899	42	RESP=2
9772980	42	STIM=s
9778531	42	RESP=1
9789893	42	STIM=2
9796891	42	RESP=2
9807643	42	STIM=s
9811324	42	RESP=1
9824589	42	STIM=8
9837753	42	RESP=2
9839700	42	STIM=w
9849637	42	RESP=1
9857509	42	STIM=x
9867763	42	RESP=1
9873422	42	STIM=p
9876912	42	RESP=2
9890224	42	STIM=m
9893353	42	RESP=1
9905403	42	STIM=u
9909830	42	RESP=1
9921264	42	STIM=v
9925533	42	RESP=1
9937025	42	STIM=t
9941130	42	RESP=1
9953991	42	STIM=c
9958628	42	RESP=1
9969275	42	STIM=t
9972773	42	RESP=1
9986099	42	STIM=u
9990440	42	RESP=1
10003623	42	STIM=q
10008235	42	RESP=1
10019429	42	STIM=1
10026240	42	RESP=2
10034966	42	STIM=s
10041499	42	RESP=1
10051130	42	STIM=k
10055271	42	RESP=1
10069299	42	STIM=q
10072433	42	RESP=1
10088160	42	STIM=f
10092173	42	RESP=1
10103244	42	STIM=a
10107876	42	RESP=1
10119113	42	STIM=a
10124912	42	RESP=1
10134844	42	STIM=8
10143059	42	RESP=2
10150628	42	STIM=a
10155047	42	RESP=1
10169267	42	STIM=n
10172176	42	RESP=1
10186891	42	STIM=a
10191530	42	RESP=2
10203032	42	STIM=l
10208853	42	RESP=1
10222002	42	STIM=c
10225489	42	RESP=1
10237103	42	STIM=e
10241422	42	RESP=1
10255970	42	STIM=c
10259607	42	RESP=1
10273880	42	STIM=l
10278040	42	RESP=1
10289804	42	STIM=l
10293107	42	RESP=1
10307289	42	STIM=v
10313318	42	RESP=1
10324843	42	STIM=l
10329456	42	RESP=1
10342358	42	STIM=j
10345527	42	RESP=1
10360671	42	STIM=0
10364829	42	RESP=2
10379583	42	STIM=q
10382222	42	RESP=1
10397759	42	STIM=h
10402049	42	RESP=1
10416210	42	STIM=d
10421102	42	RESP=1
10434197	42	STIM=g
10439218	42	RESP=2
10451519	42	STIM=f
10454611	42	RESP=1
10468831	42	STIM=1
10474319	42	RESP=2
10486538	42	STIM=1
10493946	42	RESP=1
10502995	42	STIM=t
10511476	42	RESP=1
10520354	42	STIM=q
10526611	42	RESP=1
10536577	42	STIM=a
10539746	42	RESP=1
10552862	42	STIM=w
10561231	42	RESP=2
10569039	42	STIM=z
10573935	42	RESP=1
10585070	42	STIM=r
10590108	42	RESP=1
10602009	42	STIM=t
10606401	42	RESP=1
10620449	42	STIM=u
10626040	42	RESP=1
10638452	42	STIM=e
10643773	42	RESP=1
10653819	42	STIM=c
10662217	42	RESP=1
10672202	42	STIM=s
10675375	42	RESP=1
10687808	42	STIM=1
10694455	42	RESP=2
10704795	42	STIM=v
10707593	42	RESP=1
10723512	42	STIM=g
10727740	42	RESP=1
10742498	42	STIM=n
10746678	42	RESP=1
10758634	42	STIM=t
10763256	42	RESP=1
10775987	42	STIM=j
10780917	42	RESP=1
10792090	42	STIM=b
10797385	42	RESP=1
10810970	42	STIM=q
10814791	42	RESP=1
10828260	42	STIM=l
10833074	42	RESP=1
10844367	42	STIM=8
10848152	42	RESP=1
10860259	42	STIM=p
10865384	42	RESP=1
10878186	42	STIM=u
10883676	42	RESP=1
10896150	42	STIM=h
10901843	42	RESP=1
10914825	42	STIM=g
10918873	42	RESP=1
10931756	42	STIM=e
10935805	42	RESP=1
10947521	42	STIM=t
10950427	42	RESP=1
10965817	42	STIM=p
10973579	42	RESP=1
10981373	42	STIM=k
10989236	42	RESP=1
10998393	42	STIM=r
11001781	42	RESP=1
11017047	42	STIM=t
11019826	42	RESP=1
11033475	42	STIM=r
11038919	42	RESP=1
11051376	42	STIM=h
11055035	42	RESP=1
11068401	42	STIM=k
11071735	42	RESP=1
11086916	42	STIM=j
11089357	42	RESP=1
11104317	42	STIM=x
11108593	42	RESP=1
11121485	42	STIM=h
11125013	42	RESP=1
11139035	42	STIM=9
11146635	42	RESP=2
11157990	42	STIM=x
11161063	42	RESP=1
11176242	42	STIM=r
11180632	42	RESP=1
11194640	42	STIM=d
11198546	42	RESP=1
11210104	42	STIM=v
11214627	42	RESP=1
11226956	42	STIM=n
11230181	42	RESP=1
11242619	42	STIM=0
11246854	42	RESP=2
11259663	42	STIM=l
11264660	42	RESP=1
11276387	42	STIM=z
11281485	42	RESP=1
11294586	42	STIM=g
11298135	42	RESP=1
11312051	42	STIM=f
11315973	42	RESP=1
11330308	42	STIM=p
11334951	42	RESP=1
11349139	42	STIM=k
11352203	42	RESP=1
11365355	42	STIM=g
11369751	42	RESP=1
11382151	42	STIM=p
11385393	42	RESP=1
11401051	42	STIM=a
11404702	42	RESP=1
11419632	42	STIM=9
11426244	42	RESP=2
11434917	42	STIM=o
11442557	42	RESP=1
11452027	42	STIM=6
11456375	42	RESP=2
11470963	42	STIM=t
11473616	42	RESP=1
11487345	42	STIM=z
11491913	42	RESP=1
11502503	42	STIM=t
11507491	42	RESP=1
11520695	42	STIM=4
11526757	42	RESP=2
11537349	42	STIM=m
11540875	42	RESP=1
11554753	42	STIM=s
11557542	42	RESP=1
11573556	42	STIM=a
11581076	42	RESP=1
11589640	42	STIM=o
11594206	42	RESP=1
11606766	42	STIM=o
11609629	42	RESP=1
11623794	42	STIM=f
11628982	42	RESP=1
11640716	42	STIM=q
11644334	42	RESP=1
11657293	42	STIM=m
11660613	42	RESP=1
11674558	42	STIM=0
11681041	42	RESP=1
11693044	42	STIM=f
11697201	42	RESP=1
11711124	42	STIM=e
11717672	42	RESP=1
11729880	42	STIM=y
11734923	42	RESP=1
11748874	42	STIM=c
11754306	42	RESP=1
11766106	42	STIM=o
11769274	42	RESP=1
11782351	42	STIM=a
11787172	42	RESP=1
11799534	42	STIM=w
11802893	42	RESP=1
11818464	42	STIM=y
11822243	42	RESP=1
11837266	42	STIM=r
11840547	42	RESP=1
11853958	42	STIM=6
11858019	42	RESP=2
11872036	42	STIM=u
11877096	42	RESP=1
11890308	42	STIM=g
11894424	42	RESP=1
11908963	42	STIM=g
11912708	42	RESP=1
11924823	42	STIM=g
11929322	42	RESP=1
11943211	42	STIM=l
11948170	42	RESP=1
11960063	42	STIM=d
11967528	42	RESP=1
11977433	42	STIM=x
11984212	42	RESP=1
11995855	42	STIM=t
11999574	42	RESP=1
12012156	42	STIM=j
12015123	42	RESP=1
12029227	42	STIM=b
12034173	42	RESP=1
12046532	42	STIM=3
12051408	42	RESP=2
12061605	42	STIM=t
12066433	42	RESP=1
12076657	42	STIM=c
12080809	42	RESP=1
12095036	42	STIM=i
12100304	42	RESP=1
12111477	42	STIM=8
12114942	42	RESP=2
12127224	42	STIM=p
12133153	42	RESP=1
12142690	42	STIM=p
12146708	42	RESP=1
12158432	42	STIM=b
12162769	42	RESP=1
12174121	42	STIM=z
12180464	42	RESP=1
12192300	42	STIM=a
12195992	42	RESP=1
12210997	42	STIM=c
12213906	42	RESP=1
12226971	42	STIM=z
12230249	42	RESP=1
12242392	42	STIM=s
12247809	42	RESP=1
12260003	42	STIM=y
12266314	42	RESP=1
12278667	42	STIM=n
12286513	42	RESP=1
12296244	42	STIM=r
12299691	42	RESP=1
12313254	42	STIM=5
12318912	42	RESP=1
12329896	42	STIM=8
12335796	42	RESP=2
12347830	42	STIM=v
12350874	42	RESP=1
12363208	42	STIM=l
12365973	42	RESP=1
12379102	42	STIM=n
12387565	42	RESP=1
12394689	42	STIM=s
12398510	42	RESP=1
12411633	42	STIM=9
12416713	42	RESP=2
12428212	42	STIM=f
12431562	42	RESP=1
12446687	42	STIM=f
12450867	42	RESP=1
12464433	42	STIM=l
12467610	42	RESP=1
12480673	42	STIM=y
12483781	42	RESP=1
12496640	42	STIM=u
12506332	42	RESP=1
12513909	42	STIM=m
12517652	42	RESP=1
12530317	42	STIM=y
12534097	42	RESP=1
12546563	42	STIM=d
12554580	42	RESP=1
12565114	42	STIM=1
12569609	42	RESP=2
12582951	42	STIM=0
12587301	42	RESP=2
12598525	42	STIM=m
12605521	42	RESP=1
12614249	42	STIM=l
12622062	42	RESP=1
12630047	42	STIM=w
12638650	42	RESP=1
12648250	42	STIM=m
12651232	42	RESP=1
12666583	42	STIM=8
12673339	42	RESP=2
12682627	42	STIM=r
12689367	42	RESP=1
12698907	42	STIM=r
12704063	42	RESP=1
12717020	42	STIM=j
12725784	42	RESP=1
12735479	42	STIM=6
12739932	42	RESP=2
12752701	42	STIM=m
12757847	42	RESP=2
12771297	42	STIM=r
12776488	42	RESP=2
12786622	42	STIM=d
12791094	42	RESP=1
12804473	42	STIM=8
12811253	42	RESP=2
12822378	42	STIM=n
12825979	42	RESP=1
12841310	42	STIM=7
12847107	42	RESP=2
12859179	42	STIM=f
12864584	42	RESP=1
12877531	42	STIM=c
12890248	42	RESP=2
12894064	42	STIM=5
12904226	42	RESP=2
12911094	42	STIM=9
12918346	42	RESP=2
12927438	42	STIM=w
12930169	42	RESP=1
12945731	42	STIM=b
12949626	42	RESP=1
12961179	42	STIM=7
12965718	42	RESP=2
12978553	42	STIM=m
12982652	42	RESP=1
12997282	42	STIM=c
13002566	42	RESP=1
13015812	42	STIM=p
13019064	42	RESP=1
13033097	42	STIM=4
13037681	42	RESP=2
13050178	42	STIM=t
13053103	42	RESP=1
13068882	42	STIM=3
13073329	42	RESP=2
13085274	42	STIM=d
13087929	42	RESP=1
13103850	42	STIM=w
13107657	42	RESP=1
13119025	42	STIM=4
13124970	42	RESP=2
13137300	42	STIM=5
13144394	42	RESP=2
13155559	42	STIM=4
13161302	42	RESP=2
13173968	42	STIM=j
13178475	42	RESP=1
13190752	42	STIM=a
13198503	42	RESP=1
13209028	42	STIM=r
13215562	42	RESP=1
13224065	42	STIM=2
13228571	42	RESP=2
13242010	42	STIM=c
13250481	42	RESP=1
13259642	42	STIM=6
13265203	42	RESP=2
13276269	42	STIM=0
13281063	42	RESP=1
13292781	42	STIM=q
13295265	42	RESP=1
13308878	42	STIM=a
13315163	42	RESP=1
13326295	42	STIM=c
13332236	42	RESP=1
13342729	42	STIM=1
13348228	42	RESP=2
13358551	42	STIM=9
13362266	42	RESP=1
13376978	42	STIM=m
13383071	42	RESP=1
13394518	42	STIM=s
13400830	42	RESP=1
13409656	42	STIM=g
13414877	42	RESP=1
13425418	42	STIM=p
13429596	42	RESP=1
13442981	42	STIM=y
13446129	42	RESP=1
13458785	42	STIM=m
13464494	42	RESP=1
13473933	42	STIM=u
13480175	42	RESP=1
13489543	42	STIM=1
13494824	42	RESP=2
13507334	42	STIM=k
13510702	42	RESP=1
13525391	42	STIM=y
13530890	42	RESP=1
13540760	42	STIM=i
13543710	42	RESP=1
13557713	42	STIM=7
13562489	42	RESP=2
13573322	42	STIM=j
13579549	42	RESP=1
13589820	42	STIM=k
13594258	42	RESP=1
13607450	42	STIM=o
13611313	42	RESP=1
13622678	42	STIM=7
13627372	42	RESP=2
13639248	42	STIM=1
13643357	42	RESP=2
13655762	42	STIM=l
13660133	42	RESP=1
13674380	42	STIM=s
13678534	42	RESP=1
13692240	42	STIM=v
13697439	42	RESP=1
13710216	42	STIM=y
13713479	42	RESP=1
13727055	42	STIM=w
13730025	42	RESP=1
13743659	42	STIM=p
13748240	42	RESP=1
13761829	42	STIM=i
13768557	42	RESP=1
13779637	42	STIM=c
13782995	42	RESP=1
13796262	42	STIM=4
13801210	42	RESP=2
13811630	42	STIM=x
13814554	42	RESP=1
13830206	42	STIM=f
13834395	42	RESP=1
13847851	42	STIM=5
13853336	42	RESP=2
13864862	42	STIM=c
13869944	42	RESP=1
13882730	42	STIM=a
13887216	42	RESP=1
13899551	42	STIM=2
13904426	42	RESP=2
13915457	42	STIM=h
13918623	42	RESP=1
13931440	42	STIM=f
13934613	42	RESP=1
13948389	42	STIM=p
13953281	42	RESP=1
13967014	42	STIM=b
13971411	42	RESP=1
13984325	42	STIM=i
13988469	42	RESP=1
13999487	42	STIM=e
14006181	42	RESP=1
14017681	42	STIM=d
14022495	42	RESP=1
14033815	42	STIM=e
14037419	42	RESP=1
14050851	42	STIM=l
14056473	42	RESP=1
14067812	42	STIM=z
14072549	42	RESP=1
14086571	42	STIM=g
14089422	42	RESP=1
14102440	42	STIM=e
14106445	42	RESP=1
14120895	42	STIM=1
14130417	42	RESP=2
14136201	42	STIM=z
14140940	42	RESP=1
14151539	42	STIM=f
14155015	42	RESP=1
14168611	42	STIM=8
14173117	42	RESP=2
14186094	42	STIM=0
14190469	42	RESP=2
14202684	42	STIM=1
14208044	42	RESP=2
14220559	42	STIM=b
14229453	42	RESP=1
14237068	42	STIM=i
14242084	42	RESP=1
14252351	42	STIM=e
14259882	42	RESP=1
14271118	42	STIM=t
14280553	42	RESP=1
14287659	42	STIM=2
14295086	42	RESP=2
14304756	42	STIM=y
14312736	42	RESP=1
14322402	42	STIM=r
14326044	42	RESP=1
14337747	42	STIM=u
14344636	42	RESP=1
14353131	42	STIM=w
14359394	42	RESP=1
14369619	42	STIM=u
14375637	42	RESP=1
14385693	42	STIM=k
14393182	42	RESP=1
14403727	42	STIM=i
14414150	42	RESP=1
14420785	42	STIM=z
14423985	42	RESP=1
14438089	42	STIM=5
14444561	42	RESP=2
14453871	42	STIM=j
14458460	42	RESP=1
14471807	42	STIM=o
14486075	42	RESP=1
14487150	42	STIM=l
14502376	42	RESP=1
14504655	42	STIM=i
14509659	42	RESP=1
14521586	42	STIM=e
14526112	42	RESP=1
14540122	42	STIM=p
14545107	42	RESP=1
14557517	42	STIM=c
14560602	42	RESP=1
14575415	42	STIM=a
14581979	42	RESP=1
14591527	42	STIM=h
14598318	42	RESP=1
14607310	42	STIM=h
14610850	42	RESP=1
14622532	42	STIM=v
14627452	42	RESP=1
14637849	42	STIM=g
14641675	42	RESP=1
14656130	42	STIM=g
14660126	42	RESP=1
14673265	42	STIM=v
14677409	42	RESP=1
14691050	42	STIM=z
14693680	42	RESP=1
14708241	42	STIM=g
14712109	42	RESP=1
14724091	42	STIM=p
14727867	42	RESP=1
14740434	42	STIM=v
14745165	42	RESP=1
14757500	42	STIM=s
14762091	42	RESP=1
14773345	42	STIM=g
14778007	42	RESP=1
14789140	42	STIM=i
14794407	42	RESP=1
14806871	42	STIM=s
14810640	42	RESP=1
14823518	42	STIM=w
14827202	42	RESP=1
14841861	42	STIM=m
14846446	42	RESP=1
14857437	42	STIM=r
14862701	42	RESP=1
14873059	42	STIM=m
14877049	42	RESP=1
14891564	42	STIM=k
14902683	42	RESP=1
14908609	42	STIM=q
14913307	42	RESP=1
14925075	42	STIM=h
14931779	42	RESP=1
14942374	42	STIM=z
14945612	42	RESP=1
14961143	42	STIM=c
14966225	42	RESP=1
14979745	42	STIM=9
14985401	42	RESP=2
14996545	42	STIM=e
15001230	42	RESP=1
15011987	42	STIM=z
15017128	42	RESP=1
15029952	42	STIM=h
15033246	42	RESP=1
15047024	42	STIM=t
15051237	42	RESP=1
15065397	42	STIM=q
15072622	42	RESP=1
15082553	42	STIM=y
15090676	42	RESP=1
15098439	42	STIM=h
15102589	42	RESP=1
15116725	42	STIM=k
15121692	42	RESP=1
15132763	42	STIM=g
15138215	42	RESP=1
15148325	42	STIM=c
15152394	42	RESP=1
15165279	42	STIM=4
15168723	42	RESP=2
15182805	42	STIM=e
15186701	42	RESP=1
15198243	42	STIM=a
15203859	42	RESP=1
15214685	42	STIM=q
15221192	42	RESP=1
15229816	42	STIM=s
15240359	42	RESP=1
15248572	42	STIM=1
15260943	42	RESP=2
15265009	42	STIM=8
15269667	42	RESP=1
15280501	42	STIM=1
15286865	42	RESP=2
15298708	42	STIM=l
15304009	42	RESP=1
15317422	42	STIM=f
15321834	42	RESP=1
15336171	42	STIM=5
15341598	42	RESP=1
15354563	42	STIM=h
15358044	42	RESP=1
15370791	42	STIM=y
15377119	42	RESP=1
15387758	42	STIM=z
15392314	42	RESP=1
15404934	42	STIM=r
15410991	42	RESP=1
15422589	42	STIM=x
15425890	42	RESP=1
15439003	42	STIM=h
15443342	42	RESP=1
15454023	42	STIM=k
15459778	42	RESP=1
15469718	42	STIM=g
15472990	42	RESP=1
15486428	42	STIM=z
15490106	42	RESP=1
15502722	42	STIM=f
15506359	42	RESP=1
15518248	42	STIM=2
15523463	42	RESP=2
15537226	42	STIM=q
15543225	42	RESP=1
15553100	42	STIM=j
15556405	42	RESP=1
15569273	42	STIM=b
15574446	42	RESP=1
15586419	42	STIM=c
15590689	42	RESP=1
15604240	42	STIM=x
15609111	42	RESP=1
15620174	42	STIM=y
15624590	42	RESP=1
15636946	42	STIM=6
15646978	42	RESP=2
15652164	42	STIM=g
15657454	42	RESP=1
15669568	42	STIM=b
15674074	42	RESP=1
15684837	42	STIM=c
15692758	42	RESP=1
15702357	42	STIM=b
15707924	42	RESP=1
15718726	42	STIM=9
15726757	42	RESP=2
15736201	42	STIM=5
15744255	42	RESP=2
15754546	42	STIM=7
15758042	42	RESP=1
15771054	42	STIM=q
15778712	42	RESP=1
15787129	42	STIM=r
15791277	42	RESP=1
15805108	42	STIM=x
15809725	42	RESP=1
15823248	42	STIM=z
15828200	42	RESP=1
15841937	42	STIM=n
15846138	42	RESP=1
15856990	42	STIM=n
15860732	42	RESP=1
15873771	42	STIM=t
15877619	42	RESP=1
15889446	42	STIM=u
15893051	42	RESP=1
15907327	42	STIM=s
15911558	42	RESP=1
15926122	42	STIM=m
15935527	42	RESP=1
15942365	42	STIM=a
15946119	42	RESP=1
15958472	42	STIM=x
15962349	42	RESP=1
15976401	42	STIM=i
15979091	42	RESP=1
15995375	42	STIM=m
15998013	42	RESP=1
16013968	42	STIM=m
16017890	42	RESP=1
16030126	42	STIM=w
16034825	42	RESP=1
16048360	42	STIM=8
16052513	42	RESP=2
16064637	42	STIM=j
16070381	42	RESP=2
16081152	42	STIM=t
16085720	42	RESP=1
16098407	42	STIM=w
16103601	42	RESP=1
16115407	42	STIM=d
16122520	42	RESP=1
16133203	42	STIM=s
16136732	42	RESP=1
16149390	42	STIM=x
16154307	42	RESP=1
16165249	42	STIM=e
16169473	42	RESP=1
16184092	42	STIM=t
16189915	42	RESP=1
16199236	42	STIM=1
16208182	42	RESP=2
16216709	42	STIM=9
16221246	42	RESP=2
16234796	42	STIM=5
16238778	42	RESP=2
16250487	42	STIM=8
16259150	42	RESP=2
16266997	42	STIM=g
16270611	42	RESP=1
16282082	42	STIM=i
16288031	42	RESP=1
16297904	42	STIM=a
16304338	42	RESP=1
16313746	42	STIM=l
16318495	42	RESP=1
16332274	42	STIM=k
16336162	42	RESP=1
16351062	42	STIM=q
16356546	42	RESP=1
16368908	42	STIM=r
16372831	42	RESP=1
16385492	42	STIM=j
16389785	42	RESP=1
16401959	42	STIM=j
16408087	42	RESP=1
16418783	42	STIM=5
16422709	42	RESP=2
16436012	42	STIM=m
16438895	42	RESP=1
16452744	42	STIM=s
16456425	42	RESP=1
16469217	42	STIM=m
16471845	42	RESP=1
16486301	42	STIM=8
16491935	42	RESP=2
16502185	42	STIM=r
16508754	42	RESP=1
16519479	42	STIM=s
16525034	42	RESP=1
16535171	42	STIM=t
16542701	42	RESP=1
16552576	42	STIM=s
16556092	42	RESP=1
16568413	42	STIM=s
16577165	42	RESP=1
16584067	42	STIM=c
16588806	42	RESP=1
16601811	42	STIM=d
16609474	42	RESP=1
16620394	42	STIM=n
16628079	42	RESP=1
16636043	42	STIM=r
16639948	42	RESP=1
16653692	42	STIM=r
16656565	42	RESP=1
16670201	42	STIM=y
16674516	42	RESP=1
16686528	42	STIM=9
16690723	42	RESP=2
16701621	42	STIM=8
16708172	42	RESP=2
16719588	42	STIM=r
16724106	42	RESP=1
16735980	42	STIM=d
16742662	42	RESP=1
16752753	42	STIM=0
16757097	42	RESP=2
16770551	42	STIM=j
16774701	42	RESP=1
16789458	42	STIM=u
16793894	42	RESP=1
16806142	42	STIM=0
16811859	42	RESP=1
16823382	42	STIM=8
16827589	42	RESP=1
16840560	42	STIM=w
16847013	42	RESP=1
16856425	42	STIM=y
16860920	42	RESP=1
16872043	42	STIM=0
16876397	42	RESP=2
16890576	42	STIM=o
16894888	42	RESP=1
16909079	42	STIM=y
16913667	42	RESP=1
16926905	42	STIM=q
16933077	42	RESP=1
16943455	42	STIM=s
16946786	42	RESP=1
16960050	42	STIM=x
16966791	42	RESP=1
16978518	42	STIM=s
16983085	42	RESP=1
16996449	42	STIM=q
17003379	42	RESP=1
17014395	42	STIM=q
17018987	42	RESP=1
17031890	42	STIM=m
17039961	42	RESP=1
17048075	42	STIM=x
17054498	42	RESP=1
17066201	42	STIM=w
17072754	42	RESP=1
17083809	42	STIM=u
17088878	42	RESP=1
17099876	42	STIM=1
17104203	42	RESP=2
17116148	42	STIM=o
17119125	42	RESP=1
17131716	42	STIM=c
17138347	42	RESP=1
17148083	42	STIM=x
17153481	42	RESP=1
17166720	42	STIM=5
17173660	42	RESP=2
17182427	42	STIM=y
17187229	42	RESP=1
17199900	42	STIM=7
17205892	42	RESP=2
17217989	42	STIM=e
17222601	42	RESP=1
17235790	42	STIM=m
17239428	42	RESP=1
17251402	42	STIM=f
17256589	42	RESP=1
17268670	42	STIM=y
17272271	42	RESP=1
17286852	42	STIM=3
17291372	42	RESP=2
17302291	42	STIM=l
17306445	42	RESP=1
17320273	42	STIM=3
17324436	42	RESP=2
17335501	42	STIM=t
17340037	42	RESP=1
17352413	42	STIM=e
17355301	42	RESP=2
17368525	42	STIM=r
17373178	42	RESP=1
17387392	42	STIM=8
17395527	42	RESP=2
17404350	42	STIM=j
17410888	42	RESP=1
17420890	42	STIM=u
17426340	42	RESP=1
17436539	42	STIM=e
17439312	42	RESP=1
17453268	42	STIM=k
17457580	42	RESP=1
17469083	42	STIM=s
17474528	42	RESP=1
17486696	42	STIM=i
17492068	42	RESP=1
17501932	42	STIM=6
17506298	42	RESP=2
17519821	42	STIM=s
17525031	42	RESP=1
17536555	42	STIM=j
17540569	42	RESP=1
17553912	42	STIM=s
17560756	42	RESP=1
17569812	42	STIM=d
17577307	42	RESP=1
17584838	42	STIM=a
17590257	42	RESP=1
17599901	42	STIM=r
17605425	42	RESP=1
17616155	42	STIM=d
17619333	42	RESP=1
17633077	42	STIM=e
17636975	42	RESP=1
17650313	42	STIM=j
17655880	42	RESP=1
17667216	42	STIM=h
17672753	42	RESP=1
17685184	42	STIM=h
17692965	42	RESP=1
17701163	42	STIM=8
17704267	42	RESP=2
17720051	42	STIM=o
17723597	42	RESP=1
17735473	42	STIM=a
17738267	42	RESP=1
17753182	42	STIM=i
17759513	42	RESP=1
17768829	42	STIM=1
17773698	42	RESP=2
17785187	42	STIM=h
17789960	42	RESP=1
17804125	42	STIM=5
17810533	42	RESP=2
17821451	42	STIM=i
17825247	42	RESP=1
17837820	42	STIM=u
17843615	42	RESP=1
17856673	42	STIM=o
17862193	42	RESP=1
17871818	42	STIM=6
17878497	42	RESP=2
17890330	42	STIM=4
17897518	42	RESP=2
17907628	42	STIM=e
17914088	42	RESP=1
17926557	42	STIM=y
17930339	42	RESP=1
17942494	42	STIM=w
17951027	42	RESP=1
17959165	42	STIM=l
17963504	42	RESP=1
17976001	42	STIM=b
17982984	42	RESP=1
17994947	42	STIM=k
17999773	42	RESP=1
18010627	42	STIM=s
18018886	42	RESP=1
18027326	42	STIM=f
18030994	42	RESP=1
18046154	42	STIM=u
18049951	42	RESP=1
18063085	42	STIM=i
18072232	42	RESP=1
18081281	42	STIM=i
18088857	42	RESP=1
18097900	42	STIM=n
18101444	42	RESP=1
18113817	42	STIM=b
18118835	42	RESP=1
18130317	42	STIM=z
18134833	42	RESP=2
18146958	42	STIM=5
18155086	42	RESP=2
18163928	42	STIM=z
18168220	42	RESP=1
18181908	42	STIM=r
18184831	42	RESP=1
18199359	42	STIM=g
18206066	42	RESP=1
18214924	42	STIM=k
18218190	42	RESP=1
18231829	42	STIM=2
18238960	42	RESP=2
18248349	42	STIM=h
18251671	42	RESP=1
18264932	42	STIM=g
18268048	42	RESP=1
18283164	42	STIM=1
18289684	42	RESP=2
18301205	42	STIM=8
18305555	42	RESP=2
18318774	42	STIM=r
18322408	42	RESP=1
18334713	42	STIM=l
18341500	42	RESP=1
18351832	42	STIM=i
18356306	42	RESP=1
18369313	42	STIM=c
18373111	42	RESP=1
18386459	42	STIM=c
18390981	42	RESP=1
18404960	42	STIM=x
18409649	42	RESP=1
18420553	42	STIM=o
18424632	42	RESP=1
18436470	42	STIM=u
18439058	42	RESP=1
18453996	42	STIM=n
18456605	42	RESP=1
18469931	42	STIM=z
18475851	42	RESP=1
18487599	42	STIM=x
18490602	42	RESP=1
18505202	42	STIM=z
18508899	42	RESP=1
18521715	42	STIM=2
18525362	42	RESP=2
18537900	42	STIM=v
18545814	42	RESP=1
18555712	42	STIM=t
18560934	42	RESP=1
18571145	42	STIM=k
18574016	42	RESP=1
18589546	42	STIM=v
18593016	42	RESP=1
18607519	42	STIM=l
18611868	42	RESP=1
18625691	42	STIM=e
18628488	42	RESP=1
18640981	42	STIM=3
18647557	42	RESP=2
18658720	42	STIM=j
18664056	42	RESP=1
18675808	42	STIM=a
18679359	42	RESP=1
18694512	42	STIM=u
18697464	42	RESP=1
18712231	42	STIM=6
18717942	42	RESP=2
18727567	42	STIM=d
18732617	42	RESP=1
18746367	42	STIM=z
18749803	42	RESP=1
18764773	42	STIM=m
18769180	42	RESP=1
18782786	42	STIM=n
18789339	42	RESP=1
18798528	42	STIM=a
18802727	42	RESP=1
18814082	42	STIM=e
18818851	42	RESP=1
18832372	42	STIM=m
18836015	42	RESP=1
18847622	42	STIM=5
18853020	42	RESP=2
18865088	42	STIM=7
18868637	42	RESP=1
18883164	42	STIM=l
18890510	42	RESP=1
18900383	42	STIM=m
18904070	42	RESP=1
18915729	42	STIM=n
18918494	42	RESP=1
18931110	42	STIM=b
18938768	42	RESP=1
18947058	42	STIM=4
18951331	42	RESP=2
18963633	42	STIM=g
18969282	42	RESP=1
18980286	42	STIM=h
18983638	42	RESP=1
18996710	42	STIM=r
19003991	42	RESP=1
19015114	42	STIM=z
19020044	42	RESP=1
19033650	42	STIM=r
19036865	42	RESP=1
19049761	42	STIM=c
19056306	42	RESP=1
19066714	42	STIM=z
19071146	42	RESP=1
19085433	42	STIM=4
19092432	42	RESP=2
19103555	42	STIM=5
19108788	42	RESP=2
19121716	42	STIM=k
19129037	42	RESP=1
19138386	42	STIM=j
19142500	42	RESP=1
19156718	42	STIM=7
19163374	42	RESP=2
19174160	42	STIM=7
19180445	42	RESP=2
19190452	42	STIM=3
19196345	42	RESP=2
19206089	42	STIM=0
19213725	42	RESP=2
19222631	42	STIM=b
19231812	42	RESP=1
19239417	42	STIM=l
19244165	42	RESP=1
19256066	42	STIM=9
19261537	42	RESP=2
19272652	42	STIM=4
19279234	42	RESP=1
19288550	42	STIM=x
19291143	42	RESP=1
19307405	42	STIM=r
19310942	42	RESP=1
19325951	42	STIM=w
19328733	42	RESP=1
19341082	42	STIM=v
19344654	42	RESP=1
19357451	42	STIM=g
19361017	42	RESP=1
19372883	42	STIM=j
19376169	42	RESP=1
19388794	42	STIM=s
19394050	42	RESP=1
19404925	42	STIM=2
19412251	42	RESP=2
19423278	42	STIM=w
19426909	42	RESP=1
19439119	42	STIM=k
19444030	42	RESP=1
19457480	42	STIM=s
19464088	42	RESP=1
19476105	42	STIM=v
19480128	42	RESP=1
19494211	42	STIM=m
19501743	42	RESP=1
19512209	42	STIM=2
19515906	42	RESP=1
19531190	42	STIM=z
19535171	42	RESP=1
19549989	42	STIM=6
19555549	42	RESP=2
19568642	42	STIM=1
19574265	42	RESP=2
19583861	42	STIM=t
19586427	42	RESP=1
19602073	42	STIM=j
19605995	42	RESP=1
19618847	42	STIM=g
19627776	42	RESP=1
19635356	42	STIM=y
19640155	42	RESP=1
19653820	42	STIM=d
19656897	42	RESP=1
19670884	42	STIM=0
19674747	42	RESP=2
19687590	42	STIM=z
19696953	42	RESP=1
19703428	42	STIM=z
19707900	42	RESP=1
19722419	42	STIM=0
19726591	42	RESP=2
19738039	42	STIM=4
19746992	42	RESP=2
19756348	42	STIM=2
19762346	42	RESP=2
19774417	42	STIM=4
19779526	42	RESP=1
19792229	42	STIM=0
19796892	42	RESP=2
19808951	42	STIM=a
19812733	42	RESP=1
19824895	42	STIM=m
19832047	42	RESP=1
19842599	42	STIM=s
19848356	42	RESP=1
19860105	42	STIM=x
19863551	42	RESP=1
19877231	42	STIM=6
19881896	42	RESP=2
19893424	42	STIM=b
19898692	42	RESP=1
19910365	42	STIM=4
19913908	42	RESP=2
19926220	42	STIM=w
19930500	42	RESP=1
19943144	42	STIM=8
19947673	42	RESP=2
19958736	42	STIM=h
19963660	42	RESP=1
19977100	42	STIM=l
19981752	42	RESP=1
19995242	42	STIM=d
20003403	42	RESP=1
20010777	42	STIM=k
20017674	42	RESP=1
20028974	42	STIM=o
20032599	42	RESP=1
20045257	42	STIM=t
20050972	42	RESP=1
20063826	42	STIM=v
20067040	42	RESP=1
20082185	42	STIM=g
20088235	42	RESP=1
20100251	42	STIM=2
20104128	42	RESP=2
20118977	42	STIM=8
20122661	42	RESP=2
20134638	42	STIM=6
20139157	42	RESP=2
20151613	42	STIM=p
20159345	42	RESP=1
20170402	42	STIM=y
20173950	42	RESP=1
20187625	42	STIM=5
20196974	42	RESP=2
20202791	42	STIM=y
20207256	42	RESP=1
20218735	42	STIM=y
20223895	42	RESP=1
20236425	42	STIM=o
20240925	42	RESP=1
20255289	42	STIM=3
20263425	42	RESP=2
20273635	42	STIM=l
20277698	42	RESP=1
20290104	42	STIM=i
20294681	42	RESP=1
20308146	42	STIM=m
20314493	42	RESP=1
20324338	42	STIM=0
20329294	42	RESP=2
20343172	42	STIM=5
20350121	42	RESP=2
20359915	42	STIM=9
20364714	42	RESP=2
20378489	42	STIM=b
20384949	42	RESP=1
20396778	42	STIM=m
20400397	42	RESP=1
20413584	42	STIM=k
20417513	42	RESP=2
20428917	42	STIM=b
20432607	42	RESP=1
20444668	42	STIM=j
20449438	42	RESP=1
20463391	42	STIM=v
20468377	42	RESP=1
20482055	42	STIM=4
20485701	42	RESP=2
20497653	42	STIM=s
20501059	42	RESP=1
20514159	42	STIM=d
20518991	42	RESP=2
20533108	42	STIM=0
20540166	42	RESP=2
20550070	42	STIM=d
20554889	42	RESP=1
20566561	42	STIM=m
20569960	42	RESP=1
20583266	42	STIM=c
20590126	42	RESP=1
20602078	42	STIM=k
20606960	42	RESP=1
20619275	42	STIM=y
20623068	42	RESP=1
20635339	42	STIM=5
20643390	42	RESP=2
20650354	42	STIM=c
20661001	42	RESP=1
20666892	42	STIM=u
20673273	42	RESP=1
20682543	42	STIM=x
20689432	42	RESP=1
20698414	42	STIM=l
20703540	42	RESP=1
20714740	42	STIM=d
20719036	42	RESP=1
20731425	42	STIM=0
20735814	42	RESP=2
20750014	42	STIM=e
20753309	42	RESP=1
20766461	42	STIM=y
20769718	42	RESP=1
20784699	42	STIM=1
20788434	42	RESP=2
20800647	42	STIM=d
20807766	42	RESP=1
20815944	42	STIM=i
20820343	42	RESP=1
20834822	42	STIM=k
20841525	42	RESP=1
20851573	42	STIM=w
20855016	42	RESP=1
20869661	42	STIM=3
20875287	42	RESP=2
20887505	42	STIM=l
20891444	42	RESP=1
20905010	42	STIM=y
20913172	42	RESP=1
20923864	42	STIM=k
20928783	42	RESP=1
20939312	42	STIM=c
20947734	42	RESP=1
20955787	42	STIM=l
20961876	42	RESP=1
20973783	42	STIM=x
20979948	42	RESP=1
20989489	42	STIM=c
20992804	42	RESP=1
21008240	42	STIM=l
21011497	42	RESP=1
21025897	42	STIM=p
21029424	42	RESP=1
21042788	42	STIM=w
21049018	42	RESP=1
21061734	42	STIM=h
21065788	42	RESP=1
21077411	42	STIM=j
21081096	42	RESP=1
21092638	42	STIM=o
21098605	42	RESP=1
21110353	42	STIM=0
21115093	42	RESP=2
21127923	42	STIM=k
21131385	42	RESP=1
21143952	42	STIM=3
21150541	42	RESP=2
21160965	42	STIM=y
21165593	42	RESP=1
21178454	42	STIM=6
21185423	42	RESP=2
21193530	42	STIM=b
21197439	42	RESP=1
21209113	42	STIM=n
21212261	42	RESP=1
21228102	42	STIM=t
21235971	42	RESP=1
21244638	42	STIM=2
21248738	42	RESP=2
21263539	42	STIM=k
21267558	42	RESP=1
21278839	42	STIM=f
21285225	42	RESP=1
21296573	42	STIM=p
21303014	42	RESP=1
21312107	42	STIM=n
21316016	42	RESP=1
21328011	42	STIM=e
21337606	42	RESP=1
21345349	42	STIM=7
21353601	42	RESP=2
21362320	42	STIM=l
21369664	42	RESP=1
21379933	42	STIM=i
21383868	42	RESP=2
21398356	42	STIM=e
21402535	42	RESP=1
21416351	42	STIM=i
21420086	42	RESP=1
21434569	42	STIM=5
21439643	42	RESP=2
21449627	42	STIM=h
21456651	42	RESP=1
21467090	42	STIM=f
21473263	42	RESP=1
21485476	42	STIM=n
21491205	42	RESP=1
21501432	42	STIM=m
21507619	42	RESP=1
21519997	42	STIM=d
21529729	42	RESP=1
21537615	42	STIM=f
21541239	42	RESP=1
21554357	42	STIM=v
21559177	42	RESP=1
21573183	42	STIM=c
21577906	42	RESP=1
21590570	42	STIM=j
21595624	42	RESP=1
21605885	42	STIM=m
21609402	42	RESP=1
21622475	42	STIM=o
21625639	42	RESP=1
21638756	42	STIM=k
21645138	42	RESP=1
21654173	42	STIM=8
21658460	42	RESP=1
21672296	42	STIM=x
21675874	42	RESP=1
21688581	42	STIM=2
21693836	42	RESP=2
21706321	42	STIM=q
21712352	42	RESP=1
21722785	42	STIM=e
21726785	42	RESP=1
21738434	42	STIM=3
21746086	42	RESP=2
21755601	42	STIM=k
21758558	42	RESP=1
21772087	42	STIM=e
21776300	42	RESP=1
21787896	42	STIM=t
21791312	42	RESP=1
