# Original filename: 0052_BFG_2017-01-17.log
# Time unit: 100 us
# RARECAT=digit
#
# Time	HHGG	Event
37504	42	STIM=2
44969	42	RESP=2
54611	42	STIM=e
58326	42	RESP=1
71010	42	STIM=x
74371	42	RESP=1
88339	42	STIM=1
93449	42	RESP=2
105078	42	STIM=e
114111	42	RESP=1
122088	42	STIM=c
127911	42	RESP=1
138227	42	STIM=v
141859	42	RESP=1
156184	42	STIM=m
159335	42	RESP=1
172116	42	STIM=1
177360	42	RESP=2
190505	42	STIM=a
196292	42	RESP=1
207054	42	STIM=r
212623	42	RESP=1
222159	42	STIM=u
226740	42	RESP=1
237997	42	STIM=s
246498	42	RESP=1
255745	42	STIM=e
259814	42	RESP=1
270844	42	STIM=u
279507	42	RESP=1
287017	42	STIM=q
291372	42	RESP=1
305880	42	STIM=7
312794	42	RESP=2
322699	42	STIM=k
329140	42	RESP=1
341223	42	STIM=p
346803	42	RESP=1
357276	42	STIM=n
360506	42	RESP=1
372435	42	STIM=2
379364	42	RESP=2
388881	42	STIM=a
397415	42	RESP=1
406067	42	STIM=n
409480	42	RESP=1
423432	42	STIM=w
432783	42	RESP=1
440121	42	STIM=q
445244	42	RESP=1
456416	42	STIM=o
460710	42	RESP=1
473278	42	STIM=i
479961	42	RESP=1
491054	42	STIM=j
501431	42	RESP=1
509937	42	STIM=f
514484	42	RESP=1
528267	42	STIM=d
537174	42	RESP=1
545440	42	STIM=2
550510	42	RESP=2
562167	42	STIM=l
570368	42	RESP=1
580475	42	STIM=t
586846	42	RESP=1
598959	42	STIM=u
605061	42	RESP=1
616082	42	STIM=e
620848	42	RESP=1
635020	42	STIM=l
642335	42	RESP=2
653967	42	STIM=0
664519	42	RESP=2
670708	42	STIM=h
674088	42	RESP=1
685847	42	STIM=a
690151	42	RESP=1
702673	42	STIM=e
708228	42	RESP=1
718337	42	STIM=8
724824	42	RESP=2
735777	42	STIM=c
740072	42	RESP=1
751906	42	STIM=e
757509	42	RESP=1
769413	42	STIM=w
775360	42	RESP=1
786351	42	STIM=i
794374	42	RESP=1
804639	42	STIM=n
814976	42	RESP=1
822130	42	STIM=k
826120	42	RESP=1
837854	42	STIM=q
849003	42	RESP=1
854937	42	STIM=i
861271	42	RESP=1
871832	42	STIM=w
880463	42	RESP=1
889898	42	STIM=t
893283	42	RESP=1
908175	42	STIM=n
915893	42	RESP=1
925587	42	STIM=9
931507	42	RESP=2
942851	42	STIM=h
947961	42	RESP=1
957852	42	STIM=x
963192	42	RESP=1
975340	42	STIM=s
982717	42	RESP=1
993905	42	STIM=o
997200	42	RESP=1
1009945	42	STIM=t
1017028	42	RESP=1
1026166	42	STIM=3
1032425	42	RESP=2
1042270	42	STIM=k
1050588	42	RESP=1
1060707	42	STIM=h
1066403	42	RESP=1
1078919	42	STIM=0
1086165	42	RESP=2
1096766	42	STIM=f
1103834	42	RESP=1
1112626	42	STIM=h
1118024	42	RESP=1
1128406	42	STIM=m
1136778	42	RESP=1
1146212	42	STIM=6
1158401	42	RESP=2
1164379	42	STIM=l
1169350	42	RESP=1
1182268	42	STIM=x
1190311	42	RESP=1
1198994	42	STIM=y
1202239	42	RESP=1
1216575	42	STIM=e
1220880	42	RESP=1
1232110	42	STIM=y
1235968	42	RESP=1
1247455	42	STIM=o
1251023	42	RESP=1
1265273	42	STIM=g
1276543	42	RESP=1
1283806	42	STIM=n
1289737	42	RESP=1
1299783	42	STIM=4
1308485	42	RESP=1
1315171	42	STIM=o
1323293	42	RESP=1
1330287	42	STIM=o
1335430	42	RESP=1
1345702	42	STIM=b
1349547	42	RESP=1
1361262	42	STIM=1
1366292	42	RESP=2
1376726	42	STIM=f
1379922	42	RESP=1
1392254	42	STIM=0
1402204	42	RESP=2
1409978	42	STIM=w
1418197	42	RESP=1
1425631	42	STIM=n
1431338	42	RESP=1
1443944	42	STIM=3
1450879	42	RESP=2
1461049	42	STIM=i
1464481	42	RESP=1
1479723	42	STIM=a
1482424	42	RESP=1
1497881	42	STIM=m
1503558	42	RESP=1
1515871	42	STIM=g
1522924	42	RESP=1
1532942	42	STIM=g
1537111	42	RESP=1
1549543	42	STIM=j
1554476	42	RESP=1
1565272	42	STIM=v
1569740	42	RESP=1
1582712	42	STIM=g
1594105	42	RESP=1
1598721	42	STIM=e
1606199	42	RESP=1
1615970	42	STIM=2
1621298	42	RESP=2
1631383	42	STIM=n
1634485	42	RESP=1
1648695	42	STIM=j
1653938	42	RESP=1
1666339	42	STIM=0
1672595	42	RESP=2
1684212	42	STIM=g
1688392	42	RESP=1
1701830	42	STIM=d
1707066	42	RESP=1
1720800	42	STIM=2
1726147	42	RESP=2
1736573	42	STIM=c
1741011	42	RESP=1
1754794	42	STIM=t
1761454	42	RESP=1
1773166	42	STIM=3
1783095	42	RESP=2
1789419	42	STIM=o
1794239	42	RESP=1
1805224	42	STIM=x
1811574	42	RESP=1
1820664	42	STIM=4
1827581	42	RESP=2
1837685	42	STIM=e
1840843	42	RESP=1
1852821	42	STIM=d
1862262	42	RESP=1
1870224	42	STIM=k
1873736	42	RESP=1
1888063	42	STIM=b
1895846	42	RESP=1
1903609	42	STIM=u
1907960	42	RESP=1
1921586	42	STIM=i
1925237	42	RESP=1
1939955	42	STIM=n
1947000	42	RESP=1
1957147	42	STIM=z
1968052	42	RESP=1
1974806	42	STIM=1
1982041	42	RESP=2
1992646	42	STIM=t
1998979	42	RESP=1
2009252	42	STIM=i
2013043	42	RESP=1
2024341	42	STIM=5
2028154	42	RESP=2
2039371	42	STIM=b
2047416	42	RESP=1
2055850	42	STIM=l
2063136	42	RESP=2
2071211	42	STIM=z
2076976	42	RESP=1
2087070	42	STIM=b
2092244	42	RESP=1
2104912	42	STIM=b
2108218	42	RESP=1
2123828	42	STIM=a
2126592	42	RESP=1
2140420	42	STIM=6
2145764	42	RESP=2
2155949	42	STIM=h
2159166	42	RESP=1
2171016	42	STIM=g
2174968	42	RESP=1
2186151	42	STIM=m
2191336	42	RESP=1
2202622	42	STIM=y
2205978	42	RESP=1
2219555	42	STIM=1
2226541	42	RESP=2
2236168	42	STIM=k
2244960	42	RESP=1
2253706	42	STIM=1
2258804	42	RESP=2
2272531	42	STIM=w
2277942	42	RESP=2
2288125	42	STIM=z
2298101	42	RESP=1
2306507	42	STIM=g
2313388	42	RESP=1
2322553	42	STIM=7
2331827	42	RESP=1
2338385	42	STIM=q
2345034	42	RESP=1
2354541	42	STIM=w
2360152	42	RESP=1
2369669	42	STIM=y
2376966	42	RESP=1
2388621	42	STIM=b
2396879	42	RESP=1
2406238	42	STIM=e
2409238	42	RESP=1
2424695	42	STIM=h
2432402	42	RESP=1
2441637	42	STIM=t
2444925	42	RESP=2
2458480	42	STIM=8
2469076	42	RESP=2
2475036	42	STIM=f
2479565	42	RESP=1
2493798	42	STIM=c
2500147	42	RESP=1
2512709	42	STIM=6
2516553	42	RESP=1
2530461	42	STIM=f
2537448	42	RESP=2
2548797	42	STIM=w
2554500	42	RESP=1
2565895	42	STIM=4
2574101	42	RESP=1
2583000	42	STIM=i
2595121	42	RESP=1
2601770	42	STIM=c
2607827	42	RESP=1
2620398	42	STIM=r
2631235	42	RESP=1
2637476	42	STIM=w
2643606	42	RESP=1
2653623	42	STIM=c
2656822	42	RESP=2
2672574	42	STIM=1
2677566	42	RESP=2
2688515	42	STIM=v
2695153	42	RESP=1
2704879	42	STIM=4
2708853	42	RESP=2
2723744	42	STIM=d
2728720	42	RESP=1
2741429	42	STIM=5
2746986	42	RESP=1
2756533	42	STIM=l
2760877	42	RESP=1
2771646	42	STIM=9
2779759	42	RESP=2
2787272	42	STIM=w
2791434	42	RESP=1
2803321	42	STIM=3
2807129	42	RESP=2
2820021	42	STIM=v
2825156	42	RESP=1
2837507	42	STIM=k
2842074	42	RESP=1
2852782	42	STIM=h
2858330	42	RESP=1
2868317	42	STIM=h
2872055	42	RESP=1
2886517	42	STIM=p
2895346	42	RESP=1
2905496	42	STIM=i
2910613	42	RESP=1
2923389	42	STIM=g
2931997	42	RESP=1
2940805	42	STIM=g
2945968	42	RESP=1
2957465	42	STIM=h
2965809	42	RESP=1
2974851	42	STIM=j
2981119	42	RESP=1
2990787	42	STIM=z
2995143	42	RESP=1
3007778	42	STIM=5
3016533	42	RESP=2
3025216	42	STIM=e
3030559	42	RESP=1
3042095	42	STIM=t
3044619	42	RESP=1
3060666	42	STIM=g
3071321	42	RESP=1
3079347	42	STIM=b
3086224	42	RESP=1
3097536	42	STIM=u
3101631	42	RESP=1
3116480	42	STIM=4
3126537	42	RESP=2
3135391	42	STIM=s
3142308	42	RESP=2
3151926	42	STIM=t
3156499	42	RESP=1
3169683	42	STIM=0
3176402	42	RESP=1
3188180	42	STIM=9
3192709	42	RESP=2
3204159	42	STIM=v
3207805	42	RESP=1
3219659	42	STIM=8
3223224	42	RESP=2
3234680	42	STIM=m
3238835	42	RESP=1
3252511	42	STIM=l
3263352	42	RESP=1
3268350	42	STIM=0
3272663	42	RESP=2
3283536	42	STIM=o
3288691	42	RESP=1
3301053	42	STIM=f
3307406	42	RESP=1
3319596	42	STIM=j
3326763	42	RESP=1
3337888	42	STIM=y
3346723	42	RESP=1
3356740	42	STIM=y
3360240	42	RESP=1
3371936	42	STIM=w
3379043	42	RESP=1
3389609	42	STIM=t
3394804	42	RESP=2
3407244	42	STIM=g
3412704	42	RESP=1
3422839	42	STIM=q
3427288	42	RESP=1
3438423	42	STIM=h
3443383	42	RESP=1
3456159	42	STIM=b
3458614	42	RESP=1
3474965	42	STIM=a
3482002	42	RESP=2
3491452	42	STIM=r
3497139	42	RESP=2
3508338	42	STIM=y
3511357	42	RESP=2
3525101	42	STIM=1
3530217	42	RESP=2
3540482	42	STIM=j
3549282	42	RESP=1
3557496	42	STIM=b
3563627	42	RESP=1
3574620	42	STIM=7
3580682	42	RESP=1
3590306	42	STIM=f
3594910	42	RESP=1
3608085	42	STIM=z
3616463	42	RESP=1
3624411	42	STIM=w
3628437	42	RESP=1
3641430	42	STIM=e
3645969	42	RESP=1
3659946	42	STIM=h
3664555	42	RESP=1
3677863	42	STIM=q
3681558	42	RESP=1
3696150	42	STIM=w
3702962	42	RESP=1
3713437	42	STIM=u
3718702	42	RESP=1
3731820	42	STIM=e
3736702	42	RESP=1
3748129	42	STIM=u
3752597	42	RESP=1
3766447	42	STIM=i
3771979	42	RESP=2
3781935	42	STIM=6
3788174	42	RESP=2
3798378	42	STIM=7
3806854	42	RESP=2
3814868	42	STIM=c
3826489	42	RESP=1
3833847	42	STIM=q
3842958	42	RESP=1
3852635	42	STIM=8
3864661	42	RESP=2
3870584	42	STIM=8
3877705	42	RESP=2
3888459	42	STIM=d
3893088	42	RESP=1
3906814	42	STIM=i
3910916	42	RESP=1
3925227	42	STIM=t
3928108	42	RESP=1
3940833	42	STIM=e
3947684	42	RESP=1
3958391	42	STIM=k
3963701	42	RESP=1
3974576	42	STIM=t
3983417	42	RESP=2
3992909	42	STIM=e
3999676	42	RESP=1
4008866	42	STIM=3
4015410	42	RESP=2
4025699	42	STIM=u
4028837	42	RESP=1
4042091	42	STIM=c
4046916	42	RESP=1
4058134	42	STIM=4
4067922	42	RESP=2
4074308	42	STIM=w
4080893	42	RESP=1
4091042	42	STIM=d
4095367	42	RESP=1
4109201	42	STIM=n
4111548	42	RESP=1
4127910	42	STIM=v
4135551	42	RESP=1
4144095	42	STIM=l
4151643	42	RESP=1
4161517	42	STIM=v
4165721	42	RESP=1
4178260	42	STIM=r
4188888	42	RESP=1
4194255	42	STIM=6
4203651	42	RESP=2
4211665	42	STIM=q
4216106	42	RESP=1
4226674	42	STIM=q
4230974	42	RESP=1
4244675	42	STIM=q
4253010	42	RESP=1
4263027	42	STIM=f
4268754	42	RESP=1
4281722	42	STIM=n
4288021	42	RESP=1
4296801	42	STIM=v
4299680	42	RESP=1
4312450	42	STIM=d
4320624	42	RESP=1
4330430	42	STIM=a
4335368	42	RESP=1
4346608	42	STIM=w
4353547	42	RESP=1
4364676	42	STIM=s
4371430	42	RESP=1
4383631	42	STIM=e
4390031	42	RESP=1
4399816	42	STIM=g
4404923	42	RESP=1
4418142	42	STIM=r
4422552	42	RESP=1
4435826	42	STIM=p
4443793	42	RESP=1
4451093	42	STIM=o
4456435	42	RESP=1
4466491	42	STIM=6
4474184	42	RESP=2
4483976	42	STIM=q
4488755	42	RESP=1
4501167	42	STIM=v
4505821	42	RESP=1
4518599	42	STIM=q
4524344	42	RESP=1
4536365	42	STIM=y
4539760	42	RESP=1
4554494	42	STIM=q
4563339	42	RESP=1
4570904	42	STIM=1
4574777	42	RESP=2
4588926	42	STIM=s
4595666	42	RESP=1
4605824	42	STIM=y
4616509	42	RESP=1
4621766	42	STIM=w
4628610	42	RESP=1
4640196	42	STIM=l
4646880	42	RESP=2
4657646	42	STIM=5
4662587	42	RESP=2
4675683	42	STIM=n
4681432	42	RESP=1
4693014	42	STIM=8
4696436	42	RESP=2
4710173	42	STIM=s
4719357	42	RESP=1
4728288	42	STIM=c
4733817	42	RESP=1
4744284	42	STIM=n
4748976	42	RESP=1
4761325	42	STIM=c
4766779	42	RESP=1
4777712	42	STIM=m
4782457	42	RESP=2
4796676	42	STIM=q
4803697	42	RESP=1
4812430	42	STIM=8
4817506	42	RESP=2
4828688	42	STIM=y
4834348	42	RESP=1
4843869	42	STIM=6
4853931	42	RESP=2
4861340	42	STIM=7
4865863	42	RESP=2
4879156	42	STIM=t
4883796	42	RESP=1
4894806	42	STIM=t
4898289	42	RESP=1
4913253	42	STIM=e
4917699	42	RESP=1
4931326	42	STIM=8
4940114	42	RESP=1
4947919	42	STIM=c
4953798	42	RESP=1
4963032	42	STIM=2
4967825	42	RESP=2
4978661	42	STIM=g
4986851	42	RESP=1
4994752	42	STIM=b
4997931	42	RESP=1
5012406	42	STIM=e
5017654	42	RESP=1
5029559	42	STIM=w
5040848	42	RESP=1
5045599	42	STIM=1
5053108	42	RESP=2
5063366	42	STIM=u
5071169	42	RESP=1
5079412	42	STIM=d
5086852	42	RESP=1
5097046	42	STIM=o
5100788	42	RESP=1
5112297	42	STIM=2
5117324	42	RESP=2
5129872	42	STIM=6
5136084	42	RESP=2
5147037	42	STIM=t
5151177	42	RESP=1
5165047	42	STIM=j
5169238	42	RESP=1
5182913	42	STIM=u
5187300	42	RESP=1
5200385	42	STIM=8
5204678	42	RESP=1
5219108	42	STIM=y
5223950	42	RESP=1
5234552	42	STIM=9
5246366	42	RESP=2
5251450	42	STIM=j
5258126	42	RESP=1
5267657	42	STIM=g
5272957	42	RESP=1
5283398	42	STIM=g
5286882	42	RESP=1
5300822	42	STIM=t
5304804	42	RESP=1
5318224	42	STIM=e
5324196	42	RESP=2
5333797	42	STIM=g
5339501	42	RESP=1
5350394	42	STIM=f
5365394	42	RESP=1
5366569	42	STIM=e
5373243	42	RESP=1
5383466	42	STIM=f
5391654	42	RESP=1
5398649	42	STIM=1
5404811	42	RESP=2
5413904	42	STIM=7
5418819	42	RESP=1
5429614	42	STIM=f
5435837	42	RESP=1
5444854	42	STIM=3
5452877	42	RESP=2
5462729	42	STIM=6
5467074	42	RESP=2
5478943	42	STIM=l
5485512	42	RESP=1
5494647	42	STIM=r
5504740	42	RESP=1
5510256	42	STIM=t
5517899	42	RESP=1
5528487	42	STIM=e
5538581	42	RESP=1
5546466	42	STIM=d
5550255	42	RESP=1
5562588	42	STIM=p
5570915	42	RESP=1
5579913	42	STIM=f
5586694	42	RESP=1
5596352	42	STIM=i
5599513	42	RESP=1
5614710	42	STIM=d
5621640	42	RESP=1
5631007	42	STIM=m
5639022	42	RESP=1
5647692	42	STIM=w
5654091	42	RESP=1
5663984	42	STIM=f
5666804	42	RESP=1
5682774	42	STIM=e
5689150	42	RESP=1
5698929	42	STIM=w
5709252	42	RESP=2
5715722	42	STIM=a
5722195	42	RESP=1
5733873	42	STIM=y
5738544	42	RESP=1
5750837	42	STIM=8
5756308	42	RESP=2
5768705	42	STIM=u
5776784	42	RESP=1
5784477	42	STIM=k
5791521	42	RESP=1
5802923	42	STIM=e
5807289	42	RESP=1
5820683	42	STIM=7
5828444	42	RESP=2
5837395	42	STIM=l
5843774	42	RESP=1
5854311	42	STIM=5
5858780	42	RESP=2
5870568	42	STIM=n
5874120	42	RESP=1
5886346	42	STIM=y
5891703	42	RESP=1
5902016	42	STIM=n
5912021	42	RESP=1
5919855	42	STIM=n
5925728	42	RESP=2
5938690	42	STIM=z
5942674	42	RESP=1
5956826	42	STIM=a
5967039	42	RESP=1
5971858	42	STIM=j
5976976	42	RESP=2
5990856	42	STIM=d
5995335	42	RESP=2
6007603	42	STIM=3
6012731	42	RESP=2
6024499	42	STIM=g
6029854	42	RESP=1
6041546	42	STIM=r
6048850	42	RESP=1
6057637	42	STIM=u
6064054	42	RESP=1
6072825	42	STIM=z
6080387	42	RESP=1
6089942	42	STIM=z
6096193	42	RESP=1
6105058	42	STIM=w
6107735	42	RESP=1
6123224	42	STIM=b
6128122	42	RESP=1
6138668	42	STIM=c
6143391	42	RESP=1
6156542	42	STIM=p
6160603	42	RESP=1
6173979	42	STIM=f
6178526	42	RESP=1
6192149	42	STIM=a
6199226	42	RESP=1
6208271	42	STIM=f
6213151	42	RESP=1
6224710	42	STIM=j
6232494	42	RESP=1
6243038	42	STIM=9
6248994	42	RESP=2
6258744	42	STIM=e
6267471	42	RESP=1
6274364	42	STIM=t
6280772	42	RESP=1
6289672	42	STIM=s
6294471	42	RESP=1
6306937	42	STIM=v
6312074	42	RESP=1
6324736	42	STIM=i
6330563	42	RESP=1
6342490	42	STIM=7
6349516	42	RESP=2
6361126	42	STIM=q
6366399	42	RESP=1
6380046	42	STIM=7
6388480	42	RESP=2
6398277	42	STIM=8
6406412	42	RESP=2
6416069	42	STIM=3
6427104	42	RESP=2
6432530	42	STIM=p
6436868	42	RESP=1
6449398	42	STIM=c
6454614	42	RESP=1
6464996	42	STIM=z
6468215	42	RESP=1
6480728	42	STIM=x
6489962	42	RESP=1
6499256	42	STIM=j
6502839	42	RESP=1
6517793	42	STIM=v
6520897	42	RESP=1
6532973	42	STIM=t
6538603	42	RESP=1
6550208	42	STIM=y
6555814	42	RESP=1
6567362	42	STIM=r
6571185	42	RESP=1
6584362	42	STIM=b
6591094	42	RESP=1
6602204	42	STIM=f
6608304	42	RESP=1
6617489	42	STIM=r
6625137	42	RESP=2
6636100	42	STIM=s
6643277	42	RESP=1
6654768	42	STIM=i
6659342	42	RESP=1
6673636	42	STIM=a
6679291	42	RESP=1
6689521	42	STIM=2
6693953	42	RESP=2
6704772	42	STIM=w
6711566	42	RESP=1
6722158	42	STIM=h
6728847	42	RESP=1
6739041	42	STIM=s
6743277	42	RESP=1
6757990	42	STIM=d
6760997	42	RESP=1
6774206	42	STIM=v
6777230	42	RESP=1
6792324	42	STIM=u
6796318	42	RESP=1
6809363	42	STIM=s
6812433	42	RESP=1
6824904	42	STIM=s
6835986	42	RESP=1
6841235	42	STIM=e
6846873	42	RESP=2
6857407	42	STIM=0
6865735	42	RESP=2
6873012	42	STIM=w
6883621	42	RESP=1
6890369	42	STIM=s
6895176	42	RESP=1
6907738	42	STIM=7
6914887	42	RESP=1
6924755	42	STIM=9
6929841	42	RESP=2
6942677	42	STIM=y
6949511	42	RESP=1
6958683	42	STIM=z
6965724	42	RESP=1
6975238	42	STIM=j
6978500	42	RESP=1
6992661	42	STIM=4
7002626	42	RESP=2
7010590	42	STIM=9
7016341	42	RESP=2
7027090	42	STIM=q
7032093	42	RESP=1
7043619	42	STIM=a
7048469	42	RESP=2
7060097	42	STIM=r
7065229	42	RESP=1
7075712	42	STIM=t
7079181	42	RESP=1
7091317	42	STIM=o
7095249	42	RESP=1
7108037	42	STIM=f
7114953	42	RESP=1
7125756	42	STIM=x
7129646	42	RESP=1
7142407	42	STIM=k
7155004	42	RESP=1
7161039	42	STIM=1
7169235	42	RESP=2
7176230	42	STIM=e
7179636	42	RESP=1
7195119	42	STIM=8
7201564	42	RESP=2
7212001	42	STIM=3
7217865	42	RESP=2
7228619	42	STIM=e
7236720	42	RESP=1
7246315	42	STIM=p
7251868	42	RESP=1
7262392	42	STIM=3
7269405	42	RESP=2
7277851	42	STIM=d
7281296	42	RESP=1
7294935	42	STIM=2
7301298	42	RESP=1
7311737	42	STIM=a
7316481	42	RESP=1
7327388	42	STIM=u
7330880	42	RESP=1
7345183	42	STIM=s
7352267	42	RESP=1
7360776	42	STIM=c
7366960	42	RESP=1
7378030	42	STIM=s
7384617	42	RESP=1
7393954	42	STIM=f
7398310	42	RESP=1
7411762	42	STIM=n
7415458	42	RESP=1
7427280	42	STIM=h
7432997	42	RESP=2
7443116	42	STIM=7
7448571	42	RESP=1
7458974	42	STIM=9
7465778	42	RESP=2
7477602	42	STIM=q
7480882	42	RESP=1
7494826	42	STIM=i
7499279	42	RESP=1
7513808	42	STIM=1
7519149	42	RESP=2
7529960	42	STIM=p
7539769	42	RESP=1
7546869	42	STIM=m
7551467	42	RESP=1
7564457	42	STIM=y
7568889	42	RESP=1
7582683	42	STIM=e
7588678	42	RESP=1
7601320	42	STIM=t
7610693	42	RESP=1
7617634	42	STIM=2
7625435	42	RESP=2
7636424	42	STIM=m
7644384	42	RESP=1
7652011	42	STIM=b
7661562	42	RESP=1
7669482	42	STIM=u
7672921	42	RESP=1
7685716	42	STIM=d
7692129	42	RESP=1
7703225	42	STIM=t
7708096	42	RESP=1
7721837	42	STIM=r
7725361	42	RESP=1
7740060	42	STIM=s
7744095	42	RESP=1
7758443	42	STIM=g
7761996	42	RESP=1
7774144	42	STIM=j
7779376	42	RESP=1
7790963	42	STIM=y
7796583	42	RESP=1
7808217	42	STIM=e
7812127	42	RESP=1
7824713	42	STIM=s
7831630	42	RESP=1
7841270	42	STIM=d
7846486	42	RESP=1
7859551	42	STIM=c
7864691	42	RESP=1
7874818	42	STIM=a
7878572	42	RESP=1
7890934	42	STIM=g
7893995	42	RESP=1
7907878	42	STIM=j
7912292	42	RESP=1
7923269	42	STIM=u
7929144	42	RESP=1
7941241	42	STIM=b
7945030	42	RESP=1
7956271	42	STIM=g
7962527	42	RESP=1
7974732	42	STIM=g
7980043	42	RESP=1
7991620	42	STIM=x
7995219	42	RESP=1
8007396	42	STIM=4
8012554	42	RESP=2
8025702	42	STIM=n
8030482	42	RESP=1
8042474	42	STIM=h
8047955	42	RESP=1
8061009	42	STIM=f
8066295	42	RESP=1
8078587	42	STIM=s
8082975	42	RESP=1
8096082	42	STIM=c
8105011	42	RESP=1
8111832	42	STIM=f
8120535	42	RESP=1
8128241	42	STIM=3
8135450	42	RESP=2
8145493	42	STIM=6
8149702	42	RESP=2
8161816	42	STIM=e
8166898	42	RESP=1
8178549	42	STIM=n
8182901	42	RESP=1
8196795	42	STIM=r
8202893	42	RESP=1
8215302	42	STIM=p
8221931	42	RESP=1
8233009	42	STIM=w
8239796	42	RESP=1
8248078	42	STIM=y
8253532	42	RESP=1
8265174	42	STIM=w
8269617	42	RESP=1
8281159	42	STIM=z
8284162	42	RESP=1
8299677	42	STIM=2
8304717	42	RESP=2
8314743	42	STIM=h
8324723	42	RESP=1
8331608	42	STIM=4
8339577	42	RESP=2
8347532	42	STIM=q
8353574	42	RESP=1
8365929	42	STIM=z
8374456	42	RESP=1
8382484	42	STIM=i
8386777	42	RESP=1
8398230	42	STIM=b
8404751	42	RESP=1
8414102	42	STIM=s
8421466	42	RESP=1
8432030	42	STIM=x
8437410	42	RESP=1
8447991	42	STIM=h
8454698	42	RESP=1
8465463	42	STIM=c
8469377	42	RESP=1
8483912	42	STIM=z
8486755	42	RESP=1
8501326	42	STIM=p
8506235	42	RESP=1
8519817	42	STIM=x
8525003	42	RESP=1
8537323	42	STIM=s
8540876	42	RESP=2
8555229	42	STIM=x
8558336	42	RESP=1
8571285	42	STIM=e
8576865	42	RESP=1
8589979	42	STIM=r
8597341	42	RESP=1
8605156	42	STIM=g
8608535	42	RESP=1
8621968	42	STIM=6
8627141	42	RESP=2
8639215	42	STIM=c
8641964	42	RESP=1
8654612	42	STIM=c
8662964	42	RESP=1
8671565	42	STIM=i
8676141	42	RESP=1
8688988	42	STIM=k
8695168	42	RESP=1
8706075	42	STIM=w
8714885	42	RESP=1
8723999	42	STIM=7
8728384	42	RESP=2
8740260	42	STIM=8
8747974	42	RESP=2
8755618	42	STIM=5
8764282	42	RESP=1
8771972	42	STIM=i
8775231	42	RESP=1
8789491	42	STIM=2
8797866	42	RESP=2
8806467	42	STIM=j
8811152	42	RESP=1
8823163	42	STIM=g
8830510	42	RESP=1
8838421	42	STIM=p
8844410	42	RESP=1
8854883	42	STIM=u
8859670	42	RESP=1
8872083	42	STIM=t
8876096	42	RESP=1
8888511	42	STIM=9
8893965	42	RESP=2
8904537	42	STIM=y
8908886	42	RESP=1
8920581	42	STIM=g
8923859	42	RESP=1
8939221	42	STIM=i
8945142	42	RESP=1
8956027	42	STIM=e
8963756	42	RESP=1
8974250	42	STIM=p
8978845	42	RESP=1
8990849	42	STIM=4
8996680	42	RESP=2
9008445	42	STIM=t
9015634	42	RESP=1
9024850	42	STIM=2
9030179	42	RESP=2
9040392	42	STIM=p
9048457	42	RESP=1
9057633	42	STIM=i
9062364	42	RESP=1
9074910	42	STIM=q
9080788	42	RESP=1
9092984	42	STIM=e
9103768	42	RESP=1
9111827	42	STIM=x
9116954	42	RESP=1
9127561	42	STIM=u
9130753	42	RESP=1
9143744	42	STIM=q
9148005	42	RESP=1
9161239	42	STIM=w
9167708	42	RESP=2
9177779	42	STIM=q
9186634	42	RESP=1
9195688	42	STIM=k
9203550	42	RESP=1
9212163	42	STIM=j
9218754	42	RESP=1
9231137	42	STIM=q
9235202	42	RESP=1
9248315	42	STIM=w
9253864	42	RESP=1
9267153	42	STIM=g
9271717	42	RESP=1
9283282	42	STIM=s
9289496	42	RESP=1
9300437	42	STIM=v
9306775	42	RESP=1
9318534	42	STIM=x
9325913	42	RESP=1
9335753	42	STIM=0
9340313	42	RESP=2
9351304	42	STIM=l
9354921	42	RESP=1
9367249	42	STIM=4
9371528	42	RESP=1
9384637	42	STIM=0
9391381	42	RESP=2
9400889	42	STIM=i
9410790	42	RESP=1
9419155	42	STIM=h
9422975	42	RESP=1
9435774	42	STIM=c
9441314	42	RESP=1
9452861	42	STIM=l
9457357	42	RESP=1
9468321	42	STIM=0
9475225	42	RESP=2
9485160	42	STIM=n
9490587	42	RESP=1
9503535	42	STIM=s
9508399	42	RESP=1
9520626	42	STIM=r
9523992	42	RESP=1
9538414	42	STIM=k
9543909	42	RESP=1
9556829	42	STIM=v
9561469	42	RESP=1
9574898	42	STIM=c
9579361	42	RESP=1
9590035	42	STIM=4
9597947	42	RESP=2
9608640	42	STIM=e
9617027	42	RESP=1
9627592	42	STIM=x
9633535	42	RESP=1
9644487	42	STIM=0
9649399	42	RESP=1
9660337	42	STIM=c
9666413	42	RESP=1
9677793	42	STIM=p
9684836	42	RESP=1
9695786	42	STIM=h
9702807	42	RESP=1
9714657	42	STIM=p
9719604	42	RESP=1
9733004	42	STIM=q
9737820	42	RESP=1
9748815	42	STIM=l
9754440	42	RESP=1
9764705	42	STIM=8
9769580	42	RESP=2
9781792	42	STIM=y
9786043	42	RESP=1
9799349	42	STIM=6
9804566	42	RESP=2
9818191	42	STIM=i
9826428	42	RESP=1
9836422	42	STIM=6
9840026	42	RESP=1
9854175	42	STIM=0
9861799	42	RESP=2
9871179	42	STIM=u
9875771	42	RESP=2
9889285	42	STIM=c
9895000	42	RESP=1
9906498	42	STIM=1
9912146	42	RESP=1
9923329	42	STIM=h
9928185	42	RESP=1
9941256	42	STIM=m
9946771	42	RESP=1
9959292	42	STIM=q
9963571	42	RESP=1
9977913	42	STIM=y
9982390	42	RESP=1
9995311	42	STIM=k
10001532	42	RESP=1
10012452	42	STIM=n
10015919	42	RESP=1
10030081	42	STIM=y
10035272	42	RESP=1
10047128	42	STIM=4
10053043	42	RESP=2
10063376	42	STIM=7
10067595	42	RESP=2
10080949	42	STIM=g
10086731	42	RESP=1
10098097	42	STIM=q
10104309	42	RESP=1
10114001	42	STIM=4
10120109	42	RESP=2
10132783	42	STIM=x
10138325	42	RESP=1
10148820	42	STIM=q
10152577	42	RESP=1
10167000	42	STIM=u
10172160	42	RESP=1
10184625	42	STIM=p
10190705	42	RESP=1
10203518	42	STIM=v
10209463	42	RESP=1
10219074	42	STIM=6
10229081	42	RESP=2
10235726	42	STIM=u
10241628	42	RESP=1
10251190	42	STIM=e
10254890	42	RESP=1
10268497	42	STIM=z
10273671	42	RESP=1
10287088	42	STIM=w
10290913	42	RESP=1
10304926	42	STIM=7
10309801	42	RESP=1
10320153	42	STIM=k
10326919	42	RESP=2
10338079	42	STIM=5
10346561	42	RESP=2
10356434	42	STIM=b
10365787	42	RESP=1
10373189	42	STIM=c
10379324	42	RESP=1
10389664	42	STIM=6
10399895	42	RESP=2
10408401	42	STIM=o
10411826	42	RESP=1
10423493	42	STIM=0
10430191	42	RESP=2
10440559	42	STIM=8
10444918	42	RESP=2
10457314	42	STIM=g
10461857	42	RESP=1
10474385	42	STIM=z
10479803	42	RESP=2
10492398	42	STIM=j
10497450	42	RESP=1
10508231	42	STIM=m
10513779	42	RESP=1
10526824	42	STIM=y
10530897	42	RESP=1
10544602	42	STIM=t
10549036	42	RESP=1
10563549	42	STIM=q
10571541	42	RESP=2
10580314	42	STIM=e
10587333	42	RESP=1
10598218	42	STIM=r
10604741	42	RESP=1
10615445	42	STIM=r
10620940	42	RESP=2
10632880	42	STIM=r
10635865	42	RESP=1
10649879	42	STIM=r
10655014	42	RESP=1
10668682	42	STIM=i
10672447	42	RESP=1
10685528	42	STIM=t
10690512	42	RESP=1
10703704	42	STIM=h
10709053	42	RESP=1
10720675	42	STIM=p
10731134	42	RESP=1
10738586	42	STIM=2
10744465	42	RESP=1
10755018	42	STIM=v
10758245	42	RESP=1
10773178	42	STIM=g
10780009	42	RESP=1
10791161	42	STIM=f
10797157	42	RESP=1
10806185	42	STIM=b
10812998	42	RESP=1
10822243	42	STIM=a
10828660	42	RESP=1
10839010	42	STIM=7
10844903	42	RESP=2
10857593	42	STIM=d
10862837	42	RESP=1
10875251	42	STIM=c
10880878	42	RESP=1
10893597	42	STIM=3
10901334	42	RESP=2
10912071	42	STIM=t
10915131	42	RESP=1
10927165	42	STIM=5
10932951	42	RESP=2
10944170	42	STIM=k
10950944	42	RESP=1
10961141	42	STIM=n
10965762	42	RESP=1
10979262	42	STIM=1
10983714	42	RESP=1
10994555	42	STIM=r
10999899	42	RESP=1
11012819	42	STIM=p
11017783	42	RESP=1
11028051	42	STIM=y
11035551	42	RESP=1
11044798	42	STIM=b
11050325	42	RESP=1
11062175	42	STIM=9
11071443	42	RESP=2
11079056	42	STIM=w
11083141	42	RESP=1
11094213	42	STIM=j
11104746	42	RESP=1
11113046	42	STIM=b
11120794	42	RESP=1
11129454	42	STIM=f
11138575	42	RESP=1
11144867	42	STIM=p
11148284	42	RESP=1
11162630	42	STIM=v
11166840	42	RESP=1
11179535	42	STIM=a
11185551	42	RESP=1
11195299	42	STIM=m
11203560	42	RESP=1
11211914	42	STIM=g
11219446	42	RESP=1
11230397	42	STIM=1
11238087	42	RESP=2
11245422	42	STIM=v
11251407	42	RESP=1
11263874	42	STIM=l
11271351	42	RESP=1
11281354	42	STIM=s
11286516	42	RESP=1
11299227	42	STIM=o
11303170	42	RESP=1
11315651	42	STIM=m
11320684	42	RESP=1
11333393	42	STIM=p
11340166	42	RESP=1
11350647	42	STIM=a
11354074	42	RESP=1
11368095	42	STIM=u
11371652	42	RESP=1
11385164	42	STIM=1
11391886	42	RESP=2
11401005	42	STIM=3
11409179	42	RESP=2
11416585	42	STIM=a
11419490	42	RESP=1
11432396	42	STIM=y
11437126	42	RESP=2
11450424	42	STIM=o
11457977	42	RESP=2
11466576	42	STIM=i
11469906	42	RESP=1
11482490	42	STIM=p
11485999	42	RESP=1
11500095	42	STIM=r
11502955	42	RESP=1
11518375	42	STIM=p
11526595	42	RESP=1
11536695	42	STIM=m
11541815	42	RESP=1
11555076	42	STIM=s
11559445	42	RESP=1
11571520	42	STIM=o
11580216	42	RESP=1
11588770	42	STIM=x
11593935	42	RESP=1
11605543	42	STIM=u
11612663	42	RESP=1
11621100	42	STIM=8
11628988	42	RESP=2
11637540	42	STIM=g
11642486	42	RESP=1
11654601	42	STIM=q
11660703	42	RESP=1
11673025	42	STIM=t
11678370	42	RESP=1
11690370	42	STIM=x
11695491	42	RESP=1
11707321	42	STIM=e
11713180	42	RESP=1
11725486	42	STIM=o
11731373	42	RESP=1
11741088	42	STIM=e
11745955	42	RESP=2
11758288	42	STIM=n
11770762	42	RESP=1
11775441	42	STIM=y
11779452	42	RESP=1
11790910	42	STIM=5
11798493	42	RESP=1
11806817	42	STIM=q
11811664	42	RESP=1
11823483	42	STIM=2
11828026	42	RESP=2
11839347	42	STIM=x
11845765	42	RESP=1
11858297	42	STIM=s
11868413	42	RESP=1
11877010	42	STIM=6
11885204	42	RESP=2
11894548	42	STIM=1
11901393	42	RESP=2
11909639	42	STIM=r
11912610	42	RESP=1
11928329	42	STIM=n
11938652	42	RESP=1
11943445	42	STIM=0
11951119	42	RESP=2
11960209	42	STIM=o
11963251	42	RESP=1
11977441	42	STIM=g
11980534	42	RESP=1
11994462	42	STIM=c
11999716	42	RESP=1
12010496	42	STIM=r
12018407	42	RESP=1
12029465	42	STIM=k
12034610	42	RESP=1
12046284	42	STIM=t
12053172	42	RESP=1
12064141	42	STIM=p
12070957	42	RESP=1
12081136	42	STIM=w
12086432	42	RESP=1
12096697	42	STIM=j
12099610	42	RESP=1
12114988	42	STIM=j
12120305	42	RESP=1
12130931	42	STIM=7
12143673	42	RESP=2
12146482	42	STIM=n
12152686	42	RESP=1
12162498	42	STIM=c
12170745	42	RESP=1
12178135	42	STIM=q
12183375	42	RESP=1
12195314	42	STIM=s
12201878	42	RESP=1
12212845	42	STIM=b
12215719	42	RESP=2
12230480	42	STIM=4
12235959	42	RESP=2
12248703	42	STIM=n
12259935	42	RESP=1
12264288	42	STIM=q
12269982	42	RESP=1
12279880	42	STIM=c
12285457	42	RESP=1
12298044	42	STIM=e
12302389	42	RESP=1
12313908	42	STIM=y
12317241	42	RESP=1
12332806	42	STIM=o
12337653	42	RESP=1
12348370	42	STIM=2
12352846	42	RESP=2
12363624	42	STIM=s
12368777	42	RESP=1
12379683	42	STIM=q
12385108	42	RESP=1
12394844	42	STIM=7
12402112	42	RESP=2
12410781	42	STIM=p
12415780	42	RESP=1
12426584	42	STIM=l
12434953	42	RESP=1
12441638	42	STIM=e
12447785	42	RESP=1
12457638	42	STIM=t
12465996	42	RESP=1
12473833	42	STIM=d
12478475	42	RESP=1
12491936	42	STIM=6
12499913	42	RESP=1
12507862	42	STIM=f
12514101	42	RESP=1
12524559	42	STIM=d
12528808	42	RESP=1
12541399	42	STIM=h
12546602	42	RESP=1
12557793	42	STIM=k
12562236	42	RESP=1
12576622	42	STIM=s
12580807	42	RESP=1
12594101	42	STIM=f
12599785	42	RESP=1
12611069	42	STIM=x
12614865	42	RESP=1
12626288	42	STIM=n
12631880	42	RESP=2
12643930	42	STIM=8
12652125	42	RESP=2
12662323	42	STIM=a
12669483	42	RESP=1
12681319	42	STIM=v
12687881	42	RESP=2
12700250	42	STIM=q
12704662	42	RESP=1
12717816	42	STIM=b
12721268	42	RESP=1
12733702	42	STIM=p
12736421	42	RESP=2
12750782	42	STIM=w
12756974	42	RESP=1
12768254	42	STIM=w
12772395	42	RESP=1
12786874	42	STIM=v
12792230	42	RESP=1
12804099	42	STIM=t
12810950	42	RESP=1
12822703	42	STIM=n
12828603	42	RESP=1
12837752	42	STIM=v
12841847	42	RESP=1
12853737	42	STIM=v
12859747	42	RESP=1
12871416	42	STIM=h
12875590	42	RESP=1
12887049	42	STIM=x
12893893	42	RESP=1
12902866	42	STIM=e
12906547	42	RESP=1
12919797	42	STIM=l
12923614	42	RESP=1
12936406	42	STIM=r
12941534	42	RESP=1
12952244	42	STIM=o
12958701	42	RESP=1
12969988	42	STIM=6
12979368	42	RESP=2
12988413	42	STIM=b
12993721	42	RESP=1
13006335	42	STIM=t
13011239	42	RESP=1
13022762	42	STIM=0
13030442	42	RESP=2
13039337	42	STIM=d
13046579	42	RESP=1
13058306	42	STIM=s
13062557	42	RESP=1
13073984	42	STIM=q
13079134	42	RESP=1
13090665	42	STIM=d
13098213	42	RESP=1
13106268	42	STIM=t
13113219	42	RESP=1
13123693	42	STIM=z
13127421	42	RESP=1
13138861	42	STIM=d
13142985	42	RESP=1
13156843	42	STIM=4
13162791	42	RESP=2
13173681	42	STIM=l
13178681	42	RESP=1
13190673	42	STIM=5
13197287	42	RESP=2
13208099	42	STIM=3
13212787	42	RESP=2
13223316	42	STIM=s
13228608	42	RESP=1
13239685	42	STIM=j
13243444	42	RESP=1
13258215	42	STIM=0
13265855	42	RESP=2
13274798	42	STIM=5
13280011	42	RESP=2
13290577	42	STIM=j
13297009	42	RESP=1
13309317	42	STIM=z
13318123	42	RESP=1
13324977	42	STIM=7
13332449	42	RESP=2
13343859	42	STIM=f
13350081	42	RESP=1
13362309	42	STIM=5
13366539	42	RESP=1
13379992	42	STIM=f
13385863	42	RESP=1
13398465	42	STIM=m
13406446	42	RESP=1
13417064	42	STIM=h
13420825	42	RESP=1
13433091	42	STIM=v
13442625	42	RESP=1
13449298	42	STIM=p
13453855	42	RESP=1
13467600	42	STIM=u
13473349	42	RESP=1
13485520	42	STIM=t
13491486	42	RESP=1
13503728	42	STIM=z
13507054	42	RESP=1
13522400	42	STIM=t
13525151	42	RESP=1
13537479	42	STIM=v
13541640	42	RESP=1
13552790	42	STIM=s
13559898	42	RESP=1
13569136	42	STIM=9
13574840	42	RESP=2
13587984	42	STIM=c
13591125	42	RESP=1
13604882	42	STIM=x
13610479	42	RESP=1
13623379	42	STIM=2
13630690	42	RESP=2
13640227	42	STIM=2
13645154	42	RESP=1
13656353	42	STIM=f
13660468	42	RESP=1
13673642	42	STIM=k
13676975	42	RESP=1
13689157	42	STIM=z
13693421	42	RESP=1
13704481	42	STIM=s
13709915	42	RESP=1
13720169	42	STIM=x
13724746	42	RESP=1
13736586	42	STIM=s
13741096	42	RESP=1
13751591	42	STIM=2
13756072	42	RESP=1
13770496	42	STIM=m
13775217	42	RESP=1
13788111	42	STIM=u
13792887	42	RESP=1
13803584	42	STIM=4
13812769	42	RESP=2
13819207	42	STIM=i
13823210	42	RESP=1
13835992	42	STIM=1
13841949	42	RESP=2
13853014	42	STIM=5
13860330	42	RESP=2
13869226	42	STIM=e
13873699	42	RESP=1
13886284	42	STIM=m
13891305	42	RESP=1
13904072	42	STIM=b
13909512	42	RESP=2
13922351	42	STIM=q
13925710	42	RESP=2
13937938	42	STIM=w
13946714	42	RESP=1
13955133	42	STIM=m
13957548	42	RESP=1
13970836	42	STIM=f
13979516	42	RESP=1
13986370	42	STIM=f
13991648	42	RESP=1
14005134	42	STIM=g
14009824	42	RESP=2
14022448	42	STIM=f
14028278	42	RESP=1
14038429	42	STIM=t
14043628	42	RESP=1
14053867	42	STIM=a
14060466	42	RESP=1
14070567	42	STIM=d
14077671	42	RESP=1
14087025	42	STIM=f
14093846	42	RESP=1
14104614	42	STIM=w
14113978	42	RESP=1
14123430	42	STIM=c
14127378	42	RESP=1
14139988	42	STIM=7
14147150	42	RESP=2
14156766	42	STIM=g
14164995	42	RESP=1
14172306	42	STIM=j
14176618	42	RESP=1
14187416	42	STIM=6
14192522	42	RESP=2
14205494	42	STIM=e
14216153	42	RESP=1
14221648	42	STIM=s
14227381	42	RESP=1
14239414	42	STIM=b
14245005	42	RESP=1
14255056	42	STIM=h
14266211	42	RESP=1
14272625	42	STIM=v
14276376	42	RESP=1
14291339	42	STIM=m
14296173	42	RESP=1
14306894	42	STIM=2
14312801	42	RESP=2
14321907	42	STIM=q
14325863	42	RESP=2
14340826	42	STIM=a
14344887	42	RESP=1
14358478	42	STIM=s
14365991	42	RESP=1
14375835	42	STIM=d
14381047	42	RESP=1
14392604	42	STIM=n
14401335	42	RESP=1
14410833	42	STIM=e
14415643	42	RESP=1
14428336	42	STIM=r
14434315	42	RESP=1
14446483	42	STIM=e
14450536	42	RESP=1
14463275	42	STIM=g
14468085	42	RESP=1
14480792	42	STIM=r
14485819	42	RESP=1
14499108	42	STIM=7
14506757	42	RESP=2
14517918	42	STIM=b
14523210	42	RESP=1
14533027	42	STIM=l
14539302	42	RESP=1
14550540	42	STIM=3
14556007	42	RESP=2
14566639	42	STIM=q
14575822	42	RESP=1
14582593	42	STIM=g
14589985	42	RESP=1
14600160	42	STIM=r
14605357	42	RESP=1
14618015	42	STIM=n
14623261	42	RESP=1
14635096	42	STIM=a
14641586	42	RESP=1
14650351	42	STIM=4
14657299	42	RESP=2
14666525	42	STIM=p
14670769	42	RESP=1
14684960	42	STIM=n
14690707	42	RESP=1
14700375	42	STIM=f
14706613	42	RESP=1
14716558	42	STIM=p
14729544	42	RESP=1
14735200	42	STIM=v
14740892	42	RESP=1
14751220	42	STIM=w
14754149	42	RESP=1
14766653	42	STIM=i
14776468	42	RESP=1
14784939	42	STIM=p
14789751	42	RESP=2
14803765	42	STIM=a
14808393	42	RESP=1
14818777	42	STIM=j
14823519	42	RESP=1
14835449	42	STIM=w
14840722	42	RESP=1
14852020	42	STIM=4
14857802	42	RESP=2
14867242	42	STIM=m
14872357	42	RESP=1
14885430	42	STIM=k
14889690	42	RESP=1
14902989	42	STIM=y
14907666	42	RESP=1
14920693	42	STIM=z
14924616	42	RESP=1
14939570	42	STIM=o
14944631	42	RESP=1
14955975	42	STIM=b
14960738	42	RESP=1
14974949	42	STIM=k
14978886	42	RESP=1
14991122	42	STIM=n
15000727	42	RESP=1
15009685	42	STIM=l
15016469	42	RESP=1
15025327	42	STIM=3
15031355	42	RESP=1
15044090	42	STIM=j
15047697	42	RESP=1
15061044	42	STIM=y
15063853	42	RESP=1
15078806	42	STIM=l
15083557	42	RESP=1
15095721	42	STIM=9
15102528	42	RESP=2
15114475	42	STIM=l
15121768	42	RESP=1
15129775	42	STIM=r
15133702	42	RESP=1
15147086	42	STIM=7
15153546	42	RESP=1
15165215	42	STIM=s
15169537	42	RESP=1
15183827	42	STIM=d
15188180	42	RESP=1
15199510	42	STIM=x
15204457	42	RESP=1
15217794	42	STIM=h
15223652	42	RESP=1
15233297	42	STIM=7
15240815	42	RESP=2
15249045	42	STIM=v
15254004	42	RESP=1
15264270	42	STIM=c
15269126	42	RESP=1
15282893	42	STIM=1
15289316	42	RESP=2
15301383	42	STIM=g
15310196	42	RESP=1
15320094	42	STIM=0
15327319	42	RESP=1
15336706	42	STIM=n
15341507	42	RESP=1
15352057	42	STIM=h
15358363	42	RESP=1
15367543	42	STIM=r
15370903	42	RESP=1
15383099	42	STIM=d
15387360	42	RESP=1
15400822	42	STIM=t
15404709	42	RESP=1
15419449	42	STIM=3
15433983	42	RESP=2
15435546	42	STIM=w
15440054	42	RESP=1
15451747	42	STIM=t
15456938	42	RESP=1
15469034	42	STIM=o
15472540	42	RESP=1
15486220	42	STIM=y
15491870	42	RESP=1
15503884	42	STIM=2
15509525	42	RESP=2
15520635	42	STIM=h
15527413	42	RESP=1
15539017	42	STIM=2
15546078	42	RESP=1
15555495	42	STIM=6
15562449	42	RESP=2
15573435	42	STIM=u
15578272	42	RESP=1
15589941	42	STIM=c
15599824	42	RESP=1
15607109	42	STIM=u
15612194	42	RESP=1
15622901	42	STIM=d
15630804	42	RESP=1
15640622	42	STIM=p
15647740	42	RESP=1
15656873	42	STIM=v
15662119	42	RESP=1
15675710	42	STIM=r
15682005	42	RESP=1
15690969	42	STIM=y
15697039	42	RESP=1
15708856	42	STIM=l
15713689	42	RESP=1
15726522	42	STIM=r
15734080	42	RESP=1
15744031	42	STIM=4
15748172	42	RESP=1
15762085	42	STIM=s
15768168	42	RESP=1
15779900	42	STIM=f
15785401	42	RESP=1
15795328	42	STIM=u
15801661	42	RESP=1
15813175	42	STIM=m
15817424	42	RESP=2
15829075	42	STIM=e
15833746	42	RESP=1
15846335	42	STIM=e
15850448	42	RESP=1
15862292	42	STIM=z
15870038	42	RESP=2
15879086	42	STIM=h
15882210	42	RESP=1
15895382	42	STIM=n
15905791	42	RESP=1
15913307	42	STIM=o
15917993	42	RESP=1
15928488	42	STIM=k
15933878	42	RESP=1
15947266	42	STIM=u
15950420	42	RESP=1
15962858	42	STIM=c
15965808	42	RESP=1
15979650	42	STIM=c
15986119	42	RESP=1
15995449	42	STIM=g
16000797	42	RESP=1
16011321	42	STIM=n
16021894	42	RESP=1
16030200	42	STIM=e
16033242	42	RESP=1
16045579	42	STIM=l
16050305	42	RESP=1
16061895	42	STIM=l
16070137	42	RESP=1
16080067	42	STIM=v
16087574	42	RESP=1
16097658	42	STIM=i
16103242	42	RESP=1
16113334	42	STIM=4
16121571	42	RESP=1
16131949	42	STIM=8
16137293	42	RESP=2
16147151	42	STIM=h
16153890	42	RESP=1
16162687	42	STIM=c
16166748	42	RESP=1
16181628	42	STIM=e
16185648	42	RESP=1
16196816	42	STIM=l
16201178	42	RESP=1
16215302	42	STIM=z
16218698	42	RESP=1
16231310	42	STIM=g
16236417	42	RESP=1
16250044	42	STIM=a
16257244	42	RESP=1
16265146	42	STIM=l
16269866	42	RESP=1
16280837	42	STIM=l
16288013	42	RESP=1
16296740	42	STIM=7
16303994	42	RESP=2
16313162	42	STIM=j
16323472	42	RESP=1
16328589	42	STIM=y
16334535	42	RESP=1
16347359	42	STIM=4
16356026	42	RESP=2
16366221	42	STIM=l
16375597	42	RESP=1
16384520	42	STIM=e
16390939	42	RESP=1
16403312	42	STIM=r
16406984	42	RESP=1
16422266	42	STIM=1
16426989	42	RESP=2
16438911	42	STIM=v
16447648	42	RESP=1
16454642	42	STIM=g
16460039	42	RESP=1
16470779	42	STIM=6
16477064	42	RESP=2
16489342	42	STIM=x
16499509	42	RESP=1
16505304	42	STIM=l
16513439	42	RESP=1
16520627	42	STIM=k
16524239	42	RESP=1
16538813	42	STIM=z
16543124	42	RESP=1
16557318	42	STIM=4
16565084	42	RESP=1
16574368	42	STIM=2
16579585	42	RESP=2
16592039	42	STIM=t
16599206	42	RESP=1
16609402	42	STIM=9
16615644	42	RESP=2
16625874	42	STIM=a
16634725	42	RESP=1
16640954	42	STIM=7
16648184	42	RESP=2
16659358	42	STIM=9
16664217	42	RESP=1
16675043	42	STIM=t
16679096	42	RESP=1
16691033	42	STIM=i
16696271	42	RESP=1
16709454	42	STIM=h
16714951	42	RESP=1
16728269	42	STIM=a
16733001	42	RESP=1
16747033	42	STIM=m
16751603	42	RESP=1
16763863	42	STIM=k
16770161	42	RESP=1
16781987	42	STIM=c
16785986	42	RESP=1
16798636	42	STIM=s
16806118	42	RESP=1
16813995	42	STIM=y
16817550	42	RESP=1
16829407	42	STIM=b
16833870	42	RESP=1
16846650	42	STIM=p
16852139	42	RESP=1
16864941	42	STIM=z
16872832	42	RESP=1
16882711	42	STIM=s
16889499	42	RESP=1
16900368	42	STIM=k
16909567	42	RESP=1
16917975	42	STIM=m
16924205	42	RESP=1
16936130	42	STIM=g
16942361	42	RESP=1
16951896	42	STIM=n
16955911	42	RESP=1
16969568	42	STIM=c
16976726	42	RESP=1
16988060	42	STIM=h
16991401	42	RESP=1
17003358	42	STIM=t
17009665	42	RESP=1
17020138	42	STIM=9
17033179	42	RESP=2
17035159	42	STIM=f
17041982	42	RESP=1
17052816	42	STIM=q
17058922	42	RESP=1
17067957	42	STIM=u
17074225	42	RESP=1
17084667	42	STIM=9
17093153	42	RESP=1
17102228	42	STIM=i
17111247	42	RESP=1
17118453	42	STIM=b
17121767	42	RESP=2
17136191	42	STIM=j
17141021	42	RESP=1
17152707	42	STIM=b
17156318	42	RESP=1
17168042	42	STIM=2
17173988	42	RESP=1
17183503	42	STIM=l
17190011	42	RESP=1
17199205	42	STIM=b
17203929	42	RESP=1
17216544	42	STIM=r
17221492	42	RESP=1
17233404	42	STIM=1
17238362	42	RESP=2
17251870	42	STIM=f
17260343	42	RESP=1
17266877	42	STIM=e
17272141	42	RESP=1
17284523	42	STIM=b
17289176	42	RESP=1
17302413	42	STIM=s
17306930	42	RESP=1
17318707	42	STIM=7
17324051	42	RESP=2
17335258	42	STIM=x
17341196	42	RESP=1
17353588	42	STIM=y
17358809	42	RESP=1
17369014	42	STIM=v
17375187	42	RESP=1
17387593	42	STIM=i
17392206	42	RESP=1
17403069	42	STIM=l
17410683	42	RESP=1
17421904	42	STIM=e
17425556	42	RESP=1
17439474	42	STIM=1
17445500	42	RESP=2
17455907	42	STIM=i
17460599	42	RESP=1
17473260	42	STIM=d
17480275	42	RESP=1
17490153	42	STIM=q
17494298	42	RESP=1
17506928	42	STIM=a
17509849	42	RESP=1
17523456	42	STIM=w
17528718	42	RESP=1
17541611	42	STIM=e
17545603	42	RESP=1
17556674	42	STIM=i
17566173	42	RESP=1
17573791	42	STIM=z
17583414	42	RESP=1
17591508	42	STIM=e
17600276	42	RESP=1
17609434	42	STIM=3
17617945	42	RESP=2
17627009	42	STIM=0
17633103	42	RESP=2
17642712	42	STIM=k
17650478	42	RESP=1
17658645	42	STIM=k
17665594	42	RESP=1
17676589	42	STIM=2
17682398	42	RESP=2
17693400	42	STIM=4
17699402	42	RESP=1
17708835	42	STIM=h
17717423	42	RESP=1
17725205	42	STIM=2
17730214	42	RESP=2
17743934	42	STIM=7
17751005	42	RESP=2
17761815	42	STIM=s
17765728	42	RESP=1
17779456	42	STIM=z
17784637	42	RESP=1
17797986	42	STIM=o
17804264	42	RESP=1
17815625	42	STIM=i
17820225	42	RESP=1
17832334	42	STIM=7
17839207	42	RESP=2
17850979	42	STIM=a
17856137	42	RESP=1
17868797	42	STIM=7
17880195	42	RESP=2
17884545	42	STIM=x
17888415	42	RESP=1
17902917	42	STIM=j
17909619	42	RESP=1
17921591	42	STIM=n
17928993	42	RESP=1
17938953	42	STIM=0
17946449	42	RESP=2
17956479	42	STIM=e
17959733	42	RESP=1
17971622	42	STIM=i
17979511	42	RESP=1
17988306	42	STIM=t
17993332	42	RESP=1
18006302	42	STIM=s
18010831	42	RESP=1
18025255	42	STIM=f
18029143	42	RESP=1
18041132	42	STIM=q
18047694	42	RESP=1
18057002	42	STIM=1
18065690	42	RESP=1
18075152	42	STIM=1
18079328	42	RESP=2
18093204	42	STIM=b
18098310	42	RESP=1
18112102	42	STIM=q
18116438	42	RESP=1
18129314	42	STIM=r
18136968	42	RESP=1
18145485	42	STIM=x
18153192	42	RESP=1
18162882	42	STIM=i
18169067	42	RESP=1
18179822	42	STIM=4
18187598	42	RESP=2
18197070	42	STIM=a
18203220	42	RESP=2
18213205	42	STIM=w
18222876	42	RESP=1
18229311	42	STIM=t
18233780	42	RESP=1
18245169	42	STIM=d
18248894	42	RESP=1
18261748	42	STIM=x
18271507	42	RESP=2
18278388	42	STIM=e
18287352	42	RESP=1
18295199	42	STIM=a
18301430	42	RESP=1
18312295	42	STIM=p
18318502	42	RESP=1
18327533	42	STIM=4
18335084	42	RESP=2
18345665	42	STIM=e
18352891	42	RESP=2
18362941	42	STIM=b
18366097	42	RESP=1
18378789	42	STIM=w
18384532	42	RESP=1
18397567	42	STIM=r
18404893	42	RESP=1
18415532	42	STIM=m
18424450	42	RESP=1
18434027	42	STIM=s
18441339	42	RESP=1
18449283	42	STIM=j
18453599	42	RESP=1
18466935	42	STIM=q
18471916	42	RESP=1
18483408	42	STIM=x
18490262	42	RESP=1
18500162	42	STIM=3
18505244	42	RESP=2
18518573	42	STIM=k
18524713	42	RESP=1
18535418	42	STIM=u
18538186	42	RESP=1
18551526	42	STIM=6
18562962	42	RESP=2
18569891	42	STIM=s
18578164	42	RESP=1
18588305	42	STIM=l
18592180	42	RESP=1
18605748	42	STIM=y
18610140	42	RESP=2
18622894	42	STIM=v
18627735	42	RESP=1
18641576	42	STIM=q
18645707	42	RESP=1
18657142	42	STIM=z
18669226	42	RESP=1
18674058	42	STIM=l
18677539	42	RESP=1
18691578	42	STIM=5
18697012	42	RESP=2
18707853	42	STIM=d
18711487	42	RESP=1
18723591	42	STIM=5
18729644	42	RESP=2
18739528	42	STIM=w
18751581	42	RESP=1
18754697	42	STIM=v
18759612	42	RESP=1
18773078	42	STIM=8
18780480	42	RESP=2
18789849	42	STIM=l
18793089	42	RESP=1
18806786	42	STIM=s
18815420	42	RESP=2
18822547	42	STIM=p
18827270	42	RESP=1
18840238	42	STIM=i
18845725	42	RESP=1
18857438	42	STIM=w
18864079	42	RESP=1
18872507	42	STIM=g
18881196	42	RESP=1
18889153	42	STIM=e
18894987	42	RESP=1
18905042	42	STIM=x
18912703	42	RESP=1
18920681	42	STIM=b
18927234	42	RESP=1
18936513	42	STIM=o
18941423	42	RESP=1
18954124	42	STIM=e
18960832	42	RESP=1
18969932	42	STIM=j
18974913	42	RESP=1
18987199	42	STIM=w
18992692	42	RESP=1
19005551	42	STIM=m
19011501	42	RESP=1
19021662	42	STIM=n
19028670	42	RESP=1
19037617	42	STIM=3
19044266	42	RESP=2
19056230	42	STIM=2
19063202	42	RESP=1
19072295	42	STIM=v
19077489	42	RESP=1
19090613	42	STIM=z
19096524	42	RESP=1
19109062	42	STIM=x
19118809	42	RESP=1
19124698	42	STIM=e
19130670	42	RESP=1
19142239	42	STIM=s
19150160	42	RESP=1
19158366	42	STIM=o
19163652	42	RESP=1
19176265	42	STIM=6
19184054	42	RESP=2
19194499	42	STIM=k
19198363	42	RESP=1
19212538	42	STIM=e
19215214	42	RESP=1
19230373	42	STIM=9
19237034	42	RESP=2
19246734	42	STIM=d
19258781	42	RESP=1
19263047	42	STIM=x
19267812	42	RESP=2
19278834	42	STIM=9
19285832	42	RESP=2
19295866	42	STIM=u
19298900	42	RESP=1
19312050	42	STIM=n
19316103	42	RESP=1
19329952	42	STIM=f
19336377	42	RESP=1
19348469	42	STIM=0
19353167	42	RESP=2
19364094	42	STIM=h
19369005	42	RESP=1
19380908	42	STIM=i
19388709	42	RESP=1
19396774	42	STIM=5
19402409	42	RESP=2
19413454	42	STIM=z
19418847	42	RESP=1
19431267	42	STIM=u
19439631	42	RESP=1
19450146	42	STIM=v
19457223	42	RESP=2
19466845	42	STIM=g
19471479	42	RESP=1
19482707	42	STIM=t
19486040	42	RESP=2
19500572	42	STIM=w
19506515	42	RESP=1
19518817	42	STIM=l
19524756	42	RESP=1
19537170	42	STIM=y
19541991	42	RESP=1
19553817	42	STIM=7
19563024	42	RESP=1
19569777	42	STIM=3
19575576	42	RESP=2
19586886	42	STIM=8
19591141	42	RESP=2
19602873	42	STIM=9
19609554	42	RESP=2
19620260	42	STIM=b
19623185	42	RESP=1
19635876	42	STIM=1
19644080	42	RESP=2
19652683	42	STIM=k
19658997	42	RESP=1
19669432	42	STIM=j
19673419	42	RESP=1
19686104	42	STIM=k
19701516	42	RESP=1
19703512	42	STIM=q
19707843	42	RESP=1
19721484	42	STIM=5
19729779	42	RESP=2
19737841	42	STIM=l
19744948	42	RESP=1
19752844	42	STIM=7
19756893	42	RESP=1
19771775	42	STIM=6
19780431	42	RESP=2
19787533	42	STIM=i
19797527	42	RESP=1
19805877	42	STIM=t
19812463	42	RESP=1
19822619	42	STIM=i
19826914	42	RESP=2
19838245	42	STIM=v
19847208	42	RESP=1
19853344	42	STIM=v
19859963	42	RESP=1
19868392	42	STIM=s
19872584	42	RESP=1
19886474	42	STIM=8
19892331	42	RESP=2
19903194	42	STIM=f
19912413	42	RESP=1
19920487	42	STIM=g
19924128	42	RESP=1
19936595	42	STIM=s
19947728	42	RESP=1
19953004	42	STIM=4
19959579	42	RESP=2
19969959	42	STIM=c
19975897	42	RESP=1
19988844	42	STIM=g
19992974	42	RESP=1
20005188	42	STIM=a
20010418	42	RESP=1
20022734	42	STIM=1
20032035	42	RESP=2
20039930	42	STIM=i
20046831	42	RESP=1
20056064	42	STIM=l
20061482	42	RESP=1
20071626	42	STIM=n
20081650	42	RESP=1
20088609	42	STIM=d
20094430	42	RESP=1
20103848	42	STIM=n
20112223	42	RESP=1
20119977	42	STIM=h
20127845	42	RESP=1
20135573	42	STIM=6
20145177	42	RESP=2
20151034	42	STIM=t
20153806	42	RESP=1
20169069	42	STIM=6
20174393	42	RESP=2
20185633	42	STIM=e
20189772	42	RESP=1
20200638	42	STIM=i
20205781	42	RESP=1
20218887	42	STIM=1
20222793	42	RESP=2
20234229	42	STIM=r
20238127	42	RESP=1
20252972	42	STIM=d
20258568	42	RESP=1
20268825	42	STIM=p
20276815	42	RESP=1
20284834	42	STIM=m
20288956	42	RESP=1
20301773	42	STIM=d
20305182	42	RESP=1
20318340	42	STIM=3
20326835	42	RESP=2
20336405	42	STIM=y
20342959	42	RESP=1
20353905	42	STIM=j
20358821	42	RESP=1
20371736	42	STIM=n
20380295	42	RESP=1
20389451	42	STIM=7
20396498	42	RESP=1
20407699	42	STIM=z
20412067	42	RESP=1
20422823	42	STIM=0
20427383	42	RESP=2
20440057	42	STIM=5
20444675	42	RESP=2
20458480	42	STIM=y
20462167	42	RESP=1
20473967	42	STIM=x
20478226	42	RESP=1
20490210	42	STIM=x
20496610	42	RESP=1
20507889	42	STIM=8
20513798	42	RESP=2
20523736	42	STIM=2
20533254	42	RESP=2
20540044	42	STIM=6
20545477	42	RESP=2
20558552	42	STIM=c
20562655	42	RESP=1
20576239	42	STIM=y
20583018	42	RESP=1
20593799	42	STIM=9
20599619	42	RESP=2
20609624	42	STIM=r
20614182	42	RESP=1
20625297	42	STIM=3
20631014	42	RESP=2
20641783	42	STIM=w
20650119	42	RESP=1
20659604	42	STIM=d
20664317	42	RESP=1
20678005	42	STIM=5
20685661	42	RESP=2
20696133	42	STIM=m
20699808	42	RESP=1
20714494	42	STIM=2
20723402	42	RESP=1
20729507	42	STIM=q
20732685	42	RESP=1
20745482	42	STIM=n
20750802	42	RESP=1
20762047	42	STIM=n
20765617	42	RESP=1
20780327	42	STIM=w
20787030	42	RESP=1
20795351	42	STIM=s
20801696	42	RESP=1
20811684	42	STIM=5
20823374	42	RESP=2
20830461	42	STIM=v
20837819	42	RESP=1
20848135	42	STIM=r
20852512	42	RESP=1
20866724	42	STIM=5
20871667	42	RESP=2
20882294	42	STIM=n
20887958	42	RESP=2
20898307	42	STIM=l
20903668	42	RESP=1
20915861	42	STIM=b
20919431	42	RESP=1
20931065	42	STIM=x
20935784	42	RESP=1
20947665	42	STIM=q
20950987	42	RESP=1
20962969	42	STIM=b
20966190	42	RESP=1
20978557	42	STIM=y
20984414	42	RESP=1
20997235	42	STIM=h
21000645	42	RESP=1
21014609	42	STIM=t
21021017	42	RESP=1
21031875	42	STIM=b
21037680	42	RESP=2
21048042	42	STIM=d
21054706	42	RESP=1
21064001	42	STIM=x
21067474	42	RESP=1
21081126	42	STIM=r
21084426	42	RESP=1
21097521	42	STIM=w
21101340	42	RESP=1
21113256	42	STIM=6
21120185	42	RESP=2
21128908	42	STIM=d
21133029	42	RESP=1
21146832	42	STIM=y
21151760	42	RESP=1
21162653	42	STIM=f
21167145	42	RESP=1
21178728	42	STIM=p
21183069	42	RESP=1
21193980	42	STIM=j
21202029	42	RESP=1
21209713	42	STIM=7
21215951	42	RESP=2
21226492	42	STIM=b
21231430	42	RESP=1
21243021	42	STIM=y
21250403	42	RESP=1
21258055	42	STIM=x
21262004	42	RESP=1
21273362	42	STIM=p
21278762	42	RESP=1
21290264	42	STIM=z
21295090	42	RESP=1
21307802	42	STIM=5
21313303	42	RESP=2
21324267	42	STIM=h
21333293	42	RESP=1
21341693	42	STIM=i
21347277	42	RESP=1
21359144	42	STIM=c
21362980	42	RESP=1
21374680	42	STIM=g
21381070	42	RESP=1
21393278	42	STIM=6
21397570	42	RESP=2
21410634	42	STIM=1
21416838	42	RESP=1
21428712	42	STIM=d
21435629	42	RESP=1
21446152	42	STIM=n
21448984	42	RESP=1
21461501	42	STIM=h
21468062	42	RESP=1
21477962	42	STIM=f
21482477	42	RESP=1
21496134	42	STIM=x
21502279	42	RESP=1
21512950	42	STIM=6
21518506	42	RESP=2
21531156	42	STIM=v
21535486	42	RESP=1
21548166	42	STIM=a
21554592	42	RESP=1
21564784	42	STIM=n
21571088	42	RESP=1
21582852	42	STIM=k
21590534	42	RESP=1
21598323	42	STIM=h
21606365	42	RESP=1
21616565	42	STIM=q
21624506	42	RESP=1
21633577	42	STIM=m
21645203	42	RESP=1
21648752	42	STIM=3
21652605	42	RESP=2
21667275	42	STIM=y
21671606	42	RESP=1
21683371	42	STIM=l
21690297	42	RESP=1
21698727	42	STIM=t
21706157	42	RESP=1
21717032	42	STIM=r
21722336	42	RESP=1
21734867	42	STIM=g
21740623	42	RESP=1
21753059	42	STIM=w
21758306	42	RESP=1
21769618	42	STIM=m
21772743	42	RESP=1
