# Original filename: 0052_LOE_2016-11-08.log
# Time unit: 100 us
# RARECAT=digit
#
# Time	HHGG	Event
30385	42	STIM=3
36628	42	RESP=2
47080	42	STIM=v
52627	42	RESP=1
62982	42	STIM=7
71130	42	RESP=1
78578	42	STIM=h
85374	42	RESP=1
95785	42	STIM=5
101433	42	RESP=2
112601	42	STIM=7
124191	42	RESP=2
131405	42	STIM=i
135407	42	RESP=1
149043	42	STIM=8
154693	42	RESP=2
166093	42	STIM=o
169613	42	RESP=1
182575	42	STIM=1
191614	42	RESP=2
200114	42	STIM=y
208504	42	RESP=1
217501	42	STIM=t
225505	42	RESP=1
233011	42	STIM=f
238572	42	RESP=1
250937	42	STIM=i
258318	42	RESP=1
268755	42	STIM=k
274249	42	RESP=1
285947	42	STIM=n
291205	42	RESP=1
304104	42	STIM=7
314644	42	RESP=2
322502	42	STIM=t
327320	42	RESP=1
341165	42	STIM=w
347579	42	RESP=1
356228	42	STIM=t
362140	42	RESP=1
374399	42	STIM=h
380179	42	RESP=1
389627	42	STIM=t
396266	42	RESP=1
407699	42	STIM=j
418163	42	RESP=1
424713	42	STIM=t
428399	42	RESP=1
439847	42	STIM=r
446000	42	RESP=1
457326	42	STIM=a
462650	42	RESP=1
472811	42	STIM=a
479256	42	RESP=1
488053	42	STIM=w
491960	42	RESP=1
505611	42	STIM=a
515706	42	RESP=1
522579	42	STIM=t
527155	42	RESP=2
538421	42	STIM=p
549311	42	RESP=1
553658	42	STIM=0
565495	42	RESP=2
568984	42	STIM=l
576735	42	RESP=1
584677	42	STIM=o
596723	42	RESP=1
603476	42	STIM=0
610241	42	RESP=2
620481	42	STIM=7
628942	42	RESP=2
638492	42	STIM=f
642029	42	RESP=1
657426	42	STIM=b
660855	42	RESP=1
676269	42	STIM=b
680674	42	RESP=1
693846	42	STIM=e
699099	42	RESP=1
710681	42	STIM=0
717522	42	RESP=2
727496	42	STIM=w
735465	42	RESP=1
743409	42	STIM=c
749136	42	RESP=1
759709	42	STIM=d
763700	42	RESP=1
775657	42	STIM=h
780951	42	RESP=1
791628	42	STIM=k
797235	42	RESP=1
807890	42	STIM=6
813485	42	RESP=2
824814	42	STIM=i
829862	42	RESP=1
843303	42	STIM=0
850499	42	RESP=2
859267	42	STIM=j
864582	42	RESP=2
876489	42	STIM=c
879142	42	RESP=1
892428	42	STIM=b
898638	42	RESP=1
910923	42	STIM=u
916720	42	RESP=1
925939	42	STIM=9
932016	42	RESP=2
944004	42	STIM=q
953556	42	RESP=1
959859	42	STIM=s
964624	42	RESP=1
975487	42	STIM=i
980893	42	RESP=1
994034	42	STIM=r
1003136	42	RESP=1
1009655	42	STIM=m
1014878	42	RESP=1
1027865	42	STIM=z
1031656	42	RESP=1
1046022	42	STIM=h
1050266	42	RESP=1
1062450	42	STIM=n
1069666	42	RESP=1
1081384	42	STIM=5
1087441	42	RESP=2
1099230	42	STIM=2
1104948	42	RESP=2
1115712	42	STIM=r
1118789	42	RESP=1
1134251	42	STIM=m
1138717	42	RESP=1
1149610	42	STIM=k
1152845	42	RESP=1
1168029	42	STIM=9
1174588	42	RESP=2
1184749	42	STIM=p
1188960	42	RESP=1
1203677	42	STIM=c
1210943	42	RESP=1
1221865	42	STIM=p
1227913	42	RESP=1
1239486	42	STIM=c
1248349	42	RESP=1
1258379	42	STIM=v
1266296	42	RESP=1
1277232	42	STIM=t
1281052	42	RESP=1
1294876	42	STIM=d
1300752	42	RESP=1
1311186	42	STIM=i
1317670	42	RESP=1
1327106	42	STIM=w
1331259	42	RESP=1
1345959	42	STIM=g
1351995	42	RESP=1
1361871	42	STIM=h
1373057	42	RESP=1
1377510	42	STIM=5
1386239	42	RESP=1
1396056	42	STIM=o
1402749	42	RESP=1
1412436	42	STIM=5
1419448	42	RESP=2
1430351	42	STIM=3
1434097	42	RESP=1
1445607	42	STIM=x
1449369	42	RESP=2
1463890	42	STIM=b
1473547	42	RESP=1
1482660	42	STIM=b
1489462	42	RESP=2
1500295	42	STIM=i
1502793	42	RESP=1
1517690	42	STIM=m
1522870	42	RESP=1
1535106	42	STIM=d
1541135	42	RESP=1
1551545	42	STIM=y
1554540	42	RESP=1
1567390	42	STIM=s
1571883	42	RESP=1
1586137	42	STIM=y
1590653	42	RESP=2
1604625	42	STIM=o
1608219	42	RESP=1
1619661	42	STIM=j
1625431	42	RESP=1
1635063	42	STIM=d
1640356	42	RESP=1
1650402	42	STIM=t
1654984	42	RESP=1
1668678	42	STIM=w
1672140	42	RESP=1
1686201	42	STIM=m
1689426	42	RESP=1
1701680	42	STIM=6
1706782	42	RESP=2
1719520	42	STIM=r
1724540	42	RESP=1
1737680	42	STIM=v
1741178	42	RESP=2
1752981	42	STIM=n
1757601	42	RESP=1
1771112	42	STIM=p
1774761	42	RESP=1
1789263	42	STIM=p
1793271	42	RESP=1
1805938	42	STIM=4
1810446	42	RESP=2
1822461	42	STIM=p
1833439	42	RESP=2
1840201	42	STIM=v
1847662	42	RESP=1
1859067	42	STIM=v
1863006	42	RESP=1
1874407	42	STIM=g
1881273	42	RESP=1
1890936	42	STIM=e
1900767	42	RESP=1
1906483	42	STIM=c
1914794	42	RESP=1
1925425	42	STIM=o
1931863	42	RESP=1
1943851	42	STIM=p
1949955	42	RESP=1
1959323	42	STIM=s
1966339	42	RESP=2
1975947	42	STIM=3
1983937	42	RESP=2
1994543	42	STIM=b
2001243	42	RESP=1
2010212	42	STIM=3
2019670	42	RESP=2
2026813	42	STIM=k
2035196	42	RESP=1
2041922	42	STIM=o
2046429	42	RESP=1
2059707	42	STIM=f
2064524	42	RESP=1
2077994	42	STIM=k
2082651	42	RESP=1
2096032	42	STIM=c
2101926	42	RESP=2
2112349	42	STIM=6
2122193	42	RESP=1
2130280	42	STIM=v
2136629	42	RESP=1
2146917	42	STIM=w
2152883	42	RESP=1
2162669	42	STIM=c
2169366	42	RESP=1
2179854	42	STIM=u
2188385	42	RESP=1
2195769	42	STIM=c
2204677	42	RESP=1
2210981	42	STIM=r
2216190	42	RESP=1
2228167	42	STIM=s
2232530	42	RESP=1
2244698	42	STIM=7
2252094	42	RESP=2
2261527	42	STIM=y
2266766	42	RESP=1
2279000	42	STIM=v
2284266	42	RESP=1
2296818	42	STIM=m
2305709	42	RESP=1
2314048	42	STIM=d
2319614	42	RESP=1
2330346	42	STIM=t
2332933	42	RESP=1
2345749	42	STIM=c
2352976	42	RESP=1
2362056	42	STIM=s
2368871	42	RESP=1
2378959	42	STIM=a
2384633	42	RESP=1
2397437	42	STIM=x
2401589	42	RESP=1
2415861	42	STIM=a
2420486	42	RESP=1
2433998	42	STIM=d
2436927	42	RESP=2
2449437	42	STIM=t
2453615	42	RESP=2
2465531	42	STIM=q
2469481	42	RESP=1
2483155	42	STIM=s
2493489	42	RESP=1
2498578	42	STIM=8
2502586	42	RESP=1
2517503	42	STIM=x
2524231	42	RESP=1
2532904	42	STIM=h
2537781	42	RESP=1
2547931	42	STIM=t
2554889	42	RESP=1
2566686	42	STIM=c
2578941	42	RESP=1
2582048	42	STIM=i
2587548	42	RESP=1
2598604	42	STIM=s
2604511	42	RESP=1
2616800	42	STIM=z
2625193	42	RESP=1
2633175	42	STIM=8
2640339	42	RESP=1
2649188	42	STIM=t
2652556	42	RESP=1
2666510	42	STIM=m
2673548	42	RESP=1
2681880	42	STIM=0
2687647	42	RESP=2
2698900	42	STIM=8
2704036	42	RESP=2
2717253	42	STIM=n
2723856	42	RESP=1
2734360	42	STIM=c
2739218	42	RESP=1
2750177	42	STIM=n
2757670	42	RESP=1
2765715	42	STIM=v
2771775	42	RESP=1
2781133	42	STIM=l
2784745	42	RESP=1
2799808	42	STIM=3
2804859	42	RESP=2
2816383	42	STIM=r
2820319	42	RESP=1
2834985	42	STIM=2
2841172	42	RESP=2
2850354	42	STIM=r
2854373	42	RESP=1
2868149	42	STIM=f
2879495	42	RESP=1
2883694	42	STIM=q
2890057	42	RESP=1
2901260	42	STIM=n
2908054	42	RESP=1
2919266	42	STIM=h
2922795	42	RESP=1
2935894	42	STIM=s
2942043	42	RESP=1
2954512	42	STIM=1
2962958	42	RESP=2
2971873	42	STIM=8
2979584	42	RESP=2
2988664	42	STIM=y
2996314	42	RESP=1
3003909	42	STIM=r
3012218	42	RESP=1
3020480	42	STIM=6
3029948	42	RESP=2
3035667	42	STIM=2
3042269	42	RESP=1
3053428	42	STIM=b
3058336	42	RESP=1
3070691	42	STIM=k
3075243	42	RESP=1
3087470	42	STIM=p
3093736	42	RESP=1
3106437	42	STIM=r
3109399	42	RESP=1
3122154	42	STIM=t
3130453	42	RESP=1
3140096	42	STIM=v
3146587	42	RESP=1
3158559	42	STIM=g
3161284	42	RESP=2
3174746	42	STIM=v
3180790	42	RESP=1
3192083	42	STIM=y
3198568	42	RESP=1
3210992	42	STIM=l
3215662	42	RESP=1
3228389	42	STIM=e
3233699	42	RESP=1
3243898	42	STIM=g
3250820	42	RESP=1
3260579	42	STIM=1
3266141	42	RESP=2
3276956	42	STIM=c
3282378	42	RESP=1
3294581	42	STIM=a
3299812	42	RESP=1
3310076	42	STIM=m
3317603	42	RESP=1
3326428	42	STIM=m
3331778	42	RESP=1
3343931	42	STIM=0
3350815	42	RESP=1
3360041	42	STIM=n
3368615	42	RESP=1
3376562	42	STIM=m
3380726	42	RESP=1
3392468	42	STIM=f
3402617	42	RESP=1
3407989	42	STIM=i
3419977	42	RESP=1
3425469	42	STIM=u
3430383	42	RESP=1
3443080	42	STIM=s
3449052	42	RESP=1
3460666	42	STIM=b
3464762	42	RESP=1
3478524	42	STIM=9
3484451	42	RESP=1
3494766	42	STIM=u
3497813	42	RESP=1
3510515	42	STIM=p
3513620	42	RESP=1
3527548	42	STIM=6
3532710	42	RESP=2
3545602	42	STIM=9
3553974	42	RESP=2
3562634	42	STIM=t
3567954	42	RESP=1
3579703	42	STIM=s
3586512	42	RESP=1
3596267	42	STIM=1
3607363	42	RESP=2
3613017	42	STIM=l
3619110	42	RESP=1
3630475	42	STIM=o
3635806	42	RESP=1
3648178	42	STIM=q
3655434	42	RESP=1
3666616	42	STIM=7
3670367	42	RESP=1
3685413	42	STIM=o
3690162	42	RESP=1
3703531	42	STIM=b
3709953	42	RESP=1
3720155	42	STIM=w
3726045	42	RESP=1
3737827	42	STIM=w
3741928	42	RESP=1
3755360	42	STIM=m
3760211	42	RESP=1
3772453	42	STIM=d
3778090	42	RESP=1
3787993	42	STIM=p
3790331	42	RESP=1
3805949	42	STIM=t
3811425	42	RESP=1
3821780	42	STIM=1
3834532	42	RESP=2
3840572	42	STIM=7
3846960	42	RESP=2
3855897	42	STIM=g
3859800	42	RESP=1
3872915	42	STIM=y
3876826	42	RESP=1
3888962	42	STIM=q
3896769	42	RESP=2
3905499	42	STIM=j
3908608	42	RESP=1
3922045	42	STIM=n
3929576	42	RESP=1
3938742	42	STIM=v
3946366	42	RESP=2
3955261	42	STIM=n
3960919	42	RESP=1
3972043	42	STIM=t
3976788	42	RESP=1
3987709	42	STIM=l
3991441	42	RESP=1
4003479	42	STIM=v
4008444	42	RESP=1
4021520	42	STIM=z
4027952	42	RESP=1
4039449	42	STIM=r
4043221	42	RESP=1
4054887	42	STIM=m
4058595	42	RESP=1
4072790	42	STIM=z
4075631	42	RESP=1
4091272	42	STIM=i
4099287	42	RESP=2
4106612	42	STIM=u
4111269	42	RESP=1
4123783	42	STIM=c
4128169	42	RESP=1
4141705	42	STIM=q
4147352	42	RESP=1
4160321	42	STIM=4
4168619	42	RESP=2
4175466	42	STIM=k
4181560	42	RESP=1
4194276	42	STIM=s
4200785	42	RESP=1
4209430	42	STIM=w
4213108	42	RESP=2
4225195	42	STIM=s
4228837	42	RESP=1
4242579	42	STIM=i
4248125	42	RESP=1
4258573	42	STIM=d
4265164	42	RESP=1
4274685	42	STIM=8
4281448	42	RESP=2
4293219	42	STIM=s
4302090	42	RESP=1
4308879	42	STIM=u
4312341	42	RESP=1
4326635	42	STIM=b
4335725	42	RESP=1
4341770	42	STIM=y
4345219	42	RESP=1
4360238	42	STIM=k
4363430	42	RESP=1
4378774	42	STIM=x
4386508	42	RESP=1
4397558	42	STIM=j
4402108	42	RESP=1
4413230	42	STIM=l
4418169	42	RESP=1
4430530	42	STIM=g
4434006	42	RESP=1
4447307	42	STIM=m
4454793	42	RESP=1
4462747	42	STIM=u
4472220	42	RESP=1
4479538	42	STIM=r
4483335	42	RESP=1
4496893	42	STIM=i
4504660	42	RESP=1
4512773	42	STIM=l
4520656	42	RESP=1
4531531	42	STIM=5
4540425	42	RESP=1
4548168	42	STIM=p
4553488	42	RESP=1
4563437	42	STIM=e
4570094	42	RESP=1
4581515	42	STIM=t
4585333	42	RESP=1
4597871	42	STIM=g
4601818	42	RESP=1
4616164	42	STIM=l
4623771	42	RESP=1
4631246	42	STIM=t
4636792	42	RESP=1
4648007	42	STIM=c
4652718	42	RESP=1
4663915	42	STIM=j
4668784	42	RESP=1
4682910	42	STIM=l
4689176	42	RESP=1
4701645	42	STIM=y
4705175	42	RESP=1
4718022	42	STIM=g
4722380	42	RESP=1
4733206	42	STIM=k
4739747	42	RESP=1
4748749	42	STIM=n
4755369	42	RESP=1
4765267	42	STIM=p
4770517	42	RESP=1
4782524	42	STIM=w
4786715	42	RESP=1
4797798	42	STIM=8
4803550	42	RESP=2
4814753	42	STIM=3
4824922	42	RESP=2
4830696	42	STIM=j
4836405	42	RESP=1
4847468	42	STIM=y
4852770	42	RESP=1
4863720	42	STIM=y
4871517	42	RESP=1
4880774	42	STIM=8
4890963	42	RESP=2
4898358	42	STIM=l
4901944	42	RESP=1
4916994	42	STIM=1
4922228	42	RESP=2
4933677	42	STIM=a
4939879	42	RESP=1
4949758	42	STIM=a
4955387	42	RESP=2
4967087	42	STIM=o
4971386	42	RESP=1
4982956	42	STIM=9
4989807	42	RESP=2
5000437	42	STIM=s
5006191	42	RESP=1
5016937	42	STIM=4
5022658	42	RESP=2
5032446	42	STIM=y
5046546	42	RESP=1
5047603	42	STIM=4
5053419	42	RESP=2
5066068	42	STIM=b
5069845	42	RESP=2
5081452	42	STIM=l
5087649	42	RESP=1
5099479	42	STIM=4
5106808	42	RESP=2
5116061	42	STIM=n
5120449	42	RESP=1
5132219	42	STIM=6
5137413	42	RESP=2
5148657	42	STIM=a
5151627	42	RESP=1
5166327	42	STIM=4
5177451	42	RESP=2
5181400	42	STIM=r
5184473	42	RESP=1
5197268	42	STIM=v
5200742	42	RESP=1
5213501	42	STIM=i
5218660	42	RESP=1
5230702	42	STIM=f
5237034	42	RESP=1
5246644	42	STIM=p
5251284	42	RESP=1
5264563	42	STIM=q
5267633	42	RESP=1
5281748	42	STIM=o
5286670	42	RESP=1
5298924	42	STIM=b
5307248	42	RESP=1
5316439	42	STIM=7
5322293	42	RESP=2
5331691	42	STIM=c
5335542	42	RESP=1
5349968	42	STIM=p
5355810	42	RESP=1
5367686	42	STIM=l
5371476	42	RESP=1
5383827	42	STIM=h
5389688	42	RESP=1
5401186	42	STIM=l
5404768	42	RESP=1
5419972	42	STIM=x
5430373	42	RESP=1
5438206	42	STIM=p
5445381	42	RESP=1
5453487	42	STIM=5
5461670	42	RESP=2
5469006	42	STIM=e
5471802	42	RESP=1
5485056	42	STIM=s
5489772	42	RESP=1
5504017	42	STIM=m
5507305	42	RESP=1
5519303	42	STIM=p
5522703	42	RESP=1
5535471	42	STIM=m
5545038	42	RESP=1
5551075	42	STIM=d
5556305	42	RESP=1
5566259	42	STIM=m
5570714	42	RESP=1
5582831	42	STIM=m
5590620	42	RESP=1
5598140	42	STIM=4
5607258	42	RESP=2
5615121	42	STIM=d
5622003	42	RESP=1
5633402	42	STIM=3
5642448	42	RESP=2
5650751	42	STIM=7
5656882	42	RESP=2
5666155	42	STIM=q
5675158	42	RESP=1
5682921	42	STIM=q
5687180	42	RESP=1
5701448	42	STIM=z
5704871	42	RESP=1
5719971	42	STIM=g
5724611	42	RESP=1
5735657	42	STIM=c
5742615	42	RESP=1
5754128	42	STIM=6
5760613	42	RESP=2
5772953	42	STIM=8
5778124	42	RESP=2
5791423	42	STIM=v
5799386	42	RESP=1
5808937	42	STIM=p
5814319	42	RESP=1
5827373	42	STIM=x
5833079	42	RESP=1
5844436	42	STIM=o
5849797	42	RESP=1
5862872	42	STIM=i
5866267	42	RESP=1
5881213	42	STIM=v
5887393	42	RESP=1
5897811	42	STIM=j
5904604	42	RESP=1
5913041	42	STIM=x
5929373	42	RESP=1
5929473	42	STIM=5
5934129	42	RESP=1
5948439	42	STIM=x
5956654	42	RESP=1
5964266	42	STIM=b
5973552	42	RESP=1
5980398	42	STIM=o
5988506	42	RESP=1
5997677	42	STIM=y
6000815	42	RESP=1
6016460	42	STIM=s
6019635	42	RESP=1
6032648	42	STIM=k
6036972	42	RESP=1
6051267	42	STIM=l
6056163	42	RESP=1
6069052	42	STIM=e
6073988	42	RESP=1
6086850	42	STIM=8
6092146	42	RESP=2
6103336	42	STIM=9
6109521	42	RESP=2
6122045	42	STIM=g
6126331	42	RESP=1
6137807	42	STIM=h
6140967	42	RESP=1
6155000	42	STIM=a
6161762	42	RESP=1
6172161	42	STIM=p
6180016	42	RESP=1
6188019	42	STIM=h
6196888	42	RESP=1
6203131	42	STIM=n
6210175	42	RESP=1
6221077	42	STIM=9
6227075	42	RESP=2
6236213	42	STIM=k
6244538	42	RESP=1
6251587	42	STIM=7
6262557	42	RESP=2
6267814	42	STIM=i
6272216	42	RESP=1
6284326	42	STIM=c
6296048	42	RESP=1
6302236	42	STIM=b
6306702	42	RESP=1
6320478	42	STIM=y
6324773	42	RESP=2
6338278	42	STIM=y
6342991	42	RESP=1
6354341	42	STIM=q
6359413	42	RESP=1
6369989	42	STIM=n
6375337	42	RESP=1
6386311	42	STIM=w
6392694	42	RESP=1
6404749	42	STIM=v
6411318	42	RESP=1
6422104	42	STIM=i
6430765	42	RESP=1
6439450	42	STIM=j
6444238	42	RESP=1
6456571	42	STIM=l
6459810	42	RESP=1
6472924	42	STIM=d
6478025	42	RESP=1
6491510	42	STIM=z
6497353	42	RESP=1
6508921	42	STIM=r
6512143	42	RESP=1
6527351	42	STIM=4
6537688	42	RESP=1
6543720	42	STIM=o
6552402	42	RESP=1
6561901	42	STIM=z
6565989	42	RESP=1
6579667	42	STIM=r
6583872	42	RESP=1
6595391	42	STIM=7
6601125	42	RESP=2
6610865	42	STIM=c
6615029	42	RESP=1
6626413	42	STIM=g
6632458	42	RESP=1
6645018	42	STIM=s
6651543	42	RESP=1
6661475	42	STIM=x
6668864	42	RESP=1
6679579	42	STIM=l
6684976	42	RESP=1
6695600	42	STIM=g
6702089	42	RESP=1
6711313	42	STIM=g
6714346	42	RESP=2
6727027	42	STIM=w
6732941	42	RESP=2
6742958	42	STIM=e
6747693	42	RESP=1
6760420	42	STIM=i
6764482	42	RESP=1
6776332	42	STIM=k
6784071	42	RESP=1
6792851	42	STIM=n
6799997	42	RESP=1
6810895	42	STIM=c
6815597	42	RESP=2
6829516	42	STIM=c
6832400	42	RESP=1
6846552	42	STIM=m
6858130	42	RESP=1
6864257	42	STIM=p
6869506	42	RESP=1
6882431	42	STIM=g
6888100	42	RESP=1
6900245	42	STIM=3
6909600	42	RESP=2
6915548	42	STIM=v
6921298	42	RESP=1
6931250	42	STIM=j
6936212	42	RESP=1
6949735	42	STIM=s
6954151	42	RESP=1
6965642	42	STIM=o
6971139	42	RESP=1
6980799	42	STIM=p
6985932	42	RESP=1
6998279	42	STIM=j
7003595	42	RESP=1
7015227	42	STIM=y
7024300	42	RESP=1
7031173	42	STIM=8
7039420	42	RESP=1
7049002	42	STIM=v
7055496	42	RESP=1
7067518	42	STIM=s
7079455	42	RESP=1
7083301	42	STIM=m
7089284	42	RESP=1
7100275	42	STIM=9
7110682	42	RESP=2
7118813	42	STIM=r
7125322	42	RESP=1
7136674	42	STIM=r
7144901	42	RESP=1
7151984	42	STIM=p
7154771	42	RESP=1
7169281	42	STIM=a
7175721	42	RESP=1
7185295	42	STIM=1
7191807	42	RESP=2
7201893	42	STIM=q
7209374	42	RESP=1
7219879	42	STIM=d
7227435	42	RESP=1
7236138	42	STIM=w
7245033	42	RESP=1
7254751	42	STIM=y
7258167	42	RESP=1
7272776	42	STIM=u
7276267	42	RESP=1
7289163	42	STIM=h
7291892	42	RESP=1
7305191	42	STIM=n
7311623	42	RESP=1
7323064	42	STIM=a
7329966	42	RESP=1
7341669	42	STIM=w
7348733	42	RESP=1
7356927	42	STIM=c
7363123	42	RESP=1
7374211	42	STIM=8
7379040	42	RESP=2
7392183	42	STIM=q
7400006	42	RESP=1
7407886	42	STIM=z
7413478	42	RESP=1
7425932	42	STIM=l
7429682	42	RESP=1
7441649	42	STIM=7
7447653	42	RESP=2
7457132	42	STIM=v
7462262	42	RESP=1
7473876	42	STIM=w
7482439	42	RESP=1
7489001	42	STIM=f
7494748	42	RESP=1
7507048	42	STIM=n
7510647	42	RESP=1
7524664	42	STIM=p
7534642	42	RESP=1
7541889	42	STIM=9
7551293	42	RESP=1
7558847	42	STIM=0
7565221	42	RESP=2
7577337	42	STIM=v
7582747	42	RESP=1
7592474	42	STIM=d
7597581	42	RESP=1
7609907	42	STIM=v
7615973	42	RESP=1
7628413	42	STIM=p
7633739	42	RESP=1
7645801	42	STIM=u
7650246	42	RESP=1
7663835	42	STIM=0
7668382	42	RESP=2
7681511	42	STIM=x
7688021	42	RESP=1
7700115	42	STIM=4
7707098	42	RESP=1
7718334	42	STIM=x
7727494	42	RESP=1
7734558	42	STIM=e
7741750	42	RESP=1
7751147	42	STIM=s
7756963	42	RESP=1
7767838	42	STIM=c
7772395	42	RESP=1
7785991	42	STIM=q
7790829	42	RESP=1
7802592	42	STIM=u
7813355	42	RESP=1
7817995	42	STIM=p
7823623	42	RESP=1
7834269	42	STIM=a
7838669	42	RESP=1
7852169	42	STIM=q
7855495	42	RESP=2
7868285	42	STIM=n
7872157	42	RESP=1
7887218	42	STIM=d
7893269	42	RESP=1
7906159	42	STIM=w
7911307	42	RESP=1
7923221	42	STIM=t
7927173	42	RESP=1
7941430	42	STIM=i
7950772	42	RESP=1
7958533	42	STIM=q
7961488	42	RESP=1
7976123	42	STIM=6
7982250	42	RESP=2
7992412	42	STIM=i
7996848	42	RESP=1
8007668	42	STIM=x
8014783	42	RESP=1
8025513	42	STIM=d
8030963	42	RESP=1
8043346	42	STIM=6
8049645	42	RESP=2
8061533	42	STIM=t
8068632	42	RESP=1
8077153	42	STIM=k
8084838	42	RESP=1
8094063	42	STIM=l
8097236	42	RESP=1
8110227	42	STIM=0
8116174	42	RESP=2
8128046	42	STIM=j
8131405	42	RESP=1
8144614	42	STIM=x
8150680	42	RESP=1
8162911	42	STIM=o
8165990	42	RESP=1
8178679	42	STIM=v
8184136	42	RESP=1
8194300	42	STIM=p
8196883	42	RESP=1
8212814	42	STIM=q
8217658	42	RESP=1
8230149	42	STIM=g
8235180	42	RESP=1
8248572	42	STIM=g
8255921	42	RESP=1
8265689	42	STIM=r
8270020	42	RESP=1
8283664	42	STIM=t
8286740	42	RESP=1
8299605	42	STIM=q
8302564	42	RESP=1
8317719	42	STIM=r
8322592	42	RESP=2
8336528	42	STIM=y
8340129	42	RESP=1
8353704	42	STIM=f
8363244	42	RESP=1
8372355	42	STIM=y
8377527	42	RESP=1
8389553	42	STIM=j
8393648	42	RESP=1
8406497	42	STIM=z
8411463	42	RESP=1
8423808	42	STIM=r
8430419	42	RESP=1
8439992	42	STIM=b
8446346	42	RESP=1
8456164	42	STIM=4
8464979	42	RESP=2
8473427	42	STIM=a
8478436	42	RESP=1
8490350	42	STIM=o
8494272	42	RESP=1
8507039	42	STIM=f
8511673	42	RESP=1
8522298	42	STIM=e
8527675	42	RESP=1
8540700	42	STIM=p
8547181	42	RESP=1
8558272	42	STIM=k
8563513	42	RESP=1
8575413	42	STIM=h
8584650	42	RESP=1
8592054	42	STIM=4
8602118	42	RESP=2
8610746	42	STIM=r
8614507	42	RESP=1
8627299	42	STIM=z
8636344	42	RESP=1
8645402	42	STIM=w
8650847	42	RESP=1
8663379	42	STIM=j
8669666	42	RESP=1
8681633	42	STIM=c
8691614	42	RESP=1
8698635	42	STIM=s
8703978	42	RESP=2
8714571	42	STIM=h
8719099	42	RESP=1
8733344	42	STIM=p
8739518	42	RESP=1
8749193	42	STIM=v
8757726	42	RESP=1
8766232	42	STIM=w
8770231	42	RESP=1
8784927	42	STIM=i
8792192	42	RESP=1
8800012	42	STIM=h
8803450	42	RESP=1
8815779	42	STIM=e
8820926	42	RESP=1
8831183	42	STIM=1
8838429	42	RESP=1
8850071	42	STIM=x
8859490	42	RESP=1
8866569	42	STIM=9
8874899	42	RESP=2
8884327	42	STIM=b
8888711	42	RESP=1
8902395	42	STIM=5
8909207	42	RESP=1
8919872	42	STIM=9
8928175	42	RESP=2
8936385	42	STIM=s
8946449	42	RESP=1
8952634	42	STIM=l
8959567	42	RESP=1
8970795	42	STIM=l
8975993	42	RESP=1
8988333	42	STIM=p
8991287	42	RESP=1
9006268	42	STIM=n
9012299	42	RESP=1
9022028	42	STIM=z
9028119	42	RESP=2
9040508	42	STIM=o
9045098	42	RESP=1
9057671	42	STIM=z
9062655	42	RESP=1
9073462	42	STIM=y
9077270	42	RESP=1
9090830	42	STIM=x
9095560	42	RESP=1
9109827	42	STIM=l
9118035	42	RESP=1
9125345	42	STIM=y
9130115	42	RESP=2
9140411	42	STIM=g
9147280	42	RESP=1
9157484	42	STIM=h
9168352	42	RESP=2
9175210	42	STIM=z
9181332	42	RESP=1
9190970	42	STIM=1
9199275	42	RESP=1
9209935	42	STIM=m
9217473	42	RESP=1
9225323	42	STIM=b
9232216	42	RESP=1
9242542	42	STIM=8
9248862	42	RESP=1
9258736	42	STIM=e
9264558	42	RESP=1
9274421	42	STIM=f
9281071	42	RESP=1
9290985	42	STIM=g
9296068	42	RESP=1
9309151	42	STIM=1
9318478	42	RESP=1
9326202	42	STIM=e
9331694	42	RESP=1
9343617	42	STIM=2
9352276	42	RESP=2
9360672	42	STIM=v
9368401	42	RESP=1
9378983	42	STIM=n
9382615	42	RESP=1
9396095	42	STIM=x
9400873	42	RESP=1
9414524	42	STIM=4
9421160	42	RESP=2
9433353	42	STIM=z
9443192	42	RESP=1
9450285	42	STIM=g
9455294	42	RESP=1
9465442	42	STIM=5
9475211	42	RESP=2
9482144	42	STIM=a
9485431	42	RESP=1
9500033	42	STIM=e
9506456	42	RESP=1
9516803	42	STIM=i
9526826	42	RESP=1
9534366	42	STIM=a
9538015	42	RESP=1
9552990	42	STIM=a
9557340	42	RESP=1
9571212	42	STIM=k
9579805	42	RESP=1
9589523	42	STIM=8
9593828	42	RESP=2
9606253	42	STIM=n
9610556	42	RESP=1
9623092	42	STIM=s
9628214	42	RESP=1
9641871	42	STIM=b
9653039	42	RESP=2
9656874	42	STIM=g
9660760	42	RESP=1
9672512	42	STIM=g
9678997	42	RESP=1
9687920	42	STIM=q
9691450	42	RESP=1
9702949	42	STIM=u
9709283	42	RESP=1
9721233	42	STIM=w
9732168	42	RESP=1
9740134	42	STIM=j
9745115	42	RESP=1
9757865	42	STIM=v
9763828	42	RESP=1
9775200	42	STIM=g
9779259	42	RESP=1
9790829	42	STIM=f
9794064	42	RESP=1
9807251	42	STIM=u
9810753	42	RESP=1
9824697	42	STIM=g
9829097	42	RESP=1
9840361	42	STIM=7
9847943	42	RESP=2
9858612	42	STIM=3
9863606	42	RESP=2
9876267	42	STIM=3
9882681	42	RESP=1
9891397	42	STIM=w
9898835	42	RESP=1
9906941	42	STIM=n
9919503	42	RESP=1
9925807	42	STIM=b
9929891	42	RESP=1
9943974	42	STIM=n
9948471	42	RESP=1
9962384	42	STIM=b
9969435	42	RESP=1
9979467	42	STIM=f
9984984	42	RESP=1
9997687	42	STIM=2
10003860	42	RESP=2
10014636	42	STIM=p
10020580	42	RESP=1
10032938	42	STIM=7
10041127	42	RESP=2
10050858	42	STIM=d
10061634	42	RESP=1
10067420	42	STIM=f
10073112	42	RESP=1
10085743	42	STIM=a
10093389	42	RESP=1
10102361	42	STIM=k
10108073	42	RESP=1
10117929	42	STIM=k
10122647	42	RESP=1
10134626	42	STIM=n
10140058	42	RESP=1
10151433	42	STIM=t
10157028	42	RESP=1
10170146	42	STIM=b
10177121	42	RESP=1
10185694	42	STIM=2
10191284	42	RESP=2
10204157	42	STIM=m
10215663	42	RESP=1
10222480	42	STIM=6
10231845	42	RESP=2
10240845	42	STIM=x
10244138	42	RESP=1
10259544	42	STIM=s
10265571	42	RESP=1
10277016	42	STIM=n
10283433	42	RESP=1
10293722	42	STIM=f
10298689	42	RESP=1
10311429	42	STIM=l
10319284	42	RESP=1
10326725	42	STIM=r
10332886	42	RESP=1
10341987	42	STIM=j
10345837	42	RESP=1
10359152	42	STIM=d
10363271	42	RESP=1
10376552	42	STIM=h
10387283	42	RESP=1
10395497	42	STIM=z
10402763	42	RESP=1
10411760	42	STIM=c
10418808	42	RESP=1
10428054	42	STIM=d
10433135	42	RESP=1
10443346	42	STIM=y
10447857	42	RESP=1
10461557	42	STIM=3
10472671	42	RESP=2
10477490	42	STIM=p
10483469	42	RESP=1
10494742	42	STIM=6
10507186	42	RESP=2
10511595	42	STIM=4
10516095	42	RESP=2
10527357	42	STIM=n
10532060	42	RESP=1
10543996	42	STIM=z
10549840	42	RESP=1
10562690	42	STIM=n
10565879	42	RESP=1
10577878	42	STIM=o
10585778	42	RESP=1
10593192	42	STIM=k
10599516	42	RESP=2
10608312	42	STIM=6
10617080	42	RESP=2
10625159	42	STIM=x
10631226	42	RESP=1
10642162	42	STIM=b
10647618	42	RESP=1
10659948	42	STIM=t
10665403	42	RESP=1
10675605	42	STIM=n
10680384	42	RESP=1
10693875	42	STIM=3
10700070	42	RESP=2
10710898	42	STIM=q
10715102	42	RESP=1
10729376	42	STIM=z
10736633	42	RESP=1
10747017	42	STIM=6
10755483	42	RESP=2
10764348	42	STIM=c
10770527	42	RESP=1
10779589	42	STIM=b
10786266	42	RESP=1
10797959	42	STIM=y
10810039	42	RESP=1
10814407	42	STIM=4
10819637	42	RESP=2
10833364	42	STIM=p
10844025	42	RESP=1
10848543	42	STIM=k
10853261	42	RESP=1
10866787	42	STIM=b
10870451	42	RESP=1
10882308	42	STIM=3
10889161	42	RESP=2
10898138	42	STIM=i
10904780	42	RESP=1
10914530	42	STIM=g
10919955	42	RESP=1
10930707	42	STIM=h
10936409	42	RESP=1
10946572	42	STIM=p
10950666	42	RESP=1
10965349	42	STIM=j
10974146	42	RESP=1
10982788	42	STIM=w
10987570	42	RESP=1
10998506	42	STIM=o
11002919	42	RESP=2
11014197	42	STIM=3
11026721	42	RESP=2
11029254	42	STIM=l
11034528	42	RESP=1
11045570	42	STIM=z
11050056	42	RESP=1
11064448	42	STIM=q
11072987	42	RESP=1
11079610	42	STIM=0
11090896	42	RESP=1
11097140	42	STIM=e
11101566	42	RESP=1
11113668	42	STIM=s
11118070	42	RESP=1
11128839	42	STIM=n
11134135	42	RESP=1
11145567	42	STIM=c
11153099	42	RESP=1
11164293	42	STIM=z
11172041	42	RESP=1
11183172	42	STIM=h
11191808	42	RESP=1
11199364	42	STIM=k
11205993	42	RESP=1
11215626	42	STIM=7
11225788	42	RESP=2
11234433	42	STIM=b
11239336	42	RESP=1
11253413	42	STIM=o
11262653	42	RESP=1
11270756	42	STIM=s
11275033	42	RESP=1
11289123	42	STIM=5
11294297	42	RESP=1
11304347	42	STIM=5
11308247	42	RESP=2
11322124	42	STIM=1
11330450	42	RESP=2
11337125	42	STIM=f
11345118	42	RESP=2
11352887	42	STIM=b
11356444	42	RESP=1
11368112	42	STIM=9
11373485	42	RESP=2
11383890	42	STIM=p
11387346	42	RESP=1
11401110	42	STIM=d
11408109	42	RESP=1
11416727	42	STIM=e
11425267	42	RESP=1
11434434	42	STIM=w
11439116	42	RESP=1
11452822	42	STIM=z
11466420	42	RESP=1
11469954	42	STIM=v
11473132	42	RESP=1
11488829	42	STIM=k
11492492	42	RESP=1
11505426	42	STIM=3
11510561	42	RESP=2
11524174	42	STIM=i
11528969	42	RESP=1
11542460	42	STIM=w
11546730	42	RESP=1
11558283	42	STIM=g
11564366	42	RESP=1
11574659	42	STIM=k
11579997	42	RESP=1
11592587	42	STIM=h
11598830	42	RESP=1
11610939	42	STIM=c
11619763	42	RESP=1
11628837	42	STIM=8
11636780	42	RESP=2
11647714	42	STIM=v
11651500	42	RESP=1
11663806	42	STIM=c
11669723	42	RESP=1
11682349	42	STIM=f
11687330	42	RESP=1
11698491	42	STIM=k
11706567	42	RESP=1
11717219	42	STIM=y
11725338	42	RESP=1
11734459	42	STIM=y
11739291	42	RESP=1
11749587	42	STIM=o
11755805	42	RESP=1
11766985	42	STIM=l
11778577	42	RESP=1
11782255	42	STIM=6
11789214	42	RESP=2
11799784	42	STIM=t
11807258	42	RESP=1
11817248	42	STIM=d
11826876	42	RESP=1
11832834	42	STIM=r
11837591	42	RESP=1
11848514	42	STIM=f
11855539	42	RESP=1
11866002	42	STIM=f
11875364	42	RESP=1
11882509	42	STIM=s
11893637	42	RESP=1
11898330	42	STIM=0
11903990	42	RESP=2
11914996	42	STIM=3
11922715	42	RESP=2
11932726	42	STIM=i
11940862	42	RESP=1
11949988	42	STIM=5
11954062	42	RESP=2
11965916	42	STIM=7
11971444	42	RESP=2
11984724	42	STIM=q
11993300	42	RESP=1
11999863	42	STIM=0
12006903	42	RESP=1
12017551	42	STIM=o
12020972	42	RESP=1
12033655	42	STIM=5
12039317	42	RESP=2
12052001	42	STIM=w
12058090	42	RESP=1
12067566	42	STIM=g
12070937	42	RESP=1
12084417	42	STIM=p
12090692	42	RESP=1
12099626	42	STIM=6
12110175	42	RESP=2
12114630	42	STIM=j
12125064	42	RESP=1
12131839	42	STIM=s
12135958	42	RESP=1
12147238	42	STIM=3
12152347	42	RESP=2
12165580	42	STIM=3
12171572	42	RESP=2
12183068	42	STIM=j
12188582	42	RESP=1
12201984	42	STIM=3
12210536	42	RESP=2
12220176	42	STIM=y
12227278	42	RESP=1
12238853	42	STIM=0
12245343	42	RESP=1
12257454	42	STIM=l
12262481	42	RESP=1
12274578	42	STIM=g
12288912	42	RESP=1
12289644	42	STIM=f
12296105	42	RESP=1
12305340	42	STIM=2
12310831	42	RESP=2
12324022	42	STIM=u
12327743	42	RESP=1
12339810	42	STIM=s
12349332	42	RESP=1
12358424	42	STIM=i
12362362	42	RESP=1
12375537	42	STIM=c
12381505	42	RESP=1
12391922	42	STIM=r
12399012	42	RESP=1
12407244	42	STIM=v
12412531	42	RESP=1
12425974	42	STIM=o
12432522	42	RESP=1
12441607	42	STIM=9
12447901	42	RESP=2
12457715	42	STIM=c
12462327	42	RESP=1
12475298	42	STIM=i
12487545	42	RESP=1
12491083	42	STIM=g
12496754	42	RESP=1
12506766	42	STIM=z
12510848	42	RESP=1
12522093	42	STIM=q
12527947	42	RESP=1
12537095	42	STIM=a
12539989	42	RESP=1
12552725	42	STIM=2
12561450	42	RESP=1
12568713	42	STIM=h
12572423	42	RESP=1
12586542	42	STIM=j
12593639	42	RESP=1
12604799	42	STIM=e
12609489	42	RESP=1
12623555	42	STIM=t
12631799	42	RESP=1
12641291	42	STIM=j
12647864	42	RESP=1
12657067	42	STIM=c
12667406	42	RESP=1
12673723	42	STIM=x
12677880	42	RESP=1
12689890	42	STIM=x
12694018	42	RESP=1
12707883	42	STIM=b
12712073	42	RESP=1
12723311	42	STIM=v
12732973	42	RESP=1
12739281	42	STIM=a
12743292	42	RESP=1
12754700	42	STIM=y
12758391	42	RESP=1
12771710	42	STIM=m
12776803	42	RESP=1
12789308	42	STIM=5
12794210	42	RESP=2
12808304	42	STIM=f
12813868	42	RESP=1
12823983	42	STIM=y
12830207	42	RESP=1
12841175	42	STIM=u
12845255	42	RESP=1
12858386	42	STIM=s
12861521	42	RESP=1
12874708	42	STIM=z
12880875	42	RESP=1
12892878	42	STIM=m
12897023	42	RESP=1
12908156	42	STIM=j
12913727	42	RESP=1
12924847	42	STIM=m
12931330	42	RESP=1
12941693	42	STIM=v
12945800	42	RESP=1
12956899	42	STIM=8
12962873	42	RESP=2
12971979	42	STIM=v
12976324	42	RESP=1
12988793	42	STIM=7
12993760	42	RESP=2
13004915	42	STIM=y
13010535	42	RESP=1
13023628	42	STIM=d
13028309	42	RESP=1
13039236	42	STIM=7
13043550	42	RESP=2
13055567	42	STIM=v
13061115	42	RESP=1
13071643	42	STIM=i
13075847	42	RESP=1
13090111	42	STIM=6
13095684	42	RESP=2
13107219	42	STIM=n
13111630	42	RESP=1
13125758	42	STIM=4
13133051	42	RESP=2
13142539	42	STIM=j
13146788	42	RESP=1
13159230	42	STIM=k
13162902	42	RESP=1
13175189	42	STIM=s
13185992	42	RESP=1
13193098	42	STIM=o
13197657	42	RESP=1
13209984	42	STIM=z
13219880	42	RESP=1
13226197	42	STIM=w
13232558	42	RESP=1
13243501	42	STIM=8
13251876	42	RESP=2
13259700	42	STIM=e
13263511	42	RESP=1
13276661	42	STIM=a
13285269	42	RESP=1
13294841	42	STIM=y
13298386	42	RESP=1
13311965	42	STIM=2
13316992	42	RESP=2
13329573	42	STIM=i
13334329	42	RESP=1
13346037	42	STIM=y
13355592	42	RESP=1
13363149	42	STIM=x
13369681	42	RESP=1
13381627	42	STIM=r
13385864	42	RESP=1
13399868	42	STIM=z
13405974	42	RESP=1
13417880	42	STIM=6
13424151	42	RESP=2
13435524	42	STIM=v
13442480	42	RESP=1
13450885	42	STIM=t
13456196	42	RESP=1
13467584	42	STIM=f
13471103	42	RESP=1
13485346	42	STIM=3
13490803	42	RESP=1
13504034	42	STIM=u
13509340	42	RESP=1
13521965	42	STIM=g
13525854	42	RESP=1
13540367	42	STIM=z
13548324	42	RESP=1
13556544	42	STIM=f
13560430	42	RESP=1
13572741	42	STIM=9
13580934	42	RESP=2
13588363	42	STIM=b
13592743	42	RESP=2
13605034	42	STIM=o
13611051	42	RESP=1
13621602	42	STIM=l
13626238	42	RESP=1
13639721	42	STIM=z
13643298	42	RESP=1
13657017	42	STIM=u
13663041	42	RESP=1
13674769	42	STIM=p
13677871	42	RESP=1
13691273	42	STIM=6
13695417	42	RESP=1
13708797	42	STIM=o
13713488	42	RESP=1
13726885	42	STIM=n
13731085	42	RESP=1
13745373	42	STIM=1
13749699	42	RESP=2
13763081	42	STIM=p
13765623	42	RESP=1
13779423	42	STIM=u
13784816	42	RESP=1
13795591	42	STIM=4
13801184	42	RESP=2
13814365	42	STIM=5
13822379	42	RESP=2
13829619	42	STIM=o
13837430	42	RESP=1
13845584	42	STIM=p
13852222	42	RESP=1
13862233	42	STIM=0
13866495	42	RESP=1
13877551	42	STIM=b
13884012	42	RESP=1
13895039	42	STIM=f
13904309	42	RESP=1
13910504	42	STIM=g
13918366	42	RESP=1
13927611	42	STIM=n
13933563	42	RESP=1
13945749	42	STIM=i
13949933	42	RESP=1
13963817	42	STIM=m
13968689	42	RESP=1
13980351	42	STIM=r
13988279	42	RESP=1
13995360	42	STIM=3
14004521	42	RESP=2
14011162	42	STIM=q
14018271	42	RESP=1
14026801	42	STIM=d
14029957	42	RESP=1
14043523	42	STIM=2
14047808	42	RESP=2
14058794	42	STIM=r
14064092	42	RESP=1
14077416	42	STIM=h
14081925	42	RESP=1
14095932	42	STIM=o
14100655	42	RESP=1
14114007	42	STIM=3
14121141	42	RESP=2
14131228	42	STIM=o
14136943	42	RESP=1
14147555	42	STIM=t
14152515	42	RESP=1
14163278	42	STIM=h
14169969	42	RESP=1
14179037	42	STIM=z
14184762	42	RESP=1
14194808	42	STIM=d
14197718	42	RESP=1
14213302	42	STIM=l
14218130	42	RESP=1
14230309	42	STIM=o
14234517	42	RESP=1
14247677	42	STIM=e
14254619	42	RESP=1
14266635	42	STIM=9
14273852	42	RESP=2
14282341	42	STIM=y
14288930	42	RESP=1
14299044	42	STIM=t
14307134	42	RESP=1
14316360	42	STIM=g
14319123	42	RESP=1
14333941	42	STIM=j
14339259	42	RESP=1
14351410	42	STIM=q
14355975	42	RESP=1
14369404	42	STIM=f
14375097	42	RESP=1
14384642	42	STIM=y
14390460	42	RESP=1
14402185	42	STIM=5
14411859	42	RESP=2
14417794	42	STIM=h
14420985	42	RESP=1
14433180	42	STIM=8
14438938	42	RESP=2
14450859	42	STIM=a
14455854	42	RESP=1
14467643	42	STIM=3
14473125	42	RESP=2
14485716	42	STIM=u
14491007	42	RESP=1
14501574	42	STIM=f
14505288	42	RESP=1
14519016	42	STIM=6
14524346	42	RESP=1
14535979	42	STIM=v
14543294	42	RESP=1
14552593	42	STIM=6
14557067	42	RESP=2
14569056	42	STIM=y
14573363	42	RESP=1
14587745	42	STIM=k
14593559	42	RESP=1
14604584	42	STIM=r
14607653	42	RESP=1
14622731	42	STIM=i
14626984	42	RESP=1
14639490	42	STIM=x
14643309	42	RESP=1
14654956	42	STIM=v
14658528	42	RESP=1
14672161	42	STIM=c
14678197	42	RESP=1
14690471	42	STIM=d
14693314	42	RESP=1
14705722	42	STIM=m
14712364	42	RESP=1
14722452	42	STIM=f
14731346	42	RESP=1
14740821	42	STIM=k
14744208	42	RESP=1
14757990	42	STIM=1
14764017	42	RESP=2
14775457	42	STIM=n
14779004	42	RESP=1
14793966	42	STIM=3
14799716	42	RESP=1
14809559	42	STIM=b
14815098	42	RESP=1
14824997	42	STIM=o
14830015	42	RESP=1
14841381	42	STIM=f
14847031	42	RESP=1
14856884	42	STIM=7
14862260	42	RESP=2
14872075	42	STIM=h
14876877	42	RESP=1
14887726	42	STIM=a
14892820	42	RESP=1
14905210	42	STIM=7
14909831	42	RESP=2
14920977	42	STIM=h
14926701	42	RESP=1
14936468	42	STIM=w
14941940	42	RESP=1
14952935	42	STIM=6
14958632	42	RESP=2
14970155	42	STIM=o
14974098	42	RESP=1
14987915	42	STIM=1
14993054	42	RESP=2
15006483	42	STIM=3
15012564	42	RESP=1
15023111	42	STIM=u
15027885	42	RESP=1
15039065	42	STIM=e
15042047	42	RESP=1
15057997	42	STIM=g
15064551	42	RESP=1
15075978	42	STIM=z
15080829	42	RESP=1
15094122	42	STIM=7
15097726	42	RESP=2
15112054	42	STIM=u
15115552	42	RESP=1
15128505	42	STIM=d
15133433	42	RESP=1
15145793	42	STIM=j
15151280	42	RESP=1
15162564	42	STIM=n
15166216	42	RESP=1
15179779	42	STIM=k
15188265	42	RESP=1
15196309	42	STIM=p
15208991	42	RESP=1
15213050	42	STIM=g
15217485	42	RESP=1
15231673	42	STIM=o
15237809	42	RESP=1
15248749	42	STIM=a
15253743	42	RESP=1
15265489	42	STIM=e
15269121	42	RESP=1
15284318	42	STIM=n
15288463	42	RESP=1
15302961	42	STIM=o
15310918	42	RESP=1
15321170	42	STIM=q
15327155	42	RESP=1
15338453	42	STIM=n
15345537	42	RESP=1
15355549	42	STIM=a
15363415	42	RESP=1
15373118	42	STIM=l
15381587	42	RESP=1
15390859	42	STIM=p
15397114	42	RESP=2
15409128	42	STIM=b
15413754	42	RESP=1
15425114	42	STIM=z
15430345	42	RESP=2
15442127	42	STIM=3
15449093	42	RESP=2
15459667	42	STIM=s
15467058	42	RESP=1
15477694	42	STIM=4
15483605	42	RESP=2
15493101	42	STIM=1
15499140	42	RESP=2
15508720	42	STIM=i
15515223	42	RESP=1
15524357	42	STIM=j
15528992	42	RESP=1
15541065	42	STIM=z
15545171	42	RESP=1
15556994	42	STIM=l
15559830	42	RESP=1
15574464	42	STIM=9
15584694	42	RESP=1
15593291	42	STIM=7
15598136	42	RESP=2
15609927	42	STIM=u
15614842	42	RESP=2
15627181	42	STIM=5
15631686	42	RESP=2
15643499	42	STIM=f
15647388	42	RESP=1
15661681	42	STIM=z
15667582	42	RESP=1
15679534	42	STIM=o
15686462	42	RESP=1
15697475	42	STIM=2
15703173	42	RESP=2
15712727	42	STIM=g
15718873	42	RESP=1
15731694	42	STIM=r
15735799	42	RESP=1
15749427	42	STIM=x
15752819	42	RESP=1
15765384	42	STIM=0
15770839	42	RESP=2
15781838	42	STIM=t
15787992	42	RESP=1
15798568	42	STIM=7
15802744	42	RESP=2
15813934	42	STIM=v
15818920	42	RESP=1
15830551	42	STIM=s
15836616	42	RESP=1
15849313	42	STIM=5
15855325	42	RESP=2
15866756	42	STIM=5
15875055	42	RESP=2
15882465	42	STIM=q
15891271	42	RESP=1
15899055	42	STIM=0
15906567	42	RESP=2
15915071	42	STIM=j
15918452	42	RESP=1
15931636	42	STIM=x
15936340	42	RESP=1
15949068	42	STIM=6
15955401	42	RESP=2
15964496	42	STIM=z
15969557	42	RESP=1
15982104	42	STIM=y
15988937	42	RESP=1
16000533	42	STIM=b
16007792	42	RESP=1
16018305	42	STIM=b
16022639	42	RESP=1
16034585	42	STIM=2
16041038	42	RESP=2
16052497	42	STIM=n
16058171	42	RESP=1
16070566	42	STIM=k
16075615	42	RESP=1
16085923	42	STIM=3
16091119	42	RESP=2
16102741	42	STIM=q
16110785	42	RESP=1
16118221	42	STIM=d
16124901	42	RESP=2
16136306	42	STIM=v
16141904	42	RESP=1
16151417	42	STIM=9
16158081	42	RESP=2
16166582	42	STIM=0
16175482	42	RESP=2
16183517	42	STIM=u
16187473	42	RESP=1
16201125	42	STIM=2
16207614	42	RESP=2
16219262	42	STIM=s
16226677	42	RESP=2
16237769	42	STIM=9
16242938	42	RESP=2
16253606	42	STIM=2
16258987	42	RESP=2
16272241	42	STIM=s
16280804	42	RESP=1
16290835	42	STIM=m
16298281	42	RESP=1
16309266	42	STIM=g
16314423	42	RESP=1
16324868	42	STIM=6
16328921	42	RESP=2
16341500	42	STIM=v
16348652	42	RESP=1
16359503	42	STIM=c
16367281	42	RESP=1
16374950	42	STIM=d
16380354	42	RESP=1
16393195	42	STIM=o
16399206	42	RESP=1
16408546	42	STIM=y
16415444	42	RESP=2
16426482	42	STIM=x
16432264	42	RESP=1
16444552	42	STIM=s
16451723	42	RESP=1
16461570	42	STIM=r
16465499	42	RESP=1
16477045	42	STIM=s
16482036	42	RESP=1
16495968	42	STIM=p
16503042	42	RESP=1
16513551	42	STIM=3
16519737	42	RESP=2
16530047	42	STIM=k
16533681	42	RESP=2
16547193	42	STIM=j
16553091	42	RESP=1
16562454	42	STIM=9
16570557	42	RESP=2
16577642	42	STIM=c
16586785	42	RESP=1
16594717	42	STIM=b
16600862	42	RESP=1
16610482	42	STIM=h
16619963	42	RESP=2
16628694	42	STIM=g
16636585	42	RESP=1
16646637	42	STIM=k
16657908	42	RESP=1
16664245	42	STIM=u
16670799	42	RESP=1
16683224	42	STIM=h
16689649	42	RESP=1
16700084	42	STIM=c
16703715	42	RESP=1
16716045	42	STIM=3
16721677	42	RESP=2
16731816	42	STIM=d
16737334	42	RESP=2
16750470	42	STIM=4
16755668	42	RESP=2
16767990	42	STIM=r
16773390	42	RESP=1
16785795	42	STIM=t
16790362	42	RESP=1
16801040	42	STIM=o
16809135	42	RESP=1
16818374	42	STIM=o
16823249	42	RESP=2
16833710	42	STIM=q
16838167	42	RESP=1
16852027	42	STIM=c
16854940	42	RESP=1
16870836	42	STIM=q
16876532	42	RESP=1
16888265	42	STIM=j
16893455	42	RESP=1
16904791	42	STIM=1
16914027	42	RESP=2
16920784	42	STIM=z
16928522	42	RESP=1
16935952	42	STIM=e
16941510	42	RESP=1
16952082	42	STIM=8
16957893	42	RESP=2
16968697	42	STIM=l
16974625	42	RESP=1
16987386	42	STIM=x
16994460	42	RESP=1
17004686	42	STIM=c
17010380	42	RESP=1
17023204	42	STIM=d
17027983	42	RESP=1
17038489	42	STIM=r
17044303	42	RESP=1
17055384	42	STIM=w
17061608	42	RESP=1
17074342	42	STIM=6
17080396	42	RESP=2
17090692	42	STIM=j
17097209	42	RESP=1
17107435	42	STIM=y
17114116	42	RESP=1
17123085	42	STIM=j
17127152	42	RESP=1
17138233	42	STIM=x
17143084	42	RESP=1
17156504	42	STIM=e
17161094	42	RESP=1
17172455	42	STIM=0
17177932	42	RESP=1
17190701	42	STIM=r
17197220	42	RESP=1
17206815	42	STIM=5
17213279	42	RESP=2
17225672	42	STIM=8
17229978	42	RESP=2
17243676	42	STIM=y
17248592	42	RESP=1
17261137	42	STIM=8
17265986	42	RESP=2
17276889	42	STIM=3
17283633	42	RESP=1
17293034	42	STIM=y
17300815	42	RESP=1
17309656	42	STIM=c
17315599	42	RESP=1
17328486	42	STIM=p
17332993	42	RESP=1
17343847	42	STIM=j
17353532	42	RESP=1
17360772	42	STIM=0
17364753	42	RESP=1
17376304	42	STIM=g
17380805	42	RESP=1
17393707	42	STIM=8
17402385	42	RESP=2
17410951	42	STIM=x
17418957	42	RESP=1
17428681	42	STIM=0
17435102	42	RESP=1
17444305	42	STIM=9
17449152	42	RESP=2
17459782	42	STIM=l
17467888	42	RESP=1
17475449	42	STIM=d
17488999	42	RESP=1
17493393	42	STIM=q
17499968	42	RESP=1
17509497	42	STIM=x
17515771	42	RESP=2
17524780	42	STIM=3
17530266	42	RESP=1
17543131	42	STIM=h
17548205	42	RESP=1
17558444	42	STIM=s
17562549	42	RESP=1
17574633	42	STIM=v
17579416	42	RESP=1
17592624	42	STIM=2
17598684	42	RESP=2
17610441	42	STIM=o
17620140	42	RESP=1
17627630	42	STIM=u
17630467	42	RESP=1
17644961	42	STIM=9
17651078	42	RESP=2
17660932	42	STIM=v
17671629	42	RESP=1
17677863	42	STIM=e
17684066	42	RESP=1
17695568	42	STIM=y
17700095	42	RESP=1
17714071	42	STIM=i
17718485	42	RESP=1
17730636	42	STIM=s
17738019	42	RESP=2
17748317	42	STIM=5
17754152	42	RESP=2
17765104	42	STIM=m
17770319	42	RESP=1
17784004	42	STIM=7
17791684	42	RESP=2
17801263	42	STIM=k
17807555	42	RESP=1
17817836	42	STIM=8
17832054	42	RESP=2
17833495	42	STIM=l
17840650	42	RESP=1
17849681	42	STIM=z
17853955	42	RESP=1
17867203	42	STIM=h
17870086	42	RESP=1
17884303	42	STIM=g
17898880	42	RESP=1
17899696	42	STIM=p
17905478	42	RESP=1
17915992	42	STIM=w
17918925	42	RESP=1
17933477	42	STIM=6
17939592	42	RESP=2
17951211	42	STIM=m
17957675	42	RESP=1
17968701	42	STIM=1
17975127	42	RESP=2
17986982	42	STIM=t
17990558	42	RESP=1
18002523	42	STIM=z
18006448	42	RESP=1
18018022	42	STIM=g
18024133	42	RESP=2
18036174	42	STIM=j
18043480	42	RESP=1
18053928	42	STIM=v
18059213	42	RESP=1
18071794	42	STIM=5
18078674	42	RESP=2
18089817	42	STIM=s
18094190	42	RESP=1
18105767	42	STIM=f
18114360	42	RESP=1
18122223	42	STIM=o
18129225	42	RESP=1
18140858	42	STIM=s
18147926	42	RESP=1
18157928	42	STIM=5
18162914	42	RESP=2
18176453	42	STIM=y
18180193	42	RESP=1
18193688	42	STIM=j
18201237	42	RESP=1
18212399	42	STIM=m
18215701	42	RESP=1
18227974	42	STIM=y
18231418	42	RESP=2
18243350	42	STIM=z
18249146	42	RESP=1
18259973	42	STIM=z
18265231	42	RESP=1
18275314	42	STIM=m
18279197	42	RESP=1
18292717	42	STIM=x
18297292	42	RESP=1
18309894	42	STIM=c
18320137	42	RESP=1
18328720	42	STIM=t
18334466	42	RESP=1
18344788	42	STIM=n
18350378	42	RESP=1
18362964	42	STIM=p
18366565	42	RESP=1
18378554	42	STIM=n
18385491	42	RESP=2
18396278	42	STIM=6
18404587	42	RESP=2
18411998	42	STIM=b
18421056	42	RESP=1
18428096	42	STIM=1
18437394	42	RESP=2
18444186	42	STIM=e
18452913	42	RESP=1
18462682	42	STIM=o
18468131	42	RESP=1
18478235	42	STIM=5
18485146	42	RESP=2
18493953	42	STIM=h
18500008	42	RESP=1
18509034	42	STIM=m
18513012	42	RESP=1
18527767	42	STIM=v
18533322	42	RESP=1
18546184	42	STIM=a
18553543	42	RESP=1
18563986	42	STIM=f
18569402	42	RESP=1
18580879	42	STIM=v
18585592	42	RESP=1
18598789	42	STIM=8
18602756	42	RESP=2
18616641	42	STIM=t
18621701	42	RESP=1
18634721	42	STIM=i
18639316	42	RESP=1
18652319	42	STIM=o
18658293	42	RESP=1
18669313	42	STIM=7
18677537	42	RESP=2
18684592	42	STIM=u
18689168	42	RESP=1
18702216	42	STIM=f
18706668	42	RESP=1
18719138	42	STIM=z
18725735	42	RESP=1
18735628	42	STIM=m
18741464	42	RESP=1
18753093	42	STIM=a
18756944	42	RESP=1
18770603	42	STIM=m
18773583	42	RESP=1
18788441	42	STIM=f
18792865	42	RESP=1
18804898	42	STIM=l
18809475	42	RESP=1
18820603	42	STIM=m
18826671	42	RESP=1
18837240	42	STIM=f
18842144	42	RESP=1
18853672	42	STIM=9
18859532	42	RESP=2
18872103	42	STIM=i
18877742	42	RESP=1
18890322	42	STIM=1
18895027	42	RESP=2
18907799	42	STIM=p
18911986	42	RESP=2
18924738	42	STIM=c
18931736	42	RESP=1
18940467	42	STIM=l
18948311	42	RESP=1
18958319	42	STIM=i
18961900	42	RESP=1
18976813	42	STIM=l
18981759	42	RESP=1
18995348	42	STIM=t
19002180	42	RESP=1
19013129	42	STIM=g
19019489	42	RESP=1
19030457	42	STIM=z
19034715	42	RESP=1
19048933	42	STIM=b
19054907	42	RESP=1
19064091	42	STIM=m
19068462	42	RESP=1
19080294	42	STIM=1
19085990	42	RESP=2
19096254	42	STIM=t
19106899	42	RESP=2
19114764	42	STIM=5
19123923	42	RESP=2
19131164	42	STIM=d
19134016	42	RESP=1
19148838	42	STIM=5
19159975	42	RESP=2
19165804	42	STIM=l
19169778	42	RESP=1
19182531	42	STIM=c
19189101	42	RESP=1
19198097	42	STIM=l
19203119	42	RESP=1
19214910	42	STIM=d
19221772	42	RESP=1
19230162	42	STIM=9
19235805	42	RESP=2
19248584	42	STIM=e
19252749	42	RESP=1
19267401	42	STIM=z
19274740	42	RESP=1
19282828	42	STIM=9
19293938	42	RESP=2
19299985	42	STIM=s
19307301	42	RESP=1
19315234	42	STIM=6
19322873	42	RESP=2
19332057	42	STIM=h
19338665	42	RESP=1
19348035	42	STIM=0
19353901	42	RESP=2
19363642	42	STIM=a
19368585	42	RESP=1
19381734	42	STIM=9
19386705	42	RESP=2
19397282	42	STIM=s
19400738	42	RESP=1
19415195	42	STIM=j
19419834	42	RESP=1
19432827	42	STIM=j
19441669	42	RESP=1
19450691	42	STIM=v
19457550	42	RESP=1
19467719	42	STIM=q
19472524	42	RESP=1
19483544	42	STIM=n
19489840	42	RESP=1
19501542	42	STIM=c
19504536	42	RESP=1
19520038	42	STIM=6
19524885	42	RESP=2
19536518	42	STIM=z
19544349	42	RESP=1
19554105	42	STIM=w
19557028	42	RESP=1
19569952	42	STIM=j
19577771	42	RESP=1
19588316	42	STIM=g
19592065	42	RESP=1
19606818	42	STIM=k
19614025	42	RESP=1
19623467	42	STIM=x
19627487	42	RESP=1
19641646	42	STIM=r
19647095	42	RESP=1
19657726	42	STIM=r
19664202	42	RESP=1
19674412	42	STIM=e
19682169	42	RESP=2
19690667	42	STIM=t
19698705	42	RESP=1
19706670	42	STIM=y
19713842	42	RESP=1
19722912	42	STIM=9
19728605	42	RESP=2
19740791	42	STIM=p
19745769	42	RESP=1
19756656	42	STIM=m
19762121	42	RESP=1
19772865	42	STIM=z
19778316	42	RESP=1
19791196	42	STIM=q
19794659	42	RESP=1
19809528	42	STIM=q
19815325	42	RESP=1
19825761	42	STIM=i
19836364	42	RESP=1
19843077	42	STIM=f
19850084	42	RESP=1
19860200	42	STIM=5
19868294	42	RESP=2
19875318	42	STIM=0
19881119	42	RESP=2
19893590	42	STIM=n
19896621	42	RESP=1
19908600	42	STIM=o
19912557	42	RESP=1
19926154	42	STIM=e
19936048	42	RESP=2
19941411	42	STIM=6
19946669	42	RESP=2
19957607	42	STIM=x
19963170	42	RESP=1
19973428	42	STIM=a
19978598	42	RESP=1
19990257	42	STIM=h
19997093	42	RESP=1
20008668	42	STIM=9
20016061	42	RESP=2
20026464	42	STIM=7
20034379	42	RESP=2
20043754	42	STIM=x
20048319	42	RESP=1
20062139	42	STIM=t
20069038	42	RESP=1
20078611	42	STIM=3
20084633	42	RESP=2
20096014	42	STIM=o
20104467	42	RESP=1
20111471	42	STIM=n
20120105	42	RESP=1
20128085	42	STIM=a
20136579	42	RESP=1
20143405	42	STIM=9
20148032	42	RESP=2
20161686	42	STIM=s
20165145	42	RESP=1
20178564	42	STIM=7
20183079	42	RESP=2
20197275	42	STIM=r
20202962	42	RESP=1
20215574	42	STIM=v
20223043	42	RESP=1
20234545	42	STIM=l
20240406	42	RESP=1
20249592	42	STIM=d
20257303	42	RESP=1
20267229	42	STIM=u
20279081	42	RESP=1
20282347	42	STIM=2
20287089	42	RESP=2
20297967	42	STIM=v
20304074	42	RESP=1
20316107	42	STIM=a
20321194	42	RESP=1
20333603	42	STIM=k
20338372	42	RESP=1
20352201	42	STIM=9
20356870	42	RESP=2
20370896	42	STIM=r
20374852	42	RESP=1
20389050	42	STIM=g
20392849	42	RESP=1
20404288	42	STIM=b
20410569	42	RESP=1
20420964	42	STIM=c
20425971	42	RESP=2
20436683	42	STIM=d
20440508	42	RESP=1
20453558	42	STIM=k
20459664	42	RESP=1
20468734	42	STIM=f
20472616	42	RESP=2
20486132	42	STIM=u
20494332	42	RESP=1
20502258	42	STIM=1
20508312	42	RESP=2
20521194	42	STIM=x
20528189	42	RESP=1
20536989	42	STIM=v
20550145	42	RESP=1
20553310	42	STIM=c
20557176	42	RESP=1
20568386	42	STIM=f
20576723	42	RESP=1
20585026	42	STIM=j
20590375	42	RESP=1
20601846	42	STIM=j
20606262	42	RESP=1
20619750	42	STIM=r
20625825	42	RESP=1
20636656	42	STIM=x
20640849	42	RESP=1
20652578	42	STIM=3
20659747	42	RESP=1
20668666	42	STIM=7
20675076	42	RESP=2
20685808	42	STIM=g
20690911	42	RESP=1
20704487	42	STIM=h
20711047	42	RESP=1
20721668	42	STIM=i
20728026	42	RESP=1
20740121	42	STIM=z
20746035	42	RESP=1
20757811	42	STIM=v
20772272	42	RESP=1
20772813	42	STIM=s
20780359	42	RESP=1
20789447	42	STIM=x
20794340	42	RESP=1
20804930	42	STIM=q
20811758	42	RESP=1
20821695	42	STIM=p
20826318	42	RESP=1
20836859	42	STIM=x
20845278	42	RESP=1
20855293	42	STIM=q
20860150	42	RESP=1
20872815	42	STIM=g
20880062	42	RESP=1
20890563	42	STIM=r
20899107	42	RESP=1
20906331	42	STIM=i
20913227	42	RESP=1
20923693	42	STIM=2
20929428	42	RESP=2
20941196	42	STIM=m
20946145	42	RESP=1
20959409	42	STIM=c
20962790	42	RESP=1
20977622	42	STIM=u
20984210	42	RESP=1
20993278	42	STIM=m
21005311	42	RESP=2
21011405	42	STIM=j
21015989	42	RESP=2
21029959	42	STIM=t
21035556	42	RESP=1
21048902	42	STIM=s
21054883	42	RESP=1
21065731	42	STIM=x
21071621	42	RESP=1
21083974	42	STIM=w
21093550	42	RESP=1
21099470	42	STIM=k
21106049	42	RESP=1
21114616	42	STIM=b
21119337	42	RESP=1
21129875	42	STIM=p
21135575	42	RESP=1
21146029	42	STIM=9
21149926	42	RESP=2
21163373	42	STIM=r
21168033	42	RESP=1
21181822	42	STIM=j
21187717	42	RESP=1
21197203	42	STIM=h
21204332	42	RESP=1
21215095	42	STIM=n
21218552	42	RESP=1
21233517	42	STIM=h
21237827	42	RESP=1
21249165	42	STIM=q
21252186	42	RESP=2
21268101	42	STIM=s
21276952	42	RESP=1
21286162	42	STIM=t
21290943	42	RESP=2
21301828	42	STIM=t
21307010	42	RESP=1
21318988	42	STIM=6
21325985	42	RESP=2
21334849	42	STIM=9
21341130	42	RESP=2
21352652	42	STIM=t
21362429	42	RESP=2
21368652	42	STIM=z
21372780	42	RESP=1
21384643	42	STIM=c
21388852	42	RESP=1
21402544	42	STIM=g
21411917	42	RESP=1
21419448	42	STIM=l
21426860	42	RESP=1
21436026	42	STIM=q
21441418	42	RESP=2
21451775	42	STIM=e
21456586	42	RESP=1
21468574	42	STIM=f
21472721	42	RESP=1
21486009	42	STIM=f
21492878	42	RESP=1
21501671	42	STIM=x
21512524	42	RESP=1
21516857	42	STIM=l
21521302	42	RESP=1
21532129	42	STIM=2
21536686	42	RESP=2
21549356	42	STIM=r
21555528	42	RESP=1
21564431	42	STIM=z
21569518	42	RESP=1
21583389	42	STIM=1
21593490	42	RESP=1
21600282	42	STIM=i
21603487	42	RESP=1
21615607	42	STIM=8
21623299	42	RESP=2
21632797	42	STIM=c
21637147	42	RESP=1
21650883	42	STIM=t
21655143	42	RESP=1
21668285	42	STIM=7
21672432	42	RESP=2
21686864	42	STIM=n
21690392	42	RESP=1
21704610	42	STIM=j
21712416	42	RESP=2
21722558	42	STIM=f
21727446	42	RESP=1
21737563	42	STIM=1
21746495	42	RESP=1
21754254	42	STIM=v
21756828	42	RESP=2
