# Original filename: 0053_YZV_2017-08-10.log
# Time unit: 100 us
# RARECAT=digit
#
# Time	HHGG	Event
38286	42	STIM=n
44229	42	RESP=1
54337	42	STIM=m
61915	42	RESP=1
71556	42	STIM=u
80232	42	RESP=1
89270	42	STIM=p
98733	42	RESP=1
105408	42	STIM=g
110821	42	RESP=1
121707	42	STIM=u
125408	42	RESP=1
140563	42	STIM=4
152677	42	RESP=2
155657	42	STIM=g
163958	42	RESP=1
170728	42	STIM=a
174110	42	RESP=1
187705	42	STIM=i
190184	42	RESP=1
205775	42	STIM=o
211251	42	RESP=1
223441	42	STIM=0
228976	42	RESP=2
240395	42	STIM=2
248737	42	RESP=2
257978	42	STIM=9
262564	42	RESP=2
275299	42	STIM=x
281093	42	RESP=1
291363	42	STIM=x
296153	42	RESP=1
308708	42	STIM=c
316184	42	RESP=1
325725	42	STIM=9
332000	42	RESP=2
340764	42	STIM=r
348220	42	RESP=1
357525	42	STIM=4
363754	42	RESP=2
372829	42	STIM=h
379135	42	RESP=1
390552	42	STIM=m
395760	42	RESP=1
406315	42	STIM=g
414977	42	RESP=2
424842	42	STIM=3
428980	42	RESP=2
442772	42	STIM=m
449239	42	RESP=1
458954	42	STIM=r
466489	42	RESP=1
474708	42	STIM=x
480937	42	RESP=1
491000	42	STIM=n
496709	42	RESP=1
507939	42	STIM=o
512654	42	RESP=1
523114	42	STIM=w
528271	42	RESP=1
540937	42	STIM=2
546170	42	RESP=2
558967	42	STIM=3
565474	42	RESP=2
575657	42	STIM=k
585155	42	RESP=1
593436	42	STIM=h
596081	42	RESP=1
608972	42	STIM=1
615057	42	RESP=1
624011	42	STIM=g
628760	42	RESP=1
642660	42	STIM=z
648919	42	RESP=2
658934	42	STIM=y
662260	42	RESP=1
676848	42	STIM=p
683906	42	RESP=1
695162	42	STIM=q
700007	42	RESP=1
713598	42	STIM=5
718231	42	RESP=2
731715	42	STIM=x
741160	42	RESP=1
750376	42	STIM=m
758801	42	RESP=1
768766	42	STIM=f
773426	42	RESP=1
785242	42	STIM=k
790547	42	RESP=1
803770	42	STIM=v
810948	42	RESP=1
822756	42	STIM=7
828266	42	RESP=2
841662	42	STIM=x
846995	42	RESP=1
858609	42	STIM=e
863470	42	RESP=1
876589	42	STIM=n
879622	42	RESP=1
892427	42	STIM=k
898574	42	RESP=1
909885	42	STIM=u
914540	42	RESP=1
926262	42	STIM=c
932536	42	RESP=1
942167	42	STIM=a
947700	42	RESP=1
957304	42	STIM=3
962335	42	RESP=2
973722	42	STIM=g
980130	42	RESP=1
990132	42	STIM=p
996575	42	RESP=1
1008589	42	STIM=l
1011870	42	RESP=1
1024547	42	STIM=y
1029233	42	RESP=1
1043006	42	STIM=r
1046816	42	RESP=1
1058954	42	STIM=z
1075101	42	RESP=1
1076482	42	STIM=p
1080483	42	RESP=1
1094223	42	STIM=0
1098418	42	RESP=2
1112085	42	STIM=b
1117599	42	RESP=1
1129084	42	STIM=h
1135609	42	RESP=2
1147868	42	STIM=d
1154165	42	RESP=1
1166689	42	STIM=t
1173465	42	RESP=1
1182285	42	STIM=n
1186381	42	RESP=1
1198487	42	STIM=f
1205226	42	RESP=1
1215698	42	STIM=b
1221468	42	RESP=1
1232069	42	STIM=1
1237012	42	RESP=2
1249807	42	STIM=w
1254117	42	RESP=1
1266403	42	STIM=y
1272831	42	RESP=1
1285040	42	STIM=o
1292711	42	RESP=1
1303342	42	STIM=f
1309930	42	RESP=1
1318344	42	STIM=x
1326453	42	RESP=1
1335987	42	STIM=t
1341070	42	RESP=1
1353366	42	STIM=h
1357033	42	RESP=1
1371734	42	STIM=a
1377239	42	RESP=1
1387518	42	STIM=0
1392728	42	RESP=2
1404277	42	STIM=c
1407088	42	RESP=1
1420536	42	STIM=w
1428000	42	RESP=1
1439467	42	STIM=3
1445006	42	RESP=2
1456712	42	STIM=2
1464286	42	RESP=2
1472800	42	STIM=t
1481140	42	RESP=1
1489097	42	STIM=o
1494540	42	RESP=1
1507489	42	STIM=b
1514551	42	RESP=1
1522816	42	STIM=n
1526128	42	RESP=1
1541058	42	STIM=5
1549376	42	RESP=2
1558655	42	STIM=f
1563736	42	RESP=1
1574130	42	STIM=b
1579339	42	RESP=1
1591315	42	STIM=v
1596576	42	RESP=1
1606378	42	STIM=q
1613686	42	RESP=1
1625230	42	STIM=f
1629461	42	RESP=1
1641038	42	STIM=t
1645011	42	RESP=1
1659925	42	STIM=h
1667153	42	RESP=1
1678096	42	STIM=c
1682404	42	RESP=1
1695040	42	STIM=m
1699337	42	RESP=1
1712790	42	STIM=k
1719521	42	RESP=1
1729671	42	STIM=y
1733060	42	RESP=1
1748311	42	STIM=d
1751731	42	RESP=2
1767272	42	STIM=1
1773579	42	RESP=2
1783399	42	STIM=h
1791249	42	RESP=1
1802343	42	STIM=8
1807792	42	RESP=2
1818406	42	STIM=q
1824318	42	RESP=1
1837311	42	STIM=o
1841677	42	RESP=1
1852502	42	STIM=i
1856158	42	RESP=1
1870337	42	STIM=0
1878699	42	RESP=2
1887032	42	STIM=q
1890252	42	RESP=1
1904946	42	STIM=z
1911275	42	RESP=1
1922666	42	STIM=8
1929764	42	RESP=2
1940166	42	STIM=v
1947236	42	RESP=1
1957820	42	STIM=v
1967261	42	RESP=1
1975387	42	STIM=c
1980777	42	RESP=1
1993305	42	STIM=w
1996741	42	RESP=1
2010063	42	STIM=h
2018524	42	RESP=1
2025632	42	STIM=w
2029434	42	RESP=2
2041276	42	STIM=j
2045208	42	RESP=2
2058860	42	STIM=d
2065680	42	RESP=1
2074182	42	STIM=4
2080391	42	RESP=2
2089652	42	STIM=g
2094005	42	RESP=1
2105041	42	STIM=o
2112230	42	RESP=1
2120166	42	STIM=h
2127296	42	RESP=1
2137884	42	STIM=f
2141873	42	RESP=1
2156331	42	STIM=s
2160443	42	RESP=1
2171928	42	STIM=6
2181008	42	RESP=2
2188539	42	STIM=b
2194257	42	RESP=1
2206570	42	STIM=8
2214630	42	RESP=2
2223236	42	STIM=j
2229212	42	RESP=1
2240221	42	STIM=7
2247343	42	RESP=2
2257051	42	STIM=d
2263749	42	RESP=1
2274804	42	STIM=c
2283457	42	RESP=1
2292185	42	STIM=n
2296623	42	RESP=1
2310933	42	STIM=x
2319260	42	RESP=1
2327538	42	STIM=4
2335523	42	RESP=2
2343158	42	STIM=e
2346692	42	RESP=1
2358379	42	STIM=s
2364399	42	RESP=1
2375761	42	STIM=z
2383264	42	RESP=1
2393166	42	STIM=z
2400077	42	RESP=1
2408274	42	STIM=n
2416395	42	RESP=1
2424559	42	STIM=r
2429399	42	RESP=1
2440114	42	STIM=a
2447362	42	RESP=1
2458646	42	STIM=y
2463668	42	RESP=1
2475485	42	STIM=e
2479683	42	RESP=1
2491556	42	STIM=z
2495181	42	RESP=1
2507993	42	STIM=f
2513469	42	RESP=1
2525394	42	STIM=q
2530367	42	RESP=1
2543392	42	STIM=h
2548302	42	RESP=1
2559614	42	STIM=m
2563827	42	RESP=1
2577176	42	STIM=e
2581368	42	RESP=1
2595607	42	STIM=u
2599200	42	RESP=1
2611486	42	STIM=4
2618157	42	RESP=2
2627928	42	STIM=c
2632529	42	RESP=1
2643472	42	STIM=c
2648942	42	RESP=1
2658647	42	STIM=f
2664588	42	RESP=1
2674268	42	STIM=m
2678655	42	RESP=1
2690342	42	STIM=k
2694906	42	RESP=1
2708253	42	STIM=5
2715183	42	RESP=2
2724207	42	STIM=i
2728462	42	RESP=1
2742827	42	STIM=w
2745871	42	RESP=1
2761347	42	STIM=x
2769087	42	RESP=1
2776874	42	STIM=a
2788869	42	RESP=1
2793260	42	STIM=g
2797657	42	RESP=1
2811723	42	STIM=u
2816192	42	RESP=1
2826868	42	STIM=t
2829492	42	RESP=1
2844348	42	STIM=j
2848441	42	RESP=1
2859791	42	STIM=h
2863731	42	RESP=1
2876702	42	STIM=v
2881608	42	RESP=2
2891883	42	STIM=s
2900796	42	RESP=1
2908239	42	STIM=i
2912447	42	RESP=1
2924241	42	STIM=k
2929807	42	RESP=1
2940849	42	STIM=n
2944808	42	RESP=1
2957397	42	STIM=s
2967749	42	RESP=1
2976166	42	STIM=2
2989297	42	RESP=2
2992861	42	STIM=u
2996438	42	RESP=1
3010866	42	STIM=q
3016994	42	RESP=1
3027552	42	STIM=5
3032794	42	RESP=2
3045529	42	STIM=z
3050893	42	RESP=1
3063385	42	STIM=x
3067465	42	RESP=1
3078916	42	STIM=d
3083106	42	RESP=1
3096701	42	STIM=t
3100918	42	RESP=1
3112492	42	STIM=w
3120728	42	RESP=1
3127783	42	STIM=q
3136312	42	RESP=2
3144282	42	STIM=w
3147437	42	RESP=1
3161809	42	STIM=z
3166953	42	RESP=1
3177765	42	STIM=r
3189312	42	RESP=1
3196102	42	STIM=q
3199675	42	RESP=1
3213134	42	STIM=w
3218695	42	RESP=1
3228735	42	STIM=b
3236605	42	RESP=1
3245272	42	STIM=z
3252634	42	RESP=2
3261137	42	STIM=r
3266011	42	RESP=1
3277090	42	STIM=n
3282757	42	RESP=1
3292536	42	STIM=f
3296363	42	RESP=1
3307620	42	STIM=v
3313518	42	RESP=1
3324524	42	STIM=5
3331827	42	RESP=2
3342769	42	STIM=k
3348066	42	RESP=1
3358858	42	STIM=a
3365421	42	RESP=1
3376584	42	STIM=5
3384579	42	RESP=2
3394752	42	STIM=l
3400034	42	RESP=1
3411323	42	STIM=y
3418685	42	RESP=1
3426342	42	STIM=a
3431186	42	RESP=1
3445044	42	STIM=0
3450023	42	RESP=2
3462364	42	STIM=q
3467733	42	RESP=1
3479667	42	STIM=g
3483703	42	RESP=1
3497852	42	STIM=m
3503905	42	RESP=1
3516266	42	STIM=d
3521049	42	RESP=1
3533789	42	STIM=d
3540517	42	RESP=1
3549187	42	STIM=v
3552760	42	RESP=1
3567123	42	STIM=r
3571619	42	RESP=1
3584052	42	STIM=m
3586918	42	RESP=1
3601459	42	STIM=b
3604278	42	RESP=1
3619982	42	STIM=m
3628563	42	RESP=1
3637415	42	STIM=p
3647013	42	RESP=1
3652575	42	STIM=j
3658779	42	RESP=1
3668955	42	STIM=u
3672838	42	RESP=1
3687551	42	STIM=3
3693435	42	RESP=2
3703226	42	STIM=k
3713426	42	RESP=1
3720360	42	STIM=v
3726676	42	RESP=1
3735565	42	STIM=2
3740466	42	RESP=2
3753859	42	STIM=3
3758958	42	RESP=2
3771266	42	STIM=9
3783029	42	RESP=2
3786302	42	STIM=t
3793495	42	RESP=1
3804281	42	STIM=j
3808659	42	RESP=1
3819680	42	STIM=f
3826127	42	RESP=1
3837648	42	STIM=u
3846283	42	RESP=1
3855107	42	STIM=u
3861159	42	RESP=1
3872451	42	STIM=8
3878030	42	RESP=2
3889707	42	STIM=y
3903967	42	RESP=1
3906874	42	STIM=e
3911259	42	RESP=1
3925467	42	STIM=u
3930933	42	RESP=1
3942541	42	STIM=k
3945218	42	RESP=1
3959522	42	STIM=f
3963902	42	RESP=1
3977090	42	STIM=i
3981380	42	RESP=1
3993906	42	STIM=d
3999992	42	RESP=1
4012551	42	STIM=j
4018676	42	RESP=2
4028153	42	STIM=i
4035119	42	RESP=1
4044711	42	STIM=t
4049245	42	RESP=1
4062706	42	STIM=j
4072984	42	RESP=2
4080095	42	STIM=0
4085893	42	RESP=2
4098005	42	STIM=n
4103843	42	RESP=1
4116117	42	STIM=a
4119743	42	RESP=1
4133538	42	STIM=a
4139299	42	RESP=1
4148709	42	STIM=o
4155234	42	RESP=1
4165440	42	STIM=u
4169924	42	RESP=1
4182774	42	STIM=4
4190936	42	RESP=2
4198339	42	STIM=p
4205260	42	RESP=1
4216440	42	STIM=d
4225742	42	RESP=1
4233388	42	STIM=j
4238731	42	RESP=1
4252151	42	STIM=f
4256221	42	RESP=1
4267963	42	STIM=m
4272252	42	RESP=1
4286026	42	STIM=g
4293714	42	RESP=1
4303335	42	STIM=k
4313608	42	RESP=1
4320041	42	STIM=s
4325201	42	RESP=1
4337528	42	STIM=e
4349986	42	RESP=1
4355514	42	STIM=r
4362328	42	RESP=1
4373110	42	STIM=z
4379821	42	RESP=1
4391244	42	STIM=9
4395144	42	RESP=2
4409234	42	STIM=e
4415480	42	RESP=1
4426548	42	STIM=v
4431590	42	RESP=2
4444267	42	STIM=c
4448762	42	RESP=1
4461521	42	STIM=m
4470575	42	RESP=1
4477883	42	STIM=0
4483158	42	RESP=2
4494998	42	STIM=3
4501433	42	RESP=2
4512143	42	STIM=x
4519293	42	RESP=1
4530541	42	STIM=i
4534702	42	RESP=1
4547080	42	STIM=o
4552550	42	RESP=1
4563581	42	STIM=s
4567207	42	RESP=1
4580639	42	STIM=c
4589084	42	RESP=1
4597144	42	STIM=l
4610742	42	RESP=1
4612404	42	STIM=y
4622335	42	RESP=1
4628886	42	STIM=w
4634204	42	RESP=1
4647262	42	STIM=6
4651626	42	RESP=1
4665964	42	STIM=5
4673215	42	RESP=2
4682503	42	STIM=r
4686978	42	RESP=1
4699102	42	STIM=9
4710993	42	RESP=2
4714270	42	STIM=8
4719036	42	RESP=2
4730867	42	STIM=g
4734481	42	RESP=1
4747143	42	STIM=l
4753444	42	RESP=1
4765783	42	STIM=v
4774001	42	RESP=1
4782020	42	STIM=a
4787136	42	RESP=1
4798590	42	STIM=m
4803907	42	RESP=1
4817141	42	STIM=f
4822798	42	RESP=1
4834338	42	STIM=o
4838243	42	RESP=1
4851510	42	STIM=t
4857295	42	RESP=1
4866615	42	STIM=z
4874166	42	RESP=1
4885185	42	STIM=i
4889046	42	RESP=1
4902977	42	STIM=d
4910599	42	RESP=1
4920842	42	STIM=w
4927434	42	RESP=1
4938953	42	STIM=b
4942890	42	RESP=1
4956207	42	STIM=e
4960185	42	RESP=1
4974612	42	STIM=p
4978742	42	RESP=1
4990034	42	STIM=i
4994286	42	RESP=1
5007349	42	STIM=8
5011730	42	RESP=2
5022816	42	STIM=b
5027529	42	RESP=1
5041435	42	STIM=s
5045882	42	RESP=1
5059024	42	STIM=w
5064267	42	RESP=1
5077139	42	STIM=0
5083388	42	RESP=1
5094359	42	STIM=q
5102935	42	RESP=1
5112861	42	STIM=c
5121079	42	RESP=1
5131185	42	STIM=c
5142941	42	RESP=1
5149322	42	STIM=c
5155041	42	RESP=1
5165629	42	STIM=6
5172903	42	RESP=2
5182865	42	STIM=q
5190899	42	RESP=2
5201357	42	STIM=9
5206088	42	RESP=2
5219747	42	STIM=n
5226425	42	RESP=1
5236944	42	STIM=z
5242407	42	RESP=1
5252301	42	STIM=l
5256604	42	RESP=1
5270504	42	STIM=3
5274839	42	RESP=2
5288036	42	STIM=i
5293125	42	RESP=1
5303065	42	STIM=f
5308091	42	RESP=2
5320151	42	STIM=6
5327855	42	RESP=2
5338656	42	STIM=9
5347607	42	RESP=2
5355979	42	STIM=c
5364432	42	RESP=1
5372685	42	STIM=t
5377438	42	RESP=1
5390181	42	STIM=n
5395694	42	RESP=1
5407258	42	STIM=i
5410305	42	RESP=1
5423873	42	STIM=8
5429031	42	RESP=1
5440989	42	STIM=s
5449840	42	RESP=1
5458347	42	STIM=l
5466426	42	RESP=1
5474891	42	STIM=3
5489259	42	RESP=2
5493376	42	STIM=d
5497829	42	RESP=1
5511925	42	STIM=f
5521249	42	RESP=1
5528640	42	STIM=m
5533608	42	RESP=1
5545218	42	STIM=3
5553046	42	RESP=1
5562096	42	STIM=m
5571236	42	RESP=1
5580223	42	STIM=7
5587129	42	RESP=2
5595499	42	STIM=k
5600351	42	RESP=1
5614316	42	STIM=e
5617835	42	RESP=1
5629655	42	STIM=s
5634825	42	RESP=1
5646335	42	STIM=k
5650288	42	RESP=1
5663613	42	STIM=z
5668025	42	RESP=1
5680537	42	STIM=0
5686087	42	RESP=1
5698750	42	STIM=n
5704533	42	RESP=1
5714657	42	STIM=w
5717923	42	RESP=1
5729672	42	STIM=o
5734798	42	RESP=1
5745449	42	STIM=o
5750564	42	RESP=1
5763391	42	STIM=1
5769182	42	RESP=2
5778908	42	STIM=t
5784736	42	RESP=1
5795111	42	STIM=l
5801094	42	RESP=1
5812928	42	STIM=i
5818233	42	RESP=1
5829008	42	STIM=8
5833584	42	RESP=2
5846365	42	STIM=u
5851697	42	RESP=1
5862261	42	STIM=6
5869877	42	RESP=2
5880610	42	STIM=y
5884422	42	RESP=1
5896494	42	STIM=4
5900395	42	RESP=2
5914741	42	STIM=g
5924453	42	RESP=1
5930281	42	STIM=d
5935423	42	RESP=1
5946923	42	STIM=u
5949996	42	RESP=1
5964740	42	STIM=k
5970758	42	RESP=1
5981687	42	STIM=c
5986199	42	RESP=2
5999267	42	STIM=n
6002961	42	RESP=1
6017893	42	STIM=m
6023982	42	RESP=1
6036892	42	STIM=f
6041031	42	RESP=1
6055300	42	STIM=m
6063185	42	RESP=1
6072090	42	STIM=h
6077869	42	RESP=1
6091025	42	STIM=q
6095921	42	RESP=1
6106083	42	STIM=t
6113550	42	RESP=1
6121509	42	STIM=m
6127531	42	RESP=1
6138262	42	STIM=u
6144159	42	RESP=1
6155666	42	STIM=w
6161075	42	RESP=1
6172101	42	STIM=4
6177132	42	RESP=2
6188175	42	STIM=t
6192094	42	RESP=1
6203798	42	STIM=l
6208531	42	RESP=2
6219585	42	STIM=y
6228473	42	RESP=1
6237836	42	STIM=9
6244764	42	RESP=2
6255331	42	STIM=y
6261488	42	RESP=1
6272610	42	STIM=g
6276563	42	RESP=1
6289605	42	STIM=0
6296457	42	RESP=2
6305613	42	STIM=y
6310803	42	RESP=1
6322085	42	STIM=l
6326202	42	RESP=1
6338627	42	STIM=r
6344127	42	RESP=1
6356216	42	STIM=9
6360266	42	RESP=2
6373711	42	STIM=7
6379766	42	RESP=2
6389459	42	STIM=m
6393975	42	RESP=1
6407026	42	STIM=q
6411124	42	RESP=1
6424120	42	STIM=a
6428564	42	RESP=1
6439838	42	STIM=j
6445685	42	RESP=1
6456916	42	STIM=y
6463954	42	RESP=1
6472380	42	STIM=k
6478254	42	RESP=1
6490891	42	STIM=r
6496989	42	RESP=1
6507208	42	STIM=m
6510218	42	RESP=1
6525463	42	STIM=t
6531999	42	RESP=1
6543597	42	STIM=f
6546624	42	RESP=1
6560044	42	STIM=q
6568127	42	RESP=1
6576371	42	STIM=x
6582487	42	RESP=1
6591764	42	STIM=b
6596132	42	RESP=1
6608945	42	STIM=t
6613008	42	RESP=1
6625811	42	STIM=g
6632091	42	RESP=1
6643448	42	STIM=u
6648067	42	RESP=1
6659236	42	STIM=n
6667883	42	RESP=1
6675820	42	STIM=7
6681014	42	RESP=2
6693291	42	STIM=g
6700598	42	RESP=1
6712009	42	STIM=5
6718813	42	RESP=2
6730000	42	STIM=t
6735463	42	RESP=1
6747983	42	STIM=x
6752759	42	RESP=1
6766034	42	STIM=z
6769536	42	RESP=1
6781109	42	STIM=k
6785082	42	RESP=1
6799049	42	STIM=5
6804823	42	RESP=2
6816903	42	STIM=o
6821871	42	RESP=1
6833024	42	STIM=u
6836743	42	RESP=1
6848845	42	STIM=p
6857371	42	RESP=1
6865444	42	STIM=r
6870386	42	RESP=1
6883764	42	STIM=q
6888235	42	RESP=1
6902668	42	STIM=p
6911743	42	RESP=1
6919053	42	STIM=1
6925752	42	RESP=2
6934366	42	STIM=l
6940616	42	RESP=1
6952226	42	STIM=d
6955358	42	RESP=1
6968171	42	STIM=j
6972398	42	RESP=1
6984667	42	STIM=x
6987775	42	RESP=1
7002804	42	STIM=7
7010730	42	RESP=1
7018288	42	STIM=l
7025571	42	RESP=1
7037193	42	STIM=i
7042547	42	RESP=1
7054540	42	STIM=z
7063306	42	RESP=1
7071533	42	STIM=s
7077524	42	RESP=1
7088303	42	STIM=s
7096435	42	RESP=1
7103972	42	STIM=y
7110144	42	RESP=1
7121617	42	STIM=x
7125532	42	RESP=1
7138226	42	STIM=p
7146116	42	RESP=1
7154260	42	STIM=k
7158231	42	RESP=1
7171999	42	STIM=b
7177349	42	RESP=1
7187787	42	STIM=m
7191437	42	RESP=1
7203761	42	STIM=4
7208912	42	RESP=2
7221246	42	STIM=t
7225678	42	RESP=1
7236471	42	STIM=0
7245152	42	RESP=2
7255124	42	STIM=n
7267184	42	RESP=1
7274102	42	STIM=3
7279391	42	RESP=2
7290458	42	STIM=4
7294640	42	RESP=2
7305861	42	STIM=w
7310490	42	RESP=2
7321747	42	STIM=l
7326600	42	RESP=1
7340589	42	STIM=8
7347159	42	RESP=2
7355694	42	STIM=h
7359911	42	RESP=1
7372428	42	STIM=u
7376635	42	RESP=1
7389803	42	STIM=0
7395567	42	RESP=2
7407586	42	STIM=v
7410838	42	RESP=1
7423034	42	STIM=4
7429957	42	RESP=2
7441588	42	STIM=r
7445994	42	RESP=1
7457098	42	STIM=1
7462580	42	RESP=2
7472140	42	STIM=e
7482269	42	RESP=1
7487757	42	STIM=8
7492357	42	RESP=2
7503283	42	STIM=0
7508781	42	RESP=2
7522064	42	STIM=1
7525893	42	RESP=2
7538590	42	STIM=4
7545497	42	RESP=2
7554592	42	STIM=m
7560269	42	RESP=1
7573030	42	STIM=x
7577738	42	RESP=1
7591875	42	STIM=b
7597205	42	RESP=1
7609170	42	STIM=o
7614358	42	RESP=1
7625209	42	STIM=j
7629240	42	RESP=1
7641049	42	STIM=i
7644570	42	RESP=1
7659896	42	STIM=6
7664501	42	RESP=2
7678172	42	STIM=l
7684523	42	RESP=1
7695980	42	STIM=t
7699165	42	RESP=1
7713818	42	STIM=r
7717324	42	RESP=1
7731386	42	STIM=g
7736404	42	RESP=1
7747254	42	STIM=k
7753620	42	RESP=1
7762425	42	STIM=3
7769158	42	RESP=2
7779066	42	STIM=k
7792433	42	RESP=1
7795656	42	STIM=8
7803489	42	RESP=1
7813814	42	STIM=n
7820901	42	RESP=1
7831413	42	STIM=m
7835795	42	RESP=1
7848969	42	STIM=k
7855504	42	RESP=1
7864111	42	STIM=o
7869205	42	RESP=1
7879629	42	STIM=q
7885703	42	RESP=1
7895574	42	STIM=8
7900327	42	RESP=2
7914309	42	STIM=b
7921683	42	RESP=1
7933198	42	STIM=n
7939519	42	RESP=1
7949987	42	STIM=p
7955432	42	RESP=2
7968728	42	STIM=0
7977245	42	RESP=2
7984771	42	STIM=9
7995979	42	RESP=2
8000040	42	STIM=y
8004988	42	RESP=1
8017668	42	STIM=q
8021379	42	RESP=1
8034691	42	STIM=m
8040219	42	RESP=1
8051668	42	STIM=k
8059030	42	RESP=1
8070482	42	STIM=b
8073716	42	RESP=1
8088709	42	STIM=d
8095370	42	RESP=1
8104658	42	STIM=c
8110857	42	RESP=1
8121696	42	STIM=a
8126662	42	RESP=2
8140069	42	STIM=u
8143926	42	RESP=1
8156549	42	STIM=t
8161089	42	RESP=1
8172991	42	STIM=h
8179305	42	RESP=1
8190051	42	STIM=e
8196142	42	RESP=1
8206610	42	STIM=4
8215286	42	RESP=2
8224758	42	STIM=6
8231827	42	RESP=2
8242193	42	STIM=r
8247846	42	RESP=1
8260978	42	STIM=h
8268895	42	RESP=1
8279418	42	STIM=o
8287109	42	RESP=1
8294844	42	STIM=1
8298516	42	RESP=2
8311074	42	STIM=w
8315120	42	RESP=1
8326104	42	STIM=9
8333990	42	RESP=2
8344368	42	STIM=1
8350382	42	RESP=2
8361748	42	STIM=m
8366765	42	RESP=1
8380310	42	STIM=s
8394003	42	RESP=1
8396690	42	STIM=i
8399823	42	RESP=1
8412170	42	STIM=m
8415710	42	RESP=1
8428659	42	STIM=j
8434721	42	RESP=1
8445362	42	STIM=u
8448747	42	RESP=1
8463753	42	STIM=p
8468030	42	RESP=1
8479925	42	STIM=e
8483403	42	RESP=1
8496226	42	STIM=b
8502732	42	RESP=1
8511630	42	STIM=e
8517985	42	RESP=2
8528502	42	STIM=r
8536452	42	RESP=1
8545325	42	STIM=7
8553430	42	RESP=2
8562747	42	STIM=8
8569750	42	RESP=2
8579685	42	STIM=d
8587015	42	RESP=1
8596615	42	STIM=t
8602336	42	RESP=1
8614847	42	STIM=j
8618315	42	RESP=1
8631463	42	STIM=b
8638858	42	RESP=1
8648987	42	STIM=s
8652370	42	RESP=1
8664195	42	STIM=t
8674655	42	RESP=1
8680135	42	STIM=y
8685551	42	RESP=1
8699083	42	STIM=g
8704671	42	RESP=1
8714856	42	STIM=o
8718701	42	RESP=1
8731419	42	STIM=a
8735232	42	RESP=1
8749861	42	STIM=n
8754674	42	RESP=1
8766779	42	STIM=m
8773568	42	RESP=1
8783591	42	STIM=n
8789810	42	RESP=1
8801125	42	STIM=p
8807905	42	RESP=1
8817579	42	STIM=n
8822773	42	RESP=1
8832589	42	STIM=v
8838670	42	RESP=1
8849426	42	STIM=u
8854418	42	RESP=1
8867015	42	STIM=s
8873737	42	RESP=1
8885297	42	STIM=q
8891740	42	RESP=1
8901782	42	STIM=l
8907083	42	RESP=1
8917321	42	STIM=b
8921953	42	RESP=1
8932369	42	STIM=9
8940715	42	RESP=1
8948649	42	STIM=p
8953468	42	RESP=1
8965628	42	STIM=o
8971274	42	RESP=1
8983508	42	STIM=h
8987955	42	RESP=1
8999276	42	STIM=c
9004517	42	RESP=1
9017894	42	STIM=m
9021820	42	RESP=1
9033532	42	STIM=h
9036774	42	RESP=1
9051637	42	STIM=s
9056944	42	RESP=1
9069157	42	STIM=b
9076264	42	RESP=2
9087880	42	STIM=6
9095994	42	RESP=2
9104449	42	STIM=i
9108460	42	RESP=1
9120360	42	STIM=w
9127608	42	RESP=1
9137096	42	STIM=f
9145538	42	RESP=1
9155260	42	STIM=u
9163639	42	RESP=1
9170411	42	STIM=w
9174736	42	RESP=1
9188925	42	STIM=p
9195454	42	RESP=1
9204988	42	STIM=e
9208971	42	RESP=1
9221317	42	STIM=7
9227370	42	RESP=2
9237372	42	STIM=m
9243320	42	RESP=1
9253720	42	STIM=1
9258792	42	RESP=2
9271970	42	STIM=z
9280323	42	RESP=1
9290285	42	STIM=v
9293580	42	RESP=1
9305463	42	STIM=e
9311068	42	RESP=1
9320758	42	STIM=a
9327246	42	RESP=1
9336526	42	STIM=y
9347079	42	RESP=1
9351581	42	STIM=7
9359288	42	RESP=2
9367586	42	STIM=o
9372945	42	RESP=1
9385546	42	STIM=y
9392797	42	RESP=1
9403333	42	STIM=g
9409675	42	RESP=1
9418365	42	STIM=r
9422132	42	RESP=1
9434307	42	STIM=t
9439657	42	RESP=1
9450562	42	STIM=r
9453400	42	RESP=2
9466756	42	STIM=l
9470127	42	RESP=1
9484880	42	STIM=a
9492773	42	RESP=1
9503833	42	STIM=1
9513192	42	RESP=2
9519922	42	STIM=x
9523936	42	RESP=1
9536650	42	STIM=m
9543921	42	RESP=1
9553380	42	STIM=x
9562689	42	RESP=1
9568705	42	STIM=v
9579284	42	RESP=1
9583949	42	STIM=t
9589036	42	RESP=1
9602088	42	STIM=7
9611707	42	RESP=1
9619161	42	STIM=z
9623248	42	RESP=1
9635158	42	STIM=b
9642655	42	RESP=1
9651465	42	STIM=m
9654969	42	RESP=1
9667309	42	STIM=w
9670571	42	RESP=1
9682392	42	STIM=r
9687306	42	RESP=1
9698638	42	STIM=g
9701535	42	RESP=1
9713814	42	STIM=t
9722002	42	RESP=1
9731985	42	STIM=s
9738707	42	RESP=1
9749172	42	STIM=3
9752570	42	RESP=2
9765380	42	STIM=f
9769998	42	RESP=2
9782111	42	STIM=o
9785146	42	RESP=1
9797439	42	STIM=m
9800732	42	RESP=1
9815607	42	STIM=b
9820036	42	RESP=1
9833949	42	STIM=j
9839220	42	RESP=1
9851928	42	STIM=p
9858957	42	RESP=1
9868412	42	STIM=i
9873907	42	RESP=1
9886676	42	STIM=s
9889865	42	RESP=1
9901679	42	STIM=f
9909265	42	RESP=1
9917835	42	STIM=s
9923220	42	RESP=1
9936433	42	STIM=e
9942462	42	RESP=1
9954331	42	STIM=m
9959605	42	RESP=1
9969991	42	STIM=h
9973233	42	RESP=1
9985490	42	STIM=7
9990326	42	RESP=2
10003326	42	STIM=e
10007210	42	RESP=1
10019508	42	STIM=p
10025276	42	RESP=1
10037017	42	STIM=a
10042270	42	RESP=1
10052489	42	STIM=f
10055326	42	RESP=1
10069042	42	STIM=l
10075509	42	RESP=1
10084136	42	STIM=m
10089362	42	RESP=1
10100640	42	STIM=0
10107448	42	RESP=2
10117072	42	STIM=j
10122121	42	RESP=1
10135782	42	STIM=i
10140859	42	RESP=1
10151056	42	STIM=l
10157557	42	RESP=1
10167867	42	STIM=r
10172410	42	RESP=1
10185160	42	STIM=t
10189695	42	RESP=1
10203187	42	STIM=5
10209361	42	RESP=1
10220177	42	STIM=i
10224661	42	RESP=1
10238232	42	STIM=0
10246260	42	RESP=2
10256737	42	STIM=o
10260712	42	RESP=1
10274208	42	STIM=e
10278039	42	RESP=1
10291921	42	STIM=f
10298363	42	RESP=1
10306986	42	STIM=m
10317779	42	RESP=1
10323339	42	STIM=l
10326828	42	RESP=1
10341820	42	STIM=8
10347302	42	RESP=2
10359610	42	STIM=t
10362639	42	RESP=1
10377575	42	STIM=r
10383678	42	RESP=1
10395812	42	STIM=p
10405131	42	RESP=1
10412972	42	STIM=3
10418883	42	RESP=2
10431970	42	STIM=d
10441134	42	RESP=1
10448008	42	STIM=s
10454256	42	RESP=1
10466421	42	STIM=4
10472038	42	RESP=2
10484993	42	STIM=p
10489492	42	RESP=1
10502526	42	STIM=2
10513024	42	RESP=2
10519629	42	STIM=p
10522689	42	RESP=1
10535512	42	STIM=9
10539846	42	RESP=2
10552283	42	STIM=o
10556765	42	RESP=1
10571128	42	STIM=c
10577098	42	RESP=1
10587530	42	STIM=m
10596051	42	RESP=1
10603166	42	STIM=4
10607387	42	RESP=2
10619509	42	STIM=2
10626077	42	RESP=1
10637279	42	STIM=m
10647230	42	RESP=1
10653706	42	STIM=b
10658880	42	RESP=1
10669790	42	STIM=3
10674449	42	RESP=2
10687373	42	STIM=y
10691225	42	RESP=1
10703431	42	STIM=9
10712131	42	RESP=2
10721636	42	STIM=t
10727494	42	RESP=1
10740270	42	STIM=d
10744671	42	RESP=1
10758756	42	STIM=y
10765126	42	RESP=1
10776096	42	STIM=2
10783344	42	RESP=2
10791784	42	STIM=p
10797060	42	RESP=1
10807005	42	STIM=7
10815758	42	RESP=2
10823792	42	STIM=h
10828286	42	RESP=1
10841793	42	STIM=4
10848932	42	RESP=2
10859054	42	STIM=g
10862430	42	RESP=1
10877020	42	STIM=g
10882830	42	RESP=2
10895951	42	STIM=0
10902062	42	RESP=2
10913447	42	STIM=y
10918244	42	RESP=1
10931047	42	STIM=y
10936482	42	RESP=1
10949968	42	STIM=m
10957699	42	RESP=1
10967846	42	STIM=e
10972041	42	RESP=1
10985749	42	STIM=t
10991859	42	RESP=1
11004248	42	STIM=f
11010296	42	RESP=1
11019321	42	STIM=d
11023391	42	RESP=1
11034833	42	STIM=6
11041830	42	RESP=2
11053297	42	STIM=l
11059882	42	RESP=1
11071470	42	STIM=u
11077361	42	RESP=1
11087415	42	STIM=x
11090873	42	RESP=1
11103504	42	STIM=a
11109845	42	RESP=1
11121109	42	STIM=2
11128989	42	RESP=2
11139633	42	STIM=b
11148135	42	RESP=1
11155199	42	STIM=b
11163707	42	RESP=1
11172350	42	STIM=o
11177704	42	RESP=1
11187739	42	STIM=j
11190390	42	RESP=1
11206728	42	STIM=g
11214679	42	RESP=1
11224509	42	STIM=o
11228230	42	RESP=1
11240179	42	STIM=5
11248629	42	RESP=2
11256891	42	STIM=2
11265181	42	RESP=2
11275700	42	STIM=5
11283292	42	RESP=2
11291012	42	STIM=b
11294966	42	RESP=1
11306828	42	STIM=n
11313524	42	RESP=1
11325153	42	STIM=5
11332581	42	RESP=2
11342619	42	STIM=2
11348802	42	RESP=2
11360793	42	STIM=1
11373197	42	RESP=2
11376126	42	STIM=a
11381731	42	RESP=1
11393733	42	STIM=b
11400674	42	RESP=1
11409973	42	STIM=g
11413915	42	RESP=1
11426184	42	STIM=7
11432148	42	RESP=2
11444898	42	STIM=u
11453539	42	RESP=1
11460335	42	STIM=a
11463959	42	RESP=1
11478020	42	STIM=f
11483479	42	RESP=1
11495108	42	STIM=6
11505628	42	RESP=2
11513586	42	STIM=w
11518414	42	RESP=1
11530140	42	STIM=s
11536510	42	RESP=1
11547628	42	STIM=m
11557099	42	RESP=1
11565562	42	STIM=c
11570328	42	RESP=1
11583728	42	STIM=7
11589419	42	RESP=2
11599116	42	STIM=k
11605824	42	RESP=1
11614119	42	STIM=n
11619782	42	RESP=1
11629829	42	STIM=q
11635336	42	RESP=1
11645057	42	STIM=a
11648365	42	RESP=2
11661528	42	STIM=a
11670207	42	RESP=1
11677493	42	STIM=d
11683910	42	RESP=1
11692529	42	STIM=c
11697749	42	RESP=1
11708559	42	STIM=a
11714173	42	RESP=1
11727093	42	STIM=0
11736172	42	RESP=2
11746046	42	STIM=i
11755377	42	RESP=2
11762066	42	STIM=s
11767011	42	RESP=2
11777753	42	STIM=c
11785096	42	RESP=1
11794792	42	STIM=q
11800149	42	RESP=1
11810443	42	STIM=n
11816822	42	RESP=1
11825764	42	STIM=g
11831949	42	RESP=1
11843112	42	STIM=h
11849955	42	RESP=1
11858553	42	STIM=d
11864384	42	RESP=1
11875426	42	STIM=k
11878219	42	RESP=1
11893379	42	STIM=d
11902564	42	RESP=1
11911190	42	STIM=q
11917594	42	RESP=1
11929713	42	STIM=s
11938722	42	RESP=1
11945582	42	STIM=j
11952138	42	RESP=1
11961471	42	STIM=w
11966263	42	RESP=1
11978495	42	STIM=x
11984162	42	RESP=1
11996144	42	STIM=z
12000953	42	RESP=1
12013172	42	STIM=6
12020353	42	RESP=2
12032078	42	STIM=g
12037759	42	RESP=2
12048021	42	STIM=i
12054223	42	RESP=1
12065484	42	STIM=w
12069872	42	RESP=1
12080892	42	STIM=o
12087506	42	RESP=1
12099086	42	STIM=z
12103851	42	RESP=1
12117505	42	STIM=e
12122102	42	RESP=1
12134597	42	STIM=r
12138066	42	RESP=1
12149921	42	STIM=z
12158770	42	RESP=1
12168809	42	STIM=i
12172869	42	RESP=1
12187645	42	STIM=l
12190558	42	RESP=2
12205840	42	STIM=u
12209720	42	RESP=1
12220998	42	STIM=5
12226244	42	RESP=1
12237628	42	STIM=q
12248730	42	RESP=1
12256516	42	STIM=z
12265370	42	RESP=1
12273980	42	STIM=h
12279459	42	RESP=1
12289885	42	STIM=t
12294933	42	RESP=1
12306960	42	STIM=4
12314072	42	RESP=2
12323089	42	STIM=x
12326900	42	RESP=1
12341702	42	STIM=l
12349256	42	RESP=1
12360291	42	STIM=5
12365647	42	RESP=2
12376145	42	STIM=a
12382499	42	RESP=1
12391499	42	STIM=p
12397545	42	RESP=1
12409072	42	STIM=b
12414052	42	RESP=1
12424678	42	STIM=w
12430885	42	RESP=1
12439797	42	STIM=z
12446423	42	RESP=1
12455814	42	STIM=p
12459414	42	RESP=1
12474613	42	STIM=v
12479490	42	RESP=1
12490606	42	STIM=c
12497452	42	RESP=1
12509576	42	STIM=s
12513214	42	RESP=1
12527199	42	STIM=w
12531888	42	RESP=1
12543710	42	STIM=m
12559502	42	RESP=1
12561030	42	STIM=7
12566951	42	RESP=2
12577060	42	STIM=f
12581241	42	RESP=1
12592966	42	STIM=t
12601693	42	RESP=1
12611850	42	STIM=c
12618706	42	RESP=1
12628985	42	STIM=b
12634713	42	RESP=1
12645231	42	STIM=v
12649299	42	RESP=1
12663541	42	STIM=n
12672366	42	RESP=1
12679278	42	STIM=t
12688185	42	RESP=2
12696140	42	STIM=s
12706111	42	RESP=1
12712726	42	STIM=t
12718943	42	RESP=1
12731646	42	STIM=h
12738487	42	RESP=1
12748298	42	STIM=u
12754954	42	RESP=1
12764756	42	STIM=1
12770276	42	RESP=2
12780401	42	STIM=b
12787012	42	RESP=1
12798322	42	STIM=7
12805505	42	RESP=2
12816715	42	STIM=x
12820336	42	RESP=1
12832123	42	STIM=c
12842987	42	RESP=1
12850191	42	STIM=a
12854761	42	RESP=1
12868121	42	STIM=x
12874226	42	RESP=1
12884817	42	STIM=1
12893901	42	RESP=2
12901176	42	STIM=u
12904568	42	RESP=1
12918946	42	STIM=h
12922618	42	RESP=1
12934416	42	STIM=c
12946346	42	RESP=1
12950893	42	STIM=6
12956393	42	RESP=2
12966822	42	STIM=q
12973082	42	RESP=1
12983991	42	STIM=v
12988788	42	RESP=1
13000640	42	STIM=u
13006639	42	RESP=1
13016500	42	STIM=t
13024125	42	RESP=2
13031962	42	STIM=h
13041812	42	RESP=1
13048854	42	STIM=g
13051656	42	RESP=2
13064936	42	STIM=7
13071350	42	RESP=2
13082746	42	STIM=5
13090362	42	RESP=2
13099646	42	STIM=4
13104913	42	RESP=2
13116612	42	STIM=u
13123676	42	RESP=1
13133466	42	STIM=9
13137518	42	RESP=2
13148537	42	STIM=0
13152747	42	RESP=2
13165862	42	STIM=o
13170033	42	RESP=1
13182188	42	STIM=x
13186988	42	RESP=1
13200621	42	STIM=9
13205807	42	RESP=2
13217904	42	STIM=q
13223389	42	RESP=1
13236763	42	STIM=h
13243739	42	RESP=1
13252045	42	STIM=5
13261266	42	RESP=2
13269872	42	STIM=b
13276513	42	RESP=1
13287523	42	STIM=6
13296322	42	RESP=1
13305149	42	STIM=f
13308552	42	RESP=1
13323124	42	STIM=0
13328022	42	RESP=2
13341325	42	STIM=n
13346014	42	RESP=1
13359600	42	STIM=i
13365359	42	RESP=1
13376091	42	STIM=3
13384429	42	RESP=2
13393787	42	STIM=9
13400027	42	RESP=2
13409857	42	STIM=h
13423431	42	RESP=1
13426525	42	STIM=3
13432666	42	RESP=2
13442960	42	STIM=p
13448052	42	RESP=1
13459846	42	STIM=x
13467419	42	RESP=1
13476432	42	STIM=z
13481766	42	RESP=1
13492436	42	STIM=t
13495458	42	RESP=2
13510152	42	STIM=k
13513394	42	RESP=1
13525660	42	STIM=x
13530199	42	RESP=1
13541493	42	STIM=7
13546758	42	RESP=2
13556913	42	STIM=9
13565184	42	RESP=2
13572403	42	STIM=7
13576998	42	RESP=2
13590145	42	STIM=e
13599236	42	RESP=1
13605808	42	STIM=d
13612892	42	RESP=1
13624619	42	STIM=q
13633316	42	RESP=1
13643564	42	STIM=a
13646430	42	RESP=1
13659724	42	STIM=b
13666683	42	RESP=1
13675109	42	STIM=u
13682242	42	RESP=1
13690783	42	STIM=v
13695381	42	RESP=1
13705822	42	STIM=3
13710600	42	RESP=2
13724433	42	STIM=g
13729256	42	RESP=1
13741277	42	STIM=o
13749205	42	RESP=1
13758523	42	STIM=j
13762313	42	RESP=1
13775904	42	STIM=q
13779578	42	RESP=1
13791392	42	STIM=u
13798958	42	RESP=1
13809313	42	STIM=a
13813505	42	RESP=1
13825093	42	STIM=g
13832588	42	RESP=1
13841558	42	STIM=5
13848033	42	RESP=2
13856902	42	STIM=n
13863672	42	RESP=1
13873596	42	STIM=p
13879973	42	RESP=1
13891120	42	STIM=f
13894841	42	RESP=1
13909627	42	STIM=k
13915273	42	RESP=1
13925851	42	STIM=b
13931622	42	RESP=1
13943010	42	STIM=e
13946955	42	RESP=1
13959137	42	STIM=r
13965738	42	RESP=1
13974886	42	STIM=r
13979613	42	RESP=1
13990007	42	STIM=l
13995357	42	RESP=1
14005639	42	STIM=o
14010650	42	RESP=1
14021030	42	STIM=i
14025188	42	RESP=1
14037503	42	STIM=t
14042358	42	RESP=1
14052908	42	STIM=q
14056839	42	RESP=1
14068995	42	STIM=3
14073799	42	RESP=2
14085143	42	STIM=l
14090296	42	RESP=1
14102426	42	STIM=q
14109492	42	RESP=1
14118172	42	STIM=t
14120979	42	RESP=1
14136255	42	STIM=f
14141392	42	RESP=1
14152938	42	STIM=x
14156350	42	RESP=1
14170475	42	STIM=0
14180531	42	RESP=2
14187233	42	STIM=t
14190475	42	RESP=1
14204610	42	STIM=2
14215278	42	RESP=2
14222816	42	STIM=q
14229195	42	RESP=1
14239453	42	STIM=4
14244362	42	RESP=2
14255849	42	STIM=n
14261373	42	RESP=1
14271056	42	STIM=t
14279422	42	RESP=2
14288166	42	STIM=y
14293608	42	RESP=1
14305017	42	STIM=m
14309426	42	RESP=1
14321054	42	STIM=5
14329903	42	RESP=2
14337311	42	STIM=v
14346175	42	RESP=2
14355199	42	STIM=k
14362703	42	RESP=1
14370571	42	STIM=4
14375305	42	RESP=2
14386640	42	STIM=y
14389277	42	RESP=1
14403214	42	STIM=w
14412089	42	RESP=1
14422006	42	STIM=x
14426298	42	RESP=1
14439988	42	STIM=a
14445771	42	RESP=1
14455100	42	STIM=y
14460892	42	RESP=1
14473104	42	STIM=p
14480132	42	RESP=1
14489671	42	STIM=r
14493412	42	RESP=1
14507415	42	STIM=8
14514287	42	RESP=2
14522723	42	STIM=1
14530203	42	RESP=2
14540901	42	STIM=e
14547912	42	RESP=1
14558710	42	STIM=e
14565197	42	RESP=1
14574067	42	STIM=d
14580709	42	RESP=1
14590468	42	STIM=e
14596855	42	RESP=1
14609208	42	STIM=5
14612883	42	RESP=2
14628066	42	STIM=o
14632662	42	RESP=1
14644715	42	STIM=e
14652661	42	RESP=1
14661836	42	STIM=4
14666427	42	RESP=2
14680563	42	STIM=s
14686895	42	RESP=1
14698624	42	STIM=1
14703833	42	RESP=2
14713663	42	STIM=4
14719844	42	RESP=2
14728772	42	STIM=6
14737116	42	RESP=2
14744190	42	STIM=x
14750168	42	RESP=1
14763177	42	STIM=o
14772335	42	RESP=1
14779468	42	STIM=y
14783774	42	RESP=1
14796719	42	STIM=e
14805980	42	RESP=1
14813043	42	STIM=w
14817739	42	RESP=1
14830546	42	STIM=5
14839108	42	RESP=2
14845978	42	STIM=4
14851989	42	RESP=2
14862040	42	STIM=m
14868348	42	RESP=1
14877943	42	STIM=u
14883355	42	RESP=1
14896054	42	STIM=e
14902378	42	RESP=1
14914641	42	STIM=d
14922475	42	RESP=2
14932462	42	STIM=z
14942811	42	RESP=1
14951045	42	STIM=u
14958077	42	RESP=1
14969559	42	STIM=9
14976920	42	RESP=2
14985729	42	STIM=s
14991294	42	RESP=1
15004670	42	STIM=e
15011307	42	RESP=1
15022053	42	STIM=c
15025629	42	RESP=1
15038711	42	STIM=s
15042709	42	RESP=1
15053716	42	STIM=9
15060792	42	RESP=2
15071877	42	STIM=w
15075771	42	RESP=1
15087189	42	STIM=z
15091033	42	RESP=1
15102682	42	STIM=w
15107983	42	RESP=1
15118457	42	STIM=x
15125018	42	RESP=1
15136354	42	STIM=e
15141037	42	RESP=1
15151564	42	STIM=u
15159937	42	RESP=1
15169361	42	STIM=y
15174612	42	RESP=1
15187722	42	STIM=j
15192755	42	RESP=1
15203248	42	STIM=k
15209794	42	RESP=1
15220885	42	STIM=0
15228297	42	RESP=1
15238349	42	STIM=9
15245641	42	RESP=2
15256123	42	STIM=q
15259530	42	RESP=1
15273365	42	STIM=9
15277436	42	RESP=2
15288667	42	STIM=d
15294993	42	RESP=1
15306288	42	STIM=e
15314102	42	RESP=2
15324761	42	STIM=u
15333256	42	RESP=2
15339917	42	STIM=y
15346361	42	RESP=1
15358566	42	STIM=j
15363629	42	RESP=1
15374084	42	STIM=s
15378381	42	RESP=1
15391463	42	STIM=l
15397650	42	RESP=1
15408360	42	STIM=s
15413738	42	RESP=1
15424019	42	STIM=j
15429373	42	RESP=1
15440472	42	STIM=k
15444558	42	RESP=1
15458566	42	STIM=s
15461676	42	RESP=1
15475677	42	STIM=o
15482415	42	RESP=1
15491396	42	STIM=t
15496449	42	RESP=1
15509443	42	STIM=e
15515196	42	RESP=1
15526831	42	STIM=j
15531070	42	RESP=1
15545772	42	STIM=w
15549943	42	RESP=1
15562618	42	STIM=s
15568182	42	RESP=1
15578911	42	STIM=i
15583033	42	RESP=1
15594994	42	STIM=i
15600529	42	RESP=1
15612881	42	STIM=n
15616068	42	RESP=1
15628568	42	STIM=o
15633690	42	RESP=1
15647119	42	STIM=4
15655574	42	RESP=1
15663222	42	STIM=l
15668206	42	RESP=1
15680513	42	STIM=f
15684973	42	RESP=1
15697468	42	STIM=o
15705963	42	RESP=1
15713921	42	STIM=r
15718834	42	RESP=1
15731685	42	STIM=s
15736590	42	RESP=1
15747536	42	STIM=t
15751936	42	RESP=2
15765168	42	STIM=9
15773984	42	RESP=2
15781297	42	STIM=l
15788483	42	RESP=1
15798212	42	STIM=7
15808308	42	RESP=2
15813953	42	STIM=i
15818248	42	RESP=2
15829780	42	STIM=8
15838040	42	RESP=2
15847053	42	STIM=a
15850903	42	RESP=1
15863519	42	STIM=2
15868799	42	RESP=2
15879897	42	STIM=3
15885985	42	RESP=2
15898393	42	STIM=r
15904931	42	RESP=1
15915925	42	STIM=i
15923599	42	RESP=1
15933020	42	STIM=k
15936364	42	RESP=1
15948303	42	STIM=l
15954261	42	RESP=1
15964288	42	STIM=c
15971043	42	RESP=1
15979904	42	STIM=v
15986478	42	RESP=1
15998571	42	STIM=q
16005722	42	RESP=1
16015796	42	STIM=d
16021675	42	RESP=1
16033471	42	STIM=q
16037030	42	RESP=1
16050625	42	STIM=o
16053718	42	RESP=1
16069530	42	STIM=r
16077784	42	RESP=1
16086165	42	STIM=f
16092809	42	RESP=1
16104697	42	STIM=7
16110008	42	RESP=2
16120759	42	STIM=r
16127293	42	RESP=1
16137399	42	STIM=h
16146098	42	RESP=1
16152766	42	STIM=s
16156321	42	RESP=1
16168980	42	STIM=j
16174135	42	RESP=1
16186597	42	STIM=u
16190353	42	RESP=1
16205069	42	STIM=w
16210027	42	RESP=2
16220844	42	STIM=e
16225740	42	RESP=1
16237867	42	STIM=i
16241756	42	RESP=1
16256759	42	STIM=o
16261415	42	RESP=1
16271825	42	STIM=c
16276917	42	RESP=1
16289014	42	STIM=b
16295322	42	RESP=1
16305506	42	STIM=m
16310733	42	RESP=1
16321169	42	STIM=k
16326769	42	RESP=1
16336632	42	STIM=2
16341283	42	RESP=2
16355072	42	STIM=g
16359182	42	RESP=1
16372190	42	STIM=n
16377138	42	RESP=1
16388718	42	STIM=o
16393359	42	RESP=1
16407321	42	STIM=2
16413348	42	RESP=2
16426271	42	STIM=w
16436202	42	RESP=1
16442420	42	STIM=j
16447360	42	RESP=1
16458746	42	STIM=z
16462361	42	RESP=1
16477597	42	STIM=q
16486251	42	RESP=1
16496373	42	STIM=o
16501273	42	RESP=1
16511696	42	STIM=b
16517700	42	RESP=1
16527293	42	STIM=c
16532434	42	RESP=1
16543732	42	STIM=l
16548079	42	RESP=1
16561950	42	STIM=n
16568955	42	RESP=1
16578334	42	STIM=m
16585477	42	RESP=1
16596533	42	STIM=c
16601349	42	RESP=1
16612052	42	STIM=d
16616411	42	RESP=1
16627615	42	STIM=z
16631084	42	RESP=1
16645626	42	STIM=m
16650972	42	RESP=1
16663361	42	STIM=6
16676607	42	RESP=2
16679055	42	STIM=4
16682749	42	RESP=1
16694959	42	STIM=i
16703840	42	RESP=1
16710345	42	STIM=0
16717682	42	RESP=2
16725633	42	STIM=3
16731554	42	RESP=2
16743572	42	STIM=9
16754814	42	RESP=1
16762538	42	STIM=u
16767087	42	RESP=1
16778506	42	STIM=1
16785859	42	RESP=2
16796638	42	STIM=3
16805832	42	RESP=2
16814854	42	STIM=u
16817250	42	RESP=1
16831769	42	STIM=i
16836090	42	RESP=1
16849000	42	STIM=h
16855428	42	RESP=1
16866866	42	STIM=7
16875730	42	RESP=2
16885831	42	STIM=2
16894189	42	RESP=2
16901876	42	STIM=d
16907165	42	RESP=1
16918803	42	STIM=y
16922819	42	RESP=1
16934705	42	STIM=7
16939705	42	RESP=2
16952193	42	STIM=n
16958820	42	RESP=1
16970829	42	STIM=i
16979744	42	RESP=1
16987084	42	STIM=m
16989483	42	RESP=1
17002536	42	STIM=w
17007244	42	RESP=1
17018047	42	STIM=e
17022201	42	RESP=1
17034161	42	STIM=q
17040719	42	RESP=1
17049957	42	STIM=b
17059058	42	RESP=1
17067342	42	STIM=f
17071126	42	RESP=1
17083899	42	STIM=b
17087670	42	RESP=1
17102340	42	STIM=0
17108299	42	RESP=2
17118507	42	STIM=i
17123584	42	RESP=1
17135157	42	STIM=o
17144182	42	RESP=2
17152947	42	STIM=8
17159631	42	RESP=2
17169940	42	STIM=r
17174726	42	RESP=1
17187529	42	STIM=o
17192260	42	RESP=1
17206450	42	STIM=x
17208929	42	RESP=1
17223520	42	STIM=y
17230001	42	RESP=1
17240035	42	STIM=d
17247913	42	RESP=1
17256498	42	STIM=8
17266257	42	RESP=2
17273801	42	STIM=k
17283745	42	RESP=1
17289672	42	STIM=6
17297731	42	RESP=2
17305019	42	STIM=4
17314587	42	RESP=2
17320857	42	STIM=u
17327660	42	RESP=1
17338944	42	STIM=q
17342239	42	RESP=1
17355843	42	STIM=f
17358837	42	RESP=1
17374008	42	STIM=c
17378241	42	RESP=1
17391356	42	STIM=i
17399975	42	RESP=1
17407595	42	STIM=r
17411656	42	RESP=1
17424050	42	STIM=e
17428760	42	RESP=1
17440178	42	STIM=m
17445131	42	RESP=1
17458000	42	STIM=9
17470347	42	RESP=2
17473961	42	STIM=q
17478640	42	RESP=1
17492492	42	STIM=z
17496639	42	RESP=1
17510743	42	STIM=0
17517498	42	RESP=1
17529430	42	STIM=1
17542252	42	RESP=2
17547473	42	STIM=o
17551196	42	RESP=1
17563352	42	STIM=d
17571110	42	RESP=1
17582312	42	STIM=v
17588084	42	RESP=1
17599474	42	STIM=t
17609089	42	RESP=1
17616572	42	STIM=w
17622864	42	RESP=1
17633411	42	STIM=2
17643047	42	RESP=2
17649454	42	STIM=h
17655536	42	RESP=1
17666611	42	STIM=e
17670472	42	RESP=1
17683865	42	STIM=7
17693231	42	RESP=2
17701060	42	STIM=f
17704627	42	RESP=1
17716848	42	STIM=1
17726753	42	RESP=2
17732314	42	STIM=v
17736909	42	RESP=1
17747490	42	STIM=r
17751736	42	RESP=1
17766196	42	STIM=z
17776318	42	RESP=1
17784340	42	STIM=v
17790143	42	RESP=1
17799620	42	STIM=f
17804182	42	RESP=1
17818460	42	STIM=p
17821865	42	RESP=1
17835950	42	STIM=w
17843555	42	RESP=1
17851343	42	STIM=k
17854133	42	RESP=1
17870332	42	STIM=s
17876154	42	RESP=1
17886930	42	STIM=z
17890472	42	RESP=1
17905368	42	STIM=9
17910320	42	RESP=1
17923889	42	STIM=5
17933572	42	RESP=1
17942030	42	STIM=p
17946103	42	RESP=1
17958893	42	STIM=x
17968071	42	RESP=2
17975515	42	STIM=q
17982696	42	RESP=1
17993147	42	STIM=f
17998088	42	RESP=1
18010102	42	STIM=a
18016591	42	RESP=1
18027654	42	STIM=w
18032509	42	RESP=1
18046245	42	STIM=o
18051483	42	RESP=1
18061937	42	STIM=0
18068143	42	RESP=2
18080502	42	STIM=u
18087556	42	RESP=1
18098949	42	STIM=7
18106204	42	RESP=2
18117549	42	STIM=a
18128010	42	RESP=1
18134060	42	STIM=y
18139539	42	RESP=1
18151182	42	STIM=6
18155035	42	RESP=2
18167840	42	STIM=a
18174686	42	RESP=1
18186554	42	STIM=s
18195785	42	RESP=1
18203912	42	STIM=s
18209559	42	RESP=1
18222248	42	STIM=n
18227603	42	RESP=2
18239938	42	STIM=q
18243583	42	RESP=1
18255230	42	STIM=h
18257649	42	RESP=1
18271906	42	STIM=l
18278170	42	RESP=1
18287667	42	STIM=6
18296670	42	RESP=2
18303517	42	STIM=4
18308715	42	RESP=2
18321426	42	STIM=r
18325362	42	RESP=1
18340393	42	STIM=v
18348472	42	RESP=1
18355407	42	STIM=o
18361436	42	RESP=1
18371975	42	STIM=5
18378152	42	RESP=2
18387957	42	STIM=l
18394006	42	RESP=1
18405580	42	STIM=s
18412106	42	RESP=1
18421275	42	STIM=c
18424272	42	RESP=1
18436381	42	STIM=p
18443383	42	RESP=1
18451692	42	STIM=b
18456656	42	RESP=1
18467960	42	STIM=k
18478036	42	RESP=1
18485686	42	STIM=e
18489146	42	RESP=1
18503718	42	STIM=9
18510075	42	RESP=2
18522121	42	STIM=8
18535567	42	RESP=2
18540206	42	STIM=7
18547145	42	RESP=2
18557239	42	STIM=y
18564420	42	RESP=1
18576059	42	STIM=j
18581573	42	RESP=2
18592436	42	STIM=m
18599422	42	RESP=1
18611309	42	STIM=5
18617429	42	RESP=2
18629757	42	STIM=t
18636812	42	RESP=1
18648545	42	STIM=t
18651200	42	RESP=1
18665508	42	STIM=t
18668410	42	RESP=1
18680543	42	STIM=d
18685161	42	RESP=1
18698345	42	STIM=y
18702466	42	RESP=1
18716334	42	STIM=z
18720464	42	RESP=1
18733466	42	STIM=6
18740081	42	RESP=1
18752387	42	STIM=l
18759781	42	RESP=1
18770309	42	STIM=q
18774585	42	RESP=1
18788941	42	STIM=r
18792791	42	RESP=1
18804772	42	STIM=w
18810477	42	RESP=1
18822685	42	STIM=q
18826029	42	RESP=1
18838076	42	STIM=u
18846334	42	RESP=1
18853907	42	STIM=x
18862515	42	RESP=1
18869050	42	STIM=c
18876118	42	RESP=1
18884945	42	STIM=v
18890017	42	RESP=1
18903847	42	STIM=0
18920235	42	RESP=2
18920335	42	STIM=l
18924141	42	RESP=1
18938987	42	STIM=y
18945800	42	RESP=1
18955497	42	STIM=w
18964190	42	RESP=1
18971450	42	STIM=d
18975657	42	RESP=2
18987158	42	STIM=1
18995171	42	RESP=2
19005446	42	STIM=6
19014360	42	RESP=2
19023739	42	STIM=9
19028798	42	RESP=2
19040261	42	STIM=t
19046788	42	RESP=1
19055811	42	STIM=0
19059963	42	RESP=2
19072000	42	STIM=r
19076141	42	RESP=1
19090710	42	STIM=o
19095054	42	RESP=1
19108879	42	STIM=w
19113764	42	RESP=1
19124055	42	STIM=z
19128460	42	RESP=1
19140925	42	STIM=3
19145179	42	RESP=2
19158057	42	STIM=1
19170980	42	RESP=2
19174814	42	STIM=d
19183866	42	RESP=1
19193223	42	STIM=w
19198521	42	RESP=1
19209960	42	STIM=k
19217331	42	RESP=1
19227290	42	STIM=g
19232413	42	RESP=1
19244288	42	STIM=x
19247764	42	RESP=1
19263122	42	STIM=b
19266097	42	RESP=1
19278734	42	STIM=x
19283908	42	RESP=1
19294774	42	STIM=4
19306746	42	RESP=2
19311966	42	STIM=r
19317864	42	RESP=1
19330445	42	STIM=s
19337185	42	RESP=1
19348188	42	STIM=6
19352594	42	RESP=1
19366259	42	STIM=q
19372335	42	RESP=1
19381337	42	STIM=8
19387147	42	RESP=2
19398563	42	STIM=s
19404046	42	RESP=1
19414044	42	STIM=u
19418903	42	RESP=1
19429464	42	STIM=y
19437100	42	RESP=1
19447492	42	STIM=f
19456102	42	RESP=1
19464552	42	STIM=a
19469896	42	RESP=1
19479658	42	STIM=0
19485030	42	RESP=2
19498179	42	STIM=b
19502732	42	RESP=1
19515205	42	STIM=k
19522870	42	RESP=1
19533907	42	STIM=h
19538621	42	RESP=1
19550099	42	STIM=d
19553315	42	RESP=1
19566192	42	STIM=c
19572271	42	RESP=1
19581401	42	STIM=8
19587312	42	RESP=2
19596706	42	STIM=v
19603974	42	RESP=1
19613574	42	STIM=s
19616318	42	RESP=1
19631549	42	STIM=v
19634820	42	RESP=1
19650212	42	STIM=v
19653683	42	RESP=1
19668927	42	STIM=f
19676965	42	RESP=1
19686244	42	STIM=d
19691078	42	RESP=1
19704727	42	STIM=a
19708129	42	RESP=1
19722641	42	STIM=g
19728071	42	RESP=1
19741034	42	STIM=6
19747914	42	RESP=1
19757314	42	STIM=z
19762523	42	RESP=1
19775486	42	STIM=j
19782413	42	RESP=1
19792907	42	STIM=s
19799330	42	RESP=1
19808149	42	STIM=f
19811992	42	RESP=1
19824403	42	STIM=6
19831579	42	RESP=2
19840395	42	STIM=e
19844767	42	RESP=1
19857029	42	STIM=i
19863541	42	RESP=1
19875046	42	STIM=a
19880771	42	RESP=1
19893788	42	STIM=v
19901326	42	RESP=1
19912179	42	STIM=m
19916876	42	RESP=1
19929523	42	STIM=w
19933760	42	RESP=1
19945250	42	STIM=b
19948134	42	RESP=2
19962537	42	STIM=j
19966536	42	RESP=1
19978853	42	STIM=x
19983018	42	RESP=1
19997652	42	STIM=v
20005330	42	RESP=1
20014454	42	STIM=n
20018506	42	RESP=1
20032384	42	STIM=u
20037993	42	RESP=1
20049143	42	STIM=t
20055810	42	RESP=1
20068112	42	STIM=u
20070582	42	RESP=1
20083629	42	STIM=m
20087919	42	RESP=1
20099344	42	STIM=v
20106967	42	RESP=1
20117863	42	STIM=m
20124169	42	RESP=1
20135283	42	STIM=y
20142568	42	RESP=1
20151458	42	STIM=n
20159267	42	RESP=1
20167741	42	STIM=6
20174710	42	RESP=2
20183917	42	STIM=p
20192910	42	RESP=1
20199959	42	STIM=b
20208989	42	RESP=1
20218792	42	STIM=h
20229780	42	RESP=1
20234297	42	STIM=v
20237627	42	RESP=1
20252101	42	STIM=q
20257784	42	RESP=2
20267929	42	STIM=q
20271558	42	RESP=1
20283758	42	STIM=3
20288080	42	RESP=2
20301680	42	STIM=k
20306708	42	RESP=1
20317652	42	STIM=f
20323387	42	RESP=1
20335756	42	STIM=x
20339717	42	RESP=1
20354150	42	STIM=r
20359531	42	RESP=1
20370388	42	STIM=q
20375533	42	RESP=1
20386200	42	STIM=7
20392123	42	RESP=1
20402082	42	STIM=w
20406250	42	RESP=1
20418113	42	STIM=z
20421261	42	RESP=1
20433699	42	STIM=4
20441189	42	RESP=2
20452112	42	STIM=v
20457938	42	RESP=1
20470733	42	STIM=l
20475346	42	RESP=1
20488375	42	STIM=j
20492506	42	RESP=1
20504185	42	STIM=g
20510217	42	RESP=1
20520594	42	STIM=c
20527885	42	RESP=1
20538013	42	STIM=g
20549345	42	RESP=1
20555259	42	STIM=a
20559441	42	RESP=1
20571274	42	STIM=6
20576799	42	RESP=2
20586679	42	STIM=l
20593006	42	RESP=1
20603447	42	STIM=o
20607152	42	RESP=1
20621974	42	STIM=n
20626930	42	RESP=1
20638291	42	STIM=b
20643705	42	RESP=1
20654774	42	STIM=r
20663461	42	RESP=1
20671119	42	STIM=h
20675319	42	RESP=1
20686671	42	STIM=r
20693659	42	RESP=1
20705289	42	STIM=f
20711884	42	RESP=1
20721223	42	STIM=q
20725560	42	RESP=1
20737648	42	STIM=o
20744756	42	RESP=1
20756104	42	STIM=l
20766577	42	RESP=1
20771324	42	STIM=h
20778305	42	RESP=1
20787250	42	STIM=v
20791486	42	RESP=1
20805560	42	STIM=w
20810504	42	RESP=1
20822603	42	STIM=i
20827132	42	RESP=1
20840372	42	STIM=s
20848032	42	RESP=1
20859165	42	STIM=v
20867309	42	RESP=1
20876325	42	STIM=t
20882908	42	RESP=1
20895241	42	STIM=i
20901650	42	RESP=1
20912576	42	STIM=l
20919640	42	RESP=1
20927974	42	STIM=b
20934893	42	RESP=1
20946755	42	STIM=x
20950986	42	RESP=1
20962286	42	STIM=p
20965455	42	RESP=1
20977483	42	STIM=m
20983786	42	RESP=1
20993814	42	STIM=w
21002153	42	RESP=1
21010095	42	STIM=q
21015544	42	RESP=1
21028140	42	STIM=2
21032512	42	RESP=2
21046945	42	STIM=g
21050752	42	RESP=1
21062852	42	STIM=p
21066554	42	RESP=1
21078481	42	STIM=t
21083584	42	RESP=1
21096654	42	STIM=u
21102871	42	RESP=1
21111975	42	STIM=v
21117874	42	RESP=1
21129987	42	STIM=j
21133573	42	RESP=1
21145206	42	STIM=f
21151738	42	RESP=1
21161743	42	STIM=j
21167581	42	RESP=1
21179571	42	STIM=8
21187191	42	RESP=2
21198017	42	STIM=x
21204597	42	RESP=1
21216203	42	STIM=0
21223775	42	RESP=2
21232621	42	STIM=d
21237940	42	RESP=1
21251454	42	STIM=b
21258012	42	RESP=1
21267352	42	STIM=w
21272925	42	RESP=1
21284310	42	STIM=y
21302068	42	RESP=1
21303270	42	STIM=n
21313490	42	RESP=1
21321037	42	STIM=t
21330531	42	RESP=1
21339967	42	STIM=3
21347694	42	RESP=1
21355733	42	STIM=d
21359992	42	RESP=1
21371348	42	STIM=n
21375051	42	RESP=1
21388739	42	STIM=w
21393100	42	RESP=1
21404230	42	STIM=3
21417036	42	RESP=2
21422566	42	STIM=c
21426238	42	RESP=1
21440878	42	STIM=k
21445770	42	RESP=1
21459759	42	STIM=a
21465373	42	RESP=1
21477448	42	STIM=x
21484795	42	RESP=1
21494524	42	STIM=l
21498827	42	RESP=1
21510092	42	STIM=c
21519793	42	RESP=1
21527064	42	STIM=5
21535241	42	RESP=2
21543304	42	STIM=w
21549771	42	RESP=1
21559260	42	STIM=6
21563212	42	RESP=2
21577942	42	STIM=d
21582204	42	RESP=1
21592982	42	STIM=0
21604280	42	RESP=1
21610042	42	STIM=b
21617910	42	RESP=1
21627191	42	STIM=7
21634221	42	RESP=1
21645262	42	STIM=o
21647919	42	RESP=1
21660577	42	STIM=d
21666180	42	RESP=2
21678562	42	STIM=5
21690043	42	RESP=2
21696043	42	STIM=c
21700896	42	RESP=1
21713876	42	STIM=n
21720399	42	RESP=1
21731330	42	STIM=x
21735794	42	RESP=1
21747560	42	STIM=6
21754477	42	RESP=2
21763496	42	STIM=v
21769344	42	RESP=1
