# Original filename: 0054_FZQ_2017-01-25.log
# Time unit: 100 us
# RARECAT=digit
#
# Time	HHGG	Event
28641	42	STIM=m
32847	42	RESP=1
47577	42	STIM=b
53519	42	RESP=1
65375	42	STIM=y
70292	42	RESP=1
83839	42	STIM=6
88715	42	RESP=2
101668	42	STIM=e
105381	42	RESP=1
117882	42	STIM=j
122495	42	RESP=1
135129	42	STIM=7
139624	42	RESP=2
152920	42	STIM=g
161642	42	RESP=1
171807	42	STIM=w
176008	42	RESP=1
188988	42	STIM=q
193456	42	RESP=1
204324	42	STIM=m
208675	42	RESP=1
222273	42	STIM=l
225450	42	RESP=1
240204	42	STIM=k
246597	42	RESP=1
258110	42	STIM=t
261892	42	RESP=1
273521	42	STIM=d
279441	42	RESP=1
290779	42	STIM=r
297220	42	RESP=2
307567	42	STIM=n
311035	42	RESP=1
323952	42	STIM=d
327100	42	RESP=1
339213	42	STIM=i
342254	42	RESP=1
356353	42	STIM=q
359954	42	RESP=1
373743	42	STIM=m
377024	42	RESP=1
392378	42	STIM=4
398177	42	RESP=2
407681	42	STIM=0
411844	42	RESP=2
424268	42	STIM=h
431717	42	RESP=1
443011	42	STIM=w
448865	42	RESP=1
458129	42	STIM=r
462270	42	RESP=1
476058	42	STIM=1
481801	42	RESP=2
491969	42	STIM=9
501123	42	RESP=1
508402	42	STIM=p
511295	42	RESP=1
523537	42	STIM=8
529195	42	RESP=2
539288	42	STIM=g
545279	42	RESP=1
555160	42	STIM=r
558767	42	RESP=1
570543	42	STIM=p
573408	42	RESP=1
587041	42	STIM=0
591450	42	RESP=2
605405	42	STIM=0
609724	42	RESP=2
624272	42	STIM=i
631616	42	RESP=1
642702	42	STIM=o
647308	42	RESP=1
660587	42	STIM=0
666532	42	RESP=2
677069	42	STIM=h
680586	42	RESP=1
692610	42	STIM=0
699018	42	RESP=2
711187	42	STIM=u
717250	42	RESP=1
727531	42	STIM=4
734720	42	RESP=1
745502	42	STIM=z
749581	42	RESP=1
764006	42	STIM=j
769003	42	RESP=1
780972	42	STIM=s
785804	42	RESP=1
798908	42	STIM=j
804875	42	RESP=1
817238	42	STIM=b
821821	42	RESP=1
835033	42	STIM=m
839838	42	RESP=1
852745	42	STIM=5
858743	42	RESP=2
870951	42	STIM=u
875520	42	RESP=1
889278	42	STIM=f
897217	42	RESP=1
904580	42	STIM=k
909420	42	RESP=1
920692	42	STIM=n
923285	42	RESP=1
938804	42	STIM=d
942681	42	RESP=1
954343	42	STIM=f
957483	42	RESP=1
971946	42	STIM=g
975607	42	RESP=1
987349	42	STIM=x
990619	42	RESP=1
1005652	42	STIM=q
1009189	42	RESP=1
1021134	42	STIM=1
1029665	42	RESP=2
1036447	42	STIM=x
1040128	42	RESP=1
1053019	42	STIM=p
1056374	42	RESP=1
1071385	42	STIM=0
1081727	42	RESP=2
1086784	42	STIM=2
1094232	42	RESP=2
1105412	42	STIM=1
1109785	42	RESP=1
1120905	42	STIM=o
1124311	42	RESP=1
1139873	42	STIM=s
1146007	42	RESP=1
1155702	42	STIM=s
1158831	42	RESP=1
1174160	42	STIM=t
1178557	42	RESP=1
1190186	42	STIM=i
1199367	42	RESP=1
1208384	42	STIM=s
1215947	42	RESP=1
1226802	42	STIM=d
1230820	42	RESP=1
1243308	42	STIM=c
1252574	42	RESP=1
1258703	42	STIM=g
1263057	42	RESP=2
1277078	42	STIM=0
1283442	42	RESP=2
1292551	42	STIM=l
1296398	42	RESP=1
1311406	42	STIM=i
1317193	42	RESP=1
1329223	42	STIM=j
1333674	42	RESP=1
1346122	42	STIM=h
1350861	42	RESP=1
1364462	42	STIM=p
1368076	42	RESP=1
1381128	42	STIM=h
1385326	42	RESP=1
1397306	42	STIM=u
1401534	42	RESP=1
1413752	42	STIM=b
1420383	42	RESP=1
1432725	42	STIM=t
1437655	42	RESP=1
1447991	42	STIM=k
1453720	42	RESP=2
1465789	42	STIM=j
1471749	42	RESP=2
1483198	42	STIM=c
1487968	42	RESP=1
1499145	42	STIM=t
1503894	42	RESP=1
1517937	42	STIM=v
1522505	42	RESP=1
1536704	42	STIM=p
1540756	42	RESP=1
1552972	42	STIM=g
1556911	42	RESP=1
1569834	42	STIM=h
1576215	42	RESP=1
1586697	42	STIM=k
1591247	42	RESP=1
1602639	42	STIM=b
1605812	42	RESP=1
1618350	42	STIM=d
1622285	42	RESP=1
1637139	42	STIM=k
1641152	42	RESP=1
1656137	42	STIM=1
1661006	42	RESP=2
1674092	42	STIM=u
1680552	42	RESP=1
1690520	42	STIM=c
1694835	42	RESP=1
1708878	42	STIM=6
1713287	42	RESP=1
1726395	42	STIM=i
1730822	42	RESP=1
1742123	42	STIM=5
1748185	42	RESP=2
1758335	42	STIM=w
1762927	42	RESP=1
1773504	42	STIM=e
1778156	42	RESP=1
1791123	42	STIM=1
1795105	42	RESP=1
1808929	42	STIM=x
1816775	42	RESP=1
1825357	42	STIM=2
1833492	42	RESP=2
1843186	42	STIM=w
1846955	42	RESP=1
1861073	42	STIM=q
1868322	42	RESP=1
1878760	42	STIM=n
1887592	42	RESP=1
1896299	42	STIM=2
1901255	42	RESP=2
1913641	42	STIM=9
1919267	42	RESP=2
1931561	42	STIM=z
1934154	42	RESP=1
1949546	42	STIM=a
1955682	42	RESP=1
1966024	42	STIM=h
1970269	42	RESP=1
1981449	42	STIM=6
1986785	42	RESP=2
1997817	42	STIM=i
2001366	42	RESP=1
2013529	42	STIM=v
2018106	42	RESP=1
2029340	42	STIM=m
2034139	42	RESP=1
2046499	42	STIM=6
2052254	42	RESP=2
2064917	42	STIM=j
2068483	42	RESP=2
2080955	42	STIM=y
2090550	42	RESP=1
2099080	42	STIM=f
2103851	42	RESP=1
2117482	42	STIM=z
2121275	42	RESP=1
2135202	42	STIM=g
2142091	42	RESP=1
2153369	42	STIM=a
2157708	42	RESP=1
2171224	42	STIM=q
2176120	42	RESP=1
2189252	42	STIM=t
2193688	42	RESP=1
2207760	42	STIM=z
2214034	42	RESP=1
2225468	42	STIM=i
2228646	42	RESP=1
2243216	42	STIM=t
2248440	42	RESP=1
2259355	42	STIM=o
2267579	42	RESP=1
2277423	42	STIM=y
2282004	42	RESP=1
2295773	42	STIM=f
2299679	42	RESP=1
2312694	42	STIM=v
2317013	42	RESP=1
2330991	42	STIM=6
2336389	42	RESP=2
2349275	42	STIM=r
2353370	42	RESP=1
2366685	42	STIM=p
2372164	42	RESP=1
2382051	42	STIM=e
2387224	42	RESP=1
2398976	42	STIM=h
2403547	42	RESP=1
2414041	42	STIM=a
2416964	42	RESP=1
2430456	42	STIM=2
2439409	42	RESP=1
2446310	42	STIM=n
2451715	42	RESP=1
2461673	42	STIM=e
2464837	42	RESP=1
2479780	42	STIM=o
2487005	42	RESP=1
2497467	42	STIM=h
2502385	42	RESP=1
2515912	42	STIM=r
2521202	42	RESP=1
2532985	42	STIM=k
2537450	42	RESP=1
2549994	42	STIM=a
2553645	42	RESP=1
2566945	42	STIM=5
2574506	42	RESP=2
2585840	42	STIM=t
2588638	42	RESP=1
2602475	42	STIM=0
2607140	42	RESP=2
2617893	42	STIM=a
2624223	42	RESP=1
2635896	42	STIM=u
2638973	42	RESP=1
2653824	42	STIM=t
2659438	42	RESP=1
2671748	42	STIM=a
2675394	42	RESP=1
2687431	42	STIM=w
2691353	42	RESP=1
2702530	42	STIM=z
2705772	42	RESP=1
2718963	42	STIM=y
2725703	42	RESP=1
2736999	42	STIM=k
2740435	42	RESP=1
2753126	42	STIM=u
2756743	42	RESP=1
2768975	42	STIM=n
2771838	42	RESP=1
2786942	42	STIM=m
2793476	42	RESP=1
2804367	42	STIM=m
2809187	42	RESP=1
2822342	42	STIM=8
2828510	42	RESP=2
2837391	42	STIM=w
2839874	42	RESP=1
2853624	42	STIM=h
2856512	42	RESP=1
2872272	42	STIM=3
2877570	42	RESP=2
2890603	42	STIM=a
2894081	42	RESP=1
2907119	42	STIM=a
2911343	42	RESP=1
2923344	42	STIM=q
2927086	42	RESP=1
2941522	42	STIM=m
2945321	42	RESP=1
2959565	42	STIM=u
2963619	42	RESP=1
2974738	42	STIM=p
2980995	42	RESP=1
2991195	42	STIM=w
2994172	42	RESP=1
3009978	42	STIM=o
3014309	42	RESP=1
3026907	42	STIM=r
3032706	42	RESP=1
3043010	42	STIM=3
3048722	42	RESP=2
3058072	42	STIM=5
3063603	42	RESP=2
3075619	42	STIM=x
3082347	42	RESP=1
3092297	42	STIM=v
3100059	42	RESP=1
3109919	42	STIM=o
3116372	42	RESP=1
3127406	42	STIM=o
3130939	42	RESP=1
3145242	42	STIM=w
3149021	42	RESP=1
3160918	42	STIM=o
3164830	42	RESP=1
3179296	42	STIM=7
3184891	42	RESP=2
3197134	42	STIM=o
3201250	42	RESP=1
3215368	42	STIM=l
3218838	42	RESP=1
3234353	42	STIM=m
3240382	42	RESP=1
3252875	42	STIM=w
3257479	42	RESP=1
3270681	42	STIM=k
3273975	42	RESP=1
3287893	42	STIM=u
3290666	42	RESP=1
3304403	42	STIM=g
3309958	42	RESP=1
3322151	42	STIM=b
3327538	42	RESP=1
3341047	42	STIM=l
3349070	42	RESP=1
3359956	42	STIM=h
3365408	42	RESP=1
3376559	42	STIM=v
3381451	42	RESP=1
3394568	42	STIM=r
3398960	42	RESP=1
3411208	42	STIM=8
3418744	42	RESP=2
3427919	42	STIM=d
3432165	42	RESP=1
3445231	42	STIM=s
3451654	42	RESP=1
3463099	42	STIM=f
3466503	42	RESP=1
3480522	42	STIM=f
3484870	42	RESP=1
3499397	42	STIM=y
3504676	42	RESP=1
3517311	42	STIM=5
3522005	42	RESP=2
3533661	42	STIM=4
3538210	42	RESP=2
3549897	42	STIM=m
3557931	42	RESP=1
3566343	42	STIM=v
3569440	42	RESP=1
3584485	42	STIM=h
3589649	42	RESP=1
3599656	42	STIM=z
3602284	42	RESP=1
3618337	42	STIM=i
3621243	42	RESP=1
3634841	42	STIM=b
3639253	42	RESP=1
3650383	42	STIM=v
3655571	42	RESP=1
3667533	42	STIM=z
3674078	42	RESP=1
3682836	42	STIM=4
3692185	42	RESP=2
3700202	42	STIM=f
3703729	42	RESP=1
3716558	42	STIM=g
3720771	42	RESP=1
3734481	42	STIM=s
3739225	42	RESP=1
3749799	42	STIM=d
3764067	42	RESP=1
3767057	42	STIM=f
3771573	42	RESP=1
3783341	42	STIM=w
3787954	42	RESP=1
3799067	42	STIM=5
3804846	42	RESP=1
3814940	42	STIM=6
3818158	42	RESP=2
3832996	42	STIM=d
3842222	42	RESP=1
3851039	42	STIM=8
3855428	42	RESP=2
3866141	42	STIM=d
3872368	42	RESP=1
3884945	42	STIM=3
3889800	42	RESP=2
3903651	42	STIM=u
3907840	42	RESP=2
3921715	42	STIM=r
3925915	42	RESP=1
3938673	42	STIM=j
3944053	42	RESP=1
3954709	42	STIM=c
3961143	42	RESP=1
3973324	42	STIM=r
3979417	42	RESP=1
3989501	42	STIM=k
3993461	42	RESP=1
4008261	42	STIM=a
4015716	42	RESP=1
4025349	42	STIM=o
4028621	42	RESP=1
4043534	42	STIM=b
4046936	42	RESP=1
4060495	42	STIM=t
4067981	42	RESP=1
4077110	42	STIM=c
4081584	42	RESP=1
4092364	42	STIM=h
4097026	42	RESP=1
4108444	42	STIM=s
4112016	42	RESP=1
4124904	42	STIM=n
4132602	42	RESP=1
4141940	42	STIM=1
4147840	42	RESP=2
4157321	42	STIM=r
4161703	42	RESP=1
4172422	42	STIM=e
4180022	42	RESP=1
4190610	42	STIM=h
4202109	42	RESP=1
4206694	42	STIM=q
4211825	42	RESP=1
4221967	42	STIM=w
4229494	42	RESP=1
4238540	42	STIM=s
4242881	42	RESP=1
4255436	42	STIM=t
4262057	42	RESP=1
4272017	42	STIM=c
4274888	42	RESP=1
4289503	42	STIM=5
4297103	42	RESP=2
4306006	42	STIM=v
4308771	42	RESP=2
4321821	42	STIM=v
4325618	42	RESP=1
4338992	42	STIM=j
4346512	42	RESP=1
4355087	42	STIM=y
4357938	42	RESP=2
4371214	42	STIM=g
4376203	42	RESP=1
4388403	42	STIM=g
4394792	42	RESP=1
4404235	42	STIM=8
4412487	42	RESP=2
4421727	42	STIM=q
4426124	42	RESP=1
4439774	42	STIM=n
4445961	42	RESP=1
4457840	42	STIM=i
4463050	42	RESP=1
4475404	42	STIM=r
4479585	42	RESP=1
4490885	42	STIM=t
4497770	42	RESP=1
4508866	42	STIM=1
4514557	42	RESP=2
4525861	42	STIM=k
4529034	42	RESP=1
4542809	42	STIM=c
4545418	42	RESP=1
4559485	42	STIM=l
4564070	42	RESP=1
4576219	42	STIM=h
4582922	42	RESP=1
4592850	42	STIM=l
4598340	42	RESP=1
4611488	42	STIM=m
4619009	42	RESP=1
4628535	42	STIM=5
4635117	42	RESP=2
4645721	42	STIM=z
4653546	42	RESP=1
4662315	42	STIM=m
4666731	42	RESP=1
4680064	42	STIM=n
4685114	42	RESP=1
4698130	42	STIM=s
4706069	42	RESP=1
4716996	42	STIM=3
4720922	42	RESP=2
4735477	42	STIM=1
4738969	42	RESP=2
4752906	42	STIM=b
4757894	42	RESP=1
4771325	42	STIM=a
4775105	42	RESP=1
4788919	42	STIM=7
4794479	42	RESP=2
4804625	42	STIM=c
4808203	42	RESP=1
4821364	42	STIM=f
4830769	42	RESP=1
4839991	42	STIM=7
4845434	42	RESP=2
4855685	42	STIM=p
4859316	42	RESP=1
4870790	42	STIM=s
4875262	42	RESP=2
4887788	42	STIM=3
4892446	42	RESP=2
4905147	42	STIM=7
4912473	42	RESP=1
4921215	42	STIM=1
4924758	42	RESP=1
4936938	42	STIM=a
4940288	42	RESP=1
4955614	42	STIM=n
4959219	42	RESP=1
4971618	42	STIM=c
4977338	42	RESP=1
4988143	42	STIM=t
4995003	42	RESP=1
5006451	42	STIM=w
5011988	42	RESP=1
5023634	42	STIM=w
5027625	42	RESP=1
5039756	42	STIM=j
5044242	42	RESP=1
5054856	42	STIM=k
5063459	42	RESP=1
5072252	42	STIM=n
5080033	42	RESP=1
5088346	42	STIM=8
5095126	42	RESP=2
5106453	42	STIM=9
5114581	42	RESP=1
5122001	42	STIM=u
5125052	42	RESP=1
5138933	42	STIM=i
5142380	42	RESP=1
5154772	42	STIM=x
5157681	42	RESP=1
5171899	42	STIM=w
5182442	42	RESP=1
5190248	42	STIM=w
5194743	42	RESP=1
5207794	42	STIM=v
5213078	42	RESP=1
5225959	42	STIM=r
5230271	42	RESP=1
5244597	42	STIM=4
5252733	42	RESP=2
5261087	42	STIM=v
5268772	42	RESP=1
5276186	42	STIM=7
5282737	42	RESP=2
5292644	42	STIM=f
5296663	42	RESP=1
5309678	42	STIM=j
5314185	42	RESP=1
5327466	42	STIM=v
5333484	42	RESP=1
5344093	42	STIM=k
5348156	42	RESP=1
5362152	42	STIM=v
5366552	42	RESP=1
5380701	42	STIM=2
5385573	42	RESP=2
5397773	42	STIM=8
5404486	42	RESP=2
5413353	42	STIM=f
5416834	42	RESP=1
5431066	42	STIM=p
5437413	42	RESP=1
5449801	42	STIM=2
5454577	42	RESP=2
5466370	42	STIM=o
5471184	42	RESP=1
5481901	42	STIM=x
5484467	42	RESP=1
5496974	42	STIM=3
5502445	42	RESP=2
5515113	42	STIM=x
5519011	42	RESP=1
5532165	42	STIM=5
5536802	42	RESP=2
5548028	42	STIM=w
5552048	42	RESP=1
5565902	42	STIM=4
5572996	42	RESP=2
5582644	42	STIM=b
5586566	42	RESP=1
5600043	42	STIM=j
5604723	42	RESP=1
5615822	42	STIM=m
5619882	42	RESP=1
5633991	42	STIM=g
5637519	42	RESP=1
5650647	42	STIM=5
5657458	42	RESP=2
5665666	42	STIM=i
5672030	42	RESP=1
5681514	42	STIM=j
5686583	42	RESP=1
5700387	42	STIM=z
5704663	42	RESP=1
5716315	42	STIM=j
5721146	42	RESP=1
5731709	42	STIM=7
5738707	42	RESP=2
5750500	42	STIM=n
5754680	42	RESP=1
5768523	42	STIM=z
5771320	42	RESP=1
5785686	42	STIM=g
5792368	42	RESP=1
5802479	42	STIM=r
5805934	42	RESP=1
5818883	42	STIM=w
5824403	42	RESP=1
5836310	42	STIM=6
5840736	42	RESP=2
5853294	42	STIM=z
5857916	42	RESP=1
5871843	42	STIM=7
5876218	42	RESP=2
5887524	42	STIM=v
5890303	42	RESP=1
5903400	42	STIM=v
5910889	42	RESP=1
5920025	42	STIM=s
5928233	42	RESP=1
5937901	42	STIM=j
5943850	42	RESP=1
5956335	42	STIM=g
5964249	42	RESP=1
5974916	42	STIM=5
5979435	42	RESP=2
5991024	42	STIM=4
5997973	42	RESP=2
6006814	42	STIM=k
6009906	42	RESP=1
6021838	42	STIM=4
6026531	42	RESP=2
6037096	42	STIM=2
6042311	42	RESP=2
6052419	42	STIM=c
6057862	42	RESP=1
6070200	42	STIM=j
6073002	42	RESP=1
6088483	42	STIM=p
6096015	42	RESP=1
6105026	42	STIM=x
6108894	42	RESP=1
6122681	42	STIM=z
6128367	42	RESP=1
6138007	42	STIM=y
6141038	42	RESP=1
6154762	42	STIM=j
6157523	42	RESP=1
6171502	42	STIM=r
6179358	42	RESP=1
6187378	42	STIM=1
6195030	42	RESP=2
6206214	42	STIM=6
6210762	42	RESP=2
6224781	42	STIM=k
6229797	42	RESP=1
6239838	42	STIM=y
6242314	42	RESP=1
6256609	42	STIM=d
6262840	42	RESP=1
6273716	42	STIM=7
6277290	42	RESP=2
6289245	42	STIM=3
6295493	42	RESP=2
6305134	42	STIM=n
6310240	42	RESP=1
6322426	42	STIM=y
6326176	42	RESP=1
6340929	42	STIM=d
6344192	42	RESP=1
6358128	42	STIM=d
6363677	42	RESP=1
6374671	42	STIM=y
6380587	42	RESP=1
6393001	42	STIM=s
6397070	42	RESP=1
6409256	42	STIM=g
6414450	42	RESP=1
6427814	42	STIM=3
6431923	42	RESP=2
6443677	42	STIM=e
6446217	42	RESP=1
6461396	42	STIM=7
6465457	42	RESP=2
6476587	42	STIM=m
6481123	42	RESP=1
6493617	42	STIM=t
6501280	42	RESP=1
6510039	42	STIM=4
6515113	42	RESP=2
6526605	42	STIM=y
6530421	42	RESP=1
6545188	42	STIM=i
6551330	42	RESP=1
6562223	42	STIM=p
6568629	42	RESP=2
6580153	42	STIM=9
6585408	42	RESP=2
6597116	42	STIM=a
6602340	42	RESP=1
6614617	42	STIM=f
6617581	42	RESP=1
6630492	42	STIM=l
6634666	42	RESP=1
6647922	42	STIM=i
6651619	42	RESP=1
6665147	42	STIM=5
6669813	42	RESP=2
6683057	42	STIM=q
6687763	42	RESP=1
6700657	42	STIM=o
6705861	42	RESP=1
6717005	42	STIM=9
6720740	42	RESP=2
6734778	42	STIM=o
6740597	42	RESP=1
6753323	42	STIM=z
6757437	42	RESP=1
6769045	42	STIM=e
6772055	42	RESP=1
6787682	42	STIM=h
6792271	42	RESP=1
6802799	42	STIM=b
6805699	42	RESP=1
6820354	42	STIM=f
6825180	42	RESP=1
6838952	42	STIM=w
6843314	42	RESP=1
6855212	42	STIM=4
6859836	42	RESP=2
6870499	42	STIM=h
6876876	42	RESP=2
6887135	42	STIM=k
6891522	42	RESP=1
6902726	42	STIM=e
6905729	42	RESP=1
6917735	42	STIM=f
6922733	42	RESP=1
6933605	42	STIM=n
6939948	42	RESP=1
6952486	42	STIM=r
6957305	42	RESP=1
6968451	42	STIM=g
6971026	42	RESP=1
6985841	42	STIM=j
6989562	42	RESP=1
7003685	42	STIM=p
7008454	42	RESP=1
7020247	42	STIM=k
7023773	42	RESP=1
7035369	42	STIM=j
7038438	42	RESP=1
7052943	42	STIM=j
7057093	42	RESP=1
7070393	42	STIM=h
7076816	42	RESP=1
7087122	42	STIM=g
7090291	42	RESP=1
7102875	42	STIM=k
7107351	42	RESP=1
7118419	42	STIM=r
7122104	42	RESP=1
7136173	42	STIM=s
7139281	42	RESP=2
7152967	42	STIM=9
7160025	42	RESP=2
7168858	42	STIM=o
7175095	42	RESP=1
7186975	42	STIM=5
7194568	42	RESP=1
7204660	42	STIM=s
7209916	42	RESP=1
7221787	42	STIM=c
7226390	42	RESP=1
7239984	42	STIM=7
7243533	42	RESP=2
7255971	42	STIM=a
7266225	42	RESP=1
7272958	42	STIM=o
7278020	42	RESP=1
7289627	42	STIM=x
7294768	42	RESP=1
7306258	42	STIM=p
7311590	42	RESP=1
7324253	42	STIM=f
7329777	42	RESP=1
7340484	42	STIM=y
7345101	42	RESP=1
7355688	42	STIM=x
7360612	42	RESP=1
7372417	42	STIM=m
7379201	42	RESP=1
7390416	42	STIM=8
7394949	42	RESP=2
7407480	42	STIM=p
7412812	42	RESP=1
7425804	42	STIM=g
7430606	42	RESP=1
7441213	42	STIM=6
7445385	42	RESP=2
7456611	42	STIM=v
7459408	42	RESP=1
7475283	42	STIM=c
7480411	42	RESP=1
7491716	42	STIM=x
7496236	42	RESP=1
7507397	42	STIM=h
7512515	42	RESP=1
7525451	42	STIM=h
7531018	42	RESP=1
7542113	42	STIM=q
7546927	42	RESP=1
7558348	42	STIM=x
7565136	42	RESP=1
7574926	42	STIM=n
7579917	42	RESP=1
7590209	42	STIM=t
7594030	42	RESP=1
7607574	42	STIM=b
7614034	42	RESP=1
7625377	42	STIM=d
7629590	42	RESP=1
7641621	42	STIM=q
7647330	42	RESP=1
7659216	42	STIM=r
7662630	42	RESP=1
7677257	42	STIM=d
7683346	42	RESP=1
7694064	42	STIM=v
7700162	42	RESP=1
7709256	42	STIM=o
7712999	42	RESP=1
7724930	42	STIM=z
7730090	42	RESP=1
7742549	42	STIM=g
7749738	42	RESP=1
7758954	42	STIM=l
7762859	42	RESP=1
7775842	42	STIM=6
7783839	42	RESP=2
7794333	42	STIM=9
7802364	42	RESP=2
7811649	42	STIM=v
7816065	42	RESP=1
7827412	42	STIM=k
7832510	42	RESP=1
7842614	42	STIM=r
7845539	42	RESP=1
7860732	42	STIM=r
7864413	42	RESP=1
7875949	42	STIM=i
7881336	42	RESP=1
7894540	42	STIM=n
7898936	42	RESP=1
7912374	42	STIM=h
7917858	42	RESP=1
7930999	42	STIM=d
7936416	42	RESP=1
7946423	42	STIM=6
7949919	42	RESP=2
7962941	42	STIM=1
7966934	42	RESP=2
7981514	42	STIM=6
7987074	42	RESP=2
7997106	42	STIM=r
8000613	42	RESP=1
8015971	42	STIM=t
8025352	42	RESP=1
8032080	42	STIM=t
8035739	42	RESP=1
8049581	42	STIM=2
8062745	42	RESP=2
8066034	42	STIM=g
8069386	42	RESP=1
8083221	42	STIM=a
8088152	42	RESP=1
8101725	42	STIM=1
8106840	42	RESP=1
8119942	42	STIM=y
8124460	42	RESP=1
8138257	42	STIM=r
8143707	42	RESP=1
8154557	42	STIM=d
8161001	42	RESP=1
8172992	42	STIM=5
8177521	42	RESP=2
8188387	42	STIM=5
8193948	42	RESP=1
8206910	42	STIM=z
8213479	42	RESP=1
8223168	42	STIM=c
8227158	42	RESP=1
8241896	42	STIM=f
8245683	42	RESP=1
8257156	42	STIM=w
8262878	42	RESP=1
8275670	42	STIM=2
8282639	42	RESP=2
8294038	42	STIM=d
8297435	42	RESP=1
8311531	42	STIM=5
8320980	42	RESP=2
8328930	42	STIM=p
8332502	42	RESP=1
8347908	42	STIM=b
8352925	42	RESP=1
8366467	42	STIM=h
8369261	42	RESP=1
8383625	42	STIM=s
8387593	42	RESP=1
8402366	42	STIM=1
8409774	42	RESP=2
8417665	42	STIM=t
8420750	42	RESP=1
8434428	42	STIM=2
8441660	42	RESP=2
8449727	42	STIM=o
8454619	42	RESP=1
8465505	42	STIM=7
8469755	42	RESP=2
8482066	42	STIM=c
8491858	42	RESP=1
8497337	42	STIM=6
8500999	42	RESP=2
8513788	42	STIM=c
8517521	42	RESP=1
8531485	42	STIM=v
8534903	42	RESP=1
8546687	42	STIM=z
8553637	42	RESP=1
8565016	42	STIM=3
8569469	42	RESP=1
8583592	42	STIM=v
8589072	42	RESP=1
8601405	42	STIM=g
8606604	42	RESP=1
8618258	42	STIM=a
8622363	42	RESP=1
8635063	42	STIM=u
8640482	42	RESP=1
8650175	42	STIM=h
8655317	42	RESP=1
8668978	42	STIM=r
8672281	42	RESP=1
8687507	42	STIM=8
8694934	42	RESP=2
8704166	42	STIM=1
8707780	42	RESP=2
8722745	42	STIM=u
8726674	42	RESP=1
8739672	42	STIM=y
8744618	42	RESP=1
8756240	42	STIM=h
8762497	42	RESP=1
8771722	42	STIM=l
8774795	42	RESP=1
8789767	42	STIM=a
8793244	42	RESP=1
8806523	42	STIM=6
8811720	42	RESP=2
8822117	42	STIM=q
8825746	42	RESP=1
8840911	42	STIM=f
8845298	42	RESP=2
8858773	42	STIM=a
8864422	42	RESP=1
8877752	42	STIM=y
8884569	42	RESP=1
8893946	42	STIM=z
8897203	42	RESP=1
8911015	42	STIM=s
8914079	42	RESP=1
8928649	42	STIM=j
8938109	42	RESP=1
8943786	42	STIM=f
8949843	42	RESP=1
8959922	42	STIM=d
8967785	42	RESP=1
8977939	42	STIM=w
8981874	42	RESP=1
8996849	42	STIM=p
9000657	42	RESP=1
9012984	42	STIM=b
9016872	42	RESP=1
9030062	42	STIM=n
9037638	42	RESP=1
9047154	42	STIM=9
9051674	42	RESP=2
9065728	42	STIM=d
9070294	42	RESP=1
9084710	42	STIM=t
9089731	42	RESP=1
9103337	42	STIM=q
9109668	42	RESP=1
9121472	42	STIM=x
9125871	42	RESP=1
9139957	42	STIM=u
9144943	42	RESP=2
9157740	42	STIM=0
9166686	42	RESP=2
9174916	42	STIM=w
9180719	42	RESP=1
9193411	42	STIM=0
9197995	42	RESP=2
9211449	42	STIM=m
9216574	42	RESP=1
9229540	42	STIM=m
9233690	42	RESP=1
9245948	42	STIM=b
9249728	42	RESP=1
9263990	42	STIM=n
9269848	42	RESP=1
9280796	42	STIM=h
9284255	42	RESP=1
9299324	42	STIM=s
9303008	42	RESP=1
9315649	42	STIM=v
9323810	42	RESP=1
9332631	42	STIM=r
9340702	42	RESP=1
9350113	42	STIM=f
9356425	42	RESP=1
9367969	42	STIM=p
9373499	42	RESP=1
9383789	42	STIM=a
9388143	42	RESP=1
9398806	42	STIM=k
9402627	42	RESP=1
9413925	42	STIM=z
9417249	42	RESP=1
9429502	42	STIM=i
9434069	42	RESP=1
9448137	42	STIM=t
9451851	42	RESP=1
9466033	42	STIM=1
9474696	42	RESP=2
9484433	42	STIM=k
9488929	42	RESP=1
9501712	42	STIM=1
9507429	42	RESP=2
9517561	42	STIM=f
9520199	42	RESP=1
9534949	42	STIM=e
9537919	42	RESP=1
9551482	42	STIM=a
9555086	42	RESP=1
9567032	42	STIM=h
9570839	42	RESP=1
9585872	42	STIM=0
9590324	42	RESP=2
9604606	42	STIM=f
9608135	42	RESP=1
9621326	42	STIM=r
9625773	42	RESP=1
9639553	42	STIM=3
9643220	42	RESP=2
9655061	42	STIM=m
9659472	42	RESP=1
9674035	42	STIM=o
9682799	42	RESP=2
9690839	42	STIM=t
9696967	42	RESP=1
9709331	42	STIM=f
9714097	42	RESP=1
9725507	42	STIM=o
9730401	42	RESP=1
9741422	42	STIM=z
9745320	42	RESP=1
9758740	42	STIM=e
9762576	42	RESP=1
9775811	42	STIM=s
9780496	42	RESP=1
9793791	42	STIM=s
9799956	42	RESP=1
9811925	42	STIM=h
9815465	42	RESP=1
9827603	42	STIM=u
9833389	42	RESP=1
9843199	42	STIM=s
9845838	42	RESP=1
9859035	42	STIM=o
9864485	42	RESP=1
9876102	42	STIM=i
9881002	42	RESP=1
9893376	42	STIM=i
9899606	42	RESP=1
9912292	42	STIM=i
9915708	42	RESP=1
9928519	42	STIM=x
9935127	42	RESP=1
9946167	42	STIM=6
9950428	42	RESP=2
9964554	42	STIM=d
9968226	42	RESP=1
9980826	42	STIM=y
9985491	42	RESP=1
9997488	42	STIM=p
10002531	42	RESP=1
10015434	42	STIM=g
10020698	42	RESP=1
10033567	42	STIM=z
10038963	42	RESP=1
10048647	42	STIM=l
10054745	42	RESP=1
10064925	42	STIM=i
10067714	42	RESP=1
10081635	42	STIM=3
10087123	42	RESP=2
10099192	42	STIM=d
10102308	42	RESP=1
10116718	42	STIM=t
10122717	42	RESP=1
10132683	42	STIM=m
10138733	42	RESP=1
10147726	42	STIM=u
10157663	42	RESP=1
10164896	42	STIM=s
10169127	42	RESP=1
10180829	42	STIM=l
10183611	42	RESP=1
10196998	42	STIM=f
10203187	42	RESP=1
10213464	42	STIM=1
10224192	42	RESP=2
10231067	42	STIM=s
10237964	42	RESP=1
10248163	42	STIM=8
10251851	42	RESP=2
10267019	42	STIM=y
10271118	42	RESP=1
10283122	42	STIM=3
10289769	42	RESP=2
10300420	42	STIM=v
10309567	42	RESP=1
10318284	42	STIM=b
10323729	42	RESP=1
10334709	42	STIM=t
10339713	42	RESP=2
10353060	42	STIM=i
10358531	42	RESP=1
10370545	42	STIM=h
10374938	42	RESP=1
10387406	42	STIM=g
10391932	42	RESP=1
10405361	42	STIM=i
10408566	42	RESP=1
10423294	42	STIM=i
10427714	42	RESP=1
10440997	42	STIM=b
10448637	42	RESP=1
10459884	42	STIM=p
10464938	42	RESP=1
10474990	42	STIM=0
10482178	42	RESP=1
10491790	42	STIM=q
10495468	42	RESP=1
10510010	42	STIM=m
10514347	42	RESP=1
10525927	42	STIM=n
10529595	42	RESP=1
10542961	42	STIM=l
10548957	42	RESP=1
10560130	42	STIM=g
10563993	42	RESP=1
10575815	42	STIM=s
10578274	42	RESP=1
10593672	42	STIM=c
10598370	42	RESP=1
10611234	42	STIM=8
10620352	42	RESP=2
10627995	42	STIM=v
10630531	42	RESP=1
10645537	42	STIM=c
10649077	42	RESP=1
10661136	42	STIM=l
10664437	42	RESP=1
10678250	42	STIM=f
10684425	42	RESP=1
10693773	42	STIM=m
10698599	42	RESP=1
10709419	42	STIM=a
10712074	42	RESP=1
10725310	42	STIM=i
10729949	42	RESP=1
10741461	42	STIM=z
10751153	42	RESP=1
10757039	42	STIM=f
10761969	42	RESP=1
10774556	42	STIM=s
10781022	42	RESP=1
10792910	42	STIM=5
10800961	42	RESP=2
10810814	42	STIM=h
10819073	42	RESP=1
10829379	42	STIM=h
10836130	42	RESP=1
10848147	42	STIM=0
10853944	42	RESP=2
10863637	42	STIM=i
10866851	42	RESP=1
10880104	42	STIM=8
10885603	42	RESP=2
10896658	42	STIM=x
10902650	42	RESP=1
10914403	42	STIM=e
10917093	42	RESP=1
10932062	42	STIM=a
10939958	42	RESP=1
10948225	42	STIM=o
10952937	42	RESP=1
10963332	42	STIM=0
10967779	42	RESP=2
10980844	42	STIM=9
10983909	42	RESP=2
10996274	42	STIM=0
11000813	42	RESP=2
11013396	42	STIM=b
11015957	42	RESP=1
11029088	42	STIM=k
11034020	42	RESP=1
11044682	42	STIM=c
11048621	42	RESP=1
11061067	42	STIM=p
11065633	42	RESP=1
11076088	42	STIM=d
11080520	42	RESP=1
11093539	42	STIM=y
11096859	42	RESP=1
11108869	42	STIM=4
11121240	42	RESP=2
11127740	42	STIM=s
11131228	42	RESP=1
11146370	42	STIM=a
11150674	42	RESP=1
11165299	42	STIM=i
11169568	42	RESP=1
11181103	42	STIM=p
11188598	42	RESP=1
11200063	42	STIM=m
11203546	42	RESP=1
11215798	42	STIM=c
11221058	42	RESP=1
11234327	42	STIM=e
11237285	42	RESP=1
11251119	42	STIM=r
11258584	42	RESP=1
11266491	42	STIM=z
11274841	42	RESP=1
11281929	42	STIM=d
11292830	42	RESP=1
11298688	42	STIM=w
11306334	42	RESP=1
11317389	42	STIM=1
11321733	42	RESP=2
11333584	42	STIM=v
11339324	42	RESP=1
11352571	42	STIM=v
11357172	42	RESP=1
11368631	42	STIM=x
11372540	42	RESP=1
11386394	42	STIM=g
11395323	42	RESP=1
11404933	42	STIM=z
11410200	42	RESP=1
11421837	42	STIM=p
11426840	42	RESP=1
11437621	42	STIM=w
11441255	42	RESP=1
11455378	42	STIM=b
11460330	42	RESP=1
11472435	42	STIM=d
11476544	42	RESP=1
11490162	42	STIM=t
11493907	42	RESP=1
11506030	42	STIM=i
11509952	42	RESP=1
11523588	42	STIM=o
11530843	42	RESP=1
11542451	42	STIM=i
11545999	42	RESP=1
11557667	42	STIM=r
11563234	42	RESP=1
11575632	42	STIM=o
11579430	42	RESP=1
11591404	42	STIM=u
11595096	42	RESP=1
11607465	42	STIM=m
11611937	42	RESP=1
11623074	42	STIM=f
11628200	42	RESP=1
11638306	42	STIM=s
11644061	42	RESP=1
11653751	42	STIM=n
11660284	42	RESP=1
11672522	42	STIM=w
11679301	42	RESP=1
11689031	42	STIM=b
11692326	42	RESP=1
11705137	42	STIM=y
11710056	42	RESP=1
11720925	42	STIM=n
11725656	42	RESP=1
11739689	42	STIM=n
11745353	42	RESP=1
11755060	42	STIM=v
11765881	42	RESP=1
11771008	42	STIM=x
11774176	42	RESP=1
11789083	42	STIM=1
11794697	42	RESP=2
11804428	42	STIM=2
11810948	42	RESP=2
11820031	42	STIM=5
11824825	42	RESP=2
11835458	42	STIM=x
11840340	42	RESP=1
11854335	42	STIM=6
11860008	42	RESP=2
11871576	42	STIM=w
11874814	42	RESP=1
11889420	42	STIM=v
11894073	42	RESP=1
11907679	42	STIM=g
11911243	42	RESP=1
11926394	42	STIM=a
11929866	42	RESP=1
11945048	42	STIM=p
11950623	42	RESP=1
11960896	42	STIM=f
11963526	42	RESP=1
11977576	42	STIM=2
11982524	42	RESP=2
11992810	42	STIM=h
11996697	42	RESP=1
12008776	42	STIM=r
12014462	42	RESP=1
12027320	42	STIM=b
12034755	42	RESP=1
12045425	42	STIM=v
12048599	42	RESP=1
12064242	42	STIM=8
12068982	42	RESP=2
12082275	42	STIM=k
12087026	42	RESP=1
12097552	42	STIM=m
12103008	42	RESP=1
12114990	42	STIM=p
12121147	42	RESP=1
12133018	42	STIM=f
12141481	42	RESP=1
12151497	42	STIM=9
12155969	42	RESP=2
12166508	42	STIM=y
12170798	42	RESP=1
12182112	42	STIM=y
12184925	42	RESP=1
12199027	42	STIM=d
12206051	42	RESP=1
12215170	42	STIM=6
12220804	42	RESP=2
12232210	42	STIM=y
12238157	42	RESP=1
12247255	42	STIM=c
12250654	42	RESP=1
12265249	42	STIM=l
12269284	42	RESP=1
12283349	42	STIM=c
12287397	42	RESP=1
12298708	42	STIM=i
12304056	42	RESP=1
12314495	42	STIM=n
12324227	42	RESP=1
12331033	42	STIM=z
12334280	42	RESP=1
12346658	42	STIM=u
12354162	42	RESP=1
12364709	42	STIM=j
12372367	42	RESP=1
12382917	42	STIM=2
12389491	42	RESP=2
12401555	42	STIM=u
12405245	42	RESP=1
12417835	42	STIM=s
12420540	42	RESP=1
12435321	42	STIM=w
12440774	42	RESP=1
12450801	42	STIM=k
12454931	42	RESP=1
12466417	42	STIM=u
12470911	42	RESP=1
12483138	42	STIM=8
12487291	42	RESP=2
12499814	42	STIM=7
12505269	42	RESP=2
12517575	42	STIM=b
12522797	42	RESP=1
12533445	42	STIM=0
12537772	42	RESP=2
12549687	42	STIM=b
12556800	42	RESP=1
12565669	42	STIM=u
12569156	42	RESP=1
12583748	42	STIM=y
12587210	42	RESP=1
12599301	42	STIM=u
12602410	42	RESP=1
12617260	42	STIM=w
12621762	42	RESP=1
12635569	42	STIM=f
12639959	42	RESP=1
12652390	42	STIM=p
12659055	42	RESP=1
12669551	42	STIM=i
12672803	42	RESP=1
12686047	42	STIM=3
12689744	42	RESP=2
12701425	42	STIM=q
12706445	42	RESP=1
12719202	42	STIM=3
12724737	42	RESP=2
12734879	42	STIM=y
12738377	42	RESP=1
12753046	42	STIM=p
12758790	42	RESP=1
12768065	42	STIM=e
12771396	42	RESP=1
12785351	42	STIM=f
12789547	42	RESP=1
12803887	42	STIM=9
12808686	42	RESP=2
12822060	42	STIM=k
12826340	42	RESP=1
12839658	42	STIM=o
12848080	42	RESP=1
12857308	42	STIM=k
12863233	42	RESP=1
12875757	42	STIM=a
12879289	42	RESP=1
12891886	42	STIM=d
12896085	42	RESP=1
12910212	42	STIM=u
12913865	42	RESP=1
12926707	42	STIM=j
12930859	42	RESP=1
12944260	42	STIM=e
12949406	42	RESP=1
12961724	42	STIM=o
12965528	42	RESP=1
12979057	42	STIM=i
12981683	42	RESP=1
12997728	42	STIM=s
13001952	42	RESP=1
13016545	42	STIM=f
13020160	42	RESP=1
13034593	42	STIM=k
13038389	42	RESP=1
13051524	42	STIM=o
13056822	42	RESP=1
13068472	42	STIM=l
13072453	42	RESP=1
13086241	42	STIM=w
13089546	42	RESP=1
13104350	42	STIM=g
13108132	42	RESP=1
13122136	42	STIM=6
13126736	42	RESP=2
13139667	42	STIM=w
13145692	42	RESP=1
13154828	42	STIM=l
13160917	42	RESP=1
13169980	42	STIM=r
13174003	42	RESP=1
13188968	42	STIM=g
13192616	42	RESP=1
13207210	42	STIM=v
13210093	42	RESP=1
13222314	42	STIM=q
13227013	42	RESP=1
13241002	42	STIM=w
13246270	42	RESP=1
13256780	42	STIM=3
13263027	42	RESP=2
13273935	42	STIM=q
13281281	42	RESP=1
13291714	42	STIM=f
13294621	42	RESP=1
13309833	42	STIM=x
13313470	42	RESP=1
13325224	42	STIM=o
13328118	42	RESP=1
13342432	42	STIM=r
13349428	42	RESP=1
13360080	42	STIM=s
13362521	42	RESP=1
13378548	42	STIM=i
13385880	42	RESP=1
13396665	42	STIM=s
13403570	42	RESP=1
13411901	42	STIM=n
13416136	42	RESP=1
13427380	42	STIM=q
13434702	42	RESP=2
13443215	42	STIM=3
13446767	42	RESP=1
13461438	42	STIM=r
13465132	42	RESP=1
13479812	42	STIM=c
13484771	42	RESP=1
13497459	42	STIM=j
13502541	42	RESP=1
13516409	42	STIM=q
13519999	42	RESP=1
13534056	42	STIM=g
13538005	42	RESP=1
13550128	42	STIM=c
13554093	42	RESP=1
13566510	42	STIM=c
13571140	42	RESP=1
13581872	42	STIM=q
13585020	42	RESP=1
13600725	42	STIM=t
13606344	42	RESP=1
13617539	42	STIM=y
13621427	42	RESP=1
13634503	42	STIM=w
13640260	42	RESP=1
13651569	42	STIM=o
13656317	42	RESP=1
13669430	42	STIM=0
13676274	42	RESP=2
13687848	42	STIM=d
13691567	42	RESP=1
13703572	42	STIM=g
13708018	42	RESP=1
13722132	42	STIM=m
13725768	42	RESP=1
13741073	42	STIM=s
13744509	42	RESP=1
13759348	42	STIM=q
13764272	42	RESP=1
13774376	42	STIM=7
13778726	42	RESP=1
13790060	42	STIM=6
13798275	42	RESP=2
13806388	42	STIM=e
13810236	42	RESP=1
13825115	42	STIM=6
13828762	42	RESP=2
13844061	42	STIM=9
13848411	42	RESP=2
13859822	42	STIM=i
13865158	42	RESP=1
13876844	42	STIM=8
13883158	42	RESP=2
13892881	42	STIM=9
13897793	42	RESP=2
13911024	42	STIM=d
13914759	42	RESP=1
13928943	42	STIM=f
13937105	42	RESP=1
13944604	42	STIM=x
13949289	42	RESP=1
13960931	42	STIM=g
13964945	42	RESP=1
13977044	42	STIM=g
13982062	42	RESP=1
13995092	42	STIM=s
14000746	42	RESP=1
14013043	42	STIM=d
14017373	42	RESP=1
14028526	42	STIM=z
14034666	42	RESP=1
14044103	42	STIM=k
14048603	42	RESP=1
14060872	42	STIM=z
14065702	42	RESP=1
14079504	42	STIM=n
14083974	42	RESP=1
14097602	42	STIM=3
14102108	42	RESP=2
14114499	42	STIM=w
14129725	42	RESP=1
14129825	42	STIM=h
14134547	42	RESP=1
14146699	42	STIM=u
14151415	42	RESP=1
14162535	42	STIM=r
14170193	42	RESP=1
14177707	42	STIM=r
14183648	42	RESP=1
14193693	42	STIM=i
14198330	42	RESP=1
14212521	42	STIM=d
14218907	42	RESP=1
14228099	42	STIM=0
14233768	42	RESP=2
14246198	42	STIM=l
14249742	42	RESP=1
14264839	42	STIM=u
14271822	42	RESP=1
14281715	42	STIM=o
14285720	42	RESP=1
14298078	42	STIM=o
14305609	42	RESP=1
14313542	42	STIM=2
14316646	42	RESP=2
14330812	42	STIM=g
14334021	42	RESP=1
14346273	42	STIM=j
14351541	42	RESP=1
14363355	42	STIM=k
14366768	42	RESP=1
14380942	42	STIM=f
14384131	42	RESP=1
14399371	42	STIM=p
14404462	42	RESP=1
14416393	42	STIM=0
14421056	42	RESP=2
14432276	42	STIM=f
14438240	42	RESP=1
14447705	42	STIM=0
14451720	42	RESP=1
14463707	42	STIM=9
14468582	42	RESP=2
14480755	42	STIM=c
14485367	42	RESP=1
14497172	42	STIM=l
14501897	42	RESP=1
14514858	42	STIM=y
14521044	42	RESP=1
14532470	42	STIM=r
14536976	42	RESP=1
14549092	42	STIM=q
14555487	42	RESP=1
14565527	42	STIM=8
14572206	42	RESP=2
14582534	42	STIM=9
14586741	42	RESP=2
14598748	42	STIM=y
14607219	42	RESP=1
14614881	42	STIM=0
14622488	42	RESP=2
14632494	42	STIM=z
14635719	42	RESP=1
14650486	42	STIM=k
14656000	42	RESP=1
14666508	42	STIM=a
14670823	42	RESP=1
14683750	42	STIM=v
14688420	42	RESP=1
14700109	42	STIM=y
14703991	42	RESP=1
14715532	42	STIM=n
14721154	42	RESP=1
14733321	42	STIM=u
14736520	42	RESP=1
14751929	42	STIM=r
14756702	42	RESP=1
14770431	42	STIM=6
14775511	42	RESP=2
14788965	42	STIM=y
14796117	42	RESP=1
14805968	42	STIM=h
14811125	42	RESP=1
14821088	42	STIM=t
14829009	42	RESP=1
14839290	42	STIM=0
14847619	42	RESP=2
14855664	42	STIM=q
14860855	42	RESP=1
14872047	42	STIM=y
14877870	42	RESP=1
14890869	42	STIM=8
14897341	42	RESP=2
14907120	42	STIM=0
14911468	42	RESP=2
14922357	42	STIM=5
14926713	42	RESP=2
14937617	42	STIM=d
14942024	42	RESP=1
14955206	42	STIM=t
14960126	42	RESP=1
14971372	42	STIM=1
14977841	42	RESP=2
14986465	42	STIM=b
14994861	42	RESP=2
15002464	42	STIM=t
15005903	42	RESP=1
15018190	42	STIM=d
15026559	42	RESP=2
15034483	42	STIM=3
15042119	42	RESP=2
15053402	42	STIM=a
15060222	42	RESP=1
15072268	42	STIM=7
15082430	42	RESP=2
15090134	42	STIM=1
15095591	42	RESP=2
15108792	42	STIM=d
15114170	42	RESP=1
15126197	42	STIM=i
15132704	42	RESP=1
15141342	42	STIM=r
15144579	42	RESP=1
15157689	42	STIM=g
15163576	42	RESP=1
15172879	42	STIM=w
15179079	42	RESP=1
15190815	42	STIM=w
15195234	42	RESP=1
15207163	42	STIM=w
15213367	42	RESP=1
15224095	42	STIM=s
15227714	42	RESP=1
15239099	42	STIM=b
15244393	42	RESP=1
15255702	42	STIM=3
15261187	42	RESP=1
15273213	42	STIM=7
15277448	42	RESP=2
15289855	42	STIM=h
15293473	42	RESP=1
15306524	42	STIM=g
15311285	42	RESP=1
15322684	42	STIM=x
15326698	42	RESP=1
15340762	42	STIM=n
15344112	42	RESP=1
15356442	42	STIM=m
15359918	42	RESP=1
15374390	42	STIM=a
15380632	42	RESP=1
15392323	42	STIM=v
15400502	42	RESP=1
15411006	42	STIM=y
15414272	42	RESP=1
15426131	42	STIM=2
15432887	42	RESP=2
15444714	42	STIM=z
15448072	42	RESP=1
15462257	42	STIM=8
15466075	42	RESP=2
15479785	42	STIM=9
15483431	42	RESP=2
15498572	42	STIM=w
15501894	42	RESP=1
15515258	42	STIM=w
15519814	42	RESP=1
15532396	42	STIM=t
15535568	42	RESP=1
15549476	42	STIM=q
15554387	42	RESP=2
15565257	42	STIM=b
15568022	42	RESP=1
15582023	42	STIM=g
15587758	42	RESP=1
15599708	42	STIM=y
15603067	42	RESP=1
15614950	42	STIM=s
15620981	42	RESP=1
15632868	42	STIM=3
15638950	42	RESP=1
15651326	42	STIM=g
15655505	42	RESP=1
15669259	42	STIM=3
15673549	42	RESP=2
15685976	42	STIM=y
15690120	42	RESP=1
15701289	42	STIM=j
15705504	42	RESP=1
15720224	42	STIM=3
15726880	42	RESP=2
15736577	42	STIM=g
15740731	42	RESP=1
15752334	42	STIM=0
15759815	42	RESP=2
15767762	42	STIM=0
15772299	42	RESP=2
15784123	42	STIM=w
15788494	42	RESP=1
15801866	42	STIM=w
15809883	42	RESP=1
15818403	42	STIM=3
15823684	42	RESP=1
15834800	42	STIM=j
15838812	42	RESP=1
15851405	42	STIM=6
15855759	42	RESP=2
15868598	42	STIM=f
15872222	42	RESP=1
15884669	42	STIM=0
15891609	42	RESP=1
15900852	42	STIM=p
15907405	42	RESP=1
15918843	42	STIM=s
15922066	42	RESP=1
15935153	42	STIM=0
15943515	42	RESP=2
15951873	42	STIM=p
15954917	42	RESP=1
15969928	42	STIM=k
15974859	42	RESP=1
15988318	42	STIM=e
15992986	42	RESP=1
16005628	42	STIM=w
16011000	42	RESP=1
16023708	42	STIM=q
16027063	42	RESP=1
16041111	42	STIM=9
16046471	42	RESP=2
16057330	42	STIM=1
16063222	42	RESP=2
16073874	42	STIM=1
16077874	42	RESP=1
16091591	42	STIM=t
16094567	42	RESP=1
16109352	42	STIM=s
16118579	42	RESP=1
16126360	42	STIM=r
16129675	42	RESP=1
16144467	42	STIM=f
16151974	42	RESP=1
16161745	42	STIM=u
16164697	42	RESP=1
16177853	42	STIM=s
16186747	42	RESP=1
16196212	42	STIM=q
16204693	42	RESP=1
16212565	42	STIM=6
16217766	42	RESP=2
16227727	42	STIM=h
16232295	42	RESP=1
16245063	42	STIM=p
16249289	42	RESP=1
16261982	42	STIM=b
16266538	42	RESP=1
16280102	42	STIM=m
16283856	42	RESP=1
16296072	42	STIM=l
16304824	42	RESP=1
16313089	42	STIM=9
16317595	42	RESP=1
16331154	42	STIM=t
16335134	42	RESP=1
16347404	42	STIM=i
16351584	42	RESP=1
16363903	42	STIM=a
16368440	42	RESP=1
16381358	42	STIM=e
16384011	42	RESP=1
16399004	42	STIM=7
16402448	42	RESP=2
16414363	42	STIM=u
16418511	42	RESP=1
16431784	42	STIM=6
16438431	42	RESP=2
16450697	42	STIM=y
16453636	42	RESP=1
16465901	42	STIM=t
16469543	42	RESP=1
16481320	42	STIM=w
16484871	42	RESP=1
16498204	42	STIM=r
16504898	42	RESP=1
16516666	42	STIM=w
16520443	42	RESP=1
16531884	42	STIM=i
16536893	42	RESP=1
16548425	42	STIM=y
16553187	42	RESP=1
16565795	42	STIM=q
16570233	42	RESP=1
16584605	42	STIM=a
16593138	42	RESP=1
16601259	42	STIM=o
16605871	42	RESP=1
16616669	42	STIM=0
16622043	42	RESP=2
16633396	42	STIM=h
16639191	42	RESP=1
16649602	42	STIM=x
16652768	42	RESP=1
16665672	42	STIM=v
16669040	42	RESP=1
16682642	42	STIM=k
16685599	42	RESP=1
16698116	42	STIM=i
16701306	42	RESP=1
16713664	42	STIM=t
16723027	42	RESP=2
16731050	42	STIM=0
16736673	42	RESP=2
16747957	42	STIM=l
16754074	42	RESP=1
16766923	42	STIM=8
16771289	42	RESP=1
16784032	42	STIM=g
16788176	42	RESP=2
16799885	42	STIM=a
16805169	42	RESP=1
16817571	42	STIM=1
16822328	42	RESP=2
16832920	42	STIM=7
16837912	42	RESP=2
16849466	42	STIM=m
16853026	42	RESP=1
16866402	42	STIM=i
16870549	42	RESP=1
16884668	42	STIM=a
16891501	42	RESP=1
16903048	42	STIM=y
16907558	42	RESP=1
16921873	42	STIM=s
16927694	42	RESP=1
16938956	42	STIM=o
16942105	42	RESP=1
16957295	42	STIM=1
16964294	42	RESP=2
16975278	42	STIM=w
16978915	42	RESP=1
16992190	42	STIM=t
16996482	42	RESP=1
17009100	42	STIM=y
17013449	42	RESP=1
17026243	42	STIM=8
17030425	42	RESP=2
17043153	42	STIM=5
17050763	42	RESP=2
17060338	42	STIM=e
17069865	42	RESP=1
17078782	42	STIM=s
17082523	42	RESP=1
17094342	42	STIM=p
17099380	42	RESP=1
17109480	42	STIM=c
17113802	42	RESP=1
17124831	42	STIM=f
17129353	42	RESP=1
17140255	42	STIM=s
17144081	42	RESP=1
17155970	42	STIM=t
17162523	42	RESP=1
17173252	42	STIM=t
17179959	42	RESP=1
17190121	42	STIM=t
17193290	42	RESP=1
17206841	42	STIM=8
17216873	42	RESP=2
17222553	42	STIM=0
17227176	42	RESP=2
17237847	42	STIM=t
17243068	42	RESP=1
17254094	42	STIM=j
17260023	42	RESP=1
17272520	42	STIM=d
17275872	42	RESP=1
17289571	42	STIM=5
17294698	42	RESP=2
17305299	42	STIM=z
17309569	42	RESP=1
17323809	42	STIM=4
17329520	42	RESP=2
17338927	42	STIM=7
17345616	42	RESP=2
17357888	42	STIM=7
17362509	42	RESP=2
17376365	42	STIM=z
17379651	42	RESP=1
17393801	42	STIM=j
17404224	42	RESP=1
17411271	42	STIM=d
17415903	42	RESP=1
17426278	42	STIM=j
17429202	42	RESP=1
17441958	42	STIM=4
17446496	42	RESP=2
17458905	42	STIM=h
17461867	42	RESP=1
17474659	42	STIM=f
17477598	42	RESP=1
17490709	42	STIM=f
17493691	42	RESP=1
17507588	42	STIM=w
17511584	42	RESP=1
17523165	42	STIM=j
17528941	42	RESP=1
17541554	42	STIM=v
17545714	42	RESP=1
17558379	42	STIM=1
17563905	42	RESP=2
17574804	42	STIM=k
17577677	42	RESP=1
17593637	42	STIM=k
17596771	42	RESP=1
17610028	42	STIM=c
17615426	42	RESP=2
17628979	42	STIM=x
17632599	42	RESP=1
17646083	42	STIM=e
17650789	42	RESP=1
17662392	42	STIM=s
17669713	42	RESP=1
17679243	42	STIM=k
17685303	42	RESP=1
17696958	42	STIM=a
17703286	42	RESP=1
17713989	42	STIM=b
17717412	42	RESP=1
17729190	42	STIM=r
17733476	42	RESP=1
17745893	42	STIM=f
17750878	42	RESP=1
17762336	42	STIM=b
17768776	42	RESP=1
17781325	42	STIM=9
17787901	42	RESP=2
17797792	42	STIM=h
17803087	42	RESP=1
17814267	42	STIM=e
17820971	42	RESP=1
17831457	42	STIM=j
17835372	42	RESP=1
17848662	42	STIM=w
17854044	42	RESP=1
17867439	42	STIM=2
17873431	42	RESP=1
17884603	42	STIM=x
17889475	42	RESP=1
17901273	42	STIM=z
17906196	42	RESP=1
17918475	42	STIM=w
17923296	42	RESP=1
17935529	42	STIM=f
17943732	42	RESP=1
17950979	42	STIM=i
17954236	42	RESP=1
17966760	42	STIM=x
17974740	42	RESP=1
17985522	42	STIM=n
17989667	42	RESP=1
18003145	42	STIM=h
18012750	42	RESP=1
18018517	42	STIM=h
18022198	42	RESP=1
18034435	42	STIM=b
18041774	42	RESP=1
18050490	42	STIM=y
18056775	42	RESP=1
18068252	42	STIM=n
18073139	42	RESP=1
18085732	42	STIM=y
18089732	42	RESP=1
18102888	42	STIM=e
18108189	42	RESP=1
18119335	42	STIM=2
18124051	42	RESP=1
18134357	42	STIM=4
18140946	42	RESP=2
18151386	42	STIM=m
18154117	42	RESP=1
18167980	42	STIM=8
18173749	42	RESP=2
18186658	42	STIM=i
18191959	42	RESP=1
18201876	42	STIM=z
18205772	42	RESP=1
18220417	42	STIM=h
18224964	42	RESP=1
18235421	42	STIM=7
18244943	42	RESP=2
18252148	42	STIM=y
18262754	42	RESP=1
18268639	42	STIM=i
18272796	42	RESP=1
18286537	42	STIM=c
18290587	42	RESP=1
18304206	42	STIM=2
18308074	42	RESP=1
18322406	42	STIM=q
18331225	42	RESP=1
18341139	42	STIM=r
18345876	42	RESP=1
18357020	42	STIM=5
18361293	42	RESP=2
18374478	42	STIM=m
18380809	42	RESP=1
18393230	42	STIM=0
18400361	42	RESP=2
18410707	42	STIM=f
18417271	42	RESP=1
18426374	42	STIM=3
18430058	42	RESP=1
18442590	42	STIM=2
18448271	42	RESP=2
18459047	42	STIM=m
18465835	42	RESP=1
18477537	42	STIM=4
18485591	42	RESP=2
18495521	42	STIM=u
18501694	42	RESP=1
18514146	42	STIM=x
18522050	42	RESP=1
18532502	42	STIM=1
18535692	42	RESP=2
18549378	42	STIM=a
18554655	42	RESP=1
18565217	42	STIM=h
18572747	42	RESP=1
18583247	42	STIM=i
18587540	42	RESP=1
18601540	42	STIM=q
18605879	42	RESP=1
18616544	42	STIM=b
18622716	42	RESP=1
18631898	42	STIM=j
18634865	42	RESP=1
18649035	42	STIM=p
18652551	42	RESP=1
18665440	42	STIM=x
18671351	42	RESP=1
18681818	42	STIM=5
18685831	42	RESP=2
18697324	42	STIM=9
18704576	42	RESP=1
18712862	42	STIM=1
18718518	42	RESP=2
18731721	42	STIM=e
18737643	42	RESP=1
18749459	42	STIM=w
18752793	42	RESP=1
18766025	42	STIM=3
18771452	42	RESP=2
18783897	42	STIM=j
18792020	42	RESP=1
18800857	42	STIM=z
18805596	42	RESP=2
18819057	42	STIM=o
18826380	42	RESP=1
18837521	42	STIM=j
18841146	42	RESP=1
18854918	42	STIM=m
18858465	42	RESP=1
18870971	42	STIM=r
18882090	42	RESP=1
18889951	42	STIM=x
18897683	42	RESP=1
18907742	42	STIM=m
18911791	42	RESP=1
18922867	42	STIM=e
18926245	42	RESP=1
18938081	42	STIM=q
18941250	42	RESP=1
18954618	42	STIM=z
18959529	42	RESP=1
18969697	42	STIM=v
18973479	42	RESP=1
18985943	42	STIM=2
18989820	42	RESP=2
19002196	42	STIM=v
19005490	42	RESP=1
19019392	42	STIM=s
19022943	42	RESP=1
19035574	42	STIM=h
19041740	42	RESP=1
19051698	42	STIM=o
19056722	42	RESP=1
19067308	42	STIM=d
19072807	42	RESP=1
19085711	42	STIM=1
19089837	42	RESP=2
19101533	42	STIM=x
19109550	42	RESP=1
19116965	42	STIM=q
19121464	42	RESP=1
19135536	42	STIM=h
19141128	42	RESP=1
19152164	42	STIM=3
19155667	42	RESP=2
19170389	42	STIM=y
19181036	42	RESP=1
19187586	42	STIM=1
19193387	42	RESP=2
19204862	42	STIM=5
19211345	42	RESP=2
19222493	42	STIM=9
19227726	42	RESP=2
19239524	42	STIM=x
19242266	42	RESP=1
19257747	42	STIM=j
19263298	42	RESP=1
19275160	42	STIM=w
19280198	42	RESP=1
19293346	42	STIM=j
19296346	42	RESP=1
19310833	42	STIM=4
19316726	42	RESP=2
19328086	42	STIM=m
19334634	42	RESP=1
19345535	42	STIM=4
19351889	42	RESP=2
19363264	42	STIM=x
19366382	42	RESP=1
19380390	42	STIM=o
19387577	42	RESP=1
19398992	42	STIM=6
19404101	42	RESP=2
19416792	42	STIM=8
19422961	42	RESP=2
19434830	42	STIM=z
19444265	42	RESP=1
19452064	42	STIM=3
19457284	42	RESP=2
19468809	42	STIM=x
19476305	42	RESP=1
19484491	42	STIM=v
19489085	42	RESP=1
19501996	42	STIM=h
19505648	42	RESP=1
19517043	42	STIM=g
19520819	42	RESP=1
19534209	42	STIM=w
19538800	42	RESP=1
19551986	42	STIM=t
19555767	42	RESP=1
19569381	42	STIM=0
19573576	42	RESP=2
19588315	42	STIM=o
19591953	42	RESP=1
19606574	42	STIM=o
19610561	42	RESP=1
19622540	42	STIM=e
19627768	42	RESP=1
19639195	42	STIM=m
19642395	42	RESP=1
19656717	42	STIM=s
19661305	42	RESP=1
19674015	42	STIM=y
19676924	42	RESP=1
19691653	42	STIM=4
19695753	42	RESP=1
19707547	42	STIM=m
19710303	42	RESP=1
19726122	42	STIM=w
19731815	42	RESP=1
19744788	42	STIM=o
19748393	42	RESP=1
19761979	42	STIM=r
19767300	42	RESP=1
19779269	42	STIM=b
19783992	42	RESP=1
19795287	42	STIM=o
19800709	42	RESP=1
19812450	42	STIM=5
19818636	42	RESP=2
19829444	42	STIM=y
19834526	42	RESP=1
19848227	42	STIM=t
19856040	42	RESP=1
19865404	42	STIM=q
19868613	42	RESP=1
19882190	42	STIM=g
19887377	42	RESP=1
19901161	42	STIM=o
19908442	42	RESP=1
19918739	42	STIM=y
19925133	42	RESP=1
19935711	42	STIM=t
19942600	42	RESP=1
19953787	42	STIM=m
19958847	42	RESP=1
19970985	42	STIM=z
19974458	42	RESP=1
19989336	42	STIM=c
19994025	42	RESP=1
20008115	42	STIM=8
20015930	42	RESP=1
20025094	42	STIM=e
20028737	42	RESP=1
20041609	42	STIM=x
20045948	42	RESP=2
20060358	42	STIM=l
20064670	42	RESP=1
20076230	42	STIM=t
20079681	42	RESP=1
20093587	42	STIM=o
20097030	42	RESP=1
20110331	42	STIM=h
20117118	42	RESP=1
20125910	42	STIM=q
20130304	42	RESP=1
20142186	42	STIM=1
20145971	42	RESP=2
20158771	42	STIM=a
20163927	42	RESP=1
20174164	42	STIM=c
20181497	42	RESP=1
20192970	42	STIM=j
20197266	42	RESP=1
20209552	42	STIM=3
20213172	42	RESP=2
20224930	42	STIM=a
20228517	42	RESP=1
20241527	42	STIM=v
20244568	42	RESP=1
20258658	42	STIM=i
20262046	42	RESP=1
20276776	42	STIM=z
20279991	42	RESP=2
20295277	42	STIM=g
20300568	42	RESP=1
20312598	42	STIM=o
20315683	42	RESP=1
20330843	42	STIM=z
20335714	42	RESP=1
20347076	42	STIM=w
20354006	42	RESP=2
20363457	42	STIM=7
20367172	42	RESP=2
20382443	42	STIM=3
20386306	42	RESP=2
20400603	42	STIM=q
20404665	42	RESP=1
20416738	42	STIM=j
20422329	42	RESP=1
20432865	42	STIM=t
20436223	42	RESP=1
20448083	42	STIM=n
20451847	42	RESP=1
20465485	42	STIM=u
20470929	42	RESP=1
20483940	42	STIM=a
20487486	42	RESP=1
20499509	42	STIM=z
20506250	42	RESP=1
20517193	42	STIM=k
20520749	42	RESP=1
20534455	42	STIM=j
20547172	42	RESP=1
20550894	42	STIM=1
20555250	42	RESP=2
20567818	42	STIM=j
20574660	42	RESP=1
20583857	42	STIM=a
20588798	42	RESP=1
20600781	42	STIM=r
20605504	42	RESP=1
20616827	42	STIM=3
20621105	42	RESP=2
20634189	42	STIM=a
20639327	42	RESP=1
20651829	42	STIM=0
20658441	42	RESP=2
20668220	42	STIM=l
20674483	42	RESP=1
20686620	42	STIM=y
20693158	42	RESP=1
20704086	42	STIM=e
20711837	42	RESP=1
20722146	42	STIM=j
20726121	42	RESP=1
20739929	42	STIM=f
20747798	42	RESP=1
20756105	42	STIM=m
20759468	42	RESP=1
20772909	42	STIM=a
20779806	42	RESP=1
20791036	42	STIM=m
20794729	42	RESP=1
20809969	42	STIM=f
20813982	42	RESP=1
20827501	42	STIM=e
20833098	42	RESP=1
20843506	42	STIM=b
20849221	42	RESP=1
20861201	42	STIM=o
20866318	42	RESP=1
20878988	42	STIM=b
20883631	42	RESP=1
20897022	42	STIM=r
20900945	42	RESP=1
20915249	42	STIM=e
20919877	42	RESP=1
20932816	42	STIM=k
20935766	42	RESP=1
20948330	42	STIM=j
20955250	42	RESP=1
20964530	42	STIM=m
20972308	42	RESP=1
20983213	42	STIM=n
20987736	42	RESP=1
21000727	42	STIM=v
21004414	42	RESP=1
21019213	42	STIM=w
21024645	42	RESP=1
21035974	42	STIM=i
21038562	42	RESP=1
21053399	42	STIM=d
21056889	42	RESP=1
21070510	42	STIM=q
21073788	42	RESP=1
21087371	42	STIM=3
21091658	42	RESP=2
21104741	42	STIM=f
21108636	42	RESP=1
21121070	42	STIM=o
21130408	42	RESP=1
21139423	42	STIM=t
21142724	42	RESP=1
21156929	42	STIM=i
21161107	42	RESP=1
21173028	42	STIM=m
21177856	42	RESP=1
21190415	42	STIM=v
21196031	42	RESP=1
21207986	42	STIM=h
21215105	42	RESP=1
21224870	42	STIM=t
21228471	42	RESP=1
21240150	42	STIM=0
21245334	42	RESP=1
21257375	42	STIM=q
21261371	42	RESP=2
21272665	42	STIM=b
21276010	42	RESP=1
21291067	42	STIM=s
21294513	42	RESP=1
21307665	42	STIM=a
21314456	42	RESP=1
21324632	42	STIM=v
21330431	42	RESP=1
21340526	42	STIM=l
21343802	42	RESP=1
21356822	42	STIM=l
21361389	42	RESP=1
21374065	42	STIM=e
21382890	42	RESP=1
21391588	42	STIM=0
21397873	42	RESP=2
21406886	42	STIM=i
21411340	42	RESP=1
21422917	42	STIM=p
21426257	42	RESP=1
21440339	42	STIM=s
21444769	42	RESP=1
21456185	42	STIM=h
21459712	42	RESP=1
21473769	42	STIM=w
21477678	42	RESP=1
21491237	42	STIM=e
21499635	42	RESP=1
21506857	42	STIM=q
21509845	42	RESP=1
21523563	42	STIM=j
21530407	42	RESP=1
21539839	42	STIM=d
21543993	42	RESP=1
21555500	42	STIM=n
21558537	42	RESP=1
21573278	42	STIM=l
21577685	42	RESP=1
21591894	42	STIM=u
21597651	42	RESP=1
21607714	42	STIM=v
21614096	42	RESP=1
21624839	42	STIM=y
21628654	42	RESP=1
21643728	42	STIM=8
21647193	42	RESP=1
21659570	42	STIM=h
21664752	42	RESP=1
21676765	42	STIM=u
21681732	42	RESP=1
21692080	42	STIM=o
21698072	42	RESP=1
21710480	42	STIM=v
21714116	42	RESP=1
21729002	42	STIM=a
21732386	42	RESP=1
21744421	42	STIM=k
21749469	42	RESP=1
21759872	42	STIM=g
21766183	42	RESP=1
21777786	42	STIM=6
21784168	42	RESP=2
21794356	42	STIM=3
21798514	42	RESP=2
21812245	42	STIM=g
21814729	42	RESP=1
