# Original filename: 0054_IDT_2017-06-02.log
# Time unit: 100 us
# RARECAT=digit
#
# Time	HHGG	Event
35061	42	STIM=5
39438	42	RESP=1
53026	42	STIM=g
58856	42	RESP=1
71522	42	STIM=m
76900	42	RESP=1
90009	42	STIM=2
96343	42	RESP=2
108640	42	STIM=d
118639	42	RESP=1
124407	42	STIM=h
129283	42	RESP=1
141208	42	STIM=i
146568	42	RESP=1
159607	42	STIM=k
166211	42	RESP=1
175967	42	STIM=t
181802	42	RESP=1
192354	42	STIM=d
201527	42	RESP=1
210341	42	STIM=9
222903	42	RESP=1
229236	42	STIM=j
234966	42	RESP=1
245447	42	STIM=a
250066	42	RESP=1
260996	42	STIM=9
268519	42	RESP=2
278004	42	STIM=5
284386	42	RESP=2
293114	42	STIM=c
299335	42	RESP=1
308416	42	STIM=s
316762	42	RESP=1
325864	42	STIM=n
334573	42	RESP=1
341294	42	STIM=c
345727	42	RESP=1
356627	42	STIM=p
361190	42	RESP=1
371679	42	STIM=b
375583	42	RESP=1
387568	42	STIM=c
391744	42	RESP=1
405775	42	STIM=m
408557	42	RESP=1
421259	42	STIM=z
427049	42	RESP=1
438339	42	STIM=d
445139	42	RESP=1
453686	42	STIM=l
457408	42	RESP=1
470184	42	STIM=0
477345	42	RESP=2
487381	42	STIM=f
490907	42	RESP=1
502421	42	STIM=f
506549	42	RESP=1
517871	42	STIM=l
520924	42	RESP=1
534686	42	STIM=p
540735	42	RESP=1
550081	42	STIM=6
558557	42	RESP=2
567923	42	STIM=s
571591	42	RESP=1
585116	42	STIM=6
595865	42	RESP=2
602751	42	STIM=j
608975	42	RESP=1
617827	42	STIM=n
623761	42	RESP=1
635728	42	STIM=c
639182	42	RESP=1
651095	42	STIM=u
653541	42	RESP=1
669630	42	STIM=c
672529	42	RESP=1
685462	42	STIM=1
692853	42	RESP=2
704096	42	STIM=n
707332	42	RESP=1
721409	42	STIM=e
725623	42	RESP=2
739831	42	STIM=p
744618	42	RESP=1
758576	42	STIM=q
762528	42	RESP=1
775348	42	STIM=h
782114	42	RESP=1
792038	42	STIM=p
796409	42	RESP=1
808949	42	STIM=t
812457	42	RESP=1
825942	42	STIM=t
833080	42	RESP=1
842633	42	STIM=w
847506	42	RESP=1
858607	42	STIM=n
862666	42	RESP=1
875762	42	STIM=i
884414	42	RESP=1
892911	42	STIM=h
901443	42	RESP=1
910322	42	STIM=x
915251	42	RESP=1
925589	42	STIM=q
930965	42	RESP=1
940972	42	STIM=t
946006	42	RESP=1
958909	42	STIM=k
967467	42	RESP=1
976316	42	STIM=j
978789	42	RESP=1
994884	42	STIM=1
1001177	42	RESP=1
1012142	42	STIM=u
1022996	42	RESP=1
1028255	42	STIM=5
1032725	42	RESP=1
1043346	42	STIM=h
1049072	42	RESP=1
1061991	42	STIM=l
1069666	42	RESP=1
1077978	42	STIM=m
1083687	42	RESP=1
1095734	42	STIM=l
1102486	42	RESP=1
1111730	42	STIM=i
1115367	42	RESP=1
1127650	42	STIM=l
1131550	42	RESP=1
1144730	42	STIM=u
1150867	42	RESP=1
1161988	42	STIM=o
1167423	42	RESP=1
1179760	42	STIM=w
1184088	42	RESP=1
1197275	42	STIM=k
1202681	42	RESP=1
1213346	42	STIM=z
1218193	42	RESP=1
1230057	42	STIM=i
1238142	42	RESP=1
1247631	42	STIM=3
1254118	42	RESP=2
1266107	42	STIM=v
1270055	42	RESP=1
1283554	42	STIM=p
1287460	42	RESP=2
1301572	42	STIM=l
1309409	42	RESP=1
1319492	42	STIM=c
1324804	42	RESP=1
1336739	42	STIM=4
1345179	42	RESP=2
1354642	42	STIM=h
1359412	42	RESP=1
1372074	42	STIM=q
1377600	42	RESP=1
1388641	42	STIM=e
1394587	42	RESP=1
1404602	42	STIM=5
1413894	42	RESP=2
1421988	42	STIM=8
1427567	42	RESP=2
1439035	42	STIM=9
1443882	42	RESP=2
1457806	42	STIM=c
1463994	42	RESP=1
1475980	42	STIM=j
1480228	42	RESP=1
1493577	42	STIM=h
1498972	42	RESP=1
1511750	42	STIM=k
1519607	42	RESP=1
1528508	42	STIM=n
1534292	42	RESP=1
1544113	42	STIM=b
1553057	42	RESP=1
1562545	42	STIM=4
1570331	42	RESP=1
1579680	42	STIM=g
1583608	42	RESP=1
1597430	42	STIM=a
1608323	42	RESP=1
1613122	42	STIM=i
1617324	42	RESP=1
1629700	42	STIM=t
1634904	42	RESP=1
1645547	42	STIM=y
1648680	42	RESP=1
1660668	42	STIM=0
1668111	42	RESP=1
1676005	42	STIM=2
1681724	42	RESP=1
1693631	42	STIM=0
1700407	42	RESP=2
1709687	42	STIM=q
1716746	42	RESP=1
1724885	42	STIM=e
1729167	42	RESP=1
1743437	42	STIM=p
1748306	42	RESP=2
1760084	42	STIM=e
1763382	42	RESP=1
1778251	42	STIM=q
1786713	42	RESP=1
1794096	42	STIM=f
1799228	42	RESP=1
1809248	42	STIM=z
1816293	42	RESP=1
1824724	42	STIM=h
1828232	42	RESP=1
1843300	42	STIM=f
1847299	42	RESP=1
1861915	42	STIM=6
1868218	42	RESP=2
1879911	42	STIM=w
1884412	42	RESP=1
1898847	42	STIM=b
1906344	42	RESP=1
1914788	42	STIM=f
1922569	42	RESP=1
1930378	42	STIM=v
1936561	42	RESP=1
1945500	42	STIM=6
1950378	42	RESP=2
1961908	42	STIM=r
1967030	42	RESP=1
1980218	42	STIM=k
1984989	42	RESP=1
1998443	42	STIM=f
2004937	42	RESP=1
2015556	42	STIM=8
2021593	42	RESP=2
2030760	42	STIM=9
2034666	42	RESP=2
2049152	42	STIM=r
2054140	42	RESP=1
2065881	42	STIM=g
2072292	42	RESP=1
2084612	42	STIM=l
2089307	42	RESP=1
2102997	42	STIM=w
2108449	42	RESP=1
2120391	42	STIM=u
2124347	42	RESP=1
2138035	42	STIM=v
2145794	42	RESP=1
2154213	42	STIM=r
2162755	42	RESP=1
2173067	42	STIM=b
2178919	42	RESP=1
2191859	42	STIM=b
2197544	42	RESP=1
2207019	42	STIM=n
2212656	42	RESP=1
2225923	42	STIM=3
2233733	42	RESP=2
2243563	42	STIM=9
2249366	42	RESP=1
2259078	42	STIM=d
2262974	42	RESP=1
2274329	42	STIM=f
2279450	42	RESP=1
2289890	42	STIM=q
2292903	42	RESP=1
2307685	42	STIM=w
2311539	42	RESP=1
2323114	42	STIM=h
2329073	42	RESP=1
2338173	42	STIM=x
2341558	42	RESP=1
2355261	42	STIM=f
2358696	42	RESP=1
2371333	42	STIM=e
2377695	42	RESP=1
2389346	42	STIM=v
2392863	42	RESP=1
2404719	42	STIM=1
2411092	42	RESP=2
2423367	42	STIM=k
2427336	42	RESP=1
2441396	42	STIM=j
2450362	42	RESP=1
2459009	42	STIM=h
2465582	42	RESP=1
2476940	42	STIM=9
2482656	42	RESP=1
2494484	42	STIM=t
2497369	42	RESP=1
2511257	42	STIM=w
2515061	42	RESP=1
2527632	42	STIM=5
2534853	42	RESP=2
2543431	42	STIM=t
2555762	42	RESP=1
2561361	42	STIM=0
2566299	42	RESP=2
2576783	42	STIM=c
2591782	42	RESP=1
2593196	42	STIM=4
2598897	42	RESP=2
2611465	42	STIM=i
2619373	42	RESP=1
2629740	42	STIM=q
2636702	42	RESP=1
2644902	42	STIM=8
2653795	42	RESP=2
2661873	42	STIM=4
2672448	42	RESP=1
2678789	42	STIM=g
2683100	42	RESP=1
2694726	42	STIM=4
2699084	42	RESP=2
2711614	42	STIM=a
2718339	42	RESP=1
2727406	42	STIM=k
2732119	42	RESP=1
2744151	42	STIM=5
2749724	42	RESP=2
2761460	42	STIM=x
2768335	42	RESP=2
2779341	42	STIM=y
2786045	42	RESP=1
2797741	42	STIM=f
2804969	42	RESP=1
2816105	42	STIM=i
2819794	42	RESP=1
2833732	42	STIM=v
2839906	42	RESP=1
2849115	42	STIM=e
2854425	42	RESP=1
2867040	42	STIM=o
2871768	42	RESP=1
2884458	42	STIM=a
2889095	42	RESP=1
2903294	42	STIM=e
2911253	42	RESP=1
2918381	42	STIM=d
2922572	42	RESP=1
2936704	42	STIM=q
2940985	42	RESP=1
2955551	42	STIM=o
2960577	42	RESP=1
2970869	42	STIM=q
2974882	42	RESP=1
2989639	42	STIM=y
2993206	42	RESP=1
3007869	42	STIM=j
3012890	42	RESP=2
3024751	42	STIM=m
3031696	42	RESP=1
3043088	42	STIM=m
3047534	42	RESP=1
3059582	42	STIM=c
3063790	42	RESP=1
3077358	42	STIM=e
3081285	42	RESP=1
3093919	42	STIM=9
3100059	42	RESP=2
3109890	42	STIM=0
3117148	42	RESP=2
3125558	42	STIM=b
3133959	42	RESP=1
3143873	42	STIM=x
3148145	42	RESP=1
3160741	42	STIM=6
3168168	42	RESP=2
3179244	42	STIM=s
3185423	42	RESP=1
3196383	42	STIM=s
3208278	42	RESP=1
3213922	42	STIM=g
3219804	42	RESP=1
3229100	42	STIM=v
3232336	42	RESP=1
3247115	42	STIM=a
3249651	42	RESP=1
3263103	42	STIM=a
3265881	42	RESP=1
3279192	42	STIM=n
3283691	42	RESP=1
3294546	42	STIM=m
3302085	42	RESP=1
3310700	42	STIM=z
3316084	42	RESP=1
3326263	42	STIM=j
3331900	42	RESP=1
3342040	42	STIM=i
3349230	42	RESP=1
3359347	42	STIM=u
3363576	42	RESP=1
3376891	42	STIM=n
3381207	42	RESP=1
3395865	42	STIM=v
3399871	42	RESP=1
3413293	42	STIM=k
3416382	42	RESP=1
3428328	42	STIM=c
3432941	42	RESP=1
3443536	42	STIM=3
3448444	42	RESP=2
3460663	42	STIM=e
3464746	42	RESP=1
3479492	42	STIM=y
3485166	42	RESP=1
3497985	42	STIM=p
3502906	42	RESP=1
3516473	42	STIM=z
3528910	42	RESP=1
3532856	42	STIM=q
3538329	42	RESP=1
3550457	42	STIM=k
3553803	42	RESP=1
3568552	42	STIM=7
3573901	42	RESP=2
3584466	42	STIM=r
3589443	42	RESP=1
3600081	42	STIM=m
3606142	42	RESP=1
3615771	42	STIM=a
3622824	42	RESP=1
3631664	42	STIM=s
3639015	42	RESP=1
3649427	42	STIM=j
3654519	42	RESP=1
3664642	42	STIM=r
3671127	42	RESP=1
3683323	42	STIM=h
3687192	42	RESP=1
3702213	42	STIM=r
3705737	42	RESP=1
3718281	42	STIM=f
3723669	42	RESP=1
3733681	42	STIM=k
3740166	42	RESP=1
3750208	42	STIM=n
3754576	42	RESP=1
3766105	42	STIM=p
3771536	42	RESP=1
3782673	42	STIM=1
3788154	42	RESP=2
3798257	42	STIM=j
3801961	42	RESP=1
3816044	42	STIM=9
3822870	42	RESP=2
3832081	42	STIM=b
3837789	42	RESP=1
3847580	42	STIM=0
3852476	42	RESP=1
3864945	42	STIM=m
3870798	42	RESP=1
3881034	42	STIM=v
3884387	42	RESP=1
3896167	42	STIM=w
3900970	42	RESP=1
3913091	42	STIM=c
3917966	42	RESP=1
3930473	42	STIM=h
3934737	42	RESP=1
3946972	42	STIM=n
3953138	42	RESP=1
3964599	42	STIM=c
3969053	42	RESP=1
3982180	42	STIM=b
3985586	42	RESP=2
3999713	42	STIM=e
4006401	42	RESP=1
4015076	42	STIM=i
4019711	42	RESP=2
4032593	42	STIM=d
4036589	42	RESP=2
4048666	42	STIM=l
4052120	42	RESP=1
4066227	42	STIM=9
4071819	42	RESP=2
4084662	42	STIM=t
4088241	42	RESP=1
4099817	42	STIM=h
4103640	42	RESP=1
4117058	42	STIM=e
4120034	42	RESP=1
4133776	42	STIM=6
4138509	42	RESP=2
4149962	42	STIM=b
4154328	42	RESP=1
4168777	42	STIM=k
4174977	42	RESP=1
4186689	42	STIM=g
4191150	42	RESP=1
4201946	42	STIM=g
4209089	42	RESP=1
4219511	42	STIM=v
4229838	42	RESP=1
4238123	42	STIM=u
4244191	42	RESP=1
4254861	42	STIM=t
4266541	42	RESP=1
4272718	42	STIM=s
4278375	42	RESP=1
4289017	42	STIM=r
4293869	42	RESP=1
4307066	42	STIM=9
4316777	42	RESP=1
4324793	42	STIM=t
4330177	42	RESP=1
4342925	42	STIM=q
4348943	42	RESP=1
4360040	42	STIM=l
4367533	42	RESP=1
4377007	42	STIM=8
4381539	42	RESP=2
4394824	42	STIM=u
4402647	42	RESP=1
4410122	42	STIM=t
4417116	42	RESP=1
4426163	42	STIM=h
4434127	42	RESP=1
4445090	42	STIM=j
4451789	42	RESP=1
4461140	42	STIM=a
4465525	42	RESP=1
4478261	42	STIM=1
4484361	42	RESP=1
4493669	42	STIM=g
4500099	42	RESP=1
4512400	42	STIM=e
4519757	42	RESP=1
4530827	42	STIM=f
4536102	42	RESP=1
4547762	42	STIM=u
4552396	42	RESP=1
4566586	42	STIM=f
4571955	42	RESP=1
4583259	42	STIM=l
4592074	42	RESP=1
4598706	42	STIM=p
4602234	42	RESP=1
4616492	42	STIM=i
4622492	42	RESP=1
4631648	42	STIM=m
4636662	42	RESP=1
4648191	42	STIM=n
4652968	42	RESP=1
4666108	42	STIM=u
4671131	42	RESP=1
4682384	42	STIM=b
4685417	42	RESP=1
4698763	42	STIM=l
4701625	42	RESP=1
4716271	42	STIM=j
4721435	42	RESP=1
4735053	42	STIM=j
4738869	42	RESP=1
4750073	42	STIM=j
4753328	42	RESP=1
4765387	42	STIM=5
4775993	42	RESP=2
4782851	42	STIM=r
4792037	42	RESP=1
4799659	42	STIM=n
4804782	42	RESP=1
4816039	42	STIM=z
4821179	42	RESP=1
4834072	42	STIM=4
4846997	42	RESP=2
4849209	42	STIM=a
4857120	42	RESP=1
4868069	42	STIM=z
4875056	42	RESP=1
4885679	42	STIM=d
4893253	42	RESP=1
4901613	42	STIM=h
4906011	42	RESP=1
4917502	42	STIM=n
4924017	42	RESP=1
4935064	42	STIM=a
4940804	42	RESP=1
4950077	42	STIM=1
4959530	42	RESP=1
4967512	42	STIM=l
4971580	42	RESP=1
4984673	42	STIM=f
4989281	42	RESP=1
5002354	42	STIM=2
5010622	42	RESP=2
5018435	42	STIM=9
5022947	42	RESP=2
5035029	42	STIM=h
5038668	42	RESP=1
5050159	42	STIM=h
5055727	42	RESP=1
5065929	42	STIM=p
5072320	42	RESP=1
5084214	42	STIM=9
5090675	42	RESP=1
5101711	42	STIM=y
5105363	42	RESP=1
5118167	42	STIM=z
5126661	42	RESP=1
5135906	42	STIM=c
5139115	42	RESP=1
5152695	42	STIM=k
5156199	42	RESP=1
5169911	42	STIM=c
5178109	42	RESP=1
5188280	42	STIM=z
5192573	42	RESP=1
5203503	42	STIM=c
5210677	42	RESP=1
5220055	42	STIM=8
5225636	42	RESP=1
5235161	42	STIM=6
5244185	42	RESP=2
5253079	42	STIM=b
5259036	42	RESP=1
5268124	42	STIM=o
5271771	42	RESP=1
5284929	42	STIM=c
5290462	42	RESP=1
5301843	42	STIM=r
5310609	42	RESP=1
5319061	42	STIM=w
5322935	42	RESP=1
5334335	42	STIM=x
5339483	42	RESP=1
5351163	42	STIM=3
5360601	42	RESP=2
5367460	42	STIM=l
5375066	42	RESP=1
5384686	42	STIM=2
5389499	42	RESP=2
5400843	42	STIM=w
5405995	42	RESP=1
5416260	42	STIM=b
5422234	42	RESP=1
5434712	42	STIM=r
5439025	42	RESP=1
5451400	42	STIM=q
5454812	42	RESP=1
5470095	42	STIM=p
5473844	42	RESP=1
5488989	42	STIM=q
5496109	42	RESP=1
5504204	42	STIM=r
5513100	42	RESP=1
5520240	42	STIM=j
5526197	42	RESP=1
5538321	42	STIM=5
5544201	42	RESP=2
5554535	42	STIM=9
5562737	42	RESP=2
5571340	42	STIM=g
5576159	42	RESP=1
5589394	42	STIM=z
5594438	42	RESP=1
5605321	42	STIM=r
5611108	42	RESP=1
5620740	42	STIM=9
5625466	42	RESP=2
5639699	42	STIM=t
5643579	42	RESP=1
5658375	42	STIM=v
5662069	42	RESP=1
5675714	42	STIM=u
5679739	42	RESP=1
5692955	42	STIM=4
5698074	42	RESP=1
5710542	42	STIM=c
5719021	42	RESP=2
5726195	42	STIM=c
5730089	42	RESP=1
5743408	42	STIM=x
5749555	42	RESP=1
5758882	42	STIM=k
5764134	42	RESP=1
5777437	42	STIM=8
5787206	42	RESP=2
5795698	42	STIM=3
5802413	42	RESP=2
5812922	42	STIM=r
5820143	42	RESP=1
5830000	42	STIM=l
5835452	42	RESP=1
5846897	42	STIM=5
5853151	42	RESP=2
5863393	42	STIM=o
5866022	42	RESP=1
5882046	42	STIM=a
5888410	42	RESP=1
5898265	42	STIM=r
5903260	42	RESP=1
5915159	42	STIM=i
5919802	42	RESP=1
5932338	42	STIM=k
5941010	42	RESP=1
5950947	42	STIM=p
5959234	42	RESP=1
5967141	42	STIM=x
5974556	42	RESP=1
5985686	42	STIM=q
5991706	42	RESP=1
6001004	42	STIM=w
6006926	42	RESP=2
6019281	42	STIM=a
6027060	42	RESP=1
6037412	42	STIM=8
6043967	42	RESP=2
6055062	42	STIM=d
6059308	42	RESP=1
6071677	42	STIM=i
6074880	42	RESP=1
6090269	42	STIM=y
6096910	42	RESP=1
6106798	42	STIM=6
6113274	42	RESP=2
6122123	42	STIM=n
6127108	42	RESP=1
6139646	42	STIM=p
6144229	42	RESP=1
6155951	42	STIM=e
6164015	42	RESP=1
6174813	42	STIM=b
6180882	42	RESP=1
6193113	42	STIM=5
6197061	42	RESP=2
6211345	42	STIM=e
6214692	42	RESP=1
6228536	42	STIM=y
6234869	42	RESP=1
6247211	42	STIM=k
6252163	42	RESP=1
6265225	42	STIM=k
6272129	42	RESP=1
6280690	42	STIM=q
6285215	42	RESP=2
6296337	42	STIM=x
6300089	42	RESP=1
6313913	42	STIM=1
6318610	42	RESP=2
6329838	42	STIM=r
6333686	42	RESP=1
6346246	42	STIM=w
6352946	42	RESP=1
6364572	42	STIM=u
6369920	42	RESP=1
6382604	42	STIM=b
6393206	42	RESP=1
6400066	42	STIM=y
6405806	42	RESP=1
6417230	42	STIM=3
6424264	42	RESP=2
6434358	42	STIM=a
6438538	42	RESP=1
6453021	42	STIM=b
6456812	42	RESP=1
6470606	42	STIM=5
6480649	42	RESP=2
6488309	42	STIM=g
6497973	42	RESP=1
6506357	42	STIM=s
6511997	42	RESP=1
6522729	42	STIM=s
6531091	42	RESP=1
6539401	42	STIM=n
6543251	42	RESP=1
6556033	42	STIM=k
6560059	42	RESP=1
6573585	42	STIM=x
6579515	42	RESP=2
6589396	42	STIM=c
6593353	42	RESP=1
6608029	42	STIM=x
6611621	42	RESP=1
6624955	42	STIM=q
6632941	42	RESP=1
6642747	42	STIM=f
6646522	42	RESP=1
6658469	42	STIM=q
6663147	42	RESP=1
6675882	42	STIM=u
6678795	42	RESP=1
6691536	42	STIM=0
6698185	42	RESP=2
6708913	42	STIM=r
6714222	42	RESP=1
6725054	42	STIM=o
6731467	42	RESP=1
6742586	42	STIM=p
6749129	42	RESP=1
6758530	42	STIM=r
6762955	42	RESP=1
6776439	42	STIM=5
6780941	42	RESP=2
6794531	42	STIM=f
6798234	42	RESP=1
6812264	42	STIM=n
6818048	42	RESP=1
6828984	42	STIM=z
6832172	42	RESP=1
6845850	42	STIM=w
6852408	42	RESP=1
6863690	42	STIM=d
6872656	42	RESP=1
6879585	42	STIM=y
6884602	42	RESP=1
6896209	42	STIM=8
6902506	42	RESP=2
6913422	42	STIM=0
6918465	42	RESP=2
6932286	42	STIM=w
6937883	42	RESP=1
6949908	42	STIM=6
6955695	42	RESP=1
6965765	42	STIM=n
6970223	42	RESP=1
6982392	42	STIM=n
6988406	42	RESP=1
6997493	42	STIM=c
7000696	42	RESP=1
7013365	42	STIM=a
7018554	42	RESP=1
7032348	42	STIM=v
7038967	42	RESP=1
7048604	42	STIM=c
7057039	42	RESP=1
7064986	42	STIM=r
7069104	42	RESP=1
7082852	42	STIM=4
7090874	42	RESP=2
7099050	42	STIM=j
7105851	42	RESP=1
7115476	42	STIM=m
7119560	42	RESP=1
7132845	42	STIM=f
7139442	42	RESP=1
7151678	42	STIM=8
7158724	42	RESP=2
7169888	42	STIM=q
7175423	42	RESP=1
7185896	42	STIM=0
7191859	42	RESP=2
7204586	42	STIM=e
7209123	42	RESP=1
7222758	42	STIM=t
7231685	42	RESP=1
7239082	42	STIM=u
7245330	42	RESP=1
7256780	42	STIM=5
7261594	42	RESP=2
7273173	42	STIM=b
7279089	42	RESP=1
7291945	42	STIM=x
7295047	42	RESP=1
7309137	42	STIM=x
7311853	42	RESP=1
7324292	42	STIM=s
7327400	42	RESP=1
7341610	42	STIM=f
7346498	42	RESP=1
7357504	42	STIM=j
7362925	42	RESP=1
7374014	42	STIM=k
7379110	42	RESP=1
7391700	42	STIM=w
7395712	42	RESP=1
7409506	42	STIM=s
7414579	42	RESP=1
7427269	42	STIM=f
7433479	42	RESP=1
7446130	42	STIM=s
7449387	42	RESP=1
7464282	42	STIM=6
7472772	42	RESP=2
7480991	42	STIM=q
7487559	42	RESP=1
7497102	42	STIM=s
7500765	42	RESP=1
7513892	42	STIM=h
7518266	42	RESP=1
7532463	42	STIM=s
7538160	42	RESP=1
7548894	42	STIM=3
7554275	42	RESP=2
7566123	42	STIM=j
7568929	42	RESP=1
7582979	42	STIM=f
7587853	42	RESP=1
7599727	42	STIM=f
7604196	42	RESP=1
7617086	42	STIM=u
7622768	42	RESP=2
7635831	42	STIM=q
7643852	42	RESP=1
7651516	42	STIM=m
7656100	42	RESP=1
7666888	42	STIM=i
7675164	42	RESP=1
7683676	42	STIM=s
7693819	42	RESP=1
7701088	42	STIM=v
7705776	42	RESP=1
7719598	42	STIM=f
7727866	42	RESP=1
7734858	42	STIM=e
7741479	42	RESP=1
7750313	42	STIM=v
7756446	42	RESP=1
7767942	42	STIM=2
7772421	42	RESP=2
7786033	42	STIM=9
7791570	42	RESP=2
7804115	42	STIM=j
7810082	42	RESP=1
7821113	42	STIM=z
7825783	42	RESP=1
7836305	42	STIM=4
7842118	42	RESP=2
7855183	42	STIM=f
7862103	42	RESP=1
7872161	42	STIM=m
7878517	42	RESP=1
7888044	42	STIM=n
7895587	42	RESP=1
7906348	42	STIM=q
7911125	42	RESP=1
7925322	42	STIM=c
7930304	42	RESP=1
7940823	42	STIM=f
7945148	42	RESP=1
7957230	42	STIM=l
7960306	42	RESP=1
7972345	42	STIM=s
7979433	42	RESP=1
7988447	42	STIM=n
7993502	42	RESP=1
8007163	42	STIM=p
8011421	42	RESP=1
8024608	42	STIM=8
8029577	42	RESP=1
8042797	42	STIM=m
8050063	42	RESP=1
8058032	42	STIM=8
8066167	42	RESP=2
8075216	42	STIM=4
8090177	42	RESP=2
8092908	42	STIM=l
8098483	42	RESP=1
8111901	42	STIM=f
8120016	42	RESP=1
8129977	42	STIM=0
8134684	42	RESP=2
8148248	42	STIM=j
8153998	42	RESP=1
8164925	42	STIM=l
8168577	42	RESP=1
8181257	42	STIM=r
8186997	42	RESP=1
8196802	42	STIM=d
8202200	42	RESP=1
8215727	42	STIM=b
8223665	42	RESP=1
8231987	42	STIM=0
8240159	42	RESP=2
8247056	42	STIM=v
8252562	42	RESP=1
8263610	42	STIM=c
8267307	42	RESP=1
8282310	42	STIM=z
8289500	42	RESP=1
8298690	42	STIM=1
8306016	42	RESP=1
8317216	42	STIM=q
8322104	42	RESP=1
8335597	42	STIM=s
8339414	42	RESP=1
8352280	42	STIM=b
8357687	42	RESP=1
8370123	42	STIM=r
8380081	42	RESP=1
8385898	42	STIM=7
8394236	42	RESP=2
8403939	42	STIM=5
8409501	42	RESP=1
8421928	42	STIM=n
8426783	42	RESP=1
8440523	42	STIM=s
8447749	42	RESP=1
8459482	42	STIM=z
8463630	42	RESP=1
8477567	42	STIM=c
8486386	42	RESP=1
8493431	42	STIM=q
8496985	42	RESP=1
8510487	42	STIM=r
8514391	42	RESP=1
8526042	42	STIM=l
8532834	42	RESP=1
8542105	42	STIM=b
8547720	42	RESP=1
8559063	42	STIM=8
8565913	42	RESP=2
8576801	42	STIM=e
8581227	42	RESP=1
8592998	42	STIM=d
8600291	42	RESP=1
8611142	42	STIM=3
8617854	42	RESP=2
8628895	42	STIM=t
8636533	42	RESP=1
8644099	42	STIM=i
8649199	42	RESP=1
8660680	42	STIM=b
8666192	42	RESP=1
8678813	42	STIM=o
8684743	42	RESP=2
8695234	42	STIM=z
8705210	42	RESP=1
8713185	42	STIM=q
8721909	42	RESP=1
8731388	42	STIM=i
8738893	42	RESP=1
8749895	42	STIM=a
8754896	42	RESP=1
8768405	42	STIM=t
8773333	42	RESP=1
8786575	42	STIM=l
8791506	42	RESP=1
8804678	42	STIM=f
8812642	42	RESP=1
8820389	42	STIM=n
8829994	42	RESP=1
8837634	42	STIM=d
8844904	42	RESP=1
8856236	42	STIM=z
8862264	42	RESP=1
8874728	42	STIM=m
8877971	42	RESP=1
8891751	42	STIM=o
8898660	42	RESP=1
8910441	42	STIM=c
8916898	42	RESP=1
8928098	42	STIM=3
8933844	42	RESP=2
8943145	42	STIM=z
8948453	42	RESP=1
8958318	42	STIM=c
8965673	42	RESP=1
8975807	42	STIM=a
8984982	42	RESP=1
8991251	42	STIM=2
8996075	42	RESP=2
9007992	42	STIM=3
9013609	42	RESP=2
9024069	42	STIM=7
9029028	42	RESP=2
9041325	42	STIM=f
9046790	42	RESP=1
9056658	42	STIM=n
9062773	42	RESP=1
9075640	42	STIM=f
9080967	42	RESP=1
9091536	42	STIM=l
9099436	42	RESP=1
9109036	42	STIM=y
9115147	42	RESP=1
9124210	42	STIM=p
9132739	42	RESP=1
9141980	42	STIM=r
9145362	42	RESP=1
9157260	42	STIM=p
9165376	42	RESP=1
9174007	42	STIM=2
9181654	42	RESP=2
9189298	42	STIM=v
9193795	42	RESP=1
9207367	42	STIM=g
9210852	42	RESP=1
9226261	42	STIM=8
9236240	42	RESP=2
9242475	42	STIM=o
9247160	42	RESP=1
9258561	42	STIM=1
9264181	42	RESP=2
9275198	42	STIM=h
9278167	42	RESP=1
9292154	42	STIM=k
9298429	42	RESP=1
9309431	42	STIM=p
9314074	42	RESP=1
9328152	42	STIM=2
9335052	42	RESP=2
9343581	42	STIM=g
9347589	42	RESP=1
9359940	42	STIM=c
9363964	42	RESP=1
9376831	42	STIM=m
9382497	42	RESP=1
9393208	42	STIM=s
9396898	42	RESP=1
9409411	42	STIM=a
9412550	42	RESP=1
9424512	42	STIM=i
9431597	42	RESP=1
9441504	42	STIM=u
9447697	42	RESP=1
9458838	42	STIM=r
9467623	42	RESP=1
9476078	42	STIM=6
9480839	42	RESP=2
9493228	42	STIM=y
9498521	42	RESP=1
9508247	42	STIM=j
9513470	42	RESP=2
9525499	42	STIM=w
9529419	42	RESP=1
9541456	42	STIM=o
9549111	42	RESP=1
9559038	42	STIM=a
9565079	42	RESP=1
9577734	42	STIM=k
9583301	42	RESP=1
9596113	42	STIM=f
9601029	42	RESP=1
9613771	42	STIM=5
9624278	42	RESP=1
9630926	42	STIM=v
9636594	42	RESP=1
9647703	42	STIM=q
9653207	42	RESP=1
9666514	42	STIM=q
9674860	42	RESP=1
9682216	42	STIM=2
9689998	42	RESP=1
9698456	42	STIM=0
9702874	42	RESP=2
9713594	42	STIM=v
9721659	42	RESP=1
9731391	42	STIM=n
9736523	42	RESP=1
9747069	42	STIM=2
9753878	42	RESP=2
9765523	42	STIM=w
9770435	42	RESP=1
9782089	42	STIM=g
9790684	42	RESP=1
9797707	42	STIM=f
9804076	42	RESP=1
9815453	42	STIM=q
9822881	42	RESP=1
9833904	42	STIM=6
9840217	42	RESP=2
9851029	42	STIM=p
9857370	42	RESP=1
9866157	42	STIM=1
9872045	42	RESP=2
9885010	42	STIM=4
9893057	42	RESP=2
9903101	42	STIM=2
9907071	42	RESP=2
9921219	42	STIM=j
9925267	42	RESP=1
9939088	42	STIM=t
9945798	42	RESP=1
9954294	42	STIM=e
9960998	42	RESP=1
9970433	42	STIM=f
9973278	42	RESP=1
9988081	42	STIM=s
9993713	42	RESP=1
10005219	42	STIM=b
10011871	42	RESP=1
10022688	42	STIM=1
10026823	42	RESP=2
10037907	42	STIM=y
10044825	42	RESP=1
10056274	42	STIM=n
10060968	42	RESP=1
10073155	42	STIM=q
10078815	42	RESP=1
10088279	42	STIM=a
10099126	42	RESP=1
10105584	42	STIM=8
10113135	42	RESP=2
10123011	42	STIM=u
10129008	42	RESP=1
10140026	42	STIM=d
10146084	42	RESP=1
10156851	42	STIM=g
10165865	42	RESP=1
10175401	42	STIM=q
10186870	42	RESP=1
10191883	42	STIM=m
10194578	42	RESP=1
10208575	42	STIM=1
10218856	42	RESP=2
10223818	42	STIM=c
10228641	42	RESP=1
10242756	42	STIM=9
10248366	42	RESP=2
10258523	42	STIM=x
10266285	42	RESP=1
10276578	42	STIM=j
10282930	42	RESP=2
10293858	42	STIM=v
10297351	42	RESP=1
10312105	42	STIM=x
10321232	42	RESP=1
10327184	42	STIM=o
10333629	42	RESP=1
10345337	42	STIM=h
10352088	42	RESP=1
10362034	42	STIM=t
10366709	42	RESP=1
10380729	42	STIM=1
10385178	42	RESP=2
10399603	42	STIM=v
10407463	42	RESP=1
10415972	42	STIM=6
10421647	42	RESP=2
10434305	42	STIM=z
10442087	42	RESP=1
10450312	42	STIM=0
10454548	42	RESP=2
10467363	42	STIM=n
10473020	42	RESP=1
10482451	42	STIM=y
10486750	42	RESP=1
10498306	42	STIM=2
10503737	42	RESP=2
10515743	42	STIM=s
10520197	42	RESP=1
10534546	42	STIM=r
10542942	42	RESP=1
10550415	42	STIM=y
10554696	42	RESP=1
10567169	42	STIM=y
10572413	42	RESP=1
10583208	42	STIM=b
10589864	42	RESP=1
10602179	42	STIM=b
10610478	42	RESP=1
10619291	42	STIM=y
10624628	42	RESP=1
10637791	42	STIM=b
10646244	42	RESP=2
10656763	42	STIM=t
10662520	42	RESP=1
10675128	42	STIM=d
10685447	42	RESP=1
10690547	42	STIM=h
10701736	42	RESP=1
10708476	42	STIM=z
10713103	42	RESP=1
10726867	42	STIM=j
10732163	42	RESP=1
10744679	42	STIM=f
10750148	42	RESP=1
10762955	42	STIM=l
10767777	42	RESP=1
10779865	42	STIM=i
10786907	42	RESP=1
10796180	42	STIM=g
10801415	42	RESP=1
10811259	42	STIM=d
10817859	42	RESP=1
10827396	42	STIM=w
10836181	42	RESP=1
10844218	42	STIM=g
10848205	42	RESP=1
10859721	42	STIM=f
10870099	42	RESP=1
10876026	42	STIM=e
10881261	42	RESP=1
10891204	42	STIM=4
10897604	42	RESP=2
10907209	42	STIM=q
10912590	42	RESP=1
10926163	42	STIM=g
10938236	42	RESP=1
10943734	42	STIM=i
10950364	42	RESP=1
10960768	42	STIM=4
10969492	42	RESP=2
10975879	42	STIM=l
10978843	42	RESP=1
10993350	42	STIM=t
10996452	42	RESP=1
11011210	42	STIM=q
11014888	42	RESP=1
11026890	42	STIM=c
11036400	42	RESP=1
11042943	42	STIM=p
11048787	42	RESP=1
11058039	42	STIM=r
11063768	42	RESP=2
11076242	42	STIM=8
11083904	42	RESP=2
11092747	42	STIM=3
11098491	42	RESP=1
11111480	42	STIM=7
11115966	42	RESP=2
11127669	42	STIM=v
11135705	42	RESP=1
11146321	42	STIM=w
11154774	42	RESP=1
11161844	42	STIM=m
11172515	42	RESP=1
11180609	42	STIM=q
11186115	42	RESP=1
11199037	42	STIM=0
11205454	42	RESP=1
11215777	42	STIM=r
11221839	42	RESP=1
11234093	42	STIM=i
11240750	42	RESP=1
11250182	42	STIM=g
11257439	42	RESP=1
11268945	42	STIM=y
11272391	42	RESP=1
11284857	42	STIM=s
11288457	42	RESP=1
11300285	42	STIM=i
11304367	42	RESP=2
11319093	42	STIM=9
11326094	42	RESP=2
11336557	42	STIM=0
11345358	42	RESP=2
11354323	42	STIM=o
11358771	42	RESP=1
11373106	42	STIM=7
11379675	42	RESP=2
11390552	42	STIM=e
11395858	42	RESP=1
11407343	42	STIM=n
11410384	42	RESP=1
11423418	42	STIM=9
11430760	42	RESP=2
11438650	42	STIM=k
11441868	42	RESP=1
11455367	42	STIM=5
11464159	42	RESP=2
11471732	42	STIM=8
11478078	42	RESP=1
11489566	42	STIM=v
11495820	42	RESP=1
11505554	42	STIM=s
11514087	42	RESP=1
11520812	42	STIM=d
11526826	42	RESP=2
11538076	42	STIM=a
11542808	42	RESP=1
11555948	42	STIM=2
11565756	42	RESP=2
11574504	42	STIM=z
11581476	42	RESP=1
11591540	42	STIM=h
11597844	42	RESP=1
11609715	42	STIM=a
11620250	42	RESP=1
11628652	42	STIM=i
11636119	42	RESP=1
11646188	42	STIM=d
11652290	42	RESP=1
11661574	42	STIM=4
11666545	42	RESP=1
11676727	42	STIM=q
11685513	42	RESP=1
11694497	42	STIM=c
11697167	42	RESP=1
11711214	42	STIM=m
11719610	42	RESP=1
11729913	42	STIM=e
11735011	42	RESP=1
11748513	42	STIM=w
11756107	42	RESP=1
11764505	42	STIM=s
11767257	42	RESP=1
11781747	42	STIM=7
11787913	42	RESP=2
11796977	42	STIM=r
11805079	42	RESP=1
11815149	42	STIM=h
11821946	42	RESP=1
11833893	42	STIM=f
11839399	42	RESP=2
11851903	42	STIM=j
11855775	42	RESP=1
11869516	42	STIM=m
11877529	42	RESP=1
11885764	42	STIM=i
11892579	42	RESP=1
11903243	42	STIM=m
11908235	42	RESP=1
11921907	42	STIM=q
11931864	42	RESP=1
11938979	42	STIM=j
11947491	42	RESP=1
11956397	42	STIM=e
11961543	42	RESP=1
11973979	42	STIM=b
11978106	42	RESP=1
11992275	42	STIM=x
11999018	42	RESP=2
12010562	42	STIM=v
12015318	42	RESP=1
12027482	42	STIM=z
12031986	42	RESP=1
12045852	42	STIM=x
12049196	42	RESP=1
12064610	42	STIM=z
12071032	42	RESP=1
12081661	42	STIM=b
12092084	42	RESP=1
12098462	42	STIM=a
12111400	42	RESP=1
12116131	42	STIM=g
12122437	42	RESP=1
12134184	42	STIM=g
12140216	42	RESP=1
12151750	42	STIM=m
12156166	42	RESP=1
12169006	42	STIM=s
12176102	42	RESP=1
12185994	42	STIM=q
12189883	42	RESP=1
12201817	42	STIM=p
12206097	42	RESP=1
12218431	42	STIM=y
12222861	42	RESP=1
12234003	42	STIM=y
12239861	42	RESP=1
12250065	42	STIM=s
12254839	42	RESP=1
12267136	42	STIM=z
12275218	42	RESP=1
12285045	42	STIM=8
12293810	42	RESP=1
12302770	42	STIM=w
12306245	42	RESP=1
12321430	42	STIM=9
12327285	42	RESP=2
12338245	42	STIM=u
12343095	42	RESP=1
12354012	42	STIM=e
12362439	42	RESP=1
12372280	42	STIM=o
12375668	42	RESP=1
12390471	42	STIM=0
12394819	42	RESP=2
12406121	42	STIM=b
12413047	42	RESP=1
12424691	42	STIM=t
12429276	42	RESP=1
12442693	42	STIM=b
12452727	42	RESP=1
12458279	42	STIM=t
12462322	42	RESP=1
12474847	42	STIM=n
12478902	42	RESP=1
12493320	42	STIM=i
12499219	42	RESP=1
12509760	42	STIM=o
12518552	42	RESP=1
12528210	42	STIM=m
12530531	42	RESP=1
12547103	42	STIM=c
12550651	42	RESP=2
12563015	42	STIM=q
12566522	42	RESP=1
12579246	42	STIM=m
12583577	42	RESP=1
12594540	42	STIM=b
12599405	42	RESP=2
12609573	42	STIM=4
12617933	42	RESP=2
12624736	42	STIM=n
12631639	42	RESP=1
12640457	42	STIM=o
12643549	42	RESP=1
12656020	42	STIM=r
12660875	42	RESP=1
12671542	42	STIM=4
12678885	42	RESP=2
12687479	42	STIM=y
12698366	42	RESP=1
12703382	42	STIM=j
12714611	42	RESP=1
12719333	42	STIM=p
12725349	42	RESP=1
12735801	42	STIM=u
12743545	42	RESP=1
12752255	42	STIM=p
12758001	42	RESP=1
12770207	42	STIM=y
12775017	42	RESP=1
12787020	42	STIM=g
12793639	42	RESP=1
12802983	42	STIM=2
12811359	42	RESP=2
12818281	42	STIM=a
12821970	42	RESP=1
12835662	42	STIM=m
12839713	42	RESP=1
12851105	42	STIM=3
12856467	42	RESP=2
12867245	42	STIM=u
12871499	42	RESP=1
12884702	42	STIM=5
12889194	42	RESP=2
12901585	42	STIM=l
12909572	42	RESP=1
12917642	42	STIM=v
12922739	42	RESP=1
12933944	42	STIM=0
12938410	42	RESP=2
12951307	42	STIM=g
12963643	42	RESP=2
12968123	42	STIM=q
12977175	42	RESP=1
12984903	42	STIM=8
12991882	42	RESP=2
13001679	42	STIM=v
13007353	42	RESP=1
13018092	42	STIM=3
13022406	42	RESP=2
13034314	42	STIM=u
13037219	42	RESP=1
13049833	42	STIM=g
13057613	42	RESP=1
13067878	42	STIM=o
13072080	42	RESP=1
13085071	42	STIM=x
13092089	42	RESP=1
13101478	42	STIM=9
13107113	42	RESP=1
13117739	42	STIM=f
13121095	42	RESP=1
13136632	42	STIM=1
13142606	42	RESP=2
13154436	42	STIM=3
13160452	42	RESP=2
13173217	42	STIM=3
13182340	42	RESP=2
13188320	42	STIM=p
13193634	42	RESP=1
13204480	42	STIM=j
13208022	42	RESP=1
13219487	42	STIM=v
13227178	42	RESP=1
13235013	42	STIM=p
13242644	42	RESP=1
13251836	42	STIM=9
13257419	42	RESP=2
13269936	42	STIM=8
13274830	42	RESP=2
13286529	42	STIM=4
13291515	42	RESP=2
13302461	42	STIM=z
13309118	42	RESP=2
13319000	42	STIM=o
13323228	42	RESP=1
13335556	42	STIM=l
13341112	42	RESP=1
13353085	42	STIM=1
13360733	42	RESP=2
13369122	42	STIM=j
13375486	42	RESP=1
13387035	42	STIM=l
13391871	42	RESP=1
13404312	42	STIM=4
13413776	42	RESP=2
13421849	42	STIM=j
13425832	42	RESP=1
13439821	42	STIM=m
13445631	42	RESP=1
13457060	42	STIM=s
13464031	42	RESP=2
13476053	42	STIM=g
13482350	42	RESP=1
13494050	42	STIM=d
13498872	42	RESP=1
13511000	42	STIM=c
13516216	42	RESP=1
13527111	42	STIM=6
13534180	42	RESP=2
13543371	42	STIM=p
13547053	42	RESP=1
13562031	42	STIM=k
13568599	42	RESP=1
13578450	42	STIM=w
13586161	42	RESP=1
13594097	42	STIM=i
13599607	42	RESP=1
13609184	42	STIM=v
13614070	42	RESP=2
13627787	42	STIM=8
13635034	42	RESP=2
13644764	42	STIM=0
13656048	42	RESP=1
13661814	42	STIM=t
13667654	42	RESP=2
13678247	42	STIM=j
13684933	42	RESP=1
13694923	42	STIM=w
13699935	42	RESP=1
13711654	42	STIM=8
13719052	42	RESP=2
13727325	42	STIM=z
13733449	42	RESP=1
13743879	42	STIM=u
13749552	42	RESP=1
13760620	42	STIM=b
13766178	42	RESP=1
13776577	42	STIM=t
13783938	42	RESP=2
13792439	42	STIM=h
13799131	42	RESP=1
13807896	42	STIM=k
13811961	42	RESP=1
13825951	42	STIM=4
13831293	42	RESP=2
13842581	42	STIM=e
13846669	42	RESP=1
13859454	42	STIM=o
13864625	42	RESP=1
13876903	42	STIM=y
13881154	42	RESP=1
13893394	42	STIM=m
13898903	42	RESP=1
13908462	42	STIM=6
13916053	42	RESP=2
13923477	42	STIM=r
13927645	42	RESP=1
13942046	42	STIM=r
13948358	42	RESP=1
13959038	42	STIM=z
13970493	42	RESP=1
13977675	42	STIM=g
13985543	42	RESP=1
13993501	42	STIM=p
14001373	42	RESP=1
14012244	42	STIM=e
14017914	42	RESP=1
14028624	42	STIM=m
14035026	42	RESP=1
14047060	42	STIM=3
14055242	42	RESP=1
14065751	42	STIM=n
14068961	42	RESP=1
14084064	42	STIM=p
14089001	42	RESP=1
14100434	42	STIM=p
14103365	42	RESP=1
14118945	42	STIM=r
14128126	42	RESP=2
14134496	42	STIM=e
14138825	42	RESP=1
14150796	42	STIM=f
14160325	42	RESP=1
14167634	42	STIM=1
14174666	42	RESP=2
14182660	42	STIM=d
14192475	42	RESP=1
14201635	42	STIM=5
14206637	42	RESP=2
14216749	42	STIM=u
14220826	42	RESP=1
14232741	42	STIM=u
14236594	42	RESP=2
14250996	42	STIM=k
14256575	42	RESP=1
14266272	42	STIM=v
14271247	42	RESP=1
14283334	42	STIM=n
14291804	42	RESP=1
14302012	42	STIM=c
14307562	42	RESP=1
14319254	42	STIM=r
14328031	42	RESP=1
14335015	42	STIM=d
14339800	42	RESP=1
14350541	42	STIM=1
14353813	42	RESP=2
14365809	42	STIM=m
14368289	42	RESP=1
14382044	42	STIM=s
14387432	42	RESP=1
14397821	42	STIM=3
14403431	42	RESP=2
14415518	42	STIM=v
14418267	42	RESP=1
14433852	42	STIM=k
14438837	42	RESP=1
14452649	42	STIM=5
14459598	42	RESP=1
14469381	42	STIM=j
14473512	42	RESP=2
14486323	42	STIM=t
14494229	42	RESP=1
14503220	42	STIM=h
14508571	42	RESP=1
14518498	42	STIM=u
14523690	42	RESP=1
14535868	42	STIM=h
14545453	42	RESP=2
14552571	42	STIM=h
14556416	42	RESP=2
14568130	42	STIM=5
14573778	42	RESP=2
14584424	42	STIM=e
14591029	42	RESP=1
14601923	42	STIM=z
14607694	42	RESP=1
14617997	42	STIM=k
14625953	42	RESP=1
14634721	42	STIM=t
14639786	42	RESP=1
14651808	42	STIM=b
14659643	42	RESP=1
14668522	42	STIM=u
14673863	42	RESP=1
14687175	42	STIM=t
14691895	42	RESP=1
14703797	42	STIM=2
14709478	42	RESP=1
14720388	42	STIM=w
14729954	42	RESP=1
14738424	42	STIM=u
14743410	42	RESP=1
14754343	42	STIM=f
14758450	42	RESP=1
14772703	42	STIM=w
14778163	42	RESP=1
14791433	42	STIM=x
14794376	42	RESP=1
14809193	42	STIM=v
14813956	42	RESP=1
14827477	42	STIM=v
14832703	42	RESP=1
14845914	42	STIM=e
14853071	42	RESP=1
14863919	42	STIM=y
14869727	42	RESP=1
14882087	42	STIM=y
14887641	42	RESP=1
14900559	42	STIM=1
14906681	42	RESP=2
14917107	42	STIM=c
14924483	42	RESP=1
14935924	42	STIM=f
14944447	42	RESP=1
14951944	42	STIM=x
14956617	42	RESP=1
14970012	42	STIM=m
14978773	42	RESP=1
14986977	42	STIM=i
14992388	42	RESP=1
15004970	42	STIM=j
15012146	42	RESP=1
15020628	42	STIM=z
15026159	42	RESP=1
15038593	42	STIM=z
15045271	42	RESP=1
15057473	42	STIM=v
15061120	42	RESP=1
15072826	42	STIM=x
15076437	42	RESP=1
15089914	42	STIM=i
15092664	42	RESP=2
15108900	42	STIM=9
15116659	42	RESP=2
15125404	42	STIM=p
15131242	42	RESP=1
15143193	42	STIM=4
15149098	42	RESP=2
15160937	42	STIM=e
15165272	42	RESP=1
15178282	42	STIM=v
15183178	42	RESP=2
15196581	42	STIM=d
15200977	42	RESP=1
15212630	42	STIM=g
15217233	42	RESP=1
15229406	42	STIM=w
15234935	42	RESP=1
15244800	42	STIM=8
15248857	42	RESP=2
15263656	42	STIM=e
15267107	42	RESP=1
15280530	42	STIM=k
15285757	42	RESP=1
15295554	42	STIM=4
15300523	42	RESP=2
15311982	42	STIM=a
15316938	42	RESP=1
15328875	42	STIM=x
15333811	42	RESP=1
15345710	42	STIM=u
15348847	42	RESP=1
15362049	42	STIM=f
15366710	42	RESP=1
15377949	42	STIM=v
15385739	42	RESP=1
15396754	42	STIM=e
15401835	42	RESP=1
15412722	42	STIM=h
15417855	42	RESP=1
15429588	42	STIM=x
15435218	42	RESP=1
15444596	42	STIM=8
15448432	42	RESP=2
15461659	42	STIM=f
15467205	42	RESP=2
15477812	42	STIM=x
15480563	42	RESP=1
15493707	42	STIM=e
15498287	42	RESP=1
15510157	42	STIM=g
15520294	42	RESP=1
15527954	42	STIM=x
15534128	42	RESP=1
15544997	42	STIM=e
15557290	42	RESP=1
15561155	42	STIM=9
15568007	42	RESP=2
15576254	42	STIM=v
15584714	42	RESP=1
15595080	42	STIM=4
15600403	42	RESP=2
15612309	42	STIM=p
15620686	42	RESP=1
15628211	42	STIM=6
15634516	42	RESP=2
15644993	42	STIM=2
15648965	42	RESP=2
15661204	42	STIM=k
15664190	42	RESP=2
15676648	42	STIM=9
15681830	42	RESP=2
15695442	42	STIM=t
15700453	42	RESP=1
15711483	42	STIM=v
15715473	42	RESP=2
15729845	42	STIM=i
15734739	42	RESP=1
15747632	42	STIM=3
15753263	42	RESP=2
15765927	42	STIM=p
15775084	42	RESP=1
15783906	42	STIM=f
15792584	42	RESP=1
15800602	42	STIM=l
15807427	42	RESP=2
15816209	42	STIM=f
15820145	42	RESP=1
15831621	42	STIM=b
15838440	42	RESP=1
15849203	42	STIM=q
15853135	42	RESP=1
15866678	42	STIM=l
15874763	42	RESP=1
15882414	42	STIM=s
15891316	42	RESP=1
15901370	42	STIM=2
15909856	42	RESP=2
15917902	42	STIM=j
15925698	42	RESP=1
15936783	42	STIM=j
15940778	42	RESP=1
15953682	42	STIM=k
15961159	42	RESP=1
15970543	42	STIM=p
15974762	42	RESP=1
15987141	42	STIM=q
15991750	42	RESP=1
16005105	42	STIM=t
16012813	42	RESP=1
16020303	42	STIM=1
16029438	42	RESP=2
16036306	42	STIM=6
16042605	42	RESP=2
16052535	42	STIM=5
16062169	42	RESP=2
16070441	42	STIM=a
16076031	42	RESP=1
16086671	42	STIM=9
16091553	42	RESP=2
16104552	42	STIM=m
16110445	42	RESP=1
16122251	42	STIM=t
16127346	42	RESP=1
16138069	42	STIM=7
16144375	42	RESP=2
16154995	42	STIM=p
16160515	42	RESP=1
16172366	42	STIM=m
16178759	42	RESP=1
16187798	42	STIM=z
16193491	42	RESP=1
16206137	42	STIM=1
16212420	42	RESP=2
16224908	42	STIM=q
16235251	42	RESP=1
16240722	42	STIM=7
16247016	42	RESP=2
16256325	42	STIM=3
16263686	42	RESP=2
16271506	42	STIM=i
16275475	42	RESP=1
16287356	42	STIM=s
16292762	42	RESP=1
16304419	42	STIM=m
16307499	42	RESP=1
16320082	42	STIM=w
16324983	42	RESP=1
16338064	42	STIM=m
16345092	42	RESP=1
16354962	42	STIM=a
16358540	42	RESP=1
16371793	42	STIM=b
16377172	42	RESP=2
16386887	42	STIM=o
16393220	42	RESP=1
16403508	42	STIM=4
16409580	42	RESP=1
16422257	42	STIM=b
16427515	42	RESP=1
16439592	42	STIM=s
16446896	42	RESP=2
16458408	42	STIM=m
16462350	42	RESP=1
16476431	42	STIM=z
16484988	42	RESP=1
16492411	42	STIM=g
16500909	42	RESP=1
16510913	42	STIM=o
16514226	42	RESP=1
16529199	42	STIM=8
16540164	42	RESP=2
16544266	42	STIM=2
16549356	42	RESP=1
16560955	42	STIM=i
16572740	42	RESP=1
16576771	42	STIM=8
16586416	42	RESP=2
16591918	42	STIM=m
16597433	42	RESP=1
16610465	42	STIM=t
16615920	42	RESP=1
16629147	42	STIM=u
16635110	42	RESP=1
16644656	42	STIM=n
16649776	42	RESP=1
16661905	42	STIM=i
16667787	42	RESP=1
16679330	42	STIM=o
16683486	42	RESP=1
16697502	42	STIM=2
16701397	42	RESP=2
16713702	42	STIM=6
16721319	42	RESP=2
16731968	42	STIM=i
16735579	42	RESP=1
16747080	42	STIM=z
16751654	42	RESP=1
16763091	42	STIM=r
16767645	42	RESP=1
16779692	42	STIM=p
16786718	42	RESP=1
16796185	42	STIM=b
16798764	42	RESP=1
16815143	42	STIM=7
16819809	42	RESP=2
16831145	42	STIM=t
16835525	42	RESP=1
16848166	42	STIM=i
16855678	42	RESP=1
16866577	42	STIM=q
16874149	42	RESP=1
16882603	42	STIM=c
16886065	42	RESP=1
16900010	42	STIM=p
16904462	42	RESP=1
16915150	42	STIM=0
16919755	42	RESP=2
16934132	42	STIM=a
16937605	42	RESP=1
16950586	42	STIM=f
16955379	42	RESP=1
16965820	42	STIM=0
16971009	42	RESP=2
16983125	42	STIM=s
16988769	42	RESP=1
17000353	42	STIM=d
17007095	42	RESP=1
17019046	42	STIM=n
17028952	42	RESP=1
17034587	42	STIM=2
17043106	42	RESP=2
17051893	42	STIM=n
17055890	42	RESP=1
17069948	42	STIM=u
17075645	42	RESP=1
17086899	42	STIM=z
17092830	42	RESP=1
17103466	42	STIM=h
17110535	42	RESP=1
17120150	42	STIM=z
17126139	42	RESP=1
17137087	42	STIM=4
17142670	42	RESP=2
17153480	42	STIM=r
17159126	42	RESP=1
17170343	42	STIM=2
17176226	42	RESP=2
17185408	42	STIM=e
17191471	42	RESP=1
17202777	42	STIM=r
17209741	42	RESP=1
17219161	42	STIM=s
17225099	42	RESP=1
17235953	42	STIM=0
17252709	42	RESP=2
17252809	42	STIM=a
17257084	42	RESP=1
17268274	42	STIM=f
17274155	42	RESP=1
17287262	42	STIM=7
17292440	42	RESP=2
17302969	42	STIM=0
17307215	42	RESP=2
17319807	42	STIM=f
17327456	42	RESP=1
17336637	42	STIM=k
17341929	42	RESP=1
17355576	42	STIM=z
17359589	42	RESP=1
17373080	42	STIM=b
17377852	42	RESP=1
17391773	42	STIM=v
17399540	42	RESP=1
17408081	42	STIM=i
17416919	42	RESP=1
17426327	42	STIM=y
17430659	42	RESP=1
17444520	42	STIM=i
17451202	42	RESP=1
17459676	42	STIM=r
17464894	42	RESP=1
17478669	42	STIM=j
17482771	42	RESP=1
17494618	42	STIM=r
17500245	42	RESP=1
17512420	42	STIM=d
17516450	42	RESP=1
17527657	42	STIM=a
17531138	42	RESP=1
17544700	42	STIM=k
17549816	42	RESP=1
17561869	42	STIM=9
17567193	42	RESP=2
17576983	42	STIM=e
17582740	42	RESP=1
17592171	42	STIM=x
17598120	42	RESP=1
17609288	42	STIM=a
17614158	42	RESP=1
17624527	42	STIM=p
17628831	42	RESP=1
17639813	42	STIM=7
17646929	42	RESP=2
17657490	42	STIM=c
17662071	42	RESP=1
17672689	42	STIM=e
17683317	42	RESP=1
17688389	42	STIM=r
17696473	42	RESP=1
17705504	42	STIM=w
17711765	42	RESP=1
17724201	42	STIM=e
17731079	42	RESP=1
17741084	42	STIM=z
17745344	42	RESP=1
17756876	42	STIM=8
17762550	42	RESP=2
17772849	42	STIM=9
17779219	42	RESP=2
17789845	42	STIM=2
17798312	42	RESP=2
17805310	42	STIM=i
17810638	42	RESP=1
17823451	42	STIM=p
17827481	42	RESP=1
17842045	42	STIM=1
17846297	42	RESP=1
17860886	42	STIM=j
17864572	42	RESP=1
17876616	42	STIM=i
17882492	42	RESP=2
17894903	42	STIM=p
17899475	42	RESP=1
17911431	42	STIM=v
17919967	42	RESP=1
17929339	42	STIM=l
17936053	42	RESP=1
17944438	42	STIM=b
17954023	42	RESP=1
17963379	42	STIM=e
17969453	42	RESP=1
17981402	42	STIM=b
17985536	42	RESP=1
17996557	42	STIM=o
18001031	42	RESP=1
18015415	42	STIM=x
18022106	42	RESP=1
18032984	42	STIM=h
18040951	42	RESP=1
18049664	42	STIM=g
18053229	42	RESP=1
18066173	42	STIM=e
18069174	42	RESP=1
18082513	42	STIM=i
18087104	42	RESP=1
18098136	42	STIM=b
18102504	42	RESP=1
18113874	42	STIM=a
18116998	42	RESP=1
18132860	42	STIM=l
18138807	42	RESP=1
18149029	42	STIM=n
18153605	42	RESP=1
18165129	42	STIM=2
18171933	42	RESP=2
18183278	42	STIM=x
18186911	42	RESP=1
18199788	42	STIM=i
18204575	42	RESP=1
18216512	42	STIM=z
18224701	42	RESP=1
18233011	42	STIM=7
18238305	42	RESP=2
18251415	42	STIM=m
18256679	42	RESP=1
18266476	42	STIM=n
18271317	42	RESP=1
18285258	42	STIM=h
18291304	42	RESP=1
18300982	42	STIM=a
18313471	42	RESP=1
18317068	42	STIM=t
18321773	42	RESP=1
18332901	42	STIM=u
18336203	42	RESP=1
18349803	42	STIM=l
18360927	42	RESP=2
18365805	42	STIM=t
18370515	42	RESP=1
18381341	42	STIM=j
18386849	42	RESP=1
18396616	42	STIM=v
18400976	42	RESP=1
18414033	42	STIM=7
18420613	42	RESP=2
18429771	42	STIM=c
18432752	42	RESP=1
18444946	42	STIM=b
18453913	42	RESP=1
18460857	42	STIM=x
18465360	42	RESP=1
18479532	42	STIM=q
18488042	42	RESP=1
18497508	42	STIM=k
18501857	42	RESP=1
18516034	42	STIM=w
18521176	42	RESP=1
18533669	42	STIM=1
18538742	42	RESP=2
18551238	42	STIM=m
18556645	42	RESP=1
18568183	42	STIM=k
18573187	42	RESP=1
18586284	42	STIM=6
18595260	42	RESP=2
18602100	42	STIM=s
18608560	42	RESP=1
18617569	42	STIM=f
18629811	42	RESP=1
18635708	42	STIM=f
18639323	42	RESP=1
18651528	42	STIM=y
18655432	42	RESP=1
18668179	42	STIM=5
18674623	42	RESP=2
18683946	42	STIM=w
18688505	42	RESP=1
18701296	42	STIM=s
18705159	42	RESP=1
18719014	42	STIM=y
18721962	42	RESP=1
18735399	42	STIM=0
18745493	42	RESP=2
18751440	42	STIM=7
18757621	42	RESP=2
18770366	42	STIM=h
18780122	42	RESP=1
18787645	42	STIM=t
18794342	42	RESP=1
18804273	42	STIM=6
18810936	42	RESP=2
18821401	42	STIM=r
18829421	42	RESP=1
18840231	42	STIM=3
18844657	42	RESP=2
18855871	42	STIM=c
18859656	42	RESP=1
18874216	42	STIM=e
18880415	42	RESP=1
18890640	42	STIM=z
18899654	42	RESP=1
18908945	42	STIM=h
18917276	42	RESP=1
18924455	42	STIM=1
18929970	42	RESP=2
18942655	42	STIM=m
18949540	42	RESP=1
18959351	42	STIM=x
18961900	42	RESP=2
18977635	42	STIM=b
18981883	42	RESP=1
18993452	42	STIM=f
18997345	42	RESP=1
19008685	42	STIM=d
19013829	42	RESP=2
19026162	42	STIM=f
19031411	42	RESP=1
19042630	42	STIM=r
19046154	42	RESP=1
19059126	42	STIM=j
19065432	42	RESP=1
19074737	42	STIM=z
19079377	42	RESP=1
19091883	42	STIM=1
19098100	42	RESP=2
19110744	42	STIM=2
19115970	42	RESP=2
19128269	42	STIM=h
19134638	42	RESP=1
19145748	42	STIM=l
19150996	42	RESP=1
19161748	42	STIM=y
19164740	42	RESP=1
19179379	42	STIM=3
19186558	42	RESP=2
19197759	42	STIM=x
19205803	42	RESP=1
19212924	42	STIM=e
19220255	42	RESP=1
19229695	42	STIM=k
19233856	42	RESP=1
19246115	42	STIM=q
19252893	42	RESP=1
19262326	42	STIM=i
19266756	42	RESP=1
19278665	42	STIM=e
19285407	42	RESP=1
19294872	42	STIM=4
19303964	42	RESP=2
19313497	42	STIM=x
19318907	42	RESP=2
19331417	42	STIM=8
19337721	42	RESP=1
19350217	42	STIM=5
19356362	42	RESP=2
19366564	42	STIM=q
19371123	42	RESP=1
19384637	42	STIM=l
19391356	42	RESP=1
19400527	42	STIM=8
19404738	42	RESP=2
19417059	42	STIM=a
19422633	42	RESP=1
19434927	42	STIM=t
19441634	42	RESP=1
19451500	42	STIM=y
19455883	42	RESP=1
19470091	42	STIM=2
19476282	42	RESP=2
19489013	42	STIM=m
19493976	42	RESP=1
19504234	42	STIM=5
19510459	42	RESP=1
19520073	42	STIM=6
19526735	42	RESP=2
19538150	42	STIM=6
19543650	42	RESP=2
19554135	42	STIM=z
19557539	42	RESP=1
19572405	42	STIM=m
19577483	42	RESP=1
19589369	42	STIM=j
19595805	42	RESP=1
19605509	42	STIM=6
19611727	42	RESP=2
19623748	42	STIM=k
19627601	42	RESP=1
19642665	42	STIM=o
19646842	42	RESP=1
19660397	42	STIM=x
19663522	42	RESP=2
19678543	42	STIM=t
19687705	42	RESP=1
19694364	42	STIM=w
19697956	42	RESP=1
19711254	42	STIM=a
19720344	42	RESP=1
19729186	42	STIM=g
19734890	42	RESP=1
19747885	42	STIM=r
19752850	42	RESP=1
19762905	42	STIM=6
19773582	42	RESP=2
19778538	42	STIM=k
19786226	42	RESP=1
19796553	42	STIM=9
19803759	42	RESP=2
19814006	42	STIM=y
19818765	42	RESP=1
19830348	42	STIM=q
19835809	42	RESP=1
19848617	42	STIM=p
19853957	42	RESP=1
19866983	42	STIM=d
19871615	42	RESP=1
19884259	42	STIM=5
19890655	42	RESP=2
19899512	42	STIM=o
19906471	42	RESP=1
19914820	42	STIM=h
19920586	42	RESP=2
19931557	42	STIM=5
19937559	42	RESP=1
19946758	42	STIM=x
19954240	42	RESP=1
19962193	42	STIM=e
19966583	42	RESP=1
19977927	42	STIM=z
19981077	42	RESP=1
19994424	42	STIM=j
20001229	42	RESP=1
20012341	42	STIM=y
20019742	42	RESP=1
20027487	42	STIM=c
20033318	42	RESP=1
20045789	42	STIM=b
20049983	42	RESP=1
20062652	42	STIM=m
20071583	42	RESP=2
20081252	42	STIM=v
20085933	42	RESP=1
20096756	42	STIM=7
20101696	42	RESP=2
20113492	42	STIM=5
20119919	42	RESP=2
20132099	42	STIM=6
20137242	42	RESP=2
20147377	42	STIM=1
20152034	42	RESP=2
20164410	42	STIM=m
20169554	42	RESP=1
20182464	42	STIM=e
20186227	42	RESP=1
20200347	42	STIM=9
20208293	42	RESP=2
20215850	42	STIM=z
20222961	42	RESP=1
20233504	42	STIM=y
20242387	42	RESP=1
20249986	42	STIM=z
20253933	42	RESP=1
20266221	42	STIM=s
20270438	42	RESP=1
20282306	42	STIM=z
20286775	42	RESP=1
20300094	42	STIM=y
20308253	42	RESP=1
20318711	42	STIM=e
20323459	42	RESP=1
20336145	42	STIM=e
20340762	42	RESP=2
20351205	42	STIM=x
20355988	42	RESP=1
20367870	42	STIM=7
20374175	42	RESP=2
20384961	42	STIM=b
20392155	42	RESP=1
20401701	42	STIM=e
20407873	42	RESP=1
20420607	42	STIM=v
20424168	42	RESP=1
20435713	42	STIM=d
20442874	42	RESP=1
20453248	42	STIM=g
20459794	42	RESP=2
20469381	42	STIM=n
20475008	42	RESP=1
20487127	42	STIM=q
20495904	42	RESP=1
20503528	42	STIM=o
20508087	42	RESP=1
20520656	42	STIM=n
20525245	42	RESP=1
20536422	42	STIM=p
20540818	42	RESP=1
20551813	42	STIM=2
20557952	42	RESP=2
20567579	42	STIM=i
20573561	42	RESP=2
20585271	42	STIM=q
20591626	42	RESP=1
20601277	42	STIM=n
20609296	42	RESP=1
20618977	42	STIM=i
20622642	42	RESP=1
20634238	42	STIM=l
20639450	42	RESP=1
20652975	42	STIM=p
20658482	42	RESP=1
20670468	42	STIM=t
20674123	42	RESP=1
20686452	42	STIM=4
20692406	42	RESP=2
20701831	42	STIM=c
20706051	42	RESP=1
20719443	42	STIM=m
20726248	42	RESP=1
20737856	42	STIM=a
20740310	42	RESP=1
20755753	42	STIM=o
20758905	42	RESP=1
20773509	42	STIM=f
20778261	42	RESP=1
20792192	42	STIM=l
20795444	42	RESP=1
20808061	42	STIM=q
20811729	42	RESP=1
20823817	42	STIM=t
20827738	42	RESP=1
20839808	42	STIM=h
20844501	42	RESP=1
20855727	42	STIM=v
20858583	42	RESP=1
20873688	42	STIM=g
20879090	42	RESP=1
20892320	42	STIM=f
20900172	42	RESP=1
20907689	42	STIM=f
20913435	42	RESP=1
20926476	42	STIM=1
20931360	42	RESP=2
20943294	42	STIM=m
20949947	42	RESP=1
20959551	42	STIM=3
20967937	42	RESP=2
20978397	42	STIM=j
20984819	42	RESP=1
20995939	42	STIM=f
21000473	42	RESP=1
21012723	42	STIM=p
21019838	42	RESP=1
21031302	42	STIM=d
21035349	42	RESP=1
21047291	42	STIM=i
21050971	42	RESP=1
21064235	42	STIM=c
21066914	42	RESP=1
21082144	42	STIM=l
21086611	42	RESP=1
21099308	42	STIM=z
21106712	42	RESP=1
21115661	42	STIM=l
21122126	42	RESP=1
21133123	42	STIM=h
21136110	42	RESP=1
21149575	42	STIM=8
21154311	42	RESP=2
21166136	42	STIM=r
21174646	42	RESP=1
21181326	42	STIM=j
21187354	42	RESP=1
21196327	42	STIM=u
21201740	42	RESP=1
21213868	42	STIM=2
21219192	42	RESP=2
21230657	42	STIM=4
21238621	42	RESP=2
21245962	42	STIM=f
21252666	42	RESP=1
21262059	42	STIM=h
21268929	42	RESP=1
21277391	42	STIM=7
21282609	42	RESP=2
21293286	42	STIM=j
21300221	42	RESP=1
21309604	42	STIM=i
21313715	42	RESP=1
21325018	42	STIM=h
21334003	42	RESP=1
21343840	42	STIM=v
21349636	42	RESP=1
21359234	42	STIM=3
21363210	42	RESP=2
21378195	42	STIM=w
21382216	42	RESP=1
21394015	42	STIM=m
21399438	42	RESP=1
21411348	42	STIM=r
21417965	42	RESP=1
21428790	42	STIM=i
21436164	42	RESP=1
21446257	42	STIM=s
21452835	42	RESP=1
21462905	42	STIM=o
21466798	42	RESP=1
21480702	42	STIM=k
21486706	42	RESP=1
21496718	42	STIM=r
21502436	42	RESP=1
21512399	42	STIM=h
21518469	42	RESP=1
21527679	42	STIM=p
21534238	42	RESP=1
21544997	42	STIM=5
21550051	42	RESP=1
21562853	42	STIM=3
21570531	42	RESP=2
21578048	42	STIM=v
21581352	42	RESP=1
21593975	42	STIM=6
21600853	42	RESP=2
21611963	42	STIM=r
21619716	42	RESP=1
21629539	42	STIM=g
21636879	42	RESP=1
21647295	42	STIM=v
21651434	42	RESP=1
21662326	42	STIM=n
21673483	42	RESP=1
21677599	42	STIM=y
21682944	42	RESP=2
21693076	42	STIM=i
21696828	42	RESP=1
21709572	42	STIM=u
21714897	42	RESP=1
21727859	42	STIM=x
21732632	42	RESP=1
21744907	42	STIM=z
21751238	42	RESP=1
