# Original filename: 0058_NKR_2017-03-23.log
# Time unit: 100 us
# RARECAT=digit
#
# Time	HHGG	Event
34951	42	STIM=q
38444	42	RESP=1
52404	42	STIM=q
56464	42	RESP=1
67768	42	STIM=z
73846	42	RESP=1
86365	42	STIM=j
91269	42	RESP=1
103046	42	STIM=i
109895	42	RESP=1
120467	42	STIM=4
125670	42	RESP=2
136997	42	STIM=o
142619	42	RESP=1
155539	42	STIM=i
160398	42	RESP=1
173191	42	STIM=g
179607	42	RESP=1
190613	42	STIM=k
197246	42	RESP=1
207153	42	STIM=s
210622	42	RESP=1
224411	42	STIM=6
233747	42	RESP=2
240965	42	STIM=w
245702	42	RESP=1
259146	42	STIM=0
263623	42	RESP=2
274880	42	STIM=e
281042	42	RESP=1
293253	42	STIM=f
297891	42	RESP=1
308673	42	STIM=k
317171	42	RESP=1
326328	42	STIM=h
332587	42	RESP=1
343527	42	STIM=w
349706	42	RESP=1
362143	42	STIM=h
366439	42	RESP=1
379166	42	STIM=m
384596	42	RESP=1
397639	42	STIM=r
401692	42	RESP=1
413392	42	STIM=r
418717	42	RESP=2
431874	42	STIM=g
435848	42	RESP=1
448190	42	STIM=8
459689	42	RESP=2
464500	42	STIM=q
469619	42	RESP=1
480065	42	STIM=8
483861	42	RESP=2
498458	42	STIM=x
501153	42	RESP=1
514953	42	STIM=d
521574	42	RESP=1
532165	42	STIM=v
538320	42	RESP=2
547531	42	STIM=b
551344	42	RESP=1
565097	42	STIM=m
568850	42	RESP=1
583672	42	STIM=l
589064	42	RESP=1
602524	42	STIM=0
608537	42	RESP=2
619301	42	STIM=a
623597	42	RESP=1
634396	42	STIM=w
639640	42	RESP=1
650599	42	STIM=g
656919	42	RESP=1
667166	42	STIM=p
671063	42	RESP=1
685070	42	STIM=u
688099	42	RESP=1
703902	42	STIM=x
710102	42	RESP=1
721898	42	STIM=v
726741	42	RESP=1
739392	42	STIM=j
743598	42	RESP=1
757721	42	STIM=w
763837	42	RESP=1
775958	42	STIM=4
782448	42	RESP=2
793346	42	STIM=1
803427	42	RESP=2
811868	42	STIM=k
816603	42	RESP=1
830017	42	STIM=5
837685	42	RESP=1
846961	42	STIM=m
854921	42	RESP=1
862225	42	STIM=7
868612	42	RESP=2
879643	42	STIM=7
892132	42	RESP=2
898025	42	STIM=4
904841	42	RESP=1
916568	42	STIM=n
920002	42	RESP=1
933206	42	STIM=e
936319	42	RESP=1
950940	42	STIM=8
958019	42	RESP=2
966198	42	STIM=j
971499	42	RESP=1
981244	42	STIM=9
988486	42	RESP=2
998846	42	STIM=f
1002252	42	RESP=1
1015377	42	STIM=0
1020988	42	RESP=2
1033504	42	STIM=n
1038026	42	RESP=1
1050036	42	STIM=5
1055191	42	RESP=2
1067356	42	STIM=j
1071481	42	RESP=1
1085258	42	STIM=e
1089331	42	RESP=1
1101065	42	STIM=k
1109838	42	RESP=1
1119749	42	STIM=c
1124746	42	RESP=1
1138130	42	STIM=b
1145798	42	RESP=1
1153372	42	STIM=m
1158781	42	RESP=1
1172300	42	STIM=2
1182246	42	RESP=2
1190021	42	STIM=f
1193917	42	RESP=2
1206054	42	STIM=7
1213449	42	RESP=2
1221522	42	STIM=7
1227308	42	RESP=2
1238550	42	STIM=q
1242392	42	RESP=1
1254432	42	STIM=9
1260631	42	RESP=2
1272322	42	STIM=e
1281917	42	RESP=1
1288354	42	STIM=i
1295177	42	RESP=1
1306746	42	STIM=6
1314302	42	RESP=2
1322711	42	STIM=h
1325651	42	RESP=1
1339233	42	STIM=k
1344655	42	RESP=1
1356100	42	STIM=g
1359836	42	RESP=1
1371275	42	STIM=t
1378019	42	RESP=1
1387634	42	STIM=v
1392699	42	RESP=2
1406066	42	STIM=3
1413743	42	RESP=2
1423260	42	STIM=k
1430093	42	RESP=1
1438850	42	STIM=0
1444434	42	RESP=2
1453891	42	STIM=n
1460779	42	RESP=1
1471784	42	STIM=j
1477150	42	RESP=1
1488853	42	STIM=w
1494765	42	RESP=1
1504270	42	STIM=2
1510505	42	RESP=2
1522831	42	STIM=v
1526994	42	RESP=1
1538876	42	STIM=l
1548006	42	RESP=1
1553886	42	STIM=g
1561497	42	RESP=1
1569854	42	STIM=y
1574221	42	RESP=1
1588622	42	STIM=e
1591426	42	RESP=1
1606771	42	STIM=7
1613298	42	RESP=1
1624552	42	STIM=g
1631783	42	RESP=1
1641233	42	STIM=a
1648893	42	RESP=1
1659233	42	STIM=s
1666440	42	RESP=1
1677586	42	STIM=l
1681574	42	RESP=1
1695923	42	STIM=o
1702066	42	RESP=1
1714123	42	STIM=n
1718502	42	RESP=1
1730679	42	STIM=i
1736722	42	RESP=1
1746877	42	STIM=h
1751852	42	RESP=1
1763180	42	STIM=u
1771517	42	RESP=1
1780369	42	STIM=g
1785360	42	RESP=1
1798306	42	STIM=v
1807819	42	RESP=1
1816981	42	STIM=j
1825235	42	RESP=1
1833885	42	STIM=j
1840789	42	RESP=1
1851562	42	STIM=d
1855214	42	RESP=1
1869991	42	STIM=u
1874334	42	RESP=1
1886305	42	STIM=g
1893334	42	RESP=1
1901649	42	STIM=k
1909043	42	RESP=1
1919317	42	STIM=v
1922762	42	RESP=1
1936860	42	STIM=x
1945901	42	RESP=1
1953586	42	STIM=l
1958420	42	RESP=1
1972508	42	STIM=b
1979428	42	RESP=1
1990892	42	STIM=t
1995597	42	RESP=2
2006791	42	STIM=y
2013537	42	RESP=1
2024532	42	STIM=r
2029799	42	RESP=1
2040257	42	STIM=7
2045777	42	RESP=1
2057625	42	STIM=b
2063533	42	RESP=1
2074386	42	STIM=3
2080302	42	RESP=2
2091635	42	STIM=o
2094824	42	RESP=1
2110176	42	STIM=9
2119978	42	RESP=1
2126454	42	STIM=e
2131247	42	RESP=1
2142015	42	STIM=1
2147802	42	RESP=2
2159076	42	STIM=n
2165623	42	RESP=1
2177644	42	STIM=d
2184428	42	RESP=1
2194304	42	STIM=q
2197058	42	RESP=1
2212411	42	STIM=a
2221904	42	RESP=1
2230160	42	STIM=m
2235305	42	RESP=1
2245166	42	STIM=d
2249706	42	RESP=1
2263342	42	STIM=g
2268458	42	RESP=1
2280809	42	STIM=6
2286742	42	RESP=2
2299340	42	STIM=2
2304979	42	RESP=2
2316079	42	STIM=e
2320664	42	RESP=1
2334269	42	STIM=c
2339238	42	RESP=1
2351664	42	STIM=t
2356823	42	RESP=1
2370070	42	STIM=p
2374409	42	RESP=1
2385314	42	STIM=7
2395794	42	RESP=2
2402267	42	STIM=y
2406815	42	RESP=1
2417693	42	STIM=g
2422329	42	RESP=1
2435055	42	STIM=u
2439570	42	RESP=1
2453464	42	STIM=x
2473614	42	RESP=1
2473714	42	STIM=s
2478120	42	RESP=1
2491199	42	STIM=x
2493784	42	RESP=1
2510088	42	STIM=6
2520349	42	RESP=2
2527272	42	STIM=g
2533122	42	RESP=1
2544719	42	STIM=i
2556042	42	RESP=1
2563487	42	STIM=h
2567753	42	RESP=1
2579565	42	STIM=w
2585779	42	RESP=1
2594905	42	STIM=h
2599163	42	RESP=1
2613515	42	STIM=3
2619737	42	RESP=2
2632124	42	STIM=k
2636595	42	RESP=1
2648775	42	STIM=j
2653254	42	RESP=1
2666778	42	STIM=q
2670808	42	RESP=1
2682142	42	STIM=a
2696247	42	RESP=1
2699122	42	STIM=u
2704814	42	RESP=1
2714481	42	STIM=4
2720158	42	RESP=2
2732484	42	STIM=2
2738542	42	RESP=2
2750734	42	STIM=i
2757070	42	RESP=1
2766656	42	STIM=m
2771847	42	RESP=1
2783193	42	STIM=l
2789615	42	RESP=1
2801918	42	STIM=j
2810458	42	RESP=1
2818962	42	STIM=x
2824081	42	RESP=1
2836134	42	STIM=x
2842089	42	RESP=1
2855070	42	STIM=t
2860118	42	RESP=1
2872625	42	STIM=w
2881484	42	RESP=2
2891119	42	STIM=2
2897898	42	RESP=2
2909719	42	STIM=a
2914665	42	RESP=1
2927960	42	STIM=c
2935205	42	RESP=1
2943542	42	STIM=e
2949561	42	RESP=1
2960449	42	STIM=4
2964774	42	RESP=2
2976073	42	STIM=d
2980383	42	RESP=1
2993928	42	STIM=9
2999328	42	RESP=2
3010180	42	STIM=6
3014662	42	RESP=2
3027670	42	STIM=g
3032314	42	RESP=1
3043612	42	STIM=q
3047093	42	RESP=1
3060297	42	STIM=f
3067168	42	RESP=1
3078595	42	STIM=j
3084244	42	RESP=1
3093771	42	STIM=7
3101709	42	RESP=2
3111159	42	STIM=o
3117775	42	RESP=1
3128772	42	STIM=b
3135561	42	RESP=1
3146655	42	STIM=9
3151922	42	RESP=2
3165270	42	STIM=c
3170331	42	RESP=1
3181079	42	STIM=z
3186045	42	RESP=1
3198499	42	STIM=w
3204747	42	RESP=1
3216112	42	STIM=j
3225383	42	RESP=1
3234350	42	STIM=e
3240251	42	RESP=1
3253262	42	STIM=9
3257659	42	RESP=2
3272061	42	STIM=5
3276585	42	RESP=2
3290468	42	STIM=n
3297752	42	RESP=1
3307238	42	STIM=3
3312732	42	RESP=2
3325969	42	STIM=j
3331432	42	RESP=1
3343256	42	STIM=5
3352425	42	RESP=2
3361213	42	STIM=w
3366306	42	RESP=1
3378494	42	STIM=6
3384493	42	RESP=2
3396600	42	STIM=b
3402379	42	RESP=1
3413900	42	STIM=h
3417041	42	RESP=1
3431302	42	STIM=s
3435429	42	RESP=1
3448942	42	STIM=p
3457920	42	RESP=1
3464906	42	STIM=i
3472502	42	RESP=1
3482281	42	STIM=h
3486896	42	RESP=1
3500870	42	STIM=q
3507461	42	RESP=1
3516957	42	STIM=n
3520140	42	RESP=1
3535881	42	STIM=z
3541745	42	RESP=1
3553440	42	STIM=i
3561486	42	RESP=1
3570915	42	STIM=y
3580591	42	RESP=1
3588083	42	STIM=f
3593422	42	RESP=1
3606921	42	STIM=i
3614566	42	RESP=1
3622333	42	STIM=f
3629870	42	RESP=1
3640346	42	STIM=g
3644304	42	RESP=1
3657536	42	STIM=q
3662287	42	RESP=1
3674714	42	STIM=j
3678942	42	RESP=1
3689940	42	STIM=k
3695787	42	RESP=1
3705248	42	STIM=a
3708442	42	RESP=1
3723312	42	STIM=s
3728771	42	RESP=1
3739323	42	STIM=w
3745825	42	RESP=1
3754965	42	STIM=a
3763719	42	RESP=1
3770516	42	STIM=w
3780403	42	RESP=1
3787143	42	STIM=p
3790481	42	RESP=2
3805413	42	STIM=h
3812878	42	RESP=1
3821305	42	STIM=p
3829329	42	RESP=1
3836858	42	STIM=2
3843792	42	RESP=1
3853745	42	STIM=b
3859682	42	RESP=1
3871133	42	STIM=s
3875307	42	RESP=1
3888817	42	STIM=n
3894631	42	RESP=1
3907272	42	STIM=e
3912120	42	RESP=2
3925880	42	STIM=g
3930804	42	RESP=1
3943555	42	STIM=a
3950697	42	RESP=1
3962250	42	STIM=i
3966580	42	RESP=1
3978216	42	STIM=q
3984422	42	RESP=1
3994538	42	STIM=z
4002909	42	RESP=1
4011255	42	STIM=q
4013825	42	RESP=1
4027431	42	STIM=f
4032739	42	RESP=1
4043638	42	STIM=n
4050916	42	RESP=1
4061644	42	STIM=g
4067946	42	RESP=1
4077299	42	STIM=5
4083867	42	RESP=1
4093099	42	STIM=u
4098486	42	RESP=1
4111419	42	STIM=a
4116398	42	RESP=1
4130295	42	STIM=l
4133385	42	RESP=1
4148293	42	STIM=f
4153962	42	RESP=1
4165174	42	STIM=g
4173115	42	RESP=1
4181854	42	STIM=s
4186897	42	RESP=2
4200294	42	STIM=l
4204283	42	RESP=1
4217478	42	STIM=4
4227336	42	RESP=2
4234620	42	STIM=1
4240736	42	RESP=1
4253033	42	STIM=k
4257436	42	RESP=1
4268850	42	STIM=x
4272871	42	RESP=1
4284922	42	STIM=7
4290239	42	RESP=2
4301636	42	STIM=2
4307039	42	RESP=2
4317703	42	STIM=1
4324696	42	RESP=2
4334379	42	STIM=l
4339595	42	RESP=1
4351760	42	STIM=t
4358993	42	RESP=1
4367407	42	STIM=m
4371249	42	RESP=1
4385491	42	STIM=d
4393147	42	RESP=1
4400936	42	STIM=k
4407937	42	RESP=1
4415989	42	STIM=j
4420212	42	RESP=1
4432094	42	STIM=u
4437542	42	RESP=1
4447649	42	STIM=w
4452394	42	RESP=1
4463631	42	STIM=f
4471469	42	RESP=1
4479917	42	STIM=a
4486048	42	RESP=1
4497451	42	STIM=d
4502382	42	RESP=1
4515010	42	STIM=f
4520625	42	RESP=1
4530850	42	STIM=6
4536977	42	RESP=2
4548839	42	STIM=x
4555379	42	RESP=1
4564068	42	STIM=b
4571475	42	RESP=1
4579229	42	STIM=5
4583374	42	RESP=1
4597274	42	STIM=n
4601870	42	RESP=2
4612861	42	STIM=f
4618170	42	RESP=1
4631445	42	STIM=t
4638063	42	RESP=1
4648139	42	STIM=0
4655620	42	RESP=2
4665476	42	STIM=w
4673937	42	RESP=1
4681437	42	STIM=z
4685741	42	RESP=1
4700370	42	STIM=l
4703881	42	RESP=1
4717379	42	STIM=m
4723175	42	RESP=1
4735619	42	STIM=q
4744210	42	RESP=1
4750631	42	STIM=t
4756694	42	RESP=1
4769394	42	STIM=t
4776065	42	RESP=1
4785713	42	STIM=y
4794731	42	RESP=1
4801179	42	STIM=d
4809183	42	RESP=1
4818363	42	STIM=s
4823467	42	RESP=1
4833652	42	STIM=e
4843879	42	RESP=1
4849744	42	STIM=d
4853700	42	RESP=1
4864990	42	STIM=s
4867941	42	RESP=1
4882013	42	STIM=n
4889312	42	RESP=1
4900014	42	STIM=x
4907296	42	RESP=1
4916434	42	STIM=9
4927945	42	RESP=1
4933814	42	STIM=b
4939309	42	RESP=1
4952053	42	STIM=2
4959471	42	RESP=1
4967743	42	STIM=r
4974501	42	RESP=1
4983815	42	STIM=k
4987333	42	RESP=1
4999158	42	STIM=w
5004442	42	RESP=2
5014556	42	STIM=n
5020549	42	RESP=1
5030663	42	STIM=g
5036130	42	RESP=1
5048765	42	STIM=w
5053219	42	RESP=1
5067029	42	STIM=x
5072078	42	RESP=1
5083484	42	STIM=l
5089737	42	RESP=1
5099070	42	STIM=z
5106532	42	RESP=1
5117030	42	STIM=0
5123057	42	RESP=2
5134099	42	STIM=n
5138231	42	RESP=1
5152639	42	STIM=e
5159840	42	RESP=1
5169744	42	STIM=u
5173669	42	RESP=1
5187578	42	STIM=v
5192699	42	RESP=1
5203128	42	STIM=r
5210355	42	RESP=2
5221081	42	STIM=f
5227726	42	RESP=1
5236118	42	STIM=w
5242918	42	RESP=1
5251540	42	STIM=u
5261312	42	RESP=1
5267884	42	STIM=z
5271327	42	RESP=1
5283234	42	STIM=j
5289460	42	RESP=1
5300547	42	STIM=y
5303567	42	RESP=1
5318135	42	STIM=h
5324458	42	RESP=1
5335289	42	STIM=z
5339876	42	RESP=1
5350924	42	STIM=y
5358287	42	RESP=1
5366131	42	STIM=l
5371278	42	RESP=1
5382474	42	STIM=i
5388025	42	RESP=1
5398823	42	STIM=9
5406523	42	RESP=2
5416534	42	STIM=l
5422922	42	RESP=1
5435203	42	STIM=u
5440420	42	RESP=1
5450352	42	STIM=d
5454020	42	RESP=1
5466257	42	STIM=y
5474352	42	RESP=1
5482904	42	STIM=c
5487501	42	RESP=1
5499474	42	STIM=u
5506376	42	RESP=1
5515431	42	STIM=4
5524103	42	RESP=2
5533978	42	STIM=y
5537759	42	RESP=1
5550076	42	STIM=l
5553331	42	RESP=1
5566486	42	STIM=v
5575586	42	RESP=1
5583203	42	STIM=a
5593916	42	RESP=1
5598868	42	STIM=i
5602043	42	RESP=1
5616022	42	STIM=b
5621686	42	RESP=1
5633396	42	STIM=4
5640594	42	RESP=2
5648467	42	STIM=a
5654442	42	RESP=1
5663965	42	STIM=h
5672517	42	RESP=1
5681520	42	STIM=4
5687080	42	RESP=1
5697073	42	STIM=h
5706857	42	RESP=1
5712547	42	STIM=m
5716915	42	RESP=1
5729476	42	STIM=d
5735807	42	RESP=1
5746467	42	STIM=4
5757139	42	RESP=2
5762908	42	STIM=i
5765807	42	RESP=1
5780769	42	STIM=q
5791173	42	RESP=1
5796196	42	STIM=p
5801509	42	RESP=1
5812508	42	STIM=3
5820577	42	RESP=2
5828023	42	STIM=3
5834462	42	RESP=2
5843343	42	STIM=9
5853668	42	RESP=2
5859592	42	STIM=e
5864223	42	RESP=1
5876668	42	STIM=a
5886077	42	RESP=1
5893133	42	STIM=u
5899721	42	RESP=1
5909807	42	STIM=u
5914915	42	RESP=1
5928004	42	STIM=t
5931408	42	RESP=1
5945939	42	STIM=t
5949647	42	RESP=1
5963128	42	STIM=w
5967687	42	RESP=1
5980149	42	STIM=e
5985486	42	RESP=1
5997326	42	STIM=m
6005771	42	RESP=1
6016235	42	STIM=r
6020458	42	RESP=1
6033783	42	STIM=k
6037999	42	RESP=1
6050106	42	STIM=9
6056260	42	RESP=2
6068910	42	STIM=9
6076694	42	RESP=1
6086027	42	STIM=q
6091927	42	RESP=1
6103058	42	STIM=o
6109864	42	RESP=1
6121491	42	STIM=s
6127084	42	RESP=1
6137658	42	STIM=j
6144342	42	RESP=1
6154441	42	STIM=b
6158801	42	RESP=1
6172404	42	STIM=s
6176150	42	RESP=1
6189372	42	STIM=7
6194227	42	RESP=2
6206591	42	STIM=5
6215464	42	RESP=2
6223101	42	STIM=s
6230857	42	RESP=1
6238158	42	STIM=i
6242901	42	RESP=1
6254192	42	STIM=b
6258805	42	RESP=1
6270665	42	STIM=e
6274686	42	RESP=1
6286232	42	STIM=p
6292359	42	RESP=1
6303332	42	STIM=g
6308373	42	RESP=1
6319373	42	STIM=s
6325161	42	RESP=1
6334740	42	STIM=w
6337893	42	RESP=1
6351056	42	STIM=0
6357609	42	RESP=2
6367298	42	STIM=q
6370084	42	RESP=1
6383430	42	STIM=s
6387571	42	RESP=1
6401296	42	STIM=c
6404543	42	RESP=1
6418815	42	STIM=b
6426095	42	RESP=1
6436133	42	STIM=0
6443562	42	RESP=2
6453746	42	STIM=m
6457318	42	RESP=1
6469606	42	STIM=n
6476640	42	RESP=1
6485482	42	STIM=z
6494142	42	RESP=1
6500727	42	STIM=s
6508907	42	RESP=1
6516691	42	STIM=b
6522589	42	RESP=1
6533604	42	STIM=9
6544255	42	RESP=1
6552228	42	STIM=9
6558250	42	RESP=2
6568329	42	STIM=y
6572875	42	RESP=1
6584644	42	STIM=t
6599115	42	RESP=1
6600439	42	STIM=l
6610260	42	RESP=1
6619433	42	STIM=r
6625290	42	RESP=1
6637784	42	STIM=2
6647560	42	RESP=2
6656665	42	STIM=j
6661273	42	RESP=1
6672251	42	STIM=4
6679214	42	RESP=2
6687797	42	STIM=x
6693090	42	RESP=1
6704529	42	STIM=l
6709005	42	RESP=1
6722757	42	STIM=d
6731423	42	RESP=1
6740780	42	STIM=z
6748237	42	RESP=2
6757249	42	STIM=b
6761604	42	RESP=1
6774747	42	STIM=k
6784312	42	RESP=1
6791773	42	STIM=m
6798147	42	RESP=1
6808026	42	STIM=4
6812105	42	RESP=2
6826049	42	STIM=1
6833651	42	RESP=1
6844829	42	STIM=y
6850945	42	RESP=1
6861007	42	STIM=8
6865273	42	RESP=2
6876163	42	STIM=r
6879875	42	RESP=1
6892146	42	STIM=j
6899535	42	RESP=1
6908438	42	STIM=0
6919257	42	RESP=1
6926443	42	STIM=0
6933603	42	RESP=2
6942897	42	STIM=z
6946969	42	RESP=1
6961891	42	STIM=p
6965298	42	RESP=1
6977259	42	STIM=y
6981184	42	RESP=1
6994920	42	STIM=a
7001702	42	RESP=2
7011989	42	STIM=0
7015896	42	RESP=2
7029327	42	STIM=8
7034019	42	RESP=1
7046918	42	STIM=5
7052371	42	RESP=2
7062488	42	STIM=0
7067135	42	RESP=2
7079654	42	STIM=z
7086730	42	RESP=1
7095965	42	STIM=v
7104230	42	RESP=1
7111152	42	STIM=y
7116989	42	RESP=1
7128984	42	STIM=w
7131771	42	RESP=1
7144637	42	STIM=z
7148671	42	RESP=2
7161035	42	STIM=h
7167249	42	RESP=1
7177124	42	STIM=v
7188907	42	RESP=1
7194585	42	STIM=l
7201189	42	RESP=1
7210880	42	STIM=3
7214177	42	RESP=2
7226790	42	STIM=q
7230796	42	RESP=2
7242621	42	STIM=3
7252705	42	RESP=2
7258027	42	STIM=d
7265193	42	RESP=1
7275213	42	STIM=q
7281209	42	RESP=1
7293236	42	STIM=d
7298116	42	RESP=2
7308327	42	STIM=y
7313921	42	RESP=1
7325162	42	STIM=u
7328808	42	RESP=1
7343685	42	STIM=9
7351412	42	RESP=2
7361112	42	STIM=a
7369347	42	RESP=1
7376539	42	STIM=k
7381908	42	RESP=1
7393013	42	STIM=c
7397504	42	RESP=1
7410489	42	STIM=p
7418865	42	RESP=1
7425694	42	STIM=l
7434060	42	RESP=1
7442020	42	STIM=r
7448694	42	RESP=1
7460234	42	STIM=s
7464581	42	RESP=1
7475520	42	STIM=z
7479315	42	RESP=1
7493364	42	STIM=3
7500791	42	RESP=2
7510173	42	STIM=i
7514626	42	RESP=1
7528677	42	STIM=t
7532344	42	RESP=1
7543972	42	STIM=6
7550459	42	RESP=2
7559124	42	STIM=r
7564380	42	RESP=1
7575494	42	STIM=0
7580071	42	RESP=2
7590719	42	STIM=6
7596141	42	RESP=2
7606032	42	STIM=k
7615107	42	RESP=1
7622769	42	STIM=b
7627851	42	RESP=1
7639659	42	STIM=d
7643222	42	RESP=1
7655402	42	STIM=v
7660125	42	RESP=1
7672901	42	STIM=u
7681205	42	RESP=1
7691535	42	STIM=m
7703438	42	RESP=1
7709862	42	STIM=f
7714679	42	RESP=1
7727101	42	STIM=y
7734703	42	RESP=1
7744755	42	STIM=p
7749887	42	RESP=1
7761291	42	STIM=2
7766471	42	RESP=2
7777564	42	STIM=s
7780552	42	RESP=1
7795348	42	STIM=3
7802922	42	RESP=2
7813903	42	STIM=b
7819272	42	RESP=1
7832613	42	STIM=u
7846895	42	RESP=1
7851324	42	STIM=8
7862845	42	RESP=2
7869572	42	STIM=g
7873168	42	RESP=1
7885263	42	STIM=h
7891360	42	RESP=1
7902572	42	STIM=0
7906991	42	RESP=2
7921527	42	STIM=f
7932310	42	RESP=1
7937873	42	STIM=e
7942922	42	RESP=1
7952972	42	STIM=g
7957891	42	RESP=1
7969944	42	STIM=8
7975053	42	RESP=2
7986743	42	STIM=b
7994421	42	RESP=1
8005126	42	STIM=z
8012191	42	RESP=2
8021397	42	STIM=r
8026013	42	RESP=1
8036885	42	STIM=b
8041378	42	RESP=1
8054444	42	STIM=i
8065878	42	RESP=1
8069629	42	STIM=3
8075131	42	RESP=2
8087724	42	STIM=u
8092138	42	RESP=1
8106494	42	STIM=c
8112121	42	RESP=1
8123537	42	STIM=i
8127352	42	RESP=1
8141860	42	STIM=r
8150351	42	RESP=1
8157469	42	STIM=a
8161410	42	RESP=1
8173514	42	STIM=a
8181336	42	RESP=1
8191422	42	STIM=o
8197555	42	RESP=1
8208927	42	STIM=3
8216383	42	RESP=1
8224764	42	STIM=w
8230611	42	RESP=1
8243648	42	STIM=r
8249761	42	RESP=1
8262243	42	STIM=v
8267823	42	RESP=1
8278587	42	STIM=l
8283882	42	RESP=1
8296808	42	STIM=g
8300993	42	RESP=1
8315513	42	STIM=q
8321142	42	RESP=1
8331196	42	STIM=o
8335969	42	RESP=1
8348372	42	STIM=a
8353620	42	RESP=1
8366839	42	STIM=u
8372891	42	RESP=1
8385670	42	STIM=7
8394533	42	RESP=2
8403342	42	STIM=t
8410973	42	RESP=1
8422143	42	STIM=t
8429238	42	RESP=1
8438296	42	STIM=s
8443848	42	RESP=1
8454320	42	STIM=c
8460407	42	RESP=1
8471372	42	STIM=0
8481765	42	RESP=2
8487746	42	STIM=y
8491478	42	RESP=1
8505760	42	STIM=j
8509686	42	RESP=2
8524081	42	STIM=b
8530014	42	RESP=1
8542309	42	STIM=9
8549012	42	RESP=2
8560148	42	STIM=x
8567932	42	RESP=1
8577597	42	STIM=t
8582849	42	RESP=1
8592824	42	STIM=8
8603080	42	RESP=2
8608302	42	STIM=c
8611645	42	RESP=1
8623467	42	STIM=q
8629222	42	RESP=1
8639230	42	STIM=d
8643477	42	RESP=1
8657068	42	STIM=x
8661657	42	RESP=1
8675706	42	STIM=a
8679372	42	RESP=1
8693254	42	STIM=g
8697409	42	RESP=1
8710026	42	STIM=d
8714021	42	RESP=1
8725536	42	STIM=u
8733320	42	RESP=1
8743210	42	STIM=s
8748894	42	RESP=1
8761433	42	STIM=x
8765149	42	RESP=2
8778979	42	STIM=c
8785482	42	RESP=1
8797948	42	STIM=l
8803313	42	RESP=1
8816356	42	STIM=4
8824975	42	RESP=2
8833121	42	STIM=k
8839399	42	RESP=1
8849792	42	STIM=h
8857602	42	RESP=1
8867608	42	STIM=7
8874710	42	RESP=1
8883609	42	STIM=z
8888890	42	RESP=1
8899559	42	STIM=d
8903682	42	RESP=1
8918237	42	STIM=h
8924353	42	RESP=1
8937136	42	STIM=p
8942052	42	RESP=1
8955180	42	STIM=t
8959026	42	RESP=2
8971298	42	STIM=d
8974205	42	RESP=1
8986836	42	STIM=b
8992008	42	RESP=1
9005043	42	STIM=0
9010171	42	RESP=2
9022479	42	STIM=q
9032965	42	RESP=1
9038409	42	STIM=p
9046464	42	RESP=1
9054786	42	STIM=d
9058606	42	RESP=1
9071380	42	STIM=3
9077452	42	RESP=2
9089587	42	STIM=e
9097900	42	RESP=1
9105223	42	STIM=l
9112272	42	RESP=1
9122935	42	STIM=d
9128591	42	RESP=1
9141117	42	STIM=y
9146227	42	RESP=1
9157366	42	STIM=q
9163814	42	RESP=1
9174101	42	STIM=n
9183659	42	RESP=1
9189379	42	STIM=v
9193394	42	RESP=1
9205292	42	STIM=n
9211773	42	RESP=1
9220607	42	STIM=8
9225697	42	RESP=2
9236782	42	STIM=k
9240204	42	RESP=1
9251797	42	STIM=t
9257362	42	RESP=1
9269484	42	STIM=g
9273077	42	RESP=1
9287274	42	STIM=s
9292907	42	RESP=1
9305490	42	STIM=t
9311040	42	RESP=1
9321808	42	STIM=4
9328173	42	RESP=2
9337752	42	STIM=f
9343972	42	RESP=1
9355533	42	STIM=2
9360874	42	RESP=2
9370809	42	STIM=p
9374259	42	RESP=2
9389052	42	STIM=i
9392000	42	RESP=1
9405208	42	STIM=w
9412464	42	RESP=1
9423638	42	STIM=e
9429043	42	RESP=1
9442134	42	STIM=o
9444897	42	RESP=1
9458800	42	STIM=t
9466020	42	RESP=1
9477309	42	STIM=k
9482272	42	RESP=1
9493870	42	STIM=x
9498235	42	RESP=1
9512426	42	STIM=k
9517546	42	RESP=1
9529473	42	STIM=y
9534907	42	RESP=1
9546504	42	STIM=y
9554940	42	RESP=1
9563714	42	STIM=g
9573945	42	RESP=1
9581616	42	STIM=c
9587438	42	RESP=1
9597349	42	STIM=2
9603731	42	RESP=2
9614928	42	STIM=6
9622464	42	RESP=2
9632518	42	STIM=u
9636264	42	RESP=1
9651115	42	STIM=k
9658408	42	RESP=2
9668925	42	STIM=f
9673370	42	RESP=1
9684464	42	STIM=s
9687916	42	RESP=1
9702595	42	STIM=4
9707226	42	RESP=2
9718922	42	STIM=j
9725622	42	RESP=1
9736592	42	STIM=z
9742303	42	RESP=1
9755008	42	STIM=p
9764150	42	RESP=1
9772704	42	STIM=1
9779416	42	RESP=2
9789450	42	STIM=e
9800758	42	RESP=1
9807166	42	STIM=h
9813226	42	RESP=1
9825382	42	STIM=0
9830302	42	RESP=1
9840737	42	STIM=a
9846215	42	RESP=1
9859284	42	STIM=a
9869075	42	RESP=1
9878202	42	STIM=w
9884166	42	RESP=1
9896732	42	STIM=v
9905300	42	RESP=1
9915437	42	STIM=g
9922664	42	RESP=1
9933186	42	STIM=f
9937558	42	RESP=1
9952019	42	STIM=r
9955699	42	RESP=1
9970747	42	STIM=6
9977127	42	RESP=2
9987723	42	STIM=5
9997611	42	RESP=2
10006330	42	STIM=z
10010411	42	RESP=1
10024211	42	STIM=i
10031792	42	RESP=1
10039903	42	STIM=w
10043533	42	RESP=1
10055324	42	STIM=f
10059077	42	RESP=1
10073781	42	STIM=v
10083700	42	RESP=1
10092591	42	STIM=3
10097901	42	RESP=2
10110730	42	STIM=a
10117862	42	RESP=2
10129727	42	STIM=e
10133358	42	RESP=1
10147117	42	STIM=l
10151248	42	RESP=1
10163890	42	STIM=f
10169298	42	RESP=1
10180833	42	STIM=c
10185992	42	RESP=1
10197905	42	STIM=b
10205040	42	RESP=1
10214793	42	STIM=f
10219065	42	RESP=1
10232828	42	STIM=v
10238449	42	RESP=1
10249112	42	STIM=t
10253685	42	RESP=1
10265814	42	STIM=u
10274672	42	RESP=1
10282275	42	STIM=f
10287016	42	RESP=1
10299895	42	STIM=p
10307170	42	RESP=1
10316058	42	STIM=w
10321037	42	RESP=2
10334161	42	STIM=o
10342475	42	RESP=1
10349386	42	STIM=r
10354031	42	RESP=1
10366810	42	STIM=9
10373513	42	RESP=1
10385309	42	STIM=f
10392348	42	RESP=1
10403640	42	STIM=d
10407781	42	RESP=1
10420753	42	STIM=c
10423625	42	RESP=1
10439479	42	STIM=5
10444303	42	RESP=2
10455686	42	STIM=m
10461399	42	RESP=1
10472495	42	STIM=b
10476605	42	RESP=1
10489625	42	STIM=7
10493230	42	RESP=1
10508394	42	STIM=h
10513874	42	RESP=1
10525976	42	STIM=m
10529691	42	RESP=1
10544804	42	STIM=e
10550197	42	RESP=1
10560506	42	STIM=e
10565670	42	RESP=1
10576143	42	STIM=t
10580429	42	RESP=1
10593659	42	STIM=i
10598866	42	RESP=1
10611687	42	STIM=w
10621756	42	RESP=1
10628095	42	STIM=9
10634300	42	RESP=2
10643161	42	STIM=f
10647269	42	RESP=1
10658615	42	STIM=s
10663729	42	RESP=1
10675898	42	STIM=2
10679742	42	RESP=2
10690928	42	STIM=l
10698713	42	RESP=1
10708175	42	STIM=k
10716415	42	RESP=1
10726635	42	STIM=0
10735401	42	RESP=2
10741987	42	STIM=b
10746608	42	RESP=1
10757692	42	STIM=u
10761318	42	RESP=1
10775564	42	STIM=z
10779551	42	RESP=1
10791785	42	STIM=s
10798894	42	RESP=1
10807474	42	STIM=3
10814347	42	RESP=2
10825072	42	STIM=k
10833533	42	RESP=1
10840919	42	STIM=u
10846262	42	RESP=1
10859210	42	STIM=5
10869694	42	RESP=2
10875849	42	STIM=6
10884430	42	RESP=2
10892658	42	STIM=1
10897255	42	RESP=1
10910415	42	STIM=c
10917374	42	RESP=1
10925637	42	STIM=0
10929442	42	RESP=2
10943171	42	STIM=m
10950393	42	RESP=1
10960861	42	STIM=j
10971194	42	RESP=1
10979272	42	STIM=5
10985705	42	RESP=2
10998065	42	STIM=l
11003863	42	RESP=1
11016146	42	STIM=a
11023784	42	RESP=1
11033804	42	STIM=a
11037757	42	RESP=1
11051050	42	STIM=0
11057161	42	RESP=1
11068648	42	STIM=y
11074460	42	RESP=1
11084545	42	STIM=0
11090486	42	RESP=2
11101454	42	STIM=a
11105092	42	RESP=1
11116746	42	STIM=j
11122104	42	RESP=1
11133912	42	STIM=c
11139107	42	RESP=1
11150588	42	STIM=m
11154414	42	RESP=1
11166888	42	STIM=t
11175658	42	RESP=1
11183200	42	STIM=h
11187349	42	RESP=2
11201124	42	STIM=7
11205590	42	RESP=2
11219723	42	STIM=r
11228300	42	RESP=1
11236879	42	STIM=y
11241050	42	RESP=1
11255572	42	STIM=b
11260109	42	RESP=1
11274371	42	STIM=a
11281228	42	RESP=1
11293173	42	STIM=p
11306535	42	RESP=1
11311348	42	STIM=g
11318071	42	RESP=1
11328147	42	STIM=5
11337718	42	RESP=1
11344929	42	STIM=t
11347819	42	RESP=1
11363790	42	STIM=w
11367786	42	RESP=1
11379595	42	STIM=u
11384557	42	RESP=1
11396154	42	STIM=b
11401409	42	RESP=1
11413788	42	STIM=d
11417028	42	RESP=1
11430873	42	STIM=a
11434113	42	RESP=1
11448388	42	STIM=u
11453265	42	RESP=1
11463388	42	STIM=o
11471832	42	RESP=1
11481222	42	STIM=8
11485180	42	RESP=2
11497764	42	STIM=b
11501625	42	RESP=1
11515869	42	STIM=o
11519402	42	RESP=1
11531749	42	STIM=8
11542298	42	RESP=2
11549438	42	STIM=z
11556712	42	RESP=1
11568364	42	STIM=a
11573878	42	RESP=1
11586103	42	STIM=f
11595175	42	RESP=1
11601527	42	STIM=w
11604637	42	RESP=1
11617437	42	STIM=h
11627381	42	RESP=2
11634532	42	STIM=d
11644230	42	RESP=1
11650486	42	STIM=d
11658863	42	RESP=1
11666736	42	STIM=w
11672169	42	RESP=1
11684614	42	STIM=u
11690398	42	RESP=1
11700415	42	STIM=n
11706400	42	RESP=1
11715700	42	STIM=7
11729228	42	RESP=2
11732601	42	STIM=3
11736857	42	RESP=2
11748331	42	STIM=h
11753257	42	RESP=1
11766954	42	STIM=e
11773672	42	RESP=1
11785702	42	STIM=v
11790212	42	RESP=1
11801052	42	STIM=p
11804405	42	RESP=1
11819173	42	STIM=f
11822472	42	RESP=1
11835437	42	STIM=i
11843530	42	RESP=1
11851846	42	STIM=0
11856090	42	RESP=2
11868626	42	STIM=k
11875731	42	RESP=1
11885182	42	STIM=9
11888970	42	RESP=2
11902174	42	STIM=o
11911106	42	RESP=1
11917685	42	STIM=s
11923872	42	RESP=1
11933512	42	STIM=x
11936916	42	RESP=1
11949983	42	STIM=c
11956841	42	RESP=1
11964986	42	STIM=g
11970077	42	RESP=1
11982223	42	STIM=1
11988026	42	RESP=2
11998515	42	STIM=l
12007571	42	RESP=1
12013855	42	STIM=9
12021004	42	RESP=2
12030432	42	STIM=o
12035617	42	RESP=1
12049260	42	STIM=c
12053558	42	RESP=1
12066461	42	STIM=2
12074435	42	RESP=2
12083248	42	STIM=z
12092892	42	RESP=1
12101648	42	STIM=q
12105362	42	RESP=1
12119329	42	STIM=x
12123455	42	RESP=1
12134453	42	STIM=f
12143803	42	RESP=1
12150463	42	STIM=0
12158947	42	RESP=2
12168549	42	STIM=x
12173982	42	RESP=1
12184403	42	STIM=0
12190413	42	RESP=2
12202368	42	STIM=h
12210563	42	RESP=1
12221046	42	STIM=k
12224878	42	RESP=1
12238473	42	STIM=v
12250105	42	RESP=1
12253532	42	STIM=g
12260406	42	RESP=1
12270926	42	STIM=z
12280362	42	RESP=1
12289593	42	STIM=g
12293741	42	RESP=1
12306638	42	STIM=n
12312140	42	RESP=1
12323941	42	STIM=h
12328107	42	RESP=1
12341164	42	STIM=1
12349818	42	RESP=2
12360054	42	STIM=b
12366158	42	RESP=1
12378065	42	STIM=j
12381954	42	RESP=1
12393866	42	STIM=j
12398108	42	RESP=1
12410169	42	STIM=x
12413516	42	RESP=1
12429064	42	STIM=x
12432867	42	RESP=1
12445353	42	STIM=s
12450058	42	RESP=1
12461390	42	STIM=l
12467312	42	RESP=1
12477711	42	STIM=r
12484833	42	RESP=1
12495589	42	STIM=k
12500337	42	RESP=1
12511586	42	STIM=t
12514847	42	RESP=1
12528018	42	STIM=8
12536286	42	RESP=2
12546709	42	STIM=u
12551953	42	RESP=1
12562413	42	STIM=g
12570747	42	RESP=1
12580866	42	STIM=y
12585351	42	RESP=1
12597163	42	STIM=n
12599804	42	RESP=1
12613068	42	STIM=h
12619493	42	RESP=1
12630804	42	STIM=c
12633884	42	RESP=2
12648843	42	STIM=r
12653816	42	RESP=2
12665833	42	STIM=y
12670613	42	RESP=1
12681811	42	STIM=c
12688725	42	RESP=1
12700548	42	STIM=n
12707010	42	RESP=1
12717500	42	STIM=w
12721366	42	RESP=1
12733999	42	STIM=5
12738407	42	RESP=2
12749124	42	STIM=n
12753800	42	RESP=1
12765414	42	STIM=p
12770791	42	RESP=1
12784243	42	STIM=x
12790893	42	RESP=1
12801179	42	STIM=7
12805681	42	RESP=2
12817832	42	STIM=b
12827063	42	RESP=1
12836623	42	STIM=y
12840589	42	RESP=1
12853350	42	STIM=q
12858792	42	RESP=1
12869904	42	STIM=f
12876386	42	RESP=1
12885890	42	STIM=j
12892077	42	RESP=1
12902265	42	STIM=7
12907994	42	RESP=2
12918057	42	STIM=z
12923719	42	RESP=1
12934109	42	STIM=2
12942224	42	RESP=2
12952561	42	STIM=s
12958077	42	RESP=1
12971014	42	STIM=v
12975123	42	RESP=1
12989825	42	STIM=w
12995391	42	RESP=1
13005328	42	STIM=j
13008739	42	RESP=1
13021141	42	STIM=o
13025335	42	RESP=1
13037506	42	STIM=j
13043302	42	RESP=1
13053365	42	STIM=q
13057348	42	RESP=1
13068921	42	STIM=b
13074160	42	RESP=1
13087617	42	STIM=z
13094123	42	RESP=1
13104006	42	STIM=x
13113460	42	RESP=2
13119892	42	STIM=m
13125628	42	RESP=1
13137313	42	STIM=u
13140086	42	RESP=2
13152907	42	STIM=m
13157852	42	RESP=1
13169374	42	STIM=4
13176430	42	RESP=2
13186615	42	STIM=c
13192658	42	RESP=1
13202689	42	STIM=0
13212345	42	RESP=2
13220727	42	STIM=4
13226048	42	RESP=2
13238789	42	STIM=p
13245510	42	RESP=1
13255554	42	STIM=r
13260087	42	RESP=1
13273112	42	STIM=a
13279407	42	RESP=1
13291900	42	STIM=1
13298900	42	RESP=2
13307686	42	STIM=u
13313502	42	RESP=1
13323189	42	STIM=w
13326940	42	RESP=1
13339747	42	STIM=i
13343253	42	RESP=1
13357123	42	STIM=h
13361724	42	RESP=1
13374578	42	STIM=p
13377676	42	RESP=1
13391797	42	STIM=f
13395454	42	RESP=1
13409848	42	STIM=8
13420305	42	RESP=2
13425099	42	STIM=e
13432973	42	RESP=2
13440517	42	STIM=p
13448154	42	RESP=1
13458924	42	STIM=p
13462369	42	RESP=1
13474010	42	STIM=k
13476935	42	RESP=1
13492717	42	STIM=5
13499661	42	RESP=1
13510097	42	STIM=m
13516398	42	RESP=1
13528959	42	STIM=q
13533358	42	RESP=2
13546644	42	STIM=2
13550773	42	RESP=2
13562079	42	STIM=a
13567909	42	RESP=1
13580795	42	STIM=s
13585990	42	RESP=1
13597081	42	STIM=u
13605773	42	RESP=2
13615183	42	STIM=7
13623952	42	RESP=1
13632025	42	STIM=5
13640874	42	RESP=2
13647452	42	STIM=t
13652657	42	RESP=1
13662846	42	STIM=4
13668782	42	RESP=2
13679088	42	STIM=g
13682554	42	RESP=1
13694763	42	STIM=7
13708583	42	RESP=2
13711703	42	STIM=z
13714970	42	RESP=2
13726898	42	STIM=x
13732253	42	RESP=1
13744918	42	STIM=j
13752938	42	RESP=1
13763834	42	STIM=6
13771008	42	RESP=2
13781818	42	STIM=c
13786319	42	RESP=1
13800628	42	STIM=q
13804787	42	RESP=1
13817435	42	STIM=0
13830113	42	RESP=2
13832497	42	STIM=t
13838622	42	RESP=1
13851391	42	STIM=b
13855285	42	RESP=1
13866639	42	STIM=i
13876092	42	RESP=1
13884132	42	STIM=x
13892442	42	RESP=1
13900192	42	STIM=s
13905435	42	RESP=1
13918516	42	STIM=y
13926977	42	RESP=1
13935399	42	STIM=c
13946960	42	RESP=2
13953003	42	STIM=l
13965793	42	RESP=1
13971593	42	STIM=t
13977366	42	RESP=1
13988641	42	STIM=k
13991700	42	RESP=1
14004425	42	STIM=3
14010884	42	RESP=2
14022854	42	STIM=m
14030602	42	RESP=1
14037877	42	STIM=2
14047826	42	RESP=1
14054113	42	STIM=t
14061968	42	RESP=1
14072706	42	STIM=8
14085151	42	RESP=1
14089419	42	STIM=6
14097330	42	RESP=2
14105549	42	STIM=8
14110259	42	RESP=1
14123657	42	STIM=q
14132260	42	RESP=1
14139900	42	STIM=y
14145328	42	RESP=1
14157189	42	STIM=c
14162314	42	RESP=1
14174237	42	STIM=u
14177925	42	RESP=1
14192881	42	STIM=d
14197801	42	RESP=1
14211258	42	STIM=c
14218866	42	RESP=1
14227227	42	STIM=5
14232226	42	RESP=2
14242572	42	STIM=6
14248906	42	RESP=2
14258025	42	STIM=o
14262655	42	RESP=1
14274023	42	STIM=y
14277474	42	RESP=1
14292497	42	STIM=l
14297481	42	RESP=1
14307861	42	STIM=c
14315607	42	RESP=1
14323642	42	STIM=1
14329893	42	RESP=2
14340950	42	STIM=b
14353765	42	RESP=1
14357260	42	STIM=d
14366946	42	RESP=1
14374069	42	STIM=o
14379262	42	RESP=1
14391651	42	STIM=e
14396940	42	RESP=1
14410097	42	STIM=t
14415054	42	RESP=2
14428989	42	STIM=f
14433579	42	RESP=1
14446736	42	STIM=g
14453072	42	RESP=1
14464816	42	STIM=w
14471811	42	RESP=1
14483151	42	STIM=j
14487147	42	RESP=1
14499738	42	STIM=w
14506290	42	RESP=1
14516995	42	STIM=5
14530819	42	RESP=1
14533177	42	STIM=x
14539970	42	RESP=1
14552144	42	STIM=a
14558820	42	RESP=1
14568393	42	STIM=m
14576265	42	RESP=1
14584554	42	STIM=9
14593336	42	RESP=2
14602141	42	STIM=c
14608473	42	RESP=1
14617883	42	STIM=p
14625661	42	RESP=1
14634127	42	STIM=r
14639712	42	RESP=1
14650642	42	STIM=e
14654138	42	RESP=1
14668393	42	STIM=9
14674665	42	RESP=2
14685407	42	STIM=u
14688649	42	RESP=2
14700822	42	STIM=t
14707168	42	RESP=1
14717290	42	STIM=v
14721653	42	RESP=1
14733048	42	STIM=y
14736466	42	RESP=1
14750671	42	STIM=n
14754703	42	RESP=1
14767399	42	STIM=x
14770695	42	RESP=1
14786028	42	STIM=9
14792814	42	RESP=2
14801502	42	STIM=0
14806309	42	RESP=2
14818452	42	STIM=q
14825349	42	RESP=1
14836448	42	STIM=i
14840629	42	RESP=1
14853743	42	STIM=w
14857866	42	RESP=1
14872245	42	STIM=o
14876375	42	RESP=1
14889235	42	STIM=e
14894738	42	RESP=1
14905701	42	STIM=5
14909774	42	RESP=2
14923653	42	STIM=e
14928959	42	RESP=1
14939827	42	STIM=n
14944770	42	RESP=1
14957141	42	STIM=5
14965500	42	RESP=2
14972586	42	STIM=i
14977669	42	RESP=1
14989540	42	STIM=1
14997816	42	RESP=2
15004738	42	STIM=y
15008645	42	RESP=1
15020562	42	STIM=h
15023802	42	RESP=1
15038867	42	STIM=k
15046004	42	RESP=1
15055269	42	STIM=q
15061594	42	RESP=1
15073846	42	STIM=6
15087376	42	RESP=2
15089504	42	STIM=2
15098823	42	RESP=2
15107813	42	STIM=0
15113961	42	RESP=2
15126618	42	STIM=3
15134355	42	RESP=2
15144333	42	STIM=l
15149903	42	RESP=1
15160545	42	STIM=v
15165439	42	RESP=1
15178227	42	STIM=7
15182215	42	RESP=2
15193287	42	STIM=h
15196400	42	RESP=1
15211875	42	STIM=l
15220833	42	RESP=1
15227077	42	STIM=m
15233833	42	RESP=1
15244390	42	STIM=h
15247545	42	RESP=1
15263031	42	STIM=s
15271133	42	RESP=1
15280095	42	STIM=3
15286699	42	RESP=1
15296340	42	STIM=r
15302923	42	RESP=1
15313338	42	STIM=o
15318613	42	RESP=1
15331284	42	STIM=q
15335103	42	RESP=1
15346967	42	STIM=q
15356005	42	RESP=1
15364276	42	STIM=w
15369672	42	RESP=1
15382702	42	STIM=h
15396067	42	RESP=1
15400319	42	STIM=t
15404975	42	RESP=1
15417426	42	STIM=y
15423449	42	RESP=1
15434361	42	STIM=p
15437328	42	RESP=1
15450652	42	STIM=o
15456484	42	RESP=1
15469489	42	STIM=q
15474448	42	RESP=1
15485202	42	STIM=z
15491035	42	RESP=1
15502838	42	STIM=p
15508538	42	RESP=1
15520614	42	STIM=8
15525857	42	RESP=2
15538462	42	STIM=b
15543678	42	RESP=1
15553757	42	STIM=y
15560791	42	RESP=1
15572369	42	STIM=t
15576450	42	RESP=1
15590285	42	STIM=k
15596550	42	RESP=1
15606931	42	STIM=u
15611816	42	RESP=1
15622981	42	STIM=l
15626537	42	RESP=1
15639822	42	STIM=e
15647658	42	RESP=1
15656724	42	STIM=o
15660461	42	RESP=1
15673621	42	STIM=k
15679834	42	RESP=1
15689282	42	STIM=2
15695180	42	RESP=2
15706606	42	STIM=b
15711349	42	RESP=1
15723747	42	STIM=p
15728413	42	RESP=1
15742107	42	STIM=i
15752380	42	RESP=1
15757953	42	STIM=n
15767843	42	RESP=1
15773843	42	STIM=j
15782049	42	RESP=2
15792025	42	STIM=6
15797288	42	RESP=2
15809925	42	STIM=n
15814231	42	RESP=1
15825272	42	STIM=n
15830540	42	RESP=1
15842537	42	STIM=g
15849660	42	RESP=1
15858563	42	STIM=a
15865549	42	RESP=1
15875511	42	STIM=t
15878778	42	RESP=1
15894446	42	STIM=4
15901412	42	RESP=2
15911671	42	STIM=i
15915080	42	RESP=1
15927841	42	STIM=h
15933240	42	RESP=1
15946570	42	STIM=r
15952842	42	RESP=1
15963742	42	STIM=t
15967819	42	RESP=1
15981080	42	STIM=m
15987650	42	RESP=1
15996360	42	STIM=7
16004862	42	RESP=2
16014324	42	STIM=h
16023021	42	RESP=1
16032744	42	STIM=x
16037759	42	RESP=1
16048113	42	STIM=j
16051163	42	RESP=1
16064081	42	STIM=9
16070410	42	RESP=2
16080907	42	STIM=w
16084247	42	RESP=2
16097392	42	STIM=n
16099991	42	RESP=1
16113562	42	STIM=s
16117638	42	RESP=1
16132292	42	STIM=v
16137215	42	RESP=1
16148592	42	STIM=a
16151790	42	RESP=1
16164002	42	STIM=r
16171800	42	RESP=1
16180406	42	STIM=w
16189680	42	RESP=1
16198548	42	STIM=g
16207627	42	RESP=1
16213836	42	STIM=1
16220318	42	RESP=2
16230749	42	STIM=w
16236460	42	RESP=1
16247931	42	STIM=j
16253974	42	RESP=1
16263476	42	STIM=k
16266484	42	RESP=1
16280588	42	STIM=1
16289444	42	RESP=2
16296666	42	STIM=8
16304102	42	RESP=2
16311844	42	STIM=6
16315847	42	RESP=2
16330699	42	STIM=u
16334532	42	RESP=1
16347140	42	STIM=l
16350767	42	RESP=1
16363423	42	STIM=w
16368928	42	RESP=1
16380860	42	STIM=8
16387366	42	RESP=2
16396931	42	STIM=f
16406471	42	RESP=1
16415060	42	STIM=9
16420134	42	RESP=2
16431541	42	STIM=f
16434770	42	RESP=1
16447657	42	STIM=d
16454825	42	RESP=1
16464237	42	STIM=2
16472874	42	RESP=2
16481924	42	STIM=g
16486452	42	RESP=1
16498888	42	STIM=t
16504958	42	RESP=1
16513928	42	STIM=x
16519209	42	RESP=1
16530879	42	STIM=w
16542947	42	RESP=1
16549583	42	STIM=m
16555462	42	RESP=1
16564907	42	STIM=c
16571259	42	RESP=1
16583640	42	STIM=e
16587889	42	RESP=1
16600105	42	STIM=4
16605496	42	RESP=2
16615270	42	STIM=q
16620976	42	RESP=1
16630585	42	STIM=y
16637455	42	RESP=2
16645662	42	STIM=a
16649718	42	RESP=1
16661551	42	STIM=7
16665642	42	RESP=2
16679919	42	STIM=x
16689438	42	RESP=1
16698623	42	STIM=c
16702027	42	RESP=1
16714153	42	STIM=g
16722576	42	RESP=1
16732094	42	STIM=k
16735747	42	RESP=1
16747218	42	STIM=e
16753481	42	RESP=2
16763613	42	STIM=1
16768791	42	RESP=2
16781195	42	STIM=0
16787649	42	RESP=1
16797652	42	STIM=b
16803378	42	RESP=1
16814210	42	STIM=1
16823532	42	RESP=1
16831339	42	STIM=y
16839461	42	RESP=1
16847819	42	STIM=f
16851376	42	RESP=1
16863903	42	STIM=e
16869194	42	RESP=1
16879075	42	STIM=s
16883639	42	RESP=1
16896089	42	STIM=h
16900368	42	RESP=1
16914415	42	STIM=a
16919198	42	RESP=1
16929639	42	STIM=3
16933492	42	RESP=2
16947414	42	STIM=y
16950691	42	RESP=1
16965462	42	STIM=9
16974736	42	RESP=2
16984261	42	STIM=e
16988892	42	RESP=1
17002491	42	STIM=b
17007174	42	RESP=1
17019823	42	STIM=s
17025176	42	RESP=1
17035398	42	STIM=t
17042768	42	RESP=1
17050943	42	STIM=j
17059782	42	RESP=1
17068375	42	STIM=f
17074000	42	RESP=1
17084474	42	STIM=l
17093430	42	RESP=1
17101119	42	STIM=u
17109004	42	RESP=1
17119049	42	STIM=n
17126026	42	RESP=1
17135222	42	STIM=z
17139622	42	RESP=1
17150521	42	STIM=k
17155348	42	RESP=1
17166556	42	STIM=q
17171345	42	RESP=1
17184954	42	STIM=r
17189801	42	RESP=1
17200750	42	STIM=a
17206144	42	RESP=1
17217342	42	STIM=0
17223798	42	RESP=2
17234499	42	STIM=w
17237025	42	RESP=1
17251291	42	STIM=c
17259386	42	RESP=1
17268804	42	STIM=2
17274934	42	RESP=2
17284252	42	STIM=g
17289455	42	RESP=1
17302973	42	STIM=1
17309597	42	RESP=2
17321717	42	STIM=z
17329675	42	RESP=1
17340342	42	STIM=7
17347034	42	RESP=2
17357951	42	STIM=e
17363432	42	RESP=1
17374855	42	STIM=0
17382713	42	RESP=2
17392391	42	STIM=a
17396966	42	RESP=1
17409214	42	STIM=k
17419397	42	RESP=1
17425484	42	STIM=d
17429960	42	RESP=1
17443618	42	STIM=v
17448947	42	RESP=1
17461487	42	STIM=a
17466276	42	RESP=1
17479882	42	STIM=u
17486935	42	RESP=1
17498054	42	STIM=w
17506296	42	RESP=1
17513288	42	STIM=6
17519755	42	RESP=1
17530363	42	STIM=3
17535350	42	RESP=2
17548897	42	STIM=h
17555695	42	RESP=1
17567266	42	STIM=b
17573663	42	RESP=1
17585710	42	STIM=n
17591615	42	RESP=1
17600954	42	STIM=k
17608926	42	RESP=1
17618696	42	STIM=i
17625421	42	RESP=1
17637136	42	STIM=9
17642882	42	RESP=2
17653859	42	STIM=i
17659143	42	RESP=1
17669045	42	STIM=v
17675095	42	RESP=1
17684649	42	STIM=m
17689054	42	RESP=1
17702621	42	STIM=5
17710468	42	RESP=2
17721058	42	STIM=7
17731216	42	RESP=2
17739018	42	STIM=p
17745681	42	RESP=1
17754688	42	STIM=z
17759484	42	RESP=1
17772400	42	STIM=b
17777441	42	RESP=1
17790040	42	STIM=6
17795871	42	RESP=2
17808170	42	STIM=e
17816340	42	RESP=1
17825588	42	STIM=w
17832211	42	RESP=1
17844435	42	STIM=p
17854942	42	RESP=1
17862985	42	STIM=l
17871494	42	RESP=1
17880705	42	STIM=j
17885879	42	RESP=1
17897825	42	STIM=l
17903359	42	RESP=1
17915897	42	STIM=i
17922571	42	RESP=1
17932630	42	STIM=l
17939889	42	RESP=1
17948908	42	STIM=1
17955153	42	RESP=1
17965539	42	STIM=b
17970057	42	RESP=1
17980777	42	STIM=1
17985758	42	RESP=2
17997747	42	STIM=o
18001138	42	RESP=1
18015789	42	STIM=5
18022574	42	RESP=1
18032617	42	STIM=z
18035286	42	RESP=1
18051491	42	STIM=g
18060345	42	RESP=1
18066568	42	STIM=w
18071032	42	RESP=1
18083068	42	STIM=q
18095809	42	RESP=1
18099464	42	STIM=r
18102984	42	RESP=1
18116829	42	STIM=e
18121745	42	RESP=2
18134207	42	STIM=k
18142239	42	RESP=1
18151873	42	STIM=b
18156433	42	RESP=1
18170350	42	STIM=k
18176892	42	RESP=1
18187057	42	STIM=i
18191849	42	RESP=1
18204676	42	STIM=e
18208061	42	RESP=1
18219903	42	STIM=h
18225822	42	RESP=1
18237246	42	STIM=s
18241834	42	RESP=1
18254224	42	STIM=y
18266118	42	RESP=1
18269241	42	STIM=b
18271804	42	RESP=1
18287849	42	STIM=w
18293547	42	RESP=1
18303398	42	STIM=p
18309425	42	RESP=1
18322168	42	STIM=n
18327673	42	RESP=2
18339038	42	STIM=o
18344144	42	RESP=1
18356766	42	STIM=p
18362151	42	RESP=1
18373110	42	STIM=c
18377449	42	RESP=1
18389550	42	STIM=n
18395111	42	RESP=1
18405625	42	STIM=f
18411244	42	RESP=1
18424218	42	STIM=l
18434680	42	RESP=1
18443018	42	STIM=h
18449911	42	RESP=1
18460118	42	STIM=l
18462879	42	RESP=1
18476234	42	STIM=s
18480946	42	RESP=2
18493037	42	STIM=o
18496474	42	RESP=2
18510806	42	STIM=a
18521735	42	RESP=1
18525962	42	STIM=b
18528883	42	RESP=1
18543623	42	STIM=l
18548670	42	RESP=2
18560976	42	STIM=w
18568327	42	RESP=1
18578508	42	STIM=1
18591074	42	RESP=2
18595068	42	STIM=1
18600856	42	RESP=1
18612455	42	STIM=o
18616856	42	RESP=1
18629663	42	STIM=c
18635105	42	RESP=1
18647786	42	STIM=6
18653678	42	RESP=2
18664556	42	STIM=l
18670456	42	RESP=1
18680993	42	STIM=b
18689523	42	RESP=1
18697327	42	STIM=k
18702832	42	RESP=1
18713780	42	STIM=t
18719646	42	RESP=1
18729321	42	STIM=1
18735393	42	RESP=2
18746113	42	STIM=l
18755085	42	RESP=1
18763437	42	STIM=r
18770586	42	RESP=1
18781138	42	STIM=h
18785268	42	RESP=1
18798932	42	STIM=i
18804264	42	RESP=1
18816963	42	STIM=d
18822162	42	RESP=1
18835481	42	STIM=c
18839129	42	RESP=1
18851103	42	STIM=o
18855382	42	RESP=1
18869558	42	STIM=f
18876215	42	RESP=1
18888255	42	STIM=i
18894216	42	RESP=1
18904824	42	STIM=o
18908062	42	RESP=1
18921566	42	STIM=g
18926625	42	RESP=1
18937855	42	STIM=f
18948284	42	RESP=1
18956751	42	STIM=1
18966062	42	RESP=2
18971855	42	STIM=5
18975991	42	RESP=1
18988668	42	STIM=k
18993021	42	RESP=1
19006234	42	STIM=t
19019560	42	RESP=1
19023306	42	STIM=c
19029321	42	RESP=1
19040592	42	STIM=w
19043859	42	RESP=1
19057230	42	STIM=2
19062467	42	RESP=2
19075285	42	STIM=1
19081399	42	RESP=2
19092759	42	STIM=e
19099793	42	RESP=1
19111064	42	STIM=0
19117950	42	RESP=2
19128700	42	STIM=t
19133996	42	RESP=1
19144002	42	STIM=r
19149358	42	RESP=1
19160529	42	STIM=k
19164083	42	RESP=1
19179020	42	STIM=i
19184910	42	RESP=1
19197719	42	STIM=f
19202705	42	RESP=1
19216381	42	STIM=z
19225189	42	RESP=1
19233228	42	STIM=o
19237802	42	RESP=1
19250611	42	STIM=g
19254963	42	RESP=1
19265986	42	STIM=v
19269504	42	RESP=1
19283570	42	STIM=t
19287906	42	RESP=1
19300485	42	STIM=y
19306607	42	RESP=1
19317558	42	STIM=n
19323956	42	RESP=1
19336232	42	STIM=j
19339522	42	RESP=1
19353285	42	STIM=t
19357973	42	RESP=1
19371422	42	STIM=a
19374563	42	RESP=1
19387235	42	STIM=1
19394772	42	RESP=2
19405515	42	STIM=o
19410647	42	RESP=1
19421314	42	STIM=h
19430228	42	RESP=1
19438340	42	STIM=u
19443667	42	RESP=1
19456723	42	STIM=c
19460867	42	RESP=2
19474730	42	STIM=t
19480697	42	RESP=1
19490370	42	STIM=u
19494975	42	RESP=1
19508143	42	STIM=x
19517739	42	RESP=1
19524888	42	STIM=0
19536127	42	RESP=2
19543222	42	STIM=1
19549977	42	RESP=1
19558997	42	STIM=a
19563263	42	RESP=1
19576974	42	STIM=r
19580266	42	RESP=1
19595431	42	STIM=8
19599827	42	RESP=2
19611870	42	STIM=6
19618813	42	RESP=2
19627751	42	STIM=1
19635530	42	RESP=2
19643739	42	STIM=x
19649105	42	RESP=1
19659651	42	STIM=z
19667039	42	RESP=1
19678609	42	STIM=4
19685972	42	RESP=2
19695566	42	STIM=u
19702133	42	RESP=1
19712062	42	STIM=m
19716939	42	RESP=1
19727094	42	STIM=j
19730554	42	RESP=1
19745073	42	STIM=j
19751633	42	RESP=1
19762023	42	STIM=w
19771922	42	RESP=1
19779655	42	STIM=e
19787848	42	RESP=1
19795076	42	STIM=h
19800753	42	RESP=1
19812391	42	STIM=a
19816925	42	RESP=1
19829128	42	STIM=n
19836206	42	RESP=1
19845950	42	STIM=g
19851497	42	RESP=1
19862563	42	STIM=m
19868172	42	RESP=1
19878811	42	STIM=i
19884754	42	RESP=1
19895949	42	STIM=x
19901079	42	RESP=1
19914900	42	STIM=m
19919930	42	RESP=1
19933158	42	STIM=f
19939543	42	RESP=1
19951633	42	STIM=i
19962770	42	RESP=1
19968035	42	STIM=z
19973364	42	RESP=1
19985423	42	STIM=6
19991508	42	RESP=1
20002442	42	STIM=a
20007702	42	RESP=1
20019926	42	STIM=6
20027840	42	RESP=2
20035091	42	STIM=n
20039328	42	RESP=1
20050194	42	STIM=y
20054119	42	RESP=1
20067468	42	STIM=i
20071823	42	RESP=1
20082661	42	STIM=6
20088138	42	RESP=2
20101106	42	STIM=h
20105146	42	RESP=1
20117221	42	STIM=2
20124572	42	RESP=2
20133578	42	STIM=d
20137868	42	RESP=1
20150358	42	STIM=m
20153893	42	RESP=1
20165591	42	STIM=s
20173443	42	RESP=1
20181315	42	STIM=k
20188670	42	RESP=1
20199634	42	STIM=y
20203593	42	RESP=1
20215090	42	STIM=z
20220812	42	RESP=1
20232468	42	STIM=f
20237344	42	RESP=1
20249751	42	STIM=t
20258694	42	RESP=1
20267750	42	STIM=b
20275049	42	RESP=1
20283924	42	STIM=m
20288389	42	RESP=1
20299426	42	STIM=j
20303966	42	RESP=1
20317129	42	STIM=w
20325215	42	RESP=1
20334091	42	STIM=7
20340647	42	RESP=2
20349513	42	STIM=f
20356095	42	RESP=1
20368490	42	STIM=j
20373420	42	RESP=1
20384083	42	STIM=v
20389920	42	RESP=1
20402312	42	STIM=i
20408633	42	RESP=1
20417836	42	STIM=b
20422880	42	RESP=1
20433909	42	STIM=n
20439836	42	RESP=1
20449222	42	STIM=p
20453282	42	RESP=1
20465370	42	STIM=6
20470566	42	RESP=1
20483595	42	STIM=u
20490867	42	RESP=1
20500556	42	STIM=l
20504734	42	RESP=1
20519088	42	STIM=x
20522789	42	RESP=1
20537481	42	STIM=p
20544098	42	RESP=1
20553638	42	STIM=j
20561652	42	RESP=1
20569398	42	STIM=y
20575836	42	RESP=1
20586071	42	STIM=h
20592036	42	RESP=1
20604765	42	STIM=q
20612097	42	RESP=2
20622372	42	STIM=t
20627399	42	RESP=1
20641156	42	STIM=v
20645326	42	RESP=1
20659923	42	STIM=u
20673011	42	RESP=1
20677749	42	STIM=l
20686872	42	RESP=1
20696395	42	STIM=2
20701491	42	RESP=2
20713828	42	STIM=4
20718483	42	RESP=2
20729375	42	STIM=e
20733714	42	RESP=1
20747494	42	STIM=y
20754889	42	RESP=1
20765543	42	STIM=x
20770936	42	RESP=1
20783476	42	STIM=e
20789304	42	RESP=1
20802275	42	STIM=x
20809223	42	RESP=2
20819270	42	STIM=y
20823970	42	RESP=1
20834377	42	STIM=w
20840945	42	RESP=1
20852307	42	STIM=r
20854942	42	RESP=1
20867725	42	STIM=6
20873510	42	RESP=1
20884637	42	STIM=d
20891530	42	RESP=1
20899726	42	STIM=e
20908252	42	RESP=1
20917384	42	STIM=o
20921174	42	RESP=1
20935313	42	STIM=1
20943645	42	RESP=2
20951485	42	STIM=t
20956268	42	RESP=1
20970482	42	STIM=u
20976225	42	RESP=1
20989478	42	STIM=o
20999949	42	RESP=1
21006808	42	STIM=n
21014121	42	RESP=1
21024028	42	STIM=i
21028769	42	RESP=1
21039822	42	STIM=7
21046502	42	RESP=2
21056729	42	STIM=s
21060631	42	RESP=1
21074224	42	STIM=a
21078798	42	RESP=1
21090242	42	STIM=u
21097447	42	RESP=1
21106322	42	STIM=c
21110990	42	RESP=1
21122014	42	STIM=y
21129272	42	RESP=2
21140119	42	STIM=d
21144881	42	RESP=1
21157219	42	STIM=n
21161533	42	RESP=1
21174594	42	STIM=3
21183775	42	RESP=2
21193383	42	STIM=h
21196778	42	RESP=1
21210468	42	STIM=p
21215190	42	RESP=1
21225893	42	STIM=q
21232911	42	RESP=1
21244718	42	STIM=t
21248820	42	RESP=1
21260787	42	STIM=8
21267935	42	RESP=2
21278939	42	STIM=c
21281869	42	RESP=1
21294101	42	STIM=j
21300903	42	RESP=1
21312307	42	STIM=s
21315989	42	RESP=1
21329717	42	STIM=4
21333435	42	RESP=2
21346521	42	STIM=t
21350952	42	RESP=1
21363925	42	STIM=g
21371137	42	RESP=1
21382001	42	STIM=p
21385718	42	RESP=1
21398973	42	STIM=y
21403556	42	RESP=1
21414586	42	STIM=n
21422838	42	RESP=1
21431436	42	STIM=q
21438011	42	RESP=1
21448214	42	STIM=i
21455023	42	RESP=1
21463897	42	STIM=1
21469592	42	RESP=2
21481520	42	STIM=x
21486097	42	RESP=1
21497902	42	STIM=f
21504139	42	RESP=1
21516833	42	STIM=l
21520672	42	RESP=1
21534824	42	STIM=a
21539184	42	RESP=1
21550320	42	STIM=q
21554222	42	RESP=1
21567254	42	STIM=6
21574667	42	RESP=2
21582538	42	STIM=m
21588877	42	RESP=1
21599223	42	STIM=j
21603924	42	RESP=1
21616156	42	STIM=f
21621234	42	RESP=1
21633888	42	STIM=w
21639139	42	RESP=1
21651501	42	STIM=7
21657743	42	RESP=2
21669362	42	STIM=7
21675173	42	RESP=2
21687986	42	STIM=t
21692502	42	RESP=1
21706969	42	STIM=t
21711231	42	RESP=1
21722939	42	STIM=j
21727128	42	RESP=1
21739300	42	STIM=b
21749205	42	RESP=1
21756019	42	STIM=j
21759009	42	RESP=1
21772920	42	STIM=s
21780099	42	RESP=1
21788546	42	STIM=j
21794961	42	RESP=1
21806970	42	STIM=l
21818962	42	RESP=1
21824278	42	STIM=z
21829531	42	RESP=1
