# Original filename: 0058_FIQ_2017-03-08.log
# Time unit: 100 us
# RARECAT=digit
#
# Time	HHGG	Event
27127	42	STIM=k
33156	42	RESP=1
45444	42	STIM=e
48287	42	RESP=1
62954	42	STIM=i
67593	42	RESP=1
79620	42	STIM=c
87354	42	RESP=1
95470	42	STIM=a
100880	42	RESP=1
112495	42	STIM=a
122829	42	RESP=1
128164	42	STIM=6
136154	42	RESP=2
143346	42	STIM=o
147762	42	RESP=1
160078	42	STIM=k
166940	42	RESP=1
176960	42	STIM=a
181219	42	RESP=1
195314	42	STIM=r
202580	42	RESP=1
210478	42	STIM=p
215283	42	RESP=1
227736	42	STIM=r
242313	42	RESP=1
245051	42	STIM=q
248443	42	RESP=1
261519	42	STIM=a
265864	42	RESP=1
277349	42	STIM=e
286218	42	RESP=1
295021	42	STIM=r
302065	42	RESP=1
313658	42	STIM=0
319031	42	RESP=2
328791	42	STIM=p
334184	42	RESP=1
346030	42	STIM=z
353185	42	RESP=1
362671	42	STIM=0
368264	42	RESP=2
381191	42	STIM=b
384479	42	RESP=1
399985	42	STIM=0
409453	42	RESP=2
416259	42	STIM=g
422862	42	RESP=1
432853	42	STIM=8
438851	42	RESP=2
448725	42	STIM=4
459849	42	RESP=2
464707	42	STIM=g
468370	42	RESP=1
482018	42	STIM=b
489069	42	RESP=1
499775	42	STIM=r
503357	42	RESP=1
515889	42	STIM=2
524928	42	RESP=2
531169	42	STIM=5
536305	42	RESP=2
547975	42	STIM=6
557819	42	RESP=2
564106	42	STIM=k
567039	42	RESP=1
580454	42	STIM=l
585088	42	RESP=1
597271	42	STIM=x
600872	42	RESP=1
615044	42	STIM=j
621876	42	RESP=1
630365	42	STIM=x
635524	42	RESP=1
646024	42	STIM=q
653879	42	RESP=1
664966	42	STIM=l
672232	42	RESP=1
682892	42	STIM=g
688639	42	RESP=1
699745	42	STIM=z
703485	42	RESP=1
717527	42	STIM=8
723018	42	RESP=2
732878	42	STIM=i
737185	42	RESP=1
751351	42	STIM=f
758598	42	RESP=1
767336	42	STIM=t
770717	42	RESP=1
785788	42	STIM=n
795487	42	RESP=2
802246	42	STIM=3
810692	42	RESP=2
821014	42	STIM=v
827089	42	RESP=1
838238	42	STIM=4
847397	42	RESP=2
857194	42	STIM=n
863179	42	RESP=1
876100	42	STIM=t
880458	42	RESP=1
894666	42	STIM=m
901682	42	RESP=1
910766	42	STIM=j
919572	42	RESP=1
928799	42	STIM=h
939652	42	RESP=1
947173	42	STIM=k
954992	42	RESP=1
965330	42	STIM=o
971573	42	RESP=1
981138	42	STIM=3
991327	42	RESP=2
999547	42	STIM=r
1015879	42	RESP=1
1018495	42	STIM=b
1023504	42	RESP=1
1035981	42	STIM=1
1041277	42	RESP=2
1051085	42	STIM=o
1058612	42	RESP=1
1067600	42	STIM=4
1076415	42	RESP=2
1085138	42	STIM=m
1090347	42	RESP=1
1101454	42	STIM=n
1109078	42	RESP=1
1119756	42	STIM=o
1127406	42	RESP=1
1136526	42	STIM=1
1150744	42	RESP=2
1153891	42	STIM=x
1159388	42	RESP=1
1170751	42	STIM=b
1178462	42	RESP=1
1186293	42	STIM=o
1190301	42	RESP=1
1201987	42	STIM=q
1204942	42	RESP=1
1220375	42	STIM=j
1225177	42	RESP=1
1239005	42	STIM=q
1242298	42	RESP=1
1255367	42	STIM=h
1264934	42	RESP=1
1274261	42	STIM=w
1278901	42	RESP=1
1291390	42	STIM=8
1297364	42	RESP=1
1306416	42	STIM=g
1311464	42	RESP=1
1324644	42	STIM=b
1329867	42	RESP=1
1342284	42	STIM=n
1347586	42	RESP=1
1358201	42	STIM=c
1362957	42	RESP=1
1374693	42	STIM=x
1379488	42	RESP=1
1393341	42	STIM=n
1401934	42	RESP=1
1410138	42	STIM=g
1413373	42	RESP=1
1426942	42	STIM=k
1431408	42	RESP=1
1443738	42	STIM=l
1452128	42	RESP=1
1459245	42	STIM=l
1469223	42	RESP=1
1474267	42	STIM=q
1478544	42	RESP=1
1491967	42	STIM=c
1497604	42	RESP=1
1508983	42	STIM=n
1516299	42	RESP=1
1527764	42	STIM=x
1532596	42	RESP=1
1544805	42	STIM=e
1556397	42	RESP=1
1561169	42	STIM=m
1566027	42	RESP=1
1578334	42	STIM=n
1584210	42	RESP=1
1596312	42	STIM=m
1600215	42	RESP=1
1612418	42	STIM=i
1617402	42	RESP=1
1629590	42	STIM=s
1636680	42	RESP=1
1648365	42	STIM=k
1659711	42	RESP=1
1664999	42	STIM=t
1667893	42	RESP=1
1680079	42	STIM=d
1684993	42	RESP=1
1697273	42	STIM=u
1703622	42	RESP=1
1712493	42	STIM=8
1719533	42	RESP=1
1728732	42	STIM=n
1733973	42	RESP=1
1744907	42	STIM=n
1750973	42	RESP=1
1761199	42	STIM=w
1767856	42	RESP=1
1779819	42	STIM=k
1784190	42	RESP=1
1797494	42	STIM=h
1801451	42	RESP=1
1815444	42	STIM=l
1822590	42	RESP=1
1832301	42	STIM=k
1837793	42	RESP=1
1850628	42	STIM=b
1856920	42	RESP=1
1865948	42	STIM=f
1868522	42	RESP=1
1881645	42	STIM=f
1885422	42	RESP=1
1900359	42	STIM=d
1904108	42	RESP=1
1919244	42	STIM=1
1927543	42	RESP=1
1936415	42	STIM=o
1941055	42	RESP=1
1955151	42	STIM=0
1960202	42	RESP=2
1973277	42	STIM=1
1978507	42	RESP=2
1988444	42	STIM=r
1992205	42	RESP=1
2004963	42	STIM=5
2011522	42	RESP=1
2021211	42	STIM=j
2025389	42	RESP=2
2037163	42	STIM=j
2046253	42	RESP=1
2053500	42	STIM=a
2062973	42	RESP=1
2071205	42	STIM=j
2076769	42	RESP=1
2088021	42	STIM=8
2096699	42	RESP=1
2104922	42	STIM=h
2110736	42	RESP=2
2120624	42	STIM=s
2125201	42	RESP=1
2138337	42	STIM=m
2146552	42	RESP=1
2154120	42	STIM=s
2159637	42	RESP=1
2171956	42	STIM=n
2178396	42	RESP=1
2189200	42	STIM=w
2193707	42	RESP=1
2207545	42	STIM=a
2212539	42	RESP=1
2223827	42	STIM=l
2230045	42	RESP=1
2241024	42	STIM=u
2248510	42	RESP=1
2259942	42	STIM=4
2267622	42	RESP=2
2276490	42	STIM=t
2280468	42	RESP=1
2295416	42	STIM=8
2305646	42	RESP=2
2311971	42	STIM=i
2322310	42	RESP=1
2330716	42	STIM=e
2335398	42	RESP=1
2345756	42	STIM=3
2351453	42	RESP=2
2364260	42	STIM=p
2368886	42	RESP=1
2381820	42	STIM=4
2393410	42	RESP=2
2398260	42	STIM=i
2402509	42	RESP=1
2415346	42	STIM=6
2419973	42	RESP=2
2431767	42	STIM=p
2435873	42	RESP=1
2447316	42	STIM=b
2451521	42	RESP=1
2464161	42	STIM=u
2470244	42	RESP=1
2482308	42	STIM=5
2491208	42	RESP=2
2500688	42	STIM=9
2513440	42	RESP=2
2519106	42	STIM=o
2521902	42	RESP=2
2536353	42	STIM=h
2542316	42	RESP=2
2554841	42	STIM=b
2562703	42	RESP=1
2571845	42	STIM=d
2577956	42	RESP=1
2588830	42	STIM=2
2597724	42	RESP=2
2603901	42	STIM=v
2608776	42	RESP=1
2620120	42	STIM=i
2624454	42	RESP=1
2635985	42	STIM=l
2642251	42	RESP=1
2651602	42	STIM=x
2662333	42	RESP=1
2668101	42	STIM=g
2672782	42	RESP=1
2685454	42	STIM=6
2691787	42	RESP=1
2704313	42	STIM=k
2710798	42	RESP=1
2722017	42	STIM=b
2725087	42	RESP=1
2737390	42	STIM=q
2740918	42	RESP=1
2753579	42	STIM=7
2757893	42	RESP=2
2770570	42	STIM=d
2776719	42	RESP=1
2788260	42	STIM=f
2794526	42	RESP=1
2804967	42	STIM=y
2814127	42	RESP=1
2822989	42	STIM=7
2831083	42	RESP=2
2838288	42	STIM=z
2844861	42	RESP=1
2857111	42	STIM=d
2866351	42	RESP=1
2874736	42	STIM=7
2883108	42	RESP=1
2892526	42	STIM=j
2896737	42	RESP=1
2909623	42	STIM=o
2916648	42	RESP=1
2924741	42	STIM=w
2933423	42	RESP=1
2942120	42	STIM=g
2947536	42	RESP=1
2957415	42	STIM=h
2967849	42	RESP=1
2972487	42	STIM=z
2977659	42	RESP=1
2989472	42	STIM=2
2994141	42	RESP=2
3007750	42	STIM=c
3017290	42	RESP=1
3025968	42	STIM=b
3029044	42	RESP=1
3044951	42	STIM=q
3051130	42	RESP=2
3060757	42	STIM=l
3067856	42	RESP=2
3075823	42	STIM=n
3082998	42	RESP=1
3094460	42	STIM=v
3100528	42	RESP=1
3112934	42	STIM=7
3121082	42	RESP=2
3128259	42	STIM=s
3137921	42	RESP=1
3144192	42	STIM=k
3148627	42	RESP=1
3162088	42	STIM=a
3166981	42	RESP=1
3177520	42	STIM=y
3184379	42	RESP=1
3193361	42	STIM=d
3197605	42	RESP=1
3211255	42	STIM=m
3217037	42	RESP=1
3229435	42	STIM=c
3234263	42	RESP=1
3246613	42	STIM=w
3251140	42	RESP=1
3262848	42	STIM=y
3266773	42	RESP=1
3281298	42	STIM=v
3287712	42	RESP=1
3297480	42	STIM=q
3300557	42	RESP=1
3315605	42	STIM=g
3321966	42	RESP=1
3333716	42	STIM=i
3337317	42	RESP=1
3350071	42	STIM=g
3357828	42	RESP=1
3366849	42	STIM=h
3380447	42	RESP=1
3385098	42	STIM=w
3389448	42	RESP=1
3402537	42	STIM=p
3409230	42	RESP=1
3421126	42	STIM=r
3427215	42	RESP=1
3438033	42	STIM=v
3449611	42	RESP=1
3455000	42	STIM=5
3463298	42	RESP=2
3473464	42	STIM=p
3483487	42	RESP=1
3489156	42	STIM=g
3494880	42	RESP=1
3508044	42	STIM=9
3515440	42	RESP=2
3526475	42	STIM=l
3532762	42	RESP=1
3544902	42	STIM=0
3551089	42	RESP=2
3560209	42	STIM=h
3563707	42	RESP=1
3579089	42	STIM=g
3584380	42	RESP=1
3597189	42	STIM=k
3603141	42	RESP=1
3614686	42	STIM=a
3618766	42	RESP=1
3631774	42	STIM=0
3638227	42	RESP=2
3649632	42	STIM=d
3655230	42	RESP=1
3667858	42	STIM=y
3674192	42	RESP=1
3686637	42	STIM=r
3693896	42	RESP=1
3701946	42	STIM=f
3712591	42	RESP=1
3717427	42	STIM=y
3725112	42	RESP=1
3734495	42	STIM=y
3742350	42	RESP=1
3753338	42	STIM=k
3757495	42	RESP=1
3770912	42	STIM=d
3782764	42	RESP=1
3786220	42	STIM=5
3791880	42	RESP=2
3804711	42	STIM=p
3807946	42	RESP=1
3822931	42	STIM=l
3831400	42	RESP=1
3841400	42	STIM=e
3849490	42	RESP=1
3856908	42	STIM=z
3864369	42	RESP=1
3875345	42	STIM=1
3881349	42	RESP=2
3890736	42	STIM=f
3896250	42	RESP=1
3909685	42	STIM=o
3919313	42	RESP=1
3928450	42	STIM=i
3942784	42	RESP=1
3945979	42	STIM=5
3951611	42	RESP=2
3964355	42	STIM=q
3969804	42	RESP=1
3979952	42	STIM=6
3985602	42	RESP=2
3998558	42	STIM=a
4001321	42	RESP=1
4016403	42	STIM=u
4024889	42	RESP=2
4031844	42	STIM=m
4036052	42	RESP=1
4048429	42	STIM=q
4052491	42	RESP=1
4065765	42	STIM=j
4072849	42	RESP=1
4084663	42	STIM=b
4089567	42	RESP=1
4102896	42	STIM=t
4108546	42	RESP=1
4120277	42	STIM=p
4123814	42	RESP=1
4137500	42	STIM=1
4141762	42	RESP=2
4156084	42	STIM=k
4160744	42	RESP=1
4173180	42	STIM=5
4178635	42	RESP=1
4189314	42	STIM=x
4194610	42	RESP=1
4207792	42	STIM=g
4210754	42	RESP=1
4226559	42	STIM=w
4229668	42	RESP=1
4244733	42	STIM=1
4249704	42	RESP=2
4262271	42	STIM=t
4266435	42	RESP=1
4280133	42	STIM=g
4283732	42	RESP=1
4295636	42	STIM=y
4300867	42	RESP=1
4313567	42	STIM=f
4320982	42	RESP=1
4331689	42	STIM=m
4335709	42	RESP=1
4349116	42	STIM=i
4356190	42	RESP=1
4364681	42	STIM=8
4370541	42	RESP=2
4381723	42	STIM=h
4386009	42	RESP=1
4398926	42	STIM=5
4411450	42	RESP=2
4416023	42	STIM=8
4419769	42	RESP=2
4432141	42	STIM=n
4439140	42	RESP=1
4448018	42	STIM=y
4451599	42	RESP=1
4465637	42	STIM=p
4470730	42	RESP=1
4482943	42	STIM=g
4486651	42	RESP=1
4501661	42	STIM=g
4506251	42	RESP=1
4517320	42	STIM=8
4526724	42	RESP=1
4532518	42	STIM=z
4542175	42	RESP=1
4550218	42	STIM=w
4558529	42	RESP=1
4567753	42	STIM=w
4571764	42	RESP=1
4585331	42	STIM=4
4590525	42	RESP=2
4603514	42	STIM=q
4611292	42	RESP=1
4619456	42	STIM=6
4624358	42	RESP=2
4638028	42	STIM=h
4643161	42	RESP=1
4654486	42	STIM=u
4658545	42	RESP=1
4669960	42	STIM=v
4673517	42	RESP=1
4687318	42	STIM=n
4690644	42	RESP=1
4704978	42	STIM=i
4708217	42	RESP=1
4721608	42	STIM=q
4729646	42	RESP=1
4737626	42	STIM=x
4740764	42	RESP=1
4753196	42	STIM=n
4757975	42	RESP=1
4768755	42	STIM=f
4772433	42	RESP=1
4784832	42	STIM=4
4790892	42	RESP=2
4799962	42	STIM=n
4804090	42	RESP=1
4816450	42	STIM=v
4824231	42	RESP=1
4832941	42	STIM=a
4837644	42	RESP=1
4851339	42	STIM=z
4855003	42	RESP=1
4867276	42	STIM=y
4870381	42	RESP=1
4883523	42	STIM=y
4887590	42	RESP=1
4902381	42	STIM=h
4906680	42	RESP=1
4920652	42	STIM=9
4926468	42	RESP=2
4936360	42	STIM=k
4941542	42	RESP=1
4951450	42	STIM=l
4956477	42	RESP=1
4967541	42	STIM=d
4973442	42	RESP=1
4985718	42	STIM=f
4991742	42	RESP=1
5001501	42	STIM=t
5005654	42	RESP=1
5019458	42	STIM=7
5027761	42	RESP=2
5038074	42	STIM=x
5042384	42	RESP=1
5055558	42	STIM=l
5064795	42	RESP=1
5074431	42	STIM=t
5078527	42	RESP=1
5090304	42	STIM=b
5095039	42	RESP=1
5108074	42	STIM=p
5113568	42	RESP=1
5125209	42	STIM=v
5131116	42	RESP=1
5140420	42	STIM=1
5145522	42	RESP=2
5156757	42	STIM=s
5164714	42	RESP=1
5171937	42	STIM=y
5185487	42	RESP=1
5189380	42	STIM=u
5193336	42	RESP=1
5208295	42	STIM=4
5214576	42	RESP=1
5226924	42	STIM=j
5230380	42	RESP=1
5245895	42	STIM=p
5250676	42	RESP=1
5264632	42	STIM=i
5275235	42	RESP=1
5283580	42	STIM=d
5287166	42	RESP=1
5300920	42	STIM=s
5306567	42	RESP=1
5316812	42	STIM=q
5324358	42	RESP=1
5334625	42	STIM=n
5344147	42	RESP=1
5350825	42	STIM=k
5355016	42	RESP=1
5366835	42	STIM=c
5370686	42	RESP=1
5383500	42	STIM=s
5388001	42	RESP=1
5399605	42	STIM=4
5405440	42	RESP=2
5418051	42	STIM=u
5422304	42	RESP=1
5436354	42	STIM=t
5440558	42	RESP=1
5452323	42	STIM=b
5459515	42	RESP=1
5470810	42	STIM=t
5477385	42	RESP=1
5485891	42	STIM=f
5490548	42	RESP=1
5501052	42	STIM=b
5503390	42	RESP=1
5516654	42	STIM=k
5527925	42	RESP=1
5533383	42	STIM=q
5538101	42	RESP=1
5550471	42	STIM=p
5556932	42	RESP=1
5568186	42	STIM=j
5573094	42	RESP=1
5586189	42	STIM=q
5597375	42	RESP=2
5602176	42	STIM=a
5610629	42	RESP=1
5618550	42	STIM=o
5625138	42	RESP=1
5634264	42	STIM=y
5639042	42	RESP=1
5649721	42	STIM=d
5654288	42	RESP=1
5667864	42	STIM=4
5678960	42	RESP=2
5685544	42	STIM=y
5693410	42	RESP=1
5704327	42	STIM=m
5708784	42	RESP=1
5722636	42	STIM=9
5729477	42	RESP=2
5738690	42	STIM=d
5746898	42	RESP=1
5756289	42	STIM=1
5761937	42	RESP=2
5774855	42	STIM=x
5780373	42	RESP=1
5793752	42	STIM=a
5798590	42	RESP=1
5808914	42	STIM=9
5819463	42	RESP=2
5824489	42	STIM=h
5828065	42	RESP=1
5841171	42	STIM=8
5845224	42	RESP=2
5857964	42	STIM=y
5860801	42	RESP=1
5876075	42	STIM=q
5882169	42	RESP=1
5892801	42	STIM=q
5897294	42	RESP=2
5909241	42	STIM=z
5920747	42	RESP=1
5926451	42	STIM=p
5929753	42	RESP=1
5944687	42	STIM=f
5950326	42	RESP=2
5962457	42	STIM=i
5974179	42	RESP=1
5977464	42	STIM=t
5983788	42	RESP=2
5995653	42	STIM=o
6004216	42	RESP=2
6011129	42	STIM=p
6017156	42	RESP=1
6030004	42	STIM=s
6032986	42	RESP=1
6048495	42	STIM=e
6051951	42	RESP=1
6067023	42	STIM=e
6074071	42	RESP=2
6084847	42	STIM=v
6088309	42	RESP=1
6102723	42	STIM=f
6108903	42	RESP=1
6119634	42	STIM=f
6125292	42	RESP=1
6138329	42	STIM=i
6141252	42	RESP=1
6153365	42	STIM=d
6156249	42	RESP=1
6170241	42	STIM=b
6172894	42	RESP=1
6188239	42	STIM=i
6195033	42	RESP=2
6204239	42	STIM=w
6210787	42	RESP=1
6219589	42	STIM=b
6226108	42	RESP=1
6238203	42	STIM=3
6244629	42	RESP=2
6254118	42	STIM=e
6260211	42	RESP=1
6272851	42	STIM=3
6282915	42	RESP=2
6289891	42	STIM=f
6298454	42	RESP=1
6305236	42	STIM=g
6308710	42	RESP=1
6321725	42	STIM=u
6333980	42	RESP=2
6340161	42	STIM=g
6345142	42	RESP=1
6355700	42	STIM=e
6362599	42	RESP=1
6372344	42	STIM=t
6377915	42	RESP=1
6389796	42	STIM=b
6395998	42	RESP=1
6406437	42	STIM=v
6417240	42	RESP=1
6421953	42	STIM=r
6425900	42	RESP=1
6437265	42	STIM=q
6444187	42	RESP=1
6455108	42	STIM=a
6457949	42	RESP=1
6472820	42	STIM=s
6482301	42	RESP=1
6489344	42	STIM=8
6500454	42	RESP=2
6507738	42	STIM=1
6513505	42	RESP=2
6524897	42	STIM=6
6530068	42	RESP=2
6543501	42	STIM=7
6549302	42	RESP=2
6558633	42	STIM=y
6562444	42	RESP=1
6575110	42	STIM=c
6578759	42	RESP=1
6591657	42	STIM=i
6597369	42	RESP=2
6610565	42	STIM=n
6615585	42	RESP=1
6627232	42	STIM=q
6636502	42	RESP=1
6644207	42	STIM=z
6658307	42	RESP=1
6659221	42	STIM=k
6663797	42	RESP=1
6675634	42	STIM=g
6679824	42	RESP=1
6690991	42	STIM=i
6698472	42	RESP=1
6706729	42	STIM=7
6712372	42	RESP=2
6721739	42	STIM=z
6726590	42	RESP=1
6739415	42	STIM=l
6745956	42	RESP=2
6756191	42	STIM=f
6759654	42	RESP=1
6771646	42	STIM=u
6775648	42	RESP=1
6790049	42	STIM=i
6795893	42	RESP=1
6808592	42	STIM=b
6819570	42	RESP=1
6825281	42	STIM=s
6830099	42	RESP=1
6841108	42	STIM=f
6851351	42	RESP=1
6859763	42	STIM=2
6865948	42	RESP=2
6876336	42	STIM=s
6882396	42	RESP=1
6894361	42	STIM=q
6900778	42	RESP=1
6910528	42	STIM=6
6916090	42	RESP=2
6927205	42	STIM=4
6931531	42	RESP=2
6943902	42	STIM=g
6950738	42	RESP=1
6962805	42	STIM=s
6968153	42	RESP=1
6981099	42	STIM=j
6991989	42	RESP=1
6996795	42	STIM=s
7004839	42	RESP=1
7012825	42	STIM=8
7019994	42	RESP=2
7030275	42	STIM=l
7036330	42	RESP=1
7045641	42	STIM=f
7053392	42	RESP=1
7064005	42	STIM=x
7067796	42	RESP=1
7082954	42	STIM=1
7087803	42	RESP=2
7100779	42	STIM=z
7105725	42	RESP=1
7118648	42	STIM=r
7124815	42	RESP=1
7135530	42	STIM=5
7141280	42	RESP=2
7153444	42	STIM=h
7159925	42	RESP=1
7171061	42	STIM=h
7177105	42	RESP=1
7189572	42	STIM=q
7194288	42	RESP=1
7206392	42	STIM=v
7210537	42	RESP=1
7223529	42	STIM=0
7232894	42	RESP=2
7239232	42	STIM=g
7245716	42	RESP=1
7256666	42	STIM=d
7262556	42	RESP=1
7273484	42	STIM=a
7282335	42	RESP=1
7290790	42	STIM=s
7294337	42	RESP=1
7309666	42	STIM=d
7313260	42	RESP=1
7326334	42	STIM=s
7331277	42	RESP=1
7345273	42	STIM=k
7353040	42	RESP=1
7360343	42	STIM=m
7365669	42	RESP=1
7375471	42	STIM=d
7380253	42	RESP=1
7392947	42	STIM=m
7396438	42	RESP=1
7408377	42	STIM=q
7414351	42	RESP=1
7424232	42	STIM=e
7428637	42	RESP=1
7442062	42	STIM=h
7449289	42	RESP=1
7457842	42	STIM=r
7466167	42	RESP=1
7474607	42	STIM=i
7482944	42	RESP=1
7492576	42	STIM=0
7501737	42	RESP=2
7510688	42	STIM=n
7515238	42	RESP=1
7526618	42	STIM=l
7532454	42	RESP=1
7543793	42	STIM=n
7549215	42	RESP=1
7561669	42	STIM=9
7569858	42	RESP=2
7578920	42	STIM=1
7585219	42	RESP=2
7595070	42	STIM=3
7600244	42	RESP=2
7612696	42	STIM=r
7618870	42	RESP=1
7631039	42	STIM=9
7637061	42	RESP=2
7646088	42	STIM=8
7654747	42	RESP=1
7664657	42	STIM=b
7668078	42	RESP=1
7681169	42	STIM=y
7690040	42	RESP=1
7699761	42	STIM=d
7705048	42	RESP=1
7714935	42	STIM=0
7721130	42	RESP=2
7730144	42	STIM=k
7733778	42	RESP=1
7746520	42	STIM=q
7751607	42	RESP=1
7762398	42	STIM=g
7767119	42	RESP=2
7779856	42	STIM=y
7784837	42	RESP=1
7797785	42	STIM=j
7802750	42	RESP=1
7813169	42	STIM=s
7818489	42	RESP=1
7830506	42	STIM=p
7835013	42	RESP=1
7848429	42	STIM=d
7853753	42	RESP=1
7867233	42	STIM=p
7875161	42	RESP=1
7882393	42	STIM=q
7886392	42	RESP=1
7898502	42	STIM=p
7901946	42	RESP=1
7913915	42	STIM=s
7916984	42	RESP=1
7929932	42	STIM=m
7933704	42	RESP=1
7946139	42	STIM=s
7952300	42	RESP=1
7964703	42	STIM=v
7968345	42	RESP=1
7981305	42	STIM=b
7993987	42	RESP=1
7996315	42	STIM=g
8004639	42	RESP=1
8014356	42	STIM=q
8018461	42	RESP=1
8030648	42	STIM=9
8037284	42	RESP=2
8045654	42	STIM=6
8051601	42	RESP=2
8062587	42	STIM=m
8069009	42	RESP=1
8080174	42	STIM=2
8088398	42	RESP=2
8099105	42	STIM=w
8104415	42	RESP=1
8116794	42	STIM=k
8124617	42	RESP=1
8133904	42	STIM=f
8141710	42	RESP=1
8151085	42	STIM=d
8156927	42	RESP=1
8169946	42	STIM=u
8176566	42	RESP=1
8186445	42	STIM=d
8192493	42	RESP=1
8204147	42	STIM=p
8209705	42	RESP=1
8221244	42	STIM=x
8227216	42	RESP=1
8240156	42	STIM=6
8249511	42	RESP=2
8255783	42	STIM=k
8260750	42	RESP=1
8271156	42	STIM=r
8275667	42	RESP=1
8288043	42	STIM=9
8294855	42	RESP=2
8304444	42	STIM=6
8314613	42	RESP=1
8321154	42	STIM=0
8326316	42	RESP=2
8338227	42	STIM=b
8343981	42	RESP=1
8353294	42	STIM=d
8361838	42	RESP=1
8369600	42	STIM=n
8378491	42	RESP=1
8385276	42	STIM=p
8394638	42	RESP=1
8403464	42	STIM=b
8406994	42	RESP=1
8421320	42	STIM=t
8427020	42	RESP=1
8437125	42	STIM=i
8442061	42	RESP=1
8453975	42	STIM=f
8458235	42	RESP=1
8471098	42	STIM=0
8479407	42	RESP=2
8487167	42	STIM=1
8491064	42	RESP=2
8503133	42	STIM=u
8509199	42	RESP=1
8520157	42	STIM=5
8525819	42	RESP=2
8537446	42	STIM=f
8548574	42	RESP=1
8554168	42	STIM=2
8559549	42	RESP=2
8570346	42	STIM=6
8577329	42	RESP=2
8587047	42	STIM=a
8594436	42	RESP=1
8604377	42	STIM=c
8612453	42	RESP=1
8621983	42	STIM=y
8625118	42	RESP=1
8638499	42	STIM=j
8647544	42	RESP=1
8653626	42	STIM=0
8658173	42	RESP=2
8669633	42	STIM=g
8676499	42	RESP=1
8687941	42	STIM=3
8695633	42	RESP=2
8704360	42	STIM=f
8708569	42	RESP=1
8720067	42	STIM=h
8727324	42	RESP=1
8735596	42	STIM=f
8740307	42	RESP=1
8752443	42	STIM=e
8757382	42	RESP=1
8770413	42	STIM=j
8774815	42	RESP=1
8787535	42	STIM=1
8795450	42	RESP=2
8804582	42	STIM=h
8811190	42	RESP=1
8819852	42	STIM=u
8826680	42	RESP=1
8835587	42	STIM=a
8842803	42	RESP=1
8851285	42	STIM=v
8859678	42	RESP=1
8869685	42	STIM=j
8876048	42	RESP=1
8888597	42	STIM=n
8893795	42	RESP=1
8906009	42	STIM=1
8910017	42	RESP=2
8922581	42	STIM=x
8930825	42	RESP=1
8937653	42	STIM=d
8945450	42	RESP=1
8956467	42	STIM=s
8966531	42	RESP=1
8974269	42	STIM=x
8979651	42	RESP=1
8991826	42	STIM=d
8995645	42	RESP=1
9009508	42	STIM=k
9018350	42	RESP=1
9028332	42	STIM=y
9033879	42	RESP=1
9043535	42	STIM=h
9048809	42	RESP=2
9061925	42	STIM=x
9068029	42	RESP=1
9078613	42	STIM=y
9084383	42	RESP=1
9096823	42	STIM=j
9102976	42	RESP=1
9114745	42	STIM=g
9119556	42	RESP=1
9130288	42	STIM=j
9134958	42	RESP=1
9147875	42	STIM=8
9152720	42	RESP=1
9164536	42	STIM=v
9169639	42	RESP=2
9181157	42	STIM=0
9188116	42	RESP=1
9197127	42	STIM=g
9201272	42	RESP=1
9215286	42	STIM=f
9218673	42	RESP=1
9231421	42	STIM=3
9235402	42	RESP=1
9249089	42	STIM=f
9253812	42	RESP=1
9267192	42	STIM=h
9277656	42	RESP=1
9282632	42	STIM=4
9286383	42	RESP=2
9299925	42	STIM=t
9308031	42	RESP=1
9317861	42	STIM=n
9321337	42	RESP=1
9334350	42	STIM=7
9340404	42	RESP=2
9350560	42	STIM=n
9357353	42	RESP=1
9366060	42	STIM=9
9371758	42	RESP=2
9383670	42	STIM=g
9389492	42	RESP=1
9400718	42	STIM=y
9404005	42	RESP=1
9416380	42	STIM=r
9422416	42	RESP=1
9434160	42	STIM=7
9441377	42	RESP=2
9449464	42	STIM=g
9455443	42	RESP=1
9467774	42	STIM=g
9470952	42	RESP=1
9484166	42	STIM=w
9491604	42	RESP=1
9501381	42	STIM=u
9505475	42	RESP=1
9518995	42	STIM=0
9523651	42	RESP=2
9535691	42	STIM=o
9541163	42	RESP=1
9554497	42	STIM=e
9559894	42	RESP=1
9570126	42	STIM=p
9574914	42	RESP=1
9588817	42	STIM=n
9594924	42	RESP=1
9604230	42	STIM=r
9611232	42	RESP=2
9619401	42	STIM=j
9624654	42	RESP=1
9636904	42	STIM=7
9642280	42	RESP=2
9652049	42	STIM=u
9659518	42	RESP=1
9667706	42	STIM=s
9671526	42	RESP=1
9683826	42	STIM=s
9691165	42	RESP=1
9699562	42	STIM=x
9703359	42	RESP=1
9716344	42	STIM=k
9721114	42	RESP=1
9732974	42	STIM=h
9744962	42	RESP=1
9749945	42	STIM=0
9761782	42	RESP=1
9768832	42	STIM=o
9777425	42	RESP=1
9785623	42	STIM=d
9789018	42	RESP=1
9802766	42	STIM=j
9805649	42	RESP=1
9821548	42	STIM=p
9825197	42	RESP=1
9839861	42	STIM=c
9845535	42	RESP=1
9857107	42	STIM=g
9864063	42	RESP=1
9872113	42	STIM=1
9879442	42	RESP=2
9889723	42	STIM=g
9895021	42	RESP=1
9904796	42	STIM=d
9907829	42	RESP=1
9921785	42	STIM=c
9926688	42	RESP=1
9940783	42	STIM=w
9948674	42	RESP=1
9958036	42	STIM=f
9962120	42	RESP=1
9976479	42	STIM=o
9980051	42	RESP=1
9992896	42	STIM=w
9997486	42	RESP=1
10010699	42	STIM=w
10013609	42	RESP=1
10027354	42	STIM=k
10032044	42	RESP=1
10044653	42	STIM=g
10049410	42	RESP=1
10060989	42	STIM=l
10067213	42	RESP=1
10077265	42	STIM=9
10084262	42	RESP=2
10094500	42	STIM=v
10098030	42	RESP=1
10109635	42	STIM=l
10121715	42	RESP=1
10126194	42	STIM=w
10131067	42	RESP=1
10141852	42	STIM=v
10150910	42	RESP=1
10158815	42	STIM=7
10165109	42	RESP=2
10174273	42	STIM=7
10180687	42	RESP=2
10190852	42	STIM=r
10197685	42	RESP=2
10206149	42	STIM=t
10208878	42	RESP=1
10222169	42	STIM=6
10227742	42	RESP=2
10238421	42	STIM=h
10243317	42	RESP=1
10255900	42	STIM=g
10261965	42	RESP=1
10274674	42	STIM=8
10281558	42	RESP=2
10292100	42	STIM=x
10297330	42	RESP=1
10308725	42	STIM=7
10314752	42	RESP=2
10325732	42	STIM=g
10330198	42	RESP=1
10343715	42	STIM=y
10350140	42	RESP=1
10361612	42	STIM=d
10368201	42	RESP=1
10377486	42	STIM=6
10385952	42	RESP=2
10395843	42	STIM=7
10405944	42	RESP=2
10411813	42	STIM=q
10426274	42	RESP=1
10430217	42	STIM=g
10437598	42	RESP=1
10448486	42	STIM=1
10454659	42	RESP=2
10463569	42	STIM=6
10469889	42	RESP=2
10482032	42	STIM=z
10489070	42	RESP=1
10498900	42	STIM=y
10510068	42	RESP=1
10515877	42	STIM=l
10522151	42	RESP=1
10531841	42	STIM=s
10537291	42	RESP=1
10547880	42	STIM=6
10553114	42	RESP=2
10565610	42	STIM=7
10573857	42	RESP=2
10580744	42	STIM=4
10586334	42	RESP=2
10599477	42	STIM=k
10606410	42	RESP=1
10617118	42	STIM=5
10621403	42	RESP=2
10635129	42	STIM=7
10643232	42	RESP=1
10652487	42	STIM=r
10656942	42	RESP=1
10671460	42	STIM=r
10677256	42	RESP=1
10689261	42	STIM=h
10695693	42	RESP=1
10707155	42	STIM=1
10711984	42	RESP=2
10725117	42	STIM=8
10733131	42	RESP=2
10740909	42	STIM=v
10746220	42	RESP=1
10759889	42	STIM=a
10763521	42	RESP=1
10776675	42	STIM=q
10786094	42	RESP=1
10791781	42	STIM=0
10799724	42	RESP=2
10809307	42	STIM=1
10812911	42	RESP=2
10827998	42	STIM=u
10834609	42	RESP=1
10845744	42	STIM=4
10851074	42	RESP=2
10861435	42	STIM=c
10865554	42	RESP=1
10877040	42	STIM=e
10881744	42	RESP=1
10894268	42	STIM=o
10900413	42	RESP=1
10911958	42	STIM=z
10918064	42	RESP=1
10927654	42	STIM=w
10932663	42	RESP=1
10945550	42	STIM=8
10952401	42	RESP=2
10962878	42	STIM=k
10967025	42	RESP=1
10979119	42	STIM=u
10984350	42	RESP=1
10997149	42	STIM=q
11002111	42	RESP=1
11012487	42	STIM=e
11018976	42	RESP=1
11030657	42	STIM=x
11035241	42	RESP=1
11047233	42	STIM=6
11053044	42	RESP=1
11065167	42	STIM=g
11073991	42	RESP=1
11081125	42	STIM=d
11084933	42	RESP=1
11097301	42	STIM=s
11102178	42	RESP=1
11114928	42	STIM=j
11122897	42	RESP=1
11132052	42	STIM=j
11138980	42	RESP=1
11148125	42	STIM=g
11153383	42	RESP=1
11166224	42	STIM=e
11175597	42	RESP=1
11182617	42	STIM=j
11188313	42	RESP=1
11200672	42	STIM=d
11208676	42	RESP=1
11216455	42	STIM=x
11227231	42	RESP=1
11235249	42	STIM=p
11239035	42	RESP=2
11251170	42	STIM=m
11260746	42	RESP=1
11269965	42	STIM=r
11274960	42	RESP=1
11285255	42	STIM=v
11288249	42	RESP=1
11302870	42	STIM=f
11306752	42	RESP=1
11321868	42	STIM=n
11330362	42	RESP=1
11337295	42	STIM=1
11341852	42	RESP=2
11355643	42	STIM=k
11360558	42	RESP=1
11374562	42	STIM=s
11379187	42	RESP=1
11391890	42	STIM=w
11396335	42	RESP=1
11408262	42	STIM=i
11414841	42	RESP=1
11424453	42	STIM=d
11429859	42	RESP=1
11439681	42	STIM=6
11446534	42	RESP=2
11456343	42	STIM=j
11461658	42	RESP=2
11473056	42	STIM=m
11486212	42	RESP=1
11491801	42	STIM=7
11501475	42	RESP=2
11509060	42	STIM=m
11514657	42	RESP=1
11525904	42	STIM=i
11532542	42	RESP=1
11541086	42	STIM=9
11546225	42	RESP=1
11558447	42	STIM=z
11563530	42	RESP=1
11576164	42	STIM=7
11582350	42	RESP=2
11592824	42	STIM=g
11598752	42	RESP=1
11610945	42	STIM=a
11615318	42	RESP=1
11629313	42	STIM=z
11639090	42	RESP=1
11646173	42	STIM=q
11651866	42	RESP=1
11664373	42	STIM=d
11668889	42	RESP=1
11680123	42	STIM=g
11685838	42	RESP=1
11696931	42	STIM=7
11703319	42	RESP=2
11713623	42	STIM=g
11716603	42	RESP=2
11728801	42	STIM=6
11739915	42	RESP=1
11747062	42	STIM=l
11753556	42	RESP=1
11763303	42	STIM=c
11768932	42	RESP=1
11779007	42	STIM=h
11785018	42	RESP=1
11796259	42	STIM=c
11800787	42	RESP=1
11812417	42	STIM=e
11815448	42	RESP=1
11830853	42	STIM=f
11833848	42	RESP=1
11846929	42	STIM=h
11857626	42	RESP=1
11862723	42	STIM=c
11869838	42	RESP=1
11878543	42	STIM=k
11885858	42	RESP=2
11894293	42	STIM=g
11901251	42	RESP=1
11909984	42	STIM=w
11914900	42	RESP=1
11926389	42	STIM=n
11930325	42	RESP=1
11943310	42	STIM=b
11951841	42	RESP=1
11958781	42	STIM=y
11963233	42	RESP=1
11975265	42	STIM=g
11980523	42	RESP=1
11992368	42	STIM=b
11998700	42	RESP=1
12009888	42	STIM=3
12015345	42	RESP=1
12027124	42	STIM=n
12032672	42	RESP=1
12043259	42	STIM=h
12048245	42	RESP=1
12059947	42	STIM=b
12065232	42	RESP=1
12078884	42	STIM=w
12082702	42	RESP=1
12095241	42	STIM=c
12099170	42	RESP=1
12112077	42	STIM=g
12120738	42	RESP=1
12128982	42	STIM=n
12132484	42	RESP=1
12144792	42	STIM=h
12150809	42	RESP=1
12161662	42	STIM=9
12171824	42	RESP=2
12180366	42	STIM=u
12189261	42	RESP=1
12196883	42	STIM=f
12201141	42	RESP=1
12213893	42	STIM=a
12217614	42	RESP=1
12229871	42	STIM=0
12238803	42	RESP=2
12247989	42	STIM=v
12251620	42	RESP=1
12263258	42	STIM=g
12270465	42	RESP=1
12278263	42	STIM=f
12281995	42	RESP=1
12296932	42	STIM=m
12302102	42	RESP=1
12312081	42	STIM=z
12319178	42	RESP=1
12328548	42	STIM=u
12340795	42	RESP=1
12347207	42	STIM=f
12353671	42	RESP=1
12363693	42	STIM=7
12374830	42	RESP=2
12382509	42	STIM=y
12389378	42	RESP=1
12399360	42	STIM=s
12403299	42	RESP=1
12417760	42	STIM=d
12422174	42	RESP=1
12432927	42	STIM=e
12438075	42	RESP=2
12451299	42	STIM=e
12456317	42	RESP=1
12467949	42	STIM=6
12473684	42	RESP=2
12484380	42	STIM=k
12489812	42	RESP=1
12499382	42	STIM=f
12505128	42	RESP=1
12516258	42	STIM=w
12524567	42	RESP=1
12534956	42	STIM=s
12540274	42	RESP=2
12553431	42	STIM=d
12557996	42	RESP=1
12569923	42	STIM=g
12576865	42	RESP=2
12585522	42	STIM=l
12589792	42	RESP=1
12604441	42	STIM=3
12610453	42	RESP=2
12622534	42	STIM=a
12627783	42	RESP=1
12639953	42	STIM=z
12643860	42	RESP=1
12658389	42	STIM=q
12666272	42	RESP=1
12675610	42	STIM=j
12683159	42	RESP=1
12690854	42	STIM=y
12695556	42	RESP=1
12709172	42	STIM=8
12713139	42	RESP=2
12726564	42	STIM=k
12730966	42	RESP=1
12742337	42	STIM=p
12748483	42	RESP=1
12760670	42	STIM=e
12763749	42	RESP=1
12779357	42	STIM=m
12784514	42	RESP=1
12795523	42	STIM=d
12800554	42	RESP=1
12812699	42	STIM=h
12817748	42	RESP=1
12829206	42	STIM=d
12835360	42	RESP=1
12845888	42	STIM=y
12849983	42	RESP=1
12863090	42	STIM=v
12866279	42	RESP=1
12880949	42	STIM=t
12884478	42	RESP=1
12896937	42	STIM=n
12900010	42	RESP=1
12912757	42	STIM=i
12920364	42	RESP=1
12927903	42	STIM=c
12933793	42	RESP=1
12946115	42	STIM=h
12953904	42	RESP=1
12963614	42	STIM=m
12969475	42	RESP=1
12981146	42	STIM=i
12988402	42	RESP=1
12998365	42	STIM=o
13001724	42	RESP=1
13013909	42	STIM=8
13021620	42	RESP=2
13030367	42	STIM=l
13034455	42	RESP=1
13045925	42	STIM=8
13054230	42	RESP=2
13061212	42	STIM=3
13068224	42	RESP=1
13079107	42	STIM=o
13087064	42	RESP=2
13097073	42	STIM=c
13100233	42	RESP=1
13115702	42	STIM=f
13118749	42	RESP=1
13131846	42	STIM=d
13135038	42	RESP=1
13148961	42	STIM=u
13155470	42	RESP=1
13164719	42	STIM=2
13169219	42	RESP=2
13181871	42	STIM=t
13188673	42	RESP=1
13197445	42	STIM=p
13205553	42	RESP=1
13214534	42	STIM=2
13223580	42	RESP=2
13232423	42	STIM=k
13240069	42	RESP=1
13247576	42	STIM=u
13258511	42	RESP=1
13266512	42	STIM=q
13273274	42	RESP=1
13281875	42	STIM=o
13291018	42	RESP=1
13298830	42	STIM=n
13303389	42	RESP=1
13314210	42	STIM=f
13320568	42	RESP=1
13330026	42	STIM=k
13336623	42	RESP=1
13348515	42	STIM=5
13353711	42	RESP=2
13365715	42	STIM=i
13372344	42	RESP=1
13384053	42	STIM=e
13388003	42	RESP=1
13399068	42	STIM=i
13411005	42	RESP=1
13417480	42	STIM=x
13426116	42	RESP=1
13433440	42	STIM=x
13441979	42	RESP=1
13451573	42	STIM=q
13458127	42	RESP=1
13466672	42	STIM=f
13470754	42	RESP=1
13482905	42	STIM=l
13487285	42	RESP=1
13500608	42	STIM=f
13505847	42	RESP=1
13517531	42	STIM=k
13524489	42	RESP=1
13534606	42	STIM=h
13537189	42	RESP=1
13553541	42	STIM=r
13561279	42	RESP=1
13569677	42	STIM=r
13575177	42	RESP=1
13586097	42	STIM=r
13592788	42	RESP=1
13601672	42	STIM=a
13607868	42	RESP=1
13619905	42	STIM=b
13627736	42	RESP=1
13636139	42	STIM=t
13640996	42	RESP=1
13654642	42	STIM=j
13663218	42	RESP=1
13673335	42	STIM=b
13679545	42	RESP=1
13690796	42	STIM=e
13696090	42	RESP=1
13706330	42	STIM=o
13710437	42	RESP=1
13724350	42	STIM=y
13728907	42	RESP=1
13739962	42	STIM=c
13745069	42	RESP=1
13757191	42	STIM=7
13762912	42	RESP=1
13774938	42	STIM=c
13778890	42	RESP=1
13792661	42	STIM=u
13798253	42	RESP=1
13810792	42	STIM=u
13816248	42	RESP=1
13826482	42	STIM=f
13831748	42	RESP=1
13841529	42	STIM=y
13848536	42	RESP=1
13859985	42	STIM=h
13865175	42	RESP=1
13875287	42	STIM=h
13879910	42	RESP=1
13891660	42	STIM=y
13901345	42	RESP=1
13907531	42	STIM=5
13913941	42	RESP=2
13924765	42	STIM=k
13932682	42	RESP=1
13940483	42	STIM=m
13953045	42	RESP=1
13958595	42	STIM=v
13962919	42	RESP=1
13977266	42	STIM=c
13985799	42	RESP=1
13993177	42	STIM=r
13998879	42	RESP=1
14008507	42	STIM=v
14018062	42	RESP=1
14025217	42	STIM=0
14030475	42	RESP=2
14041129	42	STIM=z
14044500	42	RESP=1
14059271	42	STIM=n
14065831	42	RESP=1
14076310	42	STIM=w
14082004	42	RESP=1
14093603	42	STIM=d
14097235	42	RESP=1
14112230	42	STIM=v
14117331	42	RESP=1
14129900	42	STIM=x
14134336	42	RESP=1
14148785	42	STIM=x
14155208	42	RESP=1
14166970	42	STIM=n
14174526	42	RESP=1
14182138	42	STIM=d
14185937	42	RESP=1
14198910	42	STIM=s
14203334	42	RESP=1
14216084	42	STIM=q
14220358	42	RESP=1
14233024	42	STIM=6
14241399	42	RESP=2
14251050	42	STIM=q
14258798	42	RESP=1
14266655	42	STIM=x
14275518	42	RESP=1
14282354	42	STIM=g
14285527	42	RESP=1
14298039	42	STIM=e
14308802	42	RESP=1
14313188	42	STIM=f
14318734	42	RESP=1
14331547	42	STIM=7
14336514	42	RESP=2
14350326	42	STIM=2
14355812	42	RESP=2
14368895	42	STIM=l
14375793	42	RESP=1
14387477	42	STIM=f
14395776	42	RESP=1
14403067	42	STIM=4
14407575	42	RESP=2
14420987	42	STIM=v
14425994	42	RESP=1
14439435	42	STIM=i
14445162	42	RESP=1
14457605	42	STIM=i
14467157	42	RESP=1
14474248	42	STIM=b
14480802	42	RESP=1
14489419	42	STIM=v
14495314	42	RESP=1
14505381	42	STIM=a
14509033	42	RESP=1
14521262	42	STIM=x
14527298	42	RESP=1
14538469	42	STIM=f
14543126	42	RESP=1
14555799	42	STIM=3
14561551	42	RESP=2
14574498	42	STIM=t
14584329	42	RESP=1
14592461	42	STIM=h
14601803	42	RESP=1
14609260	42	STIM=0
14615341	42	RESP=2
14625151	42	STIM=c
14631257	42	RESP=1
14642246	42	STIM=5
14648323	42	RESP=2
14660259	42	STIM=s
14669262	42	RESP=1
14676308	42	STIM=3
14682066	42	RESP=2
14694176	42	STIM=8
14701895	42	RESP=2
14709968	42	STIM=r
14717036	42	RESP=2
14725445	42	STIM=o
14731617	42	RESP=1
14744159	42	STIM=k
14748363	42	RESP=1
14759263	42	STIM=e
14763651	42	RESP=1
14777135	42	STIM=0
14782162	42	RESP=2
14792345	42	STIM=t
14798728	42	RESP=1
14808305	42	STIM=7
14813833	42	RESP=2
14824594	42	STIM=c
14828480	42	RESP=2
14842861	42	STIM=9
14848727	42	RESP=2
14861735	42	STIM=u
14867709	42	RESP=1
14879415	42	STIM=f
14886567	42	RESP=1
14894682	42	STIM=c
14900002	42	RESP=1
14910779	42	STIM=x
14914241	42	RESP=1
14929773	42	STIM=1
14935684	42	RESP=2
14948087	42	STIM=g
14950585	42	RESP=1
14963483	42	STIM=v
14969619	42	RESP=1
14979833	42	STIM=z
14984453	42	RESP=1
14998279	42	STIM=v
15006090	42	RESP=1
15014648	42	STIM=g
15023721	42	RESP=1
15031327	42	STIM=8
15035474	42	RESP=2
15047821	42	STIM=6
15052668	42	RESP=2
15066764	42	STIM=x
15075658	42	RESP=1
15083508	42	STIM=b
15089553	42	RESP=1
15102123	42	STIM=7
15109369	42	RESP=2
15120009	42	STIM=x
15122596	42	RESP=2
15138078	42	STIM=w
15141507	42	RESP=1
15155567	42	STIM=h
15159253	42	RESP=1
15171476	42	STIM=p
15175669	42	RESP=1
15186691	42	STIM=m
15192507	42	RESP=1
15204617	42	STIM=e
15209595	42	RESP=1
15222197	42	STIM=r
15225033	42	RESP=2
15240081	42	STIM=j
15243010	42	RESP=2
15256909	42	STIM=4
15261214	42	RESP=2
15272775	42	STIM=w
15280249	42	RESP=1
15288824	42	STIM=w
15295898	42	RESP=1
15306721	42	STIM=t
15311230	42	RESP=1
15324644	42	STIM=v
15331120	42	RESP=1
15342585	42	STIM=n
15349046	42	RESP=1
15360892	42	STIM=q
15367887	42	RESP=1
15378493	42	STIM=e
15386031	42	RESP=1
15397166	42	STIM=z
15402509	42	RESP=1
15415843	42	STIM=l
15421623	42	RESP=1
15433527	42	STIM=5
15439581	42	RESP=2
15449007	42	STIM=c
15455361	42	RESP=1
15466266	42	STIM=o
15472626	42	RESP=1
15484716	42	STIM=g
15490077	42	RESP=1
15502849	42	STIM=2
15510488	42	RESP=2
15519776	42	STIM=5
15526150	42	RESP=1
15538588	42	STIM=l
15542562	42	RESP=1
15553807	42	STIM=s
15559701	42	RESP=2
15569303	42	STIM=q
15575813	42	RESP=1
15587746	42	STIM=a
15594178	42	RESP=1
15604068	42	STIM=t
15609517	42	RESP=1
15622724	42	STIM=k
15628979	42	RESP=1
15640272	42	STIM=h
15643710	42	RESP=1
15657096	42	STIM=c
15663796	42	RESP=1
15674704	42	STIM=y
15678281	42	RESP=1
15692581	42	STIM=i
15701308	42	RESP=1
15710556	42	STIM=s
15714101	42	RESP=1
15726898	42	STIM=4
15731403	42	RESP=2
15744606	42	STIM=h
15749158	42	RESP=1
15760113	42	STIM=k
15765659	42	RESP=1
15779077	42	STIM=u
15783490	42	RESP=1
15795659	42	STIM=8
15804388	42	RESP=2
15811732	42	STIM=e
15820366	42	RESP=1
15829041	42	STIM=f
15834955	42	RESP=1
15845335	42	STIM=u
15850811	42	RESP=1
15862709	42	STIM=5
15869198	42	RESP=2
15878623	42	STIM=e
15885108	42	RESP=1
15895210	42	STIM=a
15902185	42	RESP=1
15913504	42	STIM=q
15917495	42	RESP=1
15928810	42	STIM=3
15939350	42	RESP=2
15946191	42	STIM=d
15956592	42	RESP=1
15961304	42	STIM=b
15964824	42	RESP=1
15979435	42	STIM=q
15987818	42	RESP=2
15994506	42	STIM=d
15998357	42	RESP=1
16012368	42	STIM=w
16017934	42	RESP=1
16031063	42	STIM=i
16037508	42	RESP=1
16047766	42	STIM=j
16052511	42	RESP=1
16063362	42	STIM=y
16067998	42	RESP=1
16080160	42	STIM=7
16086645	42	RESP=2
16095484	42	STIM=b
16102656	42	RESP=1
16112967	42	STIM=8
16120549	42	RESP=2
16131166	42	STIM=1
16136275	42	RESP=2
16148127	42	STIM=i
16153924	42	RESP=1
16164053	42	STIM=m
16167763	42	RESP=1
16181282	42	STIM=a
16186231	42	RESP=1
16196621	42	STIM=h
16202533	42	RESP=1
16213250	42	STIM=u
16222158	42	RESP=1
16228408	42	STIM=p
16232853	42	RESP=1
16244837	42	STIM=f
16253411	42	RESP=1
16261891	42	STIM=r
16267268	42	RESP=1
16277985	42	STIM=f
16281868	42	RESP=1
16296439	42	STIM=f
16301520	42	RESP=1
16313313	42	STIM=1
16320606	42	RESP=2
16330426	42	STIM=3
16339884	42	RESP=2
16348753	42	STIM=2
16353059	42	RESP=2
16364673	42	STIM=5
16372866	42	RESP=2
16382151	42	STIM=a
16386727	42	RESP=1
16400637	42	STIM=x
16405037	42	RESP=1
16417563	42	STIM=f
16421235	42	RESP=2
16435138	42	STIM=s
16439433	42	RESP=1
16451319	42	STIM=y
16459859	42	RESP=1
16470176	42	STIM=a
16474993	42	RESP=1
16487636	42	STIM=g
16492133	42	RESP=1
16505049	42	STIM=z
16511858	42	RESP=1
16520853	42	STIM=j
16525037	42	RESP=1
16537436	42	STIM=y
16542305	42	RESP=1
16552563	42	STIM=4
16559956	42	RESP=2
16569589	42	STIM=c
16576653	42	RESP=1
16588141	42	STIM=c
16591891	42	RESP=1
16605956	42	STIM=1
16616926	42	RESP=1
16624468	42	STIM=d
16631880	42	RESP=1
16641981	42	STIM=c
16646760	42	RESP=1
16660245	42	STIM=j
16664631	42	RESP=1
16675565	42	STIM=z
16681762	42	RESP=1
16694295	42	STIM=d
16700972	42	RESP=1
16711283	42	STIM=z
16716243	42	RESP=1
16728222	42	STIM=s
16733947	42	RESP=1
16746155	42	STIM=e
16751824	42	RESP=1
16763433	42	STIM=d
16774301	42	RESP=1
16779715	42	STIM=r
16786240	42	RESP=1
16797624	42	STIM=c
16800846	42	RESP=1
16815478	42	STIM=g
16819367	42	RESP=1
16833015	42	STIM=9
16838213	42	RESP=2
16848594	42	STIM=j
16851136	42	RESP=1
16866099	42	STIM=n
16869522	42	RESP=1
16881709	42	STIM=u
16887316	42	RESP=1
16896859	42	STIM=d
16900649	42	RESP=1
16912140	42	STIM=e
16917922	42	RESP=1
16927468	42	STIM=2
16933063	42	RESP=2
16943230	42	STIM=w
16948568	42	RESP=1
16960714	42	STIM=g
16967217	42	RESP=1
16977334	42	STIM=3
16983391	42	RESP=1
16994468	42	STIM=j
17000142	42	RESP=1
17011368	42	STIM=s
17016931	42	RESP=1
17030321	42	STIM=9
17036438	42	RESP=2
17046396	42	STIM=8
17052886	42	RESP=2
17061722	42	STIM=q
17067639	42	RESP=1
17077566	42	STIM=d
17082340	42	RESP=1
17095080	42	STIM=z
17099952	42	RESP=1
17110565	42	STIM=k
17115409	42	RESP=1
17129383	42	STIM=n
17132342	42	RESP=1
17145960	42	STIM=4
17153094	42	RESP=2
17161271	42	STIM=9
17166257	42	RESP=1
17177373	42	STIM=5
17186491	42	RESP=2
17192958	42	STIM=z
17199851	42	RESP=1
17208690	42	STIM=4
17214617	42	RESP=1
17227160	42	STIM=e
17233840	42	RESP=1
17243296	42	STIM=p
17251311	42	RESP=1
17261592	42	STIM=p
17265895	42	RESP=1
17279732	42	STIM=a
17285424	42	RESP=1
17296033	42	STIM=m
17300668	42	RESP=1
17311763	42	STIM=b
17316174	42	RESP=1
17329933	42	STIM=c
17332954	42	RESP=2
17347806	42	STIM=s
17353293	42	RESP=2
17362931	42	STIM=9
17369062	42	RESP=1
17379291	42	STIM=j
17383691	42	RESP=1
17397878	42	STIM=7
17407176	42	RESP=2
17414532	42	STIM=d
17419983	42	RESP=2
17433435	42	STIM=q
17438507	42	RESP=1
17452015	42	STIM=y
17458712	42	RESP=1
17469727	42	STIM=i
17477690	42	RESP=1
17487552	42	STIM=o
17490708	42	RESP=1
17502906	42	STIM=w
17508361	42	RESP=1
17518540	42	STIM=3
17522440	42	RESP=2
17536055	42	STIM=b
17548101	42	RESP=1
17551322	42	STIM=d
17557183	42	RESP=1
17567494	42	STIM=q
17573122	42	RESP=1
17584438	42	STIM=1
17589180	42	RESP=2
17601423	42	STIM=j
17606827	42	RESP=1
17619696	42	STIM=y
17626213	42	RESP=1
17635408	42	STIM=j
17642058	42	RESP=1
17652084	42	STIM=0
17658199	42	RESP=1
17668937	42	STIM=b
17677734	42	RESP=1
17686570	42	STIM=c
17692320	42	RESP=1
17703583	42	STIM=6
17710047	42	RESP=2
17718630	42	STIM=j
17722321	42	RESP=1
17734286	42	STIM=5
17740888	42	RESP=2
17750439	42	STIM=s
17756930	42	RESP=1
17766785	42	STIM=f
17770657	42	RESP=1
17782669	42	STIM=n
17787399	42	RESP=1
17801323	42	STIM=f
17804498	42	RESP=1
17819876	42	STIM=f
17827869	42	RESP=1
17838034	42	STIM=s
17843629	42	RESP=1
17856390	42	STIM=v
17863205	42	RESP=1
17874281	42	STIM=f
17879368	42	RESP=2
17890288	42	STIM=v
17895997	42	RESP=1
17908861	42	STIM=8
17913482	42	RESP=2
17927532	42	STIM=h
17930989	42	RESP=1
17942920	42	STIM=0
17953257	42	RESP=2
17958461	42	STIM=g
17962811	42	RESP=1
17974508	42	STIM=1
17985794	42	RESP=2
17991827	42	STIM=3
17997523	42	RESP=2
18009610	42	STIM=5
18014604	42	RESP=2
18025874	42	STIM=l
18033233	42	RESP=1
18044393	42	STIM=c
18049415	42	RESP=1
18059805	42	STIM=n
18066337	42	RESP=1
18075311	42	STIM=w
18080998	42	RESP=1
18091828	42	STIM=t
18099360	42	RESP=1
18107135	42	STIM=k
18111078	42	RESP=1
18123775	42	STIM=f
18129365	42	RESP=1
18139961	42	STIM=k
18143361	42	RESP=1
18157322	42	STIM=u
18160781	42	RESP=1
18173153	42	STIM=f
18178004	42	RESP=1
18188849	42	STIM=g
18194142	42	RESP=1
18206871	42	STIM=j
18211202	42	RESP=1
18222388	42	STIM=l
18226553	42	RESP=1
18237534	42	STIM=b
18243205	42	RESP=1
18252557	42	STIM=d
18259196	42	RESP=1
18271204	42	STIM=u
18274174	42	RESP=1
18288852	42	STIM=v
18298746	42	RESP=1
18304827	42	STIM=e
18308765	42	RESP=1
18320798	42	STIM=q
18326696	42	RESP=1
18339098	42	STIM=j
18346269	42	RESP=1
18355521	42	STIM=f
18359346	42	RESP=1
18372652	42	STIM=7
18379073	42	RESP=2
18388581	42	STIM=f
18392997	42	RESP=1
18405065	42	STIM=v
18409640	42	RESP=1
18422250	42	STIM=c
18427015	42	RESP=1
18439924	42	STIM=b
18450073	42	RESP=1
18456977	42	STIM=l
18462377	42	RESP=1
18473285	42	STIM=l
18481024	42	RESP=1
18491093	42	STIM=l
18498442	42	RESP=1
18506742	42	STIM=m
18512809	42	RESP=1
18524720	42	STIM=r
18531589	42	RESP=1
18540221	42	STIM=7
18548682	42	RESP=2
18557024	42	STIM=q
18561152	42	RESP=2
18572815	42	STIM=i
18576427	42	RESP=1
18591415	42	STIM=a
18596872	42	RESP=1
18607657	42	STIM=6
18615983	42	RESP=2
18623839	42	STIM=t
18628830	42	RESP=1
18639683	42	STIM=n
18644605	42	RESP=1
18657253	42	STIM=t
18663844	42	RESP=1
18676150	42	STIM=m
18683681	42	RESP=2
18695148	42	STIM=s
18704434	42	RESP=1
18711766	42	STIM=o
18715918	42	RESP=1
18729864	42	STIM=p
18735309	42	RESP=1
18747810	42	STIM=m
18755617	42	RESP=1
18763476	42	STIM=u
18767713	42	RESP=1
18780937	42	STIM=i
18788666	42	RESP=1
18799784	42	STIM=l
18805176	42	RESP=1
18815410	42	STIM=g
18820022	42	RESP=1
18834046	42	STIM=4
18842598	42	RESP=2
18852273	42	STIM=f
18858116	42	RESP=1
18870414	42	STIM=u
18876211	42	RESP=1
18886670	42	STIM=e
18890520	42	RESP=1
18905451	42	STIM=j
18914059	42	RESP=1
18922907	42	STIM=9
18930103	42	RESP=2
18938970	42	STIM=d
18941924	42	RESP=1
18956074	42	STIM=c
18961694	42	RESP=1
18972638	42	STIM=c
18979366	42	RESP=1
18987651	42	STIM=j
18992982	42	RESP=1
19005334	42	STIM=8
19015103	42	RESP=1
19022409	42	STIM=w
19025907	42	RESP=1
19038424	42	STIM=j
19043137	42	RESP=1
19053904	42	STIM=2
19058048	42	RESP=2
19072184	42	STIM=h
19080411	42	RESP=1
19090332	42	STIM=w
19095393	42	RESP=2
19108051	42	STIM=4
19113785	42	RESP=2
19124473	42	STIM=0
19130985	42	RESP=2
19140080	42	STIM=3
19144554	42	RESP=2
19155397	42	STIM=w
19160862	42	RESP=1
19172514	42	STIM=h
19178997	42	RESP=1
19189098	42	STIM=n
19196207	42	RESP=1
19206300	42	STIM=k
19211013	42	RESP=1
19221500	42	STIM=b
19228402	42	RESP=1
19237779	42	STIM=q
19242265	42	RESP=1
19254180	42	STIM=a
19258606	42	RESP=1
19271625	42	STIM=r
19277608	42	RESP=1
19287357	42	STIM=0
19294323	42	RESP=2
19303401	42	STIM=2
19311731	42	RESP=2
19321412	42	STIM=l
19326181	42	RESP=1
19338341	42	STIM=9
19342856	42	RESP=2
19354139	42	STIM=n
19356864	42	RESP=1
19372536	42	STIM=v
19378627	42	RESP=1
19389226	42	STIM=t
19393115	42	RESP=1
19405470	42	STIM=k
19412468	42	RESP=1
19422281	42	STIM=3
19431049	42	RESP=2
19440051	42	STIM=4
19445744	42	RESP=2
19455542	42	STIM=u
19460664	42	RESP=1
19474226	42	STIM=c
19481122	42	RESP=1
19492821	42	STIM=g
19496732	42	RESP=1
19509572	42	STIM=t
19517772	42	RESP=1
19526865	42	STIM=b
19531065	42	RESP=1
19543516	42	STIM=f
19550618	42	RESP=1
19562177	42	STIM=b
19568380	42	RESP=1
19580558	42	STIM=k
19587354	42	RESP=1
19597135	42	STIM=5
19602853	42	RESP=2
19612563	42	STIM=z
19620407	42	RESP=1
19629141	42	STIM=v
19635107	42	RESP=1
19646257	42	STIM=r
19651507	42	RESP=1
19661962	42	STIM=n
19664814	42	RESP=1
19677669	42	STIM=x
19683375	42	RESP=1
19695520	42	STIM=r
19701795	42	RESP=1
19713974	42	STIM=4
19720245	42	RESP=2
19730052	42	STIM=h
19734216	42	RESP=1
19745866	42	STIM=w
19753359	42	RESP=1
19763559	42	STIM=7
19776003	42	RESP=2
19778840	42	STIM=5
19785584	42	RESP=2
19794444	42	STIM=p
19799983	42	RESP=1
19811571	42	STIM=4
19818482	42	RESP=1
19827920	42	STIM=o
19831145	42	RESP=1
19844877	42	STIM=m
19849805	42	RESP=1
19862569	42	STIM=d
19867663	42	RESP=1
19879223	42	STIM=h
19889884	42	RESP=2
19895169	42	STIM=z
19900518	42	RESP=2
19912344	42	STIM=6
19916520	42	RESP=2
19931147	42	STIM=k
19941128	42	RESP=1
19947915	42	STIM=r
19953858	42	RESP=1
19963048	42	STIM=1
19970212	42	RESP=2
19979645	42	STIM=z
19989740	42	RESP=1
19996683	42	STIM=w
20000202	42	RESP=1
20012904	42	STIM=j
20022006	42	RESP=1
20028507	42	STIM=8
20033212	42	RESP=2
20047270	42	STIM=2
20057677	42	RESP=2
20062531	42	STIM=e
20066397	42	RESP=1
20078927	42	STIM=4
20083774	42	RESP=2
20097463	42	STIM=7
20103317	42	RESP=2
20114260	42	STIM=n
20121651	42	RESP=1
20130111	42	STIM=v
20135965	42	RESP=1
20145992	42	STIM=l
20149197	42	RESP=1
20163734	42	STIM=d
20168329	42	RESP=1
20178889	42	STIM=o
20185531	42	RESP=1
20197256	42	STIM=c
20200624	42	RESP=1
20214680	42	STIM=o
20218566	42	RESP=1
20232495	42	STIM=h
20237077	42	RESP=1
20251235	42	STIM=n
20254616	42	RESP=1
20266345	42	STIM=z
20272626	42	RESP=1
20285247	42	STIM=n
20289366	42	RESP=1
20300456	42	STIM=d
20305530	42	RESP=1
20318638	42	STIM=u
20323387	42	RESP=1
20334414	42	STIM=3
20341926	42	RESP=1
20351762	42	STIM=k
20356650	42	RESP=1
20370449	42	STIM=g
20375415	42	RESP=1
20388337	42	STIM=k
20394305	42	RESP=1
20406793	42	STIM=i
20412607	42	RESP=1
20423299	42	STIM=8
20429291	42	RESP=2
20439951	42	STIM=2
20448134	42	RESP=2
20454986	42	STIM=0
20460155	42	RESP=2
20473360	42	STIM=6
20479399	42	RESP=2
20488457	42	STIM=e
20493604	42	RESP=1
20506156	42	STIM=h
20509347	42	RESP=1
20524523	42	STIM=2
20533850	42	RESP=2
20539787	42	STIM=5
20546550	42	RESP=2
20556475	42	STIM=x
20560237	42	RESP=1
20574499	42	STIM=q
20579629	42	RESP=1
20590053	42	STIM=y
20595614	42	RESP=1
20608482	42	STIM=t
20616577	42	RESP=1
20627235	42	STIM=a
20634172	42	RESP=1
20644735	42	STIM=t
20651617	42	RESP=1
20663424	42	STIM=h
20669405	42	RESP=1
20679063	42	STIM=d
20683426	42	RESP=1
20696948	42	STIM=l
20702128	42	RESP=1
20713236	42	STIM=2
20718371	42	RESP=2
20731488	42	STIM=r
20735593	42	RESP=1
20750319	42	STIM=h
20754241	42	RESP=1
20769292	42	STIM=y
20773006	42	RESP=2
20785694	42	STIM=d
20791010	42	RESP=1
20801010	42	STIM=r
20806954	42	RESP=2
20818395	42	STIM=n
20824309	42	RESP=1
20833823	42	STIM=p
20840393	42	RESP=2
20850086	42	STIM=1
20856966	42	RESP=2
20867706	42	STIM=d
20871807	42	RESP=1
20885853	42	STIM=7
20892096	42	RESP=2
20903883	42	STIM=n
20911329	42	RESP=1
20922111	42	STIM=x
20928549	42	RESP=1
20937604	42	STIM=b
20941623	42	RESP=1
20952797	42	STIM=f
20958147	42	RESP=1
20971251	42	STIM=z
20975635	42	RESP=1
20986398	42	STIM=n
20992429	42	RESP=1
21004441	42	STIM=b
21007543	42	RESP=1
21019448	42	STIM=u
21023635	42	RESP=1
21037838	42	STIM=r
21044480	42	RESP=1
21054298	42	STIM=d
21061427	42	RESP=1
21070083	42	STIM=1
21079319	42	RESP=1
21087592	42	STIM=1
21093074	42	RESP=2
21104455	42	STIM=q
21112461	42	RESP=1
21119814	42	STIM=1
21123888	42	RESP=2
21138312	42	STIM=r
21144536	42	RESP=1
21156231	42	STIM=e
21164650	42	RESP=1
21172054	42	STIM=s
21178563	42	RESP=1
21187394	42	STIM=1
21194159	42	RESP=2
21204213	42	STIM=x
21209638	42	RESP=1
21221655	42	STIM=n
21226220	42	RESP=1
21238310	42	STIM=a
21243161	42	RESP=1
21253472	42	STIM=l
21260153	42	RESP=1
21272074	42	STIM=2
21278738	42	RESP=1
21287313	42	STIM=p
21290762	42	RESP=1
21304574	42	STIM=o
21312693	42	RESP=1
21320221	42	STIM=z
21327527	42	RESP=1
21337499	42	STIM=x
21344882	42	RESP=1
21356355	42	STIM=l
21360311	42	RESP=1
21375225	42	STIM=m
21381521	42	RESP=1
21390479	42	STIM=y
21396601	42	RESP=1
21408709	42	STIM=w
21418605	42	RESP=1
21424936	42	STIM=3
21430413	42	RESP=2
21441137	42	STIM=q
21449037	42	RESP=1
21459003	42	STIM=7
21465130	42	RESP=2
21477858	42	STIM=u
21483413	42	RESP=1
21494595	42	STIM=d
21501860	42	RESP=1
21510770	42	STIM=c
21515830	42	RESP=1
21527840	42	STIM=g
21531256	42	RESP=1
21544188	42	STIM=a
21547101	42	RESP=1
21561317	42	STIM=0
21570042	42	RESP=2
21577505	42	STIM=c
21583556	42	RESP=1
21594997	42	STIM=j
21597784	42	RESP=1
21611656	42	STIM=e
21623689	42	RESP=1
21629161	42	STIM=z
21634376	42	RESP=1
21644421	42	STIM=i
21649204	42	RESP=1
21662164	42	STIM=t
21666882	42	RESP=1
21679220	42	STIM=f
21689059	42	RESP=1
21694711	42	STIM=o
21701280	42	RESP=1
21712862	42	STIM=l
21718680	42	RESP=1
21728705	42	STIM=w
21736841	42	RESP=1
21746278	42	STIM=c
21750969	42	RESP=1
21765122	42	STIM=k
21770428	42	RESP=1
