# Original filename: 0059_KKL_2017-08-27.log
# Time unit: 100 us
# RARECAT=digit
#
# Time	HHGG	Event
38186	42	STIM=f
46828	42	RESP=1
53972	42	STIM=n
58503	42	RESP=1
72735	42	STIM=g
78434	42	RESP=1
89124	42	STIM=k
101349	42	RESP=1
105878	42	STIM=4
112615	42	RESP=2
121947	42	STIM=t
126702	42	RESP=1
138535	42	STIM=u
142695	42	RESP=1
153567	42	STIM=l
156985	42	RESP=1
172044	42	STIM=1
178415	42	RESP=2
187525	42	STIM=g
192526	42	RESP=1
203126	42	STIM=3
210170	42	RESP=1
221565	42	STIM=6
227665	42	RESP=2
238533	42	STIM=l
245354	42	RESP=1
253841	42	STIM=p
260134	42	RESP=2
268883	42	STIM=k
275316	42	RESP=1
285946	42	STIM=s
294997	42	RESP=2
302675	42	STIM=v
310583	42	RESP=1
317897	42	STIM=e
322591	42	RESP=1
335686	42	STIM=a
340791	42	RESP=1
352542	42	STIM=6
356625	42	RESP=2
369786	42	STIM=2
373914	42	RESP=2
385662	42	STIM=c
389425	42	RESP=1
403280	42	STIM=m
407905	42	RESP=1
418722	42	STIM=k
422745	42	RESP=1
436432	42	STIM=0
443187	42	RESP=2
454564	42	STIM=f
457861	42	RESP=1
471987	42	STIM=s
477509	42	RESP=1
488875	42	STIM=r
491694	42	RESP=1
506555	42	STIM=r
512436	42	RESP=1
522122	42	STIM=r
530408	42	RESP=1
540413	42	STIM=c
545454	42	RESP=1
558564	42	STIM=b
565194	42	RESP=1
575014	42	STIM=t
582875	42	RESP=1
593225	42	STIM=6
601736	42	RESP=2
610379	42	STIM=z
613687	42	RESP=1
627642	42	STIM=u
633863	42	RESP=1
644939	42	STIM=b
650253	42	RESP=1
660493	42	STIM=h
669123	42	RESP=1
677462	42	STIM=h
683180	42	RESP=1
694846	42	STIM=1
701244	42	RESP=2
710439	42	STIM=r
716304	42	RESP=1
726548	42	STIM=d
730456	42	RESP=1
744598	42	STIM=x
751143	42	RESP=1
760257	42	STIM=b
766492	42	RESP=1
777181	42	STIM=p
782282	42	RESP=1
794794	42	STIM=i
798888	42	RESP=1
813285	42	STIM=v
820556	42	RESP=1
831191	42	STIM=u
837575	42	RESP=1
847804	42	STIM=5
852917	42	RESP=2
864437	42	STIM=a
868492	42	RESP=1
882107	42	STIM=u
887784	42	RESP=1
899599	42	STIM=j
904226	42	RESP=1
916935	42	STIM=p
922440	42	RESP=1
934852	42	STIM=p
939901	42	RESP=1
949930	42	STIM=n
959329	42	RESP=1
967456	42	STIM=f
970056	42	RESP=1
984791	42	STIM=2
993000	42	RESP=2
1001835	42	STIM=5
1007469	42	RESP=1
1016883	42	STIM=2
1023413	42	RESP=2
1035081	42	STIM=t
1040847	42	RESP=1
1052877	42	STIM=s
1058032	42	RESP=1
1070697	42	STIM=f
1076515	42	RESP=1
1087623	42	STIM=b
1091912	42	RESP=1
1106468	42	STIM=9
1112837	42	RESP=1
1125089	42	STIM=k
1129374	42	RESP=1
1142891	42	STIM=7
1149717	42	RESP=2
1158178	42	STIM=n
1165301	42	RESP=1
1175761	42	STIM=e
1180142	42	RESP=1
1191247	42	STIM=6
1200786	42	RESP=2
1207849	42	STIM=n
1215338	42	RESP=1
1225074	42	STIM=m
1234210	42	RESP=1
1242475	42	STIM=c
1247843	42	RESP=1
1259321	42	STIM=d
1266359	42	RESP=1
1275852	42	STIM=w
1279935	42	RESP=1
1292150	42	STIM=z
1295790	42	RESP=1
1310479	42	STIM=c
1317055	42	RESP=1
1327990	42	STIM=j
1331050	42	RESP=1
1344705	42	STIM=s
1351365	42	RESP=1
1362771	42	STIM=n
1366258	42	RESP=1
1381097	42	STIM=c
1386416	42	RESP=1
1399905	42	STIM=v
1405000	42	RESP=1
1418581	42	STIM=5
1423612	42	RESP=2
1435208	42	STIM=v
1440153	42	RESP=1
1450934	42	STIM=8
1463098	42	RESP=2
1468801	42	STIM=8
1476404	42	RESP=2
1487501	42	STIM=s
1493669	42	RESP=1
1504286	42	STIM=a
1508795	42	RESP=1
1521029	42	STIM=a
1525421	42	RESP=1
1537193	42	STIM=n
1539699	42	RESP=1
1554781	42	STIM=x
1566499	42	RESP=2
1571217	42	STIM=p
1579881	42	RESP=1
1587650	42	STIM=n
1591699	42	RESP=1
1606525	42	STIM=l
1609827	42	RESP=1
1623703	42	STIM=3
1628619	42	RESP=2
1638874	42	STIM=f
1642120	42	RESP=1
1657807	42	STIM=o
1661224	42	RESP=1
1674743	42	STIM=q
1681633	42	RESP=1
1690596	42	STIM=u
1693712	42	RESP=1
1709367	42	STIM=a
1715166	42	RESP=1
1727884	42	STIM=8
1733971	42	RESP=2
1745501	42	STIM=f
1751730	42	RESP=1
1760607	42	STIM=k
1764268	42	RESP=1
1777287	42	STIM=s
1784812	42	RESP=1
1796277	42	STIM=w
1802071	42	RESP=1
1812139	42	STIM=l
1815519	42	RESP=1
1828474	42	STIM=y
1834016	42	RESP=1
1844975	42	STIM=h
1862187	42	RESP=1
1862287	42	STIM=k
1866600	42	RESP=1
1880206	42	STIM=k
1885959	42	RESP=1
1895796	42	STIM=0
1900658	42	RESP=2
1911534	42	STIM=u
1915130	42	RESP=1
1929704	42	STIM=l
1935158	42	RESP=2
1945755	42	STIM=l
1952240	42	RESP=1
1963340	42	STIM=y
1968752	42	RESP=1
1981731	42	STIM=y
1985450	42	RESP=1
1996763	42	STIM=2
2002190	42	RESP=2
2012585	42	STIM=n
2023567	42	RESP=1
2031539	42	STIM=q
2038131	42	RESP=1
2047007	42	STIM=l
2052047	42	RESP=1
2064231	42	STIM=y
2073166	42	RESP=1
2082594	42	STIM=j
2086924	42	RESP=1
2098894	42	STIM=x
2104384	42	RESP=1
2117415	42	STIM=i
2121435	42	RESP=1
2135632	42	STIM=m
2138849	42	RESP=1
2154324	42	STIM=5
2157949	42	RESP=1
2169469	42	STIM=2
2174176	42	RESP=2
2184990	42	STIM=c
2189276	42	RESP=1
2200064	42	STIM=v
2208199	42	RESP=1
2217345	42	STIM=z
2222628	42	RESP=1
2233972	42	STIM=m
2241966	42	RESP=1
2251476	42	STIM=d
2254752	42	RESP=1
2269978	42	STIM=j
2281195	42	RESP=1
2285944	42	STIM=7
2292087	42	RESP=2
2304671	42	STIM=9
2317433	42	RESP=2
2321227	42	STIM=3
2332065	42	RESP=1
2337314	42	STIM=m
2346199	42	RESP=1
2353209	42	STIM=r
2358929	42	RESP=1
2369302	42	STIM=r
2373525	42	RESP=1
2386883	42	STIM=d
2390613	42	RESP=1
2403637	42	STIM=4
2409698	42	RESP=2
2420075	42	STIM=b
2425706	42	RESP=1
2435678	42	STIM=c
2442080	42	RESP=1
2454407	42	STIM=w
2457892	42	RESP=1
2470525	42	STIM=n
2474652	42	RESP=1
2485968	42	STIM=w
2489186	42	RESP=1
2504117	42	STIM=b
2510878	42	RESP=1
2521250	42	STIM=h
2524578	42	RESP=1
2540234	42	STIM=9
2544442	42	RESP=1
2557240	42	STIM=c
2562687	42	RESP=1
2573177	42	STIM=q
2577937	42	RESP=1
2589928	42	STIM=y
2601409	42	RESP=1
2605159	42	STIM=f
2614841	42	RESP=1
2623775	42	STIM=n
2629681	42	RESP=1
2641581	42	STIM=5
2646377	42	RESP=1
2658986	42	STIM=s
2664989	42	RESP=1
2674846	42	STIM=b
2684231	42	RESP=1
2690062	42	STIM=v
2695064	42	RESP=1
2708641	42	STIM=8
2713285	42	RESP=2
2725500	42	STIM=u
2729108	42	RESP=1
2741665	42	STIM=y
2745357	42	RESP=1
2758347	42	STIM=4
2764064	42	RESP=2
2777180	42	STIM=g
2782333	42	RESP=2
2794202	42	STIM=w
2803167	42	RESP=1
2812723	42	STIM=v
2818941	42	RESP=1
2831099	42	STIM=s
2836728	42	RESP=1
2848879	42	STIM=f
2862130	42	RESP=1
2865594	42	STIM=w
2870783	42	RESP=1
2883634	42	STIM=1
2888818	42	RESP=2
2901256	42	STIM=s
2906027	42	RESP=1
2919369	42	STIM=t
2922627	42	RESP=1
2934413	42	STIM=i
2939693	42	RESP=1
2950596	42	STIM=y
2956189	42	RESP=1
2966790	42	STIM=2
2978277	42	RESP=2
2981997	42	STIM=f
2997867	42	RESP=1
2997967	42	STIM=l
3002945	42	RESP=1
3013595	42	STIM=x
3019209	42	RESP=1
3030467	42	STIM=0
3035075	42	RESP=2
3048045	42	STIM=d
3052917	42	RESP=1
3063109	42	STIM=a
3066902	42	RESP=1
3079571	42	STIM=c
3085086	42	RESP=1
3096909	42	STIM=z
3105118	42	RESP=1
3114595	42	STIM=4
3121055	42	RESP=2
3131679	42	STIM=a
3136935	42	RESP=1
3150250	42	STIM=5
3154674	42	RESP=2
3165904	42	STIM=w
3170326	42	RESP=2
3183158	42	STIM=r
3188477	42	RESP=1
3198835	42	STIM=x
3206158	42	RESP=1
3216573	42	STIM=v
3224353	42	RESP=1
3231982	42	STIM=q
3239233	42	RESP=2
3249079	42	STIM=6
3254496	42	RESP=2
3267244	42	STIM=q
3271163	42	RESP=1
3284173	42	STIM=g
3288224	42	RESP=1
3301246	42	STIM=e
3309063	42	RESP=1
3318462	42	STIM=x
3322407	42	RESP=1
3337357	42	STIM=y
3344691	42	RESP=1
3355141	42	STIM=f
3359629	42	RESP=1
3372081	42	STIM=1
3382571	42	RESP=2
3391053	42	STIM=z
3396191	42	RESP=1
3409796	42	STIM=i
3416133	42	RESP=1
3425329	42	STIM=h
3432294	42	RESP=1
3441606	42	STIM=o
3446287	42	RESP=1
3457231	42	STIM=u
3462417	42	RESP=1
3474799	42	STIM=q
3481256	42	RESP=1
3490538	42	STIM=s
3494275	42	RESP=1
3508294	42	STIM=e
3512312	42	RESP=1
3526491	42	STIM=x
3531749	42	RESP=1
3545119	42	STIM=g
3549336	42	RESP=1
3563423	42	STIM=z
3566687	42	RESP=1
3582014	42	STIM=6
3589260	42	RESP=2
3597128	42	STIM=7
3604263	42	RESP=2
3616093	42	STIM=2
3623492	42	RESP=2
3634518	42	STIM=a
3638418	42	RESP=1
3650111	42	STIM=i
3657255	42	RESP=1
3667234	42	STIM=c
3672104	42	RESP=1
3685106	42	STIM=k
3692936	42	RESP=1
3701186	42	STIM=w
3706767	42	RESP=2
3717139	42	STIM=a
3724782	42	RESP=1
3733943	42	STIM=w
3738059	42	RESP=1
3751387	42	STIM=f
3763650	42	RESP=1
3767705	42	STIM=p
3774865	42	RESP=2
3783818	42	STIM=x
3788018	42	RESP=2
3800144	42	STIM=n
3811437	42	RESP=1
3818388	42	STIM=5
3825589	42	RESP=1
3834096	42	STIM=i
3839167	42	RESP=1
3850327	42	STIM=o
3861223	42	RESP=1
3869059	42	STIM=d
3871886	42	RESP=1
3887374	42	STIM=z
3891089	42	RESP=1
3902499	42	STIM=w
3915357	42	RESP=1
3919463	42	STIM=k
3926068	42	RESP=1
3935978	42	STIM=6
3943181	42	RESP=2
3952503	42	STIM=n
3957698	42	RESP=1
3968193	42	STIM=v
3975184	42	RESP=1
3985007	42	STIM=s
3988683	42	RESP=1
4003959	42	STIM=v
4006923	42	RESP=1
4019709	42	STIM=x
4023907	42	RESP=1
4035408	42	STIM=e
4039030	42	RESP=1
4052060	42	STIM=w
4057363	42	RESP=1
4068151	42	STIM=t
4075221	42	RESP=1
4083368	42	STIM=l
4086650	42	RESP=1
4101535	42	STIM=f
4109226	42	RESP=1
4117855	42	STIM=t
4121227	42	RESP=1
4136497	42	STIM=k
4142333	42	RESP=1
4153226	42	STIM=i
4158187	42	RESP=1
4168911	42	STIM=j
4171923	42	RESP=1
4184491	42	STIM=n
4189571	42	RESP=1
4202297	42	STIM=b
4206058	42	RESP=1
4217645	42	STIM=l
4224100	42	RESP=1
4233424	42	STIM=x
4239588	42	RESP=1
4251776	42	STIM=s
4259056	42	RESP=1
4267908	42	STIM=e
4278552	42	RESP=1
4284780	42	STIM=8
4290290	42	RESP=2
4301381	42	STIM=d
4306047	42	RESP=1
4318682	42	STIM=e
4325185	42	RESP=1
4335190	42	STIM=l
4340843	42	RESP=1
4353638	42	STIM=i
4359652	42	RESP=1
4372472	42	STIM=p
4387689	42	RESP=1
4389893	42	STIM=z
4394894	42	RESP=1
4406197	42	STIM=f
4410361	42	RESP=1
4422258	42	STIM=2
4430323	42	RESP=1
4439190	42	STIM=q
4444692	42	RESP=1
4456273	42	STIM=b
4462093	42	RESP=1
4474050	42	STIM=g
4480930	42	RESP=1
4492394	42	STIM=i
4502115	42	RESP=1
4510520	42	STIM=8
4523029	42	RESP=2
4528964	42	STIM=t
4533032	42	RESP=1
4546980	42	STIM=g
4555801	42	RESP=1
4562631	42	STIM=5
4573307	42	RESP=1
4578171	42	STIM=g
4582749	42	RESP=1
4593935	42	STIM=o
4602575	42	RESP=1
4610176	42	STIM=r
4615493	42	RESP=2
4627853	42	STIM=s
4635136	42	RESP=1
4643637	42	STIM=j
4650080	42	RESP=1
4661311	42	STIM=3
4666679	42	RESP=1
4679516	42	STIM=a
4685462	42	RESP=1
4696247	42	STIM=4
4702124	42	RESP=2
4715124	42	STIM=f
4719427	42	RESP=1
4732318	42	STIM=1
4736746	42	RESP=1
4750793	42	STIM=b
4758711	42	RESP=1
4768865	42	STIM=m
4773044	42	RESP=1
4785136	42	STIM=7
4790992	42	RESP=2
4803610	42	STIM=5
4811194	42	RESP=2
4821318	42	STIM=p
4826076	42	RESP=1
4839042	42	STIM=c
4843371	42	RESP=1
4856215	42	STIM=s
4864352	42	RESP=1
4871741	42	STIM=x
4878000	42	RESP=1
4889480	42	STIM=x
4894241	42	RESP=1
4907117	42	STIM=h
4910033	42	RESP=1
4922172	42	STIM=x
4925933	42	RESP=1
4938451	42	STIM=o
4944356	42	RESP=1
4955575	42	STIM=q
4960071	42	RESP=1
4970757	42	STIM=e
4976733	42	RESP=1
4986456	42	STIM=u
4992748	42	RESP=1
5002015	42	STIM=o
5007000	42	RESP=1
5020864	42	STIM=k
5024490	42	RESP=2
5039663	42	STIM=q
5051298	42	RESP=1
5057936	42	STIM=l
5061358	42	RESP=1
5074525	42	STIM=5
5078516	42	RESP=2
5092611	42	STIM=m
5104366	42	RESP=1
5108228	42	STIM=b
5119846	42	RESP=1
5125426	42	STIM=r
5129424	42	RESP=1
5141952	42	STIM=t
5146371	42	RESP=1
5159206	42	STIM=e
5164300	42	RESP=1
5176277	42	STIM=a
5181280	42	RESP=1
5192967	42	STIM=t
5198532	42	RESP=1
5207972	42	STIM=o
5217560	42	RESP=1
5224952	42	STIM=4
5232423	42	RESP=2
5243461	42	STIM=k
5247275	42	RESP=1
5261828	42	STIM=g
5266558	42	RESP=1
5277380	42	STIM=a
5282180	42	RESP=1
5292840	42	STIM=v
5296819	42	RESP=1
5308847	42	STIM=n
5314018	42	RESP=1
5324321	42	STIM=t
5334739	42	RESP=1
5341510	42	STIM=t
5351786	42	RESP=1
5356760	42	STIM=y
5363073	42	RESP=1
5375238	42	STIM=m
5384855	42	RESP=1
5391789	42	STIM=s
5397509	42	RESP=1
5408042	42	STIM=8
5418710	42	RESP=2
5426723	42	STIM=h
5431434	42	RESP=1
5445680	42	STIM=a
5455390	42	RESP=1
5463370	42	STIM=i
5466592	42	RESP=1
5478872	42	STIM=4
5487839	42	RESP=2
5497424	42	STIM=i
5504313	42	RESP=1
5515135	42	STIM=t
5519129	42	RESP=1
5530457	42	STIM=t
5535313	42	RESP=1
5546229	42	STIM=a
5553636	42	RESP=1
5561310	42	STIM=3
5565056	42	RESP=1
5576612	42	STIM=q
5582740	42	RESP=1
5594716	42	STIM=h
5602235	42	RESP=1
5611074	42	STIM=i
5616173	42	RESP=1
5629553	42	STIM=1
5633903	42	RESP=2
5647325	42	STIM=q
5651877	42	RESP=1
5666224	42	STIM=v
5674805	42	RESP=1
5682162	42	STIM=x
5687441	42	RESP=1
5697820	42	STIM=6
5703905	42	RESP=2
5715852	42	STIM=y
5720900	42	RESP=1
5732162	42	STIM=l
5735439	42	RESP=1
5749070	42	STIM=b
5755418	42	RESP=1
5764292	42	STIM=m
5767259	42	RESP=1
5783026	42	STIM=j
5786371	42	RESP=1
5799098	42	STIM=9
5805064	42	RESP=2
5815390	42	STIM=m
5819494	42	RESP=1
5833095	42	STIM=k
5840158	42	RESP=1
5848207	42	STIM=i
5852673	42	RESP=1
5864647	42	STIM=t
5872137	42	RESP=1
5881969	42	STIM=u
5884490	42	RESP=1
5900340	42	STIM=j
5910451	42	RESP=1
5917042	42	STIM=7
5923122	42	RESP=2
5933156	42	STIM=o
5936199	42	RESP=1
5951233	42	STIM=c
5959206	42	RESP=1
5968501	42	STIM=t
5973176	42	RESP=1
5984812	42	STIM=n
5989232	42	RESP=1
6001268	42	STIM=y
6008590	42	RESP=1
6016355	42	STIM=e
6021114	42	RESP=1
6032702	42	STIM=9
6039407	42	RESP=2
6047733	42	STIM=0
6053190	42	RESP=2
6063149	42	STIM=n
6068274	42	RESP=1
6082030	42	STIM=m
6087348	42	RESP=1
6097826	42	STIM=p
6105908	42	RESP=1
6115048	42	STIM=z
6121471	42	RESP=1
6132830	42	STIM=d
6136214	42	RESP=1
6150831	42	STIM=u
6156906	42	RESP=1
6167694	42	STIM=o
6173054	42	RESP=1
6186126	42	STIM=1
6190565	42	RESP=2
6203507	42	STIM=h
6208841	42	RESP=1
6218652	42	STIM=l
6223521	42	RESP=1
6237477	42	STIM=r
6243072	42	RESP=1
6253931	42	STIM=r
6260585	42	RESP=1
6271549	42	STIM=y
6274954	42	RESP=1
6289089	42	STIM=y
6293839	42	RESP=1
6305513	42	STIM=w
6309828	42	RESP=1
6323815	42	STIM=h
6331501	42	RESP=1
6341206	42	STIM=3
6348361	42	RESP=2
6358289	42	STIM=c
6363774	42	RESP=1
6376479	42	STIM=9
6383942	42	RESP=2
6392975	42	STIM=s
6397233	42	RESP=1
6408145	42	STIM=0
6412918	42	RESP=1
6423693	42	STIM=f
6428111	42	RESP=1
6439456	42	STIM=n
6445797	42	RESP=1
6457252	42	STIM=3
6468443	42	RESP=2
6473988	42	STIM=m
6478258	42	RESP=1
6489775	42	STIM=i
6493322	42	RESP=1
6507603	42	STIM=c
6515297	42	RESP=1
6525212	42	STIM=h
6531661	42	RESP=1
6541075	42	STIM=9
6544532	42	RESP=2
6559031	42	STIM=5
6566755	42	RESP=2
6576652	42	STIM=v
6583597	42	RESP=1
6594885	42	STIM=2
6606910	42	RESP=2
6612462	42	STIM=a
6619655	42	RESP=1
6630278	42	STIM=7
6634244	42	RESP=2
6647008	42	STIM=k
6651081	42	RESP=1
6662180	42	STIM=s
6667729	42	RESP=1
6680411	42	STIM=z
6689467	42	RESP=2
6697367	42	STIM=9
6701851	42	RESP=2
6715996	42	STIM=n
6720386	42	RESP=1
6731883	42	STIM=t
6736104	42	RESP=1
6747056	42	STIM=t
6750300	42	RESP=1
6762091	42	STIM=j
6765366	42	RESP=1
6778481	42	STIM=k
6781681	42	RESP=1
6794776	42	STIM=s
6800834	42	RESP=1
6813596	42	STIM=n
6819123	42	RESP=1
6830705	42	STIM=9
6835878	42	RESP=2
6849396	42	STIM=w
6853374	42	RESP=1
6864663	42	STIM=4
6871915	42	RESP=2
6879907	42	STIM=f
6885685	42	RESP=1
6898488	42	STIM=x
6907555	42	RESP=1
6914236	42	STIM=4
6918466	42	RESP=2
6931086	42	STIM=4
6938574	42	RESP=2
6948846	42	STIM=h
6955086	42	RESP=1
6967717	42	STIM=u
6971899	42	RESP=1
6983250	42	STIM=r
6988979	42	RESP=1
7000237	42	STIM=m
7009343	42	RESP=1
7016733	42	STIM=7
7023352	42	RESP=2
7034489	42	STIM=q
7038546	42	RESP=1
7049840	42	STIM=7
7054726	42	RESP=2
7066504	42	STIM=u
7070973	42	RESP=1
7083522	42	STIM=t
7087814	42	RESP=1
7101470	42	STIM=o
7107400	42	RESP=1
7119421	42	STIM=b
7126060	42	RESP=1
7136180	42	STIM=v
7140023	42	RESP=1
7152104	42	STIM=n
7155594	42	RESP=1
7170975	42	STIM=y
7175047	42	RESP=1
7186589	42	STIM=t
7191215	42	RESP=1
7202100	42	STIM=u
7207448	42	RESP=1
7217903	42	STIM=e
7223751	42	RESP=1
7233290	42	STIM=e
7239142	42	RESP=1
7249847	42	STIM=o
7253787	42	RESP=1
7266619	42	STIM=h
7270691	42	RESP=1
7284312	42	STIM=z
7291607	42	RESP=1
7303273	42	STIM=g
7308445	42	RESP=1
7319727	42	STIM=3
7326595	42	RESP=2
7336858	42	STIM=p
7340035	42	RESP=1
7352580	42	STIM=x
7357295	42	RESP=1
7367884	42	STIM=b
7371722	42	RESP=1
7383679	42	STIM=e
7388152	42	RESP=1
7399026	42	STIM=a
7404797	42	RESP=1
7417722	42	STIM=9
7425914	42	RESP=2
7433446	42	STIM=g
7437071	42	RESP=1
7450827	42	STIM=r
7454785	42	RESP=1
7468697	42	STIM=8
7478025	42	RESP=2
7485459	42	STIM=z
7492514	42	RESP=1
7500628	42	STIM=g
7508309	42	RESP=1
7517508	42	STIM=i
7522418	42	RESP=1
7534486	42	STIM=g
7540013	42	RESP=1
7551423	42	STIM=o
7557293	42	RESP=1
7569626	42	STIM=i
7573597	42	RESP=1
7586787	42	STIM=d
7592668	42	RESP=1
7602323	42	STIM=b
7605940	42	RESP=2
7617789	42	STIM=a
7624143	42	RESP=1
7634090	42	STIM=u
7643101	42	RESP=1
7652227	42	STIM=5
7661969	42	RESP=2
7669455	42	STIM=t
7672628	42	RESP=1
7685836	42	STIM=z
7689763	42	RESP=1
7703338	42	STIM=b
7707490	42	RESP=1
7719765	42	STIM=8
7725698	42	RESP=1
7735208	42	STIM=r
7740657	42	RESP=1
7751053	42	STIM=u
7757672	42	RESP=1
7766522	42	STIM=c
7770802	42	RESP=1
7781905	42	STIM=c
7787157	42	RESP=1
7799283	42	STIM=s
7811582	42	RESP=1
7815183	42	STIM=b
7821875	42	RESP=1
7830648	42	STIM=b
7835087	42	RESP=1
7845812	42	STIM=9
7852318	42	RESP=2
7864784	42	STIM=g
7869824	42	RESP=1
7880471	42	STIM=q
7885883	42	RESP=1
7898152	42	STIM=j
7904888	42	RESP=1
7915638	42	STIM=x
7921408	42	RESP=1
7932359	42	STIM=i
7937459	42	RESP=1
7948096	42	STIM=o
7954648	42	RESP=1
7964929	42	STIM=6
7968513	42	RESP=2
7980426	42	STIM=p
7985116	42	RESP=1
7998486	42	STIM=x
8004544	42	RESP=1
8016732	42	STIM=o
8026786	42	RESP=1
8035486	42	STIM=d
8044101	42	RESP=1
8051826	42	STIM=g
8055987	42	RESP=2
8068566	42	STIM=g
8072527	42	RESP=1
8085595	42	STIM=b
8090297	42	RESP=1
8101174	42	STIM=n
8105251	42	RESP=1
8119970	42	STIM=m
8127809	42	RESP=1
8135118	42	STIM=p
8138364	42	RESP=1
8150594	42	STIM=d
8156631	42	RESP=1
8167367	42	STIM=c
8178532	42	RESP=1
8183571	42	STIM=0
8188845	42	RESP=1
8199395	42	STIM=d
8204979	42	RESP=1
8218170	42	STIM=k
8224333	42	RESP=2
8234037	42	STIM=9
8243425	42	RESP=2
8251854	42	STIM=t
8257357	42	RESP=1
8267296	42	STIM=f
8270321	42	RESP=1
8286176	42	STIM=e
8292946	42	RESP=1
8304566	42	STIM=v
8310415	42	RESP=1
8320607	42	STIM=x
8324870	42	RESP=1
8339011	42	STIM=g
8345825	42	RESP=1
8355248	42	STIM=8
8363129	42	RESP=1
8374220	42	STIM=u
8385803	42	RESP=1
8391839	42	STIM=x
8398957	42	RESP=1
8409332	42	STIM=t
8412752	42	RESP=1
8428264	42	STIM=s
8433539	42	RESP=1
8445325	42	STIM=k
8448534	42	RESP=1
8461599	42	STIM=k
8467976	42	RESP=1
8478405	42	STIM=c
8482635	42	RESP=1
8495284	42	STIM=w
8499891	42	RESP=1
8511511	42	STIM=i
8522042	42	RESP=1
8528294	42	STIM=5
8537422	42	RESP=2
8543317	42	STIM=k
8550597	42	RESP=1
8559011	42	STIM=2
8566313	42	RESP=2
8577434	42	STIM=g
8580047	42	RESP=1
8593742	42	STIM=r
8599588	42	RESP=1
8609481	42	STIM=j
8612687	42	RESP=1
8625461	42	STIM=e
8632312	42	RESP=2
8642787	42	STIM=f
8651451	42	RESP=1
8658107	42	STIM=e
8667398	42	RESP=1
8676572	42	STIM=7
8681266	42	RESP=2
8691975	42	STIM=9
8700016	42	RESP=2
8710245	42	STIM=e
8717845	42	RESP=1
8725598	42	STIM=c
8731321	42	RESP=1
8741573	42	STIM=6
8746292	42	RESP=1
8758062	42	STIM=1
8764652	42	RESP=2
8773787	42	STIM=h
8779176	42	RESP=1
8792524	42	STIM=8
8799579	42	RESP=2
8810306	42	STIM=e
8814631	42	RESP=1
8825932	42	STIM=q
8831931	42	RESP=1
8843541	42	STIM=y
8847990	42	RESP=1
8861079	42	STIM=0
8872721	42	RESP=2
8879940	42	STIM=4
8887535	42	RESP=2
8898234	42	STIM=z
8902553	42	RESP=1
8915343	42	STIM=p
8920861	42	RESP=1
8933302	42	STIM=t
8938986	42	RESP=1
8950028	42	STIM=g
8955522	42	RESP=1
8968138	42	STIM=s
8973132	42	RESP=1
8983828	42	STIM=v
8988859	42	RESP=1
9001677	42	STIM=3
9009008	42	RESP=2
9019244	42	STIM=a
9027095	42	RESP=2
9035911	42	STIM=r
9040046	42	RESP=1
9051354	42	STIM=2
9058575	42	RESP=2
9067603	42	STIM=j
9072393	42	RESP=1
9084986	42	STIM=z
9090334	42	RESP=1
9100978	42	STIM=o
9104565	42	RESP=1
9116135	42	STIM=n
9120505	42	RESP=1
9134678	42	STIM=n
9141135	42	RESP=1
9149971	42	STIM=f
9157388	42	RESP=1
9166021	42	STIM=s
9172504	42	RESP=2
9184552	42	STIM=v
9191332	42	RESP=1
9200205	42	STIM=i
9203506	42	RESP=1
9218649	42	STIM=z
9222690	42	RESP=1
9235482	42	STIM=r
9239528	42	RESP=1
9252371	42	STIM=a
9257281	42	RESP=1
9267550	42	STIM=g
9272426	42	RESP=1
9283567	42	STIM=u
9290081	42	RESP=1
9298865	42	STIM=f
9305240	42	RESP=1
9316863	42	STIM=9
9325043	42	RESP=1
9332388	42	STIM=w
9337735	42	RESP=1
9350787	42	STIM=w
9355698	42	RESP=2
9366396	42	STIM=o
9370319	42	RESP=1
9383840	42	STIM=v
9388960	42	RESP=2
9399287	42	STIM=o
9403880	42	RESP=1
9415738	42	STIM=l
9424958	42	RESP=1
9432995	42	STIM=6
9440670	42	RESP=1
9451967	42	STIM=o
9456805	42	RESP=1
9468262	42	STIM=m
9471400	42	RESP=1
9484099	42	STIM=a
9490908	42	RESP=1
9501671	42	STIM=1
9508376	42	RESP=2
9519461	42	STIM=0
9525814	42	RESP=2
9535076	42	STIM=p
9539039	42	RESP=1
9553164	42	STIM=9
9559261	42	RESP=2
9571023	42	STIM=o
9576198	42	RESP=1
9589793	42	STIM=i
9593334	42	RESP=1
9606919	42	STIM=o
9613832	42	RESP=1
9624541	42	STIM=3
9631338	42	RESP=2
9640316	42	STIM=w
9643126	42	RESP=1
9658842	42	STIM=z
9672586	42	RESP=1
9673972	42	STIM=u
9677019	42	RESP=1
9690579	42	STIM=b
9694035	42	RESP=1
9708523	42	STIM=i
9720523	42	RESP=1
9724067	42	STIM=o
9731089	42	RESP=1
9739631	42	STIM=r
9745709	42	RESP=1
9755468	42	STIM=q
9760599	42	RESP=1
9773298	42	STIM=4
9786483	42	RESP=1
9791944	42	STIM=1
9795801	42	RESP=2
9807401	42	STIM=v
9813529	42	RESP=1
9823797	42	STIM=m
9829811	42	RESP=1
9842069	42	STIM=g
9849765	42	RESP=1
9857172	42	STIM=l
9864438	42	RESP=1
9872651	42	STIM=g
9876476	42	RESP=1
9891154	42	STIM=p
9895879	42	RESP=1
9906644	42	STIM=q
9909537	42	RESP=1
9922472	42	STIM=w
9929555	42	RESP=1
9940464	42	STIM=k
9944002	42	RESP=1
9956120	42	STIM=k
9962282	42	RESP=2
9973398	42	STIM=g
9978888	42	RESP=1
9991568	42	STIM=u
9996137	42	RESP=1
10010394	42	STIM=j
10015355	42	RESP=1
10028723	42	STIM=f
10034248	42	RESP=1
10043896	42	STIM=t
10051954	42	RESP=1
10060577	42	STIM=u
10064740	42	RESP=1
10078927	42	STIM=b
10085507	42	RESP=1
10094003	42	STIM=x
10100024	42	RESP=1
10111460	42	STIM=b
10117276	42	RESP=1
10127531	42	STIM=k
10131244	42	RESP=1
10144265	42	STIM=x
10152006	42	RESP=1
10161643	42	STIM=u
10164966	42	RESP=1
10179021	42	STIM=t
10185833	42	RESP=1
10194473	42	STIM=7
10200053	42	RESP=1
10212126	42	STIM=n
10216493	42	RESP=1
10229775	42	STIM=n
10234025	42	RESP=2
10248406	42	STIM=1
10257360	42	RESP=2
10264847	42	STIM=c
10271974	42	RESP=1
10280329	42	STIM=9
10288043	42	RESP=2
10297307	42	STIM=e
10303337	42	RESP=1
10316197	42	STIM=x
10321922	42	RESP=1
10331236	42	STIM=t
10344508	42	RESP=1
10346305	42	STIM=0
10352308	42	RESP=2
10362433	42	STIM=l
10368117	42	RESP=1
10381272	42	STIM=v
10389753	42	RESP=1
10398495	42	STIM=9
10405619	42	RESP=2
10413557	42	STIM=1
10417962	42	RESP=2
10432369	42	STIM=a
10437884	42	RESP=1
10450737	42	STIM=i
10458919	42	RESP=1
10467452	42	STIM=y
10473532	42	RESP=1
10483907	42	STIM=m
10488259	42	RESP=2
10501731	42	STIM=m
10505993	42	RESP=1
10520143	42	STIM=w
10527579	42	RESP=1
10536787	42	STIM=q
10542877	42	RESP=1
10552102	42	STIM=s
10558128	42	RESP=1
10569643	42	STIM=h
10573644	42	RESP=1
10587345	42	STIM=6
10591051	42	RESP=2
10604583	42	STIM=3
10615094	42	RESP=2
10620719	42	STIM=0
10627399	42	RESP=2
10636233	42	STIM=v
10640716	42	RESP=1
10653311	42	STIM=p
10660586	42	RESP=1
10670626	42	STIM=4
10681977	42	RESP=2
10688322	42	STIM=2
10692749	42	RESP=2
10703928	42	STIM=e
10709195	42	RESP=1
10721493	42	STIM=h
10727326	42	RESP=1
10736651	42	STIM=v
10741728	42	RESP=2
10752456	42	STIM=9
10757048	42	RESP=2
10768645	42	STIM=b
10773260	42	RESP=2
10784184	42	STIM=2
10791044	42	RESP=2
10801880	42	STIM=q
10804780	42	RESP=1
10818635	42	STIM=4
10828590	42	RESP=2
10836430	42	STIM=y
10843817	42	RESP=1
10851822	42	STIM=s
10854939	42	RESP=2
10866929	42	STIM=c
10871379	42	RESP=1
10883499	42	STIM=7
10890331	42	RESP=2
10901667	42	STIM=k
10906430	42	RESP=1
10917986	42	STIM=3
10924421	42	RESP=2
10934254	42	STIM=3
10941756	42	RESP=2
10951010	42	STIM=u
10959377	42	RESP=1
10966134	42	STIM=x
10971092	42	RESP=1
10984016	42	STIM=p
10991095	42	RESP=1
11002799	42	STIM=t
11006390	42	RESP=1
11020752	42	STIM=7
11027223	42	RESP=2
11039378	42	STIM=n
11049453	42	RESP=1
11054548	42	STIM=j
11064954	42	RESP=1
11071548	42	STIM=m
11074490	42	RESP=1
11086787	42	STIM=r
11096103	42	RESP=1
11105546	42	STIM=e
11111271	42	RESP=1
11124109	42	STIM=o
11129042	42	RESP=1
11139687	42	STIM=b
11147121	42	RESP=1
11158678	42	STIM=m
11165364	42	RESP=1
11174469	42	STIM=o
11179303	42	RESP=1
11190893	42	STIM=y
11194707	42	RESP=1
11206995	42	STIM=w
11212545	42	RESP=1
11222313	42	STIM=s
11227803	42	RESP=1
11240937	42	STIM=s
11247766	42	RESP=1
11258238	42	STIM=7
11264856	42	RESP=2
11276760	42	STIM=p
11280703	42	RESP=1
11292211	42	STIM=c
11298009	42	RESP=1
11307613	42	STIM=e
11314244	42	RESP=1
11323938	42	STIM=l
11326905	42	RESP=1
11341992	42	STIM=m
11347088	42	RESP=1
11359963	42	STIM=j
11363757	42	RESP=2
11375012	42	STIM=t
11378256	42	RESP=1
11392061	42	STIM=j
11397039	42	RESP=1
11409793	42	STIM=k
11418021	42	RESP=1
11425066	42	STIM=i
11430018	42	RESP=2
11441508	42	STIM=i
11447623	42	RESP=1
11459553	42	STIM=1
11465172	42	RESP=2
11475222	42	STIM=u
11479204	42	RESP=1
11490876	42	STIM=g
11494640	42	RESP=1
11509358	42	STIM=u
11513335	42	RESP=1
11525171	42	STIM=q
11529412	42	RESP=1
11542729	42	STIM=o
11550665	42	RESP=1
11560187	42	STIM=u
11567766	42	RESP=1
11576548	42	STIM=i
11580613	42	RESP=1
11593087	42	STIM=1
11597964	42	RESP=1
11609701	42	STIM=k
11615524	42	RESP=1
11626019	42	STIM=r
11630018	42	RESP=1
11644727	42	STIM=r
11656402	42	RESP=1
11663118	42	STIM=7
11667587	42	RESP=2
11681742	42	STIM=b
11686669	42	RESP=1
11698053	42	STIM=9
11704302	42	RESP=1
11713603	42	STIM=d
11724046	42	RESP=1
11732070	42	STIM=a
11740961	42	RESP=1
11748805	42	STIM=i
11754775	42	RESP=1
11766776	42	STIM=z
11774414	42	RESP=1
11785704	42	STIM=4
11791182	42	RESP=2
11804048	42	STIM=k
11807724	42	RESP=1
11822654	42	STIM=u
11829165	42	RESP=1
11838147	42	STIM=g
11845609	42	RESP=1
11856846	42	STIM=x
11865924	42	RESP=1
11873594	42	STIM=x
11878685	42	RESP=1
11888705	42	STIM=v
11892979	42	RESP=2
11904892	42	STIM=f
11910586	42	RESP=1
11922198	42	STIM=q
11928226	42	RESP=1
11938914	42	STIM=0
11943476	42	RESP=2
11953967	42	STIM=y
11960214	42	RESP=1
11971314	42	STIM=a
11978677	42	RESP=1
11989081	42	STIM=f
11993243	42	RESP=1
12007368	42	STIM=k
12016910	42	RESP=1
12023862	42	STIM=f
12032046	42	RESP=1
12041361	42	STIM=3
12048504	42	RESP=2
12059126	42	STIM=a
12067832	42	RESP=2
12076091	42	STIM=1
12082141	42	RESP=2
12093363	42	STIM=e
12101708	42	RESP=1
12110003	42	STIM=c
12113241	42	RESP=1
12125310	42	STIM=1
12129536	42	RESP=2
12143452	42	STIM=y
12149055	42	RESP=1
12158663	42	STIM=y
12166796	42	RESP=1
12176935	42	STIM=u
12184066	42	RESP=1
12192190	42	STIM=v
12198774	42	RESP=1
12210079	42	STIM=o
12221504	42	RESP=1
12228299	42	STIM=q
12234136	42	RESP=1
12244179	42	STIM=b
12249729	42	RESP=1
12261496	42	STIM=e
12265021	42	RESP=2
12279358	42	STIM=f
12282681	42	RESP=1
12297643	42	STIM=8
12303001	42	RESP=2
12313553	42	STIM=l
12319598	42	RESP=1
12331919	42	STIM=m
12337051	42	RESP=1
12348019	42	STIM=3
12353281	42	RESP=2
12363131	42	STIM=k
12367209	42	RESP=1
12378968	42	STIM=9
12383762	42	RESP=2
12396281	42	STIM=w
12403663	42	RESP=2
12413931	42	STIM=m
12417069	42	RESP=1
12429975	42	STIM=u
12435284	42	RESP=1
12448425	42	STIM=t
12453795	42	RESP=1
12465041	42	STIM=j
12470715	42	RESP=1
12482962	42	STIM=q
12487253	42	RESP=1
12501685	42	STIM=m
12515314	42	RESP=2
12520535	42	STIM=p
12528686	42	RESP=1
12537165	42	STIM=p
12543460	42	RESP=1
12553754	42	STIM=a
12563528	42	RESP=1
12570007	42	STIM=9
12579850	42	RESP=2
12588568	42	STIM=q
12592369	42	RESP=1
12606463	42	STIM=i
12610816	42	RESP=1
12625134	42	STIM=f
12631123	42	RESP=1
12642806	42	STIM=8
12652236	42	RESP=1
12660701	42	STIM=9
12665715	42	RESP=2
12676402	42	STIM=c
12683533	42	RESP=1
12691776	42	STIM=2
12695984	42	RESP=2
12707313	42	STIM=d
12714399	42	RESP=1
12723804	42	STIM=f
12733385	42	RESP=1
12741679	42	STIM=a
12749260	42	RESP=2
12758771	42	STIM=7
12763023	42	RESP=2
12777027	42	STIM=g
12781165	42	RESP=1
12795712	42	STIM=3
12803553	42	RESP=2
12812300	42	STIM=t
12817316	42	RESP=1
12827412	42	STIM=n
12832016	42	RESP=1
12844535	42	STIM=x
12849264	42	RESP=1
12863033	42	STIM=b
12867128	42	RESP=1
12878512	42	STIM=6
12883728	42	RESP=2
12896307	42	STIM=x
12908537	42	RESP=1
12913435	42	STIM=j
12920933	42	RESP=1
12928970	42	STIM=m
12933526	42	RESP=1
12947645	42	STIM=9
12953345	42	RESP=2
12965692	42	STIM=4
12982581	42	RESP=2
12982681	42	STIM=z
12988572	42	RESP=1
12998526	42	STIM=1
13007668	42	RESP=2
13015608	42	STIM=n
13019873	42	RESP=1
13031439	42	STIM=z
13038014	42	RESP=1
13049720	42	STIM=i
13054989	42	RESP=1
13065540	42	STIM=o
13068941	42	RESP=1
13083575	42	STIM=l
13086999	42	RESP=1
13101049	42	STIM=1
13106510	42	RESP=2
13118116	42	STIM=r
13121291	42	RESP=1
13134011	42	STIM=a
13137036	42	RESP=1
13150725	42	STIM=a
13155912	42	RESP=1
13168790	42	STIM=v
13171911	42	RESP=1
13185478	42	STIM=v
13197947	42	RESP=1
13202808	42	STIM=t
13213396	42	RESP=1
13218154	42	STIM=1
13224760	42	RESP=2
13234089	42	STIM=s
13237168	42	RESP=1
13249201	42	STIM=f
13259337	42	RESP=1
13267396	42	STIM=c
13279021	42	RESP=1
13282999	42	STIM=h
13286322	42	RESP=1
13300811	42	STIM=r
13304777	42	RESP=1
13317827	42	STIM=p
13325764	42	RESP=1
13334742	42	STIM=s
13342196	42	RESP=1
13352030	42	STIM=v
13355704	42	RESP=1
13368351	42	STIM=f
13380199	42	RESP=1
13383789	42	STIM=i
13390303	42	RESP=1
13400229	42	STIM=7
13404038	42	RESP=2
13418854	42	STIM=n
13424961	42	RESP=1
13436535	42	STIM=d
13439766	42	RESP=1
13453156	42	STIM=l
13459451	42	RESP=1
13472020	42	STIM=k
13479362	42	RESP=1
13488355	42	STIM=n
13493640	42	RESP=1
13505441	42	STIM=2
13511915	42	RESP=2
13524332	42	STIM=e
13531756	42	RESP=1
13543114	42	STIM=3
13548894	42	RESP=2
13560783	42	STIM=d
13565911	42	RESP=2
13577161	42	STIM=1
13583966	42	RESP=2
13593195	42	STIM=g
13596690	42	RESP=1
13608632	42	STIM=y
13612657	42	RESP=1
13625384	42	STIM=m
13628465	42	RESP=1
13641124	42	STIM=9
13645790	42	RESP=2
13657087	42	STIM=9
13663382	42	RESP=2
13673397	42	STIM=2
13677703	42	RESP=2
13689398	42	STIM=8
13701657	42	RESP=2
13705909	42	STIM=0
13711580	42	RESP=2
13721876	42	STIM=r
13725150	42	RESP=1
13738585	42	STIM=g
13743227	42	RESP=1
13755319	42	STIM=g
13763633	42	RESP=2
13771829	42	STIM=f
13776926	42	RESP=1
13790617	42	STIM=h
13795758	42	RESP=1
13806490	42	STIM=z
13810458	42	RESP=1
13824025	42	STIM=5
13830176	42	RESP=2
13839480	42	STIM=x
13845413	42	RESP=1
13855557	42	STIM=5
13859595	42	RESP=2
13871510	42	STIM=b
13877520	42	RESP=1
13889281	42	STIM=0
13895186	42	RESP=2
13904576	42	STIM=q
13909162	42	RESP=1
13921082	42	STIM=a
13928110	42	RESP=1
13936704	42	STIM=0
13944312	42	RESP=2
13955493	42	STIM=x
13960100	42	RESP=1
13970882	42	STIM=j
13981620	42	RESP=1
13986147	42	STIM=c
13990925	42	RESP=1
14003086	42	STIM=1
14009469	42	RESP=2
14019455	42	STIM=8
14023440	42	RESP=2
14036168	42	STIM=4
14042654	42	RESP=1
14053669	42	STIM=c
14061005	42	RESP=1
14070457	42	STIM=v
14079324	42	RESP=1
14088241	42	STIM=a
14094210	42	RESP=1
14103554	42	STIM=f
14110851	42	RESP=1
14121888	42	STIM=r
14125474	42	RESP=1
14140651	42	STIM=2
14147912	42	RESP=2
14156406	42	STIM=9
14165895	42	RESP=2
14174459	42	STIM=p
14179270	42	RESP=1
14191915	42	STIM=p
14200283	42	RESP=1
14208870	42	STIM=s
14216272	42	RESP=1
14226428	42	STIM=f
14230704	42	RESP=1
14245243	42	STIM=r
14252200	42	RESP=2
14261543	42	STIM=a
14265452	42	RESP=1
14277554	42	STIM=l
14282757	42	RESP=1
14292948	42	STIM=i
14298988	42	RESP=1
14309874	42	STIM=f
14318285	42	RESP=1
14328856	42	STIM=s
14333628	42	RESP=1
14345009	42	STIM=v
14348810	42	RESP=1
14360770	42	STIM=5
14367535	42	RESP=2
14377109	42	STIM=u
14381384	42	RESP=1
14392893	42	STIM=5
14401433	42	RESP=1
14409384	42	STIM=l
14414338	42	RESP=1
14424532	42	STIM=h
14432796	42	RESP=1
14440200	42	STIM=i
14455361	42	RESP=1
14457501	42	STIM=u
14464385	42	RESP=1
14473862	42	STIM=z
14480032	42	RESP=1
14490768	42	STIM=d
14496290	42	RESP=1
14507386	42	STIM=r
14521123	42	RESP=1
14522913	42	STIM=d
14525946	42	RESP=2
14538494	42	STIM=a
14543436	42	RESP=1
14555778	42	STIM=y
14564569	42	RESP=1
14571437	42	STIM=g
14578273	42	RESP=1
14589772	42	STIM=x
14598795	42	RESP=1
14607550	42	STIM=e
14613559	42	RESP=1
14623720	42	STIM=o
14630712	42	RESP=1
14642480	42	STIM=9
14650052	42	RESP=2
14659034	42	STIM=p
14667215	42	RESP=1
14674464	42	STIM=p
14681749	42	RESP=1
14692965	42	STIM=t
14696411	42	RESP=1
14711160	42	STIM=c
14715250	42	RESP=1
14729938	42	STIM=n
14736229	42	RESP=1
14747604	42	STIM=w
14754354	42	RESP=1
14763161	42	STIM=z
14767320	42	RESP=1
14779488	42	STIM=i
14785986	42	RESP=1
14798196	42	STIM=z
14803186	42	RESP=1
14815024	42	STIM=j
14818593	42	RESP=1
14831457	42	STIM=o
14837858	42	RESP=1
14848269	42	STIM=a
14854854	42	RESP=1
14865247	42	STIM=2
14871258	42	RESP=2
14883583	42	STIM=p
14896374	42	RESP=1
14900455	42	STIM=c
14906706	42	RESP=1
14916539	42	STIM=6
14924406	42	RESP=2
14934508	42	STIM=n
14941361	42	RESP=1
14951638	42	STIM=m
14957517	42	RESP=1
14970472	42	STIM=g
14979718	42	RESP=1
14985894	42	STIM=2
14992530	42	RESP=2
15004245	42	STIM=6
15014041	42	RESP=1
15019744	42	STIM=t
15023259	42	RESP=1
15035590	42	STIM=v
15041374	42	RESP=1
15051741	42	STIM=1
15057383	42	RESP=2
15068707	42	STIM=d
15081251	42	RESP=1
15087174	42	STIM=d
15091150	42	RESP=1
15103009	42	STIM=u
15109260	42	RESP=1
15120115	42	STIM=2
15127772	42	RESP=2
15136843	42	STIM=s
15141824	42	RESP=1
15152007	42	STIM=p
15155672	42	RESP=1
15170749	42	STIM=d
15176225	42	RESP=1
15187382	42	STIM=8
15191749	42	RESP=2
15205749	42	STIM=i
15208749	42	RESP=1
15224000	42	STIM=y
15227343	42	RESP=1
15239248	42	STIM=n
15244159	42	RESP=1
15256665	42	STIM=j
15259673	42	RESP=1
15272378	42	STIM=h
15277922	42	RESP=1
15288927	42	STIM=4
15297534	42	RESP=2
15303952	42	STIM=c
15311222	42	RESP=1
15322925	42	STIM=n
15327155	42	RESP=1
15341122	42	STIM=p
15345551	42	RESP=1
15357560	42	STIM=o
15360876	42	RESP=1
15373151	42	STIM=p
15376552	42	RESP=1
15391391	42	STIM=j
15398104	42	RESP=1
15407031	42	STIM=c
15413341	42	RESP=1
15422713	42	STIM=5
15429682	42	RESP=2
15439380	42	STIM=p
15443758	42	RESP=1
15456840	42	STIM=j
15463645	42	RESP=2
15472397	42	STIM=k
15480065	42	RESP=1
15490701	42	STIM=4
15494133	42	RESP=2
15508340	42	STIM=b
15513439	42	RESP=1
15523736	42	STIM=s
15531280	42	RESP=1
15542263	42	STIM=v
15547181	42	RESP=1
15559794	42	STIM=t
15563826	42	RESP=1
15576376	42	STIM=5
15581990	42	RESP=2
15594429	42	STIM=q
15600866	42	RESP=1
15611766	42	STIM=9
15617834	42	RESP=2
15628172	42	STIM=f
15631878	42	RESP=1
15645352	42	STIM=4
15649333	42	RESP=2
15660533	42	STIM=q
15665351	42	RESP=1
15677187	42	STIM=k
15681735	42	RESP=1
15692459	42	STIM=e
15696884	42	RESP=1
15710508	42	STIM=m
15715476	42	RESP=1
15727319	42	STIM=q
15731370	42	RESP=1
15743102	42	STIM=d
15746989	42	RESP=1
15760424	42	STIM=9
15768004	42	RESP=2
15775471	42	STIM=q
15783506	42	RESP=1
15792181	42	STIM=n
15797197	42	RESP=1
15810157	42	STIM=g
15815646	42	RESP=2
15825515	42	STIM=5
15832202	42	RESP=2
15842063	42	STIM=g
15848189	42	RESP=1
15860880	42	STIM=a
15866252	42	RESP=1
15877875	42	STIM=1
15882586	42	RESP=2
15893098	42	STIM=v
15898910	42	RESP=1
15909494	42	STIM=2
15916789	42	RESP=2
15924738	42	STIM=8
15933392	42	RESP=1
15941127	42	STIM=q
15949010	42	RESP=1
15958845	42	STIM=z
15963167	42	RESP=1
15974988	42	STIM=s
15979310	42	RESP=1
15990222	42	STIM=x
15999669	42	RESP=1
16008118	42	STIM=q
16013428	42	RESP=1
16025090	42	STIM=s
16027887	42	RESP=2
16042595	42	STIM=n
16048758	42	RESP=2
16060765	42	STIM=n
16066644	42	RESP=1
16075942	42	STIM=2
16082102	42	RESP=2
16094592	42	STIM=e
16101575	42	RESP=1
16111908	42	STIM=g
16115939	42	RESP=1
16127008	42	STIM=i
16134097	42	RESP=1
16142055	42	STIM=1
16147161	42	RESP=1
16157958	42	STIM=w
16163235	42	RESP=1
16173670	42	STIM=v
16177661	42	RESP=1
16190424	42	STIM=h
16193986	42	RESP=1
16209093	42	STIM=9
16217345	42	RESP=1
16224890	42	STIM=q
16232396	42	RESP=1
16240462	42	STIM=b
16247254	42	RESP=1
16255586	42	STIM=o
16259163	42	RESP=1
16274211	42	STIM=i
16281392	42	RESP=1
16291775	42	STIM=a
16297441	42	RESP=1
16308812	42	STIM=o
16313449	42	RESP=1
16326009	42	STIM=b
16332742	42	RESP=1
16341963	42	STIM=4
16347687	42	RESP=2
16359406	42	STIM=t
16365738	42	RESP=1
16375744	42	STIM=l
16380473	42	RESP=1
16392043	42	STIM=n
16395703	42	RESP=1
16407270	42	STIM=c
16412316	42	RESP=1
16425367	42	STIM=x
16431042	42	RESP=1
16444343	42	STIM=u
16450717	42	RESP=1
16462773	42	STIM=6
16469251	42	RESP=2
16479711	42	STIM=t
16489421	42	RESP=1
16494752	42	STIM=o
16499645	42	RESP=2
16509841	42	STIM=j
16516668	42	RESP=1
16525573	42	STIM=v
16531835	42	RESP=1
16540917	42	STIM=v
16545092	42	RESP=1
16557435	42	STIM=v
16563600	42	RESP=1
16575277	42	STIM=y
16577758	42	RESP=1
16593789	42	STIM=e
16596411	42	RESP=1
16609965	42	STIM=j
16615839	42	RESP=1
16626153	42	STIM=q
16633424	42	RESP=1
16645103	42	STIM=d
16653651	42	RESP=1
16662514	42	STIM=r
16669011	42	RESP=1
16679826	42	STIM=c
16685025	42	RESP=1
16698383	42	STIM=7
16707724	42	RESP=2
16715666	42	STIM=b
16718867	42	RESP=1
16733452	42	STIM=g
16739621	42	RESP=1
16749400	42	STIM=f
16752265	42	RESP=1
16765703	42	STIM=x
16773361	42	RESP=1
16783222	42	STIM=9
16790208	42	RESP=2
16800927	42	STIM=f
16806302	42	RESP=1
16816047	42	STIM=u
16820854	42	RESP=1
16834947	42	STIM=c
16841211	42	RESP=1
16853634	42	STIM=z
16856655	42	RESP=1
16868826	42	STIM=y
16876153	42	RESP=1
16884898	42	STIM=y
16889706	42	RESP=1
16902808	42	STIM=q
16913289	42	RESP=1
16919912	42	STIM=z
16926807	42	RESP=1
16937557	42	STIM=u
16942571	42	RESP=1
16954485	42	STIM=6
16967107	42	RESP=2
16972953	42	STIM=d
16977498	42	RESP=1
16991119	42	STIM=j
16999153	42	RESP=1
17008390	42	STIM=0
17013136	42	RESP=2
17023400	42	STIM=z
17027401	42	RESP=1
17040053	42	STIM=c
17043598	42	RESP=1
17055326	42	STIM=0
17062218	42	RESP=2
17072031	42	STIM=y
17076092	42	RESP=1
17090483	42	STIM=o
17096266	42	RESP=1
17105961	42	STIM=4
17113083	42	RESP=2
17121720	42	STIM=l
17127078	42	RESP=1
17139957	42	STIM=q
17144555	42	RESP=1
17157873	42	STIM=h
17162987	42	RESP=1
17173174	42	STIM=i
17177417	42	RESP=1
17189204	42	STIM=1
17196280	42	RESP=2
17205349	42	STIM=v
17210593	42	RESP=1
17224014	42	STIM=4
17231332	42	RESP=2
17239558	42	STIM=g
17242404	42	RESP=1
17256918	42	STIM=4
17273326	42	RESP=2
17274837	42	STIM=f
17278476	42	RESP=2
17290993	42	STIM=l
17298333	42	RESP=1
17306108	42	STIM=o
17314033	42	RESP=1
17324162	42	STIM=q
17330609	42	RESP=1
17342275	42	STIM=m
17353119	42	RESP=2
17358313	42	STIM=e
17362436	42	RESP=1
17375060	42	STIM=x
17379141	42	RESP=1
17393819	42	STIM=d
17400756	42	RESP=1
17409922	42	STIM=c
17413556	42	RESP=1
17427556	42	STIM=o
17433520	42	RESP=1
17444630	42	STIM=a
17450350	42	RESP=1
17461349	42	STIM=y
17464772	42	RESP=1
17478293	42	STIM=6
17483877	42	RESP=1
17493849	42	STIM=x
17498334	42	RESP=1
17510624	42	STIM=6
17518876	42	RESP=2
17526197	42	STIM=h
17536743	42	RESP=1
17541268	42	STIM=o
17545961	42	RESP=1
17558559	42	STIM=9
17563609	42	RESP=2
17577134	42	STIM=d
17587138	42	RESP=1
17594785	42	STIM=0
17604661	42	RESP=2
17611240	42	STIM=7
17616834	42	RESP=2
17627797	42	STIM=o
17630648	42	RESP=1
17645721	42	STIM=d
17653157	42	RESP=1
17661261	42	STIM=z
17670718	42	RESP=1
17678150	42	STIM=3
17686420	42	RESP=2
17696718	42	STIM=a
17703403	42	RESP=1
17713740	42	STIM=x
17717863	42	RESP=1
17729983	42	STIM=5
17734907	42	RESP=2
17745790	42	STIM=9
17750751	42	RESP=2
17763737	42	STIM=w
17766930	42	RESP=1
17781864	42	STIM=6
17794315	42	RESP=2
17800214	42	STIM=v
17811106	42	RESP=1
17815276	42	STIM=a
17818068	42	RESP=1
17833567	42	STIM=o
17837263	42	RESP=1
17851652	42	STIM=r
17861016	42	RESP=1
17870117	42	STIM=g
17874688	42	RESP=2
17887653	42	STIM=j
17895758	42	RESP=1
17902810	42	STIM=f
17907341	42	RESP=1
17920427	42	STIM=e
17929297	42	RESP=1
17938722	42	STIM=f
17944984	42	RESP=2
17956744	42	STIM=l
17961092	42	RESP=1
17972352	42	STIM=r
17981572	42	RESP=2
17990580	42	STIM=2
17994879	42	RESP=2
18005993	42	STIM=s
18011649	42	RESP=1
18023052	42	STIM=z
18026450	42	RESP=1
18038968	42	STIM=w
18044675	42	RESP=1
18056179	42	STIM=a
18061918	42	RESP=2
18072783	42	STIM=p
18075238	42	RESP=1
18090260	42	STIM=n
18093818	42	RESP=1
18106968	42	STIM=k
18112093	42	RESP=1
18123331	42	STIM=e
18131030	42	RESP=2
18138612	42	STIM=y
18144900	42	RESP=1
18155344	42	STIM=s
18158352	42	RESP=1
18172340	42	STIM=h
18177181	42	RESP=1
18191014	42	STIM=b
18200806	42	RESP=1
18209112	42	STIM=v
18212497	42	RESP=1
18224614	42	STIM=a
18228216	42	RESP=1
18242226	42	STIM=g
18246485	42	RESP=1
18257869	42	STIM=h
18265696	42	RESP=1
18275380	42	STIM=6
18281393	42	RESP=2
18294059	42	STIM=t
18303904	42	RESP=1
18310680	42	STIM=r
18318226	42	RESP=1
18326784	42	STIM=i
18332064	42	RESP=1
18341823	42	STIM=f
18349366	42	RESP=1
18357978	42	STIM=d
18361905	42	RESP=1
18374784	42	STIM=s
18377525	42	RESP=1
18391883	42	STIM=n
18398655	42	RESP=1
18410194	42	STIM=w
18414468	42	RESP=1
18429136	42	STIM=3
18436404	42	RESP=1
18445997	42	STIM=w
18453380	42	RESP=1
18464848	42	STIM=k
18472353	42	RESP=1
18482714	42	STIM=7
18488780	42	RESP=2
18500803	42	STIM=b
18507420	42	RESP=1
18518445	42	STIM=0
18524925	42	RESP=2
18534155	42	STIM=o
18541571	42	RESP=1
18550821	42	STIM=v
18558731	42	RESP=1
18567129	42	STIM=1
18571440	42	RESP=2
18583483	42	STIM=w
18586994	42	RESP=2
18598809	42	STIM=2
18603625	42	RESP=2
18614553	42	STIM=o
18618775	42	RESP=2
18631698	42	STIM=9
18639637	42	RESP=1
18648154	42	STIM=i
18653885	42	RESP=1
18664479	42	STIM=x
18669380	42	RESP=1
18681032	42	STIM=y
18685373	42	RESP=1
18697478	42	STIM=c
18708346	42	RESP=1
18712834	42	STIM=n
18718452	42	RESP=1
18729503	42	STIM=t
18738493	42	RESP=1
18747266	42	STIM=v
18752430	42	RESP=1
18763408	42	STIM=2
18767654	42	RESP=2
18780019	42	STIM=a
18785002	42	RESP=1
18797919	42	STIM=x
18806075	42	RESP=1
18814923	42	STIM=j
18823539	42	RESP=1
18833900	42	STIM=n
18837341	42	RESP=2
18849396	42	STIM=k
18855342	42	RESP=1
18867020	42	STIM=i
18876241	42	RESP=1
18883089	42	STIM=z
18889021	42	RESP=1
18901970	42	STIM=t
18907426	42	RESP=1
18917863	42	STIM=a
18923249	42	RESP=1
18935872	42	STIM=1
18941598	42	RESP=2
18953703	42	STIM=v
18957878	42	RESP=1
18971761	42	STIM=d
18975238	42	RESP=1
18989192	42	STIM=o
18998142	42	RESP=1
19004547	42	STIM=a
19014526	42	RESP=1
19021842	42	STIM=o
19028623	42	RESP=1
19039667	42	STIM=i
19047495	42	RESP=2
19057821	42	STIM=r
19061403	42	RESP=1
19076341	42	STIM=n
19081460	42	RESP=1
19092829	42	STIM=e
19098564	42	RESP=1
19109609	42	STIM=l
19115626	42	RESP=1
19127528	42	STIM=l
19131468	42	RESP=1
19145552	42	STIM=p
19151444	42	RESP=1
19160902	42	STIM=a
19171495	42	RESP=1
19176942	42	STIM=c
19181259	42	RESP=1
19193154	42	STIM=i
19202501	42	RESP=1
19210402	42	STIM=2
19215704	42	RESP=2
19226541	42	STIM=d
19229487	42	RESP=1
19245505	42	STIM=s
19250156	42	RESP=1
19264077	42	STIM=f
19267974	42	RESP=1
19282897	42	STIM=5
19289513	42	RESP=2
19297968	42	STIM=v
19308371	42	RESP=1
19314399	42	STIM=0
19324843	42	RESP=2
19331868	42	STIM=m
19335119	42	RESP=1
19347515	42	STIM=s
19353020	42	RESP=1
19365399	42	STIM=l
19370741	42	RESP=1
19381564	42	STIM=t
19386185	42	RESP=1
19397332	42	STIM=a
19400364	42	RESP=1
19412417	42	STIM=c
19416091	42	RESP=1
19428390	42	STIM=t
19434972	42	RESP=1
19447230	42	STIM=c
19452560	42	RESP=2
19463474	42	STIM=a
19472140	42	RESP=1
19481623	42	STIM=p
19493013	42	RESP=1
19499990	42	STIM=y
19507330	42	RESP=1
19516006	42	STIM=z
19521648	42	RESP=1
19531163	42	STIM=r
19534250	42	RESP=1
19550130	42	STIM=f
19555400	42	RESP=1
19565380	42	STIM=w
19573586	42	RESP=1
19580880	42	STIM=o
19584553	42	RESP=1
19599100	42	STIM=k
19605129	42	RESP=1
19616452	42	STIM=c
19620286	42	RESP=1
19634013	42	STIM=6
19640524	42	RESP=2
19650939	42	STIM=1
19658414	42	RESP=2
19666890	42	STIM=t
19678413	42	RESP=2
19685241	42	STIM=k
19691904	42	RESP=1
19702501	42	STIM=l
19708792	42	RESP=1
19720843	42	STIM=u
19727246	42	RESP=1
19738509	42	STIM=1
19743760	42	RESP=2
19757232	42	STIM=z
19761324	42	RESP=1
19773455	42	STIM=o
19777789	42	RESP=1
19789399	42	STIM=m
19795473	42	RESP=1
19808394	42	STIM=p
19815684	42	RESP=2
19824144	42	STIM=b
19827285	42	RESP=1
19841803	42	STIM=c
19850359	42	RESP=1
19857197	42	STIM=x
19862968	42	RESP=1
19875569	42	STIM=k
19886674	42	RESP=1
19891396	42	STIM=a
19898398	42	RESP=1
19909290	42	STIM=p
19917734	42	RESP=1
19927855	42	STIM=b
19932636	42	RESP=1
19944889	42	STIM=j
19948536	42	RESP=1
19963573	42	STIM=4
19978977	42	RESP=1
19979077	42	STIM=u
19984941	42	RESP=1
19995599	42	STIM=7
20001284	42	RESP=2
20013848	42	STIM=t
20019699	42	RESP=1
20031627	42	STIM=f
20034639	42	RESP=1
20049395	42	STIM=i
20052336	42	RESP=1
20068083	42	STIM=2
20074054	42	RESP=2
20083544	42	STIM=4
20093587	42	RESP=2
20100098	42	STIM=a
20106328	42	RESP=1
20115897	42	STIM=n
20123604	42	RESP=2
20133047	42	STIM=p
20138142	42	RESP=1
20148933	42	STIM=h
20153090	42	RESP=2
20165147	42	STIM=j
20170337	42	RESP=1
20182270	42	STIM=q
20191654	42	RESP=1
20201054	42	STIM=m
20206345	42	RESP=1
20218794	42	STIM=u
20223925	42	RESP=1
20237542	42	STIM=k
20241399	42	RESP=1
20253555	42	STIM=z
20264003	42	RESP=1
20271768	42	STIM=y
20275749	42	RESP=1
20287109	42	STIM=v
20293573	42	RESP=1
20306074	42	STIM=w
20313782	42	RESP=1
20321192	42	STIM=0
20327067	42	RESP=2
20336828	42	STIM=9
20344890	42	RESP=2
20355034	42	STIM=o
20361133	42	RESP=1
20372499	42	STIM=k
20376646	42	RESP=1
20391424	42	STIM=s
20397244	42	RESP=1
20408166	42	STIM=n
20411147	42	RESP=1
20426049	42	STIM=8
20433523	42	RESP=2
20442824	42	STIM=h
20449416	42	RESP=1
20459295	42	STIM=o
20463624	42	RESP=1
20477934	42	STIM=d
20484169	42	RESP=1
20496279	42	STIM=y
20502747	42	RESP=2
20515153	42	STIM=d
20519952	42	RESP=1
20533160	42	STIM=d
20536983	42	RESP=1
20550090	42	STIM=2
20558977	42	RESP=2
20567595	42	STIM=a
20570464	42	RESP=1
20583050	42	STIM=y
20586442	42	RESP=1
20600293	42	STIM=z
20609883	42	RESP=1
20616366	42	STIM=q
20619944	42	RESP=1
20634928	42	STIM=q
20639471	42	RESP=1
20652672	42	STIM=p
20657127	42	RESP=1
20671223	42	STIM=n
20677389	42	RESP=1
20687105	42	STIM=y
20697149	42	RESP=1
20704847	42	STIM=n
20708644	42	RESP=1
20723066	42	STIM=q
20725821	42	RESP=1
20739991	42	STIM=j
20742940	42	RESP=1
20758421	42	STIM=u
20767332	42	RESP=2
20776366	42	STIM=d
20779834	42	RESP=1
20791543	42	STIM=3
20798208	42	RESP=2
20808526	42	STIM=i
20816773	42	RESP=1
20824352	42	STIM=l
20836867	42	RESP=1
20841407	42	STIM=o
20846691	42	RESP=1
20856753	42	STIM=x
20863619	42	RESP=1
20874568	42	STIM=u
20878317	42	RESP=1
20890019	42	STIM=5
20897374	42	RESP=2
20908633	42	STIM=3
20913018	42	RESP=2
20925979	42	STIM=n
20929980	42	RESP=1
20944167	42	STIM=6
20950074	42	RESP=2
20962504	42	STIM=o
20967650	42	RESP=1
20981459	42	STIM=d
20984857	42	RESP=1
20997378	42	STIM=m
21010655	42	RESP=1
21014420	42	STIM=f
21020912	42	RESP=1
21030662	42	STIM=c
21037357	42	RESP=1
21049084	42	STIM=n
21053337	42	RESP=1
21064466	42	STIM=r
21071388	42	RESP=1
21080425	42	STIM=j
21086139	42	RESP=1
21095577	42	STIM=8
21104062	42	RESP=2
21113097	42	STIM=g
21117295	42	RESP=1
21128811	42	STIM=l
21142784	42	RESP=1
21146426	42	STIM=o
21150889	42	RESP=1
21164484	42	STIM=7
21171887	42	RESP=2
21180501	42	STIM=h
21185376	42	RESP=1
21198279	42	STIM=k
21209038	42	RESP=1
21217260	42	STIM=1
21222132	42	RESP=2
21234430	42	STIM=l
21244432	42	RESP=1
21251543	42	STIM=6
21257003	42	RESP=2
21268329	42	STIM=s
21272703	42	RESP=1
21287165	42	STIM=5
21295923	42	RESP=2
21304896	42	STIM=j
21316569	42	RESP=1
21321101	42	STIM=0
21328537	42	RESP=2
21339191	42	STIM=y
21344492	42	RESP=1
21355457	42	STIM=l
21361992	42	RESP=1
21371461	42	STIM=2
21375849	42	RESP=2
21387566	42	STIM=i
21394207	42	RESP=1
21405580	42	STIM=x
21410274	42	RESP=2
21422148	42	STIM=6
21432781	42	RESP=2
21437241	42	STIM=9
21444160	42	RESP=2
21454630	42	STIM=k
21461403	42	RESP=1
21473244	42	STIM=7
21481301	42	RESP=2
21490851	42	STIM=v
21504589	42	RESP=1
21507734	42	STIM=u
21511585	42	RESP=1
21526249	42	STIM=0
21533950	42	RESP=2
21544440	42	STIM=k
21551527	42	RESP=1
21560202	42	STIM=k
21569096	42	RESP=1
21577588	42	STIM=h
21582246	42	RESP=1
21595454	42	STIM=o
21600112	42	RESP=1
21611047	42	STIM=2
21615832	42	RESP=2
21628831	42	STIM=u
21632595	42	RESP=1
21646829	42	STIM=x
21655178	42	RESP=1
21665798	42	STIM=f
21669473	42	RESP=1
21684063	42	STIM=l
21687974	42	RESP=1
21700155	42	STIM=2
21708226	42	RESP=2
21717702	42	STIM=o
21722401	42	RESP=1
